ClioInput - version @@VERSION@@ - build @@BUILD@@ @@DATE@@
13-6-2019 22-49

Processing data file eleicoes3.cli
-------------------------------------------
Generic Act translation module with geoentities (XML).
     Joaquim Ramos de Carvalho (joaquim@uc.pt) 
** New document: kleio
1: kleio$gacto2.str/translations=2
=========================
kleio translation started
=========================
Structure: gacto2.str
Prefix: 
Autorel: 
Translation count: 2
Obs: 
2:    fonte$mis mesa3/tipo=livro de eleicoes datas/localizacao=arquivo da santa casa da misericordia de soure
3: 
** Processing source fonte$mis mesa3
4:       amz$amz1/02/07/1853/11/resumo=termo de eleicao de irmaos da mesa/obs=por nao ser suficiente o numerode irmaos para a eleicao continua a mesma mesa para mais um ano menos o escrivao joseteodorico barbosa pelos seus muitos afazeres
5: 
6: amz$amz1
6:          eleito$joao luis carreira/id=amz1-per1
7:             ls$cargo/mordomo
8: 
9:          eleito$jose antonio de figueiredo/id=amz1-per2
10:             ls$cargo/capelao da santa casa da misericordia
11:             ls$profissao/padre
12:             ls$titulo/reverendo
13: 
14:          eleito$jose maria da costa novais/id=amz1-per3
15:             ls$cargo/mordomo
16: 
17:          eleito$fortunato antonio de freitas/id=amz1-per4
18:             ls$cargo/irmao da mesa
19: 
20:          eleito$jose goncalves machado/id=amz1-per5
21:             ls$cargo/irmao da mesa
22: 
23:          eleito$joao pedroso dos santos/id=amz1-per6
24:             ls$cargo/irmao da mesa
25: 
26:          eleito$luis antonio da rocha/id=amz1-per7
27:             ls$cargo/irmao da mesa
28: 
29:          eleito$manuel jose coelho de campos/id=amz1-per8
30:             ls$cargo/irmao da mesa
31: 
32:          eleito$francisco lopes monteiro/id=amz1-per9
33:             ls$cargo/irmao da mesa
34: 
35:          eleito$manuel antunes cardoso/id=amz1-per10
36:             ls$cargo/irmao da mesa
37: 
38:          eleito$manuel antonio martins pereira/id=amz1-per11
39:             ls$cargo/irmao da mesa
40: 
41:          eleito$bernardo joaquim do nascimento/id=amz1-per12
42:             ls$cargo/irmao da mesa
43: 
44:          eleito$francisco antonio rodrigues/id=amz1-per13
45:             ls$cargo/irmao da mesa
46: 
47:       amz$amz2/02/07/1854/29/resumo=termo de eleicao de irmaos da mesa
48: 
49: amz$amz2
49:          eleito$antonio pereira da costa/id=amz2-per1
50:             ls$cargo/provedor
51: 
52:          eleito$joao luis carreira/id=amz2-per2
53:             ls$cargo/escrivao
54: 
55:          eleito$luis antonio da rocha/id=amz2-per3
56:             ls$cargo/escrivao
57: 
58:          eleito$manuel antonio martins pereira/id=amz2-per4
59:             ls$cargo/irmao da mesa
60: 
61:          eleito$fortunato antonio de freitas/id=amz2-per5
62:             ls$cargo/irmao da mesa
63: 
64:          eleito$manuel baptista goncalves/id=amz2-per6
65:             ls$cargo/irmao da mesa
66: 
67:          eleito$manuel nunes coimbra/id=amz2-per7
68:             ls$cargo/irmao da mesa
69: 
70:          eleito$jose goncalves machado/id=amz2-per8
71:             ls$cargo/irmao da mesa
72: 
73:          eleito$joao da silva alcoentre/id=amz2-per9
74:             ls$cargo/irmao da mesa
75: 
76:          eleito$francisco de oliveira zuquete/id=amz2-per10
77:             ls$cargo/irmao da mesa
78: 
79:          eleito$manuel valerio dos santos/id=amz2-per11
80:             ls$cargo/irmao da mesa
81: 
82:          eleito$joao pedroso dos santos/id=amz2-per12
83:             ls$cargo/irmao da mesa
84: 
85:          eleito$antonio jose cardoso/id=amz2-per13
86:             ls$cargo/irmao da mesa
87: 
88:       amz$amz3/02/07/1855/47/resumo=termo de eleicao de irmaos da mesa/obs=nao teve lugar a eleicaopor falta de irmaos e por isso e reconduzida a mesma mesa
89: 
90: amz$amz3
90:       amz$amz4/02/07/1856/62v/resumo=termo de eleicao de irmaos da mesa
91: 
92: amz$amz4
92:          eleito$antonio pereira da costa/id=amz4-per1
93:             ls$cargo/provedor
94: 
95:          eleito$jose sebastiao martins pereira/id=amz4-per2
96:             ls$titulo/doutor
97:             ls$cargo/escrivao
98: 
99:          eleito$domingos jose fernandes lima/id=amz4-per3
100:             ls$profissao/padre
101:             ls$cargo/irmao da mesa
102: 
103:          eleito$manuel baptista goncalves/id=amz4-per4
104:             ls$cargo/irmao da mesa
105: 
106:          eleito$fortunato antonio de freitas/id=amz4-per5
107:             ls$cargo/irmao da mesa
108: 
109:          eleito$jose goncalves machado/id=amz4-per6
110:             ls$cargo/irmao da mesa
111: 
112:          eleito$francisco de oliveira zuquete/id=amz4-per7
113:             ls$cargo/irmao da mesa
114: 
115:          eleito$manuel nunes coimbra/id=amz4-per8
116:             ls$cargo/irmao da mesa
117: 
118:          eleito$joao pedroso dos santos/id=amz4-per9
119:             ls$cargo/irmao da mesa
120: 
121:          eleito$joao da silva alcoentre/id=amz4-per10
122:             ls$cargo/irmao da mesa
123: 
124:          eleito$manuel valerio dos santos/id=amz4-per11
125:             ls$cargo/irmao da mesa
126: 
127:          eleito$antonio jose cardoso/id=amz4-per12
128:             ls$cargo/irmao da mesa
129: 
130:          eleito$domingos jose fernandes lima/id=amz4-per13
131:             ls$cargo/mordomo
132:             ls$titulo/reverendo
133:             ls$profissao/padre
134: 
135:       amz$amz5/02/07/1857/83v/resumo=termo de eleicao de irmaos da mesa
136: 
137: amz$amz5
137:          eleito$joao luis carreira/obs=pede escusa/id=amz5-per1
138:             ls$cargo/provedor
139: 
140:          eleito$jose de melo soares de albergaria e castro/id=amz5-per2
141:             ls$cargo/provedor
142: 
143:          eleito$antonio simoes de noronha/id=amz5-per3
144:             ls$cargo/escrivao
145:             ls$profissao/padre
146:             ls$ec/solteiro
147: 
148:          eleito$francisco de oliveira zuquete/id=amz5-per4
149:             ls$cargo/mordomo
150: 
151:          eleito$antonio pereira da costa/id=amz5-per5
152:             ls$cargo/irmao da mesa
153: 
154:          eleito$manuel baptista goncalves/id=amz5-per6
155:             ls$cargo/irmao da mesa
156: 
157:          eleito$fortunato antonio de freitas/id=amz5-per7
158:             ls$cargo/irmao da mesa
159: 
160:          eleito$jose da silva alcoentre/id=amz5-per8
161:             ls$cargo/irmao da mesa
162: 
163:          eleito$jose goncalves machado/id=amz5-per9
164:             ls$cargo/irmao da mesa
165: 
166:          eleito$manuel valerio dos santos/id=amz5-per10
167:             ls$cargo/irmao da mesa
168: 
169:          eleito$antonio jose cardoso/id=amz5-per11
170:             ls$cargo/irmao da mesa
171: 
172:          eleito$joao pedroso dos santos/id=amz5-per12
173:             ls$cargo/irmao da mesa
174: 
175:          eleito$agostinho de assuncao e silva/id=amz5-per13
176:             ls$cargo/irmao da mesa
177: 
178:       amz$amz6/02/07/1858/108v/resumo=termo de eleicao de irmaos da mesa/obs=nao havendo irmaos suficientes foi transferida a eleicao para o ano seguinte
179: 
180: amz$amz6
180:       amz$amz7/02/07/1859/116v/resumo=termo de eleicao de irmaos da mesa
181: 
182: amz$amz7
182:          eleito$antonio pereira da costa/id=amz7-per1
183:             ls$cargo/provedor
184: 
185:          eleito$jose antonio de figueiredo/id=amz7-per2
186:             ls$cargo/escrivao
187:             ls$profissao/padre
188:             ls$ec/solteiro
189: 
190:          eleito$francisco de oliveira zuquete/id=amz7-per3
191:             ls$cargo/mordomo
192: 
193:          eleito$antonio maria correia/id=amz7-per4
194:             ls$cargo/mordomo/obs=a 9 de fevereiro de 1860 em lugar de francisco zuquete
195: 
196:          eleito$joao pedroso dos santos/id=amz7-per5
197:             ls$cargo/irmao da mesa
198: 
199:          eleito$fortunato antonio de freitas/id=amz7-per6
200:             ls$cargo/irmao da mesa
201: 
202:          eleito$jose maximino cabral de vasconcelos/id=amz7-per7
203:             ls$cargo/irmao da mesa
204: 
205:          eleito$manuel baptista goncalves/id=amz7-per8
206:             ls$cargo/irmao da mesa
207: 
208:          eleito$jose pereira da costa junior/id=amz7-per9
209:             ls$cargo/irmao da mesa/obs=pede escusa que e aceite
210: 
211:          eleito$joao luis carreira/id=amz7-per10
212:             ls$cargo/irmao da mesa
213: 
214:          eleito$jose teodorico barbosa/id=amz7-per11
215:             ls$cargo/irmao da mesa
216: 
217:          eleito$francisco de oliveira zuquete/id=amz7-per12
218:             ls$cargo/irmao da mesa
219: 
220:          eleito$jose pereira da costa senior/id=amz7-per13
221:             ls$cargo/irmao da mesa/obs=pede escusa que e aceite
222: 
223:          eleito$jose goncalves machado/id=amz7-per14
224:             ls$cargo/irmao da mesa
225: 
226:          eleito$joao da silva alcoentre/id=amz7-per15
227:             ls$cargo/irmao da mesa
228: 
229:          eleito$jeronimo ferraz/id=amz7-per16
230:             ls$cargo/irmao da mesa
231: 
232:          eleito$jose goncalves machado/id=amz7-per17
233:             ls$cargo/irmao da mesa/obs=em lugar dos escusos
234: 
235:          eleito$joao da silva alcoentre/id=amz7-per18
236:             ls$cargo/irmao da mesa/obs=em lugar dos escusos
237: 
238:          eleito$jose da silva freixieiro/id=amz7-per19
239:             ls$cargo/irmao da mesa/obs=em lugar dos escusos
240: 
241:       amz$amz8/08/07/1860/141/resumo=termo de eleicao de irmaos da mesa
242: 
243: amz$amz8
243:          eleitor$jose pereira da costa senior/id=amz8-per1
244: 
245:          eleitor$fortunato antonio de freitas/id=amz8-per2
246: 
247:          eleitor$jose maximino cabral/id=amz8-per3
248: 
249:          eleitor$manuel baptista goncalves/id=amz8-per4
250: 
251:          eleitor$jose teodorico barbosa/id=amz8-per5
252: 
253:          eleitor$jose goncalves machado/id=amz8-per6
254: 
255:          eleitor$joao ferreira dias/id=amz8-per7
256: 
257:          eleitor$jose da silva freixieira/id=amz8-per8
258: 
259:          eleitor$jose gaspar de oliveira/id=amz8-per9
260: 
261:          eleitor$ascenco rodrigues de noronha/id=amz8-per10
262: 
263:          eleito$antonio pereira da costa senior/id=amz8-per11
264:             ls$cargo/provedor/obs=pede escusa por ja ter servido
265: 
266:          eleito$jose teodorico barbosa/id=amz8-per12
267:             ls$cargo/escrivao
268: 
269:          eleito$jose pereira da costa senior/id=amz8-per13
270:             ls$cargo/irmao da mesa
271: 
272:          eleito$jose maximino vasconcelos cabral/id=amz8-per14
273:             ls$cargo/irmao da mesa
274: 
275:          eleito$fortunato antonio de freitas/id=amz8-per15
276:             ls$cargo/irmao da mesa
277: 
278:          eleito$joao ernesto ribeiro de faria/id=amz8-per16
279:             ls$cargo/irmao da mesa
280: 
281:          eleito$jose goncalves machado/id=amz8-per17
282:             ls$cargo/irmao da mesa
283: 
284:          eleito$manuel baptista goncalves/id=amz8-per18
285:             ls$cargo/irmao da mesa
286: 
287:          eleito$jeronimo ferraz/id=amz8-per19
288:             ls$cargo/irmao da mesa
289: 
290:          eleito$jose da silva freixieiro/id=amz8-per20
291:             ls$cargo/irmao da mesa
292: 
293:          eleito$joao ferreira dias/id=amz8-per21
294:             ls$cargo/irmao da mesa
295: 
296:          eleito$jose gaspar de oliveira/id=amz8-per22
297:             ls$cargo/irmao da mesa
298: *** End of File
** Processed file- /Users/jrc/mhk-home/sources/soure/soure-sources/sources/soure_fase1/irmaos_misericordia/eleicoes3.cli
** Original file- /Users/jrc/mhk-home/sources/soure/soure-sources/sources/soure_fase1/irmaos_misericordia/eleicoes3.org
** Previous version- /Users/jrc/mhk-home/sources/soure/soure-sources/sources/soure_fase1/irmaos_misericordia/eleicoes3.old
** Temp file with ids- /Users/jrc/mhk-home/sources/soure/soure-sources/sources/soure_fase1/irmaos_misericordia/eleicoes3.ids
0  errors. 
0  warnings.
Translation finished.
