ClioInput - version @@VERSION@@ - build @@BUILD@@ @@DATE@@
10-8-2018 14-29

Processing data file /Users/jrc/mhk-home/sources/soure/documents/irmaos_misericordia/eleicoes4.cli
-------------------------------------------
Generic Act translation module with geoentities (XML).
     Joaquim Ramos de Carvalho (joaquim@uc.pt) 
** New document: kleio
=========================
kleio translation started
=========================
Structure: gacto2.str
Prefix: 
Autorel: 
Translation count: 
Obs: 
Translation count not set or invalid, counting as zero: 
** Processing source fonte$mis mesa4
8: amz$amz1
35: amz$amz2

/Users/jrc/mhk-home/sources/soure/documents/irmaos_misericordia/eleicoes4.cli:35:*** Current group escrutinador cannot be linked with previous group amz(amz2)


ERROR: eleicoes4.cli line 34 *** Current group escrutinador cannot be linked with previous group amz(amz2)
Near line: 34 Near line: 35 escrutinador$antonio maria correia

/Users/jrc/mhk-home/sources/soure/documents/irmaos_misericordia/eleicoes4.cli:35:***escrutinador group not stored.


ERROR: eleicoes4.cli line 34 ***escrutinador group not stored.
Near line: 34 Near line: 35 escrutinador$antonio maria correia

/Users/jrc/mhk-home/sources/soure/documents/irmaos_misericordia/eleicoes4.cli:35:** Failure. Could not process group -escrutinador


ERROR: eleicoes4.cli line 34 ** Failure. Could not process group -escrutinador
Near line: 34 Near line: 35 escrutinador$antonio maria correia

/Users/jrc/mhk-home/sources/soure/documents/irmaos_misericordia/eleicoes4.cli:37:** Failure: undefined element. 


ERROR: eleicoes4.cli line 36 ** Failure: undefined element. 
Near line: 36 Near line: 37 escrutinador$antonio joaquim da fonseca

/Users/jrc/mhk-home/sources/soure/documents/irmaos_misericordia/eleicoes4.cli:37:** ID already used in this file: amz2


ERROR: eleicoes4.cli line 36 ** ID already used in this file: amz2
Near line: 36 Near line: 37 escrutinador$antonio joaquim da fonseca
37: amz$amz2

/Users/jrc/mhk-home/sources/soure/documents/irmaos_misericordia/eleicoes4.cli:37:*** Current group escrutinador cannot be linked with previous group amz(amz2)


ERROR: eleicoes4.cli line 36 *** Current group escrutinador cannot be linked with previous group amz(amz2)
Near line: 36 Near line: 37 escrutinador$antonio joaquim da fonseca

/Users/jrc/mhk-home/sources/soure/documents/irmaos_misericordia/eleicoes4.cli:37:***escrutinador group not stored.


ERROR: eleicoes4.cli line 36 ***escrutinador group not stored.
Near line: 36 Near line: 37 escrutinador$antonio joaquim da fonseca

/Users/jrc/mhk-home/sources/soure/documents/irmaos_misericordia/eleicoes4.cli:37:** Failure. Could not process group -escrutinador


ERROR: eleicoes4.cli line 36 ** Failure. Could not process group -escrutinador
Near line: 36 Near line: 37 escrutinador$antonio joaquim da fonseca

/Users/jrc/mhk-home/sources/soure/documents/irmaos_misericordia/eleicoes4.cli:39:** Failure: undefined element. 


ERROR: eleicoes4.cli line 38 ** Failure: undefined element. 
Near line: 38 Near line: 39 secretario$carlos cabral de vasconcelos carreira

/Users/jrc/mhk-home/sources/soure/documents/irmaos_misericordia/eleicoes4.cli:39:** ID already used in this file: amz2


ERROR: eleicoes4.cli line 38 ** ID already used in this file: amz2
Near line: 38 Near line: 39 secretario$carlos cabral de vasconcelos carreira
39: amz$amz2

/Users/jrc/mhk-home/sources/soure/documents/irmaos_misericordia/eleicoes4.cli:39:*** Current group secretario cannot be linked with previous group amz(amz2)


ERROR: eleicoes4.cli line 38 *** Current group secretario cannot be linked with previous group amz(amz2)
Near line: 38 Near line: 39 secretario$carlos cabral de vasconcelos carreira

/Users/jrc/mhk-home/sources/soure/documents/irmaos_misericordia/eleicoes4.cli:39:***secretario group not stored.


ERROR: eleicoes4.cli line 38 ***secretario group not stored.
Near line: 38 Near line: 39 secretario$carlos cabral de vasconcelos carreira

/Users/jrc/mhk-home/sources/soure/documents/irmaos_misericordia/eleicoes4.cli:39:** Failure. Could not process group -secretario


ERROR: eleicoes4.cli line 38 ** Failure. Could not process group -secretario
Near line: 38 Near line: 39 secretario$carlos cabral de vasconcelos carreira

/Users/jrc/mhk-home/sources/soure/documents/irmaos_misericordia/eleicoes4.cli:41:** Failure: undefined element. 


ERROR: eleicoes4.cli line 40 ** Failure: undefined element. 
Near line: 40 Near line: 41 secretario$adelino pereira da costa

/Users/jrc/mhk-home/sources/soure/documents/irmaos_misericordia/eleicoes4.cli:41:** ID already used in this file: amz2


ERROR: eleicoes4.cli line 40 ** ID already used in this file: amz2
Near line: 40 Near line: 41 secretario$adelino pereira da costa
41: amz$amz2

/Users/jrc/mhk-home/sources/soure/documents/irmaos_misericordia/eleicoes4.cli:41:*** Current group secretario cannot be linked with previous group amz(amz2)


ERROR: eleicoes4.cli line 40 *** Current group secretario cannot be linked with previous group amz(amz2)
Near line: 40 Near line: 41 secretario$adelino pereira da costa

/Users/jrc/mhk-home/sources/soure/documents/irmaos_misericordia/eleicoes4.cli:41:***secretario group not stored.


ERROR: eleicoes4.cli line 40 ***secretario group not stored.
Near line: 40 Near line: 41 secretario$adelino pereira da costa

/Users/jrc/mhk-home/sources/soure/documents/irmaos_misericordia/eleicoes4.cli:41:** Failure. Could not process group -secretario


ERROR: eleicoes4.cli line 40 ** Failure. Could not process group -secretario
Near line: 40 Near line: 41 secretario$adelino pereira da costa

/Users/jrc/mhk-home/sources/soure/documents/irmaos_misericordia/eleicoes4.cli:43:** Failure: undefined element. 


ERROR: eleicoes4.cli line 42 ** Failure: undefined element. 
Near line: 42 Near line: 43 eleito$joao de moura matoso

/Users/jrc/mhk-home/sources/soure/documents/irmaos_misericordia/eleicoes4.cli:43:** ID already used in this file: amz2


ERROR: eleicoes4.cli line 42 ** ID already used in this file: amz2
Near line: 42 Near line: 43 eleito$joao de moura matoso
43: amz$amz2
