ClioInput - version @@VERSION@@ - build @@BUILD@@ @@DATE@@
9-4-2020 16-48

Processing data file eleicoes5.cli
-------------------------------------------
Generic Act translation module with geoentities (XML).
     Joaquim Ramos de Carvalho (joaquim@uc.pt) 
** New document: kleio
=========================
kleio translation started
=========================
Structure: gacto2.str
Prefix: 
Autorel: 
Translation count: 7
Obs: 
** Processing source fonte$mis mesa5
6: amz$emz5-1
32: amz$emz5-2
61: amz$emz5-3
87: amz$emz5-4
114: amz$emz5-5
141: amz$emz5-6
168: amz$emz5-7
195: amz$emz5-8
222: amz$emz5-9
249: amz$emz5-10
275: amz$emz5-11
301: amz$emz5-12
327: amz$emz5-13
353: amz$emz5-14
*** End of File
** Processed file- /Users/jrc/mhk-home/sources/soure-fontes/sources/soure_fase1/irmaos_misericordia/eleicoes5.cli
** Original file- /Users/jrc/mhk-home/sources/soure-fontes/sources/soure_fase1/irmaos_misericordia/eleicoes5.org
** Previous version- /Users/jrc/mhk-home/sources/soure-fontes/sources/soure_fase1/irmaos_misericordia/eleicoes5.old
** Temp file with ids- /Users/jrc/mhk-home/sources/soure-fontes/sources/soure_fase1/irmaos_misericordia/eleicoes5.ids
0  errors. 
0  warnings.
Translation finished.
