ClioInput - version @@VERSION@@ - build @@BUILD@@ @@DATE@@
10-8-2018 14-23

Processing data file /Users/jrc/mhk-home/sources/soure/documents/irmaos_misericordia/eleicoes1.cli
-------------------------------------------
Generic Act translation module with geoentities (XML).
     Joaquim Ramos de Carvalho (joaquim@uc.pt) 
** New document: kleio
=========================
kleio translation started
=========================
Structure: gacto2.str
Prefix: 
Autorel: 
Translation count: 
Obs: 
Translation count not set or invalid, counting as zero: 
** Processing source fonte$mis mesa1
6: amz$amz1
83: amz$amz2
155: amz$amz3
229: amz$amz4
302: amz$amz5
374: amz$amz6
445: amz$amz7
490: amz$amz8
494: amz$amz9
575: amz$amz10
644: amz$amz11
714: amz$amz12
781: amz$amz13
851: amz$amz14
918: amz$amz15
986: amz$amz16
1031: amz$amz17
1075: amz$amz18
1082: amz$amz19
1139: amz$amz20
1205: amz$amz21
1273: amz$amz22
1342: amz$amz23
1410: amz$amz24
1476: amz$amz25
1544: amz$amz26
1609: amz$amz27
1675: amz$amz28
*** End of File
** Processed file- /Users/jrc/mhk-home/sources/soure/documents/irmaos_misericordia/eleicoes1.cli
** Original file- /Users/jrc/mhk-home/sources/soure/documents/irmaos_misericordia/eleicoes1.org
** Previous version- /Users/jrc/mhk-home/sources/soure/documents/irmaos_misericordia/eleicoes1.old
** Temp file with ids- /Users/jrc/mhk-home/sources/soure/documents/irmaos_misericordia/eleicoes1.ids
0  errors. 
0  warnings.
Translation finished.
