ClioInput - version @@VERSION@@ - build @@BUILD@@ @@DATE@@
9-4-2020 16-49

Processing data file misNomIrmaos.cli
-------------------------------------------
Generic Act translation module with geoentities (XML).
     Joaquim Ramos de Carvalho (joaquim@uc.pt) 
** New document: kleio
=========================
kleio translation started
=========================
Structure: gacto.str
Prefix: 
Autorel: 
Translation count: 1
Obs: 
** Processing source fonte$misnom
6: nom$nm1
11: nom$nm2
16: nom$nm3
21: nom$nm4
26: nom$nm5
32: nom$nm6
36: nom$nm7
41: nom$nm8
48: nom$nm9
52: nom$nm10
56: nom$nm11
61: nom$nm12
66: nom$nm13
71: nom$nm14
75: nom$nm15
80: nom$nm16
84: nom$nm17
89: nom$nm18
94: nom$nm19
99: nom$nm20
105: nom$nm21
110: nom$nm22
115: nom$nm23
120: nom$nm24
124: nom$nm25
128: nom$nm26
133: nom$nm26bis
138: nom$nm27
144: nom$nm28
149: nom$nm29
153: nom$nm30
157: nom$nm31
162: nom$nm32
166: nom$nm33
171: nom$nm34
176: nom$nm35
181: nom$nm36
186: nom$nm37
190: nom$nm38
196: nom$nm39
201: nom$nm40
206: nom$nm41
210: nom$nm42
215: nom$nm43
220: nom$nm44
224: nom$nm45
232: nom$nm46
237: nom$nm47
241: nom$nm48
246: nom$nm49
251: nom$nm50
257: nom$nm51
264: nom$nm52
271: nom$nm53
275: nom$nm54
280: nom$nm55
284: nom$nm56
289: nom$nm57
295: nom$nm58
299: nom$nm59
303: nom$nm60
309: nom$nm61
313: nom$nm62
317: nom$nm63
322: nom$nm64
326: nom$nm65
331: nom$nm66
336: nom$nm67
340: nom$nm68
345: nom$nm69
350: nom$nm70
354: nom$nm71
360: nom$nm72
366: nom$nm73
370: nom$nm74
376: nom$nm75
380: nom$nm76
384: nom$nm77
390: nom$nm78
395: nom$nm79
400: nom$nm80
405: nom$nm81
409: nom$nm82
413: nom$nm83
418: nom$nm84
423: nom$nm85
428: nom$nm86
433: nom$nm87
438: nom$nm88
444: nom$nm89
450: nom$nm90
455: nom$nm91
460: nom$nm92
466: nom$nm93
471: nom$nm94
475: nom$nm95
480: nom$nm96
484: nom$nm97
489: nom$nm98
496: nom$nm99
501: nom$nm100
507: nom$nm101
512: nom$nm102
517: nom$nm103
522: nom$nm104
527: nom$nm105
532: nom$nm106
536: nom$nm107
542: nom$nm108
547: nom$nm109
552: nom$nm110

ERROR: misNomIrmaos.cli line 555 ** Error: missing element(s) in ls(att-100) must have: valor
Near lines: 555 
Near line: 556       nom$nm111/0/0/0/39/nm110/0

558: nom$nm111
563: nom$nm112
567: nom$nm113
572: nom$nm114
577: nom$nm115
583: nom$nm116
587: nom$nm117
592: nom$nm118
597: nom$nm119
601: nom$nm120
606: nom$nm121
612: nom$nm122
617: nom$nm123
622: nom$nm124
627: nom$nm125
631: nom$nm126
635: nom$nm127
640: nom$nm128
645: nom$nm129
649: nom$nm130
654: nom$nm131
658: nom$nm132
663: nom$nm134
668: nom$nm135
674: nom$nm136
679: nom$nm137
684: nom$nm138
690: nom$nm139
694: nom$nm140
698: nom$nm141
704: nom$nm142
708: nom$nm143
714: nom$nm144
718: nom$nm145
722: nom$nm146
727: nom$nm147
731: nom$nm148
736: nom$nm149
742: nom$nm150
747: nom$nm151
751: nom$nm152
755: nom$nm153
760: nom$nm154
766: nom$nm155
771: nom$nm156
775: nom$nm157
782: nom$nm158
786: nom$nm159
791: nom$nm160
795: nom$nm161
799: nom$nm162
804: nom$nm163
809: nom$nm164
814: nom$nm165
820: nom$nm166
824: nom$nm167
829: nom$nm168
833: nom$nm169
838: nom$nm170
843: nom$nm171
847: nom$nm172
852: nom$nm173
858: nom$nm174
863: nom$nm175
870: nom$nm176
876: nom$nm177
881: nom$nm178
885: nom$nm179
890: nom$nm180
897: nom$nm181
901: nom$nm182
906: nom$nm183
910: nom$nm184
915: nom$nm185
920: nom$nm186
925: nom$nm187
930: nom$nm188
934: nom$nm189
939: nom$nm190
944: nom$nm191
949: nom$nm192
954: nom$nm193
959: nom$nm194
964: nom$nm195
969: nom$nm196
974: nom$nm197
978: nom$nm198
984: nom$nm199
991: nom$nm200
996: nom$nm201
1000: nom$nm202
1005: nom$nm203
1009: nom$nm204
1015: nom$nm205
1021: nom$nm206
1026: nom$nm207
1030: nom$nm208
1035: nom$nm209
1039: nom$nm210
1043: nom$nm211
1050: nom$nm212
1054: nom$nm213
1058: nom$nm214
1063: nom$nm215
1068: nom$nm216
1073: nom$nm217
1077: nom$nm218
1085: nom$nm219
1089: nom$nm220
1094: nom$nm221
1099: nom$nm222
1103: nom$nm223
1109: nom$nm224
1114: nom$nm225
1119: nom$nm226
1124: nom$nm227
1129: nom$nm228
1135: nom$nm229
1139: nom$nm230
1144: nom$nm231
1149: nom$nm232
1155: nom$nm233
1160: nom$nm234
1165: nom$nm235
1169: nom$nm236
1174: nom$nm237
1180: nom$nm238
1184: nom$nm239
1189: nom$nm240
1194: nom$nm241
1199: nom$nm242
1204: nom$nm243
1209: nom$nm244
1214: nom$nm245
1218: nom$nm246
1224: nom$nm247
1228: nom$nm248
1234: nom$nm249
1239: nom$nm250
1244: nom$nm251
1250: nom$nm252
1257: nom$nm253
1262: nom$nm254
1266: nom$nm255
1271: nom$nm256
1276: nom$nm257
1280: nom$nm258
1284: nom$nm259
1288: nom$nm260
1292: nom$nm261
1297: nom$nm262
1301: nom$nm263
1306: nom$nm264
1310: nom$nm265
1316: nom$nm266
1320: nom$nm267
1325: nom$nm268
1331: nom$nm268b
1336: nom$nm269
1340: nom$nm270
1345: nom$nm271
1351: nom$nm272
1355: nom$nm273
1359: nom$nm274
1365: nom$nm275
1369: nom$nm276
1375: nom$nm277
1379: nom$nm278
1384: nom$nm279
1389: nom$nm280
1393: nom$nm281
1398: nom$nm282
1402: nom$nm283
1406: nom$nm284
1411: nom$nm285
1417: nom$nm286
1422: nom$nm287
1426: nom$nm288
1431: nom$nm289
1437: nom$nm290
1441: nom$nm291
1446: nom$nm292
1451: nom$nm293
1455: nom$nm294
1460: nom$nm295
1465: nom$nm296
1470: nom$nm297
1477: nom$nm298
1481: nom$nm299
1487: nom$nm300
1493: nom$nm301
1498: nom$nm302
1503: nom$nm303
1508: nom$nm304
1513: nom$nm305
1517: nom$nm306
1522: nom$nm307
1527: nom$nm308
1532: nom$nm309
1536: nom$nm310
1542: nom$nm311
1548: nom$nm312
1553: nom$nm313
1562: nom$nm314
1567: nom$nm315
1572: nom$nm316
1578: nom$nm317
1584: nom$nm318
1589: nom$nm319
1594: nom$nm320
1599: nom$nm321
1605: nom$nm322
1610: nom$nm323
1615: nom$nm324
1619: nom$nm325
1624: nom$nm326
1628: nom$nm327
1633: nom$nm328
1637: nom$nm329
1642: nom$nm330
1647: nom$nm331
1653: nom$nm332
1657: nom$nm333
1663: nom$nm334
1668: nom$nm335
*** End of File
1  errors. 
0  warnings.
Translation finished.
