ClioInput - version 2019.A1 - build 231 29/03/2020 16:14 
22-4-2020 23-45

Processing data file xpto_comuns_soure.cli
-------------------------------------------
Generic Act translation module with geoentities (XML).
     Joaquim Ramos de Carvalho (joaquim@uc.pt) 
** New document: kleio
=========================
kleio translation started
=========================
Structure: gacto2.str
Prefix: 
Autorel: 
Translation count: 9
Obs: 
** Processing source fonte$antt-xpto-communs
6: chanc$xpto-c-428.1
10: chanc$xpto-c-428.2
14: chanc$xpto-c-428.3
19: chanc$xpto-c-428.4
23: chanc$xpto-c-428.5
27: chanc$xpto-c-428.6
31: chanc$xpto-c-428.7
35: chanc$xpto-c-428.8
41: chanc$xpto-c-428.9
49: chanc$xpto-c-428.10
53: chanc$xpto-c-428.11
61: chanc$xpto-c-428.12
65: chanc$xpto-c-428.13
71: chanc$xpto-c-428.14
75: chanc$xpto-c-428.15
79: chanc$xpto-c-428.16
83: chanc$xpto-c-428.17
87: chanc$xpto-c-428.18
95: chanc$xpto-c-428.19
99: chanc$xpto-c-428.20
103: chanc$xpto-c-428.21
111: chanc$xpto-c-428.22
120: chanc$xpto-c-428.23
124: chanc$xpto-c-428.24
128: chanc$xpto-c-428.25
136: chanc$xpto-c-428.26
144: chanc$xpto-c-428.27
152: chanc$xpto-c-428.28
156: chanc$xpto-c-428.29
160: chanc$xpto-c-428.30
166: chanc$xpto-c-428.31
170: chanc$xpto-c-428.32
174: chanc$xpto-c-428.33
178: chanc$xpto-c-428.34
182: chanc$xpto-c-428.35
188: chanc$xpto-c-428.36
192: chanc$xpto-c-428.37
196: chanc$xpto-c-428.38
204: chanc$xpto-c-428.39
211: chanc$xpto-c-428.40
216: chanc$xpto-c-428.41
223: chanc$xpto-c-428.42
228: chanc$xpto-c-428.43
234: chanc$xpto-c-428.44
239: chanc$xpto-c-428.45a
243: chanc$xpto-c-428.45b
247: chanc$xpto-c-428.45c
251: chanc$xpto-c-428.45d
255: chanc$xpto-c-428.45
260: chanc$xpto-c-428.46
265: chanc$xpto-c-428.47
271: chanc$xpto-c-428.48
276: chanc$xpto-c-428.49
281: chanc$xpto-c-428.50
286: chanc$xpto-c-428.51
290: chanc$xpto-c-428.52
292: chanc$xpto-c-428.53
294: chanc$xpto-c-428.54
296: chanc$xpto-c-428.55
298: chanc$xpto-c-428.56
300: chanc$xpto-c-428.57
302: chanc$xpto-c-428.58
304: chanc$xpto-c-429.1
306: chanc$xpto-c-429.2
308: chanc$xpto-c-429.3
310: chanc$xpto-c-429.4
312: chanc$xpto-c-429.5
314: chanc$xpto-c-429.6
316: chanc$xpto-c-429.7
318: chanc$xpto-c-429.8
320: chanc$xpto-c-429.9
322: chanc$xpto-c-429.10
324: chanc$xpto-c-429.11
326: chanc$xpto-c-429.12
328: chanc$xpto-c-429.13
330: chanc$xpto-c-429.14
332: chanc$xpto-c-429.15
334: chanc$xpto-c-429.16
336: chanc$xpto-c-429.17
338: chanc$xpto-c-429.18
340: chanc$xpto-c-429.19
342: chanc$xpto-c-429.20
344: chanc$xpto-c-429.21
346: chanc$xpto-c-429.22
348: chanc$xpto-c-429.23
350: chanc$xpto-c-429.24
352: chanc$xpto-c-429.25
354: chanc$xpto-c-429.26
356: chanc$xpto-c-429.27
358: chanc$xpto-c-429.28
360: chanc$xpto-c-429.29
362: chanc$xpto-c-429.30
364: chanc$xpto-c-429.31
366: chanc$xpto-c-429.32
368: chanc$xpto-c-429.33
370: chanc$xpto-c-429.34
372: chanc$xpto-c-429.35
374: chanc$xpto-c-429.36
376: chanc$xpto-c-429.37
378: chanc$xpto-c-429.38
380: chanc$xpto-c-429.39
382: chanc$xpto-c-429.40
384: chanc$xpto-c-429.41
386: chanc$xpto-c-429.42
388: chanc$xpto-c-429.43
390: chanc$xpto-c-429.44
392: chanc$xpto-c-429.45
394: chanc$xpto-c-429.46
396: chanc$xpto-c-429.47
398: chanc$xpto-c-429.48
400: chanc$xpto-c-429.49
402: chanc$xpto-c-429.50
404: chanc$xpto-c-429.51
406: chanc$xpto-c-429.52
408: chanc$xpto-c-429.53
410: chanc$xpto-c-429.54
412: chanc$xpto-c-429.55
414: chanc$xpto-c-429.56
416: chanc$xpto-c-429.57
418: chanc$xpto-c-429.58
420: chanc$xpto-c-429.59
422: chanc$xpto-c-429.60
424: chanc$xpto-c-429.61
426: chanc$xpto-c-429.62
428: chanc$xpto-c-429.63
430: chanc$xpto-c-429.64
432: chanc$xpto-c-429.65
434: chanc$xpto-c-429.66
436: chanc$xpto-c-429.67
438: chanc$xpto-c-429.68
440: chanc$xpto-c-429.69
442: chanc$xpto-c-429.70
444: chanc$xpto-c-429.71
446: chanc$xpto-c-429.72
448: chanc$xpto-c-429.73
450: chanc$xpto-c-429.74
452: chanc$xpto-c-429.75
454: chanc$xpto-c-429.76
456: chanc$xpto-c-429.77
458: chanc$xpto-c-429.78
460: chanc$xpto-c-429.79
462: chanc$xpto-c-429.80
464: chanc$xpto-c-429.81
466: chanc$xpto-c-429.82
468: chanc$xpto-c-429.83
470: chanc$xpto-c-429.84
472: chanc$xpto-c-429.85
474: chanc$xpto-c-429.86
476: chanc$xpto-c-429.87
478: chanc$xpto-c-429.88
480: chanc$xpto-c-429.89
482: chanc$xpto-c-429.90
484: chanc$xpto-c-429.91
486: chanc$xpto-c-429.92
488: chanc$xpto-c-429.93
490: chanc$xpto-c-429.94
492: chanc$xpto-c-429.95
494: chanc$xpto-c-429.96
496: chanc$xpto-c-429.97
498: chanc$xpto-c-429.98
500: chanc$xpto-c-429.98a
502: chanc$xpto-c-429.99
504: chanc$xpto-c-429.100
506: chanc$xpto-c-429.101
508: chanc$xpto-c-429.102
510: chanc$xpto-c-429.103
512: chanc$xpto-c-429.104
514: chanc$xpto-c-429.105
516: chanc$xpto-c-429.106
518: chanc$xpto-c-429.107
520: chanc$xpto-c-429.108
522: chanc$xpto-c-429.109
524: chanc$xpto-c-429.110
526: chanc$xpto-c-429.111
528: chanc$xpto-c-429.112
530: chanc$xpto-c-429.113
532: chanc$xpto-c-429.114
534: chanc$xpto-c-429.115
536: chanc$xpto-c-429.116
538: chanc$xpto-c-429.117
540: chanc$xpto-c-429.118
542: chanc$xpto-c-429.119
544: chanc$xpto-c-429.120
546: chanc$xpto-c-429.121
548: chanc$xpto-c-429.122
550: chanc$xpto-c-429.123
552: chanc$xpto-c-429.124
554: chanc$xpto-c-429.125
556: chanc$xpto-c-429.126
558: chanc$xpto-c-429.127
560: chanc$xpto-c-429.128
562: chanc$xpto-c-429.129
564: chanc$xpto-c-429.130
566: chanc$xpto-c-429.131
568: chanc$xpto-c-429.132
570: chanc$xpto-c-429.133
572: chanc$xpto-c-429.134
574: chanc$xpto-c-429.135
576: chanc$xpto-c-429.136
578: chanc$xpto-c-429.137
580: chanc$xpto-c-429.138
582: chanc$xpto-c-429.139
584: chanc$xpto-c-429.140
586: chanc$xpto-c-429.141
588: chanc$xpto-c-429.142
590: chanc$xpto-c-429.143
592: chanc$xpto-c-429.143b
594: chanc$xpto-c-429.144
596: chanc$xpto-c-429.145
598: chanc$xpto-c-429.146
600: chanc$xpto-c-429.147
602: chanc$xpto-c-429.148
604: chanc$xpto-c-429.149
606: chanc$xpto-c-429.150
608: chanc$xpto-c-429.151
610: chanc$xpto-c-430.152
612: chanc$xpto-c-429.153
614: chanc$xpto-c-429.154
616: chanc$xpto-c-429.155
618: chanc$xpto-c-429.156
620: chanc$xpto-c-429.157
622: chanc$xpto-c-429.158
624: chanc$xpto-c-429.159
626: chanc$xpto-c-429.160
628: chanc$xpto-c-429.161
630: chanc$xpto-c-429.162
632: chanc$xpto-c-429.163
634: chanc$xpto-c-429.164
636: chanc$xpto-c-429.165
638: chanc$xpto-c-429.166
640: chanc$xpto-c-429.167
642: chanc$xpto-c-429.168
644: chanc$xpto-c-429.169
646: chanc$xpto-c-429.170
648: chanc$xpto-c-429.171
650: chanc$xpto-c-429.172
652: chanc$xpto-c-429.173
654: chanc$xpto-c-429.174
656: chanc$xpto-c-429.175
658: chanc$xpto-c-429.176
660: chanc$xpto-c-429.177
662: chanc$xpto-c-429.178
664: chanc$xpto-c-429.179
666: chanc$xpto-c-429.180
668: chanc$xpto-c-429.181
670: chanc$xpto-c-429.182
672: chanc$xpto-c-429.183
674: chanc$xpto-c-429.184
676: chanc$xpto-c-429.185
678: chanc$xpto-c-429.186
680: chanc$xpto-c-429.187
682: chanc$xpto-c-429.188
684: chanc$xpto-c-429.189
686: chanc$xpto-c-429.190
688: chanc$xpto-c-429.191
690: chanc$xpto-c-429.192
692: chanc$xpto-c-429.193
694: chanc$xpto-c-429.194
696: chanc$xpto-c-429.195
698: chanc$xpto-c-429.196
700: chanc$xpto-c-429.197
702: chanc$xpto-c-429.198
704: chanc$xpto-c-429.199
706: chanc$xpto-c-429.200
708: chanc$xpto-c-429.201
710: chanc$xpto-c-429.202
712: chanc$xpto-c-429.203
714: chanc$xpto-c-429.204
716: chanc$xpto-c-429.205
718: chanc$xpto-c-429.206
720: chanc$xpto-c-429.207
722: chanc$xpto-c-429.208
724: chanc$xpto-c-429.209
726: chanc$xpto-c-429.210
728: chanc$xpto-c-429.211
730: chanc$xpto-c-429.212
732: chanc$xpto-c-429.213
734: chanc$xpto-c-429.214
736: chanc$xpto-c-429.215
738: chanc$xpto-c-429.216
740: chanc$xpto-c-429.217
742: chanc$xpto-c-429.218
744: chanc$xpto-c-429.219
746: chanc$xpto-c-429.220
748: chanc$xpto-c-429.221
750: chanc$xpto-c-429.222
752: chanc$xpto-c-429.223
754: chanc$xpto-c-429.224
756: chanc$xpto-c-429.225
758: chanc$xpto-c-429.226
760: chanc$xpto-c-429.227
762: chanc$xpto-c-429.228
764: chanc$xpto-c-429.229
766: chanc$xpto-c-429.230
768: chanc$xpto-c-429.231
770: chanc$xpto-c-429.232
772: chanc$xpto-c-429.233
774: chanc$xpto-c-429.234
776: chanc$xpto-c-429.235
778: chanc$xpto-c-429.236
780: chanc$xpto-c-429.237
782: chanc$xpto-c-429.238
784: chanc$xpto-c-429.239
786: chanc$xpto-c-429.240
788: chanc$xpto-c-429.241
790: chanc$xpto-c-429.242
792: chanc$xpto-c-429.243
794: chanc$xpto-c-429.244
796: chanc$xpto-c-429.245
798: chanc$xpto-c-429.246
800: chanc$xpto-c-429.247
802: chanc$xpto-c-429.248
804: chanc$xpto-c-429.247b
806: chanc$xpto-c-429.248b
808: chanc$xpto-c-429.249
810: chanc$xpto-c-429.250
812: chanc$xpto-c-429.251
814: chanc$xpto-c-429.252
816: chanc$xpto-c-429.253
818: chanc$xpto-c-429.254
820: chanc$xpto-c-429.255
822: chanc$xpto-c-429.256
824: chanc$xpto-c-429.257
826: chanc$xpto-c-429.258
828: chanc$xpto-c-429.259
830: chanc$xpto-c-429.260
832: chanc$xpto-c-429.261
834: chanc$xpto-c-429.262
836: chanc$xpto-c-429.263
838: chanc$xpto-c-429.264
840: chanc$xpto-c-429.265
842: chanc$xpto-c-429.266
844: chanc$xpto-c-429.267
846: chanc$xpto-c-429.268
848: chanc$xpto-c-429.269
850: chanc$xpto-c-429.270
852: chanc$xpto-c-429.271
854: chanc$xpto-c-429.272
856: chanc$xpto-c-429.273
858: chanc$xpto-c-429.274
860: chanc$xpto-c-429.275
862: chanc$xpto-c-429.276
864: chanc$xpto-c-429.277
866: chanc$xpto-c-429.278
868: chanc$xpto-c-bd-952
872: chanc$xpto-c-bd-1534
876: chanc$xpto-c-bd-1632
882: chanc$xpto-c-bd-1778
886: chanc$xpto-c-bd-1789
890: chanc$xpto-c-bd-1925
894: chanc$xpto-c-bd-1936
*** End of File
** Processed file- /kleio-home/sources/soure-fontes/sources/soure_fase1/chancelarias/xpto_comuns_soure.cli
** Original file- /kleio-home/sources/soure-fontes/sources/soure_fase1/chancelarias/xpto_comuns_soure.org
** Previous version- /kleio-home/sources/soure-fontes/sources/soure_fase1/chancelarias/xpto_comuns_soure.old
** Temp file with ids- /kleio-home/sources/soure-fontes/sources/soure_fase1/chancelarias/xpto_comuns_soure.ids
0  errors. 
0  warnings.
Translation finished.
