ClioInput - version 2019.A1 - build 231 29/03/2020 16:14 
22-4-2020 23-45

Processing data file Xpto.cli
-------------------------------------------
Generic Act translation module with geoentities (XML).
     Joaquim Ramos de Carvalho (joaquim@uc.pt) 
** New document: kleio
=========================
kleio translation started
=========================
Structure: gacto2.str
Prefix: 
Autorel: 
Translation count: 8
Obs: 
** Processing source fonte$cxpto-36-334
6: chanc$xptoliv75-201v
*** End of File
** Processed file- /kleio-home/sources/soure-fontes/sources/soure_fase1/chancelarias/Xpto.cli
** Original file- /kleio-home/sources/soure-fontes/sources/soure_fase1/chancelarias/Xpto.org
** Previous version- /kleio-home/sources/soure-fontes/sources/soure_fase1/chancelarias/Xpto.old
** Temp file with ids- /kleio-home/sources/soure-fontes/sources/soure_fase1/chancelarias/Xpto.ids
0  errors. 
0  warnings.
Translation finished.
