ClioInput - version @@VERSION@@ - build @@BUILD@@ @@DATE@@
27-4-2020 20-38

Processing data file bap1721.cli
-------------------------------------------
Generic Act translation module with geoentities (XML).
     Joaquim Ramos de Carvalho (joaquim@uc.pt) 
** New document: kleio
=========================
kleio translation started
=========================
Structure: gacto2.str
Prefix: 
Autorel: 
Translation count: 10
Obs: 
** Processing source fonte$baptizados 1721
6: bap$b1721.01
28: bap$b1721.2
52: bap$b1721.3
76: bap$b1721.4
97: bap$b1721.5
119: bap$b1721.6
144: bap$b1721.7
166: bap$b1721.8
186: bap$b1721.9
206: bap$b1721.10
226: bap$b1721.11
255: bap$b1721.12
280: bap$b1721.13
301: bap$b1721.14
322: bap$b1721.15
342: bap$b1721.16
359: bap$b1721.17
378: bap$b1721.18
395: bap$b1721.19
420: bap$b1721.20
440: bap$b1721.21
464: bap$b1721.22
485: bap$b1721.23
506: bap$b1721.24
530: bap$b1721.25
560: bap$b1721.26
582: bap$b1721.27
603: bap$b1721.28
628: bap$b1721.29
651: bap$b1721.30
673: bap$b1721.31
695: bap$b1721.32
713: bap$b1721.33
731: bap$b1721.34
756: bap$b1721.35
784: bap$b1721.36
806: bap$b1721.37
825: bap$b1721.38
847: bap$b1721.39
867: bap$b1721.40
893: bap$b1721.41
913: bap$b1721.42
941: bap$b1721.43
965: bap$b1721.44
994: bap$b1721.45
1016: bap$b1721.46
1036: bap$b1721.47
1057: bap$b1721.48
1083: bap$b1721.49
1102: bap$b1721.50
1124: bap$b1721.51
1147: bap$b1721.52
1172: bap$b1721.53
1190: bap$b1721.54
1210: bap$b1721.55
1231: bap$b1721.56
1255: bap$b1721.57
1277: bap$b1721.58
1300: bap$b1721.59
1333: bap$b1721.60
1353: bap$b1721.61
1375: bap$b1721.62
1401: bap$b1721.63
1424: bap$b1721.64
1443: bap$b1721.65
1462: bap$b1721.66
1500: bap$b1721.67
1525: bap$b1721.68
1547: bap$b1721.69
1568: bap$b1721.70
1588: bap$b1721.71
1611: bap$b1721.72
1634: bap$b1721.73
1658: bap$b1721.74
1680: bap$b1721.75
1713: bap$b1721.76
1736: bap$b1721.77
1756: bap$b1721.78
1777: bap$b1721.79
1808: bap$b1721.80
1838: bap$b1721.81
1862: bap$b1721.82
1882: bap$b1721.83
1905: bap$b1721.84
1929: bap$b1721.85
1954: bap$b1721.86
1980: bap$b1721.87
2009: bap$b1721.88
2035: bap$b1721.89
2061: bap$b1721.90
2081: bap$b1721.91
2106: bap$b1721.92
2130: bap$b1721.93
2153: bap$b1721.94
2177: bap$b1721.95
2200: bap$b1721.96
2220: bap$b1721.97
2244: bap$b1721.98
2267: bap$b1721.99
2286: bap$b1721.100
2315: bap$b1721.101
2335: bap$b1721.102
2359: bap$b1721.103
2380: bap$b1721.104
2401: bap$b1721.105
2426: bap$b1721.106
2448: bap$b1721.107
2468: bap$b1721.108
2487: bap$b1721.109
2511: bap$b1721.110
2532: bap$b1721.111
2561: bap$b1721.112
2589: bap$b1721.113
2612: bap$b1721.114
2639: bap$b1721.115
2660: bap$b1721.116
2678: bap$b1721.117
*** End of File
** Processed file- /Users/jrc/mhk-home/sources/soure-fontes/sources/soure_fase2/bap1721.cli
** Original file- /Users/jrc/mhk-home/sources/soure-fontes/sources/soure_fase2/bap1721.org
** Previous version- /Users/jrc/mhk-home/sources/soure-fontes/sources/soure_fase2/bap1721.old
** Temp file with ids- /Users/jrc/mhk-home/sources/soure-fontes/sources/soure_fase2/bap1721.ids
0  errors. 
0  warnings.
Translation finished.
