ClioInput - version @@VERSION@@ - build @@BUILD@@ @@DATE@@
20-4-2020 21-37

Processing data file bap1726.cli
-------------------------------------------
Generic Act translation module with geoentities (XML).
     Joaquim Ramos de Carvalho (joaquim@uc.pt) 
** New document: kleio
=========================
kleio translation started
=========================
Structure: gacto2.str
Prefix: 
Autorel: 
Translation count: 5
Obs: 
** Processing source fonte$baptizados 1726
6: bap$b1726.01
29: bap$b1726.2
54: bap$b1726.3
78: bap$b1726.4
108: bap$b1726.5
130: bap$b1726.6
150: bap$b1726.7
177: bap$b1726.8
201: bap$b1726.9
228: bap$b1726.10
249: bap$b1726.11
267: bap$b1726.12
295: bap$b1726.13
319: bap$b1726.14
349: bap$b1726.15
374: bap$b1726.16
396: bap$b1726.17
416: bap$b1726.18
437: bap$b1726.19
457: bap$b1726.20
481: bap$b1726.21
503: bap$b1726.22
524: bap$b1726.23
543: bap$b1726.24
566: bap$b1726.25
588: bap$b1726.26
612: bap$b1726.27
643: bap$b1726.28
677: bap$b1726.29
702: bap$b1726.30
722: bap$b1726.31
743: bap$b1726.32
770: bap$b1726.33
792: bap$b1726.34
816: bap$b1726.35
837: bap$b1726.36
857: bap$b1726.37
881: bap$b1726.38
905: bap$b1726.39
923: bap$b1726.40
949: bap$b1726.41
969: bap$b1726.42
993: bap$b1726.43
1013: bap$b1726.44
1032: bap$b1726.45
1062: bap$b1726.46
1083: bap$b1726.47
1105: bap$b1726.48
1133: bap$b1726.49
1160: bap$b1726.50
1184: bap$b1726.51
1205: bap$b1726.52
1227: bap$b1726.53
1257: bap$b1726.54
1281: bap$b1726.55
1305: bap$b1726.56
1331: bap$b1726.57
1352: bap$b1726.58
1377: bap$b1726.59
1399: bap$b1726.60
1418: bap$b1726.61
1438: bap$b1726.62
1457: bap$b1726.63
1481: bap$b1726.64
1505: bap$b1726.65
1524: bap$b1726.66
1542: bap$b1726.67
1569: bap$b1726.68
1603: bap$b1726.69
1625: bap$b1726.70
1644: bap$b1726.71
1672: bap$b1726.72
1690: bap$b1726.73
1711: bap$b1726.74
1735: bap$b1726.75
1762: bap$b1726.76
1784: bap$b1726.77
1808: bap$b1726.78
1834: bap$b1726.79
1858: bap$b1726.80
1885: bap$b1726.81
1908: bap$b1726.82
1928: bap$b1726.83
1950: bap$b1726.84
1971: bap$b1726.85
1994: bap$b1726.86
2013: bap$b1726.87
2037: bap$b1726.88
2056: bap$b1726.89
2079: bap$b1726.90
2103: bap$b1726.91
2121: bap$b1726.92
2140: bap$b1726.93
2165: bap$b1726.94
2191: bap$b1726.95
2215: bap$b1726.96
2240: bap$b1726.97
2260: bap$b1726.98
2291: bap$b1726.99
2311: bap$b1726.100
2333: bap$b1726.101
*** End of File
** Processed file- /Users/jrc/mhk-home/sources/soure-fontes/sources/soure_fase2/bap1726.cli
** Original file- /Users/jrc/mhk-home/sources/soure-fontes/sources/soure_fase2/bap1726.org
** Previous version- /Users/jrc/mhk-home/sources/soure-fontes/sources/soure_fase2/bap1726.old
** Temp file with ids- /Users/jrc/mhk-home/sources/soure-fontes/sources/soure_fase2/bap1726.ids
0  errors. 
0  warnings.
Translation finished.
