KleioTranslator - server version 2019.A1 - build 256 07/05/2020 17:41 
13-5-2020 21-12

Processing data file bap1724.cli
-------------------------------------------
Generic Act translation module with geoentities (XML).
     Joaquim Ramos de Carvalho (joaquim@uc.pt) 
** New document: kleio
=========================
kleio translation started
=========================
Structure: gacto2.str
Prefix: 
Autorel: 
Translation count: 10
Obs: 
** Processing source fonte$baptizados 1724
6: bap$b1724.01
27: bap$b1724.2
47: bap$b1724.3
68: bap$b1724.4
90: bap$b1724.5
116: bap$b1724.6
138: bap$b1724.7
159: bap$b1724.8
180: bap$b1724.9
197: bap$b1724.10
219: bap$b1724.11
239: bap$b1724.12
259: bap$b1724.13
280: bap$b1724.14
299: bap$b1724.15
318: bap$b1724.16
339: bap$b1724.17
364: bap$b1724.18
385: bap$b1724.19
406: bap$b1724.20
429: bap$b1724.21
454: bap$b1724.22
472: bap$b1724.23
495: bap$b1724.24
515: bap$b1724.25
543: bap$b1724.26
570: bap$b1724.27
592: bap$b1724.28
614: bap$b1724.29
638: bap$b1724.30
659: bap$b1724.31
679: bap$b1724.32
702: bap$b1724.33
726: bap$b1724.34
750: bap$b1724.35
779: bap$b1724.36
800: bap$b1724.37
824: bap$b1724.38
843: bap$b1724.39
863: bap$b1724.40
883: bap$b1724.41
925: bap$b1724.42
951: bap$b1724.43
981: bap$b1724.44
1007: bap$b1724.45
1032: bap$b1724.46
1051: bap$b1724.47
1075: bap$b1724.48
1094: bap$b1724.49
1116: bap$b1724.50
1137: bap$b1724.51
1156: bap$b1724.52
1187: bap$b1724.53
1214: bap$b1724.54
1246: bap$b1724.55
1275: bap$b1724.56
1298: bap$b1724.57
1318: bap$b1724.58
1339: bap$b1724.59
1361: bap$b1724.60
1383: bap$b1724.61
1403: bap$b1724.62
1423: bap$b1724.63
1443: bap$b1724.64
1469: bap$b1724.65
1490: bap$b1724.66
1516: bap$b1724.67
1547: bap$b1724.68
1574: bap$b1724.69
1595: bap$b1724.70
1615: bap$b1724.71
1635: bap$b1724.72
1659: bap$b1724.73
1689: bap$b1724.74
1715: bap$b1724.75
1735: bap$b1724.76
1753: bap$b1724.77
1775: bap$b1724.78
1799: bap$b1724.79
1824: bap$b1724.80
1845: bap$b1724.81
1865: bap$b1724.82
1885: bap$b1724.83
1906: bap$b1724.84
1933: bap$b1724.85
1962: bap$b1724.86
1990: bap$b1724.87
2011: bap$b1724.88
2031: bap$b1724.89
2053: bap$b1724.90
2075: bap$b1724.91
2106: bap$b1724.92
2126: bap$b1724.93
2158: bap$b1724.94
2181: bap$b1724.95
*** End of File
** Processed file- /kleio-home/sources/soure-fontes/sources/1720-1732/bap1724.cli
** Original file- /kleio-home/sources/soure-fontes/sources/1720-1732/bap1724.org
** Previous version- /kleio-home/sources/soure-fontes/sources/1720-1732/bap1724.old
** Temp file with ids- /kleio-home/sources/soure-fontes/sources/1720-1732/bap1724.ids
** - /kleio-home/sources/soure-fontes/sources/1720-1732/bap1724.cli-renamed to- /kleio-home/sources/soure-fontes/sources/1720-1732/bap1724.old
** - /kleio-home/sources/soure-fontes/sources/1720-1732/bap1724.ids-renamed to- /kleio-home/sources/soure-fontes/sources/1720-1732/bap1724.cli
** Translation files closed.
0  errors. 
0  warnings.
Translation finished.
