ClioInput - version @@VERSION@@ - build @@BUILD@@ @@DATE@@
20-4-2020 21-37

Processing data file bap1725.cli
-------------------------------------------
Generic Act translation module with geoentities (XML).
     Joaquim Ramos de Carvalho (joaquim@uc.pt) 
** New document: kleio
=========================
kleio translation started
=========================
Structure: gacto2.str
Prefix: 
Autorel: 
Translation count: 4
Obs: 
** Processing source fonte$baptizados 1725
6: bap$b1725.01
29: bap$b1725.2
55: bap$b1725.3
77: bap$b1725.4
104: bap$b1725.5
125: bap$b1725.6
147: bap$b1725.7
168: bap$b1725.8
189: bap$b1725.9
208: bap$b1725.10
230: bap$b1725.11
252: bap$b1725.12
274: bap$b1725.13
293: bap$b1725.14
315: bap$b1725.15
334: bap$b1725.16
356: bap$b1725.17
381: bap$b1725.18
406: bap$b1725.19
425: bap$b1725.20
451: bap$b1725.21
479: bap$b1725.22
500: bap$b1725.23
522: bap$b1725.24
544: bap$b1725.25
567: bap$b1725.26
595: bap$b1725.27
615: bap$b1725.28
636: bap$b1725.29
659: bap$b1725.30
683: bap$b1725.31
705: bap$b1725.32
728: bap$b1725.33
756: bap$b1725.34
776: bap$b1725.35
801: bap$b1725.36
822: bap$b1725.37
841: bap$b1725.38
862: bap$b1725.39
881: bap$b1725.40
901: bap$b1725.41
923: bap$b1725.42
952: bap$b1725.43
972: bap$b1725.44
999: bap$b1725.45
1018: bap$b1725.46
1038: bap$b1725.47
1058: bap$b1725.48
1079: bap$b1725.49
1105: bap$b1725.50
1126: bap$b1725.51
1148: bap$b1725.52
1171: bap$b1725.53
1194: bap$b1725.54
1216: bap$b1725.55
1242: bap$b1725.56
1264: bap$b1725.57
1291: bap$b1725.58
1313: bap$b1725.59
1337: bap$b1725.60
1356: bap$b1725.61
1378: bap$b1725.62
1399: bap$b1725.63
1418: bap$b1725.64
1437: bap$b1725.65
1458: bap$b1725.66
1481: bap$b1725.67
1501: bap$b1725.68
1528: bap$b1725.69
1553: bap$b1725.70
1575: bap$b1725.71
1608: bap$b1725.72
1642: bap$b1725.73
1664: bap$b1725.74
1682: bap$b1725.75
1702: bap$b1725.76
1723: bap$b1725.77
1749: bap$b1725.78
1771: bap$b1725.79
1803: bap$b1725.80
1822: bap$b1725.81
1841: bap$b1725.82
1859: bap$b1725.83
1881: bap$b1725.84
1907: bap$b1725.85
1927: bap$b1725.86
1946: bap$b1725.87
1970: bap$b1725.88
1997: bap$b1725.89
2018: bap$b1725.90
2050: bap$b1725.91
2081: bap$b1725.92
2102: bap$b1725.93
2124: bap$b1725.94
2151: bap$b1725.95
2171: bap$b1725.96
2192: bap$b1725.97
2213: bap$b1725.98
2231: bap$b1725.99
2259: bap$b1725.100
2277: bap$b1725.101
*** End of File
** Processed file- /Users/jrc/mhk-home/sources/soure-fontes/sources/soure_fase2/bap1725.cli
** Original file- /Users/jrc/mhk-home/sources/soure-fontes/sources/soure_fase2/bap1725.org
** Previous version- /Users/jrc/mhk-home/sources/soure-fontes/sources/soure_fase2/bap1725.old
** Temp file with ids- /Users/jrc/mhk-home/sources/soure-fontes/sources/soure_fase2/bap1725.ids
0  errors. 
0  warnings.
Translation finished.
