ClioInput - version @@VERSION@@ - build @@BUILD@@ @@DATE@@
20-4-2020 21-37

Processing data file bap1727.cli
-------------------------------------------
Generic Act translation module with geoentities (XML).
     Joaquim Ramos de Carvalho (joaquim@uc.pt) 
** New document: kleio
=========================
kleio translation started
=========================
Structure: gacto2.str
Prefix: 
Autorel: 
Translation count: 6
Obs: 
** Processing source fonte$baptizados 1727
6: bap$b1727.01
26: bap$b1727.2
50: bap$b1727.3
71: bap$b1727.4
93: bap$b1727.5
116: bap$b1727.6
150: bap$b1727.7
172: bap$b1727.8
193: bap$b1727.9
213: bap$b1727.10
234: bap$b1727.11
255: bap$b1727.12
277: bap$b1727.13
300: bap$b1727.14
318: bap$b1727.15
339: bap$b1727.16
359: bap$b1727.17
379: bap$b1727.18
403: bap$b1727.19
421: bap$b1727.20
443: bap$b1727.21
468: bap$b1727.22
502: bap$b1727.23
523: bap$b1727.24
543: bap$b1727.25
565: bap$b1727.26
587: bap$b1727.27
607: bap$b1727.28
628: bap$b1727.29
647: bap$b1727.30
669: bap$b1727.31
702: bap$b1727.32
725: bap$b1727.33
746: bap$b1727.34
772: bap$b1727.35
797: bap$b1727.36
821: bap$b1727.37
843: bap$b1727.38
864: bap$b1727.39
888: bap$b1727.40
908: bap$b1727.41
926: bap$b1727.42
946: bap$b1727.43
970: bap$b1727.44
995: bap$b1727.45
1015: bap$b1727.46
1040: bap$b1727.47
1058: bap$b1727.48
1085: bap$b1727.49
1107: bap$b1727.50
1127: bap$b1727.51
1147: bap$b1727.52
1172: bap$b1727.53
1192: bap$b1727.54
1216: bap$b1727.55
1240: bap$b1727.56
1264: bap$b1727.57
1302: bap$b1727.58
1326: bap$b1727.59
1346: bap$b1727.60
1368: bap$b1727.61
1386: bap$b1727.62
1410: bap$b1727.63
1439: bap$b1727.64
1467: bap$b1727.65
1488: bap$b1727.66
1520: bap$b1727.67
1535: bap$b1727.68
1560: bap$b1727.69
1582: bap$b1727.70
1605: bap$b1727.71
1633: bap$b1727.72
1657: bap$b1727.73
1683: bap$b1727.74
1711: bap$b1727.75
1734: bap$b1727.76
1752: bap$b1727.77
1778: bap$b1727.78
1800: bap$b1727.79
1821: bap$b1727.80
1842: bap$b1727.81
1868: bap$b1727.82
1891: bap$b1727.83
1918: bap$b1727.84
1941: bap$b1727.85
1960: bap$b1727.86
1983: bap$b1727.87
2003: bap$b1727.88
2029: bap$b1727.89
2051: bap$b1727.90
2077: bap$b1727.91
2100: bap$b1727.92
2122: bap$b1727.93
2145: bap$b1727.94
2171: bap$b1727.95
2199: bap$b1727.96
*** End of File
** Processed file- /Users/jrc/mhk-home/sources/soure-fontes/sources/soure_fase2/bap1727.cli
** Original file- /Users/jrc/mhk-home/sources/soure-fontes/sources/soure_fase2/bap1727.org
** Previous version- /Users/jrc/mhk-home/sources/soure-fontes/sources/soure_fase2/bap1727.old
** Temp file with ids- /Users/jrc/mhk-home/sources/soure-fontes/sources/soure_fase2/bap1727.ids
0  errors. 
0  warnings.
Translation finished.
