ClioInput - version 2019.A1 - build 231 29/03/2020 16:14 
22-4-2020 23-45

Processing data file cas1720.cli
-------------------------------------------
Generic Act translation module with geoentities (XML).
     Joaquim Ramos de Carvalho (joaquim@uc.pt) 
** New document: kleio
=========================
kleio translation started
=========================
Structure: gacto2.str
Prefix: 
Autorel: 
Translation count: 9
Obs: 
** Processing source fonte$casamentos 1720
*** End of File
** Processed file- /kleio-home/sources/soure-fontes/sources/soure_fase2/cas1720.cli
** Original file- /kleio-home/sources/soure-fontes/sources/soure_fase2/cas1720.org
** Previous version- /kleio-home/sources/soure-fontes/sources/soure_fase2/cas1720.old
** Temp file with ids- /kleio-home/sources/soure-fontes/sources/soure_fase2/cas1720.ids
0  errors. 
0  warnings.
Translation finished.
