KleioTranslator - server version 2019.A1 - build 256 07/05/2020 17:41 
17-6-2020 18-26

Processing data file cas1727.cli
-------------------------------------------
Generic Act translation module with geoentities (XML).
     Joaquim Ramos de Carvalho (joaquim@uc.pt) 
** New document: kleio
=========================
kleio translation started
=========================
Structure: gacto2.str
Prefix: 
Autorel: 
Translation count: 11
Obs: 
** Processing source fonte$casamentos 1727
6: cas$c1727.01
38: cas$c1727.2
73: cas$c1727.3
104: cas$c1727.4
135: cas$c1727.5
168: cas$c1727.6
198: cas$c1727.7
231: cas$c1727.8
261: cas$c1727.9
292: cas$c1727.10
326: cas$c1727.11
357: cas$c1727.12
387: cas$c1727.13
421: cas$c1727.14
459: cas$c1727.15
498: cas$c1727.16
535: cas$c1727.17
588: cas$c1727.18
623: cas$c1727.19
653: cas$c1727.20
684: cas$c1727.21
720: cas$c1727.22
753: cas$c1727.23
783: cas$c1727.24
819: cas$c1727.25
848: cas$c1727.26
882: cas$c1727.27
*** End of File
** Processed file- /kleio-home/sources/soure-fontes/sources/1720-1732/cas1727.cli
** Original file- /kleio-home/sources/soure-fontes/sources/1720-1732/cas1727.org
** Previous version- /kleio-home/sources/soure-fontes/sources/1720-1732/cas1727.old
** Temp file with ids- /kleio-home/sources/soure-fontes/sources/1720-1732/cas1727.ids
** - /kleio-home/sources/soure-fontes/sources/1720-1732/cas1727.cli-renamed to- /kleio-home/sources/soure-fontes/sources/1720-1732/cas1727.old
** - /kleio-home/sources/soure-fontes/sources/1720-1732/cas1727.ids-renamed to- /kleio-home/sources/soure-fontes/sources/1720-1732/cas1727.cli
** Translation files closed.
0  errors. 
0  warnings.
Translation finished.
