ClioInput - version @@VERSION@@ - build @@BUILD@@ @@DATE@@
20-4-2020 21-37

Processing data file cas1723.cli
-------------------------------------------
Generic Act translation module with geoentities (XML).
     Joaquim Ramos de Carvalho (joaquim@uc.pt) 
** New document: kleio
=========================
kleio translation started
=========================
Structure: gacto2.str
Prefix: 
Autorel: 
Translation count: 7
Obs: 
** Processing source fonte$casamentos 1723
6: cas$c1723.01
38: cas$c1723.2
74: cas$c1723.3
104: cas$c1723.4
138: cas$c1723.5
183: cas$c1723.6
211: cas$c1723.7
244: cas$c1723.8
289: cas$c1723.9
320: cas$c1723.10
341: cas$c1723.11
376: cas$c1723.12
424: cas$c1723.13
458: cas$c1723.14
504: cas$c1723.15
538: cas$c1723.16
574: cas$c1723.17
607: cas$c1723.18
*** End of File
** Processed file- /Users/jrc/mhk-home/sources/soure-fontes/sources/soure_fase2/cas1723.cli
** Original file- /Users/jrc/mhk-home/sources/soure-fontes/sources/soure_fase2/cas1723.org
** Previous version- /Users/jrc/mhk-home/sources/soure-fontes/sources/soure_fase2/cas1723.old
** Temp file with ids- /Users/jrc/mhk-home/sources/soure-fontes/sources/soure_fase2/cas1723.ids
0  errors. 
0  warnings.
Translation finished.
