KleioTranslator - server version 2019.A1 - build 256 07/05/2020 17:41 
13-5-2020 21-12

Processing data file cas1731.cli
-------------------------------------------
Generic Act translation module with geoentities (XML).
     Joaquim Ramos de Carvalho (joaquim@uc.pt) 
** New document: kleio
=========================
kleio translation started
=========================
Structure: gacto2.str
Prefix: 
Autorel: 
Translation count: 7
Obs: 
** Processing source fonte$casamentos 1731
6: cas$c1731.01
39: cas$c1731.2
72: cas$c1731.3
105: cas$c1731.4
139: cas$c1731.5
174: cas$c1731.6
206: cas$c1731.7
240: cas$c1731.8
298: cas$c1731.9
330: cas$c1731.10
362: cas$c1731.11
408: cas$c1731.12
442: cas$c1731.13
475: cas$c1731.14
517: cas$c1731.15
*** End of File
** Processed file- /kleio-home/sources/soure-fontes/sources/1720-1732/cas1731.cli
** Original file- /kleio-home/sources/soure-fontes/sources/1720-1732/cas1731.org
** Previous version- /kleio-home/sources/soure-fontes/sources/1720-1732/cas1731.old
** Temp file with ids- /kleio-home/sources/soure-fontes/sources/1720-1732/cas1731.ids
** - /kleio-home/sources/soure-fontes/sources/1720-1732/cas1731.cli-renamed to- /kleio-home/sources/soure-fontes/sources/1720-1732/cas1731.old
** - /kleio-home/sources/soure-fontes/sources/1720-1732/cas1731.ids-renamed to- /kleio-home/sources/soure-fontes/sources/1720-1732/cas1731.cli
** Translation files closed.
0  errors. 
0  warnings.
Translation finished.
