ClioInput - version @@VERSION@@ - build @@BUILD@@ @@DATE@@
20-4-2020 21-36

Processing data file obi1732.cli
-------------------------------------------
Generic Act translation module with geoentities (XML).
     Joaquim Ramos de Carvalho (joaquim@uc.pt) 
** New document: kleio
=========================
kleio translation started
=========================
Structure: gacto2.str
Prefix: 
Autorel: 
Translation count: 9
Obs: 
** Processing source fonte$obito 1732
6: obito$o1732.01
24: obito$o1732.2
41: obito$o1732.3
58: obito$o1732.4
70: obito$o1732.5
81: obito$o1732.6
99: obito$o1732.7
113: obito$o1732.8
124: obito$o1732.9
142: obito$o1732.10
153: obito$o1732.11
164: obito$o1732.12
178: obito$o1732.13
192: obito$o1732.14
205: obito$o1732.15
218: obito$o1732.16
234: obito$o1732.17
251: obito$o1732.18
262: obito$o1732.19
279: obito$o1732.20
294: obito$o1732.21
312: obito$o1732.22
328: obito$o1732.23
339: obito$o1732.24
350: obito$o1732.25
368: obito$o1732.26
383: obito$o1732.27
396: obito$o1732.28
418: obito$o1732.29
439: obito$o1732.30
455: obito$o1732.31
479: obito$o1732.32
503: obito$o1732.33
516: obito$o1732.34
530: obito$o1732.35
547: obito$o1732.36
566: obito$o1732.37
577: obito$o1732.38
588: obito$o1732.39
605: obito$o1732.40
623: obito$o1732.41
636: obito$o1732.42
649: obito$o1732.43
663: obito$o1732.44
676: obito$o1732.45
692: obito$o1732.46
705: obito$o1732.47
721: obito$o1732.48
745: obito$o1732.49
760: obito$o1732.50
777: obito$o1732.51
791: obito$o1732.52
809: obito$o1732.53
822: obito$o1732.54
838: obito$o1732.55
852: obito$o1732.56
872: obito$o1732.57
885: obito$o1732.58
901: obito$o1732.59
914: obito$o1732.60
925: obito$o1732.61
939: obito$o1732.62
955: obito$o1732.63
971: obito$o1732.64
984: obito$o1732.65
997: obito$o1732.66
1013: obito$o1732.67
1026: obito$o1732.68
1038: obito$o1732.69
1054: obito$o1732.70
1069: obito$o1732.71
1083: obito$o1732.72
1108: obito$o1732.73
1121: obito$o1732.74
1136: obito$o1732.75
1156: obito$o1732.76
1169: obito$o1732.77
1181: obito$o1732.78
1194: obito$o1732.79
1205: obito$o1732.80
1222: obito$o1732.81
1235: obito$o1732.82
1246: obito$o1732.83
1261: obito$o1732.84
1279: obito$o1732.85
1298: obito$o1732.86
1317: obito$o1732.87
1332: obito$o1732.88
1351: obito$o1732.89
1370: obito$o1732.90
1385: obito$o1732.91
1403: obito$o1732.92
*** End of File
** Processed file- /Users/jrc/mhk-home/sources/soure-fontes/sources/soure_fase2/obi1732.cli
** Original file- /Users/jrc/mhk-home/sources/soure-fontes/sources/soure_fase2/obi1732.org
** Previous version- /Users/jrc/mhk-home/sources/soure-fontes/sources/soure_fase2/obi1732.old
** Temp file with ids- /Users/jrc/mhk-home/sources/soure-fontes/sources/soure_fase2/obi1732.ids
0  errors. 
0  warnings.
Translation finished.
