ClioInput - version @@VERSION@@ - build @@BUILD@@ @@DATE@@
27-4-2020 20-38

Processing data file obi1723.cli
-------------------------------------------
Generic Act translation module with geoentities (XML).
     Joaquim Ramos de Carvalho (joaquim@uc.pt) 
** New document: kleio
=========================
kleio translation started
=========================
Structure: gacto2.str
Prefix: 
Autorel: 
Translation count: 10
Obs: 
** Processing source fonte$obitos 1723
6: obito$o1723.01
22: obito$o1723.2
40: obito$o1723.3
61: obito$o1723.4
75: obito$o1723.5
93: obito$o1723.6
111: obito$o1723.7
129: obito$o1723.8
145: obito$o1723.9
159: obito$o1723.10
173: obito$o1723.11
187: obito$o1723.12
204: obito$o1723.13
218: obito$o1723.14
234: obito$o1723.15
250: obito$o1723.16
264: obito$o1723.17
282: obito$o1723.18
298: obito$o1723.19
312: obito$o1723.20
328: obito$o1723.21
344: obito$o1723.22
360: obito$o1723.23
373: obito$o1723.25
389: obito$o1723.26
404: obito$o1723.27
418: obito$o1723.28
429: obito$o1723.29
444: obito$o1723.30
455: obito$o1723.31
468: obito$o1723.32
478: obito$o1723.33
489: obito$o1723.34
502: obito$o1723.35
519: obito$o1723.36
530: obito$o1723.37
546: obito$o1723.38
562: obito$o1723.39
576: obito$o1723.40
592: obito$o1723.41
608: obito$o1723.42
623: obito$o1723.43
635: obito$o1723.44
647: obito$o1723.45
661: obito$o1723.46
679: obito$o1723.47
691: obito$o1723.48
708: obito$o1723.49
726: obito$o1723.50
739: obito$o1723.51
750: obito$o1723.52
765: obito$o1723.53
781: obito$o1723.54
796: obito$o1723.55
812: obito$o1723.56
826: obito$o1723.57
840: obito$o1723.58
856: obito$o1723.59
870: obito$o1723.60
882: obito$o1723.61
898: obito$o1723.62
913: obito$o1723.63
927: obito$o1723.64
941: obito$o1723.65
952: obito$o1723.66
968: obito$o1723.67
982: obito$o1723.68
997: obito$o1723.69
1010: obito$o1723.70
1028: obito$o1723.71
1044: obito$o1723.72
1060: obito$o1723.73
1078: obito$o1723.74
1089: obito$o1723.75
1100: obito$o1723.76
1117: obito$o1723.77
1136: obito$o1723.78
1150: obito$o1723.79
1162: obito$o1723.80
1178: obito$o1723.81
1190: obito$o1723.82
1201: obito$o1723.83
1213: obito$o1723.84
1233: obito$o1723.85
1246: obito$o1723.86
1257: obito$o1723.87
1279: obito$o1723.88
1291: obito$o1723.89
1302: obito$o1723.90
1317: obito$o1723.91
1331: obito$o1723.92
1346: obito$o1723.93
1365: obito$o1723.94
1378: obito$o1723.95
1389: obito$o1723.96
1400: obito$o1723.97
1423: obito$o1723.98
1441: obito$o1723.99
1455: obito$o1723.100
1468: obito$o1723.101
1481: obito$o1723.102
1497: obito$o1723.103
1512: obito$o1723.104
1525: obito$o1723.105
1539: obito$o1723.106
1556: obito$o1723.107
1569: obito$o1723.108
1584: obito$o1723.109
1596: obito$o1723.110
1610: obito$o1723.111
*** End of File
** Processed file- /Users/jrc/mhk-home/sources/soure-fontes/sources/soure_fase2/obi1723.cli
** Original file- /Users/jrc/mhk-home/sources/soure-fontes/sources/soure_fase2/obi1723.org
** Previous version- /Users/jrc/mhk-home/sources/soure-fontes/sources/soure_fase2/obi1723.old
** Temp file with ids- /Users/jrc/mhk-home/sources/soure-fontes/sources/soure_fase2/obi1723.ids
0  errors. 
0  warnings.
Translation finished.
