ClioInput - version $Revision$ SWI $Date$
29-5-2017 15-1

Processing data file:/Users/jrc/develop/mhk_users/soure/documents/baptismos/B1686.CLI
-------------------------------------------
Generic Act translation module with geoentities (XML).
     Joaquim Ramos de Carvalho (joaquim@uc.pt) 
** New document: kleio
1: kleio$gacto.str
=========================
kleio translation started
=========================
Structure: gacto.str
Prefix: 
Autorel: 
Translation count: 
Obs: 
Translation count not set or invalid, counting as zero: 
2:    fonte$baptismos 1686/tipo=reg paroquiais/localizacao=fol. 34-/data=16860000
3: 
**** auto rels 2 STARTED.
** Processing source fonte$baptismos 1686
4:       b$b1686.1/6/1/1686/0/0/0/joao francisco
5: 
**** auto rels 2 STARTED.
** Processing act b$b1686.1
6:          referido$joao francisco/id=rb06011686
7:             ls$profissao/padre
8: 
9:          n$manuel/m/id=b1686.1-per1
10: 
11:             pai$francisco lopes/m/id=b1686.1-per1-per2
12:                ls$alcunha/moco
13:                ls$residencia/casais do pinheiro
14: 
15:             mae$maria antunes/f/id=b1686.1-per1-per3
16: 
17:             pad$antonio madeira/m/id=b1686.1-per4
18:                ls$ec/s
19: 
20:             ppad$manuel rodrigues/m/id=b1686.1-per5
21:                ls$alcunha/rolhao
22: 
23:             mad$isabel/f/id=b1686.1-per6
24:                ls$ec/s
25: 
26:             pmad$domingos simoes/m/id=b1686.1-per7
27:                ls$residencia/simoes
28: 
29:       b$b1686.2/13/1/1686/0/0/0/manuel cordeiro
30: 
**** auto rels 2 STARTED.
   ** auto rel: from b1686.1-per1-per2 to b1686.1-per1 parentesco/pai
   ** auto rel: from b1686.1-per1-per3 to b1686.1-per1 parentesco/mae
   ** auto rel: from b1686.1-per1-per2 to b1686.1-per1-per3 parentesco/marido
   ** Automatic attribute: b1686.1-per1-per2/ec/c
   ** Automatic attribute: b1686.1-per1-per3/ec/c
** Processing act b$b1686.2
31:          n$ana/f/id=b1686.2-per1
32: 
33:             pai$manuel alvares/m/id=b1686.2-per1-per2
34:                ls$residencia/alencarce
35: 
36:             mae$maria ferreira/f/id=b1686.2-per1-per3
37: 
38:             pad$domingos antunes/m/id=b1686.2-per4
39:                ls$residencia/alencarce
40: 
41:             mad$ana/f/id=b1686.2-per5
42: 
43:             pmad$manuel antunes/id=b1686.2-per6
44:                ls$residencia/alencarce
45: 
46:       b$b1686.3/21/1/1686/0/0/0/manuel cordeiro/obs=sem madrinha
47: 
**** auto rels 2 STARTED.
   ** auto rel: from b1686.2-per1-per2 to b1686.2-per1 parentesco/pai
   ** auto rel: from b1686.2-per1-per3 to b1686.2-per1 parentesco/mae
   ** auto rel: from b1686.2-per1-per2 to b1686.2-per1-per3 parentesco/marido
   ** Automatic attribute: b1686.2-per1-per2/ec/c
   ** Automatic attribute: b1686.2-per1-per3/ec/c
** Processing act b$b1686.3
48:          n$jose/m/id=b1686.3-per1
49: 
50:             pai$antonio simoes/m/id=b1686.3-per1-per2
51:                ls$residencia/soure
52: 
53:             mae$francisca leal/f/id=b1686.3-per1-per3
54: 
55:             pad$tome velho/m/id=b1686.3-per4
56:                ls$residencia/soure
57: 
58:       b$b1686.4/24/1/1686/0/0/0/manuel cordeiro
59: 
**** auto rels 2 STARTED.
   ** auto rel: from b1686.3-per1-per2 to b1686.3-per1 parentesco/pai
   ** auto rel: from b1686.3-per1-per3 to b1686.3-per1 parentesco/mae
   ** auto rel: from b1686.3-per1-per2 to b1686.3-per1-per3 parentesco/marido
   ** Automatic attribute: b1686.3-per1-per2/ec/c
   ** Automatic attribute: b1686.3-per1-per3/ec/c
** Processing act b$b1686.4
60:          n$maria/f/id=b1686.4-per1
61: 
62:             pai$joao goncalves/m/id=b1686.4-per1-per2
63:                ls$residencia/bonitos
64: 
65:             mae$maria joao/f/id=b1686.4-per1-per3
66: 
67:             pad$jorge joao/m/id=b1686.4-per4
68: 
69:             mad$catarina joao/f/id=b1686.4-per5
70: 
71:       b$b1686.5/27/1/1686/0/0/0/manuel cordeiro
72: 
**** auto rels 2 STARTED.
   ** auto rel: from b1686.4-per1-per2 to b1686.4-per1 parentesco/pai
   ** auto rel: from b1686.4-per1-per3 to b1686.4-per1 parentesco/mae
   ** auto rel: from b1686.4-per1-per2 to b1686.4-per1-per3 parentesco/marido
   ** Automatic attribute: b1686.4-per1-per2/ec/c
   ** Automatic attribute: b1686.4-per1-per3/ec/c
** Processing act b$b1686.5
73:          n$manuel/m/id=b1686.5-per1
74: 
75:             pai$domingos de oliveira/m/id=b1686.5-per1-per2
76:                ls$residencia/corcoses
77: 
78:             mae$catarina mendes/f/id=b1686.5-per1-per3
79: 
80:             pad$manuel jorge corujeiro?/m/id=b1686.5-per4
81:                ls$residencia/casal dos corcozes
82: 
83:             mad$isabel pedroso/f/id=b1686.5-per5
84:                ls$residencia/casal dos corcozes
85: 
86:             pmad$manuel goncalves/id=b1686.5-per6
87:                ls$residencia/casal dos corcozes
88: 
89:       b$b1686.6/27/1/1686/0/0/0/manuel cordeiro
90: 
**** auto rels 2 STARTED.
   ** auto rel: from b1686.5-per1-per2 to b1686.5-per1 parentesco/pai
   ** auto rel: from b1686.5-per1-per3 to b1686.5-per1 parentesco/mae
   ** auto rel: from b1686.5-per1-per2 to b1686.5-per1-per3 parentesco/marido
   ** Automatic attribute: b1686.5-per1-per2/ec/c
   ** Automatic attribute: b1686.5-per1-per3/ec/c
** Processing act b$b1686.6
91:          n$manuel/m/id=b1686.6-per1
92: 
93:             pai$manuel luis/m/id=b1686.6-per1-per2
94:                ls$residencia/casais de vale da borra
95: 
96:             mae$maria da silva/f/id=b1686.6-per1-per3
97: 
98:             pad$joao simoes/m/id=b1686.6-per4
99: 
100:             mad$catarina cordeiro/f/id=b1686.6-per5
101:                rel$parentesco/irma/joao cordeiro/rb27011686
102: 
103:             referido$joao cordeiro/id=rb27011686
104:                ls$profissao/padre
105:                ls$cargo/capelao na igreja de soure
106: 
107:       b$b1686.7/29/1/1686/0/0/0/manuel cordeiro
108: 
**** auto rels 2 STARTED.
   ** auto rel: from b1686.6-per1-per2 to b1686.6-per1 parentesco/pai
   ** auto rel: from b1686.6-per1-per3 to b1686.6-per1 parentesco/mae
   ** auto rel: from b1686.6-per1-per2 to b1686.6-per1-per3 parentesco/marido
   ** Automatic attribute: b1686.6-per1-per2/ec/c
   ** Automatic attribute: b1686.6-per1-per3/ec/c
** Processing act b$b1686.7
109:          n$gerardo/m/id=b1686.7-per1
110: 
111:             pai$antonio coelho de carvalho/m/id=b1686.7-per1-per2
112:                ls$residencia/soure
113:                ls$titulo/licenciado
114: 
115:             mae$maria machado/f/id=b1686.7-per1-per3
116: 
117:             pad$manuel lopes de lima/m/id=b1686.7-per4
118:                ls$titulo/licenciado
119: 
120:       b$b1686.8/31/1/1686/0/0/0/manuel rodrigues do passo
121: 
**** auto rels 2 STARTED.
   ** auto rel: from b1686.7-per1-per2 to b1686.7-per1 parentesco/pai
   ** auto rel: from b1686.7-per1-per3 to b1686.7-per1 parentesco/mae
   ** auto rel: from b1686.7-per1-per2 to b1686.7-per1-per3 parentesco/marido
   ** Automatic attribute: b1686.7-per1-per2/ec/c
   ** Automatic attribute: b1686.7-per1-per3/ec/c
** Processing act b$b1686.8
122:          n$manuel/m/id=b1686.8-per1
123: 
124:             pai$antonio goncalves/m/id=b1686.8-per1-per2
125:                ls$residencia/casal de podengos
126: 
127:             mae$isabel rodrigues/f/id=b1686.8-per1-per3
128: 
129:             pad$manuel simoes/id=b1686.8-per4
130:                ls$profissao/barbeiro
131:                ls$residencia/alencarce de cima
132: 
133:             mad$maria/f/id=b1686.8-per5
134:                ls$ec/s
135:                ls$residencia/alencarce de cima
136: 
137:             pmad$manuel goncalves/id=b1686.8-per6
138:                ls$residencia/alencarce de cima
139: 
140:       b$b1686.9/3/2/1686/0/0/0/teodosio mendes
141: 
**** auto rels 2 STARTED.
   ** auto rel: from b1686.8-per1-per2 to b1686.8-per1 parentesco/pai
   ** auto rel: from b1686.8-per1-per3 to b1686.8-per1 parentesco/mae
   ** auto rel: from b1686.8-per1-per2 to b1686.8-per1-per3 parentesco/marido
   ** Automatic attribute: b1686.8-per1-per2/ec/c
   ** Automatic attribute: b1686.8-per1-per3/ec/c
** Processing act b$b1686.9
142:          referido$teodosio mendes/id=rb03021686
143:             ls$profissao/padre
144: 
145:          n$isabel/f/id=b1686.9-per1
146: 
147:             pai$manuel goncalves/m/id=b1686.9-per1-per2
148:                ls$residencia/casais de s.mateus
149: 
150:             mae$francisca coelha/f/id=b1686.9-per1-per3
151: 
152:             pad$manuel/m/id=b1686.9-per4
153: 
154:             ppad$antonio mendes/m/id=rb03021686b
155:                ls$titulo/licenciado
156:                ls$residencia/casais de s.mateus
157: 
158:             mad$isabel galvao/f/id=b1686.9-per5
159:                rel$parentesco/mulher/antonio mendes/rb03021686b
160:                ls$residencia/casais de s.mateus
161: 
162:       b$b1686.10/10/2/1686/0/0/0/manuel cordeiro/obs=sem pai
163: 
**** auto rels 2 STARTED.
   ** auto rel: from b1686.9-per1-per2 to b1686.9-per1 parentesco/pai
   ** auto rel: from b1686.9-per1-per3 to b1686.9-per1 parentesco/mae
   ** auto rel: from b1686.9-per1-per2 to b1686.9-per1-per3 parentesco/marido
   ** Automatic attribute: b1686.9-per1-per2/ec/c
   ** Automatic attribute: b1686.9-per1-per3/ec/c
** Processing act b$b1686.10
164:          n$maria/f/id=b1686.10-per1
165:             ls$ilegitima/sim
166: 
167:             mae$maria joao/f/id=b1686.10-per1-per2
168:                ls$ec/s
169:                ls$residencia/casal novo
170: 
171:             pad$manuel goncalves/m/id=b1686.10-per3
172:                ls$residencia/casal novo
173: 
174:             mad$catarina francisca/f/id=b1686.10-per4
175:                ls$residencia/casal novo
176: 
177:       b$b1686.11/10/2/1686/0/0/0/manuel cordeiro/obs=falta o padrinho
178: 
**** auto rels 2 STARTED.
   ** auto rel: from b1686.10-per1-per2 to b1686.10-per1 parentesco/mae
** Processing act b$b1686.11
179:          n$isabel/f/id=b1686.11-per1
180: 
181:             pai$manuel francisco/m/id=b1686.11-per1-per2
182:                ls$residencia/montais
183: 
184:             mae$domingas francisca/f/id=b1686.11-per1-per3
185: 
186:             mad$maria francisca/f/id=b1686.11-per4
187:                ls$residencia/feixe, freguesia de vinha da rainha
188:                ls$freguesia/vinha da rainha
189: 
190:             pmad$joao francisco/m/id=b1686.11-per5
191:                ls$residencia/feixe, freguesia de vinha da rainha
192:                ls$freguesia/vinha da rainha
193: 
194:       b$b1686.12/13/2/1686/0/0/0/manuel rodrigues da carreira/obs=nomes dos pais estao emendados por cima. transcrito o que se percebe
195: 
**** auto rels 2 STARTED.
   ** auto rel: from b1686.11-per1-per2 to b1686.11-per1 parentesco/pai
   ** auto rel: from b1686.11-per1-per3 to b1686.11-per1 parentesco/mae
   ** auto rel: from b1686.11-per1-per2 to b1686.11-per1-per3 parentesco/marido
   ** Automatic attribute: b1686.11-per1-per2/ec/c
   ** Automatic attribute: b1686.11-per1-per3/ec/c
** Processing act b$b1686.12
196:          referido$manuel rodrigues da carreira/id=rb13021686
197:             ls$profissao/padre
198: 
199:          n$jose/m/id=b1686.12-per1
200: 
201:             pai$gregorio mendes/m/id=b1686.12-per1-per2
202:                ls$residencia/soure
203: 
204:             mae$apolonia da encarnacao/f/id=b1686.12-per1-per3
205: 
206:             pad$sebastiao machado/m/id=b1686.12-per4
207:                ls$residencia/soure
208: 
209:             mad$maria de tavora/f/id=b1686.12-per5
210:                ls$residencia/soure
211: 
212:             pmad$manuel de tavora/m/id=b1686.12-per6
213:                ls$titulo/doutor
214: 
215:       b$b1686.13/14/2/1686/0/0/0/manuel rodrigues do passo
216: 
**** auto rels 2 STARTED.
   ** auto rel: from b1686.12-per1-per2 to b1686.12-per1 parentesco/pai
   ** auto rel: from b1686.12-per1-per3 to b1686.12-per1 parentesco/mae
   ** auto rel: from b1686.12-per1-per2 to b1686.12-per1-per3 parentesco/marido
   ** Automatic attribute: b1686.12-per1-per2/ec/c
   ** Automatic attribute: b1686.12-per1-per3/ec/c
** Processing act b$b1686.13
217:          n$manuel/m/id=b1686.13-per1
218: 
219:             pai$ascenso goncalves/m/id=b1686.13-per1-per2
220:                ls$residencia/caldeiros
221: 
222:             mae$maria joao/f/id=b1686.13-per1-per3
223: 
224:             pad$manuel goncalves cintoia?/m/id=b1686.13-per4
225:                ls$residencia/laje
226: 
227:             mad$isabel/f/id=b1686.13-per5
228:                ls$ec/s
229: 
230:             pmad$luis ferreira/m/id=b1686.13-per6
231:                ls$residencia/laje
232: 
233:       b$b1686.14/17/2/1686/0/0/0/manuel cordeiro
234: 
**** auto rels 2 STARTED.
   ** auto rel: from b1686.13-per1-per2 to b1686.13-per1 parentesco/pai
   ** auto rel: from b1686.13-per1-per3 to b1686.13-per1 parentesco/mae
   ** auto rel: from b1686.13-per1-per2 to b1686.13-per1-per3 parentesco/marido
   ** Automatic attribute: b1686.13-per1-per2/ec/c
   ** Automatic attribute: b1686.13-per1-per3/ec/c
** Processing act b$b1686.14
235:          n$escolastica/f/id=b1686.14-per1
236: 
237:             pai$manuel joao/m/id=b1686.14-per1-per2
238:                ls$residencia/casal das barrosas
239: 
240:             mae$ana jorge/f/id=b1686.14-per1-per3
241: 
242:             pad$manuel rodrigues/m/id=b1686.14-per4
243:                ls$residencia/casal das barrosas
244: 
245:             ppad$gaspar rodrigues/m/id=rb17021686
246:                ls$residencia/casal das barrosas
247: 
248:             mad$ana/f/id=b1686.14-per5
249:                ls$residencia/casal das barrosas
250:                rel$parentesco/filha/gaspar rodrigues/rb17021686
251: 
252:       b$b1686.15/21/2/1686/0/0/0/manuel cordeiro
253: 
**** auto rels 2 STARTED.
   ** auto rel: from b1686.14-per1-per2 to b1686.14-per1 parentesco/pai
   ** auto rel: from b1686.14-per1-per3 to b1686.14-per1 parentesco/mae
   ** auto rel: from b1686.14-per1-per2 to b1686.14-per1-per3 parentesco/marido
   ** Automatic attribute: b1686.14-per1-per2/ec/c
   ** Automatic attribute: b1686.14-per1-per3/ec/c
** Processing act b$b1686.15
254:          n$jose/m/id=b1686.15-per1
255: 
256:             pai$manuel goncalves/m/id=b1686.15-per1-per2
257:                ls$residencia/casais dos simoes
258: 
259:             mae$maria simoes/f/id=b1686.15-per1-per3
260: 
261:             pad$antonio martins de ansos/m/id=b1686.15-per4
262:                ls$residencia/freguesia da redinha
263:                ls$freguesia/redinha
264: 
265:             mad$antonia/f/id=b1686.15-per5
266:                ls$ec/s
267: 
268:             pmad$manuel francisco/m/id=b1686.15-per6
269:                ls$residencia/moinhos da caldeirinha
270: 
271:       b$b1686.16/2/3/1686/0/0/0/manuel rodrigues do passo
272: 
**** auto rels 2 STARTED.
   ** auto rel: from b1686.15-per1-per2 to b1686.15-per1 parentesco/pai
   ** auto rel: from b1686.15-per1-per3 to b1686.15-per1 parentesco/mae
   ** auto rel: from b1686.15-per1-per2 to b1686.15-per1-per3 parentesco/marido
   ** Automatic attribute: b1686.15-per1-per2/ec/c
   ** Automatic attribute: b1686.15-per1-per3/ec/c
** Processing act b$b1686.16
273:          n$matias/m/id=b1686.16-per1
274: 
275:             pai$manuel goncalves/m/id=b1686.16-per1-per2
276:                ls$residencia/casal do pinheiro
277: 
278:             mae$isabel madeira/f/id=b1686.16-per1-per3
279: 
280:             pad$francisco simoes/m/id=b1686.16-per4
281:                ls$residencia/pinheiro
282: 
283:             ppad$domingos simoes/m/id=rb02031686
284:                ls$residencia/pinheiro
285: 
286:             mad$antonia simoes/f/id=b1686.16-per5
287:                rel$parentesco/flha/domingos simoes/rb02031686
288: 
289:       b$b1686.17/3/3/1686/0/0/0/manuel cordeiro
290: 
**** auto rels 2 STARTED.
   ** auto rel: from b1686.16-per1-per2 to b1686.16-per1 parentesco/pai
   ** auto rel: from b1686.16-per1-per3 to b1686.16-per1 parentesco/mae
   ** auto rel: from b1686.16-per1-per2 to b1686.16-per1-per3 parentesco/marido
   ** Automatic attribute: b1686.16-per1-per2/ec/c
   ** Automatic attribute: b1686.16-per1-per3/ec/c
** Processing act b$b1686.17
291:          n$ana/f/id=b1686.17-per1
292: 
293:             pai$antonio goncalves/m/id=b1686.17-per1-per2
294:                ls$residencia/mogadouro
295: 
296:             mae$isabel martins/f/id=b1686.17-per1-per3
297: 
298:             pad$domingos luis/m/obs=talvez da redinha/id=b1686.17-per4
299: 
300:             mad$mariana/f/id=b1686.17-per5
301:                ls$residencia/arroteia, freguesia da redinha
302:                ls$freguesia/redinha
303: 
304:             pmad$manuel andre/m/id=b1686.17-per6
305:                ls$residencia/arroteia, freguesia da redinha
306:                ls$freguesia/redinha
307: 
308:       b$b1686.18/6/3/1686/0/0/0/manuel cordeiro
309: 
**** auto rels 2 STARTED.
   ** auto rel: from b1686.17-per1-per2 to b1686.17-per1 parentesco/pai
   ** auto rel: from b1686.17-per1-per3 to b1686.17-per1 parentesco/mae
   ** auto rel: from b1686.17-per1-per2 to b1686.17-per1-per3 parentesco/marido
   ** Automatic attribute: b1686.17-per1-per2/ec/c
   ** Automatic attribute: b1686.17-per1-per3/ec/c
** Processing act b$b1686.18
310:          n$luisa/f/id=b1686.18-per1
311: 
312:             pai$manuel rodrigues de almeida/m/obs=aqui estanqueiro provavelmente de fora/id=b1686.18-per1-per2
313:                ls$profissao/estanqueiro
314: 
315:             mae$sebastiana da silva/f/id=b1686.18-per1-per3
316: 
317:             pad$luis coelho/m/id=b1686.18-per4
318:                ls$titulo/licenciado
319:                ls$residencia/soure
320: 
321:             pad$amaro de pina/m/id=b1686.18-per5
322:                ls$residencia/soure
323: 
324:       b$b1686.19/17/3/1686/0/0/0/manuel cordeiro
325: 
**** auto rels 2 STARTED.
   ** auto rel: from b1686.18-per1-per2 to b1686.18-per1 parentesco/pai
   ** auto rel: from b1686.18-per1-per3 to b1686.18-per1 parentesco/mae
   ** auto rel: from b1686.18-per1-per2 to b1686.18-per1-per3 parentesco/marido
   ** Automatic attribute: b1686.18-per1-per2/ec/c
   ** Automatic attribute: b1686.18-per1-per3/ec/c
** Processing act b$b1686.19
326:          n$maria/f/id=b1686.19-per1
327: 
328:             pai$manuel mateus/m/id=b1686.19-per1-per2
329:                ls$residencia/casais do espirito santo
330: 
331:             mae$isabel goncalves/f/id=b1686.19-per1-per3
332: 
333:             pad$antonio aires/m/id=b1686.19-per4
334:                ls$residencia/belide
335: 
336:             mad$antonia/f/id=b1686.19-per5
337:                ls$ec/s
338:                ls$residencia/casais do espirito santo
339: 
340:       b$b1686.20/26/3/1686/0/0/0/manuel cordeiro
341: 
**** auto rels 2 STARTED.
   ** auto rel: from b1686.19-per1-per2 to b1686.19-per1 parentesco/pai
   ** auto rel: from b1686.19-per1-per3 to b1686.19-per1 parentesco/mae
   ** auto rel: from b1686.19-per1-per2 to b1686.19-per1-per3 parentesco/marido
   ** Automatic attribute: b1686.19-per1-per2/ec/c
   ** Automatic attribute: b1686.19-per1-per3/ec/c
** Processing act b$b1686.20
342:          n$maria/f/id=b1686.20-per1
343: 
344:             pai$gaspar de matos/m/id=b1686.20-per1-per2
345:                ls$residencia/casa velha
346: 
347:             mae$teresa da costa/f/id=b1686.20-per1-per3
348: 
349:             pad$francisco joao/m/id=b1686.20-per4
350:                ls$residencia/casa velha
351: 
352:             mad$maria francisca/f/id=b1686.20-per5
353: 
354:             pmad$manuel francisco gabriel/m/id=b1686.20-per6
355:                ls$residencia/casa velha
356: 
357:       b$b1686.21/27/3/1686/0/0/0/jeronimo mendes
358: 
**** auto rels 2 STARTED.
   ** auto rel: from b1686.20-per1-per2 to b1686.20-per1 parentesco/pai
   ** auto rel: from b1686.20-per1-per3 to b1686.20-per1 parentesco/mae
   ** auto rel: from b1686.20-per1-per2 to b1686.20-per1-per3 parentesco/marido
   ** Automatic attribute: b1686.20-per1-per2/ec/c
   ** Automatic attribute: b1686.20-per1-per3/ec/c
** Processing act b$b1686.21
359:          referido$jeronimo mendes/id=rb27021686
360:             ls$profissao/padre
361: 
362:          n$manuel/m/id=b1686.21-per1
363: 
364:             pai$manuel rodrigues/m/id=b1686.21-per1-per2
365:                ls$residencia/caldeiros
366: 
367:             mae$isabel de oliveira/f/id=b1686.21-per1-per3
368: 
369:             pad$antonio/m/id=b1686.21-per4
370: 
371:             ppad$manuel joao?/m/id=b1686.21-per5
372:                ls$alcunha/mau
373:                ls$morto/antes
374: 
375:             mad$catarina joao/f/id=b1686.21-per6
376:                ls$residencia/simoes
377: 
378:             mrmad$domingos gomes/m/id=b1686.21-per7
379:                ls$residencia/simoes
380: 
381:       b$b1686.22/1/4/1686/0/0/0/manuel cordeiro
382: 
**** auto rels 2 STARTED.
   ** auto rel: from b1686.21-per1-per2 to b1686.21-per1 parentesco/pai
   ** auto rel: from b1686.21-per1-per3 to b1686.21-per1 parentesco/mae
   ** auto rel: from b1686.21-per1-per2 to b1686.21-per1-per3 parentesco/marido
   ** Automatic attribute: b1686.21-per1-per2/ec/c
   ** Automatic attribute: b1686.21-per1-per3/ec/c
** Processing act b$b1686.22
383:          referido$lopo nunes pinto/id=rb01041686
384:             ls$profissao/padre
385: 
386:          n$teodosio/m/id=b1686.22-per1
387: 
388:             pai$alexandre mendes/m/id=b1686.22-per1-per2
389:                ls$residencia/soure
390: 
391:             mae$catarina de jesus?/f/id=b1686.22-per1-per3
392: 
393:             pad$joao alves/m/id=b1686.22-per4
394:                ls$residencia/casal do almeida
395: 
396:             mad$isabel galvao/f/id=b1686.22-per5
397:                ls$residencia/casais de s.mateus
398: 
399:       b$b1686.23/15/4/1686/0/0/0/manuel cordeiro
400: 
**** auto rels 2 STARTED.
   ** auto rel: from b1686.22-per1-per2 to b1686.22-per1 parentesco/pai
   ** auto rel: from b1686.22-per1-per3 to b1686.22-per1 parentesco/mae
   ** auto rel: from b1686.22-per1-per2 to b1686.22-per1-per3 parentesco/marido
   ** Automatic attribute: b1686.22-per1-per2/ec/c
   ** Automatic attribute: b1686.22-per1-per3/ec/c
** Processing act b$b1686.23
401:          n$joao/m/id=b1686.23-per1
402: 
403:             pai$manuel jorge/m/id=b1686.23-per1-per2
404: 
405:             mae$antonia rodrigues/f/id=b1686.23-per1-per3
406: 
407:             pad$manuel simoes/m/id=b1686.23-per4
408:                ls$ec/s
409: 
410:             mad$isabel/f/id=b1686.23-per5
411:                ls$ec/s
412: 
413:             pmad$manuel francisco/m/id=b1686.23-per6
414:                ls$residencia/barril
415: 
416:             mmad$maria esteves/f/id=b1686.23-per7
417: 
418:       b$b1686.24/25/4/1686/0/0/0/manuel cordeiro
419: 
**** auto rels 2 STARTED.
   ** auto rel: from b1686.23-per1-per2 to b1686.23-per1 parentesco/pai
   ** auto rel: from b1686.23-per1-per3 to b1686.23-per1 parentesco/mae
   ** auto rel: from b1686.23-per1-per2 to b1686.23-per1-per3 parentesco/marido
   ** Automatic attribute: b1686.23-per1-per2/ec/c
   ** Automatic attribute: b1686.23-per1-per3/ec/c
   ** auto rel: from b1686.23-per6 to b1686.23-per7 parentesco/marido
** Processing act b$b1686.24
420:          n$pascoal/m/id=b1686.24-per1
421: 
422:             pai$tome rodrigues/m/id=b1686.24-per1-per2
423:                ls$residencia/casal da fonte da bica
424: 
425:             mae$isabel francisca/f/id=b1686.24-per1-per3
426: 
427:             pad$simao rodrigues/m/id=rb25041686b
428:                ls$residencia/lisboa, freguesia de lisboa ?
429: 
430:             mad$antonia/f/id=b1686.24-per4
431: 
432:             pmad$manuel francisco/m/id=b1686.24-per5
433:                ls$residencia/simoes
434:                rel$sociabilidade/procurador em baptismo%tocou por ele/simao rodrigues/rb25041686b
435: 
436:       b$b1686.25/3/5/1686/0/0/0/manuel rodrigues do passo
437: 
**** auto rels 2 STARTED.
   ** auto rel: from b1686.24-per1-per2 to b1686.24-per1 parentesco/pai
   ** auto rel: from b1686.24-per1-per3 to b1686.24-per1 parentesco/mae
   ** auto rel: from b1686.24-per1-per2 to b1686.24-per1-per3 parentesco/marido
   ** Automatic attribute: b1686.24-per1-per2/ec/c
   ** Automatic attribute: b1686.24-per1-per3/ec/c
** Processing act b$b1686.25
438:          n$josefa/f/id=b1686.25-per1
439: 
440:             pai$domingos fernandes/m/id=b1686.25-per1-per2
441:                ls$residencia/casa velha
442: 
443:             mae$maria goncalves/f/id=b1686.25-per1-per3
444: 
445:             pad$francisco joao/m/id=b1686.25-per4
446:                ls$residencia/casa velha
447: 
448:             mad$maria jorge/f/id=b1686.25-per5
449:                ls$residencia/soure
450: 
451:       b$b1686.26/6/5/1686/0/0/0/manuel cordeiro
452: 
**** auto rels 2 STARTED.
   ** auto rel: from b1686.25-per1-per2 to b1686.25-per1 parentesco/pai
   ** auto rel: from b1686.25-per1-per3 to b1686.25-per1 parentesco/mae
   ** auto rel: from b1686.25-per1-per2 to b1686.25-per1-per3 parentesco/marido
   ** Automatic attribute: b1686.25-per1-per2/ec/c
   ** Automatic attribute: b1686.25-per1-per3/ec/c
** Processing act b$b1686.26
453:          n$maria/f/id=b1686.26-per1
454: 
455:             pai$joao simoes/m/id=b1686.26-per1-per2
456:                ls$residencia/casa velha
457: 
458:             mae$maria pereira/f/id=b1686.26-per1-per3
459: 
460:             pad$manuel cordeiro/m/id=b1686.26-per4
461:                ls$profissao/padre
462: 
463:             mad$isabel/f/id=b1686.26-per5
464:                ls$ec/s
465: 
466:             pmad$sebastiao domingues/m/id=b1686.26-per6
467:                ls$residencia/casa velha
468: 
469:       b$b1686.27/9/5/1686/0/0/0/manuel cordeiro/obs=subc, por ordem da camara
470: 
**** auto rels 2 STARTED.
   ** auto rel: from b1686.26-per1-per2 to b1686.26-per1 parentesco/pai
   ** auto rel: from b1686.26-per1-per3 to b1686.26-per1 parentesco/mae
   ** auto rel: from b1686.26-per1-per2 to b1686.26-per1-per3 parentesco/marido
   ** Automatic attribute: b1686.26-per1-per2/ec/c
   ** Automatic attribute: b1686.26-per1-per3/ec/c
** Processing act b$b1686.27
471:          n$luis/m/id=b1686.27-per1
472:             ls$engeitado/sim
473: 
474:             pad$luis coelho dos reis/m/id=b1686.27-per2
475:                ls$residencia/soure
476:                ls$titulo/licenciado
477: 
478:       b$b1686.28/11/5/1686/0/0/0/manuel cordeiro/obs=dois padrinhos nenhuma madrinha
479: 
**** auto rels 2 STARTED.
** Processing act b$b1686.28
480:          n$manuel/m/id=b1686.28-per1
481: 
482:             pai$simao afonso/m/id=b1686.28-per1-per2
483:                ls$residencia/paleao
484: 
485:             mae$maria domingues/f/id=b1686.28-per1-per3
486: 
487:             pad$joao da costa de vasconcelos/m/id=b1686.28-per4
488:                ls$residencia/soure
489: 
490:             pad$paulo ribeiro cabral/m/mesmo_que=c24-7/id=b1686.28-per5
491:                ls$residencia/soure
492: 
493:       b$b1686.29/11/5/1686/0/0/0/manuel cordeiro
494: 
**** auto rels 2 STARTED.
   ** auto rel: from b1686.28-per1-per2 to b1686.28-per1 parentesco/pai
   ** auto rel: from b1686.28-per1-per3 to b1686.28-per1 parentesco/mae
   ** auto rel: from b1686.28-per1-per2 to b1686.28-per1-per3 parentesco/marido
   ** Automatic attribute: b1686.28-per1-per2/ec/c
   ** Automatic attribute: b1686.28-per1-per3/ec/c
** Processing act b$b1686.29
495:          n$filipe/m/id=b1686.29-per1
496: 
497:             pai$domingos rodrigues/m/id=b1686.29-per1-per2
498:                ls$residencia/casais das barrosas
499: 
500:             mae$maria rosado/f/id=b1686.29-per1-per3
501: 
502:             pad$joao lourenco/m/id=b1686.29-per4
503: 
504:             mad$domingas/f/id=b1686.29-per5
505:                ls$ec/s
506: 
507:             pmad$mateus dias/m/id=b1686.29-per6
508:                ls$alcunha/benzedor
509: 
510:       b$b1686.30/16/5/1686/0/0/0/manuel cordeiro
511: 
**** auto rels 2 STARTED.
   ** auto rel: from b1686.29-per1-per2 to b1686.29-per1 parentesco/pai
   ** auto rel: from b1686.29-per1-per3 to b1686.29-per1 parentesco/mae
   ** auto rel: from b1686.29-per1-per2 to b1686.29-per1-per3 parentesco/marido
   ** Automatic attribute: b1686.29-per1-per2/ec/c
   ** Automatic attribute: b1686.29-per1-per3/ec/c
** Processing act b$b1686.30
512:          n$domingos/m/id=b1686.30-per1
513: 
514:             pai$domingos dias/m/id=b1686.30-per1-per2
515:                ls$alcunha/duque
516: 
517:             mae$nome desconhecido/f/id=b1686.30-per1-per3
518: 
519:             pad$jose velho/m/id=b1686.30-per4
520:                ls$residencia/soure
521: 
522:             mad$maria/f/id=b1686.30-per5
523:                ls$ec/s
524: 
525:             mmad$maria duca#sic/f/id=b1686.30-per6
526:                ls$residencia/casal do espirito santo
527: 
528:       b$b1686.31/19/5/1686/0/0/0/manuel cordeiro
529: 
**** auto rels 2 STARTED.
   ** auto rel: from b1686.30-per1-per2 to b1686.30-per1 parentesco/pai
   ** auto rel: from b1686.30-per1-per3 to b1686.30-per1 parentesco/mae
   ** auto rel: from b1686.30-per1-per2 to b1686.30-per1-per3 parentesco/marido
   ** Automatic attribute: b1686.30-per1-per2/ec/c
   ** Automatic attribute: b1686.30-per1-per3/ec/c
** Processing act b$b1686.31
530:          n$catarina/f/id=b1686.31-per1
531: 
532:             pai$antonio gomes/m/id=b1686.31-per1-per2
533:                ls$residencia/casais dos bonitos
534: 
535:             mae$domingas de oliveira/f/id=b1686.31-per1-per3
536: 
537:             pad$francisco joao/m/id=b1686.31-per4
538:                ls$residencia/casais dos bonitos
539: 
540:             mad$maria francisca/f/id=b1686.31-per5
541:                ls$residencia/casais dos bonitos
542: 
543:       b$b1686.32/3/6/1686/0/0/0/manuel cordeiro
544: 
**** auto rels 2 STARTED.
   ** auto rel: from b1686.31-per1-per2 to b1686.31-per1 parentesco/pai
   ** auto rel: from b1686.31-per1-per3 to b1686.31-per1 parentesco/mae
   ** auto rel: from b1686.31-per1-per2 to b1686.31-per1-per3 parentesco/marido
   ** Automatic attribute: b1686.31-per1-per2/ec/c
   ** Automatic attribute: b1686.31-per1-per3/ec/c
** Processing act b$b1686.32
545:          n$antonia/f/id=b1686.32-per1
546: 
547:             pai$manuel francisc/m/id=b1686.32-per1-per2
548:                ls$residencia/mogadouro
549: 
550:             mae$antonia goncalves/f/id=b1686.32-per1-per3
551: 
552:             pad$manuel rodrigues/m/id=b1686.32-per4
553:                ls$residencia/figueirinhas
554: 
555:             mad$mariana/f/id=b1686.32-per5
556:                ls$ec/s
557:                ls$freguesia/redinha
558: 
559:             pmad$manuel andre/m/id=b1686.32-per6
560:                ls$residencia/freguesia da redinha
561:                ls$freguesia/redinha
562: 
563:             mmad$isabel de miranda/f/id=b1686.32-per7
564:                ls$residencia/freguesia da redinha
565:                ls$freguesia/redinha
566: 
567:       b$b1686.33/9/6/1686/0/0/0/manuel cordeiro/obs=2 padrinhos 0 madrinhas
568: 
**** auto rels 2 STARTED.
   ** auto rel: from b1686.32-per1-per2 to b1686.32-per1 parentesco/pai
   ** auto rel: from b1686.32-per1-per3 to b1686.32-per1 parentesco/mae
   ** auto rel: from b1686.32-per1-per2 to b1686.32-per1-per3 parentesco/marido
   ** Automatic attribute: b1686.32-per1-per2/ec/c
   ** Automatic attribute: b1686.32-per1-per3/ec/c
   ** auto rel: from b1686.32-per6 to b1686.32-per7 parentesco/marido
** Processing act b$b1686.33
569:          n$antonio/m/id=b1686.33-per1
570: 
571:             pai$diogo jorge/m/id=b1686.33-per1-per2
572:                ls$residencia/paleao
573: 
574:             mae$maria simoes/f/id=b1686.33-per1-per3
575: 
576:             pad$manuel soares galvao/m/id=b1686.33-per4
577: 
578:             pad$manuel/m/id=b1686.33-per5
579: 
580:             ppad$antonio mendes/m/id=b1686.33-per6
581:                ls$residencia/casais de s.mateus
582: 
583:       b$b1686.34/16/6/1686/0/0/0/manuel cordeiro
584: 
**** auto rels 2 STARTED.
   ** auto rel: from b1686.33-per1-per2 to b1686.33-per1 parentesco/pai
   ** auto rel: from b1686.33-per1-per3 to b1686.33-per1 parentesco/mae
   ** auto rel: from b1686.33-per1-per2 to b1686.33-per1-per3 parentesco/marido
   ** Automatic attribute: b1686.33-per1-per2/ec/c
   ** Automatic attribute: b1686.33-per1-per3/ec/c
** Processing act b$b1686.34
585:          n$maria/f/id=b1686.34-per1
586: 
587:             pai$joao goncalves/m/id=b1686.34-per1-per2
588:                ls$residencia/alencarce de baixo
589: 
590:             mae$maria rodrigues/f/id=b1686.34-per1-per3
591: 
592:             pad$mateus goncalves/m/id=b1686.34-per4
593:                ls$residencia/casal dos cavaleiros
594: 
595:             mad$isabel/f/id=b1686.34-per5
596:                ls$ec/s
597: 
598:             pmad$domingos pires/m/id=b1686.34-per6
599:                ls$residencia/carvalheira
600: 
601:             mmad$isabel joao/f/id=b1686.34-per7
602: 
603:       b$b1686.35/16/6/1686/0/0/0/manuel cordeiro
604: 
**** auto rels 2 STARTED.
   ** auto rel: from b1686.34-per1-per2 to b1686.34-per1 parentesco/pai
   ** auto rel: from b1686.34-per1-per3 to b1686.34-per1 parentesco/mae
   ** auto rel: from b1686.34-per1-per2 to b1686.34-per1-per3 parentesco/marido
   ** Automatic attribute: b1686.34-per1-per2/ec/c
   ** Automatic attribute: b1686.34-per1-per3/ec/c
   ** auto rel: from b1686.34-per6 to b1686.34-per7 parentesco/marido
** Processing act b$b1686.35
605:          n$maria/f/id=b1686.35-per1
606: 
607:             pai$manuel gomes derreado/m/id=b1686.35-per1-per2
608:                ls$residencia/paleao
609: 
610:             mae$maria gomes/f/id=b1686.35-per1-per3
611: 
612:             pad$joao de oliveira/m/id=b1686.35-per4
613: 
614:             mad$maria/f/id=b1686.35-per5
615:                ls$residencia/paleao
616: 
617:             pmad$simao jorge/m/id=b1686.35-per6
618:                ls$residencia/paleao
619: 
620:             mmad$domingas goncalves/f/id=b1686.35-per7
621: 
622:       b$b1686.36/21/6/1686/0/0/0/ventura martins
623: 
**** auto rels 2 STARTED.
   ** auto rel: from b1686.35-per1-per2 to b1686.35-per1 parentesco/pai
   ** auto rel: from b1686.35-per1-per3 to b1686.35-per1 parentesco/mae
   ** auto rel: from b1686.35-per1-per2 to b1686.35-per1-per3 parentesco/marido
   ** Automatic attribute: b1686.35-per1-per2/ec/c
   ** Automatic attribute: b1686.35-per1-per3/ec/c
   ** auto rel: from b1686.35-per6 to b1686.35-per7 parentesco/marido
** Processing act b$b1686.36
624:          n$manuel/m/id=b1686.36-per1
625: 
626:             pai$manuel dias duqueso?/m/id=b1686.36-per1-per2
627:                ls$residencia/soure
628: 
629:             mae$teresa rodrigues/f/id=b1686.36-per1-per3
630: 
631:             pad$pedro de meneses/m/id=b1686.36-per4
632:                ls$titulo/dom
633:                ls$residencia/soure
634: 
635:             mad$madalena pinto/f/id=b1686.36-per5
636:                ls$residencia/soure
637: 
638:             mrmad$antonio lopes/m/id=b1686.36-per6
639:                ls$residencia/soure
640: 
641:       b$b1686.37/23/6/1686/0/0/0/manuel cordeiro
642: 
**** auto rels 2 STARTED.
   ** auto rel: from b1686.36-per1-per2 to b1686.36-per1 parentesco/pai
   ** auto rel: from b1686.36-per1-per3 to b1686.36-per1 parentesco/mae
   ** auto rel: from b1686.36-per1-per2 to b1686.36-per1-per3 parentesco/marido
   ** Automatic attribute: b1686.36-per1-per2/ec/c
   ** Automatic attribute: b1686.36-per1-per3/ec/c
** Processing act b$b1686.37
643:          n$maria/f/id=b1686.37-per1
644: 
645:             pai$manuel leao/m/id=b1686.37-per1-per2
646:                ls$residencia/laje
647: 
648:             mae$maria francisca/f/id=b1686.37-per1-per3
649: 
650:             pad$manuel rodrigues marmelo/m/id=rb23061686
651: 
652:             mad$antonia madeira/f/id=b1686.37-per4
653:                rel$parentesco/mulher/manuel rodrigues marmelo/rb23061686
654: 
655:       b$b1686.38/1/7/1686/0/0/0/manuel cordeiro
656: 
**** auto rels 2 STARTED.
   ** auto rel: from b1686.37-per1-per2 to b1686.37-per1 parentesco/pai
   ** auto rel: from b1686.37-per1-per3 to b1686.37-per1 parentesco/mae
   ** auto rel: from b1686.37-per1-per2 to b1686.37-per1-per3 parentesco/marido
   ** Automatic attribute: b1686.37-per1-per2/ec/c
   ** Automatic attribute: b1686.37-per1-per3/ec/c
** Processing act b$b1686.38
657:          n$manuel/m/id=b1686.38-per1
658: 
659:             pai$manuel gaspar/m/id=b1686.38-per1-per2
660:                ls$residencia/casais dos simoes
661: 
662:             mae$antonia goncalves/f/id=b1686.38-per1-per3
663: 
664:             pad$manuel gomes/m/id=rb01071686
665:                ls$residencia/meires
666: 
667:             mad$maria joao/f/id=b1686.38-per4
668:                rel$parentesco/mulher/manuel gomes/rb01071686
669: 
670:       b$b1686.38bis/1/7%junho, mas e'erro/1686/0/0/0/manuel cordeiro/obs=so o nome da crianca
671: 
**** auto rels 2 STARTED.
   ** auto rel: from b1686.38-per1-per2 to b1686.38-per1 parentesco/pai
   ** auto rel: from b1686.38-per1-per3 to b1686.38-per1 parentesco/mae
   ** auto rel: from b1686.38-per1-per2 to b1686.38-per1-per3 parentesco/marido
   ** Automatic attribute: b1686.38-per1-per2/ec/c
   ** Automatic attribute: b1686.38-per1-per3/ec/c
** Processing act b$b1686.38bis
672:          n$mateus/m/id=b1686.38bis-per1
673: 
674:       b$b1686.39/1/7/1686/0/0/0/manuel cordeiro
675: 
**** auto rels 2 STARTED.
** Processing act b$b1686.39
676:          n$joao/m/id=b1686.39-per1
677: 
678:             pai$manuel dias/m/id=b1686.39-per1-per2
679:                ls$residencia/casais da misericordia
680: 
681:             mae$francisca da silva/f/id=b1686.39-per1-per3
682: 
683:             pad$jose dias/m/id=b1686.39-per4
684: 
685:             mad$maria/f/id=b1686.39-per5
686:                ls$ec/s
687: 
688:             pmad$diogo domingues/m/id=b1686.39-per6
689:                ls$residencia/simoes
690: 
691:       b$b1686.40/5/7/1686/0/0/0/manuel cordeiro
692: 
**** auto rels 2 STARTED.
   ** auto rel: from b1686.39-per1-per2 to b1686.39-per1 parentesco/pai
   ** auto rel: from b1686.39-per1-per3 to b1686.39-per1 parentesco/mae
   ** auto rel: from b1686.39-per1-per2 to b1686.39-per1-per3 parentesco/marido
   ** Automatic attribute: b1686.39-per1-per2/ec/c
   ** Automatic attribute: b1686.39-per1-per3/ec/c
** Processing act b$b1686.40
693:          n$joana/f/id=b1686.40-per1
694: 
695:             pai$bartolomeu antunes/m/id=b1686.40-per1-per2
696:                ls$residencia/casal do livreiro
697: 
698:             mae$isabel luis/f/id=b1686.40-per1-per3
699: 
700:             pad$antonio de sequeira baracho/m/id=baracho
701:                ls$profissao/padre
702:                ls$cargo/prior de penela
703:                ls$freguesia/penela
704: 
705:             procurador-pad$manuel mateus/id=rb05071686
706:                ls$profissao/padre
707:                ls$titulo/frei
708:                ls$cargo/beneficiado na igreja de soure
709: 
710:                mad$maria madeira/f/id=b1686.40-per4
711: 
712:                mrmad$manuel antunes/m/id=b1686.40-per5
713:                   ls$residencia/casal do livreiro
714: 
715:       b$b1686.41/7/7/1686/0/0/0/manuel cordeiro
716: 
**** auto rels 2 STARTED.
   ** auto rel: from b1686.40-per1-per2 to b1686.40-per1 parentesco/pai
   ** auto rel: from b1686.40-per1-per3 to b1686.40-per1 parentesco/mae
   ** auto rel: from b1686.40-per1-per2 to b1686.40-per1-per3 parentesco/marido
   ** Automatic attribute: b1686.40-per1-per2/ec/c
   ** Automatic attribute: b1686.40-per1-per3/ec/c
   ** auto rel: from rb05071686 to baracho sociabilidade/procurador
** Processing act b$b1686.41
717:          n$paula/f/id=b1686.41-per1
718: 
719:             pai$antonio dinis/m/id=b1686.41-per1-per2
720:                ls$residencia/areias
721: 
722:             mae$maria rodrigues/f/id=b1686.41-per1-per3
723: 
724:             mad$maria/f/id=b1686.41-per4
725:                ls$residencia/mogadouro
726: 
727:             pmad$gaspar francisco/m/id=rb07071686
728:                ls$residencia/mogadouro
729: 
730:             pad$gaspar francisco/m/mesmo_que=rb07071686/id=b1686.41-per5
731: 
732:       b$b1686.42/7/7/1686/0/0/0/manuel cordeiro/obs= ja batizada em necessidade por vir muito fraca pelo padre Luis Alvares Coelho de V.a N.a de ancos
733: 
**** auto rels 2 STARTED.
   ** auto rel: from b1686.41-per1-per2 to b1686.41-per1 parentesco/pai
   ** auto rel: from b1686.41-per1-per3 to b1686.41-per1 parentesco/mae
   ** auto rel: from b1686.41-per1-per2 to b1686.41-per1-per3 parentesco/marido
   ** Automatic attribute: b1686.41-per1-per2/ec/c
   ** Automatic attribute: b1686.41-per1-per3/ec/c
** Processing act b$b1686.42
734:          n$maria/f/id=b1686.42-per1
735: 
736:             pai$antonio machado/m/id=b1686.42-per1-per2
737: 
738:             mae$maria mendes/f/id=b1686.42-per1-per3
739: 
740:             mad$antonia/f/id=b1686.42-per4
741:                ls$residencia/soure
742: 
743:             pmad$sebastiao colaco/m/id=rb16860707
744: 
745:             pad$sebastiao colaco/m/mesmo_que=rb16860707/id=b1686.42-per5
746: 
747:       b$b1686.43/7/7/1686/0/0/0/manuel cordeiro
748: 
**** auto rels 2 STARTED.
   ** auto rel: from b1686.42-per1-per2 to b1686.42-per1 parentesco/pai
   ** auto rel: from b1686.42-per1-per3 to b1686.42-per1 parentesco/mae
   ** auto rel: from b1686.42-per1-per2 to b1686.42-per1-per3 parentesco/marido
   ** Automatic attribute: b1686.42-per1-per2/ec/c
   ** Automatic attribute: b1686.42-per1-per3/ec/c
** Processing act b$b1686.43
749:          n$manuel/m/id=b1686.43-per1
750: 
751:             pai$mateus jorge/m/id=b1686.43-per1-per2
752:                ls$residencia/paleao
753: 
754:             mae$maria afonso/m/id=b1686.43-per1-per3
755: 
756:             pad$manuel colaco/m/id=b1686.43-per4
757:                ls$titulo/frei
758:                ls$profissao/padre
759:                ls$cargo/beneficiado na igreja de soure
760: 
761:             mad$maria galvao/f/id=b1686.43-per5
762: 
763:             mrmad$manuel marques/m/id=b1686.43-per6
764:                ls$residencia/paleao
765: 
766:       b$b1686.44/14/7/1686/0/0/0/joao francisco
767: 
**** auto rels 2 STARTED.
   ** auto rel: from b1686.43-per1-per2 to b1686.43-per1 parentesco/pai
   ** auto rel: from b1686.43-per1-per3 to b1686.43-per1 parentesco/mae
   ** auto rel: from b1686.43-per1-per2 to b1686.43-per1-per3 parentesco/marido
   ** Automatic attribute: b1686.43-per1-per2/ec/c
   ** Automatic attribute: b1686.43-per1-per3/ec/c
** Processing act b$b1686.44
768:          referido$joao francisco/id=rb14071686
769:             ls$profissao/padre
770:             ls$residencia/soure
771: 
772:          n$jacinta/f/id=b1686.44-per1
773: 
774:             pai$jose rodrigues/m/id=b1686.44-per1-per2
775:                ls$residencia/casal de jorge leao
776: 
777:             mae$isabel rodrigues/f/id=b1686.44-per1-per3
778: 
779:             pad$joao da costa de vasconcelos/m/id=b1686.44-per4
780: 
781:             mad$jacinta/f/id=b1686.44-per5
782:                ls$titulo/dona
783: 
784:             pmad$paulo ribeiro cabral/m/mesmo_que=c24-7/id=b1686.44-per6
785: 
786:       b$b1686.45/21/7/1686/0/0/0/manuel cordeiro
787: 
**** auto rels 2 STARTED.
   ** auto rel: from b1686.44-per1-per2 to b1686.44-per1 parentesco/pai
   ** auto rel: from b1686.44-per1-per3 to b1686.44-per1 parentesco/mae
   ** auto rel: from b1686.44-per1-per2 to b1686.44-per1-per3 parentesco/marido
   ** Automatic attribute: b1686.44-per1-per2/ec/c
   ** Automatic attribute: b1686.44-per1-per3/ec/c
** Processing act b$b1686.45
788:          n$luisa/f/id=b1686.45-per1
789: 
790:             pai$joao rodrigues galinha/m/id=b1686.45-per1-per2
791:                ls$residencia/paleao
792: 
793:             mae$maria rodrigues/f/id=b1686.45-per1-per3
794: 
795:             pad$joao de oliveira/m/id=b1686.45-per4
796:                ls$residencia/paleao
797: 
798:             mad$maria gomes/f/id=b1686.45-per5
799: 
800:             mrmad$manuel gomes/m/id=b1686.45-per6
801:                ls$residencia/paleao
802: 
803:       b$b1686.46/28/7/1686/0/0/0/manuel cordeiro
804: 
**** auto rels 2 STARTED.
   ** auto rel: from b1686.45-per1-per2 to b1686.45-per1 parentesco/pai
   ** auto rel: from b1686.45-per1-per3 to b1686.45-per1 parentesco/mae
   ** auto rel: from b1686.45-per1-per2 to b1686.45-per1-per3 parentesco/marido
   ** Automatic attribute: b1686.45-per1-per2/ec/c
   ** Automatic attribute: b1686.45-per1-per3/ec/c
** Processing act b$b1686.46
805:          n$isabel/f/id=b1686.46-per1
806: 
807:             pai$antonio rodrigues/m/id=b1686.46-per1-per2
808:                ls$residencia/casais dos louzoes
809: 
810:             mae$maria rodrigues/f/id=b1686.46-per1-per3
811: 
812:             pad$manuel cordeiro/m/id=b1686.46-per4
813:                ls$profissao/padre
814: 
815:             mad$maria simoes/f/id=b1686.46-per5
816:                ls$residencia/casais dos louzoes
817: 
818:       b$b1686.47/4/8/1686/0/0/0/manuel cordeiro
819: 
**** auto rels 2 STARTED.
   ** auto rel: from b1686.46-per1-per2 to b1686.46-per1 parentesco/pai
   ** auto rel: from b1686.46-per1-per3 to b1686.46-per1 parentesco/mae
   ** auto rel: from b1686.46-per1-per2 to b1686.46-per1-per3 parentesco/marido
   ** Automatic attribute: b1686.46-per1-per2/ec/c
   ** Automatic attribute: b1686.46-per1-per3/ec/c
** Processing act b$b1686.47
820:          n$joao/m/id=b1686.47-per1
821: 
822:             pai$francisco joao/m/id=b1686.47-per1-per2
823:                ls$residencia/delgados
824: 
825:             mae$francisca gaspar/f/id=b1686.47-per1-per3
826: 
827:             pad$joao luis/m/id=b1686.47-per4
828:                ls$residencia/agudos, freguesia da redinha
829:                ls$freguesia/redinha
830: 
831:             mad$maria/f/id=b1686.47-per5
832:                ls$ec/s
833:                ls$freguesia/redinha
834: 
835:             pmad$antonio carvalho/m/id=b1686.47-per6
836:                ls$freguesia/redinha
837: 
838:       b$b1686.48/21/8/1686/0/0/0/manuel cordeiro
839: 
**** auto rels 2 STARTED.
   ** auto rel: from b1686.47-per1-per2 to b1686.47-per1 parentesco/pai
   ** auto rel: from b1686.47-per1-per3 to b1686.47-per1 parentesco/mae
   ** auto rel: from b1686.47-per1-per2 to b1686.47-per1-per3 parentesco/marido
   ** Automatic attribute: b1686.47-per1-per2/ec/c
   ** Automatic attribute: b1686.47-per1-per3/ec/c
** Processing act b$b1686.48
840:          n$manuel/m/id=b1686.48-per1
841: 
842:             pai$manuel madeira/m/id=b1686.48-per1-per2
843:                ls$residencia/paleao
844: 
845:             mae$maria leao/f/id=b1686.48-per1-per3
846: 
847:             mad$maria/f/id=b1686.48-per4
848:                ls$residencia/paleao
849: 
850:             pmad$manuel gomes/m/id=rb21081686
851:                ls$alcunha/velho
852:                ls$residencia/paleao
853: 
854:             pad$manuel gomes/m/mesmo_que=rb21081686/id=b1686.48-per5
855:                ls$residencia/paleao
856: 
857:       b$b1686.49/28/8/1686/0/0/0/manuel cordeiro
858: 
**** auto rels 2 STARTED.
   ** auto rel: from b1686.48-per1-per2 to b1686.48-per1 parentesco/pai
   ** auto rel: from b1686.48-per1-per3 to b1686.48-per1 parentesco/mae
   ** auto rel: from b1686.48-per1-per2 to b1686.48-per1-per3 parentesco/marido
   ** Automatic attribute: b1686.48-per1-per2/ec/c
   ** Automatic attribute: b1686.48-per1-per3/ec/c
** Processing act b$b1686.49
859:          n$manuel/m/id=b1686.49-per1
860: 
861:             pai$bartolo goncalves/m/id=b1686.49-per1-per2
862:                ls$residencia/vale da borra
863: 
864:             mae$maria simoes/f/id=b1686.49-per1-per3
865: 
866:             pad$joao duarte/m/id=b1686.49-per4
867:                ls$residencia/casa velha
868: 
869:             mad$maria francisca/f/id=b1686.49-per5
870: 
871:             mrmad$manuel joao/m/id=b1686.49-per6
872:                ls$residencia/casalinhos
873: 
874:       b$b1686.50/29/8/1686/0/0/0/manuel rodrigues passo/obs=disseram ser filha de.... ao fundo do fol.40 vem uma nota do vigario Luis Alvares Pinto dizendo que fora a mae que denunciara o nome do pai. Esta nota tem a data de 20-3-1703.
875: 
**** auto rels 2 STARTED.
   ** auto rel: from b1686.49-per1-per2 to b1686.49-per1 parentesco/pai
   ** auto rel: from b1686.49-per1-per3 to b1686.49-per1 parentesco/mae
   ** auto rel: from b1686.49-per1-per2 to b1686.49-per1-per3 parentesco/marido
   ** Automatic attribute: b1686.49-per1-per2/ec/c
   ** Automatic attribute: b1686.49-per1-per3/ec/c
** Processing act b$b1686.50
876:          n$mariana/f/id=b1686.50-per1
877:             ls$ilegitimo/sim
878: 
879:             pai$paulo marques/m/id=b1686.50-per1-per2
880:                ls$residencia/casa velha
881: 
882:             mae$francisca rosado/f/id=b1686.50-per1-per3
883:                ls$ec/s
884:                ls$residencia/casa velha
885: 
886:             pad$manuel nunes/m/id=b1686.50-per4
887:                ls$residencia/casa velha
888: 
889:             mad$maria francisca/f/id=b1686.50-per5
890:                ls$residencia/casa velha
891:                ls$ec/s
892: 
893:       b$b1686.51/2/9/1686/0/0/0/manuel cordeiro
894: 
**** auto rels 2 STARTED.
   ** auto rel: from b1686.50-per1-per2 to b1686.50-per1 parentesco/pai
   ** auto rel: from b1686.50-per1-per3 to b1686.50-per1 parentesco/mae
   ** auto rel: from b1686.50-per1-per2 to b1686.50-per1-per3 parentesco/marido
   ** Automatic attribute: b1686.50-per1-per2/ec/c
   ** Automatic attribute: b1686.50-per1-per3/ec/c
** Processing act b$b1686.51
895:          n$jose/m/id=b1686.51-per1
896: 
897:             pai$joao de brito/m/id=b1686.51-per1-per2
898:                ls$residencia/sobral
899: 
900:             mae$maria jorge/f/id=b1686.51-per1-per3
901: 
902:             mad$maria/f/id=b1686.51-per4
903: 
904:             pmad$antonio simoes cordeiro/m/id=rb02091686
905: 
906:             pad$antonio simao cordeiro/m/mesmo_que=rb02091686/id=b1686.51-per5
907:                ls$residencia/sobral
908: 
909:       b$b1686.52/4/9/1686/0/0/0/manuel cordeiro
910: 
**** auto rels 2 STARTED.
   ** auto rel: from b1686.51-per1-per2 to b1686.51-per1 parentesco/pai
   ** auto rel: from b1686.51-per1-per3 to b1686.51-per1 parentesco/mae
   ** auto rel: from b1686.51-per1-per2 to b1686.51-per1-per3 parentesco/marido
   ** Automatic attribute: b1686.51-per1-per2/ec/c
   ** Automatic attribute: b1686.51-per1-per3/ec/c
** Processing act b$b1686.52
911:          n$joao/m/id=b1686.52-per1
912: 
913:             pai$simao domingues/m/id=b1686.52-per1-per2
914:                ls$residencia/sobral
915: 
916:             mae$maria/f/id=b1686.52-per1-per3
917: 
918:             pad$joao goncalves/m/id=b1686.52-per4
919: 
920:             ppad$joao goncalves vargas/m/id=b1686.52-per5
921:                ls$residencia/sobral
922: 
923:             mad$domingas/f/id=b1686.52-per6
924:                ls$ec/s
925:                rel$parentesco/irma/manuel da costa/rb04091686
926: 
927:             referido$manuel da costa/id=rb04091686
928:                ls$profissao/padre
929:                ls$residencia/sobral
930: 
931:       b$b1686.53/8/9/1686/0/0/0/joao francisco/obs=so o nome da crianca
932: 
**** auto rels 2 STARTED.
   ** auto rel: from b1686.52-per1-per2 to b1686.52-per1 parentesco/pai
   ** auto rel: from b1686.52-per1-per3 to b1686.52-per1 parentesco/mae
   ** auto rel: from b1686.52-per1-per2 to b1686.52-per1-per3 parentesco/marido
   ** Automatic attribute: b1686.52-per1-per2/ec/c
   ** Automatic attribute: b1686.52-per1-per3/ec/c
** Processing act b$b1686.53
933:          n$bernardo/m/id=b1686.53-per1
934: 
935:       b$b1686.54/15/9/1686/0/0/0/manuel cordeiro/obs=dois padrinhos
936: 
**** auto rels 2 STARTED.
** Processing act b$b1686.54
937:          n$jose/m/id=b1686.54-per1
938: 
939:             pai$manuel ferreira/m/id=b1686.54-per1-per2
940:                ls$residencia/paleao
941: 
942:             mae$maria rodrigues/f/id=b1686.54-per1-per3
943: 
944:             pad$jose da rocha/m/id=b1686.54-per4
945: 
946:             ppad$? da rocha/m/id=b1686.54-per5
947: 
948:             pad$jose gomes/m/id=b1686.54-per6
949:                ls$residencia/paleao
950: 
951:       b$b1686.55/19/9/1686/0/0/0/manuel cordeiro
952: 
**** auto rels 2 STARTED.
   ** auto rel: from b1686.54-per1-per2 to b1686.54-per1 parentesco/pai
   ** auto rel: from b1686.54-per1-per3 to b1686.54-per1 parentesco/mae
   ** auto rel: from b1686.54-per1-per2 to b1686.54-per1-per3 parentesco/marido
   ** Automatic attribute: b1686.54-per1-per2/ec/c
   ** Automatic attribute: b1686.54-per1-per3/ec/c
** Processing act b$b1686.55
953:          n$manuel/m/id=b1686.55-per1
954: 
955:             pai$miguel de oliveira/m/id=b1686.55-per1-per2
956:                ls$residencia/casa velha
957: 
958:             mae$isabel luis/f/id=b1686.55-per1-per3
959: 
960:             pad$jorge martins/m/id=rb19091686
961:                ls$residencia/casal novo
962: 
963:             mad$domingas jorge/f/id=b1686.55-per4
964:                rel$parentesco/irma/jorge martins/rb19091686
965: 
966:       b$b1686.56/22/9/1686/0/0/0/lopo nunes
967: 
**** auto rels 2 STARTED.
   ** auto rel: from b1686.55-per1-per2 to b1686.55-per1 parentesco/pai
   ** auto rel: from b1686.55-per1-per3 to b1686.55-per1 parentesco/mae
   ** auto rel: from b1686.55-per1-per2 to b1686.55-per1-per3 parentesco/marido
   ** Automatic attribute: b1686.55-per1-per2/ec/c
   ** Automatic attribute: b1686.55-per1-per3/ec/c
** Processing act b$b1686.56
968:          n$luis/m/id=b1686.56-per1
969: 
970:             pai$sebastiao soares/m/id=b1686.56-per1-per2
971: 
972:             mae$natalia de matos/f/id=b1686.56-per1-per3
973: 
974:             pad$luis manhos de abreu/m/id=b1686.56-per4
975:                ls$profissao/padre
976:                ls$cargo/prior de tamengos
977: 
978:             mad$maria pimentel/f/id=b1686.56-per5
979:                ls$residencia/soure
980: 
981:       b$b1686.57/30/9/1686/0/0/0/manuel cordeiro/obs= sem amdrinha
982: 
**** auto rels 2 STARTED.
   ** auto rel: from b1686.56-per1-per2 to b1686.56-per1 parentesco/pai
   ** auto rel: from b1686.56-per1-per3 to b1686.56-per1 parentesco/mae
   ** auto rel: from b1686.56-per1-per2 to b1686.56-per1-per3 parentesco/marido
   ** Automatic attribute: b1686.56-per1-per2/ec/c
   ** Automatic attribute: b1686.56-per1-per3/ec/c
** Processing act b$b1686.57
983:          n$josefa/f/id=b1686.57-per1
984: 
985:             pai$manuel rodrigues/m/id=b1686.57-per1-per2
986:                ls$residencia/eureca
987: 
988:             mae$maria cardoso/f/id=b1686.57-per1-per3
989: 
990:             pad$simao leao/m/id=b1686.57-per4
991:                ls$residencia/soure
992: 
993:       b$b1686.58/30/9/1686/0/0/0/manuel cordeiro
994: 
**** auto rels 2 STARTED.
   ** auto rel: from b1686.57-per1-per2 to b1686.57-per1 parentesco/pai
   ** auto rel: from b1686.57-per1-per3 to b1686.57-per1 parentesco/mae
   ** auto rel: from b1686.57-per1-per2 to b1686.57-per1-per3 parentesco/marido
   ** Automatic attribute: b1686.57-per1-per2/ec/c
   ** Automatic attribute: b1686.57-per1-per3/ec/c
** Processing act b$b1686.58
995:          n$manuel/m/id=b1686.58-per1
996: 
997:             pai$manuel pereira/m/id=b1686.58-per1-per2
998:                ls$residencia/casal dos simoes
999: 
1000:             mae$maria joao/f/id=b1686.58-per1-per3
1001: 
1002:             pad$antonio joao/m/id=b1686.58-per4
1003:                ls$residencia/casal dos simoes
1004: 
1005:             mad$maria joao/f/id=b1686.58-per5
1006:                ls$residencia/casal dos simoes
1007: *** End of File
0  errors.
**** auto rels 2 STARTED.
   ** auto rel: from b1686.58-per1-per2 to b1686.58-per1 parentesco/pai
   ** auto rel: from b1686.58-per1-per3 to b1686.58-per1 parentesco/mae
   ** auto rel: from b1686.58-per1-per2 to b1686.58-per1-per3 parentesco/marido
   ** Automatic attribute: b1686.58-per1-per2/ec/c
   ** Automatic attribute: b1686.58-per1-per3/ec/c
** Translation finished.
** data file- /Users/jrc/develop/mhk_users/soure/documents/baptismos/B1686.CLI
** original file- /Users/jrc/develop/mhk_users/soure/documents/baptismos/B1686.org
** old file- /Users/jrc/develop/mhk_users/soure/documents/baptismos/B1686.old
** original file- /Users/jrc/develop/mhk_users/soure/documents/baptismos/B1686.ids
