ClioInput - version 2019.A1 - build 507 15/07/2019 21:58 
9-2-2020 15-46

Processing data file b1688.cli
-------------------------------------------
Generic Act translation module with geoentities (XML).
     Joaquim Ramos de Carvalho (joaquim@uc.pt) 
** New document: kleio
=========================
kleio translation started
=========================
Structure: gacto.str
Prefix: 
Autorel: 
Translation count: 3
Obs: 
** Processing source fonte$baptismos 1688
6: b$b1688.1
21: b$b1688.2
36: b$b1688.3
55: b$b1688.4
71: b$b1688.5
87: b$b1688.6
103: b$b1688.7
120: b$b1688.8
138: b$b1688.9
158: b$b1688.10
174: b$b1688.11
189: b$b1688.12
204: b$b1688.13
221: b$b1688.14
237: b$b1688.15
253: b$b1688.16
268: b$b1688.17
290: b$b1688.18
306: b$b1688.19
322: b$b1688.20
337: b$b1688.21
352: b$b1688.22
371: b$b1688.23
388: b$b1688.24
404: b$b1688.25
419: b$b1688.26
436: b$b1688.27
453: b$b1688.28
470: b$b1688.29
486: b$b1688.30
504: b$b1688.31
520: b$b1688.32
538: b$b1688.33
555: b$b1688.34
570: b$b1688.35
586: b$b1688.36
602: b$b1688.37
616: b$b1688.38
634: b$b1688.39
649: b$b1688.40
668: b$b1688.41
683: b$b1688.42
701: b$b1688.43
708: b$b1688.44
720: b$b1688.45
734: b$b1688.46
750: b$b1688.47
768: b$b1688.48
793: b$b1688.49
807: b$b1688.50
825: b$b1688.51
843: b$b1688.52
860: b$b1688.53
881: b$b1688.54
896: b$b1688.55
913: b$b1688.56
928: b$b1688.57
945: b$b1688.58
962: b$b1688.59
980: b$b1688.60
1000: b$b1688.61
1012: b$b1688.62
1029: b$b1688.63
1046: b$b1688.64
1063: b$b1688.65
1083: b$b1688.66
1100: b$b1688.67
*** End of File
** Processed file- /kleio-home/sources/soure/soure-sources/sources/soure_fase1/baptismos/b1688.cli
** Original file- /kleio-home/sources/soure/soure-sources/sources/soure_fase1/baptismos/b1688.org
** Previous version- /kleio-home/sources/soure/soure-sources/sources/soure_fase1/baptismos/b1688.old
** Temp file with ids- /kleio-home/sources/soure/soure-sources/sources/soure_fase1/baptismos/b1688.ids
0  errors. 
0  warnings.
Translation finished.
