ClioInput - version $Revision$ SWI $Date$
29-5-2017 15-1

Processing data file:/Users/jrc/develop/mhk_users/soure/documents/baptismos/B1687.CLI
-------------------------------------------
Generic Act translation module with geoentities (XML).
     Joaquim Ramos de Carvalho (joaquim@uc.pt) 
** New document: kleio
1: kleio$gacto.str
=========================
kleio translation started
=========================
Structure: gacto.str
Prefix: 
Autorel: 
Translation count: 
Obs: 
Translation count not set or invalid, counting as zero: 
2:    fonte$baptismos 1687/tipo=reg paroquiais/localizacao=fol. 43-/data=16870000/obs=tirar os "x"s e usar o grupo "modo" ver se nao existem uns "ros"s em vez de "rb"s
3: 
**** auto rels 2 STARTED.
** Processing source fonte$baptismos 1687
4:       b$b1687.1/5/1/1687/0/0/0/manuel ferraz de carvalho
5: 
**** auto rels 2 STARTED.
** Processing act b$b1687.1
6:          referido$manuel ferraz de carvalho/id=rb05011687
7:             ls$profissao/padre
8:             ls$titulo/frei
9:             ls$cargo/beneficiado na igreja de soure
10: 
11:          n$manuel/m/id=b1687.1-per1
12: 
13:             pai$manuel rodrigues/m/id=b1687.1-per1-per2
14:                ls$residencia/alencarce de cima
15: 
16:             mae$maria rodrigues/m/id=b1687.1-per1-per3
17: 
18:             pad$francisco madeira/m/id=b1687.1-per4
19:                ls$ec/s
20:                ls$residencia/alencarce de cima
21: 
22:             mad$maria tome/f/id=b1687.1-per5
23:                ls$residencia/alencarce de cima
24: 
25:       b$b1687.2/5/1/1687/0/0/0/manuel ferraz de carvalho
26: 
**** auto rels 2 STARTED.
   ** auto rel: from b1687.1-per1-per2 to b1687.1-per1 parentesco/pai
   ** auto rel: from b1687.1-per1-per3 to b1687.1-per1 parentesco/mae
   ** auto rel: from b1687.1-per1-per2 to b1687.1-per1-per3 parentesco/marido
   ** Automatic attribute: b1687.1-per1-per2/ec/c
   ** Automatic attribute: b1687.1-per1-per3/ec/c
** Processing act b$b1687.2
27:          n$joao/m/id=b1687.2-per1
28: 
29:             pai$joao rodrigues/m/id=b1687.2-per1-per2
30:                ls$residencia/casa velha
31: 
32:             mae$isabel goncalves/f/id=b1687.2-per1-per3
33:                ls$residencia/casa velha
34: 
35:             pad$joao goncalves/m/id=b1687.2-per4
36:                ls$residencia/casa velha
37: 
38:             mad$maria goncalves/f/id=b1687.2-per5
39:                ls$residencia/casa velha
40: 
41:             pmad$manuel goncalves/f/id=b1687.2-per6
42:                ls$residencia/casa velha
43: 
44:       b$b1687.3/13/1/1687/0/0/0/joao francisco
45: 
**** auto rels 2 STARTED.
   ** auto rel: from b1687.2-per1-per2 to b1687.2-per1 parentesco/pai
   ** auto rel: from b1687.2-per1-per3 to b1687.2-per1 parentesco/mae
   ** auto rel: from b1687.2-per1-per2 to b1687.2-per1-per3 parentesco/marido
   ** Automatic attribute: b1687.2-per1-per2/ec/c
   ** Automatic attribute: b1687.2-per1-per3/ec/c
** Processing act b$b1687.3
46:          n$manuel/m/id=b1687.3-per1
47: 
48:             pai$manuel de oliveira/m/id=b1687.3-per1-per2
49:                ls$residencia/laje
50: 
51:             mae$maria lopes/f/id=b1687.3-per1-per3
52: 
53:             pad$joao de oliveira/m/id=b1687.3-per4
54:                ls$residencia/paleao
55:                ls$ec/s
56: 
57:             mad$isabel madeira/f/id=b1687.3-per5
58:                ls$residencia/porto das cabras
59: 
60:             pmad$manuel rodrigues rolhao/id=b1687.3-per6
61:                ls$residencia/porto das cabras
62: 
63:       b$b1687.4/15/1/1687/0/0/0/joao francisco
64: 
**** auto rels 2 STARTED.
   ** auto rel: from b1687.3-per1-per2 to b1687.3-per1 parentesco/pai
   ** auto rel: from b1687.3-per1-per3 to b1687.3-per1 parentesco/mae
   ** auto rel: from b1687.3-per1-per2 to b1687.3-per1-per3 parentesco/marido
   ** Automatic attribute: b1687.3-per1-per2/ec/c
   ** Automatic attribute: b1687.3-per1-per3/ec/c
** Processing act b$b1687.4
65:          n$antonio/m/id=b1687.4-per1
66: 
67:             pai$mateus pereira/m/id=b1687.4-per1-per2
68:                ls$residencia/casal das brancas
69: 
70:             mae$antonia goncalves/f/id=b1687.4-per1-per3
71: 
72:             pad$nuno alvares pereira/m/id=b1687.4-per4
73:                ls$residencia/vila nova de ancos, freguesia de vila nova de ancos
74:                ls$freguesia/vila nova de ancos
75: 
76:             mad$antonia/f/id=b1687.4-per5
77: 
78:             pmad$manuel goncalves/m/id=b1687.4-per6
79:                ls$residencia/casal da amoreira
80: 
81:             mmad$isabel gomes/f/id=b1687.4-per7
82: 
83:       b$b1687.5/22/1/1687/0/0/0/joao francisco
84: 
**** auto rels 2 STARTED.
   ** auto rel: from b1687.4-per1-per2 to b1687.4-per1 parentesco/pai
   ** auto rel: from b1687.4-per1-per3 to b1687.4-per1 parentesco/mae
   ** auto rel: from b1687.4-per1-per2 to b1687.4-per1-per3 parentesco/marido
   ** Automatic attribute: b1687.4-per1-per2/ec/c
   ** Automatic attribute: b1687.4-per1-per3/ec/c
   ** auto rel: from b1687.4-per6 to b1687.4-per7 parentesco/marido
** Processing act b$b1687.5
85:          n$diogo/m/id=b1687.5-per1
86: 
87:             pai$filipe da costa/m/id=b1687.5-per1-per2
88:                ls$residencia/casa velha
89: 
90:             mae$maria francisca da costa/f/id=b1687.5-per1-per3
91: 
92:             pad$diogo marques/m/id=rb22011687a
93:                ls$profissao/padre
94: 
95:             referido$bernardo da costa/id=rb22011687b
96:                rel$sociabilidade/procurador em baptismo (padrinho)/diogo marques/rb22011687a
97: 
98:             mad$isabel marques/f/id=b1687.5-per4
99: 
100:             mrmad$antonio mendes#deve ser o ravasco/m/id=b1687.5-per5
101:                ls$titulo/licenciado
102:                ls$residencia/paleao
103: 
104:       b$b1687.6/9/2/1687/0/0/0/manuel cordeiro
105: 
**** auto rels 2 STARTED.
   ** auto rel: from b1687.5-per1-per2 to b1687.5-per1 parentesco/pai
   ** auto rel: from b1687.5-per1-per3 to b1687.5-per1 parentesco/mae
   ** auto rel: from b1687.5-per1-per2 to b1687.5-per1-per3 parentesco/marido
   ** Automatic attribute: b1687.5-per1-per2/ec/c
   ** Automatic attribute: b1687.5-per1-per3/ec/c
** Processing act b$b1687.6
106:          n$maria/f/id=b1687.6-per1
107: 
108:             pai$antonio madeira/m/id=b1687.6-per1-per2
109:                ls$residencia/paleao
110: 
111:             mae$isabel marques/f/id=b1687.6-per1-per3
112: 
113:             pad$antonio gomes/m/id=b1687.6-per4
114:                ls$residencia/paleao
115: 
116:             mad$domingas goncalves/f/id=b1687.6-per5
117:                ls$residencia/paleao
118: 
119:       b$b1687.7/9/2/1687/0/0/0/manuel cordeiro
120: 
**** auto rels 2 STARTED.
   ** auto rel: from b1687.6-per1-per2 to b1687.6-per1 parentesco/pai
   ** auto rel: from b1687.6-per1-per3 to b1687.6-per1 parentesco/mae
   ** auto rel: from b1687.6-per1-per2 to b1687.6-per1-per3 parentesco/marido
   ** Automatic attribute: b1687.6-per1-per2/ec/c
   ** Automatic attribute: b1687.6-per1-per3/ec/c
** Processing act b$b1687.7
121:          n$domingas/f/id=b1687.7-per1
122: 
123:             pai$manuel joao galhufo/m/id=b1687.7-per1-per2
124:                ls$residencia/mogadouro
125: 
126:             mae$maria joao/f/id=b1687.7-per1-per3
127: 
128:             pad$antonio simoes/m/id=b1687.7-per4
129:                ls$residencia/redinha, freguesia da redinha
130:                ls$freguesia/redinha
131: 
132:             mad$domingas simoes/f/id=b1687.7-per5
133:                ls$residencia/mogadouro
134: 
135:             mrmad$antonio joao/m/id=b1687.7-per6
136:                ls$residencia/mogadouro
137: 
138:       b$b1687.8/16/2/1687/0/0/0/lopo nunes pinto
139: 
**** auto rels 2 STARTED.
   ** auto rel: from b1687.7-per1-per2 to b1687.7-per1 parentesco/pai
   ** auto rel: from b1687.7-per1-per3 to b1687.7-per1 parentesco/mae
   ** auto rel: from b1687.7-per1-per2 to b1687.7-per1-per3 parentesco/marido
   ** Automatic attribute: b1687.7-per1-per2/ec/c
   ** Automatic attribute: b1687.7-per1-per3/ec/c
** Processing act b$b1687.8
140:          n$angelica/f/id=b1687.8-per1
141: 
142:             pai$antonio manhos de abreu/m/id=b1687.8-per1-per2
143:                ls$titulo/licenciado
144:                ls$residencia/soure
145: 
146:             mae$simoa godinho da rosa/f/id=b1687.8-per1-per3
147: 
148:             pad$manuel cristovao de negreiros/m/id=rb16021687
149:                ls$residencia/condeixa, freguesia de condeixa
150:                ls$freguesia/condeixa
151: 
152:             mad$maria travassos/f/id=b1687.8-per4
153:                rel$parentesco/mulher/manuel cristovao de negreiros/rb16021687
154:                ls$residencia/condexia, freguesia de condeixa
155:                ls$freguesia/condeixa
156: 
157:       b$b1687.9/19/2/1687/0/0/0/manuel cordeiro
158: 
**** auto rels 2 STARTED.
   ** auto rel: from b1687.8-per1-per2 to b1687.8-per1 parentesco/pai
   ** auto rel: from b1687.8-per1-per3 to b1687.8-per1 parentesco/mae
   ** auto rel: from b1687.8-per1-per2 to b1687.8-per1-per3 parentesco/marido
   ** Automatic attribute: b1687.8-per1-per2/ec/c
   ** Automatic attribute: b1687.8-per1-per3/ec/c
** Processing act b$b1687.9
159:          n$manuel/m/id=b1687.9-per1
160: 
161:             pai$antonio madeira/m/id=b1687.9-per1-per2
162:                ls$residencia/alencarce de cima
163: 
164:             mae$isabel francisca/f/id=b1687.9-per1-per3
165: 
166:             pad$domingos joao/m/id=b1687.9-per4
167:                ls$profissao/padre
168: 
169:             mad$silvestra? rodrigues/f/obs=sera um homem?/id=b1687.9-per5
170: 
171:       b$b1687.10/1/3/1687/0/0/0/manuel cordeiro
172: 
**** auto rels 2 STARTED.
   ** auto rel: from b1687.9-per1-per2 to b1687.9-per1 parentesco/pai
   ** auto rel: from b1687.9-per1-per3 to b1687.9-per1 parentesco/mae
   ** auto rel: from b1687.9-per1-per2 to b1687.9-per1-per3 parentesco/marido
   ** Automatic attribute: b1687.9-per1-per2/ec/c
   ** Automatic attribute: b1687.9-per1-per3/ec/c
** Processing act b$b1687.10
173:          n$teresa/f/id=b1687.10-per1
174: 
175:             pai$joao rodrigues serrano/m/id=b1687.10-per1-per2
176:                ls$residencia/soure
177: 
178:             mae$maria gomes/f/id=b1687.10-per1-per3
179: 
180:             pad$luis da rocha/m/id=b1687.10-per4
181:                ls$residencia/soure
182: 
183:             mad$ana maria/f/id=b1687.10-per5
184: 
185:             pmad$tome velho/m/id=b1687.10-per6
186:                ls$residencia/soure
187: 
188:       b$b1687.11/17/2/1687/0/0/0/manuel colaco/obs=data sic
189: 
**** auto rels 2 STARTED.
   ** auto rel: from b1687.10-per1-per2 to b1687.10-per1 parentesco/pai
   ** auto rel: from b1687.10-per1-per3 to b1687.10-per1 parentesco/mae
   ** auto rel: from b1687.10-per1-per2 to b1687.10-per1-per3 parentesco/marido
   ** Automatic attribute: b1687.10-per1-per2/ec/c
   ** Automatic attribute: b1687.10-per1-per3/ec/c
** Processing act b$b1687.11
190:          n$leogarda maria/f/id=b1687.11-per1
191: 
192:             pai$sebastiao colaco/m/id=b1687.11-per1-per2
193:                ls$residencia/soure
194: 
195:             mae$maria de jesus/f/id=b1687.11-per1-per3
196: 
197:             pad$joao da costa de vasconcelos/m/id=b1687.11-per4
198: 
199:             mad$maria cardoso jaques/f/id=b1687.11-per5
200: 
201:             pmad$joao de seabra/m/id=b1687.11-per6
202:                ls$cargo/capitao
203: 
204:       b$b1687.12/9/3/1687/0/0/0/jeronimo mendes
205: 
**** auto rels 2 STARTED.
   ** auto rel: from b1687.11-per1-per2 to b1687.11-per1 parentesco/pai
   ** auto rel: from b1687.11-per1-per3 to b1687.11-per1 parentesco/mae
   ** auto rel: from b1687.11-per1-per2 to b1687.11-per1-per3 parentesco/marido
   ** Automatic attribute: b1687.11-per1-per2/ec/c
   ** Automatic attribute: b1687.11-per1-per3/ec/c
** Processing act b$b1687.12
206:          n$manuel/m/id=b1687.12-per1
207: 
208:             pai$francisco fernandes/m/id=b1687.12-per1-per2
209:                ls$residencia/soure
210: 
211:             mae$maria coelha/f/id=b1687.12-per1-per3
212: 
213:             pad$manuel colaco/m/id=b1687.12-per4
214:                ls$titulo/frei
215:                ls$titulo/licenciado
216:                ls$profissao/padre
217:                ls$residencia/soure
218: 
219:             mad$maria colaco/f/id=b1687.12-per5
220: 
221:             pmad$gaspar coelho dos reis/m/id=b1687.12-per6
222:                ls$cargo/capitao
223:                ls$residencia/soure
224: 
225:       b$b1687.13/16/3/1687/0/0/0/manuel cordeiro
226: 
**** auto rels 2 STARTED.
   ** auto rel: from b1687.12-per1-per2 to b1687.12-per1 parentesco/pai
   ** auto rel: from b1687.12-per1-per3 to b1687.12-per1 parentesco/mae
   ** auto rel: from b1687.12-per1-per2 to b1687.12-per1-per3 parentesco/marido
   ** Automatic attribute: b1687.12-per1-per2/ec/c
   ** Automatic attribute: b1687.12-per1-per3/ec/c
** Processing act b$b1687.13
227:          n$domingos/m/id=b1687.13-per1
228: 
229:             pai$manuel gomes ferreira/m/id=b1687.13-per1-per2
230:                ls$residencia/paleao
231: 
232:             mae$maria simoes/f/id=b1687.13-per1-per3
233: 
234:             pad$manuel gomes/m/id=b1687.13-per4
235:                ls$residencia/paleao
236: 
237:             mad$catarina gaspar/f/id=b1687.13-per5
238: 
239:             pmad$manuel gomes valente/m/id=b1687.13-per6
240:                ls$residencia/paleao
241: 
242:       b$b1687.14/26/3/1687/0/0/0/manuel cordeiro
243: 
**** auto rels 2 STARTED.
   ** auto rel: from b1687.13-per1-per2 to b1687.13-per1 parentesco/pai
   ** auto rel: from b1687.13-per1-per3 to b1687.13-per1 parentesco/mae
   ** auto rel: from b1687.13-per1-per2 to b1687.13-per1-per3 parentesco/marido
   ** Automatic attribute: b1687.13-per1-per2/ec/c
   ** Automatic attribute: b1687.13-per1-per3/ec/c
** Processing act b$b1687.14
244:          n$ines/f/id=b1687.14-per1
245: 
246:             pai$antonio jorge/m/id=b1687.14-per1-per2
247:                ls$residencia/alencarce de cima
248: 
249:             mae$catarina simoes/f/id=b1687.14-per1-per3
250: 
251:             pad$gaspar rodrigues de carvalho/m/id=b1687.14-per4
252:                ls$residencia/pinheiro
253: 
254:             ppad$joao carvalho/m/id=ppad26031687
255:                ls$residencia/pinheiro
256: 
257:             mad$isabel/f/id=b1687.14-per5
258:                ls$ec/s
259: 
260:             pmad$joao carvalho/m/mesmo_que=ppad26031687/id=b1687.14-per6
261: 
262:       b$b1687.15/26/3/1687/0/0/0/manuel da costa, do sobral
263: 
**** auto rels 2 STARTED.
   ** auto rel: from b1687.14-per1-per2 to b1687.14-per1 parentesco/pai
   ** auto rel: from b1687.14-per1-per3 to b1687.14-per1 parentesco/mae
   ** auto rel: from b1687.14-per1-per2 to b1687.14-per1-per3 parentesco/marido
   ** Automatic attribute: b1687.14-per1-per2/ec/c
   ** Automatic attribute: b1687.14-per1-per3/ec/c
** Processing act b$b1687.15
264:          referido$manuel da costa/id=padre26031687
265:             ls$profissao/padre
266:             ls$residencia/sobral
267: 
268:          n$domingas/f/id=b1687.15-per1
269: 
270:             pai$manuel vaz leao/m/id=b1687.15-per1-per2
271:                ls$residencia/sobral
272: 
273:             mae$maria joao/f/id=b1687.15-per1-per3
274: 
275:             pad$joao rodrigues/m/id=b1687.15-per4
276:                ls$residencia/outeiro
277: 
278:             mad$domingas/f/id=b1687.15-per5
279:                ls$ec/s
280:                rel$parentesco/irma/manuel da costa/padre26031687
281: 
282:       b$b1687.16/31/3/1687/0/0/0/manuel rodrigues do paco
283: 
**** auto rels 2 STARTED.
   ** auto rel: from b1687.15-per1-per2 to b1687.15-per1 parentesco/pai
   ** auto rel: from b1687.15-per1-per3 to b1687.15-per1 parentesco/mae
   ** auto rel: from b1687.15-per1-per2 to b1687.15-per1-per3 parentesco/marido
   ** Automatic attribute: b1687.15-per1-per2/ec/c
   ** Automatic attribute: b1687.15-per1-per3/ec/c
** Processing act b$b1687.16
284:          n$jose/m/id=b1687.16-per1
285: 
286:             pai$antonio rodrigues feijao/m/id=b1687.16-per1-per2
287: 
288:             mae$antonia rodrigues/f/id=b1687.16-per1-per3
289: 
290:             pad$luis da rocha/m/id=b1687.16-per4
291: 
292:             mad$maria simoes/f/id=b1687.16-per5
293: 
294:       b$b1687.17/1/4/1687/0/0/0/manuel ferras
295: 
**** auto rels 2 STARTED.
   ** auto rel: from b1687.16-per1-per2 to b1687.16-per1 parentesco/pai
   ** auto rel: from b1687.16-per1-per3 to b1687.16-per1 parentesco/mae
   ** auto rel: from b1687.16-per1-per2 to b1687.16-per1-per3 parentesco/marido
   ** Automatic attribute: b1687.16-per1-per2/ec/c
   ** Automatic attribute: b1687.16-per1-per3/ec/c
** Processing act b$b1687.17
296:          referido$manuel ferraz de carvalho/id=pb01041687
297:             ls$profissao/padre
298:             ls$titulo/frei
299:             ls$cargo/beneficiado na igreja de soure
300: 
301:          n$manuel/m/id=b1687.17-per1
302: 
303:             pai$manuel de oliveira/m/id=b1687.17-per1-per2
304:                ls$residencia/lajem
305: 
306:             mae$maria lopes/f/id=b1687.17-per1-per3
307: 
308:             pad$joao goncalves/m/id=b1687.17-per4
309:                ls$ec/s
310:                ls$residencia/alencarce de baixo
311: 
312:             ppad$manuel goncalves/m/id=b1687.17-per5
313:                ls$residencia/alencarce de baixo
314: 
315:             mad$ines pereira/f/id=b1687.17-per6
316:                ls$residencia/soure
317: 
318:       b$b1687.18/3/4/1687/0/0/0/manuel cordeiro
319: 
**** auto rels 2 STARTED.
   ** auto rel: from b1687.17-per1-per2 to b1687.17-per1 parentesco/pai
   ** auto rel: from b1687.17-per1-per3 to b1687.17-per1 parentesco/mae
   ** auto rel: from b1687.17-per1-per2 to b1687.17-per1-per3 parentesco/marido
   ** Automatic attribute: b1687.17-per1-per2/ec/c
   ** Automatic attribute: b1687.17-per1-per3/ec/c
** Processing act b$b1687.18
320:          n$maria/f/id=b1687.18-per1
321: 
322:             pai$antonio simoes/m/id=b1687.18-per1-per2
323:                ls$residencia/alencarce de cima
324: 
325:             mae$isabel rodrigues/f/id=b1687.18-per1-per3
326: 
327:             pad$manuel dinis/m/id=ro03041687
328:                ls$residencia/ega, freguesia da ega
329:                ls$freguesia/ega
330: 
331:             mad$fulana soares/f/id=b1687.18-per4
332:                ls$residencia/ega, freguesia da ega
333:                ls$freguesia/ega
334: 
335:             mrmad$manuel dinis/m/mesmo_que=ro03041687/id=b1687.18-per5
336: 
337:       b$b1687.19/6/4/1687/0/0/0/manuel cordeiro
338: 
**** auto rels 2 STARTED.
   ** auto rel: from b1687.18-per1-per2 to b1687.18-per1 parentesco/pai
   ** auto rel: from b1687.18-per1-per3 to b1687.18-per1 parentesco/mae
   ** auto rel: from b1687.18-per1-per2 to b1687.18-per1-per3 parentesco/marido
   ** Automatic attribute: b1687.18-per1-per2/ec/c
   ** Automatic attribute: b1687.18-per1-per3/ec/c
** Processing act b$b1687.19
339:          referido$antonio madeira/id=ro06041687
340:             ls$residencia/redinha, freguesia da redinha
341:             ls$freguesia/redinha
342:             rel$parentesco/baptizou subc/maria/no06041687
343: 
344:          n$maria/f/id=no06041687/obs=baptizada em necessidade
345: 
346:             pai$manuel rodrigues/m/id=no06041687-per1
347:                ls$residencia/porto coelheiro
348: 
349:             mae$isabel cardoso/f/id=no06041687-per2
350: 
351:             pad$antonio madeira/m/mesmo_que=ro06041687/id=b1687.19-per3
352: 
353:             mad$antonia rodrigues/f/id=b1687.19-per4
354: 
355:             mrmad$manuel gaspar/m/id=b1687.19-per5
356:                ls$residencia/porto coelheiro
357: 
358:       b$b1687.20/10/4/1687/0/0/0/manuel cordeiro
359: 
**** auto rels 2 STARTED.
   ** auto rel: from no06041687-per1 to no06041687 parentesco/pai
   ** auto rel: from no06041687-per2 to no06041687 parentesco/mae
   ** auto rel: from no06041687-per1 to no06041687-per2 parentesco/marido
   ** Automatic attribute: no06041687-per1/ec/c
   ** Automatic attribute: no06041687-per2/ec/c
** Processing act b$b1687.20
360:          n$jose/m/id=b1687.20-per1
361: 
362:             pai$manuel carvalho/m/id=b1687.20-per1-per2
363:                ls$residencia/casais de s.mateus
364: 
365:             mae$antonia pereira/f/id=b1687.20-per1-per3
366: 
367:             pad$jose da rocha/m/id=b1687.20-per4
368: 
369:             ppad$luis da rocha/m/id=b1687.20-per5
370: 
371:             mad$ines/f/id=b1687.20-per6
372:                ls$ec/s
373:                rel$parentesco/sobrinha/domingos da costa/ro10041687
374: 
375:             referido$domingos da costa/id=ro10041687
376:                ls$profissao/padre
377: 
378:       b$b1687.21/15/4/1687/0/0/0/jeronimo mendes
379: 
**** auto rels 2 STARTED.
   ** auto rel: from b1687.20-per1-per2 to b1687.20-per1 parentesco/pai
   ** auto rel: from b1687.20-per1-per3 to b1687.20-per1 parentesco/mae
   ** auto rel: from b1687.20-per1-per2 to b1687.20-per1-per3 parentesco/marido
   ** Automatic attribute: b1687.20-per1-per2/ec/c
   ** Automatic attribute: b1687.20-per1-per3/ec/c
** Processing act b$b1687.21
380:          n$joao/m/id=b1687.21-per1
381: 
382:             pai$manuel joao/m/id=b1687.21-per1-per2
383:                ls$residencia/soure
384: 
385:             mae$maria nunes/f/id=b1687.21-per1-per3
386: 
387:             pad$manuel colaco/m/id=b1687.21-per4
388:                ls$residencia/soure
389: 
390:             mad$antonia/f/id=b1687.21-per5
391: 
392:             pmad$sebastiao colaco/m/id=b1687.21-per6
393:                ls$residencia/soure
394: 
395:       b$b1687.22/19/4/1687/0/0/0/manuel cordeiro/obs=sem padrinhos
396: 
**** auto rels 2 STARTED.
   ** auto rel: from b1687.21-per1-per2 to b1687.21-per1 parentesco/pai
   ** auto rel: from b1687.21-per1-per3 to b1687.21-per1 parentesco/mae
   ** auto rel: from b1687.21-per1-per2 to b1687.21-per1-per3 parentesco/marido
   ** Automatic attribute: b1687.21-per1-per2/ec/c
   ** Automatic attribute: b1687.21-per1-per3/ec/c
** Processing act b$b1687.22
397:          n$domingos/m/id=b1687.22-per1
398: 
399:             pai$mateus rodrigues/m/id=b1687.22-per1-per2
400:                ls$residencia/paleao
401: 
402:             mae$paula de oliveira/f/id=b1687.22-per1-per3
403: 
404:       b$b1687.23/21/4/1687/0/0/0/manuel ferraz de carvalho beneficiado
405: 
**** auto rels 2 STARTED.
   ** auto rel: from b1687.22-per1-per2 to b1687.22-per1 parentesco/pai
   ** auto rel: from b1687.22-per1-per3 to b1687.22-per1 parentesco/mae
   ** auto rel: from b1687.22-per1-per2 to b1687.22-per1-per3 parentesco/marido
   ** Automatic attribute: b1687.22-per1-per2/ec/c
   ** Automatic attribute: b1687.22-per1-per3/ec/c
** Processing act b$b1687.23
406:          n$mateus/m/id=b1687.23-per1
407: 
408:             pai$domingos antunes/m/id=b1687.23-per1-per2
409:                ls$morto/antes
410:                ls$residencia/casal das brancas
411: 
412:             mae$maria goncalves/f/id=b1687.23-per1-per3
413:                ls$ec/v
414:                ls$residencia/casal das brancas
415: 
416:             pad$mateus carvalho/m/id=b1687.23-per4
417:                ls$residencia/casal das brancas
418: 
419:             mad$maria ferreira/f/id=b1687.23-per5
420: 
421:             pmad$manuel ferreira/m/id=b1687.23-per6
422:                ls$residencia/casal das brancas
423: 
424:             mmad$isabel goncalves/f/id=b1687.23-per7
425: 
426:       b$b1687.24/27/4/1687/0/0/0/manuel cordeiro
427: 
**** auto rels 2 STARTED.
   ** auto rel: from b1687.23-per1-per2 to b1687.23-per1 parentesco/pai
   ** auto rel: from b1687.23-per1-per3 to b1687.23-per1 parentesco/mae
   ** auto rel: from b1687.23-per1-per2 to b1687.23-per1-per3 parentesco/marido
   ** Automatic attribute: b1687.23-per1-per2/ec/c
   ** Automatic attribute: b1687.23-per1-per3/ec/c
   ** auto rel: from b1687.23-per6 to b1687.23-per7 parentesco/marido
** Processing act b$b1687.24
428:          n$teresa/f/id=b1687.24-per1
429: 
430:             pai$luis ferreira/m/id=b1687.24-per1-per2
431:                ls$residencia/casal do marmelo
432: 
433:             mae$ana goncalves/f/id=b1687.24-per1-per3
434: 
435:             pad$antonio madeira/m/id=b1687.24-per4
436:                ls$residencia/areias?
437: 
438:             mad$maria cordeira/f/id=b1687.24-per5
439:                ls$residencia/granja
440: 
441:       b$b1687.25/27/4/1687/0/0/0/joao francisco
442: 
**** auto rels 2 STARTED.
   ** auto rel: from b1687.24-per1-per2 to b1687.24-per1 parentesco/pai
   ** auto rel: from b1687.24-per1-per3 to b1687.24-per1 parentesco/mae
   ** auto rel: from b1687.24-per1-per2 to b1687.24-per1-per3 parentesco/marido
   ** Automatic attribute: b1687.24-per1-per2/ec/c
   ** Automatic attribute: b1687.24-per1-per3/ec/c
** Processing act b$b1687.25
443:          referido$joao francisco/id=op27041687
444:             ls$profissao/padre
445: 
446:          n$manuel/m/id=b1687.25-per1
447: 
448:             pai$manuel gomes/m/id=b1687.25-per1-per2
449:                ls$residencia/casa velha
450: 
451:             mae$maria soares/f/id=b1687.25-per1-per3
452: 
453:             pad$paulo ribeiro cabral/m/mesmo_que=c24-7/id=b1687.25-per4
454:                ls$nome/paulo ribeiro
455:                ls$cargo/capitao-mor
456: 
457:             referido$joao da costa de vasconcelos/id=ro27041687
458:                rel$parentesco/cunhado/paulo ribeiro cabral/c24-7
459:                rel$sociabilidade/procurador em baptismo/paulo ribeiro cabral/c24-7
460: 
461:             mad$helena/f/id=b1687.25-per5
462:                ls$titulo/dona
463: 
464:             pmad$paulo ribeiro cabral/m/mesmo_que=c24-7/id=b1687.25-per6
465: 
466:       b$b1687.26/27/4/1687/0/0/0/matias goncalves
467: 
**** auto rels 2 STARTED.
   ** auto rel: from b1687.25-per1-per2 to b1687.25-per1 parentesco/pai
   ** auto rel: from b1687.25-per1-per3 to b1687.25-per1 parentesco/mae
   ** auto rel: from b1687.25-per1-per2 to b1687.25-per1-per3 parentesco/marido
   ** Automatic attribute: b1687.25-per1-per2/ec/c
   ** Automatic attribute: b1687.25-per1-per3/ec/c
** Processing act b$b1687.26
468:          referido$matias goncalves/id=po27041687b
469:             ls$profissao/padre
470: 
471:          n$joao/m/id=b1687.26-per1
472: 
473:             pai$joao rodrigues alvaro/m/id=b1687.26-per1-per2
474:                ls$residencia/soure
475: 
476:             mae$isabel mateus/f/id=b1687.26-per1-per3
477: 
478:             pad$joao da costa de vasconcelos/m/id=b1687.26-per4
479:                ls$residencia/soure
480: 
481:             mad$joana da assuncao/f/id=b1687.26-per5
482:                ls$ec/s
483:                ls$residencia/soure
484: 
485:       b$b1687.27/28/4/1687/0/0/0/manuel rodrigues da carreira
486: 
**** auto rels 2 STARTED.
   ** auto rel: from b1687.26-per1-per2 to b1687.26-per1 parentesco/pai
   ** auto rel: from b1687.26-per1-per3 to b1687.26-per1 parentesco/mae
   ** auto rel: from b1687.26-per1-per2 to b1687.26-per1-per3 parentesco/marido
   ** Automatic attribute: b1687.26-per1-per2/ec/c
   ** Automatic attribute: b1687.26-per1-per3/ec/c
** Processing act b$b1687.27
487:          n$manuel/m/id=b1687.27-per1
488: 
489:             pai$domingos antunes/m/id=b1687.27-per1-per2
490:                ls$residencia/areias
491: 
492:             mae$filipa goncalves/f/id=b1687.27-per1-per3
493: 
494:             pad$manuel rodrigues/m/id=b1687.27-per4
495:                ls$residencia/areias
496: 
497:             mad$maria/f/id=b1687.27-per5
498:                ls$ec/s
499: 
500:             pmad$antonio madeira/m/obs=ver bapt 1687.24/id=b1687.27-per6
501:                ls$residencia/areias
502: 
503:       b$b1687.28/1/5/1687/0/0/0/manuel rodrigues da carreira
504: 
**** auto rels 2 STARTED.
   ** auto rel: from b1687.27-per1-per2 to b1687.27-per1 parentesco/pai
   ** auto rel: from b1687.27-per1-per3 to b1687.27-per1 parentesco/mae
   ** auto rel: from b1687.27-per1-per2 to b1687.27-per1-per3 parentesco/marido
   ** Automatic attribute: b1687.27-per1-per2/ec/c
   ** Automatic attribute: b1687.27-per1-per3/ec/c
** Processing act b$b1687.28
505:          n$domingos/m/id=b1687.28-per1
506: 
507:             pai$joao goncalves/m/id=b1687.28-per1-per2
508:                ls$residencia/mogadouro
509: 
510:             mae$maria joao/f/id=b1687.28-per1-per3
511: 
512:             pad$domingos luis/m/id=b1687.28-per4
513:                ls$residencia/mogadouro
514: 
515:             mad$domingas lopes/f/id=b1687.28-per5
516: 
517:             pmad$domingos lopes/m/id=b1687.28-per6
518:                ls$residencia/mogadouro
519: 
520:       b$b1687.29/4/5/1687/0/0/0/manuel cordeiro
521: 
**** auto rels 2 STARTED.
   ** auto rel: from b1687.28-per1-per2 to b1687.28-per1 parentesco/pai
   ** auto rel: from b1687.28-per1-per3 to b1687.28-per1 parentesco/mae
   ** auto rel: from b1687.28-per1-per2 to b1687.28-per1-per3 parentesco/marido
   ** Automatic attribute: b1687.28-per1-per2/ec/c
   ** Automatic attribute: b1687.28-per1-per3/ec/c
** Processing act b$b1687.29
522:          n$manuel/m/id=b1687.29-per1
523: 
524:             pai$domingos simoes/m/id=b1687.29-per1-per2
525:                ls$residencia/carvalheira de baixo
526: 
527:             mae$maria goncalves/f/id=b1687.29-per1-per3
528: 
529:             pad$joao da costa e vasconcelos/m/id=b1687.29-per4
530: 
531:             mad$helena/f/id=b1687.29-per5
532:                ls$titulo/dona
533: 
534:             pmad$paulo ribeiro cabral/m/mesmo_que=c24-7/id=b1687.29-per6
535: 
536:       b$b1687.30/11/5/1687/0/0/0/joao colaco
537: 
**** auto rels 2 STARTED.
   ** auto rel: from b1687.29-per1-per2 to b1687.29-per1 parentesco/pai
   ** auto rel: from b1687.29-per1-per3 to b1687.29-per1 parentesco/mae
   ** auto rel: from b1687.29-per1-per2 to b1687.29-per1-per3 parentesco/marido
   ** Automatic attribute: b1687.29-per1-per2/ec/c
   ** Automatic attribute: b1687.29-per1-per3/ec/c
** Processing act b$b1687.30
538:          n$maria/f/id=b1687.30-per1
539: 
540:             pai$salvador de tavora/id=b1687.30-per1-per2
541:                ls$residencia/soure
542: 
543:             mae$ana/f/id=b1687.30-per1-per3
544:                ls$titulo/dona
545: 
546:             pad$sebastiao machado da costa/m/id=b1687.30-per4
547:                ls$residencia/soure
548: 
549:             mad$luisa/f/id=b1687.30-per5
550: 
551:             pmad$manuel de avenedos?/id=b1687.30-per6
552:                ls$residencia/soure
553: 
554:       b$b1687.31/11/5/1687/0/0/0/manuel cordeiro
555: 
**** auto rels 2 STARTED.
   ** auto rel: from b1687.30-per1-per2 to b1687.30-per1 parentesco/pai
   ** auto rel: from b1687.30-per1-per3 to b1687.30-per1 parentesco/mae
   ** auto rel: from b1687.30-per1-per2 to b1687.30-per1-per3 parentesco/marido
   ** Automatic attribute: b1687.30-per1-per2/ec/c
   ** Automatic attribute: b1687.30-per1-per3/ec/c
** Processing act b$b1687.31
556:          n$manuel/m/id=b1687.31-per1
557:             ls$ilegitimo/sim
558: 
559:             mae$maria ferreira/f/id=b1687.31-per1-per2
560:                ls$ec/s
561:                ls$residencia/soure
562: 
563:             pai$jose simoes/m/obs=disse ela ser ele o pai/id=b1687.31-per1-per3
564:                ls$residencia/soure
565: 
566:             ppai$simao manuel/m/id=b1687.31-per1-per4
567:                ls$residencia/soure
568: 
569:             pad$manuel dias duquezo/m/id=b1687.31-per5
570:                ls$residencia/soure
571: 
572:             mad$francisca de andrade/id=b1687.31-per6
573:                ls$residencia/soure
574: 
575:       b$b1687.32/11/5/1687/0/0/0/manuel cordeiro
576: 
**** auto rels 2 STARTED.
   ** auto rel: from b1687.31-per1-per3 to b1687.31-per1 parentesco/pai
   ** auto rel: from b1687.31-per1-per2 to b1687.31-per1 parentesco/mae
   ** auto rel: from b1687.31-per1-per3 to b1687.31-per1-per2 parentesco/marido
   ** Automatic attribute: b1687.31-per1-per3/ec/c
   ** Automatic attribute: b1687.31-per1-per2/ec/c
   ** auto rel: from b1687.31-per1-per4 to b1687.31-per1-per3 parentesco/pai
** Processing act b$b1687.32
577:          n$domingos/m/id=b1687.32-per1
578: 
579:             pai$domingos rodrigues/m/id=b1687.32-per1-per2
580:                ls$residencia/cavaleiros
581: 
582:             mae$isabel silvestre/f/id=b1687.32-per1-per3
583: 
584:             pad$mateus goncalves/m/id=b1687.32-per4
585:                ls$residencia/alencarce de cima
586: 
587:             mad$isabel rodrigues/f/id=b1687.32-per5
588:                ls$residencia/casal dos cavaleiros/obs=eplicitamente referido que "cavaleiros" e "casal dos cavaleiros" sao sinonimos
589: 
590:       b$b1687.33/11/5/1687/0/0/0/manuel cordeiro
591: 
**** auto rels 2 STARTED.
   ** auto rel: from b1687.32-per1-per2 to b1687.32-per1 parentesco/pai
   ** auto rel: from b1687.32-per1-per3 to b1687.32-per1 parentesco/mae
   ** auto rel: from b1687.32-per1-per2 to b1687.32-per1-per3 parentesco/marido
   ** Automatic attribute: b1687.32-per1-per2/ec/c
   ** Automatic attribute: b1687.32-per1-per3/ec/c
** Processing act b$b1687.33
592:          n$joao/m/id=b1687.33-per1
593: 
594:             pai$manuel goncalves/m/id=b1687.33-per1-per2
595:                ls$residencia/fatacos
596: 
597:             mae$maria dias/f/id=b1687.33-per1-per3
598: 
599:             pad$joao francisco/m/id=ro11051687
600:                ls$residencia/fatacos
601: 
602:             mad$maria/f/id=b1687.33-per4
603: 
604:             pmad$joao francisco/m/mesmo_que=ro11051687/id=b1687.33-per5
605: 
606:       b$b1687.34/11/5/1687/0/0/0/manuel cordeiro
607: 
**** auto rels 2 STARTED.
   ** auto rel: from b1687.33-per1-per2 to b1687.33-per1 parentesco/pai
   ** auto rel: from b1687.33-per1-per3 to b1687.33-per1 parentesco/mae
   ** auto rel: from b1687.33-per1-per2 to b1687.33-per1-per3 parentesco/marido
   ** Automatic attribute: b1687.33-per1-per2/ec/c
   ** Automatic attribute: b1687.33-per1-per3/ec/c
** Processing act b$b1687.34
608:          n$mariana/f/id=b1687.34-per1
609: 
610:             pai$manuel simoes/m/id=b1687.34-per1-per2
611:                ls$residencia/casal dos simoes
612: 
613:             mae$maria rodrigues/f/id=b1687.34-per1-per3
614: 
615:             pad$antonio simoes/m/id=b1687.34-per4
616: 
617:             ppad$manuel simoes/m/obs=sera o mesmo que o pai?/id=b1687.34-per5
618: 
619:             mad$maria carvalho/f/id=b1687.34-per6
620: 
621:             pmad$antonio simoes/m/id=b1687.34-per7
622:                ls$residencia/estercadas
623: 
624:       b$b1687.35/18/5/1687/0/0/0/manuel cordeiro
625: 
**** auto rels 2 STARTED.
   ** auto rel: from b1687.34-per1-per2 to b1687.34-per1 parentesco/pai
   ** auto rel: from b1687.34-per1-per3 to b1687.34-per1 parentesco/mae
   ** auto rel: from b1687.34-per1-per2 to b1687.34-per1-per3 parentesco/marido
   ** Automatic attribute: b1687.34-per1-per2/ec/c
   ** Automatic attribute: b1687.34-per1-per3/ec/c
** Processing act b$b1687.35
626:          n$isabel/f/id=b1687.35-per1
627: 
628:             pai$antonio rodrigues/m/id=b1687.35-per1-per2
629:                ls$residencia/sobral
630: 
631:             mae$maria luis/f/id=b1687.35-per1-per3
632: 
633:             pad$joao/m/id=b1687.35-per4
634:                ls$ec/s
635:                ls$residencia/sobral
636: 
637:             ppad$manuel joao galhufo/m/id=b1687.35-per5
638:                ls$residencia/sobral
639: 
640:             mad$isabel/f/id=b1687.35-per6
641:                ls$ec/s
642: 
643:             pmad$manuel joao da ?/id=b1687.35-per7
644:                ls$residencia/sobral
645: 
646:       b$b1687.36/25/5/1687/0/0/0/jeronimo mendes
647: 
**** auto rels 2 STARTED.
   ** auto rel: from b1687.35-per1-per2 to b1687.35-per1 parentesco/pai
   ** auto rel: from b1687.35-per1-per3 to b1687.35-per1 parentesco/mae
   ** auto rel: from b1687.35-per1-per2 to b1687.35-per1-per3 parentesco/marido
   ** Automatic attribute: b1687.35-per1-per2/ec/c
   ** Automatic attribute: b1687.35-per1-per3/ec/c
** Processing act b$b1687.36
648:          n$josefa/f/id=b1687.36-per1
649: 
650:             pai$joao rodrigues serrano/m/id=b1687.36-per1-per2
651:                ls$residencia/sobral
652: 
653:             mae$domingas luis/f/id=b1687.36-per1-per3
654: 
655:             pad$mateus rodrigues/m/id=b1687.36-per4
656:                ls$residencia/sobral
657: 
658:             mad$antonia domingues/f/id=b1687.36-per5
659:                ls$residencia/sobral
660: 
661:       b$b1687.37/1/6/1687/0/0/0/manuel rodrigues da carreira
662: 
**** auto rels 2 STARTED.
   ** auto rel: from b1687.36-per1-per2 to b1687.36-per1 parentesco/pai
   ** auto rel: from b1687.36-per1-per3 to b1687.36-per1 parentesco/mae
   ** auto rel: from b1687.36-per1-per2 to b1687.36-per1-per3 parentesco/marido
   ** Automatic attribute: b1687.36-per1-per2/ec/c
   ** Automatic attribute: b1687.36-per1-per3/ec/c
** Processing act b$b1687.37
663:          n$joao/m/id=b1687.37-per1
664: 
665:             pai$manuel francisco neto/m/id=b1687.37-per1-per2
666:                ls$residencia/casa velha
667: 
668:             mae$isabel francisca ruiva/f/obs=mal no indice?/id=b1687.37-per1-per3
669: 
670:             pad$manuel alvares/m/id=b1687.37-per4
671:                ls$residencia/casa velha
672: 
673:             mad$francisca jorge/f/id=b1687.37-per5
674: 
675:             pmad$domingos duarte/m/id=b1687.37-per6
676:                ls$residencia/casa velha
677: 
678:       b$b1687.38/8/6/1687/0/0/0/manuel cordeiro/obs=falta o pai embora o paroco comecasse a escrever "e disse ser de..." depois um espaco em branco
679: 
**** auto rels 2 STARTED.
   ** auto rel: from b1687.37-per1-per2 to b1687.37-per1 parentesco/pai
   ** auto rel: from b1687.37-per1-per3 to b1687.37-per1 parentesco/mae
   ** auto rel: from b1687.37-per1-per2 to b1687.37-per1-per3 parentesco/marido
   ** Automatic attribute: b1687.37-per1-per2/ec/c
   ** Automatic attribute: b1687.37-per1-per3/ec/c
** Processing act b$b1687.38
680:          n$manuel/m/id=b1687.38-per1
681:             ls$ilegitimo/sim
682: 
683:             mae$antonia rodrigues/f/id=b1687.38-per1-per2
684:                ls$ec/s
685:                ls$residencia/paleao
686: 
687:             pad$manuel gaspar/m/id=b1687.38-per3
688:                ls$residencia/paleao
689: 
690:             ppad$manuel gomes valente/m/id=ro08061687
691:                ls$residencia/paleao
692: 
693:             mad$catarina gaspar/f/id=b1687.38-per4
694:                ls$residencia/paleao
695: 
696:             pmad$manuel gomes valente/m/mesmo_que=ro08061687/id=b1687.38-per5
697: 
698:       b$b1687.39/8/6/1687/0/0/0/manuel cordeiro
699: 
**** auto rels 2 STARTED.
   ** auto rel: from b1687.38-per1-per2 to b1687.38-per1 parentesco/mae
** Processing act b$b1687.39
700:          n$antonia/f/id=b1687.39-per1
701: 
702:             pai$domingos madeira/m/id=b1687.39-per1-per2
703:                ls$residencia/casal do vinagre
704: 
705:             mae$maria francisca/f/id=b1687.39-per1-per3
706: 
707:             pad$antonio/m/id=ro08061687b
708: 
709:             ppad$nome desconhecido/m/id=marmelo
710:                ls$alcunha/marmelo
711: 
712:             mad$antonia madeira/f/id=b1687.39-per4
713:                rel$parentesco/mae/antonio/ro08061687b
714: 
715:             mrmad$nome desconhecido/m/mesmo_que=marmelo/id=b1687.39-per5
716: 
717:       b$b1687.40/13/6/1687/0/0/0/manuel rodrigues do passo
718: 
**** auto rels 2 STARTED.
   ** auto rel: from b1687.39-per1-per2 to b1687.39-per1 parentesco/pai
   ** auto rel: from b1687.39-per1-per3 to b1687.39-per1 parentesco/mae
   ** auto rel: from b1687.39-per1-per2 to b1687.39-per1-per3 parentesco/marido
   ** Automatic attribute: b1687.39-per1-per2/ec/c
   ** Automatic attribute: b1687.39-per1-per3/ec/c
** Processing act b$b1687.40
719:          n$maria/f/id=b1687.40-per1
720: 
721:             pai$jorge soeiro/m/id=b1687.40-per1-per2
722:                ls$residencia/soure
723: 
724:             mae$isabel marques/f/id=b1687.40-per1-per3
725: 
726:             pad$sebastiao machado da costa/m/id=b1687.40-per4
727:                ls$residencia/soure
728: 
729:             mad$maria/f/id=b1687.40-per5
730:                ls$ec/s
731: 
732:             pmad$joao rodrigues aleita?/m/obs=azeite?/id=b1687.40-per6
733:                ls$residencia/soure
734: 
735:       b$b1687.41/17/6/1687/0/0/0/manuel cordeiro
736: 
**** auto rels 2 STARTED.
   ** auto rel: from b1687.40-per1-per2 to b1687.40-per1 parentesco/pai
   ** auto rel: from b1687.40-per1-per3 to b1687.40-per1 parentesco/mae
   ** auto rel: from b1687.40-per1-per2 to b1687.40-per1-per3 parentesco/marido
   ** Automatic attribute: b1687.40-per1-per2/ec/c
   ** Automatic attribute: b1687.40-per1-per3/ec/c
** Processing act b$b1687.41
737:          n$antonio/m/id=b1687.41-per1
738:             ls$ilegitimo/sim
739: 
740:             mae$domingas rodrigues/f/id=b1687.41-per1-per2
741: 
742:             pai$manuel pinto de macedo/m/obs=disse ela ser ele o pai/id=b1687.41-per1-per3
743: 
744:             pad$antonio mendes ravasco/m/mesmo_que=c87-5/id=b1687.41-per4
745: 
746:             mad$nome desconhecido/f/id=b1687.41-per5
747: 
748:             pmad$antonio mendes ravasco/m/mesmo_que=c87-5/id=b1687.41-per6
749: 
750:       b$b1687.42/18/6/1687/0/0/0/manuel cordeiro
751: 
**** auto rels 2 STARTED.
   ** auto rel: from b1687.41-per1-per3 to b1687.41-per1 parentesco/pai
   ** auto rel: from b1687.41-per1-per2 to b1687.41-per1 parentesco/mae
   ** auto rel: from b1687.41-per1-per3 to b1687.41-per1-per2 parentesco/marido
   ** Automatic attribute: b1687.41-per1-per3/ec/c
   ** Automatic attribute: b1687.41-per1-per2/ec/c
** Processing act b$b1687.42
752:          n$luis/m/id=b1687.42-per1
753: 
754:             pai$manuel rodrigues/m/id=b1687.42-per1-per2
755:                ls$residencia/simoes
756: 
757:             mae$maria domingues/f/id=b1687.42-per1-per3
758: 
759:             pad$luis coelho dos reis/m/id=b1687.42-per4
760:                ls$titulo/licenciado
761: 
762:             mad$domingas simoes/f/id=b1687.42-per5
763:                ls$residencia/mogadouro
764: 
765:             mrmad$antonio joao/m/id=b1687.42-per6
766:                ls$residencia/mogadouro
767: 
768:       b$b1687.43/23/6/1687/0/0/0/manuel cordeiro
769: 
**** auto rels 2 STARTED.
   ** auto rel: from b1687.42-per1-per2 to b1687.42-per1 parentesco/pai
   ** auto rel: from b1687.42-per1-per3 to b1687.42-per1 parentesco/mae
   ** auto rel: from b1687.42-per1-per2 to b1687.42-per1-per3 parentesco/marido
   ** Automatic attribute: b1687.42-per1-per2/ec/c
   ** Automatic attribute: b1687.42-per1-per3/ec/c
** Processing act b$b1687.43
770:          n$ana/f/id=b1687.43-per1
771: 
772:             pai$joao gomes/m/id=b1687.43-per1-per2
773:                ls$residencia/porto panelas
774: 
775:             mae$maria rodrigues/f/id=b1687.43-per1-per3
776: 
777:             pad$manuel gomes/m/id=b1687.43-per4
778:                ls$residencia/porto panelas
779: 
780:             mad$isabel/f/id=b1687.43-per5
781:                ls$ec/s
782: 
783:             pmad$francisco rodrigues monteiro/m/id=b1687.43-per6
784:                ls$residencia/casais de porto panelas
785: 
786:       b$b1687.44/1/6/1687/0/0/0/martins goncalves/obs=data sic "este assento ficou pro esquecimento..."
787: 
**** auto rels 2 STARTED.
   ** auto rel: from b1687.43-per1-per2 to b1687.43-per1 parentesco/pai
   ** auto rel: from b1687.43-per1-per3 to b1687.43-per1 parentesco/mae
   ** auto rel: from b1687.43-per1-per2 to b1687.43-per1-per3 parentesco/marido
   ** Automatic attribute: b1687.43-per1-per2/ec/c
   ** Automatic attribute: b1687.43-per1-per3/ec/c
** Processing act b$b1687.44
788:          n$mateus/m/id=b1687.44-per1
789: 
790:             pai$manuel simoes/m/id=b1687.44-per1-per2
791:                ls$residencia/cavaleiros
792: 
793:             mae$maria jorge/f/id=b1687.44-per1-per3
794: 
795:             pad$mateus goncalves/m/id=b1687.44-per4
796:                ls$residencia/cavaleiros
797: 
798:             mad$isabel francisca/f/id=b1687.44-per5
799:                ls$residencia/cavaleiros
800: 
801:       b$b1687.45/13/7/1687/0/0/0/manuel cordeiro/obs= o manuel cordeiro passa a intitular-se "vigario encomendado" em vez de "cura"
802: 
**** auto rels 2 STARTED.
   ** auto rel: from b1687.44-per1-per2 to b1687.44-per1 parentesco/pai
   ** auto rel: from b1687.44-per1-per3 to b1687.44-per1 parentesco/mae
   ** auto rel: from b1687.44-per1-per2 to b1687.44-per1-per3 parentesco/marido
   ** Automatic attribute: b1687.44-per1-per2/ec/c
   ** Automatic attribute: b1687.44-per1-per3/ec/c
** Processing act b$b1687.45
803:          n$francisca/f/id=b1687.45-per1
804: 
805:             pai$simao luis/m/id=b1687.45-per1-per2
806:                ls$residencia/casal da corujeira
807: 
808:             mae$maria simoes/f/id=b1687.45-per1-per3
809: 
810:             pad$manuel goncalves/m/id=b1687.45-per4
811:                ls$residencia/valada, freguesia da gesteira
812:                ls$freguesia/gesteira
813: 
814:             mad$maria francisca/f/id=b1687.45-per5
815:                ls$residencia/valada, freguesia da gesteira
816:                ls$freguesia/gesteira
817: 
818:       b$b1687.46/13/7/1687/0/0/0/manuel cordeiro
819: 
**** auto rels 2 STARTED.
   ** auto rel: from b1687.45-per1-per2 to b1687.45-per1 parentesco/pai
   ** auto rel: from b1687.45-per1-per3 to b1687.45-per1 parentesco/mae
   ** auto rel: from b1687.45-per1-per2 to b1687.45-per1-per3 parentesco/marido
   ** Automatic attribute: b1687.45-per1-per2/ec/c
   ** Automatic attribute: b1687.45-per1-per3/ec/c
** Processing act b$b1687.46
820:          n$maria/f/id=b1687.46-per1
821: 
822:             pai$manuel joao/m/id=b1687.46-per1-per2
823:                ls$residencia/alencarce de cima
824: 
825:             mae$maria madeira/f/id=b1687.46-per1-per3
826: 
827:             pad$manuel simoes seareiro/m/id=b1687.46-per4
828:                ls$residencia/casal do livreiro
829: 
830:             mad$maria madeira/f/id=b1687.46-per5
831: 
832:             mrmad$manuel antunes rolim/m/id=b1687.46-per6
833:                ls$residencia/casal do livreiro
834: 
835:       b$b1687.47/20/7/1687/0/0/0/manuel rodrigues da carreira
836: 
**** auto rels 2 STARTED.
   ** auto rel: from b1687.46-per1-per2 to b1687.46-per1 parentesco/pai
   ** auto rel: from b1687.46-per1-per3 to b1687.46-per1 parentesco/mae
   ** auto rel: from b1687.46-per1-per2 to b1687.46-per1-per3 parentesco/marido
   ** Automatic attribute: b1687.46-per1-per2/ec/c
   ** Automatic attribute: b1687.46-per1-per3/ec/c
** Processing act b$b1687.47
837:          n$antonio/m/id=b1687.47-per1
838: 
839:             pai$jorge joao/m/id=b1687.47-per1-per2
840:                ls$residencia/simoes
841: 
842:             mae$catarina simoes/f/id=b1687.47-per1-per3
843: 
844:             pad$antonio joao/m/id=b1687.47-per4
845:                ls$residencia/mogadouro
846: 
847:             mad$teresa/f/id=b1687.47-per5
848:                ls$ec/s
849: 
850:             pmad$antonio simoes conde/m/id=b1687.47-per6
851:                ls$residencia/mogadouro
852: 
853:       b$b1687.48/27/7/1687/0/0/0/manuel cordeiro/obs=falta a madrinha.
854: 
**** auto rels 2 STARTED.
   ** auto rel: from b1687.47-per1-per2 to b1687.47-per1 parentesco/pai
   ** auto rel: from b1687.47-per1-per3 to b1687.47-per1 parentesco/mae
   ** auto rel: from b1687.47-per1-per2 to b1687.47-per1-per3 parentesco/marido
   ** Automatic attribute: b1687.47-per1-per2/ec/c
   ** Automatic attribute: b1687.47-per1-per3/ec/c
** Processing act b$b1687.48
855:          n$isabel/f/id=b1687.48-per1
856: 
857:             pai$jeronimo goncalves/m/id=b1687.48-per1-per2
858:                ls$residencia/casa velha
859: 
860:             mae$agata pereira/f/id=b1687.48-per1-per3
861: 
862:             pad$manuel simoes/m/id=b1687.48-per4
863:                ls$profissao/lavrador/obs=ou sera nome?
864:                ls$residencia/casa velha
865: 
866:       b$b1687.49/31/7/1687/0/0/0/manuel rodrigues do passo
867: 
**** auto rels 2 STARTED.
   ** auto rel: from b1687.48-per1-per2 to b1687.48-per1 parentesco/pai
   ** auto rel: from b1687.48-per1-per3 to b1687.48-per1 parentesco/mae
   ** auto rel: from b1687.48-per1-per2 to b1687.48-per1-per3 parentesco/marido
   ** Automatic attribute: b1687.48-per1-per2/ec/c
   ** Automatic attribute: b1687.48-per1-per3/ec/c
** Processing act b$b1687.49
868:          n$maria/f/id=b1687.49-per1
869: 
870:             pai$manuel rodrigues/m/id=b1687.49-per1-per2
871:                ls$residencia/casal de alencarce
872: 
873:             mae$maria rodrigues/f/id=b1687.49-per1-per3
874: 
875:             pad$manuel martins/m/id=b1687.49-per4
876:                ls$residencia/cascao
877: 
878:             mad$maria rodrigues/f/id=b1687.49-per5
879:                ls$ec/v
880:                ls$residencia/casal de alencarce
881: 
882:       b$b1687.50/31/7/1687/0/0/0/manuel cordeiro
883: 
**** auto rels 2 STARTED.
   ** auto rel: from b1687.49-per1-per2 to b1687.49-per1 parentesco/pai
   ** auto rel: from b1687.49-per1-per3 to b1687.49-per1 parentesco/mae
   ** auto rel: from b1687.49-per1-per2 to b1687.49-per1-per3 parentesco/marido
   ** Automatic attribute: b1687.49-per1-per2/ec/c
   ** Automatic attribute: b1687.49-per1-per3/ec/c
** Processing act b$b1687.50
884:          n$isabel/f/id=b1687.50-per1
885: 
886:             pai$diogo joao/m/id=b1687.50-per1-per2
887:                ls$residencia/sobral
888: 
889:             mae$maria rodrigues/f/id=b1687.50-per1-per3
890: 
891:             pad$manuel francisco/m/id=b1687.50-per4
892: 
893:             mad$isabel francisca/f/id=b1687.50-per5
894:                ls$ec/s
895: 
896:             pmad$manuel joao/m/id=b1687.50-per6
897:                ls$residencia/torre/obs=sera nome "da torre"
898: 
899:       b$b1687.51/31/7/1687/0/0/0/manuel rodrigues do passo
900: 
**** auto rels 2 STARTED.
   ** auto rel: from b1687.50-per1-per2 to b1687.50-per1 parentesco/pai
   ** auto rel: from b1687.50-per1-per3 to b1687.50-per1 parentesco/mae
   ** auto rel: from b1687.50-per1-per2 to b1687.50-per1-per3 parentesco/marido
   ** Automatic attribute: b1687.50-per1-per2/ec/c
   ** Automatic attribute: b1687.50-per1-per3/ec/c
** Processing act b$b1687.51
901:          n$cristina/f/id=b1687.51-per1
902: 
903:             pai$manuel rodrigues/m/id=b1687.51-per1-per2
904:                ls$residencia/casal da charneca
905: 
906:             mae$maria dias/f/id=b1687.51-per1-per3
907: 
908:             pad$joao colaco/m/id=b1687.51-per4
909: 
910:             ppad$manuel francisco de morais/m/id=ro31071687
911: 
912:             mad$isabel/f/id=b1687.51-per5
913:                ls$ec/s
914: 
915:             pmad$manuel francisco de morais/m/mesmo_que=ro31071687/id=b1687.51-per6
916: 
917:       b$b1687.52/3/8/1687/0/0/0/manuel cordeiro
918: 
**** auto rels 2 STARTED.
   ** auto rel: from b1687.51-per1-per2 to b1687.51-per1 parentesco/pai
   ** auto rel: from b1687.51-per1-per3 to b1687.51-per1 parentesco/mae
   ** auto rel: from b1687.51-per1-per2 to b1687.51-per1-per3 parentesco/marido
   ** Automatic attribute: b1687.51-per1-per2/ec/c
   ** Automatic attribute: b1687.51-per1-per3/ec/c
** Processing act b$b1687.52
919:          n$isabel/f/id=b1687.52-per1
920: 
921:             pai$gaspar martins/m/id=b1687.52-per1-per2
922:                ls$residencia/casal do cascao
923: 
924:             mae$maria martins/f/id=b1687.52-per1-per3
925: 
926:             pad$antonio joao/m/id=b1687.52-per4
927:                ls$residencia/casal do cartaxo
928: 
929:             mad$isabel joao/f/id=b1687.52-per5
930:                ls$residencia/casal do cartaxo
931: 
932:       b$b1687.53/10/8/1687/0/0/0/manuel rodrigues do passo
933: 
**** auto rels 2 STARTED.
   ** auto rel: from b1687.52-per1-per2 to b1687.52-per1 parentesco/pai
   ** auto rel: from b1687.52-per1-per3 to b1687.52-per1 parentesco/mae
   ** auto rel: from b1687.52-per1-per2 to b1687.52-per1-per3 parentesco/marido
   ** Automatic attribute: b1687.52-per1-per2/ec/c
   ** Automatic attribute: b1687.52-per1-per3/ec/c
** Processing act b$b1687.53
934:          n$isabel/f/id=b1687.53-per1
935: 
936:             pai$antonio rodrigues/m/id=b1687.53-per1-per2
937:                ls$residencia/casal da telhada
938: 
939:             mae$maria madeira/f/id=b1687.53-per1-per3
940: 
941:             pad$manuel rodrigues/m/id=b1687.53-per4
942:                ls$residencia/carvalheira
943: 
944:             mad$maria ferreira/f/id=b1687.53-per5
945:                ls$residencia/areias
946: 
947:             pmad$antonio madeira/m/id=b1687.53-per6
948: 
949:       b$b1687.54/10/8/1687/0/0/0/manuel rodrigues do passo
950: 
**** auto rels 2 STARTED.
   ** auto rel: from b1687.53-per1-per2 to b1687.53-per1 parentesco/pai
   ** auto rel: from b1687.53-per1-per3 to b1687.53-per1 parentesco/mae
   ** auto rel: from b1687.53-per1-per2 to b1687.53-per1-per3 parentesco/marido
   ** Automatic attribute: b1687.53-per1-per2/ec/c
   ** Automatic attribute: b1687.53-per1-per3/ec/c
** Processing act b$b1687.54
951:          n$manuel/m/id=b1687.54-per1
952: 
953:             pai$manuel carvalho/m/id=b1687.54-per1-per2
954:                ls$residencia/soure
955: 
956:             mae$maria vieira/f/id=b1687.54-per1-per3
957: 
958:             pad$manuel antunes/m/id=b1687.54-per4
959:                ls$residencia/condeixa, freguesia de condeixa a ?
960:                ls$freguesia/condeixa ?
961: 
962:             mad$maria colaco/f/id=b1687.54-per5
963: 
964:       b$b1687.55/11/8/1687/0/0/0/manuel rodrigues da carreira
965: 
**** auto rels 2 STARTED.
   ** auto rel: from b1687.54-per1-per2 to b1687.54-per1 parentesco/pai
   ** auto rel: from b1687.54-per1-per3 to b1687.54-per1 parentesco/mae
   ** auto rel: from b1687.54-per1-per2 to b1687.54-per1-per3 parentesco/marido
   ** Automatic attribute: b1687.54-per1-per2/ec/c
   ** Automatic attribute: b1687.54-per1-per3/ec/c
** Processing act b$b1687.55
966:          n$manuel/m/id=b1687.55-per1
967: 
968:             pai$joao rodrigues/m/id=b1687.55-per1-per2
969:                ls$residencia/sobral
970: 
971:             mae$isabel domingues/f/id=b1687.55-per1-per3
972: 
973:             pad$domingos simoes/m/id=b1687.55-per4
974:                ls$profissao/padre
975: 
976:             mad$domingas joao/f/id=b1687.55-per5
977:                ls$residencia/montes, freguesia de Pombal#diz termo de Pombal, inferi que tambem seria freguesia
978:                ls$freguesia/pombal#diz termo de Pombal, inferi que tambem seria freguesia
979: 
980:       b$b1687.56/15/8/1687/0/0/0/manuel cordeiro
981: 
**** auto rels 2 STARTED.
   ** auto rel: from b1687.55-per1-per2 to b1687.55-per1 parentesco/pai
   ** auto rel: from b1687.55-per1-per3 to b1687.55-per1 parentesco/mae
   ** auto rel: from b1687.55-per1-per2 to b1687.55-per1-per3 parentesco/marido
   ** Automatic attribute: b1687.55-per1-per2/ec/c
   ** Automatic attribute: b1687.55-per1-per3/ec/c
** Processing act b$b1687.56
982:          n$isabel/f/id=b1687.56-per1
983: 
984:             pai$francisco simoes/m/id=b1687.56-per1-per2
985:                ls$residencia/casal dos cavaleiros
986: 
987:             mae$isabel rodrigues/f/id=b1687.56-per1-per3
988: 
989:             pad$joao francisco/m/id=b1687.56-per4
990:                ls$residencia/casal dos bechos
991: 
992:             mad$isabel francisca/f/id=b1687.56-per5
993: 
994:             mrmad$mateus goncalves/m/id=b1687.56-per6
995:                ls$residencia/cavaleiros
996: 
997:       b$b1687.57/17/8/1687/0/0/0/joao francisco
998: 
**** auto rels 2 STARTED.
   ** auto rel: from b1687.56-per1-per2 to b1687.56-per1 parentesco/pai
   ** auto rel: from b1687.56-per1-per3 to b1687.56-per1 parentesco/mae
   ** auto rel: from b1687.56-per1-per2 to b1687.56-per1-per3 parentesco/marido
   ** Automatic attribute: b1687.56-per1-per2/ec/c
   ** Automatic attribute: b1687.56-per1-per3/ec/c
** Processing act b$b1687.57
999:          n$maria/f/id=b1687.57-per1
1000: 
1001:             pai$antonio antunes/m/id=b1687.57-per1-per2
1002:                ls$residencia/cascao
1003: 
1004:             mae$maria joao/f/id=b1687.57-per1-per3
1005: 
1006:             pad$domingos antunes/m/id=b1687.57-per4
1007:                ls$residencia/alencarce
1008: 
1009:             mad$ana rodrigues/m/id=b1687.57-per5
1010:                ls$residencia/alencarce
1011: 
1012:       b$b1687.58/24/8/1687/0/0/0/manuel cordeiro
1013: 
**** auto rels 2 STARTED.
   ** auto rel: from b1687.57-per1-per2 to b1687.57-per1 parentesco/pai
   ** auto rel: from b1687.57-per1-per3 to b1687.57-per1 parentesco/mae
   ** auto rel: from b1687.57-per1-per2 to b1687.57-per1-per3 parentesco/marido
   ** Automatic attribute: b1687.57-per1-per2/ec/c
   ** Automatic attribute: b1687.57-per1-per3/ec/c
** Processing act b$b1687.58
1014:          n$maria/f/id=b1687.58-per1
1015: 
1016:             pai$manuel rodrigues/m/id=b1687.58-per1-per2
1017:                ls$residencia/alencarce de cima
1018: 
1019:             mae$madalena francisca/f/id=b1687.58-per1-per3
1020: 
1021:             pad$francisco madeira/m/id=b1687.58-per4
1022:                ls$residencia/alencarce
1023: 
1024:             mad$maria tome/f/id=b1687.58-per5
1025:                ls$residencia/alencarce
1026: 
1027:       b$b1687.59/7/9/1687/0/0/0/manuel cordeiro
1028: 
**** auto rels 2 STARTED.
   ** auto rel: from b1687.58-per1-per2 to b1687.58-per1 parentesco/pai
   ** auto rel: from b1687.58-per1-per3 to b1687.58-per1 parentesco/mae
   ** auto rel: from b1687.58-per1-per2 to b1687.58-per1-per3 parentesco/marido
   ** Automatic attribute: b1687.58-per1-per2/ec/c
   ** Automatic attribute: b1687.58-per1-per3/ec/c
** Processing act b$b1687.59
1029:          n$joao/m/id=b1687.59-per1
1030: 
1031:             pai$mateus rodrigues/m/id=b1687.59-per1-per2
1032:                ls$residencia/sobral
1033: 
1034:             mae$domingas goncalves/f/id=b1687.59-per1-per3
1035: 
1036:             pad$joao rodrigues formigo/m/id=b1687.59-per4
1037: 
1038:             mad$isabel/f/id=b1687.59-per5
1039: 
1040:             pmad$manuel joao/m/id=b1687.59-per6
1041:                ls$residencia/torre#sera apelido?
1042: 
1043:       b$b1687.60/8/9/1687/0/0/0/manuel rodrigues da carreira
1044: 
**** auto rels 2 STARTED.
   ** auto rel: from b1687.59-per1-per2 to b1687.59-per1 parentesco/pai
   ** auto rel: from b1687.59-per1-per3 to b1687.59-per1 parentesco/mae
   ** auto rel: from b1687.59-per1-per2 to b1687.59-per1-per3 parentesco/marido
   ** Automatic attribute: b1687.59-per1-per2/ec/c
   ** Automatic attribute: b1687.59-per1-per3/ec/c
** Processing act b$b1687.60
1045:          n$domngos/m/id=b1687.60-per1
1046: 
1047:             pai$domingos lourenco/m/id=b1687.60-per1-per2
1048:                ls$residencia/quinta da cruz
1049: 
1050:             mae$maria simoes/f/id=b1687.60-per1-per3
1051: 
1052:             pad$domingos dias/m/id=b1687.60-per4
1053:                ls$residencia/sobral
1054: 
1055:             mad$francisca ferreira/f/id=b1687.60-per5
1056: 
1057:             pmad$manuel simoes/m/id=b1687.60-per6
1058:                ls$residencia/casal do guerra
1059: 
1060:             mmad$antonia carvalho/f/id=b1687.60-per7
1061: 
1062:       b$b1687.61/8/9/1687/0/0/0/joao goncalves, beneficiado
1063: 
**** auto rels 2 STARTED.
   ** auto rel: from b1687.60-per1-per2 to b1687.60-per1 parentesco/pai
   ** auto rel: from b1687.60-per1-per3 to b1687.60-per1 parentesco/mae
   ** auto rel: from b1687.60-per1-per2 to b1687.60-per1-per3 parentesco/marido
   ** Automatic attribute: b1687.60-per1-per2/ec/c
   ** Automatic attribute: b1687.60-per1-per3/ec/c
   ** auto rel: from b1687.60-per6 to b1687.60-per7 parentesco/marido
** Processing act b$b1687.61
1064:          n$antonia/f/id=b1687.61-per1
1065: 
1066:             pai$jose velho/m/id=b1687.61-per1-per2
1067:                ls$residencia/soure
1068: 
1069:             mae$luisa lopes/f/id=b1687.61-per1-per3
1070: 
1071:             pad$amaro de pina/m/id=b1687.61-per4
1072:                ls$residencia/soure
1073: 
1074:             mad$antonia/f/id=b1687.61-per5
1075:                ls$titulo/dona
1076:                ls$residencia/soure
1077: 
1078:       b$b1687.62/14/9/1687/0/0/0/manuel cordeiro
1079: 
**** auto rels 2 STARTED.
   ** auto rel: from b1687.61-per1-per2 to b1687.61-per1 parentesco/pai
   ** auto rel: from b1687.61-per1-per3 to b1687.61-per1 parentesco/mae
   ** auto rel: from b1687.61-per1-per2 to b1687.61-per1-per3 parentesco/marido
   ** Automatic attribute: b1687.61-per1-per2/ec/c
   ** Automatic attribute: b1687.61-per1-per3/ec/c
** Processing act b$b1687.62
1080:          n$luis/m/id=b1687.62-per1
1081: 
1082:             pai$manuel francisco/m/id=b1687.62-per1-per2
1083:                ls$residencia/casa velha
1084: 
1085:             mae$joana da costa/f/id=b1687.62-per1-per3
1086: 
1087:             pad$luis coelho/m/id=b1687.62-per4
1088:                ls$titulo/licenciado
1089: 
1090:             mad$maria/f/id=b1687.62-per5
1091:                ls$ec/s
1092: 
1093:             pmad$manuel francisco gabriel/m/id=b1687.62-per6
1094:                ls$residencia/casa velha
1095: 
1096:       b$b1687.63/16/9/1687/0/0/0/manuel cordeiro
1097: 
**** auto rels 2 STARTED.
   ** auto rel: from b1687.62-per1-per2 to b1687.62-per1 parentesco/pai
   ** auto rel: from b1687.62-per1-per3 to b1687.62-per1 parentesco/mae
   ** auto rel: from b1687.62-per1-per2 to b1687.62-per1-per3 parentesco/marido
   ** Automatic attribute: b1687.62-per1-per2/ec/c
   ** Automatic attribute: b1687.62-per1-per3/ec/c
** Processing act b$b1687.63
1098:          n$mariana/f/id=b1687.63-per1
1099: 
1100:             pai$joao rodrigues/m/id=b1687.63-per1-per2
1101:                ls$residencia/sobral
1102: 
1103:             mae$antonia domngues/f/id=b1687.63-per1-per3
1104: 
1105:             pad$jose pinto/m/id=b1687.63-per4
1106:                rel$parentesco/sobrinho/luis alvares/ro16091687
1107: 
1108:             referido$luis alvares/id=ro16091687
1109:                ls$cargo/vigario da almagreira
1110:                ls$profissao/padre
1111:                ls$titulo/frei
1112: 
1113:             mad$ana freire/f/id=b1687.63-per5
1114:                ls$ec/s
1115:                ls$freguesia/redinha
1116:                ls$residencia/redinha, freguesia da redinha
1117: 
1118:       b$b1687.64/19/9/1687/0/0/0/manuel cordeiro/obs=baptizado subconditione. Dois padrinhos e nenhuma madrinha.
1119: 
**** auto rels 2 STARTED.
   ** auto rel: from b1687.63-per1-per2 to b1687.63-per1 parentesco/pai
   ** auto rel: from b1687.63-per1-per3 to b1687.63-per1 parentesco/mae
   ** auto rel: from b1687.63-per1-per2 to b1687.63-per1-per3 parentesco/marido
   ** Automatic attribute: b1687.63-per1-per2/ec/c
   ** Automatic attribute: b1687.63-per1-per3/ec/c
** Processing act b$b1687.64
1120:          n$manuel/m/id=b1687.64-per1
1121:             ls$engeitado/sim/obs=baptizado pela camera
1122: 
1123:             pad$manuel goncalves/m/id=b1687.64-per2
1124:                ls$cargo/vereador
1125: 
1126:             pad$manuel simoes/m/id=b1687.64-per3
1127:                ls$cargo/vereador
1128: 
1129:       b$b1687.65/22/9/1687/0/0/0/manuel cordeiro
1130: 
**** auto rels 2 STARTED.
** Processing act b$b1687.65
1131:          n$manuel/m/id=b1687.65-per1
1132: 
1133:             pai$antonio domingues/m/id=b1687.65-per1-per2
1134:                ls$residencia/casais da misericordia
1135: 
1136:             mae$francisca simoes/f/id=b1687.65-per1-per3
1137: 
1138:             pad$manuel rodrigues/m/id=b1687.65-per4
1139:                ls$residencia/casal dos bonitos
1140: 
1141:             mad$domingas joao/f/id=b1687.65-per5
1142: 
1143:             mrmad$manuel joao/m/id=b1687.65-per6
1144:                ls$residencia/casal dos bonitos
1145: 
1146:       b$b1687.66/22/9/1687/0/0/0/manuel cordeiro
1147: 
**** auto rels 2 STARTED.
   ** auto rel: from b1687.65-per1-per2 to b1687.65-per1 parentesco/pai
   ** auto rel: from b1687.65-per1-per3 to b1687.65-per1 parentesco/mae
   ** auto rel: from b1687.65-per1-per2 to b1687.65-per1-per3 parentesco/marido
   ** Automatic attribute: b1687.65-per1-per2/ec/c
   ** Automatic attribute: b1687.65-per1-per3/ec/c
** Processing act b$b1687.66
1148:          n$isabel/f/id=b1687.66-per1
1149: 
1150:             pai$manuel antunes/m/id=b1687.66-per1-per2
1151:                ls$residencia/alencarce de cima
1152: 
1153:             mae$francisca rodrigues/f/id=b1687.66-per1-per3
1154: 
1155:             pad$antonio rodrigues/m/id=b1687.66-per4
1156:                ls$residencia/alencarce
1157: 
1158:             mad$isabel rodrigues/f/id=b1687.66-per5
1159:                ls$ec/s
1160: 
1161:             mmad$isabel rodrigues/f/id=b1687.66-per6
1162:                ls$residencia/alencarce
1163: 
1164:       b$b1687.67/22/9/1687/0/0/0/manuel cordeiro
1165: 
**** auto rels 2 STARTED.
   ** auto rel: from b1687.66-per1-per2 to b1687.66-per1 parentesco/pai
   ** auto rel: from b1687.66-per1-per3 to b1687.66-per1 parentesco/mae
   ** auto rel: from b1687.66-per1-per2 to b1687.66-per1-per3 parentesco/marido
   ** Automatic attribute: b1687.66-per1-per2/ec/c
   ** Automatic attribute: b1687.66-per1-per3/ec/c
** Processing act b$b1687.67
1166:          n$isabel/f/id=b1687.67-per1
1167: 
1168:             pai$manuel rodrigues/m/id=b1687.67-per1-per2
1169:                ls$residencia/alencarce de cima
1170: 
1171:             mae$maria gaspar/f/id=b1687.67-per1-per3
1172: 
1173:             pad$manuel simoes/m/id=b1687.67-per4
1174:                ls$residencia/alencarce
1175: 
1176:             mad$isabel gaspar/f/id=b1687.67-per5
1177:                ls$residencia/alencarce
1178: 
1179:       b$b1687.68/28/9/1687/0/0/0/manuel cordeiro
1180: 
**** auto rels 2 STARTED.
   ** auto rel: from b1687.67-per1-per2 to b1687.67-per1 parentesco/pai
   ** auto rel: from b1687.67-per1-per3 to b1687.67-per1 parentesco/mae
   ** auto rel: from b1687.67-per1-per2 to b1687.67-per1-per3 parentesco/marido
   ** Automatic attribute: b1687.67-per1-per2/ec/c
   ** Automatic attribute: b1687.67-per1-per3/ec/c
** Processing act b$b1687.68
1181:          n$mateus/m/id=b1687.68-per1
1182: 
1183:             pai$luis rodrigues/m/id=b1687.68-per1-per2
1184:                ls$residencia/casal dos feijoes
1185: 
1186:             mae$maria simoes/f/id=b1687.68-per1-per3
1187: 
1188:             pad$mateus rodrigues/m/id=ro22091687
1189:                ls$residencia/porto coelheiro
1190: 
1191:             mad$maria gomes/f/id=b1687.68-per4
1192: 
1193:             mrmad$mateus rodrigues/mesmo_que=ro22091687/id=b1687.68-per5
1194: 
1195:       b$b1687.69/28/9/1687/0/0/0/manuel cordeiro
1196: 
**** auto rels 2 STARTED.
   ** auto rel: from b1687.68-per1-per2 to b1687.68-per1 parentesco/pai
   ** auto rel: from b1687.68-per1-per3 to b1687.68-per1 parentesco/mae
   ** auto rel: from b1687.68-per1-per2 to b1687.68-per1-per3 parentesco/marido
   ** Automatic attribute: b1687.68-per1-per2/ec/c
   ** Automatic attribute: b1687.68-per1-per3/ec/c
** Processing act b$b1687.69
1197:          n$mateus/m/id=b1687.69-per1
1198: 
1199:             pai$domingos de oliveira/m/id=b1687.69-per1-per2
1200:                ls$residencia/corcozes
1201: 
1202:             mae$catarina mendes/f/id=b1687.69-per1-per3
1203: 
1204:             pad$manuel de oliveira/m/id=b1687.69-per4
1205: 
1206:             ppad$simao de oliveira/m/id=b1687.69-per5
1207: 
1208:             mad$isabel mendes/f/id=b1687.69-per6
1209:                ls$ec/s
1210: 
1211:       b$b1687.70/29/9/1687/0/0/0/manuel cordeiro
1212: 
**** auto rels 2 STARTED.
   ** auto rel: from b1687.69-per1-per2 to b1687.69-per1 parentesco/pai
   ** auto rel: from b1687.69-per1-per3 to b1687.69-per1 parentesco/mae
   ** auto rel: from b1687.69-per1-per2 to b1687.69-per1-per3 parentesco/marido
   ** Automatic attribute: b1687.69-per1-per2/ec/c
   ** Automatic attribute: b1687.69-per1-per3/ec/c
** Processing act b$b1687.70
1213:          n$jose/m/id=b1687.70-per1
1214: 
1215:             pai$joao soares/m/id=b1687.70-per1-per2
1216:                ls$residencia/paleao
1217: 
1218:             mae$domingas joao/f/id=b1687.70-per1-per3
1219: 
1220:             pad$antonio mendes ravasco/m/id=b1687.70-per4
1221:                ls$titulo/licenciado
1222:                ls$residencia/paleao
1223: 
1224:             mad$maria galvao/f/id=b1687.70-per5
1225: 
1226:             mrmad$manuel marques/m/id=b1687.70-per6
1227:                ls$residencia/paleao
1228: 
1229:       b$b1687.71/30/9/1687/0/0/0/manuel cordeiro
1230: 
**** auto rels 2 STARTED.
   ** auto rel: from b1687.70-per1-per2 to b1687.70-per1 parentesco/pai
   ** auto rel: from b1687.70-per1-per3 to b1687.70-per1 parentesco/mae
   ** auto rel: from b1687.70-per1-per2 to b1687.70-per1-per3 parentesco/marido
   ** Automatic attribute: b1687.70-per1-per2/ec/c
   ** Automatic attribute: b1687.70-per1-per3/ec/c
** Processing act b$b1687.71
1231:          n$esperanca/f/id=b1687.71-per1
1232: 
1233:             pai$antonio rodrigues/m/id=b1687.71-per1-per2
1234:                ls$residencia/casal dos louzoes
1235: 
1236:             mae$maria rodrigues/f/id=b1687.71-per1-per3
1237: 
1238:             pad$mateus rodrigues/m/id=b1687.71-per4
1239:                ls$residencia/casal dos reis, freguesia de almagreira
1240:                ls$freguesia/almagreira
1241: 
1242:             mad$maria simoes/f/id=b1687.71-per5
1243:                ls$residencia/casal dos louzoes
1244: 
1245:       b$b1687.72/5/10/1687/0/0/0/manuel cordeiro/obs=falta um padrinho
1246: 
**** auto rels 2 STARTED.
   ** auto rel: from b1687.71-per1-per2 to b1687.71-per1 parentesco/pai
   ** auto rel: from b1687.71-per1-per3 to b1687.71-per1 parentesco/mae
   ** auto rel: from b1687.71-per1-per2 to b1687.71-per1-per3 parentesco/marido
   ** Automatic attribute: b1687.71-per1-per2/ec/c
   ** Automatic attribute: b1687.71-per1-per3/ec/c
** Processing act b$b1687.72
1247:          n$manuel/m/id=b1687.72-per1
1248: 
1249:             pai$manuel goncalves/m/id=b1687.72-per1-per2
1250:                ls$profissao/esteireiro
1251:                ls$residencia/sobral
1252: 
1253:             mae$francisca joao/f/id=b1687.72-per1-per3
1254: 
1255:             mad$isabel francisca/f/id=b1687.72-per4
1256:                ls$ec/s
1257: 
1258:             pmad$manuel joao/m/id=b1687.72-per5
1259:                ls$residencia/sobral
1260: 
1261:       b$b1687.73/8/10/1687/0/0/0/manuel cordeiro
1262: 
**** auto rels 2 STARTED.
   ** auto rel: from b1687.72-per1-per2 to b1687.72-per1 parentesco/pai
   ** auto rel: from b1687.72-per1-per3 to b1687.72-per1 parentesco/mae
   ** auto rel: from b1687.72-per1-per2 to b1687.72-per1-per3 parentesco/marido
   ** Automatic attribute: b1687.72-per1-per2/ec/c
   ** Automatic attribute: b1687.72-per1-per3/ec/c
** Processing act b$b1687.73
1263:          n$manuel/m/id=b1687.73-per1
1264: 
1265:             pai$manuel de figueiredo/m/id=opai08101687
1266:                ls$alcunha/moco
1267:                ls$residencia/caldeirinhos
1268: 
1269:             mae$domingas de oliveira/f/id=b1687.73-per1-per2
1270: 
1271:             pad$sebastiao soares coelho/m/id=b1687.73-per3
1272:                ls$residencia/soure
1273: 
1274:             mad$maria da conceicao/f/id=b1687.73-per4
1275:                rel$parentesco/filha/manuel de figueiredo/opai08101687
1276: 
1277:       b$b1687.74/19/10/1687/0/0/0/joao francisco
1278: 
**** auto rels 2 STARTED.
   ** auto rel: from opai08101687 to b1687.73-per1 parentesco/pai
   ** auto rel: from b1687.73-per1-per2 to b1687.73-per1 parentesco/mae
   ** auto rel: from opai08101687 to b1687.73-per1-per2 parentesco/marido
   ** Automatic attribute: opai08101687/ec/c
   ** Automatic attribute: b1687.73-per1-per2/ec/c
** Processing act b$b1687.74
1279:          n$manuel/m/id=b1687.74-per1
1280: 
1281:             pai$antonio domingues/m/id=b1687.74-per1-per2
1282:                ls$residencia/casal da misericordia
1283: 
1284:             mae$maria dias/f/id=b1687.74-per1-per3
1285: 
1286:             pad$jose dias/m/id=b1687.74-per4
1287: 
1288:             mad$domingas carvalho/f/id=b1687.74-per5
1289: 
1290:       b$b1687.75/23/10/1687/0/0/0/manuel rodrigues da carreira
1291: 
**** auto rels 2 STARTED.
   ** auto rel: from b1687.74-per1-per2 to b1687.74-per1 parentesco/pai
   ** auto rel: from b1687.74-per1-per3 to b1687.74-per1 parentesco/mae
   ** auto rel: from b1687.74-per1-per2 to b1687.74-per1-per3 parentesco/marido
   ** Automatic attribute: b1687.74-per1-per2/ec/c
   ** Automatic attribute: b1687.74-per1-per3/ec/c
** Processing act b$b1687.75
1292:          n$manuel/m/id=b1687.75-per1
1293: 
1294:             pai$manuel da fonseca/m/id=b1687.75-per1-per2
1295:                ls$residencia/casalinhos
1296: 
1297:             mae$maria francisca/f/id=b1687.75-per1-per3
1298: 
1299:             pad$joao/m/id=b1687.75-per4
1300: 
1301:             ppad$manuel gomes/m/id=b1687.75-per5
1302:                ls$residencia/casalinhos
1303: 
1304:             mad$isabel/f/id=b1687.75-per6
1305:                ls$ec/s
1306: 
1307:             pmad$manuel joao/m/id=b1687.75-per7
1308:                ls$residencia/casalinhos
1309: 
1310:       b$b1687.76/26/10/1687/0/0/0/manuel rodrigues da carreira
1311: 
**** auto rels 2 STARTED.
   ** auto rel: from b1687.75-per1-per2 to b1687.75-per1 parentesco/pai
   ** auto rel: from b1687.75-per1-per3 to b1687.75-per1 parentesco/mae
   ** auto rel: from b1687.75-per1-per2 to b1687.75-per1-per3 parentesco/marido
   ** Automatic attribute: b1687.75-per1-per2/ec/c
   ** Automatic attribute: b1687.75-per1-per3/ec/c
** Processing act b$b1687.76
1312:          n$teresa/f/id=b1687.76-per1
1313: 
1314:             pai$geraldo rodrigues/m/id=b1687.76-per1-per2
1315:                ls$residencia/casal do vinagre
1316: 
1317:             mae$isabel madeira/f/id=b1687.76-per1-per3
1318: 
1319:             pad$antonio/m/id=bpad26101687
1320: 
1321:             ppad$nome desconhecido/m/id=b1687.76-per4
1322:                ls$alcunha/marmelo
1323: 
1324:             mad$antonia madeira/f/id=b1687.76-per5
1325:                rel$parentesco/mae/antonio/bpad26101687
1326: 
1327:       b$b1687.77/2/11/1687/0/0/0/manuel rodrigues do passo
1328: 
**** auto rels 2 STARTED.
   ** auto rel: from b1687.76-per1-per2 to b1687.76-per1 parentesco/pai
   ** auto rel: from b1687.76-per1-per3 to b1687.76-per1 parentesco/mae
   ** auto rel: from b1687.76-per1-per2 to b1687.76-per1-per3 parentesco/marido
   ** Automatic attribute: b1687.76-per1-per2/ec/c
   ** Automatic attribute: b1687.76-per1-per3/ec/c
** Processing act b$b1687.77
1329:          n$manuel/m/id=b1687.77-per1
1330: 
1331:             pai$pedro francisco/m/id=b1687.77-per1-per2
1332:                ls$residencia/casconho
1333: 
1334:             mae$maria joao/f/id=b1687.77-per1-per3
1335: 
1336:             pad$manuel gomes/m/id=b1687.77-per4
1337:                ls$residencia/paleao
1338: 
1339:             mad$domingas goncalves/f/id=b1687.77-per5
1340:                ls$ec/s
1341: 
1342:             pmad$manuel rodrigues/m/id=b1687.77-per6
1343:                ls$residencia/carvalheira
1344: 
1345:       b$b1687.78/4/11/1687/0/0/0/manuel rodrigues da carreira
1346: 
**** auto rels 2 STARTED.
   ** auto rel: from b1687.77-per1-per2 to b1687.77-per1 parentesco/pai
   ** auto rel: from b1687.77-per1-per3 to b1687.77-per1 parentesco/mae
   ** auto rel: from b1687.77-per1-per2 to b1687.77-per1-per3 parentesco/marido
   ** Automatic attribute: b1687.77-per1-per2/ec/c
   ** Automatic attribute: b1687.77-per1-per3/ec/c
** Processing act b$b1687.78
1347:          n$simao/f/id=b1687.78-per1
1348: 
1349:             pai$simao domingues/m/id=b1687.78-per1-per2
1350:                ls$residencia/casal dos simoes
1351: 
1352:             mae$maria antunes/f/id=b1687.78-per1-per3
1353: 
1354:             pad$manuel francisco/m/id=bpad04111687
1355: 
1356:             mad$antonia/f/id=b1687.78-per4
1357:                rel$parentesco/filha/manuel francisco/bpad04111687
1358: 
1359:       b$b1687.79/5/11/1687/0/0/0/manuel rodrigues da carreira
1360: 
**** auto rels 2 STARTED.
   ** auto rel: from b1687.78-per1-per2 to b1687.78-per1 parentesco/pai
   ** auto rel: from b1687.78-per1-per3 to b1687.78-per1 parentesco/mae
   ** auto rel: from b1687.78-per1-per2 to b1687.78-per1-per3 parentesco/marido
   ** Automatic attribute: b1687.78-per1-per2/ec/c
   ** Automatic attribute: b1687.78-per1-per3/ec/c
** Processing act b$b1687.79
1361:          n$teresa/f/id=bn05111687
1362: 
1363:             pai$domingos pires/m/id=bpai05111687
1364: 
1365:             mae$maria francisca/f/id=bmae05111687
1366: 
1367:             pad$domingos goncalves/m/id=b1687.79-per1
1368:                ls$profissao/padre
1369: 
1370:             mad$maria ferreira/f/id=b1687.79-per2
1371:                ls$ec/s
1372: 
1373:       b$b1687.80/5/11/1687/0/0/0/manuel rodrigues da carreira
1374: 
**** auto rels 2 STARTED.
   ** auto rel: from bpai05111687 to bn05111687 parentesco/pai
   ** auto rel: from bmae05111687 to bn05111687 parentesco/mae
   ** auto rel: from bpai05111687 to bmae05111687 parentesco/marido
   ** Automatic attribute: bpai05111687/ec/c
   ** Automatic attribute: bmae05111687/ec/c
** Processing act b$b1687.80
1375:          n$isabel/f/id=b1687.80-per1
1376:             rel$parentesco/irma gemea/teresa/bn05111687
1377: 
1378:             pai$domingos pires/m/mesmo_que=bpai05111687/id=b1687.80-per1-per2
1379: 
1380:             mae$maria francisca/f/mesmo_que=bmae05111687/id=b1687.80-per1-per3
1381: 
1382:             pad$antonio ferreira/m/id=b1687.80-per4
1383:                ls$ec/s
1384: 
1385:             mad$francisca rodrigues/f/id=b1687.80-per5
1386:                ls$residencia/portela
1387: 
1388:       b$b1687.81/9/11/1687/0/0/0/manuel cordeiro
1389: 
**** auto rels 2 STARTED.
   ** auto rel: from b1687.80-per1-per2 to b1687.80-per1 parentesco/pai
   ** auto rel: from b1687.80-per1-per3 to b1687.80-per1 parentesco/mae
   ** auto rel: from b1687.80-per1-per2 to b1687.80-per1-per3 parentesco/marido
   ** Automatic attribute: b1687.80-per1-per2/ec/c
   ** Automatic attribute: b1687.80-per1-per3/ec/c
** Processing act b$b1687.81
1390:          n$manuel/m/id=b1687.81-per1
1391: 
1392:             pai$manuel jorge/m/id=b1687.81-per1-per2
1393:                ls$residencia/alencarce de cima
1394: 
1395:             mae$antonia rodrigues/f/id=b1687.81-per1-per3
1396: 
1397:             pad$manuel rodrigues/m/id=b1687.81-per4
1398:                ls$residencia/alencarce de cima
1399: 
1400:             mad$catarina rodrigues/f/id=b1687.81-per5
1401:                ls$ec/s
1402:                ls$residencia/alencarce de cima
1403: 
1404:       b$b1687.82/10/11/1687/0/0/0/joao francisco
1405: 
**** auto rels 2 STARTED.
   ** auto rel: from b1687.81-per1-per2 to b1687.81-per1 parentesco/pai
   ** auto rel: from b1687.81-per1-per3 to b1687.81-per1 parentesco/mae
   ** auto rel: from b1687.81-per1-per2 to b1687.81-per1-per3 parentesco/marido
   ** Automatic attribute: b1687.81-per1-per2/ec/c
   ** Automatic attribute: b1687.81-per1-per3/ec/c
** Processing act b$b1687.82
1406:          n$antonio/m/id=b1687.82-per1
1407: 
1408:             pai$francisco rodrigues/m/id=b1687.82-per1-per2
1409:                ls$residencia/casal da misericordia?
1410: 
1411:             mae$joana carvalho/f/id=b1687.82-per1-per3
1412: 
1413:             pad$manuel joao/m/id=b1687.82-per4
1414: 
1415:             mad$maria martins/f/id=b1687.82-per5
1416:                ls$residencia/casal dos bernardos, freguesia da redinha
1417:                ls$freguesia/redinha
1418: 
1419:       b$b1687.83/11/11/1687/0/0/0/manuel rodrigues do passo
1420: 
**** auto rels 2 STARTED.
   ** auto rel: from b1687.82-per1-per2 to b1687.82-per1 parentesco/pai
   ** auto rel: from b1687.82-per1-per3 to b1687.82-per1 parentesco/mae
   ** auto rel: from b1687.82-per1-per2 to b1687.82-per1-per3 parentesco/marido
   ** Automatic attribute: b1687.82-per1-per2/ec/c
   ** Automatic attribute: b1687.82-per1-per3/ec/c
** Processing act b$b1687.83
1421:          n$ana/f/id=b1687.83-per1
1422:             ls$ilegitima/sim
1423: 
1424:             mae$jacinta/f/id=b1687.83-per1-per2
1425:                ls$ec/s
1426:                ls$residencia/soure
1427: 
1428:             pai$manuel alvelos/m/obs=disse ela ser ele o pai/id=b1687.83-per1-per3
1429: 
1430:             pad$matias/m/id=b1687.83-per4
1431: 
1432:             ppad$sebastiao goncalves/m/id=b1687.83-per5
1433: 
1434:             mad$ana de almeida/f/id=b1687.83-per6
1435: 
1436:       b$b1687.84/20/11/1687/0/0/0/manuel rodrigues do passo
1437: 
**** auto rels 2 STARTED.
   ** auto rel: from b1687.83-per1-per3 to b1687.83-per1 parentesco/pai
   ** auto rel: from b1687.83-per1-per2 to b1687.83-per1 parentesco/mae
   ** auto rel: from b1687.83-per1-per3 to b1687.83-per1-per2 parentesco/marido
   ** Automatic attribute: b1687.83-per1-per3/ec/c
   ** Automatic attribute: b1687.83-per1-per2/ec/c
** Processing act b$b1687.84
1438:          n$francisco/m/id=b1687.84-per1
1439: 
1440:             pai$manuel bras/m/id=b1687.84-per1-per2
1441:                ls$residencia/casal do leonel
1442: 
1443:             mae$isabel francisca/f/id=b1687.84-per1-per3
1444: 
1445:             pad$francisco simoes/m/id=b1687.84-per4
1446:                ls$residencia/cavaleiros
1447: 
1448:             mad$maria/f/id=b1687.84-per5
1449: 
1450:             mmad$nome desconhecido/f/id=b1687.84-per6
1451:                ls$alcunha/marmoa?
1452:                ls$ec/s/obs=ela ou a filha?
1453:                ls$residencia/alencarce
1454: 
1455:       b$b1687.85/14/12/1687/0/0/0/manuel rodrigues
1456: 
**** auto rels 2 STARTED.
   ** auto rel: from b1687.84-per1-per2 to b1687.84-per1 parentesco/pai
   ** auto rel: from b1687.84-per1-per3 to b1687.84-per1 parentesco/mae
   ** auto rel: from b1687.84-per1-per2 to b1687.84-per1-per3 parentesco/marido
   ** Automatic attribute: b1687.84-per1-per2/ec/c
   ** Automatic attribute: b1687.84-per1-per3/ec/c
** Processing act b$b1687.85
1457:          n$isabel/f/id=b1687.85-per1
1458: 
1459:             pai$antonio francisco baralhao/m/id=b1687.85-per1-per2
1460:                ls$residencia/soure
1461: 
1462:             mae$maria mendes/f/id=b1687.85-per1-per3
1463: 
1464:             pad$simao duarte/m/id=b1687.85-per4
1465:                ls$residencia/casalinhos
1466: 
1467:             mad$isabel leao/f/id=b1687.85-per5
1468:                ls$residencia/soure
1469: 
1470:       b$b1687.86/14/12/1687/0/0/0/simao leao
1471: 
**** auto rels 2 STARTED.
   ** auto rel: from b1687.85-per1-per2 to b1687.85-per1 parentesco/pai
   ** auto rel: from b1687.85-per1-per3 to b1687.85-per1 parentesco/mae
   ** auto rel: from b1687.85-per1-per2 to b1687.85-per1-per3 parentesco/marido
   ** Automatic attribute: b1687.85-per1-per2/ec/c
   ** Automatic attribute: b1687.85-per1-per3/ec/c
** Processing act b$b1687.86
1472:          n$francisco/m/id=b1687.86-per1
1473: 
1474:             pai$manuel carvalho/m/id=b1687.86-per1-per2
1475:                ls$residencia/soure
1476: 
1477:             mae$domingas jeronima/f/id=b1687.86-per1-per3
1478: 
1479:             pad$manuel homem de quadros/m/id=b1687.86-per4
1480: 
1481:             mad$antonia/f/id=b1687.86-per5
1482: 
1483:             pmad$sebastiao colaco/m/id=b1687.86-per6
1484: 
1485:       b$b1687.87/21/12/1687/0/0/0/joao francisco
1486: 
**** auto rels 2 STARTED.
   ** auto rel: from b1687.86-per1-per2 to b1687.86-per1 parentesco/pai
   ** auto rel: from b1687.86-per1-per3 to b1687.86-per1 parentesco/mae
   ** auto rel: from b1687.86-per1-per2 to b1687.86-per1-per3 parentesco/marido
   ** Automatic attribute: b1687.86-per1-per2/ec/c
   ** Automatic attribute: b1687.86-per1-per3/ec/c
** Processing act b$b1687.87
1487:          n$jose/m/id=b1687.87-per1
1488: 
1489:             pai$manuel francisco/m/id=b1687.87-per1-per2
1490: 
1491:             mae$sebastiana rodrigues/f/id=b1687.87-per1-per3
1492: 
1493:             pad$joao da costa de vasconcelos/m/id=b1687.87-per4
1494: 
1495:             mad$luisa/f/id=b1687.87-per5
1496:                ls$ec/s
1497: 
1498:             pmad$manuel gomes/m/id=b1687.87-per6
1499: 
1500:       b$b1687.89/28/12/1687/0/0/0/joao da costa
1501: 
**** auto rels 2 STARTED.
   ** auto rel: from b1687.87-per1-per2 to b1687.87-per1 parentesco/pai
   ** auto rel: from b1687.87-per1-per3 to b1687.87-per1 parentesco/mae
   ** auto rel: from b1687.87-per1-per2 to b1687.87-per1-per3 parentesco/marido
   ** Automatic attribute: b1687.87-per1-per2/ec/c
   ** Automatic attribute: b1687.87-per1-per3/ec/c
** Processing act b$b1687.89
1502:          n$clemente/m/id=b1687.89-per1
1503: 
1504:             pai$antonio martins/m/id=b1687.89-per1-per2
1505:                ls$residencia/pinheiro
1506: 
1507:             mae$maria da costa/f/id=b1687.89-per1-per3
1508: 
1509:             pad$pedro de menezes/m/id=b1687.89-per4
1510:                ls$titulo/dom
1511: 
1512:             mad$catarina/f/id=b1687.89-per5
1513:                ls$ec/s
1514: 
1515:             pmad$simao madeira/m/id=b1687.89-per6
1516:                ls$residencia/casais de s.mateus
1517: *** End of File
0  errors.
**** auto rels 2 STARTED.
   ** auto rel: from b1687.89-per1-per2 to b1687.89-per1 parentesco/pai
   ** auto rel: from b1687.89-per1-per3 to b1687.89-per1 parentesco/mae
   ** auto rel: from b1687.89-per1-per2 to b1687.89-per1-per3 parentesco/marido
   ** Automatic attribute: b1687.89-per1-per2/ec/c
   ** Automatic attribute: b1687.89-per1-per3/ec/c
** Translation finished.
** data file- /Users/jrc/develop/mhk_users/soure/documents/baptismos/B1687.CLI
** original file- /Users/jrc/develop/mhk_users/soure/documents/baptismos/B1687.org
** old file- /Users/jrc/develop/mhk_users/soure/documents/baptismos/B1687.old
** original file- /Users/jrc/develop/mhk_users/soure/documents/baptismos/B1687.ids
