ClioInput - version $Revision$ SWI $Date$
29-5-2017 15-1

Processing data file:/Users/jrc/develop/mhk_users/soure/documents/baptismos/B1689.CLI
-------------------------------------------
Generic Act translation module with geoentities (XML).
     Joaquim Ramos de Carvalho (joaquim@uc.pt) 
** New document: kleio
1: kleio$gacto.str
=========================
kleio translation started
=========================
Structure: gacto.str
Prefix: 
Autorel: 
Translation count: 
Obs: 
Translation count not set or invalid, counting as zero: 
2:    fonte$baptismos 1689/tipo=reg paroquiais/localizacao=fol. 63-/data=16890000
3: 
**** auto rels 2 STARTED.
** Processing source fonte$baptismos 1689
4:       b$b1689.1/2/1/1689/0/0/0/manuel cordeiro
5: 
**** auto rels 2 STARTED.
** Processing act b$b1689.1
6:          n$helena/f/id=b1689.1-per1
7: 
8:             pai$manuel francisco/m/id=b1689.1-per1-per2
9:                ls$residencia/paleao
10: 
11:             mae$isabel simoes/f/id=b1689.1-per1-per3
12: 
13:             pad$manuel gaspar/m/id=b1689.1-per4
14: 
15:             mad$helena/f/id=b1689.1-per5
16:                ls$ec/s
17: 
18:             pmad$paulo ribeiro/m/id=b1689.1-per6
19: 
20:       b$b1689.2/12/1/1689/0/0/0/manuel cordeiro
21: 
**** auto rels 2 STARTED.
   ** auto rel: from b1689.1-per1-per2 to b1689.1-per1 parentesco/pai
   ** auto rel: from b1689.1-per1-per3 to b1689.1-per1 parentesco/mae
   ** auto rel: from b1689.1-per1-per2 to b1689.1-per1-per3 parentesco/marido
   ** Automatic attribute: b1689.1-per1-per2/ec/c
   ** Automatic attribute: b1689.1-per1-per3/ec/c
** Processing act b$b1689.2
22:          n$francisco/m/id=b1689.2-per1
23: 
24:             pai$manuel simoes/id=b1689.2-per1-per2
25:                ls$residencia/casais dos cavaleiros
26: 
27:             mae$maria jorge/f/id=b1689.2-per1-per3
28: 
29:             pad$manuel domingues/m/id=b1689.2-per4
30:                ls$residencia/eureca
31: 
32:             mad$isabel francisca/f/id=b1689.2-per5
33: 
34:             mrmad$manuel fernandes/m/id=b1689.2-per6
35:                ls$residencia/cavaleiros
36: 
37:       b$b1689.3/16/1/1689/0/0/0/manuel cordeiro
38: 
**** auto rels 2 STARTED.
   ** auto rel: from b1689.2-per1-per2 to b1689.2-per1 parentesco/pai
   ** auto rel: from b1689.2-per1-per3 to b1689.2-per1 parentesco/mae
   ** auto rel: from b1689.2-per1-per2 to b1689.2-per1-per3 parentesco/marido
   ** Automatic attribute: b1689.2-per1-per2/ec/c
   ** Automatic attribute: b1689.2-per1-per3/ec/c
** Processing act b$b1689.3
39:          n$francisco/m/id=b1689.3-per1
40: 
41:             pai$manuel goncalves/m/id=b1689.3-per1-per2
42:                ls$residencia/casal do pinheiro
43: 
44:             mae$isabel madeira/f/id=b1689.3-per1-per3
45: 
46:             pad$francisco lopes/m/id=b1689.3-per4
47:                ls$alcunha/moco
48:                ls$residencia/casal do pinheiro
49: 
50:             mad$ines da silva/f/id=b1689.3-per5
51: 
52:             mrmad$manuel rodrigues gingote/id=b1689.3-per6
53:                ls$residencia/vendas novas
54: 
55:       b$b1689.4/23/1/1689/0/0/0/manuel cordeiro
56: 
**** auto rels 2 STARTED.
   ** auto rel: from b1689.3-per1-per2 to b1689.3-per1 parentesco/pai
   ** auto rel: from b1689.3-per1-per3 to b1689.3-per1 parentesco/mae
   ** auto rel: from b1689.3-per1-per2 to b1689.3-per1-per3 parentesco/marido
   ** Automatic attribute: b1689.3-per1-per2/ec/c
   ** Automatic attribute: b1689.3-per1-per3/ec/c
** Processing act b$b1689.4
57:          n$isabel/f/id=b1689.4-per1
58: 
59:             pai$domingos marques/m/id=b1689.4-per1-per2
60:                ls$residencia/paleao
61: 
62:             mae$isabel madeira/f/id=b1689.4-per1-per3
63: 
64:             pad$manuel marques/m/id=b1689.4-per4
65:                ls$alcunha/moco
66:                ls$residencia/paleao
67: 
68:             mad$maria gomes/f/id=b1689.4-per5
69: 
70:             mrmad$manuel gomes/m/id=b1689.4-per6
71:                ls$profissao/almocreve
72:                ls$residencia/paleao
73: 
74:       b$b1689.5/25/1/1689/0/0/0/joao francisco
75: 
**** auto rels 2 STARTED.
   ** auto rel: from b1689.4-per1-per2 to b1689.4-per1 parentesco/pai
   ** auto rel: from b1689.4-per1-per3 to b1689.4-per1 parentesco/mae
   ** auto rel: from b1689.4-per1-per2 to b1689.4-per1-per3 parentesco/marido
   ** Automatic attribute: b1689.4-per1-per2/ec/c
   ** Automatic attribute: b1689.4-per1-per3/ec/c
** Processing act b$b1689.5
76:          n$manuel/m/id=b1689.5-per1
77: 
78:             pai$ascenso rodrigues/m/id=b1689.5-per1-per2
79:                ls$residencia/casais da lajem
80: 
81:             mae$francisca madeira/f/id=b1689.5-per1-per3
82: 
83:             pad$antonio/m/id=bpad16890125
84:                ls$ec/s
85: 
86:             ppad$manuel rodrigues marmelo/id=bppad16890125
87: 
88:             mad$antonia madeira/f/id=b1689.5-per4
89:                rel$parentesco/mulher/manuel rodrigues marmelo/bppad16890125
90:                rel$parentesco/mae/antonio/bpad16890125
91: 
92:       b$b1689.6/27/1/1689/0/0/0/manuel rodrigues da carreira
93: 
**** auto rels 2 STARTED.
   ** auto rel: from b1689.5-per1-per2 to b1689.5-per1 parentesco/pai
   ** auto rel: from b1689.5-per1-per3 to b1689.5-per1 parentesco/mae
   ** auto rel: from b1689.5-per1-per2 to b1689.5-per1-per3 parentesco/marido
   ** Automatic attribute: b1689.5-per1-per2/ec/c
   ** Automatic attribute: b1689.5-per1-per3/ec/c
** Processing act b$b1689.6
94:          n$sebastiana/f/id=b1689.6-per1
95: 
96:             pai$mateus goncalves/m/id=b1689.6-per1-per2
97:                ls$residencia/soure
98: 
99:             mae$isabel pedroso/f/id=b1689.6-per1-per3
100: 
101:             pad$valentim da costa/m/id=b1689.6-per4
102:                ls$residencia/soure
103: 
104:             mad$maria ferreira/f/id=b1689.6-per5
105: 
106:             pmad$manuel cardoso/id=b1689.6-per6
107:                ls$residencia/soure
108: 
109:       b$b1689.7/30/1/1689/0/0/0/jeronimo mendes
110: 
**** auto rels 2 STARTED.
   ** auto rel: from b1689.6-per1-per2 to b1689.6-per1 parentesco/pai
   ** auto rel: from b1689.6-per1-per3 to b1689.6-per1 parentesco/mae
   ** auto rel: from b1689.6-per1-per2 to b1689.6-per1-per3 parentesco/marido
   ** Automatic attribute: b1689.6-per1-per2/ec/c
   ** Automatic attribute: b1689.6-per1-per3/ec/c
** Processing act b$b1689.7
111:          n$antonio/m/id=b1689.7-per1
112: 
113:             pai$domingos joao/m/id=b1689.7-per1-per2
114:                ls$alcunha/diabrete
115:                ls$residencia/alencarce de baixo
116: 
117:             mae$francisca rodrigues/f/id=b1689.7-per1-per3
118: 
119:             pad$manuel/m/id=b1689.7-per4
120:                ls$ec/s
121: 
122:             ppad$francisco madeira/id=b1689.7-per5
123:                ls$residencia/alencarce de baixo
124: 
125:             mad$nome desconhecido/f/id=b1689.7-per6
126: 
127:             pmad$mateus goncalves/m/id=b1689.7-per7
128:                ls$residencia/alencarce de baixo
129: 
130:             mmad$maria joao/f/id=b1689.7-per8
131: 
132:       b$b1689.8/30/1/1689/0/0/0/manuel leitao
133: 
**** auto rels 2 STARTED.
   ** auto rel: from b1689.7-per1-per2 to b1689.7-per1 parentesco/pai
   ** auto rel: from b1689.7-per1-per3 to b1689.7-per1 parentesco/mae
   ** auto rel: from b1689.7-per1-per2 to b1689.7-per1-per3 parentesco/marido
   ** Automatic attribute: b1689.7-per1-per2/ec/c
   ** Automatic attribute: b1689.7-per1-per3/ec/c
   ** auto rel: from b1689.7-per7 to b1689.7-per8 parentesco/marido
** Processing act b$b1689.8
134:          referido$manuel leitao/id=bcel16890130
135:             ls$profissao/padre
136:             ls$cargo/coadjutor na igreja do lourical
137: 
138:          n$manuel/m/id=b1689.8-per1
139: 
140:             pai$joao domingues/m/id=b1689.8-per1-per2
141:                ls$residencia/casal novo
142: 
143:             mae$isabel joao/f/id=b1689.8-per1-per3
144: 
145:             pad$manuel leitao/m/mesmo_que=bcel16890130/id=b1689.8-per4
146:                ls$residencia/casal novo
147: 
148:             mad$domingas jorge/f/id=b1689.8-per5
149:                ls$ec/s
150:                ls$residencia/casal novo
151: 
152:       b$b1689.9/30/1/1689/0/0/0/manuel cordeiro/obs= baptizado em necessidade
153: 
**** auto rels 2 STARTED.
   ** auto rel: from b1689.8-per1-per2 to b1689.8-per1 parentesco/pai
   ** auto rel: from b1689.8-per1-per3 to b1689.8-per1 parentesco/mae
   ** auto rel: from b1689.8-per1-per2 to b1689.8-per1-per3 parentesco/marido
   ** Automatic attribute: b1689.8-per1-per2/ec/c
   ** Automatic attribute: b1689.8-per1-per3/ec/c
** Processing act b$b1689.9
154:          n$francisco/m/id=bn16890130
155:             ls$ilegitimo/sim
156: 
157:             mae$isabel francisca/f/id=bn16890130-per1
158:                ls$ec/s
159:                ls$residencia/alencarce de cima
160: 
161:             pai$jeronimo de azevedo/m/obs=disse ela ser ele o pai/id=bn16890130-per2
162: 
163:             referido$manuel colaco/id=bcel16890130b
164:                ls$titulo/licenciado
165:                ls$titulo/frei
166:                ls$profissao/padre
167:                ls$cargo/beneficiado na igreja de soure
168:                rel$sociabilidade/baptizou em necessidade/francisco/bn16890130
169: 
170:             pad$manuel simoes/m/id=b1689.9-per3
171:                ls$residencia/alencarce de cima
172: 
173:             mad$isabel/f/id=b1689.9-per4
174:                ls$ec/s
175: 
176:             pmad$domingos tome/m/id=b1689.9-per5
177:                ls$residencia/alencarce de cima
178: 
179:       b$b1689.10/30/1/1689/0/0/0/manuel leitao
180: 
**** auto rels 2 STARTED.
   ** auto rel: from bn16890130-per2 to bn16890130 parentesco/pai
   ** auto rel: from bn16890130-per1 to bn16890130 parentesco/mae
   ** auto rel: from bn16890130-per2 to bn16890130-per1 parentesco/marido
   ** Automatic attribute: bn16890130-per2/ec/c
   ** Automatic attribute: bn16890130-per1/ec/c
** Processing act b$b1689.10
181:          n$afonso/m/id=b1689.10-per1
182: 
183:             pai$manuel joao/m/id=b1689.10-per1-per2
184:                ls$residencia/alencarce de cima
185: 
186:             mae$antonia madeira/f/id=b1689.10-per1-per3
187: 
188:             pad$antonio martins/m/id=b1689.10-per4
189:                ls$residencia/lajem
190: 
191:             mad$maria mateus/f/id=b1689.10-per5
192: 
193:             mrmad$domingos carvalho/m/id=b1689.10-per6
194:                ls$residencia/casal do malvado
195: 
196:       b$b1689.11/6/2/1689/0/0/0/manuel cordeiro
197: 
**** auto rels 2 STARTED.
   ** auto rel: from b1689.10-per1-per2 to b1689.10-per1 parentesco/pai
   ** auto rel: from b1689.10-per1-per3 to b1689.10-per1 parentesco/mae
   ** auto rel: from b1689.10-per1-per2 to b1689.10-per1-per3 parentesco/marido
   ** Automatic attribute: b1689.10-per1-per2/ec/c
   ** Automatic attribute: b1689.10-per1-per3/ec/c
** Processing act b$b1689.11
198:          n$joao/m/id=b1689.11-per1
199: 
200:             pai$bartolomeu goncalves/m/id=b1689.11-per1-per2
201:                ls$residencia/vale da borra
202: 
203:             mae$maria simoes/f/id=b1689.11-per1-per3
204: 
205:             pad$joao gomes/m/id=b1689.11-per4
206:                ls$ec/s
207: 
208:             ppad$manuel gomes carrasco/id=b1689.11-per5
209: 
210:             mad$maria francisca/f/id=b1689.11-per6
211: 
212:             mrmad$manuel simoes/m/id=b1689.11-per7
213:                ls$residencia/casalinhos
214: 
215:       b$b1689.12/10/2/1689/0/0/0/manuel cordeiro
216: 
**** auto rels 2 STARTED.
   ** auto rel: from b1689.11-per1-per2 to b1689.11-per1 parentesco/pai
   ** auto rel: from b1689.11-per1-per3 to b1689.11-per1 parentesco/mae
   ** auto rel: from b1689.11-per1-per2 to b1689.11-per1-per3 parentesco/marido
   ** Automatic attribute: b1689.11-per1-per2/ec/c
   ** Automatic attribute: b1689.11-per1-per3/ec/c
** Processing act b$b1689.12
217:          n$francisco/m/id=b1689.12-per1
218: 
219:             pai$antonio mendes/id=b1689.12-per1-per2
220:                ls$residencia/casais dos fatacos
221: 
222:             mae$francisca ferreira/f/id=b1689.12-per1-per3
223: 
224:             pad$manuel francisco/m/id=b1689.12-per4
225:                ls$residencia/casal do senhor
226: 
227:             mad$francisca fernandes/f/id=b1689.12-per5
228: 
229:             mrmad$antonio mateus/id=b1689.12-per6
230:                ls$residencia/pouca pena
231: 
232:       b$b1689.13/20/2/1689/0/0/0/manuel rodrigues da carreira
233: 
**** auto rels 2 STARTED.
   ** auto rel: from b1689.12-per1-per2 to b1689.12-per1 parentesco/pai
   ** auto rel: from b1689.12-per1-per3 to b1689.12-per1 parentesco/mae
   ** auto rel: from b1689.12-per1-per2 to b1689.12-per1-per3 parentesco/marido
   ** Automatic attribute: b1689.12-per1-per2/ec/c
   ** Automatic attribute: b1689.12-per1-per3/ec/c
** Processing act b$b1689.13
234:          n$jose/m/id=b1689.13-per1
235: 
236:             pai$filipe da costa/id=b1689.13-per1-per2
237:                ls$residencia/casa velha
238: 
239:             mae$maria da costa/id=b1689.13-per1-per3
240:                ls$residencia/casa velha
241: 
242:             pad$bernardo da costa/id=b1689.13-per4
243:                ls$residencia/casa velha
244: 
245:             mad$joana da costa/f/id=b1689.13-per5
246: 
247:             mrmad$francisco joao/m/id=b1689.13-per6
248:                ls$residencia/casa velha
249: 
250:       b$b1689.14/20/2/1689/0/0/0/manuel rodrigues (da carreira?)
251: 
**** auto rels 2 STARTED.
   ** auto rel: from b1689.13-per1-per2 to b1689.13-per1 parentesco/pai
   ** auto rel: from b1689.13-per1-per3 to b1689.13-per1 parentesco/mae
   ** auto rel: from b1689.13-per1-per2 to b1689.13-per1-per3 parentesco/marido
   ** Automatic attribute: b1689.13-per1-per2/ec/c
   ** Automatic attribute: b1689.13-per1-per3/ec/c
** Processing act b$b1689.14
252:          n$josefa/f/id=b1689.14-per1
253: 
254:             pai$simao cordeiro/m/id=b1689.14-per1-per2
255:                ls$residencia/casal novo
256: 
257:             mae$antonia manuel/f/id=b1689.14-per1-per3
258: 
259:             pad$manuel dos santos/m/id=b1689.14-per4
260:                ls$residencia/casal novo
261: 
262:             mad$maria/f/id=b1689.14-per5
263:                ls$ec/s
264: 
265:             pmad$domingos cordeiro/m/id=b1689.14-per6
266:                ls$residencia/casal novo
267: 
268:       b$b1689.15/20/2/1689/0/0/0/manuel rodrigues
269: 
**** auto rels 2 STARTED.
   ** auto rel: from b1689.14-per1-per2 to b1689.14-per1 parentesco/pai
   ** auto rel: from b1689.14-per1-per3 to b1689.14-per1 parentesco/mae
   ** auto rel: from b1689.14-per1-per2 to b1689.14-per1-per3 parentesco/marido
   ** Automatic attribute: b1689.14-per1-per2/ec/c
   ** Automatic attribute: b1689.14-per1-per3/ec/c
** Processing act b$b1689.15
270:          n$jose/m/id=b1689.15-per1
271: 
272:             pai$domingos de oliveira/m/id=b1689.15-per1-per2
273:                ls$residencia/casal dos corcozes
274: 
275:             mae$catarina mendes/f/id=b1689.15-per1-per3
276: 
277:             pad$manuel rodrigues/m/id=b1689.15-per4
278: 
279:             ppad$manuel rodrigues feijao/id=b1689.15-per5
280:                ls$residencia/casais de s.mateus
281: 
282:             mad$isabel francisca/f/id=b1689.15-per6
283: 
284:             mrmad$manuel luis/m/id=b1689.15-per7
285:                ls$residencia/casais de s.mateus
286: 
287:       b$b1689.16/26/2/1689/0/0/0/manuel rodrigues da carreira
288: 
**** auto rels 2 STARTED.
   ** auto rel: from b1689.15-per1-per2 to b1689.15-per1 parentesco/pai
   ** auto rel: from b1689.15-per1-per3 to b1689.15-per1 parentesco/mae
   ** auto rel: from b1689.15-per1-per2 to b1689.15-per1-per3 parentesco/marido
   ** Automatic attribute: b1689.15-per1-per2/ec/c
   ** Automatic attribute: b1689.15-per1-per3/ec/c
** Processing act b$b1689.16
289:          n$francisco/m/id=b1689.16-per1
290: 
291:             pai$pedro lopes/id=b1689.16-per1-per2
292:                ls$residencia/casais dos simoes
293: 
294:             mae$domingas simoes/f/id=b1689.16-per1-per3
295: 
296:             pad$francisco cordeiro/id=b1689.16-per4
297:                ls$residencia/pingarelhos
298: 
299:             mad$antonia/f/id=b1689.16-per5
300:                ls$ec/s
301: 
302:             pmad$manuel francisco/m/id=b1689.16-per6
303:                ls$residencia/moinhos dos simoes
304: 
305:       b$b1689.17/27/2/1689/0/0/0/domingos joao, de alnecarce
306: 
**** auto rels 2 STARTED.
   ** auto rel: from b1689.16-per1-per2 to b1689.16-per1 parentesco/pai
   ** auto rel: from b1689.16-per1-per3 to b1689.16-per1 parentesco/mae
   ** auto rel: from b1689.16-per1-per2 to b1689.16-per1-per3 parentesco/marido
   ** Automatic attribute: b1689.16-per1-per2/ec/c
   ** Automatic attribute: b1689.16-per1-per3/ec/c
** Processing act b$b1689.17
307:          referido$domingos joao/id=bcel16890227
308:             ls$residencia/alencarce
309:             ls$profissao/padre
310: 
311:          n$jose/m/id=b1689.17-per1
312: 
313:             pai$francisco madeira/m/id=b1689.17-per1-per2
314:                ls$residencia/alencarce de baixo
315: 
316:             mae$antonia goncalves/f/id=b1689.17-per1-per3
317: 
318:             pad$domingos joao/m/mesmo_que=bcel16890227/id=b1689.17-per4
319: 
320:             mad$ines/f/id=b1689.17-per5
321:                ls$ec/s
322:                rel$parentesco/sobrinha/domingos da costa/br16890227
323: 
324:             referido$domingos da costa/id=br16890227
325:                ls$profissao/padre
326:                ls$residencia/casais de s.mateus
327: 
328:       b$b1689.18/28/2/1689/0/0/0/manuel cordeiro
329: 
**** auto rels 2 STARTED.
   ** auto rel: from b1689.17-per1-per2 to b1689.17-per1 parentesco/pai
   ** auto rel: from b1689.17-per1-per3 to b1689.17-per1 parentesco/mae
   ** auto rel: from b1689.17-per1-per2 to b1689.17-per1-per3 parentesco/marido
   ** Automatic attribute: b1689.17-per1-per2/ec/c
   ** Automatic attribute: b1689.17-per1-per3/ec/c
** Processing act b$b1689.18
330:          n$maria/f/id=b1689.18-per1
331: 
332:             pai$domingos simoes/m/id=b1689.18-per1-per2
333:                ls$residencia/casais da pouca pena
334: 
335:             mae$maria de oliveira/id=b1689.18-per1-per3
336: 
337:             pad$jose de oliveira/m/id=b1689.18-per4
338:                ls$residencia/casal da pouca pena
339: 
340:             mad$luisa bernardes/f/id=b1689.18-per5
341:                ls$residencia/casais da pouca pena
342: 
343:       b$b1689.18bis/1/3/1689/0/0/0/manuel da costa do sobral
344: 
**** auto rels 2 STARTED.
   ** auto rel: from b1689.18-per1-per2 to b1689.18-per1 parentesco/pai
   ** auto rel: from b1689.18-per1-per3 to b1689.18-per1 parentesco/mae
   ** auto rel: from b1689.18-per1-per2 to b1689.18-per1-per3 parentesco/marido
   ** Automatic attribute: b1689.18-per1-per2/ec/c
   ** Automatic attribute: b1689.18-per1-per3/ec/c
** Processing act b$b1689.18bis
345:          referido$manuel da costa/id=bcel16890301
346:             ls$profissao/padre
347:             ls$residencia/sobral
348: 
349:          n$antonio/m/id=b1689.18bis-per1
350: 
351:             pai$simao jorge/m/id=b1689.18bis-per1-per2
352:                ls$residencia/marzagao
353: 
354:             mae$maria rodrigues/id=b1689.18bis-per1-per3
355: 
356:             pad$manuel da costa/m/mesmo_que=bcel16890301/id=b1689.18bis-per4
357: 
358:             mad$isabel mendes/f/id=b1689.18bis-per5
359:                ls$residencia/praia?#sera apelido?
360: 
361:       b$b1689.19/6/3/1689/0/0/0/manuel cordeiro
362: 
**** auto rels 2 STARTED.
   ** auto rel: from b1689.18bis-per1-per2 to b1689.18bis-per1 parentesco/pai
   ** auto rel: from b1689.18bis-per1-per3 to b1689.18bis-per1 parentesco/mae
   ** auto rel: from b1689.18bis-per1-per2 to b1689.18bis-per1-per3 parentesco/marido
   ** Automatic attribute: b1689.18bis-per1-per2/ec/c
   ** Automatic attribute: b1689.18bis-per1-per3/ec/c
** Processing act b$b1689.19
363:          n$isabel/f/id=b1689.19-per1
364: 
365:             pai$manuel da fonseca/m/id=b1689.19-per1-per2
366:                ls$residencia/casalinhos
367: 
368:             mae$maria francisca/id=b1689.19-per1-per3
369: 
370:             pad$joao simoes/m/id=b1689.19-per4
371: 
372:             mad$maria jorge/f/id=b1689.19-per5
373: 
374:             mrmad$manuel gomes/m/id=b1689.19-per6
375:                ls$residencia/vale da borra
376: 
377:       b$b1689.20/6/3/1689/0/0/0/manuel rodrigues da carreira
378: 
**** auto rels 2 STARTED.
   ** auto rel: from b1689.19-per1-per2 to b1689.19-per1 parentesco/pai
   ** auto rel: from b1689.19-per1-per3 to b1689.19-per1 parentesco/mae
   ** auto rel: from b1689.19-per1-per2 to b1689.19-per1-per3 parentesco/marido
   ** Automatic attribute: b1689.19-per1-per2/ec/c
   ** Automatic attribute: b1689.19-per1-per3/ec/c
** Processing act b$b1689.20
379:          n$antonia/f/id=b1689.20-per1
380: 
381:             pai$antonio machado/m/id=b1689.20-per1-per2
382:                ls$residencia/soure
383: 
384:             mae$maria mendes/f/id=b1689.20-per1-per3
385: 
386:             pad$sebastiao machado da costa/id=b1689.20-per4
387: 
388:             mad$antonia/f/id=b1689.20-per5
389: 
390:             pmad$sebastiao colaco/id=b1689.20-per6
391:                ls$residencia/soure
392: 
393:       b$b1689.21/8/3/1689/0/0/0/manuel cordeiro
394: 
**** auto rels 2 STARTED.
   ** auto rel: from b1689.20-per1-per2 to b1689.20-per1 parentesco/pai
   ** auto rel: from b1689.20-per1-per3 to b1689.20-per1 parentesco/mae
   ** auto rel: from b1689.20-per1-per2 to b1689.20-per1-per3 parentesco/marido
   ** Automatic attribute: b1689.20-per1-per2/ec/c
   ** Automatic attribute: b1689.20-per1-per3/ec/c
** Processing act b$b1689.21
395:          n$domingas/f/id=b1689.21-per1
396: 
397:             pai$manuel lourenco/m/id=b1689.21-per1-per2
398:                ls$residencia/casais dos simoes
399: 
400:             mae$maria francisca/f/id=b1689.21-per1-per3
401: 
402:             pad$joao lourenco/m/id=b1689.21-per4
403:                ls$ec/s
404: 
405:             ppad$manuel lourenco/id=b1689.21-per5
406:                ls$residencia/casais dos simoes
407: 
408:             mad$maria/f/id=b1689.21-per6
409:                ls$ec/s
410: 
411:             pmad$joao rodrigues/id=b1689.21-per7
412:                ls$residencia/casais dos simoes
413: 
414:       b$b1689.22/13/3/1689/0/0/0/manuel cordeiro
415: 
**** auto rels 2 STARTED.
   ** auto rel: from b1689.21-per1-per2 to b1689.21-per1 parentesco/pai
   ** auto rel: from b1689.21-per1-per3 to b1689.21-per1 parentesco/mae
   ** auto rel: from b1689.21-per1-per2 to b1689.21-per1-per3 parentesco/marido
   ** Automatic attribute: b1689.21-per1-per2/ec/c
   ** Automatic attribute: b1689.21-per1-per3/ec/c
** Processing act b$b1689.22
416:          n$manuel/m/id=b1689.22-per1
417: 
418:             pai$jose dias/m/id=b1689.22-per1-per2
419:                ls$residencia/simoes
420: 
421:             mae$maria joao/f/id=b1689.22-per1-per3
422: 
423:             pad$sebastiao soares coelho/id=b1689.22-per4
424: 
425:             mad$domingas/f/id=b1689.22-per5
426:                ls$ec/s
427: 
428:             pmad$manuel joao garriapa/id=b1689.22-per6
429:                ls$residencia/casais dos simoes
430: 
431:       b$b1689.23/17/3/1689/0/0/0/manuel leitao, coadjutor do lourical
432: 
**** auto rels 2 STARTED.
   ** auto rel: from b1689.22-per1-per2 to b1689.22-per1 parentesco/pai
   ** auto rel: from b1689.22-per1-per3 to b1689.22-per1 parentesco/mae
   ** auto rel: from b1689.22-per1-per2 to b1689.22-per1-per3 parentesco/marido
   ** Automatic attribute: b1689.22-per1-per2/ec/c
   ** Automatic attribute: b1689.22-per1-per3/ec/c
** Processing act b$b1689.23
433:          n$luisa/f/id=b1689.23-per1
434: 
435:             pai$antonio goncalves/m/id=b1689.23-per1-per2
436:                ls$residencia/casal novo
437: 
438:             mae$francisca jorge/f/id=b1689.23-per1-per3
439: 
440:             pad$manuel leitao/m/id=bpad16890317
441:                ls$profissao/padre
442:                ls$cargo/coadjutor na igreja do lourical
443: 
444:             mad$maria rodrigues/f/id=b1689.23-per4
445:                rel$parentesco/irma/manuel leitao/bpad16890317
446: 
447:       b$b1689.24/22/3/1689/0/0/0/manuel rodrigues da carreira
448: 
**** auto rels 2 STARTED.
   ** auto rel: from b1689.23-per1-per2 to b1689.23-per1 parentesco/pai
   ** auto rel: from b1689.23-per1-per3 to b1689.23-per1 parentesco/mae
   ** auto rel: from b1689.23-per1-per2 to b1689.23-per1-per3 parentesco/marido
   ** Automatic attribute: b1689.23-per1-per2/ec/c
   ** Automatic attribute: b1689.23-per1-per3/ec/c
** Processing act b$b1689.24
449:          n$sebastiao/m/id=b1689.24-per1
450: 
451:             pai$manuel rodrigues presunto/m/id=b1689.24-per1-per2
452:                ls$residencia/soure
453: 
454:             mae$maria cordeiro/f/id=b1689.24-per1-per3
455: 
456:             pad$sebastiao machado da costa/m/id=b1689.24-per4
457: 
458:             mad$maria ?/id=b1689.24-per5
459:                rel$parentesco/sobrinha/joao goncalves/br16890322
460: 
461:             referido$joao goncalves/id=br16890322
462:                ls$profissao/padre
463:                ls$titulo/frei
464: 
465:       b$b1689.25/27/3/1689/0/0/0/manuel cordeiro
466: 
**** auto rels 2 STARTED.
   ** auto rel: from b1689.24-per1-per2 to b1689.24-per1 parentesco/pai
   ** auto rel: from b1689.24-per1-per3 to b1689.24-per1 parentesco/mae
   ** auto rel: from b1689.24-per1-per2 to b1689.24-per1-per3 parentesco/marido
   ** Automatic attribute: b1689.24-per1-per2/ec/c
   ** Automatic attribute: b1689.24-per1-per3/ec/c
** Processing act b$b1689.25
467:          n$isabel/f/id=b1689.25-per1
468: 
469:             pai$manuel rodrigues/m/id=b1689.25-per1-per2
470:                ls$residencia/casais da eureca
471: 
472:             mae$maria francisca/f/id=b1689.25-per1-per3
473: 
474:             pad$manuel rodrigues/m/id=b1689.25-per4
475:                ls$residencia/carvalheira de baixo
476: 
477:             mad$isabel francisca/id=b1689.25-per5
478: 
479:             mrmad$mateus goncalves/id=b1689.25-per6
480:                ls$residencia/cavaleiros
481: 
482:       b$b1689.26/5/4/1689/0/0/0/manuel rodrigues da carreira
483: 
**** auto rels 2 STARTED.
   ** auto rel: from b1689.25-per1-per2 to b1689.25-per1 parentesco/pai
   ** auto rel: from b1689.25-per1-per3 to b1689.25-per1 parentesco/mae
   ** auto rel: from b1689.25-per1-per2 to b1689.25-per1-per3 parentesco/marido
   ** Automatic attribute: b1689.25-per1-per2/ec/c
   ** Automatic attribute: b1689.25-per1-per3/ec/c
** Processing act b$b1689.26
484:          n$ines/f/id=b1689.26-per1
485: 
486:             pai$manuel rodrigues/m/id=b1689.26-per1-per2
487:                ls$residencia/paleao
488: 
489:             mae$isabel antunes/f/id=b1689.26-per1-per3
490: 
491:             pad$manuel soares/m/id=b1689.26-per4
492:                ls$residencia/soure
493: 
494:             mad$ines/f/id=b1689.26-per5
495:                ls$ec/s
496: 
497:             pmad$antonio mendes ravasco/id=b1689.26-per6
498:                ls$titulo/licenciado
499:                ls$residencia/casais de s.mateus
500: 
501:       b$b1689.27/10/4/1689/0/0/0/manuel cordeiro
502: 
**** auto rels 2 STARTED.
   ** auto rel: from b1689.26-per1-per2 to b1689.26-per1 parentesco/pai
   ** auto rel: from b1689.26-per1-per3 to b1689.26-per1 parentesco/mae
   ** auto rel: from b1689.26-per1-per2 to b1689.26-per1-per3 parentesco/marido
   ** Automatic attribute: b1689.26-per1-per2/ec/c
   ** Automatic attribute: b1689.26-per1-per3/ec/c
** Processing act b$b1689.27
503:          n$manuel/m/id=b1689.27-per1
504: 
505:             pai$manuel francisco/m/id=b1689.27-per1-per2
506:                ls$residencia/simoes
507: 
508:             mae$antonia rodrigues/f/id=b1689.27-per1-per3
509: 
510:             pad$manuel lourenco/m/id=b1689.27-per4
511:                ls$residencia/casais dos simoes
512: 
513:             mad$antonia/f/id=b1689.27-per5
514:                ls$ec/s
515: 
516:             pmad$manuel francisco/m/id=b1689.27-per6
517:                ls$residencia/casais dos simoes
518: 
519:       b$b1689.28/10/4/1689/0/0/0/joao francisco
520: 
**** auto rels 2 STARTED.
   ** auto rel: from b1689.27-per1-per2 to b1689.27-per1 parentesco/pai
   ** auto rel: from b1689.27-per1-per3 to b1689.27-per1 parentesco/mae
   ** auto rel: from b1689.27-per1-per2 to b1689.27-per1-per3 parentesco/marido
   ** Automatic attribute: b1689.27-per1-per2/ec/c
   ** Automatic attribute: b1689.27-per1-per3/ec/c
** Processing act b$b1689.28
521:          n$manuel/m/id=b1689.28-per1
522: 
523:             pai$francisco madeira/m/id=b1689.28-per1-per2
524:                ls$residencia/alencarce
525: 
526:             mae$isabel rodrigues/f/id=b1689.28-per1-per3
527: 
528:             pad$domingos da costa/m/id=bpad16890410
529:                ls$profissao/padre
530:                ls$residencia/s.mateus
531: 
532:             mad$ines/f/id=b1689.28-per4
533:                rel$parentesco/sobrinha/domingos da costa/bpad16890410
534: 
535:       b$b1689.29/11/4/1689/0/0/0/manuel rodrigues da carreira
536: 
**** auto rels 2 STARTED.
   ** auto rel: from b1689.28-per1-per2 to b1689.28-per1 parentesco/pai
   ** auto rel: from b1689.28-per1-per3 to b1689.28-per1 parentesco/mae
   ** auto rel: from b1689.28-per1-per2 to b1689.28-per1-per3 parentesco/marido
   ** Automatic attribute: b1689.28-per1-per2/ec/c
   ** Automatic attribute: b1689.28-per1-per3/ec/c
** Processing act b$b1689.29
537:          n$maria/f/id=b1689.29-per1
538: 
539:             pai$manuel luis/m/id=b1689.29-per1-per2
540:                ls$residencia/vale da borra
541: 
542:             mae$maria da silva/id=b1689.29-per1-per3
543: 
544:             pad$manuel simoes/m/id=b1689.29-per4
545:                ls$residencia/vale da borra
546: 
547:             mad$isabel francisca/f/id=b1689.29-per5
548: 
549:             mrmad$joao simoes/id=b1689.29-per6
550:                ls$residencia/vale da borra
551: 
552:       b$b1689.30/11/4/1689/0/0/0/manuel rodrigues da carreira
553: 
**** auto rels 2 STARTED.
   ** auto rel: from b1689.29-per1-per2 to b1689.29-per1 parentesco/pai
   ** auto rel: from b1689.29-per1-per3 to b1689.29-per1 parentesco/mae
   ** auto rel: from b1689.29-per1-per2 to b1689.29-per1-per3 parentesco/marido
   ** Automatic attribute: b1689.29-per1-per2/ec/c
   ** Automatic attribute: b1689.29-per1-per3/ec/c
** Processing act b$b1689.30
554:          n$mariana/f/id=b1689.30-per1
555: 
556:             pai$antonio ferreira/m/id=b1689.30-per1-per2
557:                ls$residencia/mogadouro
558: 
559:             mae$antonia simoes/id=b1689.30-per1-per3
560: 
561:             pad$manuel rodrigues/m/id=b1689.30-per4
562:                ls$residencia/barrosos
563: 
564:             mad$catarina fernandes/f/id=b1689.30-per5
565: 
566:             mrmad$manuel goncalves/m/id=b1689.30-per6
567:                ls$residencia/mogadouro
568: 
569:       b$b1689.31/17/4/1689/0/0/0/manuel cordeiro
570: 
**** auto rels 2 STARTED.
   ** auto rel: from b1689.30-per1-per2 to b1689.30-per1 parentesco/pai
   ** auto rel: from b1689.30-per1-per3 to b1689.30-per1 parentesco/mae
   ** auto rel: from b1689.30-per1-per2 to b1689.30-per1-per3 parentesco/marido
   ** Automatic attribute: b1689.30-per1-per2/ec/c
   ** Automatic attribute: b1689.30-per1-per3/ec/c
** Processing act b$b1689.31
571:          n$jose/m/id=b1689.31-per1
572: 
573:             pai$joao rodrigues/m/id=b1689.31-per1-per2
574:                ls$residencia/casa velha
575: 
576:             mae$isabel goncalves/f/id=b1689.31-per1-per3
577: 
578:             pad$amaro de pina/m/id=b1689.31-per4
579:                ls$residencia/soure
580: 
581:             mad$maria goncalves/f/id=b1689.31-per5
582:                ls$ec/s
583:                ls$residencia/casa velha
584: 
585:       b$b1689.32/17/4/1689/0/0/0/manuel cordeiro
586: 
**** auto rels 2 STARTED.
   ** auto rel: from b1689.31-per1-per2 to b1689.31-per1 parentesco/pai
   ** auto rel: from b1689.31-per1-per3 to b1689.31-per1 parentesco/mae
   ** auto rel: from b1689.31-per1-per2 to b1689.31-per1-per3 parentesco/marido
   ** Automatic attribute: b1689.31-per1-per2/ec/c
   ** Automatic attribute: b1689.31-per1-per3/ec/c
** Processing act b$b1689.32
587:          n$manuel/m/id=b1689.32-per1
588: 
589:             pai$simao luis/m/id=b1689.32-per1-per2
590:                ls$residencia/casal da corujeira
591: 
592:             mae$maria simoes/f/id=b1689.32-per1-per3
593: 
594:             pad$manuel cardoso/m/id=b1689.32-per4
595:                ls$residencia/paleao
596: 
597:             mad$ana/f/id=b1689.32-per5
598:                ls$ec/s
599: 
600:             mmad$maria simoes/f/id=b1689.32-per6
601:                ls$residencia/casal do corujeira
602: 
603:       b$b1689.33/20/4/1689/0/0/0/manuel rodrigues da carreira
604: 
**** auto rels 2 STARTED.
   ** auto rel: from b1689.32-per1-per2 to b1689.32-per1 parentesco/pai
   ** auto rel: from b1689.32-per1-per3 to b1689.32-per1 parentesco/mae
   ** auto rel: from b1689.32-per1-per2 to b1689.32-per1-per3 parentesco/marido
   ** Automatic attribute: b1689.32-per1-per2/ec/c
   ** Automatic attribute: b1689.32-per1-per3/ec/c
** Processing act b$b1689.33
605:          n$maria/f/id=b1689.33-per1
606: 
607:             pai$manuel martins/m/id=b1689.33-per1-per2
608:                ls$residencia/louzoes
609: 
610:             mae$joana rodrigues/f/id=b1689.33-per1-per3
611: 
612:             pad$manuel goncalves/m/id=bpad16890420
613: 
614:             mad$esperanca/f/id=b1689.33-per4
615:                rel$parentesco/irma/manuel goncalves/bpad16890420
616: 
617:       b$b1689.34/21/4/1689/0/0/0/manuel rodrigues da carreira
618: 
**** auto rels 2 STARTED.
   ** auto rel: from b1689.33-per1-per2 to b1689.33-per1 parentesco/pai
   ** auto rel: from b1689.33-per1-per3 to b1689.33-per1 parentesco/mae
   ** auto rel: from b1689.33-per1-per2 to b1689.33-per1-per3 parentesco/marido
   ** Automatic attribute: b1689.33-per1-per2/ec/c
   ** Automatic attribute: b1689.33-per1-per3/ec/c
** Processing act b$b1689.34
619:          n$joao/m/id=b1689.34-per1
620: 
621:             pai$manuel alves/m/id=b1689.34-per1-per2
622:                ls$residencia/mogadouro
623: 
624:             mae$maria rodrigues/f/id=b1689.34-per1-per3
625: 
626:             pad$joao da costa de vasconcelos/m/id=b1689.34-per4
627: 
628:             mad$maria joao/f/id=b1689.34-per5
629: 
630:             pmad$joao rodrigues/m/id=b1689.34-per6
631:                ls$residencia/simoes
632: 
633:       b$b1689.35/24/4/1689/0/0/0/joao francisco
634: 
**** auto rels 2 STARTED.
   ** auto rel: from b1689.34-per1-per2 to b1689.34-per1 parentesco/pai
   ** auto rel: from b1689.34-per1-per3 to b1689.34-per1 parentesco/mae
   ** auto rel: from b1689.34-per1-per2 to b1689.34-per1-per3 parentesco/marido
   ** Automatic attribute: b1689.34-per1-per2/ec/c
   ** Automatic attribute: b1689.34-per1-per3/ec/c
** Processing act b$b1689.35
635:          n$maria/f/id=b1689.35-per1
636: 
637:             pai$domingos simoes/m/id=b1689.35-per1-per2
638:                ls$residencia/carvalheira de baixo
639: 
640:             mae$maria goncalves/id=b1689.35-per1-per3
641: 
642:             pad$paulo ribeiro cabral/mesmo_que=c24-7/id=b1689.35-per4
643: 
644:             mad$helena/f/id=b1689.35-per5
645: 
646:             pmad$paulo ribeiro cabral/mesmo_que=c24-7/id=b1689.35-per6
647: 
648:       b$b1689.36/24/4/1689/0/0/0/joao francisco
649: 
**** auto rels 2 STARTED.
   ** auto rel: from b1689.35-per1-per2 to b1689.35-per1 parentesco/pai
   ** auto rel: from b1689.35-per1-per3 to b1689.35-per1 parentesco/mae
   ** auto rel: from b1689.35-per1-per2 to b1689.35-per1-per3 parentesco/marido
   ** Automatic attribute: b1689.35-per1-per2/ec/c
   ** Automatic attribute: b1689.35-per1-per3/ec/c
** Processing act b$b1689.36
650:          n$isabel/f/id=b1689.36-per1
651: 
652:             pai$luis ferreira/m/id=b1689.36-per1-per2
653:                ls$residencia/casal do marmelo
654: 
655:             mae$ana goncalves/f/id=b1689.36-per1-per3
656: 
657:             pad$jose da rocha/id=b1689.36-per4
658: 
659:             mad$isabel cordeiro/f/id=b1689.36-per5
660:                ls$residencia/gabrielos, freguesia de granja do ulmeiro
661:                ls$freguesia/granja do ulmeiro
662:                ls$ec/s
663: 
664:       b$b1689.37/24/4/1689/0/0/0/joao francisco
665: 
**** auto rels 2 STARTED.
   ** auto rel: from b1689.36-per1-per2 to b1689.36-per1 parentesco/pai
   ** auto rel: from b1689.36-per1-per3 to b1689.36-per1 parentesco/mae
   ** auto rel: from b1689.36-per1-per2 to b1689.36-per1-per3 parentesco/marido
   ** Automatic attribute: b1689.36-per1-per2/ec/c
   ** Automatic attribute: b1689.36-per1-per3/ec/c
** Processing act b$b1689.37
666:          n$isabel/f/id=b1689.37-per1
667: 
668:             pai$domingos leao/m/id=b1689.37-per1-per2
669:                ls$residencia/casais da lajem
670: 
671:             mae$maria de oliveira/id=b1689.37-per1-per3
672: 
673:             pad$manuel gomes/m/id=b1689.37-per4
674:                ls$profissao/sapateiro
675:                ls$residencia/paleao
676: 
677:             mad$isabel gaspar/f/id=b1689.37-per5
678: 
679:             mrmad$joao goncalves/m/id=b1689.37-per6
680:                ls$residencia/pinheiro
681: 
682:       b$b1689.38/3/5/1689/0/0/0/lopo nunes pinto
683: 
**** auto rels 2 STARTED.
   ** auto rel: from b1689.37-per1-per2 to b1689.37-per1 parentesco/pai
   ** auto rel: from b1689.37-per1-per3 to b1689.37-per1 parentesco/mae
   ** auto rel: from b1689.37-per1-per2 to b1689.37-per1-per3 parentesco/marido
   ** Automatic attribute: b1689.37-per1-per2/ec/c
   ** Automatic attribute: b1689.37-per1-per3/ec/c
** Processing act b$b1689.38
684:          n$luis/m/id=b1689.38-per1
685: 
686:             pai$jose barbosa canais/m/mesmo_que=c17-7/id=b1689.38-per1-per2
687: 
688:             mae$antonia/id=b1689.38-per1-per3
689:                ls$titulo/dona
690: 
691:             pad$luis manhos de abreu/m/id=b1689.38-per4
692:                ls$profissao/padre
693:                ls$cargo/prior da igreja de tamengos
694: 
695:             mad$micaela josefa de andrade/f/id=b1689.38-per5
696: 
697:             pmad$manuel ferreira canais/m/id=b1689.38-per6
698:                ls$cargo/sargento maior da granja (do ulmeiro?)
699: 
700:       b$b1689.39/8/5/1689/0/0/0/matias goncalves
701: 
**** auto rels 2 STARTED.
   ** auto rel: from b1689.38-per1-per2 to b1689.38-per1 parentesco/pai
   ** auto rel: from b1689.38-per1-per3 to b1689.38-per1 parentesco/mae
   ** auto rel: from b1689.38-per1-per2 to b1689.38-per1-per3 parentesco/marido
   ** Automatic attribute: b1689.38-per1-per2/ec/c
   ** Automatic attribute: b1689.38-per1-per3/ec/c
** Processing act b$b1689.39
702:          n$domingos/m/id=b1689.39-per1
703: 
704:             pai$manuel goncalves/m/id=b1689.39-per1-per2
705:                ls$residencia/casais dos simoes
706: 
707:             mae$maria simoes/id=b1689.39-per1-per3
708: 
709:             pad$antonio martins/m/id=b1689.39-per4
710:                ls$residencia/ansos?, freguesia da redinha
711:                ls$freguesia/redinha
712: 
713:             mad$antonia/f/id=b1689.39-per5
714:                ls$ec/s
715:                ls$freguesia/redinha
716: 
717:             pmad$simao pires/m/id=b1689.39-per6
718:                ls$freguesia/redinha
719: 
720:       b$b1689.40/12/5/1689/0/0/0/manuel cordeiro
721: 
**** auto rels 2 STARTED.
   ** auto rel: from b1689.39-per1-per2 to b1689.39-per1 parentesco/pai
   ** auto rel: from b1689.39-per1-per3 to b1689.39-per1 parentesco/mae
   ** auto rel: from b1689.39-per1-per2 to b1689.39-per1-per3 parentesco/marido
   ** Automatic attribute: b1689.39-per1-per2/ec/c
   ** Automatic attribute: b1689.39-per1-per3/ec/c
** Processing act b$b1689.40
722:          n$josefa/f/id=b1689.40-per1
723: 
724:             pai$jose leao/m/id=b1689.40-per1-per2
725:                ls$residencia/casa velha
726: 
727:             mae$domingas jorge/f/id=b1689.40-per1-per3
728: 
729:             pad$domingos dos santos/m/id=b1689.40-per4
730:                ls$residencia/casa velha
731: 
732:             mad$maria luis/f/id=b1689.40-per5
733: 
734:             pmad$manuel luis/m/id=b1689.40-per6
735:                ls$residencia/casa velha
736: 
737:       b$b1689.41/15/5/1689/0/0/0/manuel cordeiro
738: 
**** auto rels 2 STARTED.
   ** auto rel: from b1689.40-per1-per2 to b1689.40-per1 parentesco/pai
   ** auto rel: from b1689.40-per1-per3 to b1689.40-per1 parentesco/mae
   ** auto rel: from b1689.40-per1-per2 to b1689.40-per1-per3 parentesco/marido
   ** Automatic attribute: b1689.40-per1-per2/ec/c
   ** Automatic attribute: b1689.40-per1-per3/ec/c
** Processing act b$b1689.41
739:          n$domingas/f/id=b1689.41-per1
740: 
741:             pai$gabriel francisco/m/id=b1689.41-per1-per2
742:                ls$residencia/casa velha
743: 
744:             mae$maria jorge/f/id=b1689.41-per1-per3
745: 
746:             pad$manuel simoes/m/id=b1689.41-per4
747:                ls$residencia/sobral
748: 
749:             mad$domingas jorge/f/id=b1689.41-per5
750:                ls$residencia/sobral
751: 
752:       b$b1689.42/19/5/1689/0/0/0/manuel cordeiro
753: 
**** auto rels 2 STARTED.
   ** auto rel: from b1689.41-per1-per2 to b1689.41-per1 parentesco/pai
   ** auto rel: from b1689.41-per1-per3 to b1689.41-per1 parentesco/mae
   ** auto rel: from b1689.41-per1-per2 to b1689.41-per1-per3 parentesco/marido
   ** Automatic attribute: b1689.41-per1-per2/ec/c
   ** Automatic attribute: b1689.41-per1-per3/ec/c
** Processing act b$b1689.42
754:          n$josefa/f/id=b1689.42-per1
755: 
756:             pai$manuel gaspar/m/id=b1689.42-per1-per2
757:                ls$alcunha/moco
758:                ls$residencia/simoes
759: 
760:             mae$antonia goncalves/f/id=b1689.42-per1-per3
761: 
762:             pad$manuel gomes/m/id=b1689.42-per4
763: 
764:             mad$maria/f/id=b1689.42-per5
765:                ls$ec/s
766: 
767:             pmad$miguel francisco/m/id=b1689.42-per6
768:                ls$residencia/meiras
769:                ls$morto/antes
770: 
771:       b$b1689.43/30/5/1689/0/0/0/manuel cordeiro
772: 
**** auto rels 2 STARTED.
   ** auto rel: from b1689.42-per1-per2 to b1689.42-per1 parentesco/pai
   ** auto rel: from b1689.42-per1-per3 to b1689.42-per1 parentesco/mae
   ** auto rel: from b1689.42-per1-per2 to b1689.42-per1-per3 parentesco/marido
   ** Automatic attribute: b1689.42-per1-per2/ec/c
   ** Automatic attribute: b1689.42-per1-per3/ec/c
** Processing act b$b1689.43
773:          n$manuel/m/id=b1689.43-per1
774: 
775:             pai$manuel jorge/m/id=b1689.43-per1-per2
776:                ls$residencia/sobral
777: 
778:             mae$maria cordeira/f/id=b1689.43-per1-per3
779: 
780:             pad$francisco/m/id=b1689.43-per4
781: 
782:             ppad$joao rodrigues/m/id=b1689.43-per5
783:                ls$residencia/casal novo
784: 
785:             mad$maria jorge/f/id=b1689.43-per6
786:                ls$ec/v
787:                ls$residencia/casal do sobral
788: 
789:       b$b1689.44/30/5/1689/0/0/0/manuel rodrigues da carreira
790: 
**** auto rels 2 STARTED.
   ** auto rel: from b1689.43-per1-per2 to b1689.43-per1 parentesco/pai
   ** auto rel: from b1689.43-per1-per3 to b1689.43-per1 parentesco/mae
   ** auto rel: from b1689.43-per1-per2 to b1689.43-per1-per3 parentesco/marido
   ** Automatic attribute: b1689.43-per1-per2/ec/c
   ** Automatic attribute: b1689.43-per1-per3/ec/c
** Processing act b$b1689.44
791:          n$joao/m/id=b1689.44-per1
792: 
793:             pai$simao afonso/m/id=b1689.44-per1-per2
794:                ls$residencia/paleao
795: 
796:             mae$maria domingues/f/id=b1689.44-per1-per3
797: 
798:             pad$joao da costa de vasconcelos/m/id=b1689.44-per4
799: 
800:             mad$isabel domingues/f/id=b1689.44-per5
801:                ls$residencia/paleao
802: 
803:       b$b1689.45/6/6/1689/0/0/0/manuel rodrigues da carreira
804: 
**** auto rels 2 STARTED.
   ** auto rel: from b1689.44-per1-per2 to b1689.44-per1 parentesco/pai
   ** auto rel: from b1689.44-per1-per3 to b1689.44-per1 parentesco/mae
   ** auto rel: from b1689.44-per1-per2 to b1689.44-per1-per3 parentesco/marido
   ** Automatic attribute: b1689.44-per1-per2/ec/c
   ** Automatic attribute: b1689.44-per1-per3/ec/c
** Processing act b$b1689.45
805:          n$catarina/f/id=b1689.45-per1
806: 
807:             pai$joao goncalves/m/id=b1689.45-per1-per2
808:                ls$residencia/alencarce de baixo
809: 
810:             mae$maria rodrigues/id=b1689.45-per1-per3
811: 
812:             pad$martinho goncalves/m/id=b1689.45-per4
813: 
814:             ppad$manuel goncalves/m/id=b1689.45-per5
815: 
816:             mad$catarina rodrigues/f/id=b1689.45-per6
817: 
818:             mrmad$manuel madeira/id=b1689.45-per7
819:                ls$residencia/alencarce de cima
820: 
821:       b$b1689.46/9/6/1689/0/0/0/matias goncalves
822: 
**** auto rels 2 STARTED.
   ** auto rel: from b1689.45-per1-per2 to b1689.45-per1 parentesco/pai
   ** auto rel: from b1689.45-per1-per3 to b1689.45-per1 parentesco/mae
   ** auto rel: from b1689.45-per1-per2 to b1689.45-per1-per3 parentesco/marido
   ** Automatic attribute: b1689.45-per1-per2/ec/c
   ** Automatic attribute: b1689.45-per1-per3/ec/c
** Processing act b$b1689.46
823:          n$catarina/f/id=b1689.46-per1
824: 
825:             pai$manuel goncalves/m/id=b1689.46-per1-per2
826:                ls$residencia/cavaleiros
827: 
828:             mae$isabel rodrigues/f/id=b1689.46-per1-per3
829: 
830:             pad$manuel goncalves/m/id=bpad16890609
831:                ls$freguesia/anobra
832:                ls$residencia/anobra, freguesia de anobra
833: 
834:             mad$catarina/f/id=b1689.46-per4
835:                ls$ec/s
836:                ls$residencia/anobra, freguesia de anobra
837:                ls$freguesia/anobra
838:                rel$parentesco/filha/manuel goncalves/bpad16890609
839: 
840:       b$b1689.47/18/6/1689/0/0/0/manuel cordeiro
841: 
**** auto rels 2 STARTED.
   ** auto rel: from b1689.46-per1-per2 to b1689.46-per1 parentesco/pai
   ** auto rel: from b1689.46-per1-per3 to b1689.46-per1 parentesco/mae
   ** auto rel: from b1689.46-per1-per2 to b1689.46-per1-per3 parentesco/marido
   ** Automatic attribute: b1689.46-per1-per2/ec/c
   ** Automatic attribute: b1689.46-per1-per3/ec/c
** Processing act b$b1689.47
842:          n$manuel/m/id=b1689.47-per1
843: 
844:             pai$joao gomes/m/id=b1689.47-per1-per2
845:                ls$residencia/casal de porto panelas
846: 
847:             mae$maria rodrigues/f/id=b1689.47-per1-per3
848: 
849:             pad$pedro gomes/m/id=b1689.47-per4
850: 
851:             mad$maria gomes/f/id=b1689.47-per5
852: 
853:             pmad$mateus jorge/m/id=b1689.47-per6
854:                ls$residencia/paleao
855: 
856:       b$b1689.48/18/6/1689/0/0/0/joao francisco
857: 
**** auto rels 2 STARTED.
   ** auto rel: from b1689.47-per1-per2 to b1689.47-per1 parentesco/pai
   ** auto rel: from b1689.47-per1-per3 to b1689.47-per1 parentesco/mae
   ** auto rel: from b1689.47-per1-per2 to b1689.47-per1-per3 parentesco/marido
   ** Automatic attribute: b1689.47-per1-per2/ec/c
   ** Automatic attribute: b1689.47-per1-per3/ec/c
** Processing act b$b1689.48
858:          n$antonio/m/id=b1689.48-per1
859: 
860:             pai$antonio joao/m/id=b1689.48-per1-per2
861:                ls$residencia/delgados
862: 
863:             mae$ana da conceicao/f/id=b1689.48-per1-per3
864: 
865:             pad$antonio simoes/m/id=b1689.48-per4
866: 
867:             mad$domingas/f/id=b1689.48-per5
868:                ls$ec/s
869: 
870:             mmad$isabel rodrigues/f/id=b1689.48-per6
871:                ls$residencia/barrosos
872: 
873:       b$b1689.49/24/6/1689/0/0/0/manuel rodrigues, cura de vila nova da barca/obs= sem madrinha
874: 
**** auto rels 2 STARTED.
   ** auto rel: from b1689.48-per1-per2 to b1689.48-per1 parentesco/pai
   ** auto rel: from b1689.48-per1-per3 to b1689.48-per1 parentesco/mae
   ** auto rel: from b1689.48-per1-per2 to b1689.48-per1-per3 parentesco/marido
   ** Automatic attribute: b1689.48-per1-per2/ec/c
   ** Automatic attribute: b1689.48-per1-per3/ec/c
** Processing act b$b1689.49
875:          referido$manuel rodrigues/id=bcel16890624
876:             ls$residencia/padre
877:             ls$cargo/cura de vila nova da barca
878: 
879:          n$joana/f/id=b1689.49-per1
880: 
881:             pai$belchior rodrigues/m/id=b1689.49-per1-per2
882:                ls$residencia/soure
883: 
884:             mae$cristina rodrigues/f/id=b1689.49-per1-per3
885: 
886:             pad$vasco botelho/m/id=b1689.49-per4
887: 
888:       b$b1689.50/26/6/1689/0/0/0/manuel rodrigues alvaro
889: 
**** auto rels 2 STARTED.
   ** auto rel: from b1689.49-per1-per2 to b1689.49-per1 parentesco/pai
   ** auto rel: from b1689.49-per1-per3 to b1689.49-per1 parentesco/mae
   ** auto rel: from b1689.49-per1-per2 to b1689.49-per1-per3 parentesco/marido
   ** Automatic attribute: b1689.49-per1-per2/ec/c
   ** Automatic attribute: b1689.49-per1-per3/ec/c
** Processing act b$b1689.50
890:          n$joana/f/id=b1689.50-per1
891: 
892:             pai$domingos fernandes/m/id=b1689.50-per1-per2
893:                ls$residencia/casal de amaro de pina#obs: este amaro de pina e'um VIP
894: 
895:             mae$maria goncalves/f/id=b1689.50-per1-per3
896: 
897:             pad$amaro de pina/m/id=bpad16890626
898: 
899:             mad$maria da encarnacao/f/id=b1689.50-per4
900: 
901:             mrmad$amaro de pina/m/mesmo_que=bpad16890626/id=b1689.50-per5
902: 
903:       b$b1689.51/29/6/1689/0/0/0/manuel rodrigues alvaro
904: 
**** auto rels 2 STARTED.
   ** auto rel: from b1689.50-per1-per2 to b1689.50-per1 parentesco/pai
   ** auto rel: from b1689.50-per1-per3 to b1689.50-per1 parentesco/mae
   ** auto rel: from b1689.50-per1-per2 to b1689.50-per1-per3 parentesco/marido
   ** Automatic attribute: b1689.50-per1-per2/ec/c
   ** Automatic attribute: b1689.50-per1-per3/ec/c
** Processing act b$b1689.51
905:          n$jose/m/id=b1689.51-per1
906: 
907:             pai$manuel rodrigues/m/id=b1689.51-per1-per2
908:                ls$residencia/caldeiros
909: 
910:             mae$isabel rodrigues/f/id=b1689.51-per1-per3
911: 
912:             pad$jose/m/id=b1689.51-per4
913: 
914:             ppad$manuel gaspar/m/id=b1689.51-per5
915: 
916:             mad$francisca/f/id=b1689.51-per6
917:                ls$ec/s
918: 
919:             mmad$maria gomes/f/id=b1689.51-per7
920:                ls$residencia/guerras
921: 
922:       b$b1689.52/3/7/1689/0/0/0/manuel rodrigues alvaro
923: 
**** auto rels 2 STARTED.
   ** auto rel: from b1689.51-per1-per2 to b1689.51-per1 parentesco/pai
   ** auto rel: from b1689.51-per1-per3 to b1689.51-per1 parentesco/mae
   ** auto rel: from b1689.51-per1-per2 to b1689.51-per1-per3 parentesco/marido
   ** Automatic attribute: b1689.51-per1-per2/ec/c
   ** Automatic attribute: b1689.51-per1-per3/ec/c
** Processing act b$b1689.52
924:          n$joao/m/id=b1689.52-per1
925: 
926:             pai$manuel madeira/m/id=b1689.52-per1-per2
927:                ls$residencia/paleao
928: 
929:             mae$maria leao/f/id=b1689.52-per1-per3
930: 
931:             pad$antonio/m/id=b1689.52-per4
932: 
933:             ppad$manuel vaz/m/id=b1689.52-per5
934: 
935:             mad$domingas/f/id=b1689.52-per6
936:                ls$ec/s
937: 
938:             pmad$manuel francisco/m/id=b1689.52-per7
939:                ls$residencia/barril
940: 
941:       b$b1689.53/3/7/1689/0/0/0/manuel rodrigues alvaro
942: 
**** auto rels 2 STARTED.
   ** auto rel: from b1689.52-per1-per2 to b1689.52-per1 parentesco/pai
   ** auto rel: from b1689.52-per1-per3 to b1689.52-per1 parentesco/mae
   ** auto rel: from b1689.52-per1-per2 to b1689.52-per1-per3 parentesco/marido
   ** Automatic attribute: b1689.52-per1-per2/ec/c
   ** Automatic attribute: b1689.52-per1-per3/ec/c
** Processing act b$b1689.53
943:          n$joao/m/id=b1689.53-per1
944: 
945:             pai$manuel dinis?/m/id=b1689.53-per1-per2
946:                ls$residencia/casais da eureca
947: 
948:             mae$isabel mateus/f/id=b1689.53-per1-per3
949: 
950:             pad$jose/m/id=b1689.53-per4
951:                ls$ec/s
952: 
953:             ppad$simao domingues/m/id=b1689.53-per5
954:                ls$residencia/cavaleiros
955: 
956:             mad$isabel/f/id=b1689.53-per6
957:                ls$ec/s
958: 
959:             pmad$manuel fernandes/m/id=b1689.53-per7
960:                ls$residencia/cavaleiros
961: 
962:       b$b1689.54/10/7/1689/0/0/0/manuel rodrigues da carreira
963: 
**** auto rels 2 STARTED.
   ** auto rel: from b1689.53-per1-per2 to b1689.53-per1 parentesco/pai
   ** auto rel: from b1689.53-per1-per3 to b1689.53-per1 parentesco/mae
   ** auto rel: from b1689.53-per1-per2 to b1689.53-per1-per3 parentesco/marido
   ** Automatic attribute: b1689.53-per1-per2/ec/c
   ** Automatic attribute: b1689.53-per1-per3/ec/c
** Processing act b$b1689.54
964:          n$antonio/m/id=b1689.54-per1
965: 
966:             pai$antonio domingues/m/id=b1689.54-per1-per2
967:                ls$residencia/casais do sobral
968: 
969:             mae$maria domingues/f/id=b1689.54-per1-per3
970: 
971:             pad$simao domingues/m/id=b1689.54-per4
972:                ls$residencia/sobral
973: 
974:             mad$isabel francisca/f/id=b1689.54-per5
975:                ls$ec/s
976: 
977:             pmad$manuel joao/m/id=b1689.54-per6
978:                ls$residencia/sobral
979: 
980:       b$b1689.55/10/7/1689/0/0/0/manuel rodrigues da carreira
981: 
**** auto rels 2 STARTED.
   ** auto rel: from b1689.54-per1-per2 to b1689.54-per1 parentesco/pai
   ** auto rel: from b1689.54-per1-per3 to b1689.54-per1 parentesco/mae
   ** auto rel: from b1689.54-per1-per2 to b1689.54-per1-per3 parentesco/marido
   ** Automatic attribute: b1689.54-per1-per2/ec/c
   ** Automatic attribute: b1689.54-per1-per3/ec/c
** Processing act b$b1689.55
982:          n$maria/f/id=b1689.55-per1
983: 
984:             pai$jorge goncalves/m/id=b1689.55-per1-per2
985:                ls$residencia/pinheiro
986: 
987:             mae$maria francisca/f/id=b1689.55-per1-per3
988: 
989:             pad$joao madeira/m/id=b1689.55-per4
990: 
991:             mad$catarina rodrigues/f/id=b1689.55-per5
992: 
993:             mrmad$manuel simoes/f/id=b1689.55-per6
994:                ls$residencia/lajem
995: 
996:       b$b1689.56/13/7/1689/0/0/0/manuel cordeiro
997: 
**** auto rels 2 STARTED.
   ** auto rel: from b1689.55-per1-per2 to b1689.55-per1 parentesco/pai
   ** auto rel: from b1689.55-per1-per3 to b1689.55-per1 parentesco/mae
   ** auto rel: from b1689.55-per1-per2 to b1689.55-per1-per3 parentesco/marido
   ** Automatic attribute: b1689.55-per1-per2/ec/c
   ** Automatic attribute: b1689.55-per1-per3/ec/c
** Processing act b$b1689.56
998:          n$maria/f/id=b1689.56-per1
999: 
1000:             pai$manuel carvalho/m/id=b1689.56-per1-per2
1001:                ls$residencia/soure
1002: 
1003:             mae$maria joao/f/id=b1689.56-per1-per3
1004: 
1005:             pad$luis ribeiro/m/id=b1689.56-per4
1006:                ls$alcunha/moco
1007: 
1008:             mad$maria/f/id=b1689.56-per5
1009: 
1010:             pmad$domingos carvalho/m/id=b1689.56-per6
1011: 
1012:       b$b1689.57/26/7/1689/0/0/0/joao francisco
1013: 
**** auto rels 2 STARTED.
   ** auto rel: from b1689.56-per1-per2 to b1689.56-per1 parentesco/pai
   ** auto rel: from b1689.56-per1-per3 to b1689.56-per1 parentesco/mae
   ** auto rel: from b1689.56-per1-per2 to b1689.56-per1-per3 parentesco/marido
   ** Automatic attribute: b1689.56-per1-per2/ec/c
   ** Automatic attribute: b1689.56-per1-per3/ec/c
** Processing act b$b1689.57
1014:          n$antonio/m/id=b1689.57-per1
1015: 
1016:             pai$domingos madeira/m/id=b1689.57-per1-per2
1017:                ls$residencia/casal do vinagre
1018: 
1019:             mae$maria francisca/f/id=b1689.57-per1-per3
1020: 
1021:             pad$antonio/m/id=b1689.57-per4
1022:                ls$ec/s
1023: 
1024:             ppad$manuel rodrigues marmelo/m/id=b1689.57-per5
1025: 
1026:             mad$antonia madeira/f/id=b1689.57-per6
1027: 
1028:             mrmad$joao rodrigues/m/id=b1689.57-per7
1029:                ls$alcunha/mal casado
1030: 
1031:       b$b1689.58/2/8/1689/0/0/0/manuel rodrigues da carreira
1032: 
**** auto rels 2 STARTED.
   ** auto rel: from b1689.57-per1-per2 to b1689.57-per1 parentesco/pai
   ** auto rel: from b1689.57-per1-per3 to b1689.57-per1 parentesco/mae
   ** auto rel: from b1689.57-per1-per2 to b1689.57-per1-per3 parentesco/marido
   ** Automatic attribute: b1689.57-per1-per2/ec/c
   ** Automatic attribute: b1689.57-per1-per3/ec/c
** Processing act b$b1689.58
1033:          n$isabel/f/id=b1689.58-per1
1034: 
1035:             pai$manuel francisco/m/id=b1689.58-per1-per2
1036:                ls$residencia/casal das galinhas
1037: 
1038:             mae$ana jorge/f/id=b1689.58-per1-per3
1039: 
1040:             pad$manuel rodrigues/m/id=b1689.58-per4
1041:                ls$residencia/carvalheira de baixo
1042: 
1043:             mad$maria/f/id=b1689.58-per5
1044:                ls$ec/s
1045: 
1046:             pmad$manuel vaz/m/id=b1689.58-per6
1047:                ls$residencia/casais das galinhas?
1048: 
1049:       b$b1689.59/14/8/1689/0/0/0/manuel cordeiro
1050: 
**** auto rels 2 STARTED.
   ** auto rel: from b1689.58-per1-per2 to b1689.58-per1 parentesco/pai
   ** auto rel: from b1689.58-per1-per3 to b1689.58-per1 parentesco/mae
   ** auto rel: from b1689.58-per1-per2 to b1689.58-per1-per3 parentesco/marido
   ** Automatic attribute: b1689.58-per1-per2/ec/c
   ** Automatic attribute: b1689.58-per1-per3/ec/c
** Processing act b$b1689.59
1051:          n$manuel/m/id=b1689.59-per1
1052: 
1053:             pai$joao fernandes/m/id=b1689.59-per1-per2
1054:                ls$residencia/vale da borra
1055: 
1056:             mae$teresa francisca/f/id=b1689.59-per1-per3
1057: 
1058:             pad$manuel rodrigues/m/obs=seu cunhado/id=b1689.59-per4
1059:                ls$residencia/vale da borra
1060: 
1061:             mad$maria jorge/f/id=b1689.59-per5
1062: 
1063:             mrmad$manuel gomes carrasco/m/id=b1689.59-per6
1064:                ls$residencia/vale da borra
1065: 
1066:       b$b1689.60/14/8/1689/0/0/0/manuel cordeiro
1067: 
**** auto rels 2 STARTED.
   ** auto rel: from b1689.59-per1-per2 to b1689.59-per1 parentesco/pai
   ** auto rel: from b1689.59-per1-per3 to b1689.59-per1 parentesco/mae
   ** auto rel: from b1689.59-per1-per2 to b1689.59-per1-per3 parentesco/marido
   ** Automatic attribute: b1689.59-per1-per2/ec/c
   ** Automatic attribute: b1689.59-per1-per3/ec/c
** Processing act b$b1689.60
1068:          n$ines/f/id=b1689.60-per1
1069: 
1070:             pai$manuel goncalves/m/id=b1689.60-per1-per2
1071:                ls$residencia/soure
1072: 
1073:             mae$maria da gante/f/id=b1689.60-per1-per3
1074: 
1075:             pad$lopo nunes pinto/m/id=b1689.60-per4
1076:                ls$profissao/padre
1077:                ls$titulo/licenciado
1078:                ls$residencia/soure
1079: 
1080:             mad$ines pinto/f/id=b1689.60-per5
1081: 
1082:             mrmad$manuel tavora/m/id=b1689.60-per6
1083:                ls$residencia/soure
1084: 
1085:       b$b1689.61/21/8/1689/0/0/0/manuel cordeiro
1086: 
**** auto rels 2 STARTED.
   ** auto rel: from b1689.60-per1-per2 to b1689.60-per1 parentesco/pai
   ** auto rel: from b1689.60-per1-per3 to b1689.60-per1 parentesco/mae
   ** auto rel: from b1689.60-per1-per2 to b1689.60-per1-per3 parentesco/marido
   ** Automatic attribute: b1689.60-per1-per2/ec/c
   ** Automatic attribute: b1689.60-per1-per3/ec/c
** Processing act b$b1689.61
1087:          n$catarina/f/id=b1689.61-per1
1088: 
1089:             pai$manuel nunes/m/id=b1689.61-per1-per2
1090:                ls$alcunha/moco
1091:                ls$residencia/casa velha
1092: 
1093:             mae$catarina francisca/f/id=b1689.61-per1-per3
1094: 
1095:             pad$manuel luis/m/id=bpad16890821
1096: 
1097:             mad$maria luis/f/id=b1689.61-per4
1098: 
1099:             pmad$manuel luis/mesmo_que=bpad16890821/id=b1689.61-per5
1100: 
1101:       b$b1689.62/21/8/1689/0/0/0/manuel cordeiro
1102: 
**** auto rels 2 STARTED.
   ** auto rel: from b1689.61-per1-per2 to b1689.61-per1 parentesco/pai
   ** auto rel: from b1689.61-per1-per3 to b1689.61-per1 parentesco/mae
   ** auto rel: from b1689.61-per1-per2 to b1689.61-per1-per3 parentesco/marido
   ** Automatic attribute: b1689.61-per1-per2/ec/c
   ** Automatic attribute: b1689.61-per1-per3/ec/c
** Processing act b$b1689.62
1103:          n$antonio/m/id=b1689.62-per1
1104: 
1105:             pai$bras domingues/m/id=b1689.62-per1-per2
1106:                ls$residencia/simoes
1107: 
1108:             mae$antonia goncalves/f/id=b1689.62-per1-per3
1109: 
1110:             pad$antonio simoes/m/id=b1689.62-per4
1111:                ls$residencia/simoes
1112: 
1113:             mad$domingas goncalves/f/id=b1689.62-per5
1114: 
1115:             pmad$manuel joao garriapa/m/id=b1689.62-per6
1116:                ls$residencia/simoes
1117: 
1118:       b$b1689.63/21/8/1689/0/0/0/manuel cordeiro/obs=sem madrinha
1119: 
**** auto rels 2 STARTED.
   ** auto rel: from b1689.62-per1-per2 to b1689.62-per1 parentesco/pai
   ** auto rel: from b1689.62-per1-per3 to b1689.62-per1 parentesco/mae
   ** auto rel: from b1689.62-per1-per2 to b1689.62-per1-per3 parentesco/marido
   ** Automatic attribute: b1689.62-per1-per2/ec/c
   ** Automatic attribute: b1689.62-per1-per3/ec/c
** Processing act b$b1689.63
1120:          n$maria/f/id=b1689.63-per1
1121: 
1122:             pai$domingos marques/m/id=b1689.63-per1-per2
1123:                ls$residencia/soure
1124: 
1125:             mae$maria francisca/f/id=b1689.63-per1-per3
1126: 
1127:             pad$joao da costa de vasconcelos/m/id=b1689.63-per4
1128:                ls$cargo/capitao
1129: 
1130:       b$b1689.64/4/9/1689/0/0/0/joao francisco
1131: 
**** auto rels 2 STARTED.
   ** auto rel: from b1689.63-per1-per2 to b1689.63-per1 parentesco/pai
   ** auto rel: from b1689.63-per1-per3 to b1689.63-per1 parentesco/mae
   ** auto rel: from b1689.63-per1-per2 to b1689.63-per1-per3 parentesco/marido
   ** Automatic attribute: b1689.63-per1-per2/ec/c
   ** Automatic attribute: b1689.63-per1-per3/ec/c
** Processing act b$b1689.64
1132:          n$antonio/m/id=b1689.64-per1
1133: 
1134:             pai$manuel gomes/m/id=b1689.64-per1-per2
1135:                ls$residencia/alencarce de cima
1136: 
1137:             mae$maria joao/f/id=b1689.64-per1-per3
1138: 
1139:             pad$antonio lopes/m/id=b1689.64-per4
1140:                ls$residencia/soure
1141: 
1142:             mad$maria gomes/f/id=b1689.64-per5
1143: 
1144:             pmad$manuel francisco/m/id=b1689.64-per6
1145:                ls$residencia/alencarce de cima
1146: 
1147:       b$b1689.65/8/9/1689/0/0/0/manuel rodrigues da carreira
1148: 
**** auto rels 2 STARTED.
   ** auto rel: from b1689.64-per1-per2 to b1689.64-per1 parentesco/pai
   ** auto rel: from b1689.64-per1-per3 to b1689.64-per1 parentesco/mae
   ** auto rel: from b1689.64-per1-per2 to b1689.64-per1-per3 parentesco/marido
   ** Automatic attribute: b1689.64-per1-per2/ec/c
   ** Automatic attribute: b1689.64-per1-per3/ec/c
** Processing act b$b1689.65
1149:          n$luis/m/id=b1689.65-per1
1150: 
1151:             pai$manuel rodrigues manco/m/id=b1689.65-per1-per2
1152:                ls$residencia/soure
1153: 
1154:             mae$maria cordeira/f/id=b1689.65-per1-per3
1155: 
1156:             pad$luis coelho/m/id=b1689.65-per4
1157:                ls$titulo/luis coelho
1158: 
1159:             mad$ana maria/f/id=b1689.65-per5
1160:                ls$residencia/soure
1161: 
1162:       b$b1689.66/11/9/1689/0/0/0/manuel rodrigues do passo
1163: 
**** auto rels 2 STARTED.
   ** auto rel: from b1689.65-per1-per2 to b1689.65-per1 parentesco/pai
   ** auto rel: from b1689.65-per1-per3 to b1689.65-per1 parentesco/mae
   ** auto rel: from b1689.65-per1-per2 to b1689.65-per1-per3 parentesco/marido
   ** Automatic attribute: b1689.65-per1-per2/ec/c
   ** Automatic attribute: b1689.65-per1-per3/ec/c
** Processing act b$b1689.66
1164:          n$manuel/m/id=b1689.66-per1
1165: 
1166:             pai$domingos rodrigues/m/id=b1689.66-per1-per2
1167:                ls$residencia/casal do barril
1168: 
1169:             mae$maria isabel pedrosa/f/id=b1689.66-per1-per3
1170: 
1171:             pad$manuel henriques/m/id=b1689.66-per4
1172:                ls$residencia/casais do barril
1173: 
1174:             mad$domingas esteves/f/id=b1689.66-per5
1175: 
1176:             pmad$manuel francisco/m/id=b1689.66-per6
1177:                ls$residencia/casais do barril
1178: 
1179:             mmad$maria esteves/f/id=b1689.66-per7
1180: 
1181:       b$b1689.67/11/9/1689/0/0/0/simao leao, capelao da universidade
1182: 
**** auto rels 2 STARTED.
   ** auto rel: from b1689.66-per1-per2 to b1689.66-per1 parentesco/pai
   ** auto rel: from b1689.66-per1-per3 to b1689.66-per1 parentesco/mae
   ** auto rel: from b1689.66-per1-per2 to b1689.66-per1-per3 parentesco/marido
   ** Automatic attribute: b1689.66-per1-per2/ec/c
   ** Automatic attribute: b1689.66-per1-per3/ec/c
   ** auto rel: from b1689.66-per6 to b1689.66-per7 parentesco/marido
** Processing act b$b1689.67
1183:          n$manuel/m/id=b1689.67-per1
1184: 
1185:             pai$pascoal rodrigues/m/id=b1689.67-per1-per2
1186:                ls$residencia/soure
1187: 
1188:             mae$ana de paiva/f/id=b1689.67-per1-per3
1189: 
1190:             pad$manuel cordeiro/m/id=b1689.67-per4
1191:                ls$profissao/padre
1192:                ls$cargo/vigario encomendado de soure
1193: 
1194:             mad$joana carvalho/f/id=b1689.67-per5
1195:                ls$residencia/soure
1196: 
1197:       b$b1689.68/11/9/1689/0/0/0/manuel rodrigues alvaro/obs=so padrinho, sem madrinha
1198: 
**** auto rels 2 STARTED.
   ** auto rel: from b1689.67-per1-per2 to b1689.67-per1 parentesco/pai
   ** auto rel: from b1689.67-per1-per3 to b1689.67-per1 parentesco/mae
   ** auto rel: from b1689.67-per1-per2 to b1689.67-per1-per3 parentesco/marido
   ** Automatic attribute: b1689.67-per1-per2/ec/c
   ** Automatic attribute: b1689.67-per1-per3/ec/c
** Processing act b$b1689.68
1199:          n$maria/f/id=b1689.68-per1
1200: 
1201:             pai$manuel carvalho/m/id=b1689.68-per1-per2
1202:                ls$residencia/soure
1203: 
1204:             mae$maria vieira/f/id=b1689.68-per1-per3
1205: 
1206:             pad$paulo ribeiro cabral/m/id=b1689.68-per4
1207:                ls$cargo/capitao
1208: 
1209:       b$b1689.69/12/9/1689/0/0/0/manuel rodrigues alvaro
1210: 
**** auto rels 2 STARTED.
   ** auto rel: from b1689.68-per1-per2 to b1689.68-per1 parentesco/pai
   ** auto rel: from b1689.68-per1-per3 to b1689.68-per1 parentesco/mae
   ** auto rel: from b1689.68-per1-per2 to b1689.68-per1-per3 parentesco/marido
   ** Automatic attribute: b1689.68-per1-per2/ec/c
   ** Automatic attribute: b1689.68-per1-per3/ec/c
** Processing act b$b1689.69
1211:          n$jose/m/id=b1689.69-per1
1212: 
1213:             pai$manuel gomes/m/id=b1689.69-per1-per2
1214:                ls$residencia/moinhos novos
1215: 
1216:             mae$maria ferreira/f/id=b1689.69-per1-per3
1217: 
1218:             pad$luis seabra/m/id=b1689.69-per4
1219:                ls$residencia/soure
1220: 
1221:             mad$maria de seabra/f/id=b1689.69-per5
1222:                ls$residencia/soure
1223: 
1224:       b$b1689.70/23/9/1689/0/0/0/manuel rodrigues alvaro
1225: 
**** auto rels 2 STARTED.
   ** auto rel: from b1689.69-per1-per2 to b1689.69-per1 parentesco/pai
   ** auto rel: from b1689.69-per1-per3 to b1689.69-per1 parentesco/mae
   ** auto rel: from b1689.69-per1-per2 to b1689.69-per1-per3 parentesco/marido
   ** Automatic attribute: b1689.69-per1-per2/ec/c
   ** Automatic attribute: b1689.69-per1-per3/ec/c
** Processing act b$b1689.70
1226:          n$maria/f/id=b1689.70-per1
1227: 
1228:             pai$manuel dias/m/id=b1689.70-per1-per2
1229:                ls$alcunha/moco
1230:                ls$residencia/soure
1231: 
1232:             mae$isabel ferreira/f/id=b1689.70-per1-per3
1233: 
1234:             pad$lopo nunes/m/id=b1689.70-per4
1235:                ls$profissao/padre
1236: 
1237:             mad$maria simoes/f/id=b1689.70-per5
1238:                ls$alcunha/mal casada
1239: 
1240:             mrmad$miguel mendes/m/id=b1689.70-per6
1241: 
1242:       b$b1689.71/25/9/1689/0/0/0/manuel rodrigues alvaro
1243: 
**** auto rels 2 STARTED.
   ** auto rel: from b1689.70-per1-per2 to b1689.70-per1 parentesco/pai
   ** auto rel: from b1689.70-per1-per3 to b1689.70-per1 parentesco/mae
   ** auto rel: from b1689.70-per1-per2 to b1689.70-per1-per3 parentesco/marido
   ** Automatic attribute: b1689.70-per1-per2/ec/c
   ** Automatic attribute: b1689.70-per1-per3/ec/c
** Processing act b$b1689.71
1244:          n$joao/m/id=b1689.71-per1
1245: 
1246:             pai$jeronimo goncalves/m/id=b1689.71-per1-per2
1247:                ls$residencia/casa velha
1248: 
1249:             mae$agueda pereira/f/id=b1689.71-per1-per3
1250: 
1251:             pad$manuel marques/m/id=b1689.71-per4
1252:                ls$residencia/paleao
1253: 
1254:             mad$maria francisca/f/id=b1689.71-per5
1255:                ls$ec/v
1256:                ls$residencia/casa velha
1257: 
1258:       b$b1689.72/29/9/1689/0/0/0/manuel cordeiro
1259: 
**** auto rels 2 STARTED.
   ** auto rel: from b1689.71-per1-per2 to b1689.71-per1 parentesco/pai
   ** auto rel: from b1689.71-per1-per3 to b1689.71-per1 parentesco/mae
   ** auto rel: from b1689.71-per1-per2 to b1689.71-per1-per3 parentesco/marido
   ** Automatic attribute: b1689.71-per1-per2/ec/c
   ** Automatic attribute: b1689.71-per1-per3/ec/c
** Processing act b$b1689.72
1260:          n$catarina/f/id=b1689.72-per1
1261: 
1262:             pai$domingos rodrigues feijao/m/id=b1689.72-per1-per2
1263:                ls$residencia/cavaleiros
1264: 
1265:             mae$catarina francisca/f/id=b1689.72-per1-per3
1266: 
1267:             pad$manuel rodrigues feijao/m/id=b1689.72-per4
1268:                ls$residencia/casais de s.mateus
1269: 
1270:             mad$filipa goncalves/f/id=b1689.72-per5
1271:                ls$residencia/carvalheira de baixo
1272: 
1273:       b$b1689.73/2/10/1689/0/0/0/manuel rodrigues da carreira
1274: 
**** auto rels 2 STARTED.
   ** auto rel: from b1689.72-per1-per2 to b1689.72-per1 parentesco/pai
   ** auto rel: from b1689.72-per1-per3 to b1689.72-per1 parentesco/mae
   ** auto rel: from b1689.72-per1-per2 to b1689.72-per1-per3 parentesco/marido
   ** Automatic attribute: b1689.72-per1-per2/ec/c
   ** Automatic attribute: b1689.72-per1-per3/ec/c
** Processing act b$b1689.73
1275:          n$maria/f/id=b1689.73-per1
1276: 
1277:             pai$jorge joao/m/id=b1689.73-per1-per2
1278:                ls$residencia/casais dos simoes
1279: 
1280:             mae$catarina simoes/f/id=b1689.73-per1-per3
1281: 
1282:             pad$miguel fernandes/m/id=b1689.73-per4
1283:                ls$residencia/netos
1284: 
1285:             mad$domingas/f/id=b1689.73-per5
1286:                ls$ec/ws
1287: 
1288:             pmad$manuel joao/m/id=b1689.73-per6
1289:                ls$residencia/casais dos simoes
1290: 
1291:       b$b1689.74/6/10/1689/0/0/0/lopo nunes pinto/obs=somente padrinho
1292: 
**** auto rels 2 STARTED.
   ** auto rel: from b1689.73-per1-per2 to b1689.73-per1 parentesco/pai
   ** auto rel: from b1689.73-per1-per3 to b1689.73-per1 parentesco/mae
   ** auto rel: from b1689.73-per1-per2 to b1689.73-per1-per3 parentesco/marido
   ** Automatic attribute: b1689.73-per1-per2/ec/c
   ** Automatic attribute: b1689.73-per1-per3/ec/c
** Processing act b$b1689.74
1293:          n$maria/f/id=b1689.74-per1
1294: 
1295:             pai$manuel dias duquezo/m/id=b1689.74-per1-per2
1296:                ls$residencia/soure
1297: 
1298:             mae$teresa rodrigues/f/id=b1689.74-per1-per3
1299: 
1300:             pad$manuel soares/m/id=b1689.74-per4
1301:                ls$residencia/soure
1302: 
1303:       b$b1689.75/9/10/1689/0/0/0/manuel rodrigues alvaro
1304: 
**** auto rels 2 STARTED.
   ** auto rel: from b1689.74-per1-per2 to b1689.74-per1 parentesco/pai
   ** auto rel: from b1689.74-per1-per3 to b1689.74-per1 parentesco/mae
   ** auto rel: from b1689.74-per1-per2 to b1689.74-per1-per3 parentesco/marido
   ** Automatic attribute: b1689.74-per1-per2/ec/c
   ** Automatic attribute: b1689.74-per1-per3/ec/c
** Processing act b$b1689.75
1305:          n$maria/f/id=b1689.75-per1
1306: 
1307:             pai$antonio rodrigues/m/id=b1689.75-per1-per2
1308:                ls$residencia/alencarce de cima
1309: 
1310:             mae$maria simoes/f/id=b1689.75-per1-per3
1311: 
1312:             pad$manuel francisco/m/id=b1689.75-per4
1313:                ls$residencia/alencarce
1314: 
1315:             mad$isabel/f/id=b1689.75-per5
1316:                ls$ec/s
1317: 
1318:             pmad$joao alvares/m/id=b1689.75-per6
1319:                ls$residencia/alencarce
1320: 
1321:       b$b1689.76/9/10/1689/0/0/0/manuel rodrigues alvaro/obs=so o padrinho
1322: 
**** auto rels 2 STARTED.
   ** auto rel: from b1689.75-per1-per2 to b1689.75-per1 parentesco/pai
   ** auto rel: from b1689.75-per1-per3 to b1689.75-per1 parentesco/mae
   ** auto rel: from b1689.75-per1-per2 to b1689.75-per1-per3 parentesco/marido
   ** Automatic attribute: b1689.75-per1-per2/ec/c
   ** Automatic attribute: b1689.75-per1-per3/ec/c
** Processing act b$b1689.76
1323:          n$maria/f/id=b1689.76-per1
1324: 
1325:             pai$domingos lopes/m/id=b1689.76-per1-per2
1326:                ls$residencia/casa velha
1327: 
1328:             mae$maria pereira/f/id=b1689.76-per1-per3
1329: 
1330:             pad$luis coelho dos reis/m/id=b1689.76-per4
1331: 
1332:       b$b1689.77/10/10/1689/0/0/0/manuel cordeiro
1333: 
**** auto rels 2 STARTED.
   ** auto rel: from b1689.76-per1-per2 to b1689.76-per1 parentesco/pai
   ** auto rel: from b1689.76-per1-per3 to b1689.76-per1 parentesco/mae
   ** auto rel: from b1689.76-per1-per2 to b1689.76-per1-per3 parentesco/marido
   ** Automatic attribute: b1689.76-per1-per2/ec/c
   ** Automatic attribute: b1689.76-per1-per3/ec/c
** Processing act b$b1689.77
1334:          n$jose/m/id=b1689.77-per1
1335: 
1336:             pai$manuel leao/m/id=b1689.77-per1-per2
1337:                ls$residencia/casais da lagem
1338: 
1339:             mae$maria francisca/f/id=b1689.77-per1-per3
1340: 
1341:             pad$antonio rodrigues/m/id=b1689.77-per4
1342: 
1343:             ppad$nome desconhecido/m/id=bppad16891010
1344:                ls$alcunha/marmelo
1345: 
1346:             mad$antonia madeira/f/id=b1689.77-per5
1347: 
1348:             pmad$nome desconhecido/m/mesmo_que=bppad16891010/id=b1689.77-per6
1349: 
1350:       b$b1689.78/13/10/1689/0/0/0/manuel cordeiro/obs=sem padrinhos
1351: 
**** auto rels 2 STARTED.
   ** auto rel: from b1689.77-per1-per2 to b1689.77-per1 parentesco/pai
   ** auto rel: from b1689.77-per1-per3 to b1689.77-per1 parentesco/mae
   ** auto rel: from b1689.77-per1-per2 to b1689.77-per1-per3 parentesco/marido
   ** Automatic attribute: b1689.77-per1-per2/ec/c
   ** Automatic attribute: b1689.77-per1-per3/ec/c
** Processing act b$b1689.78
1352:          n$escolastica/f/id=b1689.78-per1
1353: 
1354:             pai$manuel carvalho/m/id=b1689.78-per1-per2
1355:                ls$residencia/casais de s.mateus
1356: 
1357:             mae$antonia pereira/f/id=b1689.78-per1-per3
1358: 
1359:       b$b1689.79/16/10/1689/0/0/0/manuel rodrigues
1360: 
**** auto rels 2 STARTED.
   ** auto rel: from b1689.78-per1-per2 to b1689.78-per1 parentesco/pai
   ** auto rel: from b1689.78-per1-per3 to b1689.78-per1 parentesco/mae
   ** auto rel: from b1689.78-per1-per2 to b1689.78-per1-per3 parentesco/marido
   ** Automatic attribute: b1689.78-per1-per2/ec/c
   ** Automatic attribute: b1689.78-per1-per3/ec/c
** Processing act b$b1689.79
1361:          n$maria/f/id=b1689.79-per1
1362: 
1363:             pai$joao alves/m/id=b1689.79-per1-per2
1364:                ls$residencia/casa velha
1365: 
1366:             mae$isabel domingues/f/id=b1689.79-per1-per3
1367: 
1368:             pad$joao goncalves/m/id=b1689.79-per4
1369: 
1370:             ppad$simao goncalves/id=b1689.79-per5
1371:                ls$residencia/casa velha
1372: 
1373:             mad$domingas francisca/f/id=b1689.79-per6
1374: 
1375:             pmad$manuel alves/m/id=b1689.79-per7
1376:                ls$residencia/casa velha
1377: 
1378:       b$b1689.80/17/10/1689/0/0/0/manuel rodrigues carreira
1379: 
**** auto rels 2 STARTED.
   ** auto rel: from b1689.79-per1-per2 to b1689.79-per1 parentesco/pai
   ** auto rel: from b1689.79-per1-per3 to b1689.79-per1 parentesco/mae
   ** auto rel: from b1689.79-per1-per2 to b1689.79-per1-per3 parentesco/marido
   ** Automatic attribute: b1689.79-per1-per2/ec/c
   ** Automatic attribute: b1689.79-per1-per3/ec/c
** Processing act b$b1689.80
1380:          n$manuel/m/id=b1689.80-per1
1381: 
1382:             pai$matias rodrigues?/id=b1689.80-per1-per2
1383:                ls$residencia/casa velha
1384: 
1385:             mae$maria francisca/f/id=b1689.80-per1-per3
1386: 
1387:             pad$domingos lopes/m/id=b1689.80-per4
1388:                ls$residencia/casa velha
1389: 
1390:             mad$maria pereira/id=b1689.80-per5
1391: 
1392:             mrmad$manuel simoes/m/id=b1689.80-per6
1393:                ls$residencia/casa velha
1394: 
1395:       b$b1689.81/17/10/1689/0/0/0/manuel collaco
1396: 
**** auto rels 2 STARTED.
   ** auto rel: from b1689.80-per1-per2 to b1689.80-per1 parentesco/pai
   ** auto rel: from b1689.80-per1-per3 to b1689.80-per1 parentesco/mae
   ** auto rel: from b1689.80-per1-per2 to b1689.80-per1-per3 parentesco/marido
   ** Automatic attribute: b1689.80-per1-per2/ec/c
   ** Automatic attribute: b1689.80-per1-per3/ec/c
** Processing act b$b1689.81
1397:          n$manuel/m/id=b1689.81-per1
1398: 
1399:             pai$manuel soares/m/id=b1689.81-per1-per2
1400:                ls$residencia/soure
1401: 
1402:             mae$maria de s.jose/f/id=b1689.81-per1-per3
1403: 
1404:             pad$luis coelho/m/id=b1689.81-per4
1405:                ls$residencia/casais da pouca pena
1406: 
1407:             mad$maria mateus/f/id=b1689.81-per5
1408:                ls$residencia/casais da pouca pena
1409: 
1410:       b$b1689.82/23/10/1689/0/0/0/manuel rodrigues alvaro
1411: 
**** auto rels 2 STARTED.
   ** auto rel: from b1689.81-per1-per2 to b1689.81-per1 parentesco/pai
   ** auto rel: from b1689.81-per1-per3 to b1689.81-per1 parentesco/mae
   ** auto rel: from b1689.81-per1-per2 to b1689.81-per1-per3 parentesco/marido
   ** Automatic attribute: b1689.81-per1-per2/ec/c
   ** Automatic attribute: b1689.81-per1-per3/ec/c
** Processing act b$b1689.82
1412:          n$luisa/f/id=b1689.82-per1
1413: 
1414:             pai$manuel oliveira/m/id=b1689.82-per1-per2
1415:                ls$residencia/lagem
1416: 
1417:             mae$maria lopes/f/id=b1689.82-per1-per3
1418: 
1419:             pad$manuel de aurora/m/id=b1689.82-per4
1420:                ls$residencia/soure
1421: 
1422:             mad$mariana de pina/f/id=b1689.82-per5
1423:                ls$residencia/soure
1424: 
1425:       b$b1689.83/25/10/1689/0/0/0/manuel cordeiro
1426: 
**** auto rels 2 STARTED.
   ** auto rel: from b1689.82-per1-per2 to b1689.82-per1 parentesco/pai
   ** auto rel: from b1689.82-per1-per3 to b1689.82-per1 parentesco/mae
   ** auto rel: from b1689.82-per1-per2 to b1689.82-per1-per3 parentesco/marido
   ** Automatic attribute: b1689.82-per1-per2/ec/c
   ** Automatic attribute: b1689.82-per1-per3/ec/c
** Processing act b$b1689.83
1427:          n$antonio/m/id=b1689.83-per1
1428: 
1429:             pai$antonio soares/m/id=b1689.83-per1-per2
1430:                ls$residencia/paleao
1431: 
1432:             mae$domingas gomes/f/id=b1689.83-per1-per3
1433: 
1434:             pad$joao soares/m/id=b1689.83-per4
1435: 
1436:             mad$maria gomes/f/id=b1689.83-per5
1437:                ls$ec/s
1438: 
1439:             pmad$joao de carvalho/m/id=b1689.83-per6
1440:                ls$residencia/porto panelas
1441: 
1442:       b$b1689.84/6/11/1689/0/0/0/manuel rodrigues da carreira
1443: 
**** auto rels 2 STARTED.
   ** auto rel: from b1689.83-per1-per2 to b1689.83-per1 parentesco/pai
   ** auto rel: from b1689.83-per1-per3 to b1689.83-per1 parentesco/mae
   ** auto rel: from b1689.83-per1-per2 to b1689.83-per1-per3 parentesco/marido
   ** Automatic attribute: b1689.83-per1-per2/ec/c
   ** Automatic attribute: b1689.83-per1-per3/ec/c
** Processing act b$b1689.84
1444:          n$maria/f/id=b1689.84-per1
1445:             ls$ilegitima/sim
1446: 
1447:             mae$maria ferreira/f/id=b1689.84-per1-per2
1448:                ls$ec/s
1449:                ls$residencia/casais do espirito santo
1450: 
1451:             pad$domingues pires/m/id=b1689.84-per3
1452: 
1453:             mad$isabel goncalves/f/id=b1689.84-per4
1454: 
1455:             mrmad$manuel antunes/id=b1689.84-per5
1456:                ls$residencia/assamassa
1457: 
1458:       b$b1689.85/14/11/1689/0/0/0/manuel cordeiro/obs=so padrinho
1459: 
**** auto rels 2 STARTED.
   ** auto rel: from b1689.84-per1-per2 to b1689.84-per1 parentesco/mae
** Processing act b$b1689.85
1460:          n$francisco/m/id=b1689.85-per1
1461: 
1462:             pai$diogo pedrosa/m/id=b1689.85-per1-per2
1463:                ls$residencia/soure
1464: 
1465:             mae$margarida/f/id=b1689.85-per1-per3
1466:                ls$titulo/dona
1467: 
1468:             pad$martins afonso de melo/m/id=b1689.85-per4
1469: 
1470:       b$b1689.86/20/11/1689/0/0/0/manuel cordeiro
1471: 
**** auto rels 2 STARTED.
   ** auto rel: from b1689.85-per1-per2 to b1689.85-per1 parentesco/pai
   ** auto rel: from b1689.85-per1-per3 to b1689.85-per1 parentesco/mae
   ** auto rel: from b1689.85-per1-per2 to b1689.85-per1-per3 parentesco/marido
   ** Automatic attribute: b1689.85-per1-per2/ec/c
   ** Automatic attribute: b1689.85-per1-per3/ec/c
** Processing act b$b1689.86
1472:          n$maria/f/id=b1689.86-per1
1473: 
1474:             pai$joao goncalves/m/id=b1689.86-per1-per2
1475:                ls$residencia/pinheiro
1476: 
1477:             mae$isabel da conceicao/f/id=b1689.86-per1-per3
1478: 
1479:             pad$antonio lopes/m/id=b1689.86-per4
1480:                ls$residencia/soure
1481: 
1482:             mad$antonia/f/id=b1689.86-per5
1483: 
1484:             pmad$joao carvalho/m/obs=diz irmao da baptizada mas nao pode ser/id=b1689.86-per6
1485: 
1486:       b$b1689.87/23/11/1689/0/0/0/teodosio mendes
1487: 
**** auto rels 2 STARTED.
   ** auto rel: from b1689.86-per1-per2 to b1689.86-per1 parentesco/pai
   ** auto rel: from b1689.86-per1-per3 to b1689.86-per1 parentesco/mae
   ** auto rel: from b1689.86-per1-per2 to b1689.86-per1-per3 parentesco/marido
   ** Automatic attribute: b1689.86-per1-per2/ec/c
   ** Automatic attribute: b1689.86-per1-per3/ec/c
** Processing act b$b1689.87
1488:          n$joao/m/id=b1689.87-per1
1489: 
1490:             pai$alexandre mendes/m/id=b1689.87-per1-per2
1491:                ls$residencia/soure
1492: 
1493:             mae$catarina de jesus/id=b1689.87-per1-per3
1494: 
1495:             pad$joao da costa de vasconcelos/id=b1689.87-per4
1496: 
1497:             mad$maria/f/id=b1689.87-per5
1498:                ls$titulo/dona
1499: 
1500:             mrmad$paulo ribeiro cabral/mesmo_que=c24-7/id=b1689.87-per6
1501: 
1502:       b$b1689.88/26/11/1689/0/0/0/diogo marques
1503: 
**** auto rels 2 STARTED.
   ** auto rel: from b1689.87-per1-per2 to b1689.87-per1 parentesco/pai
   ** auto rel: from b1689.87-per1-per3 to b1689.87-per1 parentesco/mae
   ** auto rel: from b1689.87-per1-per2 to b1689.87-per1-per3 parentesco/marido
   ** Automatic attribute: b1689.87-per1-per2/ec/c
   ** Automatic attribute: b1689.87-per1-per3/ec/c
** Processing act b$b1689.88
1504:          n$ines/f/id=b1689.88-per1
1505: 
1506:             pai$manuel francisco gabriel/m/id=b1689.88-per1-per2
1507:                ls$alcunha/moco
1508:                ls$residencia/casa velha
1509: 
1510:             mae$joana da costa/id=b1689.88-per1-per3
1511: 
1512:             pad$francisco/m/id=b1689.88-per4
1513: 
1514:             ppad$manuel francisco gabriel/m/id=bpad16891126
1515:                ls$alcunha/velho
1516: 
1517:             mad$ines/f/id=b1689.88-per5
1518: 
1519:             pmad$manuel francisco gabriel/mesmo_que=bpad16891126/id=b1689.88-per6
1520: 
1521:       b$b1689.89/26/11/1689/0/0/0/manuel rodrigues alvaro
1522: 
**** auto rels 2 STARTED.
   ** auto rel: from b1689.88-per1-per2 to b1689.88-per1 parentesco/pai
   ** auto rel: from b1689.88-per1-per3 to b1689.88-per1 parentesco/mae
   ** auto rel: from b1689.88-per1-per2 to b1689.88-per1-per3 parentesco/marido
   ** Automatic attribute: b1689.88-per1-per2/ec/c
   ** Automatic attribute: b1689.88-per1-per3/ec/c
** Processing act b$b1689.89
1523:          n$manuel/f/id=b1689.89-per1
1524: 
1525:             pai$joao madeira/m/id=b1689.89-per1-per2
1526:                ls$residencia/areias
1527: 
1528:             mae$maria ferreira/f/id=b1689.89-per1-per3
1529: 
1530:             pad$manuel homem de quadros/m/id=b1689.89-per4
1531: 
1532:             mad$maria da costa/f/id=b1689.89-per5
1533: 
1534:             mrmad$antonio martins/m/id=b1689.89-per6
1535:                ls$residencia/pinheiro
1536: 
1537:       b$b1689.90/5/12/1689/0/0/0/manuel cordeiro
1538: 
**** auto rels 2 STARTED.
   ** auto rel: from b1689.89-per1-per2 to b1689.89-per1 parentesco/pai
   ** auto rel: from b1689.89-per1-per3 to b1689.89-per1 parentesco/mae
   ** auto rel: from b1689.89-per1-per2 to b1689.89-per1-per3 parentesco/marido
   ** Automatic attribute: b1689.89-per1-per2/ec/c
   ** Automatic attribute: b1689.89-per1-per3/ec/c
** Processing act b$b1689.90
1539:          n$jose/m/id=b1689.90-per1
1540: 
1541:             pai$manuel rodrigues formigo/m/id=b1689.90-per1-per2
1542:                ls$residencia/casais do barril
1543: 
1544:             mae$isabel joao/f/id=b1689.90-per1-per3
1545: 
1546:             pad$antonio carvalho/m/id=b1689.90-per4
1547:                ls$titulo/licenciado
1548: 
1549:             mad$domingas/f/id=b1689.90-per5
1550: 
1551:             mmad$maria esteves/f/id=b1689.90-per6
1552:                ls$residencia/casal do barril
1553: 
1554:       b$b1689.91/12/12/1689/0/0/0/manuel rodrigues alvaro
1555: 
**** auto rels 2 STARTED.
   ** auto rel: from b1689.90-per1-per2 to b1689.90-per1 parentesco/pai
   ** auto rel: from b1689.90-per1-per3 to b1689.90-per1 parentesco/mae
   ** auto rel: from b1689.90-per1-per2 to b1689.90-per1-per3 parentesco/marido
   ** Automatic attribute: b1689.90-per1-per2/ec/c
   ** Automatic attribute: b1689.90-per1-per3/ec/c
** Processing act b$b1689.91
1556:          n$maria/f/id=bn16891212a
1557: 
1558:             pai$joao ferreira/m/id=bpai16891212
1559:                ls$residencia/soure
1560: 
1561:             mae$francisca ferreira/f/id=bmae16891212
1562: 
1563:             pad$joao da costa de vasconcelos/id=b1689.91-per1
1564: 
1565:             mad$luisa maria/f/id=b1689.91-per2
1566: 
1567:             pmad$sebastiao soares/id=b1689.91-per3
1568: 
1569:       b$b1689.92/12/12/1689/0/0/0/manuel rodrigues alvaro
1570: 
**** auto rels 2 STARTED.
   ** auto rel: from bpai16891212 to bn16891212a parentesco/pai
   ** auto rel: from bmae16891212 to bn16891212a parentesco/mae
   ** auto rel: from bpai16891212 to bmae16891212 parentesco/marido
   ** Automatic attribute: bpai16891212/ec/c
   ** Automatic attribute: bmae16891212/ec/c
** Processing act b$b1689.92
1571:          n$antonia/f/id=b1689.92-per1
1572:             rel$parentesco/gemea/maria/bn16891212a
1573: 
1574:             pai$joao ferreira/m/mesmo_que=bpai16891212/id=b1689.92-per1-per2
1575:                ls$residencia/soure
1576: 
1577:             mae$francisca ferreira/f/mesmo_que=bmae16891212/id=b1689.92-per1-per3
1578: 
1579:             pad$luis coelho/m/id=bpad16891212b
1580:                ls$titulo/licenciado
1581: 
1582:             mad$ana maria/f/id=bmad16891212b
1583: 
1584:             mrmad$luis coelho/mesmo_que=bpad16891212b/id=b1689.92-per4
1585: 
1586:       b$b1689.93/12/12/1689/0/0/0/simao leao, capelao da misericordia
1587: 
**** auto rels 2 STARTED.
   ** auto rel: from b1689.92-per1-per2 to b1689.92-per1 parentesco/pai
   ** auto rel: from b1689.92-per1-per3 to b1689.92-per1 parentesco/mae
   ** auto rel: from b1689.92-per1-per2 to b1689.92-per1-per3 parentesco/marido
   ** Automatic attribute: b1689.92-per1-per2/ec/c
   ** Automatic attribute: b1689.92-per1-per3/ec/c
** Processing act b$b1689.93
1588:          n$manuel/m/id=b1689.93-per1
1589: 
1590:             pai$manuel alves/m/id=b1689.93-per1-per2
1591:                ls$residencia/casal do rei
1592: 
1593:             mae$isabel rodrigues/f/id=b1689.93-per1-per3
1594: 
1595:             pad$manuel homem de quadros/m/id=b1689.93-per4
1596: 
1597:             mad$ana maria/f/mesmo_que=bmad16891212b/id=b1689.93-per5
1598:                ls$residencia/soure
1599: 
1600:       b$b1689.94/15/12/1689/0/0/0/manuel rodrigues da carreira
1601: 
**** auto rels 2 STARTED.
   ** auto rel: from b1689.93-per1-per2 to b1689.93-per1 parentesco/pai
   ** auto rel: from b1689.93-per1-per3 to b1689.93-per1 parentesco/mae
   ** auto rel: from b1689.93-per1-per2 to b1689.93-per1-per3 parentesco/marido
   ** Automatic attribute: b1689.93-per1-per2/ec/c
   ** Automatic attribute: b1689.93-per1-per3/ec/c
** Processing act b$b1689.94
1602:          n$maria/f/id=b1689.94-per1
1603: 
1604:             pai$joao goncalves/m/id=b1689.94-per1-per2
1605:                ls$residencia/sobral
1606: 
1607:             mae$francisca mendes/f/id=b1689.94-per1-per3
1608: 
1609:             pad$jorge joao/m/id=b1689.94-per4
1610: 
1611:             mad$teresa/f/id=b1689.94-per5
1612:                ls$ec/s
1613: 
1614:             pmad$antonio simoes/m/id=b1689.94-per6
1615:                ls$alcunha/conde
1616:                ls$residencia/casais dos simoes
1617: 
1618:       b$b1689.95/15/12/1689/0/0/0/lopo nunes pinto
1619: 
**** auto rels 2 STARTED.
   ** auto rel: from b1689.94-per1-per2 to b1689.94-per1 parentesco/pai
   ** auto rel: from b1689.94-per1-per3 to b1689.94-per1 parentesco/mae
   ** auto rel: from b1689.94-per1-per2 to b1689.94-per1-per3 parentesco/marido
   ** Automatic attribute: b1689.94-per1-per2/ec/c
   ** Automatic attribute: b1689.94-per1-per3/ec/c
** Processing act b$b1689.95
1620:          referido$lopo nunes pinto/id=bcel15121689
1621:             ls$profissao/padre
1622:             ls$cargo/capelao das capelas que institutiu rodrigo de parada
1623: 
1624:          n$antonia/f/id=b1689.95-per1
1625: 
1626:             pai$manuel gomes/m/id=b1689.95-per1-per2
1627:                ls$residencia/soure
1628: 
1629:             mae$isabel da gante/f/id=b1689.95-per1-per3
1630: 
1631:             pad$sebastiao colaco/m/id=bpad15121689
1632: 
1633:             mad$antonia/f/id=b1689.95-per4
1634: 
1635:             pmad$sebastiao colaco/mesmo_que=bpad15121689/id=b1689.95-per5
1636: 
1637:       b$b1689.96/26/12/1689/0/0/0/antonio velho
1638: 
**** auto rels 2 STARTED.
   ** auto rel: from b1689.95-per1-per2 to b1689.95-per1 parentesco/pai
   ** auto rel: from b1689.95-per1-per3 to b1689.95-per1 parentesco/mae
   ** auto rel: from b1689.95-per1-per2 to b1689.95-per1-per3 parentesco/marido
   ** Automatic attribute: b1689.95-per1-per2/ec/c
   ** Automatic attribute: b1689.95-per1-per3/ec/c
** Processing act b$b1689.96
1639:          referido$antonio velho/id=bcel26121689
1640:             ls$profissao/padre
1641:             ls$residencia/soure
1642: 
1643:          n$maria/f/id=b1689.96-per1
1644: 
1645:             pai$domingos gomes/m/id=b1689.96-per1-per2
1646:                ls$residencia/casal do mau
1647: 
1648:             mae$maria francisca/f/id=b1689.96-per1-per3
1649: 
1650:             pad$sebastiao soares coelho/m/id=b1689.96-per4
1651: 
1652:             mad$ana rodrigues/f/id=b1689.96-per5
1653:                ls$freguesia/redinha
1654:                ls$residencia/redinha, freguesia da redinha
1655: 
1656:       b$b1689.97/26/12/1689/0/0/0/manuel rodrigues alvaro
1657: 
**** auto rels 2 STARTED.
   ** auto rel: from b1689.96-per1-per2 to b1689.96-per1 parentesco/pai
   ** auto rel: from b1689.96-per1-per3 to b1689.96-per1 parentesco/mae
   ** auto rel: from b1689.96-per1-per2 to b1689.96-per1-per3 parentesco/marido
   ** Automatic attribute: b1689.96-per1-per2/ec/c
   ** Automatic attribute: b1689.96-per1-per3/ec/c
** Processing act b$b1689.97
1658:          n$maria/f/id=b1689.97-per1
1659: 
1660:             pai$manuel goncalves/m/id=b1689.97-per1-per2
1661:                ls$residencia/vale da borra
1662: 
1663:             mae$maria rodrigues/f/id=b1689.97-per1-per3
1664: 
1665:             pad$antonio jorge/m/id=b1689.97-per4
1666: 
1667:             mad$maria/f/id=b1689.97-per5
1668:                ls$ec/s
1669: 
1670:             pmad$pedro goncalves/m/id=b1689.97-per6
1671:                ls$residencia/vale da borra
1672: 
1673:       b$b1689.98/29/12/1689/0/0/0/manuel da costa
1674: 
**** auto rels 2 STARTED.
   ** auto rel: from b1689.97-per1-per2 to b1689.97-per1 parentesco/pai
   ** auto rel: from b1689.97-per1-per3 to b1689.97-per1 parentesco/mae
   ** auto rel: from b1689.97-per1-per2 to b1689.97-per1-per3 parentesco/marido
   ** Automatic attribute: b1689.97-per1-per2/ec/c
   ** Automatic attribute: b1689.97-per1-per3/ec/c
** Processing act b$b1689.98
1675:          n$antonio/m/id=b1689.98-per1
1676: 
1677:             pai$simao domingues/m/id=b1689.98-per1-per2
1678:                ls$residencia/sobral
1679: 
1680:             mae$maria goncalves/f/id=b1689.98-per1-per3
1681: 
1682:             pad$manuel da costa/m/id=bcel16892912
1683:                ls$profissao/padre
1684:                ls$residencia/sobral
1685: 
1686:             mad$domingas da costas/f/id=b1689.98-per4
1687:                ls$residencia/sobral
1688:                rel$parentesco/irma/manuel da costa/bcel16892912
1689: *** End of File
0  errors.
**** auto rels 2 STARTED.
   ** auto rel: from b1689.98-per1-per2 to b1689.98-per1 parentesco/pai
   ** auto rel: from b1689.98-per1-per3 to b1689.98-per1 parentesco/mae
   ** auto rel: from b1689.98-per1-per2 to b1689.98-per1-per3 parentesco/marido
   ** Automatic attribute: b1689.98-per1-per2/ec/c
   ** Automatic attribute: b1689.98-per1-per3/ec/c
** Translation finished.
** data file- /Users/jrc/develop/mhk_users/soure/documents/baptismos/B1689.CLI
** original file- /Users/jrc/develop/mhk_users/soure/documents/baptismos/B1689.org
** old file- /Users/jrc/develop/mhk_users/soure/documents/baptismos/B1689.old
** original file- /Users/jrc/develop/mhk_users/soure/documents/baptismos/B1689.ids
