ClioInput - version @@VERSION@@ - build @@BUILD@@ @@DATE@@
8-8-2018 1-3

Processing data file:B1685.CLI
-------------------------------------------
Generic Act translation module with geoentities (XML).
     Joaquim Ramos de Carvalho (joaquim@uc.pt) 
** New document: kleio
1: kleio$gacto.str/translations=1
=========================
kleio translation started
=========================
Structure: gacto.str
Prefix: 
Autorel: 
Translation count: 1
Obs: 
2:    fonte$baptismos 1685/tipo=reg paroquiais/localizacao=fol. 30-34/data=16850000/obs=existem baptismos anteriores mas em muito mau estado. VERSAO ABREVIADA. USAR O TRADUTOR CORRECTO
3: 
** Processing source fonte$baptismos 1685
4:       b$b1685.1/8/7/1685/0/0/0/manuel cordeiro
5: 
6: b$b1685.1
6:          n$maria/f/id=b1685.1-per1
7: 
8:             pai$manuel madeira/m/id=b1685.1-per1-per2
9:                ls$residencia/alencarce
10: 
11:             mae$domingas joao/f/id=b1685.1-per1-per3
12: 
13:             pad$antonio jorge/m/id=b1685.1-per4
14:                ls$residencia/alencarce
15: 
16:             mad$maria/f/id=b1685.1-per5
17:                ls$ec/s
18:                ls$residencia/alencarce
19: 
20:       b$b1685.2/28/7/1685/0/0/0/manuel cordeiro
21: 
22: b$b1685.2
22:          n$maria/f/id=b1685.2-per1
23: 
24:             pai$matias rodrigues/m/id=b1685.2-per1-per2
25:                ls$residencia/casa velha
26: 
27:             mae$maria donana?/f/id=b1685.2-per1-per3
28: 
29:             pad$antonio da fonseca/m/id=b1685.2-per4
30:                ls$residencia/cumieira, freguesia de Penela%termo de penela
31:                ls$freguesia/penela%termo de penela
32: 
33:             mad$maria pereira/f/id=b1685.2-per5
34: 
35:                pmad$manuel simoes/m/id=b1685.2-per6
36:                   ls$residencia/casa velha
37: 
38:       b$b1685.3/2/8/1685/0/0/0/manuel cordeiro
39: 
40: b$b1685.3
40:          n$ana/f/id=b1685.3-per1
41: 
42:             pai$antonio joao/m/id=b1685.3-per1-per2
43:                ls$residencia/montais
44: 
45:             mae$maria de oliveira/f/id=b1685.3-per1-per3
46: 
47:             pad$domingos simoes/m/id=b1685.3-per4
48:                ls$residencia/sobral
49:                ls$profissao/padre
50: 
51:             mad$ana velho/f/id=b1685.3-per5
52: 
53:                mrmad$nomes desconhecido/m/id=b1685.3-per6
54:                   ls$profissao/boticario
55:                   ls$residencia/soure
56: 
57:       b$b1685.4/22/8/1685/0/0/0/manuel cordeiro/obs=sem madrinha
58: 
59: b$b1685.4
59:          n$mariana/f/id=b1685.4-per1
60: 
61:             pai$simao luis/m/id=b1685.4-per1-per2
62:                ls$residencia/corujeira
63: 
64:             mae$nome desconhecido/f/id=b1685.4-per1-per3
65: 
66:             pad$manuel colaco de soares?/m/id=b1685.4-per4
67: 
68:       b$b1685.5/25/8/1685/0/0/0/manuel cordeiro
69: 
70: b$b1685.5
70:          n$manuel/m/id=b1685.5-per1
71: 
72:             pai$manuel carvalho/m/id=b1685.5-per1-per2
73:                ls$residencia/sobral
74: 
75:             mae$maria joao/id=b1685.5-per1-per3
76: 
77:       b$b1685.6/27/8/1685/0/0/0/manuel cordeiro
78: 
79: b$b1685.6
79:          n$manuel/m/id=b1685.6-per1
80: 
81:             pai$manuel nunes/m/id=b1685.6-per1-per2
82:                ls$alcunha/moco
83:                ls$residencia/casa velha
84: 
85:             mae$catarina francisca/f/id=b1685.6-per1-per3
86: 
87:             pad$joao da costa de vasconcelos/m/id=b1685.6-per4
88:                ls$residencia/soure
89: 
90:             mad$maria/f/id=b1685.6-per5
91:                ls$ec/s
92: 
93:                pmad$calvo/m/id=b1685.6-per6
94:                   ls$residencia/casa velha
95: 
96:       b$b1685.7/28/8/1685/0/0/0/manuel cordeiro
97: 
98: b$b1685.7
98:          n$joao/m/id=b1685.7-per1
99: 
100:             pai$joao rodrigues/m/id=b1685.7-per1-per2
101:                ls$residencia/simoes
102: 
103:             mae$isabel joao/f/id=b1685.7-per1-per3
104: 
105:             pad$diogo domingues/m/id=b1685.7-per4
106:                ls$residencia/simoes
107: 
108:             mad$brites goncalves/f/id=b1685.7-per5
109:                ls$residencia/simoes
110: 
111:       b$b1685.8/30/8/1685/0/0/0/manuel cordeiro
112: 
113: b$b1685.8
113:          n$manuel/m/id=b1685.8-per1
114: 
115:             pai$manuel rodrigues/m/id=b1685.8-per1-per2
116:                ls$residencia/barril
117: 
118:             mae$maria esteves/id=b1685.8-per1-per3
119: 
120:             pad$manuel cordeiro/m/id=b1685.8.4
121:                ls$titulo/licenciado
122:                ls$residencia/casais do espirito santo
123: 
124:             mad$? coelho/f/id=b1685.8-per4
125:                rel$parentesco/irma/manuel cordeiro/b1685.8.4
126: 
127:       b$b1685.9/2/9/1685/0/0/0/manuel cordeiro
128: 
129: b$b1685.9
129:          n$luisa/f/id=b1685.9-per1
130: 
131:             pai$manuel rodrigues/m/id=b1685.9-per1-per2
132:                ls$residencia/alencarce de cima
133: 
134:             mae$maria madeira/f/id=b1685.9-per1-per3
135: 
136:             pad$antonio da rocha manrique/m/id=b1685.9-per4
137:                ls$titulo/licenciado
138: 
139:             pad$luis coelho/m/id=b1685.9-per5
140:                ls$titulo/licenciado
141: 
142:       b$b1685.10/12/9/1685/0/0/0/manuel cordeiro
143: 
144: b$b1685.10
144:          n$maria/f/id=b1685.10-per1
145: 
146:             pai$matias de carvalho/m/id=b1685.10-per1-per2
147:                ls$residencia/soure
148: 
149:             mae$ana velho/f/id=b1685.10-per1-per3
150: 
151:             pad$pedro de brito de ataide/m/id=b1685.10-per4
152:                ls$residencia/quinta da capa rota
153: 
154:       b$b1685.11/17/9/1685/0/0/0/manuel cordeiro
155: 
156: b$b1685.11
156:          n$manuel/m/id=b1685.11-per1
157: 
158:             pai$jose luis/m/id=b1685.11-per1-per2
159:                ls$residencia/casal da corujeira
160: 
161:             mae$domingas jorge/f/id=b1685.11-per1-per3
162: 
163:             pad$francisco rodrigues/m/id=b1685.11.4
164:                ls$residencia/moinhos do paleao
165: 
166:             mad$maria pereira/f/id=b1685.11-per4
167:                rel$parentesco/mulher/francisco rodrigues/b1685.11.4
168: 
169:       b$b1685.12/23/9/1685/0/0/0/manuel cordeiro
170: 
171: b$b1685.12
171:          n$maria/f/id=b1685.12-per1
172: 
173:             pai$manuel rodrigues claro/m/id=b1685.12-per1-per2
174:                ls$residencia/alencarce
175:                ls$morto/antes
176: 
177:             mae$maria alves/f/id=b1685.12-per1-per3
178:                ls$ec/v
179:                ls$residencia/alencarce
180: 
181:       b$b1685.13/23/9/1685/0/0/0/manuel cordeiro
182: 
183: b$b1685.13
183:          n$joao/m/id=b1685.13-per1
184: 
185:             pai$manuel francisco/id=b1685.13-per1-per2
186:                ls$residencia/mogadouro
187: 
188:             mae$maria de oliveira/f/id=b1685.13-per1-per3
189: 
190:             pad$antonio joao/m/id=b1685.13-per4
191:                ls$residencia/casal do mogadouro
192: 
193:             mad$antonia/f/id=b1685.13-per5
194:                ls$ec/s
195: 
196:                pmad$mateus de oliveira/m/id=b1685.13-per6
197:                   ls$residencia/casconho
198: 
199:       b$b1685.14/23/9/1685/0/0/0/manuel cordeiro
200: 
201: b$b1685.14
201:          n$diogo/m/id=b1685.14-per1
202: 
203:             pai$manuel gomes/m/id=b1685.14-per1-per2
204:                ls$residencia/paleao
205: 
206:             mae$maria gomes/f/id=b1685.14-per1-per3
207: 
208:             pad$manuel duarte de morais/m/id=b1685.14-per4
209:                ls$residencia/soure
210:                ls$titulo/licenciado
211:                ls$titulo/frei
212:                ls$profissao/padre
213: 
214:             mad$maria rosado de carvalho/f/id=b1685.14-per5
215:                ls$residencia/soure
216: 
217:       b$b1685.15/4/9/1685/0/0/0/frei manuel mateus/obs=data sic
218: 
219: b$b1685.15
219:          n$mariana/f/id=b1685.15-per1
220: 
221:             pai$manuel gomes/m/id=b1685.15-per1-per2
222: 
223:             mae$isabel da gante/id=b1685.15-per1-per3
224: 
225:             pad$manuel duarte/m/id=b1685.15.4
226:                ls$profissao/padre
227:                ls$titulo/licenciado
228:                ls$titulo/frei
229: 
230:             mad$mariana colaco/f/id=b1685.15-per4
231:                rel$parentesco/irma/manuel duarte/b1685.15.4
232: 
233:       b$b1685.16/14/10/1685/0/0/0/manuel cordeiro
234: 
235: b$b1685.16
235:          n$maria/f/id=b1685.16-per1
236: 
237:             pai$manuel jorge/m/id=b1685.16-per1-per2
238:                ls$residencia/sobral
239: 
240:             mae$maria cordeiro/f/id=b1685.16-per1-per3
241: 
242:             pad$manuel simoes/m/id=b1685.16-per4
243:                ls$residencia/sobral
244: 
245:             mad$maria cordeiro/f/id=b1685.16-per5
246:                ls$residencia/sobral
247: 
248:       b$b1685.17/21/10/1685/0/0/0/manuel cordeiro
249: 
250: b$b1685.17
250:          n$manuel/m/id=b1685.17-per1
251: 
252:             pai$francisco rodrigues/m/id=b1685.17-per1-per2
253:                ls$residencia/casais da misericordia
254: 
255:             mae$ana carvalho/f/id=b1685.17-per1-per3
256: 
257:             pad$mateus dias/m/id=b1685.17-per4
258:                ls$residencia/casais da misericordia
259: 
260:             mad$domingas joao/f/id=b1685.17-per5
261: 
262:                mrmad$manuel joao/m/id=b1685.17-per6
263: 
264:       b$b1685.18/22/10/1685/0/0/0/manuel cordeiro
265: 
266: b$b1685.18
266:          n$manuel/m/id=b1685.18-per1
267: 
268:             pai$pedro lopes cordeiro/m/id=b1685.18-per1-per2
269:                ls$residencia/casal dos simoes
270: 
271:             mae$domingas simoes/f/id=b1685.18-per1-per3
272:                ls$residencia/casais da misericordia
273: 
274:             pad$luis jorge/m/id=b1685.18-per4
275:                ls$residencia/netos
276: 
277:             mad$catarina joao/f/id=b1685.18-per5
278: 
279:                mrmad$manuel gaspar/m/id=b1685.18-per6
280:                   ls$residencia/casal dos simoes
281: 
282:       b$b1685.19/1/11/1685/0/0/0/manuel cordeiro
283: 
284: b$b1685.19
284:          n$antonio/m/id=b1685.19-per1
285: 
286:             pai$matias da costa/m/id=b1685.19-per1-per2
287:                ls$residencia/casal dos bonitos
288: 
289:             mae$catarina goncalves/f/id=b1685.19-per1-per3
290: 
291:             pad$gaspar rodrigues/m/id=b1685.19-per4
292:                ls$residencia/barrosas%barrosos
293: 
294:             mad$maria domingues/f/id=b1685.19-per5
295: 
296:                mrmad$antonio joao/m/id=b1685.19-per6
297:                   ls$residencia/bonitos
298: 
299:       b$b1685.20/4/11/1685/0/0/0/manuel cordeiro
300: 
301: b$b1685.20
301:          n$antonio/m/id=b1685.20-per1
302: 
303:             pai$manuel goncalves/m/id=b1685.20-per1-per2
304:                ls$residencia/casal dos louzoes
305: 
306:             mae$maria simoes/f/id=b1685.20-per1-per3
307: 
308:             pad$diogo jorge/m/id=b1685.20-per4
309:                ls$residencia/casal novo
310: 
311:             mad$maria pedroso/f/id=b1685.20-per5
312: 
313:                pmad$joao pedroso/m/id=b1685.20-per6
314:                   ls$residencia/casal novo
315: 
316:       b$b1685.21/4/11/1685/0/0/0/manuel cordeiro
317: 
318: b$b1685.21
318:          n$maria/f/id=b1685.21-per1
319: 
320:             pai$manuel de oliveira/m/id=b1685.21-per1-per2
321:                ls$residencia/lajem
322: 
323:             mae$maria lopes/f/id=b1685.21-per1-per3
324: 
325:             pad$manuel rodrigues/m/id=b1685.21-per4
326: 
327:             mad$ines ?/f/id=b1685.21-per5
328: 
329:                mrmad$manuel de tavora/m/id=b1685.21-per6
330:                   ls$residencia/soure
331: 
332:       b$b1685.22/7/11/1685/0/0/0/manuel cordeiro
333: 
334: b$b1685.22
334:          n$pedro/m/id=b1685.22-per1
335: 
336:             pai$manuel cordeiro/m/id=b1685.22-per1-per2
337:                ls$residencia/casa velha
338: 
339:             mae$maria pedroso/f/id=b1685.22-per1-per3
340: 
341:             pad$manuel rodrigues presunto/m/id=b1685.22-per4
342:                ls$residencia/casa velha
343: 
344:             mad$maria cordeiro/f/id=b1685.22-per5
345: 
346:                pmad$antonio cordeiro/m/id=b1685.22-per6
347:                   ls$residencia/casa velha
348: 
349:       b$b1685.23/8/12/1684/0/0/0/simao leao/obs=data sic o vigario tinha se esquecido de os registar
350: 
351: b$b1685.23
351:          n$marcelino/m/id=b1685.23-per1
352: 
353:             pai$tome velho/m/id=b1685.23-per1-per2
354: 
355:             mae$isabel da rocha/f/id=b1685.23-per1-per3
356: 
357:             pad$matias de carvalho/m/id=b1685.23-per4
358:                ls$profissao/boticario
359: 
360:             mad$isabel de seia/f/id=b1685.23-per5
361:                ls$freguesia/buarcos
362: 
363:                mrmad$cosme velho/m/id=b1685.23-per6
364:                   ls$alcunha/moco
365: 
366:       b$b1685.24/9/6/1685/0/0/0/manuel cordeiro/obs=data sic o vigario tinha se esquecid de registar
367: 
368: b$b1685.24
368:          n$jose/m/id=b1685.24-per1
369: 
370:             pai$francisco da silva/m/id=b1685.24-per1-per2
371: 
372:             mae$susana da cunha/f/id=b1685.24-per1-per3
373:                ls$titulo/dona
374: 
375:             pad$manuel homem de quadros/m/id=b1685.24-per4
376: 
377:             pad$paulo de almeida botelho/m/id=b1685.24-per5
378: 
379:       b$b1685.25/18/11/1685/0/0/0/manuel cordeiro
380: 
381: b$b1685.25
381:          n$maria/f/id=b1685.25-per1
382: 
383:             pai$joao rodrigues/m/id=b1685.25-per1-per2
384:                ls$residencia/alencarce de baixo
385: 
386:             mae$isabel cardoso/f/id=b1685.25-per1-per3
387: 
388:             pad$manuel goncalves/m/id=b1685.25.4
389:                ls$residencia/alencarce
390: 
391:             mad$maria/f/id=b1685.25-per4
392:                rel$parentesco/filha/manuel goncalves/b1685.25.4
393: 
394:       b$b1685.26/25/11/1685/0/0/0/manuel cordeiro
395: 
396: b$b1685.26
396:          referido$domingos joao/id=b1685.26.0
397:             rel$parentesco/baptizou subc/joao/b1685.26.1
398:             ls$profissao/padre
399:             ls$residencia/alencarce
400: 
401:          n$joao/m/id=b1685.26.1
402: 
403:             pai$manuel antunes/m/id=b1685.26.1-per1
404:                ls$residencia/alencarce de cima
405: 
406:             mae$francisca rodrigues/f/id=b1685.26.1-per2
407: 
408:             pad$domingos antunes/m/id=b1685.26-per3
409:                ls$residencia/alencarce de cima
410: 
411:             mad$maria gaspar/f/id=b1685.26-per4
412:                ls$residencia/carvalheira
413: 
414:       b$b1685.27/25/11/1685/0/0/0/manuel cordeiro
415: 
416: b$b1685.27
416:          n$isabel/f/id=b1685.27-per1
417: 
418:             pai$mateus goncalves/m/id=b1685.27-per1-per2
419:                ls$residencia/alencarce
420: 
421:             mae$maria gomes/f/id=b1685.27-per1-per3
422: 
423:             pad$joao simoes/m/id=b1685.27-per4
424:                ls$freguesia/condeixa-a-?
425: 
426:             mad$isabel simoes/f/id=b1685.27-per5
427:                ls$residencia/alencarce
428: 
429:       b$b1685.27b/25/11/1685/0/0/0/manuel cordeiro
430: 
431: b$b1685.27b
431:          referido$domingos goncalves/id=mb1685.25.0
432:             ls$profissao/padre
433:             ls$residencia/casais do espirito santo
434:             rel$parentesco/baptizou subc/maria/b1685.27b.1
435: 
436:          n$maria/f/id=b1685.27b.1
437: 
438:             pai$manuel francisco/m/id=b1685.27b.1-per1
439:                ls$residencia/casal das galinhas
440: 
441:             mae$ana jorge/f/id=b1685.27b.1-per2
442: 
443:             pad$joao da costa de vasconcelos/m/id=b1685.27b-per3
444: 
445:             mad$helena/f/id=b1685.27b-per4
446:                ls$titulo/dona
447: 
448:                pmad$paulo ribeiro cabral/m/id=b1685.27b-per5
449: 
450:       b$b1685.27c/25/11/1685/0/0/0/manuel cordeiro
451: 
452: b$b1685.27c
452:          n$catarina/f/id=b1685.27c-per1
453: 
454:             pai$manuel rodrigues/m/id=b1685.27c-per1-per2
455:                ls$residencia/soure
456: 
457:             mae$maria da gante/f/id=b1685.27c-per1-per3
458: 
459:             pad$joao cordeiro/m/id=b1685.27c-per4
460:                ls$profissao/padre
461:                ls$titulo/frei
462:                ls$cargo/capelao da igreja de soure#creio que e' um dos beneficios da colegiada
463: 
464:       b$b1685.27d/30/4/1685/0/0/0/manuel rodrigues do passo#assina manuel cordeiro/obs=data sic e o padre diz que foi descuido nao vir a atras . Fol 33
465: 
466: b$b1685.27d
466:          n$manuel/m/id=b1685.27d-per1
467: 
468:             pai$antonio francisco/m/id=b1685.27d-per1-per2
469:                ls$residencia/soure
470: 
471:             mae$maria mendes/f/id=b1685.27d-per1-per3
472: 
473:             pad$antonio da rocha/m/id=b1685.27d-r1
474:                ls$titulo/licenciado
475:                ls$residencia/soure
476: 
477:             mad$josefa/f/id=b1685.27d-per4
478:                ls$titulo/dona
479:                rel$parentesco/irma/antonio da rocha/b1685.27d-r1
480: 
481:       b$b1685.28/6/12/1685/0/0/0/manuel cordeiro
482: 
483: b$b1685.28
483:          referido$manuel cordeiro/id=rb28061685
484:             ls$profissao/padre
485:             ls$cargo/cura da igreja de soure
486: 
487:          n$francisco/m/id=b1685.28-per1
488: 
489:             pai$manuel diniz/id=b1685.28-per1-per2
490:                ls$residencia/casal da eureca
491: 
492:             mae$isabel mateus/id=b1685.28-per1-per3
493: 
494:             pad$francisco simoes/m/id=b1685.28-per4
495:                ls$residencia/casal da eureca
496: 
497:             mad$leonor joao/f/id=b1685.28-per5
498:                ls$residencia/casal da eureca
499: 
500:       b$b1685.29/13/12/1685/0/0/0/manuel rodrigues passo
501: 
502: b$b1685.29
502:          n$helena/f/id=b1685.29-per1
503: 
504:             pai$manuel francisco/m/id=b1685.29-per1-per2
505:                ls$residencia/paleao
506: 
507:             mae$isabel simoes/f/id=b1685.29-per1-per3
508: 
509:             pad$joao da costa de vasconcelos/m/id=b1685.29-per4
510: 
511:             mad$helena/f/id=b1685.29-per5
512:                ls$titulo/dona
513: 
514:                pmad$paulo ribeiro cabral/m/xmesmo_que=c24-7/id=b1685.29-per6
515:                   ls$residencia/soure
516: 
517:       b$b1685.30/16/12/1685/0/0/0/manuel rodrigues do passo
518: 
519: b$b1685.30
519:          n$luis/m/id=b1685.30-per1
520: 
521:             pai$manuel carvalho/m/id=b1685.30-per1-per2
522:                ls$residencia/soure
523: 
524:             mae$maria vieira/f/id=b1685.30-per1-per3
525: 
526:             pad$luis coelho dos reis/m/id=b1685.30-per4
527:                ls$residencia/soure
528: 
529:             mad$maria rosado de carvalho/id=b1685.30-per5
530: 
531:       b$b1685.31/17/12/1685/0/0/0/manuel cordeiro
532: 
533: b$b1685.31
533:          n$josefa/f/id=b1685.31-per1
534: 
535:             pai$pascoal rodrigues/m/id=b1685.31-per1-per2
536:                ls$residencia/soure
537: 
538:             mae$ana de paiva/f/id=b1685.31-per1-per3
539: 
540:             pad$antonio coelho de carvalho/m/id=b1685.31-per4
541:                ls$titulo/licenciado
542:                ls$residencia/soure
543: 
544:             mad$josefa/f/id=b1685.31-per5
545:                ls$residencia/soure
546: 
547:                pmad$manuel fernandes? ratinho/m/id=b1685.31-per6
548:                   ls$residencia/soure
549: 
550:       b$b1685.32/23/12/1685/0/0/0/manuel cordeiro
551: 
552: b$b1685.32
552:          n$francisco/m/id=b1685.32-per1
553: 
554:             pai$manuel rodrigues/m/id=b1685.32-per1-per2
555:                ls$residencia/casais de pedro afonso
556: 
557:             mae$domingas rodrigues/f/id=b1685.32-per1-per3
558: 
559:             pad$francisco/m/id=b1685.32-per4
560:                ls$ec/s
561: 
562:                ppad$joao rodrigues/m/id=b1685.32-per5
563:                   ls$residencia/casal de geotim?
564: 
565:             mad$teresa/f/id=b1685.32-per6
566:                ls$ec/s
567: 
568:                pmad$tome rodrigues/m/id=b1685.32-per7
569:                   ls$residencia/vale da borra
570: 
571:       b$b1685.33/26/12/1685/0/0/0/manuel rodrigues do passo
572: 
573: b$b1685.33
573:          n$isabel/f/id=b1685.33-per1
574: 
575:             pai$manuel goncalves/m/id=b1685.33-per1-per2
576:                ls$residencia/casal de vale da borra
577: 
578:             mae$maria rodrigues/f/id=b1685.33-per1-per3
579: 
580:             pad$ascenso joao/m/id=b1685.33-per4
581:                ls$residencia/casal de vale da borra
582: 
583:             mad$maria/f/id=b1685.33-per5
584:                ls$ec/s
585: 
586:                pmad$domingos goncalves vargas/m/id=b1685.33-per6
587:                   ls$residencia/casal de vale da borra
588: *** End of File

B1685.CLI:588: "SAME AS" TO EXTERNAL REFERENCE EXPORTED (c24-7 AT LINE 515) CHECK IF IT EXISTS BEFORE IMPORTING THIS FILE.


WARNING: B1685.CLI line 587  "SAME AS" TO EXTERNAL REFERENCE EXPORTED (c24-7 AT LINE 515) CHECK IF IT EXISTS BEFORE IMPORTING THIS FILE.
Near line: 587 Near line: 588 
** Processed file-B1685.CLI
** Original file- ./B1685.org
** Previous version- ./B1685.old
** Temp file with ids- ./B1685.ids
0  errors. 
1  warnings.
Translation finished.
