ClioInput - version 2019.A1 - build 507 15/07/2019 21:58 
7-4-2020 15-44

Processing data file b1691.cli
-------------------------------------------
Generic Act translation module with geoentities (XML).
     Joaquim Ramos de Carvalho (joaquim@uc.pt) 
** New document: kleio
=========================
kleio translation started
=========================
Structure: gacto.str
Prefix: 
Autorel: 
Translation count: 4
Obs: 
** Processing source fonte$baptismos 1691
6: b$b1691.1
23: b$b1691.2
40: b$b1691.3
56: b$b1691.4
77: b$b1691.5
94: b$b1691.6
111: b$b1691.7
128: b$b1691.8
144: b$b1691.9
161: b$b1691.10
180: b$b1691.11
197: b$b1691.12
215: b$b1691.13
232: b$b1691.14
252: b$b1691.15
270: b$b1691.16
287: b$b1691.17
305: b$b1691.18
322: b$b1691.19
335: b$b1691.20
351: b$b1691.21
370: b$b1691.22
390: b$b1691.23
408: b$b1691.24
426: b$b1691.25
442: b$b1691.26
459: b$b1691.27
476: b$b1691.28
493: b$b1691.29
514: b$b1691.30
530: b$b1691.31
547: b$b1691.32
563: b$b1691.33
575: b$b1691.34
590: b$b1691.35
607: b$b1691.36
625: b$b1691.37
644: b$b1691.38
660: b$b1691.39
678: b$b1691.40
700: b$b1691.41
716: b$b1691.42
734: b$b1691.43
751: b$b1691.44
769: b$b1691.45
783: b$b1691.46
800: b$b1691.47
815: b$b1691.48
834: b$b1691.49
852: b$b1691.50
873: b$b1691.51
889: b$b1691.52
905: b$b1691.53
918: b$b1691.54
936: b$b1691.55
954: b$b1691.56
974: b$b1691.57
992: b$b1691.58
1004: b$b1691.59
1021: b$b1691.60
1033: b$b1691.61
1054: b$b1691.62
1065: b$b1691.63
1082: b$b1691.64
1099: b$b1691.65
1115: b$b1691.66
1133: b$b1691.67
1150: b$b1691.68
1168: b$b1691.69
1187: b$b1691.70
1203: b$b1691.71
1218: b$b1691.72
1234: b$b1691.73
1249: b$b1691.74
1265: b$b1691.75
1280: b$b1691.76
1294: b$b1691.77
1308: b$b1691.78
1327: b$b1691.79
1342: b$b1691.80
1359: b$b1691.81
1375: b$b1691.82
1395: b$b1691.83
1414: b$b1691.84
1433: b$b1691.85
1452: b$b1691.86
1470: b$b1691.87
1489: b$b1691.88
1506: b$b1691.89
1525: b$b1691.90
1541: b$b1691.91
1562: b$b1691.92
1578: b$b1691.93
1596: b$b1691.94
1613: b$b1691.95
1624: b$b1691.96
1640: b$b1691.97
1656: b$b1691.98
1673: b$b1691.99
1686: b$b1691.100
1703: b$b1691.101
1720: b$b1691.102
*** End of File
** Processed file- /kleio-home/sources/soure-fontes/sources/soure_fase1/baptismos/b1691.cli
** Original file- /kleio-home/sources/soure-fontes/sources/soure_fase1/baptismos/b1691.org
** Previous version- /kleio-home/sources/soure-fontes/sources/soure_fase1/baptismos/b1691.old
** Temp file with ids- /kleio-home/sources/soure-fontes/sources/soure_fase1/baptismos/b1691.ids
0  errors. 
0  warnings.
Translation finished.
