ClioInput - version $Revision$ SWI $Date$
29-5-2017 15-0

Processing data file:/Users/jrc/develop/mhk_users/soure/documents/baptismos/B1694.CLI
-------------------------------------------
Generic Act translation module with geoentities (XML).
     Joaquim Ramos de Carvalho (joaquim@uc.pt) 
** New document: kleio
1: kleio$gacto.str
=========================
kleio translation started
=========================
Structure: gacto.str
Prefix: 
Autorel: 
Translation count: 
Obs: 
Translation count not set or invalid, counting as zero: 
2:    fonte$baptismos 1694/tipo=reg paroquiais/localizacao=fol. 121-/data=16940000
3: 
**** auto rels 2 STARTED.
** Processing source fonte$baptismos 1694
4:       b$b1694.1/1/1/1694/0/0/0/luis alvares pinto
5: 
**** auto rels 2 STARTED.
** Processing act b$b1694.1
6:          n$silvestre/m/id=b1694.1-per1
7: 
8:             pai$antonio cordeiro/id=b1694.1-per1-per2
9:                ls$residencia/soure
10: 
11:             mae$francisca nunes/id=b1694.1-per1-per3
12: 
13:             pad$sebastiao soares coelho/id=b1694.1-per4
14: 
15:             mad$helena/id=b1694.1-per5
16: 
17:             pmad$paulo ribeiro cabral/mesmo_que=c24-7/id=b1694.1-per6
18: 
19:       b$b1694.2/2/1/1694/0/0/0/luis alvares pinto
20: 
**** auto rels 2 STARTED.
   ** auto rel: from b1694.1-per1-per2 to b1694.1-per1 parentesco/pai
   ** auto rel: from b1694.1-per1-per3 to b1694.1-per1 parentesco/mae
   ** auto rel: from b1694.1-per1-per2 to b1694.1-per1-per3 parentesco/marido
   ** Automatic attribute: b1694.1-per1-per2/ec/c
   ** Automatic attribute: b1694.1-per1-per3/ec/c
** Processing act b$b1694.2
21:          n$antonio/m/id=b1694.2-per1
22: 
23:             pai$pedro eiro matoso/id=b1694.2-per1-per2
24:                ls$residencia/soure
25: 
26:             mae$maria travassos/id=b1694.2-per1-per3
27: 
28:             pad$joao gomes de castelo branco/id=bpad02011694
29:                ls$residencia/lisboa, freguesia de ?
30:                ls$cidade/lisboa
31: 
32:             mad$sebastiana travassos leitao/id=bmad02011694
33:                ls$residencia/lisboa, freguesia de ?
34:                ls$cidade/lisboa
35: 
36:             referido$amaro de pina/id=br02011694
37:                ls$residencia/soure
38:                rel$sociabilidade/procurador em baptismo/joao gomes de castelo branco/bpad02011694
39:                rel$sociabilidade/procurador em baptismo/sebastiana travassos leitao/bmad02011694
40: 
41:       b$b1694.3/6/1/1694/0/0/0/jose pinto
42: 
**** auto rels 2 STARTED.
   ** auto rel: from b1694.2-per1-per2 to b1694.2-per1 parentesco/pai
   ** auto rel: from b1694.2-per1-per3 to b1694.2-per1 parentesco/mae
   ** auto rel: from b1694.2-per1-per2 to b1694.2-per1-per3 parentesco/marido
   ** Automatic attribute: b1694.2-per1-per2/ec/c
   ** Automatic attribute: b1694.2-per1-per3/ec/c
** Processing act b$b1694.3
43:          n$manuel/m/id=b1694.3-per1
44: 
45:             pai$manuel alvares/id=b1694.3-per1-per2
46:                ls$residencia/mogadouro
47: 
48:             mae$maria joao/id=b1694.3-per1-per3
49: 
50:             pad$manuel de oliveira/id=b1694.3-per4
51:                ls$residencia/redinha, freguesia da redinha
52:                ls$freguesia/redinha
53: 
54:             mad$maria de pina/id=b1694.3-per5
55: 
56:             pmad$antonio de pina/id=b1694.3-per6
57:                ls$residencia/estrada, freguesia da redinha
58:                ls$freguesia%termo/redinha
59: 
60:       b$b1694.4/11/1/1694/0/0/0/manuel leitao, do lourical
61: 
**** auto rels 2 STARTED.
   ** auto rel: from b1694.3-per1-per2 to b1694.3-per1 parentesco/pai
   ** auto rel: from b1694.3-per1-per3 to b1694.3-per1 parentesco/mae
   ** auto rel: from b1694.3-per1-per2 to b1694.3-per1-per3 parentesco/marido
   ** Automatic attribute: b1694.3-per1-per2/ec/c
   ** Automatic attribute: b1694.3-per1-per3/ec/c
** Processing act b$b1694.4
62:          n$maria/f/id=b1694.4-per1
63: 
64:             pai$manuel duarte/id=b1694.4-per1-per2
65:                ls$residencia/casal do migalho
66: 
67:             mae$catarina cordeiro#cristina?/f/id=b1694.4-per1-per3
68: 
69:             pad$manuel leitao/id=b1694.4-per4
70:                ls$profissao/padre
71:                ls$residencia/lourical, freguesia do lourical
72:                ls$freguesia/lourical
73: 
74:             mad$maria/id=b1694.4-per5
75: 
76:             pmad$domingos duarte/id=b1694.4-per6
77:                ls$residencia/casal da pequita
78: 
79:       b$b1694.5/13/1/1694/0/0/0/luis alvares pinto
80: 
**** auto rels 2 STARTED.
   ** auto rel: from b1694.4-per1-per2 to b1694.4-per1 parentesco/pai
   ** auto rel: from b1694.4-per1-per3 to b1694.4-per1 parentesco/mae
   ** auto rel: from b1694.4-per1-per2 to b1694.4-per1-per3 parentesco/marido
   ** Automatic attribute: b1694.4-per1-per2/ec/c
   ** Automatic attribute: b1694.4-per1-per3/ec/c
** Processing act b$b1694.5
81:          n$manuel/m/id=b1694.5-per1
82: 
83:             pai$francisco jorge/id=b1694.5-per1-per2
84:                ls$residencia/casal novo
85: 
86:             mae$antonia da costa/id=b1694.5-per1-per3
87: 
88:             pad$joao simoes/id=b1694.5-per4
89:                ls$residencia/casa velha
90: 
91:             mad$maria/id=b1694.5-per5
92: 
93:             mmad$filipa rodrigues/id=b1694.5-per6
94:                ls$residencia/casal novo
95: 
96:       b$b1694.6/17/1/1694/0/0/0/lopo nunes pinto
97: 
**** auto rels 2 STARTED.
   ** auto rel: from b1694.5-per1-per2 to b1694.5-per1 parentesco/pai
   ** auto rel: from b1694.5-per1-per3 to b1694.5-per1 parentesco/mae
   ** auto rel: from b1694.5-per1-per2 to b1694.5-per1-per3 parentesco/marido
   ** Automatic attribute: b1694.5-per1-per2/ec/c
   ** Automatic attribute: b1694.5-per1-per3/ec/c
** Processing act b$b1694.6
98:          n$francisca/f/id=b1694.6-per1
99: 
100:             pai$francisco simoes/id=b1694.6-per1-per2
101:                ls$residencia/cavaleiros
102: 
103:             mae$isabel rodrigues/id=b1694.6-per1-per3
104: 
105:             pad$antonio alvares/id=b1694.6-per4
106: 
107:             mad$catarina#cristina/id=b1694.6-per5
108: 
109:             pmad$manuel goncalves/id=b1694.6-per6
110:                ls$residencia/anobra, freguesia da anobra
111:                ls$freguesia/anobra
112: 
113:       b$b1694.7/28/1/1694/0/0/0/lopo nunes pinto
114: 
**** auto rels 2 STARTED.
   ** auto rel: from b1694.6-per1-per2 to b1694.6-per1 parentesco/pai
   ** auto rel: from b1694.6-per1-per3 to b1694.6-per1 parentesco/mae
   ** auto rel: from b1694.6-per1-per2 to b1694.6-per1-per3 parentesco/marido
   ** Automatic attribute: b1694.6-per1-per2/ec/c
   ** Automatic attribute: b1694.6-per1-per3/ec/c
** Processing act b$b1694.7
115:          n$sebastiao/m/id=b1694.7-per1
116: 
117:             pai$domingos joao palaio/id=b1694.7-per1-per2
118:                ls$residencia/delgados
119: 
120:             mae$filipa cordeiro/id=b1694.7-per1-per3
121: 
122:             pad$manuel/id=b1694.7-per4
123: 
124:             ppad$simao jorge/id=b1694.7-per5
125:                ls$residencia/marzagao
126: 
127:             mad$maria/id=b1694.7-per6
128: 
129:             pmad$manuel figueiredo/id=b1694.7-per7
130:                ls$residencia/quinta da cruz
131: 
132:       b$b1694.8/29/1/1694/0/0/0/lopo nunes pinto
133: 
**** auto rels 2 STARTED.
   ** auto rel: from b1694.7-per1-per2 to b1694.7-per1 parentesco/pai
   ** auto rel: from b1694.7-per1-per3 to b1694.7-per1 parentesco/mae
   ** auto rel: from b1694.7-per1-per2 to b1694.7-per1-per3 parentesco/marido
   ** Automatic attribute: b1694.7-per1-per2/ec/c
   ** Automatic attribute: b1694.7-per1-per3/ec/c
** Processing act b$b1694.8
134:          n$sebastiao/m/id=b1694.8-per1
135: 
136:             pai$domingos aires/id=b1694.8-per1-per2
137:                ls$residencia/lagem
138: 
139:             mae$isabel simoes/id=b1694.8-per1-per3
140: 
141:             pad$antonio/id=b1694.8-per4
142: 
143:             ppad$manuel rodrigues marmelo/id=b1694.8-per5
144: 
145:             mad$maria/id=b1694.8-per6
146: 
147:             pmad$antonio martins/id=b1694.8-per7
148:                ls$residencia/lagem
149: 
150:       b$b1694.9/2/2/1694/0/0/0/luis alvares pinto
151: 
**** auto rels 2 STARTED.
   ** auto rel: from b1694.8-per1-per2 to b1694.8-per1 parentesco/pai
   ** auto rel: from b1694.8-per1-per3 to b1694.8-per1 parentesco/mae
   ** auto rel: from b1694.8-per1-per2 to b1694.8-per1-per3 parentesco/marido
   ** Automatic attribute: b1694.8-per1-per2/ec/c
   ** Automatic attribute: b1694.8-per1-per3/ec/c
** Processing act b$b1694.9
152:          n$antonio/m/id=b1694.9-per1
153: 
154:             pai$jose fernandes/id=b1694.9-per1-per2
155:                ls$residencia/soure
156: 
157:             mae$maria francisca de andrade/id=b1694.9-per1-per3
158: 
159:             pad$antonio de abreu/id=b1694.9-per4
160:                ls$titulo/licenciado
161: 
162:             mad$luisa/id=b1694.9-per5
163: 
164:             pmad$sebastiao soares coelho/id=b1694.9-per6
165: 
166:       b$b1694.10/7/2/1694/0/0/0/luis alvares pinto
167: 
**** auto rels 2 STARTED.
   ** auto rel: from b1694.9-per1-per2 to b1694.9-per1 parentesco/pai
   ** auto rel: from b1694.9-per1-per3 to b1694.9-per1 parentesco/mae
   ** auto rel: from b1694.9-per1-per2 to b1694.9-per1-per3 parentesco/marido
   ** Automatic attribute: b1694.9-per1-per2/ec/c
   ** Automatic attribute: b1694.9-per1-per3/ec/c
** Processing act b$b1694.10
168:          n$manuel/m/id=b1694.10-per1
169: 
170:             pai$manuel francisco/id=b1694.10-per1-per2
171:                ls$alcunha/moco
172:                ls$residencia/sobral
173: 
174:             mae$isabel francisca/id=b1694.10-per1-per3
175: 
176:             pad$domingos/id=b1694.10-per4
177: 
178:             ppad$manuel francisco/id=b1694.10-per5
179:                ls$residencia/sobral
180: 
181:             mad$isabel domingues/id=b1694.10-per6
182: 
183:             mrmad$antonio goncalves/id=b1694.10-per7
184:                ls$residencia/mogadouro
185: 
186:       b$b1694.11/8/2/1694/0/0/0/luis alvares pinto
187: 
**** auto rels 2 STARTED.
   ** auto rel: from b1694.10-per1-per2 to b1694.10-per1 parentesco/pai
   ** auto rel: from b1694.10-per1-per3 to b1694.10-per1 parentesco/mae
   ** auto rel: from b1694.10-per1-per2 to b1694.10-per1-per3 parentesco/marido
   ** Automatic attribute: b1694.10-per1-per2/ec/c
   ** Automatic attribute: b1694.10-per1-per3/ec/c
** Processing act b$b1694.11
188:          n$catarina/f/id=b1694.11-per1
189: 
190:             pai$manuel andre/id=b1694.11-per1-per2
191:                ls$residencia/barrosas
192: 
193:             mae$ana carvalho/id=b1694.11-per1-per3
194: 
195:             pad$manuel goncalves/id=b1694.11-per4
196:                ls$alcunha/moco
197:                ls$residencia/mogadouro
198: 
199:             mad$catarina joao/id=b1694.11-per5
200: 
201:             mrmad$diogo lopes/id=b1694.11-per6
202:                ls$residencia/simoes
203: 
204:       b$b1694.12/10/2/1694/0/0/0/jeronimo mendes
205: 
**** auto rels 2 STARTED.
   ** auto rel: from b1694.11-per1-per2 to b1694.11-per1 parentesco/pai
   ** auto rel: from b1694.11-per1-per3 to b1694.11-per1 parentesco/mae
   ** auto rel: from b1694.11-per1-per2 to b1694.11-per1-per3 parentesco/marido
   ** Automatic attribute: b1694.11-per1-per2/ec/c
   ** Automatic attribute: b1694.11-per1-per3/ec/c
** Processing act b$b1694.12
206:          n$jacinta/f/id=b1694.12-per1
207: 
208:             pai$jose rodrigues/id=b1694.12-per1-per2
209:                ls$profissao/barbeiro
210:                ls$residencia/soure
211: 
212:             mae$ana dos santos/id=b1694.12-per1-per3
213: 
214:             pad$ventura martins/id=b1694.12-per4
215:                ls$profissao/padre
216:                ls$residencia/soure
217: 
218:             mad$jacinta/id=b1694.12-per5
219:                ls$titulo/dona
220: 
221:             pmad$paulo ribeiro cabral/mesmo_que=c24-7/id=b1694.12-per6
222:                ls$cargo/capitao-mor de soure
223: 
224:       b$b1694.13/14/2/1694/0/0/0/manuel duarte de porto panelas
225: 
**** auto rels 2 STARTED.
   ** auto rel: from b1694.12-per1-per2 to b1694.12-per1 parentesco/pai
   ** auto rel: from b1694.12-per1-per3 to b1694.12-per1 parentesco/mae
   ** auto rel: from b1694.12-per1-per2 to b1694.12-per1-per3 parentesco/marido
   ** Automatic attribute: b1694.12-per1-per2/ec/c
   ** Automatic attribute: b1694.12-per1-per3/ec/c
** Processing act b$b1694.13
226:          n$duarte/m/id=b1694.13-per1
227: 
228:             pai$simao afonso/id=b1694.13-per1-per2
229:                ls$residencia/porto panelas
230: 
231:             mae$maria domingues/id=b1694.13-per1-per3
232: 
233:             pad$simao/id=b1694.13-per4
234: 
235:             ppad$francisco martins/id=b1694.13-per5
236:                ls$residencia/campizes
237: 
238:             mad$isabel/id=b1694.13-per6
239: 
240:             mmad$maria cardoso/id=b1694.13-per7
241:                ls$residencia/porto panelas
242: 
243:       b$b1694.14/16/2/1694/0/0/0/luis alvares pinto
244: 
**** auto rels 2 STARTED.
   ** auto rel: from b1694.13-per1-per2 to b1694.13-per1 parentesco/pai
   ** auto rel: from b1694.13-per1-per3 to b1694.13-per1 parentesco/mae
   ** auto rel: from b1694.13-per1-per2 to b1694.13-per1-per3 parentesco/marido
   ** Automatic attribute: b1694.13-per1-per2/ec/c
   ** Automatic attribute: b1694.13-per1-per3/ec/c
** Processing act b$b1694.14
245:          n$jose/m/id=b1694.14-per1
246: 
247:             pai$manuel joao/id=b1694.14-per1-per2
248:                ls$residencia/barrosos
249: 
250:             mae$ana jorge/id=b1694.14-per1-per3
251: 
252:             pad$domingos andre/id=b1694.14-per4
253:                ls$alcunha/moco
254:                ls$residencia/barrosos
255: 
256:             mad$ana rodrigues/id=b1694.14-per5
257:                ls$ec/s
258:                ls$residencia/barrosos
259: 
260:       b$b1694.15/17/2/1694/0/0/0/luis alvares pinto
261: 
**** auto rels 2 STARTED.
   ** auto rel: from b1694.14-per1-per2 to b1694.14-per1 parentesco/pai
   ** auto rel: from b1694.14-per1-per3 to b1694.14-per1 parentesco/mae
   ** auto rel: from b1694.14-per1-per2 to b1694.14-per1-per3 parentesco/marido
   ** Automatic attribute: b1694.14-per1-per2/ec/c
   ** Automatic attribute: b1694.14-per1-per3/ec/c
** Processing act b$b1694.15
262:          n$isabel/f/id=b1694.15-per1
263: 
264:             pai$rodrigo jorge/id=b1694.15-per1-per2
265:                ls$residencia/portela
266: 
267:             mae$isabel gaspar/id=b1694.15-per1-per3
268: 
269:             pad$manuel dinis/id=b1694.15-per4
270:                ls$residencia/eureca
271: 
272:             mad$isabel/id=b1694.15-per5
273: 
274:             mmad$isabel madeira/id=b1694.15-per6
275:                ls$ec/v
276:                ls$residencia/portela
277: 
278:       b$b1694.16/29/2/1694/0/0/0/luis alvares pinto
279: 
**** auto rels 2 STARTED.
   ** auto rel: from b1694.15-per1-per2 to b1694.15-per1 parentesco/pai
   ** auto rel: from b1694.15-per1-per3 to b1694.15-per1 parentesco/mae
   ** auto rel: from b1694.15-per1-per2 to b1694.15-per1-per3 parentesco/marido
   ** Automatic attribute: b1694.15-per1-per2/ec/c
   ** Automatic attribute: b1694.15-per1-per3/ec/c
** Processing act b$b1694.16
280:          n$isabel/f/id=b1694.16-per1
281: 
282:             pai$antonio pereira/id=b1694.16-per1-per2
283:                ls$residencia/paleao
284: 
285:             mae$maria simoes/id=b1694.16-per1-per3
286: 
287:             pad$francisco rodrigues/id=b1694.16-per4
288:                ls$residencia/paleao
289: 
290:             mad$isabel/id=b1694.16-per5
291: 
292:             mmad$francisca rodrigues/id=b1694.16-per6
293:                ls$ec/v
294:                ls$residencia/paleao
295: 
296:       b$b1694.17/3/3/1694/0/0/0/lopo nunes pinto
297: 
**** auto rels 2 STARTED.
   ** auto rel: from b1694.16-per1-per2 to b1694.16-per1 parentesco/pai
   ** auto rel: from b1694.16-per1-per3 to b1694.16-per1 parentesco/mae
   ** auto rel: from b1694.16-per1-per2 to b1694.16-per1-per3 parentesco/marido
   ** Automatic attribute: b1694.16-per1-per2/ec/c
   ** Automatic attribute: b1694.16-per1-per3/ec/c
** Processing act b$b1694.17
298:          n$maria/f/id=b1694.17-per1
299: 
300:             pai$jose carvalho/id=b1694.17-per1-per2
301:                ls$residencia/casal das brancas
302: 
303:             mae$isabel simoes/id=b1694.17-per1-per3
304: 
305:             pad$placido/id=b1694.17-per4
306: 
307:             ppad$paulo ribeiro cabral/mesmo_que=c24-7/id=b1694.17-per5
308: 
309:             mad$helena/id=b1694.17-per6
310: 
311:             pmad$paulo ribeiro cabral/mesmo_que=c24-7/id=b1694.17-per7
312: 
313:       b$b1694.18/7/3/1694/0/0/0/luis alvares pinto
314: 
**** auto rels 2 STARTED.
   ** auto rel: from b1694.17-per1-per2 to b1694.17-per1 parentesco/pai
   ** auto rel: from b1694.17-per1-per3 to b1694.17-per1 parentesco/mae
   ** auto rel: from b1694.17-per1-per2 to b1694.17-per1-per3 parentesco/marido
   ** Automatic attribute: b1694.17-per1-per2/ec/c
   ** Automatic attribute: b1694.17-per1-per3/ec/c
** Processing act b$b1694.18
315:          n$joao/m/id=b1694.18-per1
316: 
317:             pai$manuel goncalves/id=b1694.18-per1-per2
318:                ls$residencia/louzoes
319: 
320:             mae$maria simoes/id=b1694.18-per1-per3
321: 
322:             pad$antonio goncalves/id=b1694.18-per4
323:                ls$residencia/casais dos louzoes
324: 
325:             mad$monica/id=b1694.18-per5
326: 
327:             mmad$maria nunes/id=b1694.18-per6
328:                ls$ec/v
329:                ls$residencia/casais dos louzoes
330: 
331:       b$b1694.19/14/3/1694/0/0/0/luis alvares pinto
332: 
**** auto rels 2 STARTED.
   ** auto rel: from b1694.18-per1-per2 to b1694.18-per1 parentesco/pai
   ** auto rel: from b1694.18-per1-per3 to b1694.18-per1 parentesco/mae
   ** auto rel: from b1694.18-per1-per2 to b1694.18-per1-per3 parentesco/marido
   ** Automatic attribute: b1694.18-per1-per2/ec/c
   ** Automatic attribute: b1694.18-per1-per3/ec/c
** Processing act b$b1694.19
333:          n$domingas/f/id=b1694.19-per1
334: 
335:             pai$manuel francisco barreto/id=b1694.19-per1-per2
336:                ls$residencia/louzoes
337: 
338:             mae$sebastiana rodrigues/id=b1694.19-per1-per3
339: 
340:             pad$domingos lopes/id=b1694.19-per4
341:                ls$residencia/casa velha
342: 
343:             mad$maria/id=b1694.19-per5
344: 
345:             pmad$domingos cordeiro/id=b1694.19-per6
346:                ls$residencia/casal novo
347: 
348:       b$b1694.20/23/3/1694/0/0/0/joao barros/obs= baptizado em casa por luis manhos que e'o pad.
349: 
**** auto rels 2 STARTED.
   ** auto rel: from b1694.19-per1-per2 to b1694.19-per1 parentesco/pai
   ** auto rel: from b1694.19-per1-per3 to b1694.19-per1 parentesco/mae
   ** auto rel: from b1694.19-per1-per2 to b1694.19-per1-per3 parentesco/marido
   ** Automatic attribute: b1694.19-per1-per2/ec/c
   ** Automatic attribute: b1694.19-per1-per3/ec/c
** Processing act b$b1694.20
350:          n$manuel/m/id=b1694.20-per1
351: 
352:             pai$antonio machado/id=b1694.20-per1-per2
353:                ls$residencia/soure
354: 
355:             mae$maria neves/id=b1694.20-per1-per3
356: 
357:             pad$luis manhos/id=b1694.20-per4
358: 
359:             mad$filipa colaco/id=b1694.20-per5
360:                ls$residencia/soure
361: 
362:       b$b1694.21/26/3/1694/0/0/0/luis alvares pinto
363: 
**** auto rels 2 STARTED.
   ** auto rel: from b1694.20-per1-per2 to b1694.20-per1 parentesco/pai
   ** auto rel: from b1694.20-per1-per3 to b1694.20-per1 parentesco/mae
   ** auto rel: from b1694.20-per1-per2 to b1694.20-per1-per3 parentesco/marido
   ** Automatic attribute: b1694.20-per1-per2/ec/c
   ** Automatic attribute: b1694.20-per1-per3/ec/c
** Processing act b$b1694.21
364:          n$mateus/m/id=b1694.21-per1
365: 
366:             pai$mateus carvalho/id=b1694.21-per1-per2
367:                ls$residencia/casal das brancas
368: 
369:             mae$maria gomes/id=b1694.21-per1-per3
370: 
371:             pad$placido/id=b1694.21-per4
372: 
373:             ppad$paulo ribeiro cabral/mesmo_que=c24-7/id=b1694.21-per5
374: 
375:             mad$helena/id=b1694.21-per6
376: 
377:             pmad$paulo ribeiro cabral/mesmo_que=c24-7/id=b1694.21-per7
378: 
379:       b$b1694.22/28/3/1694/0/0/0/luis alvares pinto
380: 
**** auto rels 2 STARTED.
   ** auto rel: from b1694.21-per1-per2 to b1694.21-per1 parentesco/pai
   ** auto rel: from b1694.21-per1-per3 to b1694.21-per1 parentesco/mae
   ** auto rel: from b1694.21-per1-per2 to b1694.21-per1-per3 parentesco/marido
   ** Automatic attribute: b1694.21-per1-per2/ec/c
   ** Automatic attribute: b1694.21-per1-per3/ec/c
** Processing act b$b1694.22
381:          n$jose/m/id=b1694.22-per1
382: 
383:             pai$joao rodrigues/id=b1694.22-per1-per2
384:                ls$residencia/sobral
385: 
386:             mae$antonia domingues/id=b1694.22-per1-per3
387: 
388:             pad$jose da cunha/id=b1694.22-per4
389:                ls$residencia/sobral
390: 
391:             mad$ines/id=b1694.22-per5
392:                ls$titulo/dona
393: 
394:       b$b1694.23/28/3/1694/0/0/0/luis alvares pinto
395: 
**** auto rels 2 STARTED.
   ** auto rel: from b1694.22-per1-per2 to b1694.22-per1 parentesco/pai
   ** auto rel: from b1694.22-per1-per3 to b1694.22-per1 parentesco/mae
   ** auto rel: from b1694.22-per1-per2 to b1694.22-per1-per3 parentesco/marido
   ** Automatic attribute: b1694.22-per1-per2/ec/c
   ** Automatic attribute: b1694.22-per1-per3/ec/c
** Processing act b$b1694.23
396:          n$isabel/f/id=b1694.23-per1
397: 
398:             pai$manuel joao/id=b1694.23-per1-per2
399:                ls$residencia/alencarce de cima
400: 
401:             mae$maria madeira/id=b1694.23-per1-per3
402: 
403:             pad$antonio rodrigues/id=bpad28031694
404:                ls$residencia/alencarce de cima
405: 
406:             mad$filipa antunes/id=b1694.23-per4
407: 
408:             mrmad$antonio rodrigues/mesmo_que=bpad28031694/id=b1694.23-per5
409: 
410:       b$b1694.24/28/3/1694/0/0/0/luis alvares pinto
411: 
**** auto rels 2 STARTED.
   ** auto rel: from b1694.23-per1-per2 to b1694.23-per1 parentesco/pai
   ** auto rel: from b1694.23-per1-per3 to b1694.23-per1 parentesco/mae
   ** auto rel: from b1694.23-per1-per2 to b1694.23-per1-per3 parentesco/marido
   ** Automatic attribute: b1694.23-per1-per2/ec/c
   ** Automatic attribute: b1694.23-per1-per3/ec/c
** Processing act b$b1694.24
412:          n$manuel/m/id=b1694.24-per1
413: 
414:             pai$domingos luis/id=b1694.24-per1-per2
415:                ls$residencia/quinta da cruz
416: 
417:             mae$francisca ferreira/id=b1694.24-per1-per3
418: 
419:             pad$antonio simoes/id=b1694.24-per4
420:                ls$residencia/mogadouro
421: 
422:             mad$luzia carvalho/id=b1694.24-per5
423: 
424:             mrmad$antonio simoes/id=b1694.24-per6
425:                ls$residencia/estercadas
426: 
427:       b$b1694.25/1/4/1694/0/0/0/luis alvares pinto
428: 
**** auto rels 2 STARTED.
   ** auto rel: from b1694.24-per1-per2 to b1694.24-per1 parentesco/pai
   ** auto rel: from b1694.24-per1-per3 to b1694.24-per1 parentesco/mae
   ** auto rel: from b1694.24-per1-per2 to b1694.24-per1-per3 parentesco/marido
   ** Automatic attribute: b1694.24-per1-per2/ec/c
   ** Automatic attribute: b1694.24-per1-per3/ec/c
** Processing act b$b1694.25
429:          n$josefa/f/id=b1694.25-per1
430: 
431:             pai$joao gomes/id=b1694.25-per1-per2
432:                ls$residencia/alencarce de cima
433: 
434:             mae$isabel antunes/id=b1694.25-per1-per3
435: 
436:             pad$jose antunes/id=b1694.25-per4
437:                ls$residencia/alencarce de cima
438: 
439:             mad$maria/id=b1694.25-per5
440:                ls$ec/s
441: 
442:             pmad$mateus goncalves perdigao/id=b1694.25-per6
443:                ls$residencia/alencarce de cima
444: 
445:       b$b1694.26/12/4/1694/0/0/0/luis alvares pinto
446: 
**** auto rels 2 STARTED.
   ** auto rel: from b1694.25-per1-per2 to b1694.25-per1 parentesco/pai
   ** auto rel: from b1694.25-per1-per3 to b1694.25-per1 parentesco/mae
   ** auto rel: from b1694.25-per1-per2 to b1694.25-per1-per3 parentesco/marido
   ** Automatic attribute: b1694.25-per1-per2/ec/c
   ** Automatic attribute: b1694.25-per1-per3/ec/c
** Processing act b$b1694.26
447:          n$manuel/m/id=b1694.26-per1
448: 
449:             pai$joao alvares/id=b1694.26-per1-per2
450:                ls$residencia/casa velha
451: 
452:             mae$isabel francisca/id=b1694.26-per1-per3
453: 
454:             pad$manuel goncalves/id=b1694.26-per4
455:                ls$ec/s
456:                ls$residencia/casa velha
457: 
458:             mad$domingas/id=b1694.26-per5
459: 
460:             pmad$manuel alvares/id=b1694.26-per6
461:                ls$residencia/casa velha
462: 
463:       b$b1694.27/12/4/1694/0/0/0/luis alvares pinto
464: 
**** auto rels 2 STARTED.
   ** auto rel: from b1694.26-per1-per2 to b1694.26-per1 parentesco/pai
   ** auto rel: from b1694.26-per1-per3 to b1694.26-per1 parentesco/mae
   ** auto rel: from b1694.26-per1-per2 to b1694.26-per1-per3 parentesco/marido
   ** Automatic attribute: b1694.26-per1-per2/ec/c
   ** Automatic attribute: b1694.26-per1-per3/ec/c
** Processing act b$b1694.27
465:          n$manuel/m/id=b1694.27-per1
466: 
467:             pai$manuel rodrigues/id=b1694.27-per1-per2
468:                ls$profissao/barbeiro
469:                ls$residencia/sobral
470: 
471:             mae$maria simoes/id=b1694.27-per1-per3
472: 
473:             pad$manuel simoes/id=b1694.27-per4
474:                ls$residencia/sobral
475: 
476:             mad$maria/id=b1694.27-per5
477: 
478:             pmad$simao domingues/id=b1694.27-per6
479:                ls$residencia/sobral
480: 
481:       b$b1694.28/12/4/1694/0/0/0/luis alvares pinto
482: 
**** auto rels 2 STARTED.
   ** auto rel: from b1694.27-per1-per2 to b1694.27-per1 parentesco/pai
   ** auto rel: from b1694.27-per1-per3 to b1694.27-per1 parentesco/mae
   ** auto rel: from b1694.27-per1-per2 to b1694.27-per1-per3 parentesco/marido
   ** Automatic attribute: b1694.27-per1-per2/ec/c
   ** Automatic attribute: b1694.27-per1-per3/ec/c
** Processing act b$b1694.28
483:          n$domingas/f/id=b1694.28-per1
484: 
485:             pai$manuel fernandes/id=b1694.28-per1-per2
486:                ls$residencia/vale da borra
487: 
488:             mae$madalena fernandes/id=b1694.28-per1-per3
489: 
490:             pad$manuel/id=b1694.28-per4
491: 
492:             mpad$maria simoes/id=b1694.28-per5
493:                ls$ec/v
494: 
495:             mad$maria tome/id=b1694.28-per6
496: 
497:             mrmad$joao rodrigues/id=b1694.28-per7
498:                ls$residencia/beltroes
499: 
500:       b$b1694.29/12/4/1694/0/0/0/luis alvares pinto
501: 
**** auto rels 2 STARTED.
   ** auto rel: from b1694.28-per1-per2 to b1694.28-per1 parentesco/pai
   ** auto rel: from b1694.28-per1-per3 to b1694.28-per1 parentesco/mae
   ** auto rel: from b1694.28-per1-per2 to b1694.28-per1-per3 parentesco/marido
   ** Automatic attribute: b1694.28-per1-per2/ec/c
   ** Automatic attribute: b1694.28-per1-per3/ec/c
** Processing act b$b1694.29
502:          n$manuel/m/id=b1694.29-per1
503: 
504:             pai$manuel domingues/id=b1694.29-per1-per2
505:                ls$residencia/simoes
506: 
507:             mae$maria antunes/id=b1694.29-per1-per3
508: 
509:             pad$antonio simoes/id=b1694.29-per4
510:                ls$residencia/caldeirinha
511: 
512:             mad$isabel/id=b1694.29-per5
513: 
514:             pmad$mateus dias/id=b1694.29-per6
515:                ls$residencia/casais da misericordia
516: 
517:       b$b1694.30/21/4/1694/0/0/0/manuel duarte de porto panelas
518: 
**** auto rels 2 STARTED.
   ** auto rel: from b1694.29-per1-per2 to b1694.29-per1 parentesco/pai
   ** auto rel: from b1694.29-per1-per3 to b1694.29-per1 parentesco/mae
   ** auto rel: from b1694.29-per1-per2 to b1694.29-per1-per3 parentesco/marido
   ** Automatic attribute: b1694.29-per1-per2/ec/c
   ** Automatic attribute: b1694.29-per1-per3/ec/c
** Processing act b$b1694.30
519:          n$maria/f/id=b1694.30-per1
520: 
521:             pai$mateus jorge/id=b1694.30-per1-per2
522:                ls$residencia/paleao
523: 
524:             mae$maria gomes/id=b1694.30-per1-per3
525: 
526:             pad$luis de melo da silva/id=b1694.30-per4
527:                ls$residencia/figueiro, freguesia de figueiro do campo
528:                ls$freguesia/figueiro do campo
529: 
530:             mad$maria/id=b1694.30-per5
531: 
532:             mmad$maria cardoso/id=b1694.30-per6
533:                ls$residencia/porto panelas
534: 
535:       b$b1694.31/22/4/1694/0/0/0/luis alvares pinto
536: 
**** auto rels 2 STARTED.
   ** auto rel: from b1694.30-per1-per2 to b1694.30-per1 parentesco/pai
   ** auto rel: from b1694.30-per1-per3 to b1694.30-per1 parentesco/mae
   ** auto rel: from b1694.30-per1-per2 to b1694.30-per1-per3 parentesco/marido
   ** Automatic attribute: b1694.30-per1-per2/ec/c
   ** Automatic attribute: b1694.30-per1-per3/ec/c
** Processing act b$b1694.31
537:          n$joao/m/id=b1694.31-per1
538: 
539:             pai$antonio simoes/id=b1694.31-per1-per2
540:                ls$residencia/sobral
541: 
542:             mae$isabel francisca/id=b1694.31-per1-per3
543: 
544:             pad$manuel da costa/id=b1694.31-per4
545:                ls$profissao/padre
546:                ls$residencia/sobral
547: 
548:             mad$madalena/id=b1694.31-per5
549: 
550:             mmad$isabel francisca/id=b1694.31-per6
551:                ls$ec/v
552:                ls$residencia/casa da charneca, freguesia de vinha da rainha
553:                ls$freguesia/vinha da rainha
554: 
555:       b$b1694.32/29/4/1694/0/0/0/luis alvares pinto
556: 
**** auto rels 2 STARTED.
   ** auto rel: from b1694.31-per1-per2 to b1694.31-per1 parentesco/pai
   ** auto rel: from b1694.31-per1-per3 to b1694.31-per1 parentesco/mae
   ** auto rel: from b1694.31-per1-per2 to b1694.31-per1-per3 parentesco/marido
   ** Automatic attribute: b1694.31-per1-per2/ec/c
   ** Automatic attribute: b1694.31-per1-per3/ec/c
** Processing act b$b1694.32
557:          n$sebastiao/m/id=b1694.32-per1
558: 
559:             pai$ascenso rodrigues/id=b1694.32-per1-per2
560:                ls$residencia/lagem
561: 
562:             mae$francisca madeira/id=b1694.32-per1-per3
563: 
564:             pad$sebastiao/id=b1694.32-per4
565: 
566:             ppad$sebastiao ferreira/id=b1694.32-per5
567:                ls$residencia/olivais
568: 
569:             mad$maria/id=b1694.32-per6
570: 
571:             pmad$gaspar antunes/id=b1694.32-per7
572:                ls$residencia/olho marinho
573: 
574:       b$b1694.33/30/4/1694/0/0/0/manuel rodrigues de jesus
575: 
**** auto rels 2 STARTED.
   ** auto rel: from b1694.32-per1-per2 to b1694.32-per1 parentesco/pai
   ** auto rel: from b1694.32-per1-per3 to b1694.32-per1 parentesco/mae
   ** auto rel: from b1694.32-per1-per2 to b1694.32-per1-per3 parentesco/marido
   ** Automatic attribute: b1694.32-per1-per2/ec/c
   ** Automatic attribute: b1694.32-per1-per3/ec/c
** Processing act b$b1694.33
576:          n$catarina/f/id=b1694.33-per1
577: 
578:             pai$belchior rodrigues/id=b1694.33-per1-per2
579:                ls$residencia/soure
580: 
581:             mae$cristina rodrigues/id=b1694.33-per1-per3
582: 
583:             pad$antonio manhos/id=b1694.33-per4
584:                ls$titulo/licenciado
585:                ls$residencia/soure
586: 
587:             mad$ines pinto/id=b1694.33-per5
588: 
589:             mrmad$manuel de tavora/id=b1694.33-per6
590:                ls$residencia/soure
591: 
592:       b$b1694.34/5/5/1694/0/0/0/frei alvaro religioso de s.bernardo
593: 
**** auto rels 2 STARTED.
   ** auto rel: from b1694.33-per1-per2 to b1694.33-per1 parentesco/pai
   ** auto rel: from b1694.33-per1-per3 to b1694.33-per1 parentesco/mae
   ** auto rel: from b1694.33-per1-per2 to b1694.33-per1-per3 parentesco/marido
   ** Automatic attribute: b1694.33-per1-per2/ec/c
   ** Automatic attribute: b1694.33-per1-per3/ec/c
** Processing act b$b1694.34
594:          n$rodrigo/m/id=b1694.34-per1
595: 
596:             pai$manuel homem de quadros/mesmo_que=c6-7/id=b1694.34-per1-per2
597: 
598:             mae$isabel/id=b1694.34-per1-per3
599:                ls$titulo/dona
600: 
601:             pad$fernao gomes de quadros/id=b1694.34-per4
602:                ls$residencia/tavarede, freguesia de tavarede
603:                ls$freguesia/tavarede
604: 
605:             mad$cecilia/id=b1694.34-per5
606:                ls$titulo/dona
607:                rel$parentesco/irma/manuel homem de quadros/c6-7
608: 
609:       b$b1694.35/8/5/1694/0/0/0/ventura martins
610: 
**** auto rels 2 STARTED.
   ** auto rel: from b1694.34-per1-per2 to b1694.34-per1 parentesco/pai
   ** auto rel: from b1694.34-per1-per3 to b1694.34-per1 parentesco/mae
   ** auto rel: from b1694.34-per1-per2 to b1694.34-per1-per3 parentesco/marido
   ** Automatic attribute: b1694.34-per1-per2/ec/c
   ** Automatic attribute: b1694.34-per1-per3/ec/c
** Processing act b$b1694.35
611:          n$ursula/f/id=b1694.35-per1
612: 
613:             pai$alexandre mendes/id=bpai08051694
614:                ls$residencia/soure
615: 
616:             mae$catarina de jesus/id=b1694.35-per1-per2
617: 
618:             pad$manuel lopes de lima/id=b1694.35-per3
619: 
620:             mad$margarida/id=b1694.35-per4
621:                rel$parentesco/cunhada/alexandre mendes/bpai08051694
622: 
623:       b$b1694.36/9/5/1694/0/0/0/jose pinto
624: 
**** auto rels 2 STARTED.
   ** auto rel: from bpai08051694 to b1694.35-per1 parentesco/pai
   ** auto rel: from b1694.35-per1-per2 to b1694.35-per1 parentesco/mae
   ** auto rel: from bpai08051694 to b1694.35-per1-per2 parentesco/marido
   ** Automatic attribute: bpai08051694/ec/c
   ** Automatic attribute: b1694.35-per1-per2/ec/c
** Processing act b$b1694.36
625:          n$filipe/m/id=b1694.36-per1
626: 
627:             pai$manuel goncalves/id=b1694.36-per1-per2
628:                ls$residencia/simoes
629: 
630:             mae$maria simoes/id=b1694.36-per1-per3
631: 
632:             pad$joao barreto/id=b1694.36-per4
633:                ls$residencia/redinha, freguesia da redinha
634:                ls$freguesia/redinha
635: 
636:             mad$maria/id=b1694.36-per5
637: 
638:             pmad$antonio martins/id=b1694.36-per6
639:                ls$residencia/ancos, freguesia da redinha#termo
640:                ls$freguesia%termo/redinha
641: 
642:       b$b1694.37/12/5/1694/0/0/0/luis alvares pinto
643: 
**** auto rels 2 STARTED.
   ** auto rel: from b1694.36-per1-per2 to b1694.36-per1 parentesco/pai
   ** auto rel: from b1694.36-per1-per3 to b1694.36-per1 parentesco/mae
   ** auto rel: from b1694.36-per1-per2 to b1694.36-per1-per3 parentesco/marido
   ** Automatic attribute: b1694.36-per1-per2/ec/c
   ** Automatic attribute: b1694.36-per1-per3/ec/c
** Processing act b$b1694.37
644:          n$manuel/m/id=b1694.37-per1
645: 
646:             pai$joao rodrigues/id=b1694.37-per1-per2
647:                ls$residencia/alencarce de cima
648: 
649:             mae$maria madeira/id=b1694.37-per1-per3
650: 
651:             pad$domingos joao/id=b1694.37-per4
652:                ls$residencia/alencarce de cima
653:                ls$profissao/padre
654: 
655:             mad$maria/id=b1694.37-per5
656: 
657:             pmad$manuel simoes da viela/id=b1694.37-per6
658:                ls$residencia/alencarce de cima
659: 
660:       b$b1694.38/13/5/1694/0/0/0/luis alvares pinto
661: 
**** auto rels 2 STARTED.
   ** auto rel: from b1694.37-per1-per2 to b1694.37-per1 parentesco/pai
   ** auto rel: from b1694.37-per1-per3 to b1694.37-per1 parentesco/mae
   ** auto rel: from b1694.37-per1-per2 to b1694.37-per1-per3 parentesco/marido
   ** Automatic attribute: b1694.37-per1-per2/ec/c
   ** Automatic attribute: b1694.37-per1-per3/ec/c
** Processing act b$b1694.38
662:          n$maria/f/id=b1694.38-per1
663:             ls$ilegitima/sim
664: 
665:             mae$antonio dos santos/id=b1694.38-per1-per2
666:                ls$ec/s
667:                ls$residencia/casal das galinhas
668: 
669:             pai$manuel goncalves/obs=confessou/id=b1694.38-per1-per3
670:                ls$ec/s
671: 
672:             ppai$manuel goncalves/id=b1694.38-per1-per4
673:                ls$residencia/fatacos
674: 
675:             pad$paulo antunes/id=b1694.38-per5
676:                ls$residencia/casal das brancas
677: 
678:             mad$maria gaspar/id=b1694.38-per6
679: 
680:             mrmad$pedro carvalho/id=b1694.38-per7
681:                ls$residencia/casal das galinhas
682: 
683:       b$b1694.39/16/5/1694/0/0/0/luis alvares pinto
684: 
**** auto rels 2 STARTED.
   ** auto rel: from b1694.38-per1-per3 to b1694.38-per1 parentesco/pai
   ** auto rel: from b1694.38-per1-per2 to b1694.38-per1 parentesco/mae
   ** auto rel: from b1694.38-per1-per3 to b1694.38-per1-per2 parentesco/marido
   ** Automatic attribute: b1694.38-per1-per3/ec/c
   ** Automatic attribute: b1694.38-per1-per2/ec/c
   ** auto rel: from b1694.38-per1-per4 to b1694.38-per1-per3 parentesco/pai
** Processing act b$b1694.39
685:          n$joao/m/id=b1694.39-per1
686: 
687:             pai$manuel dias/id=b1694.39-per1-per2
688:                ls$residencia/vale da borra
689: 
690:             mae$maria da silva/id=b1694.39-per1-per3
691: 
692:             pad$joao/id=b1694.39-per4
693: 
694:             ppad$joao simoes/id=b1694.39-per5
695:                ls$residencia/vale da borra
696: 
697:             mad$isabel da silva/id=b1694.39-per6
698: 
699:             pmad$joao da silva/id=b1694.39-per7
700:                ls$residencia/vale da borra
701: 
702:       b$b1694.40/20/5/1694/0/0/0/luis alvares pinto
703: 
**** auto rels 2 STARTED.
   ** auto rel: from b1694.39-per1-per2 to b1694.39-per1 parentesco/pai
   ** auto rel: from b1694.39-per1-per3 to b1694.39-per1 parentesco/mae
   ** auto rel: from b1694.39-per1-per2 to b1694.39-per1-per3 parentesco/marido
   ** Automatic attribute: b1694.39-per1-per2/ec/c
   ** Automatic attribute: b1694.39-per1-per3/ec/c
** Processing act b$b1694.40
704:          n$antonio/m/id=b1694.40-per1
705: 
706:             pai$manuel de oliveira/id=b1694.40-per1-per2
707:                ls$residencia/lagem
708: 
709:             mae$maria simoes/id=b1694.40-per1-per3
710: 
711:             pad$antonio da costa/id=b1694.40-per4
712:                ls$residencia/lagem
713: 
714:             mad$maria/id=b1694.40-per5
715: 
716:             pmad$antonio martins/id=b1694.40-per6
717:                ls$residencia/lagem
718: 
719:       b$b1694.41/22/5/1694/0/0/0/gaspar rodrigues do pinheiro
720: 
**** auto rels 2 STARTED.
   ** auto rel: from b1694.40-per1-per2 to b1694.40-per1 parentesco/pai
   ** auto rel: from b1694.40-per1-per3 to b1694.40-per1 parentesco/mae
   ** auto rel: from b1694.40-per1-per2 to b1694.40-per1-per3 parentesco/marido
   ** Automatic attribute: b1694.40-per1-per2/ec/c
   ** Automatic attribute: b1694.40-per1-per3/ec/c
** Processing act b$b1694.41
721:          n$cecilia/f/id=b1694.41-per1
722: 
723:             pai$matias de carvalho/id=b1694.41-per1-per2
724:                ls$residencia/soure
725: 
726:             mae$ana velho/id=b1694.41-per1-per3
727: 
728:             pad$jose da rocha/id=b1694.41-per4
729:                ls$residencia/casais de s.mateus
730:                ls$profissao/padre
731: 
732:             mad$isabel da rocha/id=b1694.41-per5
733: 
734:             mrmad$tome velho/id=b1694.41-per6
735:                ls$residencia/casais de s.mateus
736: 
737:       b$b1694.42/22/5/1694/0/0/0/luis alvares pinto/obs= sem pai
738: 
**** auto rels 2 STARTED.
   ** auto rel: from b1694.41-per1-per2 to b1694.41-per1 parentesco/pai
   ** auto rel: from b1694.41-per1-per3 to b1694.41-per1 parentesco/mae
   ** auto rel: from b1694.41-per1-per2 to b1694.41-per1-per3 parentesco/marido
   ** Automatic attribute: b1694.41-per1-per2/ec/c
   ** Automatic attribute: b1694.41-per1-per3/ec/c
** Processing act b$b1694.42
739:          n$maria/f/id=b1694.42-per1
740:             ls$ilegitima/sim
741: 
742:             mae$maria joao/id=b1694.42-per1-per2
743:                ls$ec/v
744:                ls$residencia/mogadouro
745:                ls$alcunha/segurelha
746: 
747:             pad$antonio goncalves/id=b1694.42-per3
748:                ls$residencia/mogadouro
749: 
750:             mad$maria de oliveira/id=b1694.42-per4
751: 
752:             mrmad$manuel francisco/id=b1694.42-per5
753:                ls$residencia/mogadouro
754: 
755:       b$b1694.43/22/5/1694/0/0/0/luis alvares pinto
756: 
**** auto rels 2 STARTED.
   ** auto rel: from b1694.42-per1-per2 to b1694.42-per1 parentesco/mae
** Processing act b$b1694.43
757:          n$isabel/f/id=b1694.43-per1
758: 
759:             pai$antonio antunes/id=b1694.43-per1-per2
760:                ls$residencia/cascao
761: 
762:             mae$maria joao/id=b1694.43-per1-per3
763: 
764:             pad$manuel antunes/id=b1694.43-per4
765:                ls$residencia/alencarce de cima
766: 
767:             mad$silvestra rodrigues/id=b1694.43-per5
768: 
769:             mrmad$jorge francisco/id=b1694.43-per6
770:                ls$residencia/cascao
771: 
772:       b$b1694.44/6/6/1694/0/0/0/luis alvares pinto
773: 
**** auto rels 2 STARTED.
   ** auto rel: from b1694.43-per1-per2 to b1694.43-per1 parentesco/pai
   ** auto rel: from b1694.43-per1-per3 to b1694.43-per1 parentesco/mae
   ** auto rel: from b1694.43-per1-per2 to b1694.43-per1-per3 parentesco/marido
   ** Automatic attribute: b1694.43-per1-per2/ec/c
   ** Automatic attribute: b1694.43-per1-per3/ec/c
** Processing act b$b1694.44
774:          n$domingos/m/id=b1694.44-per1
775: 
776:             pai$domingos carvalho/id=b1694.44-per1-per2
777:                ls$residencia/presa
778: 
779:             mae$maria mateus/id=b1694.44-per1-per3
780: 
781:             pad$manuel simoes/id=b1694.44-per4
782:                ls$residencia/alencarce de cima
783: 
784:             mad$maria da costa/id=b1694.44-per5
785: 
786:             mrmad$antonio martins/id=b1694.44-per6
787:                ls$residencia/lagem
788: 
789:       b$b1694.45/12/6/1694/0/0/0/jose pinto
790: 
**** auto rels 2 STARTED.
   ** auto rel: from b1694.44-per1-per2 to b1694.44-per1 parentesco/pai
   ** auto rel: from b1694.44-per1-per3 to b1694.44-per1 parentesco/mae
   ** auto rel: from b1694.44-per1-per2 to b1694.44-per1-per3 parentesco/marido
   ** Automatic attribute: b1694.44-per1-per2/ec/c
   ** Automatic attribute: b1694.44-per1-per3/ec/c
** Processing act b$b1694.45
791:          n$isabel/f/id=b1694.45-per1
792: 
793:             pai$manuel goncalves/id=b1694.45-per1-per2
794:                ls$residencia/paleao
795: 
796:             mae$domingas luis/id=b1694.45-per1-per3
797: 
798:             pad$joao soares/id=b1694.45-per4
799:                ls$residencia/paleao
800: 
801:             mad$maria/id=b1694.45-per5
802: 
803:             pmad$manuel de oliveira/id=b1694.45-per6
804:                ls$residencia/paleao
805: 
806:       b$b1694.46/12/6/1694/0/0/0/jose pinto
807: 
**** auto rels 2 STARTED.
   ** auto rel: from b1694.45-per1-per2 to b1694.45-per1 parentesco/pai
   ** auto rel: from b1694.45-per1-per3 to b1694.45-per1 parentesco/mae
   ** auto rel: from b1694.45-per1-per2 to b1694.45-per1-per3 parentesco/marido
   ** Automatic attribute: b1694.45-per1-per2/ec/c
   ** Automatic attribute: b1694.45-per1-per3/ec/c
** Processing act b$b1694.46
808:          n$jose/m/id=b1694.46-per1
809:             ls$engeitado/sim/obs= na ermida de s.mateus
810: 
811:             pad$mateus jorge/id=b1694.46-per2
812:                ls$residencia/paleao
813: 
814:       b$b1694.47/13/6/1694/0/0/0/diogo marques, beneficiado desta igreja
815: 
**** auto rels 2 STARTED.
** Processing act b$b1694.47
816:          n$teresa/f/id=b1694.47-per1
817: 
818:             pai$gaspar de matos/id=b1694.47-per1-per2
819:                ls$residencia/casa velha
820: 
821:             mae$teresa da costa/id=b1694.47-per1-per3
822: 
823:             pad$manuel cordeiro/id=bpad13061694
824:                ls$residencia/casa velha
825: 
826:             mad$maria/id=b1694.47-per4
827:                rel$parentesco/filha/manuel cordeiro/bpad13061694
828: 
829:       b$b1694.48/20/6/1694/0/0/0/jose pinto
830: 
**** auto rels 2 STARTED.
   ** auto rel: from b1694.47-per1-per2 to b1694.47-per1 parentesco/pai
   ** auto rel: from b1694.47-per1-per3 to b1694.47-per1 parentesco/mae
   ** auto rel: from b1694.47-per1-per2 to b1694.47-per1-per3 parentesco/marido
   ** Automatic attribute: b1694.47-per1-per2/ec/c
   ** Automatic attribute: b1694.47-per1-per3/ec/c
** Processing act b$b1694.48
831:          n$antonio/m/id=b1694.48-per1
832: 
833:             pai$antonio goncalves/m/id=b1694.48-per1-per2
834:                ls$residencia/cavaleiros
835: 
836:             mae$isabel francisca/id=b1694.48-per1-per3
837: 
838:             pad$manuel fernandes/id=b1694.48-per4
839:                ls$residencia/cavaleiros
840: 
841:             mad$teresa goncalves/id=b1694.48-per5
842:                ls$ec/s
843:                ls$residencia/cavaleiros
844: 
845:       b$b1694.49/29/6/1694/0/0/0/manuel rodrigues alvaro
846: 
**** auto rels 2 STARTED.
   ** auto rel: from b1694.48-per1-per2 to b1694.48-per1 parentesco/pai
   ** auto rel: from b1694.48-per1-per3 to b1694.48-per1 parentesco/mae
   ** auto rel: from b1694.48-per1-per2 to b1694.48-per1-per3 parentesco/marido
   ** Automatic attribute: b1694.48-per1-per2/ec/c
   ** Automatic attribute: b1694.48-per1-per3/ec/c
** Processing act b$b1694.49
847:          n$antonio/m/id=b1694.49-per1
848: 
849:             pai$manuel marques/id=b1694.49-per1-per2
850:                ls$alcunha/novo
851:                ls$residencia/paleao
852: 
853:             mae$ana francisca/id=b1694.49-per1-per3
854: 
855:             pad$joao soares/id=b1694.49-per4
856:                ls$residencia/paleao
857: 
858:             mad$maria marques/id=b1694.49-per5
859: 
860:             mrmad$antonio jorge/id=b1694.49-per6
861:                ls$residencia/ourenta, freguesia de ourenta
862:                ls$freguesia/ourenta
863: 
864:       b$b1694.50/4/7/1694/0/0/0/jose pinto
865: 
**** auto rels 2 STARTED.
   ** auto rel: from b1694.49-per1-per2 to b1694.49-per1 parentesco/pai
   ** auto rel: from b1694.49-per1-per3 to b1694.49-per1 parentesco/mae
   ** auto rel: from b1694.49-per1-per2 to b1694.49-per1-per3 parentesco/marido
   ** Automatic attribute: b1694.49-per1-per2/ec/c
   ** Automatic attribute: b1694.49-per1-per3/ec/c
** Processing act b$b1694.50
866:          n$manuel/m/id=b1694.50-per1
867: 
868:             pai$manuel vaz/id=b1694.50-per1-per2
869:                ls$residencia/pinheiro
870: 
871:             mae$maria rodrigues/id=b1694.50-per1-per3
872: 
873:             pad$manuel domingues/id=b1694.50-per4
874:                ls$residencia/leonel
875: 
876:             mad$antonia da conceicao/id=b1694.50-per5
877: 
878:             mrmad$manuel goncalves/id=b1694.50-per6
879:                ls$residencia/alencarce de baixo
880: 
881:       b$b1694.51/18/7/1694/0/0/0/jose pinto
882: 
**** auto rels 2 STARTED.
   ** auto rel: from b1694.50-per1-per2 to b1694.50-per1 parentesco/pai
   ** auto rel: from b1694.50-per1-per3 to b1694.50-per1 parentesco/mae
   ** auto rel: from b1694.50-per1-per2 to b1694.50-per1-per3 parentesco/marido
   ** Automatic attribute: b1694.50-per1-per2/ec/c
   ** Automatic attribute: b1694.50-per1-per3/ec/c
** Processing act b$b1694.51
883:          n$jose/m/id=b1694.51-per1
884: 
885:             pai$antonio joao palaio/id=b1694.51-per1-per2
886:                ls$residencia/mogadouro
887: 
888:             mae$ana rodrigues/id=b1694.51-per1-per3
889: 
890:             pad$francisco joao/id=b1694.51-per4
891:                ls$residencia/delgados
892: 
893:             mad$maria joao/id=b1694.51-per5
894: 
895:             mrmad$antonio simoes/id=b1694.51-per6
896:                ls$residencia/mogadouro
897: 
898:       b$b1694.52/25/7/1694/0/0/0/jose pinto
899: 
**** auto rels 2 STARTED.
   ** auto rel: from b1694.51-per1-per2 to b1694.51-per1 parentesco/pai
   ** auto rel: from b1694.51-per1-per3 to b1694.51-per1 parentesco/mae
   ** auto rel: from b1694.51-per1-per2 to b1694.51-per1-per3 parentesco/marido
   ** Automatic attribute: b1694.51-per1-per2/ec/c
   ** Automatic attribute: b1694.51-per1-per3/ec/c
** Processing act b$b1694.52
900:          n$caetana/f/id=b1694.52-per1
901: 
902:             pai$domingos lopes/id=b1694.52-per1-per2
903:                ls$residencia/casa velha
904: 
905:             mae$maria pereira/id=b1694.52-per1-per3
906: 
907:             pad$sebastiao machado da costa/id=bpad25071694
908: 
909:             mad$nome desconhecido/id=b1694.52-per4
910:                rel$parentesco/filha/sebastiao machado da costa/bpad25071694
911: 
912:       b$b1694.53/26/7/1694/0/0/0/jose pinto
913: 
**** auto rels 2 STARTED.
   ** auto rel: from b1694.52-per1-per2 to b1694.52-per1 parentesco/pai
   ** auto rel: from b1694.52-per1-per3 to b1694.52-per1 parentesco/mae
   ** auto rel: from b1694.52-per1-per2 to b1694.52-per1-per3 parentesco/marido
   ** Automatic attribute: b1694.52-per1-per2/ec/c
   ** Automatic attribute: b1694.52-per1-per3/ec/c
** Processing act b$b1694.53
914:          n$ana/f/id=b1694.53-per1
915: 
916:             pai$antonio domingues/id=b1694.53-per1-per2
917:                ls$residencia/casais da misericordia
918: 
919:             mae$maria dias/id=b1694.53-per1-per3
920: 
921:             pad$tome/id=b1694.53-per4
922: 
923:             ppad$mateus dias/id=b1694.53-per5
924: 
925:             mad$ana rodrigues/id=b1694.53-per6
926:                ls$ec/s
927:                ls$residencia/barrosos
928: 
929:       b$b1694.54/8/8/1694/0/0/0/luis alvares pinto
930: 
**** auto rels 2 STARTED.
   ** auto rel: from b1694.53-per1-per2 to b1694.53-per1 parentesco/pai
   ** auto rel: from b1694.53-per1-per3 to b1694.53-per1 parentesco/mae
   ** auto rel: from b1694.53-per1-per2 to b1694.53-per1-per3 parentesco/marido
   ** Automatic attribute: b1694.53-per1-per2/ec/c
   ** Automatic attribute: b1694.53-per1-per3/ec/c
** Processing act b$b1694.54
931:          n$manuel/m/id=b1694.54-per1
932: 
933:             pai$antonio rodrigues/id=b1694.54-per1-per2
934:                ls$residencia/porto coelheiro
935: 
936:             mae$maria da silva/id=b1694.54-per1-per3
937: 
938:             pad$manuel cristovao/id=b1694.54-per4
939:                ls$profissao/padre
940:                ls$residencia/soure
941:                ls$cargo/beneficiado na igreja de soure
942:                ls$titulo/frei
943: 
944:             mad$maria joao/id=b1694.54-per5
945: 
946:             mrmad$lourenco rodrigues/id=b1694.54-per6
947:                ls$residencia/porto coelheiro
948: 
949:       b$b1694.55/8/8/1694/0/0/0/luis alvares pinto
950: 
**** auto rels 2 STARTED.
   ** auto rel: from b1694.54-per1-per2 to b1694.54-per1 parentesco/pai
   ** auto rel: from b1694.54-per1-per3 to b1694.54-per1 parentesco/mae
   ** auto rel: from b1694.54-per1-per2 to b1694.54-per1-per3 parentesco/marido
   ** Automatic attribute: b1694.54-per1-per2/ec/c
   ** Automatic attribute: b1694.54-per1-per3/ec/c
** Processing act b$b1694.55
951:          n$josefa/f/id=b1694.55-per1
952: 
953:             pai$manuel lourenco/id=b1694.55-per1-per2
954:                ls$residencia/simoes
955: 
956:             mae$maria domingues/id=b1694.55-per1-per3
957: 
958:             pad$antonio simoes/id=bpad08081694
959:                ls$residencia/moinho da caldeirinha
960: 
961:             mad$antonia francisca/id=b1694.55-per4
962: 
963:             mrmad$antonio simoes/mesmo_que=bpad08081694/id=b1694.55-per5
964: 
965:       b$b1694.56/12/8/1694/0/0/0/jose pinto
966: 
**** auto rels 2 STARTED.
   ** auto rel: from b1694.55-per1-per2 to b1694.55-per1 parentesco/pai
   ** auto rel: from b1694.55-per1-per3 to b1694.55-per1 parentesco/mae
   ** auto rel: from b1694.55-per1-per2 to b1694.55-per1-per3 parentesco/marido
   ** Automatic attribute: b1694.55-per1-per2/ec/c
   ** Automatic attribute: b1694.55-per1-per3/ec/c
** Processing act b$b1694.56
967:          n$maria/f/id=b1694.56-per1
968: 
969:             pai$manuel ferreira/id=b1694.56-per1-per2
970:                ls$alcunha/moco
971:                ls$residencia/paleao
972: 
973:             mae$maria rodrigues/id=b1694.56-per1-per3
974: 
975:             pad$manuel rodrigues gil/id=b1694.56-per4
976: 
977:             mad$isabel/id=b1694.56-per5
978:                ls$residencia/paleao
979: 
980:             pmad$francisco rodrigues/id=b1694.56-per6
981: 
982:       b$b1694.57/16/8/1694/0/0/0/lopo nunes pinto
983: 
**** auto rels 2 STARTED.
   ** auto rel: from b1694.56-per1-per2 to b1694.56-per1 parentesco/pai
   ** auto rel: from b1694.56-per1-per3 to b1694.56-per1 parentesco/mae
   ** auto rel: from b1694.56-per1-per2 to b1694.56-per1-per3 parentesco/marido
   ** Automatic attribute: b1694.56-per1-per2/ec/c
   ** Automatic attribute: b1694.56-per1-per3/ec/c
** Processing act b$b1694.57
984:          n$antonio/m/id=b1694.57-per1
985: 
986:             pai$manuel nunes/id=b1694.57-per1-per2
987:                ls$residencia/casa velha
988: 
989:             mae$maria francisca/id=b1694.57-per1-per3
990: 
991:             pad$antonio nunes/id=b1694.57-per4
992:                ls$residencia/casa velha
993: 
994:             mad$maria nunes/id=b1694.57-per5
995:                ls$residencia/casa velha
996: 
997:       b$b1694.58/22/8/1694/0/0/0/jose pinto
998: 
**** auto rels 2 STARTED.
   ** auto rel: from b1694.57-per1-per2 to b1694.57-per1 parentesco/pai
   ** auto rel: from b1694.57-per1-per3 to b1694.57-per1 parentesco/mae
   ** auto rel: from b1694.57-per1-per2 to b1694.57-per1-per3 parentesco/marido
   ** Automatic attribute: b1694.57-per1-per2/ec/c
   ** Automatic attribute: b1694.57-per1-per3/ec/c
** Processing act b$b1694.58
999:          n$maria/f/id=b1694.58-per1
1000: 
1001:             pai$manuel ferreira/id=b1694.58-per1-per2
1002:                ls$residencia/areias
1003: 
1004:             mae$isabel goncalves/id=b1694.58-per1-per3
1005: 
1006:             pad$sebastiao/id=b1694.58-per4
1007:                ls$ec/s
1008: 
1009:             ppad$sebastiao ferreira/id=bppad22081694
1010: 
1011:             mad$francisca/id=b1694.58-per5
1012:                rel$parentesco/filha/sebastiao ferreira/bppad22081694
1013:                ls$ec/s
1014: 
1015:       b$b1694.59/31/8/1694/0/0/0/jose pinto
1016: 
**** auto rels 2 STARTED.
   ** auto rel: from b1694.58-per1-per2 to b1694.58-per1 parentesco/pai
   ** auto rel: from b1694.58-per1-per3 to b1694.58-per1 parentesco/mae
   ** auto rel: from b1694.58-per1-per2 to b1694.58-per1-per3 parentesco/marido
   ** Automatic attribute: b1694.58-per1-per2/ec/c
   ** Automatic attribute: b1694.58-per1-per3/ec/c
** Processing act b$b1694.59
1017:          n$maria/f/id=b1694.59-per1
1018: 
1019:             pai$jorge joao/id=b1694.59-per1-per2
1020:                ls$residencia/simoes
1021: 
1022:             mae$catarina simoes/id=b1694.59-per1-per3
1023: 
1024:             pad$joao rodrigues/id=b1694.59-per4
1025:                ls$residencia/moinho do marco, freguesia da redinha
1026:                ls$freguesia/redinha
1027: 
1028:             mad$maria joao/id=b1694.59-per5
1029: 
1030:             mrmad$bento francisco/id=b1694.59-per6
1031:                ls$residencia/simoes
1032: 
1033:       b$b1694.60/31/8/1694/0/0/0/jose pinto
1034: 
**** auto rels 2 STARTED.
   ** auto rel: from b1694.59-per1-per2 to b1694.59-per1 parentesco/pai
   ** auto rel: from b1694.59-per1-per3 to b1694.59-per1 parentesco/mae
   ** auto rel: from b1694.59-per1-per2 to b1694.59-per1-per3 parentesco/marido
   ** Automatic attribute: b1694.59-per1-per2/ec/c
   ** Automatic attribute: b1694.59-per1-per3/ec/c
** Processing act b$b1694.60
1035:          n$maria/f/id=b1694.60-per1
1036: 
1037:             pai$joao dias/id=b1694.60-per1-per2
1038:                ls$residencia/sobral
1039: 
1040:             mae$antonia fernandes/id=b1694.60-per1-per3
1041: 
1042:             pad$sebastiao colaco/id=b1694.60-per4
1043:                ls$residencia/soure
1044: 
1045:             mad$catarina simoes/id=b1694.60-per5
1046: 
1047:             mrmad$manuel rodrigues/id=b1694.60-per6
1048:                ls$profissao/barbeiro
1049:                ls$residencia/sobral
1050: 
1051:       b$b1694.61/12/9/1694/0/0/0/jose pinto
1052: 
**** auto rels 2 STARTED.
   ** auto rel: from b1694.60-per1-per2 to b1694.60-per1 parentesco/pai
   ** auto rel: from b1694.60-per1-per3 to b1694.60-per1 parentesco/mae
   ** auto rel: from b1694.60-per1-per2 to b1694.60-per1-per3 parentesco/marido
   ** Automatic attribute: b1694.60-per1-per2/ec/c
   ** Automatic attribute: b1694.60-per1-per3/ec/c
** Processing act b$b1694.61
1053:          n$manuel/m/id=b1694.61-per1
1054: 
1055:             pai$domingos pires/id=b1694.61-per1-per2
1056:                ls$residencia/barril
1057: 
1058:             mae$catarina joao/id=b1694.61-per1-per3
1059: 
1060:             pad$pedro gomes/id=b1694.61-per4
1061:                ls$residencia/paleao
1062: 
1063:             mad$antonia/id=b1694.61-per5
1064:                ls$ec/s
1065: 
1066:             mmad$maria esteves/id=b1694.61-per6
1067:                ls$residencia/barril
1068: 
1069:       b$b1694.62/19/9/1694/0/0/0/jose pinto
1070: 
**** auto rels 2 STARTED.
   ** auto rel: from b1694.61-per1-per2 to b1694.61-per1 parentesco/pai
   ** auto rel: from b1694.61-per1-per3 to b1694.61-per1 parentesco/mae
   ** auto rel: from b1694.61-per1-per2 to b1694.61-per1-per3 parentesco/marido
   ** Automatic attribute: b1694.61-per1-per2/ec/c
   ** Automatic attribute: b1694.61-per1-per3/ec/c
** Processing act b$b1694.62
1071:          n$ana/f/id=b1694.62-per1
1072: 
1073:             pai$antonio rodrigues feijao/id=b1694.62-per1-per2
1074:                ls$residencia/casal dos feijoes
1075: 
1076:             mae$catarina rodrigues/id=b1694.62-per1-per3
1077: 
1078:             pad$domingos da costa/id=b1694.62-per4
1079:                ls$profissao/padre
1080:                ls$residencia/s.mateus
1081: 
1082:             mad$isabel/id=b1694.62-per5
1083: 
1084:             pmad$manuel rodrigues feijao/id=b1694.62-per6
1085:                ls$residencia/casal dos feijoes
1086: 
1087:       b$b1694.63/26/9/1694/0/0/0/jose pinto
1088: 
**** auto rels 2 STARTED.
   ** auto rel: from b1694.62-per1-per2 to b1694.62-per1 parentesco/pai
   ** auto rel: from b1694.62-per1-per3 to b1694.62-per1 parentesco/mae
   ** auto rel: from b1694.62-per1-per2 to b1694.62-per1-per3 parentesco/marido
   ** Automatic attribute: b1694.62-per1-per2/ec/c
   ** Automatic attribute: b1694.62-per1-per3/ec/c
** Processing act b$b1694.63
1089:          n$manuel/m/id=b1694.63-per1
1090: 
1091:             pai$domingos joao/id=b1694.63-per1-per2
1092:                ls$residencia/casal do carrasco
1093: 
1094:             mae$maria madeira/id=b1694.63-per1-per3
1095: 
1096:             pad$joao gomes/id=b1694.63-per4
1097:                ls$residencia/casal do carrasco
1098: 
1099:             mad$isabel/id=b1694.63-per5
1100:                ls$ec/s
1101: 
1102:             pmad$simao rodrigues caseirinho/id=b1694.63-per6
1103:                ls$residencia/casal do carrasco
1104: 
1105:       b$b1694.64/26/9/1694/0/0/0/jose pinto
1106: 
**** auto rels 2 STARTED.
   ** auto rel: from b1694.63-per1-per2 to b1694.63-per1 parentesco/pai
   ** auto rel: from b1694.63-per1-per3 to b1694.63-per1 parentesco/mae
   ** auto rel: from b1694.63-per1-per2 to b1694.63-per1-per3 parentesco/marido
   ** Automatic attribute: b1694.63-per1-per2/ec/c
   ** Automatic attribute: b1694.63-per1-per3/ec/c
** Processing act b$b1694.64
1107:          n$luisa/f/id=b1694.64-per1
1108: 
1109:             pai$joao rodrigues/id=b1694.64-per1-per2
1110:                ls$residencia/casal da fonte da bica
1111: 
1112:             mae$isabel francisca/id=b1694.64-per1-per3
1113: 
1114:             pad$manuel pessoa/id=b1694.64-per4
1115:                ls$residencia/soure
1116: 
1117:             ppad$sebastiao colaco/id=b1694.64-per5
1118: 
1119:             mad$luisa/id=b1694.64-per6
1120: 
1121:             pmad$luis coelho/id=b1694.64-per7
1122:                ls$residencia/soure
1123: 
1124:       b$b1694.65/26/9/1694/0/0/0/jose pinto
1125: 
**** auto rels 2 STARTED.
   ** auto rel: from b1694.64-per1-per2 to b1694.64-per1 parentesco/pai
   ** auto rel: from b1694.64-per1-per3 to b1694.64-per1 parentesco/mae
   ** auto rel: from b1694.64-per1-per2 to b1694.64-per1-per3 parentesco/marido
   ** Automatic attribute: b1694.64-per1-per2/ec/c
   ** Automatic attribute: b1694.64-per1-per3/ec/c
** Processing act b$b1694.65
1126:          n$manuel/m/id=b1694.65-per1
1127: 
1128:             pai$domingos dos santos/id=b1694.65-per1-per2
1129:                ls$residencia/casa velha
1130: 
1131:             mae$domingas henriques/id=b1694.65-per1-per3
1132: 
1133:             pad$manuel simoes/id=b1694.65-per4
1134:                ls$residencia/casa velha
1135: 
1136:             mad$maria/id=b1694.65-per5
1137: 
1138:             pmad$manuel pereira/id=b1694.65-per6
1139:                ls$residencia/casa velha
1140: 
1141:       b$b1694.66/29/9/1694/0/0/0/luis alvares pinto
1142: 
**** auto rels 2 STARTED.
   ** auto rel: from b1694.65-per1-per2 to b1694.65-per1 parentesco/pai
   ** auto rel: from b1694.65-per1-per3 to b1694.65-per1 parentesco/mae
   ** auto rel: from b1694.65-per1-per2 to b1694.65-per1-per3 parentesco/marido
   ** Automatic attribute: b1694.65-per1-per2/ec/c
   ** Automatic attribute: b1694.65-per1-per3/ec/c
** Processing act b$b1694.66
1143:          n$manuel/m/id=b1694.66-per1
1144: 
1145:             pai$manuel domingues/id=b1694.66-per1-per2
1146:                ls$residencia/casais da misericordia
1147: 
1148:             mae$maria joao/id=b1694.66-per1-per3
1149: 
1150:             pad$pedro/id=b1694.66-per4
1151: 
1152:             ppad$antonio joao/id=b1694.66-per5
1153:                ls$residencia/bonitos
1154: 
1155:             mad$maria dias/id=b1694.66-per6
1156: 
1157:             mrmad$antonio domingues/id=b1694.66-per7
1158:                ls$residencia/casais da misericordia
1159: 
1160:       b$b1694.67/2/10/1694/0/0/0/jose pinto
1161: 
**** auto rels 2 STARTED.
   ** auto rel: from b1694.66-per1-per2 to b1694.66-per1 parentesco/pai
   ** auto rel: from b1694.66-per1-per3 to b1694.66-per1 parentesco/mae
   ** auto rel: from b1694.66-per1-per2 to b1694.66-per1-per3 parentesco/marido
   ** Automatic attribute: b1694.66-per1-per2/ec/c
   ** Automatic attribute: b1694.66-per1-per3/ec/c
** Processing act b$b1694.67
1162:          n$francisca/f/id=b1694.67-per1
1163: 
1164:             pai$jeronimo fernandes/id=b1694.67-per1-per2
1165:                ls$residencia/casa velha
1166: 
1167:             mae$agueda pereira/id=b1694.67-per1-per3
1168: 
1169:             pad$manuel alvares/id=b1694.67-per4
1170:                ls$residencia/casa velha
1171: 
1172:             mad$maria pereira/id=b1694.67-per5
1173:                ls$residencia/casa velha
1174: 
1175:       b$b1694.68/3/10/1694/0/0/0/jose pinto
1176: 
**** auto rels 2 STARTED.
   ** auto rel: from b1694.67-per1-per2 to b1694.67-per1 parentesco/pai
   ** auto rel: from b1694.67-per1-per3 to b1694.67-per1 parentesco/mae
   ** auto rel: from b1694.67-per1-per2 to b1694.67-per1-per3 parentesco/marido
   ** Automatic attribute: b1694.67-per1-per2/ec/c
   ** Automatic attribute: b1694.67-per1-per3/ec/c
** Processing act b$b1694.68
1177:          n$domingos/m/id=b1694.68-per1
1178: 
1179:             pai$mateus goncalves/id=b1694.68-per1-per2
1180:                ls$residencia/fatacos
1181: 
1182:             mae$maria francisca/id=b1694.68-per1-per3
1183: 
1184:             pad$domingos goncalves/id=b1694.68-per4
1185:                ls$profissao/padre
1186:                ls$residencia/casais do espirito santo
1187: 
1188:             mad$catarina/id=b1694.68-per5
1189:                ls$ec/s
1190: 
1191:             pmad$mateus goncalves/id=b1694.68-per6
1192:                ls$residencia/casais do espirito santo
1193: 
1194:       b$b1694.69/4/10/1694/0/0/0/jose pinto
1195: 
**** auto rels 2 STARTED.
   ** auto rel: from b1694.68-per1-per2 to b1694.68-per1 parentesco/pai
   ** auto rel: from b1694.68-per1-per3 to b1694.68-per1 parentesco/mae
   ** auto rel: from b1694.68-per1-per2 to b1694.68-per1-per3 parentesco/marido
   ** Automatic attribute: b1694.68-per1-per2/ec/c
   ** Automatic attribute: b1694.68-per1-per3/ec/c
** Processing act b$b1694.69
1196:          n$maria/f/id=b1694.69-per1
1197: 
1198:             pai$jose goncalves/id=b1694.69-per1-per2
1199:                ls$residencia/sobral
1200: 
1201:             mae$maria francisca/id=b1694.69-per1-per3
1202: 
1203:             pad$joao simoes/id=b1694.69-per4
1204:                ls$residencia/vale da borra
1205: 
1206:             mad$maria/id=b1694.69-per5
1207:                ls$ec/s
1208: 
1209:             pmad$manuel rodrigues/id=b1694.69-per6
1210:                ls$residencia/vale da borra
1211: 
1212:       b$b1694.70/10/10/1694/0/0/0/luis alvares pinto
1213: 
**** auto rels 2 STARTED.
   ** auto rel: from b1694.69-per1-per2 to b1694.69-per1 parentesco/pai
   ** auto rel: from b1694.69-per1-per3 to b1694.69-per1 parentesco/mae
   ** auto rel: from b1694.69-per1-per2 to b1694.69-per1-per3 parentesco/marido
   ** Automatic attribute: b1694.69-per1-per2/ec/c
   ** Automatic attribute: b1694.69-per1-per3/ec/c
** Processing act b$b1694.70
1214:          n$maria/f/id=b1694.70-per1
1215: 
1216:             pai$antonio simoes/id=b1694.70-per1-per2
1217:                ls$residencia/casconho
1218: 
1219:             mae$isabel joao/id=b1694.70-per1-per3
1220: 
1221:             pad$manuel/id=b1694.70-per4
1222:                ls$ec/s
1223: 
1224:             mpad$maria francisca/id=b1694.70-per5
1225:                ls$residencia/casconho
1226: 
1227:             mad$madalena/id=b1694.70-per6
1228: 
1229:             mrmad$domingos simoes/id=b1694.70-per7
1230:                ls$residencia/figueirinha, freguesia da redinha
1231:                ls$freguesia/redinha
1232: 
1233:       b$b1694.71/10/10/1694/0/0/0/luis alvares pinto
1234: 
**** auto rels 2 STARTED.
   ** auto rel: from b1694.70-per1-per2 to b1694.70-per1 parentesco/pai
   ** auto rel: from b1694.70-per1-per3 to b1694.70-per1 parentesco/mae
   ** auto rel: from b1694.70-per1-per2 to b1694.70-per1-per3 parentesco/marido
   ** Automatic attribute: b1694.70-per1-per2/ec/c
   ** Automatic attribute: b1694.70-per1-per3/ec/c
** Processing act b$b1694.71
1235:          n$manuel/m/id=b1694.71-per1
1236: 
1237:             pai$manuel jorge/id=b1694.71-per1-per2
1238:                ls$residencia/marzagao
1239: 
1240:             mae$maria duarte/id=b1694.71-per1-per3
1241: 
1242:             pad$joao/id=b1694.71-per4
1243: 
1244:             ppad$antonio duarte/id=b1694.71-per5
1245:                ls$residencia/quieitide, freguesia de vinha da rainha
1246:                ls$freguesia/vinha da rainha
1247: 
1248:             mad$isabel/id=b1694.71-per6
1249: 
1250:             pmad$simao jorge/id=b1694.71-per7
1251:                ls$residencia/marzagao
1252: 
1253:       b$b1694.72/10/10/1694/0/0/0/lopo nunes pinto
1254: 
**** auto rels 2 STARTED.
   ** auto rel: from b1694.71-per1-per2 to b1694.71-per1 parentesco/pai
   ** auto rel: from b1694.71-per1-per3 to b1694.71-per1 parentesco/mae
   ** auto rel: from b1694.71-per1-per2 to b1694.71-per1-per3 parentesco/marido
   ** Automatic attribute: b1694.71-per1-per2/ec/c
   ** Automatic attribute: b1694.71-per1-per3/ec/c
** Processing act b$b1694.72
1255:          n$francisco/m/id=b1694.72-per1
1256: 
1257:             pai$manuel carvalho/id=b1694.72-per1-per2
1258:                ls$residencia/soure
1259: 
1260:             mae$maria vieira/id=b1694.72-per1-per3
1261: 
1262:             pad$placido/id=b1694.72-per4
1263: 
1264:             ppad$paulo ribeiro cabral/mesmo_que=c24-7/id=b1694.72-per5
1265: 
1266:             mad$helena/id=b1694.72-per6
1267: 
1268:             pmad$paulo ribeiro cabral/mesmo_que=c24-7/id=b1694.72-per7
1269: 
1270:       b$b1694.73/11/10/1694/0/0/0/jose pinto/obs= sem madrinha
1271: 
**** auto rels 2 STARTED.
   ** auto rel: from b1694.72-per1-per2 to b1694.72-per1 parentesco/pai
   ** auto rel: from b1694.72-per1-per3 to b1694.72-per1 parentesco/mae
   ** auto rel: from b1694.72-per1-per2 to b1694.72-per1-per3 parentesco/marido
   ** Automatic attribute: b1694.72-per1-per2/ec/c
   ** Automatic attribute: b1694.72-per1-per3/ec/c
** Processing act b$b1694.73
1272:          n$francisca/f/id=b1694.73-per1
1273: 
1274:             pai$joao goncalves/id=b1694.73-per1-per2
1275:                ls$residencia/alencarce de baixo
1276: 
1277:             mae$maria rodrigues/id=b1694.73-per1-per3
1278: 
1279:             pad$jose barbosa canais/id=b1694.73-per4
1280:                ls$residencia/soure
1281: 
1282:       b$b1694.74/28/10/1694/0/0/0/luis alvares pinto
1283: 
**** auto rels 2 STARTED.
   ** auto rel: from b1694.73-per1-per2 to b1694.73-per1 parentesco/pai
   ** auto rel: from b1694.73-per1-per3 to b1694.73-per1 parentesco/mae
   ** auto rel: from b1694.73-per1-per2 to b1694.73-per1-per3 parentesco/marido
   ** Automatic attribute: b1694.73-per1-per2/ec/c
   ** Automatic attribute: b1694.73-per1-per3/ec/c
** Processing act b$b1694.74
1284:          n$joao/m/id=b1694.74-per1
1285: 
1286:             pai$joao goncalves/id=b1694.74-per1-per2
1287:                ls$residencia/barril
1288: 
1289:             mae$catarina jorge/id=b1694.74-per1-per3
1290: 
1291:             pad$manuel jorge corujeiro/id=b1694.74-per4
1292: 
1293:             mad$agueda jorge/id=b1694.74-per5
1294: 
1295:             mmad$brites manuel/id=b1694.74-per6
1296:                ls$residencia/barril
1297: 
1298:       b$b1694.75/31/10/1694/0/0/0/luis alvares pinto
1299: 
**** auto rels 2 STARTED.
   ** auto rel: from b1694.74-per1-per2 to b1694.74-per1 parentesco/pai
   ** auto rel: from b1694.74-per1-per3 to b1694.74-per1 parentesco/mae
   ** auto rel: from b1694.74-per1-per2 to b1694.74-per1-per3 parentesco/marido
   ** Automatic attribute: b1694.74-per1-per2/ec/c
   ** Automatic attribute: b1694.74-per1-per3/ec/c
** Processing act b$b1694.75
1300:          n$manuel/m/id=b1694.75-per1
1301: 
1302:             pai$antonio jorge/id=b1694.75-per1-per2
1303:                ls$residencia/cascao
1304: 
1305:             mae$ana rodrigues/id=b1694.75-per1-per3
1306: 
1307:             pad$domingos antunes/id=b1694.75-per4
1308:                ls$residencia/alencarce de cima
1309: 
1310:             mad$maria joao/id=b1694.75-per5
1311: 
1312:             mrmad$manuel jorge/id=b1694.75-per6
1313:                ls$residencia/alencarce de cima
1314: 
1315:       b$b1694.76/31/10/1694/0/0/0/luis alvares pinto
1316: 
**** auto rels 2 STARTED.
   ** auto rel: from b1694.75-per1-per2 to b1694.75-per1 parentesco/pai
   ** auto rel: from b1694.75-per1-per3 to b1694.75-per1 parentesco/mae
   ** auto rel: from b1694.75-per1-per2 to b1694.75-per1-per3 parentesco/marido
   ** Automatic attribute: b1694.75-per1-per2/ec/c
   ** Automatic attribute: b1694.75-per1-per3/ec/c
** Processing act b$b1694.76
1317:          n$manuel/m/id=b1694.76-per1
1318: 
1319:             pai$joao da silva/id=b1694.76-per1-per2
1320:                ls$residencia/casconho
1321: 
1322:             mae$antonio rodrigues/id=b1694.76-per1-per3
1323: 
1324:             pad$luis de seabra/id=b1694.76-per4
1325:                ls$residencia/soure
1326: 
1327:             mad$ines/id=b1694.76-per5
1328: 
1329:             pmad$manuel jorge/id=b1694.76-per6
1330:                ls$residencia/venda nova
1331: 
1332:       b$b1694.77/10/11/1694/0/0/0/luis alvares pinto
1333: 
**** auto rels 2 STARTED.
   ** auto rel: from b1694.76-per1-per2 to b1694.76-per1 parentesco/pai
   ** auto rel: from b1694.76-per1-per3 to b1694.76-per1 parentesco/mae
   ** auto rel: from b1694.76-per1-per2 to b1694.76-per1-per3 parentesco/marido
   ** Automatic attribute: b1694.76-per1-per2/ec/c
   ** Automatic attribute: b1694.76-per1-per3/ec/c
** Processing act b$b1694.77
1334:          n$maria/f/id=b1694.77-per1
1335: 
1336:             pai$antonio francisco/id=b1694.77-per1-per2
1337:                ls$residencia/casal do espirito santo
1338: 
1339:             mae$catarina rodrigues/id=b1694.77-per1-per3
1340: 
1341:             pad$vicente colaco/id=bpad10111694
1342:                ls$residencia/soure
1343: 
1344:             mad$damiana/id=b1694.77-per4
1345:                rel$parentesco/irma/vicente colaco/bpad10111694
1346: 
1347:       b$b1694.78/19/11/1694/0/0/0/luis alvares pinto
1348: 
**** auto rels 2 STARTED.
   ** auto rel: from b1694.77-per1-per2 to b1694.77-per1 parentesco/pai
   ** auto rel: from b1694.77-per1-per3 to b1694.77-per1 parentesco/mae
   ** auto rel: from b1694.77-per1-per2 to b1694.77-per1-per3 parentesco/marido
   ** Automatic attribute: b1694.77-per1-per2/ec/c
   ** Automatic attribute: b1694.77-per1-per3/ec/c
** Processing act b$b1694.78
1349:          n$jose/m/id=b1694.78-per1
1350: 
1351:             pai$antonio martins/id=b1694.78-per1-per2
1352:                ls$residencia/pinheiro
1353: 
1354:             mae$ana simoes/id=b1694.78-per1-per3
1355: 
1356:             pad$manuel/id=b1694.78-per4
1357: 
1358:             mpad$antonia francisca/id=b1694.78-per5
1359:                ls$residencia/pinheiro
1360: 
1361:             mad$maria/id=b1694.78-per6
1362: 
1363:             mmad$maria simoes/id=b1694.78-per7
1364:                ls$residencia/pinheiro
1365: 
1366:       b$b1694.79/21/11/1694/0/0/0/manuel rodrigues alvaro
1367: 
**** auto rels 2 STARTED.
   ** auto rel: from b1694.78-per1-per2 to b1694.78-per1 parentesco/pai
   ** auto rel: from b1694.78-per1-per3 to b1694.78-per1 parentesco/mae
   ** auto rel: from b1694.78-per1-per2 to b1694.78-per1-per3 parentesco/marido
   ** Automatic attribute: b1694.78-per1-per2/ec/c
   ** Automatic attribute: b1694.78-per1-per3/ec/c
** Processing act b$b1694.79
1368:          n$teresa/f/id=b1694.79-per1
1369: 
1370:             pai$joao gomes/id=b1694.79-per1-per2
1371:                ls$residencia/porto panelas
1372: 
1373:             mae$maria rodrigues/id=b1694.79-per1-per3
1374: 
1375:             pad$pedro de eiro/id=b1694.79-per4
1376:                ls$cargo/escrivao da camara
1377: 
1378:             mad$maria/id=b1694.79-per5
1379: 
1380:             pmad$joao carvalho/id=b1694.79-per6
1381:                ls$residencia/porto panelas
1382: 
1383:       b$b1694.80/22/11/1694/0/0/0/luis alvares pinto
1384: 
**** auto rels 2 STARTED.
   ** auto rel: from b1694.79-per1-per2 to b1694.79-per1 parentesco/pai
   ** auto rel: from b1694.79-per1-per3 to b1694.79-per1 parentesco/mae
   ** auto rel: from b1694.79-per1-per2 to b1694.79-per1-per3 parentesco/marido
   ** Automatic attribute: b1694.79-per1-per2/ec/c
   ** Automatic attribute: b1694.79-per1-per3/ec/c
** Processing act b$b1694.80
1385:          n$manuel/m/id=b1694.80-per1
1386: 
1387:             pai$domingos andre/id=b1694.80-per1-per2
1388:                ls$alcunha/moco
1389:                ls$residencia/barrosos
1390: 
1391:             mae$domingas da conceicao/id=b1694.80-per1-per3
1392:                ls$morta/antes#morreu de parto
1393: 
1394:             pad$manuel goncalves/id=b1694.80-per4
1395:                ls$alcunha/moco
1396: 
1397:             mad$irene rodrigues/id=b1694.80-per5
1398:                ls$residencia/barrosos
1399: 
1400:       b$b1694.81/25/11/1694/0/0/0/luis alvares pinto
1401: 
**** auto rels 2 STARTED.
   ** auto rel: from b1694.80-per1-per2 to b1694.80-per1 parentesco/pai
   ** auto rel: from b1694.80-per1-per3 to b1694.80-per1 parentesco/mae
   ** auto rel: from b1694.80-per1-per2 to b1694.80-per1-per3 parentesco/marido
   ** Automatic attribute: b1694.80-per1-per2/ec/c
   ** Automatic attribute: b1694.80-per1-per3/ec/c
** Processing act b$b1694.81
1402:          n$manuel/m/id=b1694.81-per1
1403: 
1404:             pai$manuel francisco/id=b1694.81-per1-per2
1405:                ls$residencia/olho marinho
1406: 
1407:             mae$isabel rodrigues/id=b1694.81-per1-per3
1408: 
1409:             pad$manuel francisco/id=b1694.81-per4
1410:                ls$alcunha/moco
1411:                ls$residencia/casal do senhor
1412: 
1413:             mad$maria/id=b1694.81-per5
1414: 
1415:             pmad$domingos antunes/id=b1694.81-per6
1416:                ls$residencia/pinheiro
1417: 
1418:       b$b1694.82/28/11/1694/0/0/0/luis alvares pinto
1419: 
**** auto rels 2 STARTED.
   ** auto rel: from b1694.81-per1-per2 to b1694.81-per1 parentesco/pai
   ** auto rel: from b1694.81-per1-per3 to b1694.81-per1 parentesco/mae
   ** auto rel: from b1694.81-per1-per2 to b1694.81-per1-per3 parentesco/marido
   ** Automatic attribute: b1694.81-per1-per2/ec/c
   ** Automatic attribute: b1694.81-per1-per3/ec/c
** Processing act b$b1694.82
1420:          n$helena/f/id=b1694.82-per1
1421: 
1422:             pai$domingos pires/id=b1694.82-per1-per2
1423:                ls$residencia/casal da charneca do espirito santo
1424: 
1425:             mae$maria francisca/id=b1694.82-per1-per3
1426: 
1427:             pad$francisco godinho/id=b1694.82-per4
1428:                ls$residencia/pouca pena
1429: 
1430:             mad$maria tome/id=b1694.82-per5
1431:                ls$ec/s
1432:                ls$residencia/casal da charneca
1433: 
1434:       b$b1694.83/28/11/1694/0/0/0/luis alvares pinto
1435: 
**** auto rels 2 STARTED.
   ** auto rel: from b1694.82-per1-per2 to b1694.82-per1 parentesco/pai
   ** auto rel: from b1694.82-per1-per3 to b1694.82-per1 parentesco/mae
   ** auto rel: from b1694.82-per1-per2 to b1694.82-per1-per3 parentesco/marido
   ** Automatic attribute: b1694.82-per1-per2/ec/c
   ** Automatic attribute: b1694.82-per1-per3/ec/c
** Processing act b$b1694.83
1436:          n$maria/f/id=b1694.83-per1
1437: 
1438:             pai$manuel martins/id=b1694.83-per1-per2
1439:                ls$residencia/cascao
1440: 
1441:             mae$maria ferreira/id=b1694.83-per1-per3
1442: 
1443:             pad$martinho goncalves/id=b1694.83-per4
1444:                ls$residencia/alencarce de baixo
1445: 
1446:             mad$maria/id=b1694.83-per5
1447: 
1448:             pmad$manuel simoes/id=b1694.83-per6
1449:                ls$residencia/alencarce de cima
1450: 
1451:       b$b1694.84/30/11/1694/0/0/0/manuel rodrigues alvaro
1452: 
**** auto rels 2 STARTED.
   ** auto rel: from b1694.83-per1-per2 to b1694.83-per1 parentesco/pai
   ** auto rel: from b1694.83-per1-per3 to b1694.83-per1 parentesco/mae
   ** auto rel: from b1694.83-per1-per2 to b1694.83-per1-per3 parentesco/marido
   ** Automatic attribute: b1694.83-per1-per2/ec/c
   ** Automatic attribute: b1694.83-per1-per3/ec/c
** Processing act b$b1694.84
1453:          n$antonio/m/id=b1694.84-per1
1454: 
1455:             pai$domingos rodrigues feijao/id=b1694.84-per1-per2
1456:                ls$residencia/cavaleiros
1457: 
1458:             mae$catarina francisca/id=b1694.84-per1-per3
1459: 
1460:             pad$antonio rodrigues/id=b1694.84-per4
1461:                ls$residencia/telhada
1462: 
1463:             mad$maria/id=b1694.84-per5
1464: 
1465:             pmad$manuel ramos/id=b1694.84-per6
1466:                ls$residencia/cavaleiros
1467: 
1468:       b$b1694.85/5/12/1694/0/0/0/luis alvares pinto
1469: 
**** auto rels 2 STARTED.
   ** auto rel: from b1694.84-per1-per2 to b1694.84-per1 parentesco/pai
   ** auto rel: from b1694.84-per1-per3 to b1694.84-per1 parentesco/mae
   ** auto rel: from b1694.84-per1-per2 to b1694.84-per1-per3 parentesco/marido
   ** Automatic attribute: b1694.84-per1-per2/ec/c
   ** Automatic attribute: b1694.84-per1-per3/ec/c
** Processing act b$b1694.85
1470:          n$antonio/m/id=b1694.85-per1
1471: 
1472:             pai$francisco madeira/id=b1694.85-per1-per2
1473:                ls$residencia/alencarce de cima
1474: 
1475:             mae$isabel rodrigues/id=b1694.85-per1-per3
1476: 
1477:             pad$antonio martins/id=bpad05121694
1478:                ls$residencia/pinheiro
1479: 
1480:             mad$maria/id=b1694.85-per4
1481:                rel$parentesco/filha/antonio martins/bpad05121694
1482: 
1483:       b$b1694.86/5/12/1694/0/0/0/luis alvares pinto
1484: 
**** auto rels 2 STARTED.
   ** auto rel: from b1694.85-per1-per2 to b1694.85-per1 parentesco/pai
   ** auto rel: from b1694.85-per1-per3 to b1694.85-per1 parentesco/mae
   ** auto rel: from b1694.85-per1-per2 to b1694.85-per1-per3 parentesco/marido
   ** Automatic attribute: b1694.85-per1-per2/ec/c
   ** Automatic attribute: b1694.85-per1-per3/ec/c
** Processing act b$b1694.86
1485:          n$maria/f/id=b1694.86-per1
1486: 
1487:             pai$manuel antunes/id=b1694.86-per1-per2
1488:                ls$residencia/casal da presa
1489: 
1490:             mae$isabel rodrigues/id=b1694.86-per1-per3
1491: 
1492:             pad$domingos jorge/id=b1694.86-per4
1493:                ls$residencia/carpinteiros, freguesia de tapeus
1494:                ls$freguesia/tapeus
1495: 
1496:             mad$maria da costa/id=b1694.86-per5
1497: 
1498:             mrmad$jose simoes/id=b1694.86-per6
1499:                ls$residencia/casal da presa
1500: 
1501:       b$b1694.87/6/12/1694/0/0/0/manuel rodrigues alvaro
1502: 
**** auto rels 2 STARTED.
   ** auto rel: from b1694.86-per1-per2 to b1694.86-per1 parentesco/pai
   ** auto rel: from b1694.86-per1-per3 to b1694.86-per1 parentesco/mae
   ** auto rel: from b1694.86-per1-per2 to b1694.86-per1-per3 parentesco/marido
   ** Automatic attribute: b1694.86-per1-per2/ec/c
   ** Automatic attribute: b1694.86-per1-per3/ec/c
** Processing act b$b1694.87
1503:          n$manuel/m/id=b1694.87-per1
1504: 
1505:             pai$manuel de brito/id=b1694.87-per1-per2
1506:                ls$residencia/soure
1507: 
1508:             mae$isabel rodrigues/id=b1694.87-per1-per3
1509: 
1510:             pad$alexandre mendes/id=bpad06121694
1511: 
1512:             mad$francisca/id=b1694.87-per4
1513:                rel$parentesco/irma/alexandre mendes/bpad06121694
1514: 
1515:       b$b1694.88/10/12/1694/0/0/0/luis alvares pinto
1516: 
**** auto rels 2 STARTED.
   ** auto rel: from b1694.87-per1-per2 to b1694.87-per1 parentesco/pai
   ** auto rel: from b1694.87-per1-per3 to b1694.87-per1 parentesco/mae
   ** auto rel: from b1694.87-per1-per2 to b1694.87-per1-per3 parentesco/marido
   ** Automatic attribute: b1694.87-per1-per2/ec/c
   ** Automatic attribute: b1694.87-per1-per3/ec/c
** Processing act b$b1694.88
1517:          n$manuel/m/id=b1694.88-per1
1518: 
1519:             pai$joao de oliveira/id=b1694.88-per1-per2
1520:                ls$residencia/alencarce de cima
1521: 
1522:             mae$isabel simoes/id=b1694.88-per1-per3
1523: 
1524:             pad$manuel de tavora/id=b1694.88-per4
1525:                ls$residencia/soure
1526: 
1527:             mad$isabel/id=b1694.88-per5
1528: 
1529:             mmad$maria goncalves/id=b1694.88-per6
1530:                ls$ec/v
1531:                ls$residencia/alencarce
1532: 
1533:       b$b1694.89/12/12/1694/0/0/0/luis alvares pinto
1534: 
**** auto rels 2 STARTED.
   ** auto rel: from b1694.88-per1-per2 to b1694.88-per1 parentesco/pai
   ** auto rel: from b1694.88-per1-per3 to b1694.88-per1 parentesco/mae
   ** auto rel: from b1694.88-per1-per2 to b1694.88-per1-per3 parentesco/marido
   ** Automatic attribute: b1694.88-per1-per2/ec/c
   ** Automatic attribute: b1694.88-per1-per3/ec/c
** Processing act b$b1694.89
1535:          n$manuel/m/id=b1694.89-per1
1536: 
1537:             pai$francisco antunes/id=b1694.89-per1-per2
1538:                ls$residencia/alencarce de cima
1539: 
1540:             mae$isabel rodrigues/id=b1694.89-per1-per3
1541: 
1542:             pad$luis coelho dos reis/id=b1694.89-per4
1543:                ls$residencia/soure
1544: 
1545:             mad$maria rodrigues/id=b1694.89-per5
1546: 
1547:             mrmad$domingos antunes/id=b1694.89-per6
1548:                ls$residencia/alencarce de cima
1549: 
1550:       b$b1694.90/12/12/1694/0/0/0/luis alvares pinto
1551: 
**** auto rels 2 STARTED.
   ** auto rel: from b1694.89-per1-per2 to b1694.89-per1 parentesco/pai
   ** auto rel: from b1694.89-per1-per3 to b1694.89-per1 parentesco/mae
   ** auto rel: from b1694.89-per1-per2 to b1694.89-per1-per3 parentesco/marido
   ** Automatic attribute: b1694.89-per1-per2/ec/c
   ** Automatic attribute: b1694.89-per1-per3/ec/c
** Processing act b$b1694.90
1552:          n$maria/f/id=b1694.90-per1
1553: 
1554:             pai$manuel rodrigues/id=b1694.90-per1-per2
1555:                ls$residencia/quinta da cruz
1556: 
1557:             mae$maria lourenco/id=b1694.90-per1-per3
1558: 
1559:             pad$manuel soares coelho/id=bpad12121694
1560:                ls$residencia/quinta da cruz#na sua quinta
1561: 
1562:             mad$caetana/id=b1694.90-per4
1563:                rel$parentesco/filha/manuel soares coelho/bpad12121694
1564: *** End of File
0  errors.
**** auto rels 2 STARTED.
   ** auto rel: from b1694.90-per1-per2 to b1694.90-per1 parentesco/pai
   ** auto rel: from b1694.90-per1-per3 to b1694.90-per1 parentesco/mae
   ** auto rel: from b1694.90-per1-per2 to b1694.90-per1-per3 parentesco/marido
   ** Automatic attribute: b1694.90-per1-per2/ec/c
   ** Automatic attribute: b1694.90-per1-per3/ec/c
** Translation finished.
** data file- /Users/jrc/develop/mhk_users/soure/documents/baptismos/B1694.CLI
** original file- /Users/jrc/develop/mhk_users/soure/documents/baptismos/B1694.org
** old file- /Users/jrc/develop/mhk_users/soure/documents/baptismos/B1694.old
** original file- /Users/jrc/develop/mhk_users/soure/documents/baptismos/B1694.ids
