ClioInput - version $Revision$ SWI $Date$
29-5-2017 15-3

Processing data file:/Users/jrc/develop/mhk_users/soure/documents/baptismos/B1699.CLI
-------------------------------------------
Generic Act translation module with geoentities (XML).
     Joaquim Ramos de Carvalho (joaquim@uc.pt) 
** New document: kleio
1: kleio$gacto.str
=========================
kleio translation started
=========================
Structure: gacto.str
Prefix: 
Autorel: 
Translation count: 
Obs: 
Translation count not set or invalid, counting as zero: 
2:    fonte$baptismos 1699/tipo=reg paroquiais/localizacao=fol. 182v-/data=16990000
3: 
**** auto rels 2 STARTED.
** Processing source fonte$baptismos 1699
4:       b$b1699.1/5/1/1699/0/0/0/jose pinto
5: 
**** auto rels 2 STARTED.
** Processing act b$b1699.1
6:          n$joao/m/id=b1699.1-per1
7: 
8:             pai$manuel rodrigues/id=b1699.1-per1-per2
9:                ls$residencia/vale da borra
10: 
11:             mae$catarina simoes%cna simoes/id=b1699.1-per1-per3
12: 
13:             pad$joao simoes/id=b1699.1-per4
14:                ls$alcunha/moco
15:                ls$residencia/vale da borra
16: 
17:             mad$maria simoes/id=b1699.1-per5
18: 
19:             mrmad$manuel jorge/id=b1699.1-per6
20:                ls$residencia/santo isidro, freguesia da gesteira
21:                ls$freguesia/gesteira
22: 
23:       b$b1699.2/8/1/1699/0/0/0/jose pinto/obs=baptizado em necessidade pelo padrinho
24: 
**** auto rels 2 STARTED.
   ** auto rel: from b1699.1-per1-per2 to b1699.1-per1 parentesco/pai
   ** auto rel: from b1699.1-per1-per3 to b1699.1-per1 parentesco/mae
   ** auto rel: from b1699.1-per1-per2 to b1699.1-per1-per3 parentesco/marido
   ** Automatic attribute: b1699.1-per1-per2/ec/c
   ** Automatic attribute: b1699.1-per1-per3/ec/c
** Processing act b$b1699.2
25:          n$manuel/m/id=b1699.2-per1
26: 
27:             pai$afonso rodrigues/id=b1699.2-per1-per2
28:                ls$residencia/casal do malvado
29: 
30:             mae$maria simoes/id=b1699.2-per1-per3
31: 
32:             pad$manuel francisco/id=b1699.2-per4
33:                ls$residencia/casal do malvado
34: 
35:             mad$maria mateus/id=b1699.2-per5
36: 
37:             mrmad$joao rodrigues/id=b1699.2-per6
38:                ls$residencia/casal do malvado
39: 
40:       b$b1699.3/11/1/1699/0/0/0/jose pinto
41: 
**** auto rels 2 STARTED.
   ** auto rel: from b1699.2-per1-per2 to b1699.2-per1 parentesco/pai
   ** auto rel: from b1699.2-per1-per3 to b1699.2-per1 parentesco/mae
   ** auto rel: from b1699.2-per1-per2 to b1699.2-per1-per3 parentesco/marido
   ** Automatic attribute: b1699.2-per1-per2/ec/c
   ** Automatic attribute: b1699.2-per1-per3/ec/c
** Processing act b$b1699.3
42:          n$jose/m/id=b1699.3-per1
43: 
44:             pai$antonio domingues/id=b1699.3-per1-per2
45:                ls$residencia/casais da misericordia
46: 
47:             mae$maria dias/id=b1699.3-per1-per3
48: 
49:             pad$bento francisco/id=b1699.3-per4
50:                ls$residencia/simoes
51: 
52:             mad$ana/id=b1699.3-per5
53: 
54:             pmad$mateus dias/id=b1699.3-per6
55:                ls$residencia/casais da misericordia
56: 
57:       b$b1699.4/18/1/1699/0/0/0/jose pinto
58: 
**** auto rels 2 STARTED.
   ** auto rel: from b1699.3-per1-per2 to b1699.3-per1 parentesco/pai
   ** auto rel: from b1699.3-per1-per3 to b1699.3-per1 parentesco/mae
   ** auto rel: from b1699.3-per1-per2 to b1699.3-per1-per3 parentesco/marido
   ** Automatic attribute: b1699.3-per1-per2/ec/c
   ** Automatic attribute: b1699.3-per1-per3/ec/c
** Processing act b$b1699.4
59:          n$maria/f/id=b1699.4-per1
60: 
61:             pai$jose ferreira/id=b1699.4-per1-per2
62:                ls$residencia/casal dos bechos
63: 
64:             mae$maria jorge/id=b1699.4-per1-per3
65: 
66:             pad$francisco godinho/id=b1699.4-per4
67:                ls$residencia/pouca pena
68: 
69:             mad$maria cardoso/id=b1699.4-per5
70: 
71:             mrmad$joao ferreira/id=b1699.4-per6
72:                ls$residencia/bechos
73: 
74:       b$b1699.5/22/1/1699/0/0/0/jose pinto
75: 
**** auto rels 2 STARTED.
   ** auto rel: from b1699.4-per1-per2 to b1699.4-per1 parentesco/pai
   ** auto rel: from b1699.4-per1-per3 to b1699.4-per1 parentesco/mae
   ** auto rel: from b1699.4-per1-per2 to b1699.4-per1-per3 parentesco/marido
   ** Automatic attribute: b1699.4-per1-per2/ec/c
   ** Automatic attribute: b1699.4-per1-per3/ec/c
** Processing act b$b1699.5
76:          n$antonia/f/id=b1699.5-per1
77: 
78:             pai$jose goncalves/id=b1699.5-per1-per2
79:                ls$residencia/portela
80: 
81:             mae$isabel rodrigues/id=b1699.5-per1-per3
82: 
83:             pad$domingos antunes/id=b1699.5-per4
84:                ls$residencia/carvalheira
85: 
86:             mad$maria/id=b1699.5-per5
87:                ls$ec/s
88: 
89:             pmad$antonio rodrigues/id=b1699.5-per6
90:                ls$residencia/telhada
91: 
92:       b$b1699.6/25/1/1699/0/0/0/luis alvares pinto
93: 
**** auto rels 2 STARTED.
   ** auto rel: from b1699.5-per1-per2 to b1699.5-per1 parentesco/pai
   ** auto rel: from b1699.5-per1-per3 to b1699.5-per1 parentesco/mae
   ** auto rel: from b1699.5-per1-per2 to b1699.5-per1-per3 parentesco/marido
   ** Automatic attribute: b1699.5-per1-per2/ec/c
   ** Automatic attribute: b1699.5-per1-per3/ec/c
** Processing act b$b1699.6
94:          n$maria/f/id=b1699.6-per1
95: 
96:             pai$domingos rodrigues/id=b1699.6-per1-per2
97:                ls$residencia/casa velha
98: 
99:             mae$isabel luis/id=b1699.6-per1-per3
100: 
101:             pad$domingos lopes/id=b1699.6-per4
102:                ls$residencia/casa velha
103: 
104:             mad$maria/id=b1699.6-per5
105: 
106:             pmad$manuel luis/id=b1699.6-per6
107: 
108:       b$b1699.7/8/2/1699/0/0/0/jose pinto
109: 
**** auto rels 2 STARTED.
   ** auto rel: from b1699.6-per1-per2 to b1699.6-per1 parentesco/pai
   ** auto rel: from b1699.6-per1-per3 to b1699.6-per1 parentesco/mae
   ** auto rel: from b1699.6-per1-per2 to b1699.6-per1-per3 parentesco/marido
   ** Automatic attribute: b1699.6-per1-per2/ec/c
   ** Automatic attribute: b1699.6-per1-per3/ec/c
** Processing act b$b1699.7
110:          n$manuel/m/id=b1699.7-per1
111: 
112:             pai$antonio rodrigues/id=b1699.7-per1-per2
113:                ls$residencia/porto coelheiro
114: 
115:             mae$maria cardoso/id=b1699.7-per1-per3
116: 
117:             pad$manuel gaspar/id=b1699.7-per4
118:                ls$residencia/porto coelheiro
119: 
120:             mad$isabel/id=b1699.7-per5
121: 
122:             pmad$lourenco rodrigues/id=b1699.7-per6
123:                ls$residencia/porto coelheiro
124: 
125:       b$b1699.8/8/2/1699/0/0/0/jose pinto
126: 
**** auto rels 2 STARTED.
   ** auto rel: from b1699.7-per1-per2 to b1699.7-per1 parentesco/pai
   ** auto rel: from b1699.7-per1-per3 to b1699.7-per1 parentesco/mae
   ** auto rel: from b1699.7-per1-per2 to b1699.7-per1-per3 parentesco/marido
   ** Automatic attribute: b1699.7-per1-per2/ec/c
   ** Automatic attribute: b1699.7-per1-per3/ec/c
** Processing act b$b1699.8
127:          n$maria/f/id=b1699.8-per1
128: 
129:             pai$joao coelho/id=b1699.8-per1-per2
130:                ls$residencia/casal da corujeira
131: 
132:             mae$maria simoes/id=b1699.8-per1-per3
133: 
134:             pad$manuel cardoso/id=bpad08021699
135:                ls$residencia/moinhos do paleao
136: 
137:             mad$maria/id=b1699.8-per4
138:                rel$parentesco/filha/manuel cardoso/bpad08021699
139: 
140:       b$b1699.9/9/2/1699/0/0/0/jose pinto
141: 
**** auto rels 2 STARTED.
   ** auto rel: from b1699.8-per1-per2 to b1699.8-per1 parentesco/pai
   ** auto rel: from b1699.8-per1-per3 to b1699.8-per1 parentesco/mae
   ** auto rel: from b1699.8-per1-per2 to b1699.8-per1-per3 parentesco/marido
   ** Automatic attribute: b1699.8-per1-per2/ec/c
   ** Automatic attribute: b1699.8-per1-per3/ec/c
** Processing act b$b1699.9
142:          n$mariana/f/id=b1699.9-per1
143: 
144:             pai$manuel marques de oliveira/id=b1699.9-per1-per2
145:                ls$residencia/soure
146:                ls$titulo/licenciado
147: 
148:             mae$luisa pinto/id=b1699.9-per1-per3
149: 
150:             pad$jorge de meneses/id=b1699.9-per4
151:                ls$titulo/dom
152:                ls$residencia/lisboa, freguesia de
153:                ls$freguesia/lisboa ?
154: 
155:             ppad$antonio de meneses/mesmo_que=c113-7/id=b1699.9-per5
156: 
157:             mad$mariana/id=b1699.9-per6
158:                ls$titulo/dona
159:                ls$residencia/lisboa, freguesia de
160:                ls$freguesia/lisboa ?
161:                rel$parentesco/filha/antonio de meneses/c113-7
162: 
163:       b$b1699.10/11/2/1699/0/0/0/luis alvares pinto
164: 
**** auto rels 2 STARTED.
   ** auto rel: from b1699.9-per1-per2 to b1699.9-per1 parentesco/pai
   ** auto rel: from b1699.9-per1-per3 to b1699.9-per1 parentesco/mae
   ** auto rel: from b1699.9-per1-per2 to b1699.9-per1-per3 parentesco/marido
   ** Automatic attribute: b1699.9-per1-per2/ec/c
   ** Automatic attribute: b1699.9-per1-per3/ec/c
** Processing act b$b1699.10
165:          n$joao/m/id=b1699.10-per1
166: 
167:             pai$domingos leao/id=b1699.10-per1-per2
168:                ls$residencia/casal da lagem
169: 
170:             mae$maria de oliveira/id=b1699.10-per1-per3
171: 
172:             pad$joao goncalves/id=b1699.10-per4
173:                ls$residencia/pinheiro
174: 
175:             mad$maria pina/id=b1699.10-per5
176: 
177:             mrmad$antonio rodrigues/id=b1699.10-per6
178:                ls$residencia/lagem
179: 
180:       b$b1699.11/17/2/1699/0/0/0/jose pinto
181: 
**** auto rels 2 STARTED.
   ** auto rel: from b1699.10-per1-per2 to b1699.10-per1 parentesco/pai
   ** auto rel: from b1699.10-per1-per3 to b1699.10-per1 parentesco/mae
   ** auto rel: from b1699.10-per1-per2 to b1699.10-per1-per3 parentesco/marido
   ** Automatic attribute: b1699.10-per1-per2/ec/c
   ** Automatic attribute: b1699.10-per1-per3/ec/c
** Processing act b$b1699.11
182:          n$goncalo/m/id=b1699.11-per1
183: 
184:             pai$manuel rodrigues/id=b1699.11-per1-per2
185:                ls$residencia/barril
186: 
187:             mae$isabel francisca/id=b1699.11-per1-per3
188: 
189:             pad$antonio coelho de carvalho/id=b1699.11-per4
190:                ls$titulo/licenciado
191:                ls$residencia/montemor-o-velho, freguesia de ?
192:                ls$freguesia/montemor ?
193: 
194:             mad$domingas/id=b1699.11-per5
195: 
196:             pmad$manuel joao/id=b1699.11-per6
197:                ls$residencia/casalinhos
198: 
199:       b$b1699.12/17/2/1699/0/0/0/manuel duarte morais,licenciado
200: 
**** auto rels 2 STARTED.
   ** auto rel: from b1699.11-per1-per2 to b1699.11-per1 parentesco/pai
   ** auto rel: from b1699.11-per1-per3 to b1699.11-per1 parentesco/mae
   ** auto rel: from b1699.11-per1-per2 to b1699.11-per1-per3 parentesco/marido
   ** Automatic attribute: b1699.11-per1-per2/ec/c
   ** Automatic attribute: b1699.11-per1-per3/ec/c
** Processing act b$b1699.12
201:          n$jose/m/id=b1699.12-per1
202: 
203:             pai$luis coelho/id=b1699.12-per1-per2
204:                ls$cargo/juiz dos orfaos
205:                ls$residencia/soure
206: 
207:             mae$ana maria da silva/id=b1699.12-per1-per3
208: 
209:             pad$luis manhos de abreu/id=b1699.12-per4
210: 
211:             mad$antonia/id=b1699.12-per5
212: 
213:             pmad$sebastiao colaco leitao/id=b1699.12-per6
214:                ls$residencia/soure
215: 
216:       b$b1699.13/21/2/1699/0/0/0/jose pinto
217: 
**** auto rels 2 STARTED.
   ** auto rel: from b1699.12-per1-per2 to b1699.12-per1 parentesco/pai
   ** auto rel: from b1699.12-per1-per3 to b1699.12-per1 parentesco/mae
   ** auto rel: from b1699.12-per1-per2 to b1699.12-per1-per3 parentesco/marido
   ** Automatic attribute: b1699.12-per1-per2/ec/c
   ** Automatic attribute: b1699.12-per1-per3/ec/c
** Processing act b$b1699.13
218:          n$caetana/f/id=b1699.13-per1
219: 
220:             pai$francisco rodrigues/id=b1699.13-per1-per2
221:                ls$residencia/paleao
222: 
223:             mae$ana pereira/id=b1699.13-per1-per3
224: 
225:             pad$joao rodrigues/id=b1699.13-per4
226:                ls$residencia/casal dos feijoes
227: 
228:             mad$antonia/id=b1699.13-per5
229:                ls$ec/s
230: 
231:             pmad$manuel gomes/id=b1699.13-per6
232:                ls$residencia/porto das cabras
233: 
234:       b$b1699.14/25/2/1699/0/0/0/luis alvares pinto
235: 
**** auto rels 2 STARTED.
   ** auto rel: from b1699.13-per1-per2 to b1699.13-per1 parentesco/pai
   ** auto rel: from b1699.13-per1-per3 to b1699.13-per1 parentesco/mae
   ** auto rel: from b1699.13-per1-per2 to b1699.13-per1-per3 parentesco/marido
   ** Automatic attribute: b1699.13-per1-per2/ec/c
   ** Automatic attribute: b1699.13-per1-per3/ec/c
** Processing act b$b1699.14
236:          n$manuel/m/id=b1699.14-per1
237: 
238:             pai$simao domingues/id=b1699.14-per1-per2
239:                ls$alcunha/moco
240:                ls$residencia/casconho
241: 
242:             mae$isabel lopes/id=b1699.14-per1-per3
243: 
244:             pad$manuel domingues/id=b1699.14-per4
245:                ls$residencia/casconho
246: 
247:             mad$maria rodrigues/id=b1699.14-per5
248: 
249:             mrmad$manuel rodrigues/id=b1699.14-per6
250:                ls$residencia/casconho
251: 
252:       b$b1699.15/27/2/1699/0/0/0/luis alvares pinto
253: 
**** auto rels 2 STARTED.
   ** auto rel: from b1699.14-per1-per2 to b1699.14-per1 parentesco/pai
   ** auto rel: from b1699.14-per1-per3 to b1699.14-per1 parentesco/mae
   ** auto rel: from b1699.14-per1-per2 to b1699.14-per1-per3 parentesco/marido
   ** Automatic attribute: b1699.14-per1-per2/ec/c
   ** Automatic attribute: b1699.14-per1-per3/ec/c
** Processing act b$b1699.15
254:          n$antonio/m/id=b1699.15-per1
255: 
256:             pai$manuel goncalves/id=b1699.15-per1-per2
257:                ls$residencia/paleao
258: 
259:             mae$domingas gomes/id=b1699.15-per1-per3
260: 
261:             pad$manuel gomes derreado/id=b1699.15-per4
262: 
263:             mad$luisa/id=b1699.15-per5
264:                rel$parentesco/sobrinha/mateus rodrigues/br27021699
265: 
266:             referido$mateus rodrigues/id=br27021699
267:                ls$residencia/porto das cabras
268: 
269:       b$b1699.16/1/3/1699/0/0/0/luis alvares pinto
270: 
**** auto rels 2 STARTED.
   ** auto rel: from b1699.15-per1-per2 to b1699.15-per1 parentesco/pai
   ** auto rel: from b1699.15-per1-per3 to b1699.15-per1 parentesco/mae
   ** auto rel: from b1699.15-per1-per2 to b1699.15-per1-per3 parentesco/marido
   ** Automatic attribute: b1699.15-per1-per2/ec/c
   ** Automatic attribute: b1699.15-per1-per3/ec/c
** Processing act b$b1699.16
271:          n$manuel/m/id=b1699.16-per1
272: 
273:             pai$manuel bras/id=b1699.16-per1-per2
274:                ls$residencia/casa velha
275: 
276:             mae$domingas rodrigues/id=b1699.16-per1-per3
277: 
278:             pad$domingos lopes/id=bpad01031699
279:                ls$residencia/casa velha
280: 
281:             mad$maria/id=b1699.16-per4
282: 
283:             pmad$domingos lopes/mesmo_que=bpad01031699/id=b1699.16-per5
284: 
285:       b$b1699.17/6/3/1699/0/0/0/jose pinto
286: 
**** auto rels 2 STARTED.
   ** auto rel: from b1699.16-per1-per2 to b1699.16-per1 parentesco/pai
   ** auto rel: from b1699.16-per1-per3 to b1699.16-per1 parentesco/mae
   ** auto rel: from b1699.16-per1-per2 to b1699.16-per1-per3 parentesco/marido
   ** Automatic attribute: b1699.16-per1-per2/ec/c
   ** Automatic attribute: b1699.16-per1-per3/ec/c
** Processing act b$b1699.17
287:          n$ana/f/id=b1699.17-per1
288: 
289:             pai$antonio antunes/id=b1699.17-per1-per2
290:                ls$residencia/cascao
291: 
292:             mae$maria joao/id=b1699.17-per1-per3
293: 
294:             pad$joao madeira/id=b1699.17-per4
295:                ls$residencia/cascao
296: 
297:             mad$isabel/id=b1699.17-per5
298:                ls$ec/s
299: 
300:             pmad$simao joao/id=b1699.17-per6
301: 
302:       b$b1699.18/10/3/1699/0/0/0/luis alvares pinto
303: 
**** auto rels 2 STARTED.
   ** auto rel: from b1699.17-per1-per2 to b1699.17-per1 parentesco/pai
   ** auto rel: from b1699.17-per1-per3 to b1699.17-per1 parentesco/mae
   ** auto rel: from b1699.17-per1-per2 to b1699.17-per1-per3 parentesco/marido
   ** Automatic attribute: b1699.17-per1-per2/ec/c
   ** Automatic attribute: b1699.17-per1-per3/ec/c
** Processing act b$b1699.18
304:          n$antonio/m/id=b1699.18-per1
305: 
306:             pai$jorge joao/id=b1699.18-per1-per2
307:                ls$residencia/simoes
308: 
309:             mae$catarina simoes/id=b1699.18-per1-per3
310: 
311:             pad$joao goncalves/id=b1699.18-per4
312:                ls$residencia/sobral
313: 
314:             mad$antonia francisca/id=b1699.18-per5
315: 
316:             mrmad$antonio simoes/id=b1699.18-per6
317:                ls$residencia/simoes
318: 
319:       b$b1699.19/11/3/1699/0/0/0/luis alvares pinto
320: 
**** auto rels 2 STARTED.
   ** auto rel: from b1699.18-per1-per2 to b1699.18-per1 parentesco/pai
   ** auto rel: from b1699.18-per1-per3 to b1699.18-per1 parentesco/mae
   ** auto rel: from b1699.18-per1-per2 to b1699.18-per1-per3 parentesco/marido
   ** Automatic attribute: b1699.18-per1-per2/ec/c
   ** Automatic attribute: b1699.18-per1-per3/ec/c
** Processing act b$b1699.19
321:          n$domingas/f/id=b1699.19-per1
322: 
323:             pai$bras domingues/id=b1699.19-per1-per2
324:                ls$residencia/mogadouro
325: 
326:             mae$antonia goncalves/id=b1699.19-per1-per3
327: 
328:             pad$bento francisco/id=b1699.19-per4
329:                ls$residencia/simoes
330: 
331:             mad$maria/id=b1699.19-per5
332: 
333:             pmad$manuel goncalves branco/id=b1699.19-per6
334:                ls$residencia/mogadouro
335: 
336:       b$b1699.20/11/3/1699/0/0/0/luis alvares pinto
337: 
**** auto rels 2 STARTED.
   ** auto rel: from b1699.19-per1-per2 to b1699.19-per1 parentesco/pai
   ** auto rel: from b1699.19-per1-per3 to b1699.19-per1 parentesco/mae
   ** auto rel: from b1699.19-per1-per2 to b1699.19-per1-per3 parentesco/marido
   ** Automatic attribute: b1699.19-per1-per2/ec/c
   ** Automatic attribute: b1699.19-per1-per3/ec/c
** Processing act b$b1699.20
338:          n$antonia/f/id=b1699.20-per1
339: 
340:             pai$antonio rodrigues/id=b1699.20-per1-per2
341:                ls$morto/antes
342: 
343:             mae$isabel rodrigues/id=b1699.20-per1-per3
344:                ls$ec/v
345:                ls$residencia/alencarce de cima
346: 
347:             pad$gaspar rodrigues/id=b1699.20-per4
348:                ls$ec/s
349: 
350:             mad$ana da cruz/id=b1699.20-per5
351: 
352:             mrmad$manuel rodrigues enchado?/id=b1699.20-per6
353:                ls$residencia/alencarce de cima
354: 
355:       b$b1699.21/17/3/1699/0/0/0/jose pinto
356: 
**** auto rels 2 STARTED.
   ** auto rel: from b1699.20-per1-per2 to b1699.20-per1 parentesco/pai
   ** auto rel: from b1699.20-per1-per3 to b1699.20-per1 parentesco/mae
   ** auto rel: from b1699.20-per1-per2 to b1699.20-per1-per3 parentesco/marido
   ** Automatic attribute: b1699.20-per1-per2/ec/c
   ** Automatic attribute: b1699.20-per1-per3/ec/c
** Processing act b$b1699.21
357:          n$josefa/f/id=b1699.21-per1
358: 
359:             pai$manuel gomes pinheiro/id=b1699.21-per1-per2
360:                ls$residencia/soure
361: 
362:             mae$isabel da gante/id=b1699.21-per1-per3
363: 
364:             pad$jose pinto/id=josepinto
365:                ls$profissao/padre
366: 
367:             mad$maria pereira/id=b1699.21-per4
368:                rel$parentesco/irma/jose pinto/josepinto
369: 
370:       b$b1699.22/19/3/1699/0/0/0/manuel rodrigues alvaro
371: 
**** auto rels 2 STARTED.
   ** auto rel: from b1699.21-per1-per2 to b1699.21-per1 parentesco/pai
   ** auto rel: from b1699.21-per1-per3 to b1699.21-per1 parentesco/mae
   ** auto rel: from b1699.21-per1-per2 to b1699.21-per1-per3 parentesco/marido
   ** Automatic attribute: b1699.21-per1-per2/ec/c
   ** Automatic attribute: b1699.21-per1-per3/ec/c
** Processing act b$b1699.22
372:          n$sebastiao/m/id=b1699.22-per1
373: 
374:             pai$antonio goncalves/id=b1699.22-per1-per2
375:                ls$residencia/corcozes
376: 
377:             mae$isabel mendes/id=b1699.22-per1-per3
378: 
379:             pad$sebastiao goncalves/mesmo_que=sgoncalves#verificar esta matricula nos baptismos do ano anterior/id=b1699.22-per4
380:                ls$residencia/soure
381: 
382:             mad$ana/id=b1699.22-per5
383:                rel$parentesco/filha/sebastiao goncalves/sgoncalves
384: 
385:       b$b1699.23/30/3/1699/0/0/0/jose pinto
386: 
**** auto rels 2 STARTED.
   ** auto rel: from b1699.22-per1-per2 to b1699.22-per1 parentesco/pai
   ** auto rel: from b1699.22-per1-per3 to b1699.22-per1 parentesco/mae
   ** auto rel: from b1699.22-per1-per2 to b1699.22-per1-per3 parentesco/marido
   ** Automatic attribute: b1699.22-per1-per2/ec/c
   ** Automatic attribute: b1699.22-per1-per3/ec/c
** Processing act b$b1699.23
387:          n$jose/m/id=b1699.23-per1
388: 
389:             pai$joao goncalves vargas/id=b1699.23-per1-per2
390:                ls$residencia/sobral
391: 
392:             mae$francisca joao/id=b1699.23-per1-per3
393: 
394:             pad$antonio jorge/id=b1699.23-per4
395:                ls$residencia/sobral
396: 
397:             mad$maria/id=b1699.23-per5
398: 
399:             pmad$simao domingues/id=b1699.23-per6
400:                ls$residencia/sobral
401: 
402:       b$b1699.24/30/3/1699/0/0/0/luis alvares pinto
403: 
**** auto rels 2 STARTED.
   ** auto rel: from b1699.23-per1-per2 to b1699.23-per1 parentesco/pai
   ** auto rel: from b1699.23-per1-per3 to b1699.23-per1 parentesco/mae
   ** auto rel: from b1699.23-per1-per2 to b1699.23-per1-per3 parentesco/marido
   ** Automatic attribute: b1699.23-per1-per2/ec/c
   ** Automatic attribute: b1699.23-per1-per3/ec/c
** Processing act b$b1699.24
404:          n$maria/f/id=b1699.24-per1
405: 
406:             pai$antonio rodrigues feijao/id=b1699.24-per1-per2
407:                ls$residencia/casal dos feijoes
408: 
409:             mae$catarina da gante/id=b1699.24-per1-per3
410: 
411:             pad$domingos goncalves/id=b1699.24-per4
412:                ls$residencia/soure
413: 
414:             mad$ines/id=b1699.24-per5
415:                rel$parentesco/sobrinha/domingos da costa/br30031699
416: 
417:             referido$domingos da costa/id=br30031699
418:                ls$profissao/padre
419:                ls$residencia/casais de s.mateus
420: 
421:       b$b1699.25/30/3/1699/0/0/0/jose pinto
422: 
**** auto rels 2 STARTED.
   ** auto rel: from b1699.24-per1-per2 to b1699.24-per1 parentesco/pai
   ** auto rel: from b1699.24-per1-per3 to b1699.24-per1 parentesco/mae
   ** auto rel: from b1699.24-per1-per2 to b1699.24-per1-per3 parentesco/marido
   ** Automatic attribute: b1699.24-per1-per2/ec/c
   ** Automatic attribute: b1699.24-per1-per3/ec/c
** Processing act b$b1699.25
423:          n$mariana/f/id=b1699.25-per1
424: 
425:             pai$joao gomes/id=b1699.25-per1-per2
426:                ls$residencia/casal da venda
427: 
428:             mae$isabel francisca/id=b1699.25-per1-per3
429: 
430:             pad$manuel marques/id=b1699.25-per4
431:                ls$titulo/licenciado
432:                ls$residencia/soure
433: 
434:             mad$maria/id=b1699.25-per5
435:                ls$ec/s
436: 
437:             pmad$manuel joao/id=b1699.25-per6
438:                ls$residencia/torre do sobral
439: 
440:       b$b1699.26/4/4/1699/0/0/0/luis alvares pinto
441: 
**** auto rels 2 STARTED.
   ** auto rel: from b1699.25-per1-per2 to b1699.25-per1 parentesco/pai
   ** auto rel: from b1699.25-per1-per3 to b1699.25-per1 parentesco/mae
   ** auto rel: from b1699.25-per1-per2 to b1699.25-per1-per3 parentesco/marido
   ** Automatic attribute: b1699.25-per1-per2/ec/c
   ** Automatic attribute: b1699.25-per1-per3/ec/c
** Processing act b$b1699.26
442:          n$josefa/f/id=b1699.26-per1
443: 
444:             pai$antonio pereira/id=b1699.26-per1-per2
445:                ls$residencia/casal do paul#junto do porto panelas
446: 
447:             mae$maria do espritio santo/id=b1699.26-per1-per3
448: 
449:             pad$jose/id=b1699.26-per4
450: 
451:             mpad$ana gaspar/id=b1699.26-per5
452:                ls$residencia/paleao
453: 
454:             mad$maria/id=b1699.26-per6
455: 
456:             pmad$joao gomes/id=b1699.26-per7
457:                ls$residencia/porto panelas
458: 
459:       b$b1699.27/6/4/1699/0/0/0/luis alvares pinto
460: 
**** auto rels 2 STARTED.
   ** auto rel: from b1699.26-per1-per2 to b1699.26-per1 parentesco/pai
   ** auto rel: from b1699.26-per1-per3 to b1699.26-per1 parentesco/mae
   ** auto rel: from b1699.26-per1-per2 to b1699.26-per1-per3 parentesco/marido
   ** Automatic attribute: b1699.26-per1-per2/ec/c
   ** Automatic attribute: b1699.26-per1-per3/ec/c
** Processing act b$b1699.27
461:          n$maria/f/id=b1699.27-per1
462: 
463:             pai$manuel marques/id=b1699.27-per1-per2
464:                ls$residencia/paleao
465: 
466:             mae$isabel rodrigues/id=b1699.27-per1-per3
467: 
468:             pad$antonio da gante/id=b1699.27-per4
469:                ls$alcunha/moco
470:                ls$residencia/moinhos do paleao
471: 
472:             mad$teresa/id=b1699.27-per5
473: 
474:             mmad$maria rodrigues curado/id=b1699.27-per6
475:                ls$residencia/paleao
476: 
477:       b$b1699.28/11/4/1699/0/0/0/jose pinto
478: 
**** auto rels 2 STARTED.
   ** auto rel: from b1699.27-per1-per2 to b1699.27-per1 parentesco/pai
   ** auto rel: from b1699.27-per1-per3 to b1699.27-per1 parentesco/mae
   ** auto rel: from b1699.27-per1-per2 to b1699.27-per1-per3 parentesco/marido
   ** Automatic attribute: b1699.27-per1-per2/ec/c
   ** Automatic attribute: b1699.27-per1-per3/ec/c
** Processing act b$b1699.28
479:          n$antonia/f/id=b1699.28-per1
480: 
481:             pai$joao rodrigues/id=b1699.28-per1-per2
482:                ls$residencia/paleao
483: 
484:             mae$maria rodrigues/id=b1699.28-per1-per3
485: 
486:             pad$joao gaspar/id=b1699.28-per4
487:                ls$residencia/paleao
488: 
489:             mad$antonia/id=b1699.28-per5
490: 
491:             mmad$francisca de rodrigues/id=b1699.28-per6
492:                ls$residencia/paleao
493: 
494:       b$b1699.29/12/4/1699/0/0/0/lopo nunes pinto
495: 
**** auto rels 2 STARTED.
   ** auto rel: from b1699.28-per1-per2 to b1699.28-per1 parentesco/pai
   ** auto rel: from b1699.28-per1-per3 to b1699.28-per1 parentesco/mae
   ** auto rel: from b1699.28-per1-per2 to b1699.28-per1-per3 parentesco/marido
   ** Automatic attribute: b1699.28-per1-per2/ec/c
   ** Automatic attribute: b1699.28-per1-per3/ec/c
** Processing act b$b1699.29
496:          n$manuel/m/id=b1699.29-per1
497: 
498:             pai$joao dias/id=b1699.29-per1-per2
499:                ls$residencia/sobral
500: 
501:             mae$antonia fernandes/id=b1699.29-per1-per3
502: 
503:             pad$manuel/id=b1699.29-per4
504: 
505:             ppad$manuel joao/id=b1699.29-per5
506:                ls$residencia/sobral
507: 
508:             mad$domingas jorge/id=b1699.29-per6
509: 
510:             mrmad$manuel simoes galhardo/id=b1699.29-per7
511:                ls$residencia/sobral
512: 
513:       b$b1699.30/12/4/1699/0/0/0/luis pereira de sampaio, conego da se cbr
514: 
**** auto rels 2 STARTED.
   ** auto rel: from b1699.29-per1-per2 to b1699.29-per1 parentesco/pai
   ** auto rel: from b1699.29-per1-per3 to b1699.29-per1 parentesco/mae
   ** auto rel: from b1699.29-per1-per2 to b1699.29-per1-per3 parentesco/marido
   ** Automatic attribute: b1699.29-per1-per2/ec/c
   ** Automatic attribute: b1699.29-per1-per3/ec/c
** Processing act b$b1699.30
515:          n$jacinta/f/id=b1699.30-per1
516: 
517:             pai$joao da costa de vasconcelos/id=b1699.30-per1-per2
518:                ls$residencia/soure
519: 
520:             mae$filipa coutinho/id=b1699.30-per1-per3
521: 
522:             pad$joao de sousa/id=b1699.30-per4
523:                ls$cargo/deputado do santo oficio de coimbra
524: 
525:             mad$jacinta/id=b1699.30-per5
526: 
527:             pmad$paulo ribeiro cabral/mesmo_que=c24-7/id=b1699.30-per6
528: 
529:       b$b1699.31/13/4/1699/0/0/0/luis alvares pinto
530: 
**** auto rels 2 STARTED.
   ** auto rel: from b1699.30-per1-per2 to b1699.30-per1 parentesco/pai
   ** auto rel: from b1699.30-per1-per3 to b1699.30-per1 parentesco/mae
   ** auto rel: from b1699.30-per1-per2 to b1699.30-per1-per3 parentesco/marido
   ** Automatic attribute: b1699.30-per1-per2/ec/c
   ** Automatic attribute: b1699.30-per1-per3/ec/c
** Processing act b$b1699.31
531:          n$manuel/m/id=b1699.31-per1
532: 
533:             pai$francisco rodrigues/id=b1699.31-per1-per2
534:                ls$residencia/casal dos louzoes
535: 
536:             mae$maria rodrigues/id=b1699.31-per1-per3
537: 
538:             pad$joao cordeiro/id=b1699.31-per4
539:                ls$residencia/louzoes
540: 
541:             mad$maria francisca/id=b1699.31-per5
542: 
543:             mrmad$manuel cordeiro/id=b1699.31-per6
544:                ls$residencia/gesteira, freguesia da gesteira
545:                ls$freguesia/gesteira
546: 
547:       b$b1699.32/20/4/1699/0/0/0/jose pinto
548: 
**** auto rels 2 STARTED.
   ** auto rel: from b1699.31-per1-per2 to b1699.31-per1 parentesco/pai
   ** auto rel: from b1699.31-per1-per3 to b1699.31-per1 parentesco/mae
   ** auto rel: from b1699.31-per1-per2 to b1699.31-per1-per3 parentesco/marido
   ** Automatic attribute: b1699.31-per1-per2/ec/c
   ** Automatic attribute: b1699.31-per1-per3/ec/c
** Processing act b$b1699.32
549:          n$antonio/m/id=b1699.32-per1
550: 
551:             pai$joao simoes/id=b1699.32-per1-per2
552:                ls$residencia/casal dos cavaleiros
553: 
554:             mae$isabel francisca/id=b1699.32-per1-per3
555: 
556:             pad$antonio francisco/id=b1699.32-per4
557:                ls$residencia/casal dos cavaleiros
558: 
559:             mad$antonia/id=b1699.32-per5
560: 
561:             pmad$manuel fernandes/id=b1699.32-per6
562:                ls$residencia/casal dos cavaleiros
563: 
564:       b$b1699.33/27/4/1699/0/0/0/jose pinto
565: 
**** auto rels 2 STARTED.
   ** auto rel: from b1699.32-per1-per2 to b1699.32-per1 parentesco/pai
   ** auto rel: from b1699.32-per1-per3 to b1699.32-per1 parentesco/mae
   ** auto rel: from b1699.32-per1-per2 to b1699.32-per1-per3 parentesco/marido
   ** Automatic attribute: b1699.32-per1-per2/ec/c
   ** Automatic attribute: b1699.32-per1-per3/ec/c
** Processing act b$b1699.33
566:          n$maria/f/id=b1699.33-per1
567: 
568:             pai$luis cordeiro/id=b1699.33-per1-per2
569:                ls$residencia/casal das brancas
570: 
571:             mae$maria goncalves/id=b1699.33-per1-per3
572: 
573:             pad$placido/id=b1699.33-per4
574: 
575:             ppad$paulo ribeiro cabral/mesmo_que=c24-7/id=b1699.33-per5
576: 
577:             mad$maria/id=b1699.33-per6
578:                ls$titulo/dona
579: 
580:             mrmad$paulo ribeiro cabral/mesmo_que=c24-7/id=b1699.33-per7
581: 
582:       b$b1699.34/27/4/1699/0/0/0/jose pinto
583: 
**** auto rels 2 STARTED.
   ** auto rel: from b1699.33-per1-per2 to b1699.33-per1 parentesco/pai
   ** auto rel: from b1699.33-per1-per3 to b1699.33-per1 parentesco/mae
   ** auto rel: from b1699.33-per1-per2 to b1699.33-per1-per3 parentesco/marido
   ** Automatic attribute: b1699.33-per1-per2/ec/c
   ** Automatic attribute: b1699.33-per1-per3/ec/c
** Processing act b$b1699.34
584:          n$domingos/m/id=b1699.34-per1
585: 
586:             pai$simao antunes/id=b1699.34-per1-per2
587:                ls$residencia/presa
588: 
589:             mae$domingas joao/id=b1699.34-per1-per3
590: 
591:             pad$domingos jorge/id=b1699.34-per4
592:                ls$residencia/carpinteiros
593: 
594:             mad$maria joao/id=b1699.34-per5
595: 
596:             mrmad$manuel simoes/id=b1699.34-per6
597:                ls$residencia/figueirinha, freguesia da redinha
598:                ls$freguesia/redinha
599: 
600:       b$b1699.35/3/5/1699/0/0/0/luis alvares pinto
601: 
**** auto rels 2 STARTED.
   ** auto rel: from b1699.34-per1-per2 to b1699.34-per1 parentesco/pai
   ** auto rel: from b1699.34-per1-per3 to b1699.34-per1 parentesco/mae
   ** auto rel: from b1699.34-per1-per2 to b1699.34-per1-per3 parentesco/marido
   ** Automatic attribute: b1699.34-per1-per2/ec/c
   ** Automatic attribute: b1699.34-per1-per3/ec/c
** Processing act b$b1699.35
602:          n$antonia/f/id=b1699.35-per1
603: 
604:             pai$manuel alvares dos santos/id=b1699.35-per1-per2
605:                ls$residencia/alencarce de cima
606: 
607:             mae$maria ferreira/id=b1699.35-per1-per3
608: 
609:             pad$francisco madeira/id=b1699.35-per4
610:                ls$residencia/alencarce de cima
611: 
612:             mad$maria/id=b1699.35-per5
613: 
614:             pmad$antonio martins/id=b1699.35-per6
615:                ls$residencia/pinheiro
616: 
617:       b$b1699.36/3/5/1699/0/0/0/domings goncalves, dos casais
618: 
**** auto rels 2 STARTED.
   ** auto rel: from b1699.35-per1-per2 to b1699.35-per1 parentesco/pai
   ** auto rel: from b1699.35-per1-per3 to b1699.35-per1 parentesco/mae
   ** auto rel: from b1699.35-per1-per2 to b1699.35-per1-per3 parentesco/marido
   ** Automatic attribute: b1699.35-per1-per2/ec/c
   ** Automatic attribute: b1699.35-per1-per3/ec/c
** Processing act b$b1699.36
619:          n$jose/m/id=b1699.36-per1
620: 
621:             pai$antonio rodrigues/id=b1699.36-per1-per2
622:                ls$residencia/telhada
623: 
624:             mae$maria madeira/id=b1699.36-per1-per3
625: 
626:             pad$domingos goncalves/mesmo_que=c2-7/id=b1699.36-per4
627:                ls$profissao/padre
628:                ls$residencia/casais
629: 
630:             mad$joana da costa/id=b1699.36-per5
631:                ls$residencia/casa velha
632: 
633:       b$b1699.37/3/5/1699/0/0/0/luis alvares pinto/obs=baptizado em casa em necessidade por isabel madeira
634: 
**** auto rels 2 STARTED.
   ** auto rel: from b1699.36-per1-per2 to b1699.36-per1 parentesco/pai
   ** auto rel: from b1699.36-per1-per3 to b1699.36-per1 parentesco/mae
   ** auto rel: from b1699.36-per1-per2 to b1699.36-per1-per3 parentesco/marido
   ** Automatic attribute: b1699.36-per1-per2/ec/c
   ** Automatic attribute: b1699.36-per1-per3/ec/c
** Processing act b$b1699.37
635:          n$manuel/m/id=bn03051699
636: 
637:             pai$alexandre rodrigues/id=bn03051699-per1
638:                ls$residencia/casal do espirito santo
639: 
640:             mae$maria simoes/id=bn03051699-per2
641: 
642:             pad$vicente colaco/id=b1699.37-per3
643:                ls$residencia/soure
644: 
645:             mad$isabel/id=b1699.37-per4
646: 
647:             pmad$manuel simoes/id=b1699.37-per5
648:                ls$residencia/cavaleiros
649: 
650:             referido$isabel madeira/id=br03051699
651:                rel$sociabilidade/baptizou em necessidade/manuel/bn03051699
652:                ls$residencia/portela
653: 
654:       b$b1699.38/3/5/1699/0/0/0/jose pinto
655: 
**** auto rels 2 STARTED.
   ** auto rel: from bn03051699-per1 to bn03051699 parentesco/pai
   ** auto rel: from bn03051699-per2 to bn03051699 parentesco/mae
   ** auto rel: from bn03051699-per1 to bn03051699-per2 parentesco/marido
   ** Automatic attribute: bn03051699-per1/ec/c
   ** Automatic attribute: bn03051699-per2/ec/c
** Processing act b$b1699.38
656:          n$manuel/m/id=b1699.38-per1
657: 
658:             pai$manuel simoes/id=b1699.38-per1-per2
659:                ls$residencia/casais de s.mateus
660: 
661:             mae$maria madalena/id=b1699.38-per1-per3
662: 
663:             pad$antonio/id=b1699.38-per4
664: 
665:             ppad$manuel rodrigues feijao/id=b1699.38-per5
666: 
667:             mad$maria/id=b1699.38-per6
668: 
669:             pmad$manuel simoes foraleiro?/id=b1699.38-per7
670:                ls$residencia/casal dos feijoes
671: 
672:       b$b1699.39/3/5/1699/0/0/0/luis ribeiro
673: 
**** auto rels 2 STARTED.
   ** auto rel: from b1699.38-per1-per2 to b1699.38-per1 parentesco/pai
   ** auto rel: from b1699.38-per1-per3 to b1699.38-per1 parentesco/mae
   ** auto rel: from b1699.38-per1-per2 to b1699.38-per1-per3 parentesco/marido
   ** Automatic attribute: b1699.38-per1-per2/ec/c
   ** Automatic attribute: b1699.38-per1-per3/ec/c
** Processing act b$b1699.39
674:          n$jose/m/id=b1699.39-per1
675: 
676:             pai$jose da cunha e sa/mesmo_que=c180-7/id=b1699.39-per1-per2
677:                ls$residencia/quinta da torre%na sua quinta da torre, limite do sobral
678: 
679:             mae$ines de melo/id=b1699.39-per1-per3
680:                ls$titulo/dona
681: 
682:             pad$manuel/id=b1699.39-per4
683:                rel$parentesco/cunhado/jose da cunha e sa/c180-7
684:                rel$parentesco/filho/antonio mendes ravasco/br03051699b
685: 
686:             referido$antonio mendes ravasco/id=br03051699b
687:                ls$titulo/licenciado
688:                ls$residencia/soure
689: 
690:             mad$simoa da rosa/id=b1699.39-per5
691: 
692:             mrmad$antonio manhos/id=b1699.39-per6
693:                ls$residencia/soure
694:                ls$titulo/licenciado
695: 
696:       b$b1699.40/4/5/1699/0/0/0/jose pinto
697: 
**** auto rels 2 STARTED.
   ** auto rel: from b1699.39-per1-per2 to b1699.39-per1 parentesco/pai
   ** auto rel: from b1699.39-per1-per3 to b1699.39-per1 parentesco/mae
   ** auto rel: from b1699.39-per1-per2 to b1699.39-per1-per3 parentesco/marido
   ** Automatic attribute: b1699.39-per1-per2/ec/c
   ** Automatic attribute: b1699.39-per1-per3/ec/c
** Processing act b$b1699.40
698:          n$antonia/f/id=b1699.40-per1
699: 
700:             pai$antonio goncalves/id=b1699.40-per1-per2
701:                ls$residencia/mogadouro
702: 
703:             mae$isabel domingues/id=b1699.40-per1-per3
704: 
705:             pad$manuel goncalves/id=b1699.40-per4
706:                ls$residencia/mogadouro
707: 
708:             mad$maria joao/id=b1699.40-per5
709: 
710:             mrmad$manuel simoes/id=b1699.40-per6
711:                ls$residencia/figueirinha, freguesia da redinha
712:                ls$freguesia/redinha
713: 
714:       b$b1699.41/4/5/1699/0/0/0/jose pinto
715: 
**** auto rels 2 STARTED.
   ** auto rel: from b1699.40-per1-per2 to b1699.40-per1 parentesco/pai
   ** auto rel: from b1699.40-per1-per3 to b1699.40-per1 parentesco/mae
   ** auto rel: from b1699.40-per1-per2 to b1699.40-per1-per3 parentesco/marido
   ** Automatic attribute: b1699.40-per1-per2/ec/c
   ** Automatic attribute: b1699.40-per1-per3/ec/c
** Processing act b$b1699.41
716:          n$isabel/f/id=b1699.41-per1
717: 
718:             pai$domingos andre/id=b1699.41-per1-per2
719:                ls$residencia/barrosos
720: 
721:             mae$maria rodrigues/id=b1699.41-per1-per3
722: 
723:             pad$manuel joao/id=b1699.41-per4
724:                ls$residencia/barrosos
725: 
726:             mad$maria/id=b1699.41-per5
727: 
728:             pmad$manuel andre/id=b1699.41-per6
729: 
730:       b$b1699.42/5/5/1699/0/0/0/jose pinto
731: 
**** auto rels 2 STARTED.
   ** auto rel: from b1699.41-per1-per2 to b1699.41-per1 parentesco/pai
   ** auto rel: from b1699.41-per1-per3 to b1699.41-per1 parentesco/mae
   ** auto rel: from b1699.41-per1-per2 to b1699.41-per1-per3 parentesco/marido
   ** Automatic attribute: b1699.41-per1-per2/ec/c
   ** Automatic attribute: b1699.41-per1-per3/ec/c
** Processing act b$b1699.42
732:          n$joao/m/id=b1699.42-per1
733: 
734:             pai$manuel ferreira/id=b1699.42-per1-per2
735:                ls$residencia/marco
736: 
737:             mae$maria rodrigues/id=b1699.42-per1-per3
738: 
739:             pad$antonio martins/id=b1699.42-per4
740:                ls$residencia/pinheiro
741: 
742:             mad$isabel antunes/id=b1699.42-per5
743: 
744:             mrmad$joao simoes/id=b1699.42-per6
745:                ls$profissao/barbeiro
746:                ls$residencia/casal de fernando domingues, freguesia da ega
747:                ls$freguesia/ega
748: 
749:       b$b1699.43/9/5/1699/0/0/0/jose pinto
750: 
**** auto rels 2 STARTED.
   ** auto rel: from b1699.42-per1-per2 to b1699.42-per1 parentesco/pai
   ** auto rel: from b1699.42-per1-per3 to b1699.42-per1 parentesco/mae
   ** auto rel: from b1699.42-per1-per2 to b1699.42-per1-per3 parentesco/marido
   ** Automatic attribute: b1699.42-per1-per2/ec/c
   ** Automatic attribute: b1699.42-per1-per3/ec/c
** Processing act b$b1699.43
751:          n$maria/f/id=b1699.43-per1
752: 
753:             pai$luis domingues/id=b1699.43-per1-per2
754:                ls$residencia/casconho
755: 
756:             mae$maria da costa/id=b1699.43-per1-per3
757: 
758:             pad$joao/id=b1699.43-per4
759: 
760:             mpad$francisca rodrigues/id=b1699.43-per5
761: 
762:             mad$antonia%sua filha/id=b1699.43-per6
763: 
764:       b$b1699.44/9/5/1699/0/0/0/jose pinto
765: 
**** auto rels 2 STARTED.
   ** auto rel: from b1699.43-per1-per2 to b1699.43-per1 parentesco/pai
   ** auto rel: from b1699.43-per1-per3 to b1699.43-per1 parentesco/mae
   ** auto rel: from b1699.43-per1-per2 to b1699.43-per1-per3 parentesco/marido
   ** Automatic attribute: b1699.43-per1-per2/ec/c
   ** Automatic attribute: b1699.43-per1-per3/ec/c
** Processing act b$b1699.44
766:          n$maria/f/id=b1699.44-per1
767: 
768:             pai$luis domingues/id=b1699.44-per1-per2
769:                ls$residencia/casconho
770: 
771:             mae$maria da costa/id=b1699.44-per1-per3
772: 
773:             pad$joao/id=b1699.44-per4
774: 
775:             ppad$francisco rodrigues/id=bppad09051699
776:                ls$residencia/paleao
777: 
778:             mad$antonia/id=b1699.44-per5
779:                rel$parentesco/filha/francisco rodrigues/bppad09051699
780: 
781:       b$b1699.45/11/5/1699/0/0/0/jose pinto
782: 
**** auto rels 2 STARTED.
   ** auto rel: from b1699.44-per1-per2 to b1699.44-per1 parentesco/pai
   ** auto rel: from b1699.44-per1-per3 to b1699.44-per1 parentesco/mae
   ** auto rel: from b1699.44-per1-per2 to b1699.44-per1-per3 parentesco/marido
   ** Automatic attribute: b1699.44-per1-per2/ec/c
   ** Automatic attribute: b1699.44-per1-per3/ec/c
** Processing act b$b1699.45
783:          n$francisco/m/id=b1699.45-per1
784: 
785:             pai$joao rodrigues/id=b1699.45-per1-per2
786:                ls$residencia/sobral
787: 
788:             mae$antonia domingues/id=b1699.45-per1-per3
789: 
790:             pad$manuel simoes galhardo/id=b1699.45-per4
791:                ls$residencia/netos
792: 
793:             mad$catarina domingues/id=b1699.45-per5
794: 
795:             mrmad$manuel rodrigues frangao/id=b1699.45-per6
796:                ls$residencia/netos
797: 
798:       b$b1699.46/11/5/1699/0/0/0/jose pinto
799: 
**** auto rels 2 STARTED.
   ** auto rel: from b1699.45-per1-per2 to b1699.45-per1 parentesco/pai
   ** auto rel: from b1699.45-per1-per3 to b1699.45-per1 parentesco/mae
   ** auto rel: from b1699.45-per1-per2 to b1699.45-per1-per3 parentesco/marido
   ** Automatic attribute: b1699.45-per1-per2/ec/c
   ** Automatic attribute: b1699.45-per1-per3/ec/c
** Processing act b$b1699.46
800:          n$manuel/m/id=b1699.46-per1
801: 
802:             pai$manuel rodrigues/id=b1699.46-per1-per2
803:                ls$residencia/simoes
804: 
805:             mae$ana joao/id=b1699.46-per1-per3
806: 
807:             pad$manuel/id=b1699.46-per4
808: 
809:             mpad$catarina simoes/id=b1699.46-per5
810:                ls$residencia/bonitos
811: 
812:             mad$isabel ferreira/id=b1699.46-per6
813:                ls$ec/s
814:                ls$residencia/caldeiros
815: 
816:       b$b1699.47/17/5/1699/0/0/0/jose pinto
817: 
**** auto rels 2 STARTED.
   ** auto rel: from b1699.46-per1-per2 to b1699.46-per1 parentesco/pai
   ** auto rel: from b1699.46-per1-per3 to b1699.46-per1 parentesco/mae
   ** auto rel: from b1699.46-per1-per2 to b1699.46-per1-per3 parentesco/marido
   ** Automatic attribute: b1699.46-per1-per2/ec/c
   ** Automatic attribute: b1699.46-per1-per3/ec/c
** Processing act b$b1699.47
818:          n$maria/f/id=b1699.47-per1
819: 
820:             pai$domingos goncalves/id=b1699.47-per1-per2
821:                ls$residencia/barrosos
822: 
823:             mae$isabel rodrigues/id=b1699.47-per1-per3
824: 
825:             pad$manuel rodrigues serrao#sera serrano?/id=b1699.47-per4
826:                ls$residencia/soure
827: 
828:             mad$clara rodrigues/id=b1699.47-per5
829: 
830:             mrmad$manuel goncalves/id=b1699.47-per6
831:                ls$residencia/mogadouro
832: 
833:       b$b1699.48/24/5/1699/0/0/0/jose pinto
834: 
**** auto rels 2 STARTED.
   ** auto rel: from b1699.47-per1-per2 to b1699.47-per1 parentesco/pai
   ** auto rel: from b1699.47-per1-per3 to b1699.47-per1 parentesco/mae
   ** auto rel: from b1699.47-per1-per2 to b1699.47-per1-per3 parentesco/marido
   ** Automatic attribute: b1699.47-per1-per2/ec/c
   ** Automatic attribute: b1699.47-per1-per3/ec/c
** Processing act b$b1699.48
835:          n$matias/m/id=b1699.48-per1
836: 
837:             pai$domingos da gante/id=b1699.48-per1-per2
838: 
839:             mae$isabel madeira/id=b1699.48-per1-per3
840: 
841:             pad$matias/id=b1699.48-per4
842: 
843:             ppad$sebastiao goncalves/mesmo_que=sgoncalves#verificar/id=b1699.48-per5
844: 
845:             mad$ana/id=b1699.48-per6
846:                rel$parentesco/filha/sebastiao goncalves/sgoncalves
847: 
848:       b$b1699.49/24/5/1699/0/0/0/jose pinto
849: 
**** auto rels 2 STARTED.
   ** auto rel: from b1699.48-per1-per2 to b1699.48-per1 parentesco/pai
   ** auto rel: from b1699.48-per1-per3 to b1699.48-per1 parentesco/mae
   ** auto rel: from b1699.48-per1-per2 to b1699.48-per1-per3 parentesco/marido
   ** Automatic attribute: b1699.48-per1-per2/ec/c
   ** Automatic attribute: b1699.48-per1-per3/ec/c
** Processing act b$b1699.49
850:          n$ventura/m/id=b1699.49-per1
851: 
852:             pai$manuel carvalho/id=b1699.49-per1-per2
853:                ls$residencia/casais de s.mateus
854: 
855:             mae$antonia carvalho/id=b1699.49-per1-per3
856: 
857:             pad$ventura martins/mesmo_que=c119-9/id=b1699.49-per4
858:                ls$profissao/padre
859:                ls$residencia/soure
860: 
861:             mad$antonia/id=b1699.49-per5
862:                rel$parentesco/sobrinha/ventura martins/c119-9
863: 
864:       b$b1699.50/28/5/1699/0/0/0/1
865: 
**** auto rels 2 STARTED.
   ** auto rel: from b1699.49-per1-per2 to b1699.49-per1 parentesco/pai
   ** auto rel: from b1699.49-per1-per3 to b1699.49-per1 parentesco/mae
   ** auto rel: from b1699.49-per1-per2 to b1699.49-per1-per3 parentesco/marido
   ** Automatic attribute: b1699.49-per1-per2/ec/c
   ** Automatic attribute: b1699.49-per1-per3/ec/c
** Processing act b$b1699.50
866:          n$maria/f/id=b1699.50-per1
867: 
868:             pai$manuel ferreira/id=b1699.50-per1-per2
869:                ls$residencia/fatacos
870: 
871:             mae$maria joao/id=b1699.50-per1-per3
872: 
873:             pad$antonio mendes/id=b1699.50-per4
874:                ls$residencia/fatacos
875: 
876:             mad$catarina francisca/id=b1699.50-per5
877:                ls$ec/v
878:                ls$residencia/cavaleiros
879: 
880:       b$b1699.51/29/5/1699/0/0/0/jose pinto
881: 
**** auto rels 2 STARTED.
   ** auto rel: from b1699.50-per1-per2 to b1699.50-per1 parentesco/pai
   ** auto rel: from b1699.50-per1-per3 to b1699.50-per1 parentesco/mae
   ** auto rel: from b1699.50-per1-per2 to b1699.50-per1-per3 parentesco/marido
   ** Automatic attribute: b1699.50-per1-per2/ec/c
   ** Automatic attribute: b1699.50-per1-per3/ec/c
** Processing act b$b1699.51
882:          n$antonia/f/id=b1699.51-per1
883: 
884:             pai$domingos simoes/id=b1699.51-per1-per2
885:                ls$residencia/carvalheira de baixo
886: 
887:             mae$maria goncalves/id=b1699.51-per1-per3
888: 
889:             pad$miguel francisco/id=b1699.51-per4
890:                ls$residencia/soure
891: 
892:             mad$antonia rodrigues/id=b1699.51-per5
893: 
894:             mrmad$antonio pires/id=b1699.51-per6
895:                ls$residencia/assamassa
896: 
897:       b$b1699.52/2/7/1699/0/0/0/jose pinto
898: 
**** auto rels 2 STARTED.
   ** auto rel: from b1699.51-per1-per2 to b1699.51-per1 parentesco/pai
   ** auto rel: from b1699.51-per1-per3 to b1699.51-per1 parentesco/mae
   ** auto rel: from b1699.51-per1-per2 to b1699.51-per1-per3 parentesco/marido
   ** Automatic attribute: b1699.51-per1-per2/ec/c
   ** Automatic attribute: b1699.51-per1-per3/ec/c
** Processing act b$b1699.52
899:          n$joao/m/id=b1699.52-per1
900: 
901:             pai$francisco simoes/id=b1699.52-per1-per2
902:                ls$residencia/casal do pinheiro
903: 
904:             mae$domingas jeronima/id=b1699.52-per1-per3
905: 
906:             pad$manuel martins/id=b1699.52-per4
907:                ls$residencia/casal do pinheiro
908: 
909:             mad$isabel madeira/id=b1699.52-per5
910: 
911:             mrmad$manuel goncalves/id=b1699.52-per6
912:                ls$residencia/casal do pinheiro
913: 
914:       b$b1699.53/5/7/1699/0/0/0/luis alvares pinto
915: 
**** auto rels 2 STARTED.
   ** auto rel: from b1699.52-per1-per2 to b1699.52-per1 parentesco/pai
   ** auto rel: from b1699.52-per1-per3 to b1699.52-per1 parentesco/mae
   ** auto rel: from b1699.52-per1-per2 to b1699.52-per1-per3 parentesco/marido
   ** Automatic attribute: b1699.52-per1-per2/ec/c
   ** Automatic attribute: b1699.52-per1-per3/ec/c
** Processing act b$b1699.53
916:          n$francisca/f/id=b1699.53-per1
917: 
918:             pai$joao cordeiro/id=b1699.53-per1-per2
919:                ls$residencia/casal dos louzoes
920: 
921:             mae$domingas simoes/id=b1699.53-per1-per3
922: 
923:             pad$sebastiao goncalves/mesmo_que=sgoncalves#verificar/id=b1699.53-per4
924:                ls$residencia/soure
925: 
926:             mad$francisca ferreira/id=b1699.53-per5
927: 
928:             mrmad$domingos goncalves/id=b1699.53-per6
929:                ls$residencia/soure
930: 
931:       b$b1699.54/5/7/1699/0/0/0/luis alvares pinto
932: 
**** auto rels 2 STARTED.
   ** auto rel: from b1699.53-per1-per2 to b1699.53-per1 parentesco/pai
   ** auto rel: from b1699.53-per1-per3 to b1699.53-per1 parentesco/mae
   ** auto rel: from b1699.53-per1-per2 to b1699.53-per1-per3 parentesco/marido
   ** Automatic attribute: b1699.53-per1-per2/ec/c
   ** Automatic attribute: b1699.53-per1-per3/ec/c
** Processing act b$b1699.54
933:          n$teresa/f/id=b1699.54-per1
934: 
935:             pai$luis figueiredo/id=b1699.54-per1-per2
936:                ls$residencia/soure
937: 
938:             mae$ana dos santos/id=b1699.54-per1-per3
939: 
940:             pad$domingos goncalves/id=b1699.54-per4
941:                ls$residencia/soure
942: 
943:             mad$maria/id=b1699.54-per5
944: 
945:             pmad$filipe da costa/id=b1699.54-per6
946:                ls$residencia/casa velha
947: 
948:       b$b1699.55/5/7/1699/0/0/0/jose pinto
949: 
**** auto rels 2 STARTED.
   ** auto rel: from b1699.54-per1-per2 to b1699.54-per1 parentesco/pai
   ** auto rel: from b1699.54-per1-per3 to b1699.54-per1 parentesco/mae
   ** auto rel: from b1699.54-per1-per2 to b1699.54-per1-per3 parentesco/marido
   ** Automatic attribute: b1699.54-per1-per2/ec/c
   ** Automatic attribute: b1699.54-per1-per3/ec/c
** Processing act b$b1699.55
950:          n$francisco/m/id=b1699.55-per1
951: 
952:             pai$manuel francisco gabriel/id=b1699.55-per1-per2
953:                ls$alcunha/moco
954:                ls$residencia/casa velha
955: 
956:             mae$joana da costa/id=b1699.55-per1-per3
957: 
958:             pad$francisco/id=b1699.55-per4
959: 
960:             ppad$manuel francisco gabriel/id=bppad05071699
961:                ls$alcunha/velho
962: 
963:             mad$ines/id=b1699.55-per5
964:                rel$parentesco/madrinha/manuel francisco gabriel/bppad05071699
965: 
966:       b$b1699.56/5/7/1699/0/0/0/jose pinto
967: 
**** auto rels 2 STARTED.
   ** auto rel: from b1699.55-per1-per2 to b1699.55-per1 parentesco/pai
   ** auto rel: from b1699.55-per1-per3 to b1699.55-per1 parentesco/mae
   ** auto rel: from b1699.55-per1-per2 to b1699.55-per1-per3 parentesco/marido
   ** Automatic attribute: b1699.55-per1-per2/ec/c
   ** Automatic attribute: b1699.55-per1-per3/ec/c
** Processing act b$b1699.56
968:          n$joao/m/id=b1699.56-per1
969: 
970:             pai$antonio machado/id=b1699.56-per1-per2
971:                ls$residencia/soure
972: 
973:             mae$maria mendes/id=b1699.56-per1-per3
974: 
975:             pad$joao/id=b1699.56-per4
976: 
977:             ppad$luis coelho/id=b1699.56-per5
978:                ls$residencia/soure
979: 
980:             mad$leogarda/id=b1699.56-per6
981: 
982:             pmad$sebastiao colaco/id=b1699.56-per7
983:                ls$residencia/soure
984: 
985:       b$b1699.57/12/7/1699/0/0/0/jose pinto
986: 
**** auto rels 2 STARTED.
   ** auto rel: from b1699.56-per1-per2 to b1699.56-per1 parentesco/pai
   ** auto rel: from b1699.56-per1-per3 to b1699.56-per1 parentesco/mae
   ** auto rel: from b1699.56-per1-per2 to b1699.56-per1-per3 parentesco/marido
   ** Automatic attribute: b1699.56-per1-per2/ec/c
   ** Automatic attribute: b1699.56-per1-per3/ec/c
** Processing act b$b1699.57
987:          n$isabel/f/id=b1699.57-per1
988: 
989:             pai$domingos mateus/id=b1699.57-per1-per2
990:                ls$residencia/pouca pena
991: 
992:             mae$luisa bernardes/id=b1699.57-per1-per3
993: 
994:             pad$manuel carvalho/id=b1699.57-per4
995:                ls$profissao/padre
996:                ls$residencia/condeixa, freguesia de condeixa-a-?
997:                ls$freguesia/condeixa-a-?
998: 
999:             mad$antonia rodrigues/id=b1699.57-per5
1000: 
1001:             mrmad$antonio pires/id=b1699.57-per6
1002:                ls$residencia/assamassa
1003: 
1004:       b$b1699.58/12/7/1699/0/0/0/jose pinto
1005: 
**** auto rels 2 STARTED.
   ** auto rel: from b1699.57-per1-per2 to b1699.57-per1 parentesco/pai
   ** auto rel: from b1699.57-per1-per3 to b1699.57-per1 parentesco/mae
   ** auto rel: from b1699.57-per1-per2 to b1699.57-per1-per3 parentesco/marido
   ** Automatic attribute: b1699.57-per1-per2/ec/c
   ** Automatic attribute: b1699.57-per1-per3/ec/c
** Processing act b$b1699.58
1006:          n$natalia/f/id=b1699.58-per1
1007: 
1008:             pai$manuel rodrigues centeio/id=b1699.58-per1-per2
1009:                ls$residencia/eureca
1010: 
1011:             mae$maria rodrigues/id=b1699.58-per1-per3
1012: 
1013:             pad$manuel/id=b1699.58-per4
1014: 
1015:             ppad$manuel domingues/id=b1699.58-per5
1016:                ls$residencia/eureca
1017: 
1018:             mad$isabel/id=b1699.58-per6
1019:                ls$ec/s
1020: 
1021:             pmad$manuel rodrigues centeio/id=b1699.58-per7
1022:                ls$morto/antes
1023:                ls$residencia/casal do rei
1024: 
1025:       b$b1699.59/13/7/1699/0/0/0/manuel rodrigues leitao coadjutor do lourical
1026: 
**** auto rels 2 STARTED.
   ** auto rel: from b1699.58-per1-per2 to b1699.58-per1 parentesco/pai
   ** auto rel: from b1699.58-per1-per3 to b1699.58-per1 parentesco/mae
   ** auto rel: from b1699.58-per1-per2 to b1699.58-per1-per3 parentesco/marido
   ** Automatic attribute: b1699.58-per1-per2/ec/c
   ** Automatic attribute: b1699.58-per1-per3/ec/c
** Processing act b$b1699.59
1027:          n$maria/f/id=b1699.59-per1
1028: 
1029:             pai$jorge martins/id=b1699.59-per1-per2
1030:                ls$residencia/casal novo
1031: 
1032:             mae$maria rodrigues/id=b1699.59-per1-per3
1033: 
1034:             pad$manuel rodrigues leitao/id=b1699.59-per4
1035:                ls$profissao/padre
1036:                ls$residencia/lourical,freguesia do lourical
1037:                ls$freguesia/lourical
1038:                ls$cargo/coadjutor no lourical
1039: 
1040:             mad$catarina francisca/id=b1699.59-per5
1041:                ls$ec/v
1042:                ls$residencia/casal novo
1043: 
1044:       b$b1699.60/19/7/1699/0/0/0/jose pinto
1045: 
**** auto rels 2 STARTED.
   ** auto rel: from b1699.59-per1-per2 to b1699.59-per1 parentesco/pai
   ** auto rel: from b1699.59-per1-per3 to b1699.59-per1 parentesco/mae
   ** auto rel: from b1699.59-per1-per2 to b1699.59-per1-per3 parentesco/marido
   ** Automatic attribute: b1699.59-per1-per2/ec/c
   ** Automatic attribute: b1699.59-per1-per3/ec/c
** Processing act b$b1699.60
1046:          n$mariana/f/id=b1699.60-per1
1047: 
1048:             pai$joao simoes/id=b1699.60-per1-per2
1049:                ls$residencia/vale da borra
1050: 
1051:             mae$antonia da costa/id=b1699.60-per1-per3
1052: 
1053:             pad$antonio de melo e ataide/id=b1699.60-per4
1054:                ls$residencia/casa velha
1055: 
1056:             mad$mariana/id=b1699.60-per5
1057: 
1058:             mmad$maria da costa/id=b1699.60-per6
1059:                ls$residencia/casa velha
1060: 
1061:       b$b1699.61/21/7/1699/0/0/0/jose pinto
1062: 
**** auto rels 2 STARTED.
   ** auto rel: from b1699.60-per1-per2 to b1699.60-per1 parentesco/pai
   ** auto rel: from b1699.60-per1-per3 to b1699.60-per1 parentesco/mae
   ** auto rel: from b1699.60-per1-per2 to b1699.60-per1-per3 parentesco/marido
   ** Automatic attribute: b1699.60-per1-per2/ec/c
   ** Automatic attribute: b1699.60-per1-per3/ec/c
** Processing act b$b1699.61
1063:          n$antonia/f/id=b1699.61-per1
1064: 
1065:             pai$manuel martins/id=b1699.61-per1-per2
1066:                ls$residencia/pouca pena
1067: 
1068:             mae$catarina cordeiro/id=b1699.61-per1-per3
1069: 
1070:             pad$manuel/id=b1699.61-per4
1071: 
1072:             ppad$francisco leonardo/id=b1699.61-per5
1073:                ls$residencia/ega, freguesia da ega
1074:                ls$freguesia/ega
1075: 
1076:             mad$serafina ferreira/id=b1699.61-per6
1077: 
1078:             mrmad$manuel pereira/id=b1699.61-per7
1079:                ls$residencia/pouca pena
1080: 
1081:       b$b1699.62/27/7/1699/0/0/0/matias goncalves
1082: 
**** auto rels 2 STARTED.
   ** auto rel: from b1699.61-per1-per2 to b1699.61-per1 parentesco/pai
   ** auto rel: from b1699.61-per1-per3 to b1699.61-per1 parentesco/mae
   ** auto rel: from b1699.61-per1-per2 to b1699.61-per1-per3 parentesco/marido
   ** Automatic attribute: b1699.61-per1-per2/ec/c
   ** Automatic attribute: b1699.61-per1-per3/ec/c
** Processing act b$b1699.62
1083:          n$matias/m/id=b1699.62-per1
1084: 
1085:             pai$joao pimentel/id=b1699.62-per1-per2
1086:                ls$residencia/soure
1087:                ls$alcunha/moco
1088: 
1089:             mae$maria madalena/id=b1699.62-per1-per3
1090: 
1091:             pad$manuel rodrigues/id=b1699.62-per4
1092:                ls$profissao/barbeiro
1093:                ls$residencia/soure
1094: 
1095:             mad$catarina galvao%cna galvoa/id=b1699.62-per5
1096: 
1097:             mrmad$andre goncalves/id=b1699.62-per6
1098:                ls$residencia/soure
1099: 
1100:       b$b1699.63/28/7/1699/0/0/0/lopo nunes pinto/obs=ela pariu nesta freguesia. deduzimos que e' ilegitimo pelo facto de ospais nao viverem juntos embora nao seja expressamente indicado que nao sao casados
1101: 
**** auto rels 2 STARTED.
   ** auto rel: from b1699.62-per1-per2 to b1699.62-per1 parentesco/pai
   ** auto rel: from b1699.62-per1-per3 to b1699.62-per1 parentesco/mae
   ** auto rel: from b1699.62-per1-per2 to b1699.62-per1-per3 parentesco/marido
   ** Automatic attribute: b1699.62-per1-per2/ec/c
   ** Automatic attribute: b1699.62-per1-per3/ec/c
** Processing act b$b1699.63
1102:          n$tomas/m/id=b1699.63-per1
1103: 
1104:             pai$geraldo leal/id=b1699.63-per1-per2
1105:                ls$residencia/meas, freguesia de meas do campo
1106:                ls$freguesia/meas do campo
1107: 
1108:             mae$maria joao/id=b1699.63-per1-per3
1109:                ls$residencia/tentugal, freguesia de tentugal
1110:                ls$freguesia/tentugal
1111: 
1112:             pad$manuel rodrigues/id=bpad28071699
1113:                ls$residencia/tentugal, freguesia de tentugal
1114:                ls$freguesia/tentugal
1115: 
1116:             mad$maria/id=b1699.63-per4
1117:                rel$parentesco/filha/manuel rodrigues/bpad28071699
1118: 
1119:       b$b1699.64/13/8/1699/0/0/0/jose pinto
1120: 
**** auto rels 2 STARTED.
   ** auto rel: from b1699.63-per1-per2 to b1699.63-per1 parentesco/pai
   ** auto rel: from b1699.63-per1-per3 to b1699.63-per1 parentesco/mae
   ** auto rel: from b1699.63-per1-per2 to b1699.63-per1-per3 parentesco/marido
   ** Automatic attribute: b1699.63-per1-per2/ec/c
   ** Automatic attribute: b1699.63-per1-per3/ec/c
** Processing act b$b1699.64
1121:          n$luisa/f/id=b1699.64-per1
1122: 
1123:             pai$manuel carvalho/id=b1699.64-per1-per2
1124:                ls$residencia/soure
1125: 
1126:             mae$maria vieira/id=b1699.64-per1-per3
1127: 
1128:             pad$jacinto/id=b1699.64-per4
1129: 
1130:             ppad$joao da costa de vasconcelos/mesmo_que=c12-7/id=b1699.64-per5
1131: 
1132:             mad$luisa/id=b1699.64-per6
1133: 
1134:             pmad$luis coelho/id=b1699.64-per7
1135:                ls$residencia/soure
1136: 
1137:       b$b1699.65/6/9/1699/0/0/0/jose pinto
1138: 
**** auto rels 2 STARTED.
   ** auto rel: from b1699.64-per1-per2 to b1699.64-per1 parentesco/pai
   ** auto rel: from b1699.64-per1-per3 to b1699.64-per1 parentesco/mae
   ** auto rel: from b1699.64-per1-per2 to b1699.64-per1-per3 parentesco/marido
   ** Automatic attribute: b1699.64-per1-per2/ec/c
   ** Automatic attribute: b1699.64-per1-per3/ec/c
** Processing act b$b1699.65
1139:          n$manuel/m/id=b1699.65-per1
1140: 
1141:             pai$manuel madeira/id=b1699.65-per1-per2
1142:                ls$alcunha/moco
1143:                ls$residencia/alencarce de cima
1144: 
1145:             mae$maria joao/id=b1699.65-per1-per3
1146: 
1147:             pad$francisco madeira/id=b1699.65-per4
1148:                ls$residencia/alencarce de cima
1149: 
1150:             mad$maria/id=b1699.65-per5
1151:                rel$parentesco/sobrinha/domingos joao/br06091699
1152: 
1153:             referido$domingos joao/id=br06091699
1154:                ls$profissao/padre
1155:                ls$residencia/alencarce de cima
1156: 
1157:       b$b1699.66/13/9/1699/0/0/0/manuel martins de soure
1158: 
**** auto rels 2 STARTED.
   ** auto rel: from b1699.65-per1-per2 to b1699.65-per1 parentesco/pai
   ** auto rel: from b1699.65-per1-per3 to b1699.65-per1 parentesco/mae
   ** auto rel: from b1699.65-per1-per2 to b1699.65-per1-per3 parentesco/marido
   ** Automatic attribute: b1699.65-per1-per2/ec/c
   ** Automatic attribute: b1699.65-per1-per3/ec/c
** Processing act b$b1699.66
1159:          n$ana/f/id=b1699.66-per1
1160: 
1161:             pai$manuel rodrigues/id=b1699.66-per1-per2
1162:                ls$residencia/soure
1163: 
1164:             mae$antonio goncalves/id=b1699.66-per1-per3
1165: 
1166:             pad$sebastiao goncalves/mesmo_que=sgoncalves#VERIFICAR/id=b1699.66-per4
1167:                ls$residencia/soure
1168: 
1169:             mad$ana/id=b1699.66-per5
1170:                rel$parentesco/filha/sebastiao goncalves/sgoncalves
1171: 
1172:       b$b1699.67/14/9/1699/0/0/0/domingos joao, alencarce de cima
1173: 
**** auto rels 2 STARTED.
   ** auto rel: from b1699.66-per1-per2 to b1699.66-per1 parentesco/pai
   ** auto rel: from b1699.66-per1-per3 to b1699.66-per1 parentesco/mae
   ** auto rel: from b1699.66-per1-per2 to b1699.66-per1-per3 parentesco/marido
   ** Automatic attribute: b1699.66-per1-per2/ec/c
   ** Automatic attribute: b1699.66-per1-per3/ec/c
** Processing act b$b1699.67
1174:          n$manuel/m/id=b1699.67-per1
1175: 
1176:             pai$joao rodrigues/id=b1699.67-per1-per2
1177:                ls$residencia/alencarce de baixo
1178: 
1179:             mae$isabel cardoso/id=b1699.67-per1-per3
1180: 
1181:             pad$domingos joao/id=bpad14091699
1182:                ls$profissao/padre
1183: 
1184:             mad$maria/id=b1699.67-per4
1185:                rel$parentesco/sobrinha/domingos joao/bpad14091699
1186: 
1187:       b$b1699.68/20/9/1699/0/0/0/jose pinto
1188: 
**** auto rels 2 STARTED.
   ** auto rel: from b1699.67-per1-per2 to b1699.67-per1 parentesco/pai
   ** auto rel: from b1699.67-per1-per3 to b1699.67-per1 parentesco/mae
   ** auto rel: from b1699.67-per1-per2 to b1699.67-per1-per3 parentesco/marido
   ** Automatic attribute: b1699.67-per1-per2/ec/c
   ** Automatic attribute: b1699.67-per1-per3/ec/c
** Processing act b$b1699.68
1189:          n$maria/f/id=b1699.68-per1
1190: 
1191:             pai$manuel rodrigues/id=b1699.68-per1-per2
1192:                ls$residencia/barril
1193: 
1194:             mae$domingas esteves/id=b1699.68-per1-per3
1195: 
1196:             pad$luis manhos de abreu/id=b1699.68-per4
1197: 
1198:             mad$francisca ferreira/id=b1699.68-per5
1199: 
1200:             mrmad$domingos goncalves/id=b1699.68-per6
1201:                ls$residencia/soure
1202: 
1203:       b$b1699.69/27/9/1699/0/0/0/jose pinto
1204: 
**** auto rels 2 STARTED.
   ** auto rel: from b1699.68-per1-per2 to b1699.68-per1 parentesco/pai
   ** auto rel: from b1699.68-per1-per3 to b1699.68-per1 parentesco/mae
   ** auto rel: from b1699.68-per1-per2 to b1699.68-per1-per3 parentesco/marido
   ** Automatic attribute: b1699.68-per1-per2/ec/c
   ** Automatic attribute: b1699.68-per1-per3/ec/c
** Processing act b$b1699.69
1205:          n$jose/m/id=b1699.69-per1
1206: 
1207:             pai$francisco simoes/id=b1699.69-per1-per2
1208:                ls$residencia/cavaleiros
1209: 
1210:             mae$isabel rodrigues/id=b1699.69-per1-per3
1211: 
1212:             pad$manuel goncalves/id=b1699.69-per4
1213:                ls$residencia/anobra, freguesia de anobra
1214:                ls$freguesia/anobra
1215: 
1216:             mad$maria/id=b1699.69-per5
1217: 
1218:             pmad$antonio alvares/id=b1699.69-per6
1219:                ls$residencia/anobra, freguesia de anobra
1220:                ls$freguesia/anobra
1221: 
1222:       b$b1699.70/27/9/1699/0/0/0/jose pinto
1223: 
**** auto rels 2 STARTED.
   ** auto rel: from b1699.69-per1-per2 to b1699.69-per1 parentesco/pai
   ** auto rel: from b1699.69-per1-per3 to b1699.69-per1 parentesco/mae
   ** auto rel: from b1699.69-per1-per2 to b1699.69-per1-per3 parentesco/marido
   ** Automatic attribute: b1699.69-per1-per2/ec/c
   ** Automatic attribute: b1699.69-per1-per3/ec/c
** Processing act b$b1699.70
1224:          n$ana/f/id=b1699.70-per1
1225: 
1226:             pai$antonio jorge/id=b1699.70-per1-per2
1227:                ls$residencia/cascao
1228: 
1229:             mae$ana rodrigues/id=b1699.70-per1-per3
1230: 
1231:             pad$manuel jorge/id=b1699.70-per4
1232:                ls$residencia/alencarce
1233: 
1234:             mad$isabel/id=b1699.70-per5
1235: 
1236:             pmad$simao joao/id=b1699.70-per6
1237:                ls$residencia/cascao
1238: 
1239:       b$b1699.71/27/9/1699/0/0/0/jose pinto
1240: 
**** auto rels 2 STARTED.
   ** auto rel: from b1699.70-per1-per2 to b1699.70-per1 parentesco/pai
   ** auto rel: from b1699.70-per1-per3 to b1699.70-per1 parentesco/mae
   ** auto rel: from b1699.70-per1-per2 to b1699.70-per1-per3 parentesco/marido
   ** Automatic attribute: b1699.70-per1-per2/ec/c
   ** Automatic attribute: b1699.70-per1-per3/ec/c
** Processing act b$b1699.71
1241:          n$luis/m/id=b1699.71-per1
1242: 
1243:             pai$manuel gomes/id=b1699.71-per1-per2
1244:                ls$residencia/soure
1245: 
1246:             mae$antonia dias/id=b1699.71-per1-per3
1247: 
1248:             pad$luis manhos/id=b1699.71-per4
1249:                ls$residencia/soure
1250: 
1251:             mad$maria/id=b1699.71-per5
1252: 
1253:             pmad$domingos antunes/id=b1699.71-per6
1254:                ls$residencia/pinheiro
1255: 
1256:       b$b1699.72/1/10/1699/0/0/0/ventura martins/obs=sem madrinha
1257: 
**** auto rels 2 STARTED.
   ** auto rel: from b1699.71-per1-per2 to b1699.71-per1 parentesco/pai
   ** auto rel: from b1699.71-per1-per3 to b1699.71-per1 parentesco/mae
   ** auto rel: from b1699.71-per1-per2 to b1699.71-per1-per3 parentesco/marido
   ** Automatic attribute: b1699.71-per1-per2/ec/c
   ** Automatic attribute: b1699.71-per1-per3/ec/c
** Processing act b$b1699.72
1258:          n$alexandre/m/id=b1699.72-per1
1259: 
1260:             pai$antonio manhos/id=b1699.72-per1-per2
1261:                ls$titulo/licenciado
1262: 
1263:             mae$simoa da rosa/id=b1699.72-per1-per3
1264: 
1265:             pad$luis manhos de abreu/id=b1699.72-per4
1266:                ls$residencia/soure
1267: 
1268:       b$b1699.73/6/10/1699/0/0/0/jose pinto
1269: 
**** auto rels 2 STARTED.
   ** auto rel: from b1699.72-per1-per2 to b1699.72-per1 parentesco/pai
   ** auto rel: from b1699.72-per1-per3 to b1699.72-per1 parentesco/mae
   ** auto rel: from b1699.72-per1-per2 to b1699.72-per1-per3 parentesco/marido
   ** Automatic attribute: b1699.72-per1-per2/ec/c
   ** Automatic attribute: b1699.72-per1-per3/ec/c
** Processing act b$b1699.73
1270:          n$isabel/f/id=b1699.73-per1
1271: 
1272:             pai$antonio madeira/id=b1699.73-per1-per2
1273:                ls$residencia/paleao
1274: 
1275:             mae$isabel simoes/id=b1699.73-per1-per3
1276: 
1277:             pad$matias/id=b1699.73-per4
1278: 
1279:             ppad$sebastiao goncalves/mesmo_que=sgoncalves/id=b1699.73-per5
1280: 
1281:             mad$isabel/id=b1699.73-per6
1282: 
1283:             pmad$mateus jorge/id=b1699.73-per7
1284:                ls$residencia/paleao
1285: 
1286:       b$b1699.74/7/10/1699/0/0/0/luis alvares pinto/obs=sem madrinha
1287: 
**** auto rels 2 STARTED.
   ** auto rel: from b1699.73-per1-per2 to b1699.73-per1 parentesco/pai
   ** auto rel: from b1699.73-per1-per3 to b1699.73-per1 parentesco/mae
   ** auto rel: from b1699.73-per1-per2 to b1699.73-per1-per3 parentesco/marido
   ** Automatic attribute: b1699.73-per1-per2/ec/c
   ** Automatic attribute: b1699.73-per1-per3/ec/c
** Processing act b$b1699.74
1288:          n$antonio/m/id=b1699.74-per1
1289: 
1290:             pai$manuel dias/id=b1699.74-per1-per2
1291:                ls$residencia/soure
1292: 
1293:             mae$josefa dias/id=b1699.74-per1-per3
1294: 
1295:             pad$antonio manhos/id=b1699.74-per4
1296:                ls$titulo/licenciado
1297:                ls$residencia/soure
1298: 
1299:       b$b1699.75/18/10/1699/0/0/0/luis alvares pinto
1300: 
**** auto rels 2 STARTED.
   ** auto rel: from b1699.74-per1-per2 to b1699.74-per1 parentesco/pai
   ** auto rel: from b1699.74-per1-per3 to b1699.74-per1 parentesco/mae
   ** auto rel: from b1699.74-per1-per2 to b1699.74-per1-per3 parentesco/marido
   ** Automatic attribute: b1699.74-per1-per2/ec/c
   ** Automatic attribute: b1699.74-per1-per3/ec/c
** Processing act b$b1699.75
1301:          n$jose/m/id=bn18101699
1302: 
1303:             pai$manuel pinto/id=bn18101699-per1
1304:                ls$residencia/soure
1305: 
1306:             mae$maria goncalves/id=bn18101699-per2
1307: 
1308:             pad$ventura martins/mesmo_que=c119-9/id=b1699.75-per3
1309:                ls$profissao/padre
1310:                ls$residencia/soure
1311: 
1312:             mad$catarina galvao/id=b1699.75-per4
1313: 
1314:             mrmad$andre goncalves/id=b1699.75-per5
1315:                ls$residencia/soure
1316: 
1317:             referida$brites goncalves/id=br18101699
1318:                rel$sociabilidade/baptizou em necessidade/jose/bn18101699
1319: 
1320:       b$b1699.76/25/10/1699/0/0/0/luis alvares pinto
1321: 
**** auto rels 2 STARTED.
   ** auto rel: from bn18101699-per1 to bn18101699 parentesco/pai
   ** auto rel: from bn18101699-per2 to bn18101699 parentesco/mae
   ** auto rel: from bn18101699-per1 to bn18101699-per2 parentesco/marido
   ** Automatic attribute: bn18101699-per1/ec/c
   ** Automatic attribute: bn18101699-per2/ec/c
** Processing act b$b1699.76
1322:          n$madalena/f/id=b1699.76-per1
1323: 
1324:             pai$manuel duarte/id=b1699.76-per1-per2
1325:                ls$residencia/louzoes
1326: 
1327:             mae$catarina cordeiro/id=b1699.76-per1-per3
1328: 
1329:             pad$joao simoes/id=b1699.76-per4
1330:                ls$residencia/casal novo
1331: 
1332:             mad$isabel/id=b1699.76-per5
1333: 
1334:             pmad$domingos duarte/id=b1699.76-per6
1335:                ls$residencia/piquete, freguesia da gesteira
1336:                ls$freguesia/gesteira
1337: 
1338:       b$b1699.77/26/10/1699/0/0/0/jose pinto
1339: 
**** auto rels 2 STARTED.
   ** auto rel: from b1699.76-per1-per2 to b1699.76-per1 parentesco/pai
   ** auto rel: from b1699.76-per1-per3 to b1699.76-per1 parentesco/mae
   ** auto rel: from b1699.76-per1-per2 to b1699.76-per1-per3 parentesco/marido
   ** Automatic attribute: b1699.76-per1-per2/ec/c
   ** Automatic attribute: b1699.76-per1-per3/ec/c
** Processing act b$b1699.77
1340:          n$maria/f/id=b1699.77-per1
1341: 
1342:             pai$simao francisco/id=b1699.77-per1-per2
1343:                ls$residencia/sobral
1344: 
1345:             mae$isabel cordeiro/id=b1699.77-per1-per3
1346: 
1347:             pad$jose cordeiro/id=b1699.77-per4
1348:                ls$residencia/sobral
1349: 
1350:             mad$domingas jorge/id=b1699.77-per5
1351: 
1352:             mrmad$manuel simoes galhardo/id=b1699.77-per6
1353:                ls$residencia/sobral
1354: 
1355:       b$b1699.78/26/10/1699/0/0/0/jose pinto
1356: 
**** auto rels 2 STARTED.
   ** auto rel: from b1699.77-per1-per2 to b1699.77-per1 parentesco/pai
   ** auto rel: from b1699.77-per1-per3 to b1699.77-per1 parentesco/mae
   ** auto rel: from b1699.77-per1-per2 to b1699.77-per1-per3 parentesco/marido
   ** Automatic attribute: b1699.77-per1-per2/ec/c
   ** Automatic attribute: b1699.77-per1-per3/ec/c
** Processing act b$b1699.78
1357:          n$jose/m/id=b1699.78-per1
1358: 
1359:             pai$bento francisco/id=b1699.78-per1-per2
1360:                ls$residencia/simoes
1361: 
1362:             mae$maria joao/id=b1699.78-per1-per3
1363: 
1364:             pad$manuel goncalves/id=b1699.78-per4
1365:                ls$residencia/santo isidoro
1366: 
1367:             mad$catarina simoes/id=b1699.78-per5
1368: 
1369:             mrmad$jorge joao/id=b1699.78-per6
1370:                ls$residencia/simoes
1371: 
1372:       b$b1699.79/28/10/1699/0/0/0/luis alvares pinto
1373: 
**** auto rels 2 STARTED.
   ** auto rel: from b1699.78-per1-per2 to b1699.78-per1 parentesco/pai
   ** auto rel: from b1699.78-per1-per3 to b1699.78-per1 parentesco/mae
   ** auto rel: from b1699.78-per1-per2 to b1699.78-per1-per3 parentesco/marido
   ** Automatic attribute: b1699.78-per1-per2/ec/c
   ** Automatic attribute: b1699.78-per1-per3/ec/c
** Processing act b$b1699.79
1374:          n$maria/f/id=b1699.79-per1
1375: 
1376:             pai$antonio goncalves/id=b1699.79-per1-per2
1377:                ls$residencia/casal do relvas
1378: 
1379:             mae$ines simoes/id=b1699.79-per1-per3
1380: 
1381:             pad$manuel afonso/id=b1699.79-per4
1382:                ls$residencia/carpinteiros
1383: 
1384:             mad$maria/id=b1699.79-per5
1385: 
1386:             pmad$manuel rodrigues/id=b1699.79-per6
1387:                ls$residencia/laranjeira, freguesia de tapeus
1388:                ls$freguesia/tapeus
1389: 
1390:       b$b1699.80/1/11/1699/0/0/0/jose pinto/obs=sem padrinho
1391: 
**** auto rels 2 STARTED.
   ** auto rel: from b1699.79-per1-per2 to b1699.79-per1 parentesco/pai
   ** auto rel: from b1699.79-per1-per3 to b1699.79-per1 parentesco/mae
   ** auto rel: from b1699.79-per1-per2 to b1699.79-per1-per3 parentesco/marido
   ** Automatic attribute: b1699.79-per1-per2/ec/c
   ** Automatic attribute: b1699.79-per1-per3/ec/c
** Processing act b$b1699.80
1392:          n$manuel/m/id=b1699.80-per1
1393:             ls$ilegitimo/sim
1394: 
1395:             mae$isabel gaspar/id=b1699.80-per1-per2
1396:                ls$alcunha/chichara
1397:                ls$ec/s
1398:                ls$residencia/paleao
1399: 
1400:             pai$joao da cunha/obs=disse ela ser o pai/id=b1699.80-per1-per3
1401:                ls$residencia/paleao
1402: 
1403:             mad$maria gomes/id=b1699.80-per4
1404:                ls$residencia/paleao
1405: 
1406:       b$b1699.81/3/11/1699/0/0/0/luis alvares pinto
1407: 
**** auto rels 2 STARTED.
   ** auto rel: from b1699.80-per1-per3 to b1699.80-per1 parentesco/pai
   ** auto rel: from b1699.80-per1-per2 to b1699.80-per1 parentesco/mae
   ** auto rel: from b1699.80-per1-per3 to b1699.80-per1-per2 parentesco/marido
   ** Automatic attribute: b1699.80-per1-per3/ec/c
   ** Automatic attribute: b1699.80-per1-per2/ec/c
** Processing act b$b1699.81
1408:          n$domingos/m/id=b1699.81-per1
1409: 
1410:             pai$manuel rodrigues/id=b1699.81-per1-per2
1411:                ls$residencia/eureca
1412: 
1413:             mae$maria cardoso/id=b1699.81-per1-per3
1414: 
1415:             pad$manuel dinis/id=b1699.81-per4
1416:                ls$residencia/eureca
1417:                ls$alcunha/velho
1418: 
1419:             mad$teresa francisca/id=b1699.81-per5
1420: 
1421:             mrmad$antonio francisco/id=b1699.81-per6
1422:                ls$residencia/cavaleiros
1423: 
1424:       b$b1699.82/12/11/1699/0/0/0/jose pinto
1425: 
**** auto rels 2 STARTED.
   ** auto rel: from b1699.81-per1-per2 to b1699.81-per1 parentesco/pai
   ** auto rel: from b1699.81-per1-per3 to b1699.81-per1 parentesco/mae
   ** auto rel: from b1699.81-per1-per2 to b1699.81-per1-per3 parentesco/marido
   ** Automatic attribute: b1699.81-per1-per2/ec/c
   ** Automatic attribute: b1699.81-per1-per3/ec/c
** Processing act b$b1699.82
1426:          n$manuel/m/id=b1699.82-per1
1427: 
1428:             pai$simao joao/id=b1699.82-per1-per2
1429:                ls$residencia/porto coelheiro
1430: 
1431:             mae$isabel da silva/id=b1699.82-per1-per3
1432: 
1433:             pad$manuel rodrigues/id=b1699.82-per4
1434:                ls$ec/s
1435:                ls$residencia/quinta#somente
1436: 
1437:             mad$isabel duarte/id=b1699.82-per5
1438:                ls$residencia/porto coelheiro
1439:                ls$ec/s
1440: 
1441:       b$b1699.83/15/11/1699/0/0/0/jose pinto
1442: 
**** auto rels 2 STARTED.
   ** auto rel: from b1699.82-per1-per2 to b1699.82-per1 parentesco/pai
   ** auto rel: from b1699.82-per1-per3 to b1699.82-per1 parentesco/mae
   ** auto rel: from b1699.82-per1-per2 to b1699.82-per1-per3 parentesco/marido
   ** Automatic attribute: b1699.82-per1-per2/ec/c
   ** Automatic attribute: b1699.82-per1-per3/ec/c
** Processing act b$b1699.83
1443:          n$manuel/m/id=b1699.83-per1
1444: 
1445:             pai$manuel rodrigues enchado/id=b1699.83-per1-per2
1446:                ls$residencia/alencarce de cima
1447: 
1448:             mae$ana da cruz/id=b1699.83-per1-per3
1449: 
1450:             pad$luis de seabra/id=b1699.83-per4
1451:                ls$residencia/soure
1452: 
1453:             mad$maria rodrigues/id=b1699.83-per5
1454: 
1455:             mrmad$domingos antunes/id=b1699.83-per6
1456:                ls$residencia/alencarce de cima
1457: 
1458:       b$b1699.84/22/11/1699/0/0/0/manuel cordeiro
1459: 
**** auto rels 2 STARTED.
   ** auto rel: from b1699.83-per1-per2 to b1699.83-per1 parentesco/pai
   ** auto rel: from b1699.83-per1-per3 to b1699.83-per1 parentesco/mae
   ** auto rel: from b1699.83-per1-per2 to b1699.83-per1-per3 parentesco/marido
   ** Automatic attribute: b1699.83-per1-per2/ec/c
   ** Automatic attribute: b1699.83-per1-per3/ec/c
** Processing act b$b1699.84
1460:          n$manuel/m/id=b1699.84-per1
1461: 
1462:             pai$domingos lopes/id=b1699.84-per1-per2
1463:                ls$residencia/casa velha
1464: 
1465:             mae$maria pereira/id=b1699.84-per1-per3
1466: 
1467:             pad$sebastiao machado da costa/mesmo_que=c12-8/id=b1699.84-per4
1468:                ls$residencia/soure
1469: 
1470:             mad$angela/id=b1699.84-per5
1471:                rel$parentesco/filha/sebastiao machado da costa/c12-8
1472: 
1473:       b$b1699.85/22/11/1699/0/0/0/jose pinto
1474: 
**** auto rels 2 STARTED.
   ** auto rel: from b1699.84-per1-per2 to b1699.84-per1 parentesco/pai
   ** auto rel: from b1699.84-per1-per3 to b1699.84-per1 parentesco/mae
   ** auto rel: from b1699.84-per1-per2 to b1699.84-per1-per3 parentesco/marido
   ** Automatic attribute: b1699.84-per1-per2/ec/c
   ** Automatic attribute: b1699.84-per1-per3/ec/c
** Processing act b$b1699.85
1475:          n$antonia/f/id=b1699.85-per1
1476: 
1477:             pai$antonio bras/id=b1699.85-per1-per2
1478:                ls$residencia/carvalheira de baixo
1479: 
1480:             mae$antonia goncalves/id=b1699.85-per1-per3
1481: 
1482:             pad$antonio martins/id=b1699.85-per4
1483:                ls$residencia/lagem
1484: 
1485:             mad$maria/id=b1699.85-per5
1486: 
1487:             pmad$manuel domingues/id=b1699.85-per6
1488:                ls$residencia/leonel
1489: 
1490:       b$b1699.86/23/11/1699/0/0/0/luis ribeiro
1491: 
**** auto rels 2 STARTED.
   ** auto rel: from b1699.85-per1-per2 to b1699.85-per1 parentesco/pai
   ** auto rel: from b1699.85-per1-per3 to b1699.85-per1 parentesco/mae
   ** auto rel: from b1699.85-per1-per2 to b1699.85-per1-per3 parentesco/marido
   ** Automatic attribute: b1699.85-per1-per2/ec/c
   ** Automatic attribute: b1699.85-per1-per3/ec/c
** Processing act b$b1699.86
1492:          n$domingos/m/id=b1699.86-per1
1493: 
1494:             pai$mateus carvalho/id=b1699.86-per1-per2
1495:                ls$residencia/casal das brancas
1496: 
1497:             mae$maria gomes/id=b1699.86-per1-per3
1498: 
1499:             pad$placido/id=b1699.86-per4
1500: 
1501:             ppad$paulo ribeiro cabral/mesmo_que=c24-7/id=b1699.86-per5
1502:                ls$cargo/capitao-mor de soure
1503: 
1504:             mad$cecilia/id=b1699.86-per6
1505:                rel$parentesco/filha/paulo ribeiro cabral/c24-7
1506: 
1507:       b$b1699.87/29/11/1699/0/0/0/jose pinto
1508: 
**** auto rels 2 STARTED.
   ** auto rel: from b1699.86-per1-per2 to b1699.86-per1 parentesco/pai
   ** auto rel: from b1699.86-per1-per3 to b1699.86-per1 parentesco/mae
   ** auto rel: from b1699.86-per1-per2 to b1699.86-per1-per3 parentesco/marido
   ** Automatic attribute: b1699.86-per1-per2/ec/c
   ** Automatic attribute: b1699.86-per1-per3/ec/c
** Processing act b$b1699.87
1509:          n$teresa/f/id=b1699.87-per1
1510: 
1511:             pai$manuel rodrigues/id=b1699.87-per1-per2
1512:                ls$residencia/casconho
1513: 
1514:             mae$maria rodrigues/id=b1699.87-per1-per3
1515: 
1516:             pad$manuel domingues/id=b1699.87-per4
1517:                ls$alcunha/velho
1518:                ls$residencia/casconho
1519: 
1520:             mad$teresa/id=b1699.87-per5
1521: 
1522:             pmad$pedro francisco/id=b1699.87-per6
1523:                ls$residencia/casconho
1524: 
1525:       b$b1699.88/11/12/1699/0/0/0/jose pinto
1526: 
**** auto rels 2 STARTED.
   ** auto rel: from b1699.87-per1-per2 to b1699.87-per1 parentesco/pai
   ** auto rel: from b1699.87-per1-per3 to b1699.87-per1 parentesco/mae
   ** auto rel: from b1699.87-per1-per2 to b1699.87-per1-per3 parentesco/marido
   ** Automatic attribute: b1699.87-per1-per2/ec/c
   ** Automatic attribute: b1699.87-per1-per3/ec/c
** Processing act b$b1699.88
1527:          n$jose/m/id=b1699.88-per1
1528: 
1529:             pai$francisco rodrigues/id=b1699.88-per1-per2
1530:                ls$residencia/casal do marmelo
1531: 
1532:             mae$antonia madeira/id=b1699.88-per1-per3
1533: 
1534:             pad$jose pinto/id=bpad11121699
1535:                ls$profissao/padre
1536:                ls$residencia/soure
1537: 
1538:             mad$maria/id=b1699.88-per4
1539:                rel$parentesco/irma/jose pinto/bpad11121699
1540: 
1541:       b$b1699.89/20/12/1699/0/0/0/jose pinto
1542: 
**** auto rels 2 STARTED.
   ** auto rel: from b1699.88-per1-per2 to b1699.88-per1 parentesco/pai
   ** auto rel: from b1699.88-per1-per3 to b1699.88-per1 parentesco/mae
   ** auto rel: from b1699.88-per1-per2 to b1699.88-per1-per3 parentesco/marido
   ** Automatic attribute: b1699.88-per1-per2/ec/c
   ** Automatic attribute: b1699.88-per1-per3/ec/c
** Processing act b$b1699.89
1543:          n$maria/f/id=b1699.89-per1
1544: 
1545:             pai$francsco antunes/id=b1699.89-per1-per2
1546:                ls$residencia/alencarce de cima
1547: 
1548:             mae$isabel madeira/id=b1699.89-per1-per3
1549: 
1550:             pad$manuel alvares/id=b1699.89-per4
1551:                ls$residencia/alencarce de cima
1552: 
1553:             mad$antonia madeira/id=b1699.89-per5
1554:                ls$ec/s
1555:                ls$residencia/alencarce de cima
1556: 
1557:       b$b1699.90/20/12/1699/0/0/0/ventura martins
1558: 
**** auto rels 2 STARTED.
   ** auto rel: from b1699.89-per1-per2 to b1699.89-per1 parentesco/pai
   ** auto rel: from b1699.89-per1-per3 to b1699.89-per1 parentesco/mae
   ** auto rel: from b1699.89-per1-per2 to b1699.89-per1-per3 parentesco/marido
   ** Automatic attribute: b1699.89-per1-per2/ec/c
   ** Automatic attribute: b1699.89-per1-per3/ec/c
** Processing act b$b1699.90
1559:          n$ana/f/id=b1699.90-per1
1560: 
1561:             pai$jose rodrigues/id=b1699.90-per1-per2
1562:                ls$residencia/soure
1563: 
1564:             mae$ana dos santos/id=b1699.90-per1-per3
1565: 
1566:             pad$anselmo/id=b1699.90-per4
1567: 
1568:             ppad$antonio manhos/id=b1699.90-per5
1569:                ls$titulo/licenciado
1570: 
1571:             mad$ana/id=b1699.90-per6
1572: 
1573:             pmad$sebastiao goncalves/mesmo_que=sgoncalves#verificar/id=b1699.90-per7
1574: *** End of File
0  errors.
**** auto rels 2 STARTED.
   ** auto rel: from b1699.90-per1-per2 to b1699.90-per1 parentesco/pai
   ** auto rel: from b1699.90-per1-per3 to b1699.90-per1 parentesco/mae
   ** auto rel: from b1699.90-per1-per2 to b1699.90-per1-per3 parentesco/marido
   ** Automatic attribute: b1699.90-per1-per2/ec/c
   ** Automatic attribute: b1699.90-per1-per3/ec/c
** Translation finished.
** data file- /Users/jrc/develop/mhk_users/soure/documents/baptismos/B1699.CLI
** original file- /Users/jrc/develop/mhk_users/soure/documents/baptismos/B1699.org
** old file- /Users/jrc/develop/mhk_users/soure/documents/baptismos/B1699.old
** original file- /Users/jrc/develop/mhk_users/soure/documents/baptismos/B1699.ids
