ClioInput - version 2019.A1 - build 507 15/07/2019 21:58 
7-4-2020 18-37

Processing data file b1698.cli
-------------------------------------------
Generic Act translation module with geoentities (XML).
     Joaquim Ramos de Carvalho (joaquim@uc.pt) 
** New document: kleio
=========================
kleio translation started
=========================
Structure: gacto.str
Prefix: 
Autorel: 
Translation count: 10
Obs: 
** Processing source fonte$baptismos 1698
6: b$b1698.1
24: b$b1698.2
41: b$b1698.3
59: b$b1698.3b
77: b$b1698.4
94: b$b1698.5
112: b$b1698.6
128: b$b1698.7
145: b$b1698.8
162: b$b1698.9
181: b$b1698.10
198: b$b1698.11
216: b$b1698.12
233: b$b1698.13
251: b$b1698.14
269: b$b1698.15
286: b$b1698.16
303: b$b1698.17
322: b$b1698.18
340: b$b1698.19
361: b$b1698.20
380: b$b1698.21
396: b$b1698.22
414: b$b1698.23a
433: b$b1698.23b
449: b$b1698.23c
467: b$b1698.23d
484: b$b1698.24
502: b$b1698.25
521: b$b1698.26
539: b$b1698.27
556: b$b1698.28
573: b$b1698.29
592: b$b1698.30
611: b$b1698.31
629: b$b1698.32
647: b$b1698.33
665: b$b1698.34
684: b$b1698.35
699: b$b1698.36
715: b$b1698.37
733: b$b1698.38
751: b$b1698.39
768: b$b1698.40
786: b$b1698.41
804: b$b1698.42
822: b$b1698.43
834: b$b1698.44
851: b$b1698.45
868: b$b1698.46
885: b$b1698.47
902: b$b1698.48
920: b$b1698.49
937: b$b1698.50
955: b$b1698.51
972: b$b1698.52
999: b$b1698.53
1016: b$b1698.54
1033: b$b1698.55
1051: b$b1698.56
1070: b$b1698.57
1088: b$b1698.58
1104: b$b1698.59
1121: b$b1698.60
1143: b$b1698.61
1158: b$b1698.62
1181: b$b1698.63
1198: b$b1698.64
1215: b$b1698.65
1238: b$b1698.66
1254: b$b1698.67
1272: b$b1698.68
1287: b$b1698.69
1304: b$b1698.70
1322: b$b1698.71
1341: b$b1698.72
1356: b$b1698.73
1372: b$b1698.74
1388: b$b1698.75
1410: b$b1698.76
1429: b$b1698.77
1446: b$b1698.78
1468: b$b1698.79
1483: b$b1698.80
1500: b$b1698.81
1518: b$b1698.82
1534: b$b1698.83
1551: b$b1698.84
1569: b$b1698.85
1586: b$b1698.86
1604: b$b1698.87
1622: b$b1698.88
1640: b$b1698.89
1657: b$b1698.90
1679: b$b1698.91
1697: b$b1698.92
1717: b$b1698.93
1735: b$b1698.94
1749: b$b1698.95
1765: b$b1698.96
1782: b$b1698.97
1802: b$b1698.98
1818: b$b1698.99
1836: b$b1698.100
1855: b$b1698.101
1871: b$b1698.102
1889: b$b1698.103
1909: b$b1698.104
1924: b$b1698.105
1942: b$b1698.106
1957: b$b1698.107
1974: b$b1698.108
1995: b$b1698.109
2012: b$b1698.110
2031: b$b1698.111
2043: b$b1698.112
2060: b$b1698.113
*** End of File
** Processed file- /kleio-home/sources/soure-fontes/sources/soure_fase1/baptismos/b1698.cli
** Original file- /kleio-home/sources/soure-fontes/sources/soure_fase1/baptismos/b1698.org
** Previous version- /kleio-home/sources/soure-fontes/sources/soure_fase1/baptismos/b1698.old
** Temp file with ids- /kleio-home/sources/soure-fontes/sources/soure_fase1/baptismos/b1698.ids
0  errors. 
0  warnings.
Translation finished.
