ClioInput - version $Revision$ SWI $Date$
29-5-2017 15-2

Processing data file:/Users/jrc/develop/mhk_users/soure/documents/baptismos/B1690.CLI
-------------------------------------------
Generic Act translation module with geoentities (XML).
     Joaquim Ramos de Carvalho (joaquim@uc.pt) 
** New document: kleio
1: kleio$gacto.str
=========================
kleio translation started
=========================
Structure: gacto.str
Prefix: 
Autorel: 
Translation count: 
Obs: 
Translation count not set or invalid, counting as zero: 
2:    fonte$baptismos 1690/tipo=reg paroquiais/localizacao=fol. 81-/data=16900000
3: 
**** auto rels 2 STARTED.
** Processing source fonte$baptismos 1690
4:       b$b1690.1/8/1/1690/0/0/0/manuel cordeiro
5: 
**** auto rels 2 STARTED.
** Processing act b$b1690.1
6:          n$maria/f/id=b1690.1-per1
7: 
8:             pai$joao rodrigues heleno/m/id=b1690.1-per1-per2
9:                ls$residencia/paleao
10: 
11:             mae$francisca rodrigues/f/id=b1690.1-per1-per3
12: 
13:             pad$manuel rodrigues/m/id=bpad08011690
14: 
15:             ppad$gaspar rodrigues/m/id=bppad08011690
16:                ls$residencia/barrosos
17: 
18:             mad$domingas rodrigues/f/id=b1690.1-per4
19:                rel$parentesco/irma/manuel rodrigues/bpad08011690
20: 
21:             pmad$gaspar rodrigues/m/mesmo_que=bppad08011690/id=b1690.1-per5
22: 
23:       b$b1690.2/9/1/1690/0/0/0/manuel da costa
24: 
**** auto rels 2 STARTED.
   ** auto rel: from b1690.1-per1-per2 to b1690.1-per1 parentesco/pai
   ** auto rel: from b1690.1-per1-per3 to b1690.1-per1 parentesco/mae
   ** auto rel: from b1690.1-per1-per2 to b1690.1-per1-per3 parentesco/marido
   ** Automatic attribute: b1690.1-per1-per2/ec/c
   ** Automatic attribute: b1690.1-per1-per3/ec/c
** Processing act b$b1690.2
25:          n$domingos/m/id=b1690.2-per1
26: 
27:             pai$manuel rodrigues/m/id=b1690.2-per1-per2
28:                ls$profissao/barbeiro
29:                ls$residencia/sobral
30: 
31:             mae$maria simoes/f/id=b1690.2-per1-per3
32: 
33:             pad$gabriel francisco/m/id=b1690.2-per4
34: 
35:             mad$isabel/f/id=b1690.2-per5
36:                ls$ec/s
37: 
38:             pmad$antonio simoes/m/id=b1690.2-per6
39:                ls$residencia/delgados
40: 
41:       b$b1690.3/15/1/1690/0/0/0/manuel cordeiro/obs=sem residencia dos pais e sem madrinha
42: 
**** auto rels 2 STARTED.
   ** auto rel: from b1690.2-per1-per2 to b1690.2-per1 parentesco/pai
   ** auto rel: from b1690.2-per1-per3 to b1690.2-per1 parentesco/mae
   ** auto rel: from b1690.2-per1-per2 to b1690.2-per1-per3 parentesco/marido
   ** Automatic attribute: b1690.2-per1-per2/ec/c
   ** Automatic attribute: b1690.2-per1-per3/ec/c
** Processing act b$b1690.3
43:          n$amaro/m/id=b1690.3-per1
44: 
45:             pai$antonio de andrade/m/id=b1690.3-per1-per2
46: 
47:             mae$domingas rodrigues/f/id=b1690.3-per1-per3
48: 
49:             pad$paulo ribeiro/id=b1690.3-per4
50: 
51:       b$b1690.4/15/1/1690/0/0/0/manuel cordeiro
52: 
**** auto rels 2 STARTED.
   ** auto rel: from b1690.3-per1-per2 to b1690.3-per1 parentesco/pai
   ** auto rel: from b1690.3-per1-per3 to b1690.3-per1 parentesco/mae
   ** auto rel: from b1690.3-per1-per2 to b1690.3-per1-per3 parentesco/marido
   ** Automatic attribute: b1690.3-per1-per2/ec/c
   ** Automatic attribute: b1690.3-per1-per3/ec/c
** Processing act b$b1690.4
53:          n$antonia/f/id=b1690.4-per1
54: 
55:             pai$manuel vaz leao/m/id=b1690.4-per1-per2
56:                ls$residencia/sobral
57: 
58:             mae$maria joao/f/id=b1690.4-per1-per3
59: 
60:             pad$antonio vaz/m/id=b1690.4-per4
61: 
62:             ppad$manuel vaz/m/id=b1690.4-per5
63:                ls$residencia/casa velha
64: 
65:             mad$antonia rodrigues/m/id=b1690.4-per6
66:                ls$residencia/casais do sobral
67: 
68:       b$b1690.5/15/1/1690/0/0/0/manuel cordeiro
69: 
**** auto rels 2 STARTED.
   ** auto rel: from b1690.4-per1-per2 to b1690.4-per1 parentesco/pai
   ** auto rel: from b1690.4-per1-per3 to b1690.4-per1 parentesco/mae
   ** auto rel: from b1690.4-per1-per2 to b1690.4-per1-per3 parentesco/marido
   ** Automatic attribute: b1690.4-per1-per2/ec/c
   ** Automatic attribute: b1690.4-per1-per3/ec/c
** Processing act b$b1690.5
70:          n$catarina/f/id=b1690.5-per1
71: 
72:             pai$manuel goncalves/m/id=b1690.5-per1-per2
73:                ls$profissao/esteireiro
74:                ls$residencia/casais do sobral
75: 
76:             mae$francisca joao/id=b1690.5-per1-per3
77: 
78:             pad$jose da cunha/id=b1690.5-per4
79: 
80:             mad$isabel/f/id=b1690.5-per5
81:                ls$ec/s
82: 
83:             pmad$manuel joao/id=b1690.5-per6
84:                ls$residencia/torre
85: 
86:       b$b1690.6/23/1/1690/0/0/0/manuel cordeiro
87: 
**** auto rels 2 STARTED.
   ** auto rel: from b1690.5-per1-per2 to b1690.5-per1 parentesco/pai
   ** auto rel: from b1690.5-per1-per3 to b1690.5-per1 parentesco/mae
   ** auto rel: from b1690.5-per1-per2 to b1690.5-per1-per3 parentesco/marido
   ** Automatic attribute: b1690.5-per1-per2/ec/c
   ** Automatic attribute: b1690.5-per1-per3/ec/c
** Processing act b$b1690.6
88:          n$maria/f/id=b1690.6-per1
89: 
90:             pai$estevao alves/m/id=b1690.6-per1-per2
91:                ls$residencia/fatacos
92: 
93:             mae$catarina jorge/f/id=b1690.6-per1-per3
94: 
95:             pad$luis coelho/m/id=b1690.6-per4
96:                ls$titulo/licenciado
97: 
98:             mad$maria ferreira/f/id=b1690.6-per5
99:                ls$residencia/casais dos fatacos
100: 
101:       b$b1690.7/23/1/1690/0/0/0/manuel cordeiro
102: 
**** auto rels 2 STARTED.
   ** auto rel: from b1690.6-per1-per2 to b1690.6-per1 parentesco/pai
   ** auto rel: from b1690.6-per1-per3 to b1690.6-per1 parentesco/mae
   ** auto rel: from b1690.6-per1-per2 to b1690.6-per1-per3 parentesco/marido
   ** Automatic attribute: b1690.6-per1-per2/ec/c
   ** Automatic attribute: b1690.6-per1-per3/ec/c
** Processing act b$b1690.7
103:          n$manuel/m/id=b1690.7-per1
104: 
105:             pai$antonio leal/id=b1690.7-per1-per2
106:                ls$residencia/soure
107: 
108:             mae$iria de oliveira/id=b1690.7-per1-per3
109: 
110:             pad$bartolo de oliveira/m/id=bpad23011690
111:                ls$residencia/soure
112: 
113:             mad$antonia de oliveira/f/id=b1690.7-per4
114:                rel$parentesco/irma/bartolo de oliveira/bpad23011690
115:                ls$residencia/soure
116: 
117:       b$b1690.8/28/1/1690/0/0/0/manuel rodrigues da carreira
118: 
**** auto rels 2 STARTED.
   ** auto rel: from b1690.7-per1-per2 to b1690.7-per1 parentesco/pai
   ** auto rel: from b1690.7-per1-per3 to b1690.7-per1 parentesco/mae
   ** auto rel: from b1690.7-per1-per2 to b1690.7-per1-per3 parentesco/marido
   ** Automatic attribute: b1690.7-per1-per2/ec/c
   ** Automatic attribute: b1690.7-per1-per3/ec/c
** Processing act b$b1690.8
119:          n$angelica/f/id=b1690.8-per1
120: 
121:             pai$mateus jorge/m/id=b1690.8-per1-per2
122:                ls$residencia/paleao
123: 
124:             mae$maria afonso/f/id=b1690.8-per1-per3
125: 
126:             pad$diogo marques/m/id=b1690.8-per4
127:                ls$profissao/padre
128:                ls$titulo/frei
129:                ls$cargo/beneficiado na igreja de soure
130: 
131:             mad$ines/f/id=b1690.8-per5
132: 
133:             pmad$antonio mendes ravasco/id=b1690.8-per6
134:                ls$residencia/s.mateus
135:                ls$titulo/licenciado
136: 
137:       b$b1690.9/5/2/1690/0/0/0/manuel rodrigues da carreira/obs=nao tem madrinha
138: 
**** auto rels 2 STARTED.
   ** auto rel: from b1690.8-per1-per2 to b1690.8-per1 parentesco/pai
   ** auto rel: from b1690.8-per1-per3 to b1690.8-per1 parentesco/mae
   ** auto rel: from b1690.8-per1-per2 to b1690.8-per1-per3 parentesco/marido
   ** Automatic attribute: b1690.8-per1-per2/ec/c
   ** Automatic attribute: b1690.8-per1-per3/ec/c
** Processing act b$b1690.9
139:          n$teresa/f/id=b1690.9-per1
140: 
141:             pai$pedro de eiro/id=b1690.9-per1-per2
142:                ls$cargo/escrivao da camara
143:                ls$residencia/soure
144: 
145:             mae$maria travassos/id=b1690.9-per1-per3
146:                ls$residencia/soure
147: 
148:             pad$pedro de meneses/id=b1690.9-per4
149:                ls$titulo/dom
150: 
151:       b$b1690.10/7/2/1690/0/0/0/manuel rodrigues da carreira
152: 
**** auto rels 2 STARTED.
   ** auto rel: from b1690.9-per1-per2 to b1690.9-per1 parentesco/pai
   ** auto rel: from b1690.9-per1-per3 to b1690.9-per1 parentesco/mae
   ** auto rel: from b1690.9-per1-per2 to b1690.9-per1-per3 parentesco/marido
   ** Automatic attribute: b1690.9-per1-per2/ec/c
   ** Automatic attribute: b1690.9-per1-per3/ec/c
** Processing act b$b1690.10
153:          n$maria/f/id=b1690.10-per1
154: 
155:             pai$antonio simoes/id=b1690.10-per1-per2
156:                ls$residencia/soure
157: 
158:             mae$francisca leal/id=b1690.10-per1-per3
159: 
160:             pad$amaro de pina/id=b1690.10-per4
161:                ls$residencia/soure
162: 
163:             mad$maria/id=b1690.10-per5
164: 
165:             pmad$joao pimentel/id=b1690.10-per6
166:                ls$residencia/soure
167: 
168:       b$b1690.11/12/2/1690/0/0/0/manuel rodrigues
169: 
**** auto rels 2 STARTED.
   ** auto rel: from b1690.10-per1-per2 to b1690.10-per1 parentesco/pai
   ** auto rel: from b1690.10-per1-per3 to b1690.10-per1 parentesco/mae
   ** auto rel: from b1690.10-per1-per2 to b1690.10-per1-per3 parentesco/marido
   ** Automatic attribute: b1690.10-per1-per2/ec/c
   ** Automatic attribute: b1690.10-per1-per3/ec/c
** Processing act b$b1690.11
170:          n$antonio/m/id=b1690.11-per1
171: 
172:             pai$antonio domingues/m/id=b1690.11-per1-per2
173:                ls$residencia/casais da misericordia
174: 
175:             mae$maria dias/id=b1690.11-per1-per3
176: 
177:             pad$domingos dias/m/id=b1690.11-per4
178:                ls$ec/s
179: 
180:             ppad$mateus dias/id=b1690.11-per5
181: 
182:             mad$maria joao/id=b1690.11-per6
183: 
184:             mrmad$antonio simoes/id=b1690.11-per7
185:                ls$residencia/mogadouro
186: 
187:       b$b1690.12/12/2/1690/0/0/0/manuel rodrigues
188: 
**** auto rels 2 STARTED.
   ** auto rel: from b1690.11-per1-per2 to b1690.11-per1 parentesco/pai
   ** auto rel: from b1690.11-per1-per3 to b1690.11-per1 parentesco/mae
   ** auto rel: from b1690.11-per1-per2 to b1690.11-per1-per3 parentesco/marido
   ** Automatic attribute: b1690.11-per1-per2/ec/c
   ** Automatic attribute: b1690.11-per1-per3/ec/c
** Processing act b$b1690.12
189:          n$manuel/m/id=b1690.12-per1
190: 
191:             pai$joao rodrigues serrano/id=b1690.12-per1-per2
192:                ls$residencia/soure
193: 
194:             mae$maria gomes/id=b1690.12-per1-per3
195: 
196:             pad$manuel gomes/id=bpad12021690
197:                ls$residencia/paleao
198:                ls$profissao/sapateiro
199: 
200:             mad$maria/f/id=b1690.12-per4
201: 
202:             pmad$manuel gomes/mesmo_que=bpad12021690/id=b1690.12-per5
203: 
204:       b$b1690.13/16/2/1690/0/0/0/manuel rodrigues da carreira
205: 
**** auto rels 2 STARTED.
   ** auto rel: from b1690.12-per1-per2 to b1690.12-per1 parentesco/pai
   ** auto rel: from b1690.12-per1-per3 to b1690.12-per1 parentesco/mae
   ** auto rel: from b1690.12-per1-per2 to b1690.12-per1-per3 parentesco/marido
   ** Automatic attribute: b1690.12-per1-per2/ec/c
   ** Automatic attribute: b1690.12-per1-per3/ec/c
** Processing act b$b1690.13
206:          n$joana/f/id=b1690.13-per1
207: 
208:             pai$joao rodrigues/m/id=b1690.13-per1-per2
209:                ls$residencia/beltroes
210: 
211:             mae$maria tome/id=b1690.13-per1-per3
212: 
213:             pad$manuel rodrigues formigo/id=b1690.13-per4
214:                ls$residencia/barril
215: 
216:             mad$maria francisca/f/id=b1690.13-per5
217:                ls$residencia/casalinhos
218: 
219:             mrmad$manuel joao/id=b1690.13-per6
220:                ls$residencia/casalinhos
221: 
222:       b$b1690.14/19/2/1690/0/0/0/manuel rodrigues da carreira
223: 
**** auto rels 2 STARTED.
   ** auto rel: from b1690.13-per1-per2 to b1690.13-per1 parentesco/pai
   ** auto rel: from b1690.13-per1-per3 to b1690.13-per1 parentesco/mae
   ** auto rel: from b1690.13-per1-per2 to b1690.13-per1-per3 parentesco/marido
   ** Automatic attribute: b1690.13-per1-per2/ec/c
   ** Automatic attribute: b1690.13-per1-per3/ec/c
** Processing act b$b1690.14
224:          n$manuel/m/id=b1690.14-per1
225: 
226:             pai$antonio antunes/m/id=b1690.14-per1-per2
227:                ls$residencia/casais do cascao
228: 
229:             mae$maria joao/id=b1690.14-per1-per3
230: 
231:             pad$manuel martins/m/id=b1690.14-per4
232:                ls$residencia/cascao
233: 
234:             mad$maria simoes/f/id=b1690.14-per5
235: 
236:             mrmad$joao madeira/id=b1690.14-per6
237:                ls$residencia/cascao
238: 
239:       b$b1690.15/21/2/1690/0/0/0/manuel cordeiro, cura nesta igreja
240: 
**** auto rels 2 STARTED.
   ** auto rel: from b1690.14-per1-per2 to b1690.14-per1 parentesco/pai
   ** auto rel: from b1690.14-per1-per3 to b1690.14-per1 parentesco/mae
   ** auto rel: from b1690.14-per1-per2 to b1690.14-per1-per3 parentesco/marido
   ** Automatic attribute: b1690.14-per1-per2/ec/c
   ** Automatic attribute: b1690.14-per1-per3/ec/c
** Processing act b$b1690.15
241:          n$luis/m/id=b1690.15-per1
242: 
243:             pai$manuel madeira/id=b1690.15-per1-per2
244:                ls$residencia/alencarce de cima
245: 
246:             mae$catarina rodrigues/id=b1690.15-per1-per3
247: 
248:             pad$luis coelho/m/id=b1690.15-per4
249:                ls$titulo/licenciado
250: 
251:             mad$maria/id=b1690.15-per5
252:                ls$ec/s
253: 
254:             pmad$manuel alvares/id=b1690.15-per6
255:                ls$residencia/alencarce de cima
256: 
257:             mmad$maria ferreira/id=b1690.15-per7
258: 
259:       b$b1690.16/24/2/1690/0/0/0/manuel rodrigues da carreira
260: 
**** auto rels 2 STARTED.
   ** auto rel: from b1690.15-per1-per2 to b1690.15-per1 parentesco/pai
   ** auto rel: from b1690.15-per1-per3 to b1690.15-per1 parentesco/mae
   ** auto rel: from b1690.15-per1-per2 to b1690.15-per1-per3 parentesco/marido
   ** Automatic attribute: b1690.15-per1-per2/ec/c
   ** Automatic attribute: b1690.15-per1-per3/ec/c
   ** auto rel: from b1690.15-per6 to b1690.15-per7 parentesco/marido
** Processing act b$b1690.16
261:          n$isabel/f/id=b1690.16-per1
262: 
263:             pai$manuel simoes/id=b1690.16-per1-per2
264:                ls$residencia/casais dos simoes
265: 
266:             mae$maria francisca/id=b1690.16-per1-per3
267: 
268:             pad$pedro de eiro/id=b1690.16-per4
269:                ls$cargo/escrivao da camara
270: 
271:             mad$isabel/f/id=b1690.16-per5
272:                ls$ec/s
273: 
274:             pmad$manuel simoes/m/id=b1690.16-per6
275:                ls$residencia/estercadas
276: 
277:       b$b1690.25/6/3/1690/0/0/0/manuel rodrigues da carreira
278: 
**** auto rels 2 STARTED.
   ** auto rel: from b1690.16-per1-per2 to b1690.16-per1 parentesco/pai
   ** auto rel: from b1690.16-per1-per3 to b1690.16-per1 parentesco/mae
   ** auto rel: from b1690.16-per1-per2 to b1690.16-per1-per3 parentesco/marido
   ** Automatic attribute: b1690.16-per1-per2/ec/c
   ** Automatic attribute: b1690.16-per1-per3/ec/c
** Processing act b$b1690.25
279:          n$josefa/f/id=b1690.25-per1
280: 
281:             pai$antonio rodrigues/m/id=b1690.25-per1-per2
282:                ls$residencia/telhada
283: 
284:             mae$maria madeira/id=b1690.25-per1-per3
285: 
286:             pad$manuel homem de quadros/id=bpad06031690
287: 
288:             mad$josefa/f/id=b1690.25-per4
289:                rel$parentesco/sobrinha/manuel homem de quadros/bpad06031690
290: 
291:       b$b1690.26/8/3/1690/0/0/0/manuel rodrigues da carreira
292: 
**** auto rels 2 STARTED.
   ** auto rel: from b1690.25-per1-per2 to b1690.25-per1 parentesco/pai
   ** auto rel: from b1690.25-per1-per3 to b1690.25-per1 parentesco/mae
   ** auto rel: from b1690.25-per1-per2 to b1690.25-per1-per3 parentesco/marido
   ** Automatic attribute: b1690.25-per1-per2/ec/c
   ** Automatic attribute: b1690.25-per1-per3/ec/c
** Processing act b$b1690.26
293:          n$rosa maria/f/id=b1690.26-per1
294: 
295:             pai$joao rodrigues/m/id=b1690.26-per1-per2
296:                ls$residencia/sobral
297: 
298:             mae$antonio domingues/id=b1690.26-per1-per3
299: 
300:             pad$rodrigo homem da cunha/id=bpad08031690
301:                ls$residencia/sobral
302: 
303:             mad$maria/id=b1690.26-per4
304:                ls$titulo/dona
305:                rel$parentesco/mae/rodrigo homem da cunha/bpad08031690
306:                ls$residencia/sobral
307: 
308:       b$b1690.27/8/3/1690/0/0/0/manuel cordeiro
309: 
**** auto rels 2 STARTED.
   ** auto rel: from b1690.26-per1-per2 to b1690.26-per1 parentesco/pai
   ** auto rel: from b1690.26-per1-per3 to b1690.26-per1 parentesco/mae
   ** auto rel: from b1690.26-per1-per2 to b1690.26-per1-per3 parentesco/marido
   ** Automatic attribute: b1690.26-per1-per2/ec/c
   ** Automatic attribute: b1690.26-per1-per3/ec/c
** Processing act b$b1690.27
310:          n$joao/m/id=b1690.27-per1
311: 
312:             pai$manuel de faria/id=b1690.27-per1-per2
313:                ls$residencia/soure
314: 
315:             mae$maria joao/id=b1690.27-per1-per3
316: 
317:             pad$manuel de tavora/id=b1690.27-per4
318: 
319:             mad$maria/f/id=b1690.27-per5
320:                ls$ec/s
321: 
322:             pmad$joao francisco/id=b1690.27-per6
323:                ls$profissao/carpinteiro
324:                ls$residencia/soure
325: 
326:       b$b1690.28/16/3/1690/0/0/0/manuel rodrigues da carreira
327: 
**** auto rels 2 STARTED.
   ** auto rel: from b1690.27-per1-per2 to b1690.27-per1 parentesco/pai
   ** auto rel: from b1690.27-per1-per3 to b1690.27-per1 parentesco/mae
   ** auto rel: from b1690.27-per1-per2 to b1690.27-per1-per3 parentesco/marido
   ** Automatic attribute: b1690.27-per1-per2/ec/c
   ** Automatic attribute: b1690.27-per1-per3/ec/c
** Processing act b$b1690.28
328:          n$manuel/m/id=b1690.28-per1
329: 
330:             pai$antonio simoes galhardo/m/id=b1690.28-per1-per2
331:                ls$residencia/sobral
332: 
333:             mae$antonia rodrigues/id=b1690.28-per1-per3
334: 
335:             pad$joao simoes/m/id=b1690.28-per4
336:                ls$residencia/quieitide?
337: 
338:             mad$domingas jorge/f/id=b1690.28-per5
339: 
340:             mrmad$manuel simoes/id=b1690.28-per6
341: 
342:       b$b1690.29/22/3/1690/0/0/0/manuel cordeiro/obs= sem madrinha
343: 
**** auto rels 2 STARTED.
   ** auto rel: from b1690.28-per1-per2 to b1690.28-per1 parentesco/pai
   ** auto rel: from b1690.28-per1-per3 to b1690.28-per1 parentesco/mae
   ** auto rel: from b1690.28-per1-per2 to b1690.28-per1-per3 parentesco/marido
   ** Automatic attribute: b1690.28-per1-per2/ec/c
   ** Automatic attribute: b1690.28-per1-per3/ec/c
** Processing act b$b1690.29
344:          n$maria/f/id=b1690.29-per1
345: 
346:             pai$domingos dos santos/id=b1690.29-per1-per2
347:                ls$residencia/soure
348: 
349:             mae$domingas henriques/id=b1690.29-per1-per3
350: 
351:             pad$joao da costa de vasconcelos/id=b1690.29-per4
352:                ls$cargo/capitao
353: 
354:       b$b1690.30/26/3/1690/0/0/0/manuel cordeiro/obs= dia de pascoa
355: 
**** auto rels 2 STARTED.
   ** auto rel: from b1690.29-per1-per2 to b1690.29-per1 parentesco/pai
   ** auto rel: from b1690.29-per1-per3 to b1690.29-per1 parentesco/mae
   ** auto rel: from b1690.29-per1-per2 to b1690.29-per1-per3 parentesco/marido
   ** Automatic attribute: b1690.29-per1-per2/ec/c
   ** Automatic attribute: b1690.29-per1-per3/ec/c
** Processing act b$b1690.30
356:          n$joao/m/id=b1690.30-per1
357: 
358:             pai$francisco rodrigues/id=b1690.30-per1-per2
359:                ls$residencia/casal da misericordia
360: 
361:             mae$ana carvalho/id=b1690.30-per1-per3
362: 
363:             pad$manuel mendes de caralho/id=b1690.30-per4
364: 
365:             mad$francisca martins/id=b1690.30-per5
366:                ls$ec/s
367: 
368:       b$b1690.30a/26/3/1690/0/0/0/manuel cordeiro
369: 
**** auto rels 2 STARTED.
   ** auto rel: from b1690.30-per1-per2 to b1690.30-per1 parentesco/pai
   ** auto rel: from b1690.30-per1-per3 to b1690.30-per1 parentesco/mae
   ** auto rel: from b1690.30-per1-per2 to b1690.30-per1-per3 parentesco/marido
   ** Automatic attribute: b1690.30-per1-per2/ec/c
   ** Automatic attribute: b1690.30-per1-per3/ec/c
** Processing act b$b1690.30a
370:          n$leonor/f/id=b1690.30a-per1
371: 
372:             pai$manuel rodrigues centeio/m/id=b1690.30a-per1-per2
373:                ls$residencia/casais da eureca
374: 
375:             mae$maria rodrigues/id=b1690.30a-per1-per3
376: 
377:             pad$manuel dinis?/m/id=b1690.30a-per4
378:                ls$residencia/casal da eureca
379: 
380:             mad$leonor joao/f/id=b1690.30a-per5
381: 
382:             mrmad$manuel domingues/id=b1690.30a-per6
383:                ls$residencia/casal da eureca
384: 
385:       b$b1690.30b/2/4/1690/0/0/0/manuel rodriges da carreira
386: 
**** auto rels 2 STARTED.
   ** auto rel: from b1690.30a-per1-per2 to b1690.30a-per1 parentesco/pai
   ** auto rel: from b1690.30a-per1-per3 to b1690.30a-per1 parentesco/mae
   ** auto rel: from b1690.30a-per1-per2 to b1690.30a-per1-per3 parentesco/marido
   ** Automatic attribute: b1690.30a-per1-per2/ec/c
   ** Automatic attribute: b1690.30a-per1-per3/ec/c
** Processing act b$b1690.30b
387:          n$esperanca/f/id=b1690.30b-per1
388: 
389:             pai$antonio joao/m/id=b1690.30b-per1-per2
390:                ls$residencia/alencarce de cima
391: 
392:             mae$francisca goncalves/id=b1690.30b-per1-per3
393: 
394:             pad$mateus goncalves/id=b1690.30b-per4
395:                ls$residencia/alencarce de cima
396: 
397:             mad$maria/id=b1690.30b-per5
398:                ls$ec/s
399: 
400:             mmad$maria simoes/f/id=b1690.30b-per6
401:                ls$alcunha/gaga
402:                ls$residencia/alencarce de cima
403: 
404:       b$b1690.30c/2/4/1690/0/0/0/manuel rodrigues da carreira
405: 
**** auto rels 2 STARTED.
   ** auto rel: from b1690.30b-per1-per2 to b1690.30b-per1 parentesco/pai
   ** auto rel: from b1690.30b-per1-per3 to b1690.30b-per1 parentesco/mae
   ** auto rel: from b1690.30b-per1-per2 to b1690.30b-per1-per3 parentesco/marido
   ** Automatic attribute: b1690.30b-per1-per2/ec/c
   ** Automatic attribute: b1690.30b-per1-per3/ec/c
** Processing act b$b1690.30c
406:          n$joao/m/id=b1690.30c-per1
407: 
408:             pai$simao rodrigues/id=b1690.30c-per1-per2
409:                ls$residencia/casconho
410: 
411:             mae$antonia de oliveira/id=b1690.30c-per1-per3
412: 
413:             pad$pedro francico/id=b1690.30c-per4
414:                ls$residencia/casconho
415: 
416:             mad$maria/f/id=b1690.30c-per5
417:                ls$ec/s
418: 
419:             pmad$domingos francisco/id=b1690.30c-per6
420:                ls$residencia/casconho
421: 
422:       b$b1690.30d/2/4/1690/0/0/0/manuel cordeiro
423: 
**** auto rels 2 STARTED.
   ** auto rel: from b1690.30c-per1-per2 to b1690.30c-per1 parentesco/pai
   ** auto rel: from b1690.30c-per1-per3 to b1690.30c-per1 parentesco/mae
   ** auto rel: from b1690.30c-per1-per2 to b1690.30c-per1-per3 parentesco/marido
   ** Automatic attribute: b1690.30c-per1-per2/ec/c
   ** Automatic attribute: b1690.30c-per1-per3/ec/c
** Processing act b$b1690.30d
424:          n$maria/f/id=b1690.30d-per1
425:             ls$ilegitima/sim
426: 
427:             mae$pascoa/f/id=b1690.30d-per1-per2
428:                ls$ec/s
429:                ls$residencia/soure
430: 
431:             pad$amaro de pina/id=b1690.30d-per3
432:                ls$residencia/soure
433: 
434:             mad$agueda/id=b1690.30d-per4
435: 
436:             pmad$manuel de oliveira/id=b1690.30d-per5
437:                ls$alcunha/paleao# porque diz "... o paleao"
438:                ls$residencia/soure
439: 
440:       b$b1690.30e/27/3/1690/0/0/0/manuel rodrigues da carreira/obs=data sic
441: 
**** auto rels 2 STARTED.
   ** auto rel: from b1690.30d-per1-per2 to b1690.30d-per1 parentesco/mae
** Processing act b$b1690.30e
442:          n$jose/m/id=b1690.30e-per1
443: 
444:             pai$manuel de sousa/id=b1690.30e-per1-per2
445:                ls$residencia/casa velha
446: 
447:             mae$maria de oliveira/id=b1690.30e-per1-per3
448: 
449:             pad$tome pereira/m/id=b1690.30e-per4
450:                ls$ec/s
451:                ls$residencia/condeixa, freguesia de condeixa-a-?
452:                ls$freguesia/condeixa-a-?
453: 
454:             ppad$sebastiao pereira/id=b1690.30e-per5
455:                ls$residencia/condeixa, freguesia de condeixa-a-?
456:                ls$freguesia/condeixa-a-?
457: 
458:             mad$serafina/f/id=b1690.30e-per6
459:                ls$ec/s
460:                ls$residencia/lourical, freguesia do lourical
461:                ls$freguesia/lourical
462: 
463:             pmad$luis da costa/id=b1690.30e-per7
464:                ls$residencia/lourical, freguesia do lourical
465:                ls$freguesia/lourical
466: 
467:             mmad$maria duarte/id=b1690.30e-per8
468:                ls$residencia/lourical, freguesia do lourical
469:                ls$freguesia/lourical
470: 
471:       b$b1690.31/27/3/1690/0/0/0/manuel rodrigues da carreira
472: 
**** auto rels 2 STARTED.
   ** auto rel: from b1690.30e-per1-per2 to b1690.30e-per1 parentesco/pai
   ** auto rel: from b1690.30e-per1-per3 to b1690.30e-per1 parentesco/mae
   ** auto rel: from b1690.30e-per1-per2 to b1690.30e-per1-per3 parentesco/marido
   ** Automatic attribute: b1690.30e-per1-per2/ec/c
   ** Automatic attribute: b1690.30e-per1-per3/ec/c
   ** auto rel: from b1690.30e-per7 to b1690.30e-per8 parentesco/marido
** Processing act b$b1690.31
473:          n$manuel/m/id=b1690.31-per1
474: 
475:             pai$domingos carvalho/id=b1690.31-per1-per2
476:                ls$residencia/casal do malvado
477: 
478:             mae$maria mateus/id=b1690.31-per1-per3
479: 
480:             pad$antonio joao/m/id=b1690.31-per4
481:                ls$ec/s
482:                ls$residencia/cartaxo, freguesia de tapeus?
483:                ls$freguesia/tapeus?
484: 
485:             ppad$manuel joao/m/id=b1690.31-per5
486:                ls$residencia/cartaxo, freguesia de tapeus?
487:                ls$freguesia/tapeus?
488: 
489:             mad$maria gomes/f/id=b1690.31-per6
490:                ls$residencia/casal cimeiro, freguesia de tapeus
491:                ls$freguesia/tapeus
492: 
493:             mmad$maria gomes/f/id=b1690.31-per7
494:                ls$residencia/casal cimeiro, freguesia de tapeus
495:                ls$freguesia/tapeus
496: 
497:       b$b1690.32/9/4/1690/0/0/0/manuel rodrigues da carreira
498: 
**** auto rels 2 STARTED.
   ** auto rel: from b1690.31-per1-per2 to b1690.31-per1 parentesco/pai
   ** auto rel: from b1690.31-per1-per3 to b1690.31-per1 parentesco/mae
   ** auto rel: from b1690.31-per1-per2 to b1690.31-per1-per3 parentesco/marido
   ** Automatic attribute: b1690.31-per1-per2/ec/c
   ** Automatic attribute: b1690.31-per1-per3/ec/c
** Processing act b$b1690.32
499:          n$maria/f/id=b1690.32-per1
500: 
501:             pai$manuel francisco/id=b1690.32-per1-per2
502:                ls$alcunha/moco
503:                ls$residencia/sobral
504: 
505:             mae$isabel francisca/id=b1690.32-per1-per3
506: 
507:             pad$domingos gomes/id=b1690.32-per4
508:                ls$residencia/casal do mau
509: 
510:             mad$cataria joao/f/id=b1690.32-per5
511:                ls$residencia/mogadouro
512: 
513:             mrmad$domingos luis/id=b1690.32-per6
514:                ls$residencia/mogadouro
515: 
516:       b$b1690.33/9/4/1690/0/0/0/manuel cordeiro
517: 
**** auto rels 2 STARTED.
   ** auto rel: from b1690.32-per1-per2 to b1690.32-per1 parentesco/pai
   ** auto rel: from b1690.32-per1-per3 to b1690.32-per1 parentesco/mae
   ** auto rel: from b1690.32-per1-per2 to b1690.32-per1-per3 parentesco/marido
   ** Automatic attribute: b1690.32-per1-per2/ec/c
   ** Automatic attribute: b1690.32-per1-per3/ec/c
** Processing act b$b1690.33
518:          n$domingas/f/id=b1690.33-per1
519: 
520:             pai$pedro carvalho/id=b1690.33-per1-per2
521:                ls$residencia/casal das galinhas
522: 
523:             mae$maria gaspar/id=b1690.33-per1-per3
524: 
525:             pad$joao mateus/id=bpad09041690
526:                ls$residencia/casais das galinhos
527: 
528:             mad$maria/id=b1690.33-per4
529:                rel$parentesco/filha/joao mateus/bpad09041690
530: 
531:       b$b1690.34/12/4/1690/0/0/0/manuel rodrigues da carreira
532: 
**** auto rels 2 STARTED.
   ** auto rel: from b1690.33-per1-per2 to b1690.33-per1 parentesco/pai
   ** auto rel: from b1690.33-per1-per3 to b1690.33-per1 parentesco/mae
   ** auto rel: from b1690.33-per1-per2 to b1690.33-per1-per3 parentesco/marido
   ** Automatic attribute: b1690.33-per1-per2/ec/c
   ** Automatic attribute: b1690.33-per1-per3/ec/c
** Processing act b$b1690.34
533:          n$manuel/m/id=b1690.34-per1
534: 
535:             pai$manuel rodrigues/m/id=b1690.34-per1-per2
536:                ls$residencia/simoes
537: 
538:             mae$maria domingues/id=b1690.34-per1-per3
539: 
540:             pad$manuel lourenco/m/id=b1690.34-per4
541:                ls$residencia/casais dos simoes
542: 
543:             mad$teresa/f/id=b1690.34-per5
544:                ls$ec/s
545: 
546:             pmad$antonio simoes/id=b1690.34-per6
547:                ls$residencia/casais dos simoes
548: 
549:       b$b1690.35/1/5/1690/0/0/0/joao de barros
550: 
**** auto rels 2 STARTED.
   ** auto rel: from b1690.34-per1-per2 to b1690.34-per1 parentesco/pai
   ** auto rel: from b1690.34-per1-per3 to b1690.34-per1 parentesco/mae
   ** auto rel: from b1690.34-per1-per2 to b1690.34-per1-per3 parentesco/marido
   ** Automatic attribute: b1690.34-per1-per2/ec/c
   ** Automatic attribute: b1690.34-per1-per3/ec/c
** Processing act b$b1690.35
551:          n$ana/f/id=b1690.35-per1
552: 
553:             pai$sebastiao goncalves/m/id=b1690.35-per1-per2
554:                ls$residencia/soure
555: 
556:             mae$antonia de sousa/id=b1690.35-per1-per3
557: 
558:             pad$antonio manhos/id=b1690.35-per4
559:                ls$titulo/licenciado
560:                ls$residencia/soure
561: 
562:             mad$ines pinto/obs=verificar apelido/id=b1690.35-per5
563: 
564:             mrmad$manuel de tavora/id=b1690.35-per6
565:                ls$residencia/soure
566: 
567:       b$b1690.36/14/5/1690/0/0/0/joao da costa/obs= transcricao da identificacao da mardinha: "maria da encarnacao filha do figueiredo da q.ta de sebastiao soares" uma interpretacao possivel da identificacao da madrinha seria: maria da encarnacao, filha do pai da crianca e moradora na quinta de sebastiao soares. ou entao e' um dos figueiredos da quita da cruz
568: 
**** auto rels 2 STARTED.
   ** auto rel: from b1690.35-per1-per2 to b1690.35-per1 parentesco/pai
   ** auto rel: from b1690.35-per1-per3 to b1690.35-per1 parentesco/mae
   ** auto rel: from b1690.35-per1-per2 to b1690.35-per1-per3 parentesco/marido
   ** Automatic attribute: b1690.35-per1-per2/ec/c
   ** Automatic attribute: b1690.35-per1-per3/ec/c
** Processing act b$b1690.36
569:          n$josefa/f/id=b1690.36-per1
570: 
571:             pai$luis figueiredo/id=b1690.36-per1-per2
572:                ls$residencia/soure
573: 
574:             mae$ana dos santos/id=b1690.36-per1-per3
575: 
576:             pad$antonio lourenco/id=b1690.36-per4
577: 
578:             mad$maria da encarnacao/id=b1690.36-per5
579: 
580:             pmad$? figueiredo/id=b1690.36-per6
581:                ls$residencia/quinta de sebastiao soares#quinta da cruz?
582:                rel$vizinhanca/co-residente/sebastiao soares/br14051690
583: 
584:             referido$sebastiao soares/id=br14051690
585:                ls$residencia/quinta, na sua....
586: 
587:       b$b1690.37/16/5/1690/0/0/0/manuel rodrigues alvaro
588: 
**** auto rels 2 STARTED.
   ** auto rel: from b1690.36-per1-per2 to b1690.36-per1 parentesco/pai
   ** auto rel: from b1690.36-per1-per3 to b1690.36-per1 parentesco/mae
   ** auto rel: from b1690.36-per1-per2 to b1690.36-per1-per3 parentesco/marido
   ** Automatic attribute: b1690.36-per1-per2/ec/c
   ** Automatic attribute: b1690.36-per1-per3/ec/c
** Processing act b$b1690.37
589:          n$isabel/f/id=b1690.37-per1
590: 
591:             pai$manuel francisco/m/id=b1690.37-per1-per2
592:                ls$residencia/mogadouro
593: 
594:             mae$antonia goncalves/id=b1690.37-per1-per3
595: 
596:             pad$antonio/m/id=b1690.37-per4
597:                ls$ec/s
598:                ls$residencia/mogadouro
599: 
600:             ppad$antonio joao/id=b1690.37-per5
601:                ls$residencia/mogadouro
602: 
603:             mad$francisca joao/id=b1690.37-per6
604:                ls$residencia/mogadouro
605: 
606:             mrmad$francisco joao/m/id=b1690.37-per7
607:                ls$alcunha/moco
608:                ls$residencia/mogadouro
609: 
610:       b$b1690.38/16/5/1690/0/0/0/manuel cordeiro
611: 
**** auto rels 2 STARTED.
   ** auto rel: from b1690.37-per1-per2 to b1690.37-per1 parentesco/pai
   ** auto rel: from b1690.37-per1-per3 to b1690.37-per1 parentesco/mae
   ** auto rel: from b1690.37-per1-per2 to b1690.37-per1-per3 parentesco/marido
   ** Automatic attribute: b1690.37-per1-per2/ec/c
   ** Automatic attribute: b1690.37-per1-per3/ec/c
** Processing act b$b1690.38
612:          n$francisca/f/id=b1690.38-per1
613: 
614:             pai$bartolomeu antunes/id=b1690.38-per1-per2
615:                ls$residencia/casal do livreiro
616: 
617:             mae$isabel luis/id=b1690.38-per1-per3
618: 
619:             pad$mateus goncalves/id=b1690.38-per4
620:                ls$residencia/cavaleiros
621: 
622:             mad$francisca rodrigues/id=b1690.38-per5
623:                ls$residencia/quinta de miraflores
624: 
625:             mrmad$antono rodrigues/id=b1690.38-per6
626:                ls$residencia/quinta de miraflores
627: 
628:       b$b1690.39/27/4/1690/0/0/0/manuel rodrigues alvaro/obs=data sic
629: 
**** auto rels 2 STARTED.
   ** auto rel: from b1690.38-per1-per2 to b1690.38-per1 parentesco/pai
   ** auto rel: from b1690.38-per1-per3 to b1690.38-per1 parentesco/mae
   ** auto rel: from b1690.38-per1-per2 to b1690.38-per1-per3 parentesco/marido
   ** Automatic attribute: b1690.38-per1-per2/ec/c
   ** Automatic attribute: b1690.38-per1-per3/ec/c
** Processing act b$b1690.39
630:          n$jose/m/id=b1690.39-per1
631: 
632:             pai$gaspar de matos/id=b1690.39-per1-per2
633:                ls$residencia/casa velha
634: 
635:             mae$teresa da costa/id=b1690.39-per1-per3
636: 
637:             pad$tome velho/id=b1690.39-per4
638: 
639:             mad$joana da costa/id=b1690.39-per5
640:                ls$residencia/casa velha
641: 
642:       b$b1690.40/25/5/1690/0/0/0/manuel rodrigues da carreira
643: 
**** auto rels 2 STARTED.
   ** auto rel: from b1690.39-per1-per2 to b1690.39-per1 parentesco/pai
   ** auto rel: from b1690.39-per1-per3 to b1690.39-per1 parentesco/mae
   ** auto rel: from b1690.39-per1-per2 to b1690.39-per1-per3 parentesco/marido
   ** Automatic attribute: b1690.39-per1-per2/ec/c
   ** Automatic attribute: b1690.39-per1-per3/ec/c
** Processing act b$b1690.40
644:          n$maria/f/id=b1690.40-per1
645: 
646:             pai$simao rodrigues/id=b1690.40-per1-per2
647:                ls$residencia/bonitos
648: 
649:             mae$ana joao/id=b1690.40-per1-per3
650: 
651:             pad$francisco joao/id=b1690.40-per4
652: 
653:             mad$isabel/f/id=b1690.40-per5
654:                ls$ec/s
655: 
656:             pmad$antonio joao/id=b1690.40-per6
657:                ls$residencia/bonitos
658: 
659:       b$b1690.41/28/5/1690/0/0/0/manuel colaco de morais, beneficiado/obs=nao tem madrinha
660: 
**** auto rels 2 STARTED.
   ** auto rel: from b1690.40-per1-per2 to b1690.40-per1 parentesco/pai
   ** auto rel: from b1690.40-per1-per3 to b1690.40-per1 parentesco/mae
   ** auto rel: from b1690.40-per1-per2 to b1690.40-per1-per3 parentesco/marido
   ** Automatic attribute: b1690.40-per1-per2/ec/c
   ** Automatic attribute: b1690.40-per1-per3/ec/c
** Processing act b$b1690.41
661:          n$lopo/m/id=b1690.41-per1
662: 
663:             pai$jose pinto de abreu/id=b1690.41-per1-per2
664:                ls$residencia/soure
665: 
666:             mae$maria de tavora/id=b1690.41-per1-per3
667: 
668:             pad$bernardo/id=b1690.41-per4
669:                ls$profissao/padre
670:                ls$titulo/frei
671:                ls$ordem/religioso de s.to agostinho
672: 
673:       b$b1690.42/4/6/1690/0/0/0/manuel cordeiro/obs=dois padrinhos sem madrinha
674: 
**** auto rels 2 STARTED.
   ** auto rel: from b1690.41-per1-per2 to b1690.41-per1 parentesco/pai
   ** auto rel: from b1690.41-per1-per3 to b1690.41-per1 parentesco/mae
   ** auto rel: from b1690.41-per1-per2 to b1690.41-per1-per3 parentesco/marido
   ** Automatic attribute: b1690.41-per1-per2/ec/c
   ** Automatic attribute: b1690.41-per1-per3/ec/c
** Processing act b$b1690.42
675:          n$maria/f/id=b1690.42-per1
676: 
677:             pai$manuel rodrigues/id=b1690.42-per1-per2
678:                ls$residencia/casal das brancas
679: 
680:             mae$maria antunes/id=b1690.42-per1-per3
681: 
682:             pad$paulo ribeiro cabral/id=bpad04061690
683: 
684:             pad$placido/id=b1690.42-per4
685:                rel$parentesco/filho/paulo ribeiro cabral/bpad04061690
686: 
687:       b$b1690.43/4/6/1690/0/0/0/manuel cordeiro
688: 
**** auto rels 2 STARTED.
   ** auto rel: from b1690.42-per1-per2 to b1690.42-per1 parentesco/pai
   ** auto rel: from b1690.42-per1-per3 to b1690.42-per1 parentesco/mae
   ** auto rel: from b1690.42-per1-per2 to b1690.42-per1-per3 parentesco/marido
   ** Automatic attribute: b1690.42-per1-per2/ec/c
   ** Automatic attribute: b1690.42-per1-per3/ec/c
** Processing act b$b1690.43
689:          n$domingas/f/id=b1690.43-per1
690: 
691:             pai$manuel alvares/id=b1690.43-per1-per2
692:                ls$residencia/alencarce de cima
693: 
694:             mae$maria ferreira/id=b1690.43-per1-per3
695: 
696:             pad$sebastiao machado da costa/id=bpad04061690b
697:                ls$residencia/soure
698: 
699:             mad$nome desconhecido/id=b1690.43-per4
700:                rel$parentesco/mulher/sebastiao machado da costa/bpad04061690b
701: 
702:       b$b1690.44/4/6/1690/0/0/0/manuel rodrigues da carreira
703: 
**** auto rels 2 STARTED.
   ** auto rel: from b1690.43-per1-per2 to b1690.43-per1 parentesco/pai
   ** auto rel: from b1690.43-per1-per3 to b1690.43-per1 parentesco/mae
   ** auto rel: from b1690.43-per1-per2 to b1690.43-per1-per3 parentesco/marido
   ** Automatic attribute: b1690.43-per1-per2/ec/c
   ** Automatic attribute: b1690.43-per1-per3/ec/c
** Processing act b$b1690.44
704:          n$manuel/m/id=b1690.44-per1
705: 
706:             mae$maria joao/f/id=b1690.44-per1-per2
707:                ls$ec/v
708:                ls$residencia/mogadouro
709: 
710:             pai$joao goncalves/m/id=b1690.44-per1-per3
711:                ls$morto/antes
712:                ls$residencia/mogadouro
713: 
714:             pad$manuel martins/id=b1690.44-per4
715:                ls$residencia/mogadouro
716: 
717:             mad$catarina domingues/id=b1690.44-per5
718: 
719:             mrmad$domingos luis/id=b1690.44-per6
720:                ls$residencia/mogadouro
721: 
722:       b$b1690.45/11/6/1690/0/0/0/manuel rodrigues alvaro
723: 
**** auto rels 2 STARTED.
   ** auto rel: from b1690.44-per1-per3 to b1690.44-per1 parentesco/pai
   ** auto rel: from b1690.44-per1-per2 to b1690.44-per1 parentesco/mae
   ** auto rel: from b1690.44-per1-per3 to b1690.44-per1-per2 parentesco/marido
   ** Automatic attribute: b1690.44-per1-per3/ec/c
   ** Automatic attribute: b1690.44-per1-per2/ec/c
** Processing act b$b1690.45
724:          n$manuel/m/id=b1690.45-per1
725: 
726:             pai$miguel ferreira/id=b1690.45-per1-per2
727:                ls$residencia/paleao
728: 
729:             mae$antonia simoes/id=b1690.45-per1-per3
730: 
731:             pad$manuel ferreira/m/id=b1690.45-per4
732:                ls$alcunha/moco
733:                ls$residencia/paleao
734: 
735:             mad$maria simoes/id=b1690.45-per5
736: 
737:             mrmad$pedro gomes/id=b1690.45-per6
738:                ls$residencia/paleao
739: 
740:       b$b1690.46/18/6/1690/0/0/0/manuel rodrigues da carreira
741: 
**** auto rels 2 STARTED.
   ** auto rel: from b1690.45-per1-per2 to b1690.45-per1 parentesco/pai
   ** auto rel: from b1690.45-per1-per3 to b1690.45-per1 parentesco/mae
   ** auto rel: from b1690.45-per1-per2 to b1690.45-per1-per3 parentesco/marido
   ** Automatic attribute: b1690.45-per1-per2/ec/c
   ** Automatic attribute: b1690.45-per1-per3/ec/c
** Processing act b$b1690.46
742:          n$urbano/m/id=b1690.46-per1
743:             ls$ilegitimo/sim
744: 
745:             mae$domingas rodrigues/f/id=b1690.46-per1-per2
746:                ls$ec/s
747:                ls$residencia/paleao
748: 
749:             pai$manuel de macedo/obs= baptizado por ordem deste que disseram era seu pai/id=b1690.46-per1-per3
750: 
751:             pad$manuel gomes/id=b1690.46-per4
752:                ls$profissao/sapateiro
753:                ls$residencia/paleao
754: 
755:             mad$domingas goncalves/id=b1690.46-per5
756: 
757:             mrmad$simao jorge/id=b1690.46-per6
758:                ls$residencia/paleao
759: 
760:       b$b1690.47/18/6/1690/0/0/0/manuel cordeiro
761: 
**** auto rels 2 STARTED.
   ** auto rel: from b1690.46-per1-per3 to b1690.46-per1 parentesco/pai
   ** auto rel: from b1690.46-per1-per2 to b1690.46-per1 parentesco/mae
   ** auto rel: from b1690.46-per1-per3 to b1690.46-per1-per2 parentesco/marido
   ** Automatic attribute: b1690.46-per1-per3/ec/c
   ** Automatic attribute: b1690.46-per1-per2/ec/c
** Processing act b$b1690.47
762:          n$joao/m/id=b1690.47-per1
763: 
764:             pai$manuel rodrigues/id=b1690.47-per1-per2
765:                ls$residencia/porto coelheiro
766: 
767:             mae$isabel cardoso/id=b1690.47-per1-per3
768: 
769:             pad$manuel rodrigues/id=b1690.47-per4
770:                ls$residencia/porto coelheiro
771: 
772:             mad$maria joao/f/id=b1690.47-per5
773: 
774:             mrmad$sebastiao rodrigues/id=b1690.47-per6
775:                ls$residencia/paleao
776: 
777:       b$b1690.48/21/6/1690/15/6/1690/manuel cordeiro/obs='a porta da igreja matriz de s.tiago e trazia escrito em como nao estava baptizada e que se chamasse antonia e que nascera em quinze dias deste presente de junho
778: 
**** auto rels 2 STARTED.
   ** auto rel: from b1690.47-per1-per2 to b1690.47-per1 parentesco/pai
   ** auto rel: from b1690.47-per1-per3 to b1690.47-per1 parentesco/mae
   ** auto rel: from b1690.47-per1-per2 to b1690.47-per1-per3 parentesco/marido
   ** Automatic attribute: b1690.47-per1-per2/ec/c
   ** Automatic attribute: b1690.47-per1-per3/ec/c
** Processing act b$b1690.48
779:          n$antonia/f/id=b1690.48-per1
780:             ls$engeitada/sim
781: 
782:             pad$mateus manhos de abreu/id=b1690.48-per2
783:                ls$cargo/juiz
784: 
785:       b$b1690.49/29/6/1690/0/0/0/manuel rodrigues da carreira
786: 
**** auto rels 2 STARTED.
** Processing act b$b1690.49
787:          n$isabel/f/id=b1690.49-per1
788: 
789:             pai$domingos joao/m/id=b1690.49-per1-per2
790:                ls$residencia/delgados
791: 
792:             mae$filipa cordeiro/id=b1690.49-per1-per3
793: 
794:             pad$antonio simoes raposo/id=b1690.49-per4
795: 
796:             mad$isabel cordeiro/id=b1690.49-per5
797:                ls$residencia/montais
798: 
799:       b$b1690.50/2/7/1690/0/0/0/manuel cordeiro
800: 
**** auto rels 2 STARTED.
   ** auto rel: from b1690.49-per1-per2 to b1690.49-per1 parentesco/pai
   ** auto rel: from b1690.49-per1-per3 to b1690.49-per1 parentesco/mae
   ** auto rel: from b1690.49-per1-per2 to b1690.49-per1-per3 parentesco/marido
   ** Automatic attribute: b1690.49-per1-per2/ec/c
   ** Automatic attribute: b1690.49-per1-per3/ec/c
** Processing act b$b1690.50
801:          n$jose/m/id=b1690.50-per1
802: 
803:             pai$antonio francisco/id=b1690.50-per1-per2
804:                ls$residencia/soure
805: 
806:             mae$maria mendes/id=b1690.50-per1-per3
807: 
808:             pad$manuel de tavora/id=b1690.50-per4
809:                ls$residencia/soure
810: 
811:             mad$maria pereira/id=b1690.50-per5
812:                ls$ec/s
813:                ls$residencia/soure
814: 
815:       b$b1690.51/16/7/1690/0/0/0/manuel duarte/obs= a partir daqui quem assina e frei luis alvares pinto
816: 
**** auto rels 2 STARTED.
   ** auto rel: from b1690.50-per1-per2 to b1690.50-per1 parentesco/pai
   ** auto rel: from b1690.50-per1-per3 to b1690.50-per1 parentesco/mae
   ** auto rel: from b1690.50-per1-per2 to b1690.50-per1-per3 parentesco/marido
   ** Automatic attribute: b1690.50-per1-per2/ec/c
   ** Automatic attribute: b1690.50-per1-per3/ec/c
** Processing act b$b1690.51
817:          n$luisa/f/id=b1690.51-per1
818: 
819:             pai$luis coelho dos reis/id=b1690.51-per1-per2
820:                ls$titulo/licenciado
821: 
822:             mae$ana maria da silva/id=b1690.51-per1-per3
823: 
824:             pad$joao da costa de vasconcelos/id=b1690.51-per4
825: 
826:             mad$luisa maria/f/id=b1690.51-per5
827: 
828:             pmad$sebastiao soares coelho/id=b1690.51-per6
829: 
830:       b$b1690.52/23/7/1690/0/0/0/manuel rodrigues alvaro
831: 
**** auto rels 2 STARTED.
   ** auto rel: from b1690.51-per1-per2 to b1690.51-per1 parentesco/pai
   ** auto rel: from b1690.51-per1-per3 to b1690.51-per1 parentesco/mae
   ** auto rel: from b1690.51-per1-per2 to b1690.51-per1-per3 parentesco/marido
   ** Automatic attribute: b1690.51-per1-per2/ec/c
   ** Automatic attribute: b1690.51-per1-per3/ec/c
** Processing act b$b1690.52
832:          n$isabel/f/id=b1690.52-per1
833: 
834:             pai$joao rodriges/m/id=b1690.52-per1-per2
835:                ls$residencia/alencarce de baixo
836: 
837:             mae$isabel cardoso/id=b1690.52-per1-per3
838: 
839:             pad$paulo ribeiro cabral/mesmo_que=bpad04061690/id=b1690.52-per4
840: 
841:             mad$helena/f/id=bmad04061690
842: 
843:             pmad$paulo ribeiro cabral/mesmo_que=bpad04061690/id=b1690.52-per5
844: 
845:       b$b1690.53/27/7/1690/0/0/0/luis alvares pinto
846: 
**** auto rels 2 STARTED.
   ** auto rel: from b1690.52-per1-per2 to b1690.52-per1 parentesco/pai
   ** auto rel: from b1690.52-per1-per3 to b1690.52-per1 parentesco/mae
   ** auto rel: from b1690.52-per1-per2 to b1690.52-per1-per3 parentesco/marido
   ** Automatic attribute: b1690.52-per1-per2/ec/c
   ** Automatic attribute: b1690.52-per1-per3/ec/c
** Processing act b$b1690.53
847:          n$damasia/f/id=b1690.53-per1
848: 
849:             pai$rodrigo jorge/id=b1690.53-per1-per2
850:                ls$residencia/portela
851: 
852:             mae$isabel gaspar/id=b1690.53-per1-per3
853: 
854:             pad$joao lourenco da cunha/id=b1690.53-per4
855:                rel$parentesco/irmao/damasia teresa de melo/bmad27071690
856:                ls$residencia/quinta de santa eufemia, lugar da anobra#sua quinta, existe uma quinta dos cunhas a norte de Anobra
857:                ls$freguesia/anobra
858: 
859:             mad$damasia teresa de melo/id=bmad27071690
860:                ls$titulo/dona
861:                ls$residencia/quinta de santa eufemia, lugar da anobra#sua quinta
862:                ls$freguesia/anobra
863: 
864:       b$b1690.54/10/8/1690/0/0/0/manuel rodrigues alvaro
865: 
**** auto rels 2 STARTED.
   ** auto rel: from b1690.53-per1-per2 to b1690.53-per1 parentesco/pai
   ** auto rel: from b1690.53-per1-per3 to b1690.53-per1 parentesco/mae
   ** auto rel: from b1690.53-per1-per2 to b1690.53-per1-per3 parentesco/marido
   ** Automatic attribute: b1690.53-per1-per2/ec/c
   ** Automatic attribute: b1690.53-per1-per3/ec/c
** Processing act b$b1690.54
866:          n$maria/f/id=b1690.54-per1
867: 
868:             pai$manuel domingues/id=b1690.54-per1-per2
869:                ls$residencia/casal da misericordia%casal da misericordia dos bonitos
870: 
871:             mae$maria joao/id=b1690.54-per1-per3
872: 
873:             pad$antonio domingues/id=b1690.54-per4
874:                ls$residencia/casal da misericordia
875: 
876:             mad$isabel/id=b1690.54-per5
877: 
878:             pmad$antonio joao/id=b1690.54-per6
879:                ls$residencia/bonitos
880: 
881:       b$b1690.55/3/9/1690/0/0/0/lopo nunes pinto
882: 
**** auto rels 2 STARTED.
   ** auto rel: from b1690.54-per1-per2 to b1690.54-per1 parentesco/pai
   ** auto rel: from b1690.54-per1-per3 to b1690.54-per1 parentesco/mae
   ** auto rel: from b1690.54-per1-per2 to b1690.54-per1-per3 parentesco/marido
   ** Automatic attribute: b1690.54-per1-per2/ec/c
   ** Automatic attribute: b1690.54-per1-per3/ec/c
** Processing act b$b1690.55
883:          n$antonio/m/id=b1690.55-per1
884: 
885:             pai$sebastiao machado/id=b1690.55-per1-per2
886:                ls$residencia/soure
887: 
888:             mae$angela luisa/id=bmae03091690
889: 
890:             pad$antonio gomes banha?/obs=por procuracao/id=b1690.55-per3
891:                rel$parentesco/pai/angela luisa/bmae03091690
892: 
893:             mad$ines pinto/id=b1690.55-per4
894: 
895:             mrmad$manuel de tavora/id=b1690.55-per5
896:                ls$residencia/soure
897: 
898:       b$b1690.56/10/9/1690/0/0/0/joao collaco
899: 
**** auto rels 2 STARTED.
   ** auto rel: from b1690.55-per1-per2 to b1690.55-per1 parentesco/pai
   ** auto rel: from bmae03091690 to b1690.55-per1 parentesco/mae
   ** auto rel: from b1690.55-per1-per2 to bmae03091690 parentesco/marido
   ** Automatic attribute: b1690.55-per1-per2/ec/c
   ** Automatic attribute: bmae03091690/ec/c
** Processing act b$b1690.56
900:          n$luis/f/id=b1690.56-per1
901: 
902:             pai$luis manhos/id=b1690.56-per1-per2
903:                ls$residencia/soure
904: 
905:             mae$maria de seabra/id=b1690.56-per1-per3
906: 
907:             pad$luis manhos de abreu/obs=seu tio/id=b1690.56-per4
908:                ls$titulo/prior
909:                ls$profissao/padre
910: 
911:             mad$ana maria/f/id=b1690.56-per5
912: 
913:             mrmad$luis coelho dos reis/id=b1690.56-per6
914:                ls$residencia/soure
915:                ls$titulo/licenciado
916: 
917:       b$b1690.57/10/9/1690/0/0/0/manuel rodrigues alvaro
918: 
**** auto rels 2 STARTED.
   ** auto rel: from b1690.56-per1-per2 to b1690.56-per1 parentesco/pai
   ** auto rel: from b1690.56-per1-per3 to b1690.56-per1 parentesco/mae
   ** auto rel: from b1690.56-per1-per2 to b1690.56-per1-per3 parentesco/marido
   ** Automatic attribute: b1690.56-per1-per2/ec/c
   ** Automatic attribute: b1690.56-per1-per3/ec/c
** Processing act b$b1690.57
919:          n$manuel/m/id=b1690.57-per1
920: 
921:             pai$antonio gomes/id=b1690.57-per1-per2
922:                ls$residencia/paleao
923: 
924:             mae$isabel rodrigues/id=b1690.57-per1-per3
925: 
926:             pad$paulo ribeiro cabral/mesmo_que=bpad04061690/id=b1690.57-per4
927:                ls$cargo/capitao-mor de soure
928: 
929:             mad$helena/mesmo_que=bmad04061690/id=b1690.57-per5
930: 
931:       b$b1690.58/8/10/1690/0/0/0/manuel rodrigues alvaro
932: 
**** auto rels 2 STARTED.
   ** auto rel: from b1690.57-per1-per2 to b1690.57-per1 parentesco/pai
   ** auto rel: from b1690.57-per1-per3 to b1690.57-per1 parentesco/mae
   ** auto rel: from b1690.57-per1-per2 to b1690.57-per1-per3 parentesco/marido
   ** Automatic attribute: b1690.57-per1-per2/ec/c
   ** Automatic attribute: b1690.57-per1-per3/ec/c
** Processing act b$b1690.58
933:          n$maria/f/id=b1690.58-per1
934: 
935:             pai$antonio jorge/m/id=b1690.58-per1-per2
936:                ls$residencia/sobral
937: 
938:             mae$sebastiana dias/id=b1690.58-per1-per3
939: 
940:             pad$joao gomes/id=b1690.58-per4
941: 
942:             ppad$manuel gomes carrasco/id=b1690.58-per5
943: 
944:             mad$isabel/id=b1690.58-per6
945: 
946:             pmad$manuel joao/id=b1690.58-per7
947:                ls$residencia/torre#do districto do sobral
948: 
949:       b$b1690.59/15/10/1690/0/0/0/manuel rodrigues alvaro
950: 
**** auto rels 2 STARTED.
   ** auto rel: from b1690.58-per1-per2 to b1690.58-per1 parentesco/pai
   ** auto rel: from b1690.58-per1-per3 to b1690.58-per1 parentesco/mae
   ** auto rel: from b1690.58-per1-per2 to b1690.58-per1-per3 parentesco/marido
   ** Automatic attribute: b1690.58-per1-per2/ec/c
   ** Automatic attribute: b1690.58-per1-per3/ec/c
** Processing act b$b1690.59
951:          n$jose/m/id=b1690.59-per1
952: 
953:             pai$joao goncalves/id=b1690.59-per1-per2
954:                ls$residencia/bonitos
955: 
956:             mae$maria joao/id=b1690.59-per1-per3
957: 
958:             pad$domingos dias/id=b1690.59-per4
959: 
960:             ppad$domingos dias/id=b1690.59-per5
961:                ls$cargo/caseiro da misericordia
962: 
963:             mad$maria cordeira/id=b1690.59-per6
964:                ls$residencia/meiras
965: 
966:       b$b1690.60/22/10/1690/0/0/0/manuel rodrigues alvaro
967: 
**** auto rels 2 STARTED.
   ** auto rel: from b1690.59-per1-per2 to b1690.59-per1 parentesco/pai
   ** auto rel: from b1690.59-per1-per3 to b1690.59-per1 parentesco/mae
   ** auto rel: from b1690.59-per1-per2 to b1690.59-per1-per3 parentesco/marido
   ** Automatic attribute: b1690.59-per1-per2/ec/c
   ** Automatic attribute: b1690.59-per1-per3/ec/c
** Processing act b$b1690.60
968:          n$maria/f/id=b1690.60-per1
969: 
970:             pai$antonio goncalves/id=b1690.60-per1-per2
971:                ls$residencia/cavaleiros
972: 
973:             mae$isabel francisca/id=b1690.60-per1-per3
974: 
975:             pad$manuel homem de quadros/id=b1690.60-per4
976: 
977:             mad$mariana/id=b1690.60-per5
978:                ls$ec/s
979: 
980:             pmad$joao francisco/id=b1690.60-per6
981:                ls$residencia/bechos
982: 
983:       b$b1690.61/22/10/1690/0/0/0/manuel rodrigues alvaro
984: 
**** auto rels 2 STARTED.
   ** auto rel: from b1690.60-per1-per2 to b1690.60-per1 parentesco/pai
   ** auto rel: from b1690.60-per1-per3 to b1690.60-per1 parentesco/mae
   ** auto rel: from b1690.60-per1-per2 to b1690.60-per1-per3 parentesco/marido
   ** Automatic attribute: b1690.60-per1-per2/ec/c
   ** Automatic attribute: b1690.60-per1-per3/ec/c
** Processing act b$b1690.61
985:          n$antonia/f/id=b1690.61-per1
986: 
987:             pai$francisco joao/id=b1690.61-per1-per2
988:                ls$residencia/delgados
989: 
990:             mae$francisca gaspar/id=b1690.61-per1-per3
991: 
992:             pad$domingos da costa/id=b1690.61-per4
993: 
994:             mad$maria gaspar/id=b1690.61-per5
995:                ls$ec/v
996:                ls$residencia/redinha, freguesia da redinha
997:                ls$freguesia/redinha
998: 
999:       b$b1690.62/22/10/1690/0/0/0/manuel rodrigues alvaro
1000: 
**** auto rels 2 STARTED.
   ** auto rel: from b1690.61-per1-per2 to b1690.61-per1 parentesco/pai
   ** auto rel: from b1690.61-per1-per3 to b1690.61-per1 parentesco/mae
   ** auto rel: from b1690.61-per1-per2 to b1690.61-per1-per3 parentesco/marido
   ** Automatic attribute: b1690.61-per1-per2/ec/c
   ** Automatic attribute: b1690.61-per1-per3/ec/c
** Processing act b$b1690.62
1001:          n$sebastiao/m/id=b1690.62-per1
1002: 
1003:             pai$domingos antunes/id=b1690.62-per1-per2
1004:                ls$residencia/carvalheira
1005: 
1006:             mae$filipa goncalves/id=b1690.62-per1-per3
1007: 
1008:             pad$sebastiao/id=b1690.62-per4
1009: 
1010:             ppad$diogo da costa gramasso/id=b1690.62-per5
1011: 
1012:             mad$isabel jorge/id=b1690.62-per6
1013: 
1014:             mrmad$manuel rodrigues/id=b1690.62-per7
1015:                ls$residencia/carvalheira
1016: 
1017:       b$b1690.63/24/9/1690/0/0/0/manuel rodrigues alvaro/obs=este e os seguintes estao fora de ordem cronologica
1018: 
**** auto rels 2 STARTED.
   ** auto rel: from b1690.62-per1-per2 to b1690.62-per1 parentesco/pai
   ** auto rel: from b1690.62-per1-per3 to b1690.62-per1 parentesco/mae
   ** auto rel: from b1690.62-per1-per2 to b1690.62-per1-per3 parentesco/marido
   ** Automatic attribute: b1690.62-per1-per2/ec/c
   ** Automatic attribute: b1690.62-per1-per3/ec/c
** Processing act b$b1690.63
1019:          n$maria/f/id=b1690.63-per1
1020: 
1021:             pai$manuel vaz/id=b1690.63-per1-per2
1022:                ls$residencia/casal do pinheiro
1023: 
1024:             mae$maria rodrigues/id=b1690.63-per1-per3
1025: 
1026:             pad$domingos antunes/id=b1690.63-per4
1027:                ls$residencia/pinheiro
1028: 
1029:             mad$isabel gaspar/id=b1690.63-per5
1030:                ls$ec/s
1031:                ls$residencia/pinheiro
1032: 
1033:       b$b1690.64/24/9/1690/0/0/0/manuel rodrigues alvaro
1034: 
**** auto rels 2 STARTED.
   ** auto rel: from b1690.63-per1-per2 to b1690.63-per1 parentesco/pai
   ** auto rel: from b1690.63-per1-per3 to b1690.63-per1 parentesco/mae
   ** auto rel: from b1690.63-per1-per2 to b1690.63-per1-per3 parentesco/marido
   ** Automatic attribute: b1690.63-per1-per2/ec/c
   ** Automatic attribute: b1690.63-per1-per3/ec/c
** Processing act b$b1690.64
1035:          n$jacinta/f/id=b1690.64-per1
1036: 
1037:             pai$simao rodrigues/id=b1690.64-per1-per2
1038:                ls$residencia/casais do espirito santo
1039: 
1040:             mae$isabel da silva/id=b1690.64-per1-per3
1041: 
1042:             pad$paulo ribeiro cabral/mesmo_que=bpad04061690/id=b1690.64-per4
1043: 
1044:             mad$jacinta/id=b1690.64-per5
1045: 
1046:             pmad$paulo ribeiro cabral/mesmo_que=bpad04061690/id=b1690.64-per6
1047: 
1048:       b$b1690.65/26/9/1690/0/0/0/manuel rodrigues alvaro
1049: 
**** auto rels 2 STARTED.
   ** auto rel: from b1690.64-per1-per2 to b1690.64-per1 parentesco/pai
   ** auto rel: from b1690.64-per1-per3 to b1690.64-per1 parentesco/mae
   ** auto rel: from b1690.64-per1-per2 to b1690.64-per1-per3 parentesco/marido
   ** Automatic attribute: b1690.64-per1-per2/ec/c
   ** Automatic attribute: b1690.64-per1-per3/ec/c
** Processing act b$b1690.65
1050:          n$antonia/f/id=b1690.65-per1
1051: 
1052:             pai$antonia martins/id=b1690.65-per1-per2
1053:                ls$residencia/casal da lagem
1054: 
1055:             mae$maria da costa/id=b1690.65-per1-per3
1056: 
1057:             pad$manuel soares galvao/id=b1690.65-per4
1058:                ls$residencia/soure
1059: 
1060:             mad$maria ferreira/id=b1690.65-per5
1061: 
1062:             mrmad$joao madeira/id=b1690.65-per6
1063:                ls$residencia/carvalheira
1064: 
1065:       b$b1690.66/1/10/1690/0/0/0/manuel rodrigues alvaro
1066: 
**** auto rels 2 STARTED.
   ** auto rel: from b1690.65-per1-per2 to b1690.65-per1 parentesco/pai
   ** auto rel: from b1690.65-per1-per3 to b1690.65-per1 parentesco/mae
   ** auto rel: from b1690.65-per1-per2 to b1690.65-per1-per3 parentesco/marido
   ** Automatic attribute: b1690.65-per1-per2/ec/c
   ** Automatic attribute: b1690.65-per1-per3/ec/c
** Processing act b$b1690.66
1067:          n$maria/f/id=b1690.66-per1
1068: 
1069:             pai$antonio goncalves/id=b1690.66-per1-per2
1070:                ls$residencia/mogadouro
1071: 
1072:             mae$isabel domingues/id=b1690.66-per1-per3
1073: 
1074:             pad$joao domingues/id=b1690.66-per4
1075:                ls$residencia/lagares
1076: 
1077:             mad$isabel francsca/id=b1690.66-per5
1078: 
1079:             mrmad$manuel francisco/id=b1690.66-per6
1080:                ls$residencia/sobral
1081: 
1082:       b$b1690.67/1/9/1690/0/0/0/jeronimo mendes/obs=data sic
1083: 
**** auto rels 2 STARTED.
   ** auto rel: from b1690.66-per1-per2 to b1690.66-per1 parentesco/pai
   ** auto rel: from b1690.66-per1-per3 to b1690.66-per1 parentesco/mae
   ** auto rel: from b1690.66-per1-per2 to b1690.66-per1-per3 parentesco/marido
   ** Automatic attribute: b1690.66-per1-per2/ec/c
   ** Automatic attribute: b1690.66-per1-per3/ec/c
** Processing act b$b1690.67
1084:          n$luisa/f/id=b1690.67-per1
1085: 
1086:             pai$mateus mendes/id=b1690.67-per1-per2
1087:                ls$residencia/pinheiro
1088: 
1089:             mae$maria madeira/id=b1690.67-per1-per3
1090: 
1091:             pad$miguel mendes/id=b1690.67-per4
1092:                ls$residencia/soure
1093: 
1094:             mad$isabel madeira/id=b1690.67-per5
1095: 
1096:             mrmad$manuel goncalves/id=b1690.67-per6
1097:                ls$residencia/pinheiro
1098: 
1099:       b$b1690.68/3/9/1690/0/0/0/manuel rodrigues alvaro/obs=tinha sido baptizado em necessidade nao nomeou pai
1100: 
**** auto rels 2 STARTED.
   ** auto rel: from b1690.67-per1-per2 to b1690.67-per1 parentesco/pai
   ** auto rel: from b1690.67-per1-per3 to b1690.67-per1 parentesco/mae
   ** auto rel: from b1690.67-per1-per2 to b1690.67-per1-per3 parentesco/marido
   ** Automatic attribute: b1690.67-per1-per2/ec/c
   ** Automatic attribute: b1690.67-per1-per3/ec/c
** Processing act b$b1690.68
1101:          n$manuel/m/id=b1690.68-per1
1102:             ls$ilegitimo/sim
1103: 
1104:             mae$madalena/id=bmae03091690b
1105:                ls$ec/s
1106:                ls$residencia/soure
1107: 
1108:             pad$jose pinto/id=b1690.68-per2
1109:                ls$profissao/padre#que o tinha baptizado por necessidade
1110: 
1111:             mad$maria/f/id=b1690.68-per3
1112:                rel$parentesco/irma/madalena/bmae03091690b
1113: 
1114:       b$b1690.69/28/10/1690/0/0/0/luis alvares pinto
1115: 
**** auto rels 2 STARTED.
   ** auto rel: from bmae03091690b to b1690.68-per1 parentesco/mae
** Processing act b$b1690.69
1116:          n$luisa/f/id=b1690.69-per1
1117: 
1118:             pai$manuel francisco/m/id=b1690.69-per1-per2
1119:                ls$residencia/casal dos louzoes
1120: 
1121:             mae$sebastiana rodrigues/id=b1690.69-per1-per3
1122: 
1123:             pad$joao da costa de vasconcelos/id=b1690.69-per4
1124: 
1125:             mad$maria/id=b1690.69-per5
1126: 
1127:             pmad$domingos cordeiro/id=b1690.69-per6
1128:                ls$residencia/casal novo
1129: 
1130:       b$b1690.70/7/11/1690/0/0/0/luis alvares pinto/obs=sem madrinha
1131: 
**** auto rels 2 STARTED.
   ** auto rel: from b1690.69-per1-per2 to b1690.69-per1 parentesco/pai
   ** auto rel: from b1690.69-per1-per3 to b1690.69-per1 parentesco/mae
   ** auto rel: from b1690.69-per1-per2 to b1690.69-per1-per3 parentesco/marido
   ** Automatic attribute: b1690.69-per1-per2/ec/c
   ** Automatic attribute: b1690.69-per1-per3/ec/c
** Processing act b$b1690.70
1132:          n$joao/m/id=b1690.70-per1
1133: 
1134:             pai$joao madeira/id=b1690.70-per1-per2
1135:                ls$residencia/paleao
1136: 
1137:             mae$maria joao/id=b1690.70-per1-per3
1138: 
1139:             pad$joao/m/id=b1690.70-per4
1140: 
1141:             ppad$manuel gomes valente/id=b1690.70-per5
1142:                ls$residencia/paleao
1143: 
1144:       b$b1690.71/9/11/1690/0/0/0/joao da costa
1145: 
**** auto rels 2 STARTED.
   ** auto rel: from b1690.70-per1-per2 to b1690.70-per1 parentesco/pai
   ** auto rel: from b1690.70-per1-per3 to b1690.70-per1 parentesco/mae
   ** auto rel: from b1690.70-per1-per2 to b1690.70-per1-per3 parentesco/marido
   ** Automatic attribute: b1690.70-per1-per2/ec/c
   ** Automatic attribute: b1690.70-per1-per3/ec/c
** Processing act b$b1690.71
1146:          n$maria/f/id=b1690.71-per1
1147: 
1148:             pai$jose rodrigues/id=b1690.71-per1-per2
1149: 
1150:             mae$ana dos santos/id=b1690.71-per1-per3
1151: 
1152:             pad$manuel jorge/id=b1690.71-per4
1153:                ls$residencia/soure
1154: 
1155:             mad$teresa/id=b1690.71-per5
1156: 
1157:             pmad$joao rodrigues/id=b1690.71-per6
1158:                ls$profissao/barbeiro
1159: 
1160:       b$b1690.72/12/11/1690/0/0/0/luis alves pinto
1161: 
**** auto rels 2 STARTED.
   ** auto rel: from b1690.71-per1-per2 to b1690.71-per1 parentesco/pai
   ** auto rel: from b1690.71-per1-per3 to b1690.71-per1 parentesco/mae
   ** auto rel: from b1690.71-per1-per2 to b1690.71-per1-per3 parentesco/marido
   ** Automatic attribute: b1690.71-per1-per2/ec/c
   ** Automatic attribute: b1690.71-per1-per3/ec/c
** Processing act b$b1690.72
1162:          n$maria/f/id=b1690.72-per1
1163: 
1164:             pai$antonio simoes/id=b1690.72-per1-per2
1165:                ls$residencia/simoes
1166: 
1167:             mae$catarina goncalves/id=b1690.72-per1-per3
1168: 
1169:             pad$manuel goncalves/m/id=b1690.72-per4
1170:                ls$residencia/mogadouro
1171: 
1172:             mad$teresa/id=b1690.72-per5
1173: 
1174:             mmad$maria domingues/f/id=b1690.72-per6
1175:                ls$ec/v
1176:                ls$residencia/simoes
1177: 
1178:       b$b1690.73/12/11/1690/0/0/0/manuel duarte de morais, beneficiado
1179: 
**** auto rels 2 STARTED.
   ** auto rel: from b1690.72-per1-per2 to b1690.72-per1 parentesco/pai
   ** auto rel: from b1690.72-per1-per3 to b1690.72-per1 parentesco/mae
   ** auto rel: from b1690.72-per1-per2 to b1690.72-per1-per3 parentesco/marido
   ** Automatic attribute: b1690.72-per1-per2/ec/c
   ** Automatic attribute: b1690.72-per1-per3/ec/c
** Processing act b$b1690.73
1180:          n$josefa maria/f/id=b1690.73-per1
1181: 
1182:             pai$antonio cordeiro/id=b1690.73-per1-per2
1183:                ls$residencia/soure
1184: 
1185:             mae$francisca nunes/id=b1690.73-per1-per3
1186: 
1187:             pad$jeronimo goncalves/id=b1690.73-per4
1188:                ls$residencia/casais
1189: 
1190:             mad$maria vieira/id=b1690.73-per5
1191:                ls$residencia/soure
1192: 
1193:       b$b1690.74/26/11/1690/0/0/0/luis alvares pinto
1194: 
**** auto rels 2 STARTED.
   ** auto rel: from b1690.73-per1-per2 to b1690.73-per1 parentesco/pai
   ** auto rel: from b1690.73-per1-per3 to b1690.73-per1 parentesco/mae
   ** auto rel: from b1690.73-per1-per2 to b1690.73-per1-per3 parentesco/marido
   ** Automatic attribute: b1690.73-per1-per2/ec/c
   ** Automatic attribute: b1690.73-per1-per3/ec/c
** Processing act b$b1690.74
1195:          n$anselmo/m/obs=este e'o celebre anselmo caetano munhos de abreu gusmao e castelo branco de que fala Barbosa Machado na Biblioteca Lusitana (vol.I p.178)/id=b1690.74-per1
1196: 
1197:             pai$antonio manhos de abreu/id=bpai26111690
1198:                ls$residencia/soure
1199: 
1200:             mae$simoa da rosa/id=bmae26111690
1201: 
1202:             pad$goncalo godinho/id=b1690.74-per2
1203:                ls$profissao/padre
1204:                ls$residencia/condeixa-a-nova, freguesia de condeixa-a-nova
1205:                ls$freguesia/condeixa-a-nova
1206:                rel$parentesco/irmao/simoa da rosa/bmae26111690
1207: 
1208:             mad$teresa/id=b1690.74-per3
1209:                rel$parentesco/irma#nao e'claro se irma da mae ou do pai da crianca/simoa da rosa/bmae26111690
1210: 
1211:       b$b1690.75/26/11/1690/0/0/0/luis alvares pinto
1212: 
**** auto rels 2 STARTED.
   ** auto rel: from bpai26111690 to b1690.74-per1 parentesco/pai
   ** auto rel: from bmae26111690 to b1690.74-per1 parentesco/mae
   ** auto rel: from bpai26111690 to bmae26111690 parentesco/marido
   ** Automatic attribute: bpai26111690/ec/c
   ** Automatic attribute: bmae26111690/ec/c
** Processing act b$b1690.75
1213:          n$domingos/m/id=b1690.75-per1
1214: 
1215:             pai$manuel domingues/m/id=b1690.75-per1-per2
1216:                ls$residencia/casal da orada
1217: 
1218:             mae$leonor joao/id=b1690.75-per1-per3
1219: 
1220:             pad$manuel/id=b1690.75-per4
1221: 
1222:             ppad$mateus goncalves/id=bppad26111690
1223:                ls$residencia/alencarce de baixo
1224: 
1225:             mad$maria/id=b1690.75-per5
1226: 
1227:             pmad$mateus goncalves/mesmo_que=bppad26111690/id=b1690.75-per6
1228: 
1229:       b$b1690.76/29/12/1690/0/0/0/luis alvares pinto
1230: 
**** auto rels 2 STARTED.
   ** auto rel: from b1690.75-per1-per2 to b1690.75-per1 parentesco/pai
   ** auto rel: from b1690.75-per1-per3 to b1690.75-per1 parentesco/mae
   ** auto rel: from b1690.75-per1-per2 to b1690.75-per1-per3 parentesco/marido
   ** Automatic attribute: b1690.75-per1-per2/ec/c
   ** Automatic attribute: b1690.75-per1-per3/ec/c
** Processing act b$b1690.76
1231:          n$antonia/f/id=b1690.76-per1
1232: 
1233:             pai$manuel rodrigues/id=b1690.76-per1-per2
1234:                ls$profissao/barbeiro
1235:                ls$residencia/sobral
1236: 
1237:             mae$maria rodrigues/id=b1690.76-per1-per3
1238: 
1239:             pad$sebastiao soares coelho/id=b1690.76-per4
1240: 
1241:             mad$antonia/f/id=b1690.76-per5
1242: 
1243:             pmad$manuel joao soeiro/id=b1690.76-per6
1244:                ls$residencia/sobral
1245: 
1246:       b$b1690.77/30/12/1690/0/0/0/manuel rodrigues alvaro
1247: 
**** auto rels 2 STARTED.
   ** auto rel: from b1690.76-per1-per2 to b1690.76-per1 parentesco/pai
   ** auto rel: from b1690.76-per1-per3 to b1690.76-per1 parentesco/mae
   ** auto rel: from b1690.76-per1-per2 to b1690.76-per1-per3 parentesco/marido
   ** Automatic attribute: b1690.76-per1-per2/ec/c
   ** Automatic attribute: b1690.76-per1-per3/ec/c
** Processing act b$b1690.77
1248:          n$maria/f/id=b1690.77-per1
1249: 
1250:             pai$antonio pereira/id=b1690.77-per1-per2
1251:                ls$residencia/casal de porto das cabras
1252: 
1253:             mae$maria do espirito santo/id=b1690.77-per1-per3
1254: 
1255:             pad$joao da costa de vasconcelos/mesmo_que=c12-7/id=b1690.77-per4
1256:                ls$residencia/soure
1257: 
1258:             mad$helena/id=bmad30121690
1259: 
1260:             pmad$paulo ribeiro cabral/mesmo_que=c24-7/id=b1690.77-per5
1261:                ls$cargo/capitao-mor
1262: 
1263:             referido$francisco rodrigues/id=br30121690
1264:                ls$residencia/paleao
1265:                rel$sociabilidade/procurador em casamento (madrinha)/helena/bmad30121690
1266: 
1267:       b$b1690.78/31/12/1690/0/0/0/luis alvares pinto
1268: 
**** auto rels 2 STARTED.
   ** auto rel: from b1690.77-per1-per2 to b1690.77-per1 parentesco/pai
   ** auto rel: from b1690.77-per1-per3 to b1690.77-per1 parentesco/mae
   ** auto rel: from b1690.77-per1-per2 to b1690.77-per1-per3 parentesco/marido
   ** Automatic attribute: b1690.77-per1-per2/ec/c
   ** Automatic attribute: b1690.77-per1-per3/ec/c
** Processing act b$b1690.78
1269:          n$agostinho/m/id=b1690.78-per1
1270: 
1271:             pai$manuel francisco/obs=devem ser do mogadouro/id=b1690.78-per1-per2
1272: 
1273:             mae$maria de oliveira/id=b1690.78-per1-per3
1274: 
1275:             pad$gaspar francisco/id=b1690.78-per4
1276:                ls$residencia/mogadouro
1277: 
1278:             mad$domingas/id=b1690.78-per5
1279: 
1280:             mmad$maria esteves/id=b1690.78-per6
1281:                ls$residencia/barril
1282: *** End of File
0  errors.
**** auto rels 2 STARTED.
   ** auto rel: from b1690.78-per1-per2 to b1690.78-per1 parentesco/pai
   ** auto rel: from b1690.78-per1-per3 to b1690.78-per1 parentesco/mae
   ** auto rel: from b1690.78-per1-per2 to b1690.78-per1-per3 parentesco/marido
   ** Automatic attribute: b1690.78-per1-per2/ec/c
   ** Automatic attribute: b1690.78-per1-per3/ec/c
** Translation finished.
** data file- /Users/jrc/develop/mhk_users/soure/documents/baptismos/B1690.CLI
** original file- /Users/jrc/develop/mhk_users/soure/documents/baptismos/B1690.org
** old file- /Users/jrc/develop/mhk_users/soure/documents/baptismos/B1690.old
** original file- /Users/jrc/develop/mhk_users/soure/documents/baptismos/B1690.ids
