ClioInput - version 2019.A1 - build 507 15/07/2019 21:58 
7-4-2020 15-46

Processing data file b1693.cli
-------------------------------------------
Generic Act translation module with geoentities (XML).
     Joaquim Ramos de Carvalho (joaquim@uc.pt) 
** New document: kleio
=========================
kleio translation started
=========================
Structure: gacto.str
Prefix: 
Autorel: 
Translation count: 4
Obs: 
** Processing source fonte$baptismos 1693
6: b$b1693.1
23: b$b1693.2
40: b$b1693.3
57: b$b1693.4
73: b$b1693.5
92: b$b1693.6
108: b$b1693.7
125: b$b1693.8
145: b$b1693.9
162: b$b1693.10
180: b$b1693.11
199: b$b1693.12
207: b$b1693.13
221: b$b1693.14
239: b$b1693.15
257: b$b1693.16
274: b$b1693.17
290: b$b1693.18
306: b$b1693.19
323: b$b1693.20
341: b$b1693.21
357: b$b1693.22
376: b$b1693.23
400: b$b1693.24
418: b$b1693.25
430: b$b1693.26
451: b$b1693.26bis
467: b$b1693.27
491: b$b1693.28
509: b$b1693.29
526: b$b1693.30
544: b$b1693.31
558: b$b1693.32
574: b$b1693.33
590: b$b1693.34
608: b$b1693.35
624: b$b1693.36
641: b$b1693.37
657: b$b1693.38
675: b$b1693.39
694: b$b1693.40
711: b$b1693.41
727: b$b1693.42
744: b$b1693.43
760: b$b1693.44
776: b$b1693.45
791: b$b1693.46
815: b$b1693.47
833: b$b1693.48
853: b$b1693.49
871: b$b1693.50
888: b$b1693.51
906: b$b1693.52
925: b$b1693.53
943: b$b1693.54
964: b$b1693.55
980: b$b1693.56
1000: b$b1693.57
1027: b$b1693.58
1044: b$b1693.59
1061: b$b1693.60
1080: b$b1693.61
1097: b$b1693.62
1116: b$b1693.63
1131: b$b1693.64
1143: b$b1693.65
1159: b$b1693.66
1171: b$b1693.67
1188: b$b1693.68
1203: b$b1693.69
1223: b$b1693.70
1241: b$b1693.71
1259: b$b1693.72
1276: b$b1693.73
1293: b$b1693.74
1315: b$b1693.75
1332: b$b1693.76
1350: b$b1693.77
1371: b$b1693.78
1386: b$b1693.79
1407: b$b1693.80
1424: b$b1693.81
1441: b$b1693.82
1459: b$b1693.83
1478: b$b1693.84
1488: b$b1693.85
1505: b$b1693.86
1522: b$b1693.87
1540: b$b1693.88
1554: b$b1693.89
1571: b$b1693.90
1586: b$b1693.91
1603: b$b1693.92
1620: b$b1693.93
1640: b$b1693.94
*** End of File
** Processed file- /kleio-home/sources/soure-fontes/sources/soure_fase1/baptismos/b1693.cli
** Original file- /kleio-home/sources/soure-fontes/sources/soure_fase1/baptismos/b1693.org
** Previous version- /kleio-home/sources/soure-fontes/sources/soure_fase1/baptismos/b1693.old
** Temp file with ids- /kleio-home/sources/soure-fontes/sources/soure_fase1/baptismos/b1693.ids
0  errors. 
0  warnings.
Translation finished.
