ClioInput - version 2019.A1 - build 507 15/07/2019 21:58 
16-2-2020 13-9

Processing data file b1692.cli
-------------------------------------------
Generic Act translation module with geoentities (XML).
     Joaquim Ramos de Carvalho (joaquim@uc.pt) 
** New document: kleio
=========================
kleio translation started
=========================
Structure: gacto.str
Prefix: 
Autorel: 
Translation count: 2
Obs: 
** Processing source fonte$baptismos 1692
6: b$b1692.1
25: b$b1692.2
41: b$b1692.3
52: b$b1692.4
69: b$b1692.5
84: b$b1692.6
100: b$b1692.7
119: b$b1692.8
135: b$b1692.9
152: b$b1692.10
170: b$b1692.11
185: b$b1692.12
203: b$b1692.13
218: b$b1692.14
235: b$b1692.15
252: b$b1692.16
271: b$b1692.17
287: b$b1692.18
304: b$b1692.19
319: b$b1692.20
336: b$b1692.21
353: b$b1692.22
371: b$b1692.23
388: b$b1692.24
405: b$b1692.25
423: b$b1692.26
439: b$b1692.27
455: b$b1692.28
472: b$b1692.29
490: b$b1692.30
507: b$b1692.31
524: b$b1692.32
541: b$b1692.33
562: b$b1692.34
578: b$b1692.35
598: b$b1692.36
618: b$b1692.37
635: b$b1692.38
655: b$b1692.39
670: b$b1692.40
687: b$b1692.41
704: b$b1692.42
722: b$b1692.43
738: b$b1692.44
756: b$b1692.45
776: b$b1692.46
793: b$b1692.47
809: b$b1692.48
828: b$b1692.49
846: b$b1692.50
863: b$b1692.51
881: b$b1692.52
895: b$b1692.53
912: b$b1692.54
928: b$b1692.55
944: b$b1692.56
963: b$b1692.57
980: b$b1692.58
995: b$b1692.59
1016: b$b1692.60
1035: b$b1692.61
1053: b$b1692.62
1071: b$b1692.63
1090: b$b1692.64
1108: b$b1692.65
1126: b$b1692.66
1143: b$b1692.67
1160: b$b1692.68
1175: b$b1692.69
1186: b$b1692.70
1202: b$b1692.71
1218: b$b1692.72
1236: b$b1692.73
1249: b$b1692.74
1266: b$b1692.75
1278: b$b1692.76
1294: b$b1692.77
1312: b$b1692.78
1328: b$b1692.79
1346: b$b1692.80
1363: b$b1692.81
1380: b$b1692.82
*** End of File

WARNING: b1692.cli line 109  "SAME AS" TO EXTERNAL REFERENCE EXPORTED (c24-7) CHECK IF IT EXISTS BEFORE IMPORTING THIS FILE.
Near lines: 109 Near line: 110 

WARNING: b1692.cli line 177  "SAME AS" TO EXTERNAL REFERENCE EXPORTED (c6-8) CHECK IF IT EXISTS BEFORE IMPORTING THIS FILE.
Near lines: 177 Near line: 178 

WARNING: b1692.cli line 390  "SAME AS" TO EXTERNAL REFERENCE EXPORTED (c198-7) CHECK IF IT EXISTS BEFORE IMPORTING THIS FILE.
Near lines: 390 Near line: 391 

WARNING: b1692.cli line 462  "SAME AS" TO EXTERNAL REFERENCE EXPORTED (c24-7) CHECK IF IT EXISTS BEFORE IMPORTING THIS FILE.
Near lines: 462 Near line: 463 

WARNING: b1692.cli line 748  "SAME AS" TO EXTERNAL REFERENCE EXPORTED (c24-7) CHECK IF IT EXISTS BEFORE IMPORTING THIS FILE.
Near lines: 748 Near line: 749 

WARNING: b1692.cli line 753  "SAME AS" TO EXTERNAL REFERENCE EXPORTED (c12-7) CHECK IF IT EXISTS BEFORE IMPORTING THIS FILE.
Near lines: 753 Near line: 754 

WARNING: b1692.cli line 889  "SAME AS" TO EXTERNAL REFERENCE EXPORTED (c6-7) CHECK IF IT EXISTS BEFORE IMPORTING THIS FILE.
Near lines: 889 Near line: 890 

WARNING: b1692.cli line 1194  "SAME AS" TO EXTERNAL REFERENCE EXPORTED (c24-7) CHECK IF IT EXISTS BEFORE IMPORTING THIS FILE.
Near lines: 1194 Near line: 1195 
** Processed file- /kleio-home/sources/soure/soure-sources/sources/soure_fase1/baptismos/b1692.cli
** Original file- /kleio-home/sources/soure/soure-sources/sources/soure_fase1/baptismos/b1692.org
** Previous version- /kleio-home/sources/soure/soure-sources/sources/soure_fase1/baptismos/b1692.old
** Temp file with ids- /kleio-home/sources/soure/soure-sources/sources/soure_fase1/baptismos/b1692.ids
0  errors. 
8  warnings.
Translation finished.
