ClioInput - version $Revision$ SWI $Date$
29-5-2017 15-1

Processing data file:/Users/jrc/develop/mhk_users/soure/documents/baptismos/B1697.CLI
-------------------------------------------
Generic Act translation module with geoentities (XML).
     Joaquim Ramos de Carvalho (joaquim@uc.pt) 
** New document: kleio
1: kleio$gacto.str
=========================
kleio translation started
=========================
Structure: gacto.str
Prefix: 
Autorel: 
Translation count: 
Obs: 
Translation count not set or invalid, counting as zero: 
2:    fonte$baptismos 1697/tipo=reg paroquiais/localizacao=fol. 153v-/data=16970000
3: 
**** auto rels 2 STARTED.
** Processing source fonte$baptismos 1697
4:       b$b1697.1/7/1/1697/0/0/0/manuel cristovao/obs=sem madrinha
5: 
**** auto rels 2 STARTED.
** Processing act b$b1697.1
6:          n$mariana/f/id=b1697.1-per1
7: 
8:             pai$jose vieira/id=b1697.1-per1-per2
9:                ls$residencia/soure
10: 
11:             mae$natalia rodrigues/id=b1697.1-per1-per3
12: 
13:             pad$joao da costa de vasconcelos/mesmo_que=c12-7/id=b1697.1-per4
14:                ls$residencia/soure
15: 
16:       b$b1697.2/13/1/1697/0/0/0/manuel rodrigues alvaro
17: 
**** auto rels 2 STARTED.
   ** auto rel: from b1697.1-per1-per2 to b1697.1-per1 parentesco/pai
   ** auto rel: from b1697.1-per1-per3 to b1697.1-per1 parentesco/mae
   ** auto rel: from b1697.1-per1-per2 to b1697.1-per1-per3 parentesco/marido
   ** Automatic attribute: b1697.1-per1-per2/ec/c
   ** Automatic attribute: b1697.1-per1-per3/ec/c
** Processing act b$b1697.2
18:          n$maria/f/id=b1697.2-per1
19: 
20:             pai$manuel de oliveira/id=b1697.2-per1-per2
21:                ls$residencia/lagem
22: 
23:             mae$maria simoes/id=b1697.2-per1-per3
24: 
25:             pad$sebastiao colaco leitao/id=bpad13011697
26:                ls$residencia/soure
27: 
28:             mad$isabel/id=b1697.2-per4
29:                rel$parentesco/filha/sebastiao colaco leitao/bpad13011697
30: 
31:       b$b1697.3/13/1/1697/0/0/0/jose pinto
32: 
**** auto rels 2 STARTED.
   ** auto rel: from b1697.2-per1-per2 to b1697.2-per1 parentesco/pai
   ** auto rel: from b1697.2-per1-per3 to b1697.2-per1 parentesco/mae
   ** auto rel: from b1697.2-per1-per2 to b1697.2-per1-per3 parentesco/marido
   ** Automatic attribute: b1697.2-per1-per2/ec/c
   ** Automatic attribute: b1697.2-per1-per3/ec/c
** Processing act b$b1697.3
33:          n$antonio/m/id=b1697.3-per1
34: 
35:             pai$bento rodrigues/id=b1697.3-per1-per2
36:                ls$residencia/alencarce de cima
37: 
38:             mae$maria francisca/id=b1697.3-per1-per3
39: 
40:             pad$miguel da gante/id=b1697.3-per4
41:                ls$residencia/casal do rei
42: 
43:             mad$silvestra rodrigues/id=b1697.3-per5
44:                ls$residencia/cascao
45: 
46:       b$b1697.4/13/1/1697/0/0/0/jose pinto/obs=baptizada em casa por jose pinto em necessidade
47: 
**** auto rels 2 STARTED.
   ** auto rel: from b1697.3-per1-per2 to b1697.3-per1 parentesco/pai
   ** auto rel: from b1697.3-per1-per3 to b1697.3-per1 parentesco/mae
   ** auto rel: from b1697.3-per1-per2 to b1697.3-per1-per3 parentesco/marido
   ** Automatic attribute: b1697.3-per1-per2/ec/c
   ** Automatic attribute: b1697.3-per1-per3/ec/c
** Processing act b$b1697.4
48:          n$maria/f/id=b1697.4-per1
49: 
50:             pai$manuel pinto/id=b1697.4-per1-per2
51:                ls$residencia/soure
52: 
53:             mae$maria goncalves/id=b1697.4-per1-per3
54: 
55:             pad$matias/id=b1697.4-per4
56:                ls$ec/s
57: 
58:             ppad$sebastiao goncalves/id=bppad13011697
59: 
60:             mad$ana/id=b1697.4-per5
61:                rel$parentesco/filha/sebastiao goncalves/bppad13011697
62: 
63:       b$b1697.5/14/1/1697/0/0/0/jose pinto
64: 
**** auto rels 2 STARTED.
   ** auto rel: from b1697.4-per1-per2 to b1697.4-per1 parentesco/pai
   ** auto rel: from b1697.4-per1-per3 to b1697.4-per1 parentesco/mae
   ** auto rel: from b1697.4-per1-per2 to b1697.4-per1-per3 parentesco/marido
   ** Automatic attribute: b1697.4-per1-per2/ec/c
   ** Automatic attribute: b1697.4-per1-per3/ec/c
** Processing act b$b1697.5
65:          n$manuel/m/id=b1697.5-per1
66: 
67:             pai$manuel de gouveia/id=b1697.5-per1-per2
68:                ls$residencia/casal novo
69: 
70:             mae$sebastiana da graca/id=b1697.5-per1-per3
71: 
72:             pad$luis de seabra jacques/id=b1697.5-per4
73:                ls$residencia/soure
74: 
75:             mad$maria/id=b1697.5-per5
76:                ls$ec/s
77: 
78:             pmad$manuel luis/id=b1697.5-per6
79:                ls$residencia/casa velha
80: 
81:       b$b1697.6/15/1/1697/0/0/0/jose pinto
82: 
**** auto rels 2 STARTED.
   ** auto rel: from b1697.5-per1-per2 to b1697.5-per1 parentesco/pai
   ** auto rel: from b1697.5-per1-per3 to b1697.5-per1 parentesco/mae
   ** auto rel: from b1697.5-per1-per2 to b1697.5-per1-per3 parentesco/marido
   ** Automatic attribute: b1697.5-per1-per2/ec/c
   ** Automatic attribute: b1697.5-per1-per3/ec/c
** Processing act b$b1697.6
83:          n$maria/f/id=b1697.6-per1
84: 
85:             pai$manuel marques/id=b1697.6-per1-per2
86:                ls$residencia/soure
87:                ls$titulo/licenciado
88: 
89:             mae$luisa pinto/id=b1697.6-per1-per3
90: 
91:             pad$antonio de meneses/mesmo_que=c113-7/id=b1697.6-per4
92:                ls$titulo/dom
93: 
94:             mad$antonia maria margarida de vilhena/id=b1697.6-per5
95:                ls$titulo/dona
96:                ls$residencia/lisboa, freguesia de ?
97:                ls$freguesia/lisboa ?
98:                rel$parentesco/mulher/antonio de meneses/c113-7
99: 
100:       b$b1697.7/20/1/1697/0/0/0/luis alvares pinto
101: 
**** auto rels 2 STARTED.
   ** auto rel: from b1697.6-per1-per2 to b1697.6-per1 parentesco/pai
   ** auto rel: from b1697.6-per1-per3 to b1697.6-per1 parentesco/mae
   ** auto rel: from b1697.6-per1-per2 to b1697.6-per1-per3 parentesco/marido
   ** Automatic attribute: b1697.6-per1-per2/ec/c
   ** Automatic attribute: b1697.6-per1-per3/ec/c
** Processing act b$b1697.7
102:          n$joao/m/id=b1697.7-per1
103: 
104:             pai$joao gomes/id=b1697.7-per1-per2
105:                ls$residencia/porto panelas
106: 
107:             mae$maria rodrigues/id=b1697.7-per1-per3
108: 
109:             pad$simao/id=b1697.7-per4
110: 
111:             ppad$joao carvalho/id=b1697.7-per5
112:                ls$residencia/porto panelas
113: 
114:             mad$maria domingues/id=b1697.7-per6
115: 
116:             mrmad$simao afonso/id=b1697.7-per7
117:                ls$residencia/porto panelas
118: 
119:       b$b1697.8/20/1/1697/0/0/0/manuel galhardo
120: 
**** auto rels 2 STARTED.
   ** auto rel: from b1697.7-per1-per2 to b1697.7-per1 parentesco/pai
   ** auto rel: from b1697.7-per1-per3 to b1697.7-per1 parentesco/mae
   ** auto rel: from b1697.7-per1-per2 to b1697.7-per1-per3 parentesco/marido
   ** Automatic attribute: b1697.7-per1-per2/ec/c
   ** Automatic attribute: b1697.7-per1-per3/ec/c
** Processing act b$b1697.8
121:          n$manuel/m/id=b1697.8-per1
122: 
123:             pai$jose francisco de mendonca/id=b1697.8-per1-per2
124:                ls$residencia/casal das brancas
125: 
126:             mae$maria lourenco/id=b1697.8-per1-per3
127: 
128:             pad$manuel goncalves galhardo/id=b1697.8-per4
129:                ls$profissao/padre
130:                ls$cargo/beneficiado da igreja de soure
131: 
132:             mad$maria/id=b1697.8-per5
133: 
134:             pmad$joao goncalves/id=b1697.8-per6
135:                ls$residencia/assamassa
136: 
137:       b$b1697.9/27/1/1697/0/0/0/manuel duarte/obs=baptizada em casa pelo padre manuel cristovao
138: 
**** auto rels 2 STARTED.
   ** auto rel: from b1697.8-per1-per2 to b1697.8-per1 parentesco/pai
   ** auto rel: from b1697.8-per1-per3 to b1697.8-per1 parentesco/mae
   ** auto rel: from b1697.8-per1-per2 to b1697.8-per1-per3 parentesco/marido
   ** Automatic attribute: b1697.8-per1-per2/ec/c
   ** Automatic attribute: b1697.8-per1-per3/ec/c
** Processing act b$b1697.9
139:          n$maria/f/id=b1697.9-per1
140: 
141:             pai$manuel da silva/id=b1697.9-per1-per2
142: 
143:             mae$josefa de barros/id=b1697.9-per1-per3
144: 
145:             pad$manuel rodrigues/id=b1697.9-per4
146:                ls$residencia/carvalheira de baixo
147: 
148:             mad$isabel/id=b1697.9-per5
149: 
150:             mmad$maria cardoso/id=b1697.9-per6
151:                ls$residencia/porto panelas
152: 
153:       b$b1697.10/29/1/1697/0/0/0/pedro fernandes, dos cozinheiros, freguesia de Paiao. Nenhuma residencia, nem pais, nem padrinhos
154: 
**** auto rels 2 STARTED.
   ** auto rel: from b1697.9-per1-per2 to b1697.9-per1 parentesco/pai
   ** auto rel: from b1697.9-per1-per3 to b1697.9-per1 parentesco/mae
   ** auto rel: from b1697.9-per1-per2 to b1697.9-per1-per3 parentesco/marido
   ** Automatic attribute: b1697.9-per1-per2/ec/c
   ** Automatic attribute: b1697.9-per1-per3/ec/c
** Processing act b$b1697.10
155:          n$antonio/m/id=b1697.10-per1
156: 
157:             pai$antonio mendes/id=b1697.10-per1-per2
158: 
159:             mae$esperanca gomes/id=b1697.10-per1-per3
160: 
161:             pad$pedro fernandes/id=bpad29011697
162:                ls$profissao/padre
163:                ls$residencia/cozinheiros, freguesia do paiao
164:                ls$freguesia/paiao
165: 
166:             mad$madalena gomes/id=b1697.10-per4
167:                ls$ec/s
168:                rel$parentesco/irma/pedro fernandes/bpad29011697
169:                ls$residencia/cozinheiros, freguesia do paiao
170:                ls$freguesia/paiao
171: 
172:       b$b1697.11/4/2/1697/0/0/0/jose pinto
173: 
**** auto rels 2 STARTED.
   ** auto rel: from b1697.10-per1-per2 to b1697.10-per1 parentesco/pai
   ** auto rel: from b1697.10-per1-per3 to b1697.10-per1 parentesco/mae
   ** auto rel: from b1697.10-per1-per2 to b1697.10-per1-per3 parentesco/marido
   ** Automatic attribute: b1697.10-per1-per2/ec/c
   ** Automatic attribute: b1697.10-per1-per3/ec/c
** Processing act b$b1697.11
174:          n$jose/m/id=b1697.11-per1
175: 
176:             pai$jorge domingues/id=b1697.11-per1-per2
177:                ls$residencia/simoes
178: 
179:             mae$catarina simoes%cristina?/id=b1697.11-per1-per3
180: 
181:             pad$manuel joao/id=b1697.11-per4
182:                ls$residencia/simoes
183: 
184:             mad$teresa da encarnacao/id=b1697.11-per5
185: 
186:             mrmad$joao rodrigues/id=b1697.11-per6
187:                ls$residencia/simoes
188: 
189:       b$b1697.12/4/2/1697/0/0/0/jose pinto
190: 
**** auto rels 2 STARTED.
   ** auto rel: from b1697.11-per1-per2 to b1697.11-per1 parentesco/pai
   ** auto rel: from b1697.11-per1-per3 to b1697.11-per1 parentesco/mae
   ** auto rel: from b1697.11-per1-per2 to b1697.11-per1-per3 parentesco/marido
   ** Automatic attribute: b1697.11-per1-per2/ec/c
   ** Automatic attribute: b1697.11-per1-per3/ec/c
** Processing act b$b1697.12
191:          n$antonio/m/id=b1697.12-per1
192: 
193:             pai$manuel rodrigues formigo/id=b1697.12-per1-per2
194:                ls$residencia/barril
195: 
196:             mae$isabel joao/id=b1697.12-per1-per3
197: 
198:             pad$manuel de oliveira/id=b1697.12-per4
199:                ls$profissao/padre
200:                ls$residencia/barril
201: 
202:             mad$isabel machado/id=b1697.12-per5
203: 
204:             mrmad$antonio coelho de carvalho/id=b1697.12-per6
205:                ls$titulo/licenciado
206: 
207:       b$b1697.13/5/2/1697/0/0/0/jose pinto
208: 
**** auto rels 2 STARTED.
   ** auto rel: from b1697.12-per1-per2 to b1697.12-per1 parentesco/pai
   ** auto rel: from b1697.12-per1-per3 to b1697.12-per1 parentesco/mae
   ** auto rel: from b1697.12-per1-per2 to b1697.12-per1-per3 parentesco/marido
   ** Automatic attribute: b1697.12-per1-per2/ec/c
   ** Automatic attribute: b1697.12-per1-per3/ec/c
** Processing act b$b1697.13
209:          n$maria/f/id=b1697.13-per1
210: 
211:             pai$antonio simoes/id=b1697.13-per1-per2
212:                ls$residencia/casal novo
213: 
214:             mae$maria pedroso/id=b1697.13-per1-per3
215: 
216:             pad$manuel marques/id=b1697.13-per4
217:                ls$titulo/licenciado
218:                ls$residencia/soure
219: 
220:             mad$maria cordeiro/id=b1697.13-per5
221: 
222:             mrmad$manuel dos santos/id=b1697.13-per6
223:                ls$residencia/casal novo
224: 
225:       b$b1697.14/10/2/1697/0/0/0/jose pinto
226: 
**** auto rels 2 STARTED.
   ** auto rel: from b1697.13-per1-per2 to b1697.13-per1 parentesco/pai
   ** auto rel: from b1697.13-per1-per3 to b1697.13-per1 parentesco/mae
   ** auto rel: from b1697.13-per1-per2 to b1697.13-per1-per3 parentesco/marido
   ** Automatic attribute: b1697.13-per1-per2/ec/c
   ** Automatic attribute: b1697.13-per1-per3/ec/c
** Processing act b$b1697.14
227:          n$isabel/f/id=b1697.14-per1
228: 
229:             pai$manuel antunes/id=b1697.14-per1-per2
230:                ls$residencia/presa
231: 
232:             mae$isabel rodrigues/id=b1697.14-per1-per3
233: 
234:             pad$jose simoes/id=b1697.14-per4
235:                ls$residencia/presa
236: 
237:             mad$maria rodrigues/id=b1697.14-per5
238: 
239:             mrmad$sebastiao antunes/id=b1697.14-per6
240:                ls$residencia/presa
241: 
242:       b$b1697.15/14/2/1697/0/0/0/jose pinto
243: 
**** auto rels 2 STARTED.
   ** auto rel: from b1697.14-per1-per2 to b1697.14-per1 parentesco/pai
   ** auto rel: from b1697.14-per1-per3 to b1697.14-per1 parentesco/mae
   ** auto rel: from b1697.14-per1-per2 to b1697.14-per1-per3 parentesco/marido
   ** Automatic attribute: b1697.14-per1-per2/ec/c
   ** Automatic attribute: b1697.14-per1-per3/ec/c
** Processing act b$b1697.15
244:          n$isabel/f/id=b1697.15-per1
245: 
246:             pai$manuel duarte/id=b1697.15-per1-per2
247:                ls$residencia/casal do migalho
248: 
249:             mae$catarina cordeiro/id=b1697.15-per1-per3
250: 
251:             pad$joao simoes/id=b1697.15-per4
252:                ls$residencia/casal novo
253: 
254:             mad$maria/id=b1697.15-per5
255: 
256:             pmad$domingos duarte/id=b1697.15-per6
257:                ls$residencia/casal do piquete, freguesia da gesteira
258:                ls$freguesia/gesteira
259: 
260:       b$b1697.16/15/2/1697/0/0/0/jose pinto/obs= baptizado em necessidade em casa pelo pdarinho
261: 
**** auto rels 2 STARTED.
   ** auto rel: from b1697.15-per1-per2 to b1697.15-per1 parentesco/pai
   ** auto rel: from b1697.15-per1-per3 to b1697.15-per1 parentesco/mae
   ** auto rel: from b1697.15-per1-per2 to b1697.15-per1-per3 parentesco/marido
   ** Automatic attribute: b1697.15-per1-per2/ec/c
   ** Automatic attribute: b1697.15-per1-per3/ec/c
** Processing act b$b1697.16
262:          n$sebastiana/f/id=b1697.16-per1
263: 
264:             pai$joao alvares/id=b1697.16-per1-per2
265:                ls$residencia/casa velha
266: 
267:             mae$isabel francisco/id=b1697.16-per1-per3
268: 
269:             pad$sebastiao domingues/id=b1697.16-per4
270:                ls$residencia/casa velha
271: 
272:       b$b1697.17/17/2/1697/0/0/0/jose pinto
273: 
**** auto rels 2 STARTED.
   ** auto rel: from b1697.16-per1-per2 to b1697.16-per1 parentesco/pai
   ** auto rel: from b1697.16-per1-per3 to b1697.16-per1 parentesco/mae
   ** auto rel: from b1697.16-per1-per2 to b1697.16-per1-per3 parentesco/marido
   ** Automatic attribute: b1697.16-per1-per2/ec/c
   ** Automatic attribute: b1697.16-per1-per3/ec/c
** Processing act b$b1697.17
274:          n$maria/f/id=b1697.17-per1
275: 
276:             pai$manuel martins/id=b1697.17-per1-per2
277:                ls$residencia/cascao
278: 
279:             mae$maria francisca/id=b1697.17-per1-per3
280: 
281:             pad$domingos goncalves/mesmo_que=c2-7/id=b1697.17-per4
282:                ls$residencia/casal do espirito santo
283:                ls$profissao/padre
284: 
285:             mad$antonia francisca/id=b1697.17-per5
286: 
287:             mrmad$martinho goncalves/id=b1697.17-per6
288:                ls$residencia/alencarce de baixo
289: 
290:       b$b1697.18/18/2/1697/0/0/0/jose pinto
291: 
**** auto rels 2 STARTED.
   ** auto rel: from b1697.17-per1-per2 to b1697.17-per1 parentesco/pai
   ** auto rel: from b1697.17-per1-per3 to b1697.17-per1 parentesco/mae
   ** auto rel: from b1697.17-per1-per2 to b1697.17-per1-per3 parentesco/marido
   ** Automatic attribute: b1697.17-per1-per2/ec/c
   ** Automatic attribute: b1697.17-per1-per3/ec/c
** Processing act b$b1697.18
292:          n$maria/f/id=b1697.18-per1
293:             ls$ilegitima/sim
294: 
295:             mae$maria joao/id=b1697.18-per1-per2
296:                ls$residencia/simoes
297: 
298:             pai$antonio joao/obs=diz ela ser ele o pai/id=b1697.18-per1-per3
299: 
300:             ppai$antonio joao/id=b1697.18-per1-per4
301:                ls$residencia/mogadouro
302: 
303:             pad$antonio ferreira/id=b1697.18-per5
304:                ls$residencia/mogadouro
305: 
306:             mad$francisca gaspar/id=b1697.18-per6
307: 
308:             mrmad$francisco joao/id=b1697.18-per7
309:                ls$residencia/mogadouro
310: 
311:       b$b1697.19/18/2/1697/0/0/0/jose pinto
312: 
**** auto rels 2 STARTED.
   ** auto rel: from b1697.18-per1-per3 to b1697.18-per1 parentesco/pai
   ** auto rel: from b1697.18-per1-per2 to b1697.18-per1 parentesco/mae
   ** auto rel: from b1697.18-per1-per3 to b1697.18-per1-per2 parentesco/marido
   ** Automatic attribute: b1697.18-per1-per3/ec/c
   ** Automatic attribute: b1697.18-per1-per2/ec/c
   ** auto rel: from b1697.18-per1-per4 to b1697.18-per1-per3 parentesco/pai
** Processing act b$b1697.19
313:          n$antonia/f/id=b1697.19-per1
314: 
315:             pai$manuel goncalves/id=b1697.19-per1-per2
316:                ls$residencia/vale da borra
317: 
318:             mae$maria rodrigues/id=b1697.19-per1-per3
319: 
320:             pad$pedro rodrigues/id=b1697.19-per4
321:                ls$residencia/vale da borra
322: 
323:             mad$antonia/id=b1697.19-per5
324: 
325:             mmad$maria francisca/id=b1697.19-per6
326:                ls$ec/v
327: 
328:       b$b1697.20/23/2/1697/0/0/0/jose pinto
329: 
**** auto rels 2 STARTED.
   ** auto rel: from b1697.19-per1-per2 to b1697.19-per1 parentesco/pai
   ** auto rel: from b1697.19-per1-per3 to b1697.19-per1 parentesco/mae
   ** auto rel: from b1697.19-per1-per2 to b1697.19-per1-per3 parentesco/marido
   ** Automatic attribute: b1697.19-per1-per2/ec/c
   ** Automatic attribute: b1697.19-per1-per3/ec/c
** Processing act b$b1697.20
330:          n$manuel/m/id=b1697.20-per1
331: 
332:             pai$jose carvalho/id=b1697.20-per1-per2
333:                ls$residencia/casal das galinhas
334: 
335:             mae$isabel simoes/id=b1697.20-per1-per3
336: 
337:             pad$francisco godinho/id=b1697.20-per4
338:                ls$residencia/pouca pena
339: 
340:             mad$domingas/id=b1697.20-per5
341: 
342:             pmad$joao mateus/id=b1697.20-per6
343:                ls$residencia/casal das galinhas
344: 
345:       b$b1697.21/24/2/1697/0/0/0/jose pinto
346: 
**** auto rels 2 STARTED.
   ** auto rel: from b1697.20-per1-per2 to b1697.20-per1 parentesco/pai
   ** auto rel: from b1697.20-per1-per3 to b1697.20-per1 parentesco/mae
   ** auto rel: from b1697.20-per1-per2 to b1697.20-per1-per3 parentesco/marido
   ** Automatic attribute: b1697.20-per1-per2/ec/c
   ** Automatic attribute: b1697.20-per1-per3/ec/c
** Processing act b$b1697.21
347:          n$maria/f/id=b1697.21-per1
348: 
349:             pai$manuel bras/id=b1697.21-per1-per2
350:                ls$residencia/casa velha
351: 
352:             mae$domingas rodrigues/id=b1697.21-per1-per3
353: 
354:             pad$manuel simoes/id=b1697.21-per4
355:                ls$alcunha/moco
356:                ls$residencia/casa velha
357: 
358:             mad$isabel/id=b1697.21-per5
359:                ls$ec/s
360: 
361:             mmad$domingas duarte/id=b1697.21-per6
362:                ls$residencia/casa velha
363: 
364:       b$b1697.22/24/2/1697/0/0/0/jose pinto
365: 
**** auto rels 2 STARTED.
   ** auto rel: from b1697.21-per1-per2 to b1697.21-per1 parentesco/pai
   ** auto rel: from b1697.21-per1-per3 to b1697.21-per1 parentesco/mae
   ** auto rel: from b1697.21-per1-per2 to b1697.21-per1-per3 parentesco/marido
   ** Automatic attribute: b1697.21-per1-per2/ec/c
   ** Automatic attribute: b1697.21-per1-per3/ec/c
** Processing act b$b1697.22
366:          n$antonio/m/id=b1697.22-per1
367: 
368:             pai$antonio jorge/id=b1697.22-per1-per2
369:                ls$residencia/cascao
370: 
371:             mae$ana rodrigues/id=b1697.22-per1-per3
372: 
373:             pad$antonio rodrigues/id=b1697.22-per4
374:                ls$residencia/alencarce de cima
375: 
376:             mad$catarina%cristina?/id=b1697.22-per5
377:                ls$ec/s
378: 
379:             pmad$manuel antunes/id=b1697.22-per6
380:                ls$residencia/alencarce de cima
381: 
382:       b$b1697.23/24/2/1697/0/0/0/manuel cordeiro, de soure
383: 
**** auto rels 2 STARTED.
   ** auto rel: from b1697.22-per1-per2 to b1697.22-per1 parentesco/pai
   ** auto rel: from b1697.22-per1-per3 to b1697.22-per1 parentesco/mae
   ** auto rel: from b1697.22-per1-per2 to b1697.22-per1-per3 parentesco/marido
   ** Automatic attribute: b1697.22-per1-per2/ec/c
   ** Automatic attribute: b1697.22-per1-per3/ec/c
** Processing act b$b1697.23
384:          n$josefa/f/id=b1697.23-per1
385: 
386:             pai$joao rodrigues alvaro/id=b1697.23-per1-per2
387:                ls$residencia/soure
388: 
389:             mae$isabel mateus/id=b1697.23-per1-per3
390: 
391:             pad$inacio coelho/id=bpad24021697
392:                ls$residencia/soure
393: 
394:             mad$josefa/id=b1697.23-per4
395:                rel$parentesco/filha/inacio coelho/bpad24021697
396: 
397:       b$b1697.24/3/3/1697/0/0/0/jose pinto
398: 
**** auto rels 2 STARTED.
   ** auto rel: from b1697.23-per1-per2 to b1697.23-per1 parentesco/pai
   ** auto rel: from b1697.23-per1-per3 to b1697.23-per1 parentesco/mae
   ** auto rel: from b1697.23-per1-per2 to b1697.23-per1-per3 parentesco/marido
   ** Automatic attribute: b1697.23-per1-per2/ec/c
   ** Automatic attribute: b1697.23-per1-per3/ec/c
** Processing act b$b1697.24
399:          n$antonia/f/id=b1697.24-per1
400: 
401:             pai$antonio simoes/id=b1697.24-per1-per2
402:                ls$residencia/presa
403: 
404:             mae$maria domingues/id=b1697.24-per1-per3
405: 
406:             pad$antonio rodrigues/id=b1697.24-per4
407:                ls$residencia/alencarce de cima
408: 
409:             mad$maria mateus/id=b1697.24-per5
410: 
411:             mrmad$joao rodrigues/id=b1697.24-per6
412:                ls$residencia/presa
413: 
414:       b$b1697.25/3/3/1697/0/0/0/jose pinto
415: 
**** auto rels 2 STARTED.
   ** auto rel: from b1697.24-per1-per2 to b1697.24-per1 parentesco/pai
   ** auto rel: from b1697.24-per1-per3 to b1697.24-per1 parentesco/mae
   ** auto rel: from b1697.24-per1-per2 to b1697.24-per1-per3 parentesco/marido
   ** Automatic attribute: b1697.24-per1-per2/ec/c
   ** Automatic attribute: b1697.24-per1-per3/ec/c
** Processing act b$b1697.25
416:          n$caetana/f/id=b1697.25-per1
417: 
418:             pai$joao goncalves/id=b1697.25-per1-per2
419:                ls$residencia/pinheiro
420: 
421:             mae$isabel gaspar/id=b1697.25-per1-per3
422: 
423:             pad$manuel marques de oliveira/id=b1697.25-per4
424:                ls$residencia/soure
425: 
426:             mad$madalena/id=b1697.25-per5
427: 
428:             mmad$maria gaspar/id=b1697.25-per6
429:                ls$ec/v
430:                ls$residencia/pinheiro
431: 
432:       b$b1697.26/3/3/1697/0/0/0/jose pinto
433: 
**** auto rels 2 STARTED.
   ** auto rel: from b1697.25-per1-per2 to b1697.25-per1 parentesco/pai
   ** auto rel: from b1697.25-per1-per3 to b1697.25-per1 parentesco/mae
   ** auto rel: from b1697.25-per1-per2 to b1697.25-per1-per3 parentesco/marido
   ** Automatic attribute: b1697.25-per1-per2/ec/c
   ** Automatic attribute: b1697.25-per1-per3/ec/c
** Processing act b$b1697.26
434:          n$jose/m/id=b1697.26-per1
435: 
436:             pai$manuel dias duqueso/id=b1697.26-per1-per2
437:                ls$residencia/soure
438: 
439:             mae$teresa rodrigues/id=bmae03031697
440: 
441:             pad$manuel rodrigues da costa/id=b1697.26-per3
442:                ls$residencia/soure
443: 
444:             mad$antonia/id=b1697.26-per4
445:                rel$parentesco/irma/teresa rodrigues/bmae03031697
446: 
447:       b$b1697.27/4/3/1697/0/0/0/jose pinto
448: 
**** auto rels 2 STARTED.
   ** auto rel: from b1697.26-per1-per2 to b1697.26-per1 parentesco/pai
   ** auto rel: from bmae03031697 to b1697.26-per1 parentesco/mae
   ** auto rel: from b1697.26-per1-per2 to bmae03031697 parentesco/marido
   ** Automatic attribute: b1697.26-per1-per2/ec/c
   ** Automatic attribute: bmae03031697/ec/c
** Processing act b$b1697.27
449:          n$feliciana/f/id=b1697.27-per1
450: 
451:             pai$manuel rodrigues/id=b1697.27-per1-per2
452:                ls$residencia/caseirinhos
453: 
454:             mae$maria goncalves/id=b1697.27-per1-per3
455: 
456:             pad$sebastiao goncalves/id=b1697.27-per4
457:                ls$residencia/soure
458: 
459:             mad$feliciana/id=b1697.27-per5
460: 
461:             pmad$pedro goncalves/id=b1697.27-per6
462:                ls$residencia/vale da borra
463: 
464:       b$b1697.28/5/3/1697/0/0/0/jose pinto
465: 
**** auto rels 2 STARTED.
   ** auto rel: from b1697.27-per1-per2 to b1697.27-per1 parentesco/pai
   ** auto rel: from b1697.27-per1-per3 to b1697.27-per1 parentesco/mae
   ** auto rel: from b1697.27-per1-per2 to b1697.27-per1-per3 parentesco/marido
   ** Automatic attribute: b1697.27-per1-per2/ec/c
   ** Automatic attribute: b1697.27-per1-per3/ec/c
** Processing act b$b1697.28
466:          n$maria/f/id=b1697.28-per1
467: 
468:             pai$manuel francisco/id=b1697.28-per1-per2
469:                ls$residencia/vale da borra
470: 
471:             mae$maria simoes/id=b1697.28-per1-per3
472: 
473:             pad$manuel simoes/id=b1697.28-per4
474:                ls$residencia/casalinhos
475: 
476:             mad$domingas/id=b1697.28-per5
477:                ls$ec/s
478: 
479:             mmad$maria francisca/id=b1697.28-per6
480:                ls$ec/v
481:                ls$residencia/vale da borra
482: 
483:       b$b1697.29/6/3/1697/0/0/0/jose pinto
484: 
**** auto rels 2 STARTED.
   ** auto rel: from b1697.28-per1-per2 to b1697.28-per1 parentesco/pai
   ** auto rel: from b1697.28-per1-per3 to b1697.28-per1 parentesco/mae
   ** auto rel: from b1697.28-per1-per2 to b1697.28-per1-per3 parentesco/marido
   ** Automatic attribute: b1697.28-per1-per2/ec/c
   ** Automatic attribute: b1697.28-per1-per3/ec/c
** Processing act b$b1697.29
485:          n$domingos/m/id=b1697.29-per1
486: 
487:             pai$domingos dos santos/id=b1697.29-per1-per2
488:                ls$residencia/casa velha
489: 
490:             mae$domingas henriques/id=b1697.29-per1-per3
491: 
492:             pad$domingos lopes/id=b1697.29-per4
493:                ls$residencia/casa velha
494: 
495:             mad$maria/id=b1697.29-per5
496: 
497:             pmad$manuel pereira/id=b1697.29-per6
498:                ls$residencia/casa velha
499: 
500:       b$b1697.30/9/3/1697/0/0/0/jose pinto
501: 
**** auto rels 2 STARTED.
   ** auto rel: from b1697.29-per1-per2 to b1697.29-per1 parentesco/pai
   ** auto rel: from b1697.29-per1-per3 to b1697.29-per1 parentesco/mae
   ** auto rel: from b1697.29-per1-per2 to b1697.29-per1-per3 parentesco/marido
   ** Automatic attribute: b1697.29-per1-per2/ec/c
   ** Automatic attribute: b1697.29-per1-per3/ec/c
** Processing act b$b1697.30
502:          n$manuel/m/id=bn09031697
503: 
504:             pai$francisco goncalves/id=bn09031697-per1
505:                ls$residencia/melrical
506: 
507:             mae$maria francisca/id=bn09031697-per2
508: 
509:             referido$domingos goncalves/id=c2-7/mesmo_que=c2-7
510:                ls$profissao/padre
511:                rel$sociabilidade/baptizou em necessidade/manuel/bn09031697
512: 
513:             pad$manuel/id=b1697.30-per3
514:                ls$ec/s
515: 
516:             ppad$pedro jorge/id=b1697.30-per4
517:                ls$residencia/assamassa
518: 
519:             mad$maria/id=b1697.30-per5
520:                ls$ec/s
521: 
522:             pmad$manuel antunes/id=b1697.30-per6
523:                ls$residencia/assamassa
524: 
525:       b$b1697.31/11/3/1697/0/0/0/jose pinto
526: 
**** auto rels 2 STARTED.
   ** auto rel: from bn09031697-per1 to bn09031697 parentesco/pai
   ** auto rel: from bn09031697-per2 to bn09031697 parentesco/mae
   ** auto rel: from bn09031697-per1 to bn09031697-per2 parentesco/marido
   ** Automatic attribute: bn09031697-per1/ec/c
   ** Automatic attribute: bn09031697-per2/ec/c
** Processing act b$b1697.31
527:          n$margarida/f/id=b1697.31-per1
528: 
529:             pai$manuel lourenco/id=b1697.31-per1-per2
530:                ls$residencia/simoes
531: 
532:             mae$maria domingues/id=b1697.31-per1-per3
533: 
534:             pad$francisco alvares/id=b1697.31-per4
535:                ls$residencia/caldas?
536: 
537:             mad$teresa/id=b1697.31-per5
538: 
539:             pmad$sebastiao soares/id=b1697.31-per6
540:                ls$residencia/soure
541: 
542:       b$b1697.32/10/3/1697/0/0/0/jose pinto/obs=data sic
543: 
**** auto rels 2 STARTED.
   ** auto rel: from b1697.31-per1-per2 to b1697.31-per1 parentesco/pai
   ** auto rel: from b1697.31-per1-per3 to b1697.31-per1 parentesco/mae
   ** auto rel: from b1697.31-per1-per2 to b1697.31-per1-per3 parentesco/marido
   ** Automatic attribute: b1697.31-per1-per2/ec/c
   ** Automatic attribute: b1697.31-per1-per3/ec/c
** Processing act b$b1697.32
544:          n$maria/f/id=b1697.32-per1
545: 
546:             pai$manuel madeira/id=b1697.32-per1-per2
547:                ls$residencia/alencarce de cima
548: 
549:             mae$catarina rodrigues/id=b1697.32-per1-per3
550: 
551:             pad$manuel madeira/id=b1697.32-per4
552:                ls$residencia/alencarce de cima
553: 
554:             mad$maria/f/id=b1697.32-per5
555:                rel$parentesco/sobrinha/domingos joao/br10031697
556:                ls$residencia/alencarce de cima
557: 
558:             referido$domingos joao/id=br10031697
559:                ls$profissao/padre
560:                ls$residencia/alencarce de cima
561: 
562:       b$b1697.33/10/3/1697/0/0/0/jose pinto
563: 
**** auto rels 2 STARTED.
   ** auto rel: from b1697.32-per1-per2 to b1697.32-per1 parentesco/pai
   ** auto rel: from b1697.32-per1-per3 to b1697.32-per1 parentesco/mae
   ** auto rel: from b1697.32-per1-per2 to b1697.32-per1-per3 parentesco/marido
   ** Automatic attribute: b1697.32-per1-per2/ec/c
   ** Automatic attribute: b1697.32-per1-per3/ec/c
** Processing act b$b1697.33
564:          n$maria/f/id=b1697.33-per1
565: 
566:             pai$francisco antunes/id=b1697.33-per1-per2
567:                ls$residencia/alencarce de cima
568: 
569:             mae$isabel rodrigues/id=b1697.33-per1-per3
570: 
571:             pad$manuel alvares/id=b1697.33-per4
572:                ls$residencia/alencarce de cima
573: 
574:             mad$catarina/id=b1697.33-per5
575: 
576:             pmad$manuel antunes/id=b1697.33-per6
577:                ls$residencia/alencarce de cima
578: 
579:       b$b1697.34/15/3/1697/0/0/0/jose pinto
580: 
**** auto rels 2 STARTED.
   ** auto rel: from b1697.33-per1-per2 to b1697.33-per1 parentesco/pai
   ** auto rel: from b1697.33-per1-per3 to b1697.33-per1 parentesco/mae
   ** auto rel: from b1697.33-per1-per2 to b1697.33-per1-per3 parentesco/marido
   ** Automatic attribute: b1697.33-per1-per2/ec/c
   ** Automatic attribute: b1697.33-per1-per3/ec/c
** Processing act b$b1697.34
581:          n$ana/f/id=b1697.34-per1
582: 
583:             pai$gregorio duarte/id=b1697.34-per1-per2
584:                ls$residencia/soure
585: 
586:             mae$catarina francisca/id=b1697.34-per1-per3
587: 
588:             pad$antonio das chagas/id=b1697.34-per4
589:                ls$titulo/frei
590:                ls$ordem/s.domingos
591:                ls$profissao/padre
592: 
593:             mad$ana/id=b1697.34-per5
594: 
595:             pmad$sebastiao goncalves/id=b1697.34-per6
596:                ls$residencia/soure
597: 
598:       b$b1697.35/18/3/1697/0/0/0/jose pinto
599: 
**** auto rels 2 STARTED.
   ** auto rel: from b1697.34-per1-per2 to b1697.34-per1 parentesco/pai
   ** auto rel: from b1697.34-per1-per3 to b1697.34-per1 parentesco/mae
   ** auto rel: from b1697.34-per1-per2 to b1697.34-per1-per3 parentesco/marido
   ** Automatic attribute: b1697.34-per1-per2/ec/c
   ** Automatic attribute: b1697.34-per1-per3/ec/c
** Processing act b$b1697.35
600:          n$manuel/m/id=b1697.35-per1
601: 
602:             pai$joao coelho/id=b1697.35-per1-per2
603:                ls$residencia/corujeira
604: 
605:             mae$maria simoes/id=b1697.35-per1-per3
606: 
607:             pad$manuel cardoso/id=b1697.35-per4
608:                ls$residencia/moinhos do paleao
609: 
610:             mad$ana joao/id=b1697.35-per5
611: 
612:             mrmad$manuel cardoso/id=b1697.35-per6
613:                ls$alcunha/moco
614:                ls$residencia/paleao
615: 
616:       b$b1697.36/23/3/1697/0/0/0/joao da costa de soure
617: 
**** auto rels 2 STARTED.
   ** auto rel: from b1697.35-per1-per2 to b1697.35-per1 parentesco/pai
   ** auto rel: from b1697.35-per1-per3 to b1697.35-per1 parentesco/mae
   ** auto rel: from b1697.35-per1-per2 to b1697.35-per1-per3 parentesco/marido
   ** Automatic attribute: b1697.35-per1-per2/ec/c
   ** Automatic attribute: b1697.35-per1-per3/ec/c
** Processing act b$b1697.36
618:          n$mariana/f/id=b1697.36-per1
619: 
620:             pai$antonio francisco/id=b1697.36-per1-per2
621:                ls$residencia/casal de joao da costa de vasconcelos
622:                rel$profissional/mora no casal de/joao da costa de vasconcelos/c12-7
623: 
624:             mae$catarina rodrigues/id=b1697.36-per1-per3
625: 
626:             pad$joao da costa de vasconcelos/mesmo_que=c12-7/id=b1697.36-per4
627: 
628:             mad$mariana/id=b1697.36-per5
629:                rel$parentesco/filha/joao da costa de vasconcelos/c12-7
630: 
631:       b$b1697.37/24/3/1697/0/0/0/luis alvares pinto
632: 
**** auto rels 2 STARTED.
   ** auto rel: from b1697.36-per1-per2 to b1697.36-per1 parentesco/pai
   ** auto rel: from b1697.36-per1-per3 to b1697.36-per1 parentesco/mae
   ** auto rel: from b1697.36-per1-per2 to b1697.36-per1-per3 parentesco/marido
   ** Automatic attribute: b1697.36-per1-per2/ec/c
   ** Automatic attribute: b1697.36-per1-per3/ec/c
** Processing act b$b1697.37
633:          n$josefa/f/id=b1697.37-per1
634: 
635:             pai$antonio domingues/id=b1697.37-per1-per2
636:                ls$residencia/casconho
637: 
638:             mae$maria lopes/id=b1697.37-per1-per3
639: 
640:             pad$luis ribeiro/id=bpad24031697
641:                ls$profissao/padre
642: 
643:             referido$manuel martins/id=br24031697
644:                ls$profissao/padre
645:                rel$sociabilidade/procurador em baptismo/luis ribeiro/bpad24031697
646: 
647:       b$b1697.38/31/3/1697/0/0/0/luis alvares pinto
648: 
**** auto rels 2 STARTED.
   ** auto rel: from b1697.37-per1-per2 to b1697.37-per1 parentesco/pai
   ** auto rel: from b1697.37-per1-per3 to b1697.37-per1 parentesco/mae
   ** auto rel: from b1697.37-per1-per2 to b1697.37-per1-per3 parentesco/marido
   ** Automatic attribute: b1697.37-per1-per2/ec/c
   ** Automatic attribute: b1697.37-per1-per3/ec/c
** Processing act b$b1697.38
649:          n$manuel/m/id=b1697.38-per1
650: 
651:             pai$antonio rodrigues/id=b1697.38-per1-per2
652:                ls$residencia/casal das galinhas
653: 
654:             mae$maria goncalves/id=b1697.38-per1-per3
655: 
656:             pad$joao/id=b1697.38-per4
657: 
658:             ppad$joao mateus/id=bppad31031697
659:                ls$residencia/casal das galinhas
660: 
661:             mad$francisca/id=b1697.38-per5
662:                rel$parentesco/filha/joao mateus/bppad31031697
663: 
664:       b$b1697.39/7/4/1697/0/0/0/luis alvares pinto
665: 
**** auto rels 2 STARTED.
   ** auto rel: from b1697.38-per1-per2 to b1697.38-per1 parentesco/pai
   ** auto rel: from b1697.38-per1-per3 to b1697.38-per1 parentesco/mae
   ** auto rel: from b1697.38-per1-per2 to b1697.38-per1-per3 parentesco/marido
   ** Automatic attribute: b1697.38-per1-per2/ec/c
   ** Automatic attribute: b1697.38-per1-per3/ec/c
** Processing act b$b1697.39
666:          n$domingos/m/id=b1697.39-per1
667: 
668:             pai$antonio goncalves/id=b1697.39-per1-per2
669:                ls$residencia/mogadouro
670: 
671:             mae$isabel domingues/id=b1697.39-per1-per3
672: 
673:             pad$domingos luis/id=b1697.39-per4
674:                ls$residencia/mogadouro
675: 
676:             mad$ana/id=b1697.39-per5
677: 
678:             pmad$gaspar francisco/id=b1697.39-per6
679:                ls$residencia/mogadouro
680: 
681:       b$b1697.40/8/4/1697/0/0/0/luis alvares pinto
682: 
**** auto rels 2 STARTED.
   ** auto rel: from b1697.39-per1-per2 to b1697.39-per1 parentesco/pai
   ** auto rel: from b1697.39-per1-per3 to b1697.39-per1 parentesco/mae
   ** auto rel: from b1697.39-per1-per2 to b1697.39-per1-per3 parentesco/marido
   ** Automatic attribute: b1697.39-per1-per2/ec/c
   ** Automatic attribute: b1697.39-per1-per3/ec/c
** Processing act b$b1697.40
683:          n$domingas/f/id=b1697.40-per1
684: 
685:             pai$jose luis/id=b1697.40-per1-per2
686:                ls$residencia/corujeira
687: 
688:             mae$domingas jorge/id=b1697.40-per1-per3
689: 
690:             pad$antonio lourenco/id=b1697.40-per4
691:                ls$residencia/soure
692: 
693:             mad$domingas/id=b1697.40-per5
694: 
695:             mmad$maria rodrigues/id=b1697.40-per6
696:                ls$residencia/sapegal
697: 
698:       b$b1697.41/8/4/1697/0/0/0/luis alvares pinto
699: 
**** auto rels 2 STARTED.
   ** auto rel: from b1697.40-per1-per2 to b1697.40-per1 parentesco/pai
   ** auto rel: from b1697.40-per1-per3 to b1697.40-per1 parentesco/mae
   ** auto rel: from b1697.40-per1-per2 to b1697.40-per1-per3 parentesco/marido
   ** Automatic attribute: b1697.40-per1-per2/ec/c
   ** Automatic attribute: b1697.40-per1-per3/ec/c
** Processing act b$b1697.41
700:          n$domingas/f/id=b1697.41-per1
701: 
702:             pai$simao domingues/id=b1697.41-per1-per2
703:                ls$residencia/sobral
704: 
705:             mae$maria da fonseca/id=b1697.41-per1-per3
706: 
707:             pad$paulo ribeiro cabral/mesmo_que=c24-7/id=b1697.41-per4
708: 
709:             mad$domingas jorge/id=b1697.41-per5
710: 
711:             mrmad$manuel simoes galhardo/id=b1697.41-per6
712:                ls$residencia/sobral
713: 
714:       b$b1697.42/14/4/1697/0/0/0/luis alvares pinto
715: 
**** auto rels 2 STARTED.
   ** auto rel: from b1697.41-per1-per2 to b1697.41-per1 parentesco/pai
   ** auto rel: from b1697.41-per1-per3 to b1697.41-per1 parentesco/mae
   ** auto rel: from b1697.41-per1-per2 to b1697.41-per1-per3 parentesco/marido
   ** Automatic attribute: b1697.41-per1-per2/ec/c
   ** Automatic attribute: b1697.41-per1-per3/ec/c
** Processing act b$b1697.42
716:          n$maria/f/id=b1697.42-per1
717: 
718:             pai$simao joao/id=b1697.42-per1-per2
719:                ls$residencia/porto coelheiro
720: 
721:             mae$isabel da silva/id=b1697.42-per1-per3
722: 
723:             pad$manuel rodrigues capitao/id=b1697.42-per4
724:                ls$residencia/porto coelheiro
725: 
726:             mad$maria joao/id=b1697.42-per5
727: 
728:             mrmad$sebastiao rodrigues/id=b1697.42-per6
729:                ls$residencia/porto coelheiro
730: 
731:       b$b1697.43/14/4/1697/0/0/0/luis alvares pinto
732: 
**** auto rels 2 STARTED.
   ** auto rel: from b1697.42-per1-per2 to b1697.42-per1 parentesco/pai
   ** auto rel: from b1697.42-per1-per3 to b1697.42-per1 parentesco/mae
   ** auto rel: from b1697.42-per1-per2 to b1697.42-per1-per3 parentesco/marido
   ** Automatic attribute: b1697.42-per1-per2/ec/c
   ** Automatic attribute: b1697.42-per1-per3/ec/c
** Processing act b$b1697.43
733:          n$domingas/f/id=b1697.43-per1
734: 
735:             pai$antonio domingues/id=b1697.43-per1-per2
736:                ls$residencia/casais da misericordia
737: 
738:             mae$maria dias/id=b1697.43-per1-per3
739: 
740:             pad$bras domingues/id=b1697.43-per4
741:                ls$residencia/mogadouro
742: 
743:             mad$domingas rodrigues/id=b1697.43-per5
744: 
745:             mrmad$domingos gomes/id=b1697.43-per6
746:                ls$residencia/casal do justo
747: 
748:       b$b1697.44/14/4/1697/0/0/0/luis alvares pinto
749: 
**** auto rels 2 STARTED.
   ** auto rel: from b1697.43-per1-per2 to b1697.43-per1 parentesco/pai
   ** auto rel: from b1697.43-per1-per3 to b1697.43-per1 parentesco/mae
   ** auto rel: from b1697.43-per1-per2 to b1697.43-per1-per3 parentesco/marido
   ** Automatic attribute: b1697.43-per1-per2/ec/c
   ** Automatic attribute: b1697.43-per1-per3/ec/c
** Processing act b$b1697.44
750:          n$manuel/m/id=b1697.44-per1
751: 
752:             pai$joao gomes/id=b1697.44-per1-per2
753:                ls$residencia/casal da venda
754: 
755:             mae$isabel francisca/id=b1697.44-per1-per3
756: 
757:             pad$manuel/id=b1697.44-per4
758: 
759:             ppad$manuel francisco santiago/id=b1697.44-per5
760:                ls$residencia/valada
761: 
762:             mad$luisa pinto/id=b1697.44-per6
763: 
764:             mrmad$manuel marques/id=b1697.44-per7
765:                ls$titulo/licenciado
766: 
767:       b$b1697.45/18/4/1697/0/0/0/manuel rodrigues da carreira
768: 
**** auto rels 2 STARTED.
   ** auto rel: from b1697.44-per1-per2 to b1697.44-per1 parentesco/pai
   ** auto rel: from b1697.44-per1-per3 to b1697.44-per1 parentesco/mae
   ** auto rel: from b1697.44-per1-per2 to b1697.44-per1-per3 parentesco/marido
   ** Automatic attribute: b1697.44-per1-per2/ec/c
   ** Automatic attribute: b1697.44-per1-per3/ec/c
** Processing act b$b1697.45
769:          n$manuel/m/id=b1697.45-per1
770: 
771:             pai$pascoal rodrigues/id=b1697.45-per1-per2
772:                ls$residencia/montais
773: 
774:             mae$catarina cordeiro/id=b1697.45-per1-per3
775: 
776:             pad$manuel joao/id=b1697.45-per4
777:                ls$residencia/formigal, freguesia de vinha da rainha
778:                ls$freguesia/vinha da rainha
779: 
780:             mad$antonia/id=b1697.45-per5
781: 
782:             pmad$joao rodrigues/id=b1697.45-per6
783:                ls$residencia/sobral
784: 
785:       b$b1697.46/28/4/1697/0/0/0/jose pinto
786: 
**** auto rels 2 STARTED.
   ** auto rel: from b1697.45-per1-per2 to b1697.45-per1 parentesco/pai
   ** auto rel: from b1697.45-per1-per3 to b1697.45-per1 parentesco/mae
   ** auto rel: from b1697.45-per1-per2 to b1697.45-per1-per3 parentesco/marido
   ** Automatic attribute: b1697.45-per1-per2/ec/c
   ** Automatic attribute: b1697.45-per1-per3/ec/c
** Processing act b$b1697.46
787:          n$antonia/f/id=b1697.46-per1
788: 
789:             pai$domingos aires/id=b1697.46-per1-per2
790:                ls$residencia/lagem
791: 
792:             mae$isabel simoes/id=b1697.46-per1-per3
793: 
794:             pad$jose/id=b1697.46-per4
795: 
796:             ppad$manuel goncalves/id=b1697.46-per5
797:                ls$residencia/pinheiro
798: 
799:             mad$maria/id=b1697.46-per6
800: 
801:             pmad$mateus mendes/id=b1697.46-per7
802:                ls$residencia/pinheiro
803: 
804:       b$b1697.47/28/4/1697/0/0/0/manuel rodrigues alvaro
805: 
**** auto rels 2 STARTED.
   ** auto rel: from b1697.46-per1-per2 to b1697.46-per1 parentesco/pai
   ** auto rel: from b1697.46-per1-per3 to b1697.46-per1 parentesco/mae
   ** auto rel: from b1697.46-per1-per2 to b1697.46-per1-per3 parentesco/marido
   ** Automatic attribute: b1697.46-per1-per2/ec/c
   ** Automatic attribute: b1697.46-per1-per3/ec/c
** Processing act b$b1697.47
806:          n$josefa/f/id=b1697.47-per1
807: 
808:             pai$domingos da gante/id=b1697.47-per1-per2
809:                ls$residencia/barril
810: 
811:             mae$isabel madeira/id=b1697.47-per1-per3
812: 
813:             pad$manuel de oliveira/id=b1697.47-per4
814:                ls$profissao/padre
815:                ls$residencia/barril
816: 
817:             mad$ana/id=b1697.47-per5
818: 
819:             pmad$sebastiao goncalves/id=b1697.47-per6
820:                ls$residencia/soure
821: 
822:       b$b1697.48/28/4/1697/0/0/0/jose pinto
823: 
**** auto rels 2 STARTED.
   ** auto rel: from b1697.47-per1-per2 to b1697.47-per1 parentesco/pai
   ** auto rel: from b1697.47-per1-per3 to b1697.47-per1 parentesco/mae
   ** auto rel: from b1697.47-per1-per2 to b1697.47-per1-per3 parentesco/marido
   ** Automatic attribute: b1697.47-per1-per2/ec/c
   ** Automatic attribute: b1697.47-per1-per3/ec/c
** Processing act b$b1697.48
824:          referido$jose pinto/id=br28041697a
825:             ls$profissao/padre
826: 
827:          referido$luis alvares pinto/id=br28041697b
828:             ls$profissao/padre
829:             rel$parentesco/tio/jose pinto/br28041697a
830:             ls$cargo/vigario de soure
831: 
832:          n$manuel/m/id=b1697.48-per1
833: 
834:             pai$francisco rodrigues/id=b1697.48-per1-per2
835:                ls$residencia/paleao
836: 
837:             mae$ana gomes/id=b1697.48-per1-per3
838: 
839:             pad$mateus jorge/id=b1697.48-per4
840:                ls$residencia/paleao
841: 
842:             mad$maria/id=b1697.48-per5
843: 
844:             pmad$manuel gomes/id=b1697.48-per6
845:                ls$residencia/porto das cabras
846: 
847:             referida$isabel rodrigues/id=br28041697c
848: 
849:             referido$manuel de oliveira lancas?/id=b1697.48-per7
850:                rel$parentesco/marido/isabel rodrigues/br28041697c
851:                ls$residencia/paleao
852: 
853:       b$b1697.49/1/5/1697/0/0/0/luis alvares pinto
854: 
**** auto rels 2 STARTED.
   ** auto rel: from b1697.48-per1-per2 to b1697.48-per1 parentesco/pai
   ** auto rel: from b1697.48-per1-per3 to b1697.48-per1 parentesco/mae
   ** auto rel: from b1697.48-per1-per2 to b1697.48-per1-per3 parentesco/marido
   ** Automatic attribute: b1697.48-per1-per2/ec/c
   ** Automatic attribute: b1697.48-per1-per3/ec/c
** Processing act b$b1697.49
855:          n$mariana/f/id=b1697.49-per1
856: 
857:             pai$manuel rodrigues/id=b1697.49-per1-per2
858:                ls$profissao/barbeiro
859:                ls$residencia/sobral
860: 
861:             mae$maria simoes/id=b1697.49-per1-per3
862: 
863:             pad$joao dias/id=b1697.49-per4
864:                ls$residencia/sobral
865: 
866:             mad$antonia/id=b1697.49-per5
867: 
868:             pmad$joao rodrigues/id=b1697.49-per6
869:                ls$residencia/sobral
870: 
871:       b$b1697.50/5/5/1697/0/0/0/jose pinto
872: 
**** auto rels 2 STARTED.
   ** auto rel: from b1697.49-per1-per2 to b1697.49-per1 parentesco/pai
   ** auto rel: from b1697.49-per1-per3 to b1697.49-per1 parentesco/mae
   ** auto rel: from b1697.49-per1-per2 to b1697.49-per1-per3 parentesco/marido
   ** Automatic attribute: b1697.49-per1-per2/ec/c
   ** Automatic attribute: b1697.49-per1-per3/ec/c
** Processing act b$b1697.50
873:          n$jose/m/id=b1697.50-per1
874: 
875:             pai$manuel alvares/id=b1697.50-per1-per2
876:                ls$residencia/mogadouro
877: 
878:             mae$maria joao/id=b1697.50-per1-per3
879: 
880:             pad$manuel rodrigues/id=b1697.50-per4
881:                ls$profissao/barbeiro
882:                ls$residencia/redinha, freguesia da redinha
883:                ls$freguesia/redinha
884: 
885:             mad$clara rodrigues/id=b1697.50-per5
886: 
887:             mrmad$manuel goncalves/id=b1697.50-per6
888:                ls$alcunha/moco
889:                ls$residencia/mogadouro
890: 
891:       b$b1697.51/5/5/1697/0/0/0/jose pinto
892: 
**** auto rels 2 STARTED.
   ** auto rel: from b1697.50-per1-per2 to b1697.50-per1 parentesco/pai
   ** auto rel: from b1697.50-per1-per3 to b1697.50-per1 parentesco/mae
   ** auto rel: from b1697.50-per1-per2 to b1697.50-per1-per3 parentesco/marido
   ** Automatic attribute: b1697.50-per1-per2/ec/c
   ** Automatic attribute: b1697.50-per1-per3/ec/c
** Processing act b$b1697.51
893:          n$manuel/m/id=b1697.51-per1
894: 
895:             pai$manuel vaz/id=b1697.51-per1-per2
896:                ls$residencia/sobral
897: 
898:             mae$maria joao/id=b1697.51-per1-per3
899: 
900:             pad$manuel francisco/id=b1697.51-per4
901:                ls$alcunha/moco
902:                ls$residencia/sobral
903: 
904:             mad$antonia esteves/id=b1697.51-per5
905: 
906:             mrmad$domingos francisco/id=b1697.51-per6
907:                ls$residencia/sobral
908: 
909:       b$b1697.52/5/5/1697/0/0/0/manuel rodrigues alvaro
910: 
**** auto rels 2 STARTED.
   ** auto rel: from b1697.51-per1-per2 to b1697.51-per1 parentesco/pai
   ** auto rel: from b1697.51-per1-per3 to b1697.51-per1 parentesco/mae
   ** auto rel: from b1697.51-per1-per2 to b1697.51-per1-per3 parentesco/marido
   ** Automatic attribute: b1697.51-per1-per2/ec/c
   ** Automatic attribute: b1697.51-per1-per3/ec/c
** Processing act b$b1697.52
911:          n$jose/m/id=b1697.52-per1
912: 
913:             pai$domingos rodrigues feijao/id=b1697.52-per1-per2
914:                ls$residencia/cavaleiros
915: 
916:             mae$catarina francisca/id=b1697.52-per1-per3
917: 
918:             pad$jose domingues/id=b1697.52-per4
919:                ls$residencia/cavaleiros
920: 
921:             mad$isabel rodrigues/id=b1697.52-per5
922: 
923:             pmad$francisco simoes/id=b1697.52-per6
924:                ls$residencia/cavaleiros
925: 
926:       b$b1697.53/16/5/1697/0/0/0/jose pinto
927: 
**** auto rels 2 STARTED.
   ** auto rel: from b1697.52-per1-per2 to b1697.52-per1 parentesco/pai
   ** auto rel: from b1697.52-per1-per3 to b1697.52-per1 parentesco/mae
   ** auto rel: from b1697.52-per1-per2 to b1697.52-per1-per3 parentesco/marido
   ** Automatic attribute: b1697.52-per1-per2/ec/c
   ** Automatic attribute: b1697.52-per1-per3/ec/c
** Processing act b$b1697.53
928:          n$manuel/m/id=b1697.53-per1
929: 
930:             pai$paulo da gante/id=b1697.53-per1-per2
931:                ls$residencia/casal dos feijoes
932: 
933:             mae$barbara de oliveira/id=b1697.53-per1-per3
934: 
935:             pad$manuel rodrigues feijao/id=bpad16051697
936:                ls$residencia/casal dos feijoes
937:                ls$alcunha/moco
938: 
939:             referido$antonio ferreira/id=br16051697
940:                ls$residencia/paleao
941:                rel$sociabilidade/procurador em baptismo/manuel rodrigues feijao/bpad16051697
942: 
943:             mad$isabel rodrigues/id=b1697.53-per4
944: 
945:             mrmad$manuel marques ruim? mendes/id=b1697.53-per5
946:                ls$residencia/paleao
947: 
948:       b$b1697.54/16/5/1697/0/0/0/jose pinto
949: 
**** auto rels 2 STARTED.
   ** auto rel: from b1697.53-per1-per2 to b1697.53-per1 parentesco/pai
   ** auto rel: from b1697.53-per1-per3 to b1697.53-per1 parentesco/mae
   ** auto rel: from b1697.53-per1-per2 to b1697.53-per1-per3 parentesco/marido
   ** Automatic attribute: b1697.53-per1-per2/ec/c
   ** Automatic attribute: b1697.53-per1-per3/ec/c
** Processing act b$b1697.54
950:          n$luisa/f/id=b1697.54-per1
951: 
952:             pai$joao lopes/id=b1697.54-per1-per2
953:                ls$cargo/porteiro de soure
954: 
955:             mae$andreia gomes/id=b1697.54-per1-per3
956: 
957:             pad$joao marques/id=b1697.54-per4
958:                ls$residencia/soure
959: 
960:             mad$mariana/id=b1697.54-per5
961:                ls$ec/s
962: 
963:             pmad$mateus rodrigues/id=b1697.54-per6
964:                ls$residencia/soure
965: 
966:       b$b1697.55/18/5/1697/0/0/0/jose pinto
967: 
**** auto rels 2 STARTED.
   ** auto rel: from b1697.54-per1-per2 to b1697.54-per1 parentesco/pai
   ** auto rel: from b1697.54-per1-per3 to b1697.54-per1 parentesco/mae
   ** auto rel: from b1697.54-per1-per2 to b1697.54-per1-per3 parentesco/marido
   ** Automatic attribute: b1697.54-per1-per2/ec/c
   ** Automatic attribute: b1697.54-per1-per3/ec/c
** Processing act b$b1697.55
968:          n$maria/f/id=b1697.55-per1
969: 
970:             pai$manuel martins/id=b1697.55-per1-per2
971:                ls$residencia/pinheiro
972: 
973:             mae$antonia simoes/id=b1697.55-per1-per3
974: 
975:             pad$manuel rodrigues centeio/id=b1697.55-per4
976:                ls$residencia/quinta da telhada
977: 
978:             mad$maria/id=b1697.55-per5
979: 
980:             pmad$domingos antunes/id=b1697.55-per6
981:                ls$residencia/pinheiro
982: 
983:       b$b1697.56/21/5/1697/0/0/0/jose pinto
984: 
**** auto rels 2 STARTED.
   ** auto rel: from b1697.55-per1-per2 to b1697.55-per1 parentesco/pai
   ** auto rel: from b1697.55-per1-per3 to b1697.55-per1 parentesco/mae
   ** auto rel: from b1697.55-per1-per2 to b1697.55-per1-per3 parentesco/marido
   ** Automatic attribute: b1697.55-per1-per2/ec/c
   ** Automatic attribute: b1697.55-per1-per3/ec/c
** Processing act b$b1697.56
985:          n$sebastiao/m/id=b1697.56-per1
986: 
987:             pai$manuel francisco melro/id=b1697.56-per1-per2
988:                ls$residencia/simoes
989: 
990:             mae$antonia rodrigues/id=b1697.56-per1-per3
991: 
992:             pad$sebastiao goncalves/id=b1697.56-per4
993:                ls$residencia/soure
994: 
995:             mad$maria domingues/id=b1697.56-per5
996: 
997:             mrmad$bento francisco/id=b1697.56-per6
998:                ls$residencia/simoes
999: 
1000:       b$b1697.57/25/5/1697/0/0/0/jose pinto
1001: 
**** auto rels 2 STARTED.
   ** auto rel: from b1697.56-per1-per2 to b1697.56-per1 parentesco/pai
   ** auto rel: from b1697.56-per1-per3 to b1697.56-per1 parentesco/mae
   ** auto rel: from b1697.56-per1-per2 to b1697.56-per1-per3 parentesco/marido
   ** Automatic attribute: b1697.56-per1-per2/ec/c
   ** Automatic attribute: b1697.56-per1-per3/ec/c
** Processing act b$b1697.57
1002:          n$maria/f/id=b1697.57-per1
1003: 
1004:             pai$miguel da costa/id=b1697.57-per1-per2
1005:                ls$residencia/paleao
1006: 
1007:             mae$maria aires/id=b1697.57-per1-per3
1008: 
1009:             pad$manuel/id=b1697.57-per4
1010:                ls$ec/s
1011: 
1012:             mpad$francisca rodrigues/id=b1697.57-per5
1013:                ls$residencia/paleao
1014: 
1015:             mad$maria domingues/id=b1697.57-per6
1016: 
1017:             mrmad$simao afonso/id=b1697.57-per7
1018:                ls$residencia/porto panelas
1019: 
1020:       b$b1697.58/26/5/1697/0/0/0/jose pinto
1021: 
**** auto rels 2 STARTED.
   ** auto rel: from b1697.57-per1-per2 to b1697.57-per1 parentesco/pai
   ** auto rel: from b1697.57-per1-per3 to b1697.57-per1 parentesco/mae
   ** auto rel: from b1697.57-per1-per2 to b1697.57-per1-per3 parentesco/marido
   ** Automatic attribute: b1697.57-per1-per2/ec/c
   ** Automatic attribute: b1697.57-per1-per3/ec/c
** Processing act b$b1697.58
1022:          n$jose/m/id=bn26051697
1023: 
1024:             pai$antonio francisco/id=bn26051697-per1
1025:                ls$residencia/sobral
1026: 
1027:             mae$isabel rodrigues/id=bn26051697-per2
1028: 
1029:             referido$francisca rodrigues/id=br26051697
1030:                rel$parentesco/mulher/simao rodrigues/br26051697b
1031:                rel$sociabilidade/baptizou em necessidade/jose/bn26051697
1032: 
1033:             referido$simao rodrigues/id=br26051697b
1034:                ls$residencia/venda
1035: 
1036:             pad$antonio de abreu/id=b1697.58-per3
1037:                ls$residencia/soure
1038: 
1039:             mad$francisca joao/id=b1697.58-per4
1040: 
1041:             mrmad$joao goncalves/id=b1697.58-per5
1042:                ls$residencia/sobral
1043: 
1044:       b$b1697.59/27/5/1697/0/0/0/jose pinto
1045: 
**** auto rels 2 STARTED.
   ** auto rel: from bn26051697-per1 to bn26051697 parentesco/pai
   ** auto rel: from bn26051697-per2 to bn26051697 parentesco/mae
   ** auto rel: from bn26051697-per1 to bn26051697-per2 parentesco/marido
   ** Automatic attribute: bn26051697-per1/ec/c
   ** Automatic attribute: bn26051697-per2/ec/c
** Processing act b$b1697.59
1046:          n$manuel/m/id=b1697.59-per1
1047:             ls$ilegitimo/sim
1048: 
1049:             mae$francisca rodrigues/id=b1697.59-per1-per2
1050:                ls$residencia/paleao
1051: 
1052:             pai$alexandre gomes/id=b1697.59-per1-per3
1053:                ls$ec/s
1054:                ls$residencia/paleao
1055: 
1056:             pad$manuel gomes de oliveira/id=b1697.59-per4
1057:                ls$residencia/paleao
1058: 
1059:             mad$maria joao/id=b1697.59-per5
1060: 
1061:             mrmad$pedro gomes/id=b1697.59-per6
1062:                ls$residencia/paleao
1063: 
1064:       b$b1697.60/27/5/1697/0/0/0/jose pinto
1065: 
**** auto rels 2 STARTED.
   ** auto rel: from b1697.59-per1-per3 to b1697.59-per1 parentesco/pai
   ** auto rel: from b1697.59-per1-per2 to b1697.59-per1 parentesco/mae
   ** auto rel: from b1697.59-per1-per3 to b1697.59-per1-per2 parentesco/marido
   ** Automatic attribute: b1697.59-per1-per3/ec/c
   ** Automatic attribute: b1697.59-per1-per2/ec/c
** Processing act b$b1697.60
1066:          n$sebastiao/m/id=b1697.60-per1
1067: 
1068:             pai$manuel gomes pinheiro/id=b1697.60-per1-per2
1069:                ls$residencia/soure
1070: 
1071:             mae$isabel da gante/id=b1697.60-per1-per3
1072: 
1073:             pad$sebastiao goncalves/id=bpad27051697
1074:                ls$residencia/soure
1075: 
1076:             mad$ana/id=b1697.60-per4
1077:                rel$parentesco/filha/sebastiao goncalves/bpad27051697
1078: 
1079:       b$b1697.61/29/5/1697/0/0/0/luis alvares pinto/obs=nao ha madrinha
1080: 
**** auto rels 2 STARTED.
   ** auto rel: from b1697.60-per1-per2 to b1697.60-per1 parentesco/pai
   ** auto rel: from b1697.60-per1-per3 to b1697.60-per1 parentesco/mae
   ** auto rel: from b1697.60-per1-per2 to b1697.60-per1-per3 parentesco/marido
   ** Automatic attribute: b1697.60-per1-per2/ec/c
   ** Automatic attribute: b1697.60-per1-per3/ec/c
** Processing act b$b1697.61
1081:          n$anselmo/m/id=b1697.61-per1
1082: 
1083:             pai$antonio soares/id=b1697.61-per1-per2
1084:                ls$residencia/paleao
1085: 
1086:             mae$domingas gomes/id=b1697.61-per1-per3
1087: 
1088:             pad$antonio manhos/id=b1697.61-per4
1089:                ls$titulo/licenciado
1090: 
1091:       b$b1697.62/2/6/1697/0/0/0/jose pinto
1092: 
**** auto rels 2 STARTED.
   ** auto rel: from b1697.61-per1-per2 to b1697.61-per1 parentesco/pai
   ** auto rel: from b1697.61-per1-per3 to b1697.61-per1 parentesco/mae
   ** auto rel: from b1697.61-per1-per2 to b1697.61-per1-per3 parentesco/marido
   ** Automatic attribute: b1697.61-per1-per2/ec/c
   ** Automatic attribute: b1697.61-per1-per3/ec/c
** Processing act b$b1697.62
1093:          n$antonio/m/id=b1697.62-per1
1094: 
1095:             pai$francisco rodrigues/id=b1697.62-per1-per2
1096:                ls$residencia/casal do marmelo
1097: 
1098:             mae$antonia madeira/id=b1697.62-per1-per3
1099: 
1100:             pad$antonio rodrigues/id=b1697.62-per4
1101:                ls$residencia/telhada
1102: 
1103:             mad$maria gomes/id=b1697.62-per5
1104: 
1105:             mrmad$antonio ferreira/id=b1697.62-per6
1106:                ls$residencia/paleao
1107: 
1108:       b$b1697.63/4/6/1697/0/0/0/jose pinto
1109: 
**** auto rels 2 STARTED.
   ** auto rel: from b1697.62-per1-per2 to b1697.62-per1 parentesco/pai
   ** auto rel: from b1697.62-per1-per3 to b1697.62-per1 parentesco/mae
   ** auto rel: from b1697.62-per1-per2 to b1697.62-per1-per3 parentesco/marido
   ** Automatic attribute: b1697.62-per1-per2/ec/c
   ** Automatic attribute: b1697.62-per1-per3/ec/c
** Processing act b$b1697.63
1110:          n$manuel/m/id=b1697.63-per1
1111: 
1112:             pai$manuel goncalves/id=b1697.63-per1-per2
1113:                ls$residencia/barrosos
1114: 
1115:             mae$ana rodrigues/id=b1697.63-per1-per3
1116: 
1117:             pad$manuel gaspar/id=b1697.63-per4
1118:                ls$profissao/padre
1119:                ls$residencia/redinha, freguesia da redinha
1120:                ls$freguesia/redinha
1121: 
1122:             mad$maria/id=b1697.63-per5
1123:                ls$ec/s
1124: 
1125:             pmad$joao barreto/id=b1697.63-per6
1126:                ls$residencia/redinha, freguesia da redinha
1127:                ls$freguesia/redinha
1128: 
1129:       b$b1697.64/6/6/1697/0/0/0/jose pinto
1130: 
**** auto rels 2 STARTED.
   ** auto rel: from b1697.63-per1-per2 to b1697.63-per1 parentesco/pai
   ** auto rel: from b1697.63-per1-per3 to b1697.63-per1 parentesco/mae
   ** auto rel: from b1697.63-per1-per2 to b1697.63-per1-per3 parentesco/marido
   ** Automatic attribute: b1697.63-per1-per2/ec/c
   ** Automatic attribute: b1697.63-per1-per3/ec/c
** Processing act b$b1697.64
1131:          n$isabel/f/id=b1697.64-per1
1132: 
1133:             pai$jose goncalves/id=b1697.64-per1-per2
1134:                ls$residencia/sobral
1135: 
1136:             mae$maria francisca/id=b1697.64-per1-per3
1137: 
1138:             pad$antonio de abreu castelo branco/id=bpad06061697
1139: 
1140:             mad$susana/id=b1697.64-per4
1141:                ls$titulo/dona
1142:                rel$parentesco/mulher/antonio de abreu castelo branco/bpad06061697
1143: 
1144:       b$b1697.65/6/6/1697/0/0/0/jose pinto
1145: 
**** auto rels 2 STARTED.
   ** auto rel: from b1697.64-per1-per2 to b1697.64-per1 parentesco/pai
   ** auto rel: from b1697.64-per1-per3 to b1697.64-per1 parentesco/mae
   ** auto rel: from b1697.64-per1-per2 to b1697.64-per1-per3 parentesco/marido
   ** Automatic attribute: b1697.64-per1-per2/ec/c
   ** Automatic attribute: b1697.64-per1-per3/ec/c
** Processing act b$b1697.65
1146:          n$josefa/f/id=b1697.65-per1
1147: 
1148:             pai$joao marques/id=b1697.65-per1-per2
1149:                ls$residencia/soure
1150: 
1151:             mae$maria dos anjos/id=b1697.65-per1-per3
1152: 
1153:             pad$luis da silva/id=b1697.65-per4
1154:                ls$profissao/padre
1155:                ls$residencia/azenha, freguesia da almagreira
1156:                ls$freguesia/almagreira
1157: 
1158:             mad$maria/id=b1697.65-per5
1159: 
1160:             pmad$antonio lourenco/id=b1697.65-per6
1161:                ls$residencia/soure
1162: 
1163:       b$b1697.66/16/6/1697/0/0/0/jose pinto
1164: 
**** auto rels 2 STARTED.
   ** auto rel: from b1697.65-per1-per2 to b1697.65-per1 parentesco/pai
   ** auto rel: from b1697.65-per1-per3 to b1697.65-per1 parentesco/mae
   ** auto rel: from b1697.65-per1-per2 to b1697.65-per1-per3 parentesco/marido
   ** Automatic attribute: b1697.65-per1-per2/ec/c
   ** Automatic attribute: b1697.65-per1-per3/ec/c
** Processing act b$b1697.66
1165:          n$manuel/m/id=bn16061697
1166: 
1167:             pai$sebastiao antunes/id=bn16061697-per1
1168:                ls$residencia/presa
1169: 
1170:             mae$maria rodrigues/id=bn16061697-per2
1171: 
1172:             pad$manuel domingues/id=b1697.66-per3
1173:                ls$residencia/casal dos relvas
1174: 
1175:             mad$isabel joao/id=b1697.66-per4
1176: 
1177:             mrmad$antonio da costa/id=b1697.66-per5
1178:                ls$residencia/carpinteiros, freguesia de tapeus
1179:                ls$freguesia/tapeus
1180: 
1181:             referido$isabel rodrigues/id=br16061697
1182:                ls$residencia/presa
1183:                rel$sociabilidade/baptizou em necessidade/manuel/bn16061697
1184:                rel$parentesco/mulher/manuel antunes/br16061697b
1185: 
1186:             referido$manuel antunes/id=br16061697b
1187: 
1188:       b$b1697.67/30/6/1697/0/0/0/luis alvares pinto
1189: 
**** auto rels 2 STARTED.
   ** auto rel: from bn16061697-per1 to bn16061697 parentesco/pai
   ** auto rel: from bn16061697-per2 to bn16061697 parentesco/mae
   ** auto rel: from bn16061697-per1 to bn16061697-per2 parentesco/marido
   ** Automatic attribute: bn16061697-per1/ec/c
   ** Automatic attribute: bn16061697-per2/ec/c
** Processing act b$b1697.67
1190:          n$manuel/m/id=bn30061697
1191: 
1192:             pai$antonio francisco/id=bn30061697-per1
1193:                ls$residencia/montais
1194: 
1195:             mae$maria francisca/id=bn30061697-per2
1196: 
1197:             pad$manuel luis/id=b1697.67-per3
1198:                ls$residencia/santo isidoro
1199: 
1200:             mad$luzia fernandes/id=b1697.67-per4
1201: 
1202:             mrmad$joao martins/id=b1697.67-per5
1203:                ls$residencia/porto godinho, freguesia de vinha da rainha
1204:                ls$freguesia/vinha da rainha
1205: 
1206:             referido$simao jorge/id=br30061697
1207:                rel$sociabilidade/baptizou em necessidade/manuel/bn30061697
1208:                ls$residencia/marzagao
1209: 
1210:       b$b1697.68/39/6/1697/0/0/0/luis alvares pinto
1211: 
**** auto rels 2 STARTED.
   ** auto rel: from bn30061697-per1 to bn30061697 parentesco/pai
   ** auto rel: from bn30061697-per2 to bn30061697 parentesco/mae
   ** auto rel: from bn30061697-per1 to bn30061697-per2 parentesco/marido
   ** Automatic attribute: bn30061697-per1/ec/c
   ** Automatic attribute: bn30061697-per2/ec/c
** Processing act b$b1697.68
1212:          n$joao/m/id=b1697.68-per1
1213: 
1214:             pai$manuel joao/id=b1697.68-per1-per2
1215:                ls$residencia/barroso
1216: 
1217:             mae$ana jorge/id=b1697.68-per1-per3
1218: 
1219:             pad$manuel goncalves/id=b1697.68-per4
1220:                ls$alcunha/branco mais novo
1221:                ls$residencia/simoes
1222: 
1223:             mad$maria/id=b1697.68-per5
1224: 
1225:             pmad$manuel domingues/id=b1697.68-per6
1226:                ls$residencia/simoes
1227: 
1228:       b$b1697.69/2/7/1697/0/0/0/jose pinto
1229: 
**** auto rels 2 STARTED.
   ** auto rel: from b1697.68-per1-per2 to b1697.68-per1 parentesco/pai
   ** auto rel: from b1697.68-per1-per3 to b1697.68-per1 parentesco/mae
   ** auto rel: from b1697.68-per1-per2 to b1697.68-per1-per3 parentesco/marido
   ** Automatic attribute: b1697.68-per1-per2/ec/c
   ** Automatic attribute: b1697.68-per1-per3/ec/c
** Processing act b$b1697.69
1230:          n$antonio/m/id=bn02071697
1231: 
1232:             pai$manuel francisco/id=bn02071697-per1
1233:                ls$residencia/paleao
1234: 
1235:             mae$isabel simoes/id=bn02071697-per2
1236: 
1237:             referida$catarina gaspar/id=br02071697
1238:                rel$sociabilidade/baptisou em necessidade/antonio/bn02071697
1239: 
1240:             pad$joao gaspar/id=b1697.69-per3
1241: 
1242:             mpad$ana gaspar/id=bmpad02071697
1243:                ls$residencia/paleao
1244: 
1245:             mad$catarina/id=b1697.69-per4
1246:                ls$ec/s
1247: 
1248:             mmad$ana gaspar/mesmo_que=bmpad02071697/id=b1697.69-per5
1249: 
1250:       b$b1697.70/4/7/1697/0/0/0/jose pinto
1251: 
**** auto rels 2 STARTED.
   ** auto rel: from bn02071697-per1 to bn02071697 parentesco/pai
   ** auto rel: from bn02071697-per2 to bn02071697 parentesco/mae
   ** auto rel: from bn02071697-per1 to bn02071697-per2 parentesco/marido
   ** Automatic attribute: bn02071697-per1/ec/c
   ** Automatic attribute: bn02071697-per2/ec/c
** Processing act b$b1697.70
1252:          n$antonio/m/id=b1697.70-per1
1253: 
1254:             pai$antonio simoes/id=b1697.70-per1-per2
1255:                ls$residencia/sobral
1256: 
1257:             mae$isabel francisca/id=b1697.70-per1-per3
1258: 
1259:             pad$manuel jorge/id=b1697.70-per4
1260:                ls$alcunha/novo
1261:                ls$residencia/sobral
1262: 
1263:             mad$maria/id=b1697.70-per5
1264: 
1265:             pmad$manuel jorge/id=b1697.70-per6
1266:                ls$alcunha/velho
1267:                ls$residencia/sobral
1268: 
1269:       b$b1697.71/14/7/1697/0/0/0/luis alvares pinto
1270: 
**** auto rels 2 STARTED.
   ** auto rel: from b1697.70-per1-per2 to b1697.70-per1 parentesco/pai
   ** auto rel: from b1697.70-per1-per3 to b1697.70-per1 parentesco/mae
   ** auto rel: from b1697.70-per1-per2 to b1697.70-per1-per3 parentesco/marido
   ** Automatic attribute: b1697.70-per1-per2/ec/c
   ** Automatic attribute: b1697.70-per1-per3/ec/c
** Processing act b$b1697.71
1271:          n$ana/f/id=b1697.71-per1
1272: 
1273:             pai$antonio joao/id=b1697.71-per1-per2
1274:                ls$residencia/delgados
1275: 
1276:             mae$ana carvalho/id=b1697.71-per1-per3
1277: 
1278:             pad$antonio simoes raposo/id=b1697.71-per4
1279:                ls$residencia/mogadouro
1280: 
1281:             mad$maria/id=b1697.71-per5
1282: 
1283:             pmad$manuel joao galhufo/id=b1697.71-per6
1284:                ls$residencia/mogadouro
1285: 
1286:       b$b1697.72/19/7/1697/0/0/0/luis alvares pinto
1287: 
**** auto rels 2 STARTED.
   ** auto rel: from b1697.71-per1-per2 to b1697.71-per1 parentesco/pai
   ** auto rel: from b1697.71-per1-per3 to b1697.71-per1 parentesco/mae
   ** auto rel: from b1697.71-per1-per2 to b1697.71-per1-per3 parentesco/marido
   ** Automatic attribute: b1697.71-per1-per2/ec/c
   ** Automatic attribute: b1697.71-per1-per3/ec/c
** Processing act b$b1697.72
1288:          n$catarina/f/id=b1697.72-per1
1289: 
1290:             pai$antonio ferreira/id=b1697.72-per1-per2
1291:                ls$residencia/mogadouro
1292: 
1293:             mae$domingas simoes/id=b1697.72-per1-per3
1294: 
1295:             pad$manuel joao galhufo/id=b1697.72-per4
1296:                ls$residencia/delgados
1297: 
1298:             mad$maria cordeiro/id=b1697.72-per5
1299:                ls$ec/v
1300:                ls$residencia/meiras
1301: 
1302:       b$b1697.73/21/7/1697/0/0/0/luis alvares pinto
1303: 
**** auto rels 2 STARTED.
   ** auto rel: from b1697.72-per1-per2 to b1697.72-per1 parentesco/pai
   ** auto rel: from b1697.72-per1-per3 to b1697.72-per1 parentesco/mae
   ** auto rel: from b1697.72-per1-per2 to b1697.72-per1-per3 parentesco/marido
   ** Automatic attribute: b1697.72-per1-per2/ec/c
   ** Automatic attribute: b1697.72-per1-per3/ec/c
** Processing act b$b1697.73
1304:          n$catarina/f/id=b1697.73-per1
1305: 
1306:             pai$antonio goncalves camas/id=b1697.73-per1-per2
1307:                ls$residencia/cavaleiros
1308: 
1309:             mae$isabel francisca/id=b1697.73-per1-per3
1310: 
1311:             pad$antonio francisco/id=b1697.73-per4
1312:                ls$residencia/cavaleiros
1313: 
1314:             mad$catarina francisca/id=b1697.73-per5
1315: 
1316:             mrmad$domingos rodrigues feijao/id=b1697.73-per6
1317:                ls$residencia/cavaleiros
1318: 
1319:       b$b1697.74/25/7/1697/0/0/0/luis alvares pinto
1320: 
**** auto rels 2 STARTED.
   ** auto rel: from b1697.73-per1-per2 to b1697.73-per1 parentesco/pai
   ** auto rel: from b1697.73-per1-per3 to b1697.73-per1 parentesco/mae
   ** auto rel: from b1697.73-per1-per2 to b1697.73-per1-per3 parentesco/marido
   ** Automatic attribute: b1697.73-per1-per2/ec/c
   ** Automatic attribute: b1697.73-per1-per3/ec/c
** Processing act b$b1697.74
1321:          n$maria/f/id=b1697.74-per1
1322: 
1323:             pai$francisco antunes/id=b1697.74-per1-per2
1324:                ls$residencia/casal da portela
1325: 
1326:             mae$francisca rodrigues/id=b1697.74-per1-per3
1327: 
1328:             pad$antonio rodrigues/id=b1697.74-per4
1329:                ls$residencia/telhada
1330: 
1331:             mad$maria madeira/id=b1697.74-per5
1332: 
1333:             mrmad$manuel antunes rolim/id=b1697.74-per6
1334: 
1335:       b$b1697.75/28/7/1697/0/0/0/manuel rodrigues alvaro
1336: 
**** auto rels 2 STARTED.
   ** auto rel: from b1697.74-per1-per2 to b1697.74-per1 parentesco/pai
   ** auto rel: from b1697.74-per1-per3 to b1697.74-per1 parentesco/mae
   ** auto rel: from b1697.74-per1-per2 to b1697.74-per1-per3 parentesco/marido
   ** Automatic attribute: b1697.74-per1-per2/ec/c
   ** Automatic attribute: b1697.74-per1-per3/ec/c
** Processing act b$b1697.75
1337:          n$maria/f/id=b1697.75-per1
1338: 
1339:             pai$antonio rodrigues/id=b1697.75-per1-per2
1340:                ls$residencia/soure
1341: 
1342:             mae$maria rodrigues/id=b1697.75-per1-per3
1343: 
1344:             pad$luis rodrigues feijao/id=bpad28071697
1345:                ls$residencia/casal dos feijoes
1346: 
1347:             mad$isabel/id=b1697.75-per4
1348:                rel$parentesco/filha/luis rodrigues feijao/bpad28071697
1349: 
1350:       b$b1697.76/4/8/1697/0/0/0/lopo nunes pinto
1351: 
**** auto rels 2 STARTED.
   ** auto rel: from b1697.75-per1-per2 to b1697.75-per1 parentesco/pai
   ** auto rel: from b1697.75-per1-per3 to b1697.75-per1 parentesco/mae
   ** auto rel: from b1697.75-per1-per2 to b1697.75-per1-per3 parentesco/marido
   ** Automatic attribute: b1697.75-per1-per2/ec/c
   ** Automatic attribute: b1697.75-per1-per3/ec/c
** Processing act b$b1697.76
1352:          n$margarida/f/id=b1697.76-per1
1353: 
1354:             pai$bernardo de lemos/id=b1697.76-per1-per2
1355:                ls$profissao/moleiro
1356:                ls$residencia/soure
1357: 
1358:             mae$mariana gomes/id=b1697.76-per1-per3
1359: 
1360:             pad$simao rodrigues/id=b1697.76-per4
1361:                ls$profissao/alfaiate
1362:                ls$residencia/casal do rei
1363: 
1364:             mad$margarida manhos/id=b1697.76-per5
1365:                ls$ec/v
1366:                ls$residencia/soure
1367: 
1368:       b$b1697.77/6/8/1697/0/0/0/luis alvares pinto
1369: 
**** auto rels 2 STARTED.
   ** auto rel: from b1697.76-per1-per2 to b1697.76-per1 parentesco/pai
   ** auto rel: from b1697.76-per1-per3 to b1697.76-per1 parentesco/mae
   ** auto rel: from b1697.76-per1-per2 to b1697.76-per1-per3 parentesco/marido
   ** Automatic attribute: b1697.76-per1-per2/ec/c
   ** Automatic attribute: b1697.76-per1-per3/ec/c
** Processing act b$b1697.77
1370:          n$antonia/f/id=b1697.77-per1
1371: 
1372:             pai$joao rodrigues/id=b1697.77-per1-per2
1373:                ls$residencia/alencarce de baixo
1374: 
1375:             mae$isabel cardoso/id=b1697.77-per1-per3
1376: 
1377:             pad$francisco madeira/id=b1697.77-per4
1378:                ls$ec/s
1379: 
1380:             mad$antonia ferreira/id=b1697.77-per5
1381: 
1382:             mrmad$martinho goncalves/id=b1697.77-per6
1383:                ls$residencia/alencarce de baixo
1384: 
1385:       b$b1697.78/8/8/1697/0/0/0/diogo marques, beneficiado de soure
1386: 
**** auto rels 2 STARTED.
   ** auto rel: from b1697.77-per1-per2 to b1697.77-per1 parentesco/pai
   ** auto rel: from b1697.77-per1-per3 to b1697.77-per1 parentesco/mae
   ** auto rel: from b1697.77-per1-per2 to b1697.77-per1-per3 parentesco/marido
   ** Automatic attribute: b1697.77-per1-per2/ec/c
   ** Automatic attribute: b1697.77-per1-per3/ec/c
** Processing act b$b1697.78
1387:          n$manuel/m/id=b1697.78-per1
1388: 
1389:             pai$manuel gomes/id=b1697.78-per1-per2
1390:                ls$residencia/casal dos podengos
1391: 
1392:             mae$isabel rodrigues/id=b1697.78-per1-per3
1393: 
1394:             pad$luis rodrigues/id=b1697.78-per4
1395:                ls$residencia/casal dos podengos
1396: 
1397:             mad$antonia/id=b1697.78-per5
1398: 
1399:             pmad$antonio goncalves/id=b1697.78-per6
1400:                ls$residencia/casal dos podengos
1401: 
1402:       b$b1697.79/8/8/1697/0/0/0/luis alvares pinto
1403: 
**** auto rels 2 STARTED.
   ** auto rel: from b1697.78-per1-per2 to b1697.78-per1 parentesco/pai
   ** auto rel: from b1697.78-per1-per3 to b1697.78-per1 parentesco/mae
   ** auto rel: from b1697.78-per1-per2 to b1697.78-per1-per3 parentesco/marido
   ** Automatic attribute: b1697.78-per1-per2/ec/c
   ** Automatic attribute: b1697.78-per1-per3/ec/c
** Processing act b$b1697.79
1404:          n$maria/f/id=b1697.79-per1
1405: 
1406:             pai$mateus joao/id=b1697.79-per1-per2
1407:                ls$residencia/presa
1408: 
1409:             mae$domingas simoes/id=b1697.79-per1-per3
1410: 
1411:             pad$sebastiao antunes/id=b1697.79-per4
1412:                ls$residencia/presa
1413: 
1414:             mad$isabel rodrigues/id=b1697.79-per5
1415: 
1416:             mrmad$mateus afonso/id=b1697.79-per6
1417:                ls$residencia/laranjeiras
1418: 
1419:       b$b1697.80/11/8/1697/0/0/0/manuel rodrigues alvaro
1420: 
**** auto rels 2 STARTED.
   ** auto rel: from b1697.79-per1-per2 to b1697.79-per1 parentesco/pai
   ** auto rel: from b1697.79-per1-per3 to b1697.79-per1 parentesco/mae
   ** auto rel: from b1697.79-per1-per2 to b1697.79-per1-per3 parentesco/marido
   ** Automatic attribute: b1697.79-per1-per2/ec/c
   ** Automatic attribute: b1697.79-per1-per3/ec/c
** Processing act b$b1697.80
1421:          n$catarina/f/id=b1697.80-per1
1422: 
1423:             pai$manuel vaz/id=b1697.80-per1-per2
1424:                ls$residencia/casal do pinheiro
1425: 
1426:             mae$maria rodrigues/id=b1697.80-per1-per3
1427: 
1428:             pad$jose goncalves/id=b1697.80-per4
1429:                ls$residencia/portela
1430: 
1431:             mad$catarina%cristina?/id=b1697.80-per5
1432: 
1433:             mmad$maria gaspar/id=b1697.80-per6
1434:                ls$residencia/casal do pinheiro
1435: 
1436:       b$b1697.81/15/8/1697/0/0/0/manuel rodrigues alvaro
1437: 
**** auto rels 2 STARTED.
   ** auto rel: from b1697.80-per1-per2 to b1697.80-per1 parentesco/pai
   ** auto rel: from b1697.80-per1-per3 to b1697.80-per1 parentesco/mae
   ** auto rel: from b1697.80-per1-per2 to b1697.80-per1-per3 parentesco/marido
   ** Automatic attribute: b1697.80-per1-per2/ec/c
   ** Automatic attribute: b1697.80-per1-per3/ec/c
** Processing act b$b1697.81
1438:          n$antonia/f/id=b1697.81-per1
1439: 
1440:             pai$bras domingues/id=b1697.81-per1-per2
1441:                ls$residencia/mogadouro
1442: 
1443:             mae$antonia goncalves/id=b1697.81-per1-per3
1444: 
1445:             pad$jorge joao/id=b1697.81-per4
1446:                ls$residencia/simoes
1447: 
1448:             mad$maria/id=b1697.81-per5
1449: 
1450:             pmad$manuel goncalves branco/id=b1697.81-per6
1451:                ls$residencia/mogadouro
1452: 
1453:       b$b1697.82/15/8/1697/0/0/0/manuel rodrigues alvaro
1454: 
**** auto rels 2 STARTED.
   ** auto rel: from b1697.81-per1-per2 to b1697.81-per1 parentesco/pai
   ** auto rel: from b1697.81-per1-per3 to b1697.81-per1 parentesco/mae
   ** auto rel: from b1697.81-per1-per2 to b1697.81-per1-per3 parentesco/marido
   ** Automatic attribute: b1697.81-per1-per2/ec/c
   ** Automatic attribute: b1697.81-per1-per3/ec/c
** Processing act b$b1697.82
1455:          n$isabel/f/id=b1697.82-per1
1456: 
1457:             pai$antonio rodrigues/id=b1697.82-per1-per2
1458:                ls$residencia/alencarce de cima
1459: 
1460:             mae$maria simoes/id=b1697.82-per1-per3
1461: 
1462:             pad$manuel alvares/id=bpad19081697
1463:                ls$residencia/alencarce de cima
1464: 
1465:             mad$isabel simoes/id=b1697.82-per4
1466:                rel$parentesco/mulher/manuel alvares/bpad19081697
1467: 
1468:       b$b1697.83/18/8/1697/0/0/0/luis alvares pinto
1469: 
**** auto rels 2 STARTED.
   ** auto rel: from b1697.82-per1-per2 to b1697.82-per1 parentesco/pai
   ** auto rel: from b1697.82-per1-per3 to b1697.82-per1 parentesco/mae
   ** auto rel: from b1697.82-per1-per2 to b1697.82-per1-per3 parentesco/marido
   ** Automatic attribute: b1697.82-per1-per2/ec/c
   ** Automatic attribute: b1697.82-per1-per3/ec/c
** Processing act b$b1697.83
1470:          n$manuel/m/id=b1697.83-per1
1471: 
1472:             pai$manuel duarte/id=b1697.83-per1-per2
1473:                ls$residencia/casal do migalho
1474: 
1475:             mae$antonia cordeiro/id=b1697.83-per1-per3
1476: 
1477:             pad$luis coelho/id=b1697.83-per4
1478: 
1479:             mad$isabel pedroso/id=b1697.83-per5
1480:                ls$residencia/quieitide, freguesia de vinha da rainha lsfreguesia/vinha da rainha
1481: 
1482:             mrmad$manuel nunes/id=b1697.83-per6
1483:                ls$residencia/quieitide, freguesia de vinha da rainha lsfreguesia/vinha da rainha
1484: 
1485:       b$b1697.84/21/8/1697/0/0/0/lopo nunes pinto
1486: 
**** auto rels 2 STARTED.
   ** auto rel: from b1697.83-per1-per2 to b1697.83-per1 parentesco/pai
   ** auto rel: from b1697.83-per1-per3 to b1697.83-per1 parentesco/mae
   ** auto rel: from b1697.83-per1-per2 to b1697.83-per1-per3 parentesco/marido
   ** Automatic attribute: b1697.83-per1-per2/ec/c
   ** Automatic attribute: b1697.83-per1-per3/ec/c
** Processing act b$b1697.84
1487:          n$angelica/f/id=b1697.84-per1
1488: 
1489:             pai$antonio manhos/id=b1697.84-per1-per2
1490:                ls$residencia/soure
1491:                ls$titulo/licenciado
1492: 
1493:             mae$simoa da rosa/id=b1697.84-per1-per3
1494: 
1495:             pad$rodrigo/id=b1697.84-per4
1496: 
1497:             ppad$manuel homem de quadros/mesmo_que=c6-7/id=b1697.84-per5
1498: 
1499:             mad$margarida manhos/id=b1697.84-per6
1500:                ls$ec/v
1501:                ls$residencia/soure
1502: 
1503:             pmad$mateus manhos de abreu/m/id=b1697.84-per7
1504: 
1505:       b$b1697.85/27/8/1697/0/0/0/lopo nunes pinto
1506: 
**** auto rels 2 STARTED.
   ** auto rel: from b1697.84-per1-per2 to b1697.84-per1 parentesco/pai
   ** auto rel: from b1697.84-per1-per3 to b1697.84-per1 parentesco/mae
   ** auto rel: from b1697.84-per1-per2 to b1697.84-per1-per3 parentesco/marido
   ** Automatic attribute: b1697.84-per1-per2/ec/c
   ** Automatic attribute: b1697.84-per1-per3/ec/c
** Processing act b$b1697.85
1507:          n$manuel/m/id=b1697.85-per1
1508: 
1509:             pai$antonio goncalves/id=b1697.85-per1-per2
1510:                ls$residencia/presa
1511: 
1512:             mae$ines simoes/id=b1697.85-per1-per3
1513: 
1514:             pad$manuel simoes/id=bpad27081697
1515:                ls$residencia/redinha, freguesia da redinha
1516:                ls$freguesia/redinha
1517: 
1518:             referida$maria joao da rosa/id=br27081697
1519:                rel$parentesco/mulher/manuel simoes/bpad27081697
1520:                ls$residencia/redinha, freguesia da redinha
1521:                ls$freguesia/redinha
1522: 
1523:             mad$maria simoes/id=b1697.85-per4
1524: 
1525:             mrmad$afonso rodrigues/id=b1697.85-per5
1526:                ls$residencia/presa
1527: 
1528:       b$b1697.86/31/8/1697/0/0/0/lopo nunes pinto
1529: 
**** auto rels 2 STARTED.
   ** auto rel: from b1697.85-per1-per2 to b1697.85-per1 parentesco/pai
   ** auto rel: from b1697.85-per1-per3 to b1697.85-per1 parentesco/mae
   ** auto rel: from b1697.85-per1-per2 to b1697.85-per1-per3 parentesco/marido
   ** Automatic attribute: b1697.85-per1-per2/ec/c
   ** Automatic attribute: b1697.85-per1-per3/ec/c
** Processing act b$b1697.86
1530:          n$manuel/m/id=b1697.86-per1
1531: 
1532:             pai$gabriel francisco/id=b1697.86-per1-per2
1533:                ls$residencia/sobral
1534: 
1535:             mae$maria jorge/id=b1697.86-per1-per3
1536: 
1537:             pad$manuel simoes/id=b1697.86-per4
1538:                ls$residencia/sobral
1539: 
1540:             mad$ines francisca/id=b1697.86-per5
1541: 
1542:             pmad$manuel francisco gabriel/id=b1697.86-per6
1543:                ls$residencia/casa velha
1544: 
1545:       b$b1697.87/1/9/1697/0/0/0/jose pinto
1546: 
**** auto rels 2 STARTED.
   ** auto rel: from b1697.86-per1-per2 to b1697.86-per1 parentesco/pai
   ** auto rel: from b1697.86-per1-per3 to b1697.86-per1 parentesco/mae
   ** auto rel: from b1697.86-per1-per2 to b1697.86-per1-per3 parentesco/marido
   ** Automatic attribute: b1697.86-per1-per2/ec/c
   ** Automatic attribute: b1697.86-per1-per3/ec/c
** Processing act b$b1697.87
1547:          n$domingos/m/id=b1697.87-per1
1548: 
1549:             pai$manuel goncalves perdigao/id=b1697.87-per1-per2
1550:                ls$residencia/louzoes
1551: 
1552:             mae$maria simoes/id=b1697.87-per1-per3
1553: 
1554:             pad$manuel duarte/id=b1697.87-per4
1555:                ls$residencia/louzoes
1556: 
1557:             mad$monica/id=b1697.87-per5
1558:                ls$ec/s
1559: 
1560:             mmad$maria nunes/id=b1697.87-per6
1561:                ls$residencia/louzoes
1562: *** End of File
0  errors.
**** auto rels 2 STARTED.
   ** auto rel: from b1697.87-per1-per2 to b1697.87-per1 parentesco/pai
   ** auto rel: from b1697.87-per1-per3 to b1697.87-per1 parentesco/mae
   ** auto rel: from b1697.87-per1-per2 to b1697.87-per1-per3 parentesco/marido
   ** Automatic attribute: b1697.87-per1-per2/ec/c
   ** Automatic attribute: b1697.87-per1-per3/ec/c
** Translation finished.
** data file- /Users/jrc/develop/mhk_users/soure/documents/baptismos/B1697.CLI
** original file- /Users/jrc/develop/mhk_users/soure/documents/baptismos/B1697.org
** old file- /Users/jrc/develop/mhk_users/soure/documents/baptismos/B1697.old
** original file- /Users/jrc/develop/mhk_users/soure/documents/baptismos/B1697.ids
