ClioInput - version 2019.A1 - build 507 15/07/2019 21:58 
16-2-2020 13-12

Processing data file b1696.cli
-------------------------------------------
Generic Act translation module with geoentities (XML).
     Joaquim Ramos de Carvalho (joaquim@uc.pt) 
** New document: kleio
=========================
kleio translation started
=========================
Structure: gacto.str
Prefix: 
Autorel: 
Translation count: 1
Obs: 
** Processing source fonte$baptismos 1696
6: b$b1696.1
26: b$b1696.2
49: b$b1696.3
67: b$b1696.4
84: b$b1696.5
101: b$b1696.6
118: b$b1696.7
137: b$b1696.8
154: b$b1696.9
176: b$b1696.10
195: b$b1696.11
214: b$b1696.12
223: b$b1696.13
239: b$b1696.14
254: b$b1696.15
271: b$b1696.16
291: b$b1696.17
310: b$b1696.18
328: b$b1696.19
345: b$b1696.20
359: b$b1696.21
376: b$b1696.22
392: b$b1696.23
409: b$b1696.24
426: b$b1696.25
444: b$b1696.26
463: b$b1696.27
483: b$b1696.28
502: b$b1696.29
517: b$b1696.30
534: b$b1696.31
551: b$b1696.32
568: b$b1696.33
584: b$b1696.34
601: b$b1696.35
616: b$b1696.36
633: b$b1696.37
651: b$b1696.38
668: b$b1696.39
691: b$b1696.40
703: b$b1696.41
720: b$b1696.42
738: b$b1696.43
756: b$b1696.44
773: b$b1696.45
791: b$b1696.46
812: b$b1696.47
830: b$b1696.48
850: b$b1696.49
871: b$b1696.50
887: b$b1696.51
902: b$b1696.52
920: b$b1696.53
935: b$b1696.54
951: b$b1696.55
967: b$b1696.56
985: b$b1696.57
1003: b$b1696.58
1015: b$b1696.59
1032: b$b1696.60
1049: b$b1696.61
1075: b$b1696.62
1090: b$b1696.63
1107: b$b1696.64
1124: b$b1696.65
1142: b$b1696.66
1159: b$b1696.67
1178: b$b1696.68
1193: b$b1696.69
1207: b$b1696.70
1224: b$b1696.71
1241: b$b1696.72
1259: b$b1696.73
1278: b$b1696.74
1295: b$b1696.75
1314: b$b1696.76
1329: b$b1696.77
1356: b$b1696.78
1375: b$b1696.79
1393: b$b1696.80
1413: b$b1696.81
1430: b$b1696.82
1447: b$b1696.83
1464: b$b1696.84
1481: b$b1696.85
*** End of File

WARNING: b1696.cli line 246  "SAME AS" TO EXTERNAL REFERENCE EXPORTED (c168-9) CHECK IF IT EXISTS BEFORE IMPORTING THIS FILE.
Near lines: 246 Near line: 247 

WARNING: b1696.cli line 353  "SAME AS" TO EXTERNAL REFERENCE EXPORTED (c24-7) CHECK IF IT EXISTS BEFORE IMPORTING THIS FILE.
Near lines: 353 Near line: 354 

WARNING: b1696.cli line 434  "SAME AS" TO EXTERNAL REFERENCE EXPORTED (c6-7) CHECK IF IT EXISTS BEFORE IMPORTING THIS FILE.
Near lines: 434 Near line: 435 

WARNING: b1696.cli line 438  "SAME AS" TO EXTERNAL REFERENCE EXPORTED (c96-8) CHECK IF IT EXISTS BEFORE IMPORTING THIS FILE.
Near lines: 438 Near line: 439 

WARNING: b1696.cli line 896  "SAME AS" TO EXTERNAL REFERENCE EXPORTED (c6-7) CHECK IF IT EXISTS BEFORE IMPORTING THIS FILE.
Near lines: 896 Near line: 897 

WARNING: b1696.cli line 938  "SAME AS" TO EXTERNAL REFERENCE EXPORTED (c6-7) CHECK IF IT EXISTS BEFORE IMPORTING THIS FILE.
Near lines: 938 Near line: 939 

WARNING: b1696.cli line 1190  "SAME AS" TO EXTERNAL REFERENCE EXPORTED (c182-9) CHECK IF IT EXISTS BEFORE IMPORTING THIS FILE.
Near lines: 1190 Near line: 1191 

WARNING: b1696.cli line 1243  "SAME AS" TO EXTERNAL REFERENCE EXPORTED (c180-7) CHECK IF IT EXISTS BEFORE IMPORTING THIS FILE.
Near lines: 1243 Near line: 1244 

WARNING: b1696.cli line 1267  "SAME AS" TO EXTERNAL REFERENCE EXPORTED (c104-7) CHECK IF IT EXISTS BEFORE IMPORTING THIS FILE.
Near lines: 1267 Near line: 1268 
** Processed file- /kleio-home/sources/soure/soure-sources/sources/soure_fase1/baptismos/b1696.cli
** Original file- /kleio-home/sources/soure/soure-sources/sources/soure_fase1/baptismos/b1696.org
** Previous version- /kleio-home/sources/soure/soure-sources/sources/soure_fase1/baptismos/b1696.old
** Temp file with ids- /kleio-home/sources/soure/soure-sources/sources/soure_fase1/baptismos/b1696.ids
0  errors. 
9  warnings.
Translation finished.
