ClioInput - version $Revision$ SWI $Date$
29-5-2017 15-4

Processing data file:/Users/jrc/develop/mhk_users/soure/documents/baptismos/B1701.CLI
-------------------------------------------
Generic Act translation module with geoentities (XML).
     Joaquim Ramos de Carvalho (joaquim@uc.pt) 
** New document: kleio
1: kleio$gacto.str/translations=1
=========================
kleio translation started
=========================
Structure: gacto.str
Prefix: 
Autorel: 
Translation count: 1
Obs: 
2:    fonte$baptismos 1701/tipo=reg paroquiais/localizacao=fol. 207-/data=17010000
3: 
**** auto rels 2 STARTED.
** Processing source fonte$baptismos 1701
4:       b$b1701.1/2/1/1701/0/0/0/jose pinto
5: 
**** auto rels 2 STARTED.
** Processing act b$b1701.1
6:          n$maria/f/id=b1701.1-per1
7: 
8:             pai$manuel martins/id=b1701.1-per1-per2
9:                ls$residencia/mogadouro
10: 
11:             mae$maria gaspar/id=b1701.1-per1-per3
12: 
13:             pad$jose pinto/id=jpinto
14:                ls$profissao/padre
15: 
16:             mad$maria/id=b1701.1-per4
17: 
18:                pmad$antonio martins/id=b1701.1-per5
19:                   ls$residencia/pinheiro
20: 
21:       b$b1701.2/2/1/1701/0/0/0/jose pinto
22: 
**** auto rels 2 STARTED.
   ** auto rel: from b1701.1-per1-per2 to b1701.1-per1 parentesco/pai
   ** auto rel: from b1701.1-per1-per3 to b1701.1-per1 parentesco/mae
   ** auto rel: from b1701.1-per1-per2 to b1701.1-per1-per3 parentesco/marido
   ** Automatic attribute: b1701.1-per1-per2/ec/c
   ** Automatic attribute: b1701.1-per1-per3/ec/c
** Processing act b$b1701.2
23:          n$maria/f/id=b1701.2-per1
24: 
25:             pai$manuel gomes/id=b1701.2-per1-per2
26:                ls$residencia/casal da corujeira
27: 
28:             mae$maria gomes/id=b1701.2-per1-per3
29: 
30:             pad$pedro da silva/id=b1701.2-per4
31:                ls$residencia/redinha, freguesia da redinha
32:                ls$freguesia/redinha
33: 
34:             mad$sebastiana da silva/id=b1701.2-per5
35: 
36:                mrmad$manuel jorge corujeiro/id=b1701.2-per6
37: 
38:       b$b1701.3/2/1/1701/0/0/0/jose pinto
39: 
**** auto rels 2 STARTED.
   ** auto rel: from b1701.2-per1-per2 to b1701.2-per1 parentesco/pai
   ** auto rel: from b1701.2-per1-per3 to b1701.2-per1 parentesco/mae
   ** auto rel: from b1701.2-per1-per2 to b1701.2-per1-per3 parentesco/marido
   ** Automatic attribute: b1701.2-per1-per2/ec/c
   ** Automatic attribute: b1701.2-per1-per3/ec/c
** Processing act b$b1701.3
40:          n$joao/m/id=b1701.3-per1
41: 
42:             pai$manuel simoes/id=b1701.3-per1-per2
43:                ls$residencia/sobral
44: 
45:             mae$domingas jorge/id=b1701.3-per1-per3
46: 
47:             pad$manuel rodrigues/id=b1701.3-per4
48:                ls$profissao/padre
49:                ls$residencia/sobral
50: 
51:             mad$maria/id=b1701.3-per5
52: 
53:                pmad$joao simoes/id=b1701.3-per6
54:                   ls$residencia/quieitide, freguesia de vinha da rainha
55:                   ls$freguesia/vinha da rainha
56: 
57:       b$b1701.4/6/1/1701/0/0/0/jose pinto
58: 
**** auto rels 2 STARTED.
   ** auto rel: from b1701.3-per1-per2 to b1701.3-per1 parentesco/pai
   ** auto rel: from b1701.3-per1-per3 to b1701.3-per1 parentesco/mae
   ** auto rel: from b1701.3-per1-per2 to b1701.3-per1-per3 parentesco/marido
   ** Automatic attribute: b1701.3-per1-per2/ec/c
   ** Automatic attribute: b1701.3-per1-per3/ec/c
** Processing act b$b1701.4
59:          n$mariana/f/id=b1701.4-per1
60: 
61:             pai$manuel de gouveia/id=b1701.4-per1-per2
62:                ls$residencia/casal novo
63: 
64:             mae$sebastiana da graca/id=bmae06011701
65: 
66:             pad$luis de seabra/id=b1701.4-per3
67:                ls$residencia/soure
68: 
69:             mad$catarina/id=b1701.4-per4
70:                rel$parentesco/irma/sebastiana da graca/bmae06011701
71: 
72:       b$b1701.5/13/1/1701/0/0/0/jose pinto
73: 
**** auto rels 2 STARTED.
   ** auto rel: from b1701.4-per1-per2 to b1701.4-per1 parentesco/pai
   ** auto rel: from bmae06011701 to b1701.4-per1 parentesco/mae
   ** auto rel: from b1701.4-per1-per2 to bmae06011701 parentesco/marido
   ** Automatic attribute: b1701.4-per1-per2/ec/c
   ** Automatic attribute: bmae06011701/ec/c
** Processing act b$b1701.5
74:          n$luisa/f/id=b1701.5-per1
75: 
76:             pai$antonio simoes/id=b1701.5-per1-per2
77:                ls$residencia/casal novo
78: 
79:             mae$maria pedroso/id=b1701.5-per1-per3
80: 
81:             pad$manuel pedroso/id=b1701.5-per4
82:                ls$residencia/gesteira, freguesia da gesteira
83:                ls$freguesia/gesteira
84: 
85:             mad$luisa pinto/id=b1701.5-per5
86: 
87:                mrmad$manuel marques/id=b1701.5-per6
88:                   ls$titulo/licenciado
89:                   ls$residencia/soure
90: 
91:       b$b1701.6/15/1/1701/0/0/0/jose pinto
92: 
**** auto rels 2 STARTED.
   ** auto rel: from b1701.5-per1-per2 to b1701.5-per1 parentesco/pai
   ** auto rel: from b1701.5-per1-per3 to b1701.5-per1 parentesco/mae
   ** auto rel: from b1701.5-per1-per2 to b1701.5-per1-per3 parentesco/marido
   ** Automatic attribute: b1701.5-per1-per2/ec/c
   ** Automatic attribute: b1701.5-per1-per3/ec/c
** Processing act b$b1701.6
93:          n$manuel/m/id=b1701.6-per1
94: 
95:             pai$antonio bras/id=b1701.6-per1-per2
96:                ls$residencia/carvalheira de baixo
97: 
98:             mae$antonia goncalves/id=b1701.6-per1-per3
99: 
100:             pad$manuel domingues/id=b1701.6-per4
101:                ls$residencia/leonel
102: 
103:             mad$maria/id=b1701.6-per5
104: 
105:                pmad$antonio martins/id=b1701.6-per6
106:                   ls$residencia/lagem
107: 
108:       b$b1701.7/16/1/1701/0/0/0/luis alvares pinto
109: 
**** auto rels 2 STARTED.
   ** auto rel: from b1701.6-per1-per2 to b1701.6-per1 parentesco/pai
   ** auto rel: from b1701.6-per1-per3 to b1701.6-per1 parentesco/mae
   ** auto rel: from b1701.6-per1-per2 to b1701.6-per1-per3 parentesco/marido
   ** Automatic attribute: b1701.6-per1-per2/ec/c
   ** Automatic attribute: b1701.6-per1-per3/ec/c
** Processing act b$b1701.7
110:          n$lucas/m/id=b1701.7-per1
111: 
112:             pai$jose bras/id=b1701.7-per1-per2
113:                ls$residencia/leonel
114: 
115:             mae$maria mateus/id=b1701.7-per1-per3
116: 
117:             pad$lucas/id=b1701.7-per4
118:                ls$residencia/condeixa-a-nova, freguesia de condeixa-a-nova
119:                ls$freguesia/condeixa-a-nova
120: 
121:                ppad$domingos jorge/id=bpad16011701
122:                   ls$residencia/condeixa-a-nova, freguesia de condeixa-a-nova
123:                   ls$freguesia/condeixa-a-nova
124: 
125:             mad$domingas/id=b1701.7-per5
126:                ls$residencia/condeixa-a-nova, freguesia de condeixa-a-nova
127:                ls$freguesia/condeixa-a-nova
128:                rel$parentesco/filha/domingos jorge/bpad16011701
129: 
130:       b$b1701.8/16/1/1701/0/0/0/ventura martins
131: 
**** auto rels 2 STARTED.
   ** auto rel: from b1701.7-per1-per2 to b1701.7-per1 parentesco/pai
   ** auto rel: from b1701.7-per1-per3 to b1701.7-per1 parentesco/mae
   ** auto rel: from b1701.7-per1-per2 to b1701.7-per1-per3 parentesco/marido
   ** Automatic attribute: b1701.7-per1-per2/ec/c
   ** Automatic attribute: b1701.7-per1-per3/ec/c
** Processing act b$b1701.8
132:          n$caetano/m/id=b1701.8-per1
133: 
134:             pai$manuel carvalho valente/id=b1701.8-per1-per2
135:                ls$residencia/paleao
136: 
137:             mae$maria montais/id=b1701.8-per1-per3
138: 
139:             pad$sebastiao da silva/id=b1701.8-per4
140:                ls$residencia/soure
141: 
142:             mad$maria/id=b1701.8-per5
143: 
144:                pmad$manuel gomes derreado/id=b1701.8-per6
145:                   ls$residencia/paleao
146: 
147:       b$b1701.9/25/1/1701/0/0/0/jose pinto
148: 
**** auto rels 2 STARTED.
   ** auto rel: from b1701.8-per1-per2 to b1701.8-per1 parentesco/pai
   ** auto rel: from b1701.8-per1-per3 to b1701.8-per1 parentesco/mae
   ** auto rel: from b1701.8-per1-per2 to b1701.8-per1-per3 parentesco/marido
   ** Automatic attribute: b1701.8-per1-per2/ec/c
   ** Automatic attribute: b1701.8-per1-per3/ec/c
** Processing act b$b1701.9
149:          n$joao/m/id=b1701.9-per1
150: 
151:             pai$jose lourenco/id=b1701.9-per1-per2
152:                ls$residencia/casal do espirito santo
153: 
154:             mae$isabel simoes/id=b1701.9-per1-per3
155: 
156:             pad$domingos goncalves/mesmo_que=c2-7/id=b1701.9-per4
157:                ls$residencia/casal do espirito santo
158:                ls$profissao/padre
159: 
160:             mad$catarina simoes/id=b1701.9-per5
161: 
162:                mrmad$joao rodrigues/id=b1701.9-per6
163:                   ls$residencia/assamassa
164: 
165:       b$b1701.10/25/1/1701/0/0/0/jose pinto
166: 
**** auto rels 2 STARTED.
   ** auto rel: from b1701.9-per1-per2 to b1701.9-per1 parentesco/pai
   ** auto rel: from b1701.9-per1-per3 to b1701.9-per1 parentesco/mae
   ** auto rel: from b1701.9-per1-per2 to b1701.9-per1-per3 parentesco/marido
   ** Automatic attribute: b1701.9-per1-per2/ec/c
   ** Automatic attribute: b1701.9-per1-per3/ec/c
** Processing act b$b1701.10
167:          n$manuel/m/id=b1701.10-per1
168: 
169:             pai$manuel ramos/id=b1701.10-per1-per2
170:                ls$residencia/cavaleiros
171: 
172:             mae$isabel rodrigues/id=b1701.10-per1-per3
173: 
174:             pad$mateus goncalves/id=b1701.10-per4
175:                ls$residencia/alencarce de cima
176: 
177:             mad$maria/id=b1701.10-per5
178:                ls$ec/s
179: 
180:                pmad$manuel ramos/id=b1701.10-per6
181:                   ls$residencia/cavaleiros
182: 
183:       b$b1701.11/26/1/1701/0/0/0/jose pinto
184: 
**** auto rels 2 STARTED.
   ** auto rel: from b1701.10-per1-per2 to b1701.10-per1 parentesco/pai
   ** auto rel: from b1701.10-per1-per3 to b1701.10-per1 parentesco/mae
   ** auto rel: from b1701.10-per1-per2 to b1701.10-per1-per3 parentesco/marido
   ** Automatic attribute: b1701.10-per1-per2/ec/c
   ** Automatic attribute: b1701.10-per1-per3/ec/c
** Processing act b$b1701.11
185:          n$joao/m/id=b1701.11-per1
186: 
187:             pai$joao francisco/id=b1701.11-per1-per2
188:                ls$residencia/barril
189: 
190:             mae$isabel rodrigues/id=b1701.11-per1-per3
191: 
192:             pad$joao mendes/id=b1701.11-per4
193:                ls$residencia/paleao
194: 
195:             mad$isabel francisca/id=b1701.11-per5
196: 
197:                mrmad$manuel rodrigues formigo/id=b1701.11-per6
198:                   ls$residencia/barril
199: 
200:       b$b1701.12/30/1/1701/0/0/0/jose pinto
201: 
**** auto rels 2 STARTED.
   ** auto rel: from b1701.11-per1-per2 to b1701.11-per1 parentesco/pai
   ** auto rel: from b1701.11-per1-per3 to b1701.11-per1 parentesco/mae
   ** auto rel: from b1701.11-per1-per2 to b1701.11-per1-per3 parentesco/marido
   ** Automatic attribute: b1701.11-per1-per2/ec/c
   ** Automatic attribute: b1701.11-per1-per3/ec/c
** Processing act b$b1701.12
202:          n$isabel/f/id=bn30011701
203: 
204:             pai$manuel madeira/id=bn30011701-per1
205:                ls$residencia/pinheiro
206: 
207:             mae$maria jorge/id=bn30011701-per2
208: 
209:             pad$manuel/id=b1701.12-per3
210: 
211:                ppad$manuel vaz/id=bpad30011701
212:                   ls$residencia/casal das galinhas
213: 
214:             mad$antonia/id=b1701.12-per4
215:                rel$parentesco/filha/manuel vaz/bpad30011701
216: 
217:             referido$mateus mendes/id=br30011701
218:                ls$residencia/pinheiro
219:                rel$sociabilidade/baptizou em necessidade/isabel/bn30011701
220: 
221:       b$b1701.13/6/2/1701/0/0/0/jose pinto
222: 
**** auto rels 2 STARTED.
   ** auto rel: from bn30011701-per1 to bn30011701 parentesco/pai
   ** auto rel: from bn30011701-per2 to bn30011701 parentesco/mae
   ** auto rel: from bn30011701-per1 to bn30011701-per2 parentesco/marido
   ** Automatic attribute: bn30011701-per1/ec/c
   ** Automatic attribute: bn30011701-per2/ec/c
** Processing act b$b1701.13
223:          n$manuel/m/id=b1701.13-per1
224: 
225:             pai$joao ferreira/id=b1701.13-per1-per2
226:                ls$residencia/casal do rei
227: 
228:             mae$maria do espirito santo/id=b1701.13-per1-per3
229: 
230:             pad$manuel homem de quadros/mesmo_que=c6-7/id=b1701.13-per4
231:                ls$residencia/soure
232: 
233:             mad$damasina/id=b1701.13-per5
234:                ls$titulo/dona
235:                ls$residencia/quinta da anobra, freguesia da anobra#a quinta e'dela
236:                ls$freguesia/anobra
237: 
238:       b$b1701.14/6/2/1701/0/0/0/jose pinto
239: 
**** auto rels 2 STARTED.
   ** auto rel: from b1701.13-per1-per2 to b1701.13-per1 parentesco/pai
   ** auto rel: from b1701.13-per1-per3 to b1701.13-per1 parentesco/mae
   ** auto rel: from b1701.13-per1-per2 to b1701.13-per1-per3 parentesco/marido
   ** Automatic attribute: b1701.13-per1-per2/ec/c
   ** Automatic attribute: b1701.13-per1-per3/ec/c
** Processing act b$b1701.14
240:          n$jose/m/id=b1701.14-per1
241: 
242:             pai$paulo da gante/m/id=b1701.14-per1-per2
243:                ls$residencia/casais do barril
244: 
245:             mae$paula de oliveira/id=b1701.14-per1-per3
246: 
247:             pad$manuel luis/id=b1701.14-per4
248:                ls$residencia/casais de s.mateus
249: 
250:             mad$maria/id=b1701.14-per5
251: 
252:                pmad$manuel rodrigues feijao/id=b1701.14-per6
253:                   ls$alcunha/moco
254:                   ls$residencia/casais do barril
255: 
256:       b$b1701.15/6/2/1701/0/0/0/jose pinto
257: 
**** auto rels 2 STARTED.
   ** auto rel: from b1701.14-per1-per2 to b1701.14-per1 parentesco/pai
   ** auto rel: from b1701.14-per1-per3 to b1701.14-per1 parentesco/mae
   ** auto rel: from b1701.14-per1-per2 to b1701.14-per1-per3 parentesco/marido
   ** Automatic attribute: b1701.14-per1-per2/ec/c
   ** Automatic attribute: b1701.14-per1-per3/ec/c
** Processing act b$b1701.15
258:          n$manuel/m/id=b1701.15-per1
259: 
260:             pai$manuel joao/id=b1701.15-per1-per2
261:                ls$residencia/casais dos simoes
262: 
263:             mae$maria gaspar/id=b1701.15-per1-per3
264: 
265:             pad$francisco rodrigues trabelho?/id=b1701.15-per4
266:                ls$residencia/casais dos simoes
267: 
268:             mad$maria gaspar/id=b1701.15-per5
269:                ls$ec/v
270:                ls$residencia/agudos, freguesia da redinha
271:                ls$freguesia/redinha
272: 
273:       b$b1701.16/6/2/1701/0/0/0/jose pinto
274: 
**** auto rels 2 STARTED.
   ** auto rel: from b1701.15-per1-per2 to b1701.15-per1 parentesco/pai
   ** auto rel: from b1701.15-per1-per3 to b1701.15-per1 parentesco/mae
   ** auto rel: from b1701.15-per1-per2 to b1701.15-per1-per3 parentesco/marido
   ** Automatic attribute: b1701.15-per1-per2/ec/c
   ** Automatic attribute: b1701.15-per1-per3/ec/c
** Processing act b$b1701.16
275:          n$manuel/m/id=bn06021701
276: 
277:             pai$jose dias/id=bn06021701-per1
278:                ls$residencia/soure
279: 
280:             mae$isabel francisca/id=bn06021701-per2
281: 
282:             pad$pedro de eiro matoso/mesmo_que=peiro/id=b1701.16-per3
283:                ls$residencia/soure
284: 
285:             mad$teresa/id=b1701.16-per4
286:                rel$parentesco/filha/pedro de eiro matoso/peiro
287: 
288:             referida$maria mendes/id=br06021701
289:                ls$residencia/soure
290:                rel$sociabilidade/baptizou em necessidade/manuel/bn06021701
291: 
292:       b$b1701.17/7/2/1701/0/0/0/jose pinto
293: 
**** auto rels 2 STARTED.
   ** auto rel: from bn06021701-per1 to bn06021701 parentesco/pai
   ** auto rel: from bn06021701-per2 to bn06021701 parentesco/mae
   ** auto rel: from bn06021701-per1 to bn06021701-per2 parentesco/marido
   ** Automatic attribute: bn06021701-per1/ec/c
   ** Automatic attribute: bn06021701-per2/ec/c
** Processing act b$b1701.17
294:          n$manuel/m/id=b1701.17-per1
295:             ls$ilegitimo/sim
296: 
297:             mae$maria simoes/id=b1701.17-per1-per2
298:                ls$ec/s
299:                ls$residencia/barrosos
300: 
301:             pai$manuel simoes/obs=disse ela que ele era o pai/id=b1701.17-per1-per3
302:                ls$alcunha/frango
303:                ls$residencia/figueirinha
304: 
305:             pad$manuel goncalves/id=b1701.17-per4
306:                ls$alcunha/moco
307:                ls$residencia/mogadouro
308: 
309:             mad$maria/id=b1701.17-per5
310: 
311:                pmad$manuel andre/id=b1701.17-per6
312:                   ls$residencia/barrosos
313: 
314:       b$b1701.18/10/2/1701/0/0/0/jose pinto
315: 
**** auto rels 2 STARTED.
   ** auto rel: from b1701.17-per1-per3 to b1701.17-per1 parentesco/pai
   ** auto rel: from b1701.17-per1-per2 to b1701.17-per1 parentesco/mae
   ** auto rel: from b1701.17-per1-per3 to b1701.17-per1-per2 parentesco/marido
   ** Automatic attribute: b1701.17-per1-per3/ec/c
   ** Automatic attribute: b1701.17-per1-per2/ec/c
** Processing act b$b1701.18
316:          n$manuel/m/id=b1701.18-per1
317: 
318:             pai$domingos simoes/id=b1701.18-per1-per2
319:                ls$residencia/alencarce de cima
320: 
321:             mae$catarina luis%cna/id=b1701.18-per1-per3
322: 
323:             pad$antonio rodrigues/id=b1701.18-per4
324:                ls$residencia/cal?
325: 
326:             mad$isabel/id=b1701.18-per5
327:                ls$ec/s
328: 
329:                pmad$manuel tome/id=b1701.18-per6
330:                   ls$residencia/alencarce de cima
331: 
332:       b$b1701.19/12/2/1701/0/0/0/jose pinto
333: 
**** auto rels 2 STARTED.
   ** auto rel: from b1701.18-per1-per2 to b1701.18-per1 parentesco/pai
   ** auto rel: from b1701.18-per1-per3 to b1701.18-per1 parentesco/mae
   ** auto rel: from b1701.18-per1-per2 to b1701.18-per1-per3 parentesco/marido
   ** Automatic attribute: b1701.18-per1-per2/ec/c
   ** Automatic attribute: b1701.18-per1-per3/ec/c
** Processing act b$b1701.19
334:          n$gaspar/m/id=b1701.19-per1
335: 
336:             pai$afonso rodrigues/id=b1701.19-per1-per2
337:                ls$residencia/presa
338: 
339:             mae$maria simoes/id=b1701.19-per1-per3
340: 
341:             pad$gaspar rodrigues/id=b1701.19-per4
342:                ls$residencia/alencarce de cima
343: 
344:             mad$maria/id=b1701.19-per5
345:                ls$ec/s
346: 
347:                pmad$manuel madeira/id=b1701.19-per6
348:                   ls$residencia/alencarce de cima
349: 
350:       b$b1701.20/13/2/1701/0/0/0/jose pinto
351: 
**** auto rels 2 STARTED.
   ** auto rel: from b1701.19-per1-per2 to b1701.19-per1 parentesco/pai
   ** auto rel: from b1701.19-per1-per3 to b1701.19-per1 parentesco/mae
   ** auto rel: from b1701.19-per1-per2 to b1701.19-per1-per3 parentesco/marido
   ** Automatic attribute: b1701.19-per1-per2/ec/c
   ** Automatic attribute: b1701.19-per1-per3/ec/c
** Processing act b$b1701.20
352:          n$jacinta/f/id=b1701.20-per1
353: 
354:             pai$diogo jorge/id=b1701.20-per1-per2
355:                ls$residencia/casal novo
356: 
357:             mae$antonia cordeira/id=b1701.20-per1-per3
358: 
359:             pad$domingos goncalves galhardo/id=b1701.20-per4
360:                ls$titulo/licenciado
361:                ls$residencia/soure
362: 
363:             mad$maria/id=b1701.20-per5
364: 
365:                pmad$filipe da costa/id=b1701.20-per6
366:                   ls$residencia/casa velha
367: 
368:       b$b1701.21/13/2/1701/0/0/0/jose pinto
369: 
**** auto rels 2 STARTED.
   ** auto rel: from b1701.20-per1-per2 to b1701.20-per1 parentesco/pai
   ** auto rel: from b1701.20-per1-per3 to b1701.20-per1 parentesco/mae
   ** auto rel: from b1701.20-per1-per2 to b1701.20-per1-per3 parentesco/marido
   ** Automatic attribute: b1701.20-per1-per2/ec/c
   ** Automatic attribute: b1701.20-per1-per3/ec/c
** Processing act b$b1701.21
370:          n$manuel/m/id=b1701.21-per1
371: 
372:             pai$joao francisco/id=b1701.21-per1-per2
373:                ls$residencia/casalinhos
374: 
375:             mae$domingas francisca/id=b1701.21-per1-per3
376: 
377:             pad$antonio francisco/id=b1701.21-per4
378:                ls$residencia/casal de joao da costa
379: 
380:             mad$maria francisca/id=b1701.21-per5
381: 
382:                mrmad$manuel simoes/id=b1701.21-per6
383:                   ls$residencia/casalinhos
384: 
385:       b$b1701.22/16/2/1701/0/0/0/ventura martins
386: 
**** auto rels 2 STARTED.
   ** auto rel: from b1701.21-per1-per2 to b1701.21-per1 parentesco/pai
   ** auto rel: from b1701.21-per1-per3 to b1701.21-per1 parentesco/mae
   ** auto rel: from b1701.21-per1-per2 to b1701.21-per1-per3 parentesco/marido
   ** Automatic attribute: b1701.21-per1-per2/ec/c
   ** Automatic attribute: b1701.21-per1-per3/ec/c
** Processing act b$b1701.22
387:          n$manuel/m/id=b1701.22-per1
388: 
389:             pai$antonio martins/id=b1701.22-per1-per2
390:                ls$residencia/casal do pinheiro
391: 
392:             mae$maria da costa/id=b1701.22-per1-per3
393: 
394:             pad$manuel de oliveira/id=b1701.22-per4
395:                ls$profissao/padre
396:                ls$residencia/barril
397: 
398:             mad$francisca/id=b1701.22-per5
399: 
400:                pmad$sebastiao ferreira/id=b1701.22-per6
401:                   ls$residencia/vale do freixo
402: 
403:       b$b1701.23/17/2/1701/0/0/0/domingos joao, de alencarce
404: 
**** auto rels 2 STARTED.
   ** auto rel: from b1701.22-per1-per2 to b1701.22-per1 parentesco/pai
   ** auto rel: from b1701.22-per1-per3 to b1701.22-per1 parentesco/mae
   ** auto rel: from b1701.22-per1-per2 to b1701.22-per1-per3 parentesco/marido
   ** Automatic attribute: b1701.22-per1-per2/ec/c
   ** Automatic attribute: b1701.22-per1-per3/ec/c
** Processing act b$b1701.23
405:          n$teresa/f/id=b1701.23-per1
406: 
407:             pai$joao rodrigues/id=b1701.23-per1-per2
408:                ls$morto/antes
409:                ls$residencia/casal do malvado
410: 
411:             mae$maria mateus/id=b1701.23-per1-per3
412: 
413:             pad$miguel/id=b1701.23-per4
414: 
415:                ppad$manuel rodrigues/id=b1701.23-per5
416:                   ls$residencia/carvalhal, freguesia de tapeus
417:                   ls$freguesia/tapeus
418: 
419:             mad$maria/id=b1701.23-per6
420:                rel$parentesco/sobrinha/domingos joao/br17021701
421: 
422:             referido$domingos joao/id=br17021701
423:                ls$profissao/padre
424:                ls$residencia/alencarce
425: 
426:       b$b1701.24/18/2/1701/0/0/0/manuel martins
427: 
**** auto rels 2 STARTED.
   ** auto rel: from b1701.23-per1-per2 to b1701.23-per1 parentesco/pai
   ** auto rel: from b1701.23-per1-per3 to b1701.23-per1 parentesco/mae
   ** auto rel: from b1701.23-per1-per2 to b1701.23-per1-per3 parentesco/marido
   ** Automatic attribute: b1701.23-per1-per2/ec/c
   ** Automatic attribute: b1701.23-per1-per3/ec/c
** Processing act b$b1701.24
428:          n$manuel/m/id=b1701.24-per1
429: 
430:             pai$mateus joao/id=b1701.24-per1-per2
431:                ls$residencia/presa
432: 
433:             mae$domingas simoes/id=b1701.24-per1-per3
434: 
435:             pad$manuel francisco/id=b1701.24-per4
436:                ls$residencia/cadaval, freguesia do furadouro
437:                ls$freguesia/furadouro
438: 
439:             mad$isabel rodrigues/id=b1701.24-per5
440: 
441:                mrmad$mateus afonso/id=b1701.24-per6
442:                   ls$residencia/tapeus, freguesia de tapeus
443:                   ls$freguesia/tapeus
444: 
445:       b$b1701.25/20/2/1701/0/0/0/jose pinto
446: 
**** auto rels 2 STARTED.
   ** auto rel: from b1701.24-per1-per2 to b1701.24-per1 parentesco/pai
   ** auto rel: from b1701.24-per1-per3 to b1701.24-per1 parentesco/mae
   ** auto rel: from b1701.24-per1-per2 to b1701.24-per1-per3 parentesco/marido
   ** Automatic attribute: b1701.24-per1-per2/ec/c
   ** Automatic attribute: b1701.24-per1-per3/ec/c
** Processing act b$b1701.25
447:          n$manuel/m/id=b1701.25-per1
448: 
449:             pai$antonio goncalves/id=b1701.25-per1-per2
450:                ls$residencia/corcozes
451: 
452:             mae$isabel domingues/id=b1701.25-per1-per3
453: 
454:             pad$manuel simoes/id=b1701.25-per4
455:                ls$residencia/corcozes
456: 
457:             mad$antonia gomes/id=b1701.25-per5
458:                ls$ec/s
459:                ls$residencia/soure
460: 
461:       b$b1701.26/22/2/1701/0/0/0/jose pinto
462: 
**** auto rels 2 STARTED.
   ** auto rel: from b1701.25-per1-per2 to b1701.25-per1 parentesco/pai
   ** auto rel: from b1701.25-per1-per3 to b1701.25-per1 parentesco/mae
   ** auto rel: from b1701.25-per1-per2 to b1701.25-per1-per3 parentesco/marido
   ** Automatic attribute: b1701.25-per1-per2/ec/c
   ** Automatic attribute: b1701.25-per1-per3/ec/c
** Processing act b$b1701.26
463:          n$maria/f/id=b1701.26-per1
464: 
465:             pai$manuel goncalves/id=b1701.26-per1-per2
466:                ls$residencia/barrosos
467: 
468:             mae$ana rodrigues/id=b1701.26-per1-per3
469: 
470:             pad$andre joao/id=b1701.26-per4
471:                ls$residencia/baixos, freguesia de tapeus
472:                ls$freguesia/tapeus
473: 
474:             mad$ana/id=b1701.26-per5
475:                ls$ec/s
476: 
477:                pmad$gaspar francisco/id=b1701.26-per6
478:                   ls$residencia/mogadouro
479: 
480:       b$b1701.27/26/2/1701/0/0/0/jose pinto
481: 
**** auto rels 2 STARTED.
   ** auto rel: from b1701.26-per1-per2 to b1701.26-per1 parentesco/pai
   ** auto rel: from b1701.26-per1-per3 to b1701.26-per1 parentesco/mae
   ** auto rel: from b1701.26-per1-per2 to b1701.26-per1-per3 parentesco/marido
   ** Automatic attribute: b1701.26-per1-per2/ec/c
   ** Automatic attribute: b1701.26-per1-per3/ec/c
** Processing act b$b1701.27
482:          n$luisa/f/id=b1701.27-per1
483: 
484:             pai$joao simoes/id=b1701.27-per1-per2
485:                ls$residencia/vale da borra
486: 
487:             mae$antonia da costa/id=b1701.27-per1-per3
488: 
489:             pad$antonio/id=b1701.27-per4
490: 
491:                ppad$manuel joao/id=b1701.27-per5
492:                   ls$residencia/sobral
493: 
494:             mad$francisca da costa/id=b1701.27-per6
495: 
496:                mrmad$manuel goncalves/id=b1701.27-per7
497:                   ls$residencia/casal novo
498: 
499:       b$b1701.28/1/3/1701/0/0/0/jose pinto
500: 
**** auto rels 2 STARTED.
   ** auto rel: from b1701.27-per1-per2 to b1701.27-per1 parentesco/pai
   ** auto rel: from b1701.27-per1-per3 to b1701.27-per1 parentesco/mae
   ** auto rel: from b1701.27-per1-per2 to b1701.27-per1-per3 parentesco/marido
   ** Automatic attribute: b1701.27-per1-per2/ec/c
   ** Automatic attribute: b1701.27-per1-per3/ec/c
** Processing act b$b1701.28
501:          n$maria/f/id=b1701.28-per1
502: 
503:             pai$domingos rodiruges/id=b1701.28-per1-per2
504:                ls$residencia/casais da misericordia
505: 
506:             mae$domingas carvalho/id=b1701.28-per1-per3
507: 
508:             pad$matias da costa/id=b1701.28-per4
509:                ls$residencia/bonitos
510: 
511:             mad$ana/id=b1701.28-per5
512: 
513:                pmad$mateus dias/id=b1701.28-per6
514:                   ls$residencia/casais da misericordia
515: 
516:       b$b1701.29/7/3/1701/0/0/0/gaspar rodrigues, vigario da granja
517: 
**** auto rels 2 STARTED.
   ** auto rel: from b1701.28-per1-per2 to b1701.28-per1 parentesco/pai
   ** auto rel: from b1701.28-per1-per3 to b1701.28-per1 parentesco/mae
   ** auto rel: from b1701.28-per1-per2 to b1701.28-per1-per3 parentesco/marido
   ** Automatic attribute: b1701.28-per1-per2/ec/c
   ** Automatic attribute: b1701.28-per1-per3/ec/c
** Processing act b$b1701.29
518:          n$bernardo/m/id=b1701.29-per1
519: 
520:             pai$joao goncalves/id=b1701.29-per1-per2
521:                ls$residencia/pinheiro
522: 
523:             mae$isabel gaspar/id=b1701.29-per1-per3
524: 
525:             pad$antonio martins/id=b1701.29-per4
526:                ls$residencia/pinheiro
527: 
528:             mad$madalena/id=b1701.29-per5
529: 
530:                mmad$maria gaspar/id=b1701.29-per6
531:                   ls$residencia/pinheiro
532: 
533:       b$b1701.30/10/3/1701/0/0/0/jose pinto
534: 
**** auto rels 2 STARTED.
   ** auto rel: from b1701.29-per1-per2 to b1701.29-per1 parentesco/pai
   ** auto rel: from b1701.29-per1-per3 to b1701.29-per1 parentesco/mae
   ** auto rel: from b1701.29-per1-per2 to b1701.29-per1-per3 parentesco/marido
   ** Automatic attribute: b1701.29-per1-per2/ec/c
   ** Automatic attribute: b1701.29-per1-per3/ec/c
** Processing act b$b1701.30
535:          n$cecilia/f/id=b1701.30-per1
536: 
537:             pai$manuel goncalves/id=b1701.30-per1-per2
538:                ls$residencia/louzoes
539: 
540:             mae$maria simoes/id=b1701.30-per1-per3
541: 
542:             pad$joao dos santos/id=b1701.30-per4
543:                ls$residencia/soure
544: 
545:             mad$maria/id=b1701.30-per5
546:                ls$ec/s
547: 
548:                pmad$manuel rodrigues manco/id=b1701.30-per6
549:                   ls$residencia/soure
550: 
551:       b$b1701.31/12/3/1701/0/0/0/jose pinto
552: 
**** auto rels 2 STARTED.
   ** auto rel: from b1701.30-per1-per2 to b1701.30-per1 parentesco/pai
   ** auto rel: from b1701.30-per1-per3 to b1701.30-per1 parentesco/mae
   ** auto rel: from b1701.30-per1-per2 to b1701.30-per1-per3 parentesco/marido
   ** Automatic attribute: b1701.30-per1-per2/ec/c
   ** Automatic attribute: b1701.30-per1-per3/ec/c
** Processing act b$b1701.31
553:          n$joao/m/id=b1701.31-per1
554: 
555:             pai$antonio galhardo/id=b1701.31-per1-per2
556:                ls$residencia/sobral
557: 
558:             mae$antonia rodrigues/id=b1701.31-per1-per3
559: 
560:             pad$manuel mateus/id=b1701.31-per4
561:                ls$residencia/quieitide, freguesia de vinha da rainha
562:                ls$freguesia/vinha da rainha
563: 
564:             mad$domingas/id=b1701.31-per5
565: 
566:                pmad$joao rodrigues/id=b1701.31-per6
567:                   ls$residencia/sobral
568: 
569:       b$b1701.32/16/3/1701/0/0/0/manuel martins, de soure
570: 
**** auto rels 2 STARTED.
   ** auto rel: from b1701.31-per1-per2 to b1701.31-per1 parentesco/pai
   ** auto rel: from b1701.31-per1-per3 to b1701.31-per1 parentesco/mae
   ** auto rel: from b1701.31-per1-per2 to b1701.31-per1-per3 parentesco/marido
   ** Automatic attribute: b1701.31-per1-per2/ec/c
   ** Automatic attribute: b1701.31-per1-per3/ec/c
** Processing act b$b1701.32
571:          n$teresa/f/id=b1701.32-per1
572: 
573:             pai$domingos aires/id=b1701.32-per1-per2
574:                ls$residencia/lajem
575: 
576:             mae$isabel simoes/id=b1701.32-per1-per3
577: 
578:             pad$jose pinto/id=b1701.32-per4
579:                ls$residencia/soure
580: 
581:             mad$maria de jesus/id=b1701.32-per5
582: 
583:                mrmad$luis seabra/id=b1701.32-per6
584:                   ls$residencia/soure
585: 
586:       b$b1701.33/22/3/1701/0/0/0/joao da costa
587: 
**** auto rels 2 STARTED.
   ** auto rel: from b1701.32-per1-per2 to b1701.32-per1 parentesco/pai
   ** auto rel: from b1701.32-per1-per3 to b1701.32-per1 parentesco/mae
   ** auto rel: from b1701.32-per1-per2 to b1701.32-per1-per3 parentesco/marido
   ** Automatic attribute: b1701.32-per1-per2/ec/c
   ** Automatic attribute: b1701.32-per1-per3/ec/c
** Processing act b$b1701.33
588:          n$joao/m/id=b1701.33-per1
589: 
590:             pai$jose marques/id=b1701.33-per1-per2
591:                ls$residencia/soure
592: 
593:             mae$maria de ramos/id=b1701.33-per1-per3
594: 
595:             pad$antonio/id=b1701.33-per4
596: 
597:                ppad$sebastiao machado/id=b1701.33-per5
598: 
599:             mad$domingas da cruz/obs=sua sogra de quem?/id=b1701.33-per6
600:                ls$residencia/soure
601: 
602:       b$b1701.34/22/3/1701/0/0/0/lopo nunes pinto
603: 
**** auto rels 2 STARTED.
   ** auto rel: from b1701.33-per1-per2 to b1701.33-per1 parentesco/pai
   ** auto rel: from b1701.33-per1-per3 to b1701.33-per1 parentesco/mae
   ** auto rel: from b1701.33-per1-per2 to b1701.33-per1-per3 parentesco/marido
   ** Automatic attribute: b1701.33-per1-per2/ec/c
   ** Automatic attribute: b1701.33-per1-per3/ec/c
** Processing act b$b1701.34
604:          n$maria/f/id=b1701.34-per1
605: 
606:             pai$manuel de brito/id=b1701.34-per1-per2
607:                ls$residencia/soure
608: 
609:             mae$isabel rodrigues/id=b1701.34-per1-per3
610: 
611:             pad$pedro de eiro matoso/mesmo_que=peiro/id=b1701.34-per4
612:                ls$residencia/soure
613: 
614:             mad$maria/id=b1701.34-per5
615:                rel$parentesco/irma/manuel duarte/br22031701
616: 
617:             referido$manuel duarte/id=br22031701
618:                ls$profissao/padre
619:                ls$titulo/frei
620:                ls$residencia/soure
621: 
622:       b$b1701.35/17/4/1701/0/0/0/luis alvares pinto
623: 
**** auto rels 2 STARTED.
   ** auto rel: from b1701.34-per1-per2 to b1701.34-per1 parentesco/pai
   ** auto rel: from b1701.34-per1-per3 to b1701.34-per1 parentesco/mae
   ** auto rel: from b1701.34-per1-per2 to b1701.34-per1-per3 parentesco/marido
   ** Automatic attribute: b1701.34-per1-per2/ec/c
   ** Automatic attribute: b1701.34-per1-per3/ec/c
** Processing act b$b1701.35
624:          n$joao/m/id=b1701.35-per1
625: 
626:             pai$joao rodrigues/id=b1701.35-per1-per2
627:                ls$residencia/paleao
628: 
629:             mae$maria rodrigues/id=b1701.35-per1-per3
630: 
631:             pad$joao mendes/id=b1701.35-per4
632:                ls$profissao/rendeiro
633: 
634:             mad$jacinta maria/id=b1701.35-per5
635:                ls$residencia/quinta da costa, freguesia de santiago de vide?
636:                ls$freguesia/santiago de vidende?
637: 
638:       b$b1701.36/17/4/1701/0/0/0/luis alvares pinto
639: 
**** auto rels 2 STARTED.
   ** auto rel: from b1701.35-per1-per2 to b1701.35-per1 parentesco/pai
   ** auto rel: from b1701.35-per1-per3 to b1701.35-per1 parentesco/mae
   ** auto rel: from b1701.35-per1-per2 to b1701.35-per1-per3 parentesco/marido
   ** Automatic attribute: b1701.35-per1-per2/ec/c
   ** Automatic attribute: b1701.35-per1-per3/ec/c
** Processing act b$b1701.36
640:          n$francisca/f/id=b1701.36-per1
641: 
642:             pai$manuel rodrigues/id=b1701.36-per1-per2
643:                ls$residencia/estercadas
644: 
645:             mae$maria lourenca/id=b1701.36-per1-per3
646: 
647:             pad$joao gaspar/id=b1701.36-per4
648:                ls$residencia/moinho do marco, termo da redinha
649: 
650:             mad$francisca rodrigues/id=b1701.36-per5
651: 
652:                mrmad$francisco rodrigues/id=b1701.36-per6
653:                   ls$residencia/estercadas
654: 
655:       b$b1701.37/22/4/1701/0/0/0/jose pinto
656: 
**** auto rels 2 STARTED.
   ** auto rel: from b1701.36-per1-per2 to b1701.36-per1 parentesco/pai
   ** auto rel: from b1701.36-per1-per3 to b1701.36-per1 parentesco/mae
   ** auto rel: from b1701.36-per1-per2 to b1701.36-per1-per3 parentesco/marido
   ** Automatic attribute: b1701.36-per1-per2/ec/c
   ** Automatic attribute: b1701.36-per1-per3/ec/c
** Processing act b$b1701.37
657:          n$manuel/m/id=b1701.37-per1
658: 
659:             pai$joao lourenco/id=b1701.37-per1-per2
660:                ls$residencia/simoes
661: 
662:             mae$isabel rodrigues/id=b1701.37-per1-per3
663: 
664:             pad$manuel soares coelho/id=b1701.37-per4
665: 
666:             mad$maria domingues/id=b1701.37-per5
667: 
668:                mrmad$manuel lourenco/id=b1701.37-per6
669:                   ls$residencia/simoes
670: 
671:       b$b1701.38/24/4/1701/0/0/0/jose pinto
672: 
**** auto rels 2 STARTED.
   ** auto rel: from b1701.37-per1-per2 to b1701.37-per1 parentesco/pai
   ** auto rel: from b1701.37-per1-per3 to b1701.37-per1 parentesco/mae
   ** auto rel: from b1701.37-per1-per2 to b1701.37-per1-per3 parentesco/marido
   ** Automatic attribute: b1701.37-per1-per2/ec/c
   ** Automatic attribute: b1701.37-per1-per3/ec/c
** Processing act b$b1701.38
673:          n$joao/m/id=b1701.38-per1
674: 
675:             pai$simao domingues/id=b1701.38-per1-per2
676:                ls$residencia/casconho
677: 
678:             mae$isabel lopes/id=b1701.38-per1-per3
679: 
680:             pad$joao/id=b1701.38-per4
681:                ls$ec/s
682: 
683:                ppad$manuel domingues/id=b1701.38-per5
684:                   ls$residencia/casconho
685: 
686:             mad$maria joao/id=b1701.38-per6
687:                ls$ec/v
688:                ls$residencia/casconho
689: 
690:       b$b1701.39/24/4/1701/0/0/0/lopo nunes pinto
691: 
**** auto rels 2 STARTED.
   ** auto rel: from b1701.38-per1-per2 to b1701.38-per1 parentesco/pai
   ** auto rel: from b1701.38-per1-per3 to b1701.38-per1 parentesco/mae
   ** auto rel: from b1701.38-per1-per2 to b1701.38-per1-per3 parentesco/marido
   ** Automatic attribute: b1701.38-per1-per2/ec/c
   ** Automatic attribute: b1701.38-per1-per3/ec/c
** Processing act b$b1701.39
692:          n$francisco/m/id=bn24041701
693: 
694:             pai$manuel de oliveira/id=bn24041701-per1
695:                ls$residencia/soure
696: 
697:             mae$clara rodrigues/id=bn24041701-per2
698: 
699:             pad$pedro de eiro matoso/mesmo_que=peiro/id=b1701.39-per3
700:                ls$residencia/soure
701: 
702:             mad$maria rodrigues/id=b1701.39-per4
703: 
704:                mrmad$simao jorge/id=b1701.39-per5
705:                   ls$residencia/marzagao
706: 
707:             referido$francisco/id=br24041701
708:                ls$profissao/ermitao
709:                rel$sociabilidade/baptizou em necessidade/francisco/bn24041701
710: 
711:       b$b1701.40/26/4/1701/0/0/0/luis alvares pinto
712: 
**** auto rels 2 STARTED.
   ** auto rel: from bn24041701-per1 to bn24041701 parentesco/pai
   ** auto rel: from bn24041701-per2 to bn24041701 parentesco/mae
   ** auto rel: from bn24041701-per1 to bn24041701-per2 parentesco/marido
   ** Automatic attribute: bn24041701-per1/ec/c
   ** Automatic attribute: bn24041701-per2/ec/c
** Processing act b$b1701.40
713:          n$antonia/f/id=b1701.40-per1
714: 
715:             pai$jose luis/id=b1701.40-per1-per2
716:                ls$residencia/corujeira
717: 
718:             mae$domingas jorge/id=b1701.40-per1-per3
719: 
720:             pad$antonio lourenco/id=bpad26041701
721:                ls$residencia/soure
722: 
723:             mad$maria/id=b1701.40-per4
724:                rel$parentesco/filha/antonio lourenco/bpad26041701
725: 
726:       b$b1701.41/26/4/1701/0/0/0/luis alvares pinto
727: 
**** auto rels 2 STARTED.
   ** auto rel: from b1701.40-per1-per2 to b1701.40-per1 parentesco/pai
   ** auto rel: from b1701.40-per1-per3 to b1701.40-per1 parentesco/mae
   ** auto rel: from b1701.40-per1-per2 to b1701.40-per1-per3 parentesco/marido
   ** Automatic attribute: b1701.40-per1-per2/ec/c
   ** Automatic attribute: b1701.40-per1-per3/ec/c
** Processing act b$b1701.41
728:          n$sebastiao/m/id=b1701.41-per1
729: 
730:             pai$manuel rodrigues formigo/id=b1701.41-per1-per2
731:                ls$residencia/barril
732: 
733:             mae$isabel francisca/id=b1701.41-per1-per3
734: 
735:             pad$sebastiao machado/id=bpad26041701b
736:                ls$residencia/soure
737: 
738:             mad$angela/id=b1701.41-per4
739:                rel$parentesco/filha/sebastiao machado/bpad26041701b
740: 
741:       b$b1701.42/27/4/1701/0/0/0/jose pinto
742: 
**** auto rels 2 STARTED.
   ** auto rel: from b1701.41-per1-per2 to b1701.41-per1 parentesco/pai
   ** auto rel: from b1701.41-per1-per3 to b1701.41-per1 parentesco/mae
   ** auto rel: from b1701.41-per1-per2 to b1701.41-per1-per3 parentesco/marido
   ** Automatic attribute: b1701.41-per1-per2/ec/c
   ** Automatic attribute: b1701.41-per1-per3/ec/c
** Processing act b$b1701.42
743:          n$joao/m/id=b1701.42-per1
744: 
745:             pai$diogo rodrigues/id=b1701.42-per1-per2
746:                ls$residencia/carvalheira de cima
747: 
748:             mae$maria simoes/id=b1701.42-per1-per3
749: 
750:             pad$joao mendes/id=b1701.42-per4
751:                ls$residencia/rendeiro
752: 
753:             mad$isabel rodrigues/id=b1701.42-per5
754: 
755:                mrmad$antonio gomes/id=b1701.42-per6
756:                   ls$profissao/ferreiro
757:                   ls$residencia/paleao
758: 
759:       b$b1701.43/27/4/1701/0/0/0/jose pinto/obs=sem madrinha
760: 
**** auto rels 2 STARTED.
   ** auto rel: from b1701.42-per1-per2 to b1701.42-per1 parentesco/pai
   ** auto rel: from b1701.42-per1-per3 to b1701.42-per1 parentesco/mae
   ** auto rel: from b1701.42-per1-per2 to b1701.42-per1-per3 parentesco/marido
   ** Automatic attribute: b1701.42-per1-per2/ec/c
   ** Automatic attribute: b1701.42-per1-per3/ec/c
** Processing act b$b1701.43
761:          n$manuel/m/id=b1701.43-per1
762: 
763:             pai$jose velho/id=b1701.43-per1-per2
764:                ls$alcunha/moco
765:                ls$residencia/soure
766: 
767:             mae$maria de lemos/id=b1701.43-per1-per3
768: 
769:             pad$manuel rodrigues serrao/id=b1701.43-per4
770:                ls$residencia/soure
771: 
772:             referido$sebastiao goncalves/id=br29041701
773:                ls$residencia/soure
774: 
775:       b$b1701.44/1/5/1701/0/0/0/luis alvares pinto
776: 
**** auto rels 2 STARTED.
   ** auto rel: from b1701.43-per1-per2 to b1701.43-per1 parentesco/pai
   ** auto rel: from b1701.43-per1-per3 to b1701.43-per1 parentesco/mae
   ** auto rel: from b1701.43-per1-per2 to b1701.43-per1-per3 parentesco/marido
   ** Automatic attribute: b1701.43-per1-per2/ec/c
   ** Automatic attribute: b1701.43-per1-per3/ec/c
** Processing act b$b1701.44
777:          n$manuel/m/id=b1701.44-per1
778: 
779:             pai$bras domingues/id=b1701.44-per1-per2
780:                ls$residencia/mogadouro
781: 
782:             mae$isabel de oliveira/id=b1701.44-per1-per3
783: 
784:             pad$manuel goncalves/id=b1701.44-per4
785:                ls$residencia/mogadouro
786:                ls$alcunha/moco
787: 
788:             mad$domingas goncalves/id=b1701.44-per5
789: 
790:                mrmad$manuel joao/id=b1701.44-per6
791:                   ls$residencia/simoes
792: 
793:       b$b1701.45/1/5/1701/0/0/0/luis alvares pinto
794: 
**** auto rels 2 STARTED.
   ** auto rel: from b1701.44-per1-per2 to b1701.44-per1 parentesco/pai
   ** auto rel: from b1701.44-per1-per3 to b1701.44-per1 parentesco/mae
   ** auto rel: from b1701.44-per1-per2 to b1701.44-per1-per3 parentesco/marido
   ** Automatic attribute: b1701.44-per1-per2/ec/c
   ** Automatic attribute: b1701.44-per1-per3/ec/c
** Processing act b$b1701.45
795:          n$manuel/m/id=bn01051701
796: 
797:             pai$jose rodrigues/id=bn01051701-per1
798:                ls$profissao/barbeiro
799: 
800:             mae$ana rodrigues/id=bn01051701-per2
801: 
802:             pad$sebastiao goncalves/id=bpad01051701
803:                ls$residencia/soure
804: 
805:             mad$ana/id=b1701.45-per3
806:                rel$parentesco/filha/sebastiao goncalves/bpad01051701
807: 
808:             referido$ventura martins/id=c119-9/mesmo_que=c119-9
809:                ls$profissao/padre
810:                rel$sociabilidade/baptizou em necessidade/manuel/bn01051701
811: 
812:       b$b1701.46/5/5/1701/0/0/0/jose pinto
813: 
**** auto rels 2 STARTED.
   ** auto rel: from bn01051701-per1 to bn01051701 parentesco/pai
   ** auto rel: from bn01051701-per2 to bn01051701 parentesco/mae
   ** auto rel: from bn01051701-per1 to bn01051701-per2 parentesco/marido
   ** Automatic attribute: bn01051701-per1/ec/c
   ** Automatic attribute: bn01051701-per2/ec/c
** Processing act b$b1701.46
814:          n$jose/m/id=b1701.46-per1
815: 
816:             pai$antonio soares/id=b1701.46-per1-per2
817:                ls$residencia/sobral
818: 
819:             mae$catarina francisca%cna/id=b1701.46-per1-per3
820: 
821:             pad$domingos dias/id=b1701.46-per4
822:                ls$residencia/sobral
823: 
824:             mad$maria madeira/id=b1701.46-per5
825: 
826:                mrmad$domingos joao/id=b1701.46-per6
827:                   ls$residencia/sobral
828: 
829:       b$b1701.47/5/5/1701/0/0/0/jose pinto
830: 
**** auto rels 2 STARTED.
   ** auto rel: from b1701.46-per1-per2 to b1701.46-per1 parentesco/pai
   ** auto rel: from b1701.46-per1-per3 to b1701.46-per1 parentesco/mae
   ** auto rel: from b1701.46-per1-per2 to b1701.46-per1-per3 parentesco/marido
   ** Automatic attribute: b1701.46-per1-per2/ec/c
   ** Automatic attribute: b1701.46-per1-per3/ec/c
** Processing act b$b1701.47
831:          n$antonio/m/id=b1701.47-per1
832: 
833:             pai$joao francisco/id=b1701.47-per1-per2
834:                ls$residencia/casconho
835: 
836:             mae$isabel rodrigues/id=b1701.47-per1-per3
837: 
838:             pad$manuel domingues/id=b1701.47-per4
839:                ls$residencia/casconho
840: 
841:             mad$mariana/id=b1701.47-per5
842: 
843:                mmad$catarina joao%cna/id=b1701.47-per6
844:                   ls$residencia/cavalheira de cima
845: 
846:       b$b1701.48/5/5/1701/0/0/0/jose pinto
847: 
**** auto rels 2 STARTED.
   ** auto rel: from b1701.47-per1-per2 to b1701.47-per1 parentesco/pai
   ** auto rel: from b1701.47-per1-per3 to b1701.47-per1 parentesco/mae
   ** auto rel: from b1701.47-per1-per2 to b1701.47-per1-per3 parentesco/marido
   ** Automatic attribute: b1701.47-per1-per2/ec/c
   ** Automatic attribute: b1701.47-per1-per3/ec/c
** Processing act b$b1701.48
848:          n$maria/f/id=b1701.48-per1
849: 
850:             pai$manuel luis/id=b1701.48-per1-per2
851:                ls$residencia/casconho
852: 
853:             mae$maria domingues/id=b1701.48-per1-per3
854: 
855:             pad$pedro francisco/id=b1701.48-per4
856:                ls$residencia/casconho
857: 
858:             mad$domingas joao/id=b1701.48-per5
859: 
860:                mrmad$manuel domingues/id=b1701.48-per6
861:                   ls$alcunha/velho
862:                   ls$residencia/casconho
863: 
864:       b$b1701.49/5/5/1701/0/0/0/jose pinto
865: 
**** auto rels 2 STARTED.
   ** auto rel: from b1701.48-per1-per2 to b1701.48-per1 parentesco/pai
   ** auto rel: from b1701.48-per1-per3 to b1701.48-per1 parentesco/mae
   ** auto rel: from b1701.48-per1-per2 to b1701.48-per1-per3 parentesco/marido
   ** Automatic attribute: b1701.48-per1-per2/ec/c
   ** Automatic attribute: b1701.48-per1-per3/ec/c
** Processing act b$b1701.49
866:          n$antonia/f/id=b1701.49-per1
867: 
868:             pai$joao rodrigues serrano/id=b1701.49-per1-per2
869:                ls$residencia/sobral
870: 
871:             mae$domingas luis/id=b1701.49-per1-per3
872: 
873:             pad$joao mendes/id=bpad05051701
874:                ls$profissao/rendeiro
875: 
876:             mad$antonia/f/id=b1701.49-per4
877: 
878:                pmad$antonio goncalves vargas/id=b1701.49-per5
879:                   ls$residencia/sobral
880: 
881:             referido$joao soares/id=br05051701
882:                ls$residencia/paleao
883:                rel$sociabilidade/procurador em baptismo/joao mendes/bpad05051701
884: 
885:       b$b1701.50/12/5/1701/0/0/0/manuel duarte, capelao
886: 
**** auto rels 2 STARTED.
   ** auto rel: from b1701.49-per1-per2 to b1701.49-per1 parentesco/pai
   ** auto rel: from b1701.49-per1-per3 to b1701.49-per1 parentesco/mae
   ** auto rel: from b1701.49-per1-per2 to b1701.49-per1-per3 parentesco/marido
   ** Automatic attribute: b1701.49-per1-per2/ec/c
   ** Automatic attribute: b1701.49-per1-per3/ec/c
** Processing act b$b1701.50
887:          n$joao/m/id=b1701.50-per1
888: 
889:             pai$manuel gomes/id=b1701.50-per1-per2
890:                ls$residencia/soure
891: 
892:             mae$maria gomes/id=b1701.50-per1-per3
893: 
894:             pad$diogo carvalho/id=b1701.50-per4
895:                ls$residencia/pombal, freguesia de pombal
896:                ls$freguesia/pombal
897: 
898:             mad$teresa/id=b1701.50-per5
899: 
900:                pmad$pedro de eiro matoso/mesmo_que=peiro/id=b1701.50-per6
901:                   ls$residencia/soure
902: 
903:       b$b1701.51/23/5/1701/0/0/0/jose pinto
904: 
**** auto rels 2 STARTED.
   ** auto rel: from b1701.50-per1-per2 to b1701.50-per1 parentesco/pai
   ** auto rel: from b1701.50-per1-per3 to b1701.50-per1 parentesco/mae
   ** auto rel: from b1701.50-per1-per2 to b1701.50-per1-per3 parentesco/marido
   ** Automatic attribute: b1701.50-per1-per2/ec/c
   ** Automatic attribute: b1701.50-per1-per3/ec/c
** Processing act b$b1701.51
905:          n$sebastiao/m/id=b1701.51-per1
906: 
907:             pai$martinho goncalves/id=b1701.51-per1-per2
908:                ls$residencia/alencarce de baixo
909: 
910:             mae$antonia francisca/id=b1701.51-per1-per3
911: 
912:             pad$sebastiao/id=b1701.51-per4
913:                ls$ec/s
914: 
915:                ppad$antonio madeira/id=b1701.51-per5
916:                   ls$residencia/areias
917: 
918:             mad$isabel ferreira/id=b1701.51-per6
919: 
920:                mrmad$domingos goncalves/id=b1701.51-per7
921:                   ls$residencia/alencarce de baixo
922: 
923:       b$b1701.52/22/5/1701/0/0/0/luis alvares pinto/obs=data sic
924: 
**** auto rels 2 STARTED.
   ** auto rel: from b1701.51-per1-per2 to b1701.51-per1 parentesco/pai
   ** auto rel: from b1701.51-per1-per3 to b1701.51-per1 parentesco/mae
   ** auto rel: from b1701.51-per1-per2 to b1701.51-per1-per3 parentesco/marido
   ** Automatic attribute: b1701.51-per1-per2/ec/c
   ** Automatic attribute: b1701.51-per1-per3/ec/c
** Processing act b$b1701.52
925:          n$jose/m/id=b1701.52-per1
926: 
927:             pai$domingos lopes/id=b1701.52-per1-per2
928:                ls$residencia/casa velha
929: 
930:             mae$maria pereira/id=b1701.52-per1-per3
931: 
932:             pad$sebastiao machado/id=bpad22051701
933:                ls$residencia/soure
934: 
935:             mad$angela/id=b1701.52-per4
936:                rel$parentesco/filha/sebastiao machado/bpad22051701
937: 
938:       b$b1701.53/26/5/1701/0/0/0/jose pinto
939: 
**** auto rels 2 STARTED.
   ** auto rel: from b1701.52-per1-per2 to b1701.52-per1 parentesco/pai
   ** auto rel: from b1701.52-per1-per3 to b1701.52-per1 parentesco/mae
   ** auto rel: from b1701.52-per1-per2 to b1701.52-per1-per3 parentesco/marido
   ** Automatic attribute: b1701.52-per1-per2/ec/c
   ** Automatic attribute: b1701.52-per1-per3/ec/c
** Processing act b$b1701.53
940:          n$maria/f/id=b1701.53-per1
941: 
942:             pai$domingos carvalho/id=b1701.53-per1-per2
943:                ls$residencia/casal das estercadas
944: 
945:             mae$isabel martins/id=b1701.53-per1-per3
946: 
947:             pad$joao gaspar/id=b1701.53-per4
948:                ls$residencia/moinho do marco, freguesia da redinha
949:                ls$freguesia/redinha
950: 
951:             mad$ana maria/id=b1701.53-per5
952: 
953:                pmad$manuel martins/id=b1701.53-per6
954:                   ls$residencia/mogadouro
955: 
956:       b$b1701.54/26/5/1701/0/0/0/jose pinto
957: 
**** auto rels 2 STARTED.
   ** auto rel: from b1701.53-per1-per2 to b1701.53-per1 parentesco/pai
   ** auto rel: from b1701.53-per1-per3 to b1701.53-per1 parentesco/mae
   ** auto rel: from b1701.53-per1-per2 to b1701.53-per1-per3 parentesco/marido
   ** Automatic attribute: b1701.53-per1-per2/ec/c
   ** Automatic attribute: b1701.53-per1-per3/ec/c
** Processing act b$b1701.54
958:          n$sebastiao/m/id=b1701.54-per1
959: 
960:             pai$domingos francisco/id=b1701.54-per1-per2
961:                ls$residencia/sobral
962: 
963:             mae$antonia esteves/id=b1701.54-per1-per3
964: 
965:             pad$sebastiao colaco/id=bpad26051701
966:                ls$residencia/soure
967: 
968:             mad$antonia/id=b1701.54-per4
969:                rel$parentesco/filha/sebastiao colaco/bpad26051701
970: 
971:             referido$manuel rodrigues/id=br26051701
972:                ls$profissao/padre
973:                ls$residencia/sobral
974: 
975:       b$b1701.55/3/6/1701/0/0/0/luis alvares pinto
976: 
**** auto rels 2 STARTED.
   ** auto rel: from b1701.54-per1-per2 to b1701.54-per1 parentesco/pai
   ** auto rel: from b1701.54-per1-per3 to b1701.54-per1 parentesco/mae
   ** auto rel: from b1701.54-per1-per2 to b1701.54-per1-per3 parentesco/marido
   ** Automatic attribute: b1701.54-per1-per2/ec/c
   ** Automatic attribute: b1701.54-per1-per3/ec/c
** Processing act b$b1701.55
977:          n$jose/m/id=b1701.55-per1
978: 
979:             pai$alexandre mendes/id=b1701.55-per1-per2
980:                ls$residencia/soure
981: 
982:             mae$catarina de jesus/id=b1701.55-per1-per3
983: 
984:             pad$bernardo de santo antonio/id=b1701.55-per4
985:                ls$titulo/doutor
986:                ls$profissao/padre
987:                ls$titulo/frei
988:                ls$ordem/religioso da graca
989: 
990:             mad$helena de couto/id=bmad06031701
991:                ls$titulo/dona
992: 
993:                mrmad$jose henriques cavaco/id=b1701.55-per5
994:                   ls$residencia/vinha da rainha, freguesia de vinha da rainha
995:                   ls$freguesia/vinha da rainha
996: 
997:             referido$teodosio mendes/id=br03061701
998:                ls$profissao/padre
999:                rel$sociabilidade/procurador em baptismo/helena de couto/bmad06031701
1000: 
1001:       b$b1701.56/5/6/1701/0/0/0/jose pinto
1002: 
**** auto rels 2 STARTED.
   ** auto rel: from b1701.55-per1-per2 to b1701.55-per1 parentesco/pai
   ** auto rel: from b1701.55-per1-per3 to b1701.55-per1 parentesco/mae
   ** auto rel: from b1701.55-per1-per2 to b1701.55-per1-per3 parentesco/marido
   ** Automatic attribute: b1701.55-per1-per2/ec/c
   ** Automatic attribute: b1701.55-per1-per3/ec/c
** Processing act b$b1701.56
1003:          n$manuel/m/id=b1701.56-per1
1004: 
1005:             pai$bento rodrigues/id=b1701.56-per1-per2
1006:                ls$residencia/cascao
1007: 
1008:             mae$isabel francisca/id=b1701.56-per1-per3
1009: 
1010:             pad$manuel jorge/id=b1701.56-per4
1011:                ls$residencia/alencarce de cima
1012: 
1013:             mad$maria/id=b1701.56-per5
1014: 
1015:                mmad$maria martins/id=b1701.56-per6
1016:                   ls$residencia/cascao
1017:                   ls$ec/v
1018: 
1019:       b$b1701.57/5/6/1701/0/0/0/luis alvares pinto
1020: 
**** auto rels 2 STARTED.
   ** auto rel: from b1701.56-per1-per2 to b1701.56-per1 parentesco/pai
   ** auto rel: from b1701.56-per1-per3 to b1701.56-per1 parentesco/mae
   ** auto rel: from b1701.56-per1-per2 to b1701.56-per1-per3 parentesco/marido
   ** Automatic attribute: b1701.56-per1-per2/ec/c
   ** Automatic attribute: b1701.56-per1-per3/ec/c
** Processing act b$b1701.57
1021:          n$domingos/m/id=b1701.57-per1
1022: 
1023:             pai$manuel goncalves/id=b1701.57-per1-per2
1024:                ls$residencia/casal do pinheiro
1025: 
1026:             mae$isabel madeira/id=b1701.57-per1-per3
1027: 
1028:             pad$manuel cordeiro/id=b1701.57-per4
1029:                ls$residencia/casal do vinagre
1030: 
1031:             mad$maria/id=b1701.57-per5
1032:                rel$parentesco/sobrinha/domingos joao/b1701.57-per6
1033: 
1034:             referido$domingos joao/id=b1701.57-per6
1035:                ls$profissao/padre
1036:                ls$residencia/alencarce de cima
1037: 
1038:       b$b1701.58/6/6/1701/0/0/0/luis alvares pinto
1039: 
**** auto rels 2 STARTED.
   ** auto rel: from b1701.57-per1-per2 to b1701.57-per1 parentesco/pai
   ** auto rel: from b1701.57-per1-per3 to b1701.57-per1 parentesco/mae
   ** auto rel: from b1701.57-per1-per2 to b1701.57-per1-per3 parentesco/marido
   ** Automatic attribute: b1701.57-per1-per2/ec/c
   ** Automatic attribute: b1701.57-per1-per3/ec/c
** Processing act b$b1701.58
1040:          n$mateus/m/id=b1701.58-per1
1041: 
1042:             pai$antonio rodrigues/id=b1701.58-per1-per2
1043:                ls$residencia/alencarce de cima
1044: 
1045:             mae$maria pires/id=b1701.58-per1-per3
1046: 
1047:             pad$mateus/id=b1701.58-per4
1048: 
1049:                ppad$manuel rodrigues capitao/id=b1701.58-per5
1050:                   ls$residencia/porto coelheiro
1051: 
1052:             mad$maria tome/id=b1701.58-per6
1053: 
1054:                mrmad$manuel simoes/id=b1701.58-per7
1055:                   ls$profissao/soldado
1056:                   ls$residencia/alencarce de cima
1057: 
1058:       b$b1701.59/8/6/1701/0/0/0/jose pinto
1059: 
**** auto rels 2 STARTED.
   ** auto rel: from b1701.58-per1-per2 to b1701.58-per1 parentesco/pai
   ** auto rel: from b1701.58-per1-per3 to b1701.58-per1 parentesco/mae
   ** auto rel: from b1701.58-per1-per2 to b1701.58-per1-per3 parentesco/marido
   ** Automatic attribute: b1701.58-per1-per2/ec/c
   ** Automatic attribute: b1701.58-per1-per3/ec/c
** Processing act b$b1701.59
1060:          n$manuel/m/id=bn08061701
1061:             ls$ilegitimo/sim
1062: 
1063:             mae$isabel/id=bmae08061701
1064:                ls$ec/s
1065: 
1066:             pai$manuel vargas/id=bn08061701-per1
1067:                ls$residencia/soure
1068: 
1069:             referido$manuel cristovao/id=br08061701
1070:                ls$titulo/frei
1071:                ls$profissao/padre
1072:                ls$cargo/beneficiado na igreja de soure
1073:                rel$sociabilidade/baptizou em necessidade/manuel/bn08061701
1074: 
1075:             pad$domingos cardoso/id=b1701.59-per2
1076: 
1077:             mad$joana/id=b1701.59-per3
1078:                ls$ec/s
1079:                rel$parentesco/irma/isabel/bmae08061701
1080: 
1081:       b$b1701.60/19/6/1701/0/0/0/jose mendes, beneficiado
1082: 
**** auto rels 2 STARTED.
   ** auto rel: from bn08061701-per1 to bn08061701 parentesco/pai
   ** auto rel: from bmae08061701 to bn08061701 parentesco/mae
   ** auto rel: from bn08061701-per1 to bmae08061701 parentesco/marido
   ** Automatic attribute: bn08061701-per1/ec/c
   ** Automatic attribute: bmae08061701/ec/c
** Processing act b$b1701.60
1083:          n$domingos/m/id=b1701.60-per1
1084: 
1085:             pai$antonio domingues/id=b1701.60-per1-per2
1086:                ls$residencia/casais da misericordia
1087: 
1088:             mae$maria dias/id=b1701.60-per1-per3
1089: 
1090:             pad$manuel dias/id=b1701.60-per4
1091:                ls$residencia/casais da misericordia
1092: 
1093:             mad$ana/id=b1701.60-per5
1094: 
1095:                pmad$mateus dias/id=b1701.60-per6
1096:                   ls$residencia/casais da misericordia
1097: 
1098:       b$b1701.61/20/6/1701/0/0/0/jose pinto
1099: 
**** auto rels 2 STARTED.
   ** auto rel: from b1701.60-per1-per2 to b1701.60-per1 parentesco/pai
   ** auto rel: from b1701.60-per1-per3 to b1701.60-per1 parentesco/mae
   ** auto rel: from b1701.60-per1-per2 to b1701.60-per1-per3 parentesco/marido
   ** Automatic attribute: b1701.60-per1-per2/ec/c
   ** Automatic attribute: b1701.60-per1-per3/ec/c
** Processing act b$b1701.61
1100:          n$manuel/m/id=b1701.61-per1
1101: 
1102:             pai$joao coelho/id=b1701.61-per1-per2
1103:                ls$residencia/corujeira
1104: 
1105:             mae$maria simoes/id=b1701.61-per1-per3
1106: 
1107:             pad$manuel cardoso/id=b1701.61-per4
1108:                ls$residencia/paleao
1109: 
1110:             mad$antonia/id=b1701.61-per5
1111: 
1112:                pmad$simao luis/id=b1701.61-per6
1113:                   ls$residencia/casal da corujeira
1114: 
1115:       b$b1701.62/26/6/1701/0/0/0/manuel cordeiro
1116: 
**** auto rels 2 STARTED.
   ** auto rel: from b1701.61-per1-per2 to b1701.61-per1 parentesco/pai
   ** auto rel: from b1701.61-per1-per3 to b1701.61-per1 parentesco/mae
   ** auto rel: from b1701.61-per1-per2 to b1701.61-per1-per3 parentesco/marido
   ** Automatic attribute: b1701.61-per1-per2/ec/c
   ** Automatic attribute: b1701.61-per1-per3/ec/c
** Processing act b$b1701.62
1117:          n$joao/m/id=b1701.62-per1
1118: 
1119:             pai$francisco madeira/id=b1701.62-per1-per2
1120:                ls$residencia/casa velha
1121: 
1122:             mae$isabel da costa/id=b1701.62-per1-per3
1123: 
1124:             pad$joao simoes/id=bpad26061701
1125:                ls$residencia/vale da borra
1126: 
1127:             mad$antonia da costa/id=b1701.62-per4
1128:                rel$parentesco/mulher/joao simoes/bpad26061701
1129:                ls$freguesia/condeixa-a-nova
1130: 
1131:       b$b1701.63/26/6/1701/0/0/0/manuel rodrigues alvaro
1132: 
**** auto rels 2 STARTED.
   ** auto rel: from b1701.62-per1-per2 to b1701.62-per1 parentesco/pai
   ** auto rel: from b1701.62-per1-per3 to b1701.62-per1 parentesco/mae
   ** auto rel: from b1701.62-per1-per2 to b1701.62-per1-per3 parentesco/marido
   ** Automatic attribute: b1701.62-per1-per2/ec/c
   ** Automatic attribute: b1701.62-per1-per3/ec/c
** Processing act b$b1701.63
1133:          n$jose/m/id=b1701.63-per1
1134: 
1135:             pai$antonio mateus/id=b1701.63-per1-per2
1136:                ls$residencia/casal do pinheiro
1137: 
1138:             mae$esperanca simoes/id=b1701.63-per1-per3
1139: 
1140:             pad$manuel jorge/id=b1701.63-per4
1141:                ls$residencia/casal cimeiro, freguesia de figueiro do campo
1142:                ls$freguesia/figueiro do campo
1143: 
1144:             mad$isabel/id=b1701.63-per5
1145: 
1146:                pmad$manuel domingues/id=b1701.63-per6
1147:                   ls$residencia/leonel
1148: 
1149:       b$b1701.64/29/6/1701/0/0/0/jose pinto
1150: 
**** auto rels 2 STARTED.
   ** auto rel: from b1701.63-per1-per2 to b1701.63-per1 parentesco/pai
   ** auto rel: from b1701.63-per1-per3 to b1701.63-per1 parentesco/mae
   ** auto rel: from b1701.63-per1-per2 to b1701.63-per1-per3 parentesco/marido
   ** Automatic attribute: b1701.63-per1-per2/ec/c
   ** Automatic attribute: b1701.63-per1-per3/ec/c
** Processing act b$b1701.64
1151:          n$jacinta/f/id=b1701.64-per1
1152: 
1153:             pai$antonio rodrigues/id=b1701.64-per1-per2
1154:                ls$residencia/casal das brancas
1155: 
1156:             mae$maria goncalves/id=b1701.64-per1-per3
1157: 
1158:             pad$placido/id=b1701.64-per4
1159: 
1160:                ppad$paulo ribeiro cabral/mesmo_que=c24-7/id=b1701.64-per5
1161: 
1162:             mad$jacinta/id=b1701.64-per6
1163:                rel$parentesco/filha/paulo ribeiro cabral/c24-7
1164: 
1165:       b$b1701.65/10/7/1701/0/0/0/jose pinto
1166: 
**** auto rels 2 STARTED.
   ** auto rel: from b1701.64-per1-per2 to b1701.64-per1 parentesco/pai
   ** auto rel: from b1701.64-per1-per3 to b1701.64-per1 parentesco/mae
   ** auto rel: from b1701.64-per1-per2 to b1701.64-per1-per3 parentesco/marido
   ** Automatic attribute: b1701.64-per1-per2/ec/c
   ** Automatic attribute: b1701.64-per1-per3/ec/c
** Processing act b$b1701.65
1167:          n$caetana/f/id=b1701.65-per1
1168: 
1169:             pai$joao rodrigues/id=b1701.65-per1-per2
1170:                ls$residencia/quinta da cruz
1171: 
1172:             mae$luisa dos santos/id=b1701.65-per1-per3
1173: 
1174:             pad$lourenco/id=b1701.65-per4
1175: 
1176:                mpad$luisa/id=b1701.65-per5
1177:                   ls$titulo/dona
1178:                   ls$residencia/soure
1179: 
1180:             mad$caetana/id=b1701.65-per6
1181: 
1182:                pmad$manuel soares coelho/id=b1701.65-per7
1183:                   ls$residencia/soure
1184: 
1185:       b$b1701.66/12/7/1701/0/0/0/jose pinto
1186: 
**** auto rels 2 STARTED.
   ** auto rel: from b1701.65-per1-per2 to b1701.65-per1 parentesco/pai
   ** auto rel: from b1701.65-per1-per3 to b1701.65-per1 parentesco/mae
   ** auto rel: from b1701.65-per1-per2 to b1701.65-per1-per3 parentesco/marido
   ** Automatic attribute: b1701.65-per1-per2/ec/c
   ** Automatic attribute: b1701.65-per1-per3/ec/c
** Processing act b$b1701.66
1187:          n$jose/m/id=bn12061701
1188: 
1189:             pai$matias da costa/id=bpai12061701
1190:                ls$residencia/bonitos
1191: 
1192:             mae$maria rodrigues/id=bmae12061701
1193: 
1194:             pad$antonio coelho/id=b1701.66-per1
1195:                ls$residencia/bonitos
1196: 
1197:             mad$domingas goncalves/id=b1701.66-per2
1198: 
1199:                mrmad$manuel joao/id=b1701.66-per3
1200:                   ls$residencia/simoes
1201: 
1202:       b$b1701.67/12/7/1701/0/0/0/jose pinto
1203: 
**** auto rels 2 STARTED.
   ** auto rel: from bpai12061701 to bn12061701 parentesco/pai
   ** auto rel: from bmae12061701 to bn12061701 parentesco/mae
   ** auto rel: from bpai12061701 to bmae12061701 parentesco/marido
   ** Automatic attribute: bpai12061701/ec/c
   ** Automatic attribute: bmae12061701/ec/c
** Processing act b$b1701.67
1204:          n$isabel/f/id=b1701.67-per1
1205:             rel$parentesco/irma gemea/jose/bn12061701
1206: 
1207:             pai$matias da costa/mesmo_que=bpai12061701/id=b1701.67-per1-per2
1208:                ls$residencia/bonitos
1209: 
1210:             mae$maria rodrigues/mesmo_que=bmae12061701/id=b1701.67-per1-per3
1211: 
1212:             pad$tome dias/id=b1701.67-per4
1213:                ls$residencia/bonitos
1214: 
1215:             mad$isabel/id=b1701.67-per5
1216:                ls$ec/s
1217: 
1218:                pmad$antonio gomes/id=b1701.67-per6
1219:                   ls$residencia/bonitos
1220: *** End of File
0  errors.
**** auto rels 2 STARTED.
   ** auto rel: from b1701.67-per1-per2 to b1701.67-per1 parentesco/pai
   ** auto rel: from b1701.67-per1-per3 to b1701.67-per1 parentesco/mae
   ** auto rel: from b1701.67-per1-per2 to b1701.67-per1-per3 parentesco/marido
   ** Automatic attribute: b1701.67-per1-per2/ec/c
   ** Automatic attribute: b1701.67-per1-per3/ec/c
** Translation finished.
** data file- /Users/jrc/develop/mhk_users/soure/documents/baptismos/B1701.CLI
** original file- /Users/jrc/develop/mhk_users/soure/documents/baptismos/B1701.org
** old file- /Users/jrc/develop/mhk_users/soure/documents/baptismos/B1701.old
** original file- /Users/jrc/develop/mhk_users/soure/documents/baptismos/B1701.ids
