ClioInput - version 2019.A1 - build 507 15/07/2019 21:58 
7-4-2020 15-57

Processing data file b1707.cli
-------------------------------------------
Generic Act translation module with geoentities (XML).
     Joaquim Ramos de Carvalho (joaquim@uc.pt) 
** New document: kleio
=========================
kleio translation started
=========================
Structure: gacto.str
Prefix: 
Autorel: 
Translation count: 3
Obs: 
** Processing source fonte$baptismos 1707
6: b$b1707.1
23: b$b1707.2
42: b$b1707.3
59: b$b1707.4
72: b$b1707.5
89: b$b1707.6
108: b$b1707.7
123: b$b1707.8
139: b$b1707.9
154: b$b1707.10
173: b$b1707.11
194: b$b1707.12
211: b$b1707.13
228: b$b1707.14
245: b$b1707.15
262: b$b1707.16
279: b$b1707.17
296: b$b1707.18
314: b$b1707.19
329: b$b1707.20
346: b$b1707.21
364: b$b1707.22
385: b$b1707.23
403: b$b1707.24
421: b$b1707.25
438: b$b1707.26
456: b$b1707.27
477: b$b1707.28
492: b$b1707.29
510: b$b1707.30
526: b$b1707.31
543: b$b1707.32
560: b$b1707.33
578: b$b1707.34
595: b$b1707.35
612: b$b1707.36
629: b$b1707.37
646: b$b1707.38
660: b$b1707.39
677: b$b1707.40
695: b$b1707.41
711: b$b1707.42
731: b$b1707.43
749: b$b1707.44
766: b$b1707.45
783: b$b1707.46
800: b$b1707.47
813: b$b1707.48
831: b$b1707.49
848: b$b1707.50
871: b$b1707.51
888: b$b1707.52
903: b$b1707.53
919: b$b1707.54
936: b$b1707.55
953: b$b1707.56
970: b$b1707.57
987: b$b1707.58
1002: b$b1707.59
1015: b$b1707.60
1030: b$b1707.61
1047: b$b1707.62
1067: b$b1707.63
1084: b$b1707.64
1098: b$b1707.65
1114: b$b1707.66
1132: b$b1707.67
1150: b$b1707.68
1167: b$b1707.69
1186: b$b1707.70
1204: b$b1707.71
1222: b$b1707.72
1239: b$b1707.73
1257: b$b1707.74
1274: b$b1707.75
1290: b$b1707.76
1305: b$b1707.77
1319: b$b1707.78
1335: b$b1707.79
1349: b$b1707.80
1364: b$b1707.81
1375: b$b1707.82
1390: b$b1707.83
1406: b$b1707.84
1422: b$b1707.85
1439: b$b1707.86
1456: b$b1707.87
*** End of File
** Processed file- /kleio-home/sources/soure-fontes/sources/soure_fase1/baptismos/b1707.cli
** Original file- /kleio-home/sources/soure-fontes/sources/soure_fase1/baptismos/b1707.org
** Previous version- /kleio-home/sources/soure-fontes/sources/soure_fase1/baptismos/b1707.old
** Temp file with ids- /kleio-home/sources/soure-fontes/sources/soure_fase1/baptismos/b1707.ids
0  errors. 
0  warnings.
Translation finished.
