ClioInput - version 2019.A1 - build 507 15/07/2019 21:58 
18-2-2020 16-29

Processing data file b1708.cli
-------------------------------------------
Generic Act translation module with geoentities (XML).
     Joaquim Ramos de Carvalho (joaquim@uc.pt) 
** New document: kleio
=========================
kleio translation started
=========================
Structure: gacto.str
Prefix: 
Autorel: 
Translation count: 1
Obs: 
** Processing source fonte$baptismos 1708
6: b$b1708.1
25: b$b1708.2
38: b$b1708.3
55: b$b1708.4
71: b$b1708.5
88: b$b1708.6
103: b$b1708.7
118: b$b1708.8
137: b$b1708.9
153: b$b1708.10
165: b$b1708.11
182: b$b1708.12
205: b$b1708.13
221: b$b1708.14
239: b$b1708.15
257: b$b1708.16
274: b$b1708.17
291: b$b1708.18
309: b$b1708.19
323: b$b1708.20
342: b$b1708.21
363: b$b1708.22
378: b$b1708.23
394: b$b1708.24
410: b$b1708.25
427: b$b1708.26
443: b$b1708.27
459: b$b1708.28
474: b$b1708.29
488: b$b1708.30
500: b$b1708.31
519: b$b1708.32
531: b$b1708.33
550: b$b1708.34
567: b$b1708.35
585: b$b1708.36
602: b$b1708.37
618: b$b1708.38
632: b$b1708.39
652: b$b1708.40
670: b$b1708.41
684: b$b1708.42
703: b$b1708.43
720: b$b1708.44
737: b$b1708.45
753: b$b1708.46
768: b$b1708.47
785: b$b1708.48
799: b$b1708.49
816: b$b1708.50
833: b$b1708.51
853: b$b1708.52
869: b$b1708.53
886: b$b1708.54
902: b$b1708.55
917: b$b1708.56
934: b$b1708.57
951: b$b1708.58
970: b$b1708.59
988: b$b1708.60
1007: b$b1708.61
1025: b$b1708.62
1042: b$b1708.63
1058: b$b1708.64
1075: b$b1708.65
1095: b$b1708.66
1114: b$b1708.67
1131: b$b1708.68
1147: b$b1708.69
1164: b$b1708.70
1181: b$b1708.71
1198: b$b1708.72
1212: b$b1708.73
1229: b$b1708.74
1246: b$b1708.75
1264: b$b1708.76
1282: b$b1708.77
1299: b$b1708.78
1315: b$b1708.79
1332: b$b1708.80
1346: b$b1708.81
1364: b$b1708.82
1382: b$b1708.83
1400: b$b1708.84
1417: b$b1708.85
1434: b$b1708.86
1454: b$b1708.87
1469: b$b1708.88
1487: b$b1708.89
1502: b$b1708.90
1520: b$b1708.91
1538: b$b1708.92
1555: b$b1708.93
1572: b$b1708.94
1589: b$b1708.95
1604: b$b1708.96
1621: b$b1708.97
1637: b$b1708.98
1652: b$b1708.99
1671: b$b1708.100
*** End of File

WARNING: b1708.cli line 32  "SAME AS" TO EXTERNAL REFERENCE EXPORTED (gpereira) CHECK IF IT EXISTS BEFORE IMPORTING THIS FILE.
Near lines: 32 Near line: 33 

WARNING: b1708.cli line 62  "SAME AS" TO EXTERNAL REFERENCE EXPORTED (peiro) CHECK IF IT EXISTS BEFORE IMPORTING THIS FILE.
Near lines: 62 Near line: 63 

WARNING: b1708.cli line 68  "SAME AS" TO EXTERNAL REFERENCE EXPORTED (sgoncalves) CHECK IF IT EXISTS BEFORE IMPORTING THIS FILE.
Near lines: 68 Near line: 69 

WARNING: b1708.cli line 111  "SAME AS" TO EXTERNAL REFERENCE EXPORTED (mscoelho) CHECK IF IT EXISTS BEFORE IMPORTING THIS FILE.
Near lines: 111 Near line: 112 

WARNING: b1708.cli line 115  "SAME AS" TO EXTERNAL REFERENCE EXPORTED (lmabreu) CHECK IF IT EXISTS BEFORE IMPORTING THIS FILE.
Near lines: 115 Near line: 116 

WARNING: b1708.cli line 150  "SAME AS" TO EXTERNAL REFERENCE EXPORTED (lmabreu) CHECK IF IT EXISTS BEFORE IMPORTING THIS FILE.
Near lines: 150 Near line: 151 

WARNING: b1708.cli line 173  "SAME AS" TO EXTERNAL REFERENCE EXPORTED (c17-7-luis) CHECK IF IT EXISTS BEFORE IMPORTING THIS FILE.
Near lines: 173 Near line: 174 

WARNING: b1708.cli line 175  "SAME AS" TO EXTERNAL REFERENCE EXPORTED (c17-7) CHECK IF IT EXISTS BEFORE IMPORTING THIS FILE.
Near lines: 175 Near line: 176 

WARNING: b1708.cli line 194  "SAME AS" TO EXTERNAL REFERENCE EXPORTED (lmabreu) CHECK IF IT EXISTS BEFORE IMPORTING THIS FILE.
Near lines: 194 Near line: 195 

WARNING: b1708.cli line 246  "SAME AS" TO EXTERNAL REFERENCE EXPORTED (c104-7) CHECK IF IT EXISTS BEFORE IMPORTING THIS FILE.
Near lines: 246 Near line: 247 

WARNING: b1708.cli line 311  "SAME AS" TO EXTERNAL REFERENCE EXPORTED (mscoelho) CHECK IF IT EXISTS BEFORE IMPORTING THIS FILE.
Near lines: 311 Near line: 312 

WARNING: b1708.cli line 316  "SAME AS" TO EXTERNAL REFERENCE EXPORTED (gpereira) CHECK IF IT EXISTS BEFORE IMPORTING THIS FILE.
Near lines: 316 Near line: 317 

WARNING: b1708.cli line 320  "SAME AS" TO EXTERNAL REFERENCE EXPORTED (c24-7-cec) CHECK IF IT EXISTS BEFORE IMPORTING THIS FILE.
Near lines: 320 Near line: 321 

WARNING: b1708.cli line 434  "SAME AS" TO EXTERNAL REFERENCE EXPORTED (c17-7) CHECK IF IT EXISTS BEFORE IMPORTING THIS FILE.
Near lines: 434 Near line: 435 

WARNING: b1708.cli line 440  "SAME AS" TO EXTERNAL REFERENCE EXPORTED (anagasp) CHECK IF IT EXISTS BEFORE IMPORTING THIS FILE.
Near lines: 440 Near line: 441 

WARNING: b1708.cli line 456  "SAME AS" TO EXTERNAL REFERENCE EXPORTED (sgoncalves) CHECK IF IT EXISTS BEFORE IMPORTING THIS FILE.
Near lines: 456 Near line: 457 

WARNING: b1708.cli line 485  "SAME AS" TO EXTERNAL REFERENCE EXPORTED (c24-7-cec) CHECK IF IT EXISTS BEFORE IMPORTING THIS FILE.
Near lines: 485 Near line: 486 

WARNING: b1708.cli line 510  "SAME AS" TO EXTERNAL REFERENCE EXPORTED (c12-8) CHECK IF IT EXISTS BEFORE IMPORTING THIS FILE.
Near lines: 510 Near line: 511 

WARNING: b1708.cli line 526  "SAME AS" TO EXTERNAL REFERENCE EXPORTED (gpereira) CHECK IF IT EXISTS BEFORE IMPORTING THIS FILE.
Near lines: 526 Near line: 527 

WARNING: b1708.cli line 678  "SAME AS" TO EXTERNAL REFERENCE EXPORTED (c104-7) CHECK IF IT EXISTS BEFORE IMPORTING THIS FILE.
Near lines: 678 Near line: 679 

WARNING: b1708.cli line 730  "SAME AS" TO EXTERNAL REFERENCE EXPORTED (c6-7) CHECK IF IT EXISTS BEFORE IMPORTING THIS FILE.
Near lines: 730 Near line: 731 

WARNING: b1708.cli line 745  "SAME AS" TO EXTERNAL REFERENCE EXPORTED (c24-7) CHECK IF IT EXISTS BEFORE IMPORTING THIS FILE.
Near lines: 745 Near line: 746 

WARNING: b1708.cli line 763  "SAME AS" TO EXTERNAL REFERENCE EXPORTED (c12-8) CHECK IF IT EXISTS BEFORE IMPORTING THIS FILE.
Near lines: 763 Near line: 764 

WARNING: b1708.cli line 765  "SAME AS" TO EXTERNAL REFERENCE EXPORTED (c119-9-fran) CHECK IF IT EXISTS BEFORE IMPORTING THIS FILE.
Near lines: 765 Near line: 766 

WARNING: b1708.cli line 777  "SAME AS" TO EXTERNAL REFERENCE EXPORTED (anagasp) CHECK IF IT EXISTS BEFORE IMPORTING THIS FILE.
Near lines: 777 Near line: 778 

WARNING: b1708.cli line 793  "SAME AS" TO EXTERNAL REFERENCE EXPORTED (c24-7) CHECK IF IT EXISTS BEFORE IMPORTING THIS FILE.
Near lines: 793 Near line: 794 

WARNING: b1708.cli line 1002  "SAME AS" TO EXTERNAL REFERENCE EXPORTED (plribeiro) CHECK IF IT EXISTS BEFORE IMPORTING THIS FILE.
Near lines: 1002 Near line: 1003 

WARNING: b1708.cli line 1206  "SAME AS" TO EXTERNAL REFERENCE EXPORTED (c12-8) CHECK IF IT EXISTS BEFORE IMPORTING THIS FILE.
Near lines: 1206 Near line: 1207 

WARNING: b1708.cli line 1340  "SAME AS" TO EXTERNAL REFERENCE EXPORTED (c24-7) CHECK IF IT EXISTS BEFORE IMPORTING THIS FILE.
Near lines: 1340 Near line: 1341 

WARNING: b1708.cli line 1581  "SAME AS" TO EXTERNAL REFERENCE EXPORTED (c17-7-anta) CHECK IF IT EXISTS BEFORE IMPORTING THIS FILE.
Near lines: 1581 Near line: 1582 

WARNING: b1708.cli line 1584  "SAME AS" TO EXTERNAL REFERENCE EXPORTED (c17-7) CHECK IF IT EXISTS BEFORE IMPORTING THIS FILE.
Near lines: 1584 Near line: 1585 

WARNING: b1708.cli line 1596  "SAME AS" TO EXTERNAL REFERENCE EXPORTED (plribeiro) CHECK IF IT EXISTS BEFORE IMPORTING THIS FILE.
Near lines: 1596 Near line: 1597 

WARNING: b1708.cli line 1629  "SAME AS" TO EXTERNAL REFERENCE EXPORTED (c104-7) CHECK IF IT EXISTS BEFORE IMPORTING THIS FILE.
Near lines: 1629 Near line: 1630 

WARNING: b1708.cli line 1645  "SAME AS" TO EXTERNAL REFERENCE EXPORTED (peiro) CHECK IF IT EXISTS BEFORE IMPORTING THIS FILE.
Near lines: 1645 Near line: 1646 

WARNING: b1708.cli line 1649  "SAME AS" TO EXTERNAL REFERENCE EXPORTED (lmabreu) CHECK IF IT EXISTS BEFORE IMPORTING THIS FILE.
Near lines: 1649 Near line: 1650 

WARNING: b1708.cli line 1654  "SAME AS" TO EXTERNAL REFERENCE EXPORTED (lmabreu) CHECK IF IT EXISTS BEFORE IMPORTING THIS FILE.
Near lines: 1654 Near line: 1655 

WARNING: b1708.cli line 1679  "SAME AS" TO EXTERNAL REFERENCE EXPORTED (c6-7-rod) CHECK IF IT EXISTS BEFORE IMPORTING THIS FILE.
Near lines: 1679 Near line: 1680 
** Processed file- /kleio-home/sources/soure/soure-sources/sources/soure_fase1/baptismos/b1708.cli
** Original file- /kleio-home/sources/soure/soure-sources/sources/soure_fase1/baptismos/b1708.org
** Previous version- /kleio-home/sources/soure/soure-sources/sources/soure_fase1/baptismos/b1708.old
** Temp file with ids- /kleio-home/sources/soure/soure-sources/sources/soure_fase1/baptismos/b1708.ids
0  errors. 
37  warnings.
Translation finished.
