ClioInput - version 2019.A1 - build 507 15/07/2019 21:58 
7-4-2020 15-55

Processing data file b1704.cli
-------------------------------------------
Generic Act translation module with geoentities (XML).
     Joaquim Ramos de Carvalho (joaquim@uc.pt) 
** New document: kleio
=========================
kleio translation started
=========================
Structure: gacto.str
Prefix: 
Autorel: 
Translation count: 3
Obs: 
** Processing source fonte$baptismos 1704
6: b$b1704.1
23: b$b1704.2
38: b$b1704.3
53: b$b1704.4
77: b$b1704.5
97: b$b1704.6
114: b$b1704.7
133: b$b1704.8
151: b$b1704.9
166: b$b1704.10
185: b$b1704.11
204: b$b1704.12
219: b$b1704.13
235: b$b1704.14
253: b$b1704.15
270: b$b1704.16
288: b$b1704.17
304: b$b1704.18
320: b$b1704.19
339: b$b1704.20
358: b$b1704.21
372: b$b1704.22
392: b$b1704.23
410: b$b1704.24
429: b$b1704.25
446: b$b1704.26
467: b$b1704.27
482: b$b1704.28
500: b$b1704.29
517: b$b1704.30
534: b$b1704.31
549: b$b1704.32
568: b$b1704.33
583: b$b1704.34
594: b$b1704.35
612: b$b1704.36
631: b$b1704.37
646: b$b1704.38
664: b$b1704.39
683: b$b1704.40
699: b$b1704.41
719: b$b1704.42
736: b$b1704.43
754: b$b1704.44
774: b$b1704.45
791: b$b1704.46
808: b$b1704.47
828: b$b1704.48
838: b$b1704.49
856: b$b1704.50
870: b$b1704.51
887: b$b1704.52
905: b$b1704.53
928: b$b1704.54
944: b$b1704.55
960: b$b1704.56
975: b$b1704.57
999: b$b1704.58
1018: b$b1704.59
1041: b$b1704.60
1059: b$b1704.61
1076: b$b1704.62
1093: b$b1704.63
1110: b$b1704.64
1129: b$b1704.65
1146: b$b1704.66
1163: b$b1704.67
1179: b$b1704.68
1196: b$b1704.69
1214: b$b1704.70
1231: b$b1704.71
1250: b$b1704.72
1269: b$b1704.73
1292: b$b1704.74
1310: b$b1704.75
1327: b$b1704.76
1345: b$b1704.77
1363: b$b1704.78
1378: b$b1704.79
1395: b$b1704.80
1413: b$b1704.81
1430: b$b1704.82
1451: b$b1704.83
1468: b$b1704.84
1485: b$b1704.85
1502: b$b1704.86
1519: b$b1704.87
1537: b$b1704.88
1555: b$b1704.89
1569: b$b1704.90
1586: b$b1704.91
1603: b$b1704.92
1627: b$b1704.93
1645: b$b1704.94
1661: b$b1704.95
1681: b$b1704.96
1698: b$b1704.97
1716: b$b1704.98
1732: b$b1704.99
1744: b$b1704.100
1766: b$b1704.101
1782: b$b1704.102
*** End of File
** Processed file- /kleio-home/sources/soure-fontes/sources/soure_fase1/baptismos/b1704.cli
** Original file- /kleio-home/sources/soure-fontes/sources/soure_fase1/baptismos/b1704.org
** Previous version- /kleio-home/sources/soure-fontes/sources/soure_fase1/baptismos/b1704.old
** Temp file with ids- /kleio-home/sources/soure-fontes/sources/soure_fase1/baptismos/b1704.ids
0  errors. 
0  warnings.
Translation finished.
