ClioInput - version 2019.A1 - build 507 15/07/2019 21:58 
16-2-2020 21-52

Processing data file b1700.cli
-------------------------------------------
Generic Act translation module with geoentities (XML).
     Joaquim Ramos de Carvalho (joaquim@uc.pt) 
** New document: kleio
=========================
kleio translation started
=========================
Structure: gacto.str
Prefix: 
Autorel: 
Translation count: 1
Obs: 
** Processing source fonte$baptismos 1700
6: b$b1700.1
25: b$b1700.2
43: b$b1700.3
60: b$b1700.4
75: b$b1700.5
92: b$b1700.6
111: b$b1700.7
128: b$b1700.8
146: b$b1700.9
167: b$b1700.10
184: b$b1700.11
201: b$b1700.12
218: b$b1700.13
233: b$b1700.14
252: b$b1700.15
270: b$b1700.16
288: b$b1700.17
305: b$b1700.18
320: b$b1700.19
337: b$b1700.20
351: b$b1700.21
366: b$b1700.22
382: b$b1700.23
399: b$b1700.24
416: b$b1700.25
434: b$b1700.26
449: b$b1700.27
467: b$b1700.28
493: b$b1700.29
512: b$b1700.30
528: b$b1700.31
547: b$b1700.32
563: b$b1700.33
581: b$b1700.34
598: b$b1700.35
613: b$b1700.36
628: b$b1700.37
645: b$b1700.38
658: b$b1700.39
673: b$b1700.40
693: b$b1700.41
710: b$b1700.42
728: b$b1700.43
746: b$b1700.44
764: b$b1700.45
781: b$b1700.46
798: b$b1700.47
816: b$b1700.48
834: b$b1700.49
849: b$b1700.50
866: b$b1700.51
884: b$b1700.52
900: b$b1700.53
919: b$b1700.54
936: b$b1700.55
956: b$b1700.56
973: b$b1700.57
988: b$b1700.58
1005: b$b1700.59
1025: b$b1700.60
1042: b$b1700.61
1059: b$b1700.62
1071: b$b1700.63
1099: b$b1700.64
1114: b$b1700.65
1131: b$b1700.66
1149: b$b1700.67
1167: b$b1700.68
1185: b$b1700.69
1202: b$b1700.70
1225: b$b1700.71
1242: b$b1700.72
1259: b$b1700.73
1277: b$b1700.74
1295: b$b1700.75
1318: b$b1700.76
1333: b$b1700.77
1351: b$b1700.78
1366: b$b1700.79
1384: b$b1700.80
1408: b$b1700.81
1425: b$b1700.82
1442: b$b1700.83
1460: b$b1700.84
1478: b$b1700.85
1494: b$b1700.86
1516: b$b1700.87
1531: b$b1700.88
*** End of File

WARNING: b1700.cli line 87  "SAME AS" TO EXTERNAL REFERENCE EXPORTED (sgoncalves) CHECK IF IT EXISTS BEFORE IMPORTING THIS FILE.
Near lines: 87 Near line: 88 

WARNING: b1700.cli line 140  "SAME AS" TO EXTERNAL REFERENCE EXPORTED (c2-7) CHECK IF IT EXISTS BEFORE IMPORTING THIS FILE.
Near lines: 140 Near line: 141 

WARNING: b1700.cli line 247  "SAME AS" TO EXTERNAL REFERENCE EXPORTED (sgoncalves) CHECK IF IT EXISTS BEFORE IMPORTING THIS FILE.
Near lines: 247 Near line: 248 

WARNING: b1700.cli line 312  "SAME AS" TO EXTERNAL REFERENCE EXPORTED (c24-7) CHECK IF IT EXISTS BEFORE IMPORTING THIS FILE.
Near lines: 312 Near line: 313 

WARNING: b1700.cli line 345  "SAME AS" TO EXTERNAL REFERENCE EXPORTED (c6-7) CHECK IF IT EXISTS BEFORE IMPORTING THIS FILE.
Near lines: 345 Near line: 346 

WARNING: b1700.cli line 358  "SAME AS" TO EXTERNAL REFERENCE EXPORTED (c24-7) CHECK IF IT EXISTS BEFORE IMPORTING THIS FILE.
Near lines: 358 Near line: 359 

WARNING: b1700.cli line 374  "SAME AS" TO EXTERNAL REFERENCE EXPORTED (c104-7) CHECK IF IT EXISTS BEFORE IMPORTING THIS FILE.
Near lines: 374 Near line: 375 

WARNING: b1700.cli line 390  "SAME AS" TO EXTERNAL REFERENCE EXPORTED (sgoncalves) CHECK IF IT EXISTS BEFORE IMPORTING THIS FILE.
Near lines: 390 Near line: 391 

WARNING: b1700.cli line 442  "SAME AS" TO EXTERNAL REFERENCE EXPORTED (c6-7) CHECK IF IT EXISTS BEFORE IMPORTING THIS FILE.
Near lines: 442 Near line: 443 

WARNING: b1700.cli line 446  "SAME AS" TO EXTERNAL REFERENCE EXPORTED (peiro) CHECK IF IT EXISTS BEFORE IMPORTING THIS FILE.
Near lines: 446 Near line: 447 

WARNING: b1700.cli line 457  "SAME AS" TO EXTERNAL REFERENCE EXPORTED (c6-7) CHECK IF IT EXISTS BEFORE IMPORTING THIS FILE.
Near lines: 457 Near line: 458 

WARNING: b1700.cli line 470  "SAME AS" TO EXTERNAL REFERENCE EXPORTED (c1-1) CHECK IF IT EXISTS BEFORE IMPORTING THIS FILE.
Near lines: 470 Near line: 471 

WARNING: b1700.cli line 486  "SAME AS" TO EXTERNAL REFERENCE EXPORTED (c1-7) CHECK IF IT EXISTS BEFORE IMPORTING THIS FILE.
Near lines: 486 Near line: 487 

WARNING: b1700.cli line 523  "SAME AS" TO EXTERNAL REFERENCE EXPORTED (sgoncalves) CHECK IF IT EXISTS BEFORE IMPORTING THIS FILE.
Near lines: 523 Near line: 524 

WARNING: b1700.cli line 555  "SAME AS" TO EXTERNAL REFERENCE EXPORTED (c17-7) CHECK IF IT EXISTS BEFORE IMPORTING THIS FILE.
Near lines: 555 Near line: 556 

WARNING: b1700.cli line 620  "SAME AS" TO EXTERNAL REFERENCE EXPORTED (sgoncalves) CHECK IF IT EXISTS BEFORE IMPORTING THIS FILE.
Near lines: 620 Near line: 621 

WARNING: b1700.cli line 647  "SAME AS" TO EXTERNAL REFERENCE EXPORTED (c6-7) CHECK IF IT EXISTS BEFORE IMPORTING THIS FILE.
Near lines: 647 Near line: 648 

WARNING: b1700.cli line 720  "SAME AS" TO EXTERNAL REFERENCE EXPORTED (c24-7) CHECK IF IT EXISTS BEFORE IMPORTING THIS FILE.
Near lines: 720 Near line: 721 

WARNING: b1700.cli line 795  "SAME AS" TO EXTERNAL REFERENCE EXPORTED (c119-9) CHECK IF IT EXISTS BEFORE IMPORTING THIS FILE.
Near lines: 795 Near line: 796 

WARNING: b1700.cli line 841  "SAME AS" TO EXTERNAL REFERENCE EXPORTED (c119-9) CHECK IF IT EXISTS BEFORE IMPORTING THIS FILE.
Near lines: 841 Near line: 842 

WARNING: b1700.cli line 873  "SAME AS" TO EXTERNAL REFERENCE EXPORTED (c104-7) CHECK IF IT EXISTS BEFORE IMPORTING THIS FILE.
Near lines: 873 Near line: 874 

WARNING: b1700.cli line 897  "SAME AS" TO EXTERNAL REFERENCE EXPORTED (c24-7) CHECK IF IT EXISTS BEFORE IMPORTING THIS FILE.
Near lines: 897 Near line: 898 

WARNING: b1700.cli line 1066  "SAME AS" TO EXTERNAL REFERENCE EXPORTED (c2-7) CHECK IF IT EXISTS BEFORE IMPORTING THIS FILE.
Near lines: 1066 Near line: 1067 

WARNING: b1700.cli line 1177  "SAME AS" TO EXTERNAL REFERENCE EXPORTED (sgoncalves) CHECK IF IT EXISTS BEFORE IMPORTING THIS FILE.
Near lines: 1177 Near line: 1178 

WARNING: b1700.cli line 1204  "SAME AS" TO EXTERNAL REFERENCE EXPORTED (c180-7) CHECK IF IT EXISTS BEFORE IMPORTING THIS FILE.
Near lines: 1204 Near line: 1205 

WARNING: b1700.cli line 1219  "SAME AS" TO EXTERNAL REFERENCE EXPORTED (lap) CHECK IF IT EXISTS BEFORE IMPORTING THIS FILE.
Near lines: 1219 Near line: 1220 

WARNING: b1700.cli line 1485  "SAME AS" TO EXTERNAL REFERENCE EXPORTED (c17-7) CHECK IF IT EXISTS BEFORE IMPORTING THIS FILE.
Near lines: 1485 Near line: 1486 

WARNING: b1700.cli line 1491  "SAME AS" TO EXTERNAL REFERENCE EXPORTED (sgoncalves) CHECK IF IT EXISTS BEFORE IMPORTING THIS FILE.
Near lines: 1491 Near line: 1492 

WARNING: b1700.cli line 1510  "SAME AS" TO EXTERNAL REFERENCE EXPORTED (c113-7) CHECK IF IT EXISTS BEFORE IMPORTING THIS FILE.
Near lines: 1510 Near line: 1511 
** Processed file- /kleio-home/sources/soure/soure-sources/sources/soure_fase1/baptismos/b1700.cli
** Original file- /kleio-home/sources/soure/soure-sources/sources/soure_fase1/baptismos/b1700.org
** Previous version- /kleio-home/sources/soure/soure-sources/sources/soure_fase1/baptismos/b1700.old
** Temp file with ids- /kleio-home/sources/soure/soure-sources/sources/soure_fase1/baptismos/b1700.ids
0  errors. 
29  warnings.
Translation finished.
