ClioInput - version 2019.A1 - build 507 15/07/2019 21:58 
7-4-2020 15-54

Processing data file b1702.cli
-------------------------------------------
Generic Act translation module with geoentities (XML).
     Joaquim Ramos de Carvalho (joaquim@uc.pt) 
** New document: kleio
=========================
kleio translation started
=========================
Structure: gacto.str
Prefix: 
Autorel: 
Translation count: 3
Obs: 
** Processing source fonte$baptismos 1702
6: b$b1702.1
23: b$b1702.2
40: b$b1702.3
55: b$b1702.4
74: b$b1702.5
91: b$b1702.6
109: b$b1702.7
126: b$b1702.8
138: b$b1702.9
155: b$b1702.10
172: b$b1702.11
188: b$b1702.12
205: b$b1702.13
224: b$b1702.14
243: b$b1702.15
262: b$b1702.16
279: b$b1702.17
296: b$b1702.18
314: b$b1702.19
333: b$b1702.20
350: b$b1702.21
368: b$b1702.22
384: b$b1702.23
402: b$b1702.24
424: b$b1702.25
441: b$b1702.26
459: b$b1702.27
474: b$b1702.28
491: b$b1702.29
508: b$b1702.30
525: b$b1702.31
541: b$b1702.32
559: b$b1702.33
576: b$b1702.34
596: b$b1702.35
613: b$b1702.36
630: b$b1702.37
647: b$b1702.38
664: b$b1702.39
681: b$b1702.40
696: b$b1702.41
714: b$b1702.42
730: b$b1702.43
748: b$b1702.44
763: b$b1702.45
780: b$b1702.46
797: b$b1702.47
815: b$b1702.48
834: b$b1702.49
852: b$b1702.50
871: b$b1702.51
887: b$b1702.52
902: b$b1702.53
923: b$b1702.54
941: b$b1702.55
960: b$b1702.56
975: b$b1702.57
991: b$b1702.58
1006: b$b1702.59
1023: b$b1702.60
1039: b$b1702.61
1056: b$b1702.62
1073: b$b1702.63
1090: b$b1702.64
1108: b$b1702.65
1127: b$b1702.66
1144: b$b1702.67
1163: b$b1702.68
1182: b$b1702.69
1199: b$b1702.70
1218: b$b1702.71
1235: b$b1702.72
1253: b$b1702.73
1274: b$b1702.74
1290: b$b1702.75
1310: b$b1702.76
1329: b$b1702.77
1349: b$b1702.78
1366: b$b1702.79
1381: b$b1702.80
1396: b$b1702.81
1411: b$b1702.82
1427: b$b1702.83
1446: b$b1702.84
1462: b$b1702.85
1479: b$b1702.86
1501: b$b1702.87
1517: b$b1702.88
1536: b$b1702.89
1544: b$b1702.90
1561: b$b1702.91
1576: b$b1702.92
1593: b$b1702.93
1610: b$b1702.94
1627: b$b1702.95
1644: b$b1702.96
1663: b$b1702.97
1678: b$b1702.98
1695: b$b1702.99
1710: b$b1702.100
1730: b$b1702.101
1746: b$b1702.102
1763: b$b1702.103
1783: b$b1702.104
1800: b$b1702.105
1817: b$b1702.106
1837: b$b1702.107
1852: b$b1702.108
1872: b$b1702.109
1889: b$b1702.110
1903: b$b1702.111
1922: b$b1702.112
1947: b$b1702.113
1965: b$b1702.114
1982: b$b1702.115
2000: b$b1702.116
2020: b$b1702.117
*** End of File
** Processed file- /kleio-home/sources/soure-fontes/sources/soure_fase1/baptismos/b1702.cli
** Original file- /kleio-home/sources/soure-fontes/sources/soure_fase1/baptismos/b1702.org
** Previous version- /kleio-home/sources/soure-fontes/sources/soure_fase1/baptismos/b1702.old
** Temp file with ids- /kleio-home/sources/soure-fontes/sources/soure_fase1/baptismos/b1702.ids
0  errors. 
0  warnings.
Translation finished.
