ClioInput - version 2019.A1 - build 507 15/07/2019 21:58 
9-2-2020 15-41

Processing data file b1703.cli
-------------------------------------------
Generic Act translation module with geoentities (XML).
     Joaquim Ramos de Carvalho (joaquim@uc.pt) 
** New document: kleio
=========================
kleio translation started
=========================
Structure: gacto.str
Prefix: 
Autorel: 
Translation count: 1
Obs: 
** Processing source fonte$baptismos 1703
6: b$b1703.1

WARNING: b1703.cli line 15 destination id of "same as" not found. Will check again at the end of file.
Near lines: 15 
Near line: 16             mad$arcangela/id=b1703.1-per5

24: b$b1703.2

WARNING: b1703.cli line 31 destination id of "same as" not found. Will check again at the end of file.
Near lines: 31             pad$sebastiao goncalves/mesmo_que=sgoncalves/id=b1703.2-per4
Near line: 32                ls$residencia/soure

39: b$b1703.3

WARNING: b1703.cli line 46 destination id of "same as" not found. Will check again at the end of file.
Near lines: 46             pad$luis alvares pinto/mesmo_que=lap/id=b1703.3-per4
Near line: 47                ls$titulo/frei


WARNING: b1703.cli line 53 destination id of "same as" not found. Will check again at the end of file.
Near lines: 53 
Near line: 54             referido$placido/id=c24-7-plac

59: b$b1703.4
76: b$b1703.5
92: b$b1703.6
107: b$b1703.7
123: b$b1703.8

WARNING: b1703.cli line 133 destination id of "same as" not found. Will check again at the end of file.
Near lines: 133                ppad$paulo ribeiro cabral/mesmo_que=c24-7/id=b1703.8-per5
Near line: 134                   ls$nome/paulo ribeiro

147: b$b1703.9

WARNING: b1703.cli line 162 destination id of "same as" not found. Will check again at the end of file.
Near lines: 162 
Near line: 163             referido$alexandre mendes/id=br01021703

169: b$b1703.10
184: b$b1703.11
200: b$b1703.12
216: b$b1703.13

WARNING: b1703.cli line 223 destination id of "same as" not found. Will check again at the end of file.
Near lines: 223             pad$jose pinto/mesmo_que=jpinto/id=b1703.13-per4
Near line: 224                ls$residencia/soure

232: b$b1703.14
249: b$b1703.15
265: b$b1703.16

WARNING: b1703.cli line 267 destination id of "same as" not found. Will check again at the end of file.
Near lines: 267             pai$jose da cunha e sa/mesmo_que=c180-7/id=b1703.16-per1-per2
Near line: 268                ls$residencia/quinta do sobral

279: b$b1703.17
295: b$b1703.18
310: b$b1703.19
327: b$b1703.20
343: b$b1703.21
360: b$b1703.22

WARNING: b1703.cli line 362 destination id of "same as" not found. Will check again at the end of file.
Near lines: 362             pai$manuel homem de quadros/mesmo_que=c6-7/id=b1703.22-per1-per2
Near line: 363                ls$residencia/soure


WARNING: b1703.cli line 371 destination id of "same as" not found. Will check again at the end of file.
Near lines: 371                ppad$antonio de meneses/mesmo_que=c113-7/id=b1703.22-per5
Near line: 372                   ls$titulo/dom


WARNING: b1703.cli line 378 destination id of "same as" not found. Will check again at the end of file.
Near lines: 378 
Near line: 379       b$b1703.23/7/3/1703/0/0/0/manuel martins

381: b$b1703.23
405: b$b1703.24
422: b$b1703.25
439: b$b1703.26
457: b$b1703.27

WARNING: b1703.cli line 474 destination id of "same as" not found. Will check again at the end of file.
Near lines: 474             referido$pedro de eiro matoso/mesmo_que=peiro/id=b1703.27-per4
Near line: 475                rel$sociabilidade/procurador em baptismo/maria da encarnacao/bmad14031703

479: b$b1703.28
494: b$b1703.29
514: b$b1703.30
532: b$b1703.31
549: b$b1703.32
565: b$b1703.33
582: b$b1703.34

WARNING: b1703.cli line 589 destination id of "same as" not found. Will check again at the end of file.
Near lines: 589             pad$joao da costa de vasconcelos/mesmo_que=c12-7/id=b1703.34-per4
Near line: 590                ls$residencia/soure

599: b$b1703.35
618: b$b1703.36
632: b$b1703.37
650: b$b1703.38
667: b$b1703.39

WARNING: b1703.cli line 676 destination id of "same as" not found. Will check again at the end of file.
Near lines: 676                mpad$ana gaspar/mesmo_que=anagasp/id=b1703.39-per5
Near line: 677                   ls$residencia/paleao

684: b$b1703.40
701: b$b1703.41
718: b$b1703.42
737: b$b1703.43
754: b$b1703.44

WARNING: b1703.cli line 761 destination id of "same as" not found. Will check again at the end of file.
Near lines: 761             pad$vicente colaco/mesmo_que=c104-7/id=b1703.44-per3
Near line: 762                ls$residencia/soure

774: b$b1703.45

WARNING: b1703.cli line 781 destination id of "same as" not found. Will check again at the end of file.
Near lines: 781             pad$antonio de melo ataide/mesmo_que=c194-7/id=b1703.45-per4
Near line: 782                ls$residencia/quinta da capa rota#sua quinta

791: b$b1703.46

WARNING: b1703.cli line 802 destination id of "same as" not found. Will check again at the end of file.
Near lines: 802 
Near line: 803             mad$mariana/id=b1703.46-per6

810: b$b1703.47
833: b$b1703.48

WARNING: b1703.cli line 840 destination id of "same as" not found. Will check again at the end of file.
Near lines: 840             pad$sebastiao goncalves/mesmo_que=sgoncalves/id=b1703.48-per4
Near line: 841                ls$residencia/soure

851: b$b1703.49
868: b$b1703.50
886: b$b1703.51
904: b$b1703.52
922: b$b1703.53
937: b$b1703.54
952: b$b1703.55
970: b$b1703.56
987: b$b1703.57
1006: b$b1703.58

WARNING: b1703.cli line 1014 destination id of "same as" not found. Will check again at the end of file.
Near lines: 1014             pad$antonio de meneses/mesmo_que=c113-7/id=b1703.58-per4
Near line: 1015                ls$titulo/dom

1031: b$b1703.59
1048: b$b1703.60
1065: b$b1703.61
1073: b$b1703.62
1091: b$b1703.63
1108: b$b1703.64
1126: b$b1703.65
1141: b$b1703.66

WARNING: b1703.cli line 1148 destination id of "same as" not found. Will check again at the end of file.
Near lines: 1148             pad$pedro de eiro matoso/mesmo_que=peiro/id=b1703.66-per4
Near line: 1149                ls$residencia/soure

1156: b$b1703.67
1177: b$b1703.68
1193: b$b1703.69

WARNING: b1703.cli line 1201 destination id of "same as" not found. Will check again at the end of file.
Near lines: 1201 
Near line: 1202             mad$cecilia/id=c24-7-cec

1207: b$b1703.70

WARNING: b1703.cli line 1214 destination id of "same as" not found. Will check again at the end of file.
Near lines: 1214             pad$pedro de eiro matoso/mesmo_que=peiro/id=b1703.70-per4
Near line: 1215                ls$residencia/soure

1222: b$b1703.71
1238: b$b1703.72

WARNING: b1703.cli line 1246 destination id of "same as" not found. Will check again at the end of file.
Near lines: 1246 
Near line: 1247             mad$jacinta/mesmo_que=c24-7-jac/id=b1703.72-per5

1251: b$b1703.73
1269: b$b1703.74

WARNING: b1703.cli line 1281 destination id of "same as" not found. Will check again at the end of file.
Near lines: 1281                pmad$sebastiao goncalves/mesmo_que=sgoncalves/id=b1703.74-per6
Near line: 1282                   ls$residencia/soure

1286: b$b1703.75
1304: b$b1703.76
1321: b$b1703.77
1339: b$b1703.78
1357: b$b1703.79
1376: b$b1703.80
1397: b$b1703.81
1417: b$b1703.82
1434: b$b1703.83
1452: b$b1703.84
1470: b$b1703.85
1489: b$b1703.86
1507: b$b1703.87
1526: b$b1703.88
1546: b$b1703.89
1563: b$b1703.90
1578: b$b1703.91
1599: b$b1703.92
1616: b$b1703.93

WARNING: b1703.cli line 1624 destination id of "same as" not found. Will check again at the end of file.
Near lines: 1624 
Near line: 1625             mad$josefa/id=b1703.93-per5

1631: b$b1703.94
1649: b$b1703.95
1667: b$b1703.96
1684: b$b1703.97
1703: b$b1703.98
1720: b$b1703.99
1737: b$b1703.100
1755: b$b1703.101
*** End of File

ERROR: b1703.cli line 15  Could not find same_as id c6-7. If  original reference is on another file use xsame_as
Near lines: 15 Near line: 16 

ERROR: b1703.cli line 31  Could not find same_as id sgoncalves. If  original reference is on another file use xsame_as
Near lines: 31 Near line: 32 

ERROR: b1703.cli line 46  Could not find same_as id lap. If  original reference is on another file use xsame_as
Near lines: 46 Near line: 47 

ERROR: b1703.cli line 53  Could not find same_as id c24-7. If  original reference is on another file use xsame_as
Near lines: 53 Near line: 54 

ERROR: b1703.cli line 133  Could not find same_as id c24-7. If  original reference is on another file use xsame_as
Near lines: 133 Near line: 134 

ERROR: b1703.cli line 162  Could not find same_as id c119-9. If  original reference is on another file use xsame_as
Near lines: 162 Near line: 163 

ERROR: b1703.cli line 223  Could not find same_as id jpinto. If  original reference is on another file use xsame_as
Near lines: 223 Near line: 224 

ERROR: b1703.cli line 267  Could not find same_as id c180-7. If  original reference is on another file use xsame_as
Near lines: 267 Near line: 268 

ERROR: b1703.cli line 362  Could not find same_as id c6-7. If  original reference is on another file use xsame_as
Near lines: 362 Near line: 363 

ERROR: b1703.cli line 371  Could not find same_as id c113-7. If  original reference is on another file use xsame_as
Near lines: 371 Near line: 372 

ERROR: b1703.cli line 378  Could not find same_as id c113-7. If  original reference is on another file use xsame_as
Near lines: 378 Near line: 379 

ERROR: b1703.cli line 474  Could not find same_as id peiro. If  original reference is on another file use xsame_as
Near lines: 474 Near line: 475 

ERROR: b1703.cli line 589  Could not find same_as id c12-7. If  original reference is on another file use xsame_as
Near lines: 589 Near line: 590 

ERROR: b1703.cli line 676  Could not find same_as id anagasp. If  original reference is on another file use xsame_as
Near lines: 676 Near line: 677 

ERROR: b1703.cli line 761  Could not find same_as id c104-7. If  original reference is on another file use xsame_as
Near lines: 761 Near line: 762 

ERROR: b1703.cli line 781  Could not find same_as id c194-7. If  original reference is on another file use xsame_as
Near lines: 781 Near line: 782 

ERROR: b1703.cli line 802  Could not find same_as id c113-7. If  original reference is on another file use xsame_as
Near lines: 802 Near line: 803 

ERROR: b1703.cli line 840  Could not find same_as id sgoncalves. If  original reference is on another file use xsame_as
Near lines: 840 Near line: 841 

ERROR: b1703.cli line 1014  Could not find same_as id c113-7. If  original reference is on another file use xsame_as
Near lines: 1014 Near line: 1015 

ERROR: b1703.cli line 1148  Could not find same_as id peiro. If  original reference is on another file use xsame_as
Near lines: 1148 Near line: 1149 

ERROR: b1703.cli line 1201  Could not find same_as id c24-7. If  original reference is on another file use xsame_as
Near lines: 1201 Near line: 1202 

ERROR: b1703.cli line 1214  Could not find same_as id peiro. If  original reference is on another file use xsame_as
Near lines: 1214 Near line: 1215 

ERROR: b1703.cli line 1246  Could not find same_as id c24-7. If  original reference is on another file use xsame_as
Near lines: 1246 Near line: 1247 

ERROR: b1703.cli line 1281  Could not find same_as id sgoncalves. If  original reference is on another file use xsame_as
Near lines: 1281 Near line: 1282 

ERROR: b1703.cli line 1624  Could not find same_as id c6-7. If  original reference is on another file use xsame_as
Near lines: 1624 Near line: 1625 
25  errors. 
25  warnings.
Translation finished.
