ClioInput - version @@VERSION@@ - build @@BUILD@@ @@DATE@@
13-6-2019 22-46

Processing data file b1709.cli
-------------------------------------------
Generic Act translation module with geoentities (XML).
     Joaquim Ramos de Carvalho (joaquim@uc.pt) 
** New document: kleio
1: kleio$gacto.str/translations=1
=========================
kleio translation started
=========================
Structure: gacto.str
Prefix: 
Autorel: 
Translation count: 1
Obs: 
2:    fonte$baptismos 1709/tipo=reg paroquiais/localizacao=fol. 330-/data=17090000
3: 
** Processing source fonte$baptismos 1709
4:       b$b1709.1/1/1/1709/0/0/0/jose pinto
5: 
6: b$b1709.1
6:          n$maria/f/id=b1709.1-per1
7: 
8:             pai$joao antunes/id=b1709.1-per1-per2
9:                ls$residencia/casal das galinhas
10: 
11:             mae$catarina francisca/id=b1709.1-per1-per3
12: 
13:             pad$paulo ribeiro cabral/mesmo_que=c24-7/id=b1709.1-per4

WARNING: b1709.cli line 13 destination id of "same as" not found. Will check again at the end of file.
Near line: 13             pad$paulo ribeiro cabral/mesmo_que=c24-7/id=b1709.1-per4
Near line: 14                ls$nome/paulo ribeiro

14:                ls$nome/paulo ribeiro
15: 
16:             mad$maria goncalves/id=b1709.1-per5
17: 
18:                mrmad$antonio rodrigues/id=b1709.1-per6
19:                   ls$residencia/casal das galinhas
20: 
21:       b$b1709.2/3/1/1709/0/0/0/jose pinto
22: 
23: b$b1709.2
23:          n$maria/f/id=b1709.2-per1
24: 
25:             pai$manuel duarte/id=b1709.2-per1-per2
26:                ls$residencia/louzoes
27: 
28:             mae$antonio cordeiro/id=b1709.2-per1-per3
29: 
30:             pad$manuel duarte/id=b1709.2-per4
31:                ls$residencia/casal do migalho
32: 
33:             mad$maria cordeiro/id=b1709.2-per5
34: 
35:                mrmad$francisco duarte/id=b1709.2-per6
36:                   ls$residencia/casal do migalho
37: 
38:       b$b1709.3/10/1/1709/0/0/0/jose pinto
39: 
40: b$b1709.3
40:          n$maria/f/id=b1709.3-per1
41: 
42:             pai$joao rodrigues/id=b1709.3-per1-per2
43:                ls$residencia/sobral
44: 
45:             mae$josefa francisca/id=b1709.3-per1-per3
46: 
47:             pad$joao gomes/id=b1709.3-per4
48:                ls$residencia/casal da venda
49: 
50:             mad$maria domingues/id=b1709.3-per5
51: 
52:                mrmad$miguel rodrigues/id=b1709.3-per6
53:                   ls$residencia/sobral
54: 
55:       b$b1709.4/10/1/1709/0/0/0/jose pinto
56: 
57: b$b1709.4
57:          n$antonio/m/id=b1709.4-per1
58: 
59:             pai$manuel francisco/id=b1709.4-per1-per2
60:                ls$residencia/casa velha
61: 
62:             mae$agueda soares/id=b1709.4-per1-per3
63: 
64:             pad$antonio da cruz/id=b1709.4-per4
65:                ls$profissao/padre
66:                ls$residencia/casa velha
67: 
68:             mad$maria das neves/id=b1709.4-per5
69: 
70:                mrmad$joao#sic/id=b1709.4-per6
71:                   ls$residencia/casa velha
72: 
73:       b$b1709.5/17/1/1709/0/0/0/jose pinto
74: 
75: b$b1709.5
75:          n$jose/m/id=b1709.5-per1
76: 
77:             pai$joao rodrigues/id=b1709.5-per1-per2
78:                ls$residencia/sobral
79: 
80:             mae$isabel rodrigues/id=b1709.5-per1-per3
81: 
82:             pad$manuel jorge/id=b1709.5-per4
83:                ls$residencia/sobral
84: 
85:             mad$maria domingues/id=b1709.5-per5
86: 
87:                mrmad$miguel rodrigues/id=b1709.5-per6
88:                   ls$residencia/sobral
89: 
90:       b$b1709.6/22/1/1709/0/0/0/jose mendes
91: 
92: b$b1709.6
92:          n$manuel/m/id=b1709.6-per1
93: 
94:             pai$manuel rodrigues/id=b1709.6-per1-per2
95:                ls$residencia/mogadouro
96: 
97:             mae$ana lopes/id=b1709.6-per1-per3
98: 
99:             pad$antonio ferreira/id=b1709.6-per4
100:                ls$residencia/mogadouro
101: 
102:             mad$maria goncalves/id=b1709.6-per5
103: 
104:                mrmad$mateus carvalho/id=b1709.6-per6
105:                   ls$residencia/mogadouro
106: 
107:       b$b1709.7/24/1/1709/0/0/0/manuel martins
108: 
109: b$b1709.7
109:          n$sebastiao/m/id=b1709.7-per1
110: 
111:             pai$antonio madeira/id=b1709.7-per1-per2
112:                ls$residencia/barril
113: 
114:             mae$isabel rodrigues/id=b1709.7-per1-per3
115: 
116:             pad$sebastiao goncalves/mesmo_que=sgoncalves/id=b1709.7-per4
117: 

WARNING: b1709.cli line 117 destination id of "same as" not found. Will check again at the end of file.
Near line: 117 
Near line: 118             mad$domingas esteves/id=b1709.7-per5

118:             mad$domingas esteves/id=b1709.7-per5
119: 
120:                mrmad$manuel rodrigues feijao/id=b1709.7-per6
121:                   ls$residencia/barril
122: 
123:       b$b1709.8/4/2/1709/0/0/0/jose pinto
124: 
125: b$b1709.8
125:          n$manuel/m/id=b1709.8-per1
126: 
127:             pai$jose domingues/id=b1709.8-per1-per2
128: 
129:             mae$maria joao/id=b1709.8-per1-per3
130: 
131:             pad$rodrigo/mesmo_que=c6-7-rod/id=b1709.8-per4
132: 

WARNING: b1709.cli line 132 destination id of "same as" not found. Will check again at the end of file.
Near line: 132 
Near line: 133                ppad$manuel homem de quadros/mesmo_que=c6-7/id=b1709.8-per5

133:                ppad$manuel homem de quadros/mesmo_que=c6-7/id=b1709.8-per5
134: 

WARNING: b1709.cli line 134 destination id of "same as" not found. Will check again at the end of file.
Near line: 134 
Near line: 135             mad$isabel da silva/obs=VER SE E MULHER DO MANUEL OU DO RODRIGO. A mulher do Manuel homem de Quadros chama-se isabel maria de castelo branco/id=b1709.8-per6

135:             mad$isabel da silva/obs=VER SE E MULHER DO MANUEL OU DO RODRIGO. A mulher do Manuel homem de Quadros chama-se isabel maria de castelo branco/id=b1709.8-per6
136:                ls$titulo/dona
137: 
138:       b$b1709.9/8/2/1709/0/0/0/jose pinto
139: 
140: b$b1709.9
140:          n$jose/m/id=b1709.9-per1
141: 
142:             pai$jose rodrigues/id=b1709.9-per1-per2
143:                ls$residencia/casa velha
144: 
145:             mae$ines de s.francisco/id=b1709.9-per1-per3
146: 
147:             pad$jose/id=b1709.9-per4
148: 
149:                ppad$luis coelho/id=b1709.9-per5
150:                   ls$residencia/soure
151: 
152:             mad$maria/id=b1709.9-per6
153: 
154:                pmad$manuel francisco gabriel/id=b1709.9-per7
155:                   ls$residencia/casa velha
156: 
157:       b$b1709.10/10/2/1709/0/0/0/jose pinto
158: 
159: b$b1709.10
159:          n$maria/f/id=b1709.10-per1
160: 
161:             pai$manuel da costa/id=b1709.10-per1-per2
162:                ls$residencia/paleao
163: 
164:             mae$luisa rodrigues/id=b1709.10-per1-per3
165: 
166:             pad$antonio mendes/id=b1709.10-per4
167:                ls$residencia/paleao
168: 
169:             mad$maria rodrigues/id=b1709.10-per5
170: 
171:                mrmad$francisco rodrigues/id=b1709.10-per6
172:                   ls$residencia/soure
173: 
174:       b$b1709.11/25/2/1709/0/0/0/jose pinto
175: 
176: b$b1709.11
176:          n$antonio/m/id=b1709.11-per1
177: 
178:             pai$domingos joao/id=b1709.11-per1-per2
179:                ls$residencia/pouca pena
180: 
181:             mae$madalena joao/id=b1709.11-per1-per3
182: 
183:             pad$antonio/id=b1709.11-per4
184:                ls$ec/s
185: 
186:                ppad$manuel dinis da silva/id=b1709.11-per5
187:                   ls$residencia/ega, freguesia da ega
188:                   ls$freguesia/ega
189: 
190:             mad$serafina ferreira/id=b1709.11-per6
191: 
192:                mrmad$manuel pereira/id=b1709.11-per7
193:                   ls$residencia/pouca pena
194: 
195:       b$b1709.12/25/2/1709/0/0/0/jose pinto
196: 
197: b$b1709.12
197:          n$joao/m/id=b1709.12-per1
198: 
199:             pai$manuel simoes/id=b1709.12-per1-per2
200:                ls$residencia/casal dos feijoes
201: 
202:             mae$maria simoes/id=b1709.12-per1-per3
203: 
204:             pad$joao/id=b1709.12-per4
205: 
206:                ppad$joao mendes/id=bppad25021709
207:                   ls$residencia/s.mateus
208: 
209:             mad$teresa maria/id=b1709.12-per5
210:                rel$parentesco/mulher/joao mendes/bppad25021709
211: 
212:       b$b1709.13/27/2/1709/0/0/0/jose pinto
213: 
214: b$b1709.13
214:          n$manuel/m/id=b1709.13-per1
215: 
216:             pai$manuel luis/id=b1709.13-per1-per2
217:                ls$residencia/vale da borra
218: 
219:             mae$maria francisca/id=b1709.13-per1-per3
220: 
221:             pad$jose de morais/id=b1709.13-per4
222:                ls$residencia/soure
223: 
224:             mad$isabel/id=b1709.13-per5
225:                ls$ec/s
226: 
227:                pmad$antonio simoes/id=b1709.13-per6
228:                   ls$residencia/sobral
229: 
230:       b$b1709.14/1/3/1709/0/0/0/jose pinto
231: 
232: b$b1709.14
232:          n$catarina/f/id=b1709.14-per1
233: 
234:             pai$paulo antunes/id=b1709.14-per1-per2
235:                ls$residencia/casal das brancas
236: 
237:             mae$catarina ferreira/id=b1709.14-per1-per3
238: 
239:             pad$ventura martins/mesmo_que=c119-9/id=b1709.14-per4
240: 

WARNING: b1709.cli line 240 destination id of "same as" not found. Will check again at the end of file.
Near line: 240 
Near line: 241             mad$maria/id=b1709.14-per5

241:             mad$maria/id=b1709.14-per5
242:                ls$ec/s
243: 
244:                mmad$maria antunes/id=b1709.14-per6
245:                   ls$residencia/melrical
246: 
247:       b$b1709.15/3/3/1709/0/0/0/jose pinto
248: 
249: b$b1709.15
249:          n$luis/m/id=b1709.15-per1
250: 
251:             pai$jose nunes/id=b1709.15-per1-per2
252:                ls$residencia/casa velha
253: 
254:             mae$mariana da costa/id=b1709.15-per1-per3
255: 
256:             pad$domingos da costa/id=b1709.15-per4
257:                ls$residencia/redinha, freguesia da redinha
258:                ls$freguesia/redinha
259: 
260:             mad$domingas da costa/id=b1709.15-per5
261:                ls$ec/v
262:                ls$residencia/casa velha
263: 
264:       b$b1709.16/11/3/1709/0/0/0/jose pinto
265: 
266: b$b1709.16
266:          n$isabel/f/id=b1709.16-per1
267: 
268:             pai$manuel domingues/id=b1709.16-per1-per2
269:                ls$residencia/telhada
270: 
271:             mae$maria madeira/id=b1709.16-per1-per3
272: 
273:             pad$rodrigo/mesmo_que=c6-7-rod/id=b1709.16-per4
274: 

WARNING: b1709.cli line 274 destination id of "same as" not found. Will check again at the end of file.
Near line: 274 
Near line: 275                ppad$manuel homem de quadros/mesmo_que=c6-7/id=b1709.16-per5

275:                ppad$manuel homem de quadros/mesmo_que=c6-7/id=b1709.16-per5
276: 

WARNING: b1709.cli line 276 destination id of "same as" not found. Will check again at the end of file.
Near line: 276 
Near line: 277             mad$isabel/id=b1709.16-per6

277:             mad$isabel/id=b1709.16-per6
278:                ls$titulo/dona
279:                rel$parentesco/mulher/manuel homem de quadros#podera ser antes mulher do de rodrigo, filho de manuel homem de quadros?/c6-7
280: 
281:       b$b1709.17/19/3/1709/0/0/0/jose pinto
282: 
283: b$b1709.17
283:          n$maria/f/id=b1709.17-per1
284: 
285:             pai$manuel simoes/id=b1709.17-per1-per2
286:                ls$residencia/eureca
287: 
288:             mae$francisca rodrigues/id=b1709.17-per1-per3
289: 
290:             pad$rodrigo jorge/id=b1709.17-per4
291:                ls$residencia/portela
292: 
293:             mad$josefa/id=b1709.17-per5
294:                ls$ec/s
295: 
296:                pmad$manuel rodrigues/id=b1709.17-per6
297:                   ls$residencia/eureca
298: 
299:       b$b1709.18/19/3/1709/0/0/0/jose pinto
300: 
301: b$b1709.18
301:          n$jose/m/id=b1709.18-per1
302: 
303:             pai$manuel leao/id=b1709.18-per1-per2
304:                ls$residencia/lajem
305: 
306:             mae$isabel madeira/id=b1709.18-per1-per3
307: 
308:             pad$vicente colaco de morais/mesmo_que=c104-7/id=b1709.18-per4

WARNING: b1709.cli line 308 destination id of "same as" not found. Will check again at the end of file.
Near line: 308             pad$vicente colaco de morais/mesmo_que=c104-7/id=b1709.18-per4
Near line: 309                ls$nome/vicente colaco

309:                ls$nome/vicente colaco
310: 
311:             mad$catarina/id=b1709.18-per5
312:                ls$ec/s
313: 
314:                mmad$catarina francisca/id=b1709.18-per6
315:                   ls$residencia/cavaleiros
316: 
317:       b$b1709.19/25/3/1709/0/0/0/jose pinto
318: 
319: b$b1709.19
319:          n$jose/m/id=b1709.19-per1
320: 
321:             pai$dionisio de magalhaes/id=b1709.19-per1-per2
322:                ls$residencia/soure
323: 
324:             mae$cipriana de tavora/id=b1709.19-per1-per3
325:                ls$titulo/dona
326: 
327:             pad$domingues goncalves galhardo/id=b1709.19-per4
328:                ls$residencia/soure
329:                ls$titulo/licenciado
330: 
331:             mad$antonia pessoa/id=b1709.19-per5
332: 
333:                mmad$maria de jesus/id=b1709.19-per6
334: 
335:       b$b1709.20/26/3/1709/0/0/0/jose pinto
336: 
337: b$b1709.20
337:          n$catarina/f/id=b1709.20-per1
338: 
339:             pai$manuel ferreira/id=b1709.20-per1-per2
340:                ls$residencia/fatacos
341: 
342:             mae$maria joao/id=b1709.20-per1-per3
343: 
344:             pad$jose goncalves/id=b1709.20-per4
345:                ls$residencia/fatacos
346:                ls$profissao/padre
347: 
348:             mad$catarina/id=b1709.20-per5
349: 
350:                mmad$catarina francisca/id=b1709.20-per6
351:                   ls$residencia/cavaleiros
352: 
353:       b$b1709.21/26/3/1709/0/0/0/jose pinto
354: 
355: b$b1709.21
355:          n$manuel/m/id=b1709.21-per1
356: 
357:             pai$manuel de s.miguel/id=b1709.21-per1-per2
358:                ls$residencia/pinheiro
359: 
360:             mae$catarina de jesus/id=b1709.21-per1-per3
361: 
362:             pad$pedro de eiro matoso/mesmo_que=peiro/id=b1709.21-per4
363: 

WARNING: b1709.cli line 363 destination id of "same as" not found. Will check again at the end of file.
Near line: 363 
Near line: 364             mad$ana maria/id=b1709.21-per5

364:             mad$ana maria/id=b1709.21-per5
365: 
366:                pmad$tome velho/id=b1709.21-per6
367:                   ls$residencia/soure
368: 
369:       b$b1709.22/1/4/1709/0/0/0/jose pinto
370: 
371: b$b1709.22
371:          n$antonio/m/id=b1709.22-per1
372: 
373:             pai$agostinho simoes/id=b1709.22-per1-per2
374:                ls$residencia/beltroes
375: 
376:             mae$maria goncalves/id=b1709.22-per1-per3
377: 
378:             pad$manuel simoes/id=b1709.22-per4
379:                ls$residencia/cabeca de carvalha, freguesia de vinha da rainha
380:                ls$freguesia/vinha da rainha
381: 
382:             mad$angelica/id=b1709.22-per5
383: 
384:                pmad$antonio manhos de abreu/mesmo_que=amabreu/id=b1709.22-per6

WARNING: b1709.cli line 384 destination id of "same as" not found. Will check again at the end of file.
Near line: 384                pmad$antonio manhos de abreu/mesmo_que=amabreu/id=b1709.22-per6
Near line: 385                   ls$nome/antonio manhos

385:                   ls$nome/antonio manhos
386:                   ls$titulo/doutor
387:                   ls$residencia/soure
388: 
389:       b$b1709.23/5/4/1709/0/0/0/jose pinto
390: 
391: b$b1709.23
391:          n$manuel/m/id=b1709.23-per1
392:             ls$ilegitimo/sim
393: 
394:             pai$antonio aires/id=bpai05041709
395:                ls$residencia/casais do espirito santo
396: 
397:             mae$maria/id=b1709.23-per1-per2
398:                ls$ec/s
399:                rel$profissional/criada/antonio aires/bpai05041709
400: 
401:             pad$domingos goncalves/mesmo_que=c2-7/id=b1709.23-per3

WARNING: b1709.cli line 401 destination id of "same as" not found. Will check again at the end of file.
Near line: 401             pad$domingos goncalves/mesmo_que=c2-7/id=b1709.23-per3
Near line: 402                ls$profissao/padre

402:                ls$profissao/padre
403: 
404:             mad$isabel francisca/id=b1709.23-per4
405: 
406:                mrmad$jose goncalves/id=b1709.23-per5
407:                   ls$residencia/casais do espirito santo
408: 
409:       b$b1709.24/7/4/1709/0/0/0/jose pinto
410: 
411: b$b1709.24
411:          n$luis/m/id=b1709.24-per1
412: 
413:             pai$manuel rodrigues/id=b1709.24-per1-per2
414:                ls$residencia/barril
415: 
416:             mae$catarina esteves%cna/id=b1709.24-per1-per3
417: 
418:             pad$luis manhos/id=b1709.24-per4
419: 
420:             mad$isabel de s.miguel/id=b1709.24-per5
421: 
422:                mrmad$domingos goncalves/id=b1709.24-per6
423:                   ls$titulo/licenciado
424:                   ls$residencia/soure
425: 
426:       b$b1709.25/7/4/1709/0/0/0/jose pinto
427: 
428: b$b1709.25
428:          n$josefa/f/id=b1709.25-per1
429: 
430:             pai$joao cordeiro/id=b1709.25-per1-per2
431:                ls$residencia/casal novo
432: 
433:             mae$maria goncalves/id=b1709.25-per1-per3
434: 
435:             pad$domingos cordeiro/id=b1709.25-per4
436:                ls$residencia/louzoes
437: 
438:             mad$josefa/id=b1709.25-per5
439:                ls$ec/s
440: 
441:                pmad$simao cordeiro/id=b1709.25-per6
442:                   ls$residencia/casal novo
443: 
444:       b$b1709.26/10/4/1709/0/0/0/jose pinto
445: 
446: b$b1709.26
446:          n$antonio/m/id=b1709.26-per1
447:             ls$ilegitimo/sim
448: 
449:             mae$maria/id=b1709.26-per1-per2
450:                ls$ec/s
451: 
452:                pmae$francisco rodrigues/id=b1709.26-per1-per3
453:                   ls$residencia/casais da misericordia
454: 
455:             pad$antonio domingues/id=b1709.26-per4
456:                ls$residencia/casais da misericordia
457: 
458:             mad$maria/id=b1709.26-per5
459:                ls$ec/s
460: 
461:                pmad$antonio domingues/id=b1709.26-per6
462:                   ls$residencia/casais da misericordia
463: 
464:       b$b1709.26b/15/4/1709/0/0/0/jose pinto/obs=escrito posterior `a margem no fol. 334. Estes dois so se casam em setembro. Note-se que baptismo nao refere que sao solteiros dizendo explicitamente filho de... e de sua mulher...
465: 
466: b$b1709.26b
466:          n$jose/m/id=b1709.26b-per1
467: 
468:             pai$joao de barros/id=b1709.26b-per1-per2
469:                ls$residencia/soure
470: 
471:             mae$josefa maria/id=b1709.26b-per1-per3
472: 
473:             pad$martins da cunha?/id=b1709.26b-per4
474:                ls$residencia/soure
475: 
476:             mad$maria rodrigues/id=b1709.26b-per5
477: 
478:                mrmad$paulo? rodrigues/id=b1709.26b-per6
479:                   ls$residencia/soure
480: 
481:       b$b1709.27/21/4/1709/0/0/0/jose pinto
482: 
483: b$b1709.27
483:          n$jose/m/id=bn21041709
484: 
485:             pai$martinho goncalves/id=bpai21041709
486:                ls$residencia/alencarce de baixo
487: 
488:             mae$antonia ferreira/id=bmae21041709
489: 
490:             pad$sebastiao ferreira das aves/id=b1709.27-per1
491:                ls$profissao/padre
492: 
493:             mad$antonia/id=b1709.27-per2
494:                ls$titulo/dona
495: 
496:                mmad$madalena/id=bmmad21041709
497:                   ls$titulo/dona
498:                   ls$residencia/soure
499: 
500:       b$b1709.28/21/4/1709/0/0/0/jose pinto
501: 
502: b$b1709.28
502:          n$henrique/m/id=b1709.28-per1
503:             rel$parentesco/irmao gemeo/jose/bn21041709
504: 
505:             pai$martinho goncalves/mesmo_que=bpai21041709/id=b1709.28-per1-per2
506: 
507:             mae$antonia ferreira/mesmo_que=bmae21041709/id=b1709.28-per1-per3
508: 
509:             pad$henrique/id=b1709.28-per4
510: 
511:                ppad$jose barbosa canais/mesmo_que=c17-7/id=b1709.28-per5

WARNING: b1709.cli line 511 destination id of "same as" not found. Will check again at the end of file.
Near line: 511                ppad$jose barbosa canais/mesmo_que=c17-7/id=b1709.28-per5
Near line: 512                   ls$nome/jose barbosa

512:                   ls$nome/jose barbosa
513: 
514:             mad$barbara/id=b1709.28-per6
515:                ls$titulo/dona
516: 
517:                mmad$madalena/mesmo_que=bmmad21041709/id=b1709.28-per7
518: 
519:       b$b1709.29/21/4/1709/0/0/0/jose pinto
520: 
521: b$b1709.29
521:          n$josefa/f/id=b1709.29-per1
522: 
523:             pai$antonio rodrigues/id=b1709.29-per1-per2
524:                ls$residencia/alencarce de cima
525: 
526:             mae$maria simoes/id=b1709.29-per1-per3
527: 
528:             pad$manuel/id=b1709.29-per4
529:                ls$ec/s
530: 
531:                mpad$antonia perdigao/id=b1709.29-per5
532:                   ls$residencia/alencarce de cima
533: 
534:             mad$maria/id=b1709.29-per6
535: 
536:                mmad$maria rodrigues/id=b1709.29-per7
537:                   ls$residencia/podengos
538: 
539:       b$b1709.30/21/4/1709/0/0/0/jose pinto
540: 
541: b$b1709.30
541:          n$antonia/f/id=b1709.30-per1
542: 
543:             pai$tome goncalves/id=b1709.30-per1-per2
544:                ls$residencia/vale da borra
545: 
546:             mae$antonia da conceicao/id=b1709.30-per1-per3
547: 
548:             pad$sebastiao goncalves/mesmo_que=sgoncalves/id=b1709.30-per4
549: 

WARNING: b1709.cli line 549 destination id of "same as" not found. Will check again at the end of file.
Near line: 549 
Near line: 550             mad$antonia da costa/id=b1709.30-per5

550:             mad$antonia da costa/id=b1709.30-per5
551: 
552:                mrmad$joao simoes/id=b1709.30-per6
553:                   ls$residencia/vale da borra
554: 
555:       b$b1709.31/27/4/1709/0/0/0/manuel martins
556: 
557: b$b1709.31
557:          n$antonio/m/id=b1709.31-per1
558: 
559:             pai$jose gomes serrano/id=b1709.31-per1-per2
560:                ls$residencia/paleao
561: 
562:             mae$maria simoes/id=b1709.31-per1-per3
563: 
564:             pad$antonio gomes de oliveira/id=b1709.31-per4
565:                ls$residencia/paleao
566: 
567:             mad$ascensa ferreira/id=b1709.31-per5
568:                ls$residencia/paleao
569: 
570:       b$b1709.32/28/4/1709/0/0/0/manuel martins
571: 
572: b$b1709.32
572:          n$ines/f/id=b1709.32-per1
573: 
574:             pai$manuel rodrigues/id=b1709.32-per1-per2
575:                ls$residencia/casal da lajem
576: 
577:             mae$luisa francisca/id=b1709.32-per1-per3
578: 
579:             pad$manuel simoes/id=b1709.32-per4
580:                ls$residencia/casal da lajem
581: 
582:             mad$ines/id=b1709.32-per5
583: 
584:                pmad$luis ferreira/id=b1709.32-per6
585:                   ls$residencia/casal da lajem
586: 
587:       b$b1709.33/28/4/1709/0/0/0/manuel martins
588: 
589: b$b1709.33
589:          n$isabel/f/id=b1709.33-per1
590: 
591:             pai$domingos carvalho/id=b1709.33-per1-per2
592:                ls$residencia/mogadouro
593: 
594:             mae$isabel martins/id=b1709.33-per1-per3
595: 
596:             pad$manuel simoes/id=b1709.33-per4
597:                ls$residencia/figueirinha
598: 
599:             mad$isabel/id=b1709.33-per5
600: 
601:                pmad$francisco joao/id=b1709.33-per6
602:                   ls$residencia/delgados
603: 
604:       b$b1709.34/30/4/1709/0/0/0/manuel martins
605: 
606: b$b1709.34
606:          n$manuel/m/id=b1709.34-per1
607: 
608:             pai$joao rodrigues/id=b1709.34-per1-per2
609:                ls$residencia/sobral
610: 
611:             mae$maria rodrigues/id=b1709.34-per1-per3
612: 
613:             pad$manuel francisco/id=b1709.34-per4
614:                ls$residencia/sobral
615: 
616:             mad$isabel/id=b1709.34-per5
617:                ls$ec/s
618: 
619:                pmad$diogo joao/id=b1709.34-per6
620:                   ls$residencia/sobral
621: 
622:       b$b1709.35/1/5/1709/0/0/0/manuel martins
623: 
624: b$b1709.35
624:          n$joao/m/id=b1709.35-per1
625: 
626:             pai$lourenco dias/id=b1709.35-per1-per2
627:                ls$residencia/vale da borra
628: 
629:             mae$isabel rodrigues/id=b1709.35-per1-per3
630: 
631:             pad$joao simoes/id=b1709.35-per4
632:                ls$residencia/vale da borra
633: 
634:             mad$maria duarte/id=b1709.35-per5
635: 
636:                pmad$domingos oliveira/id=b1709.35-per6
637:                   ls$residencia/casalinhos
638: 
639:       b$b1709.36/1/5/1709/0/0/0/manuel martins
640: 
641: b$b1709.36
641:          n$antonio/m/id=b1709.36-per1
642: 
643:             pai$jose dias/id=b1709.36-per1-per2
644:                ls$residencia/soure
645: 
646:             mae$isabel francisca/id=b1709.36-per1-per3
647: 
648:             pad$antonio das chagas/id=b1709.36-per4
649:                ls$profissao/padre
650:                ls$titulo/frei
651:                ls$residencia/soure
652: 
653:             mad$mariana/mesmo_que=marianacb/id=b1709.36-per5
654: 

WARNING: b1709.cli line 654 destination id of "same as" not found. Will check again at the end of file.
Near line: 654 
Near line: 655                pmad$luis manhos de abreu/mesmo_que=lmabreu/id=b1709.36-per6

655:                pmad$luis manhos de abreu/mesmo_que=lmabreu/id=b1709.36-per6

WARNING: b1709.cli line 655 destination id of "same as" not found. Will check again at the end of file.
Near line: 655                pmad$luis manhos de abreu/mesmo_que=lmabreu/id=b1709.36-per6
Near line: 656                   ls$nome/luis manhos

656:                   ls$nome/luis manhos
657: 
658:       b$b1709.37/5/5/1709/0/0/0/manuel martins
659: 
660: b$b1709.37
660:          n$rosa maria/f/id=b1709.37-per1
661: 
662:             pai$antonio manhos de abreu/mesmo_que=amabreu/id=b1709.37-per1-per2

WARNING: b1709.cli line 662 destination id of "same as" not found. Will check again at the end of file.
Near line: 662             pai$antonio manhos de abreu/mesmo_que=amabreu/id=b1709.37-per1-per2
Near line: 663                ls$titulo/licenciado

663:                ls$titulo/licenciado
664: 
665:             mae$simoa da rosa/id=b1709.37-per1-per3
666: 
667:             pad$antonio/id=b1709.37-per4
668:                rel$parentesco/filho/antonio manhos de abreu/amabreu
669: 
670:             mad$angelica/id=b1709.37-per5
671:                rel$parentesco/filha/antonio manhos de abreu/amabreu
672: 
673:       b$b1709.38/9/5/1709/0/0/0/manuel martins
674: 
675: b$b1709.38
675:          n$manuel/m/id=b1709.38-per1
676: 
677:             pai$antonio domingues/id=b1709.38-per1-per2
678:                ls$residencia/casconho
679: 
680:             mae$maria lopes/id=b1709.38-per1-per3
681: 
682:             pad$manuel luis/id=b1709.38-per4
683: 
684:             mad$maria da costa/id=b1709.38-per5
685:                ls$residencia/figueirinha, freguesia da redinha
686:                ls$freguesia/redinha
687: 
688:       b$b1709.39/12/5/1709/0/0/0/manuel martins
689: 
690: b$b1709.39
690:          n$antonio/m/id=b1709.39-per1
691: 
692:             pai$antonio goncalves/id=b1709.39-per1-per2
693:                ls$residencia/casal do soares
694: 
695:             mae$antonia gomes#inicialmente registado "antonio" [2-9-96]/id=b1709.39-per1-per3
696: 
697:             pad$luis soares/id=b1709.39-per4
698:                ls$profissao/padre
699: 
700:             mad$caetana/id=b1709.39-per5
701: 
702:                pmad$francisco gante/id=b1709.39-per6
703: 
704:       b$b1709.40/12/5/1709/0/0/0/manuel martins
705: 
706: b$b1709.40
706:          n$catarina/f/id=b1709.40-per1
707: 
708:             pai$tome dias/id=b1709.40-per1-per2
709:                ls$residencia/bonitos
710: 
711:             mae$maria de oliveira/id=b1709.40-per1-per3
712: 
713:             pad$antonio freire da costa/id=b1709.40-per4
714:                ls$residencia/redinha, freguesia da redinha
715:                ls$freguesia/redinha
716: 
717:             mad$catarina/id=b1709.40-per5
718: 
719:                pmad$antonio gomes/id=b1709.40-per6
720:                   ls$residencia/bonitos
721: 
722:       b$b1709.41/12/5/1709/0/0/0/manuel martins/obs=nao diz de quem e'filha a madrinha
723: 
724: b$b1709.41
724:          n$francisco/m/id=b1709.41-per1
725: 
726:             pai$antonio goncalves/id=b1709.41-per1-per2
727:                ls$residencia/cavaleiros
728: 
729:             mae$maria simoes/id=b1709.41-per1-per3
730: 
731:             pad$manuel homem de quadros/mesmo_que=c6-7/id=b1709.41-per4
732: 

WARNING: b1709.cli line 732 destination id of "same as" not found. Will check again at the end of file.
Near line: 732 
Near line: 733             mad$antonia/id=b1709.41-per5

733:             mad$antonia/id=b1709.41-per5
734:                ls$titulo/dona
735: 
736:       b$b1709.42/12/5/1709/0/0/0/manuel martins
737: 
738: b$b1709.42
738:          n$joao/m/id=b1709.42-per1
739: 
740:             pai$domingos marques/id=b1709.42-per1-per2
741:                ls$residencia/paleao
742: 
743:             mae$antonia simoes/id=b1709.42-per1-per3
744: 
745:             pad$joao gaspar/id=b1709.42-per4
746:                ls$residencia/paleao
747: 
748:             mad$helena simoes/id=b1709.42-per5
749: 
750:                mrmad$manuel goncalves/id=b1709.42-per6
751:                   ls$residencia/paleao
752: 
753:       b$b1709.43/18/5/1709/0/0/0/manuel martins
754: 
755: b$b1709.43
755:          n$manuel/m/id=b1709.43-per1
756: 
757:             pai$alexandre gomes/id=b1709.43-per1-per2
758:                ls$residencia/paleao
759: 
760:             mae$ana esteves/id=b1709.43-per1-per3
761: 
762:             pad$joao mendes/id=b1709.43-per4
763:                ls$residencia/paleao
764: 
765:             mad$isabel rodrigues/id=b1709.43-per5
766: 
767:                mrmad$antonio gomes/id=b1709.43-per6
768:                   ls$residencia/paleao
769: 
770:       b$b1709.44/19/5/1709/0/0/0/manuel martins
771: 
772: b$b1709.44
772:          n$luis/m/id=b1709.44-per1
773: 
774:             pai$domingos goncalves/id=b1709.44-per1-per2
775:                ls$residencia/alencarce de baixo
776: 
777:             mae$isabel ferreira/id=b1709.44-per1-per3
778: 
779:             pad$luis/id=b1709.44-per4
780: 
781:                ppad$jose barbosa/id=b1709.44-per5
782:                   ls$residencia/soure
783: 
784:             mad$ana/id=b1709.44-per6
785: 
786:                pmad$manuel alvares do santo?/id=b1709.44-per7
787:                   ls$residencia/alencarce de cima
788: 
789:       b$b1709.45/20/5/1709/0/0/0/manuel martins
790: 
791: b$b1709.45
791:          n$antonia/f/id=b1709.45-per1
792: 
793:             pai$antonio mendes/id=b1709.45-per1-per2
794:                ls$residencia/paleao
795: 
796:             mae$maria de oliveira/id=b1709.45-per1-per3
797: 
798:             pad$jose soares/id=b1709.45-per4
799:                ls$ec/s
800: 
801:                ppad$joao soares/id=b1709.45-per5
802: 
803:             mad$isabel/id=b1709.45-per6
804:                ls$ec/s
805: 
806:                pmad$antonio nunes/id=b1709.45-per7
807:                   ls$residencia/casal da tojeira
808: 
809:       b$b1709.46/21/5/1709/0/0/0/manuel martins
810: 
811: b$b1709.46
811:          n$antonio/m/id=b1709.46-per1
812: 
813:             pai$antonio gomes/id=b1709.46-per1-per2
814:                ls$residencia/paleao
815: 
816:             mae$maria gomes/id=b1709.46-per1-per3
817: 
818:             pad$manuel/id=b1709.46-per4
819: 
820:                ppad$joao gomes/id=bppad21051709
821:                   ls$residencia/porto panelas
822: 
823:             mad$maria/id=b1709.46-per5
824:                ls$ec/s
825:                rel$parentesco/filha/joao gomes/bppad21051709
826: 
827:       b$b1709.47/25/5/1709/0/0/0/manuel martins
828: 
829: b$b1709.47
829:          n$teresa/f/id=b1709.47-per1
830: 
831:             pai$jose de barros/id=b1709.47-per1-per2
832:                ls$residencia/soure
833: 
834:             mae$teresa marques/id=b1709.47-per1-per3
835: 
836:             pad$jose gomes/id=b1709.47-per4
837: 
838:             mad$catarina galvao/id=b1709.47-per5
839: 
840:       b$b1709.48/30/5/1709/0/0/0/manuel martins
841: 
842: b$b1709.48
842:          n$jose/m/id=b1709.48-per1
843: 
844:             pai$domingos goncalves/id=b1709.48-per1-per2
845:                ls$residencia/bechos
846: 
847:             mae$mariana francisca/id=b1709.48-per1-per3
848: 
849:             pad$jose goncalves/id=b1709.48-per4
850: 
851:             mad$francisca/id=b1709.48-per5
852: 
853:                mmad$maria antunes/id=b1709.48-per6
854:                   ls$residencia/melrical
855: 
856:       b$b1709.49/30/5/1709/0/0/0/manuel martins
857: 
858: b$b1709.49
858:          n$gabriel/m/id=b1709.49-per1
859: 
860:             pai$manuel bras/id=b1709.49-per1-per2
861:                ls$residencia/leonel
862: 
863:             mae$antonia francisca/id=b1709.49-per1-per3
864: 
865:             pad$francisco mateus/id=b1709.49-per4
866: 
867:             mad$teresa/id=b1709.49-per5
868: 
869:                pmad$domingos pires/id=b1709.49-per6
870:                   ls$residencia/charneca
871: 
872:       b$b1709.50/2/6/1709/0/0/0/manuel martins
873: 
874: b$b1709.50
874:          n$domingos/m/id=b1709.50-per1
875: 
876:             pai$antonio fernandes/id=b1709.50-per1-per2
877:                ls$residencia/vale da borra
878: 
879:             mae$madalena rodrigues/id=b1709.50-per1-per3
880: 
881:             pad$manuel simoes/id=b1709.50-per4
882: 
883:             mad$isabel/id=b1709.50-per5
884: 
885:                pmad$manuel da fonseca/id=b1709.50-per6
886:                   ls$residencia/casalinhos
887: 
888:       b$b1709.51/3/6/1709/0/0/0/manuel martins
889: 
890: b$b1709.51
890:          n$maria/f/id=b1709.51-per1
891: 
892:             pai$joao francisco/id=b1709.51-per1-per2
893:                ls$residencia/casal da presa
894: 
895:             mae$maria martins/id=b1709.51-per1-per3
896: 
897:             pad$manuel martins/id=b1709.51-per4
898: 
899:             mad$isabel ramos/id=b1709.51-per5
900:                ls$residencia/casal do cascao
901: 
902:       b$b1709.52/4/6/1709/0/0/0/manuel martins
903: 
904: b$b1709.52
904:          n$isabel/f/id=b1709.52-per1
905: 
906:             pai$francisco goncalves/id=b1709.52-per1-per2
907:                ls$residencia/casal do melrical
908: 
909:             mae$maria ferreira/id=b1709.52-per1-per3
910: 
911:             pad$felix de almeida/id=b1709.52-per4
912:                ls$residencia/pombal, freguesia de pombal
913:                ls$freguesia/pombal
914: 
915:             mad$isabel/id=b1709.52-per5
916:                ls$titulo/dona
917: 
918:                mrmad$paulo ribeiro cabral/mesmo_que=c24-7/id=b1709.52-per6

WARNING: b1709.cli line 918 destination id of "same as" not found. Will check again at the end of file.
Near line: 918                mrmad$paulo ribeiro cabral/mesmo_que=c24-7/id=b1709.52-per6
Near line: 919                   ls$cargo/capitao

919:                   ls$cargo/capitao
920: 
921:       b$b1709.53/9/6/1709/0/0/0/manuel martins
922: 
923: b$b1709.53
923:          n$luisa/f/id=b1709.53-per1
924: 
925:             pai$jose martins/id=b1709.53-per1-per2
926:                ls$residencia/sobral
927: 
928:             mae$maria marques/id=b1709.53-per1-per3
929: 
930:             pad$luis manhos de abreu/mesmo_que=lmabreu/id=b1709.53-per4
931: 

WARNING: b1709.cli line 931 destination id of "same as" not found. Will check again at the end of file.
Near line: 931 
Near line: 932             mad$isabel amaral/id=b1709.53-per5

932:             mad$isabel amaral/id=b1709.53-per5
933:                ls$ec/s
934: 
935:                mmad$isabel madeira/id=b1709.53-per6
936: 
937:                pmad$domingos marques/id=b1709.53-per7
938:                   ls$residencia/paleao
939: 
940:       b$b1709.54/16/6/1709/0/0/0/manuel martins
941: 
942: b$b1709.54
942:          n$isabel/f/id=b1709.54-per1
943: 
944:             pai$antonio aires/id=b1709.54-per1-per2
945:                ls$residencia/paleao
946: 
947:             mae$josefa de oliveira/id=b1709.54-per1-per3
948: 
949:             pad$antonio mendes/id=b1709.54-per4
950:                ls$titulo/licenciado
951:                ls$residencia/paleao
952: 
953:             mad$isabel afonso/id=b1709.54-per5
954: 
955:                pmad$matias jorge/id=b1709.54-per6
956:                   ls$residencia/paleao
957: 
958:                mmad$maria afonso/id=b1709.54-per7
959: 
960:       b$b1709.55/24/6/1709/0/0/0/manuel martins/obs=dois padrinhos, zero madrinhas
961: 
962: b$b1709.55
962:          n$joao/m/id=bn24061709
963: 
964:             pai$manuel cordeiro/id=bpai24061709
965:                ls$residencia/casa velha
966: 
967:             mae$francisca rodrigues/id=bmae24061709
968: 
969:             pad$luis manhos/id=b1709.55-per1
970: 
971:             pad$manuel soares coelho/mesmo_que=mscoelho/id=b1709.55-per2
972: 

WARNING: b1709.cli line 972 destination id of "same as" not found. Will check again at the end of file.
Near line: 972 
Near line: 973       b$b1709.56/24/6/1709/0/0/0/manuel martins

973:       b$b1709.56/24/6/1709/0/0/0/manuel martins
974: 
975: b$b1709.56
975:          n$manuel/m/id=b1709.56-per1
976:             rel$parentesco/irmao gemeo/joao/bn24061709
977: 
978:             pai$manuel cordeiro/mesmo_que=bpai24061709/id=b1709.56-per1-per2
979: 
980:             mae$francisca rodrigues/mesmo_que=bmae24061709/id=b1709.56-per1-per3
981: 
982:             pad$domingos mateus/id=b1709.56-per4
983: 
984:                ppad$joao mateus/id=bppad24061709
985: 
986:             mad$domingas/id=b1709.56-per5
987:                rel$parentesco/filha/joao mateus/bppad24061709
988: 
989:       b$b1709.57/3/7/1709/0/0/0/manuel martins
990: 
991: b$b1709.57
991:          n$mariana/f/id=b1709.57-per1
992: 
993:             pai$bras ferreira/id=b1709.57-per1-per2
994:                ls$residencia/sobral
995: 
996:             mae$isabel domingues/id=b1709.57-per1-per3
997: 
998:             pad$jose gomes/id=b1709.57-per4
999:                ls$residencia/soure
1000: 
1001:             mad$mariana/id=b1709.57-per5
1002: 
1003:                pmad$joao rodrigues/id=b1709.57-per6
1004:                   ls$residencia/sobral
1005: 
1006:       b$b1709.58/7/7/1709/0/0/0/manuel martins
1007: 
1008: b$b1709.58
1008:          n$mariana/f/id=b1709.58-per1
1009: 
1010:             pai$lourenco dias/id=b1709.58-per1-per2
1011:                ls$residencia/soure
1012: 
1013:             mae$maria leao/id=b1709.58-per1-per3
1014: 
1015:             pad$luis manhos de abreu/mesmo_que=lmabreu/id=b1709.58-per4
1016: 

WARNING: b1709.cli line 1016 destination id of "same as" not found. Will check again at the end of file.
Near line: 1016 
Near line: 1017             mad$mariana/mesmo_que=marianacb/id=b1709.58-per5

1017:             mad$mariana/mesmo_que=marianacb/id=b1709.58-per5
1018: 

WARNING: b1709.cli line 1018 destination id of "same as" not found. Will check again at the end of file.
Near line: 1018 
Near line: 1019       b$b1709.59/18/7/1709/0/0/0/manuel martins

1019:       b$b1709.59/18/7/1709/0/0/0/manuel martins
1020: 
1021: b$b1709.59
1021:          n$joao/m/id=b1709.59-per1
1022: 
1023:             pai$jose domingues/id=b1709.59-per1-per2
1024:                ls$residencia/casal novo
1025: 
1026:             mae$maria joao/id=b1709.59-per1-per3
1027: 
1028:             pad$joao simoes/id=b1709.59-per4
1029:                ls$residencia/casal novo
1030: 
1031:             mad$maria/obs=sem ai nem mae no assento/id=b1709.59-per5
1032:                ls$ec/s
1033:                ls$residencia/casal novo
1034: 
1035:       b$b1709.60/20/7/1709/0/0/0/manuel cristovao
1036: 
1037: b$b1709.60
1037:          n$antonio/m/id=b1709.60-per1
1038: 
1039:             pai$manuel rodrigues serrao/id=b1709.60-per1-per2
1040:                ls$residencia/soure
1041: 
1042:             mae$isabel duarte?/id=b1709.60-per1-per3
1043: 
1044:             pad$jose gomes/id=b1709.60-per4
1045: 
1046:             mad$isabel cardoso/id=b1709.60-per5
1047: 
1048:       b$b1709.61/25/7/1709/0/0/0/jose pinto
1049: 
1050: b$b1709.61
1050:          n$joaquim/m/id=b1709.61-per1
1051: 
1052:             pai$domingos dos santos/id=b1709.61-per1-per2
1053:                ls$residencia/casa velha
1054: 
1055:             mae$maria de sousa/id=b1709.61-per1-per3
1056: 
1057:             pad$tome pereira/id=b1709.61-per4
1058:                ls$residencia/soure
1059: 
1060:             mad$brigida pereira/id=b1709.61-per5
1061: 
1062:                mrmad$pedro gomes/id=b1709.61-per6
1063:                   ls$residencia/casa velha
1064: 
1065:       b$b1709.62/26/7/1709/0/0/0/jose pinto
1066: 
1067: b$b1709.62
1067:          n$catarina/f/id=b1709.62-per1
1068: 
1069:             pai$manuel goncalves/id=b1709.62-per1-per2
1070:                ls$residencia/casal novo
1071: 
1072:             mae$francisca da costa/id=b1709.62-per1-per3
1073: 
1074:             pad$luis manhos/id=b1709.62-per4
1075: 
1076:             mad$catarina/id=b1709.62-per5
1077:                ls$ec/s
1078:                rel$parentesco/irma/antonio goncalves/br26071709
1079: 
1080:             referido$antonio goncalves/id=br26071709
1081:                ls$residencia/casal novo
1082:                ls$profissao/padre
1083: 
1084:       b$b1709.63/4/8/1709/0/0/0/jose pinto
1085: 
1086: b$b1709.63
1086:          n$domingos/m/id=b1709.63-per1
1087: 
1088:             pai$manuel domingues/id=b1709.63-per1-per2
1089:                ls$residencia/casconho
1090: 
1091:             mae$isabel francisca/id=b1709.63-per1-per3
1092: 
1093:             pad$domingos lourenco/id=b1709.63-per4
1094:                ls$residencia/casconho
1095: 
1096:             mad$filipa joao/id=b1709.63-per5
1097: 
1098:                mrmad$manuel joao/id=b1709.63-per6
1099:                   ls$residencia/casconho
1100: 
1101:       b$b1709.64/4/8/1709/0/0/0/jose pinto
1102: 
1103: b$b1709.64
1103:          n$rosa maria/f/id=b1709.64-per1
1104: 
1105:             pai$jose rodrigues/id=b1709.64-per1-per2
1106:                ls$residencia/vale de galegos
1107: 
1108:             mae$isabel joao/id=b1709.64-per1-per3
1109: 
1110:             pad$jose/id=b1709.64-per4
1111: 
1112:                ppad$joao rodrigues formigo/id=bppad04081709
1113:                   ls$residencia/sobral
1114: 
1115:             mad$domingas/id=b1709.64-per5
1116:                rel$parentesco/filha/joao rodrigues formigo/bppad04081709
1117: 
1118:       b$b1709.65/21/8/1709/0/0/0/jose pinto
1119: 
1120: b$b1709.65
1120:          n$luis/m/id=b1709.65-per1
1121: 
1122:             pai$mateus simoes/id=b1709.65-per1-per2
1123:                ls$residencia/alencarce de cima
1124: 
1125:             mae$maria simoes/id=b1709.65-per1-per3
1126: 
1127:             pad$luis ribeiro/mesmo_que=plribeiro/id=b1709.65-per4
1128: 

WARNING: b1709.cli line 1128 destination id of "same as" not found. Will check again at the end of file.
Near line: 1128 
Near line: 1129             mad$maria/id=b1709.65-per5

1129:             mad$maria/id=b1709.65-per5
1130: 
1131:                mmad$leonor carvalho/id=b1709.65-per6
1132:                   ls$residencia/alencarce de cima
1133: 
1134:       b$b1709.66/21/8/1709/0/0/0/jose pinto
1135: 
1136: b$b1709.66
1136:          n$domingas/f/id=b1709.66-per1
1137: 
1138:             pai$matias cordeiro/id=b1709.66-per1-per2
1139:                ls$residencia/montais
1140: 
1141:             mae$maria francisca/id=bmae21081709
1142: 
1143:             pad$manuel francisco/id=b1709.66-per3
1144:                ls$residencia/sobral
1145: 
1146:             mad$domingas/id=b1709.66-per4
1147:                ls$ec/s
1148:                rel$parentesco/irma/maria francisca/bmae21081709
1149: 
1150:       b$b1709.67/21/8/1709/0/0/0/jose pinto
1151: 
1152: b$b1709.67
1152:          n$joao/m/id=b1709.67-per1
1153: 
1154:             pai$antonio pereira/id=b1709.67-per1-per2
1155:                ls$residencia/paleao
1156: 
1157:             mae$maria simoes/id=b1709.67-per1-per3
1158: 
1159:             pad$joao gaspar/id=bpad21081709
1160:                ls$residencia/paleao
1161: 
1162:             mad$nome desconhecido/id=b1709.67-per4
1163:                rel$parentesco/irma/joao gaspar/bpad21081709
1164: 
1165:       b$b1709.68/21/8/1709/0/0/0/jose pinto/obs=sem madrinha
1166: 
1167: b$b1709.68
1167:          n$joao/m/id=b1709.68-per1
1168: 
1169:             pai$joao domingues/m/id=b1709.68-per1-per2
1170:                ls$residencia/paleao
1171: 
1172:             mae$maria leao/id=b1709.68-per1-per3
1173: 
1174:             pad$geraldo pereira coutinho/mesmo_que=gpereira/id=b1709.68-per4

WARNING: b1709.cli line 1174 destination id of "same as" not found. Will check again at the end of file.
Near line: 1174             pad$geraldo pereira coutinho/mesmo_que=gpereira/id=b1709.68-per4
Near line: 1175                ls$residencia/soure

1175:                ls$residencia/soure
1176:                ls$titulo/doutor
1177: 
1178:       b$b1709.69/25/8/1709/0/0/0/jose pinto/obs=os padrinhos sao irmaos de um dos pais masnao se percebe qual. Decidi que eram irmaos do pai porque se fossem da mae havia duas isabeis.
1179: 
1180: b$b1709.69
1180:          n$antonio/m/id=b1709.69-per1
1181: 
1182:             pai$mateus pereira/id=bpai25081709
1183:                ls$residencia/casal das brancas
1184: 
1185:             mae$isabel simoes/id=b1709.69-per1-per2
1186: 
1187:             pad$antonio/id=bpad25081709
1188:                ls$ec/s
1189:                rel$parentesco/irma/mateus pereira/bpai25081709
1190: 
1191:             mad$isabel/id=b1709.69-per3
1192:                ls$ec/s
1193:                rel$parentesco/irma/antonio/bpad25081709
1194: 
1195:       b$b1709.70/25/8/1709/0/0/0/jose pinto
1196: 
1197: b$b1709.70
1197:          n$diogo/m/id=b1709.70-per1
1198: 
1199:             pai$manuel lourenco/id=b1709.70-per1-per2
1200:                ls$residencia/bonitos
1201: 
1202:             mae$ana dias/id=b1709.70-per1-per3
1203: 
1204:             pad$diogo francisco/id=b1709.70-per4
1205:                ls$residencia/simoes
1206: 
1207:             mad$catarina de jesus/id=b1709.70-per5
1208: 
1209:             mad$maria/id=b1709.70-per6
1210:                ls$ec/s
1211:                rel$parentesco/filha/domingas de oliveira/br25081709
1212: 
1213:             referida$domingas de oliveira/id=br25081709
1214:                ls$residencia/bonitos
1215: 
1216:       b$b1709.71/1/9/1709/0/0/0/jose pinto
1217: 
1218: b$b1709.71
1218:          n$manuel/m/id=b1709.71-per1
1219: 
1220:             pai$joao goncalves/id=b1709.71-per1-per2
1221:                ls$residencia/louzoes
1222: 
1223:             mae$esperanca rodrigues/id=b1709.71-per1-per3
1224: 
1225:             pad$manuel duarte/id=b1709.71-per4
1226:                ls$residencia/migalho
1227: 
1228:             mad$maria rodrigues/id=b1709.71-per5
1229: 
1230:                mrmad$antonio jorge/id=b1709.71-per6
1231:                   ls$residencia/casal novo
1232: 
1233:       b$b1709.72/6/9/1709/0/0/0/jose pinto
1234: 
1235: b$b1709.72
1235:          n$antonio/m/id=b1709.72-per1
1236: 
1237:             pai$gregorio ferreira/id=b1709.72-per1-per2
1238:                ls$residencia/casal da charneca
1239: 
1240:             mae$cristina rodrigues/id=b1709.72-per1-per3
1241: 
1242:             pad$antonio ferreira/id=b1709.72-per4
1243:                ls$ec/s
1244:                ls$profissao/alfaiate
1245:                ls$residencia/espirito santo
1246: 
1247:             mad$maria tome/id=b1709.72-per5
1248: 
1249:                mrmad$manuel rodrigues centeio/id=b1709.72-per6
1250:                   ls$residencia/casal da charneca
1251: 
1252:       b$b1709.73/6/9/1709/0/0/0/jose pinto
1253: 
1254: b$b1709.73
1254:          n$jacinta/f/id=b1709.73-per1
1255:             ls$ilegitima/sim
1256: 
1257:             pai$sebastiao francisco/id=b1709.73-per1-per2
1258:                ls$residencia/casa velha
1259: 
1260:             mae$isabel jorge/id=b1709.73-per1-per3
1261:                ls$ec/s
1262: 
1263:             pad$antonio goncalves/id=b1709.73-per4
1264:                ls$profissao/padre
1265:                ls$residencia/casal novo
1266: 
1267:             mad$sebastiana da graca/id=b1709.73-per5
1268: 
1269:                mrmad$manuel de gouveia/id=b1709.73-per6
1270:                   ls$residencia/casal novo
1271: 
1272:       b$b1709.74/12/9/1709/0/0/0/jose pinto
1273: 
1274: b$b1709.74
1274:          n$manuel/m/id=b1709.74-per1
1275: 
1276:             pai$manuel cardoso/id=b1709.74-per1-per2
1277:                ls$residencia/corcozes
1278: 
1279:             mae$ines pedroso/id=b1709.74-per1-per3
1280: 
1281:             pad$manuel simoes/id=b1709.74-per4
1282:                ls$residencia/casal dos corcozes
1283: 
1284:             mad$isabel/id=b1709.74-per5
1285:                ls$ec/s
1286: 
1287:                pmad$manuel luis/id=b1709.74-per6
1288:                   ls$residencia/casais de s.mateus
1289: 
1290:       b$b1709.75/13/9/1709/0/0/0/jose pinto
1291: 
1292: b$b1709.75
1292:          n$caetana/f/id=b1709.75-per1
1293: 
1294:             pai$miguel da costa/id=b1709.75-per1-per2
1295:                ls$residencia/paleao
1296: 
1297:             mae$maria aires/id=b1709.75-per1-per3
1298: 
1299:             pad$antonio gomes de oliveira/id=b1709.75-per4
1300:                ls$residencia/paleao
1301: 
1302:             mad$maria simoes/id=b1709.75-per5
1303: 
1304:                mrmad$jose gomes serrano/id=b1709.75-per6
1305:                   ls$residencia/paleao
1306: 
1307:       b$b1709.76/15/9/1709/0/0/0/jose pinto
1308: 
1309: b$b1709.76
1309:          n$joao/m/id=b1709.76-per1
1310: 
1311:             pai$manuel martins/id=b1709.76-per1-per2
1312:                ls$residencia/cascao
1313: 
1314:             mae$leonor joao/id=b1709.76-per1-per3
1315: 
1316:             pad$joao/id=b1709.76-per4
1317:                ls$ec/s
1318: 
1319:                ppad$simao joao/id=b1709.76-per5
1320:                   ls$residencia/cascao
1321: 
1322:             mad$maria martins/id=b1709.76-per6
1323: 
1324:                mrmad$manuel madeira/id=b1709.76-per7
1325:                   ls$residencia/cascao
1326: 
1327:       b$b1709.77/17/9/1709/0/0/0/jose pinto
1328: 
1329: b$b1709.77
1329:          n$joao/m/id=b1709.77-per1
1330: 
1331:             pai$antonio soares/id=b1709.77-per1-per2
1332:                ls$residencia/casal da venda
1333: 
1334:             mae$catarina francisca/id=b1709.77-per1-per3
1335: 
1336:             pad$joao gomes/id=b1709.77-per4
1337:                ls$residencia/casal da venda
1338: 
1339:             mad$maria/id=b1709.77-per5
1340: 
1341:                pmad$domingos joao/id=b1709.77-per6
1342:                   ls$residencia/moinho das cavadas, freguesia da almagreira
1343:                   ls$freguesia/almagreira
1344: 
1345:       b$b1709.78/22/9/1709/0/0/0/jose pinto
1346: 
1347: b$b1709.78
1347:          n$manuel/m/id=b1709.78-per1
1348: 
1349:             pai$antonio coelho/id=b1709.78-per1-per2
1350:                ls$residencia/bonitos
1351: 
1352:             mae$isabel dos santos/id=b1709.78-per1-per3
1353: 
1354:             pad$manuel domingues/id=b1709.78-per4
1355:                ls$residencia/casais da misericordia
1356: 
1357:             mad$maria joao/id=b1709.78-per5
1358: 
1359:                mrmad$manuel simoes/id=b1709.78-per6
1360:                   ls$residencia/figueirinha, freguesia da redinha
1361:                   ls$freguesia/redinha
1362: 
1363:       b$b1709.79/22/9/1709/0/0/0/jose pinto
1364: 
1365: b$b1709.79
1365:          n$mateus/m/id=b1709.79-per1
1366: 
1367:             pai$antonio francisco/id=b1709.79-per1-per2
1368:                ls$residencia/cavaleiros
1369: 
1370:             mae$teresa francisca/id=b1709.79-per1-per3
1371: 
1372:             pad$manuel simoes/id=b1709.79-per4
1373:                ls$residencia/eureca
1374: 
1375:             mad$isabel cardoso/id=b1709.79-per5
1376:                ls$ec/v
1377:                ls$residencia/alencarce de baixo
1378: 
1379:       b$b1709.80/23/9/1709/0/0/0/jose pinto
1380: 
1381: b$b1709.80
1381:          n$joao/m/id=b1709.80-per1
1382: 
1383:             pai$antonio joao/id=b1709.80-per1-per2
1384:                ls$residencia/casconho
1385: 
1386:             mae$maria joao/id=b1709.80-per1-per3
1387: 
1388:             pad$joao/id=b1709.80-per4
1389:                ls$ec/s
1390: 
1391:                ppad$manuel domingues/id=b1709.80-per5
1392:                   ls$residencia/casconho
1393: 
1394:             mad$madalena rodrigues/id=b1709.80-per6
1395: 
1396:                mrmad$domingos simoes/id=b1709.80-per7
1397:                   ls$residencia/moinhos da figueirinha, freguesia da redinha
1398:                   ls$freguesia/redinha
1399: 
1400:       b$b1709.81/28/9/1709/0/0/0/jose pinto
1401: 
1402: b$b1709.81
1402:          n$jose/m/id=b1709.81-per1
1403: 
1404:             pai$manuel goncalves/id=b1709.81-per1-per2
1405:                ls$residencia/leonel
1406: 
1407:             mae$maria gomes/id=b1709.81-per1-per3
1408: 
1409:             pad$manuel/id=b1709.81-per4
1410:                ls$ec/s
1411: 
1412:                mpad$antonia gomes perdigao/id=bmpad28091709
1413:                   ls$residencia/alencarce de cima
1414: 
1415:             mad$grimanesa/id=b1709.81-per5
1416:                ls$ec/s
1417:                rel$parentesco/filha/antonia gomes perdigao/bmpad28091709
1418: 
1419:       b$b1709.82/29/9/1709/0/0/0/manuel martins
1420: 
1421: b$b1709.82
1421:          n$caetana/f/id=b1709.82-per1
1422: 
1423:             pai$joao de almeida/id=b1709.82-per1-per2
1424:                ls$residencia/soure
1425: 
1426:             mae$maria da assuncao/id=b1709.82-per1-per3
1427: 
1428:             pad$jose gomes/id=bpad29091709
1429:                ls$residencia/soure
1430: 
1431:             mad$antonia/id=b1709.82-per4
1432:                rel$parentesco/irma/jose gomes/bpad29091709
1433: 
1434:       b$b1709.83/7/10/1709/0/0/0/jose pinto
1435: 
1436: b$b1709.83
1436:          n$jose/m/id=b1709.83-per1
1437: 
1438:             pai$jose de andrade/id=b1709.83-per1-per2
1439:                ls$residencia/soure
1440: 
1441:             mae$maria rodrigues/id=b1709.83-per1-per3
1442: 
1443:             pad$nuno alvares pereira/id=b1709.83-per4
1444: 
1445:             mad$aldonza/id=b1709.83-per5
1446:                ls$titulo/dona
1447: 
1448:                mrmad$geraldo pereira coutinho/mesmo_que=gpereira/id=b1709.83-per6

WARNING: b1709.cli line 1448 destination id of "same as" not found. Will check again at the end of file.
Near line: 1448                mrmad$geraldo pereira coutinho/mesmo_que=gpereira/id=b1709.83-per6
Near line: 1449                   ls$cargo/desembargador

1449:                   ls$cargo/desembargador
1450: 
1451:       b$b1709.84/10/10/1709/0/0/0/jose pinto
1452: 
1453: b$b1709.84
1453:          n$domingos/m/id=b1709.84-per1
1454: 
1455:             pai$antonio simoes/id=b1709.84-per1-per2
1456:                ls$residencia/presa
1457: 
1458:             mae$maria domingues/id=b1709.84-per1-per3
1459: 
1460:             pad$sebastiao antunes/id=b1709.84-per4
1461:                ls$residencia/casal da presa
1462: 
1463:             mad$maria da costa/id=b1709.84-per5
1464:                ls$residencia/casal da presa
1465: 
1466:       b$b1709.85/13/10/1709/0/0/0/joao dos santos/obs= a partir daqui o vigario passa a manuel rodrigues
1467: 
1468: b$b1709.85
1468:          n$jose/m/id=b1709.85-per1
1469: 
1470:             pai$antonio ferreira/id=b1709.85-per1-per2
1471:                ls$residencia/melrical
1472: 
1473:             mae$isabel francisca/id=b1709.85-per1-per3
1474: 
1475:             pad$jose pinto/mesmo_que=jpinto/id=b1709.85-per4
1476: 

WARNING: b1709.cli line 1476 destination id of "same as" not found. Will check again at the end of file.
Near line: 1476 
Near line: 1477             mad$francisca antunes/id=b1709.85-per5

1477:             mad$francisca antunes/id=b1709.85-per5
1478:                ls$residencia/casal do rei
1479: 
1480:       b$b1709.86/14/10/1709/0/0/0/padre joao de deus
1481: 
1482: b$b1709.86
1482:          n$matias/m/id=b1709.86-per1
1483: 
1484:             pai$manuel goncalves/id=b1709.86-per1-per2
1485:                ls$residencia/soure
1486: 
1487:             mae$maria da silva/id=b1709.86-per1-per3
1488: 
1489:             pad$joao da costa e vasconcelos/mesmo_que=c12-7/id=b1709.86-per4
1490: 

WARNING: b1709.cli line 1490 destination id of "same as" not found. Will check again at the end of file.
Near line: 1490 
Near line: 1491             mad$caetana/id=b1709.86-per5

1491:             mad$caetana/id=b1709.86-per5
1492: 
1493:                pmad$manuel soares coelho/mesmo_que=mscoelho/id=b1709.86-per6
1494: 

WARNING: b1709.cli line 1494 destination id of "same as" not found. Will check again at the end of file.
Near line: 1494 
Near line: 1495       b$b1709.87/17/10/1709/0/0/0/manuel rodrigues (vigario)

1495:       b$b1709.87/17/10/1709/0/0/0/manuel rodrigues (vigario)
1496: 
1497: b$b1709.87
1497:          n$martinho/m/id=b1709.87-per1
1498: 
1499:             pai$mateus gomes/id=b1709.87-per1-per2
1500:                ls$residencia/soure
1501: 
1502:             mae$antonia domingues/id=b1709.87-per1-per3
1503: 
1504:             pad$martinho da cunha de sa/id=b1709.87-per4
1505:                ls$residencia/soure
1506: 
1507:             mad$apolonia henriques/id=b1709.87-per5
1508:                ls$residencia/soure
1509: 
1510:       b$b1709.88/27/10/1709/0/0/0/manuel rodrigues (vigario)
1511: 
1512: b$b1709.88
1512:          n$ines/f/id=b1709.88-per1
1513: 
1514:             pai$joao goncalves/id=b1709.88-per1-per2
1515:                ls$residencia/pinheiro
1516: 
1517:             mae$isabel gaspar/id=b1709.88-per1-per3
1518: 
1519:             pad$luis manhos/id=b1709.88-per4
1520:                ls$cargo/capitao
1521: 
1522:             mad$josefa/id=b1709.88-per5
1523: 
1524:                pmad$manuel marques de oliveira/id=b1709.88-per6
1525:                   ls$residencia/soure
1526: 
1527:                mmad$luisa pinto/id=b1709.88-per7
1528: 
1529:       b$b1709.89/31/10/1709/0/0/0/manuel rodrigues (vigario)/obs=baptisada em necessidade pela parteira, de nome desconhecido de vila nova de ancos
1530: 
1531: b$b1709.89
1531:          n$margarida/f/id=bn31101709
1532: 
1533:             pai$pedro de eiro matoso/mesmo_que=peiro/id=bn31101709-per1
1534: 

WARNING: b1709.cli line 1534 destination id of "same as" not found. Will check again at the end of file.
Near line: 1534 
Near line: 1535             mae$maria travassos/id=bn31101709-per2

1535:             mae$maria travassos/id=bn31101709-per2
1536: 
1537:             pad$jose freire de faria/id=bpad31101709
1538:                ls$titulo/doutor
1539:                ls$cargo/vigario geral do bispado de coimbra
1540: 
1541:             mad$ana maria freire de faria/id=b1709.89-per3
1542:                rel$parentesco/irma/jose freire de faria/bpad31101709
1543: 
1544:             referido$manuel duarte/id=br31101709
1545:                ls$cargo/capelao de el-rei em soure
1546:                rel$sociabilidade/baptizou em necessidade/margarida/bn31101709
1547: 
1548:       b$b1709.90/1/11/1709/0/0/0/jose pinto/obs=baptisado em necessidade por jose pinto
1549: 
1550: b$b1709.90
1550:          n$antonia/f/id=b1709.90-per1
1551: 
1552:             pai$martinho da cunha/id=b1709.90-per1-per2
1553:                ls$residencia/soure
1554: 
1555:             mae$teresa de jesus/id=b1709.90-per1-per3
1556:                ls$titulo/dona
1557: 
1558:             pad$pedro de eiro matoso/mesmo_que=peiro/id=b1709.90-per4
1559: 

WARNING: b1709.cli line 1559 destination id of "same as" not found. Will check again at the end of file.
Near line: 1559 
Near line: 1560             mad$maria da encarnacao/id=b1709.90-per5

1560:             mad$maria da encarnacao/id=b1709.90-per5
1561:                ls$ec/v
1562:                ls$residencia/soure
1563: 
1564:       b$b1709.91/9/11/1709/0/0/0/manuel rodrigues (vigario)
1565: 
1566: b$b1709.91
1566:          n$maria/f/id=bn09111709
1567: 
1568:             pai$manuel lopes/id=bn09111709-per1
1569:                ls$residencia/soure
1570: 
1571:             mae$jeronima da costa/id=bn09111709-per2
1572: 
1573:             pad$sebastiao goncalves/mesmo_que=sgoncalves/id=b1709.91-per3
1574: 

WARNING: b1709.cli line 1574 destination id of "same as" not found. Will check again at the end of file.
Near line: 1574 
Near line: 1575             mad$rosa/id=b1709.91-per4

1575:             mad$rosa/id=b1709.91-per4
1576:                rel$parentesco/filha/sebastiao goncalves/sgoncalves
1577: 
1578:             referido$manuel martins/id=br09111709
1579:                ls$profissao/padre
1580:                rel$sociabilidade/baptizou em necessidade/maria/bn09111709
1581: 
1582:       b$b1709.92/12/11/1709/0/0/0/manuel rodrigues (vigario)
1583: 
1584: b$b1709.92
1584:          n$luis/m/id=b1709.92-per1
1585: 
1586:             pai$manuel joao/id=b1709.92-per1-per2
1587:                ls$residencia/casalinhos
1588: 
1589:             mae$isabel mendes/id=b1709.92-per1-per3
1590: 
1591:             pad$luis manhos/id=b1709.92-per4
1592:                ls$residencia/soure
1593:                ls$cargo/capitao
1594: 
1595:             mad$maria francisca/id=b1709.92-per5
1596: 
1597:                mrmad$manuel simoes/id=b1709.92-per6
1598:                   ls$residencia/casalinhos
1599: 
1600:       b$b1709.93/22/11/1709/0/0/0/manuel rodrigues (vigario)
1601: 
1602: b$b1709.93
1602:          n$jose/m/id=b1709.93-per1
1603: 
1604:             pai$manuel monteiro lobo/id=b1709.93-per1-per2
1605:                ls$residencia/soure
1606: 
1607:             mae$josefa teixeira/id=b1709.93-per1-per3
1608: 
1609:             pad$jose da costa/id=bpad22111709
1610:                ls$residencia/soure
1611: 
1612:             mad$leonarda pereira/id=b1709.93-per4
1613:                rel$parentesco/mulher/jose da costa/bpad22111709
1614: 
1615:       b$b1709.94/24/11/1709/0/0/0/manuel rodrigues (vigario)
1616: 
1617: b$b1709.94
1617:          n$manuel/m/id=b1709.94-per1
1618: 
1619:             pai$antonio fernandes/id=b1709.94-per1-per2
1620:                ls$residencia/casal das galinhas
1621: 
1622:             mae$isabel jorge/id=b1709.94-per1-per3
1623: 
1624:             pad$paulo ribeiro cabral/mesmo_que=c24-7/id=b1709.94-per4
1625: 

WARNING: b1709.cli line 1625 destination id of "same as" not found. Will check again at the end of file.
Near line: 1625 
Near line: 1626             mad$isabel/id=b1709.94-per5

1626:             mad$isabel/id=b1709.94-per5
1627:                ls$titulo/dona
1628:                rel$parentesco/mulher/paulo ribeiro cabral/c24-7
1629: 
1630:       b$b1709.95/24/11/1709/0/0/0/manuel martins
1631: 
1632: b$b1709.95
1632:          n$cristina/f/id=b1709.95-per1
1633: 
1634:             pai$jose martins/id=b1709.95-per1-per2
1635:                ls$residencia/soure
1636: 
1637:             mae$joana rodrigues/id=b1709.95-per1-per3
1638: 
1639:             pad$francisco/id=b1709.95-per4
1640: 
1641:                ppad$manuel homem de quadros/mesmo_que=c6-7/id=b1709.95-per5
1642: 

WARNING: b1709.cli line 1642 destination id of "same as" not found. Will check again at the end of file.
Near line: 1642 
Near line: 1643             mad$isabel/id=b1709.95-per6

1643:             mad$isabel/id=b1709.95-per6
1644:                ls$titulo/dona
1645:                rel$parentesco/mulher/manuel homem de quadros/c6-7
1646: 
1647:       b$b1709.96/27/11/1709/0/0/0/manuel rodrigues (vigario)
1648: 
1649: b$b1709.96
1649:          n$antonio/m/id=b1709.96-per1
1650: 
1651:             pai$antonio lopes/id=b1709.96-per1-per2
1652:                ls$residencia/casais dos corcozes
1653: 
1654:             mae$isabel cardoso/id=b1709.96-per1-per3
1655: 
1656:             pad$jose gomes/id=b1709.96-per4
1657:                ls$ec/s
1658:                ls$residencia/soure
1659: 
1660:             mad$esperanca/id=b1709.96-per5
1661:                ls$ec/s
1662: 
1663:                pmad$simao luis/id=b1709.96-per6
1664:                   ls$residencia/casais de s.mateus
1665: 
1666:       b$b1709.97/30/11/1709/0/0/0/manuel rodrigues (vigario)
1667: 
1668: b$b1709.97
1668:          n$maria/f/id=b1709.97-per1
1669: 
1670:             pai$gaspar rodrigues/id=b1709.97-per1-per2
1671:                ls$residencia/casal dos podengos
1672: 
1673:             mae$antonia goncalves/id=b1709.97-per1-per3
1674: 
1675:             pad$manuel rodrigues/id=b1709.97-per4
1676:                ls$ec/s
1677:                ls$residencia/casal dos podengos
1678: 
1679:             mad$maria rodrigues/id=b1709.97-per5
1680:                ls$ec/s
1681:                ls$residencia/casal dos podengos
1682: 
1683:       b$b1709.98/2/12/1709/0/0/0/manuel rodrigues (vigario)
1684: 
1685: b$b1709.98
1685:          n$manuel/m/id=b1709.98-per1
1686: 
1687:             pai$manuel jorge/id=b1709.98-per1-per2
1688:                ls$residencia/casal do casconho
1689: 
1690:             mae$filipa joao/id=b1709.98-per1-per3
1691: 
1692:             pad$manuel rodrigues da paz/id=b1709.98-per4
1693:                ls$profissao/padre
1694:                ls$residencia/carvalhal, freguesia de tapeus
1695:                ls$freguesia/tapeus
1696: 
1697:             mad$maria/id=b1709.98-per5
1698:                ls$ec/s
1699: 
1700:                pmad$pedro francisco/id=b1709.98-per6
1701:                   ls$residencia/casal do casconho
1702: 
1703:       b$b1709.99/9/12/1709/0/0/0/manuel rodrigues (vigario)
1704: 
1705: b$b1709.99
1705:          n$manuel/m/id=b1709.99-per1
1706: 
1707:             pai$domingos cordeiro/id=b1709.99-per1-per2
1708:                ls$residencia/casal do migalho
1709: 
1710:             mae$isabel dos santos/id=b1709.99-per1-per3
1711: 
1712:             pad$manuel duarte/id=b1709.99-per4
1713:                ls$residencia/casal do migalho
1714: 
1715:             mad$maria goncalves/id=b1709.99-per5
1716: 
1717:                mrmad$joao cordeiro/id=b1709.99-per6
1718:                   ls$residencia/casal novo
1719: 
1720:       b$b1709.100/10/12/1709/0/0/0/manuel rodrigues (vigario)
1721: 
1722: b$b1709.100
1722:          n$manuel/m/id=b1709.100-per1
1723: 
1724:             pai$joao rodrigues/id=b1709.100-per1-per2
1725:                ls$residencia/portela
1726: 
1727:             mae$maria de s.miguel/id=b1709.100-per1-per3
1728: 
1729:             pad$rodrigo/mesmo_que=c6-7-rod/id=b1709.100-per4
1730: 

WARNING: b1709.cli line 1730 destination id of "same as" not found. Will check again at the end of file.
Near line: 1730 
Near line: 1731             mad$isabel/id=b1709.100-per5

1731:             mad$isabel/id=b1709.100-per5
1732:                ls$titulo/dona
1733: 
1734:                mrmad$manuel homem de quadros/mesmo_que=c6-7/id=b1709.100-per6
1735: 

WARNING: b1709.cli line 1735 destination id of "same as" not found. Will check again at the end of file.
Near line: 1735 
Near line: 1736       b$b1709.101/19/12/1709/0/0/0/francisco nunes, coadjutor em santa maria madalena, prelasia de tomar

1736:       b$b1709.101/19/12/1709/0/0/0/francisco nunes, coadjutor em santa maria madalena, prelasia de tomar
1737: 
1738: b$b1709.101
1738:          n$teresa/f/id=b1709.101-per1
1739: 
1740:             pai$joao mendes/id=b1709.101-per1-per2
1741:                ls$residencia/s.mateus
1742: 
1743:             mae$teresa maria/id=b1709.101-per1-per3
1744: 
1745:             pad$bartolomeu pimentel maldonado/id=bpad19121709
1746:                ls$residencia/tomar, freguesia de
1747:                ls$freguesia/tomar ?
1748: 
1749:             referido$francisco nunes/id=br19121709
1750:                ls$titulo/frei
1751:                ls$profissao/padre
1752:                ls$cargo/coadjutor na igreja de santa maria madalena de tomar
1753:                rel$sociabilidade/procurador em baptismo/bartolomeu pimentel maldonado/bpad19121709
1754: 
1755:       b$b1709.102/28/12/1709/0/0/0/manuel rodrigues (vigario)
1756: 
1757: b$b1709.102
1757:          n$antonio/m/id=b1709.102-per1
1758: 
1759:             pai$manuel rodrigues/id=b1709.102-per1-per2
1760:                ls$residencia/paleao
1761: 
1762:             mae$francisca leao/id=b1709.102-per1-per3
1763: 
1764:             pad$manuel domingues/id=b1709.102-per4
1765:                ls$residencia/paleao
1766: 
1767:             mad$maria da costa/id=b1709.102-per5
1768: 
1769:                mrmad$luis domingues/id=b1709.102-per6
1770:                   ls$residencia/figueirinha, freguesia da redinha
1771:                   ls$freguesia/redinha
1772: *** End of File
ERROR:  Could not find same_as id c24-7 referred in line 14. If  original reference is on another file use xsame_as

ERROR:  Could not find same_as id sgoncalves referred in line 118. If  original reference is on another file use xsame_as

ERROR:  Could not find same_as id c6-7-rod referred in line 133. If  original reference is on another file use xsame_as

ERROR:  Could not find same_as id c6-7 referred in line 135. If  original reference is on another file use xsame_as

ERROR:  Could not find same_as id c119-9 referred in line 241. If  original reference is on another file use xsame_as

ERROR:  Could not find same_as id c6-7-rod referred in line 275. If  original reference is on another file use xsame_as

ERROR:  Could not find same_as id c6-7 referred in line 277. If  original reference is on another file use xsame_as

ERROR:  Could not find same_as id c104-7 referred in line 309. If  original reference is on another file use xsame_as

ERROR:  Could not find same_as id peiro referred in line 364. If  original reference is on another file use xsame_as

ERROR:  Could not find same_as id amabreu referred in line 385. If  original reference is on another file use xsame_as

ERROR:  Could not find same_as id c2-7 referred in line 402. If  original reference is on another file use xsame_as

ERROR:  Could not find same_as id c17-7 referred in line 512. If  original reference is on another file use xsame_as

ERROR:  Could not find same_as id sgoncalves referred in line 550. If  original reference is on another file use xsame_as

ERROR:  Could not find same_as id marianacb referred in line 655. If  original reference is on another file use xsame_as

ERROR:  Could not find same_as id lmabreu referred in line 656. If  original reference is on another file use xsame_as

ERROR:  Could not find same_as id amabreu referred in line 663. If  original reference is on another file use xsame_as

ERROR:  Could not find same_as id c6-7 referred in line 733. If  original reference is on another file use xsame_as

ERROR:  Could not find same_as id c24-7 referred in line 919. If  original reference is on another file use xsame_as

ERROR:  Could not find same_as id lmabreu referred in line 932. If  original reference is on another file use xsame_as

ERROR:  Could not find same_as id mscoelho referred in line 973. If  original reference is on another file use xsame_as

ERROR:  Could not find same_as id lmabreu referred in line 1017. If  original reference is on another file use xsame_as

ERROR:  Could not find same_as id marianacb referred in line 1019. If  original reference is on another file use xsame_as

ERROR:  Could not find same_as id plribeiro referred in line 1129. If  original reference is on another file use xsame_as

ERROR:  Could not find same_as id gpereira referred in line 1175. If  original reference is on another file use xsame_as

ERROR:  Could not find same_as id gpereira referred in line 1449. If  original reference is on another file use xsame_as

ERROR:  Could not find same_as id jpinto referred in line 1477. If  original reference is on another file use xsame_as

ERROR:  Could not find same_as id c12-7 referred in line 1491. If  original reference is on another file use xsame_as

ERROR:  Could not find same_as id mscoelho referred in line 1495. If  original reference is on another file use xsame_as

ERROR:  Could not find same_as id peiro referred in line 1535. If  original reference is on another file use xsame_as

ERROR:  Could not find same_as id peiro referred in line 1560. If  original reference is on another file use xsame_as

ERROR:  Could not find same_as id sgoncalves referred in line 1575. If  original reference is on another file use xsame_as

ERROR:  Could not find same_as id c24-7 referred in line 1626. If  original reference is on another file use xsame_as

ERROR:  Could not find same_as id c6-7 referred in line 1643. If  original reference is on another file use xsame_as

ERROR:  Could not find same_as id c6-7-rod referred in line 1731. If  original reference is on another file use xsame_as

ERROR:  Could not find same_as id c6-7 referred in line 1736. If  original reference is on another file use xsame_as

35  errors. 
35  warnings.
Translation finished.
