ClioInput - version 2019.A1 - build 507 15/07/2019 21:58 
7-4-2020 15-55

Processing data file b1705.cli
-------------------------------------------
Generic Act translation module with geoentities (XML).
     Joaquim Ramos de Carvalho (joaquim@uc.pt) 
** New document: kleio
=========================
kleio translation started
=========================
Structure: gacto.str
Prefix: 
Autorel: 
Translation count: 3
Obs: 
** Processing source fonte$baptismos 1705
6: b$b1705.1
23: b$b1705.2
40: b$b1705.3
59: b$b1705.4
78: b$b1705.5
97: b$b1705.6
115: b$b1705.7
134: b$b1705.8
151: b$b1705.9
166: b$b1705.10
184: b$b1705.11
201: b$b1705.12
220: b$b1705.13
235: b$b1705.14
252: b$b1705.15
269: b$b1705.16
286: b$b1705.17
303: b$b1705.18
319: b$b1705.19
343: b$b1705.20
360: b$b1705.21
381: b$b1705.22
395: b$b1705.23
413: b$b1705.24
431: b$b1705.25
450: b$b1705.26
467: b$b1705.27
500: b$b1705.28
519: b$b1705.29
535: b$b1705.30
552: b$b1705.31
565: b$b1705.32
580: b$b1705.33
595: b$b1705.34
608: b$b1705.35
624: b$b1705.36
640: b$b1705.37
656: b$b1705.38
673: b$b1705.39
694: b$b1705.40
712: b$b1705.41
731: b$b1705.42
746: b$b1705.43
767: b$b1705.44
785: b$b1705.45
803: b$b1705.46
822: b$b1705.47
838: b$b1705.48
858: b$b1705.49
875: b$b1705.50
891: b$b1705.51
910: b$b1705.52
927: b$b1705.53
946: b$b1705.54
965: b$b1705.55
983: b$b1705.56
1007: b$b1705.57
1027: b$b1705.58
1044: b$b1705.59
1064: b$b1705.60
1082: b$b1705.61
1099: b$b1705.62
1116: b$b1705.63
1131: b$b1705.64
1149: b$b1705.65
1168: b$b1705.66
1185: b$b1705.67
1202: b$b1705.68
1219: b$b1705.69
1235: b$b1705.70
1250: b$b1705.71
1268: b$b1705.72
1284: b$b1705.73
1301: b$b1705.74
1319: b$b1705.75
1337: b$b1705.76
1354: b$b1705.77
1374: b$b1705.78
1390: b$b1705.79
1406: b$b1705.80
1423: b$b1705.81
1439: b$b1705.82
1456: b$b1705.83
1472: b$b1705.84
1487: b$b1705.85
1504: b$b1705.86
1526: b$b1705.87
1542: b$b1705.88
1558: b$b1705.89
1576: b$b1705.90
1592: b$b1705.91
1605: b$b1705.92
1626: b$b1705.93
1643: b$b1705.94
1659: b$b1705.95
1676: b$b1705.96
1692: b$b1705.97
1708: b$b1705.98
*** End of File
** Processed file- /kleio-home/sources/soure-fontes/sources/soure_fase1/baptismos/b1705.cli
** Original file- /kleio-home/sources/soure-fontes/sources/soure_fase1/baptismos/b1705.org
** Previous version- /kleio-home/sources/soure-fontes/sources/soure_fase1/baptismos/b1705.old
** Temp file with ids- /kleio-home/sources/soure-fontes/sources/soure_fase1/baptismos/b1705.ids
0  errors. 
0  warnings.
Translation finished.
