ClioInput - version 2019.A1 - build 507 15/07/2019 21:58 
9-2-2020 15-43

Processing data file b1706.cli
-------------------------------------------
Generic Act translation module with geoentities (XML).
     Joaquim Ramos de Carvalho (joaquim@uc.pt) 
** New document: kleio
=========================
kleio translation started
=========================
Structure: gacto.str
Prefix: 
Autorel: 
Translation count: 2
Obs: 
** Processing source fonte$baptismos 1706
6: b$b1706.1
23: b$b1706.2

WARNING: b1706.cli line 35 destination id of "same as" not found. Will check again at the end of file.
Near lines: 35 
Near line: 36       b$b1706.3/10/1/1706/0/0/0/jose pinto

38: b$b1706.3

WARNING: b1706.cli line 46 destination id of "same as" not found. Will check again at the end of file.
Near lines: 46 
Near line: 47             mad$teresa/id=b1706.3-per5

52: b$b1706.4
71: b$b1706.5

WARNING: b1706.cli line 79 destination id of "same as" not found. Will check again at the end of file.
Near lines: 79             pad$sebastiao machado da costa%sebastiao machado/mesmo_que=c12-8/id=b1706.5-per4
Near line: 80                ls$residencia/soure

87: b$b1706.6

WARNING: b1706.cli line 99 destination id of "same as" not found. Will check again at the end of file.
Near lines: 99             referido$antonio de meneses/mesmo_que=c113-7/id=b1706.6-per5
Near line: 100                ls$titulo/dom

109: b$b1706.7
125: b$b1706.8

WARNING: b1706.cli line 132 destination id of "same as" not found. Will check again at the end of file.
Near lines: 132             pad$sebastiao machado da costa/mesmo_que=c12-8/id=b1706.8-per4
Near line: 133                ls$residencia/soure

140: b$b1706.9
159: b$b1706.10
174: b$b1706.11
192: b$b1706.12
207: b$b1706.13

WARNING: b1706.cli line 215 destination id of "same as" not found. Will check again at the end of file.
Near lines: 215 
Near line: 216             mad$jacinta/mesmo_que=c24-7-jac/id=b1706.13-per5


WARNING: b1706.cli line 217 destination id of "same as" not found. Will check again at the end of file.
Near lines: 217 
Near line: 218       b$b1706.14/15/2/1706/0/0/0/jose pinto

220: b$b1706.14
238: b$b1706.15
252: b$b1706.16

WARNING: b1706.cli line 260 destination id of "same as" not found. Will check again at the end of file.
Near lines: 260 
Near line: 261             mad$rosa/id=b1706.16-per5

266: b$b1706.17
285: b$b1706.18
303: b$b1706.19
320: b$b1706.20

WARNING: b1706.cli line 323 destination id of "same as" not found. Will check again at the end of file.
Near lines: 323 
Near line: 324             mae$filipa/id=b1706.20-per1-per3


WARNING: b1706.cli line 328 destination id of "same as" not found. Will check again at the end of file.
Near lines: 328 
Near line: 329             mad$mariana/mesmo_que=c113-7-mar/id=b1706.20-per5


WARNING: b1706.cli line 330 destination id of "same as" not found. Will check again at the end of file.
Near lines: 330 
Near line: 331       b$b1706.21/15/3/1706/0/0/0/luis alvares pinto

333: b$b1706.21

WARNING: b1706.cli line 342 destination id of "same as" not found. Will check again at the end of file.
Near lines: 342 
Near line: 343             mad$antonia/f/id=b1706.21-per5

351: b$b1706.22
369: b$b1706.23
384: b$b1706.24
401: b$b1706.25
418: b$b1706.26
435: b$b1706.27
452: b$b1706.28
469: b$b1706.29

WARNING: b1706.cli line 477 destination id of "same as" not found. Will check again at the end of file.
Near lines: 477 
Near line: 478             mad$antonia/id=b1706.29-per5

484: b$b1706.30
502: b$b1706.31
517: b$b1706.32

WARNING: b1706.cli line 519 destination id of "same as" not found. Will check again at the end of file.
Near lines: 519             pai$manuel soares coelho/mesmo_que=mscoelho/id=b1706.32-per1-per2
Near line: 520                ls$residencia/soure


WARNING: b1706.cli line 533 destination id of "same as" not found. Will check again at the end of file.
Near lines: 533 
Near line: 534       b$b1706.33/21/4/1706/0/0/0/manuel rodrigues alvaro

536: b$b1706.33
552: b$b1706.34

WARNING: b1706.cli line 561 destination id of "same as" not found. Will check again at the end of file.
Near lines: 561                mpad$ana gaspar/mesmo_que=anagasp/id=b1706.34-per5
Near line: 562                   ls$residencia/paleao

570: b$b1706.35

WARNING: b1706.cli line 577 destination id of "same as" not found. Will check again at the end of file.
Near lines: 577             pad$jorge/mesmo_que=c113-7-jor/id=b1706.35-per4
Near line: 578                ls$titulo/dom


WARNING: b1706.cli line 580 destination id of "same as" not found. Will check again at the end of file.
Near lines: 580             mad$mariana/mesmo_que=c113-7-mar/id=b1706.35-per5
Near line: 581                ls$titulo/dona

585: b$b1706.36
600: b$b1706.37
621: b$b1706.38
638: b$b1706.39
655: b$b1706.40
670: b$b1706.41
687: b$b1706.42
706: b$b1706.43
724: b$b1706.44
741: b$b1706.45
764: b$b1706.46
780: b$b1706.47
797: b$b1706.48
817: b$b1706.49
836: b$b1706.50
851: b$b1706.51
869: b$b1706.51b
884: b$b1706.51c
903: b$b1706.51d

WARNING: b1706.cli line 915 destination id of "same as" not found. Will check again at the end of file.
Near lines: 915 
Near line: 916       b$b1706.51e/30/5/1706/0/0/0/manuel duarte

918: b$b1706.51e
936: b$b1706.51f
954: b$b1706.51g
972: b$b1706.51h

WARNING: b1706.cli line 974 destination id of "same as" not found. Will check again at the end of file.
Near lines: 974             pai$antonio manhos de abreu/mesmo_que=amabreu/id=bn03061706-per1
Near line: 975                ls$residencia/soure


WARNING: b1706.cli line 988 destination id of "same as" not found. Will check again at the end of file.
Near lines: 988             referido$ventura martins/mesmo_que=c119-9/id=b1706.51h-per6
Near line: 989                rel$sociabilidade/baptizou em necessidade/jose/bn03061706

993: b$b1706.51i
1010: b$b1706.51j
1027: b$b1706.51k
1042: b$b1706.52
1059: b$b1706.53

WARNING: b1706.cli line 1067 destination id of "same as" not found. Will check again at the end of file.
Near lines: 1067 
Near line: 1068                ppad$manuel homem de quadros/mesmo_que=c6-7/id=b1706.53-per2


WARNING: b1706.cli line 1069 destination id of "same as" not found. Will check again at the end of file.
Near lines: 1069 
Near line: 1070             mad$josefa/mesmo_que=c6-7-josa/id=b1706.53-per3


WARNING: b1706.cli line 1071 destination id of "same as" not found. Will check again at the end of file.
Near lines: 1071 
Near line: 1072       b$b1706.54/13/6/1706/0/0/0/jose pinto

1074: b$b1706.54
1091: b$b1706.55
1108: b$b1706.56
1126: b$b1706.57
1144: b$b1706.58
1152: b$b1706.59
1168: b$b1706.60
1185: b$b1706.61
1204: b$b1706.62
1221: b$b1706.63
1239: b$b1706.64
1256: b$b1706.65
1273: b$b1706.66

WARNING: b1706.cli line 1275 destination id of "same as" not found. Will check again at the end of file.
Near lines: 1275             pai$jose da cunha de sa/mesmo_que=c180-7/id=b1706.66-per1-per2
Near line: 1276                ls$residencia/quinta do sobral#sua quinta

1287: b$b1706.67
1306: b$b1706.68
1321: b$b1706.69

WARNING: b1706.cli line 1329 destination id of "same as" not found. Will check again at the end of file.
Near lines: 1329 
Near line: 1330             mad$filipa/id=b1706.69-per4


WARNING: b1706.cli line 1334 destination id of "same as" not found. Will check again at the end of file.
Near lines: 1334             referido$placido/mesmo_que=c24-7-plac/id=b1706.69-per5
Near line: 1335                rel$sociabilidade/procurador em baptismo/joao da costa de vasconcelos/c12-7

1344: b$b1706.70
1361: b$b1706.71

WARNING: b1706.cli line 1373 destination id of "same as" not found. Will check again at the end of file.
Near lines: 1373                mmad$ana gaspar/mesmo_que=anagasp/id=b1706.71-per6
Near line: 1374                   ls$residencia/paleao

1378: b$b1706.72
1394: b$b1706.73
1412: b$b1706.74
1429: b$b1706.75
1446: b$b1706.76
1461: b$b1706.77
1478: b$b1706.78

WARNING: b1706.cli line 1486 destination id of "same as" not found. Will check again at the end of file.
Near lines: 1486 
Near line: 1487             mad$cecilia/mesmo_que=c24-7-cec/id=b1706.78-per5


WARNING: b1706.cli line 1488 destination id of "same as" not found. Will check again at the end of file.
Near lines: 1488 
Near line: 1489       b$b1706.79/26/9/1706/0/0/0/luis alvares pinto

1491: b$b1706.79
1508: b$b1706.80
1525: b$b1706.81
1541: b$b1706.82
1559: b$b1706.83
1578: b$b1706.84
1595: b$b1706.85
1612: b$b1706.86
1629: b$b1706.87
1644: b$b1706.88

WARNING: b1706.cli line 1652 destination id of "same as" not found. Will check again at the end of file.
Near lines: 1652 
Near line: 1653             mad$isabel/id=b1706.88-per5

1660: b$b1706.89
1677: b$b1706.90

WARNING: b1706.cli line 1686 destination id of "same as" not found. Will check again at the end of file.
Near lines: 1686                mpad$ana gaspar/mesmo_que=anagasp/id=b1706.90-per5
Near line: 1687                   ls$profissao/paleao

1696: b$b1706.91

WARNING: b1706.cli line 1705 destination id of "same as" not found. Will check again at the end of file.
Near lines: 1705 
Near line: 1706             mad$maria joao/mesmo_que=br06111706/id=b1706.91-per2

1710: b$b1706.92
1727: b$b1706.93
1745: b$b1706.94

WARNING: b1706.cli line 1755 destination id of "same as" not found. Will check again at the end of file.
Near lines: 1755             referido$sebastiao machado da costa/id=nim/mesmo_que=c12-8
Near line: 1756                rel$sociabilidade/procurador em baptismo/nome desconhecido/bpad16111706

1765: b$b1706.95

WARNING: b1706.cli line 1773 destination id of "same as" not found. Will check again at the end of file.
Near lines: 1773 
Near line: 1774             mad$rosa/id=b1706.95-per5

1779: b$b1706.96

WARNING: b1706.cli line 1791 destination id of "same as" not found. Will check again at the end of file.
Near lines: 1791 
Near line: 1792       b$b1706.97/28/11/1706/0/0/0/luis alvares pinto/obs=baptisada em necessidade pelo padrinho

1794: b$b1706.97
1810: b$b1706.98
1829: b$b1706.99

WARNING: b1706.cli line 1837 destination id of "same as" not found. Will check again at the end of file.
Near lines: 1837 
Near line: 1838             mad$francisca/mesmo_que=c119-9-fran/id=b1706.99-per5


WARNING: b1706.cli line 1839 destination id of "same as" not found. Will check again at the end of file.
Near lines: 1839 
Near line: 1840       b$b1706.100/1/12/1706/0/0/0/manuel martins

1842: b$b1706.100
1859: b$b1706.101

WARNING: b1706.cli line 1861 destination id of "same as" not found. Will check again at the end of file.
Near lines: 1861             pai$manuel homem de quadros/mesmo_que=c6-7/id=b1706.101-per1-per2
Near line: 1862                ls$residencia/soure


WARNING: b1706.cli line 1870 destination id of "same as" not found. Will check again at the end of file.
Near lines: 1870 
Near line: 1871       b$b1706.102/13/12/1706/0/0/0/jose pinto

1873: b$b1706.102
1888: b$b1706.103

WARNING: b1706.cli line 1901 destination id of "same as" not found. Will check again at the end of file.
Near lines: 1901 
Near line: 1902       b$b1706.104/31/12/1706/0/0/0/manuel duarte

1904: b$b1706.104
*** End of File

ERROR: b1706.cli line 35  Could not find same_as id c24-7-jac. If  original reference is on another file use xsame_as
Near lines: 35 Near line: 36 

ERROR: b1706.cli line 46  Could not find same_as id mscoelho. If  original reference is on another file use xsame_as
Near lines: 46 Near line: 47 

ERROR: b1706.cli line 79  Could not find same_as id c12-8. If  original reference is on another file use xsame_as
Near lines: 79 Near line: 80 

ERROR: b1706.cli line 99  Could not find same_as id c113-7. If  original reference is on another file use xsame_as
Near lines: 99 Near line: 100 

ERROR: b1706.cli line 132  Could not find same_as id c12-8. If  original reference is on another file use xsame_as
Near lines: 132 Near line: 133 

ERROR: b1706.cli line 215  Could not find same_as id c24-7-plac. If  original reference is on another file use xsame_as
Near lines: 215 Near line: 216 

ERROR: b1706.cli line 217  Could not find same_as id c24-7-jac. If  original reference is on another file use xsame_as
Near lines: 217 Near line: 218 

ERROR: b1706.cli line 260  Could not find same_as id sgoncalves. If  original reference is on another file use xsame_as
Near lines: 260 Near line: 261 

ERROR: b1706.cli line 323  Could not find same_as id c12-7. If  original reference is on another file use xsame_as
Near lines: 323 Near line: 324 

ERROR: b1706.cli line 328  Could not find same_as id c113-7-jor. If  original reference is on another file use xsame_as
Near lines: 328 Near line: 329 

ERROR: b1706.cli line 330  Could not find same_as id c113-7-mar. If  original reference is on another file use xsame_as
Near lines: 330 Near line: 331 

ERROR: b1706.cli line 342  Could not find same_as id c24-7. If  original reference is on another file use xsame_as
Near lines: 342 Near line: 343 

ERROR: b1706.cli line 477  Could not find same_as id c113-7-jor. If  original reference is on another file use xsame_as
Near lines: 477 Near line: 478 

ERROR: b1706.cli line 519  Could not find same_as id mscoelho. If  original reference is on another file use xsame_as
Near lines: 519 Near line: 520 

ERROR: b1706.cli line 533  Could not find same_as id c24-7-jac. If  original reference is on another file use xsame_as
Near lines: 533 Near line: 534 

ERROR: b1706.cli line 561  Could not find same_as id anagasp. If  original reference is on another file use xsame_as
Near lines: 561 Near line: 562 

ERROR: b1706.cli line 577  Could not find same_as id c113-7-jor. If  original reference is on another file use xsame_as
Near lines: 577 Near line: 578 

ERROR: b1706.cli line 580  Could not find same_as id c113-7-mar. If  original reference is on another file use xsame_as
Near lines: 580 Near line: 581 

ERROR: b1706.cli line 915  Could not find same_as id c12-8. If  original reference is on another file use xsame_as
Near lines: 915 Near line: 916 

ERROR: b1706.cli line 974  Could not find same_as id amabreu. If  original reference is on another file use xsame_as
Near lines: 974 Near line: 975 

ERROR: b1706.cli line 988  Could not find same_as id c119-9. If  original reference is on another file use xsame_as
Near lines: 988 Near line: 989 

ERROR: b1706.cli line 1067  Could not find same_as id c6-7-rod. If  original reference is on another file use xsame_as
Near lines: 1067 Near line: 1068 

ERROR: b1706.cli line 1069  Could not find same_as id c6-7. If  original reference is on another file use xsame_as
Near lines: 1069 Near line: 1070 

ERROR: b1706.cli line 1071  Could not find same_as id c6-7-josa. If  original reference is on another file use xsame_as
Near lines: 1071 Near line: 1072 

ERROR: b1706.cli line 1275  Could not find same_as id c180-7. If  original reference is on another file use xsame_as
Near lines: 1275 Near line: 1276 

ERROR: b1706.cli line 1329  Could not find same_as id c12-7. If  original reference is on another file use xsame_as
Near lines: 1329 Near line: 1330 

ERROR: b1706.cli line 1334  Could not find same_as id c24-7-plac. If  original reference is on another file use xsame_as
Near lines: 1334 Near line: 1335 

ERROR: b1706.cli line 1373  Could not find same_as id anagasp. If  original reference is on another file use xsame_as
Near lines: 1373 Near line: 1374 

ERROR: b1706.cli line 1486  Could not find same_as id c24-7-plac. If  original reference is on another file use xsame_as
Near lines: 1486 Near line: 1487 

ERROR: b1706.cli line 1488  Could not find same_as id c24-7-cec. If  original reference is on another file use xsame_as
Near lines: 1488 Near line: 1489 

ERROR: b1706.cli line 1652  Could not find same_as id c104-7. If  original reference is on another file use xsame_as
Near lines: 1652 Near line: 1653 

ERROR: b1706.cli line 1686  Could not find same_as id anagasp. If  original reference is on another file use xsame_as
Near lines: 1686 Near line: 1687 

ERROR: b1706.cli line 1705  Could not find same_as id jpinto. If  original reference is on another file use xsame_as
Near lines: 1705 Near line: 1706 

ERROR: b1706.cli line 1755  Could not find same_as id c12-8. If  original reference is on another file use xsame_as
Near lines: 1755 Near line: 1756 

ERROR: b1706.cli line 1773  Could not find same_as id sgoncalves. If  original reference is on another file use xsame_as
Near lines: 1773 Near line: 1774 

ERROR: b1706.cli line 1791  Could not find same_as id mscoelho. If  original reference is on another file use xsame_as
Near lines: 1791 Near line: 1792 

ERROR: b1706.cli line 1837  Could not find same_as id c119-9. If  original reference is on another file use xsame_as
Near lines: 1837 Near line: 1838 

ERROR: b1706.cli line 1839  Could not find same_as id c119-9-fran. If  original reference is on another file use xsame_as
Near lines: 1839 Near line: 1840 

ERROR: b1706.cli line 1861  Could not find same_as id c6-7. If  original reference is on another file use xsame_as
Near lines: 1861 Near line: 1862 

ERROR: b1706.cli line 1870  Could not find same_as id c113-7. If  original reference is on another file use xsame_as
Near lines: 1870 Near line: 1871 

ERROR: b1706.cli line 1901  Could not find same_as id sgoncalves. If  original reference is on another file use xsame_as
Near lines: 1901 Near line: 1902 
41  errors. 
41  warnings.
Translation finished.
