ClioInput - version 2019.A1 - build 507 15/07/2019 21:58 
7-4-2020 16-3

Processing data file b1715.cli
-------------------------------------------
Generic Act translation module with geoentities (XML).
     Joaquim Ramos de Carvalho (joaquim@uc.pt) 
** New document: kleio
=========================
kleio translation started
=========================
Structure: gacto.str
Prefix: 
Autorel: 
Translation count: 3
Obs: 
** Processing source fonte$baptismos 1715
6: b$b1715.1
27: b$b1715.2
44: b$b1715.3
60: b$b1715.4
89: b$b1715.5
108: b$b1715.6
133: b$b1715.7
155: b$b1715.8
173: b$b1715.9
196: b$b1715.10
216: b$b1715.11
237: b$b1715.12
255: b$b1715.13
284: b$b1715.14
308: b$b1715.15
331: b$b1715.16
351: b$b1715.17
372: b$b1715.18
389: b$b1715.19
403: b$b1715.20
421: b$b1715.21
444: b$b1715.22
466: b$b1715.23
485: b$b1715.24
503: b$b1715.25
526: b$b1715.26
558: b$b1715.27
576: b$b1715.28
594: b$b1715.29
615: b$b1715.30
635: b$b1715.31
654: b$b1715.32
674: b$b1715.33
693: b$b1715.34
720: b$b1715.35
746: b$b1715.36
766: b$b1715.37
786: b$b1715.38
804: b$b1715.39
824: b$b1715.40
846: b$b1715.41
865: b$b1715.42
887: b$b1715.43
907: b$b1715.44
925: b$b1715.45
947: b$b1715.46
966: b$b1715.47
985: b$b1715.48
1005: b$b1715.49
1023: b$b1715.50
1041: b$b1715.51
1061: b$b1715.52
1080: b$b1715.53
1102: b$b1715.54
1122: b$b1715.55
1142: b$b1715.56
1161: b$b1715.57
1178: b$b1715.58
1202: b$b1715.59
1221: b$b1715.60
1241: b$b1715.61
1264: b$b1715.62
1280: b$b1715.63
1299: b$b1715.64
1319: b$b1715.65
1340: b$b1715.66
1365: b$b1715.67
1384: b$b1715.68
1404: b$b1715.69
1428: b$b1715.70
1448: b$b1715.71
1467: b$b1715.72
1489: b$b1715.73
1513: b$b1715.74
1533: b$b1715.75
1560: b$b1715.76
1581: b$b1715.77
1610: b$b1715.78
1627: b$b1715.79
1649: b$b1715.80
1669: b$b1715.81
1689: b$b1715.82
1719: b$b1715.83
1739: b$b1715.84
1762: b$b1715.85
1783: b$b1715.86
1805: b$b1715.87
1822: b$b1715.88
1841: b$b1715.89
1863: b$b1715.90
1882: b$b1715.91
1901: b$b1715.92
1924: b$b1715.93
1947: b$b1715.94
1965: b$b1715.95
1988: b$b1715.96
*** End of File
** Processed file- /kleio-home/sources/soure-fontes/sources/soure_fase1/baptismos/b1715.cli
** Original file- /kleio-home/sources/soure-fontes/sources/soure_fase1/baptismos/b1715.org
** Previous version- /kleio-home/sources/soure-fontes/sources/soure_fase1/baptismos/b1715.old
** Temp file with ids- /kleio-home/sources/soure-fontes/sources/soure_fase1/baptismos/b1715.ids
0  errors. 
0  warnings.
Translation finished.
