ClioInput - version 2019.A1 - build 507 15/07/2019 21:58 
9-2-2020 15-44

Processing data file b1719.cli
-------------------------------------------
Generic Act translation module with geoentities (XML).
     Joaquim Ramos de Carvalho (joaquim@uc.pt) 
** New document: kleio
=========================
kleio translation started
=========================
Structure: gacto.str
Prefix: 
Autorel: 
Translation count: 1
Obs: 
** Processing source fonte$baptismos 1719
6: b$b1719.1
30: b$b1719.2
50: b$b1719.3
73: b$b1719.4
100: b$b1719.5
120: b$b1719.6
141: b$b1719.7
165: b$b1719.8
185: b$b1719.9
205: b$b1719.10
225: b$b1719.11
244: b$b1719.12

WARNING: b1719.cli line 246 destination id of "same as" not found. Will check again at the end of file.
Near lines: 246             pai$alexandre mendes ravasco/mesmo_que=amravasco/id=b1719.12-per1-per2
Near line: 247                ls$residencia/soure


WARNING: b1719.cli line 254 destination id of "same as" not found. Will check again at the end of file.
Near lines: 254 
Near line: 255             mad$urcela/id=b1719.12-per5


WARNING: b1719.cli line 259 destination id of "same as" not found. Will check again at the end of file.
Near lines: 259 
Near line: 260       b$b1719.13/14/2/1719/0/0/0/manuel rodrigues (vigario)

262: b$b1719.13
281: b$b1719.14
301: b$b1719.15
321: b$b1719.16
338: b$b1719.17

WARNING: b1719.cli line 348 destination id of "same as" not found. Will check again at the end of file.
Near lines: 348 
Near line: 349             mad$barbara/id=b1719.17-per5

359: b$b1719.18

WARNING: b1719.cli line 371 destination id of "same as" not found. Will check again at the end of file.
Near lines: 371                ppad$luis manhos de abreu/mesmo_que=lmabreu/id=b1719.18-per5
Near line: 372                   ls$cargo/capitao

379: b$b1719.19
404: b$b1719.20

WARNING: b1719.cli line 417 destination id of "same as" not found. Will check again at the end of file.
Near lines: 417 
Near line: 418             mad$catarina/id=b1719.20-per4

424: b$b1719.21

WARNING: b1719.cli line 434 destination id of "same as" not found. Will check again at the end of file.
Near lines: 434 
Near line: 435             mad$micaela/id=b1719.21-per4


WARNING: b1719.cli line 438 destination id of "same as" not found. Will check again at the end of file.
Near lines: 438                mrmad$manuel soares coelho/mesmo_que=mscoelho/id=b1719.21-per5
Near line: 439                   ls$residencia/soure

447: b$b1719.22
466: b$b1719.23
484: b$b1719.24

WARNING: b1719.cli line 497 destination id of "same as" not found. Will check again at the end of file.
Near lines: 497 
Near line: 498             mad$mariana/id=b1719.24-per6

506: b$b1719.25
531: b$b1719.26
552: b$b1719.27

WARNING: b1719.cli line 562 destination id of "same as" not found. Will check again at the end of file.
Near lines: 562 
Near line: 563             mad$josefa maria de azevedo/mesmo_que=c6-7-josa/id=b1719.27-per5


WARNING: b1719.cli line 563 destination id of "same as" not found. Will check again at the end of file.
Near lines: 563             mad$josefa maria de azevedo/mesmo_que=c6-7-josa/id=b1719.27-per5
Near line: 564                ls$nome/josefa maria de azevedo


WARNING: b1719.cli line 570 destination id of "same as" not found. Will check again at the end of file.
Near lines: 570             referido$manuel homem de quadros/mesmo_que=c6-7-man/id=b1719.27-per6
Near line: 571                rel$parentesco/irmao/rodrigo homem de quadros/c6-7-rod

575: b$b1719.28
592: b$b1719.29
616: b$b1719.30
636: b$b1719.31
655: b$b1719.32
674: b$b1719.33
697: b$b1719.34
722: b$b1719.35
742: b$b1719.36
767: b$b1719.37
789: b$b1719.38
809: b$b1719.39

WARNING: b1719.cli line 821 destination id of "same as" not found. Will check again at the end of file.
Near lines: 821                ppad$joao gomes carrasco/mesmo_que=jgcarrasco/id=b1719.39-per5
Near line: 822                   ls$residencia/casal da venda

832: b$b1719.40
851: b$b1719.41

WARNING: b1719.cli line 881 destination id of "same as" not found. Will check again at the end of file.
Near lines: 881             referido$manuel soares coelho/id=br14051719b/mesmo_que=mscoelho
Near line: 882                rel$sociabilidade/procurador em baptismo/mariana/bmad14051719


WARNING: b1719.cli line 889 destination id of "same as" not found. Will check again at the end of file.
Near lines: 889             referido$antonio manhos de abreu/mesmo_que=amabreu/id=b1719.41-per3
Near line: 890                ls$titulo/doutor

895: b$b1719.42
914: b$b1719.43

WARNING: b1719.cli line 924 destination id of "same as" not found. Will check again at the end of file.
Near lines: 924 
Near line: 925             mad$francisca/id=b1719.43-per5


WARNING: b1719.cli line 932 destination id of "same as" not found. Will check again at the end of file.
Near lines: 932 
Near line: 933       b$b1719.44/21/5/1719/0/0/0/manuel rodrigues (vigario)

935: b$b1719.44

WARNING: b1719.cli line 946 destination id of "same as" not found. Will check again at the end of file.
Near lines: 946             pad$francisco homem de quadros/mesmo_que=c6-7-fran/id=b1719.44-per4
Near line: 947                ls$ec/s

958: b$b1719.45

WARNING: b1719.cli line 976 destination id of "same as" not found. Will check again at the end of file.
Near lines: 976             referido$manuel duarte/mesmo_que=pmduarte/id=b1719.45-per6
Near line: 977                ls$profissao/padre

981: b$b1719.46
1005: b$b1719.47
1025: b$b1719.48
1044: b$b1719.49

WARNING: b1719.cli line 1054 destination id of "same as" not found. Will check again at the end of file.
Near lines: 1054 
Near line: 1055             mad$josefa maria de azevedo/mesmo_que=c6-7-josa/id=b1719.49-per5


WARNING: b1719.cli line 1055 destination id of "same as" not found. Will check again at the end of file.
Near lines: 1055             mad$josefa maria de azevedo/mesmo_que=c6-7-josa/id=b1719.49-per5
Near line: 1056                ls$nome/josefa de azevedo

1063: b$b1719.50
1085: b$b1719.51
1105: b$b1719.52
1131: b$b1719.53

WARNING: b1719.cli line 1141 destination id of "same as" not found. Will check again at the end of file.
Near lines: 1141 
Near line: 1142             mad$josefa maria de azevedo/mesmo_que=c6-7-josa/id=b1719.53-per5


WARNING: b1719.cli line 1142 destination id of "same as" not found. Will check again at the end of file.
Near lines: 1142             mad$josefa maria de azevedo/mesmo_que=c6-7-josa/id=b1719.53-per5
Near line: 1143                ls$nome/josefa de azevedo


WARNING: b1719.cli line 1145 destination id of "same as" not found. Will check again at the end of file.
Near lines: 1145             referido$tomas da silva/mesmo_que=c6-7-tom/id=b1719.53-per6
Near line: 1146                ls$profissao/padre

1153: b$b1719.54
1176: b$b1719.55
1196: b$b1719.56
1221: b$b1719.57
1240: b$b1719.58
1264: b$b1719.59
1291: b$b1719.60
1310: b$b1719.61
1330: b$b1719.62
1352: b$b1719.63
1371: b$b1719.64
1392: b$b1719.65
1412: b$b1719.66

WARNING: b1719.cli line 1424 destination id of "same as" not found. Will check again at the end of file.
Near lines: 1424                ppad$joao gomes carrasco/mesmo_que=jgcarrasco/id=b1719.66-per5
Near line: 1425                   ls$residencia/casal da venda


WARNING: b1719.cli line 1430 destination id of "same as" not found. Will check again at the end of file.
Near lines: 1430 
Near line: 1431       b$b1719.67/18/6/1719/0/0/0/antonio de sousa

1433: b$b1719.67

WARNING: b1719.cli line 1445 destination id of "same as" not found. Will check again at the end of file.
Near lines: 1445                ppad$joao gomes carrasco/mesmo_que=jgcarrasco/id=b1719.67-per5
Near line: 1446                   ls$residencia/casal da venda

1455: b$b1719.68
1473: b$b1719.69
1493: b$b1719.70

WARNING: b1719.cli line 1512 destination id of "same as" not found. Will check again at the end of file.
Near lines: 1512             referido$francisco marques/id=br01071719/mesmo_que=c6-7-fm
Near line: 1513                rel$sociabilidade/baptisou em necessidade/maria/bn01071719

1517: b$b1719.71
1537: b$b1719.72

WARNING: b1719.cli line 1546 destination id of "same as" not found. Will check again at the end of file.
Near lines: 1546             pad$henrique francisco jose da costa carvalho e sousa patalim/mesmo_que=condehenrique/id=b1719.72-per4
Near line: 1547                ls$titulo/dom


WARNING: b1719.cli line 1554 destination id of "same as" not found. Will check again at the end of file.
Near lines: 1554             referido$jose barbosa canais/mesmo_que=c17-7/id=b1719.72-per5
Near line: 1555                ls$residencia/soure


WARNING: b1719.cli line 1558 destination id of "same as" not found. Will check again at the end of file.
Near lines: 1558             referido$luis manhos de abreu/mesmo_que=lmabreu/id=b1719.72-per6
Near line: 1559                rel$sociabilidade/procurador em baptismo/antonia de ruao/condessaantonia

1563: b$b1719.73
1582: b$b1719.74
1602: b$b1719.75
1619: b$b1719.76
1639: b$b1719.77
1665: b$b1719.78
1684: b$b1719.79
1705: b$b1719.80
1725: b$b1719.81
1748: b$b1719.82
1766: b$b1719.83
1785: b$b1719.84
1808: b$b1719.85
1828: b$b1719.86

WARNING: b1719.cli line 1839 destination id of "same as" not found. Will check again at the end of file.
Near lines: 1839 
Near line: 1840             mad$antonia gomes/id=b1719.86-per4

1849: b$b1719.87
1871: b$b1719.88

WARNING: b1719.cli line 1881 destination id of "same as" not found. Will check again at the end of file.
Near lines: 1881 
Near line: 1882             mad$isabel gomes/id=b1719.88-per5

1889: b$b1719.89
1909: b$b1719.90
1928: b$b1719.91
1952: b$b1719.92

WARNING: b1719.cli line 1962 destination id of "same as" not found. Will check again at the end of file.
Near lines: 1962 
Near line: 1963             mad$maria de s.miguel/id=b1719.92-per5

1969: b$b1719.93
1993: b$b1719.94
2013: b$b1719.95

WARNING: b1719.cli line 2034 destination id of "same as" not found. Will check again at the end of file.
Near lines: 2034             referido$luis soares coelho/mesmo_que=lsc1/id=b1719.95-per6
Near line: 2035                rel$sociabilidade/procurador em baptismo/diogo cordeiro/bpad15101719

2039: b$b1719.96
2062: b$b1719.97
2087: b$b1719.98
2108: b$b1719.99
2127: b$b1719.100
2147: b$b1719.101
2168: b$b1719.102
2188: b$b1719.103
2210: b$b1719.104
2230: b$b1719.105
2253: b$b1719.106
2270: b$b1719.107
2291: b$b1719.108
2310: b$b1719.109

WARNING: b1719.cli line 2320 destination id of "same as" not found. Will check again at the end of file.
Near lines: 2320 
Near line: 2321             mad$josefa maria de azevedo/mesmo_que=c6-7-josa/id=b1719.109-per5


WARNING: b1719.cli line 2322 destination id of "same as" not found. Will check again at the end of file.
Near lines: 2322 
Near line: 2323             referido$francisco marques/mesmo_que=c6-7-fm/id=b1719.109-per6


WARNING: b1719.cli line 2323 destination id of "same as" not found. Will check again at the end of file.
Near lines: 2323             referido$francisco marques/mesmo_que=c6-7-fm/id=b1719.109-per6
Near line: 2324                rel$sociabilidade/procurador em baptismo/rodrigo homem de quadros/c6-7-rod


WARNING: b1719.cli line 2331 destination id of "same as" not found. Will check again at the end of file.
Near lines: 2331 
Near line: 2332       b$b1719.110/17/12/1719/0/0/0/manuel rodrigues (vigario)

2334: b$b1719.110
2355: b$b1719.111
2374: b$b1719.112
2394: b$b1719.113
2411: b$b1719.114
2439: b$b1719.115
*** End of File

ERROR: b1719.cli line 246  Could not find same_as id amravasco. If  original reference is on another file use xsame_as
Near lines: 246 Near line: 247 

ERROR: b1719.cli line 254  Could not find same_as id vig2. If  original reference is on another file use xsame_as
Near lines: 254 Near line: 255 

ERROR: b1719.cli line 259  Could not find same_as id amravasco. If  original reference is on another file use xsame_as
Near lines: 259 Near line: 260 

ERROR: b1719.cli line 348  Could not find same_as id hbcanais. If  original reference is on another file use xsame_as
Near lines: 348 Near line: 349 

ERROR: b1719.cli line 371  Could not find same_as id lmabreu. If  original reference is on another file use xsame_as
Near lines: 371 Near line: 372 

ERROR: b1719.cli line 417  Could not find same_as id vig2. If  original reference is on another file use xsame_as
Near lines: 417 Near line: 418 

ERROR: b1719.cli line 434  Could not find same_as id ppessoa. If  original reference is on another file use xsame_as
Near lines: 434 Near line: 435 

ERROR: b1719.cli line 438  Could not find same_as id mscoelho. If  original reference is on another file use xsame_as
Near lines: 438 Near line: 439 

ERROR: b1719.cli line 497  Could not find same_as id jgcarrasco. If  original reference is on another file use xsame_as
Near lines: 497 Near line: 498 

ERROR: b1719.cli line 562  Could not find same_as id c6-7-rod. If  original reference is on another file use xsame_as
Near lines: 562 Near line: 563 

ERROR: b1719.cli line 563  Could not find same_as id c6-7-josa. If  original reference is on another file use xsame_as
Near lines: 563 Near line: 564 

ERROR: b1719.cli line 570  Could not find same_as id c6-7-man. If  original reference is on another file use xsame_as
Near lines: 570 Near line: 571 

ERROR: b1719.cli line 821  Could not find same_as id jgcarrasco. If  original reference is on another file use xsame_as
Near lines: 821 Near line: 822 

ERROR: b1719.cli line 881  Could not find same_as id mscoelho. If  original reference is on another file use xsame_as
Near lines: 881 Near line: 882 

ERROR: b1719.cli line 889  Could not find same_as id amabreu. If  original reference is on another file use xsame_as
Near lines: 889 Near line: 890 

ERROR: b1719.cli line 924  Could not find same_as id plribeiro. If  original reference is on another file use xsame_as
Near lines: 924 Near line: 925 

ERROR: b1719.cli line 932  Could not find same_as id c12-7. If  original reference is on another file use xsame_as
Near lines: 932 Near line: 933 

ERROR: b1719.cli line 946  Could not find same_as id c6-7-fran. If  original reference is on another file use xsame_as
Near lines: 946 Near line: 947 

ERROR: b1719.cli line 976  Could not find same_as id pmduarte. If  original reference is on another file use xsame_as
Near lines: 976 Near line: 977 

ERROR: b1719.cli line 1054  Could not find same_as id c6-7-fran. If  original reference is on another file use xsame_as
Near lines: 1054 Near line: 1055 

ERROR: b1719.cli line 1055  Could not find same_as id c6-7-josa. If  original reference is on another file use xsame_as
Near lines: 1055 Near line: 1056 

ERROR: b1719.cli line 1141  Could not find same_as id c6-7-rod. If  original reference is on another file use xsame_as
Near lines: 1141 Near line: 1142 

ERROR: b1719.cli line 1142  Could not find same_as id c6-7-josa. If  original reference is on another file use xsame_as
Near lines: 1142 Near line: 1143 

ERROR: b1719.cli line 1145  Could not find same_as id c6-7-tom. If  original reference is on another file use xsame_as
Near lines: 1145 Near line: 1146 

ERROR: b1719.cli line 1424  Could not find same_as id jgcarrasco. If  original reference is on another file use xsame_as
Near lines: 1424 Near line: 1425 

ERROR: b1719.cli line 1430  Could not find same_as id jgcarrasco. If  original reference is on another file use xsame_as
Near lines: 1430 Near line: 1431 

ERROR: b1719.cli line 1445  Could not find same_as id jgcarrasco. If  original reference is on another file use xsame_as
Near lines: 1445 Near line: 1446 

ERROR: b1719.cli line 1512  Could not find same_as id c6-7-fm. If  original reference is on another file use xsame_as
Near lines: 1512 Near line: 1513 

ERROR: b1719.cli line 1546  Could not find same_as id condehenrique. If  original reference is on another file use xsame_as
Near lines: 1546 Near line: 1547 

ERROR: b1719.cli line 1554  Could not find same_as id c17-7. If  original reference is on another file use xsame_as
Near lines: 1554 Near line: 1555 

ERROR: b1719.cli line 1558  Could not find same_as id lmabreu. If  original reference is on another file use xsame_as
Near lines: 1558 Near line: 1559 

ERROR: b1719.cli line 1839  Could not find same_as id ppessoa. If  original reference is on another file use xsame_as
Near lines: 1839 Near line: 1840 

ERROR: b1719.cli line 1881  Could not find same_as id vig2. If  original reference is on another file use xsame_as
Near lines: 1881 Near line: 1882 

ERROR: b1719.cli line 1962  Could not find same_as id dggalhardo. If  original reference is on another file use xsame_as
Near lines: 1962 Near line: 1963 

ERROR: b1719.cli line 2034  Could not find same_as id lsc1. If  original reference is on another file use xsame_as
Near lines: 2034 Near line: 2035 

ERROR: b1719.cli line 2320  Could not find same_as id c6-7-rod. If  original reference is on another file use xsame_as
Near lines: 2320 Near line: 2321 

ERROR: b1719.cli line 2322  Could not find same_as id c6-7-josa. If  original reference is on another file use xsame_as
Near lines: 2322 Near line: 2323 

ERROR: b1719.cli line 2323  Could not find same_as id c6-7-fm. If  original reference is on another file use xsame_as
Near lines: 2323 Near line: 2324 

ERROR: b1719.cli line 2331  Could not find same_as id c6-7-isa. If  original reference is on another file use xsame_as
Near lines: 2331 Near line: 2332 
39  errors. 
39  warnings.
Translation finished.
