ClioInput - version 2019.A1 - build 507 15/07/2019 21:58 
21-2-2020 10-24

Processing data file b1713.cli
-------------------------------------------
Generic Act translation module with geoentities (XML).
     Joaquim Ramos de Carvalho (joaquim@uc.pt) 
** New document: kleio
=========================
kleio translation started
=========================
Structure: gacto.str
Prefix: 
Autorel: 
Translation count: 2
Obs: 
** Processing source fonte$baptismos 1713
6: b$b1713.1
24: b$b1713.2
43: b$b1713.3
59: b$b1713.4
76: b$b1713.5
91: b$b1713.6
110: b$b1713.7
128: b$b1713.8
145: b$b1713.9
163: b$b1713.10
179: b$b1713.11
199: b$b1713.12
214: b$b1713.13
231: b$b1713.14
249: b$b1713.15
263: b$b1713.16
281: b$b1713.17
299: b$b1713.18
317: b$b1713.19
334: b$b1713.20
352: b$b1713.21
369: b$b1713.22
387: b$b1713.23
400: b$b1713.24
417: b$b1713.25
440: b$b1713.26
455: b$b1713.27
472: b$b1713.28
491: b$b1713.29
507: b$b1713.30
526: b$b1713.31
547: b$b1713.32
566: b$b1713.33
581: b$b1713.34
598: b$b1713.35
614: b$b1713.36
630: b$b1713.37
646: b$b1713.38
663: b$b1713.39
685: b$b1713.40
704: b$b1713.41
722: b$b1713.42
745: b$b1713.43
763: b$b1713.44
785: b$b1713.45
803: b$b1713.46
820: b$b1713.47
834: b$b1713.48
852: b$b1713.49
875: b$b1713.50
893: b$b1713.51
912: b$b1713.52
929: b$b1713.53
947: b$b1713.54
964: b$b1713.55
987: b$b1713.56
1003: b$b1713.57
1020: b$b1713.58
1044: b$b1713.59
1062: b$b1713.60
1080: b$b1713.61
1099: b$b1713.62
1119: b$b1713.63
1136: b$b1713.64
1155: b$b1713.65
1172: b$b1713.66
1190: b$b1713.67
1205: b$b1713.68
1222: b$b1713.69
1241: b$b1713.70
1258: b$b1713.71
1273: b$b1713.72
1289: b$b1713.73
1307: b$b1713.74
1326: b$b1713.75
1346: b$b1713.76
1366: b$b1713.77
1383: b$b1713.78
1401: b$b1713.79
1422: b$b1713.80
1440: b$b1713.81
1457: b$b1713.82
1476: b$b1713.83
1493: b$b1713.84
1512: b$b1713.85
1531: b$b1713.86
1546: b$b1713.87
1568: b$b1713.88
1593: b$b1713.89
1608: b$b1713.90
1627: b$b1713.91
1644: b$b1713.92
1663: b$b1713.93
1679: b$b1713.94
1697: b$b1713.95
1716: b$b1713.96
1733: b$b1713.97
1755: b$b1713.98
1778: b$b1713.99
1798: b$b1713.100
1816: b$b1713.101
1836: b$b1713.102
1863: b$b1713.103
1880: b$b1713.104
1902: b$b1713.105
1924: b$b1713.106
1942: b$b1713.107
1960: b$b1713.108
1983: b$b1713.109
2003: b$b1713.110
*** End of File

WARNING: b1713.cli line 50  "SAME AS" TO EXTERNAL REFERENCE EXPORTED (c1712.14-5) CHECK IF IT EXISTS BEFORE IMPORTING THIS FILE.
Near lines: 50 Near line: 51 

WARNING: b1713.cli line 56  "SAME AS" TO EXTERNAL REFERENCE EXPORTED (c12-7) CHECK IF IT EXISTS BEFORE IMPORTING THIS FILE.
Near lines: 56 Near line: 57 

WARNING: b1713.cli line 83  "SAME AS" TO EXTERNAL REFERENCE EXPORTED (c6-7-rod) CHECK IF IT EXISTS BEFORE IMPORTING THIS FILE.
Near lines: 83 Near line: 84 

WARNING: b1713.cli line 86  "SAME AS" TO EXTERNAL REFERENCE EXPORTED (c6-7-isa) CHECK IF IT EXISTS BEFORE IMPORTING THIS FILE.
Near lines: 86 Near line: 87 

WARNING: b1713.cli line 117  "SAME AS" TO EXTERNAL REFERENCE EXPORTED (c1712.14-5) CHECK IF IT EXISTS BEFORE IMPORTING THIS FILE.
Near lines: 117 Near line: 118 

WARNING: b1713.cli line 125  "SAME AS" TO EXTERNAL REFERENCE EXPORTED (c12-7) CHECK IF IT EXISTS BEFORE IMPORTING THIS FILE.
Near lines: 125 Near line: 126 

WARNING: b1713.cli line 138  "SAME AS" TO EXTERNAL REFERENCE EXPORTED (marianacb) CHECK IF IT EXISTS BEFORE IMPORTING THIS FILE.
Near lines: 138 Near line: 139 

WARNING: b1713.cli line 142  "SAME AS" TO EXTERNAL REFERENCE EXPORTED (lmabreu) CHECK IF IT EXISTS BEFORE IMPORTING THIS FILE.
Near lines: 142 Near line: 143 

WARNING: b1713.cli line 171  "SAME AS" TO EXTERNAL REFERENCE EXPORTED (c17-7) CHECK IF IT EXISTS BEFORE IMPORTING THIS FILE.
Near lines: 171 Near line: 172 

WARNING: b1713.cli line 208  "SAME AS" TO EXTERNAL REFERENCE EXPORTED (c12-7) CHECK IF IT EXISTS BEFORE IMPORTING THIS FILE.
Near lines: 208 Near line: 209 

WARNING: b1713.cli line 257  "SAME AS" TO EXTERNAL REFERENCE EXPORTED (c1712.14-5) CHECK IF IT EXISTS BEFORE IMPORTING THIS FILE.
Near lines: 257 Near line: 258 

WARNING: b1713.cli line 294  "SAME AS" TO EXTERNAL REFERENCE EXPORTED (plribeiro) CHECK IF IT EXISTS BEFORE IMPORTING THIS FILE.
Near lines: 294 Near line: 295 

WARNING: b1713.cli line 324  "SAME AS" TO EXTERNAL REFERENCE EXPORTED (sgoncalves) CHECK IF IT EXISTS BEFORE IMPORTING THIS FILE.
Near lines: 324 Near line: 325 

WARNING: b1713.cli line 462  "SAME AS" TO EXTERNAL REFERENCE EXPORTED (pmduarte) CHECK IF IT EXISTS BEFORE IMPORTING THIS FILE.
Near lines: 462 Near line: 463 

WARNING: b1713.cli line 501  "SAME AS" TO EXTERNAL REFERENCE EXPORTED (c6-7) CHECK IF IT EXISTS BEFORE IMPORTING THIS FILE.
Near lines: 501 Near line: 502 

WARNING: b1713.cli line 621  "SAME AS" TO EXTERNAL REFERENCE EXPORTED (plribeiro) CHECK IF IT EXISTS BEFORE IMPORTING THIS FILE.
Near lines: 621 Near line: 622 

WARNING: b1713.cli line 627  "SAME AS" TO EXTERNAL REFERENCE EXPORTED (c12-7) CHECK IF IT EXISTS BEFORE IMPORTING THIS FILE.
Near lines: 627 Near line: 628 

WARNING: b1713.cli line 753  "SAME AS" TO EXTERNAL REFERENCE EXPORTED (mscoelho) CHECK IF IT EXISTS BEFORE IMPORTING THIS FILE.
Near lines: 753 Near line: 754 

WARNING: b1713.cli line 771  "SAME AS" TO EXTERNAL REFERENCE EXPORTED (c17-7-luis) CHECK IF IT EXISTS BEFORE IMPORTING THIS FILE.
Near lines: 771 Near line: 772 

WARNING: b1713.cli line 828  "SAME AS" TO EXTERNAL REFERENCE EXPORTED (sgoncalves) CHECK IF IT EXISTS BEFORE IMPORTING THIS FILE.
Near lines: 828 Near line: 829 

WARNING: b1713.cli line 1107  "SAME AS" TO EXTERNAL REFERENCE EXPORTED (vig2) CHECK IF IT EXISTS BEFORE IMPORTING THIS FILE.
Near lines: 1107 Near line: 1108 

WARNING: b1713.cli line 1127  "SAME AS" TO EXTERNAL REFERENCE EXPORTED (vig2) CHECK IF IT EXISTS BEFORE IMPORTING THIS FILE.
Near lines: 1127 Near line: 1128 

WARNING: b1713.cli line 1198  "SAME AS" TO EXTERNAL REFERENCE EXPORTED (plribeiro) CHECK IF IT EXISTS BEFORE IMPORTING THIS FILE.
Near lines: 1198 Near line: 1199 

WARNING: b1713.cli line 1267  "SAME AS" TO EXTERNAL REFERENCE EXPORTED (c12-8) CHECK IF IT EXISTS BEFORE IMPORTING THIS FILE.
Near lines: 1267 Near line: 1268 

WARNING: b1713.cli line 1268  "SAME AS" TO EXTERNAL REFERENCE EXPORTED (c12-8-ang) CHECK IF IT EXISTS BEFORE IMPORTING THIS FILE.
Near lines: 1268 Near line: 1269 

WARNING: b1713.cli line 1541  "SAME AS" TO EXTERNAL REFERENCE EXPORTED (c6-7-anta) CHECK IF IT EXISTS BEFORE IMPORTING THIS FILE.
Near lines: 1541 Near line: 1542 

WARNING: b1713.cli line 1561  "SAME AS" TO EXTERNAL REFERENCE EXPORTED (plribeiro) CHECK IF IT EXISTS BEFORE IMPORTING THIS FILE.
Near lines: 1561 Near line: 1562 

WARNING: b1713.cli line 1570  "SAME AS" TO EXTERNAL REFERENCE EXPORTED (c12-7) CHECK IF IT EXISTS BEFORE IMPORTING THIS FILE.
Near lines: 1570 Near line: 1571 

WARNING: b1713.cli line 1583  "SAME AS" TO EXTERNAL REFERENCE EXPORTED (gpereira) CHECK IF IT EXISTS BEFORE IMPORTING THIS FILE.
Near lines: 1583 Near line: 1584 

WARNING: b1713.cli line 1726  "SAME AS" TO EXTERNAL REFERENCE EXPORTED (vig2) CHECK IF IT EXISTS BEFORE IMPORTING THIS FILE.
Near lines: 1726 Near line: 1727 

WARNING: b1713.cli line 1845  "SAME AS" TO EXTERNAL REFERENCE EXPORTED (c194-7) CHECK IF IT EXISTS BEFORE IMPORTING THIS FILE.
Near lines: 1845 Near line: 1846 

WARNING: b1713.cli line 1848  "SAME AS" TO EXTERNAL REFERENCE EXPORTED (c6-7-isa) CHECK IF IT EXISTS BEFORE IMPORTING THIS FILE.
Near lines: 1848 Near line: 1849 

WARNING: b1713.cli line 1933  "SAME AS" TO EXTERNAL REFERENCE EXPORTED (c12-7) CHECK IF IT EXISTS BEFORE IMPORTING THIS FILE.
Near lines: 1933 Near line: 1934 
** Processed file- /kleio-home/sources/soure/soure-sources/sources/soure_fase1/baptismos/b1713.cli
** Original file- /kleio-home/sources/soure/soure-sources/sources/soure_fase1/baptismos/b1713.org
** Previous version- /kleio-home/sources/soure/soure-sources/sources/soure_fase1/baptismos/b1713.old
** Temp file with ids- /kleio-home/sources/soure/soure-sources/sources/soure_fase1/baptismos/b1713.ids
0  errors. 
33  warnings.
Translation finished.
