ClioInput - version 2019.A1 - build 507 15/07/2019 21:58 
9-2-2020 15-43

Processing data file b1714.cli
-------------------------------------------
Generic Act translation module with geoentities (XML).
     Joaquim Ramos de Carvalho (joaquim@uc.pt) 
** New document: kleio
=========================
kleio translation started
=========================
Structure: gacto.str
Prefix: 
Autorel: 
Translation count: 2
Obs: 
** Processing source fonte$baptismos 1714
6: b$b1714.1
27: b$b1714.2
47: b$b1714.3
72: b$b1714.4
92: b$b1714.5

WARNING: b1714.cli line 101 destination id of "same as" not found. Will check again at the end of file.
Near lines: 101             pad$rodrigo/mesmo_que=c6-7-rod/id=b1714.5-per4
Near line: 102                ls$nome/rodrigo homem de quadros

113: b$b1714.6
136: b$b1714.7
156: b$b1714.8
177: b$b1714.9

WARNING: b1714.cli line 187 destination id of "same as" not found. Will check again at the end of file.
Near lines: 187             pad$rodrigo/mesmo_que=c6-7-rod/id=b1714.9-per4
Near line: 188                ls$nome/rodrigo homem de quadros

198: b$b1714.10
220: b$b1714.11
242: b$b1714.12
263: b$b1714.13

WARNING: b1714.cli line 278 destination id of "same as" not found. Will check again at the end of file.
Near lines: 278 
Near line: 279       b$b1714.14/26/2/1714/0/0/0/manuel rodrigues (vigario)

281: b$b1714.14
305: b$b1714.15
323: b$b1714.16
351: b$b1714.17
373: b$b1714.18
393: b$b1714.19
413: b$b1714.20
435: b$b1714.21
455: b$b1714.22
474: b$b1714.23
490: b$b1714.24
521: b$b1714.25
541: b$b1714.26
560: b$b1714.27
579: b$b1714.28

WARNING: b1714.cli line 589 destination id of "same as" not found. Will check again at the end of file.
Near lines: 589 
Near line: 590             mad$francisca ferreira/id=b1714.28-per5

596: b$b1714.29

WARNING: b1714.cli line 606 destination id of "same as" not found. Will check again at the end of file.
Near lines: 606 
Near line: 607             mad$rosa maria de sousa/id=b1714.29-per5

615: b$b1714.30
638: b$b1714.31
659: b$b1714.32
681: b$b1714.33
701: b$b1714.34
722: b$b1714.35
741: b$b1714.36
765: b$b1714.37

WARNING: b1714.cli line 775 destination id of "same as" not found. Will check again at the end of file.
Near lines: 775 
Near line: 776             mad$antonia/id=b1714.37-per5

782: b$b1714.38
805: b$b1714.39
833: b$b1714.40
852: b$b1714.41

WARNING: b1714.cli line 861 destination id of "same as" not found. Will check again at the end of file.
Near lines: 861             pad$luis manhos/mesmo_que=lmabreu/id=b1714.41-per4
Near line: 862                ls$cargo/capitao

870: b$b1714.42

WARNING: b1714.cli line 879 destination id of "same as" not found. Will check again at the end of file.
Near lines: 879             pad$rodrigo/mesmo_que=c6-7-rod/id=b1714.42-per4
Near line: 880                ls$ec/s


WARNING: b1714.cli line 886 destination id of "same as" not found. Will check again at the end of file.
Near lines: 886 
Near line: 887       b$b1714.43/3/6/1714/0/0/0/manuel rodrigues (vigario)

889: b$b1714.43
909: b$b1714.44
930: b$b1714.45
950: b$b1714.46
969: b$b1714.47
983: b$b1714.48
1006: b$b1714.49
1027: b$b1714.50
1046: b$b1714.51
1068: b$b1714.52
1090: b$b1714.53
1110: b$b1714.54
1132: b$b1714.55
1151: b$b1714.56
1171: b$b1714.57
1197: b$b1714.58
1217: b$b1714.59
1240: b$b1714.60
1261: b$b1714.61
1281: b$b1714.62
1306: b$b1714.63
1327: b$b1714.64

WARNING: b1714.cli line 1336 destination id of "same as" not found. Will check again at the end of file.
Near lines: 1336             pad$luis manhos/mesmo_que=lmabreu/id=b1714.64-per4
Near line: 1337                ls$cargo/capitao

1345: b$b1714.65
1364: b$b1714.66

WARNING: b1714.cli line 1371 destination id of "same as" not found. Will check again at the end of file.
Near lines: 1371             pad$rodrigo/mesmo_que=c6-7-rod/id=b1714.66-per4
Near line: 1372                ls$ec/s

1380: b$b1714.67
1400: b$b1714.68
1422: b$b1714.69
1440: b$b1714.70

WARNING: b1714.cli line 1450 destination id of "same as" not found. Will check again at the end of file.
Near lines: 1450 
Near line: 1451             mad$alexandra/id=b1714.70-per5

1456: b$b1714.71
1473: b$b1714.72
1493: b$b1714.73
1511: b$b1714.74
1537: b$b1714.75
1557: b$b1714.76

WARNING: b1714.cli line 1569 destination id of "same as" not found. Will check again at the end of file.
Near lines: 1569                ppad$geraldo pereira coutinho/mesmo_que=gpereira/id=b1714.76-per5
Near line: 1570                   ls$cargo/desembargador

1577: b$b1714.77

WARNING: b1714.cli line 1587 destination id of "same as" not found. Will check again at the end of file.
Near lines: 1587 
Near line: 1588             mad$luisa/id=b1714.77-per5

1597: b$b1714.78
1623: b$b1714.78b
1643: b$b1714.78c
1663: b$b1714.78d
1686: b$b1714.78e
1707: b$b1714.78f
1726: b$b1714.78g
1752: b$b1714.78h
1771: b$b1714.78i
1788: b$b1714.78j
1813: b$b1714.79
1837: b$b1714.80
1856: b$b1714.81

WARNING: b1714.cli line 1874 destination id of "same as" not found. Will check again at the end of file.
Near lines: 1874 
Near line: 1875             referido$manuel goncalves galhardo/id=br01121714a

1887: b$b1714.82
1907: b$b1714.83
1928: b$b1714.84
1946: b$b1714.85
1965: b$b1714.86
1988: b$b1714.87
*** End of File

ERROR: b1714.cli line 101  Could not find same_as id c6-7-rod. If  original reference is on another file use xsame_as
Near lines: 101 Near line: 102 

ERROR: b1714.cli line 187  Could not find same_as id c6-7-rod. If  original reference is on another file use xsame_as
Near lines: 187 Near line: 188 

ERROR: b1714.cli line 278  Could not find same_as id tvelho. If  original reference is on another file use xsame_as
Near lines: 278 Near line: 279 

ERROR: b1714.cli line 589  Could not find same_as id c12-7. If  original reference is on another file use xsame_as
Near lines: 589 Near line: 590 

ERROR: b1714.cli line 606  Could not find same_as id sgoncalves. If  original reference is on another file use xsame_as
Near lines: 606 Near line: 607 

ERROR: b1714.cli line 775  Could not find same_as id c6-7-rod. If  original reference is on another file use xsame_as
Near lines: 775 Near line: 776 

ERROR: b1714.cli line 861  Could not find same_as id lmabreu. If  original reference is on another file use xsame_as
Near lines: 861 Near line: 862 

ERROR: b1714.cli line 879  Could not find same_as id c6-7-rod. If  original reference is on another file use xsame_as
Near lines: 879 Near line: 880 

ERROR: b1714.cli line 886  Could not find same_as id c6-7. If  original reference is on another file use xsame_as
Near lines: 886 Near line: 887 

ERROR: b1714.cli line 1336  Could not find same_as id lmabreu. If  original reference is on another file use xsame_as
Near lines: 1336 Near line: 1337 

ERROR: b1714.cli line 1371  Could not find same_as id c6-7-rod. If  original reference is on another file use xsame_as
Near lines: 1371 Near line: 1372 

ERROR: b1714.cli line 1450  Could not find same_as id c1712.14-5. If  original reference is on another file use xsame_as
Near lines: 1450 Near line: 1451 

ERROR: b1714.cli line 1569  Could not find same_as id gpereira. If  original reference is on another file use xsame_as
Near lines: 1569 Near line: 1570 

ERROR: b1714.cli line 1587  Could not find same_as id jpinto. If  original reference is on another file use xsame_as
Near lines: 1587 Near line: 1588 

ERROR: b1714.cli line 1874  Could not find same_as id mscoelho. If  original reference is on another file use xsame_as
Near lines: 1874 Near line: 1875 
15  errors. 
15  warnings.
Translation finished.
