ClioInput - version 2019.A1 - build 507 15/07/2019 21:58 
7-4-2020 16-1

Processing data file b1712.cli
-------------------------------------------
Generic Act translation module with geoentities (XML).
     Joaquim Ramos de Carvalho (joaquim@uc.pt) 
** New document: kleio
=========================
kleio translation started
=========================
Structure: gacto.str
Prefix: 
Autorel: 
Translation count: 3
Obs: 
** Processing source fonte$baptismos 1712
6: b$b1712.1
23: b$b1712.2
41: b$b1712.3
56: b$b1712.4
75: b$b1712.5
92: b$b1712.6
109: b$b1712.7
128: b$b1712.8
149: b$b1712.9
169: b$b1712.10
189: b$b1712.11
208: b$b1712.12
226: b$b1712.13
241: b$b1712.14
260: b$b1712.15
282: b$b1712.16
310: b$b1712.17
329: b$b1712.18
345: b$b1712.19
362: b$b1712.20
371: b$b1712.21
383: b$b1712.22
399: b$b1712.23
417: b$b1712.24
438: b$b1712.25
456: b$b1712.26
474: b$b1712.27
493: b$b1712.28
508: b$b1712.29
527: b$b1712.30
545: b$b1712.31
560: b$b1712.32
577: b$b1712.33
595: b$b1712.34
615: b$b1712.35
634: b$b1712.36
653: b$b1712.37
670: b$b1712.38
686: b$b1712.39
703: b$b1712.40
721: b$b1712.41
735: b$b1712.42
753: b$b1712.43
773: b$b1712.44
792: b$b1712.45
810: b$b1712.46
827: b$b1712.47
844: b$b1712.48
863: b$b1712.49
881: b$b1712.50
900: b$b1712.51
922: b$b1712.52
941: b$b1712.53
956: b$b1712.54
974: b$b1712.55
992: b$b1712.56
1009: b$b1712.57
1027: b$b1712.58
1044: b$b1712.59
1060: b$b1712.60
1079: b$b1712.61
1096: b$b1712.62
1113: b$b1712.63
1129: b$b1712.64
1148: b$b1712.65
1163: b$b1712.66
1181: b$b1712.67
1199: b$b1712.68
1213: b$b1712.69
1232: b$b1712.70
1249: b$b1712.71
1266: b$b1712.72
1283: b$b1712.73
1301: b$b1712.74
1324: b$b1712.75
1342: b$b1712.76
1360: b$b1712.77
1380: b$b1712.78
1399: b$b1712.79
1417: b$b1712.80
1434: b$b1712.81
1451: b$b1712.82
1475: b$b1712.83
1494: b$b1712.84
1512: b$b1712.85
1531: b$b1712.86
1562: b$b1712.87
1583: b$b1712.88
1601: b$b1712.89
1622: b$b1712.90
*** End of File
** Processed file- /kleio-home/sources/soure-fontes/sources/soure_fase1/baptismos/b1712.cli
** Original file- /kleio-home/sources/soure-fontes/sources/soure_fase1/baptismos/b1712.org
** Previous version- /kleio-home/sources/soure-fontes/sources/soure_fase1/baptismos/b1712.old
** Temp file with ids- /kleio-home/sources/soure-fontes/sources/soure_fase1/baptismos/b1712.ids
0  errors. 
0  warnings.
Translation finished.
