ClioInput - version @@VERSION@@ - build @@BUILD@@ @@DATE@@
10-8-2018 13-58

Processing data file /Users/jrc/mhk-home/sources/soure/documents/baptismos/b1718.cli
-------------------------------------------
Generic Act translation module with geoentities (XML).
     Joaquim Ramos de Carvalho (joaquim@uc.pt) 
** New document: kleio
=========================
kleio translation started
=========================
Structure: gacto.str
Prefix: 
Autorel: 
Translation count: 2
Obs: 
** Processing source fonte$baptismos 1718
6: b$b1718.1
24: b$b1718.2
44: b$b1718.3
64: b$b1718.4
85: b$b1718.5

/Users/jrc/mhk-home/sources/soure/documents/baptismos/b1718.cli:95:destination id of "same as" not found. Will check again at the end of file.


WARNING: b1718.cli line 94 destination id of "same as" not found. Will check again at the end of file.
Near line: 94             pad$joao da costa de vasconcelos/mesmo_que=c12-7/id=b1718.5-per4
Near line: 95                ls$residencia/quinta de s.tome#sua quinta

102: b$b1718.6
125: b$b1718.7

/Users/jrc/mhk-home/sources/soure/documents/baptismos/b1718.cli:136:destination id of "same as" not found. Will check again at the end of file.


WARNING: b1718.cli line 135 destination id of "same as" not found. Will check again at the end of file.
Near line: 135 
Near line: 136             mad$mariana/id=b1718.7-per5


/Users/jrc/mhk-home/sources/soure/documents/baptismos/b1718.cli:140:destination id of "same as" not found. Will check again at the end of file.


WARNING: b1718.cli line 139 destination id of "same as" not found. Will check again at the end of file.
Near line: 139                pmad$luis manhos de abreu/mesmo_que=lmabreu/id=b1718.7-per6
Near line: 140                   ls$nome/luis manhos

145: b$b1718.8

/Users/jrc/mhk-home/sources/soure/documents/baptismos/b1718.cli:156:destination id of "same as" not found. Will check again at the end of file.


WARNING: b1718.cli line 155 destination id of "same as" not found. Will check again at the end of file.
Near line: 155 
Near line: 156             mad$josefa de azevedo/mesmo_que=c6-7-josa/id=b1718.8-per4


/Users/jrc/mhk-home/sources/soure/documents/baptismos/b1718.cli:157:destination id of "same as" not found. Will check again at the end of file.


WARNING: b1718.cli line 156 destination id of "same as" not found. Will check again at the end of file.
Near line: 156             mad$josefa de azevedo/mesmo_que=c6-7-josa/id=b1718.8-per4
Near line: 157                ls$ec/s


/Users/jrc/mhk-home/sources/soure/documents/baptismos/b1718.cli:160:destination id of "same as" not found. Will check again at the end of file.


WARNING: b1718.cli line 159 destination id of "same as" not found. Will check again at the end of file.
Near line: 159             referido$francisco marques/mesmo_que=c6-7-fm/id=b1718.8-per5
Near line: 160                rel$sociabilidade/baptisou em necessidade/rodrigo/bn09021718


/Users/jrc/mhk-home/sources/soure/documents/baptismos/b1718.cli:165:destination id of "same as" not found. Will check again at the end of file.


WARNING: b1718.cli line 164 destination id of "same as" not found. Will check again at the end of file.
Near line: 164             referido$tomas da silva/mesmo_que=c6-7-tom/id=b1718.8-per6
Near line: 165                rel$sociabilidade/procurador em baptismo/rodrigo homem de quadros/c6-7-rod

169: b$b1718.9
189: b$b1718.10

/Users/jrc/mhk-home/sources/soure/documents/baptismos/b1718.cli:199:destination id of "same as" not found. Will check again at the end of file.


WARNING: b1718.cli line 198 destination id of "same as" not found. Will check again at the end of file.
Near line: 198             pad$antonio manhos de abreu/mesmo_que=amabreu/id=b1718.10-per3
Near line: 199                ls$titulo/licenciado

219: b$b1718.11
240: b$b1718.12

/Users/jrc/mhk-home/sources/soure/documents/baptismos/b1718.cli:251:destination id of "same as" not found. Will check again at the end of file.


WARNING: b1718.cli line 250 destination id of "same as" not found. Will check again at the end of file.
Near line: 250 
Near line: 251             mad$maria da gante/id=b1718.12-per5

262: b$b1718.13
287: b$b1718.14
308: b$b1718.15
329: b$b1718.16
349: b$b1718.17
369: b$b1718.18

/Users/jrc/mhk-home/sources/soure/documents/baptismos/b1718.cli:382:destination id of "same as" not found. Will check again at the end of file.


WARNING: b1718.cli line 381 destination id of "same as" not found. Will check again at the end of file.
Near line: 381 
Near line: 382             mad$luisa/id=bmad02031718


/Users/jrc/mhk-home/sources/soure/documents/baptismos/b1718.cli:389:destination id of "same as" not found. Will check again at the end of file.


WARNING: b1718.cli line 388 destination id of "same as" not found. Will check again at the end of file.
Near line: 388             referido$luis barbosa canais/mesmo_que=c17-7-luis/id=b1718.18-per6
Near line: 389                rel$sociabilidade/procurador em baptismo/luisa/bmad02031718

393: b$b1718.19
413: b$b1718.20
431: b$b1718.21
455: b$b1718.22
476: b$b1718.23
496: b$b1718.24
518: b$b1718.25

/Users/jrc/mhk-home/sources/soure/documents/baptismos/b1718.cli:529:destination id of "same as" not found. Will check again at the end of file.


WARNING: b1718.cli line 528 destination id of "same as" not found. Will check again at the end of file.
Near line: 528 
Near line: 529             mad$luisa/id=b1718.25-per5

537: b$b1718.26
557: b$b1718.27

/Users/jrc/mhk-home/sources/soure/documents/baptismos/b1718.cli:568:destination id of "same as" not found. Will check again at the end of file.


WARNING: b1718.cli line 567 destination id of "same as" not found. Will check again at the end of file.
Near line: 567 
Near line: 568             mad$maria/id=b1718.27-per5

576: b$b1718.28
600: b$b1718.29
620: b$b1718.30
640: b$b1718.31
659: b$b1718.32
678: b$b1718.33

/Users/jrc/mhk-home/sources/soure/documents/baptismos/b1718.cli:689:destination id of "same as" not found. Will check again at the end of file.


WARNING: b1718.cli line 688 destination id of "same as" not found. Will check again at the end of file.
Near line: 688 
Near line: 689             mad$catarina galvao/id=b1718.33-per5

696: b$b1718.34
721: b$b1718.35
741: b$b1718.36
762: b$b1718.37
779: b$b1718.38
801: b$b1718.39

/Users/jrc/mhk-home/sources/soure/documents/baptismos/b1718.cli:804:destination id of "same as" not found. Will check again at the end of file.


WARNING: b1718.cli line 803 destination id of "same as" not found. Will check again at the end of file.
Near line: 803             pai$joao da costa de vasconcelos/mesmo_que=c12-7/id=bn08051718c-per1
Near line: 804                ls$residencia/soure


/Users/jrc/mhk-home/sources/soure/documents/baptismos/b1718.cli:825:destination id of "same as" not found. Will check again at the end of file.


WARNING: b1718.cli line 824 destination id of "same as" not found. Will check again at the end of file.
Near line: 824             referido$luis ribeiro cabral/mesmo_que=plribeiro/id=b1718.39-per3
Near line: 825                rel$sociabilidade/procurador em baptismo/alexandrina/bmad08051718

829: b$b1718.40
851: b$b1718.41
874: b$b1718.42
894: b$b1718.43
917: b$b1718.44
939: b$b1718.45
956: b$b1718.46
973: b$b1718.47
995: b$b1718.48
1022: b$b1718.49

/Users/jrc/mhk-home/sources/soure/documents/baptismos/b1718.cli:1035:destination id of "same as" not found. Will check again at the end of file.


WARNING: b1718.cli line 1034 destination id of "same as" not found. Will check again at the end of file.
Near line: 1034                ppad$luis manhos de abreu/mesmo_que=lmabreu/id=b1718.49-per5
Near line: 1035                   ls$cargo/capitao


/Users/jrc/mhk-home/sources/soure/documents/baptismos/b1718.cli:1039:destination id of "same as" not found. Will check again at the end of file.


WARNING: b1718.cli line 1038 destination id of "same as" not found. Will check again at the end of file.
Near line: 1038             mad$mariana/mesmo_que=marianacb/id=b1718.49-per6
Near line: 1039                rel$parentesco/filha/luis manhos de abreu/lmabreu

1048: b$b1718.50

/Users/jrc/mhk-home/sources/soure/documents/baptismos/b1718.cli:1064:destination id of "same as" not found. Will check again at the end of file.


WARNING: b1718.cli line 1063 destination id of "same as" not found. Will check again at the end of file.
Near line: 1063                pmad$joao gomes carrasco/mesmo_que=jgcarrasco/id=b1718.50-per6
Near line: 1064                   ls$residencia/casal da venda

1068: b$b1718.51
1089: b$b1718.52
1108: b$b1718.53
1128: b$b1718.54
1155: b$b1718.55
1172: b$b1718.56

/Users/jrc/mhk-home/sources/soure/documents/baptismos/b1718.cli:1183:destination id of "same as" not found. Will check again at the end of file.


WARNING: b1718.cli line 1182 destination id of "same as" not found. Will check again at the end of file.
Near line: 1182 
Near line: 1183             mad$barbara/mesmo_que=bmad22051718/id=b1718.56-per4

1203: b$b1718.57

/Users/jrc/mhk-home/sources/soure/documents/baptismos/b1718.cli:1215:destination id of "same as" not found. Will check again at the end of file.


WARNING: b1718.cli line 1214 destination id of "same as" not found. Will check again at the end of file.
Near line: 1214 
Near line: 1215             mad$barbara/mesmo_que=bmad22051718/id=b1718.57-per5

1230: b$b1718.58
1250: b$b1718.59
1268: b$b1718.60
1289: b$b1718.61
1312: b$b1718.62
1330: b$b1718.63
1351: b$b1718.64
1375: b$b1718.65
1394: b$b1718.66
1419: b$b1718.67
1438: b$b1718.68
1465: b$b1718.69
1484: b$b1718.70

/Users/jrc/mhk-home/sources/soure/documents/baptismos/b1718.cli:1494:destination id of "same as" not found. Will check again at the end of file.


WARNING: b1718.cli line 1493 destination id of "same as" not found. Will check again at the end of file.
Near line: 1493             pad$luis manhos de abreu/mesmo_que=lmabreu/id=b1718.70-per4
Near line: 1494                ls$nome/luis manhos

1505: b$b1718.71
1524: b$b1718.72

/Users/jrc/mhk-home/sources/soure/documents/baptismos/b1718.cli:1535:destination id of "same as" not found. Will check again at the end of file.


WARNING: b1718.cli line 1534 destination id of "same as" not found. Will check again at the end of file.
Near line: 1534 
Near line: 1535             mad$isabel florenca de almeida/mesmo_que=isaflor/id=b1718.72-per5

1539: b$b1718.73
1559: b$b1718.74
1579: b$b1718.75
1602: b$b1718.76
1624: b$b1718.77
1642: b$b1718.78
1662: b$b1718.79
1682: b$b1718.80

/Users/jrc/mhk-home/sources/soure/documents/baptismos/b1718.cli:1696:destination id of "same as" not found. Will check again at the end of file.


WARNING: b1718.cli line 1695 destination id of "same as" not found. Will check again at the end of file.
Near line: 1695 
Near line: 1696             mad$maria/id=b1718.80-per6

1705: b$b1718.81
1726: b$b1718.82
1747: b$b1718.83
1767: b$b1718.84
1790: b$b1718.85
1809: b$b1718.86
1829: b$b1718.87
1853: b$b1718.88

/Users/jrc/mhk-home/sources/soure/documents/baptismos/b1718.cli:1856:destination id of "same as" not found. Will check again at the end of file.


WARNING: b1718.cli line 1855 destination id of "same as" not found. Will check again at the end of file.
Near line: 1855             pai$luis barbosa canais/mesmo_que=c17-7-luis/id=b1718.88-per1-per2
Near line: 1856                ls$residencia/soure

1869: b$b1718.89
1892: b$b1718.90

/Users/jrc/mhk-home/sources/soure/documents/baptismos/b1718.cli:1906:destination id of "same as" not found. Will check again at the end of file.


WARNING: b1718.cli line 1905 destination id of "same as" not found. Will check again at the end of file.
Near line: 1905 
Near line: 1906       b$b1718.91/30/10/1718/0/0/0/manuel rodrigues (vigario)

1908: b$b1718.91
1929: b$b1718.92
1946: b$b1718.93
1966: b$b1718.94
1985: b$b1718.95
2005: b$b1718.96

/Users/jrc/mhk-home/sources/soure/documents/baptismos/b1718.cli:2015:destination id of "same as" not found. Will check again at the end of file.


WARNING: b1718.cli line 2014 destination id of "same as" not found. Will check again at the end of file.
Near line: 2014             pad$antonio manhos de abreu/mesmo_que=amabreu/id=b1718.96-per4
Near line: 2015                ls$nome/antonio de abreu

2027: b$b1718.97

/Users/jrc/mhk-home/sources/soure/documents/baptismos/b1718.cli:2037:destination id of "same as" not found. Will check again at the end of file.


WARNING: b1718.cli line 2036 destination id of "same as" not found. Will check again at the end of file.
Near line: 2036             pad$domingos goncalves galhardo/mesmo_que=dggalhardo/id=b1718.97-per4
Near line: 2037                ls$nome/domingos galhardo

2048: b$b1718.98

/Users/jrc/mhk-home/sources/soure/documents/baptismos/b1718.cli:2059:destination id of "same as" not found. Will check again at the end of file.


WARNING: b1718.cli line 2058 destination id of "same as" not found. Will check again at the end of file.
Near line: 2058 
Near line: 2059             mad$micaela/id=b1718.98-per4


/Users/jrc/mhk-home/sources/soure/documents/baptismos/b1718.cli:2064:destination id of "same as" not found. Will check again at the end of file.


WARNING: b1718.cli line 2063 destination id of "same as" not found. Will check again at the end of file.
Near line: 2063 
Near line: 2064             referido$matias goncalves/id=br20111718

2071: b$b1718.99
2089: b$b1718.100
2111: b$b1718.101
2134: b$b1718.102
2154: b$b1718.103
2174: b$b1718.104

/Users/jrc/mhk-home/sources/soure/documents/baptismos/b1718.cli:2188:destination id of "same as" not found. Will check again at the end of file.


WARNING: b1718.cli line 2187 destination id of "same as" not found. Will check again at the end of file.
Near line: 2187 
Near line: 2188             mad$caetana/id=b1718.104-per6

2196: b$b1718.105
2216: b$b1718.106
2242: b$b1718.107

/Users/jrc/mhk-home/sources/soure/documents/baptismos/b1718.cli:2252:destination id of "same as" not found. Will check again at the end of file.


WARNING: b1718.cli line 2251 destination id of "same as" not found. Will check again at the end of file.
Near line: 2251             pad$sebastiao machado da costa/mesmo_que=c12-8/id=b1718.107-per4
Near line: 2252                ls$residencia/soure

2263: b$b1718.108
2283: b$b1718.109
*** End of File
ERROR:  Could not find same_as id c12-7 referred in line 95. If  original reference is on another file use xsame_as

ERROR:  Could not find same_as id lsc1 referred in line 136. If  original reference is on another file use xsame_as

ERROR:  Could not find same_as id lmabreu referred in line 140. If  original reference is on another file use xsame_as

ERROR:  Could not find same_as id c6-7-rod referred in line 156. If  original reference is on another file use xsame_as

ERROR:  Could not find same_as id c6-7-josa referred in line 157. If  original reference is on another file use xsame_as

ERROR:  Could not find same_as id c6-7-fm referred in line 160. If  original reference is on another file use xsame_as

ERROR:  Could not find same_as id c6-7-tom referred in line 165. If  original reference is on another file use xsame_as

ERROR:  Could not find same_as id amabreu referred in line 199. If  original reference is on another file use xsame_as

ERROR:  Could not find same_as id c17-7-luis referred in line 251. If  original reference is on another file use xsame_as

ERROR:  Could not find same_as id c12-8 referred in line 382. If  original reference is on another file use xsame_as

ERROR:  Could not find same_as id c17-7-luis referred in line 389. If  original reference is on another file use xsame_as

ERROR:  Could not find same_as id vig2 referred in line 529. If  original reference is on another file use xsame_as

ERROR:  Could not find same_as id c12-7 referred in line 568. If  original reference is on another file use xsame_as

ERROR:  Could not find same_as id lsc1 referred in line 689. If  original reference is on another file use xsame_as

ERROR:  Could not find same_as id c12-7 referred in line 804. If  original reference is on another file use xsame_as

ERROR:  Could not find same_as id plribeiro referred in line 825. If  original reference is on another file use xsame_as

ERROR:  Could not find same_as id lmabreu referred in line 1035. If  original reference is on another file use xsame_as

ERROR:  Could not find same_as id marianacb referred in line 1039. If  original reference is on another file use xsame_as

ERROR:  Could not find same_as id jgcarrasco referred in line 1064. If  original reference is on another file use xsame_as

ERROR:  Could not find same_as id c6-7-rod referred in line 1183. If  original reference is on another file use xsame_as

ERROR:  Could not find same_as id dggalhardo referred in line 1215. If  original reference is on another file use xsame_as

ERROR:  Could not find same_as id lmabreu referred in line 1494. If  original reference is on another file use xsame_as

ERROR:  Could not find same_as id c12-7 referred in line 1535. If  original reference is on another file use xsame_as

ERROR:  Could not find same_as id lmabreu referred in line 1696. If  original reference is on another file use xsame_as

ERROR:  Could not find same_as id c17-7-luis referred in line 1856. If  original reference is on another file use xsame_as

ERROR:  Could not find same_as id c180-7 referred in line 1906. If  original reference is on another file use xsame_as

ERROR:  Could not find same_as id amabreu referred in line 2015. If  original reference is on another file use xsame_as

ERROR:  Could not find same_as id dggalhardo referred in line 2037. If  original reference is on another file use xsame_as

ERROR:  Could not find same_as id pmduarte referred in line 2059. If  original reference is on another file use xsame_as

ERROR:  Could not find same_as id mscoelho referred in line 2064. If  original reference is on another file use xsame_as

ERROR:  Could not find same_as id mscoelho referred in line 2188. If  original reference is on another file use xsame_as

ERROR:  Could not find same_as id c12-8 referred in line 2252. If  original reference is on another file use xsame_as

32  errors. 
32  warnings.
Translation finished.
