ClioInput - version @@VERSION@@ - build @@BUILD@@ @@DATE@@
10-8-2018 13-54

Processing data file /Users/jrc/mhk-home/sources/soure/documents/baptismos/b1716.cli
-------------------------------------------
Generic Act translation module with geoentities (XML).
     Joaquim Ramos de Carvalho (joaquim@uc.pt) 
** New document: kleio
=========================
kleio translation started
=========================
Structure: gacto.str
Prefix: 
Autorel: 
Translation count: 1
Obs: 
** Processing source fonte$baptismos 1716
6: b$b1716.1
18: b$b1716.2
35: b$b1716.3
59: b$b1716.4
82: b$b1716.5
101: b$b1716.6

/Users/jrc/mhk-home/sources/soure/documents/baptismos/b1716.cli:114:destination id of "same as" not found. Will check again at the end of file.


WARNING: b1716.cli line 113 destination id of "same as" not found. Will check again at the end of file.
Near line: 113                mpad$isabel da silva/mesmo_que=c6-7-isa/id=b1716.6-per5
Near line: 114                   ls$nome/isabel


/Users/jrc/mhk-home/sources/soure/documents/baptismos/b1716.cli:121:destination id of "same as" not found. Will check again at the end of file.


WARNING: b1716.cli line 120 destination id of "same as" not found. Will check again at the end of file.
Near line: 120 
Near line: 121             referido$tomas/id=br1901716

128: b$b1716.7
146: b$b1716.8

/Users/jrc/mhk-home/sources/soure/documents/baptismos/b1716.cli:157:destination id of "same as" not found. Will check again at the end of file.


WARNING: b1716.cli line 156 destination id of "same as" not found. Will check again at the end of file.
Near line: 156 
Near line: 157             mad$angela maria/mesmo_que=c12-8-ang/id=b1716.8-per5


/Users/jrc/mhk-home/sources/soure/documents/baptismos/b1716.cli:158:destination id of "same as" not found. Will check again at the end of file.


WARNING: b1716.cli line 157 destination id of "same as" not found. Will check again at the end of file.
Near line: 157             mad$angela maria/mesmo_que=c12-8-ang/id=b1716.8-per5
Near line: 158                ls$nome/angela maria

162: b$b1716.9
185: b$b1716.10
218: b$b1716.11
237: b$b1716.12
255: b$b1716.13
276: b$b1716.14
290: b$b1716.15
310: b$b1716.16
328: b$b1716.17
345: b$b1716.18

/Users/jrc/mhk-home/sources/soure/documents/baptismos/b1716.cli:355:destination id of "same as" not found. Will check again at the end of file.


WARNING: b1716.cli line 354 destination id of "same as" not found. Will check again at the end of file.
Near line: 354             pad$sebastiao goncalves/mesmo_que=sgoncalves/id=b1716.18-per3
Near line: 355                ls$residencia/soure

367: b$b1716.19
391: b$b1716.20
411: b$b1716.21
435: b$b1716.22
455: b$b1716.23
476: b$b1716.24
493: b$b1716.25
516: b$b1716.26
537: b$b1716.27

/Users/jrc/mhk-home/sources/soure/documents/baptismos/b1716.cli:548:destination id of "same as" not found. Will check again at the end of file.


WARNING: b1716.cli line 547 destination id of "same as" not found. Will check again at the end of file.
Near line: 547 
Near line: 548             mad$maria antunes/id=b1716.27-per5

555: b$b1716.28
576: b$b1716.28b
595: b$b1716.28c
616: b$b1716.29
637: b$b1716.30

/Users/jrc/mhk-home/sources/soure/documents/baptismos/b1716.cli:651:destination id of "same as" not found. Will check again at the end of file.


WARNING: b1716.cli line 650 destination id of "same as" not found. Will check again at the end of file.
Near line: 650 
Near line: 651             mad$esperanca/id=b1716.30-per6

659: b$b1716.31
679: b$b1716.32
698: b$b1716.33
716: b$b1716.34
744: b$b1716.35

/Users/jrc/mhk-home/sources/soure/documents/baptismos/b1716.cli:755:destination id of "same as" not found. Will check again at the end of file.


WARNING: b1716.cli line 754 destination id of "same as" not found. Will check again at the end of file.
Near line: 754 
Near line: 755             mad$helena cardoso/id=b1716.35-per5

762: b$b1716.36
783: b$b1716.37
807: b$b1716.38
830: b$b1716.39
850: b$b1716.40
872: b$b1716.41
886: b$b1716.42
907: b$b1716.43

/Users/jrc/mhk-home/sources/soure/documents/baptismos/b1716.cli:918:destination id of "same as" not found. Will check again at the end of file.


WARNING: b1716.cli line 917 destination id of "same as" not found. Will check again at the end of file.
Near line: 917 
Near line: 918             mad$antonia/mesmo_que=c6-7-anta/id=b1716.43-per5


/Users/jrc/mhk-home/sources/soure/documents/baptismos/b1716.cli:920:destination id of "same as" not found. Will check again at the end of file.


WARNING: b1716.cli line 919 destination id of "same as" not found. Will check again at the end of file.
Near line: 919 
Near line: 920             referido$francisco marques/id=br15051716

933: b$b1716.44
953: b$b1716.45
971: b$b1716.46
992: b$b1716.47
1011: b$b1716.48
1030: b$b1716.49

/Users/jrc/mhk-home/sources/soure/documents/baptismos/b1716.cli:1041:destination id of "same as" not found. Will check again at the end of file.


WARNING: b1716.cli line 1040 destination id of "same as" not found. Will check again at the end of file.
Near line: 1040 
Near line: 1041             mad$josefa de azevedo/id=bmad02061716

1052: b$b1716.50
1070: b$b1716.51
1088: b$b1716.52
1108: b$b1716.53
1127: b$b1716.54

/Users/jrc/mhk-home/sources/soure/documents/baptismos/b1716.cli:1140:destination id of "same as" not found. Will check again at the end of file.


WARNING: b1716.cli line 1139 destination id of "same as" not found. Will check again at the end of file.
Near line: 1139                ppad$isabel da silva/mesmo_que=c6-7-isa/id=b1716.54-per4
Near line: 1140                   ls$ec/v


/Users/jrc/mhk-home/sources/soure/documents/baptismos/b1716.cli:1144:destination id of "same as" not found. Will check again at the end of file.


WARNING: b1716.cli line 1143 destination id of "same as" not found. Will check again at the end of file.
Near line: 1143             mad$josefa de azevedo/mesmo_que=c6-7-josa/id=b1716.54-per5
Near line: 1144                ls$ec/s

1157: b$b1716.55
1181: b$b1716.56
1200: b$b1716.57
1217: b$b1716.58
1234: b$b1716.59

/Users/jrc/mhk-home/sources/soure/documents/baptismos/b1716.cli:1248:destination id of "same as" not found. Will check again at the end of file.


WARNING: b1716.cli line 1247 destination id of "same as" not found. Will check again at the end of file.
Near line: 1247 
Near line: 1248             referido$francisco marques/id=br10081716

1255: b$b1716.60
1275: b$b1716.61

/Users/jrc/mhk-home/sources/soure/documents/baptismos/b1716.cli:1285:destination id of "same as" not found. Will check again at the end of file.


WARNING: b1716.cli line 1284 destination id of "same as" not found. Will check again at the end of file.
Near line: 1284             pad$manuel duarte/mesmo_que=pmduarte/id=b1716.61-per4
Near line: 1285                ls$profissao/padre

1293: b$b1716.62
1313: b$b1716.63
1332: b$b1716.64

/Users/jrc/mhk-home/sources/soure/documents/baptismos/b1716.cli:1343:destination id of "same as" not found. Will check again at the end of file.


WARNING: b1716.cli line 1342 destination id of "same as" not found. Will check again at the end of file.
Near line: 1342 
Near line: 1343             mad$josefa/id=b1716.64-per5

1352: b$b1716.65
1372: b$b1716.66
1396: b$b1716.67
1416: b$b1716.68
1430: b$b1716.69
1448: b$b1716.70
1474: b$b1716.71
1497: b$b1716.72

/Users/jrc/mhk-home/sources/soure/documents/baptismos/b1716.cli:1509:destination id of "same as" not found. Will check again at the end of file.


WARNING: b1716.cli line 1508 destination id of "same as" not found. Will check again at the end of file.
Near line: 1508                ppad$geraldo pereira coutinho/mesmo_que=gpereira/id=b1716.72-per5
Near line: 1509                   ls$cargo/desembargador


/Users/jrc/mhk-home/sources/soure/documents/baptismos/b1716.cli:1516:destination id of "same as" not found. Will check again at the end of file.


WARNING: b1716.cli line 1515 destination id of "same as" not found. Will check again at the end of file.
Near line: 1515             referido$joao da costa de vasconcelos/id=br04101716/mesmo_que=c12-7
Near line: 1516                rel$sociabilidade/procurador em baptismo/aldonsa/bmad04101716

1520: b$b1716.73

/Users/jrc/mhk-home/sources/soure/documents/baptismos/b1716.cli:1536:destination id of "same as" not found. Will check again at the end of file.


WARNING: b1716.cli line 1535 destination id of "same as" not found. Will check again at the end of file.
Near line: 1535                pmad$luis manhos/mesmo_que=lmabreu/id=b1716.73-per6
Near line: 1536                   ls$cargo/capitao

1540: b$b1716.74
1560: b$b1716.75
1587: b$b1716.76
1605: b$b1716.77

/Users/jrc/mhk-home/sources/soure/documents/baptismos/b1716.cli:1616:destination id of "same as" not found. Will check again at the end of file.


WARNING: b1716.cli line 1615 destination id of "same as" not found. Will check again at the end of file.
Near line: 1615 
Near line: 1616             mad$josefa de azevedo/mesmo_que=c6-7-josa/id=b1716.77-per5


/Users/jrc/mhk-home/sources/soure/documents/baptismos/b1716.cli:1618:destination id of "same as" not found. Will check again at the end of file.


WARNING: b1716.cli line 1617 destination id of "same as" not found. Will check again at the end of file.
Near line: 1617 
Near line: 1618             referido$francisco/id=br21101716

1625: b$b1716.78
1643: b$b1716.79
1662: b$b1716.80
1682: b$b1716.81
1702: b$b1716.82

/Users/jrc/mhk-home/sources/soure/documents/baptismos/b1716.cli:1713:destination id of "same as" not found. Will check again at the end of file.


WARNING: b1716.cli line 1712 destination id of "same as" not found. Will check again at the end of file.
Near line: 1712 
Near line: 1713             mad$isabel da silva/mesmo_que=c6-7-isa/id=b1716.82-per5


/Users/jrc/mhk-home/sources/soure/documents/baptismos/b1716.cli:1714:destination id of "same as" not found. Will check again at the end of file.


WARNING: b1716.cli line 1713 destination id of "same as" not found. Will check again at the end of file.
Near line: 1713             mad$isabel da silva/mesmo_que=c6-7-isa/id=b1716.82-per5
Near line: 1714                ls$titulo/dona

1718: b$b1716.83
1737: b$b1716.84
1753: b$b1716.85
1771: b$b1716.86
1791: b$b1716.87

/Users/jrc/mhk-home/sources/soure/documents/baptismos/b1716.cli:1794:destination id of "same as" not found. Will check again at the end of file.


WARNING: b1716.cli line 1793 destination id of "same as" not found. Will check again at the end of file.
Near line: 1793             pai$joao da costa de vasconcelos/mesmo_que=c12-7/id=b1716.87-per1-per2
Near line: 1794                ls$residencia/quinta de s.tome

1812: b$b1716.88
1832: b$b1716.89

/Users/jrc/mhk-home/sources/soure/documents/baptismos/b1716.cli:1843:destination id of "same as" not found. Will check again at the end of file.


WARNING: b1716.cli line 1842 destination id of "same as" not found. Will check again at the end of file.
Near line: 1842 
Near line: 1843             mad$maria/id=b1716.89-per5

1851: b$b1716.90
1871: b$b1716.91

/Users/jrc/mhk-home/sources/soure/documents/baptismos/b1716.cli:1895:destination id of "same as" not found. Will check again at the end of file.


WARNING: b1716.cli line 1894 destination id of "same as" not found. Will check again at the end of file.
Near line: 1894             referido$manuel rodrigues/mesmo_que=vig2/id=b1716.91-per3
Near line: 1895                rel$sociabilidade/procurador em baptismo/maria da ressureicao/bmad17121716

1904: b$b1716.92

/Users/jrc/mhk-home/sources/soure/documents/baptismos/b1716.cli:1915:destination id of "same as" not found. Will check again at the end of file.


WARNING: b1716.cli line 1914 destination id of "same as" not found. Will check again at the end of file.
Near line: 1914 
Near line: 1915             mad$maria/id=b1716.92-per5

1920: b$b1716.93
1939: b$b1716.94
1958: b$b1716.95
1982: b$b1716.96

/Users/jrc/mhk-home/sources/soure/documents/baptismos/b1716.cli:1993:destination id of "same as" not found. Will check again at the end of file.


WARNING: b1716.cli line 1992 destination id of "same as" not found. Will check again at the end of file.
Near line: 1992 
Near line: 1993             mad$josefa de azevedo/mesmo_que=c6-7-josa/id=b1716.96-per5


/Users/jrc/mhk-home/sources/soure/documents/baptismos/b1716.cli:1995:destination id of "same as" not found. Will check again at the end of file.


WARNING: b1716.cli line 1994 destination id of "same as" not found. Will check again at the end of file.
Near line: 1994 
Near line: 1995             referido$tomas/id=br27121716

2006: b$b1716.97
*** End of File
ERROR:  Could not find same_as id c6-7-isa referred in line 114. If  original reference is on another file use xsame_as

ERROR:  Could not find same_as id c6-7-isa referred in line 121. If  original reference is on another file use xsame_as

ERROR:  Could not find same_as id c12-8 referred in line 157. If  original reference is on another file use xsame_as

ERROR:  Could not find same_as id c12-8-ang referred in line 158. If  original reference is on another file use xsame_as

ERROR:  Could not find same_as id sgoncalves referred in line 355. If  original reference is on another file use xsame_as

ERROR:  Could not find same_as id jpinto referred in line 548. If  original reference is on another file use xsame_as

ERROR:  Could not find same_as id mscoelho referred in line 651. If  original reference is on another file use xsame_as

ERROR:  Could not find same_as id c6-7-rod referred in line 755. If  original reference is on another file use xsame_as

ERROR:  Could not find same_as id c6-7-rod referred in line 918. If  original reference is on another file use xsame_as

ERROR:  Could not find same_as id c6-7-anta referred in line 920. If  original reference is on another file use xsame_as

ERROR:  Could not find same_as id c6-7-rod referred in line 1041. If  original reference is on another file use xsame_as

ERROR:  Could not find same_as id c6-7-isa referred in line 1140. If  original reference is on another file use xsame_as

ERROR:  Could not find same_as id c6-7-josa referred in line 1144. If  original reference is on another file use xsame_as

ERROR:  Could not find same_as id c6-7-josa referred in line 1248. If  original reference is on another file use xsame_as

ERROR:  Could not find same_as id pmduarte referred in line 1285. If  original reference is on another file use xsame_as

ERROR:  Could not find same_as id vig2 referred in line 1343. If  original reference is on another file use xsame_as

ERROR:  Could not find same_as id gpereira referred in line 1509. If  original reference is on another file use xsame_as

ERROR:  Could not find same_as id c12-7 referred in line 1516. If  original reference is on another file use xsame_as

ERROR:  Could not find same_as id lmabreu referred in line 1536. If  original reference is on another file use xsame_as

ERROR:  Could not find same_as id c6-7-rod referred in line 1616. If  original reference is on another file use xsame_as

ERROR:  Could not find same_as id c6-7-josa referred in line 1618. If  original reference is on another file use xsame_as

ERROR:  Could not find same_as id c6-7-rod referred in line 1713. If  original reference is on another file use xsame_as

ERROR:  Could not find same_as id c6-7-isa referred in line 1714. If  original reference is on another file use xsame_as

ERROR:  Could not find same_as id c12-7 referred in line 1794. If  original reference is on another file use xsame_as

ERROR:  Could not find same_as id c6-7-rod referred in line 1843. If  original reference is on another file use xsame_as

ERROR:  Could not find same_as id vig2 referred in line 1895. If  original reference is on another file use xsame_as

ERROR:  Could not find same_as id pmduarte referred in line 1915. If  original reference is on another file use xsame_as

ERROR:  Could not find same_as id c6-7-rod referred in line 1993. If  original reference is on another file use xsame_as

ERROR:  Could not find same_as id c6-7-josa referred in line 1995. If  original reference is on another file use xsame_as

29  errors. 
29  warnings.
Translation finished.
