ClioInput - version 2019.A1 - build 507 15/07/2019 21:58 
9-2-2020 15-42

Processing data file b1711.cli
-------------------------------------------
Generic Act translation module with geoentities (XML).
     Joaquim Ramos de Carvalho (joaquim@uc.pt) 
** New document: kleio
=========================
kleio translation started
=========================
Structure: gacto.str
Prefix: 
Autorel: 
Translation count: 2
Obs: 
** Processing source fonte$baptismos 1711
6: b$b1711.1
23: b$b1711.2
41: b$b1711.3
58: b$b1711.4
77: b$b1711.5
95: b$b1711.6
115: b$b1711.7
131: b$b1711.8
148: b$b1711.9
167: b$b1711.10
184: b$b1711.11
203: b$b1711.12
226: b$b1711.13
248: b$b1711.14
263: b$b1711.15
283: b$b1711.16
300: b$b1711.17
317: b$b1711.18
338: b$b1711.19

WARNING: b1711.cli line 345 destination id of "same as" not found. Will check again at the end of file.
Near lines: 345             pad$vicente colaco de morais/mesmo_que=c104-7/id=b1711.19-per4
Near line: 346                ls$nome/vicente colaco

355: b$b1711.20
374: b$b1711.21

WARNING: b1711.cli line 384 destination id of "same as" not found. Will check again at the end of file.
Near lines: 384 
Near line: 385             mad$luisa/id=bmad07031711

404: b$b1711.22
422: b$b1711.23
441: b$b1711.24
459: b$b1711.25
474: b$b1711.26

WARNING: b1711.cli line 482 destination id of "same as" not found. Will check again at the end of file.
Near lines: 482 
Near line: 483             mad$josefa francisca/id=b1711.26-per5

490: b$b1711.27

WARNING: b1711.cli line 498 destination id of "same as" not found. Will check again at the end of file.
Near lines: 498 
Near line: 499             mad$maria/id=b1711.27-per4

512: b$b1711.28
530: b$b1711.29
546: b$b1711.30
567: b$b1711.31

WARNING: b1711.cli line 574 destination id of "same as" not found. Will check again at the end of file.
Near lines: 574             pad$luis manhos de abreu/mesmo_que=lmabreu/id=b1711.31-per4
Near line: 575                ls$nome/luis manhos

585: b$b1711.32
602: b$b1711.33
621: b$b1711.34
637: b$b1711.35
658: b$b1711.36
675: b$b1711.37
697: b$b1711.38
714: b$b1711.39

WARNING: b1711.cli line 724 destination id of "same as" not found. Will check again at the end of file.
Near lines: 724             mad$francisca/mesmo_que=c119-9-fran/id=b1711.39-per5
Near line: 725                ls$ec/s

729: b$b1711.40

WARNING: b1711.cli line 738 destination id of "same as" not found. Will check again at the end of file.
Near lines: 738                ppad$luis manhos de abreu/mesmo_que=lmabreu/id=b1711.40-per5
Near line: 739                   ls$nome/luis manhos

748: b$b1711.41
766: b$b1711.42
783: b$b1711.43
800: b$b1711.44
826: b$b1711.45

WARNING: b1711.cli line 833 destination id of "same as" not found. Will check again at the end of file.
Near lines: 833             pad$vicente colaco/mesmo_que=c104-7/id=b1711.45-per4
Near line: 834                ls$cargo/capitao

843: b$b1711.46

WARNING: b1711.cli line 853 destination id of "same as" not found. Will check again at the end of file.
Near lines: 853 
Near line: 854             mad$francisca simoes/id=b1711.46-per6

862: b$b1711.47
881: b$b1711.48
897: b$b1711.49
914: b$b1711.50
932: b$b1711.51
950: b$b1711.52
961: b$b1711.53

WARNING: b1711.cli line 968 destination id of "same as" not found. Will check again at the end of file.
Near lines: 968             pad$luis manhos de abreu/mesmo_que=lmabreu/id=b1711.53-per3
Near line: 969                ls$nome/luis manhos

989: b$b1711.54
1007: b$b1711.55
1027: b$b1711.56
1045: b$b1711.57
1064: b$b1711.58
1081: b$b1711.59
1099: b$b1711.60
1115: b$b1711.61
1134: b$b1711.62
1152: b$b1711.63
1170: b$b1711.64
1187: b$b1711.65
1205: b$b1711.66

WARNING: b1711.cli line 1212 destination id of "same as" not found. Will check again at the end of file.
Near lines: 1212             pad$vicente colaco/mesmo_que=c104-7/id=b1711.66-per1
Near line: 1213                ls$cargo/capitao


WARNING: b1711.cli line 1217 destination id of "same as" not found. Will check again at the end of file.
Near lines: 1217 
Near line: 1218       b$b1711.67/11/7/1711/0/0/0/manuel rodrigues (vigario)

1220: b$b1711.67
1245: b$b1711.68
1262: b$b1711.69
1278: b$b1711.70
1294: b$b1711.71

WARNING: b1711.cli line 1296 destination id of "same as" not found. Will check again at the end of file.
Near lines: 1296             pai$luis manhos de abreu/mesmo_que=lmabreu/id=b1711.71-per1-per2
Near line: 1297                ls$nome/luis manhos


WARNING: b1711.cli line 1307 destination id of "same as" not found. Will check again at the end of file.
Near lines: 1307             referido$jose pinto/mesmo_que=jpinto/id=b1711.71-per4
Near line: 1308                ls$profissao/padre


WARNING: b1711.cli line 1317 destination id of "same as" not found. Will check again at the end of file.
Near lines: 1317 
Near line: 1318       b$b1711.72/6/8/1711/0/0/0/manuel rodrigues (vigario)

1320: b$b1711.72
1338: b$b1711.73
1354: b$b1711.74
1375: b$b1711.75
1393: b$b1711.76

WARNING: b1711.cli line 1404 destination id of "same as" not found. Will check again at the end of file.
Near lines: 1404 
Near line: 1405             referido$antonio/id=br18081711

1412: b$b1711.77
1434: b$b1711.78
1456: b$b1711.79
1474: b$b1711.80
1492: b$b1711.81
1514: b$b1711.82
1528: b$b1711.83
1545: b$b1711.84
1560: b$b1711.85
1577: b$b1711.86

WARNING: b1711.cli line 1588 destination id of "same as" not found. Will check again at the end of file.
Near lines: 1588 
Near line: 1589             mad$rosa de sousa/id=b1711.86-per5

1595: b$b1711.87
1613: b$b1711.88
1633: b$b1711.89
1653: b$b1711.90
1670: b$b1711.91
1697: b$b1711.92
1715: b$b1711.93
1731: b$b1711.94
1749: b$b1711.95
1767: b$b1711.96
1787: b$b1711.97
1807: b$b1711.98

WARNING: b1711.cli line 1815 destination id of "same as" not found. Will check again at the end of file.
Near lines: 1815 
Near line: 1816             mad$mariana/id=b1711.98-per5


WARNING: b1711.cli line 1819 destination id of "same as" not found. Will check again at the end of file.
Near lines: 1819                pmad$luis manhos de abreu/mesmo_que=lmabreu/id=b1711.98-per6
Near line: 1820                   ls$cargo/capitao

1825: b$b1711.99
1843: b$b1711.100
1862: b$b1711.101
1886: b$b1711.102
1902: b$b1711.103
1923: b$b1711.104
1939: b$b1711.105
1955: b$b1711.106
1973: b$b1711.107
1994: b$b1711.108
2011: b$b1711.109
2029: b$b1711.110

WARNING: b1711.cli line 2036 destination id of "same as" not found. Will check again at the end of file.
Near lines: 2036             pad$luis manhos de abreu/mesmo_que=lmabreu/id=b1711.110-per4
Near line: 2037                ls$cargo/capitao

2048: b$b1711.111
*** End of File

ERROR: b1711.cli line 345  Could not find same_as id c104-7. If  original reference is on another file use xsame_as
Near lines: 345 Near line: 346 

ERROR: b1711.cli line 384  Could not find same_as id c12-8. If  original reference is on another file use xsame_as
Near lines: 384 Near line: 385 

ERROR: b1711.cli line 482  Could not find same_as id sgoncalves. If  original reference is on another file use xsame_as
Near lines: 482 Near line: 483 

ERROR: b1711.cli line 498  Could not find same_as id peiro. If  original reference is on another file use xsame_as
Near lines: 498 Near line: 499 

ERROR: b1711.cli line 574  Could not find same_as id lmabreu. If  original reference is on another file use xsame_as
Near lines: 574 Near line: 575 

ERROR: b1711.cli line 724  Could not find same_as id c119-9-fran. If  original reference is on another file use xsame_as
Near lines: 724 Near line: 725 

ERROR: b1711.cli line 738  Could not find same_as id lmabreu. If  original reference is on another file use xsame_as
Near lines: 738 Near line: 739 

ERROR: b1711.cli line 833  Could not find same_as id c104-7. If  original reference is on another file use xsame_as
Near lines: 833 Near line: 834 

ERROR: b1711.cli line 853  Could not find same_as id peiro. If  original reference is on another file use xsame_as
Near lines: 853 Near line: 854 

ERROR: b1711.cli line 968  Could not find same_as id lmabreu. If  original reference is on another file use xsame_as
Near lines: 968 Near line: 969 

ERROR: b1711.cli line 1212  Could not find same_as id c104-7. If  original reference is on another file use xsame_as
Near lines: 1212 Near line: 1213 

ERROR: b1711.cli line 1217  Could not find same_as id c104-7-dam. If  original reference is on another file use xsame_as
Near lines: 1217 Near line: 1218 

ERROR: b1711.cli line 1296  Could not find same_as id lmabreu. If  original reference is on another file use xsame_as
Near lines: 1296 Near line: 1297 

ERROR: b1711.cli line 1307  Could not find same_as id jpinto. If  original reference is on another file use xsame_as
Near lines: 1307 Near line: 1308 

ERROR: b1711.cli line 1317  Could not find same_as id mscoelho. If  original reference is on another file use xsame_as
Near lines: 1317 Near line: 1318 

ERROR: b1711.cli line 1404  Could not find same_as id c12-8-ang. If  original reference is on another file use xsame_as
Near lines: 1404 Near line: 1405 

ERROR: b1711.cli line 1588  Could not find same_as id sgoncalves. If  original reference is on another file use xsame_as
Near lines: 1588 Near line: 1589 

ERROR: b1711.cli line 1815  Could not find same_as id jpinto. If  original reference is on another file use xsame_as
Near lines: 1815 Near line: 1816 

ERROR: b1711.cli line 1819  Could not find same_as id lmabreu. If  original reference is on another file use xsame_as
Near lines: 1819 Near line: 1820 

ERROR: b1711.cli line 2036  Could not find same_as id lmabreu. If  original reference is on another file use xsame_as
Near lines: 2036 Near line: 2037 
20  errors. 
20  warnings.
Translation finished.
