ClioInput - version 2019.A1 - build 507 15/07/2019 21:58 
25-2-2020 16-1

Processing data file b1717.cli
-------------------------------------------
Generic Act translation module with geoentities (XML).
     Joaquim Ramos de Carvalho (joaquim@uc.pt) 
** New document: kleio
=========================
kleio translation started
=========================
Structure: gacto.str
Prefix: 
Autorel: 
Translation count: 2
Obs: 
** Processing source fonte$baptismos 1717
6: b$b1717.1
24: b$b1717.2
44: b$b1717.3
66: b$b1717.4
81: b$b1717.5

WARNING: b1717.cli line 96 destination id of "same as" not found. Will check again at the end of file.
Near lines: 96 
Near line: 97       b$b1717.6/14/1/1717/0/0/0/manuel duarte, capelao

99: b$b1717.6
119: b$b1717.7
136: b$b1717.8
158: b$b1717.9
177: b$b1717.10
195: b$b1717.11
217: b$b1717.12
236: b$b1717.13
255: b$b1717.14

WARNING: b1717.cli line 264 destination id of "same as" not found. Will check again at the end of file.
Near lines: 264             pad$felix de almeida do amaral/mesmo_que=c1712.14-5/id=b1717.14-per4
Near line: 265                ls$nome/felix de almeida

277: b$b1717.15
300: b$b1717.16
323: b$b1717.17
340: b$b1717.18

WARNING: b1717.cli line 350 destination id of "same as" not found. Will check again at the end of file.
Near lines: 350 
Near line: 351             mad$isabel da silva/mesmo_que=c6-7-isa/id=b1717.18-per2


WARNING: b1717.cli line 352 destination id of "same as" not found. Will check again at the end of file.
Near lines: 352 
Near line: 353             referido$tomas/mesmo_que=c6-7-tom/id=b1717.18-per3


WARNING: b1717.cli line 353 destination id of "same as" not found. Will check again at the end of file.
Near lines: 353             referido$tomas/mesmo_que=c6-7-tom/id=b1717.18-per3
Near line: 354                rel$parentesco/filho/isabel da silva/c6-7-isa

358: b$b1717.19
378: b$b1717.20
399: b$b1717.21
419: b$b1717.22
443: b$b1717.23
461: b$b1717.24

WARNING: b1717.cli line 470 destination id of "same as" not found. Will check again at the end of file.
Near lines: 470             pad$joao da costa de vasconcelos/mesmo_que=c12-7/id=b1717.24-per4
Near line: 471                ls$residencia/soure

480: b$b1717.25
503: b$b1717.26
522: b$b1717.27
540: b$b1717.28
562: b$b1717.29
582: b$b1717.30

WARNING: b1717.cli line 601 destination id of "same as" not found. Will check again at the end of file.
Near lines: 601             referido$antonio manhos de abreu/mesmo_que=amabreu/id=b1717.30-per6
Near line: 602                ls$titulo/licenciado

607: b$b1717.31
627: b$b1717.32
647: b$b1717.33
667: b$b1717.34
691: b$b1717.35
711: b$b1717.36
730: b$b1717.37
757: b$b1717.38
777: b$b1717.39
801: b$b1717.40
822: b$b1717.41
839: b$b1717.42

WARNING: b1717.cli line 853 destination id of "same as" not found. Will check again at the end of file.
Near lines: 853 
Near line: 854       b$b1717.43/31/3/1717/0/0/0/manuel rodrigues alvaro, tesoureiro

856: b$b1717.43
875: b$b1717.44
893: b$b1717.45
913: b$b1717.46
931: b$b1717.47
950: b$b1717.48
967: b$b1717.49

WARNING: b1717.cli line 978 destination id of "same as" not found. Will check again at the end of file.
Near lines: 978 
Near line: 979             mad$maria/id=b1717.49-per5

988: b$b1717.50
1007: b$b1717.51
1026: b$b1717.52

WARNING: b1717.cli line 1036 destination id of "same as" not found. Will check again at the end of file.
Near lines: 1036 
Near line: 1037             mad$antonia jorge/id=b1717.52-per5

1044: b$b1717.53
1063: b$b1717.54
1085: b$b1717.55
1105: b$b1717.56
1126: b$b1717.57
1146: b$b1717.58
1164: b$b1717.59
1187: b$b1717.60
1208: b$b1717.61
1235: b$b1717.62
1258: b$b1717.63

WARNING: b1717.cli line 1269 destination id of "same as" not found. Will check again at the end of file.
Near lines: 1269 
Near line: 1270             mad$josefa de azevedo/mesmo_que=c6-7-josa/id=b1717.63-per5


WARNING: b1717.cli line 1270 destination id of "same as" not found. Will check again at the end of file.
Near lines: 1270             mad$josefa de azevedo/mesmo_que=c6-7-josa/id=b1717.63-per5
Near line: 1271                ls$ec/s

1276: b$b1717.64
1307: b$b1717.65
1326: b$b1717.66
1346: b$b1717.67
1365: b$b1717.68
1386: b$b1717.69

WARNING: b1717.cli line 1397 destination id of "same as" not found. Will check again at the end of file.
Near lines: 1397 
Near line: 1398             mad$maria/id=b1717.69-per5

1406: b$b1717.70
1429: b$b1717.71
1448: b$b1717.72
1468: b$b1717.73

WARNING: b1717.cli line 1478 destination id of "same as" not found. Will check again at the end of file.
Near lines: 1478 
Near line: 1479             mad$maria/id=b1717.73-per5

1487: b$b1717.74
1508: b$b1717.75
1527: b$b1717.76
1545: b$b1717.77
1564: b$b1717.78
1582: b$b1717.79
1603: b$b1717.80

WARNING: b1717.cli line 1613 destination id of "same as" not found. Will check again at the end of file.
Near lines: 1613             mad$antonia/mesmo_que=c17-7-anta/id=b1717.80-per4
Near line: 1614                ls$titulo/dona


WARNING: b1717.cli line 1617 destination id of "same as" not found. Will check again at the end of file.
Near lines: 1617 
Near line: 1618             referido$catarina jorge/id=br260717817

1625: b$b1717.81
1646: b$b1717.82

WARNING: b1717.cli line 1656 destination id of "same as" not found. Will check again at the end of file.
Near lines: 1656 
Near line: 1657             mad$rosa maria/id=b1717.82-per5

1665: b$b1717.83
1683: b$b1717.84
1702: b$b1717.85
1725: b$b1717.86
1751: b$b1717.87
1772: b$b1717.88

WARNING: b1717.cli line 1782 destination id of "same as" not found. Will check again at the end of file.
Near lines: 1782 
Near line: 1783             mad$isabel florenca de almeida/id=b1717.88-per5

1789: b$b1717.89
1812: b$b1717.90
1838: b$b1717.91
1857: b$b1717.92
1880: b$b1717.93
1901: b$b1717.94
1925: b$b1717.95
1947: b$b1717.96

WARNING: b1717.cli line 1956 destination id of "same as" not found. Will check again at the end of file.
Near lines: 1956             pad$manuel pessoa leitao/mesmo_que=ppessoa/id=b1717.96-per3
Near line: 1957                ls$profissao/padre

1972: b$b1717.97
1991: b$b1717.98
2017: b$b1717.99

WARNING: b1717.cli line 2027 destination id of "same as" not found. Will check again at the end of file.
Near lines: 2027 
Near line: 2028             mad$isabel da paz/id=bmad24101717

2041: b$b1717.100
2065: b$b1717.101
2092: b$b1717.102
2111: b$b1717.103
2132: b$b1717.104
2152: b$b1717.105
2173: b$b1717.106
2193: b$b1717.107
2211: b$b1717.108
2229: b$b1717.109

WARNING: b1717.cli line 2240 destination id of "same as" not found. Will check again at the end of file.
Near lines: 2240 
Near line: 2241             mad$helena da cruz/id=b1717.109-per4

2251: b$b1717.110
2278: b$b1717.111

WARNING: b1717.cli line 2287 destination id of "same as" not found. Will check again at the end of file.
Near lines: 2287             pad$domingos goncalves galhardo/mesmo_que=dggalhardo/id=b1717.111-per4
Near line: 2288                ls$titulo/licenciado

2297: b$b1717.112
2319: b$b1717.113
2339: b$b1717.114
2361: b$b1717.115
2380: b$b1717.116

WARNING: b1717.cli line 2402 destination id of "same as" not found. Will check again at the end of file.
Near lines: 2402             referido$manuel rodrigues/mesmo_que=vig2/id=b1717.116-per4
Near line: 2403                rel$sociabilidade/procurador em baptismo/maria teresa da ressureicao/bmad27121717

2407: b$b1717.117
*** End of File

ERROR: b1717.cli line 96  Could not find same_as id c6-7-rod. If  original reference is on another file use xsame_as
Near lines: 96 Near line: 97 

ERROR: b1717.cli line 264  Could not find same_as id c1712.14-5. If  original reference is on another file use xsame_as
Near lines: 264 Near line: 265 

ERROR: b1717.cli line 350  Could not find same_as id c6-7-rod. If  original reference is on another file use xsame_as
Near lines: 350 Near line: 351 

ERROR: b1717.cli line 352  Could not find same_as id c6-7-isa. If  original reference is on another file use xsame_as
Near lines: 352 Near line: 353 

ERROR: b1717.cli line 353  Could not find same_as id c6-7-tom. If  original reference is on another file use xsame_as
Near lines: 353 Near line: 354 

ERROR: b1717.cli line 470  Could not find same_as id c12-7. If  original reference is on another file use xsame_as
Near lines: 470 Near line: 471 

ERROR: b1717.cli line 601  Could not find same_as id amabreu. If  original reference is on another file use xsame_as
Near lines: 601 Near line: 602 

ERROR: b1717.cli line 853  Could not find same_as id ppessoa. If  original reference is on another file use xsame_as
Near lines: 853 Near line: 854 

ERROR: b1717.cli line 978  Could not find same_as id lmabreu. If  original reference is on another file use xsame_as
Near lines: 978 Near line: 979 

ERROR: b1717.cli line 1036  Could not find same_as id dggalhardo. If  original reference is on another file use xsame_as
Near lines: 1036 Near line: 1037 

ERROR: b1717.cli line 1269  Could not find same_as id c6-7-rod. If  original reference is on another file use xsame_as
Near lines: 1269 Near line: 1270 

ERROR: b1717.cli line 1270  Could not find same_as id c6-7-josa. If  original reference is on another file use xsame_as
Near lines: 1270 Near line: 1271 

ERROR: b1717.cli line 1397  Could not find same_as id c12-7. If  original reference is on another file use xsame_as
Near lines: 1397 Near line: 1398 

ERROR: b1717.cli line 1478  Could not find same_as id vig2. If  original reference is on another file use xsame_as
Near lines: 1478 Near line: 1479 

ERROR: b1717.cli line 1613  Could not find same_as id c17-7-anta. If  original reference is on another file use xsame_as
Near lines: 1613 Near line: 1614 

ERROR: b1717.cli line 1617  Could not find same_as id c17-7. If  original reference is on another file use xsame_as
Near lines: 1617 Near line: 1618 

ERROR: b1717.cli line 1656  Could not find same_as id lsc1. If  original reference is on another file use xsame_as
Near lines: 1656 Near line: 1657 

ERROR: b1717.cli line 1782  Could not find same_as id c12-7. If  original reference is on another file use xsame_as
Near lines: 1782 Near line: 1783 

ERROR: b1717.cli line 1956  Could not find same_as id ppessoa. If  original reference is on another file use xsame_as
Near lines: 1956 Near line: 1957 

ERROR: b1717.cli line 2027  Could not find same_as id vig2. If  original reference is on another file use xsame_as
Near lines: 2027 Near line: 2028 

ERROR: b1717.cli line 2240  Could not find same_as id vig2. If  original reference is on another file use xsame_as
Near lines: 2240 Near line: 2241 

ERROR: b1717.cli line 2287  Could not find same_as id dggalhardo. If  original reference is on another file use xsame_as
Near lines: 2287 Near line: 2288 

ERROR: b1717.cli line 2402  Could not find same_as id vig2. If  original reference is on another file use xsame_as
Near lines: 2402 Near line: 2403 
23  errors. 
23  warnings.
Translation finished.
