ClioInput - version 2019.A1 - build 507 15/07/2019 21:58 
7-4-2020 15-59

Processing data file b1710.cli
-------------------------------------------
Generic Act translation module with geoentities (XML).
     Joaquim Ramos de Carvalho (joaquim@uc.pt) 
** New document: kleio
=========================
kleio translation started
=========================
Structure: gacto.str
Prefix: 
Autorel: 
Translation count: 3
Obs: 
** Processing source fonte$baptismos 1710
6: b$b1710.1
20: b$b1710.2
42: b$b1710.3
62: b$b1710.4
77: b$b1710.5
96: b$b1710.6
113: b$b1710.7
130: b$b1710.8
146: b$b1710.9
164: b$b1710.10
181: b$b1710.11
199: b$b1710.12
219: b$b1710.13
238: b$b1710.14
256: b$b1710.15
272: b$b1710.16
291: b$b1710.17
313: b$b1710.18
330: b$b1710.19
348: b$b1710.20
367: b$b1710.21
384: b$b1710.22
401: b$b1710.23
419: b$b1710.24
439: b$b1710.25
463: b$b1710.26
485: b$b1710.27
504: b$b1710.28
522: b$b1710.29
540: b$b1710.30
556: b$b1710.31
574: b$b1710.32
592: b$b1710.33
611: b$b1710.34
631: b$b1710.35
649: b$b1710.36
667: b$b1710.37
685: b$b1710.38
698: b$b1710.39
715: b$b1710.40
733: b$b1710.41
752: b$b1710.42
769: b$b1710.43
784: b$b1710.44
801: b$b1710.45
819: b$b1710.46
839: b$b1710.47
856: b$b1710.48
875: b$b1710.49
889: b$b1710.50
904: b$b1710.51
922: b$b1710.52
936: b$b1710.53
957: b$b1710.54
974: b$b1710.55
991: b$b1710.56
1007: b$b1710.57
1028: b$b1710.58
1048: b$b1710.59
1069: b$b1710.60
1087: b$b1710.61
1113: b$b1710.62
1130: b$b1710.63
1147: b$b1710.64
1163: b$b1710.65
1186: b$b1710.66
1202: b$b1710.67
1222: b$b1710.68
1238: b$b1710.69
1256: b$b1710.70
1274: b$b1710.71
1300: b$b1710.72
1316: b$b1710.73
1339: b$b1710.74
1357: b$b1710.75
1375: b$b1710.76
1392: b$b1710.77
1412: b$b1710.78
1430: b$b1710.79
1447: b$b1710.80
1469: b$b1710.81
1491: b$b1710.82
1506: b$b1710.83
1524: b$b1710.84
1542: b$b1710.85
1559: b$b1710.86
1582: b$b1710.87
1603: b$b1710.88
1624: b$b1710.89
1646: b$b1710.90
1664: b$b1710.91
1682: b$b1710.92
1698: b$b1710.93
1721: b$b1710.94
1736: b$b1710.95
1758: b$b1710.96
1779: b$b1710.97
1799: b$b1710.98
1815: b$b1710.99
1833: b$b1710.100
1853: b$b1710.101
1868: b$b1710.102
1883: b$b1710.103
1900: b$b1710.104
1917: b$b1710.105
1935: b$b1710.106
*** End of File
** Processed file- /kleio-home/sources/soure-fontes/sources/soure_fase1/baptismos/b1710.cli
** Original file- /kleio-home/sources/soure-fontes/sources/soure_fase1/baptismos/b1710.org
** Previous version- /kleio-home/sources/soure-fontes/sources/soure_fase1/baptismos/b1710.old
** Temp file with ids- /kleio-home/sources/soure-fontes/sources/soure_fase1/baptismos/b1710.ids
0  errors. 
0  warnings.
Translation finished.
