ClioInput - version 2019.A1 - build 507 15/07/2019 21:58 
7-4-2020 16-53

Processing data file b1720.cli
-------------------------------------------
Generic Act translation module with geoentities (XML).
     Joaquim Ramos de Carvalho (joaquim@uc.pt) 
** New document: kleio
=========================
kleio translation started
=========================
Structure: gacto.str
Prefix: 
Autorel: 
Translation count: 2
Obs: 
** Processing source fonte$baptismos 1720
6: b$b1720.1
27: b$b1720.2
52: b$b1720.3
73: b$b1720.4
91: b$b1720.5
117: b$b1720.6
137: b$b1720.7
157: b$b1720.8
178: b$b1720.9
200: b$b1720.10
223: b$b1720.11
242: b$b1720.12
263: b$b1720.13
286: b$b1720.14
309: b$b1720.15
331: b$b1720.16
349: b$b1720.17
372: b$b1720.18
392: b$b1720.19
413: b$b1720.20
434: b$b1720.21
455: b$b1720.22
477: b$b1720.23
494: b$b1720.24
514: b$b1720.25
534: b$b1720.26
552: b$b1720.27
577: b$b1720.28
597: b$b1720.29
616: b$b1720.30
637: b$b1720.31
661: b$b1720.32
681: b$b1720.33
702: b$b1720.34
722: b$b1720.35
748: b$b1720.36
765: b$b1720.37
785: b$b1720.38
805: b$b1720.39
831: b$b1720.40
850: b$b1720.41
875: b$b1720.42
892: b$b1720.43
912: b$b1720.44
931: b$b1720.45
955: b$b1720.46
975: b$b1720.47
995: b$b1720.48
1014: b$b1720.49
1038: b$b1720.50
1058: b$b1720.51
1081: b$b1720.52
1098: b$b1720.53
1122: b$b1720.54
1140: b$b1720.55
1151: b$b1720.56
1171: b$b1720.57
1189: b$b1720.58
1204: b$b1720.59
1227: b$b1720.60
1247: b$b1720.61
1268: b$b1720.62
1294: b$b1720.63
1316: b$b1720.64
1347: b$b1720.65
1367: b$b1720.66
1391: b$b1720.67
1410: b$b1720.68
1435: b$b1720.69
1457: b$b1720.70
1477: b$b1720.71
1498: b$b1720.72
1521: b$b1720.73
1539: b$b1720.74
1559: b$b1720.75
1578: b$b1720.76
1597: b$b1720.77
1616: b$b1720.78
1638: b$b1720.79
1659: b$b1720.80
1678: b$b1720.81
1699: b$b1720.82
1724: b$b1720.83
1743: b$b1720.84
1768: b$b1720.85
1787: b$b1720.86
1806: b$b1720.87
1827: b$b1720.88
1857: b$b1720.89
1877: b$b1720.90
1895: b$b1720.91
1915: b$b1720.92
1931: b$b1720.93
1949: b$b1720.94
1970: b$b1720.95
1989: b$b1720.96
2011: b$b1720.97
2031: b$b1720.98
2051: b$b1720.99
2076: b$b1720.100
*** End of File
** Processed file- /kleio-home/sources/soure-fontes/sources/soure_fase1/baptismos/b1720.cli
** Original file- /kleio-home/sources/soure-fontes/sources/soure_fase1/baptismos/b1720.org
** Previous version- /kleio-home/sources/soure-fontes/sources/soure_fase1/baptismos/b1720.old
** Temp file with ids- /kleio-home/sources/soure-fontes/sources/soure_fase1/baptismos/b1720.ids
0  errors. 
0  warnings.
Translation finished.
