ClioInput - version @@VERSION@@ - build @@BUILD@@ @@DATE@@
10-8-2018 14-2

Processing data file /Users/jrc/mhk-home/sources/soure/documents/baptismos/bpo1.cli
-------------------------------------------
Generic Act translation module with geoentities (XML).
     Joaquim Ramos de Carvalho (joaquim@uc.pt) 
** New document: kleio
=========================
kleio translation started
=========================
Structure: gacto.str
Prefix: 
Autorel: 
Translation count: 1
Obs: 
** Processing source fonte$baptismos bpo1
6: b$po115-b167o

/Users/jrc/mhk-home/sources/soure/documents/baptismos/bpo1.cli:15:destination id of "same as" not found. Will check again at the end of file.


WARNING: bpo1.cli line 14 destination id of "same as" not found. Will check again at the end of file.
Near line: 14 
Near line: 15                mrmad$antonio madeira/m/mesmo_que=c1688.7-p4/id=po115-b167o-per5


/Users/jrc/mhk-home/sources/soure/documents/baptismos/bpo1.cli:17:destination id of "same as" not found. Will check again at the end of file.


WARNING: bpo1.cli line 16 destination id of "same as" not found. Will check again at the end of file.
Near line: 16 
Near line: 17             pad$manuel mateus/id=po115-b167o-per6

*** End of File
ERROR:  Could not find same_as id c1693.32-p5 referred in line 15. If  original reference is on another file use xsame_as

ERROR:  Could not find same_as id c1688.7-p4 referred in line 17. If  original reference is on another file use xsame_as

2  errors. 
2  warnings.
Translation finished.
