ClioInput - version @@VERSION@@ - build @@BUILD@@ @@DATE@@
13-6-2019 22-49

Processing data file ob1693.cli
-------------------------------------------
Generic Act translation module with geoentities (XML).
     Joaquim Ramos de Carvalho (joaquim@uc.pt) 
** New document: kleio
1: kleio$gacto2.str/translations=2
=========================
kleio translation started
=========================
Structure: gacto2.str
Prefix: 
Autorel: 
Translation count: 2
Obs: 
2:    fonte$obitos-1693/tipo=reg paroquiais/localizacao=50v-53/data=16930000/obs=luis alvares pinto
3: 
** Processing source fonte$obitos-1693
4:       o$1/1/1693/id=obitos-1693-his4333
5: 
6: o$obitos-1693-his4333
6:          sacr$sim
7: 
8:          n$manuel silvestre/m/id=obitos-1693-his4333-per1
9:             ls$residencia/alencarce de baixo
10: 
11:          locs$igreja de s.sebastiao
12: 
13:          oficios$1 de 9
14: 
15:       o$6/1/1693/id=obitos-1693-his4334
16: 
17: o$obitos-1693-his4334
17:          n$maria/f/id=obitos-1693-his4334-per1
18:             ls$idade_aprox/menor
19:             rel$parentesco/filha/diogo pedrosa/ro16930106
20: 
21:             referido$diogo pedrosa/m/id=ro16930106
22:                ls$residencia/soure
23: 
24:          locs$igreja de s.tiago
25: 
26:       o$17/1/1693/id=obitos-1693-his4335
27: 
28: o$obitos-1693-his4335
28:          n$antonia agostinha/f/id=obitos-1693-his4335-per1
29:             ls$ec/v
30:             ls$residencia/casal do espirito santo
31: 
32:          locs$igreja do espirito santo/obs=o assento diz que ela elegeu sepultura nesta igreja
33: 
34:          oficios$1 de 9
35: 
36:       o$18/1/1693/obs=fora de ordem/id=obitos-1693-his4336
37: 
38: o$obitos-1693-his4336
38:          n$joao pedroso/m/id=obitos-1693-his4336-per1
39:             ls$residencia/casal novo
40: 
41:          sacr$sim
42: 
43:          locs$adro
44: 
45:       o$23/1/1693/id=obitos-1693-his4337
46: 
47: o$obitos-1693-his4337
47:          n$antonia rodrigues/f/id=obitos-1693-his4337-per1
48: 
49:             marido$manuel fernandes/m/id=obitos-1693-his4337-per1-per2
50:                ls$alcunha/moco
51:                ls$residencia/vale da borra
52: 
53:          sacr$sim
54: 
55:          locs$adro
56: 
57:       o$14/2/1693/id=obitos-1693-his4338
58: 
59: o$obitos-1693-his4338
59:          n$simao rodrigues/m/id=obitos-1693-his4338-per1
60:             ls$residencia/bonitos
61: 
62:          sacr$sim
63: 
64:          locs$adro
65: 
66:          oficios$1 de 3
67: 
68:       o$25/2/1693/id=obitos-1693-his4339
69: 
70: o$obitos-1693-his4339
70:          sacr$sim
71: 
72:          n$nome desconhecido/f/id=obitos-1693-his4339-per1
73: 
74:             marido$domingos gomes/m/id=obitos-1693-his4339-per1-per2
75:                ls$residencia/casal da mau?
76: 
77:          locs$adro
78: 
79:          oficios$1 de 9
80: 
81:       o$18/3/1693/id=obitos-1693-his4340
82: 
83: o$obitos-1693-his4340
83:          n$manuel domingos carrasquinho/m/id=obitos-1693-his4340-per1
84:             ls$residencia/soure
85: 
86:          locs$adro
87: 
88:       o$22/3/1693/id=obitos-1693-his4341
89: 
90: o$obitos-1693-his4341
90:          n$manuel rodrigues ?/m/id=obitos-1693-his4341-per1
91:             ls$residencia/paleao
92: 
93:          locs$adro
94: 
95:          oficios$1 de 9
96: 
97:       o$26/3/1693/id=obitos-1693-his4342
98: 
99: o$obitos-1693-his4342
99:          n$sebastiao/m/id=obitos-1693-his4342-per1
100:             rel$parentesco/filho/domingos antunes ferrado/ro16930326
101: 
102:             referido$domingos antunes ferrado/m/id=ro16930326
103:                ls$residencia/pinheiro
104: 
105:          sacr$sim
106: 
107:          locs$adro
108: 
109:          oficios$2 de 3
110: 
111:       o$2/4/1693/id=obitos-1693-his4343
112: 
113: o$obitos-1693-his4343
113:          n$manuel/m/id=obitos-1693-his4343-per1
114:             ls$ec/s
115:             ls$idade_aprox/maior
116:             rel$parentesco/filho/simao jorge/ro16930402a
117: 
118:             referido$simao jorge/m/id=ro16930402a
119:                ls$residencia/paleao
120: 
121:          sacr$sim
122: 
123:          locs$adro
124: 
125:          oficios$1 de 9
126: 
127:       o$2/4/1693/id=obitos-1693-his4344
128: 
129: o$obitos-1693-his4344
129:          n$antonia/f/id=obitos-1693-his4344-per1
130:             ls$ec/s
131:             ls$idade_aprox/maior
132:             rel$parentesco/filha/mateus fernandes/ro16930402
133: 
134:             referido$mateus fernandes/m/id=ro16930402
135:                ls$morto/antes
136:                ls$residencia/alencarce de baixo
137: 
138:          locs$igreja de s.sebastiao
139: 
140:          oficios$3 de 3
141: 
142:       o$8/4/1693/id=obitos-1693-his4345
143: 
144: o$obitos-1693-his4345
144:          n$maria goncalves/f/id=obitos-1693-his4345-per1
145: 
146:             marido$antonio goncalves vargas/m/id=obitos-1693-his4345-per1-per2
147:                ls$residencia/sobral
148: 
149:          locs$adro
150: 
151:       o$28/4/1693/id=obitos-1693-his4346
152: 
153: o$obitos-1693-his4346
153:          n$manuel goncalves/m/id=obitos-1693-his4346-per1
154:             ls$profissao/soldado
155:             ls$residencia/casal da assamaca
156: 
157:          sacr$sim
158: 
159:          locs$adro
160: 
161:          testamento$sim%fez huma doaco a hum seu irmao e sobrinho#assumi isto como sendo testamento
162: 
163:          oficios$1 de 9
164: 
165:       o$4/5/1693/id=obitos-1693-his4347
166: 
167: o$obitos-1693-his4347
167:          n$joao rodrigues/m/id=obitos-1693-his4347-per1
168:             ls$profissao/cacador
169:             ls$residencia/casa velha
170: 
171:          testamento$sim
172: 
173:          locs$igreja de nossa senhora de finisterra
174: 
175:          oficios$1 de 9
176: 
177:       o$10/5/1693/id=obitos-1693-his4348
178: 
179: o$obitos-1693-his4348
179:          n$maria joao/f/id=obitos-1693-his4348-per1
180:             ls$ec/v
181:             ls$residencia/alencarce de cima
182: 
183:          locs$adro
184: 
185:          oficios$2 de 3
186: 
187:       o$26/5/1693/id=obitos-1693-his4349
188: 
189: o$obitos-1693-his4349
189:          n$francisca/f/id=obitos-1693-his4349-per1
190:             ls$idade_aprox/de 8 para 9
191:             rel$parentesco/neta/manuel jorge soeiro/ro16930526
192: 
193:             referido$manuel jorge soeiro/m/id=ro16930526
194:                ls$residencia/casa velha
195: 
196:          locs$adro
197: 
198:       o$6/6/1693/id=obitos-1693-his4350
199: 
200: o$obitos-1693-his4350
200:          n$catarina goncalves/f/id=obitos-1693-his4350-per1
201: 
202:             marido$matias da costa/m/id=obitos-1693-his4350-per1-per2
203:                ls$residencia/bonitos
204: 
205:          locs$adro
206: 
207:          oficios$2 de 3
208: 
209:       o$12/6/1693/id=obitos-1693-his4351
210: 
211: o$obitos-1693-his4351
211:          n$maria coelho/f/id=obitos-1693-his4351-per1
212:             ls$residencia/casal do espirito santo
213: 
214:          locs$igreja do espirito santo%esta enterrada na igreja do espirito santo por assim o dispor
215: 
216:          oficios$1 de 9
217: 
218:       o$16/6/1693/id=obitos-1693-his4352
219: 
220: o$obitos-1693-his4352
220:          n$andrea gomes/f/id=obitos-1693-his4352-per1
221:             ls$ec/v
222:             ls$residencia/alencarce
223: 
224:          sacr$sim
225: 
226:          locs$adro
227: 
228:          oficios$2 de 3
229: 
230:       o$23/6/1693/id=obitos-1693-his4353
231: 
232: o$obitos-1693-his4353
232:          n$domingas francisca/f/id=obitos-1693-his4353-per1
233: 
234:             marido$manuel joao caldeira/m/id=obitos-1693-his4353-per1-per2
235:                ls$residencia/bonitos
236: 
237:          sacr$sim
238: 
239:          locs$adro
240: 
241:          oficios$1 de 9
242: 
243:       o$25/6/1693/id=obitos-1693-his4354
244: 
245: o$obitos-1693-his4354
245:          n$isabel/f/id=obitos-1693-his4354-per1
246:             ls$ec/s
247:             rel$parentesco/filha/antonio simoes/ro16930625
248: 
249:             referido$antonio simoes/m/id=ro16930625
250:                ls$residencia/casal dos guerras
251: 
252:          locs$adro
253: 
254:          oficios$2 de 3
255: 
256:       o$10/7/1693/id=obitos-1693-his4355
257: 
258: o$obitos-1693-his4355
258:          n$mariana/f/id=obitos-1693-his4355-per1
259:             ls$idade_aprox/menor
260:             rel$parentesco/filha/manuel bras/ro16930710
261: 
262:             referido$manuel bras/m/id=ro16930710
263:                ls$residencia/sobral
264: 
265:          locs$adro
266: 
267:       o$15/7/1693/id=obitos-1693-his4356
268: 
269: o$obitos-1693-his4356
269:          n$antonio luis/m/id=obitos-1693-his4356-per1
270:             ls$residencia/alencarce de cima
271: 
272:          oficios$2 de 3
273: 
274:          locs$adro
275: 
276:       o$22/7/1693/id=obitos-1693-his4357
277: 
278: o$obitos-1693-his4357
278:          n$catarina rodrigues/f/id=obitos-1693-his4357-per1
279:             ls$ec/v
280:             ls$residencia/casal dos feijoes
281: 
282:          sacr$sim
283: 
284:          locs$adro
285: 
286:          oficios$1 de 9
287: 
288:       o$24/7/1693/id=obitos-1693-his4358
289: 
290: o$obitos-1693-his4358
290:          n$isabel rodrigues/f/id=obitos-1693-his4358-per1
291: 
292:             marido$manuel rodrigues enchado/m/id=obitos-1693-his4358-per1-per2
293:                ls$residencia/alencarce de cima
294: 
295:          locs$igreja de s.tiago junto a capela de s.to antonio
296: 
297:          oficios$1 de 9
298: 
299:       o$27/7/1693/id=obitos-1693-his4359
300: 
301: o$obitos-1693-his4359
301:          n$simao domingues/m/id=obitos-1693-his4359-per1
302:             ls$residencia/cavaleiros
303: 
304:          locs$igreja de s.tiago
305: 
306:          sacr$sim
307: 
308:          oficios$1 de 9
309: 
310:       o$22/8/1693/id=obitos-1693-his4360
311: 
312: o$obitos-1693-his4360
312:          n$maria jorge/f/id=obitos-1693-his4360-per1
313: 
314:             marido$jorge fernandes/m/id=obitos-1693-his4360-per1-per2
315:                ls$residencia/cascao
316: 
317:          sacr$sim
318: 
319:          locs$igreja de s.tiago
320: 
321:          oficios$1 de 9
322: 
323:       o$26/8/1693/id=obitos-1693-his4361
324: 
325: o$obitos-1693-his4361
325:          n$brites goncalves/f/id=obitos-1693-his4361-per1
326:             ls$residencia/?
327: 
328:          sacr$sim
329: 
330:          locs$igreja de nossa senhora de finisterra
331: 
332:          oficios$3 de 9
333: 
334:       o$22/9/1693/id=obitos-1693-his4362
335: 
336: o$obitos-1693-his4362
336:          n$manuel francisco de morais/m/id=obitos-1693-his4362-per1
337:             ls$residencia/soure
338: 
339:          sacr$sim
340: 
341:          locs$igreja de s.tiago junto aos degraus da porta principal
342: 
343:          oficios$1 de 9
344: 
345:       o$7/11/1693/id=obitos-1693-his4363
346: 
347: o$obitos-1693-his4363
347:          n$luzia/f/id=obitos-1693-his4363-per1
348:             ls$residencia/alencarca de cima
349: 
350:          locs$adro
351: 
352:          sacr$sim
353: 
354:          oficios$2 de 3
355: 
356:       o$14/10/1693/obs=data sic/id=obitos-1693-his4364
357: 
358: o$obitos-1693-his4364
358:          n$joao/m/id=obitos-1693-his4364-per1
359:             ls$idade_aprox/menor
360:             rel$parentesco/filho/manuel da fonseca/ro16931014
361: 
362:             referido$manuel da fonseca/m/id=ro16931014
363:                ls$residencia/casalinhos
364: 
365:          locs$adro
366: 
367:       o$6/12/1693/id=obitos-1693-his4365
368: 
369: o$obitos-1693-his4365
369:          n$manuel/m/id=obitos-1693-his4365-per1
370:             ls$idade_aprox/menor
371:             rel$parentesco/filho/maria joao/ro16931206
372: 
373:             referido$maria joao/f/id=ro16931206
374:                ls$residencia/mogadouro
375: 
376:          locs$adro
377: *** End of File
** Processed file- /Users/jrc/mhk-home/sources/soure/soure-sources/sources/soure_fase1/obitos/ob1693.cli
** Original file- /Users/jrc/mhk-home/sources/soure/soure-sources/sources/soure_fase1/obitos/ob1693.org
** Previous version- /Users/jrc/mhk-home/sources/soure/soure-sources/sources/soure_fase1/obitos/ob1693.old
** Temp file with ids- /Users/jrc/mhk-home/sources/soure/soure-sources/sources/soure_fase1/obitos/ob1693.ids
0  errors. 
0  warnings.
Translation finished.
