ClioInput - version @@VERSION@@ - build @@BUILD@@ @@DATE@@
13-6-2019 22-49

Processing data file ob1697.cli
-------------------------------------------
Generic Act translation module with geoentities (XML).
     Joaquim Ramos de Carvalho (joaquim@uc.pt) 
** New document: kleio
1: kleio$gacto2.str/translations=2
=========================
kleio translation started
=========================
Structure: gacto2.str
Prefix: 
Autorel: 
Translation count: 2
Obs: 
2:    fonte$obitos 1697/tipo=reg paroquiais/localizacao=65-71v/data=16970000/obs=luis alvares pinto
3: 
** Processing source fonte$obitos 1697
4:       o$20/1/1697/id=obitos 1697-his2338
5: 
6: o$obitos 1697-his2338
6:          n$manuel luis/m/id=obitos 1697-his2338-per1
7:             ls$residencia/soure
8:             ls$profissao/ferreiro
9: 
10:          sacr$sim
11: 
12:          locs$adro
13: 
14:       o$29/1/1697/id=obitos 1697-his2339
15: 
16: o$obitos 1697-his2339
16:          n$maria manuel/f/id=obitos 1697-his2339-per1
17:             ls$residencia/casal de galinhas
18: 
19:          sacr$sim
20: 
21:          locs$igreja de s.tiago
22: 
23:          oficios$1 de 9
24: 
25:       o$29/1/1697/obs= nao  certo que tenha morrido nesta data/id=obitos 1697-his2340
26: 
27: o$obitos 1697-his2340
27:          n$manuel rodrigues inacio/m/id=obitos 1697-his2340-per1
28:             ls$residencia/carvalheira de cima
29: 
30:          oficios$1 de 3
31: 
32:       o$29/1/1697/id=obitos 1697-his2341
33: 
34: o$obitos 1697-his2341
34:          n$isabel/f/id=obitos 1697-his2341-per1
35: 
36:             pai$antonio luis/m/id=obitos 1697-his2341-per1-per2
37:                ls$residencia/casal dos reis
38: 
39:          sacr$sim
40: 
41:          locs$adro
42: 
43:       o$2/2/1697/id=obitos 1697-his2342
44: 
45: o$obitos 1697-his2342
45:          n$manuel carvalho/m/id=obitos 1697-his2342-per1
46:             ls$ec/s
47:             ls$residencia/barrosas
48: 
49:          locs$adro
50: 
51:          oficios$2 de 3
52: 
53:       o$8/2/1697/id=obitos 1697-his2343
54: 
55: o$obitos 1697-his2343
55:          n$maria simoes/f/id=obitos 1697-his2343-per1
56: 
57:             marido$afonso goncalves/m/id=obitos 1697-his2343-per1-per2
58:                ls$residencia/sobrado
59: 
60:          locs$adro
61: 
62:       o$9/2/1697/id=obitos 1697-his2344
63: 
64: o$obitos 1697-his2344
64:          n$manuel alvares/m/id=obitos 1697-his2344-per1
65:             ls$residencia/casa velha
66: 
67:          sacr$sim
68: 
69:          locs$igreja de s.tiago
70: 
71:          oficios$1 de 9
72: 
73:       o$21/2/1697/id=obitos 1697-his2345
74: 
75: o$obitos 1697-his2345
75:          n$maria luis/f/id=obitos 1697-his2345-per1
76: 
77:             marido$antonio luis/m/id=obitos 1697-his2345-per1-per2
78:                ls$residencia/casal dos reis
79: 
80:          sacr$sim
81: 
82:          locs$adro
83: 
84:       o$24/2/1697/id=obitos 1697-his2346
85: 
86: o$obitos 1697-his2346
86:          n$francisco joao/m/id=obitos 1697-his2346-per1
87:             ls$residencia/casconho
88: 
89:          sacr$sim
90: 
91:          locs$adro
92: 
93:          oficios$1 de 3
94: 
95:       o$3/3/1697/id=obitos 1697-his2347
96: 
97: o$obitos 1697-his2347
97:          n$angelica/f/id=obitos 1697-his2347-per1
98: 
99:             pai$mateus jorge/m/id=obitos 1697-his2347-per1-per2
100:                ls$residencia/paleao
101: 
102:          locs$ermida de s.joao
103: 
104:          oficios$1 de 3
105: 
106:       o$3/3/1697/id=obitos 1697-his2348
107: 
108: o$obitos 1697-his2348
108:          n$domingas simoes/f/id=obitos 1697-his2348-per1
109:             ls$ec/v
110: 
111:             marido$andre fernandes/m/id=obitos 1697-his2348-per1-per2
112:                ls$residencia/vale da borra
113: 
114:          locs$ermida de s.miguel
115: 
116:          oficios$2 de 3
117: 
118:       o$8/3/1697/id=obitos 1697-his2349
119: 
120: o$obitos 1697-his2349
120:          n$antonia madeira/f/id=obitos 1697-his2349-per1
121: 
122:             marido$mateus rodrigues/m/id=obitos 1697-his2349-per1-per2
123:                ls$residencia/porto das cabras
124: 
125:          sacr$sim
126: 
127:          locs$igreja de s.tiago
128: 
129:          oficios$1 de 9
130: 
131:       o$23/3/1697/id=obitos 1697-his2350
132: 
133: o$obitos 1697-his2350
133:          n$maria madeira/f/id=obitos 1697-his2350-per1
134:             ls$ec/v
135:             ls$naturalidade/alencarce de cima
136:             ls$residencia/casal
137: 
138:          sacr$sim
139: 
140:          locs$adro
141: 
142:          oficios$3 de 3
143: 
144:       o$4/4/1697/id=obitos 1697-his2351
145: 
146: o$obitos 1697-his2351
146:          n$domingos/m/id=obitos 1697-his2351-per1
147: 
148:             mae$maria gomes/f/id=obitos 1697-his2351-per1-per2
149:                ls$residencia/alencarce de cima
150: 
151:          sacr$sim
152: 
153:          locs$adro
154: 
155:          oficios$2 de 3
156: 
157:       o$4/4/1697/id=obitos 1697-his2352
158: 
159: o$obitos 1697-his2352
159:          n$jose/m/id=obitos 1697-his2352-per1
160: 
161:             pai$joao oliveira/m/id=obitos 1697-his2352-per1-per2
162:                ls$residencia/lajem
163: 
164:          sacr$sim
165: 
166:          locs$adro
167: 
168:          oficios$2 de 3
169: 
170:       o$5/4/1697/id=obitos 1697-his2353
171: 
172: o$obitos 1697-his2353
172:          n$antonia da costa/f/id=obitos 1697-his2353-per1
173:             ls$residencia/soure
174:             ls$ec/v
175: 
176:          locs$adro
177: 
178:       o$24/4/1697/id=obitos 1697-his2354
179: 
180: o$obitos 1697-his2354
180:          n$maria jorge/f/id=obitos 1697-his2354-per1
181:             ls$residencia/meiras
182: 
183:          sacr$sim
184: 
185:          locs$adro
186: 
187:          oficios$1 de 3
188: 
189:       o$29/4/1697/id=obitos 1697-his2355
190: 
191: o$obitos 1697-his2355
191:          n$jose/m/id=obitos 1697-his2355-per1
192:             ls$idade_aprox/menor
193: 
194:             pai$manuel joao/m/id=obitos 1697-his2355-per1-per2
195:                ls$residencia/barrosas
196: 
197:          locs$adro
198: 
199:       o$1/5/1697/id=obitos 1697-his2356
200: 
201: o$obitos 1697-his2356
201:          n$domingas henriques/f/id=obitos 1697-his2356-per1
202: 
203:             marido$domingos dos santos/m/id=obitos 1697-his2356-per1-per2
204:                ls$residencia/casa velha
205: 
206:          sacr$sim
207: 
208:          locs$ermida da casa velha oficios&1 de 9
209: 
210:       o$3/5/1697/id=obitos 1697-his2357
211: 
212: o$obitos 1697-his2357
212:          n$luis da rocha manrique/m/id=obitos 1697-his2357-per1
213: 
214:          locf$quinta do mariscal#propriedade do defunto
215: 
216:          sacr$sim
217: 
218:          locs$igreja de s.tiago em uma cova sua
219: 
220:          oficios$3 de 9
221: 
222:       o$13/5/1697/id=obitos 1697-his2358
223: 
224: o$obitos 1697-his2358
224:          n$antonio rodrigues casco/m/id=obitos 1697-his2358-per1
225:             ls$residencia/miraflores
226: 
227:          sacr$sim
228: 
229:          locs$adro
230: 
231:          oficios$3 de 3
232: 
233:       o$18/5/1697/id=obitos 1697-his2359
234: 
235: o$obitos 1697-his2359
235:          n$manuel jorge/m/id=obitos 1697-his2359-per1
236:             ls$residencia/casais do espirito santo
237: 
238:          sacr$sim
239: 
240:          locs$ermida do espirito santo%onde elegeu sepultura
241: 
242:          oficios$2 de 3
243: 
244:       o$19/5/1697/id=obitos 1697-his2360
245: 
246: o$obitos 1697-his2360
246:          n$manuel de figueiredo/m/id=obitos 1697-his2360-per1
247:             ls$residencia/quinta da cruz
248: 
249:          locs$adro
250: 
251:          sacr$sim
252: 
253:       o$23/5/1697/id=obitos 1697-his2361
254: 
255: o$obitos 1697-his2361
255:          n$antonio/m/id=obitos 1697-his2361-per1
256: 
257:             pai$francisco rodrigues/m/id=obitos 1697-his2361-per1-per2
258:                ls$residencia/bonitos
259: 
260:          sacr$sim
261: 
262:          locs$adro
263: 
264:          oficios$1 de 3
265: 
266:       o$23/5/1697/obs=no  certo que tenha morrido nesta data/id=obitos 1697-his2362
267: 
268: o$obitos 1697-his2362
268:          n$antonio/m/id=obitos 1697-his2362-per1
269: 
270:             pai$sebastiao domingues/m/id=obitos 1697-his2362-per1-per2
271:                ls$residencia/casa velha
272: 
273:          causa$anda ausente ha mais de dez anos
274: 
275:          oficios$2 de 3
276: 
277:       o$24/5/1697/id=obitos 1697-his2363
278: 
279: o$obitos 1697-his2363
279:          n$antonio/m/id=obitos 1697-his2363-per1
280: 
281:             pai$sebastiao domingues/m/id=obitos 1697-his2363-per1-per2
282:                ls$residencia/casa velha
283: 
284:          causa$anda ausente ha mais de dez anos
285: 
286:          oficios$1 de 3
287: 
288:       o$1/6/1697/id=obitos 1697-his2364
289: 
290: o$obitos 1697-his2364
290:          sacr$sim
291: 
292:          n$manuel joao relvas/m/id=obitos 1697-his2364-per1
293:             ls$residencia/alencarce de cima
294: 
295:          locs$igreja de s.tiago
296: 
297:          sacr$sim
298: 
299:          oficios$3 de 3
300: 
301:       o$4/6/1697/id=obitos 1697-his2365
302: 
303: o$obitos 1697-his2365
303:          n$isabel francisca/f/id=obitos 1697-his2365-per1
304: 
305:             marido$joao simoes/m/id=obitos 1697-his2365-per1-per2
306:                ls$residencia/vale da borra
307: 
308:          sacr$sim
309: 
310:          locs$igreja de s.tiago
311: 
312:          oficios$3 de 9
313: 
314:       o$15/6/1697/id=obitos 1697-his2366
315: 
316: o$obitos 1697-his2366
316:          n$pedro de brito e ataide/m/id=obitos 1697-his2366-per1
317: 
318:          locs$capela mor da igreja de s.tiago em sepultura sua
319: 
320:          sacr$sim
321: 
322:          oficios$3 de 9
323: 
324:       o$21/6/1697/id=obitos 1697-his2367
325: 
326: o$obitos 1697-his2367
326:          n$isabel/f/id=obitos 1697-his2367-per1
327: 
328:             pai$manuel rodrigues pachancas/m/id=obitos 1697-his2367-per1-per2
329:                ls$residencia/sobral
330: 
331:          locs$adro
332: 
333:          oficios$1 e meio de 3
334: 
335:       o$27/6/1697/obs=fora de ordem/id=obitos 1697-his2368
336: 
337: o$obitos 1697-his2368
337:          n$maria mendes/f/id=obitos 1697-his2368-per1
338: 
339:             marido$manuel de oliveira/m/id=obitos 1697-his2368-per1-per2
340:                ls$residencia/soure
341: 
342:          sacr$sim
343: 
344:          locs$igreja de s.tiago
345: 
346:       o$28/6/1697/id=obitos 1697-his2369
347: 
348: o$obitos 1697-his2369
348:          n$antonia/f/id=obitos 1697-his2369-per1
349: 
350:             mae$maria francisca/f/id=obitos 1697-his2369-per1-per2
351:                ls$residencia/louzoes
352:                ls$ec/v
353: 
354:          locs$adro
355: 
356:       o$28/6/1697/id=obitos 1697-his2370
357: 
358: o$obitos 1697-his2370
358:          n$manuel rodrigues/m/id=obitos 1697-his2370-per1
359:             ls$residencia/casconho
360: 
361:          causa$assombramento de um raio
362: 
363:          locs$igreja de nossa senhora de finisterra
364: 
365:          oficios$1 de 9
366: 
367:       o$4/7/1697/id=obitos 1697-his2371
368: 
369: o$obitos 1697-his2371
369:          n$joao colasso/m/id=obitos 1697-his2371-per1
370:             ls$titulo/frei/obs=beneficiado em soure
371: 
372:          sacr$sim
373: 
374:          oficios$3 de 9
375: 
376:          locs$igreja de s.tiago
377: 
378:       o$4/7/1697/id=obitos 1697-his2372
379: 
380: o$obitos 1697-his2372
380:          n$maria/f/id=obitos 1697-his2372-per1
381: 
382:             pai$antonio goncalves ramos/m/id=obitos 1697-his2372-per1-per2
383:                ls$residencia/cavaleiros
384: 
385:          locs$adro
386: 
387:       o$19/7/1697/id=obitos 1697-his2373
388: 
389: o$obitos 1697-his2373
389:          n$manuel/m/id=obitos 1697-his2373-per1
390: 
391:             pai$antonio madeira/m/id=obitos 1697-his2373-per1-per2
392:                ls$residencia/paleao
393: 
394:          locs$ermida do paleao
395: 
396:          oficios$1 de 3
397: 
398:       o$25/7/1697/id=obitos 1697-his2374
399: 
400: o$obitos 1697-his2374
400:          n$maria simoes/f/id=obitos 1697-his2374-per1
401:             ls$ec/s
402:             ls$residencia/paleao
403:             rel$parentesco/irma/manuel de oliveira/ro16970725
404: 
405:             referido$manuel de oliveira/m/id=ro16970725
406:                ls$alcunha/lanca
407: 
408:          locs$ermida do paleao
409: 
410:       o$8/8/1697/id=obitos 1697-his2375
411: 
412: o$obitos 1697-his2375
412:          n$isabel francisca/f/id=obitos 1697-his2375-per1
413:             ls$ec/v
414:             ls$residencia/casal da fonte da bica
415: 
416:          locs$adro
417: 
418:       o$18/8/1697/id=obitos 1697-his2376
419: 
420: o$obitos 1697-his2376
420:          n$joao antunes/m/id=obitos 1697-his2376-per1
421:             ls$residencia/casal do pinheiro
422: 
423:          locs$adro
424: 
425:          oficios$2 de 3
426: 
427:       o$23/8/1697/id=obitos 1697-his2377
428: 
429: o$obitos 1697-his2377
429:          n$simao rodrigues caseirinho/m/id=obitos 1697-his2377-per1
430: 
431:          sacr$sim
432: 
433:          locs$igreja de nossa senhora de finisterra
434: 
435:       o$30/8/1697/id=obitos 1697-his2378
436: 
437: o$obitos 1697-his2378
437:          n$domingos francisco baralhao/m/id=obitos 1697-his2378-per1
438:             ls$residencia/soure
439: 
440:          sacr$sim
441: 
442:          locs$adro
443: 
444:       o$2/9/1697/id=obitos 1697-his2379
445: 
446: o$obitos 1697-his2379
446:          n$jose/m/id=obitos 1697-his2379-per1
447:             ls$idade_aprox/menor
448: 
449:             pai$luis coelho/m/id=obitos 1697-his2379-per1-per2
450:                ls$residencia/soure
451: 
452:          locs$igreja de nossa senhora de finisterra
453: 
454:       o$8/9/1697/id=obitos 1697-his2380
455: 
456: o$obitos 1697-his2380
456:          n$manuel joao galhufo/m/id=obitos 1697-his2380-per1
457:             ls$residencia/sobral
458: 
459:          sacr$sim
460: 
461:          locs$adro
462: 
463:       o$19/9/1697/id=obitos 1697-his2381
464: 
465: o$obitos 1697-his2381
465:          n$isabel domingues/f/id=obitos 1697-his2381-per1
466: 
467:             marido$leonel goncalves/m/id=obitos 1697-his2381-per1-per2
468:                ls$residencia/leonel
469: 
470:          sacr$Sim
471: 
472:          locs$igreja de nossa senhora de finisterra
473: 
474:          oficios$1 de 9
475: 
476:       o$23/9/1697/id=obitos 1697-his2382
477: 
478: o$obitos 1697-his2382
478:          n$maria/f/id=obitos 1697-his2382-per1
479: 
480:             mae$isabel rodrigues/f/id=obitos 1697-his2382-per1-per2
481:                ls$residencia/casal da amoreira
482: 
483:          locs$ermida do espirito santo
484: 
485:          oficios$1 de 3
486: 
487:       o$29/9/1697/id=obitos 1697-his2383
488: 
489: o$obitos 1697-his2383
489:          n$isabel/f/id=obitos 1697-his2383-per1
490:             ls$idade/7
491: 
492:             mae$joao rodrigues/m/id=obitos 1697-his2383-per1-per2
493:                ls$residencia/alencarce de baixo
494: 
495:          locs$igreja de alencarce de cima
496: 
497:          oficios$1 de 3
498: 
499:       o$3/10/1697/id=obitos 1697-his2384
500: 
501: o$obitos 1697-his2384
501:          n$manuel/m/id=obitos 1697-his2384-per1
502: 
503:             pai$domingos antunes/m/id=obitos 1697-his2384-per1-per2
504:                ls$residencia/carvalheira de baixo
505: 
506:          locs$igreja de nossa senhora de finisterra
507: 
508:          oficios$1 e meio de 3
509: 
510:       o$9/10/1697/id=obitos 1697-his2385
511: 
512: o$obitos 1697-his2385
512:          n$antonio/m/id=obitos 1697-his2385-per1
513: 
514:             pai$domingos joao/m/id=obitos 1697-his2385-per1-per2
515:                ls$residencia/alencarce de baixo
516: 
517:          locs$ermida de santo tirso de alencarce de cima
518: 
519:          oficios$1 de 3
520: 
521:       o$14/10/1697/id=obitos 1697-his2386
522: 
523: o$obitos 1697-his2386
523:          n$nome desconhecido/f/id=obitos 1697-his2386-per1
524:             ls$profissao/escrava
525:             rel$profissional/escrava/jose da cunha/ro16971014
526: 
527:             referido$jose da cunha/f/id=ro16971014
528:                ls$residencia/quinta do sobral
529: 
530:          locs$igreja de nossa senhora de finisterra
531: 
532:       o$15/10/1697/id=obitos 1697-his2387
533: 
534: o$obitos 1697-his2387
534:          n$manuel da costa/m/id=obitos 1697-his2387-per1
535:             ls$profissao/padre
536:             ls$residencia/sobral
537: 
538:          locs$igreja de s.tiago
539: 
540:          oficios$1 de 9
541: 
542:          sacr$sim
543: 
544:       o$15/10/1697/id=obitos 1697-his2388
545: 
546: o$obitos 1697-his2388
546:          n$manuel/m/id=obitos 1697-his2388-per1
547: 
548:             mae$maria carvalha/f/id=obitos 1697-his2388-per1-per2
549:                ls$residencia/bonitos
550: 
551:          locs$adro
552: 
553:          oficios$2 de 3
554: 
555:       o$15/10/1697/id=obitos 1697-his2389
556: 
557: o$obitos 1697-his2389
557:          n$antonio/m/id=obitos 1697-his2389-per1
558:             ls$idade_aprox/menor
559: 
560:             pai$domingos rodrigues feijao/m/id=obitos 1697-his2389-per1-per2
561:                ls$residencia/cavaleiros
562: 
563:          locs$adro
564: 
565:          oficios$2 de 3
566: 
567:       o$16/10/1697/id=obitos 1697-his2390
568: 
569: o$obitos 1697-his2390
569:          n$antonia/f/id=obitos 1697-his2390-per1
570: 
571:             pai$domingos rodrigues feijao/m/id=obitos 1697-his2390-per1-per2
572:                ls$residencia/cavaleiros
573: 
574:          locs$adro
575: 
576:          oficios$2 de 3
577: 
578:       o$17/10/1697/id=obitos 1697-his2391
579: 
580: o$obitos 1697-his2391
580:          n$antonia simoes/f/id=obitos 1697-his2391-per1
581: 
582:             marido$manuel martins/m/id=obitos 1697-his2391-per1-per2
583:                ls$residencia/quinta de miraflores
584: 
585:          locs$adro
586: 
587:          oficios$2 de 3
588: 
589:       o$20/10/1697/id=obitos 1697-his2392
590: 
591: o$obitos 1697-his2392
591:          n$joao cordeiro/m/id=obitos 1697-his2392-per1
592:             ls$profissao/padre capelao da matriz
593:             ls$titulo/frei
594: 
595:          sacr$sim
596: 
597:          locs$igreja de s.tiago
598: 
599:          oficios$3 de 9
600: 
601:       o$20/10/1697/id=obitos 1697-his2393
602: 
603: o$obitos 1697-his2393
603:          n$joao rodrigues figueiredo/f/id=obitos 1697-his2393-per1
604:             ls$residencia/montais
605: 
606:          sacr$sim
607: 
608:          locs$adro
609: 
610:          oficios$3 de 3
611: 
612:       o$20/10/1697/id=obitos 1697-his2394
613: 
614: o$obitos 1697-his2394
614:          n$maria/f/id=obitos 1697-his2394-per1
615:             ls$ec/s
616: 
617:             pai$manuel gomes/m/id=obitos 1697-his2394-per1-per2
618:                ls$residencia/novos
619: 
620:          sacr$sim
621: 
622:          locs$igreja de s.francisco
623: 
624:          oficios$1 de 3
625: 
626:       o$28/10/1697/id=obitos 1697-his2395
627: 
628: o$obitos 1697-his2395
628:          n$domingos rodrigues feijao/m/id=obitos 1697-his2395-per1
629:             ls$residencia/cavaleiros
630: 
631:          sacr$sim
632: 
633:          locs$adro
634: 
635:          oficios$1 de 9
636: 
637:       o$6/11/1697/id=obitos 1697-his2396
638: 
639: o$obitos 1697-his2396
639:          n$antonio simoes raposo/m/id=obitos 1697-his2396-per1
640:             ls$residencia/estercadas
641: 
642:          sacr$sim
643: 
644:          locs$adro
645: 
646:          oficios$3 de 3
647: 
648:       o$7/11/1697/id=obitos 1697-his2397
649: 
650: o$obitos 1697-his2397
650:          n$antonia rodrigues/f/id=obitos 1697-his2397-per1
651:             ls$ec/v
652:             ls$residencia/simoes
653: 
654:          locs$adro
655: 
656:          oficios$2 de 3
657: 
658:       o$10/11/1697/id=obitos 1697-his2398
659: 
660: o$obitos 1697-his2398
660:          n$maria goncalves/f/id=obitos 1697-his2398-per1
661: 
662:             marido$manuel francisco/m/id=obitos 1697-his2398-per1-per2
663:                ls$residencia/casal de galinhas
664: 
665:          sacr$sim
666: 
667:          locs$ermida do espirito santo%onde elegeu sepultura
668: 
669:          oficios$3 de 3
670: 
671:       o$13/11/1697/id=obitos 1697-his2399
672: 
673: o$obitos 1697-his2399
673:          n$maria/f/id=obitos 1697-his2399-per1
674: 
675:             mae$francisca rodrigues/f/id=obitos 1697-his2399-per1-per2
676:                ls$residencia/casal da eureca
677: 
678:          locs$adro
679: 
680:       o$22/11/1697/id=obitos 1697-his2400
681: 
682: o$obitos 1697-his2400
682:          n$manuel/m/id=obitos 1697-his2400-per1
683:             ls$idade_aprox/menor
684: 
685:             pai$domingos mateus/m/id=obitos 1697-his2400-per1-per2
686:                ls$residencia/pouca pena
687: 
688:          locs$ermida do espirito santo
689: 
690:       o$26/11/1697/id=obitos 1697-his2401
691: 
692: o$obitos 1697-his2401
692:          n$isabel francisca/f/id=obitos 1697-his2401-per1
693: 
694:             marido$antonio madeira/m/id=obitos 1697-his2401-per1-per2
695:                ls$residencia/cascao
696: 
697:          locs$adro
698: 
699:          oficios$1 de 9
700: 
701:       o$4/12/1697/id=obitos 1697-his2402
702: 
703: o$obitos 1697-his2402
703:          n$isabel silvestre/f/id=obitos 1697-his2402-per1
704:             ls$ec/v
705:             ls$residencia/eureca
706: 
707:          locs$adro
708: 
709:          oficios$3 de 3
710: 
711:       o$10/12/1697/id=obitos 1697-his2403
712: 
713: o$obitos 1697-his2403
713:          n$maria francisca/f/id=obitos 1697-his2403-per1
714:             ls$residencia/pinheiro
715:             ls$ec/v
716: 
717:          sacr$sim
718: 
719:          locs$adro
720: 
721:          oficios$1 de 3
722: 
723:       o$11/12/1697/id=obitos 1697-his2404
724: 
725: o$obitos 1697-his2404
725:          n$apolonia/f/id=obitos 1697-his2404-per1
726: 
727:             pai$manuel cardoso/m/id=obitos 1697-his2404-per1-per2
728:                ls$residencia/soure
729: 
730:          locs$igreja de s.tiago
731: 
732:          sacr$sim
733: 
734:          oficios$3 de 9
735: 
736:       o$12/12/1697/id=obitos 1697-his2405
737: 
738: o$obitos 1697-his2405
738:          n$isabel leao/f/id=obitos 1697-his2405-per1
739:             ls$ec/s
740:             ls$residencia/pinheiro
741: 
742:          sacr$sim
743: 
744:          locs$ermida do pinheiro
745: 
746:          oficios$2 de 3
747: 
748:       o$16/12/1697/id=obitos 1697-his2406
749: 
750: o$obitos 1697-his2406
750:          n$gabriel de figueiredo/m/id=obitos 1697-his2406-per1
751:             ls$residencia/soure
752: 
753:          sacr$sim
754: 
755:          locs$igreja de nossa senhora de finisterra
756: 
757:       o$16/12/1697/id=obitos 1697-his2407
758: 
759: o$obitos 1697-his2407
759:          n$domingos pereira manco/m/id=obitos 1697-his2407-per1
760:             ls$residencia/paleao
761: 
762:          sacr$sim
763: 
764:          locs$ermida do paleao
765: 
766:       o$20/12/1697/id=obitos 1697-his2408
767: 
768: o$obitos 1697-his2408
768:          n$luisa mateus/f/id=obitos 1697-his2408-per1
769: 
770:             marido$alexandre rodrigues/m/id=obitos 1697-his2408-per1-per2
771:                ls$residencia/casais do espirito santo
772: 
773:          sacr$sim
774: 
775:          locs$ermida dos casais do espirito santo
776: 
777:          oficios$3 de 3
778: 
779:       o$28/12/1697/id=obitos 1697-his2409
780: 
781: o$obitos 1697-his2409
781:          n$manuel/m/id=obitos 1697-his2409-per1
782: 
783:             pai$joao de oliveira/m/id=obitos 1697-his2409-per1-per2
784:                ls$residencia/alencarce de cima
785: 
786:          locs$adro
787: 
788:       o$28/12/1697/id=obitos 1697-his2410
789: 
790: o$obitos 1697-his2410
790:          n$simiana galvao/f/id=obitos 1697-his2410-per1
791: 
792:             marido$antonio marques/m/id=obitos 1697-his2410-per1-per2
793:                ls$residencia/paleao
794: 
795:          locs$ermida de s.joao%onde elegeu sepultura
796: *** End of File
** Processed file- /Users/jrc/mhk-home/sources/soure/soure-sources/sources/soure_fase1/obitos/ob1697.cli
** Original file- /Users/jrc/mhk-home/sources/soure/soure-sources/sources/soure_fase1/obitos/ob1697.org
** Previous version- /Users/jrc/mhk-home/sources/soure/soure-sources/sources/soure_fase1/obitos/ob1697.old
** Temp file with ids- /Users/jrc/mhk-home/sources/soure/soure-sources/sources/soure_fase1/obitos/ob1697.ids
0  errors. 
0  warnings.
Translation finished.
