ClioInput - version @@VERSION@@ - build @@BUILD@@ @@DATE@@
10-8-2018 14-38

Processing data file /Users/jrc/mhk-home/sources/soure/documents/obitos/ob1688.cli
-------------------------------------------
Generic Act translation module with geoentities (XML).
     Joaquim Ramos de Carvalho (joaquim@uc.pt) 
** New document: kleio
=========================
kleio translation started
=========================
Structure: gacto2.str
Prefix: 
Autorel: 
Translation count: 
Obs: 
Translation count not set or invalid, counting as zero: 
** Processing source fonte$obitos 1688
6: o$obitos 1688-his2930
18: o$obitos 1688-his2931
29: o$obitos 1688-his2932
38: o$obitos 1688-his2933
49: o$obitos 1688-his2934
62: o$obitos 1688-his2935
73: o$obitos 1688-his2936
82: o$obitos 1688-his2937
92: o$obitos 1688-his2938
105: o$obitos 1688-his2939
118: o$obitos 1688-his2940
131: o$obitos 1688-his2941
142: o$obitos 1688-his2942
153: o$obitos 1688-his2943
167: o$obitos 1688-his2944
176: o$obitos 1688-his2945
184: o$obitos 1688-his2946
194: o$obitos 1688-his2947
205: o$obitos 1688-his2948
216: o$obitos 1688-his2949
229: o$obitos 1688-his2950
238: o$obitos 1688-his2951
252: o$obitos 1688-his2952
261: o$obitos 1688-his2953
272: o$obitos 1688-his2954
285: o$obitos 1688-his2955
294: o$obitos 1688-his2956
305: o$obitos 1688-his2957
317: o$obitos 1688-his2958
326: o$obitos 1688-his2959
338: o$obitos 1688-his2960
349: o$obitos 1688-his2961
361: o$obitos 1688-his2962
370: o$obitos 1688-his2963
380: o$obitos 1688-his2964
393: o$obitos 1688-his2965
406: o$obitos 1688-his2966
415: o$obitos 1688-his2967
423: o$obitos 1688-his2968
434: o$obitos 1688-his2969
445: o$obitos 1688-his2970
456: o$obitos 1688-his2971
469: o$obitos 1688-his2972
479: o$obitos 1688-his2973
489: o$obitos 1688-his2974
499: o$obitos 1688-his2975
511: o$obitos 1688-his2976
525: o$obitos 1688-his2977
534: o$obitos 1688-his2978
543: o$obitos 1688-his2979
558: o$obitos 1688-his2980
572: o$obitos 1688-his2981
582: o$obitos 1688-his2982
592: o$obitos 1688-his2983
602: o$obitos 1688-his2984
618: o$obitos 1688-his2985
634: o$obitos 1688-his2986
643: o$obitos 1688-his2987
655: o$obitos 1688-his2988
663: o$obitos 1688-his2989
674: o$obitos 1688-his2990
684: o$obitos 1688-his2991
693: o$obitos 1688-his2992
703: o$obitos 1688-his2993
715: o$obitos 1688-his2994
*** End of File
** Processed file- /Users/jrc/mhk-home/sources/soure/documents/obitos/ob1688.cli
** Original file- /Users/jrc/mhk-home/sources/soure/documents/obitos/ob1688.org
** Previous version- /Users/jrc/mhk-home/sources/soure/documents/obitos/ob1688.old
** Temp file with ids- /Users/jrc/mhk-home/sources/soure/documents/obitos/ob1688.ids
0  errors. 
0  warnings.
Translation finished.
