ClioInput - version @@VERSION@@ - build @@BUILD@@ @@DATE@@
10-8-2018 14-42

Processing data file /Users/jrc/mhk-home/sources/soure/documents/obitos/ob1692.cli
-------------------------------------------
Generic Act translation module with geoentities (XML).
     Joaquim Ramos de Carvalho (joaquim@uc.pt) 
** New document: kleio
=========================
kleio translation started
=========================
Structure: gacto2.str
Prefix: 
Autorel: 
Translation count: 
Obs: 
Translation count not set or invalid, counting as zero: 
** Processing source fonte$obitos-1692
6: o$obitos-1692-his4282
17: o$obitos-1692-his4283
32: o$obitos-1692-his4284
43: o$obitos-1692-his4285
52: o$obitos-1692-his4286
61: o$obitos-1692-his4287
72: o$obitos-1692-his4288
82: o$obitos-1692-his4289
92: o$obitos-1692-his4290
101: o$obitos-1692-his4291
110: o$obitos-1692-his4292
121: o$obitos-1692-his4293
134: o$obitos-1692-his4294
145: o$obitos-1692-his4295
158: o$obitos-1692-his4296
169: o$obitos-1692-his4297
180: o$obitos-1692-his4298
190: o$obitos-1692-his4299
201: o$obitos-1692-his4300
212: o$obitos-1692-his4301
223: o$obitos-1692-his4302
234: o$obitos-1692-his4303
243: o$obitos-1692-his4304
254: o$obitos-1692-his4305
268: o$obitos-1692-his4306
275: o$obitos-1692-his4307
285: o$obitos-1692-his4308
296: o$obitos-1692-his4309
308: o$obitos-1692-his4310
321: o$obitos-1692-his4311
331: o$obitos-1692-his4312
344: o$obitos-1692-his4313
353: o$obitos-1692-his4314
360: o$obitos-1692-his4315
374: o$obitos-1692-his4316
383: o$obitos-1692-his4317
394: o$obitos-1692-his4318
403: o$obitos-1692-his4319
414: o$obitos-1692-his4320
425: o$obitos-1692-his4321
434: o$obitos-1692-his4322
449: o$obitos-1692-his4323
461: o$obitos-1692-his4324
473: o$obitos-1692-his4325
484: o$obitos-1692-his4326
494: o$obitos-1692-his4327
506: o$obitos-1692-his4328
517: o$obitos-1692-his4329
528: o$obitos-1692-his4330
539: o$obitos-1692-his4331
550: o$obitos-1692-his4332
*** End of File
** Processed file- /Users/jrc/mhk-home/sources/soure/documents/obitos/ob1692.cli
** Original file- /Users/jrc/mhk-home/sources/soure/documents/obitos/ob1692.org
** Previous version- /Users/jrc/mhk-home/sources/soure/documents/obitos/ob1692.old
** Temp file with ids- /Users/jrc/mhk-home/sources/soure/documents/obitos/ob1692.ids
0  errors. 
0  warnings.
Translation finished.
