ClioInput - version 2019.A1 - build 507 15/07/2019 21:58 
17-2-2020 11-23

Processing data file ob1690.cli
-------------------------------------------
Generic Act translation module with geoentities (XML).
     Joaquim Ramos de Carvalho (joaquim@uc.pt) 
** New document: kleio
=========================
kleio translation started
=========================
Structure: gacto2.str
Prefix: 
Autorel: 
Translation count: 3
Obs: 
** Processing source fonte$obitos 1690
6: o$obitos_1690-his4183
18: o$obitos_1690-his4184
30: o$obitos_1690-his4185
43: o$obitos_1690-his4186
54: o$obitos_1690-his4187
65: o$obitos_1690-his4188
79: o$obitos_1690-his4189
87: o$obitos_1690-his4190
98: o$obitos_1690-his4191
109: o$obitos_1690-his4192
120: o$obitos_1690-his4193
129: o$obitos_1690-his4194
140: o$obitos_1690-his4195
152: o$obitos_1690-his4196
166: o$obitos_1690-his4197
176: o$obitos_1690-his4198
187: o$obitos_1690-his4199
195: o$obitos_1690-his4200
205: o$obitos_1690-his4201
215: o$obitos_1690-his4202
224: o$obitos_1690-his4203
235: o$obitos_1690-his4204
242: o$obitos_1690-his4205
251: o$obitos_1690-his4206
260: o$obitos_1690-his4207
269: o$obitos_1690-his4208
280: o$obitos_1690-his4209
289: o$obitos_1690-his4210
305: o$obitos_1690-his4211
315: o$obitos_1690-his4212
326: o$obitos_1690-his4213
336: o$obitos_1690-his4214
347: o$obitos_1690-his4215
*** End of File
** Processed file- /kleio-home/sources/soure/soure-sources/sources/soure_fase1/obitos/ob1690.cli
** Original file- /kleio-home/sources/soure/soure-sources/sources/soure_fase1/obitos/ob1690.org
** Previous version- /kleio-home/sources/soure/soure-sources/sources/soure_fase1/obitos/ob1690.old
** Temp file with ids- /kleio-home/sources/soure/soure-sources/sources/soure_fase1/obitos/ob1690.ids
0  errors. 
0  warnings.
Translation finished.
