ClioInput - version @@VERSION@@ - build @@BUILD@@ @@DATE@@
9-4-2020 16-59

Processing data file ob1675-87.cli
-------------------------------------------
Generic Act translation module with geoentities (XML).
     Joaquim Ramos de Carvalho (joaquim@uc.pt) 
** New document: kleio
=========================
kleio translation started
=========================
Structure: gacto2.str
Prefix: 
Autorel: 
Translation count: 5
Obs: 
** Processing source fonte$obitos 1675
6: obito$o1675-1
17: obito$o1675-2
28: obito$o1675-3
39: obito$o1675-4
48: obito$o1675-5
60: obito$o1675-6
73: obito$o1675-7
87: obito$o1675-8
99: obito$o1675-9
112: obito$o1675-10
124: obito$o1675-11
138: obito$o1675-12
153: obito$o1675-13
165: obito$o1675-14
176: obito$o1675-15
187: obito$o1675-16
** Processing source fonte$obitos 1676
201: obito$o1676-1
214: obito$o1676-2
227: obito$o1676-3
238: obito$o1676-4
251: obito$o1676-5
264: obito$o1676-6
275: obito$o1676-7
289: obito$o1676-8
300: obito$o1676-9
309: obito$o1676-10
322: obito$o1676-11
335: obito$o1676-12
344: obito$o1676-13
357: obito$o1676-14
369: obito$o1676-15
380: obito$o1676-16
393: obito$o1676-17
402: obito$o1676-18
413: obito$o1676-19
424: obito$o1676-20
436: obito$o1676-21
448: obito$o1676-22
455: obito$o1676-23
466: obito$o1676-24
475: obito$o1676-25
485: obito$o1676-26
497: obito$o1676-27
507: obito$o1676-28
520: obito$o1676-29
532: obito$o1676-30
545: obito$o1676-31
554: obito$o1676-32
571: obito$o1676-33
585: obito$o1676-34
602: obito$o1676-35
612: obito$o1676-36
** Processing source fonte$obitos 1677
622: obito$o1677-37
633: obito$o1677-38
646: obito$o1677-39
660: obito$o1677-40
670: obito$o1677-41
691: obito$o1677-42
702: obito$o1677-43
714: obito$o1677-44
724: obito$o1677-45
733: obito$o1677-46
745: obito$o1677-47
756: obito$o1677-48
766: obito$o1677-49
778: obito$o1677-50
791: obito$o1677-51
804: obito$o1677-52
815: obito$o1677-53
828: obito$o1677-54
845: obito$o1677-55
853: obito$o1677-56
859: obito$o1677-57
870: obito$o1677-58
880: obito$o1677-59
893: obito$o1677-60
902: obito$o1677-61
915: obito$o1677-62
927: obito$o1677-63
934: obito$o1677-64
947: obito$o1677-65
957: obito$o1677-66
968: obito$o1677-67
981: obito$o1677-68
994: obito$o1677-69
1006: obito$o1677-70
1017: obito$o1677-71
1027: obito$o1677-72
1036: obito$o1677-73
1056: obito$o1677-74
1066: obito$o1677-75
1077: obito$o1677-76
1085: obito$o1677-77
1099: obito$o1677-78
1109: obito$o1677-79
1116: obito$o1677-80
** Processing source fonte$obitos 1678
1125: obito$o1678-1
1132: obito$o1678-2
1142: obito$o1678-3
1150: obito$o1678-4
1161: obito$o1678-5
1174: obito$o1678-6
1185: obito$o1678-7
1197: obito$o1678-8
1206: obito$o1678-9
1217: obito$o1678-10
1229: obito$o1678-11
1240: obito$o1678-12
1248: obito$o1678-13
1258: obito$o1678-14
1271: obito$o1678-15
1282: obito$o1678-16
1293: obito$o1678-17
1298: obito$o1678-18
1304: obito$o1678-19
1311: obito$o1678-20
1317: obito$o1678-21
1326: obito$o1678-22
1336: obito$o1678-23
1344: obito$o1678-24
1348: obito$o1678-25
1357: obito$o1678-26
1369: obito$o1678-27
1377: obito$o1678-28
1391: obito$o1678-29
1402: obito$o1678-30
1414: obito$o1678-31
1426: obito$o1678-32
1437: obito$o1678-33
1448: obito$o1678-34
1456: obito$o1678-35
1467: obito$o1678-36
1477: obito$o1678-37
1489: obito$o1678-38
1497: obito$o1678-39
1510: obito$o1678-40
1519: obito$o1678-41
1527: obito$o1678-42
1533: obito$o1678-43
1546: obito$o1678-44
1555: obito$o1678-45
1564: obito$o1678-46
1573: obito$o1678-47
1584: obito$o1678-48
1594: obito$o1678-49
1601: obito$o1678-50
1610: obito$o1678-51
1620: obito$o1678-52
1627: obito$o1678-53
1643: obito$o1678-54
1659: obito$o1678-55
1668: obito$o1678-56
1677: obito$o1678-57
1688: obito$o1678-58
1699: obito$o1678-59
** Processing source fonte$obitos 1679
1706: obito$o1679-1
1717: obito$o1679-2
1729: obito$o1679-3
1737: obito$o1679-4
1744: obito$o1679-5
1756: obito$o1678-6b
1766: obito$o1679-7
1777: obito$o1679-8
1790: obito$o1679-9
1799: obito$o1679-10
1810: obito$o1679-11
1819: obito$o1679-12
1830: obito$o1679-13
1842: obito$o1679-14
1855: obito$o1679-15
1864: obito$o1679-16
1875: obito$o1679-16b
1885: obito$o1679-16c
1896: obito$o1679-17
1908: obito$o1679-18
1921: obito$o1679-19
1931: obito$o1679-20
1940: obito$o1679-21
1950: obito$o1679-22
** Processing source fonte$obitos 1680
1960: obito$o1680-1
1972: obito$o1680-2
1989: obito$o1680-3
2001: obito$o1680-4
2010: obito$o1680-5
2019: obito$o1680-6
2027: obito$o1680-7
2040: obito$o1680-8
2047: obito$o1680-9
2061: obito$o1680-10
2073: obito$o1680-11
2088: obito$o1680-12
2096: obito$o1680-13
2106: obito$o1680-14
2120: obito$o1680-15
2129: obito$o1680-16
2141: obito$o1680-17
2152: obito$o1680-18
2162: obito$o1680-19
2171: obito$o1680-20
2182: obito$o1680-21
2193: obito$o1680-22
2205: obito$o1680-23
2218: obito$o1680-24
2229: obito$o1680-25
2238: obito$o1680-26
2249: obito$o1680-27
2263: obito$o1680-28
2274: obito$o1680-29
2284: obito$o1680-30
2290: obito$o1680-31
2299: obito$o1680-32
2313: obito$o1680-33
** Processing source fonte$obitos 1681
2321: obito$o1681-1
2330: obito$o1681-2
2339: obito$o1680-3b
2350: obito$o1681-4
2364: obito$o1681-5
2377: obito$o1681-6
2387: obito$o1681-7
2402: obito$o1681-8
2411: obito$o1681-9
2422: obito$o1681-10
2434: obito$o1681-11
2444: obito$o1681-12
2456: obito$o1681-13
2463: obito$o1681-14
2472: obito$o1681-15
2480: obito$o1681-16
2494: obito$o1681-17
2503: obito$o1681-18
2515: obito$o1681-19
2523: obito$o1681-20
2531: obito$o1681-21
2547: obito$o1681-22
2553: obito$o1681-23
2562: obito$o1681-24
2574: obito$o1681-25
2582: obito$o1681-26
2592: obito$o1681-26b
2602: obito$o1681-26c
2613: obito$o1681-27
2625: obito$o1681-28
2635: obito$o1681-29
2647: obito$o1681-30
2656: obito$o1681-31
2668: obito$o1681-32
2677: obito$o1681-33
2687: obito$o1681-34
2695: obito$o1681-35
2703: obito$o1681-36
2712: obito$o1681-37
2722: obito$o1681-38
2730: obito$o1681-39
2742: obito$o1681-40
2749: obito$o1681-41
2764: obito$o1681-42
2772: obito$o1681-43
2786: obito$o1681-44
2800: obito$o1681-45
2813: obito$o1681-46
2820: obito$o1681-47
2829: obito$o1681-48
2838: obito$o1681-49
2848: obito$o1681-50
2858: obito$o1681-51
2871: obito$o1681-52
2880: obito$o1681-53
2889: obito$o1681-54
2898: obito$o1681-55
2908: obito$o1681-56
2915: obito$o1681-57
2923: obito$o1681-58
2930: obito$o1681-59
2935: obito$o1681-60
2944: obito$o1681-61
2949: obito$o1681-62
2961: obito$o1681-63
2974: obito$o1681-64
2986: obito$o1681-65
2993: obito$o1681-66
3001: obito$o1681-67
3011: obito$o1681-68
3019: obito$o1681-69
** Processing source fonte$obitos 1682
3031: obito$o1682-1
3042: obito$o1682-2
3052: obito$o1682-3
3061: obito$o1682-4
3070: obito$o1682-5
3084: obito$o1682-6
3096: obito$o1682-7
3105: obito$o1682-8
3117: obito$o1682-9
3126: obito$o1682-10
3136: obito$o1682-11
3147: obito$o1682-12
3158: obito$o1682-13
3166: obito$o1682-14
3177: obito$o1682-15
3187: obito$o1682-16
3198: obito$o1682-17
3207: obito$o1682-18
3223: obito$o1682-19
3236: obito$o1682-20
3251: obito$o1682-21
3266: obito$o1682-22
3277: obito$o1682-23
3285: obito$o1682-24
3296: obito$o1682-25
3307: obito$o1682-26
3314: obito$o1682-27
3325: obito$o1682-28
3335: obito$o1682-29
3344: obito$o1682-30
3356: obito$o1682-31
3367: obito$o1682-32
3379: obito$o1682-33
3388: obito$o1682-34
3397: obito$o1682-35
3406: obito$o1682-36
3413: obito$o1682-37
3425: obito$o1682-39
3434: obito$o1682-39b
3445: obito$o1682-40
3459: obito$o1682-41
** Processing source fonte$obitos 1683
3469: obito$o1683-1
3485: obito$o1683-2
3495: obito$o1683-3
3507: obito$o1683-4
3517: obito$o1683-5
3526: obito$o1683-6
3538: obito$o1683-7
3549: obito$o1683-8
3559: obito$o1683-9
3570: obito$o1683-10
3581: obito$o1683-11
3591: obito$o1683-12
3602: obito$o1683-12b
3615: obito$o1683-13
3624: obito$o1683-14
3634: obito$o1683-15
3646: obito$o1683-16
3655: obito$o1683-17
3662: obito$o1683-18
3673: obito$o1683-19
3683: obito$o1683-20
3695: obito$o1683-21
3704: obito$o1683-22
** Processing source fonte$obitos 1684
3714: obito$o1684-23
3723: obito$o1684-24
3733: obito$o1684-25
3740: obito$o1684-26
3749: obito$o1684-27
3761: obito$o1684-28
3772: obito$o1684-29
3785: obito$o1684-30
3793: obito$o1684-31
3802: obito$o1684-32
3816: obito$o1684-33
3825: obito$o1684-34
3834: obito$o1684-35
3842: obito$o1684-36
3853: obito$o1684-37
3864: obito$o1684-38
3874: obito$o1684-39
3885: obito$o1684-40
3894: obito$o1684-41
3910: obito$o1684-42
3921: obito$o1684-43
3931: obito$o1684-44
3940: obito$o1684-45
3953: obito$o1684-46
3961: obito$o1684-47
3972: obito$o1684-48
3980: obito$o1684-49
3993: obito$o1684-50
4002: obito$o1684-51
4011: obito$o1684-52
** Processing source fonte$obitos 1685
4021: obito$o1685-53
4032: obito$o1685-54
4043: obito$o1685-55
4051: obito$o1685-56
4062: obito$o1685-57
4071: obito$o1685-58
4078: obito$o1685-59
4092: obito$o1684-60
4099: obito$o1685-61
4108: obito$o1685-62
4120: obito$o1685-63
4131: obito$o1685-64
4142: obito$o1685-65
4147: obito$o1685-66
4158: obito$o1685-6
4169: obito$o1685-N
4185: obito$o1685-68
4194: obito$o1685-69
4205: obito$o1685-70
4214: obito$o1685-71
4229: obito$o1685-72
4243: obito$o1685-73
4257: obito$o1685-74
4267: obito$o1685-75
4279: obito$o1685-76
4292: obito$o1685-77
4303: obito$o1685-78
4316: obito$o1685-79
4326: obito$o1685-80
4336: obito$o1685-81
4347: obito$o1685-82
4359: obito$o1685-83
4372: obito$o1685-84
4381: obito$o1685-85
4393: obito$o1685-86
4406: obito$o1685-87
4415: obito$o1685-88
4430: obito$o1685-89
4441: obito$o1685-90
4450: obito$o1685-91
4462: obito$o1685-92
4480: obito$o1685-93
4491: obito$o1685-94
4501: obito$o1685-95
4513: obito$o1685-96
4522: obito$o1685-97
4534: obito$o1685-98
** Processing source fonte$obitos 1686
4548: obito$o1686-1
4561: obito$o1686-2
4571: obito$o1686-3
4585: obito$o1686-4
4599: obito$o1686-5
4616: obito$o1686-6
4630: obito$o1686-7
4640: obito$o1686-8
4652: obito$o1686-9
4664: obito$o1686-10
4681: obito$o1686-11
4692: obito$o1686-12
4701: obito$o1686-13
4715: obito$o1686-14
4725: obito$o1686-15
4736: obito$o1686-16
4748: obito$o1686-17
4761: obito$o1686-18
4774: obito$o1686-19
4789: obito$o1686-20
4801: obito$o1686-21
4811: obito$o1686-22
4823: obito$o1686-23
4837: obito$o1686-24
4849: obito$o1686-25
4861: obito$o1686-26
4872: obito$o1686-27
4884: obito$o1686-28
4893: obito$o1686-29
4906: obito$o1686-30
4917: obito$o1686-31
4927: obito$o1686-32
4938: obito$o1686-33
4946: obito$o1686-34
4960: obito$o1686-35
4973: obito$o1686-36
4988: obito$o1686-37
5001: obito$o1686-38
5013: obito$o1686-39
5029: obito$o1686-40
5038: obito$o1686-41
5049: obito$o1686-42
5062: obito$o1686-43
5077: obito$o1686-44
5088: obito$o1686-45
5099: obito$o1686-46
5108: obito$o1686-47
5119: obito$o1686-48
5131: obito$o1686-49
5145: obito$o1686-50
5158: obito$o1686-51
5167: obito$o1686-52
5180: obito$o1686-53
5193: obito$o1686-54
5208: obito$o1686-55
** Processing source fonte$obitos 1687
5223: obito$o1687-1
5237: obito$o1687-2
5246: obito$o1687-3
5257: obito$o1687-4
5268: obito$o1687-5
5279: obito$o1687-6
5294: obito$o1687-7
5302: obito$o1687-8
5311: obito$o1687-9
5320: obito$o1687-10
5336: obito$o1687-11
5346: obito$o1687-12
5358: obito$o1687-13
5369: obito$o1687-14
5381: obito$o1687-15
5393: obito$o1687-16
5404: obito$o1687-17
5413: obito$o1687-18
5422: obito$o1687-19
5433: obito$o1687-20
5443: obito$o1687-21
5459: obito$o1687-22
5471: obito$o1687-23
5482: obito$o1687-24
5495: obito$o1687-25
5507: obito$o1687-26
5522: obito$o1687-27
5533: obito$o1687-28
5546: obito$o1687-29
5557: obito$o1687-30
5570: obito$o1687-31
5581: obito$o1687-32
5591: obito$o1687-33
5602: obito$o1687-34
5613: obito$o1687-35
5625: obito$o1687-36
5638: obito$o1687-37
5651: obito$o1687-38
5666: obito$o1687-39
5677: obito$o1687-40
5688: obito$o1687-41
5699: obito$o1687-42
5712: obito$o1687-43
5725: obito$o1687-44
5738: obito$o1687-45
5751: obito$o1687-46
5760: obito$o1687-47
5769: obito$o1687-48
5780: obito$o1687-49
5789: obito$o1687-50
5800: obito$o1687-51
5811: obito$o1687-52
5818: obito$o1687-53
5828: obito$o1687-54
5844: obito$o1687-55
5856: obito$o1687-56
5864: obito$o1687-57
5875: obito$o1687-58
5887: obito$o1687-59
5900: obito$o1687-60
5911: obito$o1687-61
5920: obito$o1687-62
5927: obito$o1687-62b
5940: obito$o1687-63
5957: obito$o1687-64
5966: obito$o1687-65
5978: obito$o1687-66
5992: obito$o1687-67
6006: obito$o1687-68
6020: obito$o1687-69
6029: obito$o1687-70
6042: obito$o1687-71
6054: obito$o1687-72
6070: obito$o1687-73
6083: obito$o1687-74
6094: obito$o1687-75
6110: obito$o1687-76
6120: obito$o1687-77
6129: obito$o1687-78
6138: obito$o1687-79
6150: obito$o1687-80
6164: obito$o1687-81
6178: obito$o1687-82
6189: obito$o1687-83
6200: obito$o1687-84
6210: obito$o1687-85
6221: obito$o1687-86
6235: obito$o1687-87
6245: obito$o1687-88
6259: obito$o1687-89
6269: obito$o1687-90
6280: obito$o1687-91
6291: obito$o1687-92
6302: obito$o1687-93
6312: obito$o1687-94
6320: obito$o1687-95
*** End of File
** Processed file- /Users/jrc/mhk-home/sources/soure-fontes/sources/soure_fase1/obitos/ob1675-87.cli
** Original file- /Users/jrc/mhk-home/sources/soure-fontes/sources/soure_fase1/obitos/ob1675-87.org
** Previous version- /Users/jrc/mhk-home/sources/soure-fontes/sources/soure_fase1/obitos/ob1675-87.old
** Temp file with ids- /Users/jrc/mhk-home/sources/soure-fontes/sources/soure_fase1/obitos/ob1675-87.ids
0  errors. 
0  warnings.
Translation finished.
