ClioInput - version @@VERSION@@ - build @@BUILD@@ @@DATE@@
10-8-2018 14-46

Processing data file /Users/jrc/mhk-home/sources/soure/documents/obitos/ob1699.cli
-------------------------------------------
Generic Act translation module with geoentities (XML).
     Joaquim Ramos de Carvalho (joaquim@uc.pt) 
** New document: kleio
=========================
kleio translation started
=========================
Structure: gacto2.str
Prefix: 
Autorel: 
Translation count: 
Obs: 
Translation count not set or invalid, counting as zero: 
** Processing source fonte$obitos-1699
6: o$obitos-1699-his2470
17: o$obitos-1699-his2471
25: o$obitos-1699-his2472
36: o$obitos-1699-his2473
49: o$obitos-1699-his2474
62: o$obitos-1699-his2475
75: o$obitos-1699-his2476
85: o$obitos-1699-his2477
96: o$obitos-1699-his2478
107: o$obitos-1699-his2479
118: o$obitos-1699-his2480
129: o$obitos-1699-his2481
138: o$obitos-1699-his2482
148: o$obitos-1699-his2483
159: o$obitos-1699-his2484
170: o$obitos-1699-his2485
179: o$obitos-1699-his2486
190: o$obitos-1699-his2487
202: o$obitos-1699-his2488
213: o$obitos-1699-his2489
224: o$obitos-1699-his2490
237: o$obitos-1699-his2491
251: o$obitos-1699-his2492
264: o$obitos-1699-his2493
274: o$obitos-1699-his2494
285: o$obitos-1699-his2495
301: o$obitos-1699-his2496
312: o$obitos-1699-his2497
323: o$obitos-1699-his2498
332: o$obitos-1699-his2499
343: o$obitos-1699-his2500
355: o$obitos-1699-his2501
364: o$obitos-1699-his2502
373: o$obitos-1699-his2503
384: o$obitos-1699-his2504
395: o$obitos-1699-his2505
408: o$obitos-1699-his2506
420: o$obitos-1699-his2507
431: o$obitos-1699-his2508
445: o$obitos-1699-his2509
459: o$obitos-1699-his2510
470: o$obitos-1699-his2511
481: o$obitos-1699-his2512
495: o$obitos-1699-his2513
511: o$obitos-1699-his2514
530: o$obitos-1699-his2515
543: o$obitos-1699-his2516
553: o$obitos-1699-his2517
565: o$obitos-1699-his2518
576: o$obitos-1699-his2519
590: o$obitos-1699-his2520
600: o$obitos-1699-his2521
613: o$obitos-1699-his2522
621: o$obitos-1699-his2523
630: o$obitos-1699-his2524
638: o$obitos-1699-his2525
647: o$obitos-1699-his2526
660: o$obitos-1699-his2527
673: o$obitos-1699-his2528
684: o$obitos-1699-his2529
696: o$obitos-1699-his2530
709: o$obitos-1699-his2531
*** End of File
** Processed file- /Users/jrc/mhk-home/sources/soure/documents/obitos/ob1699.cli
** Original file- /Users/jrc/mhk-home/sources/soure/documents/obitos/ob1699.org
** Previous version- /Users/jrc/mhk-home/sources/soure/documents/obitos/ob1699.old
** Temp file with ids- /Users/jrc/mhk-home/sources/soure/documents/obitos/ob1699.ids
0  errors. 
0  warnings.
Translation finished.
