ClioInput - version @@VERSION@@ - build @@BUILD@@ @@DATE@@
13-6-2019 16-39

Processing data file ob1696.cli
-------------------------------------------
Generic Act translation module with geoentities (XML).
     Joaquim Ramos de Carvalho (joaquim@uc.pt) 
** New document: kleio
1: kleio$gacto2.str/translations=1
=========================
kleio translation started
=========================
Structure: gacto2.str
Prefix: 
Autorel: 
Translation count: 1
Obs: 
2:    fonte$obitos-1696/tipo=reg paroquiais/localizacao=59v-65/data=16960000/obs=luis alvares pinto
3: 
** Processing source fonte$obitos-1696
4:       o$2/1/1696/id=obitos-1696-his2265
5: 
6: o$obitos-1696-his2265
6:          n$isabel rodrigues/f/id=obitos-1696-his2265-per1
7:             ls$residencia/vale da borra
8: 
9:          sacr$sim
10: 
11:          locs$adro
12: 
13:          oficios$2 de 3
14: 
15:       o$5/1/1696/id=obitos-1696-his2266
16: 
17: o$obitos-1696-his2266
17:          n$helena lopes/f/id=obitos-1696-his2266-per1
18: 
19:             marido$manuel luis/m/id=obitos-1696-his2266-per1-per2
20:                ls$residencia/casal do soares
21: 
22:          sacr$sim
23: 
24:          locs$adro
25: 
26:          oficios$1 de 3
27: 
28:       o$7/1/1696/obs=fora de ordem/id=obitos-1696-his2267
29: 
30: o$obitos-1696-his2267
30:          locf$hospital de soure
31: 
32:          n$francisco domingues/m/id=obitos-1696-his2267-per1
33:             ls$residencia/condeixa-a-nova,freguesia de condeixa-a-nova
34:             ls$freguesia/condeixa-a-nova
35: 
36:          sacr$sim
37: 
38:          locs$adro da misericordia
39: 
40:       o$8/1/1696/id=obitos-1696-his2268
41: 
42: o$obitos-1696-his2268
42:          n$maria goncalves/f/id=obitos-1696-his2268-per1
43: 
44:             marido$mateus goncalves/m/id=obitos-1696-his2268-per1-per2
45:                ls$residencia/cavaleiros
46: 
47:          sacr$sim
48: 
49:          locs$adro
50: 
51:          oficios$1 de 9
52: 
53:       o$14/1/1696/id=obitos-1696-his2269
54: 
55: o$obitos-1696-his2269
55:          n$catarina/f/id=obitos-1696-his2269-per1
56: 
57:             mae$catarina rodrigues/f/id=obitos-1696-his2269-per1-per2
58:                ls$residencia/alencarce de cima
59: 
60:          sacr$sim
61: 
62:          locs$ermida de santo tirso
63: 
64:          oficios$3 de 3
65: 
66:       o$18/1/1696/id=obitos-1696-his2270
67: 
68: o$obitos-1696-his2270
68:          n$ana fernandes/f/id=obitos-1696-his2270-per1
69:             ls$residencia/bonitos
70: 
71:          sacr$sim
72: 
73:          locs$adro
74: 
75:          oficios$1 de 3
76: 
77:       o$3/2/1696/id=obitos-1696-his2271
78: 
79: o$obitos-1696-his2271
79:          sacr$sim
80: 
81:          n$manuel jorge/m/id=obitos-1696-his2271-per1
82:             ls$alcunha/malvado
83:             ls$residencia/presa
84: 
85:          oficios$1 de 9
86: 
87:          locs$adro
88: 
89:       o$11/2/1696/id=obitos-1696-his2272
90: 
91: o$obitos-1696-his2272
91:          n$joana ferreira/f/id=obitos-1696-his2272-per1
92:             ls$ec/v
93: 
94:             marido$joao rodrigues nuvem/m/id=obitos-1696-his2272-per1-per2
95:                ls$residencia/soure
96: 
97:          locs$igreja de s.sebastiao
98: 
99:       o$12/2/1696/id=obitos-1696-his2273
100: 
101: o$obitos-1696-his2273
101:          n$domingos carvalho/m/id=obitos-1696-his2273-per1
102:             ls$residencia/presa
103: 
104:          locs$igreja de s.tiago
105: 
106:          oficios$1 de 9
107: 
108:       o$15/2/1696/id=obitos-1696-his2274
109: 
110: o$obitos-1696-his2274
110:          n$andre fernandes/m/id=obitos-1696-his2274-per1
111:             ls$residencia/vale da borra
112: 
113:          locs$adro
114: 
115:          oficios$3 de 3
116: 
117:       o$24/2/1696/id=obitos-1696-his2275
118: 
119: o$obitos-1696-his2275
119:          n$ana soeiro#verificar apelido/f/id=obitos-1696-his2275-per1
120:             ls$residencia/soure
121: 
122:          locs$ermida de s.francisco
123: 
124:       o$26/2/1696/id=obitos-1696-his2276
125: 
126: o$obitos-1696-his2276
126:          n$maria/f/id=obitos-1696-his2276-per1
127:             ls$ec/s
128: 
129:             pai$jeronimo goncalves/m/id=obitos-1696-his2276-per1-per2
130:                ls$residencia/casal de galinhas
131: 
132:          locs$ermida do espirito santo%onde elegeu sepultura
133: 
134:          oficios$2 de 3
135: 
136:       o$27/2/1696/id=obitos-1696-his2277
137: 
138: o$obitos-1696-his2277
138:          n$manuel marques/m/id=obitos-1696-his2277-per1
139:             ls$alcunha/velho
140:             ls$residencia/paleao
141: 
142:          locs$igreja de s.tiago
143: 
144:          oficios$3 de 9
145: 
146:       o$2/3/1696/id=obitos-1696-his2278
147: 
148: o$obitos-1696-his2278
148:          n$maria simoes/f/id=obitos-1696-his2278-per1
149:             ls$ec/v
150:             ls$residencia/simoes
151: 
152:          locs$adro
153: 
154:          oficios$3 de 3
155: 
156:       o$8/3/1696/id=obitos-1696-his2279
157: 
158: o$obitos-1696-his2279
158:          n$nome desconhecido/m/id=obitos-1696-his2279-per1
159:             ls$residencia/alencarce de baixo
160:             ls$naturalidade/mogadouro
161:             rel$parentesco/neto/nome desconhecido/ro16960308
162: 
163:             referido$nome desconhecido/f/id=ro16960308
164:                ls$alcunha/cozinheira
165: 
166:             pai$manuel goncalves/m/id=obitos-1696-his2279-per1-per2
167:                ls$morto/antes
168: 
169:          causa$acharam-no morto
170: 
171:          oficios$2 de 3
172: 
173:       o$9/3/1696/id=obitos-1696-his2280
174: 
175: o$obitos-1696-his2280
175:          n$isabel rodrigues/f/id=obitos-1696-his2280-per1
176: 
177:             marido$matias jorge pais lopo/m/id=obitos-1696-his2280-per1-per2
178:                ls$residencia/casa velha
179: 
180:          locs$adro
181: 
182:       o$21/3/1696/id=obitos-1696-his2281
183: 
184: o$obitos-1696-his2281
184:          n$maria rosada de carvalho/f/id=obitos-1696-his2281-per1
185:             ls$ec/v
186:             ls$residencia/soure
187: 
188:          locs$igreja de s.tiago$em uma cova sua
189: 
190:          oficios$3 de 9
191: 
192:       o$24/3/1696/id=obitos-1696-his2282
193: 
194: o$obitos-1696-his2282
194:          n$domingos francisco/m/id=obitos-1696-his2282-per1
195:             ls$alcunha/cheiroso
196:             ls$residencia/alencarce de cima
197: 
198:          locs$adro
199: 
200:          oficios$3 de 3
201: 
202:       o$25/3/1696/id=obitos-1696-his2283
203: 
204: o$obitos-1696-his2283
204:          n$joao rodrigues monteiro/m/id=obitos-1696-his2283-per1
205:             ls$residencia/casais de s.mateus
206: 
207:          sacr$sim
208: 
209:          oficios$3 de 3
210: 
211:          locs$ermida de s.mateus%onde elegeu sepultura
212: 
213:       o$28/3/1696/id=obitos-1696-his2284
214: 
215: o$obitos-1696-his2284
215:          sacr$sim
216: 
217:          n$isabel gaspar/f/id=obitos-1696-his2284-per1
218: 
219:             marido$joao rodrigues galeao/m/id=obitos-1696-his2284-per1-per2
220:                ls$residencia/portela
221: 
222:          locs$adro
223: 
224:          oficios$2 de 3
225: 
226:       o$30/3/1696/id=obitos-1696-his2285
227: 
228: o$obitos-1696-his2285
228:          n$maria de abreu/f/id=obitos-1696-his2285-per1
229:             ls$ec/v
230:             ls$residencia/v
231: 
232:          sacr$sim
233: 
234:          locs$igreja de s.tiago
235: 
236:          oficios$1 de 9
237: 
238:       o$7/4/1696/id=obitos-1696-his2286
239: 
240: o$obitos-1696-his2286
240:          n$domingas/f/id=obitos-1696-his2286-per1
241:             ls$ec/s
242: 
243:             pai$domingas francisca/f/id=obitos-1696-his2286-per1-per2
244:                ls$residencia/casa velha
245: 
246:          locs$ermida de nossa senhora das neves#por nao poderem passar para esta vila
247: 
248:          oficios$2 de 3
249: 
250:       o$11/4/1696/id=obitos-1696-his2287
251: 
252: o$obitos-1696-his2287
252:          n$joao/m/id=obitos-1696-his2287-per1
253: 
254:             mae$domingas francisca/f/id=obitos-1696-his2287-per1-per2
255:                ls$residencia/casa velha
256:                ls$ec/v
257: 
258:          oficios$1 de 3
259: 
260:          locs$adro
261: 
262:       o$13/4/1696/id=obitos-1696-his2288
263: 
264: o$obitos-1696-his2288
264:          n$apolonia luis/f/id=obitos-1696-his2288-per1
265:             ls$residencia/soure
266: 
267:          locs$adro
268: 
269:          oficios$1 de 9
270: 
271:       o$22/4/1696/id=obitos-1696-his2289
272: 
273: o$obitos-1696-his2289
273:          sacr$sim
274: 
275:          n$francisca pedroso/f/id=obitos-1696-his2289-per1
276:             ls$ec/v
277:             ls$residencia/cortoses
278: 
279:          locs$igreja de s.mateus%onde elegeu sepultura
280: 
281:          oficios$2 de 3
282: 
283:       o$25/4/1696/id=obitos-1696-his2290
284: 
285: o$obitos-1696-his2290
285:          sacr$sim
286: 
287:          n$jeronima francisca/f/id=obitos-1696-his2290-per1
288:             ls$ec/s
289:             ls$residencia/soure
290: 
291:          locs$igreja de s.tiago
292: 
293:          oficios$1 de 9
294: 
295:       o$27/4/1696/id=obitos-1696-his2291
296: 
297: o$obitos-1696-his2291
297:          sacr$sim
298: 
299:          n$maria rodrigues carvalho/f/id=obitos-1696-his2291-per1
300:             ls$residencia/cavaleiros
301: 
302:          locs$adro
303: 
304:          oficios$3 de 3
305: 
306:       o$24/5/1696/id=obitos-1696-his2292
307: 
308: o$obitos-1696-his2292
308:          n$isabel rodrigues/f/id=obitos-1696-his2292-per1
309:             ls$ec/s
310:             ls$residencia/casa velha
311: 
312:             pai$manuel simoes/m/id=obitos-1696-his2292-per1-per2
313:                ls$residencia/casa velha
314:                ls$alcunha/ganhao
315: 
316:          sacr$sim
317: 
318:          locs$ermida da casa velha%onde elegeu sepultura
319: 
320:          oficios$2 de 3
321: 
322:       o$26/5/1696/id=obitos-1696-his2293
323: 
324: o$obitos-1696-his2293
324:          sacr$sim
325: 
326:          n$isabel fernandes/f/id=obitos-1696-his2293-per1
327:             ls$ec/s
328:             ls$residencia/alencarce de cima
329: 
330:          locs$ermida de santo tirso%onde elegeu sepultura
331: 
332:          oficios$2 de 3
333: 
334:       o$26/5/1696/id=obitos-1696-his2294
335: 
336: o$obitos-1696-his2294
336:          n$maria dos santos/f/id=obitos-1696-his2294-per1
337: 
338:             pai$manuel tome/m/id=obitos-1696-his2294-per1-per2
339:                ls$residencia/casa velha
340: 
341:          locf$condeixa-a-nova
342: 
343:          oficios$1 de 3
344: 
345:       o$26/5/1696/id=obitos-1696-his2295
346: 
347: o$obitos-1696-his2295
347:          n$nome desconhecido/f/id=obitos-1696-his2295-per1
348: 
349:             marido$domingos carvalho/m/id=obitos-1696-his2295-per1-per2
350:                ls$residencia/paleao
351: 
352:          oficios$1 de 3
353: 
354:       o$9/6/1696/id=obitos-1696-his2296
355: 
356: o$obitos-1696-his2296
356:          n$francisca da conceicao/f/id=obitos-1696-his2296-per1
357:             ls$ec/v
358:             ls$residencia/soure
359: 
360:          locs$igreja de s.francisco
361: 
362:          sacr$sim
363: 
364:       o$26/6/1696/id=obitos-1696-his2297
365: 
366: o$obitos-1696-his2297
366:          n$maria francisca/f/id=obitos-1696-his2297-per1
367:             ls$ec/v
368: 
369:             marido$manuel ferreira/m/id=obitos-1696-his2297-per1-per2
370:                ls$profissao/sapateiro
371:                ls$residencia/soure
372: 
373:          sacr$sim
374: 
375:          locs$adro
376: 
377:          oficios$1 de 3
378: 
379:       o$4/7/1696/id=obitos-1696-his2298
380: 
381: o$obitos-1696-his2298
381:          n$antonia mateus/f/id=obitos-1696-his2298-per1
382: 
383:             marido$nome desconhecido/m/id=obitos-1696-his2298-per1-per2
384:                ls$alcunha/malvado
385:                ls$residencia/presa
386: 
387:          locs$tapeus
388: 
389:          oficios$1 de 3
390: 
391:       o$7/7/1696/id=obitos-1696-his2299
392: 
393: o$obitos-1696-his2299
393:          n$joao/m/id=obitos-1696-his2299-per1
394: 
395:             pai$diogo domingues/m/id=obitos-1696-his2299-per1-per2
396:                ls$residencia/simoes
397: 
398:          locs$alentejo
399: 
400:          oficios$1 de 3
401: 
402:       o$7/7/1696/id=obitos-1696-his2300
403: 
404: o$obitos-1696-his2300
404:          n$isabel galvao/f/id=obitos-1696-his2300-per1
405:             ls$ec/v
406:             ls$residencia/paleao
407: 
408:          sacr$sim
409: 
410:          locs$igreja de nossa senhora de finisterra
411: 
412:          oficios$3 de 9
413: 
414:       o$9/7/1696/id=obitos-1696-his2301
415: 
416: o$obitos-1696-his2301
416:          n$tome rodrigues/m/id=obitos-1696-his2301-per1
417:             ls$residencia/fonte da bica
418: 
419:          sacr$sim
420: 
421:          locs$adro
422: 
423:       o$1/8/1696/id=obitos-1696-his2302
424: 
425: o$obitos-1696-his2302
425:          n$manuel de melo/m/id=obitos-1696-his2302-per1
426: 
427:             pai$pedro de brito de ataide/m/id=obitos-1696-his2302-per1-per2
428: 
429:          sacr$sim
430: 
431:          oficios$1 de 9
432: 
433:          locs$capela da igraja de s.tiago
434: 
435:       o$2/8/1696/id=obitos-1696-his2303
436: 
437: o$obitos-1696-his2303
437:          causa$parto
438: 
439:          n$maria joao/f/id=obitos-1696-his2303-per1
440: 
441:             marido$bento de almeida/m/id=obitos-1696-his2303-per1-per2
442:                ls$residencia/soure
443: 
444:          locs$igreja de s.tiago
445: 
446:       o$4/8/1696/id=obitos-1696-his2304
447: 
448: o$obitos-1696-his2304
448:          n$joao/m/id=obitos-1696-his2304-per1
449:             ls$idade_aprox/menor
450: 
451:             pai$jeronimo goncalves/m/id=obitos-1696-his2304-per1-per2
452:                ls$residencia/casa velha
453: 
454:          locs$ermida de nossa senhora das neves
455: 
456:       o$7/8/1696/id=obitos-1696-his2305
457: 
458: o$obitos-1696-his2305
458:          n$jose/m/id=obitos-1696-his2305-per1
459:             ls$idade_aprox/menor
460: 
461:             pai$filipe da costa/m/id=obitos-1696-his2305-per1-per2
462:                ls$residencia/casa velha
463: 
464:          locs$ermida de nossa senhora das neves
465: 
466:       o$7/8/1696/id=obitos-1696-his2306
467: 
468: o$obitos-1696-his2306
468:          n$maria gomes/f/id=obitos-1696-his2306-per1
469: 
470:             marido$manuel pereira/m/id=obitos-1696-his2306-per1-per2
471:                ls$alcunha/gadelha
472:                ls$residencia/paleao
473: 
474:          sacr$sim
475: 
476:          locs$adro
477: 
478:       o$19/8/1696/id=obitos-1696-his2307
479: 
480: o$obitos-1696-his2307
480:          n$amaro de pina/m/id=obitos-1696-his2307-per1
481:             ls$residencia/soure
482: 
483:          sacr$sim
484: 
485:          locs$igreja de s.tiago
486: 
487:          oficios$3 de 9
488: 
489:       o$28/8/1696/obs= nao  certo que tenha morrido nesta data/id=obitos-1696-his2308
490: 
491: o$obitos-1696-his2308
491:          n$maria rodrigues/f/id=obitos-1696-his2308-per1
492:             ls$ec/v
493:             ls$residencia/porto coelheiro
494: 
495:          oficios$1 e meio de 3
496: 
497:          locs$tapeus
498: 
499:       o$8/9/1696/id=obitos-1696-his2309
500: 
501: o$obitos-1696-his2309
501:          n$manuel cordeiro carvalho/m/id=obitos-1696-his2309-per1
502:             ls$residencia/louzoes
503: 
504:          locs$adro
505: 
506:          sacr$sim
507: 
508:          oficios$1 de 3
509: 
510:       o$8/9/1696/id=obitos-1696-his2310
511: 
512: o$obitos-1696-his2310
512:          n$catarina antunes/f/id=obitos-1696-his2310-per1
513:             ls$residencia/alencarce de cima
514: 
515:             mae$domingos joao/m/id=obitos-1696-his2310-per1-per2
516:                ls$profissao/padre
517: 
518:          sacr$sim
519: 
520:          locs$igreja de s.tiago
521: 
522:          oficios$3 de 9
523: 
524:       o$12/9/1696/obs=por ser ausente ha mais de dez anos sem haver noticias dele/id=obitos-1696-his2311
525: 
526: o$obitos-1696-his2311
526:          n$manuel jorge/m/id=obitos-1696-his2311-per1
527:             ls$alcunha/moco
528:             ls$residencia/casal do malvado
529: 
530:          oficios$3 de 3
531: 
532:       o$11/9/1696/obs=data sic/id=obitos-1696-his2312
533: 
534: o$obitos-1696-his2312
534:          n$alexandre/m/id=obitos-1696-his2312-per1
535:             ls$idade_aprox/menor
536: 
537:             pai$antonio manhos/m/id=obitos-1696-his2312-per1-per2
538:                ls$titulo/licenciado
539: 
540:          locs$igreja de s.tiago
541: 
542:       o$13/9/1696/id=obitos-1696-his2313
543: 
544: o$obitos-1696-his2313
544:          n$maria goncalves/f/id=obitos-1696-his2313-per1
545:             ls$ec/v
546: 
547:             marido$pedroso#verificar: nao sera poderoso/m/id=obitos-1696-his2313-per1-per2
548:                ls$residencia/casal novo
549: 
550:          sacr$sim
551: 
552:          locs$ermida de s.to andre%onde elegeu sepultura
553: 
554:       o$15/9/1696/id=obitos-1696-his2314
555: 
556: o$obitos-1696-his2314
556:          n$madalena/f/id=obitos-1696-his2314-per1
557: 
558:             pai$antonio simoes/m/id=obitos-1696-his2314-per1-per2
559:                ls$residencia/sobral
560: 
561:          locs$adro
562: 
563:          oficios$1 de 3
564: 
565:       o$18/9/1696/id=obitos-1696-his2315
566: 
567: o$obitos-1696-his2315
567:          n$isabel pereira/f/id=obitos-1696-his2315-per1
568: 
569:             marido$simao rodrigues manso/m/id=obitos-1696-his2315-per1-per2
570:                ls$residencia/vale da borra
571: 
572:          sacr$sim
573: 
574:          locs$adro
575: 
576:          oficios$2 de 3
577: 
578:       o$2/10/1696/id=obitos-1696-his2316
579: 
580: o$obitos-1696-his2316
580:          n$pedro/m/id=obitos-1696-his2316-per1
581: 
582:             mae$maria marques/f/id=obitos-1696-his2316-per1-per2
583:                ls$alcunha/rebela
584:                ls$residencia/casa velha
585: 
586:          sacr$sim
587: 
588:          locs$adro
589: 
590:       o$7/10/1696/id=obitos-1696-his2317
591: 
592: o$obitos-1696-his2317
592:          n$maria francisca/f/id=obitos-1696-his2317-per1
593: 
594:             marido$manuel nunes/m/id=obitos-1696-his2317-per1-per2
595:                ls$residencia/casa velha
596: 
597:          sacr$sim
598: 
599:          locs$adro
600: 
601:          oficios$3 de 3
602: 
603:       o$12/10/1696/id=obitos-1696-his2318
604: 
605: o$obitos-1696-his2318
605:          n$joao neto/m/id=obitos-1696-his2318-per1
606: 
607:             pai$simao manuel/f/id=obitos-1696-his2318-per1-per2
608:                ls$residencia/soure
609: 
610:          sacr$sim
611: 
612:          locs$igreja de s.francisco
613: 
614:       o$13/10/1696/id=obitos-1696-his2319
615: 
616: o$obitos-1696-his2319
616:          n$manuel luis/m/id=obitos-1696-his2319-per1
617:             ls$residencia/soure
618: 
619:          sacr$sim
620: 
621:          locs$adro
622: 
623:       o$21/10/1696/id=obitos-1696-his2320
624: 
625: o$obitos-1696-his2320
625:          n$isabel simoes/f/id=obitos-1696-his2320-per1
626: 
627:             marido$domingos cordeiro/m/id=obitos-1696-his2320-per1-per2
628:                ls$residencia/paleao
629: 
630:          sacr$sim
631: 
632:          locs$adro
633: 
634:          oficios$2 de 9
635: 
636:       o$26/10/1696/id=obitos-1696-his2321
637: 
638: o$obitos-1696-his2321
638:          n$catarina/f/id=obitos-1696-his2321-per1
639: 
640:             mae$catarina goncalves/f/id=obitos-1696-his2321-per1-per2
641:                ls$residencia/casa velha
642: 
643:          sacr$sim
644: 
645:          locs$adro
646: 
647:          oficios$3 de 3
648: 
649:       o$27/10/1696/id=obitos-1696-his2322
650: 
651: o$obitos-1696-his2322
651:          n$manuel/m/id=obitos-1696-his2322-per1
652: 
653:             mae$antonia goncalves/f/id=obitos-1696-his2322-per1-per2
654:                ls$ec/v
655:                ls$residencia/simoes
656: 
657:          oficios$1 de 3
658: 
659:          locs$adro
660: 
661:       o$28/10/1696/id=obitos-1696-his2323
662: 
663: o$obitos-1696-his2323
663:          n$domingos tome/m/id=obitos-1696-his2323-per1
664:             ls$residencia/alencarce de cima
665: 
666:          sacr$sim
667: 
668:          locs$igreja de s.tiago
669: 
670:          oficios$1 de 9
671: 
672:       o$1/11/1696/id=obitos-1696-his2324
673: 
674: o$obitos-1696-his2324
674:          n$isabel/f/id=obitos-1696-his2324-per1
675: 
676:             mae$maria pedroso/f/id=obitos-1696-his2324-per1-per2
677:                ls$residencia/casa velha
678:                ls$ec/v
679: 
680:          sacr$sim
681: 
682:          locs$igreja de nossa senhora das neves%onde elegeu sepultura
683: 
684:          oficios$3 de 3
685: 
686:       o$2/11/1696/id=obitos-1696-his2325
687: 
688: o$obitos-1696-his2325
688:          n$caetano/m/id=obitos-1696-his2325-per1
689:             ls$idade_aprox/menor
690: 
691:             pai$manuel ferreira/m/id=obitos-1696-his2325-per1-per2
692:                ls$residencia/paleao
693: 
694:          locs$ermida do paleao
695: 
696:       o$11/11/1696/id=obitos-1696-his2326
697: 
698: o$obitos-1696-his2326
698:          n$joao martins/m/id=obitos-1696-his2326-per1
699:             ls$residencia/soure
700: 
701:          sacr$sim
702: 
703:          locs$igreja de nossa senhora de finisterra
704: 
705:       o$20/11/1696/id=obitos-1696-his2327
706: 
707: o$obitos-1696-his2327
707:          n$maria/f/id=obitos-1696-his2327-per1
708: 
709:             pai$jose leao/m/id=obitos-1696-his2327-per1-per2
710:                ls$residencia/casa velha
711: 
712:          locs$ermida da casa velha%onde elegeu sepultura
713: 
714:       o$24/11/1696/id=obitos-1696-his2328
715: 
716: o$obitos-1696-his2328
716:          n$isabel martins/f/id=obitos-1696-his2328-per1
717: 
718:             marido$simao francisco/m/id=obitos-1696-his2328-per1-per2
719:                ls$residencia/mogadouro
720: 
721:          sacr$sim
722: 
723:          locs$adro
724: 
725:          oficios$3 de 3
726: 
727:       o$26/11/1696/id=obitos-1696-his2329
728: 
729: o$obitos-1696-his2329
729:          n$agueda pereira/f/id=obitos-1696-his2329-per1
730: 
731:             marido$jeronimo goncalves/m/id=obitos-1696-his2329-per1-per2
732:                ls$residencia/casa velha
733: 
734:          causa$parto
735: 
736:          locs$igreja da casa velha
737: 
738:          oficios$1 de 9
739: 
740:       o$26/11/1696/id=obitos-1696-his2330
741: 
742: o$obitos-1696-his2330
742:          n$maria/f/id=obitos-1696-his2330-per1
743: 
744:             pai$manuel figueiredo/m/id=obitos-1696-his2330-per1-per2
745:                ls$residencia/quinta da cruz
746: 
747:          sacr$sim
748: 
749:          locs$adro
750: 
751:       o$2/12/1696/id=obitos-1696-his2331
752: 
753: o$obitos-1696-his2331
753:          n$francisca/f/id=obitos-1696-his2331-per1
754: 
755:             pai$domingos antonio/m/id=obitos-1696-his2331-per1-per2
756:                ls$residencia/casconho
757: 
758:          locs$igreja do paleao%por nao poderem trazela a esta vila por chover e fazer cheia
759: 
760:          causa$apressadamente
761: 
762:       o$5/12/1696/id=obitos-1696-his2332
763: 
764: o$obitos-1696-his2332
764:          n$catarina domingues/f/id=obitos-1696-his2332-per1
765: 
766:             marido$joao oliveira/m/id=obitos-1696-his2332-per1-per2
767:                ls$residencia/lajem
768: 
769:          sacr$sim
770: 
771:          locs$adro
772: 
773:          oficios$2 de 3
774: 
775:       o$18/12/1696/id=obitos-1696-his2333
776: 
777: o$obitos-1696-his2333
777:          n$simao francisco/m/id=obitos-1696-his2333-per1
778:             ls$residencia/mogadouro
779: 
780:          locs$ermida de s.sebastiao
781: 
782:          oficios$3 de 3
783: 
784:       o$19/12/1696/id=obitos-1696-his2334
785: 
786: o$obitos-1696-his2334
786:          n$domingos fernandes quadrado/m/id=obitos-1696-his2334-per1
787:             ls$residencia/soure
788: 
789:          locs$adro
790: 
791:       o$22/12/1696/id=obitos-1696-his2335
792: 
793: o$obitos-1696-his2335
793:          n$manuel simoes/m/id=obitos-1696-his2335-per1
794:             ls$residencia/casconho
795: 
796:          sacr$sim
797: 
798:          locs$adro
799: 
800:          oficios$3 de 3
801: 
802:       o$22/12/1696/id=obitos-1696-his2336
803: 
804: o$obitos-1696-his2336
804:          n$maria/f/id=obitos-1696-his2336-per1
805: 
806:             pai$manuel simoes/m/id=obitos-1696-his2336-per1-per2
807:                ls$residencia/casconho
808: 
809:          locs$adro
810: 
811:          sacr$sim
812: 
813:          oficios$2 de 3
814: 
815:       o$22/12/1696/id=obitos-1696-his2337
816: 
817: o$obitos-1696-his2337
817:          n$maria rodrigues/f/id=obitos-1696-his2337-per1
818: 
819:             marido$mateus gomes/m/id=obitos-1696-his2337-per1-per2
820:                ls$residencia/paleao
821: 
822:          sacr$sim
823: 
824:          locs$igreja de s.joao
825: 
826:          oficios$3 de 3
827: *** End of File
** Processed file- /Users/jrc/mhk-home/sources/soure/soure-sources/sources/soure_fase1/obitos/ob1696.cli
** Original file- /Users/jrc/mhk-home/sources/soure/soure-sources/sources/soure_fase1/obitos/ob1696.org
** Previous version- /Users/jrc/mhk-home/sources/soure/soure-sources/sources/soure_fase1/obitos/ob1696.old
** Temp file with ids- /Users/jrc/mhk-home/sources/soure/soure-sources/sources/soure_fase1/obitos/ob1696.ids
0  errors. 
0  warnings.
Translation finished.
