ClioInput - version @@VERSION@@ - build @@BUILD@@ @@DATE@@
13-6-2019 16-39

Processing data file ob1698.cli
-------------------------------------------
Generic Act translation module with geoentities (XML).
     Joaquim Ramos de Carvalho (joaquim@uc.pt) 
** New document: kleio
1: kleio$gacto2.str/translations=1
=========================
kleio translation started
=========================
Structure: gacto2.str
Prefix: 
Autorel: 
Translation count: 1
Obs: 
2:    fonte$obitos-1698/tipo=reg paroquiais/localizacao=72-77/data=16980000/obs=luis alvares pinto
3: 
** Processing source fonte$obitos-1698
4:       o$2/1/1698/id=obitos-1698-his2411
5: 
6: o$obitos-1698-his2411
6:          n$isabel jorge/f/id=obitos-1698-his2411-per1
7:             ls$ec/v
8:             ls$residencia/fonte da bica
9: 
10:          sacr$sim
11: 
12:          locs$adro
13: 
14:       o$13/1/1698/obs=nao e certo que tenha morrido neste dia/id=obitos-1698-his2412
15: 
16: o$obitos-1698-his2412
16:          n$maria tome/f/id=obitos-1698-his2412-per1
17: 
18:             marido$manuel barreto/m/id=obitos-1698-his2412-per1-per2
19:                ls$residencia/quinta de porto coelheiro
20: 
21:          locs$tapeus
22: 
23:          oficios$1 e meio
24: 
25:       o$13/1/1698/obs=nao e certo que tenha morrido neste dia/id=obitos-1698-his2413
26: 
27: o$obitos-1698-his2413
27:          n$ines da silva/f/id=obitos-1698-his2413-per1
28: 
29:             marido$manuel rodrigues/m/id=obitos-1698-his2413-per1-per2
30:                ls$residencia/porto coelheiro
31:                ls$profissao/estudante
32: 
33:          locs$tapeus
34: 
35:          oficios$1 e meio
36: 
37:       o$14/1/1698/obs=nao e certo que tenha morrido neste dia/id=obitos-1698-his2414
38: 
39: o$obitos-1698-his2414
39:          n$nome desconhecido/m/id=obitos-1698-his2414-per1
40: 
41:             mae$maria rodrigues/f/id=obitos-1698-his2414-per1-per2
42:                ls$ec/v
43:                rel$parentesco/filha/carvalho/ro16980114
44: 
45:             referido$carvalho/m/id=ro16980114
46: 
47:          locf$alentejo
48: 
49:          oficios$1 e meio
50: 
51:       o$31/1/1698/id=obitos-1698-his2415
52: 
53: o$obitos-1698-his2415
53:          n$domingos goncalves/m/id=obitos-1698-his2415-per1
54:             ls$residencia/casal do vinagre
55: 
56:          sacr$sim
57: 
58:          locs$igreja de nossa senhora de finisterra
59: 
60:          oficios$3 de 3
61: 
62:       o$6/2/1698/id=obitos-1698-his2416
63: 
64: o$obitos-1698-his2416
64:          n$maria gomes/f/id=obitos-1698-his2416-per1
65:             ls$ec/s
66:             ls$residencia/soure
67: 
68:          sacr$sim
69: 
70:          locs$adro
71: 
72:       o$12/2/1698/id=obitos-1698-his2417
73: 
74: o$obitos-1698-his2417
74:          n$simao rodrigues/m/id=obitos-1698-his2417-per1
75:             ls$alcunha/manco
76:             ls$residencia/vale da borra
77: 
78:          sacr$sim
79: 
80:          locs$adro
81: 
82:          oficios$2 de 3
83: 
84:       o$21/2/1698/id=obitos-1698-his2418
85: 
86: o$obitos-1698-his2418
86:          n$maria manuel/f/id=obitos-1698-his2418-per1
87:             ls$ec/v
88:             ls$residencia/mogadouro
89: 
90:          sacr$sim
91: 
92:          locs$ermida de s.sebastiao%onde elegeu sepultura
93: 
94:          oficios$1 de 9
95: 
96:       o$23/2/1698/id=obitos-1698-his2419
97: 
98: o$obitos-1698-his2419
98:          n$maria joao/f/id=obitos-1698-his2419-per1
99: 
100:             marido$francisco joao/m/id=obitos-1698-his2419-per1-per2
101:                ls$residencia/bonitos
102: 
103:          sacr$sim
104: 
105:          locs$adro
106: 
107:          oficios$3 de 3
108: 
109:       o$7/3/1698/id=obitos-1698-his2420
110: 
111: o$obitos-1698-his2420
111:          n$manuel rodrigues centeio/m/id=obitos-1698-his2420-per1
112:             ls$residencia/casal do rei
113: 
114:          sacr$sim
115: 
116:          locs$igreja do espirito santo dos casais%onde elegeu sepultura
117: 
118:          oficios$1 de 9
119: 
120:       o$21/3/1698/id=obitos-1698-his2421
121: 
122: o$obitos-1698-his2421
122:          n$jose/m/id=obitos-1698-his2421-per1
123: 
124:             pai$manuel coelho/m/id=obitos-1698-his2421-per1-per2
125:                ls$residencia/soure
126: 
127:          sacr$sim
128: 
129:          locs$ermida de s.sebastiao de soure
130: 
131:       o$23/3/1698/id=obitos-1698-his2422
132: 
133: o$obitos-1698-his2422
133:          n$maria/f/id=obitos-1698-his2422-per1
134: 
135:             pai$domingos madeira/m/id=obitos-1698-his2422-per1-per2
136:                ls$residencia/casal do vinagre
137: 
138:          sacr$sim
139: 
140:          locs$adro
141: 
142:       o$27/3/1698/id=obitos-1698-his2423
143: 
144: o$obitos-1698-his2423
144:          n$maria neta/f/id=obitos-1698-his2423-per1
145:             rel$parentesco/sogra/manuel jorge corujeiro?/ro16980327
146: 
147:             referido$manuel jorge corujeiro?/m/id=ro16980327
148: 
149:          sacr$sim
150: 
151:          locs$adro
152: 
153:          oficios$3 de 9
154: 
155:       o$27/3/1698/obs=aparece repetido com data de falecimento de 31-3-1698/id=obitos-1698-his2424
156: 
157: o$obitos-1698-his2424
157:          n$manuel simoes/m/id=obitos-1698-his2424-per1
158:             ls$alcunha/toucinho
159:             ls$residencia/vale da borra
160: 
161:          sacr$sim
162: 
163:          locs$adro
164: 
165:       o$12/4/1698/id=obitos-1698-his2425
166: 
167: o$obitos-1698-his2425
167:          n$maria simoes/f/id=obitos-1698-his2425-per1
168:             ls$ec/v
169:             ls$residencia/paleao
170: 
171:          locs$adro
172: 
173:          oficios$2 de 3
174: 
175:       o$16/4/1698/id=obitos-1698-his2426
176: 
177: o$obitos-1698-his2426
177:          n$pedro de meneses/m/id=obitos-1698-his2426-per1
178:             ls$titulo/dom
179: 
180:          locs$capela mor de s.tiago
181: 
182:          sacr$sim
183: 
184:       o$19/4/1698/obs=fora de ordem/id=obitos-1698-his2427
185: 
186: o$obitos-1698-his2427
186:          n$maria jorge/f/id=obitos-1698-his2427-per1
187:             ls$ec/v
188:             ls$residencia/casal da venda
189: 
190:          sacr$sim
191: 
192:          locs$igreja de s.tiago
193: 
194:          oficios$1 de 9
195: 
196:       o$22/4/1694/obs=fora de ordem/id=obitos-1698-his2428
197: 
198: o$obitos-1698-his2428
198:          n$maria madeira/f/id=obitos-1698-his2428-per1
199: 
200:             marido$antonio martins picarra/m/id=obitos-1698-his2428-per1-per2
201:                ls$residencia/cabeca gorda
202: 
203:          sacr$sim
204: 
205:          locs$adro
206: 
207:          oficios$2 de 3
208: 
209:       o$28/4/1698/id=obitos-1698-his2429
210: 
211: o$obitos-1698-his2429
211:          n$nome desconhecido/m/obs=era rapaz/id=obitos-1698-his2429-per1
212:             rel$vizinhanca/co-residente/sebastiao ferreira/ro16980428
213: 
214:             referido$sebastiao ferreira/m/id=ro16980428
215:                rel$parentesco/filho/joao francisco/ro16980428b
216: 
217:             referido$joao francisco/m/id=ro16980428b
218:                ls$residencia/meiras
219: 
220:          causa$acharam-no morto
221: 
222:          locs$adro da misericordia
223: 
224:       o$29/4/1698/id=obitos-1698-his2430
225: 
226: o$obitos-1698-his2430
226:          n$manuel gomes/m/id=obitos-1698-his2430-per1
227:             ls$residencia/paleao
228:             ls$profissao/sapateiro
229: 
230:          sacr$sim
231: 
232:          locs$igreja de s.tiago
233: 
234:          oficios$1 de 9
235: 
236:       o$1/5/1698/id=obitos-1698-his2431
237: 
238: o$obitos-1698-his2431
238:          n$jose fernandes/m/id=obitos-1698-his2431-per1
239:             ls$residencia/soure
240: 
241:          sacr$sim
242: 
243:          locs$igreja de s.tiago
244: 
245:          oficios$1 de 9
246: 
247:       o$9/5/1698/id=obitos-1698-his2432
248: 
249: o$obitos-1698-his2432
249:          n$antonio joao palaio/m/id=obitos-1698-his2432-per1
250:             ls$residencia/mogadouro
251: 
252:          locs$adro
253: 
254:          oficios$3 de 9
255: 
256:       o$16/5/1698/id=obitos-1698-his2433
257: 
258: o$obitos-1698-his2433
258:          n$nome desconhecido/m/obs=nao e' certo que tenha morrido neste dia/id=obitos-1698-his2433-per1
259:             rel$parentesco/sobrinho/manuel joao/ro16980516
260: 
261:             referido$manuel joao/m/id=ro16980516
262:                ls$residencia/casalinhos
263:                rel$parentesco/irmao/joao rodrigues/ro16980516b
264: 
265:             referido$joao rodrigues/m/id=ro16980516b
266: 
267:          oficios$meio
268: 
269:       o$20/5/1698/id=obitos-1698-his2434
270: 
271: o$obitos-1698-his2434
271:          n$catarina jorge/f/id=obitos-1698-his2434-per1
272: 
273:             marido$estevao alvares/m/id=obitos-1698-his2434-per1-per2
274:                ls$residencia/casal dos fatacos
275: 
276:          sacr$sim
277: 
278:          oficios$3 de 3
279: 
280:       o$21/5/1698/id=obitos-1698-his2435
281: 
282: o$obitos-1698-his2435
282:          n$josefa/f/id=obitos-1698-his2435-per1
283:             ls$idade_aprox/menor
284: 
285:             pai$tome velho/m/id=obitos-1698-his2435-per1-per2
286:                ls$residencia/soure
287: 
288:          locs$igreja de s.tiago
289: 
290:       o$22/5/1698/id=obitos-1698-his2436
291: 
292: o$obitos-1698-his2436
292:          n$antonio/m/id=obitos-1698-his2436-per1
293: 
294:             pai$manuel domingues/m/id=obitos-1698-his2436-per1-per2
295:                ls$residencia/eureca
296: 
297:          sacr$sim
298: 
299:          locs$adro
300: 
301:          oficios$1
302: 
303:       o$1/6/1698/id=obitos-1698-his2437
304: 
305: o$obitos-1698-his2437
305:          n$maria domingues/f/id=obitos-1698-his2437-per1
306: 
307:             marido$manuel francisco canenho/m/id=obitos-1698-his2437-per1-per2
308:                ls$residencia/simoes
309: 
310:          sacr$sim
311: 
312:          locs$igreja de nossa senhora de finisterra
313: 
314:          oficios$2 de 9
315: 
316:       o$5/7/1698/id=obitos-1698-his2438
317: 
318: o$obitos-1698-his2438
318:          n$maria joao/f/id=obitos-1698-his2438-per1
319:             ls$ec/v
320:             ls$residencia/montais
321: 
322:          sacr$sim
323: 
324:          locs$adro
325: 
326:          oficios$3 de 3
327: 
328:       o$5/7/1698/id=obitos-1698-his2439
329: 
330: o$obitos-1698-his2439
330:          n$maria/f/id=obitos-1698-his2439-per1
331: 
332:             pai$manuel nunes/m/id=obitos-1698-his2439-per1-per2
333:                ls$residencia/casa velha
334: 
335:          sacr$sim
336: 
337:          locs$adro
338: 
339:          oficios$3 de 3
340: 
341:       o$5/7/1698/id=obitos-1698-his2440
342: 
343: o$obitos-1698-his2440
343:          n$maria/f/id=obitos-1698-his2440-per1
344:             ls$idade/menor
345: 
346:             pai$filipe rodrigues/m/id=obitos-1698-his2440-per1-per2
347:                ls$residencia/pinheiro
348: 
349:       o$6/7/1698/id=obitos-1698-his2441
350: 
351: o$obitos-1698-his2441
351:          n$manuel fernandes ratinho/m/id=obitos-1698-his2441-per1
352:             ls$residencia/soure
353: 
354:          sacr$sim
355: 
356:          locs$igreja de s.tiago
357: 
358:          oficios$1 de 9
359: 
360:       o$10/7/1698/id=obitos-1698-his2442
361: 
362: o$obitos-1698-his2442
362:          n$manuel ferreira/m/id=obitos-1698-his2442-per1
363:             ls$alcunha/figueiro
364:             ls$residencia/paleao
365: 
366:          sacr$sim
367: 
368:          locs$ermida do paleao
369: 
370:       o$17/7/1698/id=obitos-1698-his2443
371: 
372: o$obitos-1698-his2443
372:          n$isabel joao/f/id=obitos-1698-his2443-per1
373:             ls$ec/v
374:             rel$parentesco/filho/domingos lopes/or17071698
375: 
376:             referido$domingos lopes/m/id=or17071698
377:                ls$residencia/casa velha
378: 
379:          sacr$sim
380: 
381:          locs$ermida do casal novo%onde elegeu sepultura
382: 
383:          oficios$1 de 9
384: 
385:       o$19/7/1698/id=obitos-1698-his2444
386: 
387: o$obitos-1698-his2444
387:          n$domingas/f/id=obitos-1698-his2444-per1
388: 
389:             mae$maria francisca/f/id=obitos-1698-his2444-per1-per2
390:                ls$residencia/vale da borra
391: 
392:          sacr$sim
393: 
394:          locs$adro
395: 
396:          oficios$2 de 3
397: 
398:       o$16/8/1698/id=obitos-1698-his2445
399: 
400: o$obitos-1698-his2445
400:          n$maria joao/f/id=obitos-1698-his2445-per1
401: 
402:             marido$diogo domingues/m/id=obitos-1698-his2445-per1-per2
403:                ls$residencia/simoes
404: 
405:          sacr$sim
406: 
407:          locs$ermida de s.lourenco%onde elegeu sepultura
408: 
409:          oficios$1 de 9
410: 
411:       o$22/8/1698/id=obitos-1698-his2446
412: 
413: o$obitos-1698-his2446
413:          n$maria gaspar/f/id=obitos-1698-his2446-per1
414: 
415:             marido$manuel rodrigues/m/id=obitos-1698-his2446-per1-per2
416:                ls$residencia/alencarce de cima
417: 
418:          sacr$sim
419: 
420:          locs$igreja de alencarce de cima%onde elegeu sepultura
421: 
422:          oficios$2 de 3
423: 
424:       o$26/8/1698/id=obitos-1698-his2447
425: 
426: o$obitos-1698-his2447
426:          n$manuel/m/id=obitos-1698-his2447-per1
427: 
428:             pai$francisco medeiros/m/id=obitos-1698-his2447-per1-per2
429:                ls$residencia/alencarce de cima
430: 
431:          locs$igreja de alencarce de cima
432: 
433:          oficios$1 de 3
434: 
435:       o$30/8/1698/id=obitos-1698-his2448
436: 
437: o$obitos-1698-his2448
437:          n$francisca/f/id=obitos-1698-his2448-per1
438:             ls$residencia/paleao
439:             ls$ec/s
440: 
441:          sacr$sim
442: 
443:          locs$adro
444: 
445:       o$1/9/1698/id=obitos-1698-his2449
446: 
447: o$obitos-1698-his2449
447:          n$maria goncalves/f/id=obitos-1698-his2449-per1
448: 
449:             marido$manuel rodrigues tome/m/id=obitos-1698-his2449-per1-per2
450:                ls$residencia/casal da venda
451: 
452:          sacr$sim
453: 
454:          locs$adro
455: 
456:          oficios$3 de 3
457: 
458:       o$9/9/1698/id=obitos-1698-his2450
459: 
460: o$obitos-1698-his2450
460:          n$manuel/m/id=obitos-1698-his2450-per1
461: 
462:             pai$manuel rodrigues/m/id=obitos-1698-his2450-per1-per2
463:                ls$residencia/alencarce de cima
464: 
465:          sacr$sim
466: 
467:          locs$ermida de alencarce de cima
468: 
469:          oficios$2 de 3
470: 
471:       o$10/9/1698/id=obitos-1698-his2451
472: 
473: o$obitos-1698-his2451
473:          n$joao carvalho/m/id=obitos-1698-his2451-per1
474:             ls$residencia/porto ?
475: 
476:          sacr$sim
477: 
478:          locs$igreja de s.tiago
479: 
480:          oficios$1 de 9
481: 
482:       o$11/9/1698/id=obitos-1698-his2452
483: 
484: o$obitos-1698-his2452
484:          n$luis/m/id=obitos-1698-his2452-per1
485: 
486:             pai$manuel madeira/m/id=obitos-1698-his2452-per1-per2
487:                ls$residencia/alencarce de cima
488: 
489:          locs$ermida de s.tirso de alencarce de cima
490: 
491:       o$14/9/1698/id=obitos-1698-his2453
492: 
493: o$obitos-1698-his2453
493:          n$catarina gaspar/f/id=obitos-1698-his2453-per1
494:             ls$alcunha/chichorra
495:             ls$residencia/paleao
496: 
497:          locs$adro
498: 
499:       o$24/9/1698/id=obitos-1698-his2454
500: 
501: o$obitos-1698-his2454
501:          n$manuel gaspar/m/id=obitos-1698-his2454-per1
502:             ls$profissao/estudante
503:             ls$residencia/paleao
504: 
505:          sacr$sim
506: 
507:          locs$igreja de s.tiago
508: 
509:          oficios$1 de 9
510: 
511:       o$25/9/1698/id=obitos-1698-his2455
512: 
513: o$obitos-1698-his2455
513:          n$isabel francisca/f/id=obitos-1698-his2455-per1
514: 
515:             marido$manuel bras/m/id=obitos-1698-his2455-per1-per2
516:                ls$residencia/casal do leonel
517: 
518:          sacr$sim
519: 
520:          locs$adro
521: 
522:          oficios$2 de 3
523: 
524:       o$4/10/1698/id=obitos-1698-his2456
525: 
526: o$obitos-1698-his2456
526:          n$manuel antunes/m/id=obitos-1698-his2456-per1
527:             ls$alcunha/souto
528:             ls$residencia/melrical
529: 
530:          sacr$sim
531: 
532:          locs$ermida do espirito santo
533: 
534:          oficios$1 de 9
535: 
536:       o$5/10/1698/id=obitos-1698-his2457
537: 
538: o$obitos-1698-his2457
538:          n$antonio/m/id=obitos-1698-his2457-per1
539: 
540:             pai$antonio ferreira/m/id=obitos-1698-his2457-per1-per2
541:                ls$residencia/paleao
542: 
543:          locs$adro
544: 
545:       o$15/10/1698/id=obitos-1698-his2458
546: 
547: o$obitos-1698-his2458
547:          n$domingos/m/id=obitos-1698-his2458-per1
548: 
549:             pai$domingos cordeiro/m/id=obitos-1698-his2458-per1-per2
550:                ls$residencia/casal novo
551: 
552:          locs$ermida de s.to andre do casal novo%onde elegeu sepultura
553: 
554:          sacr$sim
555: 
556:          oficios$2 de 3
557: 
558:       o$22/10/1698/id=obitos-1698-his2459
559: 
560: o$obitos-1698-his2459
560:          n$antonio rodrigues/m/id=obitos-1698-his2459-per1
561:             ls$residencia/alencarce de cima
562: 
563:          sacr$sim
564: 
565:          locs$igreja de s.tiago
566: 
567:          oficios$1 de 9
568: 
569:       o$3/11/1698/id=obitos-1698-his2460
570: 
571: o$obitos-1698-his2460
571:          n$isabel gaspar/f/id=obitos-1698-his2460-per1
572:             ls$ec/v
573:             ls$residencia/barrosos
574: 
575:          sacr$sim
576: 
577:          locs$adro
578: 
579:       o$9/11/1698/id=obitos-1698-his2461
580: 
581: o$obitos-1698-his2461
581:          n$maria simoes/f/id=obitos-1698-his2461-per1
582: 
583:             marido$antonio ferreira/m/id=obitos-1698-his2461-per1-per2
584:                ls$residencia/paleao
585: 
586:          sacr$sim
587: 
588:          locs$adro
589: 
590:       o$9/11/1698/id=obitos-1698-his2462
591: 
592: o$obitos-1698-his2462
592:          n$joao de oliveira/m/id=obitos-1698-his2462-per1
593:             ls$residencia/alencarce de cima
594: 
595:          sacr$sim
596: 
597:          locs$igreja de s.to tirso
598: 
599:          oficios$2 de 3
600: 
601:       o$20/11/1698/id=obitos-1698-his2463
602: 
603: o$obitos-1698-his2463
603:          n$antonia rodrigues/f/id=obitos-1698-his2463-per1
604:             ls$ec/s
605:             ls$residencia/soure
606: 
607:          sacr$sim
608: 
609:          locs$adro
610: 
611:          oficios$1 de 3
612: 
613:       o$22/11/1698/id=obitos-1698-his2464
614: 
615: o$obitos-1698-his2464
615:          n$simao manuel/m/id=obitos-1698-his2464-per1
616:             ls$residencia/soure
617: 
618:          causa$morrer apressadamente
619: 
620:          sacr$nao
621: 
622:          locs$adro
623: 
624:       o$23/11/1698/id=obitos-1698-his2465
625: 
626: o$obitos-1698-his2465
626:          n$pedro carvalho/m/id=obitos-1698-his2465-per1
627:             ls$residencia/casal das brancas
628: 
629:          sacr$sim
630: 
631:          locs$ermida do espirito santo
632: 
633:          oficios$uma missa do enterro
634: 
635:       o$27/11/1698/id=obitos-1698-his2466
636: 
637: o$obitos-1698-his2466
637:          n$madalena/f/id=obitos-1698-his2466-per1
638: 
639:             pai$manuel rodrigues/m/id=obitos-1698-his2466-per1-per2
640:                ls$alcunha/velho
641:                ls$residencia/eureca
642: 
643:          sacr$sim
644: 
645:          locs$adro
646: 
647:       o$5/12/1698/id=obitos-1698-his2467
648: 
649: o$obitos-1698-his2467
649:          n$maria de melo/f/id=obitos-1698-his2467-per1
650:             ls$titulo/dona
651: 
652:             marido$francisco alvares sanhudo/m/id=obitos-1698-his2467-per1-per2
653:                ls$residencia/paleao
654: 
655:          sacr$extrema uncao
656: 
657:          locs$igreja de s.tiago numa cova sua
658: 
659:       o$14/12/1698/id=obitos-1698-his2468
660: 
661: o$obitos-1698-his2468
661:          n$manuel goncalves/m/id=obitos-1698-his2468-per1
662:             ls$residencia/mendinho
663: 
664:          sacr$sim
665: 
666:          locs$adro
667: 
668:          oficios$1 de 3
669: 
670:       o$25/12/1698/id=obitos-1698-his2469
671: 
672: o$obitos-1698-his2469
672:          n$domingas rodrigues/f/id=obitos-1698-his2469-per1
673: 
674:             marido$manuel francisco/m/id=obitos-1698-his2469-per1-per2
675:                ls$residencia/alencarce de cima
676:                ls$alcunha/velho
677: 
678:          sacr$sim
679: 
680:          locs$adro
681: 
682:          oficios$3 de 3
683: *** End of File
** Processed file- /Users/jrc/mhk-home/sources/soure/soure-sources/sources/soure_fase1/obitos/ob1698.cli
** Original file- /Users/jrc/mhk-home/sources/soure/soure-sources/sources/soure_fase1/obitos/ob1698.org
** Previous version- /Users/jrc/mhk-home/sources/soure/soure-sources/sources/soure_fase1/obitos/ob1698.old
** Temp file with ids- /Users/jrc/mhk-home/sources/soure/soure-sources/sources/soure_fase1/obitos/ob1698.ids
0  errors. 
0  warnings.
Translation finished.
