ClioInput - version @@VERSION@@ - build @@BUILD@@ @@DATE@@
10-8-2018 14-40

Processing data file /Users/jrc/mhk-home/sources/soure/documents/obitos/ob1691.cli
-------------------------------------------
Generic Act translation module with geoentities (XML).
     Joaquim Ramos de Carvalho (joaquim@uc.pt) 
** New document: kleio
=========================
kleio translation started
=========================
Structure: gacto2.xml
Prefix: 
Autorel: 
Translation count: 
Obs: 
Translation count not set or invalid, counting as zero: 
** Processing source fonte$obitos-1691
6: o$obitos-1691-his4216
19: o$obitos-1691-his4217
28: o$obitos-1691-his4218
37: o$obitos-1691-his4219
51: o$obitos-1691-his4220
60: o$obitos-1691-his4221
71: o$obitos-1691-his4222
80: o$obitos-1691-his4223
92: o$obitos-1691-his4224
101: o$obitos-1691-his4225
115: o$obitos-1691-his4226
129: o$obitos-1691-his4227
142: o$obitos-1691-his4228
155: o$obitos-1691-his4229
168: o$obitos-1691-his4230
179: o$obitos-1691-his4231
190: o$obitos-1691-his4232
200: o$obitos-1691-his4233
209: o$obitos-1691-his4234
218: o$obitos-1691-his4235
229: o$obitos-1691-his4236
238: o$obitos-1691-his4237
251: o$obitos-1691-his4238
260: o$obitos-1691-his4239
272: o$obitos-1691-his4240
280: o$obitos-1691-his4241
287: o$obitos-1691-his4242
296: o$obitos-1691-his4243
306: o$obitos-1691-his4244

/Users/jrc/mhk-home/sources/soure/documents/obitos/ob1691.cli:311:destination id of "same as" not found. Will check again at the end of file.


WARNING: ob1691.cli line 310 destination id of "same as" not found. Will check again at the end of file.
Near line: 310 
Near line: 311          sacr$sim

319: o$obitos-1691-his4245
326: o$obitos-1691-his4246
337: o$obitos-1691-his4247
349: o$obitos-1691-his4248
360: o$obitos-1691-his4249
369: o$obitos-1691-his4250
377: o$obitos-1691-his4251
389: o$obitos-1691-his4252
399: o$obitos-1691-his4253
412: o$obitos-1691-his4254
426: o$obitos-1691-his4255
439: o$obitos-1691-his4256
450: o$obitos-1691-his4257
466: o$obitos-1691-his4258
477: o$obitos-1691-his4259
492: o$obitos-1691-his4260
505: o$obitos-1691-his4261
518: o$obitos-1691-his4262
529: o$obitos-1691-his4263
539: o$obitos-1691-his4264
550: o$obitos-1691-his4265
561: o$obitos-1691-his4266
572: o$obitos-1691-his4267
583: o$obitos-1691-his4268
597: o$obitos-1691-his4269
608: o$obitos-1691-his4270
619: o$obitos-1691-his4271
629: o$obitos-1691-his4272
641: o$obitos-1691-his4273
650: o$obitos-1691-his4274
660: o$obitos-1691-his4275
671: o$obitos-1691-his4276
682: o$obitos-1691-his4277
691: o$obitos-1691-his4278
702: o$obitos-1691-his4279
713: o$obitos-1691-his4280
724: o$obitos-1691-his4281
*** End of File
ERROR:  Could not find same_as id c5-8 referred in line 311. If  original reference is on another file use xsame_as

1  errors. 
1  warnings.
Translation finished.
