ClioInput - version @@VERSION@@ - build @@BUILD@@ @@DATE@@
10-8-2018 14-39

Processing data file /Users/jrc/mhk-home/sources/soure/documents/obitos/ob1689.cli
-------------------------------------------
Generic Act translation module with geoentities (XML).
     Joaquim Ramos de Carvalho (joaquim@uc.pt) 
** New document: kleio
=========================
kleio translation started
=========================
Structure: gacto2.str
Prefix: 
Autorel: 
Translation count: 
Obs: 
Translation count not set or invalid, counting as zero: 
** Processing source fonte$obitos 1689
6: o$obitos 1689-his3710
21: o$obitos 1689-his3711
31: o$obitos 1689-his3712
42: o$obitos 1689-his3713
53: o$obitos 1689-his3714
68: o$obitos 1689-his3715
80: o$obitos 1689-his3716
89: o$obitos 1689-his3717
104: o$obitos 1689-his3718
116: o$obitos 1689-his3719
129: o$obitos 1689-his3720
141: o$obitos 1689-his3721
152: o$obitos 1689-his3722
162: o$obitos 1689-his3723
172: o$obitos 1689-his3724
182: o$obitos 1689-his3725
191: o$obitos 1689-his3726
204: o$obitos 1689-his3727
213: o$obitos 1689-his3728
229: o$obitos 1689-his3729
242: o$obitos 1689-his3730
255: o$obitos 1689-his3731
267: o$obitos 1689-his3732
279: o$obitos 1689-his3733
293: o$obitos 1689-his3734
305: o$obitos 1689-his3735
316: o$obitos 1689-his3736
327: o$obitos 1689-his3737
341: o$obitos 1689-his3738
351: o$obitos 1689-his3739
368: o$obitos 1689-his3740
381: o$obitos 1689-his3741
393: o$obitos 1689-his3742
409: o$obitos 1689-his3743
422: o$obitos 1689-his3744
433: o$obitos 1689-his3745
445: o$obitos 1689-his3746
456: o$obitos 1689-his3747
467: o$obitos 1689-his3748
481: o$obitos 1689-his3749
494: o$obitos 1689-his3750
507: o$obitos 1689-his3751
518: o$obitos 1689-his3752
533: o$obitos 1689-his3753
544: o$obitos 1689-his3754
553: o$obitos 1689-his3755
566: o$obitos 1689-his3756
577: o$obitos 1689-his3757
586: o$obitos 1689-his3758
603: o$obitos 1689-his3759
616: o$obitos 1689-his3760
625: o$obitos 1689-his3761
638: o$obitos 1689-his3762
647: o$obitos 1689-his3763
655: o$obitos 1689-his3764
662: o$obitos 1689-his3765
671: o$obitos 1689-his3766
*** End of File
** Processed file- /Users/jrc/mhk-home/sources/soure/documents/obitos/ob1689.cli
** Original file- /Users/jrc/mhk-home/sources/soure/documents/obitos/ob1689.org
** Previous version- /Users/jrc/mhk-home/sources/soure/documents/obitos/ob1689.old
** Temp file with ids- /Users/jrc/mhk-home/sources/soure/documents/obitos/ob1689.ids
0  errors. 
0  warnings.
Translation finished.
