ClioInput - version @@VERSION@@ - build @@BUILD@@ @@DATE@@
13-6-2019 16-40

Processing data file ob1709.cli
-------------------------------------------
Generic Act translation module with geoentities (XML).
     Joaquim Ramos de Carvalho (joaquim@uc.pt) 
** New document: kleio
1: kleio$gacto2.str/translations=1
=========================
kleio translation started
=========================
Structure: gacto2.str
Prefix: 
Autorel: 
Translation count: 1
Obs: 
2:    fonte$obitos-1709/tipo=reg paroquiais/localizacao=39v/data=17090000/obs=padre jose pinto
3: 
** Processing source fonte$obitos-1709
4:       o$8/1/1709/obs=agora referem sempre se morreram abintestados Possivel mutacao legislativa/id=obitos-1709-his3166
5: 
6: o$obitos-1709-his3166
6:          testamento$nao
7: 
8:          sacr$sim
9: 
10:          n$francisca joao/f/id=obitos-1709-his3166-per1
11:             ls$ec/v
12:             ls$residencia/sobral
13: 
14:          locs$adro
15: 
16:          oficios$1 de 3
17: 
18:       o$11/1/1709/id=obitos-1709-his3167
19: 
20: o$obitos-1709-his3167
20:          testamento$nao
21: 
22:          sacr$sim
23: 
24:          n$manuel luis/m/id=obitos-1709-his3167-per1
25:             ls$residencia/casconho
26: 
27:          locs$ermida de s.ildefonso
28: 
29:          oficios$3 de 3
30: 
31:       o$12/1/1709/id=obitos-1709-his3168
32: 
33: o$obitos-1709-his3168
33:          testamento$nao
34: 
35:          sacr$sim
36: 
37:          n$ana esteves/f/id=obitos-1709-his3168-per1
38:             ls$residencia/paleao
39: 
40:          locs$ermida do paleao
41: 
42:          oficios$1 de 9
43: 
44:       o$13/1/1709/id=obitos-1709-his3169
45: 
46: o$obitos-1709-his3169
46:          testamento$nao
47: 
48:          sacr$sim
49: 
50:          n$bento francisco/m/id=obitos-1709-his3169-per1
51:             ls$residencia/simoes
52: 
53:          locs$ermida de s.lourenco, dos simoes
54: 
55:          oficios$3 de 3
56: 
57:       o$15/1/1709/obs=data do oficio/id=obitos-1709-his3170
58: 
59: o$obitos-1709-his3170
59:          n$maria joao/f/id=obitos-1709-his3170-per1
60:             ls$ec/v
61:             ls$residencia/mogadouro
62: 
63:          locf$freguesia da redinha
64: 
65:          oficios$1 e meio
66: 
67:       o$19/1/1709/id=obitos-1709-his3171
68: 
69: o$obitos-1709-his3171
69:          testamento$sim
70: 
71:          sacr$sim
72: 
73:          n$luis alvares pinto/m/id=obitos-1709-his3171-per1
74:             ls$titulo/frei
75:             ls$cargo/vigario de soure
76: 
77:          locs$capela mor da igreja de s.tiago, junto 'a grade do cruzeiro da parte esquerda
78: 
79:          oficios$3 de 9
80: 
81:       o$28/1/1709/obs=padre jose pinto# a partir da morte do vigario assina "vigario encomendado"/id=obitos-1709-his3172
82: 
83: o$obitos-1709-his3172
83:          testamento$nao
84: 
85:          sacr$sim
86: 
87:          n$luis figueiredo?/m/id=obitos-1709-his3172-per1
88:             ls$residencia/soure
89: 
90:          locs$adro
91: 
92:       o$30/1/1709/id=obitos-1709-his3173
93: 
94: o$obitos-1709-his3173
94:          testamento$nao
95: 
96:          sacr$sim
97: 
98:          n$isabel joao/f/id=obitos-1709-his3173-per1
99: 
100:             marido$antonio simoes/id=obitos-1709-his3173-per1-per2
101:                ls$residencia/sobral
102: 
103:          locs$ermida de s.miguel do sobral
104: 
105:          oficios$1 de 9
106: 
107:       o$1/2/1709/id=obitos-1709-his3174
108: 
109: o$obitos-1709-his3174
109:          testamento$nao
110: 
111:          sacr$sim
112: 
113:          n$catarina goncalves/f/id=obitos-1709-his3174-per1
114: 
115:             marido$antonio simoes/id=obitos-1709-his3174-per1-per2
116:                ls$residencia/alencarce
117: 
118:          locs$ermida de s.terco? de alencarce
119: 
120:          oficios$3 de 3
121: 
122:       o$12/2/1709/obs=fol 40v/id=obitos-1709-his3175
123: 
124: o$obitos-1709-his3175
124:          causa$acidente em um palheiro de nuno alvares desta vila
125: 
126:          testamento$ano
127: 
128:          sacr$nao
129: 
130:          n$joao ferreira?/m/id=obitos-1709-his3175-per1
131:             ls$profissao/caldeireiro
132:             ls$residencia/irmas?#urmar?
133: 
134:          locs$ermida de nossa senhora dos anjos
135: 
136:       o$28/2/1709/id=obitos-1709-his3176
137: 
138: o$obitos-1709-his3176
138:          testamento$nao
139: 
140:          n$luis coelho/m/id=obitos-1709-his3176-per1
141:             ls$cargo/juiz dos orfaos de soure
142: 
143:          locs$ermida de s.francisco
144: 
145:          oficios$3 de 9
146: 
147:       o$2/3/1709/id=obitos-1709-his3177
148: 
149: o$obitos-1709-his3177
149:          testamento$nao
150: 
151:          sacr$sim
152: 
153:          n$joao lourenco/m/id=obitos-1709-his3177-per1
154:             ls$residencia/simoes
155: 
156:          locs$ermida de s.sebastiao do lugar do mogadouro#por ai eleger sepultura
157: 
158:          oficios$1 de 9
159: 
160:       o$3/3/1709/id=obitos-1709-his3178
161: 
162: o$obitos-1709-his3178
162:          testamento$nao
163: 
164:          sacr$sim
165: 
166:          n$joao madeira/m/id=obitos-1709-his3178-per1
167:             ls$residencia/portela
168:             ls$ec/s
169: 
170:          locs$adro
171: 
172:          oficios$3 de 3
173: 
174:       o$22/3/1709/id=obitos-1709-his3179
175: 
176: o$obitos-1709-his3179
176:          testamento$nao
177: 
178:          sacr$sim
179: 
180:          n$andreia goncalves/f/id=obitos-1709-his3179-per1
181: 
182:             marido$manuel goncalves calvo/id=obitos-1709-his3179-per1-per2
183:                ls$residencia/espirito santo
184: 
185:          locs$ermida do espirito santo por eleger ai sepultura
186: 
187:       o$6/4/1709/id=obitos-1709-his3180
188: 
189: o$obitos-1709-his3180
189:          testamento$nao
190: 
191:          sacr$sim
192: 
193:          n$maria leao/f/id=obitos-1709-his3180-per1
194:             rel$parentesco/mae/jose da rocha/ro06041709
195: 
196:             referido$jose da rocha/m/id=ro06041709
197:                ls$profissao/padre
198: 
199:          locs$ermida de s.francisco
200: 
201:          oficios$1 oficio de corpo presente de 9 licoes
202: 
203:       o$4/5/1709/obs=padre manuel martins/id=obitos-1709-his3181
204: 
205: o$obitos-1709-his3181
205:          n$isabel gomes/f/id=obitos-1709-his3181-per1
206:             ls$residencia/soure
207: 
208:          testamento$nao
209: 
210:          sacr$sim
211: 
212:          locs$adro, nas covas da misericrdia
213: 
214:          oficios$meios
215: 
216:       o$17/5/1709/id=obitos-1709-his3182
217: 
218: o$obitos-1709-his3182
218:          n$antonio/m/id=obitos-1709-his3182-per1
219:             ls$ec/s
220: 
221:             pai$antonio rebelo/id=obitos-1709-his3182-per1-per2
222:                ls$residencia/soure
223: 
224:             mae$helena da gante/id=obitos-1709-his3182-per1-per3
225: 
226:          sacr$sim
227: 
228:          locs$igreja de s.sebastiao
229: 
230:       o$25/5/1709/id=obitos-1709-his3183
231: 
232: o$obitos-1709-his3183
232:          n$antonio joao/m/id=obitos-1709-his3183-per1
233:             ls$residencia/mogadouro
234: 
235:          sacr$sim
236: 
237:          oficios$3 de 3
238: 
239:          locs$ermida de s.sebastiao do mogadouro
240: 
241:       o$25/5/1709/id=obitos-1709-his3184
242: 
243: o$obitos-1709-his3184
243:          n$susana/f/id=obitos-1709-his3184-per1
244:             ls$titulo/dona
245:             ls$residencia/soure
246: 
247:          testamento$sim
248: 
249:          sacr$sim
250: 
251:          oficios$2 de 9
252: 
253:          locs$igreja de n.s. de finisterra
254: 
255:       o$9/6/1709/id=obitos-1709-his3185
256: 
257: o$obitos-1709-his3185
257:          n$manuel carvalho/m/id=obitos-1709-his3185-per1
258:             ls$residencia/alencarce de cima
259: 
260:          testamento$nao
261: 
262:          sacr$sim
263: 
264:          locs$ermida da alencarce
265: 
266:       o$11/6/1709/id=obitos-1709-his3186
267: 
268: o$obitos-1709-his3186
268:          n$isabel/f/id=obitos-1709-his3186-per1
269:             ls$ec/s
270:             ls$residencia/paleao
271: 
272:             pai$manuel francisco/id=obitos-1709-his3186-per1-per2
273: 
274:          sacr$sim, menos a extrema uncao por nao chamaram mais cedo
275: 
276:          locs$na igreja do paleao
277: 
278:          oficios$1 de 3
279: 
280:       o$21/6/1709/id=obitos-1709-his3187
281: 
282: o$obitos-1709-his3187
282:          n$andre goncalves/m/id=obitos-1709-his3187-per1
283:             ls$residencia/soure
284: 
285:          testamento$nao
286: 
287:          sacr$sim
288: 
289:          locs$igreja de s.francisco
290: 
291:          oficios$1 de 9
292: 
293:       o$23/6/1709/id=obitos-1709-his3188
294: 
295: o$obitos-1709-his3188
295:          n$maria gomes/f/id=obitos-1709-his3188-per1
296:             ls$residencia/alencarce de cima
297: 
298:          sacr$sim
299: 
300:          testamento$nao
301: 
302:          locs$adro
303: 
304:          oficios$meios
305: 
306:       o$26/6/1709/id=obitos-1709-his3189
307: 
308: o$obitos-1709-his3189
308:          n$domingos da costa/m/id=obitos-1709-his3189-per1
309:             ls$ec/s
310:             ls$residencia/casa velha
311: 
312:          testamento$nao
313: 
314:          sacr$sim
315: 
316:          locs$igreja de s.tiago
317: 
318:          oficios$1 de 9
319: 
320:       o$2/7/1709/id=obitos-1709-his3190
321: 
322: o$obitos-1709-his3190
322:          n$francisco mateus/m/id=obitos-1709-his3190-per1
323:             ls$residencia/soure
324: 
325:          testamento$nao
326: 
327:          sacr$sim
328: 
329:          locs$nossa senhora dos anjos
330: 
331:       o$3/7/1709/id=obitos-1709-his3191
332: 
333: o$obitos-1709-his3191
333:          n$francisco/m/id=obitos-1709-his3191-per1
334:             ls$ec/s
335: 
336:             pai$francisco simoes/id=obitos-1709-his3191-per1-per2
337:                ls$residencia/cavaleiros
338: 
339:          sacr$nao, por nao virem chamar
340: 
341:          locs$adro
342: 
343:          oficios$meios
344: 
345:       o$8/7/1709/id=obitos-1709-his3192
346: 
347: o$obitos-1709-his3192
347:          n$maria/f/id=obitos-1709-his3192-per1
348:             ls$ec/s
349: 
350:             mae$maria martins/id=obitos-1709-his3192-per1-per2
351:                ls$residencia/casal da pouca pena
352: 
353:          sacr$nao
354: 
355:          causa$acidente
356: 
357:          locs$ermida do espirito santo
358: 
359:          oficios$3
360: 
361:       o$9/7/1709/id=obitos-1709-his3193
362: 
363: o$obitos-1709-his3193
363:          n$ana rodrigues/f/id=obitos-1709-his3193-per1
364: 
365:             pai$manuel rodrigues/id=obitos-1709-his3193-per1-per2
366:                ls$residencia/casal do benzedor
367: 
368:             mae$catarina rodrigues/id=obitos-1709-his3193-per1-per3
369: 
370:          sacr$sim
371: 
372:          locs$igreja de s.francisco
373: 
374:          oficios$meios
375: 
376:       o$9/7/1709/id=obitos-1709-his3194
377: 
378: o$obitos-1709-his3194
378:          n$manuel soares/m/id=obitos-1709-his3194-per1
379:             ls$naturalidade/freguesia de oliveirinha
380: 
381:          locf$hospital
382: 
383:          locs$adro da misricordia
384: 
385:       o$16/7/1709/id=obitos-1709-his3195
386: 
387: o$obitos-1709-his3195
387:          n$manuel rodrigues calhau/m/id=obitos-1709-his3195-per1
388:             ls$residencia/alencarce de cima
389: 
390:          sacr$sim
391: 
392:          testamento$nao
393: 
394:          locs$ermida da alencarce
395: 
396:          oficios$3 razos?
397: 
398:       o$5/8/1709/obs= padre jose pinto/id=obitos-1709-his3196
399: 
400: o$obitos-1709-his3196
400:          testamento$nao
401: 
402:          sacr$penitencia
403: 
404:          n$antonia francisca/f/id=obitos-1709-his3196-per1
405: 
406:             marido$manuel rodrigues feijao/id=obitos-1709-his3196-per1-per2
407:                ls$residencia/cavaleiros
408: 
409:          locs$adro
410: 
411:          oficios$3 de 3
412: 
413:       o$25/8/1709/id=obitos-1709-his3197
414: 
415: o$obitos-1709-his3197
415:          sacr$extrema uncao
416: 
417:          n$manuel francisco neto/m/id=obitos-1709-his3197-per1
418:             ls$residencia/casa velha
419: 
420:          testamento$nao
421: 
422:          locs$ermida de nossa senhora das neves da casa velha
423: 
424:          oficios$1 de 9
425: 
426:       o$2/9/1709/id=obitos-1709-his3198
427: 
428: o$obitos-1709-his3198
428:          sacr$sim
429: 
430:          testamento$nao
431: 
432:          n$simao domingues/m/id=obitos-1709-his3198-per1
433:             ls$residencia/sobral
434: 
435:          locs$adro
436: 
437:          oficios$ 3 de 9
438: 
439:       o$17/9/1709/id=obitos-1709-his3199
440: 
441: o$obitos-1709-his3199
441:          testamento$nao
442: 
443:          sacr$sim
444: 
445:          n$maria madeira/f/id=obitos-1709-his3199-per1
446:             ls$ec/v
447:             ls$residencia/casal do rolim
448: 
449:          locs$ermida da senhora dos anjos
450: 
451:       o$29/9/1709/id=obitos-1709-his3200
452: 
453: o$obitos-1709-his3200
453:          n$maria carvalho/f/id=obitos-1709-his3200-per1
454:             ls$residencia/sobral
455: 
456:          testamento$nao
457: 
458:          locs$adro
459: 
460:          oficios$1 e meio de 3
461: 
462:       o$5/10/1709/id=obitos-1709-his3201
463: 
464: o$obitos-1709-his3201
464:          testamento$nao
465: 
466:          n$joao duarte bota/m/id=obitos-1709-his3201-per1
467:             ls$residencia/soure
468: 
469:          locs$igreja de s.tiago
470: 
471:          oficios$1 de 9
472: 
473:       o$20/10/1709/obs=43vpadre manuel rodrigues/obs=43vpadre manuel rodrigues/id=obitos-1709-his3202
474: 
475: o$obitos-1709-his3202
475:          causa$acidente
476: 
477:          n$manuel colaco/m/id=obitos-1709-his3202-per1
478:             ls$residencia/soure
479:             ls$ec/s
480: 
481:          sacr$penitencia subconditione e extrema uncao
482: 
483:          testamento$nao consta
484: 
485:          locs$igreja de s.tiago
486: 
487:          oficios$3 de 9
488: 
489:       o$22/10/1709/id=obitos-1709-his3203
490: 
491: o$obitos-1709-his3203
491:          testamento$nao
492: 
493:          sacr$sim
494: 
495:          n$maria goncalves/f/id=obitos-1709-his3203-per1
496: 
497:             marido$manuel luis/m/id=obitos-1709-his3203-per1-per2
498:                ls$residencia/soure
499:                ls$pobre/sim
500: 
501:          locs$adro
502: 
503:          oficios$nao lhe fiz por nao ter bens
504: 
505:       o$25/10/1709/id=obitos-1709-his3204
506: 
507: o$obitos-1709-his3204
507:          n$jose/m/id=obitos-1709-his3204-per1
508:             ls$idade_aprox/menos de 7
509: 
510:             pai$antonio goncalves camas/id=obitos-1709-his3204-per1-per2
511:                ls$residencia/casal dos cavaleiros
512: 
513:          locs$adro
514: 
515:          oficios$nao lhe fiz por nao ter 7 anos
516: 
517:       o$6/11/1709/id=obitos-1709-his3205
518: 
519: o$obitos-1709-his3205
519:          testamento$nao
520: 
521:          sacr$penitencia e extrema uncao, por nao poder receber a eucaristia
522: 
523:          n$sebastiao ferreira/m/id=obitos-1709-his3205-per1
524:             ls$residencia/vale do freixo
525: 
526:          locs$igreja de s.tiago
527: 
528:          oficios$3 de 9
529: 
530:       o$7/11/1709/id=obitos-1709-his3206
531: 
532: o$obitos-1709-his3206
532:          testamento$nao
533: 
534:          sacr$penitencia e eucaristia e nao da extrema uncao porque nao pediu
535: 
536:          n$catarina mateus/f/id=obitos-1709-his3206-per1
537:             ls$residencia/casal de alencarce
538: 
539:          locs$adro
540: 
541:          oficios$ 3 de 3
542: 
543:       o$10/11/1709/id=obitos-1709-his3207
544: 
545: o$obitos-1709-his3207
545:          n$josefa/f/id=obitos-1709-his3207-per1
546:             ls$idade/16
547: 
548:             pai$manuel luis/id=obitos-1709-his3207-per1-per2
549:                ls$residencia/soure
550: 
551:             mae$maria goncalves/id=obitos-1709-his3207-per1-per3
552: 
553:          locs$adro
554: 
555:       o$13/11/1709/id=obitos-1709-his3208
556: 
557: o$obitos-1709-his3208
557:          n$lourenco goncalves/m/id=obitos-1709-his3208-per1
558:             ls$ec/s
559:             ls$residencia/casais do espirito santo
560: 
561:          testamento$nao
562: 
563:          sacr$sim
564: 
565:          locs$ermida do espirito santo
566: 
567:          oficios$1 de 9
568: 
569:       o$15/11/1709/id=obitos-1709-his3209
570: 
571: o$obitos-1709-his3209
571:          n$manuel/m/id=obitos-1709-his3209-per1
572:             ls$idade_aprox/22 meses
573: 
574:             pai$jose ferreira/id=obitos-1709-his3209-per1-per2
575:                ls$residencia/pinheiro
576: 
577:             mae$maria antunes/id=obitos-1709-his3209-per1-per3
578: 
579:          locs$ermida de s.jose do pinheiro
580: 
581:       o$29/11/1709/id=obitos-1709-his3210
582: 
583: o$obitos-1709-his3210
583:          n$manuel alves/m/id=obitos-1709-his3210-per1
584:             ls$residencia/alencarce
585: 
586:          testamento$nao
587: 
588:          sacr$sim
589: 
590:          locs$igreja de s.tiago
591: 
592:          oficios$3 de 9
593: 
594:       o$29/11/1709/obs=44v/id=obitos-1709-his3211
595: 
596: o$obitos-1709-his3211
596:          testamento$nao
597: 
598:          locf$hospital da santa casa de misericordia
599: 
600:          n$simao rodrigues/m/obs=conforme a sua carta de guia vinha da vila de alcanede, com a dita carta valendo-se sempre dos hospitais ate esta/id=obitos-1709-his3211-per1
601:             ls$naturalidade/freguesia de tentugal
602:             ls$freguesia/tentugal
603: 
604:          locs$adro da misericordia
605: 
606:       o$29/11/1709/id=obitos-1709-his3212
607: 
608: o$obitos-1709-his3212
608:          testamento$nao
609: 
610:          sacr$penitencia e eucaristia e nao procuraram o da excomunhao
611: 
612:          n$francisco fernandes quadrado/m/id=obitos-1709-his3212-per1
613:             ls$residencia/soure
614: 
615:          locs$adro
616: 
617:       o$2/12/1709/id=obitos-1709-his3213
618: 
619: o$obitos-1709-his3213
619:          n$jacinta/f/id=obitos-1709-his3213-per1
620:             ls$idade/3
621: 
622:             pai$jose ferreira/id=obitos-1709-his3213-per1-per2
623:                ls$residencia/pinheiro
624: 
625:             mae$maria antunes/id=obitos-1709-his3213-per1-per3
626: 
627:          locs$ermida de s.jose do lugar do pinheiro
628: 
629:       o$21/12/1709/id=obitos-1709-his3214
630: 
631: o$obitos-1709-his3214
631:          causa$doenca dilatada
632: 
633:          testamento$nao
634: 
635:          sacr$sim
636: 
637:          n$maria luis/f/id=obitos-1709-his3214-per1
638:             ls$residencia/casal do livreiro
639: 
640:          locs$ermida de nossa senhora dos anjos
641: 
642:       o$23/12/1709/obs=45/id=obitos-1709-his3215
643: 
644: o$obitos-1709-his3215
644:          testamento$nao
645: 
646:          sacr$sim
647: 
648:          n$antonio rodrigues/m/id=obitos-1709-his3215-per1
649:             ls$profissao/ferrador
650:             ls$naturalidade/redinha, freguesia da redinha
651:             ls$residencia/soure
652: 
653:          locs$igreja de s.tiago
654: 
655:          oficios$1 raso
656: *** End of File
** Processed file- /Users/jrc/mhk-home/sources/soure/soure-sources/sources/soure_fase1/obitos/ob1709.cli
** Original file- /Users/jrc/mhk-home/sources/soure/soure-sources/sources/soure_fase1/obitos/ob1709.org
** Previous version- /Users/jrc/mhk-home/sources/soure/soure-sources/sources/soure_fase1/obitos/ob1709.old
** Temp file with ids- /Users/jrc/mhk-home/sources/soure/soure-sources/sources/soure_fase1/obitos/ob1709.ids
0  errors. 
0  warnings.
Translation finished.
