ClioInput - version @@VERSION@@ - build @@BUILD@@ @@DATE@@
13-6-2019 22-50

Processing data file ob1708.cli
-------------------------------------------
Generic Act translation module with geoentities (XML).
     Joaquim Ramos de Carvalho (joaquim@uc.pt) 
** New document: kleio
1: kleio$gacto2.str
=========================
kleio translation started
=========================
Structure: gacto2.str
Prefix: 
Autorel: 
Translation count: 
Obs: 
Translation count not set or invalid, counting as zero: 
2:    fonte$obitos-1708/tipo=reg paroquiais/localizacao=33-/data=17080000/obs=padre luis alvares pinto
3: 
** Processing source fonte$obitos-1708
4:       o$4/1/1708/id=obitos-1708-his3113
5: 
6: o$obitos-1708-his3113
6:          n$antonio madeira/m/id=obitos-1708-his3113-per1
7:             ls$residencia/casal das areias
8: 
9:          sacr$sim
10: 
11:          testamento$nao
12: 
13:          locs$igreja de s.tiago
14: 
15:          oficios$3 de 9 1 de corpo presente
16: 
17:       o$17/1/1708/id=obitos-1708-his3114
18: 
19: o$obitos-1708-his3114
19:          n$isabel/f/id=obitos-1708-his3114-per1
20:             ls$ec/s
21:             rel$parentesco/irma/maria joao/ro17011708
22: 
23:             referida$maria joao/f/id=ro17011708
24:                ls$residencia/soure
25:                ls$ec/v
26: 
27:          sacr$sim
28: 
29:          locs$adro
30: 
31:       o$18/1/1708/id=obitos-1708-his3115
32: 
33: o$obitos-1708-his3115
33:          n$antonio/m/id=obitos-1708-his3115-per1
34: 
35:             pai$matias goncalves/id=obitos-1708-his3115-per1-per2
36:                ls$residencia/fatacos
37: 
38:          locs$ermida do espirito santo
39: 
40:          oficios$1 de 3
41: 
42:       o$19/1/1708/id=obitos-1708-his3116
43: 
44: o$obitos-1708-his3116
44:          sacr$sim
45: 
46:          n$placido ribeiro/m/mesmo_que=c24-7-plac/id=obitos-1708-his3116-per1
47: 

WARNING: ob1708.cli line 47 destination id of "same as" not found. Will check again at the end of file.
Near line: 47 
Near line: 48             pai$paulo ribeiro cabral/mesmo_que=c24-7/id=obitos-1708-his3116-per1-per2

48:             pai$paulo ribeiro cabral/mesmo_que=c24-7/id=obitos-1708-his3116-per1-per2
49: 

WARNING: ob1708.cli line 49 destination id of "same as" not found. Will check again at the end of file.
Near line: 49 
Near line: 50          locs$ermida de santo agostinho%sua ermida

50:          locs$ermida de santo agostinho%sua ermida
51: 
52:          oficios$1 de corpo presente
53: 
54:       o$27/1/1708/id=obitos-1708-his3117
55: 
56: o$obitos-1708-his3117
56:          n$manuel rodrigues marmelo/m/id=obitos-1708-his3117-per1
57: 
58:          sacr$sim
59: 
60:          testamento$nao%tinha feito terca a um filho
61: 
62:          locs$ermida de s.jose do pinheiro
63: 
64:          oficios$3 de 9
65: 
66:       o$28/1/1708/id=obitos-1708-his3118
67: 
68: o$obitos-1708-his3118
68:          n$alexandre da costa/m/id=obitos-1708-his3118-per1
69:             ls$ec/s
70:             ls$residencia/soure
71: 
72:          sacr$sim
73: 
74:          testamento$nao
75: 
76:          locs$ermida de s.francisco
77: 
78:       o$30/1/1708/id=obitos-1708-his3119
79: 
80: o$obitos-1708-his3119
80:          sacr$sim
81: 
82:          n$ines/f/id=obitos-1708-his3119-per1
83:             ls$titulo/dona
84: 
85:             marido$jose da cunha e sa/mesmo_que=c180-7/id=obitos-1708-his3119-per1-per2

WARNING: ob1708.cli line 85 destination id of "same as" not found. Will check again at the end of file.
Near line: 85             marido$jose da cunha e sa/mesmo_que=c180-7/id=obitos-1708-his3119-per1-per2
Near line: 86                ls$residencia/quinta do sobral%sua quinta

86:                ls$residencia/quinta do sobral%sua quinta
87: 
88:          locs$ermida do sobral
89: 
90:          oficios$1 de 9
91: 
92:       o$2/2/1708/id=obitos-1708-his3120
93: 
94: o$obitos-1708-his3120
94:          n$mateus goncalves/m/id=obitos-1708-his3120-per1
95:             ls$residencia/cavaleiros
96: 
97:          sacr$sim
98: 
99:          locs$igreja de nossa senhora de finisterra
100: 
101:          oficios$3 de 3
102: 
103:       o$6/2/1708/id=obitos-1708-his3121
104: 
105: o$obitos-1708-his3121
105:          n$joao da costa/m/id=obitos-1708-his3121-per1
106:             ls$profissao/padre
107:             ls$residencia/soure
108: 
109:          sacr$sim
110: 
111:          testamento$sim
112: 
113:          locf$ermida de s.francisco
114: 
115:          oficios$1 de corpo presente
116: 
117:       o$9/2/1708/obs=so' oficios/id=obitos-1708-his3122
118: 
119: o$obitos-1708-his3122
119:          oficios$2 de 3
120: 
121:          n$simao/m/id=obitos-1708-his3122-per1
122: 
123:             pai$antonio rodrigues caseiro/id=obitos-1708-his3122-per1-per2
124:                ls$residencia/paul
125:                ls$residencia/casal do rei
126: 
127:       o$11/2/1708/id=obitos-1708-his3123
128: 
129: o$obitos-1708-his3123
129:          n$antonia rodrigues/f/id=obitos-1708-his3123-per1
130: 
131:             marido$manuel rodrigues caseiro/id=obitos-1708-his3123-per1-per2
132:                ls$residencia/sobral
133: 
134:          sacr$sim
135: 
136:          locs$adro
137: 
138:          oficios$3 de 3
139: 
140:       o$15/2/1708/id=obitos-1708-his3124
141: 
142: o$obitos-1708-his3124
142:          n$isabel goncalves/f/id=obitos-1708-his3124-per1
143: 
144:             marido$gaspar antunes/id=obitos-1708-his3124-per1-per2
145:                ls$residencia/olho marinho
146: 
147:          sacr$sim
148: 
149:          testamento$nao
150: 
151:          locs$ermida de s.jose
152: 
153:          oficios$3 de 3
154: 
155:       o$24/2/1708/id=obitos-1708-his3125
156: 
157: o$obitos-1708-his3125
157:          n$maria cardoso/f/id=obitos-1708-his3125-per1
158: 
159:             marido$antonio gomes/id=obitos-1708-his3125-per1-per2
160:                ls$residencia/paleao
161: 
162:          sacr$sim
163: 
164:          testamento$nao
165: 
166:          locs$ermida do paleao
167: 
168:          oficios$1 de 9
169: 
170:       o$24/2/1708/id=obitos-1708-his3126
171: 
172: o$obitos-1708-his3126
172:          n$josefa/f/id=obitos-1708-his3126-per1
173: 
174:             mae$isabel de paiva/id=obitos-1708-his3126-per1-per2
175:                ls$residencia/soure
176: 
177:          sacr$sim
178: 
179:          testamento$nao
180: 
181:          locs$ermida de santo agostinho
182: 
183:       o$26/2/1708/id=obitos-1708-his3127
184: 
185: o$obitos-1708-his3127
185:          n$joana da costa/f/id=obitos-1708-his3127-per1
186: 
187:             marido$manuel francisco gabriel/id=obitos-1708-his3127-per1-per2
188:                ls$residencia/casa velha
189: 
190:          sacr$sim
191: 
192:          testamento$nao
193: 
194:          locs$ermida da casa velha
195: 
196:          oficios$3 de 3
197: 
198:       o$11/3/1708/id=obitos-1708-his3128
199: 
200: o$obitos-1708-his3128
200:          n$gaspar antunes/m/id=obitos-1708-his3128-per1
201:             ls$residencia/casal de olho marinho
202: 
203:          sacr$sim
204: 
205:          testamento$nao
206: 
207:          locs$ermida de s.jose do pinheiro
208: 
209:          oficios$3 de 3
210: 
211:       o$18/3/1708/id=obitos-1708-his3129
212: 
213: o$obitos-1708-his3129
213:          n$maria/f/id=obitos-1708-his3129-per1
214: 
215:             pai$bartolomeu de almeida/id=obitos-1708-his3129-per1-per2
216:                ls$residencia/paleao
217: 
218:          sacr$sim
219: 
220:          testamento$nao
221: 
222:          locs$ermida do paleao
223: 
224:          oficios$1,5 de 3
225: 
226:       o$2/4/1708/id=obitos-1708-his3130
227: 
228: o$obitos-1708-his3130
228:          n$jeronima rodrigues/f/id=obitos-1708-his3130-per1
229: 
230:             marido$paulo marques/id=obitos-1708-his3130-per1-per2
231:                ls$residencia/casa velha
232: 
233:          sacr$sim
234: 
235:          locs$ermida da casa velha%onde elegeu sepultura
236: 
237:          testamento$nao
238: 
239:          oficios$3 de 3
240: 
241:       o$27/4/1708/id=obitos-1708-his3131
242: 
243: o$obitos-1708-his3131
243:          sacr$sim
244: 
245:          testamento$nao
246: 
247:          n$simao lopes/m/id=obitos-1708-his3131-per1
248:             ls$residencia/telhada
249: 
250:          locs$igreja de s.tiago
251: 
252:          oficios$2 de 3
253: 
254:       o$27/4/1708/id=obitos-1708-his3132
255: 
256: o$obitos-1708-his3132
256:          n$domingos goncalves vargas/m/id=obitos-1708-his3132-per1
257:             ls$residencia/vale da borra
258: 
259:          testamento$nao
260: 
261:          sacr$sim
262: 
263:          locs$ermida da senhora do bom sucesso
264: 
265:       o$6/5/1708/id=obitos-1708-his3133
266: 
267: o$obitos-1708-his3133
267:          n$maria lourenco/f/id=obitos-1708-his3133-per1
268:             ls$ec/v
269:             ls$residencia/soure
270: 
271:             marido$vasco botelho/id=obitos-1708-his3133-per1-per2
272:                ls$morto/antes
273: 
274:          sacr$sim
275: 
276:          testamento$nao
277: 
278:          locs$igreja de nossa senhora de finisterra
279: 
280:       o$11/5/1708/id=obitos-1708-his3134
281: 
282: o$obitos-1708-his3134
282:          n$maria francisca/f/id=obitos-1708-his3134-per1
283:             ls$ec/v
284: 
285:             marido$nome desconhecido/id=obitos-1708-his3134-per1-per2
286:                ls$alcunha/mexe
287:                ls$residencia/s.mateus
288:                ls$morto/antes
289: 
290:          locs$adro
291: 
292:          sacr$sim
293: 
294:          testamento$nao
295: 
296:       o$31/5/1708/obs= a seguir a este esta': "ate aqui tomado conta . Costa"/id=obitos-1708-his3135
297: 
298: o$obitos-1708-his3135
298:          n$jose/m/id=obitos-1708-his3135-per1
299: 
300:             mae$isabel machado/id=obitos-1708-his3135-per1-per2
301:                ls$ec/v
302:                ls$residencia/soure
303: 
304:          sacr$sim
305: 
306:          testamento$nao
307: 
308:          locs$ermida de s.francisco
309: 
310:          oficios$1 de 9
311: 
312:       o$18/6/1708/obs=visto em visita em 19.6.1708/id=obitos-1708-his3136
313: 
314: o$obitos-1708-his3136
314:          n$manuel simoes/m/id=obitos-1708-his3136-per1
315:             ls$alcunha/soldado
316:             ls$residencia/alencarce de cima
317: 
318:          sacr$sim
319: 
320:          testamento$sim
321: 
322:          locs$igreja de s.tiago
323: 
324:       o$31/7/1708/id=obitos-1708-his3137
325: 
326: o$obitos-1708-his3137
326:          n$catarina mateus%cna/f/id=obitos-1708-his3137-per1
327:             ls$ec/v
328:             ls$residencia/casal de alencarce de cima
329: 
330:             marido$nome desconhecido/id=obitos-1708-his3137-per1-per2
331:                ls$alcunha/lazaro
332:                ls$morto/antes
333: 
334:          sacr$sim%confissao e extrema uncao
335: 
336:          testamento$nao
337: 
338:          oficios$3 de 3
339: 
340:       o$6/8/1708/id=obitos-1708-his3138
341: 
342: o$obitos-1708-his3138
342:          n$antonia de sousa/f/id=obitos-1708-his3138-per1
343: 
344:             marido$sebastiao goncalves/id=obitos-1708-his3138-per1-per2
345:                ls$residencia/soure
346: 
347:          testamento$nao
348: 
349:          locs$igreja de s.francisco
350: 
351:          oficios$1 de 9
352: 
353:       o$8/8/1708/id=obitos-1708-his3139
354: 
355: o$obitos-1708-his3139
355:          n$sebastiao soares coelho/m/mesmo_que=sscoelho/id=obitos-1708-his3139-per1

WARNING: ob1708.cli line 355 destination id of "same as" not found. Will check again at the end of file.
Near line: 355          n$sebastiao soares coelho/m/mesmo_que=sscoelho/id=obitos-1708-his3139-per1
Near line: 356             ls$residencia/quinta da cruz%sua quinta

356:             ls$residencia/quinta da cruz%sua quinta
357: 
358:          sacr$sim
359: 
360:          testamento$nao
361: 
362:          locs$ermida da quinta da cruz
363: 
364:          oficios$1 de corpo presente mais 2 de 9 licoes
365: 
366:       o$9/8/1708/id=obitos-1708-his3140
367: 
368: o$obitos-1708-his3140
368:          sacr$confissao%por nao haver lugar para mais
369: 
370:          n$maria cunha/f/id=obitos-1708-his3140-per1
371:             ls$titulo/dona
372:             ls$ec/v
373: 
374:             marido$manuel da cunha/id=obitos-1708-his3140-per1-per2
375:                ls$morto/antes
376:                ls$residencia/soure
377: 
378:          locs$igreja de s.tiago, capela-mor
379: 
380:          causa$apressadamente
381: 
382:          testamento$nao
383: 
384:          oficios$1 de 9
385: 
386:       o$14/8/1708/obs=terca feira so' oficios/id=obitos-1708-his3141
387: 
388: o$obitos-1708-his3141
388:          n$isabel goncalves/f/id=obitos-1708-his3141-per1
389: 
390:             marido$gaspar antunes/id=obitos-1708-his3141-per1-per2
391:                ls$residencia/olho marinho
392: 
393:          oficios$1 de 3
394: 
395:       o$14/8/1708/obs=so' oficios/id=obitos-1708-his3142
396: 
397: o$obitos-1708-his3142
397:          n$nome desconhecido/f/id=obitos-1708-his3142-per1
398:             rel$parentesco/sogra/nome desconhecido/ro14081708
399: 
400:             marido$inacio/m/id=obitos-1708-his3142-per1-per2
401:                ls$residencia/carvalheira de cima
402: 
403:             referido$nome desconhecido/m/id=ro14081708
404:                ls$profissao/ferreiro
405:                ls$residencia/paleao
406: 
407:       o$14/8/1708/id=obitos-1708-his3143
408: 
409: o$obitos-1708-his3143
409:          n$joao/m/id=obitos-1708-his3143-per1
410: 
411:             pai$joao rodrigues/id=obitos-1708-his3143-per1-per2
412:                ls$residencia/casa velha
413: 
414:          locs$ermida da casa velha
415: 
416:          causa$apressadamente
417: 
418:          testamento$nao
419: 
420:          oficios$2 de 3
421: 
422:       o$23/8/1708/id=obitos-1708-his3144
423: 
424: o$obitos-1708-his3144
424:          sacr$sim
425: 
426:          testamento$nao
427: 
428:          n$isabel/f/id=obitos-1708-his3144-per1
429: 
430:             pai$antonio rodrigues/id=obitos-1708-his3144-per1-per2
431:                ls$residencia/portela?
432: 
433:          locs$igreja de s.tiago
434: 
435:          oficios$3 de 3
436: 
437:       o$2/9/1708/id=obitos-1708-his3145
438: 
439: o$obitos-1708-his3145
439:          n$antonio/m/id=obitos-1708-his3145-per1
440: 
441:             pai$joao colaco/id=obitos-1708-his3145-per1-per2
442:                ls$residencia/casal do rei
443: 
444:          sacr$sim
445: 
446:          locs$igreja de s.tiago
447: 
448:          oficios$1 de 9
449: 
450:       o$6/9/1708/id=obitos-1708-his3146
451: 
452: o$obitos-1708-his3146
452:          n$antonio francisco/m/id=obitos-1708-his3146-per1
453:             ls$residencia/sobral
454: 
455:          testamento$nao
456: 
457:          sacr$sim
458: 
459:          locs$adro
460: 
461:          oficios$1,5 de 3
462: 
463:       o$14/9/1708/id=obitos-1708-his3147
464: 
465: o$obitos-1708-his3147
465:          n$isabel da silva/f/id=obitos-1708-his3147-per1
466:             ls$ec/s
467:             ls$residencia/soure
468: 
469:          testamento$nao
470: 
471:          sacr$sim
472: 
473:          locs$ermida de s.francisco
474: 
475:          oficios$1 de 9
476: 
477:       o$18/9/1708/id=obitos-1708-his3148
478: 
479: o$obitos-1708-his3148
479:          n$maria antunes/f/id=obitos-1708-his3148-per1
480: 
481:             marido$manuel antunes/id=obitos-1708-his3148-per1-per2
482:                ls$residencia/olho marinho
483: 
484:          testamento$nao
485: 
486:          sacr$sim
487: 
488:          locs$adro
489: 
490:          oficios$3 de 3
491: 
492:       o$20/9/1708/id=obitos-1708-his3149
493: 
494: o$obitos-1708-his3149
494:          n$isabel/f/id=obitos-1708-his3149-per1
495:             ls$ec/s
496: 
497:             pai$antonio rodrigues/id=obitos-1708-his3149-per1-per2
498:                ls$residencia/assamassa
499: 
500:          sacr$sim
501: 
502:          locs$ermida do espirito santo
503: 
504:          oficios$1 de 9
505: 
506:       o$21/9/1708/id=obitos-1708-his3150
507: 
508: o$obitos-1708-his3150
508:          n$manuel dias/m/id=obitos-1708-his3150-per1
509:             ls$residencia/soure
510: 
511:          testamento$nao
512: 
513:          sacr$sim
514: 
515:          locs$adro da misericordia
516: 
517:       o$1/10/1708/id=obitos-1708-his3151
518: 
519: o$obitos-1708-his3151
519:          n$mariana/f/id=obitos-1708-his3151-per1
520:             ls$ec/s
521: 
522:             pai$antonio lopes/id=obitos-1708-his3151-per1-per2
523:                ls$residencia/soure
524: 
525:          sacr$sim
526: 
527:          locs$igreja de s.tiago
528: 
529:          oficios$1 de 3
530: 
531:       o$3/10/1708/id=obitos-1708-his3152
532: 
533: o$obitos-1708-his3152
533:          n$maria luis/f/id=obitos-1708-his3152-per1
534: 
535:             marido$mateus dias/id=obitos-1708-his3152-per1-per2
536:                ls$residencia/casais da misericordia
537: 
538:          sacr$sim
539: 
540:          locs$ermida de s.lourenco dos simoes%por nela eleger sepultura
541: 
542:          oficios$1 de 9
543: 
544:       o$3/10/1708/id=obitos-1708-his3153
545: 
546: o$obitos-1708-his3153
546:          n$jose/m/id=obitos-1708-his3153-per1
547:             ls$ec/s
548: 
549:             pai$? figueiredo/id=obitos-1708-his3153-per1-per2
550:                ls$residencia/simoes
551: 
552:          testamento$nao
553: 
554:          locs$adro
555: 
556:          oficios$3 de 3
557: 
558:       o$29/11/1708/obs=data sic, talvez fosse outubro/id=obitos-1708-his3154
559: 
560: o$obitos-1708-his3154
560:          n$brasia dias/f/id=obitos-1708-his3154-per1
561:             ls$residencia/barrosos
562: 
563:          testamento$nao
564: 
565:          sacr$sim
566: 
567:          locs$ermida de s.sebastiao do mogadouro%aonde elegeu sepultura
568: 
569:       o$14/11/1708/id=obitos-1708-his3155
570: 
571: o$obitos-1708-his3155
571:          n$madalena gomes/f/id=obitos-1708-his3155-per1
572: 
573:             marido$simao domingues/id=obitos-1708-his3155-per1-per2
574:                ls$residencia/paleao
575: 
576:          testamento$nao
577: 
578:          sacr$sim
579: 
580:          locs$ermida do paleao
581: 
582:          oficios$1 de 9
583: 
584:       o$19/11/1708/id=obitos-1708-his3156
585: 
586: o$obitos-1708-his3156
586:          n$simao jorge/m/id=obitos-1708-his3156-per1
587:             ls$residencia/paleao
588: 
589:          testamento$sim
590: 
591:          sacr$sim
592: 
593:          oficios$3 de 9
594: 
595:       o$22/11/1708/id=obitos-1708-his3157
596: 
597: o$obitos-1708-his3157
597:          n$manuel ferreira/m/id=obitos-1708-his3157-per1
598:             ls$residencia/casal das brancas
599: 
600:          testamento$nao
601: 
602:          sacr$sim
603: 
604:          locs$ermida do espirito santo
605: 
606:          oficios$1 de 9
607: 
608:       o$26/11/1708/id=obitos-1708-his3158
609: 
610: o$obitos-1708-his3158
610:          n$francisca goncalves/f/id=obitos-1708-his3158-per1
611:             ls$residencia/cascao
612: 
613:          testamento$nao
614: 
615:          sacr$sim
616: 
617:          locs$ermida de santo tirso de alencarce
618: 
619:          oficios$1 de 9
620: 
621:       o$7/12/1708/obs=so' oficios/id=obitos-1708-his3159
622: 
623: o$obitos-1708-his3159
623:          oficios$1,5 de 2
624: 
625:          n$antonia rodrigues/f/id=obitos-1708-his3159-per1
626: 
627:             marido$simao domingues/id=obitos-1708-his3159-per1-per2
628:                ls$residencia/quinta de porto coelheiro
629: 
630:          locs$igreja de tapeus
631: 
632:       o$18/12/1708/id=obitos-1708-his3160
633: 
634: o$obitos-1708-his3160
634:          n$isabel francisca/f/id=obitos-1708-his3160-per1
635: 
636:             marido$manuel leao/id=obitos-1708-his3160-per1-per2
637:                ls$residencia/lajem
638: 
639:          testamento$nao
640: 
641:          sacr$sim
642: 
643:          locs$igreja de s.tiago
644: 
645:          oficios$1 de 9
646: 
647:       o$18/12/1708/id=obitos-1708-his3161
648: 
649: o$obitos-1708-his3161
649:          n$maria lopes/f/id=obitos-1708-his3161-per1
650:             ls$ec/v
651: 
652:             marido$dionisio rebelo/id=obitos-1708-his3161-per1-per2
653:                ls$morto/antes
654: 
655:          testamento$nao
656: 
657:          sacr$sim
658: 
659:          locs$ermida de s.francisco
660: 
661:       o$24/12/1708/id=obitos-1708-his3162
662: 
663: o$obitos-1708-his3162
663:          n$ana/f/id=obitos-1708-his3162-per1
664:             ls$ec/s
665: 
666:             mae$isabel joao/id=obitos-1708-his3162-per1-per2
667:                ls$ec/v
668:                ls$residencia/carvalheira de cima
669: 
670:          testamento$nao
671: 
672:          sacr$sim
673: 
674:          locs$ermida de santo ildefonso
675: 
676:       o$25/12/1708/id=obitos-1708-his3163
677: 
678: o$obitos-1708-his3163
678:          n$maria/f/id=obitos-1708-his3163-per1
679: 
680:             pai$manuel goncalves/id=obitos-1708-his3163-per1-per2
681:                ls$residencia/fatacos
682: 
683:          testamento$nao
684: 
685:          sacr$sim
686: 
687:          locs$ermida do espirito santo
688: 
689:          oficios$1 de 9
690: 
691:       o$27/12/1708/id=obitos-1708-his3164
692: 
693: o$obitos-1708-his3164
693:          n$catarina cordeiro/f/id=obitos-1708-his3164-per1
694:             ls$ec/s
695:             ls$residencia/soure
696: 
697:          testamento$sim
698: 
699:          sacr$sim
700: 
701:          locs$igreja de nossa senhora de finisterra
702: 
703:          oficios$3 de 9
704: 
705:       o$27/12/1708/id=obitos-1708-his3165
706: 
707: o$obitos-1708-his3165
707:          n$antonia baptista/f/id=obitos-1708-his3165-per1
708:             ls$residencia/casal do rei
709: 
710:          sacr$sim
711: 
712:          testamento$nao
713: 
714:          locs$adro da misericordia
715: 
716:          oficios$2 de 3
717: *** End of File
ERROR:  Could not find same_as id c24-7-plac referred in line 48. If  original reference is on another file use xsame_as

ERROR:  Could not find same_as id c24-7 referred in line 50. If  original reference is on another file use xsame_as

ERROR:  Could not find same_as id c180-7 referred in line 86. If  original reference is on another file use xsame_as

ERROR:  Could not find same_as id sscoelho referred in line 356. If  original reference is on another file use xsame_as

4  errors. 
4  warnings.
Translation finished.
