ClioInput - version 2019.A1 - build 507 15/07/2019 21:58 
17-2-2020 11-43

Processing data file ob1711.cli
-------------------------------------------
Generic Act translation module with geoentities (XML).
     Joaquim Ramos de Carvalho (joaquim@uc.pt) 
** New document: kleio
=========================
kleio translation started
=========================
Structure: gacto2.str
Prefix: 
Autorel: 
Translation count: 
Obs: 
Translation count not set or invalid, counting as zero: 
** Processing source fonte$obitos-1711
6: o$obitos-1711-his3293
21: o$obitos-1711-his3294
32: o$obitos-1711-his3295
42: o$obitos-1711-his3296
55: o$obitos-1711-his3297
65: o$obitos-1711-his3298
75: o$obitos-1711-his3299
85: o$obitos-1711-his3300
95: o$obitos-1711-his3301
107: o$obitos-1711-his3302
120: o$obitos-1711-his3303
130: o$obitos-1711-his3304
143: o$obitos-1711-his3305
156: o$obitos-1711-his3306
166: o$obitos-1711-his3307
176: o$obitos-1711-his3308
185: o$obitos-1711-his3309
195: o$obitos-1711-his3310
209: o$obitos-1711-his3311
219: o$obitos-1711-his3312
233: o$obitos-1711-his3313
247: o$obitos-1711-his3314
257: o$obitos-1711-his3315
267: o$obitos-1711-his3316
278: o$obitos-1711-his3317
288: o$obitos-1711-his3318
302: o$obitos-1711-his3319
318: o$obitos-1711-his3320
328: o$obitos-1711-his3321
338: o$obitos-1711-his3322
350: o$obitos-1711-his3323
364: o$obitos-1711-his3324
374: o$obitos-1711-his3325
384: o$obitos-1711-his3326
397: o$obitos-1711-his3327
411: o$obitos-1711-his3328
421: o$obitos-1711-his3329
437: o$obitos-1711-his3330
447: o$obitos-1711-his3331
463: o$obitos-1711-his3332
476: o$obitos-1711-his3333
491: o$obitos-1711-his3334
506: o$obitos-1711-his3335
522: o$obitos-1711-his3336
538: o$obitos-1711-his3337
555: o$obitos-1711-his3338
569: o$obitos-1711-his3339
584: o$obitos-1711-his3340
597: o$obitos-1711-his3341
612: o$obitos-1711-his3342
627: o$obitos-1711-his3343
637: o$obitos-1711-his3344
653: o$obitos-1711-his3345
663: o$obitos-1711-his3346
673: o$obitos-1711-his3347
688: o$obitos-1711-his3348
702: o$obitos-1711-his3349
712: o$obitos-1711-his3350
725: o$obitos-1711-his3351
739: o$obitos-1711-his3352
749: o$obitos-1711-his3353
762: o$obitos-1711-his3354
770: o$obitos-1711-his3355
783: o$obitos-1711-his3356
793: o$obitos-1711-his3357
802: o$obitos-1711-his3358
812: o$obitos-1711-his3359
826: o$obitos-1711-his3360
836: o$obitos-1711-his3361
851: o$obitos-1711-his3362
861: o$obitos-1711-his3363
877: o$obitos-1711-his3364
891: o$obitos-1711-his3365
904: o$obitos-1711-his3366
919: o$obitos-1711-his3367
929: o$obitos-1711-his3368
*** End of File

WARNING: ob1711.cli line 95  "SAME AS" TO EXTERNAL REFERENCE EXPORTED (c24-7) CHECK IF IT EXISTS BEFORE IMPORTING THIS FILE.
Near lines: 95 Near line: 96 

WARNING: ob1711.cli line 506  "SAME AS" TO EXTERNAL REFERENCE EXPORTED (anagasp) CHECK IF IT EXISTS BEFORE IMPORTING THIS FILE.
Near lines: 506 Near line: 507 
** Processed file- /kleio-home/sources/soure/soure-sources/sources/soure_fase1/obitos/ob1711.cli
** Original file- /kleio-home/sources/soure/soure-sources/sources/soure_fase1/obitos/ob1711.org
** Previous version- /kleio-home/sources/soure/soure-sources/sources/soure_fase1/obitos/ob1711.old
** Temp file with ids- /kleio-home/sources/soure/soure-sources/sources/soure_fase1/obitos/ob1711.ids
0  errors. 
2  warnings.
Translation finished.
