ClioInput - version 2019.A1 - build 507 15/07/2019 21:58 
7-4-2020 18-24

Processing data file ob1718.cli
-------------------------------------------
Generic Act translation module with geoentities (XML).
     Joaquim Ramos de Carvalho (joaquim@uc.pt) 
** New document: kleio
=========================
kleio translation started
=========================
Structure: gacto2.str
Prefix: 
Autorel: 
Translation count: 2
Obs: 
** Processing source fonte$obitos-1718
6: o$obitos-1718-his3935
21: o$obitos-1718-his3936
31: o$obitos-1718-his3937
46: o$obitos-1718-his3938
56: o$obitos-1718-his3939
69: o$obitos-1718-his3940
85: o$obitos-1718-his3941
98: o$obitos-1718-his3942
108: o$obitos-1718-his3943
121: o$obitos-1718-his3944
135: o$obitos-1718-his3945
149: o$obitos-1718-his3946
159: o$obitos-1718-his3947
173: o$obitos-1718-his3948
185: o$obitos-1718-his3949
200: o$obitos-1718-his3950
214: o$obitos-1718-his3951
231: o$obitos-1718-his3952
241: o$obitos-1718-his3953
254: o$obitos-1718-his3954
264: o$obitos-1718-his3955
279: o$obitos-1718-his3956
296: o$obitos-1718-his3957
306: o$obitos-1718-his3958
326: o$obitos-1718-his3959
341: o$obitos-1718-his3960
357: o$obitos-1718-his3961
372: o$obitos-1718-his3962
386: o$obitos-1718-his3963
401: o$obitos-1718-his3964
416: o$obitos-1718-his3965
429: o$obitos-1718-his3966
442: o$obitos-1718-his3967
457: o$obitos-1718-his3968
471: o$obitos-1718-his3969
486: o$obitos-1718-his3970
506: o$obitos-1718-his3971
517: o$obitos-1718-his3972
532: o$obitos-1718-his3973
548: o$obitos-1718-his3974
558: o$obitos-1718-his3975
573: o$obitos-1718-his3976
584: o$obitos-1718-his3977
595: o$obitos-1718-his3978
610: o$obitos-1718-his3979
623: o$obitos-1718-his3980
637: o$obitos-1718-his3981
651: o$obitos-1718-his3982
670: o$obitos-1718-his3983
684: o$obitos-1718-his3984
698: o$obitos-1718-his3985
712: o$obitos-1718-his3986
725: o$obitos-1718-his3987
740: o$obitos-1718-his3988
750: o$obitos-1718-his3989
765: o$obitos-1718-his3990
779: o$obitos-1718-his3991
792: o$obitos-1718-his3992
806: o$obitos-1718-his3993
817: o$obitos-1718-his3994
832: o$obitos-1718-his3995
*** End of File
** Processed file- /kleio-home/sources/soure-fontes/sources/soure_fase1/obitos/ob1718.cli
** Original file- /kleio-home/sources/soure-fontes/sources/soure_fase1/obitos/ob1718.org
** Previous version- /kleio-home/sources/soure-fontes/sources/soure_fase1/obitos/ob1718.old
** Temp file with ids- /kleio-home/sources/soure-fontes/sources/soure_fase1/obitos/ob1718.ids
0  errors. 
0  warnings.
Translation finished.
