ClioInput - version 2019.A1 - build 507 15/07/2019 21:58 
7-4-2020 18-21

Processing data file ob1710.cli
-------------------------------------------
Generic Act translation module with geoentities (XML).
     Joaquim Ramos de Carvalho (joaquim@uc.pt) 
** New document: kleio
=========================
kleio translation started
=========================
Structure: gacto2.str
Prefix: 
Autorel: 
Translation count: 2
Obs: 
** Processing source fonte$obitos-1710
6: o$obitos-1710-his3216
19: o$obitos-1710-his3217
28: o$obitos-1710-his3218
45: o$obitos-1710-his3219
59: o$obitos-1710-his3220
86: o$obitos-1710-his3221
97: o$obitos-1710-his3222
106: o$obitos-1710-his3223
121: o$obitos-1710-his3224
133: o$obitos-1710-his3225
147: o$obitos-1710-his3226
157: o$obitos-1710-his3227
170: o$obitos-1710-his3228
190: o$obitos-1710-his3229
202: o$obitos-1710-his3230
214: o$obitos-1710-his3231
227: o$obitos-1710-his3232
237: o$obitos-1710-his3233
249: o$obitos-1710-his3234
262: o$obitos-1710-his3235
277: o$obitos-1710-his3236
289: o$obitos-1710-his3237
300: o$obitos-1710-his3238
311: o$obitos-1710-his3239
325: o$obitos-1710-his3240
338: o$obitos-1710-his3241
355: o$obitos-1710-his3242
371: o$obitos-1710-his3243
386: o$obitos-1710-his3244
399: o$obitos-1710-his3245
414: o$obitos-1710-his3246
424: o$obitos-1710-his3247
435: o$obitos-1710-his3248
451: o$obitos-1710-his3249
461: o$obitos-1710-his3250
472: o$obitos-1710-his3251
486: o$obitos-1710-his3252
500: o$obitos-1710-his3253
512: o$obitos-1710-his3254
525: o$obitos-1710-his3255
538: o$obitos-1710-his3256
548: o$obitos-1710-his3257
558: o$obitos-1710-his3258
574: o$obitos-1710-his3259
584: o$obitos-1710-his3260
594: o$obitos-1710-his3261
608: o$obitos-1710-his3262
618: o$obitos-1710-his3263
628: o$obitos-1710-his3264
642: o$obitos-1710-his3265
658: o$obitos-1710-his3266
674: o$obitos-1710-his3267
687: o$obitos-1710-his3268
695: o$obitos-1710-his3269
710: o$obitos-1710-his3270
722: o$obitos-1710-his3271
736: o$obitos-1710-his3272
746: o$obitos-1710-his3273
760: o$obitos-1710-his3274
773: o$obitos-1710-his3275
786: o$obitos-1710-his3276
800: o$obitos-1710-his3277
812: o$obitos-1710-his3278
822: o$obitos-1710-his3279
832: o$obitos-1710-his3280
844: o$obitos-1710-his3281
854: o$obitos-1710-his3282
866: o$obitos-1710-his3283
879: o$obitos-1710-his3284
893: o$obitos-1710-his3285
903: o$obitos-1710-his3286
913: o$obitos-1710-his3287
925: o$obitos-1710-his3288
934: o$obitos-1710-his3289
944: o$obitos-1710-his3290
961: o$obitos-1710-his3291
974: o$obitos-1710-his3292
*** End of File
** Processed file- /kleio-home/sources/soure-fontes/sources/soure_fase1/obitos/ob1710.cli
** Original file- /kleio-home/sources/soure-fontes/sources/soure_fase1/obitos/ob1710.org
** Previous version- /kleio-home/sources/soure-fontes/sources/soure_fase1/obitos/ob1710.old
** Temp file with ids- /kleio-home/sources/soure-fontes/sources/soure_fase1/obitos/ob1710.ids
0  errors. 
0  warnings.
Translation finished.
