ClioInput - version @@VERSION@@ - build @@BUILD@@ @@DATE@@
13-6-2019 16-39

Processing data file ob1703.cli
-------------------------------------------
Generic Act translation module with geoentities (XML).
     Joaquim Ramos de Carvalho (joaquim@uc.pt) 
** New document: kleio
1: kleio$gacto2.str
=========================
kleio translation started
=========================
Structure: gacto2.str
Prefix: 
Autorel: 
Translation count: 
Obs: 
Translation count not set or invalid, counting as zero: 
2:    fonte$obitos-1703/tipo=reg paroquiais/localizacao=100-/data=17030000/obs= padreluis alvares pinto
3: 
** Processing source fonte$obitos-1703
4:       o$0/1/1703/obs=na segunda oitava do natal/id=obitos-1703-his2709
5: 
6: o$obitos-1703-his2709
6:          n$maria goncalves/f/id=obitos-1703-his2709-per1
7:             ls$ec/v
8:             ls$residencia/alencarce de cima
9: 
10:          sacr$sim
11: 
12:          locs$adro
13: 
14:          oficios$1 de 3
15: 
16:       o$30/12/1702/obs=data sic/id=obitos-1703-his2710
17: 
18: o$obitos-1703-his2710
18:          causa$apressadamente
19: 
20:          n$manuel cordeiro/m/id=obitos-1703-his2710-per1
21:             ls$alcunha/grou
22:             ls$residencia/casal dos louzoes
23: 
24:          sacr$sim
25: 
26:          locs$ermida de santo andre do casal novo
27: 
28:       o$10/1/1703/id=obitos-1703-his2711
29: 
30: o$obitos-1703-his2711
30:          sacr$sim
31: 
32:          n$brites manuel/f/id=obitos-1703-his2711-per1
33:             ls$ec/v
34:             ls$residencia/barril
35: 
36:          locs$adro
37: 
38:          oficios$1 de 3
39: 
40:       o$14/1/1703/id=obitos-1703-his2712
41: 
42: o$obitos-1703-his2712
42:          sacr$sim
43: 
44:          n$francisca rodrigues/f/id=obitos-1703-his2712-per1
45:             ls$residencia/paleao
46: 
47:          locs$igreja de nossa senhora de finisterra
48: 
49:          oficios$2 de 9
50: 
51:       o$16/1/1703/obs=so' o oficios o enterro foi na redinha. Este aparece repetido a seguir ao seguinte./id=obitos-1703-his2713
52: 
53: o$obitos-1703-his2713
53:          n$simao/m/id=obitos-1703-his2713-per1
54: 
55:             pai$simao domingues/id=obitos-1703-his2713-per1-per2
56:                ls$residencia/casconho
57: 
58:          locs$redinha, freguesia da redinha
59: 
60:          oficios$1
61: 
62:       o$26/1/1703/id=obitos-1703-his2714
63: 
64: o$obitos-1703-his2714
64:          n$manuel/m/id=obitos-1703-his2714-per1
65:             ls$ilegitimo/sim
66: 
67:             mae$maria/id=obitos-1703-his2714-per1-per2
68:                ls$ec/s
69: 
70:          locs$adro
71: 
72:       o$25/1/1703/obs=data sic/id=obitos-1703-his2715
73: 
74: o$obitos-1703-his2715
74:          n$isabel/f/id=obitos-1703-his2715-per1
75: 
76:             pai$estevao alvares/id=obitos-1703-his2715-per1-per2
77:                ls$residencia/fatacos
78: 
79:          locs$ermida do espirito santo
80: 
81:          oficios$1 de 3
82: 
83:       o$29/1/1703/obs=3.a feira, so' oficio/id=obitos-1703-his2716
84: 
85: o$obitos-1703-his2716
85:          n$nome desconhecido/m/id=obitos-1703-his2716-per1
86:             ls$ec/c
87: 
88:             pai$joao rodrigues/id=obitos-1703-his2716-per1-per2
89:                ls$residencia/casal novo
90: 
91:          locf$alentejo
92: 
93:          oficios$1 de 3
94: 
95:       o$31/1/1703/obs=so' oficios/id=obitos-1703-his2717
96: 
97: o$obitos-1703-his2717
97:          n$nome desconhecido/f/id=obitos-1703-his2717-per1
98: 
99:             pai$domingos martins/id=obitos-1703-his2717-per1-per2
100:                ls$residencia/carvalheira de cima
101: 
102:          locs$tapeus
103: 
104:          oficios$1 de 3
105: 
106:       o$5/2/1703/id=obitos-1703-his2718
107: 
108: o$obitos-1703-his2718
108:          sacr$sim
109: 
110:          n$joana carvalho/f/id=obitos-1703-his2718-per1
111:             rel$parentesco/irma/sebastiao machado/ro05021703
112: 
113:             referido$sebastiao machado/m/id=ro05021703
114:                ls$residencia/soure
115: 
116:          locs$igreja de santiago
117: 
118:          oficios$1 de 9
119: 
120:       o$6/2/1703/id=obitos-1703-his2719
121: 
122: o$obitos-1703-his2719
122:          n$manuel da silva vergeiro/m/id=obitos-1703-his2719-per1
123: 
124:          locf$hospital
125: 
126:          sacr$sim
127: 
128:          locs$adro da misericordia
129: 
130:       o$14/2/1703/id=obitos-1703-his2720
131: 
132: o$obitos-1703-his2720
132:          sacr$sim
133: 
134:          n$antonia rodrigues/f/id=obitos-1703-his2720-per1
135: 
136:             marido$manuel jorge/id=obitos-1703-his2720-per1-per2
137:                ls$residencia/alencarce de cima
138: 
139:          locs$igreja de santiago
140: 
141:          oficios$3
142: 
143:       o$19/2/1703/id=obitos-1703-his2721
144: 
145: o$obitos-1703-his2721
145:          n$catarina gaspar/f/id=obitos-1703-his2721-per1
146:             ls$ec/s
147:             ls$residencia/paleao
148: 
149:          sacr$sim
150: 
151:          locs$adro
152: 
153:          oficios$3 de 3
154: 
155:       o$23/2/1703/id=obitos-1703-his2722
156: 
157: o$obitos-1703-his2722
157:          sacr$sim
158: 
159:          n$antonio da gante/m/id=obitos-1703-his2722-per1
160:             ls$residencia/barril
161: 
162:          locs$igreja de s.mateus
163: 
164:          oficios$3 de 3
165: 
166:       o$9/3/1703/id=obitos-1703-his2723
167: 
168: o$obitos-1703-his2723
168:          sacr$sim
169: 
170:          n$manuel joao/m/id=obitos-1703-his2723-per1
171:             ls$residencia/casais da misericordia
172: 
173:          locs$adro
174: 
175:          oficios$1 de 3
176: 
177:       o$9/3/1703/id=obitos-1703-his2724
178: 
179: o$obitos-1703-his2724
179:          sacr$sim
180: 
181:          n$manuel gomes/m/id=obitos-1703-his2724-per1
182:             ls$residencia/soure
183: 
184:          locs$igreja de s.francisco
185: 
186:       o$16/3/1703/id=obitos-1703-his2725
187: 
188: o$obitos-1703-his2725
188:          sacr$sim
189: 
190:          n$catarina francisca/f/obs=cna/id=obitos-1703-his2725-per1
191:             ls$residencia/cavaleiros
192: 
193:          locs$igreja de santiago
194: 
195:          oficios$3 de 3
196: 
197:       o$23/3/1703/id=obitos-1703-his2726
198: 
199: o$obitos-1703-his2726
199:          n$maria/f/id=obitos-1703-his2726-per1
200: 
201:             pai$joao rodrigues heleno/id=obitos-1703-his2726-per1-per2
202:                ls$residencia/paleao
203: 
204:          locs$adro
205: 
206:          sacr$sim
207: 
208:          oficios$3 de 3
209: 
210:       o$0/3/1703/id=obitos-1703-his2727
211: 
212: o$obitos-1703-his2727
212:          n$nome desconhecido/f/id=obitos-1703-his2727-per1
213: 
214:             pai$domingos leao/id=opai00031703
215:                ls$residencia/lajem
216: 
217:          oficios$3 de 3
218: 
219:       o$0/3/1703/id=obitos-1703-his2728
220: 
221: o$obitos-1703-his2728
221:          n$nome desconhecido/m/id=obitos-1703-his2728-per1
222: 
223:             pai$domingos leao/mesmo_que=opai00031703/id=obitos-1703-his2728-per1-per2
224:                ls$residencia/lajem
225: 
226:          oficios$3 de 3
227: 
228:       o$14/4/1703/id=obitos-1703-his2729
229: 
230: o$obitos-1703-his2729
230:          n$maria pedroso/f/id=obitos-1703-his2729-per1
231:             ls$residencia/casal dos corcozes
232: 
233:             marido$manuel fernandes/id=obitos-1703-his2729-per1-per2
234: 
235:          sacr$sim
236: 
237:          locs$igreja de s. francisco
238: 
239:          oficios$1 de 3
240: 
241:       o$21/4/1703/id=obitos-1703-his2730
242: 
243: o$obitos-1703-his2730
243:          sacr$sim
244: 
245:          n$joao marques/m/id=obitos-1703-his2730-per1
246:             ls$residencia/soure
247: 
248:          locs$igreja de s.tiago
249: 
250:       o$22/4/1703/id=obitos-1703-his2731
251: 
252: o$obitos-1703-his2731
252:          sacr$sim
253: 
254:          n$manuel/m/id=obitos-1703-his2731-per1
255: 
256:             pai$manuel jorge/id=obitos-1703-his2731-per1-per2
257:                ls$residencia/sobral
258: 
259:          locs$adro
260: 
261:          oficios$3 de 3
262: 
263:       o$29/4/1703/id=obitos-1703-his2732
264: 
265: o$obitos-1703-his2732
265:          sacr$sim
266: 
267:          n$maria jorge/f/id=obitos-1703-his2732-per1
268:             ls$ec/v
269:             ls$residencia/soure
270: 
271:          locs$adro
272: 
273:          oficios$1 de 3
274: 
275:       o$6/5/1703/id=obitos-1703-his2733
276: 
277: o$obitos-1703-his2733
277:          causa$apressadamente, de um acidente
278: 
279:          sacr$nao
280: 
281:          n$luisa carvalho/f/id=obitos-1703-his2733-per1
282:             ls$residencia/casal dos guerras
283: 
284:          locs$adro
285: 
286:          oficios$3 de 3
287: 
288:       o$14/5/1703/id=obitos-1703-his2734
289: 
290: o$obitos-1703-his2734
290:          n$escolastica/f/id=obitos-1703-his2734-per1
291:             ls$idade_aprox/menor
292: 
293:             mae$luisa/id=obitos-1703-his2734-per1-per2
294:                ls$titulo/dona
295:                ls$residencia/soure
296: 
297:          locs$nossa senhora de finisterra
298: 
299:       o$14/5/1703/id=obitos-1703-his2735
300: 
301: o$obitos-1703-his2735
301:          sacr$sim
302: 
303:          n$isabel rodrigues/f/id=obitos-1703-his2735-per1
304: 
305:             marido$antonio madeira/id=obitos-1703-his2735-per1-per2
306:                ls$residencia/barril
307: 
308:          locs$s.mateus
309: 
310:          oficios$3 de 3
311: 
312:       o$23/5/1703/id=obitos-1703-his2736
313: 
314: o$obitos-1703-his2736
314:          sacr$sim
315: 
316:          n$mateus gomes/m/id=obitos-1703-his2736-per1
317:             ls$residencia/casa velha
318: 
319:          locs$ermida da casa velha
320: 
321:          oficios$3 de 3
322: 
323:       o$23/5/1703/id=obitos-1703-his2737
324: 
325: o$obitos-1703-his2737
325:          sacr$sim
326: 
327:          n$maria/f/id=obitos-1703-his2737-per1
328:             ls$ec/s
329: 
330:             pai$? carvalho/id=obitos-1703-his2737-per1-per2
331:                ls$residencia/soure
332: 
333:          locs$ermida de s.francisco
334: 
335:       o$24/5/1703/id=obitos-1703-his2738
336: 
337: o$obitos-1703-his2738
337:          sacr$sim
338: 
339:          n$manuel joao/m/id=obitos-1703-his2738-per1
340:             ls$residencia/vale da borra
341: 
342:          locs$adro
343: 
344:          oficios$3 de 3
345: 
346:       o$2/6/1703/id=obitos-1703-his2739
347: 
348: o$obitos-1703-his2739
348:          n$leonor/f/id=obitos-1703-his2739-per1
349:             ls$ec/s
350:             ls$idade_aprox/menor
351: 
352:             mae$luisa/id=obitos-1703-his2739-per1-per2
353:                ls$titulo/dona
354: 
355:          locs$igreja de nossa senhora de finisterra
356: 
357:       o$8/6/1703/id=obitos-1703-his2740
358: 
359: o$obitos-1703-his2740
359:          sacr$sim
360: 
361:          n$antonia madeira/f/id=obitos-1703-his2740-per1
362: 
363:             marido$manuel rodrigues marmelo/id=obitos-1703-his2740-per1-per2
364:                ls$residencia/casal do marmelo
365: 
366:          locs$igreja de santiago
367: 
368:          oficios$3 de 9, 1 de corpo presente
369: 
370:       o$14/6/1703/id=obitos-1703-his2741
371: 
372: o$obitos-1703-his2741
372:          n$manuel/m/id=obitos-1703-his2741-per1
373: 
374:             pai$manuel de brito/id=obitos-1703-his2741-per1-per2
375:                ls$residencia/soure
376: 
377:          locs$ermida de s.francisco
378: 
379:          oficios$1 de 3
380: 
381:       o$18/6/1703/id=obitos-1703-his2742
382: 
383: o$obitos-1703-his2742
383:          sacr$sim
384: 
385:          n$francisca gomes/f/id=obitos-1703-his2742-per1
386: 
387:             marido$sebastiao francisco/id=obitos-1703-his2742-per1-per2
388:                ls$residencia/casa velha
389: 
390:          locs$ermida da casavelha
391: 
392:          oficios$3 de 3
393: 
394:       o$24/6/1703/id=obitos-1703-his2743
395: 
396: o$obitos-1703-his2743
396:          sacr$sim
397: 
398:          n$domingos andre/m/id=obitos-1703-his2743-per1
399:             ls$residencia/barrosos
400: 
401:          locs$adro
402: 
403:          oficios$3 de 3
404: 
405:       o$28/6/1703/id=obitos-1703-his2744
406: 
407: o$obitos-1703-his2744
407:          sacr$sim
408: 
409:          n$teresa rodrigues/f/id=obitos-1703-his2744-per1
410: 
411:             marido$antonio rodrigues/id=obitos-1703-his2744-per1-per2
412:                ls$residencia/porto das cabras
413: 
414:          locs$adro
415: 
416:          oficios$2 de 3
417: 
418:       o$3/6/1703/obs=data sic/id=obitos-1703-his2745
419: 
420: o$obitos-1703-his2745
420:          sacr$sim
421: 
422:          n$catarina coelho/f/id=obitos-1703-his2745-per1
423:             rel$parentesco/cunhada/antonio aires/ro03061703
424:             ls$residencia/casal do espirito santo
425: 
426:          locs$ermida do espirito santo
427: 
428:          oficios$2 de 9
429: 
430:          referido$antonio aires/m/id=ro03061703
431: 
432:       o$31/6/1703/id=obitos-1703-his2746
433: 
434: o$obitos-1703-his2746
434:          n$nome desconhecido/m/obs=estrangeiro/id=obitos-1703-his2746-per1
435: 
436:          locf$bechos
437: 
438:          causa$acharam morto
439: 
440:       o$20/7/1703/id=obitos-1703-his2747
441: 
442: o$obitos-1703-his2747
442:          sacr$sim
443: 
444:          n$domingos/m/id=obitos-1703-his2747-per1
445: 
446:             mae$maria gomes/id=obitos-1703-his2747-per1-per2
447:                ls$ec/v
448:                ls$residencia/assamassa
449: 
450:          locs$ermida do espirito santo
451: 
452:          oficios$3 de 3
453: 
454:       o$2/8/1703/id=obitos-1703-his2748
455: 
456: o$obitos-1703-his2748
456:          sacr$sim
457: 
458:          n$isabel pereira/f/id=obitos-1703-his2748-per1
459:             ls$ec/v
460:             ls$residencia/figueiro do campo, freguesia de figueiro do campo
461:             ls$freguesia/figueiro do campo
462: 
463:          locs$ermida do paleao
464: 
465:       o$3/8/1703/id=obitos-1703-his2749
466: 
467: o$obitos-1703-his2749
467:          sacr$sim
468: 
469:          n$francisca jorge/f/id=obitos-1703-his2749-per1
470: 
471:             marido$domingos duarte/id=obitos-1703-his2749-per1-per2
472:                ls$residencia/casa velha
473: 
474:          locs$ermida da casa velha
475: 
476:          oficios$1 de 9
477: 
478:       o$6/8/1703/id=obitos-1703-his2750
479: 
480: o$obitos-1703-his2750
480:          sacr$sim
481: 
482:          n$maria figueira/f/id=obitos-1703-his2750-per1
483: 
484:             mae$isabel pereira/id=obitos-1703-his2750-per1-per2
485:                ls$ec/v
486:                ls$residencia/paleao
487: 
488:          locs$ermida do paleao
489: 
490:       o$11/8/1703/id=obitos-1703-his2751
491: 
492: o$obitos-1703-his2751
492:          sacr$sim
493: 
494:          n$domingas duarte/f/id=obitos-1703-his2751-per1
495:             ls$residencia/casa velha
496: 
497:          locs$ermida da casa velha
498: 
499:          oficios$1 de 9 de corpo presente
500: 
501:       o$11/8/1703/id=obitos-1703-his2752
502: 
503: o$obitos-1703-his2752
503:          n$simao madeira/m/id=obitos-1703-his2752-per1
504:             ls$residencia/s.mateus
505: 
506:          sacr$sim
507: 
508:          locs$igreja de s.tiago
509: 
510:          oficios$3 de 9
511: 
512:       o$12/8/1703/id=obitos-1703-his2753
513: 
514: o$obitos-1703-his2753
514:          sacr$sim
515: 
516:          n$domingos/m/id=obitos-1703-his2753-per1
517: 
518:             mae$catarina francisca/id=obitos-1703-his2753-per1-per2
519:                ls$residencia/cavaleiros
520: 
521:          locs$adro
522: 
523:          oficios$1
524: 
525:       o$13/8/1703/id=obitos-1703-his2754
526: 
527: o$obitos-1703-his2754
527:          n$nome desconhecido/f/id=obitos-1703-his2754-per1
528: 
529:             mae$maria simoes/id=obitos-1703-his2754-per1-per2
530:                ls$residencia/casal da cruz
531: 
532:          locs$adro
533: 
534:       o$24/8/1703/id=obitos-1703-his2755
535: 
536: o$obitos-1703-his2755
536:          sacr$sim
537: 
538:          n$maria jorge/f/id=obitos-1703-his2755-per1
539:             ls$ec/v
540:             ls$residencia/cavaleiros
541: 
542:          locs$adro
543: 
544:          oficios$3 de 3
545: 
546:       o$27/8/1703/id=obitos-1703-his2756
547: 
548: o$obitos-1703-his2756
548:          sacr$sim
549: 
550:          n$francisca goncalves/f/id=obitos-1703-his2756-per1
551:             rel$parentesco/cunhada/manuel jorge carrasco/ro27081703
552:             ls$residencia/casal da venda
553: 
554:             referido$manuel jorge carrasco/m/id=ro27081703
555: 
556:          locs$adro
557: 
558:       o$31/8/1703/id=obitos-1703-his2757
559: 
560: o$obitos-1703-his2757
560:          sacr$sim
561: 
562:          n$luis duarte/m/id=obitos-1703-his2757-per1
563:             ls$residencia/casa velha
564: 
565:          locs$ermida de nossa senhora das neves da casa velha
566: 
567:          oficios$3 de 9
568: 
569:       o$1/9/1703/id=obitos-1703-his2758
570: 
571: o$obitos-1703-his2758
571:          n$antonio simoes raposo/m/id=obitos-1703-his2758-per1
572:             ls$residencia/mogadouro
573: 
574:          locs$adro
575: 
576:          oficios$2 de 3
577: 
578:       o$10/9/1703/id=obitos-1703-his2759
579: 
580: o$obitos-1703-his2759
580:          sacr$sim
581: 
582:          n$maria ferreira%fra/f/id=obitos-1703-his2759-per1
583:             ls$ec/v
584:             ls$residencia/requeixo, freguesia do requeixo
585:             ls$freguesia/requeixo
586: 
587:          locs$ermida de s.sebastiao
588: 
589:       o$19/9/1703/id=obitos-1703-his2760
590: 
591: o$obitos-1703-his2760
591:          sacr$sim
592: 
593:          n$maria/f/id=obitos-1703-his2760-per1
594: 
595:             pai$domingos francisco/id=obitos-1703-his2760-per1-per2
596:                ls$residencia/casconho
597: 
598:          locs$nossa senhora de finisterra
599: 
600:          oficios$3 de 3
601: 
602:       o$22/9/1703/id=obitos-1703-his2761
603: 
604: o$obitos-1703-his2761
604:          sacr$sim
605: 
606:          n$domingas tome/f/id=obitos-1703-his2761-per1
607:             rel$parentesco/sogra/manuel simoes/ro12091703
608: 
609:             referido$manuel simoes/m/id=ro12091703
610:                ls$profissao/soldado
611:                ls$residencia/alencarce de cima
612: 
613:          oficios$1 de 3
614: 
615:       o$10/10/1703/id=obitos-1703-his2762
616: 
617: o$obitos-1703-his2762
617:          sacr$sim
618: 
619:          n$brites soeiro/f/id=obitos-1703-his2762-per1
620:             ls$residencia/soure
621: 
622:          locs$ermida de s.francisco
623: 
624:       o$10/10/1703/id=obitos-1703-his2763
625: 
626: o$obitos-1703-his2763
626:          causa$apressadamente
627: 
628:          n$manuel/m/id=obitos-1703-his2763-per1
629: 
630:             pai$manuel francisco/m/id=obitos-1703-his2763-per1-per2
631:                ls$alcunha/moco
632:                ls$residencia/sobral
633: 
634:          locs$adro
635: 
636:          oficios$1 de 3
637: 
638:       o$19/10/1703/id=obitos-1703-his2764
639: 
640: o$obitos-1703-his2764
640:          causa$apressadamente
641: 
642:          n$maria ferreira/f/id=obitos-1703-his2764-per1
643:             ls$residencia/soure
644: 
645:             marido$mateus gomes/id=obitos-1703-his2764-per1-per2
646:                ls$residencia/soure
647: 
648:          locs$adro
649: 
650:          oficios$1 de 3
651: 
652:       o$19/10/1703/id=obitos-1703-his2765
653: 
654: o$obitos-1703-his2765
654:          n$domingas gomes/f/id=obitos-1703-his2765-per1
655: 
656:             marido$manuel goncalves marinheiro/id=obitos-1703-his2765-per1-per2
657:                ls$residencia/paleao
658: 
659:          locs$adro
660: 
661:          oficios$2 de 3
662: 
663:       o$7/11/1703/id=obitos-1703-his2766
664: 
665: o$obitos-1703-his2766
665:          n$manuel madeira/m/id=obitos-1703-his2766-per1
666:             ls$alcunha/velho
667:             ls$residencia/alencarce de cima
668: 
669:          locs$igreja de nossa senhora de finisterra
670: 
671:          oficios$1 de 9
672: 
673:       o$17/11/1703/id=obitos-1703-his2767
674: 
675: o$obitos-1703-his2767
675:          sacr$sim
676: 
677:          n$cristina antunes/f/id=obitos-1703-his2767-per1
678:             rel$parentesco/sogra/antonio manhos de abreu/amabreu
679: 
680:             referido$antonio manhos de abreu/m/id=nil/mesmo_que=amabreu

WARNING: ob1703.cli line 680 destination id of "same as" not found. Will check again at the end of file.
Near line: 680             referido$antonio manhos de abreu/m/id=nil/mesmo_que=amabreu
Near line: 681                ls$nome/antonio manhos

681:                ls$nome/antonio manhos
682: 
683:          oficios$3 de 9
684: 
685:       o$20/11/1703/id=obitos-1703-his2768
686: 
687: o$obitos-1703-his2768
687:          sacr$sim
688: 
689:          n$maria joao/f/id=obitos-1703-his2768-per1
690:             ls$ec/v
691:             ls$residencia/paleao
692: 
693:          locs$adro
694: 
695:          oficios$1 de 3
696: 
697:       o$21/11/1703/id=obitos-1703-his2769
698: 
699: o$obitos-1703-his2769
699:          n$antonio madeira/m/id=obitos-1703-his2769-per1
700:             ls$residencia/paleao
701: 
702:          sacr$sim
703: 
704:          locs$adro
705: 
706:          oficios$1 de 9
707: 
708:       o$27/11/1703/id=obitos-1703-his2770
709: 
710: o$obitos-1703-his2770
710:          sacr$sim
711: 
712:          n$lopo nunes pinto/m/id=obitos-1703-his2770-per1
713:             ls$profissao/padre
714:             ls$nome/lopo nunes
715: 
716:          locs$igreja matriz
717: 
718:          oficios$1 de 9
719: 
720:       o$3/12/1703/id=obitos-1703-his2771
721: 
722: o$obitos-1703-his2771
722:          sacr$sim
723: 
724:          n$maria mendes/f/id=obitos-1703-his2771-per1
725: 
726:             marido$ventura goncalves/id=obitos-1703-his2771-per1-per2
727:                ls$residencia/corujeira
728: 
729:          locs$adro
730: 
731:       o$6/12/1703/id=obitos-1703-his2772
732: 
733: o$obitos-1703-his2772
733:          sacr$sim
734: 
735:          n$teresa/f/id=obitos-1703-his2772-per1
736: 
737:             mae$maria rodrigues/id=obitos-1703-his2772-per1-per2
738:                ls$alcunha/curada
739:                ls$residencia/paleao
740: 
741:          locs$ermida de s.francisco
742: 
743:          oficios$1 de 3
744: 
745:       o$7/12/1703/id=obitos-1703-his2773
746: 
747: o$obitos-1703-his2773
747:          sacr$sim
748: 
749:          n$domingos francisco/m/id=obitos-1703-his2773-per1
750:             ls$residencia/sobral
751: 
752:          locs$adro
753: 
754:          oficios$3 de 3
755: 
756:       o$9/12/1703/id=obitos-1703-his2774
757: 
758: o$obitos-1703-his2774
758:          n$antonio gomes/m/id=obitos-1703-his2774-per1
759:             ls$residencia/bonitos
760: 
761:          sacr$sim
762: 
763:          locs$adro
764: 
765:          oficios$3 de 3
766: 
767:       o$13/12/1703/id=obitos-1703-his2775
768: 
769: o$obitos-1703-his2775
769:          sacr$sim
770: 
771:          n$joana/f/id=obitos-1703-his2775-per1
772:             ls$profissao/escrava
773:             rel$profissional/escrava/sebastiao colaco/ro13121703
774: 
775:             referido$sebastiao colaco/m/id=ro13121703
776: 
777:          locs$nossa senhora de finisterra
778: 
779:          oficios$1 de 9
780: 
781:       o$18/12/1703/obs= a seguir a este vem um que diz assim: "Aos 19 de Dezembro fiz um oficio de tres licoes, meio por alma de Maria Luis e outro meio por alma de Maria ferreira ambas mulheres de Mateus Gomes desta vila de que fiz este.../id=obitos-1703-his2776
782: 
783: o$obitos-1703-his2776
783:          n$simao/m/id=obitos-1703-his2776-per1
784:             rel$parentesco/neto/diogo domingues/ro18121713
785: 
786:             referido$diogo domingues/m/id=ro18121713
787:                ls$residencia/simoes
788: 
789:          oficios$3 de 3
790: 
791:       o$20/12/1703/id=obitos-1703-his2777
792: 
793: o$obitos-1703-his2777
793:          n$brites simao/f/id=obitos-1703-his2777-per1
794:             ls$ec/v
795:             ls$residencia/casal de s.mateus
796: 
797:          sacr$sim
798: 
799:          locs$nossa senhora de finisterra
800: 
801:          oficios$1 de 9
802: 
803:       o$20/12/1703/id=obitos-1703-his2778
804: 
805: o$obitos-1703-his2778
805:          n$manuel jose/m/id=obitos-1703-his2778-per1
806:             ls$residencia/barrosos
807: 
808:          sacr$sim
809: 
810:          locs$adro
811: 
812:          oficios$3 de 3
813: 
814:       o$20/12/1703/id=obitos-1703-his2779
815: 
816: o$obitos-1703-his2779
816:          sacr$sim
817: 
818:          n$catarina duarte/f/id=obitos-1703-his2779-per1
819: 
820:             marido$manuel francisco/id=obitos-1703-his2779-per1-per2
821:                ls$residencia/casal do malvado
822: 
823:          locs$igreja de alencarce
824: 
825:          oficios$2 de 3
826: 
827:       o$25/12/1703/id=obitos-1703-his2780
828: 
829: o$obitos-1703-his2780
829:          sacr$sim
830: 
831:          n$francisco joao/m/id=obitos-1703-his2780-per1
832:             ls$residencia/bonitos
833: 
834:          locs$adro
835: 
836:          oficios$3 de 3
837: 
838:       o$25/12/1703/id=obitos-1703-his2781
839: 
840: o$obitos-1703-his2781
840:          n$simao afonso/m/id=obitos-1703-his2781-per1
841:             ls$residencia/paleao
842: 
843:          sacr$sim
844: 
845:          locs$adro
846: 
847:          oficios$3 de 9
848: 
849:       o$26/12/1703/id=obitos-1703-his2782
850: 
851: o$obitos-1703-his2782
851:          sacr$sim
852: 
853:          n$joao rodrigues/m/id=obitos-1703-his2782-per1
854:             ls$residencia/paleao
855: 
856:          locs$adro
857: 
858:          oficios$3 de 3
859: 
860:       o$28/12/1703/id=obitos-1703-his2783
861: 
862: o$obitos-1703-his2783
862:          n$isabel madeira/f/id=obitos-1703-his2783-per1
863:             ls$ec/v
864:             ls$residencia/portela
865: 
866:          sacr$sim
867: 
868:          locs$adro
869: 
870:          oficios$1 de 3
871: 
872:       o$30/12/1703/id=obitos-1703-his2784
873: 
874: o$obitos-1703-his2784
874:          n$domingos rodrigues/m/id=obitos-1703-his2784-per1
875:             ls$residencia/alencarce de cima
876: 
877:          causa$apressadamente
878: 
879:          locs$igreja de s.tiago
880: 
881:          oficios$3 de 9
882: 
883:       o$31/12/1703/id=obitos-1703-his2785
884: 
885: o$obitos-1703-his2785
885:          sacr$sim
886: 
887:          n$filipa de abreu/f/id=obitos-1703-his2785-per1
888: 
889:          locs$igreja de s.tiago
890: 
891:          oficios$3 de 9
892: *** End of File
ERROR:  Could not find same_as id amabreu referred in line 681. If  original reference is on another file use xsame_as

1  errors. 
1  warnings.
Translation finished.
