ClioInput - version @@VERSION@@ - build @@BUILD@@ @@DATE@@
13-6-2019 22-50

Processing data file ob1720.cli
-------------------------------------------
Generic Act translation module with geoentities (XML).
     Joaquim Ramos de Carvalho (joaquim@uc.pt) 
** New document: kleio
1: kleio$gacto2.str
=========================
kleio translation started
=========================
Structure: gacto2.str
Prefix: 
Autorel: 
Translation count: 
Obs: 
Translation count not set or invalid, counting as zero: 
2:    fonte$obitos-1720/tipo=reg paroquiais/localizacao=48v/data=17200000/obs=padre manuel rodrigues
3: 
** Processing source fonte$obitos-1720
4:       o$1/1/1720/id=obitos-1720-his4084
5: 
6: o$obitos-1720-his4084
6:          n$maria/f/id=obitos-1720-his4084-per1
7:             ls$idade/3
8: 
9:             pai$joao dinis/id=obitos-1720-his4084-per1-per2
10:                ls$residencia/casal de eureca
11: 
12:          locs$adro
13: 
14:       o$2/1/1720/id=obitos-1720-his4085
15: 
16: o$obitos-1720-his4085
16:          n$manuel/m/id=on02011720
17:             ls$idade/0/obs=poucos dias
18: 
19:             pai$manuel antunes/id=on02011720-per1
20:                ls$alcunha/moco
21:                ls$residencia/casal da fonte do espirito santo
22: 
23:             mae$esperanca da conceicao/id=on02011720-per2
24: 
25:             referido$domingos goncalves/m/mesmo_que=c2-7/id=on02011720-per3

WARNING: ob1720.cli line 25 destination id of "same as" not found. Will check again at the end of file.
Near line: 25             referido$domingos goncalves/m/mesmo_que=c2-7/id=on02011720-per3
Near line: 26                ls$profissao/padre

26:                ls$profissao/padre
27:                rel$sociabilidade/baptisou em necessidade/manuel/on02011720
28: 
29:          locs$ermida do espirito santo
30: 
31:       o$6/1/1720/id=obitos-1720-his4086
32: 
33: o$obitos-1720-his4086
33:          testamento$nao
34: 
35:          sacr$penitencia e extrema uncao% e nao da eucaristia por morrer apressadamente
36: 
37:          n$domingos cordeiro/m/id=obitos-1720-his4086-per1
38:             ls$ec/v
39:             ls$residencia/casal novo
40: 
41:          locs$ermida de santo andre do casal novo
42: 
43:          oficios$3 de 9
44: 
45:       o$10/1/1720/id=obitos-1720-his4087
46: 
47: o$obitos-1720-his4087
47:          sacr$penitencia%por nao haver tempo
48: 
49:          causa$apressadamente
50: 
51:          n$manuel/m/id=obitos-1720-his4087-per1
52:             ls$idade_aprox/ja herdado
53:             ls$idade_aprox/mais de 14
54: 
55:             mae$maria da costa/id=obitos-1720-his4087-per1-per2
56:                ls$ec/v
57:                ls$residencia/sobral
58: 
59:          locs$adro
60: 
61:          oficios$2 razos
62: 
63:       o$10/1/1720/id=obitos-1720-his4088
64: 
65: o$obitos-1720-his4088
65:          testamento$nao
66: 
67:          sacr$nao%por nao procurar
68: 
69:          n$antonio simoes/m/id=obitos-1720-his4088-per1
70:             ls$alcunha/toca
71:             ls$residencia/casa velha
72: 
73:          locs$ermida de nossa senhora das neves
74: 
75:          oficios$1 razo
76: 
77:       o$12/1/1720/id=obitos-1720-his4089
78: 
79: o$obitos-1720-his4089
79:          n$domingos/m/id=obitos-1720-his4089-per1
80:             ls$idade/3
81: 
82:             pai$luis goncalves/id=obitos-1720-his4089-per1-per2
83:                ls$residencia/brancas
84: 
85:          locs$ermida do divino espirito santo
86: 
87:       o$14/1/1720/id=obitos-1720-his4090
88: 
89: o$obitos-1720-his4090
89:          n$domingos/m/id=obitos-1720-his4090-per1
90:             ls$idade_aprox/7 meses
91: 
92:             pai$jose domingues/id=obitos-1720-his4090-per1-per2
93:                ls$residencia/casal novo
94: 
95:          locs$ermida de santo andre
96: 
97:       o$17/1/1720/id=obitos-1720-his4091
98: 
99: o$obitos-1720-his4091
99:          n$jose/m/id=obitos-1720-his4091-per1
100:             ls$idade/1
101:             ls$idade_aprox/18 meses
102: 
103:             pai$joao dinis/id=obitos-1720-his4091-per1-per2
104:                ls$residencia/eureca
105: 
106:          locs$adro
107: 
108:       o$19/1/1720/id=obitos-1720-his4092
109: 
110: o$obitos-1720-his4092
110:          n$luisa/f/id=obitos-1720-his4092-per1
111:             ls$idade_aprox/1 mes
112: 
113:             pai$manuel rodrigues sereno/id=obitos-1720-his4092-per1-per2
114:                ls$residencia/marzagao
115: 
116:          locs$adro
117: 
118:       o$24/1/1720/id=obitos-1720-his4093
119: 
120: o$obitos-1720-his4093
120:          testamento$nao
121: 
122:          sacr$sim
123: 
124:          n$isabel francisca/f/id=obitos-1720-his4093-per1
125:             ls$ec/v
126:             ls$residencia/casal dos cavaleiros
127: 
128:          locs$adro
129: 
130:          oficios$3 razos
131: 
132:       o$24/1/1720/id=obitos-1720-his4094
133: 
134: o$obitos-1720-his4094
134:          n$maria/f/id=obitos-1720-his4094-per1
135:             ls$idade_aprox/18 meses
136:             ls$ilegitimo/sim
137: 
138:             mae$antonia/id=obitos-1720-his4094-per1-per2
139:                ls$ec/s
140:                ls$alcunha/barbeira
141:                ls$residencia/sobral
142: 
143:          locs$adro
144: 
145:       o$30/1/1720/id=obitos-1720-his4095
146: 
147: o$obitos-1720-his4095
147:          testamento$nuncupativo
148: 
149:          sacr$sim
150: 
151:          n$bartolomeu de almeida/m/id=obitos-1720-his4095-per1
152:             ls$profissao/alfaiate
153:             ls$residencia/paleao
154: 
155:          locs$igreja de s.tiago#cova da fabrica
156: 
157:          oficios$1 de 9 de corpo presente
158: 
159:       o$31/1/1720/id=obitos-1720-his4096
160: 
161: o$obitos-1720-his4096
161:          testamento$nao
162: 
163:          sacr$sim
164: 
165:          n$maria da costa/f/id=obitos-1720-his4096-per1
166:             ls$ec/v
167:             ls$residencia/pinheiro
168: 
169:          locs$igreja de s.tiago#cova da fabrica
170: 
171:          oficios$3 de 9 1 de corpo presente
172: 
173:       o$7/2/1720/id=obitos-1720-his4097
174: 
175: o$obitos-1720-his4097
175:          n$jacinto/m/id=obitos-1720-his4097-per1
176:             ls$idade/4
177: 
178:             pai$domingos francisco/id=obitos-1720-his4097-per1-per2
179:                ls$residencia/casal novo
180: 
181:          locs$ermida de santo andre
182: 
183:       o$15/2/1720/id=obitos-1720-his4098
184: 
185: o$obitos-1720-his4098
185:          n$feliciana/f/id=obitos-1720-his4098-per1
186:             ls$idade_aprox/1 mes
187: 
188:             pai$joao goncalves/id=obitos-1720-his4098-per1-per2
189:                ls$residencia/beltroes
190: 
191:          locs$igreja de s.tiago#cova da fabrica
192: 
193:       o$17/2/1720/id=obitos-1720-his4099
194: 
195: o$obitos-1720-his4099
195:          testamento$nuncupativo
196: 
197:          sacr$sim
198: 
199:          n$manuel rodrigues quinteiro/m/id=obitos-1720-his4099-per1
200:             ls$residencia/carvalheira de cima
201: 
202:          locs$igreja de tapeus%por nela eleger sepultura
203: 
204:          oficios$3 de 9
205: 
206:       o$22/2/1720/id=obitos-1720-his4100
207: 
208: o$obitos-1720-his4100
208:          n$catarina/f/id=obitos-1720-his4100-per1
209:             ls$idade/10
210: 
211:             pai$manuel ferreira/id=obitos-1720-his4100-per1-per2
212:                ls$residencia/fatacos
213: 
214:          sacr$nao%por nao chamarem
215: 
216:          locs$adro
217: 
218:          oficios$1 razo
219: 
220:       o$23/2/1720/id=obitos-1720-his4101
221: 
222: o$obitos-1720-his4101
222:          testamento$nao
223: 
224:          sacr$sim
225: 
226:          n$diogo joao/m/id=obitos-1720-his4101-per1
227:             ls$residencia/sobral
228: 
229:          locs$ermida de s.miguel
230: 
231:          oficios$1 de 9
232: 
233:       o$23/2/1720/id=obitos-1720-his4102
234: 
235: o$obitos-1720-his4102
235:          testamento$nao
236: 
237:          sacr$sim
238: 
239:          n$josefa madeira/f/id=obitos-1720-his4102-per1
240: 
241:             marido$francisco dinis/id=obitos-1720-his4102-per1-per2
242:                ls$residencia/casal de eureca
243: 
244:          locs$adro
245: 
246:          oficios$2 razos
247: 
248:       o$24/2/1720/id=obitos-1720-his4103
249: 
250: o$obitos-1720-his4103
250:          testamento$nao
251: 
252:          sacr$penitencia e eucaristia%e nao extrema uncao por nao procurar
253: 
254:          n$catarina/f/id=obitos-1720-his4103-per1
255:             ls$idade_aprox/maior
256:             ls$idade_aprox/ja herdada
257:             ls$ec/s
258: 
259:             pai$manuel goncalves/id=obitos-1720-his4103-per1-per2
260:                ls$residencia/calvo
261:                ls$residencia/casal do espirito santo
262: 
263:          locs$ermida do divino espirito santo
264: 
265:          oficios$1 de 9
266: 
267:       o$4/3/1720/id=obitos-1720-his4104
268: 
269: o$obitos-1720-his4104
269:          testamento$nao
270: 
271:          sacr$sim
272: 
273:          n$antonia carvalho/f/id=obitos-1720-his4104-per1
274: 
275:             marido$gregorio de oliveira/id=obitos-1720-his4104-per1-per2
276:                ls$residencia/moinhos novos
277: 
278:          locs$ermida de s.joao
279: 
280:          oficios$1 razo de 3 licoes
281: 
282:       o$7/3/1720/id=obitos-1720-his4105
283: 
284: o$obitos-1720-his4105
284:          testamento$nuncupativo
285: 
286:          sacr$penitencia e extrema uncao#a penitencia foi administrada pelo referendo vigario de tapeus
287: 
288:          n$simao domingues/m/id=obitos-1720-his4105-per1
289:             ls$ec/v
290:             ls$residencia/quinta de porto coelheiro
291: 
292:          locs$tapeus%por nela eleger sepultura
293: 
294:          oficios$1 de 9
295: 
296:       o$7/3/1720/id=obitos-1720-his4106
297: 
298: o$obitos-1720-his4106
298:          testamento$nao
299: 
300:          sacr$penitencia e extrema uncao%nao eucaristia por nao procurar
301: 
302:          n$manuel rodrigues serodio/m/id=obitos-1720-his4106-per1
303:             ls$alcunha/velho
304:             ls$residencia/soure
305: 
306:          locs$adro
307: 
308:          oficios$1 razo
309: 
310:       o$8/3/1720/id=obitos-1720-his4107
311: 
312: o$obitos-1720-his4107
312:          n$antonio/m/id=obitos-1720-his4107-per1
313:             ls$idade_aprox/18 meses
314: 
315:             pai$joao goncalves/id=obitos-1720-his4107-per1-per2
316:                ls$residencia/lousoes
317: 
318:          locs$ermida de santo andre do casal novo
319: 
320:       o$18/3/1720/id=obitos-1720-his4108
321: 
322: o$obitos-1720-his4108
322:          n$sebastiao/m/id=obitos-1720-his4108-per1
323:             ls$idade/2
324: 
325:             pai$mateus simoes/id=obitos-1720-his4108-per1-per2
326:                ls$residencia/alencarce de cima
327: 
328:          locs$ermida de santo tirso
329: 
330:       o$1/4/1720/id=obitos-1720-his4109
331: 
332: o$obitos-1720-his4109
332:          n$maria/f/id=obitos-1720-his4109-per1
333:             ls$idade/3
334: 
335:             mae$isabel goncalves/id=obitos-1720-his4109-per1-per2
336:                ls$ec/v
337:                ls$residencia/alencarce de cima
338: 
339:          locs$adro
340: 
341:       o$2/4/1720/id=obitos-1720-his4110
342: 
343: o$obitos-1720-his4110
343:          n$leonarda/f/id=obitos-1720-his4110-per1
344:             ls$idade_aprox/4 meses
345: 
346:             pai$antonio marques/id=obitos-1720-his4110-per1-per2
347:                ls$residencia/soure
348: 
349:          locs$ermida de nossa senhora dos anjos
350: 
351:       o$2/4/1720/id=obitos-1720-his4111
352: 
353: o$obitos-1720-his4111
353:          testamento$nao
354: 
355:          sacr$penitencia e eucaristia#nao extrema uncao por nao procurar
356: 
357:          n$isabel joao/f/id=obitos-1720-his4111-per1
358: 
359:             marido$joao francisco/id=obitos-1720-his4111-per1-per2
360:                ls$residencia/mogadouro
361: 
362:          locs$ermida de s.sebastiao
363: 
364:          oficios$2 de 9
365: 
366:       o$5/4/1720/id=obitos-1720-his4112
367: 
368: o$obitos-1720-his4112
368:          sacr$sim
369: 
370:          causa$doenca prolongada
371: 
372:          n$antonia/f/id=obitos-1720-his4112-per1
373:             ls$ec/s
374:             ls$idade_aprox/maior
375:             ls$idade_aprox/filha familias
376: 
377:             pai$manuel rodrigues centeio/id=obitos-1720-his4112-per1-per2
378:                ls$residencia/casal de eureca
379: 
380:          locs$adro
381: 
382:          oficios$1 razo
383: 
384:       o$21/4/1720/id=obitos-1720-his4113
385: 
386: o$obitos-1720-his4113
386:          testamento$nao
387: 
388:          sacr$sim
389: 
390:          n$isabel cardoso/f/id=obitos-1720-his4113-per1
391: 
392:             marido$manuel rodrigues capitao/id=obitos-1720-his4113-per1-per2
393:                ls$residencia/porto coelheiro
394: 
395:          locs$ermida de santo ildefonso
396: 
397:          oficios$3 de 9
398: 
399:       o$21/4/1720/id=obitos-1720-his4114
400: 
401: o$obitos-1720-his4114
401:          testamento$nao
402: 
403:          sacr$sim
404: 
405:          n$maria silveira/f/id=obitos-1720-his4114-per1
406:             ls$ec/s
407:             ls$idade_aprox/maior
408:             ls$residencia/soure
409: 
410:          locs$ermida de s.francisco
411: 
412:          oficios$1 razo
413: 
414:       o$1/5/1720/id=obitos-1720-his4115
415: 
416: o$obitos-1720-his4115
416:          testamento$nao
417: 
418:          sacr$sim
419: 
420:          n$maria francisca/f/id=obitos-1720-his4115-per1
421:             ls$ec/v
422:             ls$residencia/cascao
423: 
424:          locs$ermida de santo tirso
425: 
426:          oficios$3 razos
427: 
428:       o$3/5/1720/id=obitos-1720-his4116
429: 
430: o$obitos-1720-his4116
430:          testamento$nao
431: 
432:          sacr$sim
433: 
434:          n$antonio goncalves camas/m/id=obitos-1720-his4116-per1
435:             ls$residencia/casal dos becos
436: 
437:          locs$adro
438: 
439:          oficios$3 razos
440: 
441:       o$6/5/1720/id=obitos-1720-his4117
442: 
443: o$obitos-1720-his4117
443:          n$josefa/f/id=obitos-1720-his4117-per1
444:             ls$idade_aprox/45 dias
445: 
446:             pai$manuel rodrigues/id=obitos-1720-his4117-per1-per2
447:                ls$residencia/alem do ribeiro da lajem
448: 
449:          locs$ermida de s.jose do pinheiro
450: 
451:       o$8/5/1720/id=obitos-1720-his4118
452: 
453: o$obitos-1720-his4118
453:          testamento$nao
454: 
455:          sacr$sim
456: 
457:          n$maria soares/f/id=obitos-1720-his4118-per1
458: 
459:             marido$manuel gomes perseguido/id=obitos-1720-his4118-per1-per2
460:                ls$residencia/casa velha
461: 
462:          locs$adro
463: 
464:          oficios$1 razo
465: 
466:       o$18/5/1720/id=obitos-1720-his4119
467: 
468: o$obitos-1720-his4119
468:          n$lourenco/m/id=obitos-1720-his4119-per1
469:             ls$idade_aprox/20 dias
470: 
471:             pai$antonio goncalves ventura/id=obitos-1720-his4119-per1-per2
472:                ls$residencia/corujeira
473: 
474:          locs$adro
475: 
476:       o$27/5/1720/id=obitos-1720-his4120
477: 
478: o$obitos-1720-his4120
478:          testamento$nao
479: 
480:          sacr$penitencia e extrema uncao%e nao eucaristia por nao haver tempo
481: 
482:          n$joao mendes/m/id=obitos-1720-his4120-per1
483:             ls$profissao/pedreiro
484:             ls$residencia/soure
485: 
486:          locs$igreja de s.tiago#cova da fabrica
487: 
488:          oficios$1 razo
489: 
490:       o$31/5/1720/id=obitos-1720-his4121
491: 
492: o$obitos-1720-his4121
492:          testamento$nao
493: 
494:          sacr$sim
495: 
496:          n$joao gomes carrasco/m/mesmo_que=jgcarrasco/id=obitos-1720-his4121-per1

WARNING: ob1720.cli line 496 destination id of "same as" not found. Will check again at the end of file.
Near line: 496          n$joao gomes carrasco/m/mesmo_que=jgcarrasco/id=obitos-1720-his4121-per1
Near line: 497             ls$residencia/casal da venda

497:             ls$residencia/casal da venda
498: 
499:          locs$igreja de s.tiago#cova da fabrica
500: 
501:          oficios$3 de 9, 1 de corpo presente
502: 
503:       o$1/6/1720/id=obitos-1720-his4122
504: 
505: o$obitos-1720-his4122
505:          n$maria/f/id=obitos-1720-his4122-per1
506:             ls$idade_aprox/75 dias
507: 
508:             pai$manuel madeira/id=obitos-1720-his4122-per1-per2
509:                ls$alcunha/moco
510:                ls$residencia/casal de alencarce
511: 
512:          locs$ermida de santo tirso
513: 
514:       o$5/6/1720/id=obitos-1720-his4123
515: 
516: o$obitos-1720-his4123
516:          testamento$nao
517: 
518:          sacr$sim
519: 
520:          n$maria gomes/f/id=obitos-1720-his4123-per1
521:             ls$ec/s
522:             ls$residencia/cascao
523: 
524:          locs$ermida de santo tirso de alencarce de cima
525: 
526:          oficios$3 razos
527: 
528:       o$8/6/1720/id=obitos-1720-his4124
529: 
530: o$obitos-1720-his4124
530:          n$jose/m/id=on08061720
531:             ls$idade/0/obs=logo apos nascer
532: 
533:             pai$manuel da costa/id=on08061720-per1
534:                ls$residencia/paleao
535: 
536:             referida$antonia carvalho/f/mesmo_que=br16011719/id=on08061720-per2

WARNING: ob1720.cli line 536 destination id of "same as" not found. Will check again at the end of file.
Near line: 536             referida$antonia carvalho/f/mesmo_que=br16011719/id=on08061720-per2
Near line: 537                rel$sociabilidade/baptisou em necessidade/jose/on08061720

537:                rel$sociabilidade/baptisou em necessidade/jose/on08061720
538: 
539:          locs$ermida de s.joao baptista
540: 
541:       o$19/6/1720/obs=so' oficios/id=obitos-1720-his4125
542: 
543: o$obitos-1720-his4125
543:          oficios$2 razos
544: 
545:          n$andre ferreira/m/id=obitos-1720-his4125-per1
546:             ls$alcunha/mioto
547: 
548:          locf$hospital de todos os santos, lisboa
549: 
550:       o$21/6/1720/id=obitos-1720-his4126
551: 
552: o$obitos-1720-his4126
552:          testamento$nao
553: 
554:          sacr$sim
555: 
556:          n$manuel rodrigues caseiro/m/id=obitos-1720-his4126-per1
557:             ls$residencia/sobral
558: 
559:          locs$adro
560: 
561:          oficios$3 razos
562: 
563:       o$27/6/1720/id=obitos-1720-his4127
564: 
565: o$obitos-1720-his4127
565:          n$jose/m/id=obitos-1720-his4127-per1
566:             ls$idade/2
567: 
568:             pai$antonio vaz/id=obitos-1720-his4127-per1-per2
569:                ls$residencia/pouca pena
570: 
571:          locs$ermida do divino espirito santo
572: 
573:       o$1/7/1720/id=obitos-1720-his4128
574: 
575: o$obitos-1720-his4128
575:          n$rodrigo/m/id=obitos-1720-his4128-per1
576:             ls$idade_aprox/75 dias
577: 
578:             pai$antonio goncalves/id=obitos-1720-his4128-per1-per2
579:                ls$residencia/cavaleiros
580: 
581:          locs$igreja de s.tiago#cova da fabrica
582: 
583:       o$3/7/1720/id=obitos-1720-his4129
584: 
585: o$obitos-1720-his4129
585:          testamento$nao
586: 
587:          sacr$sim
588: 
589:          n$manuel simoes/m/id=obitos-1720-his4129-per1
590:             ls$ec/v
591:             ls$residencia/cavaleiros
592: 
593:          locs$adro
594: 
595:          oficios$3 oficios razos
596: 
597:       o$10/7/1720/id=obitos-1720-his4130
598: 
599: o$obitos-1720-his4130
599:          causa$doenca prolongada
600: 
601:          testamento$nao
602: 
603:          sacr$sim
604: 
605:          n$antonio carvalho/m/id=obitos-1720-his4130-per1
606:             ls$residencia/casal dos delgados
607: 
608:          locs$ermida de s.sebastiao do mogadouro
609: 
610:          oficios$3 razos
611: 
612:       o$11/7/1720/id=obitos-1720-his4131
613: 
614: o$obitos-1720-his4131
614:          n$josefa/f/id=obitos-1720-his4131-per1
615:             ls$idade_aprox/5 meses
616: 
617:             pai$francisco dinis/id=obitos-1720-his4131-per1-per2
618:                ls$ec/v
619:                ls$residencia/casal de eureca
620: 
621:          locs$adro
622: 
623:       o$13/7/1720/obs=visto em visita 18-7-1720 - sampaio/id=obitos-1720-his4132
624: 
625: o$obitos-1720-his4132
625:          testamento$nuncupativo
626: 
627:          sacr$sim
628: 
629:          n$sebastiao rodrigues/m/id=obitos-1720-his4132-per1
630:             ls$residencia/porto coelheiro
631: 
632:          locs$ermida de santo ildefonso
633: 
634:          oficios$3 de 9
635: 
636:       o$18/7/1720/id=obitos-1720-his4133
637: 
638: o$obitos-1720-his4133
638:          n$jacinta/f/id=obitos-1720-his4133-per1
639:             ls$idade/2
640: 
641:             pai$joao da costa de vasconcelos/mesmo_que=c12-7/id=obitos-1720-his4133-per1-per2
642: 

WARNING: ob1720.cli line 642 destination id of "same as" not found. Will check again at the end of file.
Near line: 642 
Near line: 643          locs$ermida de santo agostinho

643:          locs$ermida de santo agostinho
644: 
645:       o$20/7/1720/id=obitos-1720-his4134
646: 
647: o$obitos-1720-his4134
647:          n$jose/m/id=obitos-1720-his4134-per1
648:             ls$idade/5
649: 
650:             pai$manuel gomes/id=obitos-1720-his4134-per1-per2
651:                ls$residencia/casal do rei
652: 
653:          locs$adro
654: 
655:       o$21/7/1720/id=obitos-1720-his4135
656: 
657: o$obitos-1720-his4135
657:          n$manuel/m/id=obitos-1720-his4135-per1
658:             ls$idade/0/obs=logo depois de ser baptizado
659: 
660:             mae$esperanca dos santos/id=obitos-1720-his4135-per1-per2
661:                ls$ec/v
662:                ls$residencia/delgados
663: 
664:          locs$adro
665: 
666:       o$22/7/1720/id=obitos-1720-his4136
667: 
668: o$obitos-1720-his4136
668:          n$manuel/m/id=obitos-1720-his4136-per1
669:             ls$idade/3
670: 
671:             mae$filipa da conceicao/id=obitos-1720-his4136-per1-per2
672:                ls$ec/v
673:                ls$residencia/soure
674: 
675:          locs$igreja de s.tiago#cova da fabrica
676: 
677:       o$30/7/1720/id=obitos-1720-his4137
678: 
679: o$obitos-1720-his4137
679:          n$sebastiao/m/id=obitos-1720-his4137-per1
680:             ls$idade_aprox/3 meses
681: 
682:             pai$manuel rodrigues/id=obitos-1720-his4137-per1-per2
683:                ls$residencia/alencarce de cima
684: 
685:          locs$ermida de santo tirso
686: 
687:       o$31/7/1720/id=obitos-1720-his4138
688: 
689: o$obitos-1720-his4138
689:          testamento$nao
690: 
691:          sacr$sim
692: 
693:          n$maria rodrigues/f/id=obitos-1720-his4138-per1
694:             ls$ec/v
695:             ls$residencia/casal de alencarce de cima
696: 
697:          locs$ermida de santo tirso
698: 
699:          oficios$3 razos
700: 
701:       o$15/7/1720/obs=data sic/id=obitos-1720-his4139
702: 
703: o$obitos-1720-his4139
703:          n$manuel/m/id=obitos-1720-his4139-per1
704:             ls$idade/2
705: 
706:             pai$jose martins/id=obitos-1720-his4139-per1-per2
707:                ls$residencia/soure
708: 
709:          locs$igreja de s.tiago#cova da fabrica
710: 
711:       o$1/8/1720/id=obitos-1720-his4140
712: 
713: o$obitos-1720-his4140
713:          sacr$sim
714: 
715:          n$filipa antunes/f/id=obitos-1720-his4140-per1
716: 
717:             marido$antonio rodrigues maravilhoso/id=obitos-1720-his4140-per1-per2
718:                ls$residencia/casal de alencarce de cima
719: 
720:          locs$igreja de s.tiago#cova da fabrica
721: 
722:          oficios$3 de 9
723: 
724:       o$5/8/1720/id=obitos-1720-his4141
725: 
726: o$obitos-1720-his4141
726:          testamento$nao
727: 
728:          sacr$penitencia e extrema uncao#por nao haver tempo para mais
729: 
730:          causa$apressadamente
731: 
732:          n$domingas joao/f/id=obitos-1720-his4141-per1
733:             ls$ec/v
734:             ls$residencia/casal da amoreira
735: 
736:          locs$ermida do divino espirito santo
737: 
738:          oficios$3 razos
739: 
740:       o$5/8/1720/id=obitos-1720-his4142
741: 
742: o$obitos-1720-his4142
742:          n$leonarda/f/id=obitos-1720-his4142-per1
743:             ls$idade/2
744: 
745:             pai$manuel lopes/id=obitos-1720-his4142-per1-per2
746:                ls$profissao/sapateiro
747: 
748:          locs$ermida de nossa senhora dos anjos
749: 
750:       o$8/8/1720/id=obitos-1720-his4143
751: 
752: o$obitos-1720-his4143
752:          testamento$nao
753: 
754:          sacr$sim
755: 
756:          n$isabel florenca/f/id=obitos-1720-his4143-per1
757:             ls$titulo/dona
758: 
759:             marido$joao da costa de vasconcelos/mesmo_que=c12-7/id=obitos-1720-his4143-per1-per2

WARNING: ob1720.cli line 759 destination id of "same as" not found. Will check again at the end of file.
Near line: 759             marido$joao da costa de vasconcelos/mesmo_que=c12-7/id=obitos-1720-his4143-per1-per2
Near line: 760                ls$residencia/soure

760:                ls$residencia/soure
761: 
762:          locs$ermida de santo agostinho
763: 
764:          oficios$3 de 9 1 de corpo presente
765: 
766:       o$11/8/1720/id=obitos-1720-his4144
767: 
768: o$obitos-1720-his4144
768:          n$francisco/m/id=obitos-1720-his4144-per1
769:             ls$idade/10
770: 
771:             pai$antonio simoes galhardo/id=obitos-1720-his4144-per1-per2
772:                ls$residencia/sobral
773: 
774:          sacr$penitencia e extrema uncao#e nao eucaristia por falta de capacidada
775: 
776:          locs$ermida de s.miguel
777: 
778:          oficios$1 razo
779: 
780:       o$14/8/1720/id=obitos-1720-his4145
781: 
782: o$obitos-1720-his4145
782:          n$joao/m/id=obitos-1720-his4145-per1
783:             ls$idade_aprox/9 meses
784: 
785:             pai$simao pereira/id=obitos-1720-his4145-per1-per2
786:                ls$residencia/casal de jorge leao
787: 
788:          locs$adro
789: 
790:       o$14/8/1720/id=obitos-1720-his4146
791: 
792: o$obitos-1720-his4146
792:          n$maria/f/id=obitos-1720-his4146-per1
793:             ls$idade/2
794:             ls$idade_aprox/30 meses
795: 
796:             pai$manuel goncalves/id=obitos-1720-his4146-per1-per2
797:                ls$cargo/ermitao de nossa senhora dos anjos
798: 
799:          locs$ermida de nossa senhora dos anjos
800: 
801:       o$16/8/1720/id=obitos-1720-his4147
802: 
803: o$obitos-1720-his4147
803:          testamento$doacao
804: 
805:          sacr$sim
806: 
807:          n$maria pedroso/f/id=obitos-1720-his4147-per1
808:             ls$ec/v
809:             ls$residencia/casal dos corcoses
810: 
811:          locs$ermida de s.mateus
812: 
813:          oficios$2 razos
814: 
815:       o$17/8/1720/id=obitos-1720-his4148
816: 
817: o$obitos-1720-his4148
817:          testamento$nao
818: 
819:          sacr$penitencia e extrema uncao#e nao eucaristia por nao haver tempo
820: 
821:          causa$apressadamente
822: 
823:          n$catarina/f/id=obitos-1720-his4148-per1
824:             ls$ec/s
825:             ls$idade_aprox/mais de 25
826:             ls$idade_aprox/ja herdada#de pai
827: 
828:             mae$maria rodrigues/id=obitos-1720-his4148-per1-per2
829:                ls$ec/v
830:                ls$residencia/porto panelas
831: 
832:          locs$ermida de s.mateus
833: 
834:          oficios$3 razos
835: 
836:       o$18/8/1720/id=obitos-1720-his4149
837: 
838: o$obitos-1720-his4149
838:          n$nome desconhecido/f/id=on18081720
839:             ls$idade/0/obs=durante o nascimento
840: 
841:             pai$luis da silva/id=on18081720-per1
842:                ls$residencia/soure
843: 
844:             mae$mariana mendes/id=on18081720-per2
845: 
846:             referida$maria gomes/f/id=or18081720
847:                ls$profissao/parteira
848:                ls$residencia/soure
849:                rel$sociabilidade/baptisou em necessidade/nome desconhecido/on18081720
850: 
851:          locs$ermida de nossa senhora dos anjos
852: 
853:       o$19/8/1720/id=obitos-1720-his4150
854: 
855: o$obitos-1720-his4150
855:          n$isabel/f/id=obitos-1720-his4150-per1
856:             ls$idade/12
857: 
858:             pai$simao francisco/id=obitos-1720-his4150-per1-per2
859:                ls$residencia/sobral
860: 
861:          sacr$sim
862: 
863:          locs$ermida de s.miguel
864: 
865:          oficios$1 razo
866: 
867:       o$22/8/1720/id=obitos-1720-his4151
868: 
869: o$obitos-1720-his4151
869:          testamento$nao
870: 
871:          sacr$sim
872: 
873:          n$maria gomes/f/id=obitos-1720-his4151-per1
874:             ls$alcunha/bicha
875:             ls$ec/v
876:             ls$residencia/paleao
877: 
878:          locs$ermida de s.francisco
879: 
880:          oficios$3 de 9 1 de corpo presente
881: 
882:       o$25/8/1720/id=obitos-1720-his4152
883: 
884: o$obitos-1720-his4152
884:          testamento$doacao
885: 
886:          sacr$sim
887: 
888:          n$maria cordeiro/f/id=obitos-1720-his4152-per1
889:             ls$ec/s
890:             ls$residencia/casa velha
891: 
892:          locs$ermida de nossa senhora das neves#por nela eleger sepultura
893: 
894:          oficios$3 de 9
895: 
896:       o$25/8/1720/id=obitos-1720-his4153
897: 
898: o$obitos-1720-his4153
898:          testamento$nao
899: 
900:          sacr$sim
901: 
902:          n$antonio simoes galhardo/m/id=obitos-1720-his4153-per1
903:             ls$residencia/sobral
904: 
905:          locs$ermida de s.miguel#por nela eleger sepultura
906: 
907:          oficios$3 razos
908: 
909:       o$1/9/1720/id=obitos-1720-his4154
910: 
911: o$obitos-1720-his4154
911:          n$antonio/m/id=obitos-1720-his4154-per1
912:             ls$idade/4
913: 
914:             pai$jose domingues/id=obitos-1720-his4154-per1-per2
915:                ls$residencia/casal novo
916: 
917:          locs$ermida de santo andre
918: 
919:       o$1/9/1720/id=obitos-1720-his4155
920: 
921: o$obitos-1720-his4155
921:          sacr$sim
922: 
923:          n$jose/m/id=obitos-1720-his4155-per1
924:             ls$idade/16
925: 
926:             pai$simao francisco/id=obitos-1720-his4155-per1-per2
927:                ls$residencia/sobral
928: 
929:          locs$adro
930: 
931:          oficios$1 razo
932: 
933:       o$2/9/1720/id=obitos-1720-his4156
934: 
935: o$obitos-1720-his4156
935:          sacr$sim
936: 
937:          n$manuel/m/id=obitos-1720-his4156-per1
938:             ls$idade_aprox/filho familias
939:             ls$idade/14
940: 
941:             pai$manuel domingues/id=obitos-1720-his4156-per1-per2
942:                ls$residencia/casal novo
943: 
944:          locs$ermida de santo andre
945: 
946:          oficios$1 razo
947: 
948:       o$4/9/1720/id=obitos-1720-his4157
949: 
950: o$obitos-1720-his4157
950:          n$isabel/f/id=obitos-1720-his4157-per1
951:             ls$idade_aprox/10 meses
952: 
953:             pai$manuel de abreu/id=obitos-1720-his4157-per1-per2
954:                ls$residencia/paleao
955: 
956:          locs$ermida de s.joao
957: 
958:       o$7/9/1720/id=obitos-1720-his4158
959: 
960: o$obitos-1720-his4158
960:          n$francisca/f/id=obitos-1720-his4158-per1
961:             ls$idade/3
962: 
963:             pai$manuel rodrigues nobre/id=obitos-1720-his4158-per1-per2
964:                ls$residencia/soure
965: 
966:          locs$igreja de s.tiago#cova da fabrica
967: 
968:       o$8/9/1720/id=obitos-1720-his4159
969: 
970: o$obitos-1720-his4159
970:          n$josefa/f/id=obitos-1720-his4159-per1
971:             ls$idade/2
972: 
973:             pai$manuel dias/id=obitos-1720-his4159-per1-per2
974:                ls$profissao/carpinteiro
975:                ls$residencia/paleao
976: 
977:          locs$ermida de s.sebastiao do mogadouro
978: 
979:       o$17/9/1720/id=obitos-1720-his4160
980: 
981: o$obitos-1720-his4160
981:          n$manuel/m/id=obitos-1720-his4160-per1
982:             ls$idade/10
983: 
984:             pai$jose goncalves castanheira/id=obitos-1720-his4160-per1-per2
985:                ls$residencia/casal de simao vaz%junto ao casal do senhor
986: 
987:          sacr$sim
988: 
989:          locs$ermida do divino espirito santo
990: 
991:          oficios$1 razo
992: 
993:       o$25/9/1720/id=obitos-1720-his4161
994: 
995: o$obitos-1720-his4161
995:          testamento$nao
996: 
997:          causa$doenca prolongada
998: 
999:          sacr$sim
1000: 
1001:          n$maria goncalves/f/id=obitos-1720-his4161-per1
1002:             ls$alcunha/calada?
1003:             ls$ec/v
1004:             ls$residencia/casalinhos
1005: 
1006:          locs$ermida de s.sebastiao
1007: 
1008:          oficios$1 de 9 de corpo presente
1009: 
1010:       o$27/9/1720/id=obitos-1720-his4162
1011: 
1012: o$obitos-1720-his4162
1012:          testamento$nao
1013: 
1014:          sacr$sim
1015: 
1016:          n$gaspar francisco/m/id=obitos-1720-his4162-per1
1017:             ls$ec/v
1018:             ls$residencia/mogadouro
1019: 
1020:          locs$ermida de s.sebastiao
1021: 
1022:          oficios$3 razos
1023: 
1024:       o$3/10/1720/id=obitos-1720-his4163
1025: 
1026: o$obitos-1720-his4163
1026:          testamento$nao
1027: 
1028:          sacr$penitencia e extrema uncao#e nao eucaristia por nao procurar a tempo
1029: 
1030:          n$isabel domingues/f/id=obitos-1720-his4163-per1
1031: 
1032:             marido$antonio goncalves/id=obitos-1720-his4163-per1-per2
1033:                ls$alcunha/velho
1034:                ls$residencia/mogadouro
1035: 
1036:          locs$adro
1037: 
1038:          oficios$2 razos
1039: 
1040:       o$4/10/1720/id=obitos-1720-his4164
1041: 
1042: o$obitos-1720-his4164
1042:          n$maria/f/id=on041017120
1043:             ls$idade/0/obs=logo depois de nascer
1044: 
1045:             pai$manuel rodrigues/id=on041017120-per1
1046:                ls$residencia/soure
1047: 
1048:             mae$maria francisca/id=on041017120-per2
1049: 
1050:             referido$jose velho/m/id=or04101720
1051:                ls$profissao/barbeiro
1052:                ls$residencia/soure
1053:                rel$sociabilidade/baptisou em necessidade/maria/on041017120
1054: 
1055:          locs$ermida de nossa senhora dos anjos
1056: 
1057:       o$9/10/1720/id=obitos-1720-his4165
1058: 
1059: o$obitos-1720-his4165
1059:          testamento$nuncupativo
1060: 
1061:          sacr$sim
1062: 
1063:          n$maria francisca/f/id=obitos-1720-his4165-per1
1064: 
1065:             marido$manuel rodrigues/id=obitos-1720-his4165-per1-per2
1066:                ls$residencia/soure, rua da levada
1067: 
1068:          locs$igreja de s.tiago#cova da fabrica
1069: 
1070:          oficios$ 3 razos
1071: 
1072:       o$11/10/1720/id=obitos-1720-his4166
1073: 
1074: o$obitos-1720-his4166
1074:          n$maria/f/id=obitos-1720-his4166-per1
1075:             ls$idade_aprox/11 meses
1076: 
1077:             pai$joao goncalves/id=obitos-1720-his4166-per1-per2
1078:                ls$residencia/casal novo
1079: 
1080:          locs$ermida de santo andre
1081: 
1082:       o$23/10/1720/id=obitos-1720-his4167
1083: 
1084: o$obitos-1720-his4167
1084:          testamento$nao
1085: 
1086:          sacr$sim
1087: 
1088:          n$joao da silva/m/id=obitos-1720-his4167-per1
1089:             ls$ec/s
1090:             ls$residencia/porto coelheiro
1091:             ls$idade_aprox/maior
1092:             ls$idade_aprox/ja herdado#de pai e mae
1093: 
1094:          locs$ermida de sebastiao
1095: 
1096:          oficios$3 de 9
1097: 
1098:       o$30/10/1720/id=obitos-1720-his4168
1099: 
1100: o$obitos-1720-his4168
1100:          n$maria/f/id=on30101720
1101:             ls$idade/0/obs=faleceu logo apos nascer
1102: 
1103:             pai$manuel rodrigues lopes/id=opai30101720
1104:                ls$residencia/casal de s.mateus
1105: 
1106:             referida$antonia carvalho/f/mesmo_que=br16011719/id=on30101720-per1

WARNING: ob1720.cli line 1106 destination id of "same as" not found. Will check again at the end of file.
Near line: 1106             referida$antonia carvalho/f/mesmo_que=br16011719/id=on30101720-per1
Near line: 1107                rel$sociabilidade/baptisou em necessidade/maria/on30101720

1107:                rel$sociabilidade/baptisou em necessidade/maria/on30101720
1108:                rel$sociabilidade/baptisou em necessidade/isabel/on30101720b
1109: 
1110:          locs$adro
1111: 
1112:       o$30/10/1720/id=obitos-1720-his4169
1113: 
1114: o$obitos-1720-his4169
1114:          n$isabel/f/id=on30101720b
1115:             rel$parentesco/irma gemea/maria/on30101720
1116: 
1117:             pai$manuel rodrigues lopes/mesmo_que=opai30101720/id=on30101720b-per1
1118: 
1119:       o$1/11/1720/id=obitos-1720-his4170
1120: 
1121: o$obitos-1720-his4170
1121:          testamento$nuncupativo
1122: 
1123:          sacr$sim
1124: 
1125:          n$maria carvalho fuseira/f/id=obitos-1720-his4170-per1
1126:             ls$residencia/paleao
1127: 
1128:          locs$ermida de s.joao baptista
1129: 
1130:          oficios$3 razos
1131: 
1132:       o$3/11/1720/id=obitos-1720-his4171
1133: 
1134: o$obitos-1720-his4171
1134:          testamento$nao
1135: 
1136:          sacr$sim
1137: 
1138:          n$isabel lopes/f/id=obitos-1720-his4171-per1
1139:             ls$residencia/casconho
1140: 
1141:          locf$moinhos da figueirinha, redinha
1142: 
1143:          oficios$meios razos
1144: 
1145:       o$15/11/1720/id=obitos-1720-his4172
1146: 
1147: o$obitos-1720-his4172
1147:          testamento$nao
1148: 
1149:          sacr$penitencia e extrema uncao#por nao haver tempo
1150: 
1151:          causa$apressadamente
1152: 
1153:          n$joao lopes/m/id=obitos-1720-his4172-per1
1154:             ls$ec/v
1155:             ls$residencia/casal do espirito santo
1156: 
1157:          locs$ermida do divino espirito santo
1158: 
1159:          oficios$3 razos
1160: 
1161:       o$18/11/1720/id=obitos-1720-his4173
1162: 
1163: o$obitos-1720-his4173
1163:          testamento$doacao
1164: 
1165:          n$manuel domingues/m/id=obitos-1720-his4173-per1
1166:             ls$residencia/eureca
1167: 
1168:          sacr$sim
1169: 
1170:          locs$igreja de s.tiago#cova da fabrica
1171: 
1172:          oficios$3 razos
1173: 
1174:       o$21/11/1720/id=obitos-1720-his4174
1175: 
1176: o$obitos-1720-his4174
1176:          n$isabel/f/id=obitos-1720-his4174-per1
1177:             ls$idade_aprox/18 meses
1178: 
1179:             pai$antonio rodrigues/id=obitos-1720-his4174-per1-per2
1180:                ls$alcunha/moco
1181:                ls$residencia/casal da telhada
1182: 
1183:          locs$adro
1184: 
1185:       o$26/11/1720/id=obitos-1720-his4175
1186: 
1187: o$obitos-1720-his4175
1187:          n$manuel/m/id=obitos-1720-his4175-per1
1188:             ls$idade_aprox/1 mes
1189: 
1190:             pai$manuel da costa/id=obitos-1720-his4175-per1-per2
1191:                ls$profissao/caseiro
1192:                rel$profissional/caseiro/luis manhos/or26111720
1193: 
1194:             referido$luis manhos/m/id=or26111720
1195:                ls$cargo/capitao
1196: 
1197:          locs$igreja de s.tiago#cova da fabrica
1198: 
1199:       o$27/11/1720/id=obitos-1720-his4176
1200: 
1201: o$obitos-1720-his4176
1201:          n$manuel/m/id=obitos-1720-his4176-per1
1202:             ls$idade_aprox/45 dias
1203: 
1204:             pai$manuel antunes/id=obitos-1720-his4176-per1-per2
1205:                ls$residencia/presa
1206: 
1207:          locs$adro
1208: 
1209:       o$29/11/1720/id=obitos-1720-his4177
1210: 
1211: o$obitos-1720-his4177
1211:          n$tomas/m/id=obitos-1720-his4177-per1
1212:             ls$idade/4
1213: 
1214:             pai$manuel goncalves marreco/id=obitos-1720-his4177-per1-per2
1215:                ls$residencia/casal do leonel
1216: 
1217:          locs$igreja de s.tiago#cova da fabrica
1218: 
1219:       o$1/12/1720/id=obitos-1720-his4178
1220: 
1221: o$obitos-1720-his4178
1221:          sacr$penitencia e extrema uncao#sub conditione por estar destituido de fala
1222: 
1223:          n$manuel/m/id=obitos-1720-his4178-per1
1224:             ls$idade_aprox/ja herdado#do pai
1225:             ls$idade/8
1226: 
1227:             pai$joao francisco/id=obitos-1720-his4178-per1-per2
1228:                ls$morto/antes
1229:                ls$residencia/simoes
1230: 
1231:             mae$maria francisca/id=obitos-1720-his4178-per1-per3
1232: 
1233:          locs$adro
1234: 
1235:          oficios$meios razos
1236: 
1237:       o$9/12/1720/id=obitos-1720-his4179
1238: 
1239: o$obitos-1720-his4179
1239:          testamento$nao
1240: 
1241:          sacr$sim
1242: 
1243:          n$manuel joao soeiro/m/id=obitos-1720-his4179-per1
1244:             ls$residencia/sobral
1245: 
1246:          locs$ermida de s.miguel
1247: 
1248:          oficios$1 de 9
1249: 
1250:       o$22/12/1720/id=obitos-1720-his4180
1251: 
1252: o$obitos-1720-his4180
1252:          n$manuel/m/id=on22121720
1253:             ls$idade/0/obs=pouco depois de nascer
1254: 
1255:             pai$manuel rodrigues/id=on22121720-per1
1256:                ls$residencia/casal dos fatacos
1257: 
1258:             referida$maria joao/f/id=or22121720
1259:                rel$sociabilidade/baptisou em necessidade/manuel/on22121720
1260:                rel$parentesco/mulher/joao ferreira/or22121720b
1261:                rel$parentesco/avo/manuel/on22121720
1262: 
1263:             referido$joao ferreira/m/id=or22121720b
1264:                ls$residencia/casal dos fatacos
1265: 
1266:          locs$ermida do divino espirito santo
1267: 
1268:       o$22/12/1720/id=obitos-1720-his4181
1269: 
1270: o$obitos-1720-his4181
1270:          n$ana/f/id=obitos-1720-his4181-per1
1271:             ls$idade_aprox/2 meses
1272: 
1273:             pai$antonio carvalho/id=obitos-1720-his4181-per1-per2
1274:                ls$morto/antes
1275:                ls$residencia/casal dos delgados
1276: 
1277:             mae$maria carvalho/id=obitos-1720-his4181-per1-per3
1278: 
1279:          locs$ermida de s.sebastiao
1280: 
1281:       o$24/12/1720/id=obitos-1720-his4182
1282: 
1283: o$obitos-1720-his4182
1283:          testamento$nao
1284: 
1285:          sacr$sim
1286: 
1287:          n$francisca cordeiro/f/id=obitos-1720-his4182-per1
1288: 
1289:             marido$andre goncalves/id=obitos-1720-his4182-per1-per2
1290:                ls$residencia/casal da torre do sobral
1291: 
1292:          locs$adro
1293: 
1294:          oficios$1 razo
1295: *** End of File
ERROR:  Could not find same_as id c2-7 referred in line 26. If  original reference is on another file use xsame_as

ERROR:  Could not find same_as id jgcarrasco referred in line 497. If  original reference is on another file use xsame_as

ERROR:  Could not find same_as id br16011719 referred in line 537. If  original reference is on another file use xsame_as

ERROR:  Could not find same_as id c12-7 referred in line 643. If  original reference is on another file use xsame_as

ERROR:  Could not find same_as id c12-7 referred in line 760. If  original reference is on another file use xsame_as

ERROR:  Could not find same_as id br16011719 referred in line 1107. If  original reference is on another file use xsame_as

6  errors. 
6  warnings.
Translation finished.
