ClioInput - version @@VERSION@@ - build @@BUILD@@ @@DATE@@
10-8-2018 14-46

Processing data file /Users/jrc/mhk-home/sources/soure/documents/obitos/ob1700.cli
-------------------------------------------
Generic Act translation module with geoentities (XML).
     Joaquim Ramos de Carvalho (joaquim@uc.pt) 
** New document: kleio
=========================
kleio translation started
=========================
Structure: gacto2.str
Prefix: 
Autorel: 
Translation count: 
Obs: 
Translation count not set or invalid, counting as zero: 
** Processing source fonte$obitos-1700
6: o$obitos-1700-his2532
17: o$obitos-1700-his2533
28: o$obitos-1700-his2534
42: o$obitos-1700-his2535
57: o$obitos-1700-his2536
66: o$obitos-1700-his2537
77: o$obitos-1700-his2538
91: o$obitos-1700-his2539
101: o$obitos-1700-his2540
108: o$obitos-1700-his2541
118: o$obitos-1700-his2542
129: o$obitos-1700-his2543
140: o$obitos-1700-his2544
152: o$obitos-1700-his2545
166: o$obitos-1700-his2546
176: o$obitos-1700-his2547
188: o$obitos-1700-his2548
201: o$obitos-1700-his2549
214: o$obitos-1700-his2550
228: o$obitos-1700-his2551
238: o$obitos-1700-his2552
249: o$obitos-1700-his2553
262: o$obitos-1700-his2554
273: o$obitos-1700-his2555
282: o$obitos-1700-his2556
293: o$obitos-1700-his2557
309: o$obitos-1700-his2558
324: o$obitos-1700-his2559
335: o$obitos-1700-his2560
348: o$obitos-1700-his2561
357: o$obitos-1700-his2562
372: o$obitos-1700-his2563
387: o$obitos-1700-his2564
398: o$obitos-1700-his2565
410: o$obitos-1700-his2566
420: o$obitos-1700-his2567
434: o$obitos-1700-his2568
445: o$obitos-1700-his2569
456: o$obitos-1700-his2570
469: o$obitos-1700-his2571
482: o$obitos-1700-his2572
492: o$obitos-1700-his2573
505: o$obitos-1700-his2574
519: o$obitos-1700-his2575
532: o$obitos-1700-his2576
547: o$obitos-1700-his2577
560: o$obitos-1700-his2578
571: o$obitos-1700-his2579
581: o$obitos-1700-his2580
594: o$obitos-1700-his2581
607: o$obitos-1700-his2582
616: o$obitos-1700-his2583
629: o$obitos-1700-his2584
640: o$obitos-1700-his2585
655: o$obitos-1700-his2586
666: o$obitos-1700-his2587
676: o$obitos-1700-his2588
685: o$obitos-1700-his2589
696: o$obitos-1700-his2590
707: o$obitos-1700-his2591
718: o$obitos-1700-his2592
730: o$obitos-1700-his2593
742: o$obitos-1700-his2594
755: o$obitos-1700-his2595
768: o$obitos-1700-his2596
777: o$obitos-1700-his2597
788: o$obitos-1700-his2598
799: o$obitos-1700-his2599
808: o$obitos-1700-his2600
822: o$obitos-1700-his2601
834: o$obitos-1700-his2602
845: o$obitos-1700-his2603
857: o$obitos-1700-his2604
870: o$obitos-1700-his2605
880: o$obitos-1700-his2606
891: o$obitos-1700-his2607
902: o$obitos-1700-his2608
915: o$obitos-1700-his2609
924: o$obitos-1700-his2610
933: o$obitos-1700-his2611
943: o$obitos-1700-his2612
952: o$obitos-1700-his2613
963: o$obitos-1700-his2614
973: o$obitos-1700-his2615
984: o$obitos-1700-his2616
*** End of File
** Processed file- /Users/jrc/mhk-home/sources/soure/documents/obitos/ob1700.cli
** Original file- /Users/jrc/mhk-home/sources/soure/documents/obitos/ob1700.org
** Previous version- /Users/jrc/mhk-home/sources/soure/documents/obitos/ob1700.old
** Temp file with ids- /Users/jrc/mhk-home/sources/soure/documents/obitos/ob1700.ids
0  errors. 
0  warnings.
Translation finished.
