ClioInput - version @@VERSION@@ - build @@BUILD@@ @@DATE@@
13-6-2019 22-50

Processing data file ob1713.cli
-------------------------------------------
Generic Act translation module with geoentities (XML).
     Joaquim Ramos de Carvalho (joaquim@uc.pt) 
** New document: kleio
1: kleio$gacto2.str
=========================
kleio translation started
=========================
Structure: gacto2.str
Prefix: 
Autorel: 
Translation count: 
Obs: 
Translation count not set or invalid, counting as zero: 
2:    fonte$obitos-1713/tipo=reg paroquiais/localizacao=74v/data=17130000/obs=padre manuel rodrigues
3: 
** Processing source fonte$obitos-1713
4:       o$5/1/1713/id=obitos-1713-his3450
5: 
6: o$obitos-1713-his3450
6:          n$manuel/m/obs=morre pouco dias depois de nascer/id=on0501713
7: 
8:             pai$manuel lopes/id=on0501713-per1
9:                ls$profissao/sapateiro
10:                ls$residencia/soure
11: 
12:             referido$matias/m/id=or0501713
13:                ls$residencia/soure
14:                ls$profissao/padre
15:                rel$sociabilidade/baptisou em necessidade/manuel/on0501713
16: 
17:          locs$ermida de nossa senhora dos anjos
18: 
19:       o$5/1/1713/id=obitos-1713-his3451
20: 
21: o$obitos-1713-his3451
21:          sacr$nao%por nao chamarem
22: 
23:          n$domingos/m/id=obitos-1713-his3451-per1
24:             ls$pobre/sim%pobre passageiro
25: 
26:             pai$manuel francisco/id=obitos-1713-his3451-per1-per2
27:                ls$residencia/braga, freguesia de s.jeronimo extra muros
28:                ls$freguesia/braga, s.jeronimo
29:                ls$bispado/braga
30: 
31:          locs$adro da santa casa da misericordia
32: 
33:       o$9/1/1713/id=obitos-1713-his3452
34: 
35: o$obitos-1713-his3452
35:          causa$doenca prolongada
36: 
37:          testamento$nao%so fez doacao a seu marido com obrigacao de algumas missas
38: 
39:          n$maria martins/f/id=obitos-1713-his3452-per1
40: 
41:             marido$antonio rodrigues/id=obitos-1713-his3452-per1-per2
42:                ls$residencia/casal do rolhao
43: 
44:          locs$ermida de s.joao
45: 
46:          sacr$sim
47: 
48:          oficios$3 razos
49: 
50:       o$13/1/1713/id=obitos-1713-his3453
51: 
52: o$obitos-1713-his3453
52:          n$maria/f/id=obitos-1713-his3453-per1
53:             ls$idade_aprox/10 dias
54: 
55:             pai$manuel cordeiro/id=obitos-1713-his3453-per1-per2
56:                ls$residencia/casa velha
57: 
58:          locs$ermida de nossa senhora das neves
59: 
60:       o$16/1/1713/id=obitos-1713-his3454
61: 
62: o$obitos-1713-his3454
62:          testamento$nao
63: 
64:          sacr$sim
65: 
66:          n$antonia simoes/f/id=obitos-1713-his3454-per1
67:             ls$ec/v
68:             ls$residencia/casconho
69: 
70:          locs$ermida de s.joao paleao
71: 
72:          oficios$meios oficios razos
73: 
74:       o$18/1/1713/id=obitos-1713-his3455
75: 
76: o$obitos-1713-his3455
76:          testamento$nao
77: 
78:          sacr$sim
79: 
80:          n$pascoa fernandes/f/id=obitos-1713-his3455-per1
81:             ls$pobre/sim%pobre passageiro
82: 
83:             marido$manuel francisco/id=obitos-1713-his3455-per1-per2
84:                ls$residencia/braga, freguesia de s.jeronimo extra muros
85:                ls$freguesia/braga, s.jeronimo
86:                ls$bispado/braga
87: 
88:          locs$adro da misericordia
89: 
90:          locf$hospital da misericordia
91: 
92:       o$18/1/1713/id=obitos-1713-his3456
93: 
94: o$obitos-1713-his3456
94:          n$joaquina/f/id=obitos-1713-his3456-per1
95:             ls$idade_aprox/8 meses
96: 
97:             pai$manuel de gouveia/id=obitos-1713-his3456-per1-per2
98:                ls$residencia/casal novo
99: 
100:          locs$ermida de santo andre
101: 
102:       o$28/1/1713/id=obitos-1713-his3457
103: 
104: o$obitos-1713-his3457
104:          testamento$nao
105: 
106:          sacr$sim
107: 
108:          n$mariana hospitaleira/f/id=obitos-1713-his3457-per1
109:             ls$ec/s
110:             ls$residencia/soure
111: 
112:          locs$adro da santa casa da misericordia
113: 
114:       o$4/2/1713/id=obitos-1713-his3458
115: 
116: o$obitos-1713-his3458
116:          testamento$nao
117: 
118:          sacr$sim
119: 
120:          n$matias fernandes/m/id=obitos-1713-his3458-per1
121:             ls$residencia/louzoes
122: 
123:          locs$ermida de santo andre%por nela eleger sepultura
124: 
125:          oficios$1 razo
126: 
127:       o$6/2/1713/id=obitos-1713-his3459
128: 
129: o$obitos-1713-his3459
129:          testamento$nao
130: 
131:          sacr$sim, menos o da eucaristia que nao procurou
132: 
133:          n$bartolomeu goncalves/m/obs=le-se mal/id=obitos-1713-his3459-per1
134:             ls$residencia/casa velha
135: 
136:          locs$igreja de s.tiago%em cova de fabrica
137: 
138:          oficios$3 razos
139: 
140:       o$11/2/1713/id=obitos-1713-his3460
141: 
142: o$obitos-1713-his3460
142:          n$antonio/m/id=obitos-1713-his3460-per1
143:             ls$idade_aprox/8 dias
144: 
145:             pai$manuel domingues/id=obitos-1713-his3460-per1-per2
146:                ls$residencia/quinta da telhada
147: 
148:          locs$adro
149: 
150:       o$11/2/1713/id=obitos-1713-his3461
151: 
152: o$obitos-1713-his3461
152:          n$maria/f/id=obitos-1713-his3461-per1
153:             ls$idade_aprox/2 dias
154: 
155:             pai$jose rodrigues/id=obitos-1713-his3461-per1-per2
156:                ls$residencia/casal dos feijoes
157: 
158:          locs$ermida de s.mateus
159: 
160:       o$12/2/1713/id=obitos-1713-his3462
161: 
162: o$obitos-1713-his3462
162:          testamento$nao
163: 
164:          sacr$sim
165: 
166:          n$maria rodrigues/f/id=obitos-1713-his3462-per1
167: 
168:             marido$manuel rodrigues centeio/id=obitos-1713-his3462-per1-per2
169:                ls$residencia/paleao
170: 
171:          locs$ermida de s.joao
172: 
173:       o$14/2/1713/id=obitos-1713-his3463
174: 
175: o$obitos-1713-his3463
175:          testamento$nuncupativo
176: 
177:          sacr$sim
178: 
179:          n$jorge francisco/m/id=obitos-1713-his3463-per1
180:             ls$residencia/cascao
181: 
182:          locs$ermida de santo tirso de alencarce de cima
183: 
184:          oficios$1 razo e 50 missas%... de cento e vinte reis
185: 
186:       o$15/2/1713/id=obitos-1713-his3464
187: 
188: o$obitos-1713-his3464
188:          testamento$nao
189: 
190:          sacr$sim
191: 
192:          n$maria carvalho/f/id=obitos-1713-his3464-per1
193: 
194:             marido$manuel rodrigues/id=obitos-1713-his3464-per1-per2
195:                ls$residencia/casais da misericordia
196: 
197:          locs$ermida de s.sebastiao do mogadouro
198: 
199:          oficios$3 razos
200: 
201:       o$1/3/1713/id=obitos-1713-his3465
202: 
203: o$obitos-1713-his3465
203:          testamento$nao
204: 
205:          sacr$sim
206: 
207:          n$manuel simoes raposo/m/id=obitos-1713-his3465-per1
208:             ls$residencia/simoes
209: 
210:          locs$adro
211: 
212:          oficios$2,5 razos
213: 
214:       o$1/3/1713/id=obitos-1713-his3466
215: 
216: o$obitos-1713-his3466
216:          sacr$sim
217: 
218:          testamento$nao
219: 
220:          n$isabel pedroso/f/id=obitos-1713-his3466-per1
221: 
222:             pai$domingos rodrigues trebelho/id=obitos-1713-his3466-per1-per2
223:                ls$residencia/barril
224: 
225:          locs$ermida de s.mateus
226: 
227:          oficios$2,5 razos
228: 
229:       o$10/3/1713/id=obitos-1713-his3467
230: 
231: o$obitos-1713-his3467
231:          testamento$nao
232: 
233:          sacr$sim
234: 
235:          n$catarina goncalves/f/id=obitos-1713-his3467-per1
236:             ls$residencia/casa velha
237: 
238:          locs$adro
239: 
240:          oficios$3 razos
241: 
242:       o$10/3/1713/id=obitos-1713-his3468
243: 
244: o$obitos-1713-his3468
244:          testamento$nao
245: 
246:          sacr$sim
247: 
248:          n$isabel rodrigues/f/id=obitos-1713-his3468-per1
249: 
250:             marido$joao lourenco/id=obitos-1713-his3468-per1-per2
251:                ls$residencia/simoes
252: 
253:          locs$ermida de s.sebastiao do mogadouro
254: 
255:          oficios$1 de 9
256: 
257:       o$14/3/1713/id=obitos-1713-his3469
258: 
259: o$obitos-1713-his3469
259:          testamento$nao
260: 
261:          sacr$penitencia e e.u.%somente e nao da eucaristia por se temer alguma irreverencia?
262: 
263:          n$maria mendes/f/id=obitos-1713-his3469-per1
264: 
265:             marido$antonio francisco/id=obitos-1713-his3469-per1-per2
266:                ls$residencia/soure
267: 
268:          locs$ermida de s.francisco
269: 
270:          oficios$1 de 9 de corpo presente
271: 
272:       o$18/3/1713/id=obitos-1713-his3470
273: 
274: o$obitos-1713-his3470
274:          testamento$nao
275: 
276:          sacr$sim
277: 
278:          n$antonia fernandes soeiro/f/id=obitos-1713-his3470-per1
279:             ls$ec/v
280:             ls$residencia/sobral
281: 
282:          locs$ermida de s.miguel do sobral%por nela eleger sepultura
283: 
284:          oficios$14 missas e dois oficios razos
285: 
286:       o$19/3/1713/id=obitos-1713-his3471
287: 
288: o$obitos-1713-his3471
288:          testamento$nao
289: 
290:          sacr$sim
291: 
292:          n$esperanca gomes/f/id=obitos-1713-his3471-per1
293: 
294:             marido$manuel rodrigues/id=obitos-1713-his3471-per1-per2
295:                ls$profissao/sapateiro
296:                ls$residencia/soure
297: 
298:          locs$ermida de s.francisco
299: 
300:          oficios$3 razos
301: 
302:       o$21/3/1713/id=obitos-1713-his3472
303: 
304: o$obitos-1713-his3472
304:          testamento$nao
305: 
306:          sacr$sim
307: 
308:          n$manuel de tavora/m/id=obitos-1713-his3472-per1
309:             ls$residencia/soure
310: 
311:          locs$igreja de nossa senhora de finisterra
312: 
313:          oficios$1 de 9 de corpo presente
314: 
315:       o$27/3/1713/id=obitos-1713-his3473
316: 
317: o$obitos-1713-his3473
317:          n$gaspar/m/id=obitos-1713-his3473-per1
318:             ls$idade/2
319: 
320:             mae$apolonia manuel/id=obitos-1713-his3473-per1-per2
321:                ls$ec/v
322:                ls$residencia/alencarce
323: 
324:          locs$adro
325: 
326:       o$29/3/1713/id=obitos-1713-his3474
327: 
328: o$obitos-1713-his3474
328:          testamento$nao
329: 
330:          sacr$penitencia somente%por nao procurarem os mais
331: 
332:          n$maria francisca/f/id=obitos-1713-his3474-per1
333:             ls$residencia/soure
334: 
335:          locs$adro
336: 
337:       o$5/4/1713/id=obitos-1713-his3475
338: 
339: o$obitos-1713-his3475
339:          testamento$nao
340: 
341:          sacr$penitencia e eucaristia%nao e.u. por que nao procuraram
342: 
343:          n$manuel gomes/m/id=obitos-1713-his3475-per1
344:             ls$ec/s
345: 
346:             mae$maria gomes/id=obitos-1713-his3475-per1-per2
347:                ls$ec/v
348:                ls$residencia/assamassa
349: 
350:          locs$ermida do espirito santo
351: 
352:       o$8/4/1713/id=obitos-1713-his3476
353: 
354: o$obitos-1713-his3476
354:          testamento$nao
355: 
356:          sacr$sim
357: 
358:          n$manuel madeira/m/id=obitos-1713-his3476-per1
359:             ls$residencia/casal de alencarce
360: 
361:          locs$adro
362: 
363:          oficios$3 razos
364: 
365:       o$17/4/1713/id=obitos-1713-his3477
366: 
367: o$obitos-1713-his3477
367:          testamento$nao
368: 
369:          sacr$penitencia e eucaristia%nao e.u. por que nao procuraram
370: 
371:          n$maria/f/id=obitos-1713-his3477-per1
372:             ls$idade_parox/maior
373:             ls$ec/s
374: 
375:             pai$manuel antunes/id=obitos-1713-his3477-per1-per2
376:                ls$residencia/assamassa
377: 
378:          locs$ermida do espirito santo
379: 
380:          oficios$1 razo
381: 
382:       o$18/4/1713/id=obitos-1713-his3478
383: 
384: o$obitos-1713-his3478
384:          testamento$nao
385: 
386:          sacr$penitencia e e.u.%somente e nao eucaristia por impedimento da garganta
387: 
388:          n$antonia/f/id=obitos-1713-his3478-per1
389:             ls$ec/s
390:             ls$idade_aprox/maior
391: 
392:             mae$maria francisca/f/id=obitos-1713-his3478-per1-per2
393:                ls$ec/v
394:                ls$residencia/casalinhos
395: 
396:          locs$igreja de s.tiago%cova da fabrica
397: 
398:          oficios$2 razos
399: 
400:       o$21/4/1713/id=obitos-1713-his3479
401: 
402: o$obitos-1713-his3479
402:          testamento$nao
403: 
404:          n$antonio simoes/m/id=obitos-1713-his3479-per1
405:             ls$alcunha/viuvo%viuvo de alcunha
406:             ls$residencia/sobral
407: 
408:          sacr$sim
409: 
410:          locs$adro
411: 
412:          oficios$1 razo
413: 
414:       o$22/4/1713/id=obitos-1713-his3480
415: 
416: o$obitos-1713-his3480
416:          testamento$nao
417: 
418:          sacr$sim
419: 
420:          n$maria domigues/f/id=obitos-1713-his3480-per1
421: 
422:             marido$antonio rodrigues sereno/id=obitos-1713-his3480-per1-per2
423:                ls$residencia/sobral
424: 
425:          locs$ermida de s.miguel do sobral
426: 
427:          oficios$40 missas
428: 
429:       o$22/4/1713/id=obitos-1713-his3481
430: 
431: o$obitos-1713-his3481
431:          n$joao/m/id=on22041713/obs=morreu logo apos nascer
432:             ls$idade/0
433: 
434:             pai$manuel joao/m/id=on22041713-per1
435:                ls$alcunha/marcos
436:                ls$residencia/simoes
437: 
438:             referida$maria rodrigues/f/id=or22041713
439:                ls$ec/v
440:                ls$residencia/simoes
441:                rel$sociabilidade/baptisou em necessidade/joao/on22041713
442: 
443:          locs$adro
444: 
445:       o$25/4/1713/id=obitos-1713-his3482
446: 
447: o$obitos-1713-his3482
447:          testamento$nao
448: 
449:          sacr$sim
450: 
451:          n$maria gaspar/f/id=obitos-1713-his3482-per1
452:             ls$residencia/simoes
453: 
454:          locs$ermida de s.sebastiao do mogadouro%por nela eleger sepultura
455: 
456:          oficios$3 razos
457: 
458:       o$25/4/1713/id=obitos-1713-his3483
459: 
460: o$obitos-1713-his3483
460:          testamento$nao
461: 
462:          sacr$sim
463: 
464:          n$francisca goncalves/f/id=obitos-1713-his3483-per1
465:             ls$ec/v
466:             ls$residencia/soure
467:             rel$parentesco/mae/sebastiao ferreira/ro25041713
468: 
469:             referido$sebastiao ferreira/f/id=ro25041713
470:                ls$profissao/padre
471:                ls$residencia/soure
472: 
473:          locs$igreja de s.tiago%em cova de fabrica
474: 
475:          oficios$1 de 9
476: 
477:       o$26/4/1713/id=obitos-1713-his3484
478: 
479: o$obitos-1713-his3484
479:          testamento$nao
480: 
481:          sacr$sim
482: 
483:          n$manuel joao/m/id=obitos-1713-his3484-per1
484:             ls$ec/v
485:             ls$residencia/casal dos montais
486: 
487:          locs$adro
488: 
489:       o$29/4/1713/id=obitos-1713-his3485
490: 
491: o$obitos-1713-his3485
491:          testamento$nao
492: 
493:          sacr$confissao e e.u. somente% e nao com o da eucaristia por nao chamarem
494: 
495:          n$joao rodrigues heleno/m/id=obitos-1713-his3485-per1
496:             ls$residencia/paleao
497: 
498:          locs$ermida de s.joao
499: 
500:       o$2/5/1713/id=obitos-1713-his3486
501: 
502: o$obitos-1713-his3486
502:          testamento$nao
503: 
504:          sacr$penitencia e e.u. somente%por nao haver tempo para mais
505: 
506:          n$maria gaspar/f/id=obitos-1713-his3486-per1
507:             ls$ec/v
508:             ls$residencia/porto panelas
509: 
510:          locs$ermida de s.francisco
511: 
512:          oficios$1 de 9 de corpo presente
513: 
514:       o$6/5/1713/id=obitos-1713-his3487
515: 
516: o$obitos-1713-his3487
516:          n$antonio/m/id=obitos-1713-his3487-per1
517:             ls$idade/4%e meio
518: 
519:             pai$diogo da costa/id=obitos-1713-his3487-per1-per2
520:                ls$residencia/casa velha
521: 
522:          locs$ermida de nossa senhora das neves
523: 
524:       o$8/5/1713/id=obitos-1713-his3488
525: 
526: o$obitos-1713-his3488
526:          n$antonio/m/id=obitos-1713-his3488-per1
527:             ls$idade_aprox/8 dias
528: 
529:             pai$manuel goncalves/id=obitos-1713-his3488-per1-per2
530:                ls$residencia/casal novo
531: 
532:          locs$ermida de santo andre
533: 
534:       o$9/5/1713/id=obitos-1713-his3489
535: 
536: o$obitos-1713-his3489
536:          testamento$nao
537: 
538:          sacr$sim
539: 
540:          n$domingas jorge/f/id=obitos-1713-his3489-per1
541: 
542:             marido$antonio simoes/id=obitos-1713-his3489-per1-per2
543:                ls$residencia/sobral
544: 
545:          locs$ermida de s.miguel
546: 
547:          oficios$1 razo
548: 
549:       o$10/5/1713/id=obitos-1713-his3490
550: 
551: o$obitos-1713-his3490
551:          testamento$nao
552: 
553:          sacr$sim
554: 
555:          n$antonia madeira/f/id=obitos-1713-his3490-per1
556: 
557:             marido$carlos gomes/id=obitos-1713-his3490-per1-per2
558:                ls$residencia/barril
559: 
560:          locs$ermida de s.mateus
561: 
562:          oficios$meios oficios razos
563: 
564:       o$11/5/1713/id=obitos-1713-his3491
565: 
566: o$obitos-1713-his3491
566:          testamento$nao
567: 
568:          sacr$sim
569: 
570:          n$maria de brito/f/id=obitos-1713-his3491-per1
571: 
572:             marido$estevao alvares/id=obitos-1713-his3491-per1-per2
573:                ls$residencia/casal dos fatacos
574: 
575:          locs$adro
576: 
577:       o$14/5/1713/id=obitos-1713-his3492
578: 
579: o$obitos-1713-his3492
579:          testamento$nao
580: 
581:          sacr$sim
582: 
583:          causa$doenca prolongada
584: 
585:          n$catarina joao/f/id=obitos-1713-his3492-per1
586:             ls$ec/v
587:             ls$residencia/simoes
588: 
589:          locs$adro
590: 
591:       o$18/5/1713/id=obitos-1713-his3493
592: 
593: o$obitos-1713-his3493
593:          testamento$nao
594: 
595:          sacr$sim
596: 
597:          n$manuel monteiro/m/id=obitos-1713-his3493-per1
598:             ls$residencia/soure
599: 
600:          locs$igreja de s.tiago%cova de fabrica
601: 
602:       o$18/5/1713/obs=so oficios/id=obitos-1713-his3494
603: 
604: o$obitos-1713-his3494
604:          oficios$1 de 9
605: 
606:          n$antonia rodrigues/f/id=obitos-1713-his3494-per1
607: 
608:             marido$manuel gaspar/id=obitos-1713-his3494-per1-per2
609:                ls$residencia/porto coelheiro
610: 
611:          locs$igreja de tapeus
612: 
613:       o$19/5/1713/id=obitos-1713-his3495
614: 
615: o$obitos-1713-his3495
615:          testamento$nao
616: 
617:          sacr$sim
618: 
619:          n$sebastiao goncalves/m/id=obitos-1713-his3495-per1
620:             ls$residencia/carvalheira de baixo
621: 
622:          locs$igreja de s.tiago%cova de fabrica
623: 
624:          oficios$3 razos
625: 
626:       o$20/5/1713/id=obitos-1713-his3496
627: 
628: o$obitos-1713-his3496
628:          testamento$nao
629: 
630:          sacr$sim
631: 
632:          n$mariana monteiro/f/id=obitos-1713-his3496-per1
633: 
634:             marido$mateus francisco/id=obitos-1713-his3496-per1-per2
635:                ls$residencia/soure
636: 
637:          locs$ermida de s.francisco
638: 
639:       o$4/6/1713/id=obitos-1713-his3497
640: 
641: o$obitos-1713-his3497
641:          testamento$nao
642: 
643:          causa$doenca prolongada
644: 
645:          sacr$sim
646: 
647:          n$manuel rodrigues/m/id=obitos-1713-his3497-per1
648:             ls$alcunha/sonso
649:             ls$residencia/eureca
650: 
651:          locs$igreja de s.tiago%cova de fabrica
652: 
653:          oficios$3 de 3 licoes razos
654: 
655:       o$13/6/1713/id=obitos-1713-his3498
656: 
657: o$obitos-1713-his3498
657:          testamento$nao
658: 
659:          sacr$penitencia%morreu apressadamente
660: 
661:          n$joao goncalves/m/id=obitos-1713-his3498-per1
662:             ls$ec/v
663:             ls$residencia/assamassa
664: 
665:          locs$ermida do divino espirito santo
666: 
667:          oficios$3 razos
668: 
669:       o$16/6/1713/id=obitos-1713-his3499
670: 
671: o$obitos-1713-his3499
671:          testamento$nao
672: 
673:          sacr$penitencia e eucaristia e nao da e.u.%por nao procurar
674: 
675:          n$isabel madeira/f/id=obitos-1713-his3499-per1
676: 
677:             marido$domingos gante/id=obitos-1713-his3499-per1-per2
678:                ls$residencia/barril
679: 
680:          locs$ermida de s.mateus%por nela eleger sepultura
681: 
682:          oficios$3 razos
683: 
684:       o$19/6/1713/id=obitos-1713-his3500
685: 
686: o$obitos-1713-his3500
686:          testamento$nao
687: 
688:          sacr$sim
689: 
690:          n$matias francisco/m/id=obitos-1713-his3500-per1
691:             ls$residencia/soure
692: 
693:          locs$igreja de s.tiago%cova de fabrica
694: 
695:       o$20/6/1713/id=obitos-1713-his3501
696: 
697: o$obitos-1713-his3501
697:          testamento$nao
698: 
699:          sacr$sim
700: 
701:          n$isabel/f/id=obitos-1713-his3501-per1
702:             ls$ec/s
703: 
704:             mae$maria alvares/id=obitos-1713-his3501-per1-per2
705:                ls$ec/v
706:                ls$residencia/casal de alencarce
707: 
708:          locs$adro
709: 
710:          oficios$1 razo
711: 
712:       o$22/6/1713/id=obitos-1713-his3502
713: 
714: o$obitos-1713-his3502
714:          testamento$nao
715: 
716:          sacr$penitencia e extrema uncao e nao a eucaristia por impedimento corporal
717: 
718:          n$maria gomes/f/id=obitos-1713-his3502-per1
719: 
720:             marido$mateus carvalho/id=obitos-1713-his3502-per1-per2
721:                ls$residencia/casal das brancas
722: 
723:          locs$ermida do divino espirito santo
724: 
725:          oficios$3 razos
726: 
727:       o$23/6/1713/id=obitos-1713-his3503
728: 
729: o$obitos-1713-his3503
729:          testamento$nao
730: 
731:          sacr$sim
732: 
733:          locf$hospital da misericordia
734: 
735:          n$antonia dias/f/id=obitos-1713-his3503-per1
736:             ls$pobre/sim%passageira
737:             ls$ec/v
738:             ls$naturalidade/penacova, freguesia de penacova
739:             ls$freguesia/penacova
740: 
741:          locs$adro da misericordia
742: 
743:       o$29/6/1713/id=obitos-1713-his3504
744: 
745: o$obitos-1713-his3504
745:          testamento$nao
746: 
747:          sacr$sim
748: 
749:          causa$doenca prolongada
750: 
751:          n$manuel fernandes/m/id=obitos-1713-his3504-per1
752:             ls$profissao/abegao#o que trata do gado
753:             rel$profissional/abegao/joao da costa de vasconcelos/c12-7
754:             ls$residencia/soure
755: 
756:             referido$joao da costa de vasconcelos/m/mesmo_que=c12-7/id=obitos-1713-his3504-per1-per2
757: 

WARNING: ob1713.cli line 757 destination id of "same as" not found. Will check again at the end of file.
Near line: 757 
Near line: 758          locs$igreja de s.tiago%cova de fabrica

758:          locs$igreja de s.tiago%cova de fabrica
759: 
760:       o$2/7/1713/id=obitos-1713-his3505
761: 
762: o$obitos-1713-his3505
762:          sacr$nao%por nao procurarem
763: 
764:          n$domingos/m/id=obitos-1713-his3505-per1
765:             ls$idade/9
766: 
767:             pai$manuel joao/id=obitos-1713-his3505-per1-per2
768:                ls$residencia/casal das areias%junto dos simoes
769: 
770:          locs$adro
771: 
772:          oficios$1 razo
773: 
774:       o$2/7/1713/id=obitos-1713-his3506
775: 
776: o$obitos-1713-his3506
776:          n$luisa maria/f/id=obitos-1713-his3506-per1
777:             ls$idade_aprox/7 meses
778: 
779:             pai$jose da cunha/m/id=obitos-1713-his3506-per1-per2
780:                ls$residencia/sobral
781: 
782:          locs$ermida de s.miguel
783: 
784:       o$12/7/1713/id=obitos-1713-his3507
785: 
786: o$obitos-1713-his3507
786:          testamento$nao
787: 
788:          sacr$sim
789: 
790:          causa$doenca prolongada
791: 
792:          n$maria simoes/f/id=obitos-1713-his3507-per1
793: 
794:             marido$antonio rodrigues/id=obitos-1713-his3507-per1-per2
795:                ls$residencia/casal de alencarce
796: 
797:          locs$adro
798: 
799:          oficios$1 de 9
800: 
801:       o$15/7/1713/id=obitos-1713-his3508
802: 
803: o$obitos-1713-his3508
803:          testamento$nao
804: 
805:          causa$apressada
806: 
807:          sacr$nao%nao chegaram a tempo
808: 
809:          n$catarina goncalves/f/id=obitos-1713-his3508-per1
810:             ls$ec/v
811: 
812:             marido$pedro goncalves/id=obitos-1713-his3508-per1-per2
813:                ls$morto/antes
814:                ls$residencia/vale da borra
815: 
816:          locs$adro
817: 
818:          oficios$2 razos
819: 
820:       o$16/7/1713/id=obitos-1713-his3509
821: 
822: o$obitos-1713-his3509
822:          n$manuel/m/id=on16071713/obs=acabado de nascer
823:             ls$idade/0
824: 
825:             pai$manuel gomes/id=opai16071713
826:                ls$profissao/ferreiro
827:                ls$residencia/paleao
828: 
829:             referido$joao/m/id=or16071713
830:                ls$ec/s
831:                rel$sociabilidade/baptisou em necessidade/manuel/on16071713
832:                rel$sociabilidade/baptisou em necessidade/manuel/on16071713b
833: 
834:             referido$antonio gomes/m/id=or16071713b
835:                ls$profissao/ferreiro
836:                ls$residencia/paleao
837:                rel$parentesco/pai/joao/or16071713
838: 
839:          locs$ermida de s.joao batista
840: 
841:       o$16/7/1713/id=obitos-1713-his3510
842: 
843: o$obitos-1713-his3510
843:          n$manuel/m/id=on16071713b
844:             rel$parentesco/irmao gemeo/manuel/on16071713/obs=os dois gemeos tem o mesmo nome
845: 
846:             pai$manuel gomes/mesmo_que=opai16071713/id=on16071713b-per1
847: 
848:          locs$ermida de s.joao batista
849: 
850:       o$18/7/1713/id=obitos-1713-his3511
851: 
852: o$obitos-1713-his3511
852:          testamento$nao
853: 
854:          sacr$sim
855: 
856:          n$joao francisco/m/id=obitos-1713-his3511-per1
857:             ls$profissao/pedreiro
858:             ls$residencia/soure
859:             ls$naturalidade/s.lourenco da montaria, freguesia ? termo da vila de viana de caminha
860: 
861:          locs$igreja de nossa senhora de finisterra%por nela eleger sepultura
862: 
863:          oficios$100 misas rezadas e e uma cantada de corpo presente%de esmola de tostao# das rezadas 50 foram aqui e 50 na sua terra
864: 
865:       o$20/7/1713/id=obitos-1713-his3512
866: 
867: o$obitos-1713-his3512
867:          testamento$nuncupativo
868: 
869:          sacr$penitencia%somente por nao poder comungar por vomitos continuos e nao procurou extrema uncao
870: 
871:          n$antonio rodrigues/m/id=obitos-1713-his3512-per1
872:             ls$residencia/casal das galinhas
873: 
874:          locs$ermida do divino espirito santo%por ai eleger sepultura
875: 
876:          oficios$14 missas + meios oficios de 9
877: 
878:       o$22/7/1713/id=obitos-1713-his3513
879: 
880: o$obitos-1713-his3513
880:          n$maria/f/id=obitos-1713-his3513-per1
881:             ls$idade_aprox/3 meses
882: 
883:             pai$simao lopes de carvalho/m/id=obitos-1713-his3513-per1-per2
884:                ls$residencia/paleao
885: 
886:          locs$ermida de s.joao baptista
887: 
888:       o$22/7/1713/id=obitos-1713-his3514
889: 
890: o$obitos-1713-his3514
890:          n$manuel/m/id=obitos-1713-his3514-per1
891:             ls$idade_aprox/2 meses
892: 
893:             pai$manuel de abreu/id=obitos-1713-his3514-per1-per2
894:                ls$residencia/paleao
895: 
896:          locs$ermida de s.joao baptista
897: 
898:       o$28/7/1713/id=obitos-1713-his3515
899: 
900: o$obitos-1713-his3515
900:          testamento$nao
901: 
902:          sacr$sim
903: 
904:          n$joana/f/id=obitos-1713-his3515-per1
905:             ls$ec/s
906: 
907:             pai$jose velho/id=obitos-1713-his3515-per1-per2
908:                ls$morto/antes
909:                ls$residencia/soure
910: 
911:          locs$igreja de s.tiago%cova da fabrica
912: 
913:       o$12/8/1713/id=obitos-1713-his3516
914: 
915: o$obitos-1713-his3516
915:          n$filipa/f/id=obitos-1713-his3516-per1
916:             ls$idade_aprox/1 meses
917: 
918:             pai$manuel rodrigues maravilhoso/id=obitos-1713-his3516-per1-per2
919:                ls$residencia/alencarce de cima
920: 
921:          locs$adro
922: 
923:       o$19/8/1713/obs=visto em visita que o ill.mo sr. bispo conde soure 18-8-1713 - rebelo/id=obitos-1713-his3517
924: 
925: o$obitos-1713-his3517
925:          n$teresa/f/id=obitos-1713-his3517-per1
926:             ls$idade/3
927: 
928:             pai$manuel rodrigues serrao/id=obitos-1713-his3517-per1-per2
929:                ls$residencia/soure
930: 
931:          locs$igreja de s.tiago% em cova de fabrica
932: 
933:          oficios$1 missa cantada de corpo presente
934: 
935:       o$13/10/1713/id=obitos-1713-his3518
936: 
937: o$obitos-1713-his3518
937:          causa$doenca prolongada
938: 
939:          testamento$nao
940: 
941:          sacr$penitencia e da extrema uncao%nao eucaristia por se temer alguma irreverencia por estar alienado do entendimento
942: 
943:          n$domingos dias/m/id=obitos-1713-his3518-per1
944:             ls$residencia/sobral
945: 
946:          locs$ermida de s.miguel
947: 
948:          oficios$3 razos de 3 licoes
949: 
950:       o$25/10/1713/id=obitos-1713-his3519
951: 
952: o$obitos-1713-his3519
952:          n$maria/f/id=obitos-1713-his3519-per1
953:             ls$idade/2
954: 
955:             pai$antonio jorge/id=obitos-1713-his3519-per1-per2
956:                ls$residencia/casal novo
957: 
958:          locs$ermida de santo andre do casal novo
959: 
960:       o$26/10/1713/id=obitos-1713-his3520
961: 
962: o$obitos-1713-his3520
962:          testamento$nao
963: 
964:          sacr$sim
965: 
966:          n$joao da silva/m/id=obitos-1713-his3520-per1
967:             ls$residencia/venda nova
968: 
969:          locs$ermida de santo antonio da venda nova
970: 
971:       o$9/11/1713/id=obitos-1713-his3521
972: 
973: o$obitos-1713-his3521
973:          n$antonio/m/obs=faleceu pouco tempo depois de nascer/id=on09111713
974:             ls$idade/0
975: 
976:             pai$manuel martins/id=on09111713-per1
977:                ls$residencia/cascao
978: 
979:             referida$maria joao/f/id=or09111713
980:                ls$ec/v
981:                ls$residencia/cascao
982:                rel$sociabilidade/baptisou em necessidade/antonio/on09111713
983: 
984:          locs$adro
985: 
986:       o$9/11/1713/id=obitos-1713-his3522
987: 
988: o$obitos-1713-his3522
988:          testamento$sim
989: 
990:          sacr$sim
991: 
992:          n$manuel ferreira/m/id=obitos-1713-his3522-per1
993:             ls$ec/s
994:             ls$profissao/estanqueiro do tabaco#foi
995:             ls$naturalidade/freguesia de cortes, comarca de leiria
996:             ls$freguesia/cortes, leiria
997:             ls$residencia/soure
998: 
999:          locs$igreja de s.tiago%cova de fabrica
1000: 
1001:       o$10/11/1713/id=obitos-1713-his3523
1002: 
1003: o$obitos-1713-his3523
1003:          testamento$nao
1004: 
1005:          n$maria joao/f/id=obitos-1713-his3523-per1
1006:             ls$ec/v
1007:             ls$residencia/simoes
1008: 
1009:          locs$ermida de s.lourenco dos simoes
1010: 
1011:          sacr$sim
1012: 
1013:       o$11/11/1713/id=obitos-1713-his3524
1014: 
1015: o$obitos-1713-his3524
1015:          testamento$sim
1016: 
1017:          sacr$sim
1018: 
1019:          n$manuel francisco/m/id=obitos-1713-his3524-per1
1020:             ls$ec/s
1021:             ls$residencia/soure
1022:             ls$naturalidade/freguesia de vinha da rainha
1023:             ls$freguesia/vinha da rainha
1024: 
1025:          locs$ermida de s.francisco%por nela eleger sepultura
1026: 
1027:       o$13/11/1713/id=obitos-1713-his3525
1028: 
1029: o$obitos-1713-his3525
1029:          testamento$nuncupativo
1030: 
1031:          sacr$sim
1032: 
1033:          n$jorge goncalves/m/id=obitos-1713-his3525-per1
1034:             ls$residencia/pinheiro
1035: 
1036:          locs$ermida de s.jose
1037: 
1038:          oficios$1 razo
1039: 
1040:       o$23/11/1713/id=obitos-1713-his3526
1041: 
1042: o$obitos-1713-his3526
1042:          causa$doenca prolongada
1043: 
1044:          testamento$nao
1045: 
1046:          sacr$penitencia e eucaristia e nao extrema uncao
1047: 
1048:          n$francisco rodrigues/m/id=obitos-1713-his3526-per1
1049:             ls$residencia/paleao
1050: 
1051:          locs$adro
1052: 
1053:       o$27/11/1713/id=obitos-1713-his3527
1054: 
1055: o$obitos-1713-his3527
1055:          n$joao/m/id=obitos-1713-his3527-per1
1056:             ls$idade_aprox/20 dias
1057: 
1058:             pai$manuel alvares/id=obitos-1713-his3527-per1-per2
1059:                ls$residencia/soure
1060: 
1061:             mae$maria de almeida/id=obitos-1713-his3527-per1-per3
1062: 
1063:          locs$ermida de santo agostinho
1064: 
1065:       o$1/12/1713/id=obitos-1713-his3528
1066: 
1067: o$obitos-1713-his3528
1067:          testamento$nao
1068: 
1069:          sacr$sim
1070: 
1071:          n$manuel francisco canhenho/m/id=obitos-1713-his3528-per1
1072:             ls$residencia/simoes
1073: 
1074:          locs$ermida de s.lourenco dos simoes%por nela eleger sepultura
1075: 
1076:          oficios$2 de 9
1077: 
1078:       o$3/12/1713/id=obitos-1713-his3529
1079: 
1080: o$obitos-1713-his3529
1080:          testamento$nao
1081: 
1082:          sacr$penitencia%somente nao procurou mais
1083: 
1084:          n$lazaro rodrigues/m/id=obitos-1713-his3529-per1
1085:             ls$residencia/corcozes
1086: 
1087:          locs$adro
1088: 
1089:          oficios$1 razo
1090: 
1091:       o$18/12/1713/id=obitos-1713-his3530
1092: 
1093: o$obitos-1713-his3530
1093:          n$manuel/m/obs=poucos dias depois de nascer/id=on18121713
1094:             ls$idade/0
1095: 
1096:             pai$jose gomes/m/id=on18121713-per1
1097:                ls$residencia/casal do justo
1098: 
1099:             referido$manuel gomes/m/id=or18121713
1100:                ls$residencia/casal do justo
1101:                rel$sociabilidade/baptisou em necessidade/manuel/on18121713
1102: 
1103:          locs$adro
1104: 
1105:       o$22/12/1713/id=obitos-1713-his3531
1106: 
1107: o$obitos-1713-his3531
1107:          testamento$nao
1108: 
1109:          sacr$sim
1110: 
1111:          n$francisca fernandes/f/id=obitos-1713-his3531-per1
1112:             ls$ec/v
1113:             ls$residencia/casal do senhor
1114: 
1115:          locs$ermida do espirito santo%por nela eleger sepultura
1116: 
1117:          oficios$3 razos
1118: 
1119:       o$23/12/1713/id=obitos-1713-his3532
1120: 
1121: o$obitos-1713-his3532
1121:          testamento$nao
1122: 
1123:          sacr$penitencia e eucaristia%e nao extrema uncao por nao procrarem a tempo
1124: 
1125:          n$manuel rodrigues centeio/m/id=obitos-1713-his3532-per1
1126:             ls$ec/v
1127:             ls$residencia/paleao
1128: 
1129:          locs$adro
1130: 
1131:       o$27/12/1713/id=obitos-1713-his3533
1132: 
1133: o$obitos-1713-his3533
1133:          testamento$nao
1134: 
1135:          sacr$sim
1136: 
1137:          n$maria pereira/f/id=obitos-1713-his3533-per1
1138:             ls$ec/v
1139:             ls$residencia/paleao
1140: 
1141:          locs$adro
1142: 
1143:       o$27/12/1713/id=obitos-1713-his3534
1144: 
1145: o$obitos-1713-his3534
1145:          testamento$nao
1146: 
1147:          sacr$sim
1148: 
1149:          n$isabel francisca/f/id=obitos-1713-his3534-per1
1150: 
1151:             marido$jose goncalves/id=obitos-1713-his3534-per1-per2
1152:                ls$residencia/casal do espirito santo
1153: 
1154:          locs$ermida do divino espirito santo
1155: *** End of File
ERROR:  Could not find same_as id c12-7 referred in line 758. If  original reference is on another file use xsame_as

1  errors. 
1  warnings.
Translation finished.
