ClioInput - version @@VERSION@@ - build @@BUILD@@ @@DATE@@
13-6-2019 22-50

Processing data file ob1712.cli
-------------------------------------------
Generic Act translation module with geoentities (XML).
     Joaquim Ramos de Carvalho (joaquim@uc.pt) 
** New document: kleio
1: kleio$gacto2.str
=========================
kleio translation started
=========================
Structure: gacto2.str
Prefix: 
Autorel: 
Translation count: 
Obs: 
Translation count not set or invalid, counting as zero: 
2:    fonte$obitos-1712/tipo=reg paroquiais/localizacao=64v/data=17120000/obs=manuel rodrigues
3: 
** Processing source fonte$obitos-1712
4:       o$1/1/1712/id=obitos-1712-his3369
5: 
6: o$obitos-1712-his3369
6:          testamento$nao
7: 
8:          sacr$penitencia e e.u.%por nao haver tempo para mais
9: 
10:          n$maria travassos/f/id=obitos-1712-his3369-per1
11: 
12:             marido$pedro de eiro matoso/m/mesmo_que=peiro/id=obitos-1712-his3369-per1-per2

WARNING: ob1712.cli line 12 destination id of "same as" not found. Will check again at the end of file.
Near line: 12             marido$pedro de eiro matoso/m/mesmo_que=peiro/id=obitos-1712-his3369-per1-per2
Near line: 13                ls$residencia/soure

13:                ls$residencia/soure
14: 
15:          locs$ermida de s.francisco
16: 
17:       o$9/1/1712/id=obitos-1712-his3370
18: 
19: o$obitos-1712-his3370
19:          testamento$nao
20: 
21:          sacr$sim
22: 
23:          n$joao rodrigues/m/id=obitos-1712-his3370-per1
24:             ls$ec/v
25:             ls$residencia/casal novo
26: 
27:          oficios$1 razo
28: 
29:       o$12/1/1712/id=obitos-1712-his3371
30: 
31: o$obitos-1712-his3371
31:          testamento$nao
32: 
33:          sacr$nao
34: 
35:          causa$doenca prolongada
36: 
37:          n$maria rodrigues/f/id=obitos-1712-his3371-per1
38: 
39:             marido$antonio jorge/id=obitos-1712-his3371-per1-per2
40:                ls$residencia/casal novo
41: 
42:          locs$ermida de santo andre do casal novo
43: 
44:          oficios$3 razos
45: 
46:       o$12/1/1712/id=obitos-1712-his3372
47: 
48: o$obitos-1712-his3372
48:          n$manuel/m/id=on12011712/obs=logo apos nascer.
49: 
50:             pai$joao rodrigues/id=on12011712-per1
51:                ls$residencia/torre do sobral
52: 
53:             referido$manuel rodrigues/m/id=ro12011712
54:                ls$residencia/torre do sobral
55:                rel$sociabilidade/baptisou em necessidade/manuel/on12011712
56: 
57:          locs$ermida de s.miguel da torre do sobral
58: 
59:       o$12/1/1712/id=obitos-1712-his3373
60: 
61: o$obitos-1712-his3373
61:          n$maria/f/id=obitos-1712-his3373-per1
62:             ls$idade_aprox/15 dias
63: 
64:             mae$isabel/id=obitos-1712-his3373-per1-per2
65:                ls$ec/s
66:                rel$parentesco/filha/diogo jorge/or12011712
67: 
68:             referido$diogo jorge/m/id=or12011712
69:                ls$residencia/paleao
70: 
71:          locs$ermida de s.joao do paleao
72: 
73:       o$21/1/1712/id=obitos-1712-his3374
74: 
75: o$obitos-1712-his3374
75:          n$isabel/f/id=obitos-1712-his3374-per1
76:             ls$idade_aprox/4 meses
77: 
78:             pai$domingos lourenco/id=obitos-1712-his3374-per1-per2
79:                ls$residencia/casconho
80: 
81:          locs$igreja de nossa senhora de finisterra
82: 
83:       o$26/1/1712/id=obitos-1712-his3375
84: 
85: o$obitos-1712-his3375
85:          testamento$nao
86: 
87:          n$maria morena/f/id=obitos-1712-his3375-per1
88:             ls$ec/s
89: 
90:          locs$ermida de s.mateus
91: 
92:       o$30/1/1712/id=obitos-1712-his3376
93: 
94: o$obitos-1712-his3376
94:          testamento$nao
95: 
96:          sacr$penitencia e eucaristia%nao e.u. por que nao o procurou
97: 
98:          n$maria rodrigues/f/id=obitos-1712-his3376-per1
99:             ls$alcunha/bolorenta
100: 
101:             marido$sebastiao da silva/id=obitos-1712-his3376-per1-per2
102:                ls$residencia/soure
103: 
104:          locs$ermida de s.francisco
105: 
106:          oficios$49 missas
107: 
108:       o$8/2/1712/id=obitos-1712-his3377
109: 
110: o$obitos-1712-his3377
110:          testamento$nao
111: 
112:          sacr$sim
113: 
114:          n$catarina gomes/f/id=obitos-1712-his3377-per1
115:             ls$residencia/s.mateus
116:             rel$vizinhanca/co-residente/joao mendes/ro08021712
117: 
118:             referido$joao mendes/m/id=ro08021712
119:                ls$residencia/s.mateus
120: 
121:          locs$ermida de s.mateus
122: 
123:          oficios$16 missas
124: 
125:       o$11/2/1712/id=obitos-1712-his3378
126: 
127: o$obitos-1712-his3378
127:          testamento$nao
128: 
129:          sacr$sim
130: 
131:          n$maria goncalves raposo/f/id=obitos-1712-his3378-per1
132:             ls$residencia/casal das brancas
133: 
134:          locs$adro
135: 
136:          oficios$1 razo
137: 
138:       o$13/2/1712/id=obitos-1712-his3379
139: 
140: o$obitos-1712-his3379
140:          n$joao/m/id=obitos-1712-his3379-per1
141:             ls$idade/2
142: 
143:             pai$manuel de abreu/id=obitos-1712-his3379-per1-per2
144:                ls$residencia/paleao
145: 
146:          locs$ermida de s.joao
147: 
148:       o$17/2/1712/id=obitos-1712-his3380
149: 
150: o$obitos-1712-his3380
150:          testamento$nao
151: 
152:          sacr$sim
153: 
154:          n$jose velho/m/id=obitos-1712-his3380-per1
155:             ls$profissao/barbeiro
156:             ls$residencia/soure
157: 
158:          locs$igreja de s.tiago%cova de fabrica
159: 
160:       o$18/2/1712/id=obitos-1712-his3381
161: 
162: o$obitos-1712-his3381
162:          testamento$nao
163: 
164:          sacr$sim
165: 
166:          causa$doenca prolongado
167: 
168:          n$antonio martins pisarro/m/id=obitos-1712-his3381-per1
169:             ls$residencia/pinheiro
170: 
171:          locs$adro
172: 
173:          oficios$1 razo
174: 
175:       o$20/2/1712/id=obitos-1712-his3382
176: 
177: o$obitos-1712-his3382
177:          n$jose/m/id=obitos-1712-his3382-per1
178:             ls$idade_aprox/8 meses
179: 
180:             pai$luis manhos de abreu/m/mesmo_que=lmabreu/id=obitos-1712-his3382-per1-per2

WARNING: ob1712.cli line 180 destination id of "same as" not found. Will check again at the end of file.
Near line: 180             pai$luis manhos de abreu/m/mesmo_que=lmabreu/id=obitos-1712-his3382-per1-per2
Near line: 181                ls$nome/luis manhos

181:                ls$nome/luis manhos
182:                ls$residencia/soure
183: 
184:          locs$igreja de s.tiago%cova de fabrica
185: 
186:          oficios$1 missa cantada de corpo presente
187: 
188:       o$20/2/1712/id=obitos-1712-his3383
189: 
190: o$obitos-1712-his3383
190:          n$manuel/m/id=on20021712/obs=morreu apos o nascimento
191: 
192:             pai$francisco de carvalho/id=opai20021712
193:                ls$residencia/mogadouro
194: 
195:             referido$manuel goncalves branco/m/id=ro20021712
196:                ls$alcunha/velho
197:                ls$residencia/mogadouro
198:                rel$sociabilidade/baptisou em necessidade/manuel/on20021712
199:                rel$sociabilidade/baptisou em necessidade/maria/on20021712b
200: 
201:          locs$adro
202: 
203:       o$20/2/1712/id=obitos-1712-his3384
204: 
205: o$obitos-1712-his3384
205:          n$maria/f/id=on20021712b
206:             rel$parentesco/irma gemea/manuel/on20021712
207: 
208:             pai$francisco de carvalho/mesmo_que=opai20021712/id=on20021712b-per1
209: 
210:          locs$adro
211: 
212:       o$2/3/1712/id=obitos-1712-his3385
213: 
214: o$obitos-1712-his3385
214:          testamento$nao
215: 
216:          sacr$sim
217: 
218:          n$maria simoes/f/id=obitos-1712-his3385-per1
219: 
220:             marido$manuel rodrigues feijao/id=obitos-1712-his3385-per1-per2
221:                ls$residencia/casal dos feijoes
222: 
223:          locs$ermida de s.mateus
224: 
225:          oficios$3 de 9
226: 
227:       o$4/3/1712/id=obitos-1712-his3386
228: 
229: o$obitos-1712-his3386
229:          testamento$nao
230: 
231:          sacr$sim
232: 
233:          n$isabel francisca/f/id=obitos-1712-his3386-per1
234:             ls$alcunha/reclorta?
235:             ls$ec/v
236:             ls$residencia/soure
237: 
238:          locs$ermida de s.francisco
239: 
240:          oficios$1 razo
241: 
242:       o$4/3/1712/id=obitos-1712-his3387
243: 
244: o$obitos-1712-his3387
244:          n$luisa/f/id=obitos-1712-his3387-per1
245:             ls$idade/4
246: 
247:             pai$jose velho/id=obitos-1712-his3387-per1-per2
248:                ls$residencia/soure
249: 
250:          locs$igreja de nossa senhora de finisterra
251: 
252:       o$24/3/1712/id=obitos-1712-his3388
253: 
254: o$obitos-1712-his3388
254:          testamento$nao
255: 
256:          sacr$penitencia e eucaristia
257: 
258:          n$manuel francisco morais/m/id=obitos-1712-his3388-per1
259:             ls$residencia/paleao
260: 
261:          locs$ermida de s.joao do paleao
262: 
263:          oficios$1 razo
264: 
265:       o$30/3/1712/id=obitos-1712-his3389
266: 
267: o$obitos-1712-his3389
267:          n$caetana/f/id=obitos-1712-his3389-per1
268:             ls$idade/5
269: 
270:             pai$jose goncalves/id=obitos-1712-his3389-per1-per2
271:                ls$profissao/sapateiro
272:                ls$residencia/portela
273: 
274:          locs$adro
275: 
276:       o$11/4/1712/id=obitos-1712-his3390
277: 
278: o$obitos-1712-his3390
278:          testamento$nao
279: 
280:          sacr$sim
281: 
282:          n$isabel francisca/f/id=obitos-1712-his3390-per1
283:             ls$ec/v
284:             rel$parentesco/mae/jose nunes/or11041712
285: 
286:             referido$jose nunes/m/id=or11041712
287: 
288:          oficios$12 missas e 2 oficios razos
289: 
290:       o$18/4/1712/id=obitos-1712-his3391
291: 
292: o$obitos-1712-his3391
292:          n$joao/m/id=on18041712/obs=apos nascer
293: 
294:             pai$manuel simoes/id=on18041712-per1
295:                ls$residencia/alencarce
296: 
297:             referida$antonia gomes/f/id=or18041712
298:                rel$sociabilidade/baptisou em necessidade/joao/on18041712
299:                ls$residencia/alencarce
300: 
301:          locs$adro
302: 
303:       o$26/4/1712/obs=a seguir: visto em visita em 27-4-1712 - freire/id=obitos-1712-his3392
304: 
305: o$obitos-1712-his3392
305:          testamento$nao
306: 
307:          sacr$sim%menos o da eucaristia por nao ser possivel
308: 
309:          n$domingos pires/m/id=obitos-1712-his3392-per1
310:             ls$residencia/soure
311: 
312:          locs$adro
313: 
314:       o$28/4/1712/id=obitos-1712-his3393
315: 
316: o$obitos-1712-his3393
316:          testamento$nao
317: 
318:          sacr$sim
319: 
320:          n$joao francisco/m/id=obitos-1712-his3393-per1
321:             ls$residencia/casconho
322: 
323:          locs$igreja de nossa senhora de finisterra
324: 
325:          oficios$meios razos
326: 
327:       o$29/4/1712/id=obitos-1712-his3394
328: 
329: o$obitos-1712-his3394
329:          testamento$nao
330: 
331:          sacr$sim
332: 
333:          n$isabel rodrigues/f/id=obitos-1712-his3394-per1
334:             ls$ec/v
335:             ls$residencia/louzoes
336: 
337:          locs$igreja de s.tiago%cova de fabrica
338: 
339:          oficios$3 razos
340: 
341:       o$29/4/1712/id=obitos-1712-his3395
342: 
343: o$obitos-1712-his3395
343:          testamento$nao
344: 
345:          sacr$penitencia e e.u.
346: 
347:          n$manuel tome/m/id=obitos-1712-his3395-per1
348:             ls$residencia/brunhos, freguesia de brunhos
349:             ls$freguesia/brunhos
350:             ls$residencia/casal novo%de presente
351: 
352:          locs$ermida de santo andre de casal novo
353: 
354:          oficios$1 razo
355: 
356:       o$6/5/1712/id=obitos-1712-his3396
357: 
358: o$obitos-1712-his3396
358:          n$antonio antunes/m/id=obitos-1712-his3396-per1
359:             ls$residencia/cascao
360: 
361:          testamento$nao
362: 
363:          sacr$sim
364: 
365:          locs$igreja de s.tiago%cova de fabrica
366: 
367:          oficios$5 missas e 2,5 razos
368: 
369:       o$10/5/1712/id=obitos-1712-his3397
370: 
371: o$obitos-1712-his3397
371:          n$manuel/m/id=obitos-1712-his3397-per1
372:             ls$idade_aprox/10 meses
373: 
374:             pai$domingos goncalves/id=obitos-1712-his3397-per1-per2
375:                ls$residencia/melrical
376: 
377:          locs$ermida do espirito santo
378: 
379:       o$17/5/1712/id=obitos-1712-his3398
380: 
381: o$obitos-1712-his3398
381:          testamento$nao
382: 
383:          sacr$penitencia e e.u.%sem eucaristia por indisposicao corporal
384: 
385:          n$catarina/f/id=obitos-1712-his3398-per1
386:             rel$parentesco/irma/francisco goncalves/or17051712
387: 
388:             referido$francisco goncalves/m/id=or17051712
389:                ls$ec/s
390:                ls$residencia/casal dos fatacos
391: 
392:          oficios$1 razo
393: 
394:          locs$ermida do espirito santo
395: 
396:       o$17/5/1712/id=obitos-1712-his3399
397: 
398: o$obitos-1712-his3399
398:          testamento$nao
399: 
400:          sacr$sim
401: 
402:          n$isabel ferreira/f/id=obitos-1712-his3399-per1
403:             ls$profissao/ermitoa de nossa senhora dos anjos
404: 
405:          locs$ermida de nossa senhora dos anjos
406: 
407:       o$19/5/1712/id=obitos-1712-his3400
408: 
409: o$obitos-1712-his3400
409:          testamento$nao
410: 
411:          n$antonio mendes ravasco/m/id=obitos-1712-his3400-per1
412:             ls$titulo/licenciado
413:             ls$residencia/soure
414: 
415:          sacr$sim
416: 
417:          locs$igreja de s.tiago#em cova propria
418: 
419:       o$19/5/1712/id=obitos-1712-his3401
420: 
421: o$obitos-1712-his3401
421:          testamento$sim
422: 
423:          sacr$sim
424: 
425:          causa$doenca prolongada
426: 
427:          n$maria joao/f/id=obitos-1712-his3401-per1
428: 
429:             marido$manuel jorge/id=obitos-1712-his3401-per1-per2
430:                ls$residencia/canto de alencarce
431: 
432:          locs$adro
433: 
434:          oficios$3 razos
435: 
436:       o$25/5/1712/id=obitos-1712-his3402
437: 
438: o$obitos-1712-his3402
438:          testamento$nao
439: 
440:          sacr$sim
441: 
442:          n$maria de jesus pessoa/f/id=obitos-1712-his3402-per1
443:             ls$ec/v
444:             ls$residencia/soure
445: 
446:          locs$ermida de s.francisco
447: 
448:          oficios$1 de 9 de corpo presente
449: 
450:       o$31/5/1712/id=obitos-1712-his3403
451: 
452: o$obitos-1712-his3403
452:          testamento$nao
453: 
454:          sacr$sim
455: 
456:          n$mateus pereira/m/id=obitos-1712-his3403-per1
457:             ls$residencia/casal das brancas
458: 
459:          locs$ermida do espirito santo#por nela eleger sepultura
460: 
461:          oficios$2 razos
462: 
463:       o$5/6/1712/id=obitos-1712-his3404
464: 
465: o$obitos-1712-his3404
465:          testamento$nao
466: 
467:          sacr$sim
468: 
469:          n$maria de oliveira/f/id=obitos-1712-his3404-per1
470:             ls$alcunha/preta
471:             ls$residencia/soure
472: 
473:          locs$ermida de s.francisco
474: 
475:       o$7/6/1712/id=obitos-1712-his3405
476: 
477: o$obitos-1712-his3405
477:          sacr$penitencia e e.u.
478: 
479:          testamento$nao
480: 
481:          n$antonio simoes/m/id=obitos-1712-his3405-per1
482:             ls$residencia/casal do rolhao
483: 
484:          locs$adro
485: 
486:          oficios$3 razos
487: 
488:       o$9/6/1712/id=obitos-1712-his3406
489: 
490: o$obitos-1712-his3406
490:          testamento$nao
491: 
492:          causa$doenca prolongada
493: 
494:          sacr$penitencia e eucaristao#nao da e.u. por nao procurar
495: 
496:          n$manuel rodrigues/m/id=obitos-1712-his3406-per1
497:             ls$ec/v
498:             ls$residencia/alencarce
499: 
500:          locs$ermida de s.sebastiao
501: 
502:          oficios$3 razos
503: 
504:       o$13/6/1712/id=obitos-1712-his3407
505: 
506: o$obitos-1712-his3407
506:          testamento$ao
507: 
508:          sacr$penitencia e e.u.%por nao ter disposicao para mais
509: 
510:          n$maria madeira/f/id=obitos-1712-his3407-per1
511: 
512:             pai$joao duarte/id=obitos-1712-his3407-per1-per2
513:                ls$residencia/casal de alencarce
514: 
515:          locs$adro
516: 
517:          oficios$3 razos
518: 
519:       o$13/6/1712/id=obitos-1712-his3408
520: 
521: o$obitos-1712-his3408
521:          testamento$nao
522: 
523:          sacr$sim
524: 
525:          n$pedro cordeiro/m/id=obitos-1712-his3408-per1
526:             ls$residencia/casa velha
527: 
528:          locs$ermida de nossa senhora das neves
529: 
530:          oficios$3 de 9 , sendo 1 de corpo presente
531: 
532:       o$14/6/1712/id=obitos-1712-his3409
533: 
534: o$obitos-1712-his3409
534:          testamento$nao
535: 
536:          sacr$sim
537: 
538:          n$antonio joao/m/id=obitos-1712-his3409-per1
539:             ls$ec/v
540:             ls$residencia/bonitos
541: 
542:          locs$adro
543: 
544:          oficios$meios razos
545: 
546:       o$15/6/1712/id=obitos-1712-his3410
547: 
548: o$obitos-1712-his3410
548:          testamento$sim
549: 
550:          sacr$penitencia e e.u.#por nao haver lugar para mais
551: 
552:          n$pedro gomes/m/id=obitos-1712-his3410-per1
553:             ls$ec/v
554:             ls$residencia/paleao
555: 
556:          locs$igreja de s.tiago#cova de fabrica
557: 
558:          oficios$1 de 9, mais 2 razos
559: 
560:       o$21/6/1712/id=obitos-1712-his3411
561: 
562: o$obitos-1712-his3411
562:          testamento$nao
563: 
564:          sacr$sim
565: 
566:          n$francisca rosado/f/id=obitos-1712-his3411-per1
567:             ls$residencia/casa velha
568: 
569:          locs$ermida de nossa senhora das neves
570: 
571:          oficios$1 razo
572: 
573:       o$27/6/1712/id=obitos-1712-his3412
574: 
575: o$obitos-1712-his3412
575:          testamento$nao
576: 
577:          sacr$sim
578: 
579:          n$joao rodrigues/m/id=obitos-1712-his3412-per1
580:             ls$residencia/soure
581:             ls$profissao/barbeiro
582: 
583:          locs$ermida de s.francisco
584: 
585:          oficios$1 de 9 de corpo presente
586: 
587:       o$6/7/1712/id=obitos-1712-his3413
588: 
589: o$obitos-1712-his3413
589:          testamento$nao%declaro que tinha feito doacao
590: 
591:          sacr$sim
592: 
593:          n$isabel de alvelos ribeiro/f/id=obitos-1712-his3413-per1
594:             ls$titulo/dona
595:             ls$ec/v
596:             ls$residencia/soure
597: 
598:          locs$igreja de nossa senhora de finisterra%por nela eleger sepultura
599: 
600:          oficios$3 de 9
601: 
602:       o$17/7/1712/id=obitos-1712-his3414
603: 
604: o$obitos-1712-his3414
604:          testamento$nao
605: 
606:          sacr$sim
607: 
608:          n$maria mateus/f/id=obitos-1712-his3414-per1
609:             ls$ec/v
610:             ls$residencia/casal do malvado
611: 
612:          locs$igreja de s.tiago%cova da fabrica
613: 
614:          oficios$20 missas e 1 oficios de 9
615: 
616:       o$23/7/1712/id=obitos-1712-his3415
617: 
618: o$obitos-1712-his3415
618:          testamento$nao
619: 
620:          sacr$sim
621: 
622:          locf$hospital da misercordia
623: 
624:          n$joao gomes/m/id=obitos-1712-his3415-per1
625:             ls$pobre/sim
626:             ls$ec/s
627:             ls$residencia/montemor-o-velho, freguesia ?
628:             ls$freguesia/montemor-o-velho, freguesia ?
629: 
630:          locs$adro da misericordia
631: 
632:       o$24/7/1712/id=obitos-1712-his3416
633: 
634: o$obitos-1712-his3416
634:          testamento$nao
635: 
636:          sacr$sim
637: 
638:          n$joao cordeiro/m/id=obitos-1712-his3416-per1
639:             ls$residencia/casal dos louzoes
640: 
641:          locs$ermida de santo andre do casal novo
642: 
643:          oficios$meios razos
644: 
645:       o$2/8/1712/id=obitos-1712-his3417
646: 
647: o$obitos-1712-his3417
647:          testamento$nao
648: 
649:          sacr$penitencia e e.u.%por nao haver possibilidade para mais
650: 
651:          n$domingos goncalves/m/id=obitos-1712-his3417-per1
652:             ls$alcunha/cego
653:             ls$residencia/sobral
654: 
655:          locs$adro
656: 
657:       o$13/8/1712/id=obitos-1712-his3418
658: 
659: o$obitos-1712-his3418
659:          testamento$nao
660: 
661:          sacr$sim
662: 
663:          n$andre fernandes/m/id=obitos-1712-his3418-per1
664:             ls$ec/v
665:             ls$residencia/casal das brancas
666: 
667:          locs$ermida do espirito santo
668: 
669:          oficios$3 de 9
670: 
671:       o$19/8/1712/id=obitos-1712-his3419
672: 
673: o$obitos-1712-his3419
673:          n$sebastiao/m/obs=logo apos nascer/id=on19081712
674: 
675:             pai$jose de barros/id=on19081712-per1
676:                ls$residencia/soure
677: 
678:             mae$teresa marques/id=on19081712-per2
679: 
680:             referido$sebastiao goncalves/m/id=or19081712
681:                ls$residencia/soure
682:                rel$sociabilidade/baptisou em necessidade/sebastiao/on19081712
683: 
684:          locs$igreja de s.tiago%em cova de fabrica
685: 
686:       o$5/9/1712/id=obitos-1712-his3420
687: 
688: o$obitos-1712-his3420
688:          testamento$nao
689: 
690:          sacr$sim
691: 
692:          n$isabel mendes/f/id=obitos-1712-his3420-per1
693:             ls$ec/s
694:             ls$residencia/soure
695: 
696:          locs$igreja de s.tiago%cova de fabrica
697: 
698:       o$5/10/1712/id=obitos-1712-his3421
699: 
700: o$obitos-1712-his3421
700:          testamento$nao
701: 
702:          sacr$penitencia e eucaristia%nao procurou a e.u.
703: 
704:          n$manuel goncalves marinheiro/m/id=obitos-1712-his3421-per1
705:             ls$residencia/paleao
706: 
707:          locs$ermida de s.joao baptista
708: 
709:       o$10/10/1712/id=obitos-1712-his3422
710: 
711: o$obitos-1712-his3422
711:          n$isabel/f/id=obitos-1712-his3422-per1
712:             ls$idade/2
713: 
714:             pai$jose goncalves/id=obitos-1712-his3422-per1-per2
715:                ls$residencia/casal do espirito santo
716: 
717:             mae$isabel francisca/id=obitos-1712-his3422-per1-per3
718: 
719:          locs$ermida do casal do espirito santo
720: 
721:       o$11/10/1712/id=obitos-1712-his3423
722: 
723: o$obitos-1712-his3423
723:          n$maria/f/id=obitos-1712-his3423-per1
724:             ls$idade/3
725: 
726:             pai$leonardo fernandes/id=obitos-1712-his3423-per1-per2
727:                ls$residencia/casal do espirito santo
728: 
729:             mae$maria goncalves/id=obitos-1712-his3423-per1-per3
730: 
731:       o$17/10/1712/id=obitos-1712-his3424
732: 
733: o$obitos-1712-his3424
733:          n$francisca/f/id=obitos-1712-his3424-per1
734:             ls$idade_aprox/7 meses
735: 
736:             pai$jose martins/id=obitos-1712-his3424-per1-per2
737:                ls$residencia/paleao
738: 
739:          locs$ermida de s.joao baptista
740: 
741:       o$18/10/1712/id=obitos-1712-his3425
742: 
743: o$obitos-1712-his3425
743:          n$joao/m/id=obitos-1712-his3425-per1
744:             ls$idade_aprox/8 dias
745: 
746:             pai$gregorio ferreira/id=obitos-1712-his3425-per1-per2
747:                ls$residencia/casal da charneca
748: 
749:          locs$ermida do espirito santo
750: 
751:       o$20/10/1712/obs='a margem: "nao se encontrou assento de baptismo para se saber a idade por isso nao se fez oficio"/id=obitos-1712-his3426
752: 
753: o$obitos-1712-his3426
753:          n$jose/m/id=obitos-1712-his3426-per1
754:             ls$idade/7
755: 
756:             pai$antonio gomes/id=obitos-1712-his3426-per1-per2
757:                ls$residencia/paleao, sobrado
758: 
759:          locs$ermida de s.joao baptista
760: 
761:       o$25/10/1712/id=obitos-1712-his3427
762: 
763: o$obitos-1712-his3427
763:          testamento$nao
764: 
765:          sacr$sim
766: 
767:          causa$doenca prolongada
768: 
769:          n$antonia rodrigues caramona/f/id=obitos-1712-his3427-per1
770:             ls$residencia/portela
771: 
772:          locs$ermida de s.francisco
773: 
774:       o$27/10/1712/id=obitos-1712-his3428
775: 
776: o$obitos-1712-his3428
776:          n$manuel/m/id=obitos-1712-his3428-per1
777:             ls$idade/5
778: 
779:             pai$jose martins/id=obitos-1712-his3428-per1-per2
780:                ls$residencia/paleao
781: 
782:          locs$ermida de s.joao
783: 
784:       o$28/10/1712/id=obitos-1712-his3429
785: 
786: o$obitos-1712-his3429
786:          n$catarina/f/id=obitos-1712-his3429-per1
787:             ls$idade/12
788: 
789:             pai$manuel luis/id=obitos-1712-his3429-per1-per2
790:                ls$residencia/casais de s.mateus
791: 
792:          locs$ermida de s.mateus
793: 
794:          sacr$penitencia e e.u.%por nao poder comungar por impedimento da garganta
795: 
796:          oficios$1 razo
797: 
798:       o$7/11/1712/id=obitos-1712-his3430
799: 
800: o$obitos-1712-his3430
800:          testamento$nao
801: 
802:          sacr$penitencia%somente, por nao haver lugar para mais
803: 
804:          n$maria da costa/f/id=obitos-1712-his3430-per1
805:             ls$ec/v
806:             ls$residencia/assamassa
807: 
808:          locs$ermida do espirito santo
809: 
810:          oficios$1 razo
811: 
812:       o$12/12/1712/id=obitos-1712-his3431
813: 
814: o$obitos-1712-his3431
814:          testamento$numcupativo
815: 
816:          n$antonia gomes/f/id=obitos-1712-his3431-per1
817:             ls$ec/v
818:             ls$residencia/soure
819: 
820:          sacr$sim
821: 
822:          locs$adro
823: 
824:       o$13/11/1712/id=obitos-1712-his3432
825: 
826: o$obitos-1712-his3432
826:          n$maria/f/id=obitos-1712-his3432-per1
827:             ls$idade/4
828: 
829:             pai$jose cardoso/id=obitos-1712-his3432-per1-per2
830:                ls$residencia/paleao
831: 
832:          locs$ermida de s.joao baptista
833: 
834:       o$19/11/1712/id=obitos-1712-his3433
835: 
836: o$obitos-1712-his3433
836:          testamento$nao
837: 
838:          sacr$sim
839: 
840:          n$cecilia gomes/f/id=obitos-1712-his3433-per1
841: 
842:             marido$joao rodrigues montes/id=obitos-1712-his3433-per1-per2
843:                ls$residencia/casais de santo ildefonso
844: 
845:          locs$ermida de santo ildefonso
846: 
847:       o$21/11/1712/id=obitos-1712-his3434
848: 
849: o$obitos-1712-his3434
849:          n$jose/m/id=obitos-1712-his3434-per1
850:             ls$idade/12
851: 
852:             pai$jose martins/id=obitos-1712-his3434-per1-per2
853:                ls$residencia/paleao
854: 
855:          locs$ermida de s.joao do paleao
856: 
857:          sacr$nao%por nao chamarem
858: 
859:       o$22/11/1712/id=obitos-1712-his3435
860: 
861: o$obitos-1712-his3435
861:          n$joao/m/id=obitos-1712-his3435-per1
862:             ls$idade/1
863: 
864:             pai$manuel rodrigues/id=obitos-1712-his3435-per1-per2
865:                ls$residencia/casal da pencarpia%camparquia
866: 
867:          locs$adro
868: 
869:       o$25/11/1712/id=obitos-1712-his3436
870: 
871: o$obitos-1712-his3436
871:          n$isabel rodrigues/f/id=obitos-1712-his3436-per1
872: 
873:             marido$manuel de oliveira/id=obitos-1712-his3436-per1-per2
874:                ls$residencia/paleao
875: 
876:          locs$ermida de s.joao do paleao
877: 
878:          oficios$3 razos
879: 
880:       o$27/11/1712/id=obitos-1712-his3437
881: 
882: o$obitos-1712-his3437
882:          testamento$nao
883: 
884:          sacr$sim
885: 
886:          n$manuel joao/m/id=obitos-1712-his3437-per1
887:             ls$residencia/casalinhos
888: 
889:          locs$igreja de s.tiago%cova de fabrica
890: 
891:          oficios$3 razos
892: 
893:       o$28/11/1712/id=obitos-1712-his3438
894: 
895: o$obitos-1712-his3438
895:          testamento$nao
896: 
897:          sacr$sim
898: 
899:          n$maria luis/f/id=obitos-1712-his3438-per1
900: 
901:             marido$antonio joao/id=obitos-1712-his3438-per1-per2
902:                ls$residencia/casa velha
903: 
904:          locs$ermida de nossa senhora das neves%por nela eleger sepultura
905: 
906:          oficios$meios razos
907: 
908:       o$30/11/1712/id=obitos-1712-his3439
909: 
910: o$obitos-1712-his3439
910:          n$agostinho/m/id=obitos-1712-his3439-per1
911:             ls$idade/5
912: 
913:             pai$manuel rodrigues/id=obitos-1712-his3439-per1-per2
914:                ls$residencia/barril
915: 
916:          locs$ermida de s.mateus
917: 
918:       o$5/12/1712/obs=so' oficios/id=obitos-1712-his3440
919: 
920: o$obitos-1712-his3440
920:          oficios$1 de 9
921: 
922:          n$ana joao/f/id=obitos-1712-his3440-per1
923:             ls$residencia/porto coelheiro
924: 
925:          locs$tapeus
926: 
927:       o$11/12/1712/id=obitos-1712-his3441
928: 
929: o$obitos-1712-his3441
929:          n$mateus/m/id=obitos-1712-his3441-per1
930:             ls$idade_aprox/3 meses
931: 
932:             pai$jose rodrigues/id=obitos-1712-his3441-per1-per2
933:                ls$residencia/casal de galegos
934: 
935:          locs$ermida de s.francisco
936: 
937:       o$12/11/1712/id=obitos-1712-his3442
938: 
939: o$obitos-1712-his3442
939:          n$francisco/m/id=obitos-1712-his3442-per1
940:             ls$idade/6
941: 
942:             pai$jose marques/id=obitos-1712-his3442-per1-per2
943:                ls$residencia/soure
944: 
945:          locs$ermida de s.francisco
946: 
947:       o$17/12/1712/id=obitos-1712-his3443
948: 
949: o$obitos-1712-his3443
949:          testamento$nao
950: 
951:          sacr$sim
952: 
953:          n$maria goncalves/f/id=obitos-1712-his3443-per1
954:             ls$ec/v
955:             ls$alcunha/painca
956:             ls$residencia/casal das brancas
957: 
958:          locs$ermida do espirito santo
959: 
960:          oficios$2 razos
961: 
962:       o$17/12/1712/id=obitos-1712-his3444
963: 
964: o$obitos-1712-his3444
964:          testamento$nao
965: 
966:          sacr$penitencia e e.u.%por nao estar capaz de comungar
967: 
968:          n$joao francisco/m/id=obitos-1712-his3444-per1
969:             ls$residencia/simoes
970: 
971:          locs$ermida de sao lourenco
972: 
973:          oficios$2 e meio razos
974: 
975:       o$22/12/1712/id=obitos-1712-his3445
976: 
977: o$obitos-1712-his3445
977:          testamento$nao
978: 
979:          sacr$penitencia%somente, por nao haver tempo
980: 
981:          n$manuel coelho cardoso/m/id=obitos-1712-his3445-per1
982:             ls$profissao/padre
983:             ls$residencia/soure
984: 
985:          locs$ermida de s.sebastiao
986: 
987:       o$24/12/1712/id=obitos-1712-his3446
988: 
989: o$obitos-1712-his3446
989:          n$matias/m/id=obitos-1712-his3446-per1
990:             ls$idade/3
991: 
992:             pai$manuel goncalves vargas/id=obitos-1712-his3446-per1-per2
993:                ls$residencia/soure
994: 
995:          locs$igreja de nossa senhora de finisterra
996: 
997:       o$26/12/1712/id=obitos-1712-his3447
998: 
999: o$obitos-1712-his3447
999:          testamento$nuncupativo
1000: 
1001:          sacr$sim
1002: 
1003:          n$isabel machado/f/id=obitos-1712-his3447-per1
1004:             ls$ec/v
1005:             ls$residencia/soure
1006: 
1007:          locs$ermida de s.francisco
1008: 
1009:          oficios$1 de 9
1010: 
1011:       o$27/12/1712/id=obitos-1712-his3448
1012: 
1013: o$obitos-1712-his3448
1013:          n$antonia/f/id=obitos-1712-his3448-per1
1014:             ls$idade/7
1015: 
1016:             pai$antonio pereira/id=obitos-1712-his3448-per1-per2
1017:                ls$residencia/paleao
1018: 
1019:          sacr$nao%por nao chamarem
1020: 
1021:          locs$ermida de s.joao baptista
1022: 
1023:          oficios$1 razo
1024: 
1025:       o$29/12/1712/id=obitos-1712-his3449
1026: 
1027: o$obitos-1712-his3449
1027:          testamento$nao
1028: 
1029:          sacr$sim
1030: 
1031:          n$francisco rodrigues trebelho/m/id=obitos-1712-his3449-per1
1032:             ls$residencia/simoes
1033: 
1034:          locs$ermida de s.lourenco%por eleger nela sepultura
1035: *** End of File
ERROR:  Could not find same_as id peiro referred in line 13. If  original reference is on another file use xsame_as

ERROR:  Could not find same_as id lmabreu referred in line 181. If  original reference is on another file use xsame_as

2  errors. 
2  warnings.
Translation finished.
