ClioInput - version @@VERSION@@ - build @@BUILD@@ @@DATE@@
13-6-2019 22-50

Processing data file ob1717.cli
-------------------------------------------
Generic Act translation module with geoentities (XML).
     Joaquim Ramos de Carvalho (joaquim@uc.pt) 
** New document: kleio
1: kleio$gacto2.str/translations=2
=========================
kleio translation started
=========================
Structure: gacto2.str
Prefix: 
Autorel: 
Translation count: 2
Obs: 
2:    fonte$obitos-1717/tipo=reg paroquiais/localizacao=24v/data=17170000/obs=padre manuel rodrigues
3: 
** Processing source fonte$obitos-1717
4:       o$4/1/1717/id=obitos-1717-his3864
5: 
6: o$obitos-1717-his3864
6:          n$tomas/m/id=obitos-1717-his3864-per1
7:             ls$idade_aprox/6 meses
8: 
9:             pai$diogo leal/id=obitos-1717-his3864-per1-per2
10:                ls$residencia/casal da charneca
11: 
12:          locs$adro
13: 
14:       o$5/1/1717/id=obitos-1717-his3865
15: 
16: o$obitos-1717-his3865
16:          n$mariana/f/id=obitos-1717-his3865-per1
17:             ls$idade_aprox/10 meses
18: 
19:             pai$miguel rodrigues/id=obitos-1717-his3865-per1-per2
20:                ls$residencia/sobral
21: 
22:          locs$ermida de s.miguel
23: 
24:       o$13/1/1717/obs=padre manuel duarte#capelao/id=obitos-1717-his3866
25: 
26: o$obitos-1717-his3866
26:          n$antonio/m/id=obitos-1717-his3866-per1
27:             ls$idade/15
28: 
29:             pai$joao goncalves/id=obitos-1717-his3866-per1-per2
30:                ls$morto/antes
31: 
32:             mae$domingas rainha/id=obitos-1717-his3866-per1-per3
33:                ls$residencia/sobral
34:                ls$ec/v
35: 
36:       o$15/1/1717/id=obitos-1717-his3867
37: 
38: o$obitos-1717-his3867
38:          n$jose/m/id=obitos-1717-his3867-per1
39:             ls$idade/1
40: 
41:             pai$antonio rodrigues/id=obitos-1717-his3867-per1-per2
42:                ls$residencia/moinhos do paleao
43: 
44:             mae$isabel jorge/id=obitos-1717-his3867-per1-per3
45: 
46:          locs$ermida de s.joao do paleao
47: 
48:       o$16/1/1717/id=obitos-1717-his3868
49: 
50: o$obitos-1717-his3868
50:          testamento$nao
51: 
52:          sacr$sim
53: 
54:          n$domingos aires/m/id=obitos-1717-his3868-per1
55:             ls$residencia/lajem
56: 
57:          locs$ermida de s.jose
58: 
59:          oficios$1 razo
60: 
61:       o$20/1/1717/id=obitos-1717-his3869
62: 
63: o$obitos-1717-his3869
63:          sacr$sim
64: 
65:          n$ascenso rodrigues/m/id=obitos-1717-his3869-per1
66:             ls$naturalidade/lajem
67:             ls$residencia/alencarce de cima
68: 
69:          locs$ermida de santo tirso
70: 
71:          oficios$3 razos de 3
72: 
73:       o$25/1/1717/id=obitos-1717-his3870
74: 
75: o$obitos-1717-his3870
75:          n$maria/f/id=obitos-1717-his3870-per1
76:             ls$idade/0/obs=faleceu no dia em que nasceu
77: 
78:             pai$antonio vaz/id=obitos-1717-his3870-per1-per2
79:                ls$residencia/pouca pena
80: 
81:             mae$francisca goncalves/id=obitos-1717-his3870-per1-per3
82: 
83:          locs$adro
84: 
85:       o$3/2/1717/obs=padre manuel rodrigues/id=obitos-1717-his3871
86: 
87: o$obitos-1717-his3871
87:          testamento$nao
88: 
89:          sacr$penitencia e extrema uncao%e nao eucaristia por chamarem muito tarde
90: 
91:          n$francisca rodrigues/f/id=obitos-1717-his3871-per1
92:             ls$ec/v
93:             ls$residencia/casal da venda
94: 
95:          locs$adro
96: 
97:          oficios$1 razo
98: 
99:       o$11/2/1717/id=obitos-1717-his3872
100: 
101: o$obitos-1717-his3872
101:          n$nome desconhecido/m/id=on11021717
102:             ls$idade/0/obs=nado morto
103: 
104:             pai$domingos joao hospitaleiro/id=on11021717-per1
105:                ls$residencia/soure
106: 
107:             referida$maria gomes/f/id=or11021717
108:                rel$sociabilidade/baptisou em necessidade/nome desconhecido/on11021717/obs=ainda no ventre da mae
109: 
110:          locs$adro
111: 
112:       o$13/2/1717/id=obitos-1717-his3873
113: 
114: o$obitos-1717-his3873
114:          testamento$nao
115: 
116:          sacr$sim
117: 
118:          n$domingos joao/m/id=on13021717
119:             ls$residencia/casal da venda
120: 
121:          locs$adro
122: 
123:          oficios$1 razo
124: 
125:       o$14/2/1717/id=obitos-1717-his3874
126: 
127: o$obitos-1717-his3874
127:          testamento$nao
128: 
129:          sacr$penitencia e eucaristia%nao extrema uncao por nao procurar
130: 
131:          n$maria nogueira/f/id=obitos-1717-his3874-per1
132:             ls$residencia/casal da venda
133: 
134:             marido$domingos joao/mesmo_que=on13021717/id=obitos-1717-his3874-per1-per2
135:                ls$morto/antes
136: 
137:          locs$adro
138: 
139:          oficios$1 razo
140: 
141:       o$14/2/1717/id=obitos-1717-his3875
142: 
143: o$obitos-1717-his3875
143:          causa$doenca prolongada
144: 
145:          sacr$sim
146: 
147:          n$luis rodrigues/m/id=obitos-1717-his3875-per1
148:             ls$residencia/casais do espirito santo
149: 
150:          locs$ermidao d divino espirito santo
151: 
152:          oficios$3 de 9
153: 
154:       o$15/3/1717/id=obitos-1717-his3876
155: 
156: o$obitos-1717-his3876
156:          testamento$doacao em que dispos por bem da sua alma
157: 
158:          sacr$sim
159: 
160:          n$maria veloso/f/id=obitos-1717-his3876-per1
161:             ls$ec/v
162: 
163:             marido$manuel lopes de lima/id=obitos-1717-his3876-per1-per2
164:                ls$titulo/doutor
165:                ls$residencia/soure
166:                ls$morto/antes
167: 
168:          locs$ermida de s.francisco
169: 
170:          oficios$3 de 9#1 de corpo presente
171: 
172:       o$20/3/1717/id=obitos-1717-his3877
173: 
174: o$obitos-1717-his3877
174:          n$maria/f/id=obitos-1717-his3877-per1
175:             ls$idade/1
176: 
177:             pai$joao de brito/m/id=obitos-1717-his3877-per1-per2
178:                ls$residencia/sobral
179: 
180:          locs$adro
181: 
182:       o$24/3/1717/id=obitos-1717-his3878
183: 
184: o$obitos-1717-his3878
184:          testamento$nao
185: 
186:          sacr$sim
187: 
188:          n$isabel ferreira/f/id=obitos-1717-his3878-per1
189: 
190:             marido$domingos goncalves/id=obitos-1717-his3878-per1-per2
191:                ls$residencia/alencarce de baixo
192: 
193:          locs$igreja de s.tiago%em cova de fabrica
194: 
195:          oficios$1 de 9
196: 
197:       o$26/3/1717/id=obitos-1717-his3879
198: 
199: o$obitos-1717-his3879
199:          n$isabel/f/id=on26031717
200:             ls$idade/0/obs=faleceu pouco dias depois de nascer
201: 
202:             pai$lourenco rodrigues/id=on26031717-per1
203:                ls$residencia/vale da borra
204: 
205:             referido$tome goncalves/m/id=or26031717
206:                ls$residencia/vale da borra
207:                rel$sociabilidade/baptisou em necessidade/isabel/on26031717
208: 
209:          locs$adro
210: 
211:       o$5/4/1717/id=obitos-1717-his3880
212: 
213: o$obitos-1717-his3880
213:          n$maria/f/id=obitos-1717-his3880-per1
214:             ls$idade_aprox/2 meses
215: 
216:             pai$manuel goncalves/id=obitos-1717-his3880-per1-per2
217:                ls$alcunha/moco
218:                ls$residencia/leonel
219: 
220:          locs$ermida de s.jose do pinheiro
221: 
222:       o$7/4/1717/id=obitos-1717-his3881
223: 
224: o$obitos-1717-his3881
224:          n$catarina/f/id=on07041717
225:             ls$engeitada/sim
226:             ls$idade_aprox/7 meses
227: 
228:             referida$nome desconhecido/f/id=or07041717
229:                rel$profissional/ama/catarina/on07041717/obs=por ordem da camara
230:                rel$parentesco/mulher/antonio rodrigues/or07041717b
231: 
232:             referido$antonio rodrigues/m/id=or07041717b
233:                ls$residencia/becos
234: 
235:          locs$adro
236: 
237:       o$10/4/1717/id=obitos-1717-his3882
238: 
239: o$obitos-1717-his3882
239:          testamento$nao
240: 
241:          sacr$penitencia e extrema uncao%por nao haver tempo para mais
242: 
243:          n$maria simoes/f/id=obitos-1717-his3882-per1
244:             ls$ec/v
245:             ls$residencia/alencarce de cima
246: 
247:          locs$ermida de santo tirso
248: 
249:          oficios$3 razos de 3 licoes
250: 
251:       o$11/4/1717/id=obitos-1717-his3883
252: 
253: o$obitos-1717-his3883
253:          n$clemente/m/id=obitos-1717-his3883-per1
254:             ls$idade_aprox/2 meses
255: 
256:             pai$manuel rodrigues marmeleiro/id=opai11041717
257:                ls$residencia/casal de alencarce de cima
258: 
259:          locs$adro
260: 
261:       o$13/4/1717/id=obitos-1717-his3884
262: 
263: o$obitos-1717-his3884
263:          n$jose/m/id=obitos-1717-his3884-per1
264:             ls$idade_aprox/2 meses
265: 
266:             pai$manuel rodrigues marmeleiro/mesmo_que=opai11041717/id=obitos-1717-his3884-per1-per2
267: 
268:          locs$adro
269: 
270:       o$23/4/1717/id=obitos-1717-his3885
271: 
272: o$obitos-1717-his3885
272:          testamento$nao
273: 
274:          sacr$sim
275: 
276:          n$antonia da conceicao/f/id=obitos-1717-his3885-per1
277: 
278:             marido$tome goncalves/id=obitos-1717-his3885-per1-per2
279:                ls$residencia/vale da borra
280: 
281:          locs$ermida de s.francisco
282: 
283:          oficios$1 de 9
284: 
285:       o$9/5/1717/id=obitos-1717-his3886
286: 
287: o$obitos-1717-his3886
287:          n$antonia/f/id=obitos-1717-his3886-per1
288:             ls$idade/2
289: 
290:             pai$tome goncalves/id=obitos-1717-his3886-per1-per2
291:                ls$ec/v
292:                ls$residencia/vale da borra
293: 
294:          locs$adro
295: 
296:       o$11/5/1717/id=obitos-1717-his3887
297: 
298: o$obitos-1717-his3887
298:          sacr$penitencia e da eucaristia% e nao da extrema uncao por nao procurar
299: 
300:          testamento$nao
301: 
302:          n$maria rodrigues/f/id=obitos-1717-his3887-per1
303: 
304:             marido$manuel goncalves/id=obitos-1717-his3887-per1-per2
305:                ls$residencia/vale da borra
306: 
307:          locs$adro
308: 
309:          oficios$1 razo
310: 
311:       o$19/5/1717/id=obitos-1717-his3888
312: 
313: o$obitos-1717-his3888
313:          n$maria/f/id=obitos-1717-his3888-per1
314:             ls$idade_aprox/12 dias
315: 
316:             pai$simao madeira/id=obitos-1717-his3888-per1-per2
317:                ls$residencia/alencarce de cima
318: 
319:          locs$ermida de santo tirso
320: 
321:       o$27/5/1717/id=obitos-1717-his3889
322: 
323: o$obitos-1717-his3889
323:          testamento$nao
324: 
325:          sacr$penitencia e extrema uncao%e nao eucaristia por morrer apressadamente
326: 
327:          n$feliciana goncalves/f/id=obitos-1717-his3889-per1
328: 
329:             marido$pedro rodrigues/id=obitos-1717-his3889-per1-per2
330:                ls$residencia/vale da borra
331: 
332:          locs$adro
333: 
334:          oficios$2 razos
335: 
336:       o$30/5/1717/id=obitos-1717-his3890
337: 
338: o$obitos-1717-his3890
338:          testamento$nao
339: 
340:          sacr$sim
341: 
342:          n$manuel simoes/m/id=obitos-1717-his3890-per1
343:             ls$residencia/casa velha
344: 
345:          locs$ermida de senhora das neves%por nela eleger sepultura
346: 
347:          oficios$1 de 9
348: 
349:       o$8/6/1717/id=obitos-1717-his3891
350: 
351: o$obitos-1717-his3891
351:          testamento$nao
352: 
353:          sacr$sim
354: 
355:          n$sebastiana manuel/f/id=obitos-1717-his3891-per1
356: 
357:             marido$domingos cordeiro/id=obitos-1717-his3891-per1-per2
358:                ls$residencia/casal novo
359: 
360:          locs$ermida de santo andre do casal novo
361: 
362:          oficios$3 de 9
363: 
364:       o$14/6/1717/obs=so oficios/id=obitos-1717-his3892
365: 
366: o$obitos-1717-his3892
366:          oficios$1 razo
367: 
368:          n$jose/m/id=obitos-1717-his3892-per1
369: 
370:             pai$luis gaspar/id=obitos-1717-his3892-per1-per2
371:                ls$residencia/venda nova
372: 
373:          locf$ausente da freguesia
374: 
375:       o$14/6/1717/obs=so oficios/id=obitos-1717-his3893
376: 
377: o$obitos-1717-his3893
377:          oficios$1 razo
378: 
379:          n$joao/m/id=obitos-1717-his3893-per1
380: 
381:             mae$maria rosada/id=obitos-1717-his3893-per1-per2
382:                ls$residencia/barrosos
383: 
384:          locf$ausente da freguesia
385: 
386:       o$15/6/1717/id=obitos-1717-his3894
387: 
388: o$obitos-1717-his3894
388:          testamento$nao
389: 
390:          sacr$sim
391: 
392:          n$isabel rodrigues/f/id=obitos-1717-his3894-per1
393: 
394:             marido$antonio gomes/id=obitos-1717-his3894-per1-per2
395:                ls$residencia/paleao
396:                ls$profissao/ferreiro
397: 
398:          locs$ermida de s.joao baptista
399: 
400:          oficios$3 de 9
401: 
402:       o$15/6/1717/obs=oficios/id=obitos-1717-his3895
403: 
404: o$obitos-1717-his3895
404:          oficios$1 razo
405: 
406:          n$manuel/m/id=obitos-1717-his3895-per1
407: 
408:             pai$antonio goncalves/id=obitos-1717-his3895-per1-per2
409:                ls$residencia/presa
410: 
411:          locf$ausente
412: 
413:       o$15/6/1717/obs=so' oficios/id=obitos-1717-his3896
414: 
415: o$obitos-1717-his3896
415:          oficios$1 razo
416: 
417:          n$simao rodrigues/m/id=obitos-1717-his3896-per1
418:             ls$residencia/casal da fonte do espirito santo
419: 
420:          causa$ausente#ha mais de 15 anos presume-se morto
421: 
422:       o$17/6/1717/obs=so' oficios/id=obitos-1717-his3897
423: 
424: o$obitos-1717-his3897
424:          oficios$3 de 9
425: 
426:          n$jose marques de oliveira/m/id=obitos-1717-his3897-per1
427:             ls$residencia/soure
428:             ls$profissao/padre
429: 
430:          locf$lisboa
431: 
432:       o$23/6/1717/id=obitos-1717-his3898
433: 
434: o$obitos-1717-his3898
434:          n$jose/m/id=obitos-1717-his3898-per1
435:             ls$idade/2
436: 
437:             pai$pedro rodrigues navarro/id=obitos-1717-his3898-per1-per2
438:                ls$residencia/vale da borra
439: 
440:          locs$adro
441: 
442:       o$30/6/1717/id=obitos-1717-his3899
443: 
444: o$obitos-1717-his3899
444:          testamento$nao
445: 
446:          sacr$sim
447: 
448:          n$manuel goncalves/m/id=obitos-1717-his3899-per1
449:             ls$residencia/vale da borra
450: 
451:          locs$adro
452: 
453:          oficios$1 razo
454: 
455:       o$4/7/1717/id=obitos-1717-his3900
456: 
457: o$obitos-1717-his3900
457:          causa$doenca prolongada
458: 
459:          testamento$nao
460: 
461:          sacr$sim
462: 
463:          n$isabel/f/id=obitos-1717-his3900-per1
464:             ls$ec/s
465: 
466:             pai$joao gomes/id=obitos-1717-his3900-per1-per2
467:                ls$residencia/casal de alencarce de cima
468: 
469:          locs$adro
470: 
471:          oficios$1 razo de 3
472: 
473:       o$6/7/1717/id=obitos-1717-his3901
474: 
475: o$obitos-1717-his3901
475:          n$jose/m/id=obitos-1717-his3901-per1
476:             ls$idade_aprox/9 meses
477: 
478:             pai$manuel luis/id=obitos-1717-his3901-per1-per2
479:                ls$residencia/vale da borra
480: 
481:          locs$adro
482: 
483:       o$17/7/1717/id=obitos-1717-his3902
484: 
485: o$obitos-1717-his3902
485:          testamento$nao
486: 
487:          sacr$sim
488: 
489:          n$joao manco/m/id=obitos-1717-his3902-per1
490:             ls$ec/s
491:             ls$residencia/soure
492: 
493:          locs$adro da misericordia
494: 
495:          oficios$1 razo de 3
496: 
497:       o$17/7/1717/id=obitos-1717-his3903
498: 
499: o$obitos-1717-his3903
499:          testamento$nao
500: 
501:          sacr$sim
502: 
503:          n$isabel francisca/f/id=obitos-1717-his3903-per1
504:             ls$ec/v
505:             ls$residencia/sobral
506: 
507:          locs$adro
508: 
509:          oficios$1 razo
510: 
511:       o$19/7/1717/id=obitos-1717-his3904
512: 
513: o$obitos-1717-his3904
513:          testamento$nao
514: 
515:          sacr$sim
516: 
517:          n$maria goncalves/f/id=obitos-1717-his3904-per1
518: 
519:             marido$joao luis/id=obitos-1717-his3904-per1-per2
520:                ls$residencia/vale da borra
521: 
522:          locs$adro
523: 
524:          oficios$1 de 9
525: 
526:       o$20/7/1717/id=obitos-1717-his3905
527: 
528: o$obitos-1717-his3905
528:          testamento$nao
529: 
530:          n$guiomar travassos/f/id=obitos-1717-his3905-per1
531: 
532:             marido$manuel goncalves galhardo/id=obitos-1717-his3905-per1-per2
533:                ls$residencia/amoreira
534: 
535:          sacr$nao%por se achar morta na cama
536: 
537:          causa$acidente
538: 
539:          locs$ermida do divino espirito santo
540: 
541:          oficios$3 de 9
542: 
543:       o$22/7/1717/id=obitos-1717-his3906
544: 
545: o$obitos-1717-his3906
545:          testamento$nao
546: 
547:          sacr$penitencia e eucaristia%e nao extrema uncao por nao procurarem a tempo
548: 
549:          n$maria da silva/f/id=obitos-1717-his3906-per1
550:             ls$ec/v
551:             ls$residencia/vale da borra
552: 
553:          locs$adro
554: 
555:          oficios$1 razo
556: 
557:       o$24/7/1717/id=obitos-1717-his3907
558: 
559: o$obitos-1717-his3907
559:          testamento$nao
560: 
561:          sacr$sim
562: 
563:          n$jose da silva/m/id=obitos-1717-his3907-per1
564:             ls$profissao/estudante
565:             ls$residencia/vale da borra
566: 
567:          locs$adro
568: 
569:          oficios$1 razo
570: 
571:       o$24/7/1717/id=obitos-1717-his3908
572: 
573: o$obitos-1717-his3908
573:          sacr$penitencia e extrema uncao%e nao eucaristia por nao procurar nem ser capaz
574: 
575:          n$jose/m/id=obitos-1717-his3908-per1
576:             ls$idade/12
577: 
578:             mae$paula coelho/f/id=obitos-1717-his3908-per1-per2
579:                ls$ec/v
580:                ls$residencia/soure
581: 
582:          locs$adro
583: 
584:          oficios$1 razo de 3
585: 
586:       o$3/8/1717/id=obitos-1717-his3909
587: 
588: o$obitos-1717-his3909
588:          testamento$nao
589: 
590:          sacr$sim
591: 
592:          n$maria cardoso/f/id=obitos-1717-his3909-per1
593:             ls$ec/v
594:             ls$residencia/porto coelheiro
595: 
596:          locs$igreja de s.tiago%em cova de fabrica
597: 
598:          oficios$3 de 9 um deles de corpo presente
599: 
600:       o$4/8/1717/id=obitos-1717-his3910
601: 
602: o$obitos-1717-his3910
602:          testamento$nao
603: 
604:          sacr$sim
605: 
606:          n$domingas dias/f/id=obitos-1717-his3910-per1
607:             ls$alcunha/vigieira
608:             ls$ec/s
609:             ls$residencia/soure
610: 
611:          locs$adro da misericordia
612: 
613:       o$12/8/1717/id=obitos-1717-his3911
614: 
615: o$obitos-1717-his3911
615:          n$maria/f/id=obitos-1717-his3911-per1
616:             ls$idade_aprox/1 mes
617: 
618:             pai$antonio rodrigues/id=obitos-1717-his3911-per1-per2
619:                ls$alcunha/ruivo
620:                ls$residencia/casal de alencarce de cima
621: 
622:          locs$ermida de santo tirso
623: 
624:       o$19/8/1717/id=obitos-1717-his3912
625: 
626: o$obitos-1717-his3912
626:          testamento$nao
627: 
628:          sacr$sim
629: 
630:          n$joao alvares/m/id=obitos-1717-his3912-per1
631:             ls$residencia/carvalheira de cima
632: 
633:          locs$ermida de santo ildefonso
634: 
635:          oficios$1 de 3
636: 
637:       o$31/8/1717/id=obitos-1717-his3913
638: 
639: o$obitos-1717-his3913
639:          causa$morreu afogado no rio junto aos moinhos do paleao
640: 
641:          n$manuel/m/id=obitos-1717-his3913-per1
642:             ls$idade/5
643: 
644:             pai$antonio rodrigues feijao/id=obitos-1717-his3913-per1-per2
645:                ls$residencia/paleao
646: 
647:          locs$ermida de s.joao do palea
648: 
649:       o$2/9/1717/id=obitos-1717-his3914
650: 
651: o$obitos-1717-his3914
651:          testamento$nao
652: 
653:          sacr$penitencia e extrema uncao%e nao eucaristia por nao haver tempo
654: 
655:          n$isabel domingues/f/id=obitos-1717-his3914-per1
656: 
657:             marido$alexandre francisco/id=obitos-1717-his3914-per1-per2
658:                ls$residencia/fonte da bica
659: 
660:          locs$adro
661: 
662:          oficios$1 de 9
663: 
664:       o$9/9/1717/id=obitos-1717-his3915
665: 
666: o$obitos-1717-his3915
666:          testamento$nao
667: 
668:          sacr$sim
669: 
670:          n$jose da rocha manrique/m/id=obitos-1717-his3915-per1
671:             ls$residencia/quinta de mariscas#sua quinta
672: 
673:          locs$igreja de s.tiago%em cova de fabrica
674: 
675:          oficios$3 de 9 1 de corpo presente
676: 
677:       o$12/9/1717/id=obitos-1717-his3916
678: 
679: o$obitos-1717-his3916
679:          testamento$nao
680: 
681:          sacr$sim
682: 
683:          n$isabel goncalves/f/id=obitos-1717-his3916-per1
684:             ls$ec/v
685:             ls$residencia/assamassa
686: 
687:          locs$ermida do espirito santo
688: 
689:          oficios$1 de 9
690: 
691:       o$13/9/1717/id=obitos-1717-his3917
692: 
693: o$obitos-1717-his3917
693:          testamento$nao
694: 
695:          sacr$penitencia%por nao haver tempo para mais
696: 
697:          n$isabel agostinha/f/id=on13091717
698:             ls$freguesia/lamas
699: 
700:             marido$domingos pires/id=on13091717-per1
701:                ls$residencia/fervencas, freguesia de lamas
702:                ls$freguesia/lamas
703: 
704:             referida$maria ferreira/f/id=or13091717
705:                ls$ec/v
706:                ls$residencia/casal do espirito santo
707:                rel$parentesco/filha/isabel agostinha/on13091717
708: 
709:          locs$ermida do espirito santo
710: 
711:          oficios$1 de 9
712: 
713:       o$16/9/1717/id=obitos-1717-his3918
714: 
715: o$obitos-1717-his3918
715:          testamento$nao
716: 
717:          sacr$sim
718: 
719:          n$isabel sarroa/f/id=obitos-1717-his3918-per1
720: 
721:          locs$igreja de s.tiago%em cova de fabrica
722: 
723:          oficios$1 razo de 3
724: 
725:       o$28/9/1717/id=obitos-1717-his3919
726: 
727: o$obitos-1717-his3919
727:          testamento$nao
728: 
729:          sacr$sim
730: 
731:          n$isabel simoes branca/f/id=obitos-1717-his3919-per1
732:             ls$ec/v
733:             ls$residencia/paleao
734: 
735:          locs$ermida de s.joao baptista
736: 
737:          oficios$1 razo de 3
738: 
739:       o$30/9/1717/id=obitos-1717-his3920
740: 
741: o$obitos-1717-his3920
741:          testamento$doacao em que dispos por bem da sua alma
742: 
743:          sacr$sim
744: 
745:          n$francisco jorge/m/id=obitos-1717-his3920-per1
746:             ls$ec/s
747:             ls$residencia/casal do espirito santo
748: 
749:          locs$ermida do divino espirito santo
750: 
751:          oficios$3 de 9
752: 
753:       o$5/10/1717/id=obitos-1717-his3921
754: 
755: o$obitos-1717-his3921
755:          n$jose/m/id=obitos-1717-his3921-per1
756:             ls$idade/4
757: 
758:             pai$jose goncalves castanheira/id=obitos-1717-his3921-per1-per2
759:                ls$residencia/casal de simao vaz#junto ao casal do senhor
760: 
761:          locs$adro
762: 
763:       o$22/10/1717/id=obitos-1717-his3922
764: 
765: o$obitos-1717-his3922
765:          n$isabel/f/id=obitos-1717-his3922-per1
766:             ls$idade/2#e meio
767: 
768:             pai$antonio da silva/id=obitos-1717-his3922-per1-per2
769:                ls$residencia/casal da amoreira
770: 
771:          locs$adro
772: 
773:       o$23/10/1717/id=obitos-1717-his3923
774: 
775: o$obitos-1717-his3923
775:          causa$doenca prolongada
776: 
777:          testamento$nao
778: 
779:          sacr$sim
780: 
781:          n$ana goncalves/f/id=obitos-1717-his3923-per1
782: 
783:             marido$luis ferreira/id=obitos-1717-his3923-per1-per2
784:                ls$residencia/lajem
785: 
786:          locs$igreja de s.tiago%em cova de fabrica
787: 
788:          oficios$3 de 9
789: 
790:       o$29/10/1717/id=obitos-1717-his3924
791: 
792: o$obitos-1717-his3924
792:          testamento$nao
793: 
794:          sacr$sim
795: 
796:          n$antonio simoes/m/id=obitos-1717-his3924-per1
797:             ls$alcunha/conde
798:             ls$residencia/porto coelheiro
799: 
800:          locs$ermida de s.sebastiao de porto coelheiro
801: 
802:          oficios$3 de 9
803: 
804:       o$13/11/1717/id=obitos-1717-his3925
805: 
806: o$obitos-1717-his3925
806:          n$manuel/m/id=obitos-1717-his3925-per1
807:             ls$idade_aprox/11 dias
808: 
809:             pai$manuel joao soeiro/id=obitos-1717-his3925-per1-per2
810:                ls$alcunha/moco
811:                ls$residencia/sobral
812: 
813:          locs$adro
814: 
815:       o$14/11/1717/id=obitos-1717-his3926
816: 
817: o$obitos-1717-his3926
817:          n$jeronimo/m/id=on14111717
818:             ls$engeitado/sim
819:             ls$idade_aprox/23 meses
820: 
821:             referida$nome desconhecido/f/id=or14111717
822:                rel$parentesco/mulher/domingos joao hospitaleiro/or14111717b
823:                rel$profissional/ama/jeronimo/on14111717/obs=por ordem da camara
824: 
825:             referido$domingos joao hospitaleiro/m/id=or14111717b
826:                ls$residencia/soure
827: 
828:          locs$adro
829: 
830:       o$14/11/1717/id=obitos-1717-his3927
831: 
832: o$obitos-1717-his3927
832:          n$antonio/m/id=obitos-1717-his3927-per1
833:             ls$idade/2
834: 
835:             pai$antonio leao/id=obitos-1717-his3927-per1-per2
836:                ls$residencia/pinheiro
837: 
838:          locs$adro
839: 
840:       o$7/12/1717/id=obitos-1717-his3928
841: 
842: o$obitos-1717-his3928
842:          testamento$nao
843: 
844:          causa$doenca prolongada
845: 
846:          sacr$sim
847: 
848:          n$maria jorge/f/id=obitos-1717-his3928-per1
849: 
850:             marido$manuel joao/id=obitos-1717-his3928-per1-per2
851:                ls$residencia/casalinhos
852: 
853:          locs$adro
854: 
855:          oficios$1 de 9
856: 
857:       o$12/12/1717/id=obitos-1717-his3929
858: 
859: o$obitos-1717-his3929
859:          causa$caiu de uma escada de um telhado abaixo
860: 
861:          testamento$nao
862: 
863:          sacr$penitencia e extrema uncao%por nao haver possibilidade para mais por ficar destituido ods sentidos
864: 
865:          n$miguel francisco/m/id=obitos-1717-his3929-per1
866:             ls$alcunha/preto
867:             ls$profissao/carpinteiro
868:             ls$residencia/soure
869: 
870:          locs$igreja de s.tiago%em cova de fabrica
871: 
872:          oficios$1 razo de 3
873: 
874:       o$14/12/1717/id=obitos-1717-his3930
875: 
876: o$obitos-1717-his3930
876:          testamento$doacao causa mortis em que dispos por bem da sua alma
877: 
878:          sacr$sim
879: 
880:          n$maria rodrigues/f/id=obitos-1717-his3930-per1
881: 
882:             marido$domingos rodrigues/id=obitos-1717-his3930-per1-per2
883:                ls$residencia/alencarce de cima
884: 
885:          locs$ermida de s.francisco
886: 
887:          oficios$3 de 9
888: 
889:       o$18/12/1717/id=obitos-1717-his3931
890: 
891: o$obitos-1717-his3931
891:          n$guiomar/f/id=obitos-1717-his3931-per1
892:             ls$idade/1#e meio
893: 
894:             pai$jose nunes/id=obitos-1717-his3931-per1-per2
895:                ls$residencia/casa velha
896: 
897:          locs$ermida de nossa senhora das neves
898: 
899:       o$20/12/1717/id=obitos-1717-his3932
900: 
901: o$obitos-1717-his3932
901:          testamento$nao
902: 
903:          sacr$sim
904: 
905:          n$antonio rodrigues sereno/m/id=obitos-1717-his3932-per1
906:             ls$residencia/sobral
907: 
908:          locs$adro
909: 
910:          oficios$1 razo de 3
911: 
912:       o$21/12/1717/id=obitos-1717-his3933
913: 
914: o$obitos-1717-his3933
914:          n$nome desconhecido/m/id=on21121717
915:             ls$idade/0/obs=faleceu ao nascer
916: 
917:             pai$jose rodrigues feijao/id=on21121717-per1
918:                ls$residencia/casais de s.mateus
919: 
920:          locs$adro
921: 
922:          referida$maria gomes/f/id=or21121717
923:             ls$ec/v
924:             ls$residencia/soure
925:             rel$sociabilidade/baptisou em necessidade/nome desconhecido/on21121717
926: 
927:       o$26/12/1717/id=obitos-1717-his3934
928: 
929: o$obitos-1717-his3934
929:          testamento$nuncupativo
930: 
931:          sacr$sim
932: 
933:          n$brites goncalves/f/id=obitos-1717-his3934-per1
934:             ls$residencia/vale da borra
935: 
936:             marido$manuel jorge da silva/id=obitos-1717-his3934-per1-per2
937:                ls$residencia/soure
938: 
939:          locs$igreja de s.tiago%em cova de fabrica
940: 
941:          oficios$1 de 9
942: *** End of File
** Processed file- /Users/jrc/mhk-home/sources/soure/soure-sources/sources/soure_fase1/obitos/ob1717.cli
** Original file- /Users/jrc/mhk-home/sources/soure/soure-sources/sources/soure_fase1/obitos/ob1717.org
** Previous version- /Users/jrc/mhk-home/sources/soure/soure-sources/sources/soure_fase1/obitos/ob1717.old
** Temp file with ids- /Users/jrc/mhk-home/sources/soure/soure-sources/sources/soure_fase1/obitos/ob1717.ids
0  errors. 
0  warnings.
Translation finished.
