ClioInput - version 2019.A1 - build 507 15/07/2019 21:58 
7-4-2020 18-19

Processing data file ob1706.cli
-------------------------------------------
Generic Act translation module with geoentities (XML).
     Joaquim Ramos de Carvalho (joaquim@uc.pt) 
** New document: kleio
=========================
kleio translation started
=========================
Structure: gacto2.str
Prefix: 
Autorel: 
Translation count: 4
Obs: 
** Processing source fonte$obitos-1706
6: o$obitos-1706-his2995
18: o$obitos-1706-his2996
28: o$obitos-1706-his2997
39: o$obitos-1706-his2998
51: o$obitos-1706-his2999
70: o$obitos-1706-his3000
81: o$obitos-1706-his3001
92: o$obitos-1706-his3002
103: o$obitos-1706-his3003
115: o$obitos-1706-his3004
128: o$obitos-1706-his3005
139: o$obitos-1706-his3006
152: o$obitos-1706-his3007
165: o$obitos-1706-his3008
178: o$obitos-1706-his3009
192: o$obitos-1706-his3010
203: o$obitos-1706-his3011
217: o$obitos-1706-his3012
228: o$obitos-1706-his3013
236: o$obitos-1706-his3014
246: o$obitos-1706-his3015
257: o$obitos-1706-his3016
270: o$obitos-1706-his3017
283: o$obitos-1706-his3018
296: o$obitos-1706-his3019
305: o$obitos-1706-his3020
317: o$obitos-1706-his3021
328: o$obitos-1706-his3022
339: o$obitos-1706-his3023
353: o$obitos-1706-his3024
364: o$obitos-1706-his3025
377: o$obitos-1706-his3026
388: o$obitos-1706-his3027
401: o$obitos-1706-his3028
416: o$obitos-1706-his3029
430: o$obitos-1706-his3030
443: o$obitos-1706-his3031
459: o$obitos-1706-his3032
474: o$obitos-1706-his3033
486: o$obitos-1706-his3034
497: o$obitos-1706-his3035
508: o$obitos-1706-his3036
520: o$obitos-1706-his3037
533: o$obitos-1706-his3038
544: o$obitos-1706-his3039
556: o$obitos-1706-his3040
565: o$obitos-1706-his3041
577: o$obitos-1706-his3042
590: o$obitos-1706-his3043
599: o$obitos-1706-his3044
611: o$obitos-1706-his3045
623: o$obitos-1706-his3046
634: o$obitos-1706-his3047
646: o$obitos-1706-his3048
657: o$obitos-1706-his3049
669: o$obitos-1706-his3050
684: o$obitos-1706-his3051
695: o$obitos-1706-his3052
706: o$obitos-1706-his3053
719: o$obitos-1706-his3054
728: o$obitos-1706-his3055
740: o$obitos-1706-his3056
753: o$obitos-1706-his3057
768: o$obitos-1706-his3058
785: o$obitos-1706-his3059
*** End of File
** Processed file- /kleio-home/sources/soure-fontes/sources/soure_fase1/obitos/ob1706.cli
** Original file- /kleio-home/sources/soure-fontes/sources/soure_fase1/obitos/ob1706.org
** Previous version- /kleio-home/sources/soure-fontes/sources/soure_fase1/obitos/ob1706.old
** Temp file with ids- /kleio-home/sources/soure-fontes/sources/soure_fase1/obitos/ob1706.ids
0  errors. 
0  warnings.
Translation finished.
