ClioInput - version @@VERSION@@ - build @@BUILD@@ @@DATE@@
10-8-2018 14-50

Processing data file /Users/jrc/mhk-home/sources/soure/documents/obitos/ob1705.cli
-------------------------------------------
Generic Act translation module with geoentities (XML).
     Joaquim Ramos de Carvalho (joaquim@uc.pt) 
** New document: kleio
=========================
kleio translation started
=========================
Structure: gacto2.str
Prefix: 
Autorel: 
Translation count: 
Obs: 
Translation count not set or invalid, counting as zero: 
** Processing source fonte$obitos-1705
6: o$obitos-1705-his2859
17: o$obitos-1705-his2860
30: o$obitos-1705-his2861
41: o$obitos-1705-his2862
51: o$obitos-1705-his2863
62: o$obitos-1705-his2864
75: o$obitos-1705-his2865
85: o$obitos-1705-his2866
94: o$obitos-1705-his2867
105: o$obitos-1705-his2868
119: o$obitos-1705-his2869
135: o$obitos-1705-his2870
143: o$obitos-1705-his2871
154: o$obitos-1705-his2872
166: o$obitos-1705-his2873
176: o$obitos-1705-his2874
186: o$obitos-1705-his2875
199: o$obitos-1705-his2876
213: o$obitos-1705-his2877
226: o$obitos-1705-his2878
237: o$obitos-1705-his2879
250: o$obitos-1705-his2880
264: o$obitos-1705-his2881
275: o$obitos-1705-his2882
288: o$obitos-1705-his2883
300: o$obitos-1705-his2884
313: o$obitos-1705-his2885
328: o$obitos-1705-his2886
340: o$obitos-1705-his2887
348: o$obitos-1705-his2888
361: o$obitos-1705-his2889
373: o$obitos-1705-his2890
386: o$obitos-1705-his2891
397: o$obitos-1705-his2892
408: o$obitos-1705-his2893
418: o$obitos-1705-his2894
431: o$obitos-1705-his2895
444: o$obitos-1705-his2896
456: o$obitos-1705-his2897
470: o$obitos-1705-his2898
481: o$obitos-1705-his2899
496: o$obitos-1705-his2900
511: o$obitos-1705-his2901
523: o$obitos-1705-his2902
532: o$obitos-1705-his2903
545: o$obitos-1705-his2904
554: o$obitos-1705-his2905
565: o$obitos-1705-his2906
576: o$obitos-1705-his2907
587: o$obitos-1705-his2908
600: o$obitos-1705-his2909
612: o$obitos-1705-his2910
623: o$obitos-1705-his2911
638: o$obitos-1705-his2912
649: o$obitos-1705-his2913
659: o$obitos-1705-his2914
670: o$obitos-1705-his2915
684: o$obitos-1705-his2916
694: o$obitos-1705-his2917
703: o$obitos-1705-his2918
713: o$obitos-1705-his2919
724: o$obitos-1705-his2920
735: o$obitos-1705-his2921
747: o$obitos-1705-his2922
760: o$obitos-1705-his2923
771: o$obitos-1705-his2924
782: o$obitos-1705-his2925
793: o$obitos-1705-his2926
802: o$obitos-1705-his2927
815: o$obitos-1705-his2928
826: o$obitos-1705-his2929
*** End of File
** Processed file- /Users/jrc/mhk-home/sources/soure/documents/obitos/ob1705.cli
** Original file- /Users/jrc/mhk-home/sources/soure/documents/obitos/ob1705.org
** Previous version- /Users/jrc/mhk-home/sources/soure/documents/obitos/ob1705.old
** Temp file with ids- /Users/jrc/mhk-home/sources/soure/documents/obitos/ob1705.ids
0  errors. 
0  warnings.
Translation finished.
