ClioInput - version @@VERSION@@ - build @@BUILD@@ @@DATE@@
13-6-2019 22-49

Processing data file ob1702.cli
-------------------------------------------
Generic Act translation module with geoentities (XML).
     Joaquim Ramos de Carvalho (joaquim@uc.pt) 
** New document: kleio
1: kleio$gacto2.str
=========================
kleio translation started
=========================
Structure: gacto2.str
Prefix: 
Autorel: 
Translation count: 
Obs: 
Translation count not set or invalid, counting as zero: 
2:    fonte$obitos-1702/tipo=reg paroquiais/localizacao=94v-99v/data=1702/obs= padre luis alvares pinto
3: 
** Processing source fonte$obitos-1702
4:       o$1/1/1702/id=obitos-1702-his2664
5: 
6: o$obitos-1702-his2664
6:          n$maria ferreira/f/id=obitos-1702-his2664-per1
7: 
8:             marido$joao madeira/m/id=obitos-1702-his2664-per1-per2
9:                ls$residencia/carvalheira de baixo
10: 
11:          locs$igraja de s.tiago
12: 
13:          oficios$1 de 9
14: 
15:       o$4/1/1702/id=obitos-1702-his2665
16: 
17: o$obitos-1702-his2665
17:          sacr$sim
18: 
19:          n$manuel francisco/m/id=obitos-1702-his2665-per1
20:             ls$alcunha/velho
21:             ls$residencia/casal do senhor
22: 
23:          locs$ermida do espirito santo
24: 
25:          oficios$3 de 3
26: 
27:       o$19/1/1702/id=obitos-1702-his2666
28: 
29: o$obitos-1702-his2666
29:          n$maria de oliveira/f/id=obitos-1702-his2666-per1
30:             ls$residencia/soure
31: 
32:          sacr$sim
33: 
34:          locs$ermida de s.francisco
35: 
36:          oficios$1 de 9 de corpo presente
37: 
38:       o$20/1/1702/id=obitos-1702-his2667
39: 
40: o$obitos-1702-his2667
40:          n$manuel rodrigues/m/id=obitos-1702-his2667-per1
41:             ls$residencia/carvalheira de baixo
42: 
43:          sacr$sim
44: 
45:          locs$igreja de s.tiago
46: 
47:          oficios$1 de corpo presente e mais dois
48: 
49:       o$24/1/1702/id=obitos-1702-his2668
50: 
51: o$obitos-1702-his2668
51:          n$jeronimo de azevedo/m/id=obitos-1702-his2668-per1
52:             ls$residencia/soure
53: 
54:          sacr$sim
55: 
56:          locs$igreja de nossa senhora de finisterra
57: 
58:          oficios$1 de corpo presente
59: 
60:       o$5/2/1702/id=obitos-1702-his2669
61: 
62: o$obitos-1702-his2669
62:          n$antonio/m/id=obitos-1702-his2669-per1
63:             ls$idade_aprox/maior
64:             rel$parentesco/irmao/domingos joao/ro17020205
65: 
66:             referido$domingos joao/m/id=ro17020205
67:                ls$profissao/padre
68:                ls$residencia/alencarce de cima
69: 
70:          locs$ermida de alencarce de cima
71: 
72:          oficios$1 de 9
73: 
74:       o$6/2/1702/id=obitos-1702-his2670
75: 
76: o$obitos-1702-his2670
76:          n$francisca rodrigues/f/id=obitos-1702-his2670-per1
77: 
78:             marido$mateus goncalves/m/id=obitos-1702-his2670-per1-per2
79:                ls$residencia/cavaleiros
80: 
81:          sacr$sim
82: 
83:          locs$adro
84: 
85:          oficios$3 de 3
86: 
87:       o$9/2/1702/obs=esta fora de ordem/id=obitos-1702-his2671
88: 
89: o$obitos-1702-his2671
89:          n$isabel rodrigues/f/id=obitos-1702-his2671-per1
90:             ls$residencia/alencarce de cima
91: 
92:          sacr$sim
93: 
94:          locs$igreja de s.tiago
95: 
96:          oficios$3 de 3
97: 
98:       o$11/2/1702/id=obitos-1702-his2672
99: 
100: o$obitos-1702-his2672
100:          n$manuel de almeida caetano/m/id=obitos-1702-his2672-per1
101:             ls$titulo/frei
102:             ls$cargo/beneficiado na igreja de pombal
103: 
104:          sacr$sim
105: 
106:          locs$igreja de s.tiago
107: 
108:          oficios$1 de 9
109: 
110:       o$16/2/1702/id=obitos-1702-his2673
111: 
112: o$obitos-1702-his2673
112:          n$maria/f/id=obitos-1702-his2673-per1
113:             ls$ec/s
114: 
115:             mae$sebastiana rodrigues/f/id=obitos-1702-his2673-per1-per2
116:                ls$ec/v
117:                ls$residencia/casal da bonita
118: 
119:          sacr$sim
120: 
121:          locs$adro
122: 
123:       o$25/2/1702/id=obitos-1702-his2674
124: 
125: o$obitos-1702-his2674
125:          n$maria cardoso/f/id=obitos-1702-his2674-per1
126:             ls$ec/v
127:             ls$residencia/soure
128: 
129:          sacr$sim
130: 
131:          locs$igreja de s.tiago
132: 
133:          oficios$1 de 9
134: 
135:       o$26/2/1702/id=obitos-1702-his2675
136: 
137: o$obitos-1702-his2675
137:          n$bento/m/id=obitos-1702-his2675-per1
138: 
139:             pai$manuel rodrigues ruivo/m/id=obitos-1702-his2675-per1-per2
140:                ls$residencia/alencarce de cima
141: 
142:          locs$ermida de alencarce de cima
143: 
144:          oficios$1 de 3
145: 
146:       o$9/3/1702/id=obitos-1702-his2676
147: 
148: o$obitos-1702-his2676
148:          n$maria rodrigues curada/f/id=obitos-1702-his2676-per1
149:             ls$residencia/paleao
150: 
151:          sacr$sim
152: 
153:          locs$ermida do paleao
154: 
155:       o$16/4/1702/id=obitos-1702-his2677
156: 
157: o$obitos-1702-his2677
157:          n$antonio raposo/m/id=obitos-1702-his2677-per1
158:             ls$profissao/padre
159:             ls$residencia/soure
160: 
161:          sacr$sim
162: 
163:          locs$igreja de nossa senhora de finisterra
164: 
165:          oficios$3 de 9
166: 
167:       o$20/4/1702/id=obitos-1702-his2678
168: 
169: o$obitos-1702-his2678
169:          n$maria jorge/f/id=obitos-1702-his2678-per1
170: 
171:             marido$manuel simoes/m/id=obitos-1702-his2678-per1-per2
172:                ls$residencia/cavaleiros
173: 
174:          locs$adro
175: 
176:          oficios$3 de 3
177: 
178:       o$4/5/1702/id=obitos-1702-his2679
179: 
180: o$obitos-1702-his2679
180:          sacr$sim
181: 
182:          n$antonia cairia?/f/id=obitos-1702-his2679-per1
183: 
184:             marido$manuel simoes raposo/id=obitos-1702-his2679-per1-per2
185:                ls$residencia/quinta da cruz
186: 
187:          locs$adro
188: 
189:          oficios$3 de 3
190: 
191:       o$11/5/1702/id=obitos-1702-his2680
192: 
193: o$obitos-1702-his2680
193:          sacr$sim
194: 
195:          n$ana carvalho/f/id=obitos-1702-his2680-per1
196: 
197:             marido$manuel andre/id=obitos-1702-his2680-per1-per2
198:                ls$residencia/barrosos
199: 
200:          locs$adro
201: 
202:          oficios$3 de 3
203: 
204:       o$15/5/1702/id=obitos-1702-his2681
205: 
206: o$obitos-1702-his2681
206:          causa$apressadamente
207: 
208:          n$domingas joao/f/id=obitos-1702-his2681-per1
209: 
210:             marido$manuel joao/id=obitos-1702-his2681-per1-per2
211:                ls$residencia/casais da misericordia
212: 
213:          oficios$1 de 3
214: 
215:       o$17/5/1702/id=obitos-1702-his2682
216: 
217: o$obitos-1702-his2682
217:          sacr$sim
218: 
219:          n$joao da fonseca/m/id=obitos-1702-his2682-per1
220:             ls$residencia/soure
221: 
222:          locs$igreja matriz
223: 
224:          oficios$1 de 9
225: 
226:       o$29/5/1702/id=obitos-1702-his2683
227: 
228: o$obitos-1702-his2683
228:          n$maria goncalves/f/id=obitos-1702-his2683-per1
229:             ls$ec/v
230:             ls$residencia/casconho
231: 
232:          locs$adro
233: 
234:          oficios$3 de 3
235: 
236:       o$6/6/1702/id=obitos-1702-his2684
237: 
238: o$obitos-1702-his2684
238:          sacr$sim
239: 
240:          n$maria cardoso/f/id=obitos-1702-his2684-per1
241:             ls$ec/v
242:             ls$residencia/soure
243: 
244:          locs$nossa senhora de finisterra
245: 
246:       o$9/6/1702/id=obitos-1702-his2685
247: 
248: o$obitos-1702-his2685
248:          sacr$sim
249: 
250:          n$catarina simoes/f/id=obitos-1702-his2685-per1
251: 
252:             marido$manuel rodrigues curado/id=obitos-1702-his2685-per1-per2
253:                ls$residencia/soure
254: 
255:          locs$ermida de s.francisco de soure
256: 
257:       o$10/6/1702/id=obitos-1702-his2686
258: 
259: o$obitos-1702-his2686
259:          causa$apressadamente
260: 
261:          n$maria simoes/f/id=obitos-1702-his2686-per1
262: 
263:             marido$domingos rodrigues/id=obitos-1702-his2686-per1-per2
264:                ls$residencia/vinha do cano%junto desta vila
265: 
266:          locs$adro
267: 
268:          oficios$1 de 3
269: 
270:       o$22/6/1702/id=obitos-1702-his2687
271: 
272: o$obitos-1702-his2687
272:          sacr$sim
273: 
274:          n$isabel leao/f/id=obitos-1702-his2687-per1
275: 
276:             marido$manuel alvares/id=obitos-1702-his2687-per1-per2
277:                ls$residencia/casal de alencarce
278: 
279:          locs$igreja de s.tiago
280: 
281:          oficios$3 de 9
282: 
283:       o$30/6/1702/id=obitos-1702-his2688
284: 
285: o$obitos-1702-his2688
285:          causa$paressadamente
286: 
287:          n$manuel rodrigues/m/id=obitos-1702-his2688-per1
288:             ls$alcunha/cagado
289: 
290:          locs$adro da misericordia
291: 
292:       o$14/7/1702/id=obitos-1702-his2689
293: 
294: o$obitos-1702-his2689
294:          n$manuel/m/id=obitos-1702-his2689-per1
295:             ls$idade_aprox/menor
296: 
297:             pai$manuel luis/id=obitos-1702-his2689-per1-per2
298:                ls$alcunha/moco
299:                ls$residencia/casconho
300: 
301:          locs$adro
302: 
303:       o$18/7/1702/id=obitos-1702-his2690
304: 
305: o$obitos-1702-his2690
305:          n$maria/f/id=obitos-1702-his2690-per1
306:             ls$idade_aprox/menor
307: 
308:             pai$jose da silva/id=obitos-1702-his2690-per1-per2
309:                ls$residencia/casconho
310: 
311:          locs$adro
312: 
313:       o$21/7/1702/id=obitos-1702-his2691
314: 
315: o$obitos-1702-his2691
315:          sacr$sim
316: 
317:          n$maria simoes/f/id=obitos-1702-his2691-per1
318: 
319:             marido$diogo jorge/id=obitos-1702-his2691-per1-per2
320:                ls$residencia/paleao
321: 
322:          locs$sim
323: 
324:          oficios$1 de 3
325: 
326:       o$26/7/1702/id=obitos-1702-his2692
327: 
328: o$obitos-1702-his2692
328:          sacr$sim
329: 
330:          n$maria gomes/f/id=obitos-1702-his2692-per1
331:             ls$ec/v
332:             ls$residencia/alencarce de cima
333: 
334:             marido$nome desconhecido/id=obitos-1702-his2692-per1-per2
335:                ls$alcunha/penao
336: 
337:       o$9/8/1702/id=obitos-1702-his2693
338: 
339: o$obitos-1702-his2693
339:          sacr$sim
340: 
341:          n$joana da costa/f/id=obitos-1702-his2693-per1
342:             ls$ec/v
343:             ls$residencia/casa velha
344: 
345:          locs$ermida de s.francisco
346: 
347:          oficios$3 de 3
348: 
349:       o$9/8/1702/id=obitos-1702-his2694
350: 
351: o$obitos-1702-his2694
351:          sacr$sim
352: 
353:          n$antonia francisca ferrada/f/id=obitos-1702-his2694-per1
354:             ls$residencia/casal do pinheiro
355: 
356:          locs$ermida de s.jose
357: 
358:       o$10/8/1702/id=obitos-1702-his2695
359: 
360: o$obitos-1702-his2695
360:          sacr$sim
361: 
362:          n$antonio simoes/m/id=obitos-1702-his2695-per1
363:             ls$residencia/casal da assamassa
364: 
365:          locs$ermida do espirito santo
366: 
367:          oficios$1 de 9
368: 
369:          testamento$sim
370: 
371:       o$10/8/1702/id=obitos-1702-his2696
372: 
373: o$obitos-1702-his2696
373:          sacr$sim
374: 
375:          n$manuel luis/m/id=obitos-1702-his2696-per1
376:             ls$residencia/vale da borra
377: 
378:          locs$adro
379: 
380:       o$23/8/1702/id=obitos-1702-his2697
381: 
382: o$obitos-1702-his2697
382:          sacr$sim
383: 
384:          n$manuel rodrigues/m/id=obitos-1702-his2697-per1
385:             ls$residencia/casal dos vargas
386: 
387:          locs$adro
388: 
389:          oficios$2 de 3
390: 
391:       o$26/8/1702/id=obitos-1702-his2698
392: 
393: o$obitos-1702-his2698
393:          sacr$sim
394: 
395:          n$francisco madeira/m/id=obitos-1702-his2698-per1
396:             ls$alcunha/velho
397:             ls$residencia/portela
398: 
399:          locs$adro
400: 
401:          oficios$3 de 3
402: 
403:       o$29/8/1702/id=obitos-1702-his2699
404: 
405: o$obitos-1702-his2699
405:          sacr$sim
406: 
407:          n$manuel pinto/m/id=obitos-1702-his2699-per1
408:             ls$ec/s
409: 
410:             mae$maria cardoso/id=obitos-1702-his2699-per1-per2
411:                ls$residencia/soure
412: 
413:          locs$igreja de santiago
414: 
415:       o$24/9/1702/id=obitos-1702-his2700
416: 
417: o$obitos-1702-his2700
417:          sacr$sim
418: 
419:          n$maria/f/id=obitos-1702-his2700-per1
420:             ls$titulo/dona
421: 
422:             marido$paulo ribeiro cabral/mesmo_que=c24-7#corrigo pos compilacao tinha c6-7/id=obitos-1702-his2700-per1-per2
423: 

WARNING: ob1702.cli line 423 destination id of "same as" not found. Will check again at the end of file.
Near line: 423 
Near line: 424          oficios$3 de 9

424:          oficios$3 de 9
425: 
426:          locs$ermida de santo agostinho%na sua ermida
427: 
428:          testamento$sim
429: 
430:       o$15/10/1702/id=obitos-1702-his2701
431: 
432: o$obitos-1702-his2701
432:          sacr$sim
433: 
434:          n$manuel gomes/m/id=mglendia
435:             ls$alcunha/lendia
436:             ls$residencia/soure
437: 
438:          locs$adro
439: 
440:       o$24/10/1702/id=obitos-1702-his2702
441: 
442: o$obitos-1702-his2702
442:          sacr$sim
443: 
444:          n$isabel goncalves/f/id=obitos-1702-his2702-per1
445:             ls$ec/v
446:             rel$parentesco/foi mulher/manuel gomes/mglendia
447: 
448:          locs$adro
449: 
450:       o$28/10/1702/id=obitos-1702-his2703
451: 
452: o$obitos-1702-his2703
452:          sacr$sim
453: 
454:          n$manuel/m/id=obitos-1702-his2703-per1
455: 
456:             pai$domingos rodrigues trabelho/id=obitos-1702-his2703-per1-per2
457:                ls$residencia/barril
458: 
459:          locs$adro
460: 
461:          oficios$1 ?
462: 
463:       o$5/11/1702/id=obitos-1702-his2704
464: 
465: o$obitos-1702-his2704
465:          sacr$sim
466: 
467:          n$domingas goncalves/f/id=obitos-1702-his2704-per1
468: 
469:             marido$simao jorge/id=obitos-1702-his2704-per1-per2
470:                ls$residencia/paleao
471: 
472:          locs$nossa senhora de finisterra
473: 
474:          oficios$2 de 9
475: 
476:       o$24/11/1702/id=obitos-1702-his2705
477: 
478: o$obitos-1702-his2705
478:          n$manuel goncalves/m/id=obitos-1702-his2705-per1
479:             ls$residencia/sobral
480: 
481:          sacr$sim
482: 
483:          locs$adro
484: 
485:          oficios$1 de 3
486: 
487:       o$29/11/1702/id=obitos-1702-his2706
488: 
489: o$obitos-1702-his2706
489:          sacr$sim
490: 
491:          n$maria/f/id=obitos-1702-his2706-per1
492:             ls$residencia/mogadouro
493:             rel$parentesco/sobrinha/antonio goncalves/ro29111702
494: 
495:             referido$antonio goncalves/m/id=ro29111702
496:                ls$residencia/mogadouro
497: 
498:          locs$adro
499: 
500:          oficios$3 de 3
501: 
502:       o$22/12/1702/id=obitos-1702-his2707
503: 
504: o$obitos-1702-his2707
504:          sacr$sim
505: 
506:          n$luisa francisca/f/id=obitos-1702-his2707-per1
507:             ls$ec/v
508: 
509:             marido$nome desconhecido/id=obitos-1702-his2707-per1-per2
510:                ls$alcunha/souto
511:                ls$residencia/melrical
512: 
513:          locs$ermida do espirito santo
514: 
515:          oficios$3 de 3
516: 
517:       o$22/12/1702/id=obitos-1702-his2708
518: 
519: o$obitos-1702-his2708
519:          causa$apressadamente
520: 
521:          sacr$sim
522: 
523:          n$domingos/m/id=obitos-1702-his2708-per1
524: 
525:             pai$mateus rodrigues/id=obitos-1702-his2708-per1-per2
526:                ls$residencia/paleao
527: 
528:          locs$ermida do paleao
529: 
530:          oficios$3 de 3
531: *** End of File
ERROR:  Could not find same_as id c24-7 referred in line 424. If  original reference is on another file use xsame_as

1  errors. 
1  warnings.
Translation finished.
