ClioInput - version @@VERSION@@ - build @@BUILD@@ @@DATE@@
10-8-2018 14-59

Processing data file /Users/jrc/mhk-home/sources/soure/documents/obitos/ob1714.cli
-------------------------------------------
Generic Act translation module with geoentities (XML).
     Joaquim Ramos de Carvalho (joaquim@uc.pt) 
** New document: kleio
=========================
kleio translation started
=========================
Structure: gacto2.str
Prefix: 
Autorel: 
Translation count: 
Obs: 
Translation count not set or invalid, counting as zero: 
** Processing source fonte$obitos-1714
6: o$obitos-1714-his3535
16: o$obitos-1714-his3536
29: o$obitos-1714-his3537
40: o$obitos-1714-his3538
54: o$obitos-1714-his3539
65: o$obitos-1714-his3540
75: o$obitos-1714-his3541

/Users/jrc/mhk-home/sources/soure/documents/obitos/ob1714.cli:79:destination id of "same as" not found. Will check again at the end of file.


WARNING: ob1714.cli line 78 destination id of "same as" not found. Will check again at the end of file.
Near line: 78             pai$felix de almeida do amaral/mesmo_que=c1712.14-5/id=obitos-1714-his3541-per1-per2
Near line: 79                ls$residencia/quinta de s.tome#sua quinta

87: o$obitos-1714-his3542
100: o$obitos-1714-his3543
112: o$obitos-1714-his3544

/Users/jrc/mhk-home/sources/soure/documents/obitos/ob1714.cli:122:destination id of "same as" not found. Will check again at the end of file.


WARNING: ob1714.cli line 121 destination id of "same as" not found. Will check again at the end of file.
Near line: 121 
Near line: 122          locs$igreja de s.tiago%cova de fabrica

126: o$obitos-1714-his3545

/Users/jrc/mhk-home/sources/soure/documents/obitos/ob1714.cli:134:destination id of "same as" not found. Will check again at the end of file.


WARNING: ob1714.cli line 133 destination id of "same as" not found. Will check again at the end of file.
Near line: 133             referida$antonia carvalho/f/mesmo_que=br16011719/id=on08031714-per3
Near line: 134                rel$sociabilidade/baptisou em necessidade/joao/on08031714

140: o$obitos-1714-his3546
153: o$obitos-1714-his3547
166: o$obitos-1714-his3548
179: o$obitos-1714-his3549
192: o$obitos-1714-his3550
206: o$obitos-1714-his3551
220: o$obitos-1714-his3552
233: o$obitos-1714-his3553
248: o$obitos-1714-his3554
262: o$obitos-1714-his3555
273: o$obitos-1714-his3556
289: o$obitos-1714-his3557
301: o$obitos-1714-his3558
311: o$obitos-1714-his3559
322: o$obitos-1714-his3560
335: o$obitos-1714-his3561
349: o$obitos-1714-his3562

/Users/jrc/mhk-home/sources/soure/documents/obitos/ob1714.cli:354:destination id of "same as" not found. Will check again at the end of file.


WARNING: ob1714.cli line 353 destination id of "same as" not found. Will check again at the end of file.
Near line: 353          n$ventura martins/m/mesmo_que=c119-9/id=obitos-1714-his3562-per1
Near line: 354             ls$profissao/padre

362: o$obitos-1714-his3563
376: o$obitos-1714-his3564
394: o$obitos-1714-his3565
408: o$obitos-1714-his3566
419: o$obitos-1714-his3567
434: o$obitos-1714-his3568
444: o$obitos-1714-his3569
457: o$obitos-1714-his3570
470: o$obitos-1714-his3571
485: o$obitos-1714-his3572
495: o$obitos-1714-his3573
506: o$obitos-1714-his3574
524: o$obitos-1714-his3575
537: o$obitos-1714-his3576
551: o$obitos-1714-his3577
563: o$obitos-1714-his3578
576: o$obitos-1714-his3579
591: o$obitos-1714-his3580
608: o$obitos-1714-his3581
622: o$obitos-1714-his3582
637: o$obitos-1714-his3583
648: o$obitos-1714-his3584
658: o$obitos-1714-his3585
673: o$obitos-1714-his3586
687: o$obitos-1714-his3587
697: o$obitos-1714-his3588
710: o$obitos-1714-his3589
725: o$obitos-1714-his3590
735: o$obitos-1714-his3591
749: o$obitos-1714-his3592
759: o$obitos-1714-his3593
771: o$obitos-1714-his3594
784: o$obitos-1714-his3595

/Users/jrc/mhk-home/sources/soure/documents/obitos/ob1714.cli:785:destination id of "same as" not found. Will check again at the end of file.


WARNING: ob1714.cli line 784 destination id of "same as" not found. Will check again at the end of file.
Near line: 784          n$manuel homem de quadros/m/mesmo_que=c6-7/id=obitos-1714-his3595-per1
Near line: 785             ls$residencia/soure

797: o$obitos-1714-his3596
807: o$obitos-1714-his3597
817: o$obitos-1714-his3598
829: o$obitos-1714-his3599
839: o$obitos-1714-his3600
848: o$obitos-1714-his3601
861: o$obitos-1714-his3602
871: o$obitos-1714-his3603
885: o$obitos-1714-his3604
896: o$obitos-1714-his3605
907: o$obitos-1714-his3606
919: o$obitos-1714-his3607
936: o$obitos-1714-his3608
946: o$obitos-1714-his3609
956: o$obitos-1714-his3610
973: o$obitos-1714-his3611
*** End of File
ERROR:  Could not find same_as id c1712.14-5 referred in line 79. If  original reference is on another file use xsame_as

ERROR:  Could not find same_as id c6-7 referred in line 122. If  original reference is on another file use xsame_as

ERROR:  Could not find same_as id br16011719 referred in line 134. If  original reference is on another file use xsame_as

ERROR:  Could not find same_as id c119-9 referred in line 354. If  original reference is on another file use xsame_as

ERROR:  Could not find same_as id c6-7 referred in line 785. If  original reference is on another file use xsame_as

5  errors. 
5  warnings.
Translation finished.
