ClioInput - version @@VERSION@@ - build @@BUILD@@ @@DATE@@
13-6-2019 22-49

Processing data file ob1701.cli
-------------------------------------------
Generic Act translation module with geoentities (XML).
     Joaquim Ramos de Carvalho (joaquim@uc.pt) 
** New document: kleio
1: kleio$gacto2.str/translations=2
=========================
kleio translation started
=========================
Structure: gacto2.str
Prefix: 
Autorel: 
Translation count: 2
Obs: 
2:    fonte$obitos-17001/tipo=reg paroquiais/localizacao=90-94v/data=17010000/obs=luis alvares pinto
3: 
** Processing source fonte$obitos-17001
4:       o$1/1/1700/id=obitos-17001-his2617
5: 
6: o$obitos-17001-his2617
6:          n$manuel/m/id=obitos-17001-his2617-per1
7: 
8:             pai$joao alvares/m/id=obitos-17001-his2617-per1-per2
9:                ls$residencia/alencarce de cima
10: 
11:          locs$ermida de alencarce de cima
12: 
13:          sacr$sim
14: 
15:       o$4/1/1701/id=obitos-17001-his2618
16: 
17: o$obitos-17001-his2618
17:          n$antonia galvao/f/id=obitos-17001-his2618-per1
18: 
19:             marido$martinho de figueiredo/m/id=obitos-17001-his2618-per1-per2
20:                ls$residencia/paleao
21: 
22:          sacr$sim
23: 
24:          locs$adro
25: 
26:       o$12/1/1701/id=obitos-17001-his2619
27: 
28: o$obitos-17001-his2619
28:          n$manuel duarte/m/id=obitos-17001-his2619-per1
29:             ls$profissao/padre
30:             ls$titulo/frei
31:             ls$cargo/beneficiado da igreja de soure
32: 
33:          sacr$sim
34: 
35:          oficios$1 de 9
36: 
37:          locs$igreja de soure numa cova sua
38: 
39:       o$8/2/1701/id=obitos-17001-his2620
40: 
41: o$obitos-17001-his2620
41:          n$maria joao/f/id=obitos-17001-his2620-per1
42: 
43:             marido$sebastiao francisco/m/id=obitos-17001-his2620-per1-per2
44:                ls$residencia/casal novo
45: 
46:          sacr$sim
47: 
48:          locs$ermida do casal novo
49: 
50:       o$14/2/1701/id=obitos-17001-his2621
51: 
52: o$obitos-17001-his2621
52:          n$jose de barbosa de sousa/m/obs=era o juiz de fora/id=obitos-17001-his2621-per1
53:             ls$titulo/doutor
54: 
55:          sacr$sim
56: 
57:          locs$igreja de s.tiago
58: 
59:          oficios$1 de 9
60: 
61:       o$22/2/1701/id=obitos-17001-his2622
62: 
63: o$obitos-17001-his2622
63:          n$maria goncalves/f/id=obitos-17001-his2622-per1
64:             ls$ec/v
65:             ls$residencia/eureca
66: 
67:          locs$adro
68: 
69:          sacr$sim
70: 
71:       o$24/2/1701/id=obitos-17001-his2623
72: 
73: o$obitos-17001-his2623
73:          n$maria de seabra/f/id=obitos-17001-his2623-per1
74: 
75:             marido$luis manhos/m/id=obitos-17001-his2623-per1-per2
76: 
77:          sacr$sim
78: 
79:          locs$igreja de s.tiago
80: 
81:          oficios$3 de 9
82: 
83:       o$6/3/1701/id=obitos-17001-his2624
84: 
85: o$obitos-17001-his2624
85:          n$antonio mendes/m/id=obitos-17001-his2624-per1
86:             ls$profissao/boticario
87:             ls$residencia/soure
88: 
89:          sacr$sim
90: 
91:          locs$igreja de s.tiago
92: 
93:          oficios$3 de 9
94: 
95:       o$7/3/1701/id=obitos-17001-his2625
96: 
97: o$obitos-17001-his2625
97:          n$agueda/f/id=obitos-17001-his2625-per1
98: 
99:             mae$maria ferreira/m/id=obitos-17001-his2625-per1-per2
100:                ls$residencia/soure
101: 
102:          sacr$siom
103: 
104:          locs$igreja de s.francisco de soure
105: 
106:       o$29/3/1701/id=obitos-17001-his2626
107: 
108: o$obitos-17001-his2626
108:          n$simao/m/id=obitos-17001-his2626-per1
109: 
110:             pai$joao carvalho/m/id=obitos-17001-his2626-per1-per2
111:                ls$residencia/porto panelas
112: 
113:          sacr$sim
114: 
115:          oficios$1 de 9
116: 
117:       o$6/4/1701/id=obitos-17001-his2627
118: 
119: o$obitos-17001-his2627
119:          n$jorge joao/m/id=obitos-17001-his2627-per1
120:             ls$residencia/simoes
121: 
122:          sacr$sim
123: 
124:          locs$igreja de nossa senhora de finisterra
125: 
126:          oficios$3 de 3
127: 
128:       o$17/4/1701/id=obitos-17001-his2628
129: 
130: o$obitos-17001-his2628
130:          n$francisca joao/f/id=obitos-17001-his2628-per1
131: 
132:             marido$joao goncalves vargas/m/id=obitos-17001-his2628-per1-per2
133: 
134:          locs$adro
135: 
136:          oficios$3 de 3
137: 
138:       o$26/10/1701/obs=data sic/id=obitos-17001-his2629
139: 
140: o$obitos-17001-his2629
140:          n$antonia/f/id=obitos-17001-his2629-per1
141:             ls$idade_aprox/menor
142: 
143:             pai$jorge joao/m/id=obitos-17001-his2629-per1-per2
144:                ls$residencia/simoes
145: 
146:          locs$adro
147: 
148:       o$29/4/1701/id=obitos-17001-his2630
149: 
150: o$obitos-17001-his2630
150:          n$maria rodrigues/f/id=obitos-17001-his2630-per1
151: 
152:             marido$joao leao/m/id=obitos-17001-his2630-per1-per2
153:                ls$residencia/casa velha
154: 
155:          sacr$sim
156: 
157:          locs$ermida de nossa senhora das neves da casa velha
158: 
159:          oficios$3 de 3
160: 
161:       o$12/5/1701/id=obitos-17001-his2631
162: 
163: o$obitos-17001-his2631
163:          n$manuel rodrigues/m/id=obitos-17001-his2631-per1
164:             ls$residencia/casconho
165: 
166:          sacr$sim
167: 
168:          locs$igreja de nossa senhora de finisterra
169: 
170:          oficios$1 de 9
171: 
172:       o$17/5/1701/id=obitos-17001-his2632
173: 
174: o$obitos-17001-his2632
174:          n$manuel rodrigues/m/id=obitos-17001-his2632-per1
175:             ls$alcunha/mexe
176:             ls$residencia/casais de s.mateus
177: 
178:          sacr$sim
179: 
180:          locs$adro
181: 
182:       o$26/5/1701/id=obitos-17001-his2633
183: 
184: o$obitos-17001-his2633
184:          n$manuel francisco/m/id=obitos-17001-his2633-per1
185:             ls$residencia/casal da barreta
186: 
187:          locs$adro
188: 
189:          sacr$sim
190: 
191:          oficios$3 de 3
192: 
193:       o$28/5/1701/id=obitos-17001-his2634
194: 
195: o$obitos-17001-his2634
195:          n$inacio coelho de sequeira/m/id=obitos-17001-his2634-per1
196:             ls$residencia/soure
197: 
198:          causa$apressadamente
199: 
200:          sacr$extrema uncao
201: 
202:          locs$igreja de s.tiago
203: 
204:       o$4/6/1701/id=obitos-17001-his2635
205: 
206: o$obitos-17001-his2635
206:          n$matias/m/id=obitos-17001-his2635-per1
207: 
208:             pai$sebastiao goncalves/m/id=obitos-17001-his2635-per1-per2
209:                ls$residencia/soure
210: 
211:          sacr$sim
212: 
213:          locs$igreja de s.tiago
214: 
215:          oficios$1 de 9 licoes de corpo presente
216: 
217:       o$8/6/1701/id=obitos-17001-his2636
218: 
219: o$obitos-17001-his2636
219:          n$manuel alves souto/m/id=obitos-17001-his2636-per1
220:             ls$residencia/casal do rei
221: 
222:          sacr$sim
223: 
224:          locs$igreja do espirito santo
225: 
226:          oficios$1 de 9
227: 
228:       o$26/6/1701/obs=nao e certo que tenha morrido neste dia/id=obitos-17001-his2637
229: 
230: o$obitos-17001-his2637
230:          n$joao rodrigues/m/id=obitos-17001-his2637-per1
231:             ls$residencia/casal do malvado
232: 
233:          oficios$1 e meio de 3
234: 
235:          locs$tapeus
236: 
237:       o$22/7/1701/id=obitos-17001-his2638
238: 
239: o$obitos-17001-his2638
239:          n$manuel luis/m/id=obitos-17001-his2638-per1
240:             ls$residencia/soure
241: 
242:          sacr$sim
243: 
244:          locs$igreja de s.tiago
245: 
246:       o$13/8/1701/id=obitos-17001-his2639
247: 
248: o$obitos-17001-his2639
248:          n$domingos/m/id=obitos-17001-his2639-per1
249: 
250:             pai$manuel lopes segurelho/m/id=obitos-17001-his2639-per1-per2
251:                ls$residencia/mogadouro
252: 
253:          locs$adro
254: 
255:       o$16/8/1701/id=obitos-17001-his2640
256: 
257: o$obitos-17001-his2640
257:          n$natalia de matos/f/id=obitos-17001-his2640-per1
258: 
259:             marido$sebastiao soares/m/id=obitos-17001-his2640-per1-per2
260:                ls$residencia/soure
261: 
262:          sacr$sim
263: 
264:          locs$igreja de nossa senhora de finisterra
265: 
266:          oficios$3 de 9
267: 
268:       o$27/8/1701/id=obitos-17001-his2641
269: 
270: o$obitos-17001-his2641
270:          n$maria jorge/f/id=obitos-17001-his2641-per1
271: 
272:             marido$manuel vaz/m/id=obitos-17001-his2641-per1-per2
273:                ls$residencia/casal de vaz
274: 
275:          locs$ermida do espirito santo dos casais
276: 
277:          oficios$3 de 3
278: 
279:       o$1/9/1701/id=obitos-17001-his2642
280: 
281: o$obitos-17001-his2642
281:          n$maria francisca/f/id=obitos-17001-his2642-per1
282:             ls$residencia/alencarce de cima
283:             ls$ec/v
284: 
285:             marido$domingos rodrigues/m/id=obitos-17001-his2642-per1-per2
286:                ls$morto/antes
287: 
288:       o$10/9/1701/id=obitos-17001-his2643
289: 
290: o$obitos-17001-his2643
290:          n$antonio francisco/m/id=obitos-17001-his2643-per1
291:             ls$residencia/vale de galegos
292: 
293:          sacr$sim
294: 
295:          locs$igreja de s.tiago
296: 
297:          oficios$1 de 3
298: 
299:       o$11/9/1701/id=obitos-17001-his2644
300: 
301: o$obitos-17001-his2644
301:          n$maria leao/f/id=obitos-17001-his2644-per1
302: 
303:             marido$mateus manhos/m/id=obitos-17001-his2644-per1-per2
304:                ls$residencia/soure
305: 
306:          locs$ermida de s.francisco
307: 
308:          sacr$sim
309: 
310:          oficios$3 de 9
311: 
312:       o$24/9/1701/id=obitos-17001-his2645
313: 
314: o$obitos-17001-his2645
314:          n$manuel pereira/m/id=obitos-17001-his2645-per1
315:             ls$residencia/paleao
316: 
317:          locs$adro
318: 
319:       o$25/9/1701/id=obitos-17001-his2646
320: 
321: o$obitos-17001-his2646
321:          n$isabel cordeiro/f/id=obitos-17001-his2646-per1
322: 
323:             marido$jose gaspar/m/id=obitos-17001-his2646-per1-per2
324:                ls$residencia/simoes
325: 
326:          sacr$sim
327: 
328:          locs$adro
329: 
330:          oficios$2 de 3
331: 
332:       o$23/10/1701/id=obitos-17001-his2647
333: 
334: o$obitos-17001-his2647
334:          n$joao goncalves/m/id=obitos-17001-his2647-per1
335:             ls$residencia/casal dos guerras
336: 
337:          sacr$sim
338: 
339:          locs$adro
340: 
341:       o$7/11/1701/id=obitos-17001-his2648
342: 
343: o$obitos-17001-his2648
343:          n$manuel/m/id=obitos-17001-his2648-per1
344: 
345:             pai$manuel rodrigues calhau/m/id=obitos-17001-his2648-per1-per2
346:                ls$residencia/alencarce de cima
347: 
348:          sacr$sim
349: 
350:          locs$ermida de alencarce de cima
351: 
352:          oficios$1 de 3
353: 
354:       o$7/11/1701/id=obitos-17001-his2649
355: 
356: o$obitos-17001-his2649
356:          n$isabel/f/id=obitos-17001-his2649-per1
357:             ls$naturalidade/pombal
358:             ls$freguesia/pombal
359:             rel$profissional/criada/luis coelho/ro17011107bis
360: 
361:             referido$luis coelho/m/id=ro17011107bis
362:                ls$residencia/soure
363: 
364:          sacr$sim
365: 
366:          locs$igreja de s.tiago
367: 
368:       o$9/11/1701/id=obitos-17001-his2650
369: 
370: o$obitos-17001-his2650
370:          n$domingas/f/id=obitos-17001-his2650-per1
371: 
372:             pai$manuel alvares/m/id=obitos-17001-his2650-per1-per2
373:                ls$residencia/alencarce de cima
374: 
375:          locs$ermida de alencarce de cima
376: 
377:          oficios$1 de 3
378: 
379:       o$22/11/1701/obs=nao e certo que tenha morrido neste dia/id=obitos-17001-his2651
380: 
381: o$obitos-17001-his2651
381:          n$nome desconhecido/m/id=obitos-17001-his2651-per1
382: 
383:             pai$francisco lopes/m/id=obitos-17001-his2651-per1-per2
384:                ls$residencia/pinheiro
385: 
386:          oficios$1 e meio de 3
387: 
388:          locs$ermida do pinheiro
389: 
390:       o$24/11/1701/id=obitos-17001-his2652
391: 
392: o$obitos-17001-his2652
392:          n$joao madeira/m/id=obitos-17001-his2652-per1
393:             ls$residencia/cascao
394: 
395:          sacr$sim
396: 
397:          locs$adro
398: 
399:          oficios$2 de3
400: 
401:       o$25/11/1701/id=obitos-17001-his2653
402: 
403: o$obitos-17001-his2653
403:          n$sebastiao/m/id=obitos-17001-his2653-per1
404: 
405:             pai$manuel gomes/m/id=obitos-17001-his2653-per1-per2
406:                ls$residencia/porto das cabras
407: 
408:          sacr$sim
409: 
410:          locs$igreja de s.tiago
411: 
412:          oficios$1 de 3
413: 
414:       o$28/11/1701/id=obitos-17001-his2654
415: 
416: o$obitos-17001-his2654
416:          n$manuel domingues/m/id=obitos-17001-his2654-per1
417:             ls$residencia/sobral
418: 
419:          sacr$sim
420: 
421:          locs$ermida de s.miguel do sobral
422: 
423:          oficios$3 de 9
424: 
425:       o$1/12/1701/id=obitos-17001-his2655
426: 
427: o$obitos-17001-his2655
427:          n$jose luis/m/id=obitos-17001-his2655-per1
428:             ls$residencia/corujeira
429: 
430:          locs$adro
431: 
432:          oficios$2 de 3
433: 
434:       o$3/12/1701/obs=nao e certo que tenha morrido neste dia/id=obitos-17001-his2656
435: 
436: o$obitos-17001-his2656
436:          n$manuel domingues/m/id=obitos-17001-his2656-per1
437:             ls$residencia/casal dos relvas
438: 
439:          oficios$1 de 3
440: 
441:          locs$tapeus
442: 
443:       o$5/12/1701/id=obitos-17001-his2657
444: 
445: o$obitos-17001-his2657
445:          n$ana rodrigues/f/id=obitos-17001-his2657-per1
446:             ls$ec/v
447:             ls$residencia/alencarce de cima
448: 
449:          sacr$sim
450: 
451:          locs$ermida de santo tirso de alencarce de cima
452: 
453:          oficios$3 de 3
454: 
455:       o$10/12/1701/obs=nao e certo que tenha morrido neste dia/id=obitos-17001-his2658
456: 
457: o$obitos-17001-his2658
457:          n$nome desconhecido%um defunto da minha obrigacao/m/id=obitos-17001-his2658-per1
458: 
459:          oficios$1 de 3
460: 
461:       o$10/12/1701/id=obitos-17001-his2659
462: 
463: o$obitos-17001-his2659
463:          n$margarida ferreira/f/id=obitos-17001-his2659-per1
464: 
465:             marido$manuel alvares/m/id=obitos-17001-his2659-per1-per2
466:                ls$residencia/soure
467: 
468:          sacr$sim
469: 
470:          locs$ermida de s.francisco
471: 
472:          oficios$1 de 9
473: 
474:       o$20/12/1701/id=obitos-17001-his2660
475: 
476: o$obitos-17001-his2660
476:          n$ana/f/id=obitos-17001-his2660-per1
477:             ls$ec/s
478:             rel$parentesco/irma/domingos goncalves/ro17011220
479: 
480:             referido$domingos goncalves/m/id=ro17011220
481:                ls$profissao/padre
482:                ls$residencia/casais do espirito santo
483: 
484:          sacr$sim
485: 
486:          locs$ermida dos casais do espirito santo
487: 
488:          oficios$1 de 9
489: 
490:       o$24/12/1701/id=obitos-17001-his2661
491: 
492: o$obitos-17001-his2661
492:          n$manuel vaz/m/id=obitos-17001-his2661-per1
493:             ls$residencia/casal das galinhas
494: 
495:          sacr$sim
496: 
497:          locs$ermida do espirito santo dos casais
498: 
499:          oficios$3 de 3
500: 
501:       o$27/12/1701/id=obitos-17001-his2662
502: 
503: o$obitos-17001-his2662
503:          n$maria pedroso/f/id=obitos-17001-his2662-per1
504:             ls$ec/v
505: 
506:             marido$manuel cordeiro/m/id=obitos-17001-his2662-per1-per2
507:                ls$residencia/casa velha
508:                ls$morto/antes
509: 
510:          sacr$sim
511: 
512:          locs$ermida de nossa senhora da casa velha
513: 
514:          oficios$3 de 9
515: 
516:       o$27/12/1701/id=obitos-17001-his2663
517: 
518: o$obitos-17001-his2663
518:          n$pedro gomes/m/id=obitos-17001-his2663-per1
519:             ls$residencia/casa velha
520: 
521:          sacr$sim
522: 
523:          locs$ermida da casa velha
524: *** End of File
** Processed file- /Users/jrc/mhk-home/sources/soure/soure-sources/sources/soure_fase1/obitos/ob1701.cli
** Original file- /Users/jrc/mhk-home/sources/soure/soure-sources/sources/soure_fase1/obitos/ob1701.org
** Previous version- /Users/jrc/mhk-home/sources/soure/soure-sources/sources/soure_fase1/obitos/ob1701.old
** Temp file with ids- /Users/jrc/mhk-home/sources/soure/soure-sources/sources/soure_fase1/obitos/ob1701.ids
0  errors. 
0  warnings.
Translation finished.
