ClioInput - version @@VERSION@@ - build @@BUILD@@ @@DATE@@
10-8-2018 14-49

Processing data file /Users/jrc/mhk-home/sources/soure/documents/obitos/ob1704.cli
-------------------------------------------
Generic Act translation module with geoentities (XML).
     Joaquim Ramos de Carvalho (joaquim@uc.pt) 
** New document: kleio
=========================
kleio translation started
=========================
Structure: gacto2.str
Prefix: 
Autorel: 
Translation count: 
Obs: 
Translation count not set or invalid, counting as zero: 
** Processing source fonte$obitos-1704
6: o$obitos-1704-his2786
19: o$obitos-1704-his2787
30: o$obitos-1704-his2788
40: o$obitos-1704-his2789
51: o$obitos-1704-his2790
62: o$obitos-1704-his2791
73: o$obitos-1704-his2792
84: o$obitos-1704-his2793
97: o$obitos-1704-his2794
112: o$obitos-1704-his2795
125: o$obitos-1704-his2796
136: o$obitos-1704-his2797
147: o$obitos-1704-his2798
158: o$obitos-1704-his2799
169: o$obitos-1704-his2800
183: o$obitos-1704-his2801
196: o$obitos-1704-his2802
208: o$obitos-1704-his2803
219: o$obitos-1704-his2804
231: o$obitos-1704-his2805
242: o$obitos-1704-his2806
255: o$obitos-1704-his2807
266: o$obitos-1704-his2808
281: o$obitos-1704-his2809
294: o$obitos-1704-his2810
305: o$obitos-1704-his2811
316: o$obitos-1704-his2812
329: o$obitos-1704-his2813
340: o$obitos-1704-his2814
351: o$obitos-1704-his2815
362: o$obitos-1704-his2816
374: o$obitos-1704-his2817
385: o$obitos-1704-his2818
398: o$obitos-1704-his2819
411: o$obitos-1704-his2820
420: o$obitos-1704-his2821
431: o$obitos-1704-his2822
438: o$obitos-1704-his2823
450: o$obitos-1704-his2824
463: o$obitos-1704-his2825
472: o$obitos-1704-his2826
485: o$obitos-1704-his2827
499: o$obitos-1704-his2828
512: o$obitos-1704-his2829
526: o$obitos-1704-his2830
538: o$obitos-1704-his2831
550: o$obitos-1704-his2832

/Users/jrc/mhk-home/sources/soure/documents/obitos/ob1704.cli:557:destination id of "same as" not found. Will check again at the end of file.


WARNING: ob1704.cli line 556 destination id of "same as" not found. Will check again at the end of file.
Near line: 556             referido$antonio de meneses/m/mesmo_que=c113-7/id=obitos-1704-his2832-per1-per2
Near line: 557                ls$titulo/dom

565: o$obitos-1704-his2833
576: o$obitos-1704-his2834
590: o$obitos-1704-his2835
599: o$obitos-1704-his2836
610: o$obitos-1704-his2837
623: o$obitos-1704-his2838
636: o$obitos-1704-his2839
647: o$obitos-1704-his2840
659: o$obitos-1704-his2841
668: o$obitos-1704-his2842
680: o$obitos-1704-his2843
692: o$obitos-1704-his2844

/Users/jrc/mhk-home/sources/soure/documents/obitos/ob1704.cli:698:destination id of "same as" not found. Will check again at the end of file.


WARNING: ob1704.cli line 697 destination id of "same as" not found. Will check again at the end of file.
Near line: 697             referido$sebastiao machado da costa/m/mesmo_que=c12-8/id=obitos-1704-his2844-per1-per2
Near line: 698                ls$residencia/soure

706: o$obitos-1704-his2845
718: o$obitos-1704-his2846
727: o$obitos-1704-his2847
741: o$obitos-1704-his2848
754: o$obitos-1704-his2849
765: o$obitos-1704-his2850
776: o$obitos-1704-his2851
790: o$obitos-1704-his2852
803: o$obitos-1704-his2853
816: o$obitos-1704-his2854
823: o$obitos-1704-his2855
833: o$obitos-1704-his2856
845: o$obitos-1704-his2857
856: o$obitos-1704-his2858
*** End of File
ERROR:  Could not find same_as id c113-7 referred in line 557. If  original reference is on another file use xsame_as

ERROR:  Could not find same_as id c12-8 referred in line 698. If  original reference is on another file use xsame_as

2  errors. 
2  warnings.
Translation finished.
