ClioInput - version @@VERSION@@ - build @@BUILD@@ @@DATE@@
13-6-2019 22-50

Processing data file ob1715.cli
-------------------------------------------
Generic Act translation module with geoentities (XML).
     Joaquim Ramos de Carvalho (joaquim@uc.pt) 
** New document: kleio
1: kleio$gacto2.str
=========================
kleio translation started
=========================
Structure: gacto2.str
Prefix: 
Autorel: 
Translation count: 
Obs: 
Translation count not set or invalid, counting as zero: 
2:    fonte$obitos-1715/tipo=reg paroquiais/localizacao=3/data=17150000/obs=padre manuel rodrigues
3: 
** Processing source fonte$obitos-1715
4:       o$1/1/1715/id=obitos-1715-his3612
5: 
6: o$obitos-1715-his3612
6:          testamento$nao
7: 
8:          sacr$sim
9: 
10:          n$isabel dias/f/id=obitos-1715-his3612-per1
11: 
12:             marido$diogo francisco/id=obitos-1715-his3612-per1-per2
13:                ls$residencia/simoes
14: 
15:          locs$ermida de s.lourenco%por ai eleger sepultura
16: 
17:          oficios$3 razos
18: 
19:       o$1/1/1715/id=obitos-1715-his3613
20: 
21: o$obitos-1715-his3613
21:          n$manuel/m/id=on01011715
22:             ls$idade/0/obs=morreu logo apos nascer
23:             ls$ilegitimo/sim
24: 
25:             mae$maria/f/id=on01011715-per1
26:                ls$ec/s
27:                rel$parentesco/filha/manuel vaz/opmae01011715
28: 
29:             referido$manuel vaz/m/id=opmae01011715
30:                ls$residencia/pinheiro
31: 
32:             referido$manuel de s.miguel/m/id=or01011715
33:                ls$residencia/pinheiro
34:                rel$sociabilidade/baptisou em necessidade/manuel/on01011715
35: 
36:          locs$ermida de s.jose do pinheiro
37: 
38:       o$4/1/1715/id=obitos-1715-his3614
39: 
40: o$obitos-1715-his3614
40:          testamento$nuncupativo
41: 
42:          sacr$sim
43: 
44:          n$domingos antonio/m/id=obitos-1715-his3614-per1
45:             ls$ec/v
46:             ls$residencia/cascao
47: 
48:          locs$adro
49: 
50:          oficios$2 razos
51: 
52:       o$7/1/1715/id=obitos-1715-his3615
53: 
54: o$obitos-1715-his3615
54:          testamento$nao
55: 
56:          sacr$nao%disseram que se confessara e comungara pouco antes de falecer e posto ja na necessidade, na quinta de rodrigo homem de quadros
57: 
58:          n$domingos francisco/m/id=obitos-1715-his3615-per1
59:             ls$residencia/casconho
60: 
61:          locs$adro
62: 
63:          oficios$2 razos
64: 
65:       o$7/1/1715/id=obitos-1715-his3616
66: 
67: o$obitos-1715-his3616
67:          n$aldonsa/f/id=obitos-1715-his3616-per1
68:             ls$idade/1
69: 
70:             pai$joao da costa de vasconcelos/mesmo_que=c12-7/id=obitos-1715-his3616-per1-per2
71: 

WARNING: ob1715.cli line 71 destination id of "same as" not found. Will check again at the end of file.
Near line: 71 
Near line: 72          locs$ermida da quinta de s.tome

72:          locs$ermida da quinta de s.tome
73: 
74:       o$9/1/1715/id=obitos-1715-his3617
75: 
76: o$obitos-1715-his3617
76:          testamento$nao
77: 
78:          sacr$sim
79: 
80:          n$maria alvares/f/id=obitos-1715-his3617-per1
81:             ls$ec/v
82:             ls$residencia/casal de alencarce
83: 
84:          locs$adro
85: 
86:          oficios$1 razo
87: 
88:       o$9/1/1715/id=obitos-1715-his3618
89: 
90: o$obitos-1715-his3618
90:          n$manuel/m/id=obitos-1715-his3618-per1
91:             ls$idade/14
92: 
93:             pai$diogo francisco/id=obitos-1715-his3618-per1-per2
94:                ls$residencia/simoes
95: 
96:          sacr$penitencia e eucaristia%nao da extrema uncao por nao procurarem
97: 
98:          locs$ermida de s.lourenco
99: 
100:          oficios$1 razo
101: 
102:       o$15/1/1715/id=obitos-1715-his3619
103: 
104: o$obitos-1715-his3619
104:          n$manuel/m/id=obitos-1715-his3619-per1
105:             ls$idade_aprox/1 mes e meio
106: 
107:             pai$domingos jorge/id=obitos-1715-his3619-per1-per2
108:                ls$residencia/paleao
109: 
110:          locs$ermida de s.joao
111: 
112:       o$27/1/1715/id=obitos-1715-his3620
113: 
114: o$obitos-1715-his3620
114:          n$joao/m/id=obitos-1715-his3620-per1
115:             ls$idade/1
116: 
117:             pai$simao gomes/id=obitos-1715-his3620-per1-per2
118:                ls$residencia/paleao
119: 
120:          locs$ermida de s.joao
121: 
122:       o$4/2/1715/id=obitos-1715-his3621
123: 
124: o$obitos-1715-his3621
124:          testamento$nao
125: 
126:          sacr$sim
127: 
128:          locf$hospital da santa casa
129: 
130:          n$maria cordeiro/f/id=obitos-1715-his3621-per1
131: 
132:             marido$? serodio%o manco serodio/id=obitos-1715-his3621-per1-per2
133:                ls$alcunha/manco
134:                ls$residencia/soure
135: 
136:          locs$adro da misericordia
137: 
138:       o$6/2/1715/id=obitos-1715-his3622
139: 
140: o$obitos-1715-his3622
140:          n$maria/f/id=obitos-1715-his3622-per1
141:             ls$idade/1
142: 
143:             pai$jose rodrigues/id=obitos-1715-his3622-per1-per2
144:                ls$residencia/vila nova de ancos, freguesia de vila nova de ancos
145:                ls$freguesia/vila nova de ancos
146: 
147:          locs$adro
148: 
149:       o$16/2/1715/id=obitos-1715-his3623
150: 
151: o$obitos-1715-his3623
151:          testamento$nao
152: 
153:          sacr$penitencia%somente, por morrer apressadament
154: 
155:          n$isabel rodrigues/f/id=obitos-1715-his3623-per1
156:             ls$ec/s
157:             ls$residiu/casal das pardalas, freguesia de ....
158:             ls$residencia/soure#de presente
159: 
160:          locs$igreja de s.tiago%cova de fabrica
161: 
162:          oficios$3 razos
163: 
164:       o$18/2/1715/id=obitos-1715-his3624
165: 
166: o$obitos-1715-his3624
166:          testamento$nao
167: 
168:          sacr$penitencia%somente, por morrer de parto apressadamente
169: 
170:          n$josefa antunes/f/id=obitos-1715-his3624-per1
171: 
172:             marido$joao goncalves/id=obitos-1715-his3624-per1-per2
173:                ls$residencia/olho marinho
174: 
175:          locs$ermida de s.jose do pinheiro
176: 
177:          causa$parto
178: 
179:          oficios$3 razos
180: 
181:       o$19/2/1715/id=obitos-1715-his3625
182: 
183: o$obitos-1715-his3625
183:          testamento$nao
184: 
185:          sacr$penitencia e e.u.%nao eucaristia por nao estar capaz
186: 
187:          n$manuel goncalves/m/id=obitos-1715-his3625-per1
188:             ls$ec/v
189:             ls$residencia/casal do leonel
190: 
191:          locs$adro
192: 
193:          oficios$ 3 razos
194: 
195:       o$20/2/1715/id=obitos-1715-his3626
196: 
197: o$obitos-1715-his3626
197:          testamento$nao
198: 
199:          sacr$sim
200: 
201:          n$manuel gomes/m/id=obitos-1715-his3626-per1
202:             ls$alcunha/ruivo
203:             ls$residencia/porto das cabras
204: 
205:          locs$adro
206: 
207:       o$28/2/1715/id=obitos-1715-his3627
208: 
209: o$obitos-1715-his3627
209:          n$manuel/m/id=on28021715
210:             ls$idade/0/obs=morreu poucos dias depois de nascer
211:             ls$ilegitimo/sim
212: 
213:             mae$maria/f/id=on28021715-per1
214:                ls$ec/s
215:                rel$parentesco/filha/maria simoes/ommae28021715
216: 
217:             referida$maria simoes/f/id=ommae28021715
218:                ls$residencia/paleao
219:                ls$ec/v
220: 
221:          locs$adro
222: 
223:          referido$manuel afonso/m/id=or28021715
224:             ls$profissao/padre
225:             ls$residencia/paleao
226:             rel$sociabilidade/baptisou em necessidade/manuel/on28021715
227: 
228:       o$2/3/1715/id=obitos-1715-his3628
229: 
230: o$obitos-1715-his3628
230:          testamento$nao
231: 
232:          sacr$penitencia e eucaristia%nao e.u. por que nao procurou
233: 
234:          n$domingas rodrigues/f/id=obitos-1715-his3628-per1
235:             ls$ec/v
236:             ls$residencia/casal da pencarpia
237: 
238:          locs$adro
239: 
240:       o$2/3/1715/id=obitos-1715-his3629
241: 
242: o$obitos-1715-his3629
242:          testamento$nao
243: 
244:          sacr$sim
245: 
246:          n$maria francisca/f/id=obitos-1715-his3629-per1
247:             ls$ec/v
248:             ls$residencia/vale da borra
249: 
250:          locs$ermida de s.francisco
251: 
252:          oficios$1 razo
253: 
254:       o$4/3/1715/id=obitos-1715-his3630
255: 
256: o$obitos-1715-his3630
256:          testamento$nao
257: 
258:          sacr$sim
259: 
260:          n$simao joao/m/id=obitos-1715-his3630-per1
261:             ls$residencia/cascao
262: 
263:          locs$igreja de s.tiago%cova de fabrica
264: 
265:          oficios$2,5 razos + 4 missas
266: 
267:       o$5/3/1715/id=obitos-1715-his3631
268: 
269: o$obitos-1715-his3631
269:          testamento$nao
270: 
271:          sacr$penitencia e eucaristia%e nao da e.u. por nao procurar
272: 
273:          n$domingos cardoso/m/id=obitos-1715-his3631-per1
274:             ls$ec/v
275:             ls$residencia/soure
276: 
277:          locs$ermida de s.sebastiao
278: 
279:       o$11/3/1715/id=obitos-1715-his3632
280: 
281: o$obitos-1715-his3632
281:          testamento$nao
282: 
283:          sacr$sim
284: 
285:          n$maria/f/id=obitos-1715-his3632-per1
286:             ls$ec/s
287:             ls$idade_aprox/mais de 12
288: 
289:             mae$maria rodrigues ligeira/id=obitos-1715-his3632-per1-per2
290:                ls$ec/v
291:                ls$residencia/soure
292: 
293:          locs$ermida de s.francisco
294: 
295:          oficios$1 razo
296: 
297:       o$14/3/1715/id=obitos-1715-his3633
298: 
299: o$obitos-1715-his3633
299:          testamento$nao
300: 
301:          sacr$sim
302: 
303:          n$simao de oliveira/m/id=obitos-1715-his3633-per1
304:             ls$alcunha/pardal
305:             ls$residencia/moinhos de nuno alvares
306: 
307:          locs$igreja de s.tiago%em cova de fabrica
308: 
309:          oficios$1 oficio razo e algumas missas
310: 
311:       o$14/3/1715/id=obitos-1715-his3634
312: 
313: o$obitos-1715-his3634
313:          causa$apressadamente
314: 
315:          sacr$penitencia e da extrema uncao%somente por nao haver tempo para mais
316: 
317:          n$maria joao/f/id=obitos-1715-his3634-per1
318:             ls$residencia/casconho
319:             ls$ec/v
320: 
321:          testamento$nao
322: 
323:          locs$adro
324: 
325:          oficios$1 razo
326: 
327:       o$24/3/1715/id=obitos-1715-his3635
328: 
329: o$obitos-1715-his3635
329:          testamento$nao
330: 
331:          sacr$penitencia e extrema uncao%e nao com o da eucaristia por nao procurar a tempo
332: 
333:          n$manuel cordeiro/m/id=obitos-1715-his3635-per1
334:             ls$residencia/cabeca gorda
335: 
336:          locs$ermida de s.jose do pinheiro
337: 
338:       o$5/4/1715/id=obitos-1715-his3636
339: 
340: o$obitos-1715-his3636
340:          n$jose/m/id=on05041715
341:             ls$ilegitimo/sim
342:             ls$idade/0/obs=morreu depois de ter sido baptisado em necessidade
343: 
344:             mae$isabel amara/id=on05041715-per1
345:                ls$ec/s
346:                ls$residencia/paleao
347: 
348:          locs$adro
349: 
350:          referida$antonia carvalho/f/mesmo_que=br16011719/id=obitos-1715-his3636-per2

WARNING: ob1715.cli line 350 destination id of "same as" not found. Will check again at the end of file.
Near line: 350          referida$antonia carvalho/f/mesmo_que=br16011719/id=obitos-1715-his3636-per2
Near line: 351             rel$sociabilidade/baptisou em necessidade/jose/on05041715

351:             rel$sociabilidade/baptisou em necessidade/jose/on05041715
352: 
353:       o$11/4/1715/id=obitos-1715-his3637
354: 
355: o$obitos-1715-his3637
355:          testamento$nao
356: 
357:          sacr$penitencia e da extrema uncao%e nao da eucaristia por nao se poder administrar
358: 
359:          n$maria lourenco/f/id=obitos-1715-his3637-per1
360: 
361:             marido$manuel rodrigues perna/id=obitos-1715-his3637-per1-per2
362:                ls$residencia/casal dos guerras
363: 
364:          locs$adro
365: 
366:          oficios$1 razo
367: 
368:       o$11/4/1715/id=obitos-1715-his3638
369: 
370: o$obitos-1715-his3638
370:          testamento$nao
371: 
372:          sacr$penitencia%somente por nao haver tempo
373: 
374:          n$jose ferreira/m/id=obitos-1715-his3638-per1
375:             ls$residencia/becos
376: 
377:          locs$ermida do divino espirito santo
378: 
379:          oficios$1 razo
380: 
381:       o$12/4/1715/id=obitos-1715-his3639
382: 
383: o$obitos-1715-his3639
383:          sacr$sim
384: 
385:          testamento$nao
386: 
387:          causa$doenca dilatada
388: 
389:          n$isabel rodrigues/f/id=obitos-1715-his3639-per1
390: 
391:             marido$manuel simoes faroleiro/id=obitos-1715-his3639-per1-per2
392:                ls$alcunha/velho
393:                ls$residencia/feijoes
394: 
395:          locs$adro
396: 
397:       o$16/4/1715/id=obitos-1715-his3640
398: 
399: o$obitos-1715-his3640
399:          n$nome desconhecido/m/obs=um menino a que nao se pos nome/id=on16041715
400:             ls$idade/0
401: 
402:             pai$jose gomes/id=on16041715-per1
403:                ls$residencia/alencarce de cima
404: 
405:             referida$antonia gomes/f/id=or16041715
406:                ls$residencia/alencarce de cima
407:                rel$sociabilidade/baptisou em necessidade/nome desconhecido/on16041715
408: 
409:          locs$adro
410: 
411:       o$23/4/1715/id=obitos-1715-his3641
412: 
413: o$obitos-1715-his3641
413:          testamento$sim
414: 
415:          sacr$sim
416: 
417:          n$luisa/f/id=obitos-1715-his3641-per1
418:             ls$titulo/dona
419:             ls$ec/v
420:             ls$residencia/soure
421: 
422:             marido$lourenco brandao/id=obitos-1715-his3641-per1-per2
423:                ls$morto/antes
424: 
425:          locs$igreja de s.tiago%em cova de fabrica
426: 
427:          oficios$1 de 9
428: 
429:       o$28/4/1715/id=obitos-1715-his3642
430: 
431: o$obitos-1715-his3642
431:          sacr$nao%ha dias tinha-se confessado e comungado por obrigacao da quaresma#foi achada morta
432: 
433:          testamento$nao
434: 
435:          n$isabel cossoura?/f/id=obitos-1715-his3642-per1
436:             ls$ec/s
437:             ls$residencia/beltroes
438: 
439:          causa$foi achada morta
440: 
441:          locs$adro
442: 
443:       o$4/5/1715/id=obitos-1715-his3643
444: 
445: o$obitos-1715-his3643
445:          sacr$penitencia e extrema uncao%por nao ter capacidade para mais
446: 
447:          n$jose/m/id=obitos-1715-his3643-per1
448:             ls$idade/11
449: 
450:             mae$ana jorge/id=obitos-1715-his3643-per1-per2
451:                ls$ec/v
452:                ls$residencia/barrosos
453: 
454:          locs$adro
455: 
456:          oficios$1 razo
457: 
458:       o$5/5/1715/id=obitos-1715-his3644
459: 
460: o$obitos-1715-his3644
460:          testamento$nao
461: 
462:          sacr$sim
463: 
464:          n$isabel pires/f/id=obitos-1715-his3644-per1
465:             ls$ec/v
466:             ls$residencia/casais de s.mateus
467: 
468:          locs$ermida de s.mateus%ermida do glorioso apostolo s.mateus
469: 
470:          oficios$meio de nove e algumas missas
471: 
472:       o$17/5/1715/id=obitos-1715-his3645
473: 
474: o$obitos-1715-his3645
474:          causa$apressadamente
475: 
476:          sacr$penitencia e extrema uncao%por nao haver lugar para mais
477: 
478:          testamento$nao
479: 
480:          n$luis/m/id=obitos-1715-his3645-per1
481:             ls$ec/s
482:             ls$idade/14
483: 
484:             mae$isabel francisca/id=obitos-1715-his3645-per1-per2
485:                ls$ec/v
486:                ls$residencia/sobral
487: 
488:          oficios$2 razos
489: 
490:          locs$adro
491: 
492:       o$23/5/1715/id=obitos-1715-his3646
493: 
494: o$obitos-1715-his3646
494:          testamento$nao
495: 
496:          sacr$sim
497: 
498:          causa$doenca prolongada
499: 
500:          n$maria francisca/f/id=obitos-1715-his3646-per1
501:             ls$ec/v
502:             ls$residencia/casconho
503: 
504:          locs$igreja de s.tiago%em cova de fabrica
505: 
506:          oficios$2 razos
507: 
508:       o$31/5/1715/id=obitos-1715-his3647
509: 
510: o$obitos-1715-his3647
510:          testamento$doacao causa mortis
511: 
512:          sacr$sim
513: 
514:          n$isabel jorge/f/id=obitos-1715-his3647-per1
515:             ls$residencia/carvalheira de baixo
516: 
517:          locs$igreja de s.tiago%em cova de fabrica
518: 
519:          oficios$3 de 9
520: 
521:       o$5/6/1715/id=obitos-1715-his3648
522: 
523: o$obitos-1715-his3648
523:          testamento$nao
524: 
525:          causa$doenca prolongada
526: 
527:          sacr$sim
528: 
529:          n$francisca goncalves/f/id=obitos-1715-his3648-per1
530:             ls$ec/v
531:             ls$residencia/alencarce de cima
532: 
533:          locs$ermida de santo tirso de alencarce de cima
534: 
535:          oficios$2 razos
536: 
537:       o$14/6/1715/id=obitos-1715-his3649
538: 
539: o$obitos-1715-his3649
539:          n$manuel/m/id=obitos-1715-his3649-per1
540:             ls$idade_aprox/mais de 14
541: 
542:             pai$antonio goncalves machado/id=obitos-1715-his3649-per1-per2
543:                ls$residencia/soure
544: 
545:          sacr$sim
546: 
547:          locs$igreja de s.tiago
548: 
549:          oficios$1 razo
550: 
551:       o$29/6/1715/id=obitos-1715-his3650
552: 
553: o$obitos-1715-his3650
553:          testamento$nao
554: 
555:          sacr$sim
556: 
557:          n$mateus goncalves galhim/m/id=obitos-1715-his3650-per1
558:             ls$residencia/alencarce de cima
559: 
560:          locs$igreja de s.tiago%em cova de fabrica
561: 
562:          oficios$3 de 9
563: 
564:       o$4/7/1715/id=obitos-1715-his3651
565: 
566: o$obitos-1715-his3651
566:          testamento$nao
567: 
568:          sacr$sim
569: 
570:          n$manuel jorge corujeiro/m/id=obitos-1715-his3651-per1
571:             ls$ec/v
572:             ls$residencia/casal da corujeira
573: 
574:          locs$igreja de s.tiago%em cova de fabrica
575: 
576:          oficios$3 razos
577: 
578:       o$11/7/1715/id=obitos-1715-his3652
579: 
580: o$obitos-1715-his3652
580:          causa$afogado%caiu em um poco de agua
581: 
582:          n$antonio/m/id=obitos-1715-his3652-per1
583:             ls$idade_aprox/8 meses
584: 
585:             pai$manuel rodrigues fuseiro/id=obitos-1715-his3652-per1-per2
586:                ls$residencia/lajem
587: 
588:          locs$ermida de s.jose do pinheiro
589: 
590:       o$21/7/1715/id=obitos-1715-his3653
591: 
592: o$obitos-1715-his3653
592:          testamento$nao
593: 
594:          sacr$penitencia e extrema uncao%e nao eucaristia por prevertida do sentidos e ter vomitos
595: 
596:          n$maria de pontes/f/id=obitos-1715-his3653-per1
597:             ls$ec/v
598:             ls$residencia/soure
599: 
600:          locs$ermida de s.francisco
601: 
602:          oficios$1 de 9
603: 
604:       o$25/7/1715/id=obitos-1715-his3654
605: 
606: o$obitos-1715-his3654
606:          testamento$nao
607: 
608:          sacr$sim
609: 
610:          n$catarina domingues/f/id=obitos-1715-his3654-per1
611: 
612:             marido$domingos luis/id=obitos-1715-his3654-per1-per2
613:                ls$residencia/mogadouro
614: 
615:          locs$ermida de s.sebastiao do mogadouro
616: 
617:          oficios$2 de 9
618: 
619:       o$12/8/1715/id=obitos-1715-his3655
620: 
621: o$obitos-1715-his3655
621:          sacr$penitencia%por nao procurar outro algum
622: 
623:          n$joao/m/id=obitos-1715-his3655-per1
624:             ls$idade/10
625: 
626:             mae$isabel rodrigues/id=obitos-1715-his3655-per1-per2
627:                ls$ec/v
628:                ls$residencia/casal dos feijoes
629: 
630:          locs$adro
631: 
632:          oficios$1 razo
633: 
634:       o$18/8/1715/id=obitos-1715-his3656
635: 
636: o$obitos-1715-his3656
636:          testamento$nao
637: 
638:          sacr$sim
639: 
640:          n$francisco lopes/m/id=obitos-1715-his3656-per1
641:             ls$alcunha/labias
642:             ls$residencia/soure
643: 
644:          locs$adro
645: 
646:          oficios$1 razo
647: 
648:       o$24/8/1715/id=obitos-1715-his3657
649: 
650: o$obitos-1715-his3657
650:          testamento$nao
651: 
652:          sacr$sim
653: 
654:          n$manuel oliveira/m/id=obitos-1715-his3657-per1
655:             ls$residencia/paleao
656: 
657:          locs$adro
658: 
659:          oficios$3 razos
660: 
661:       o$5/9/1715/id=obitos-1715-his3658
662: 
663: o$obitos-1715-his3658
663:          n$manuel/m/id=obitos-1715-his3658-per1
664:             ls$idade_aprox/mais de 14
665: 
666:             pai$francisco madeira/id=obitos-1715-his3658-per1-per2
667:                ls$residencia/alencarce de cima
668: 
669:          testamento$nao
670: 
671:          sacr$penitencia e eucaristia%nao extrema uncao por nao procurar
672: 
673:          locs$ermida de santo tirso de alencarce de cima
674: 
675:          oficios$1 razo
676: 
677:       o$6/9/1715/id=obitos-1715-his3659
678: 
679: o$obitos-1715-his3659
679:          testamento$nao
680: 
681:          sacr$penitencia e eucaristia% nao extrema uncao por nao procurar
682: 
683:          n$antonia/f/id=obitos-1715-his3659-per1
684:             ls$ec/s
685:             rel$parentesco/irma/francisco goncalves/or06091715
686: 
687:             referido$francisco goncalves/m/id=or06091715
688:                ls$residencia/fatacos
689: 
690:          locs$adro
691: 
692:          oficios$1 razo
693: 
694:       o$15/9/1715/id=obitos-1715-his3660
695: 
696: o$obitos-1715-his3660
696:          n$tomas/m/id=obitos-1715-his3660-per1
697:             ls$idade/3
698: 
699:             pai$alberto ferreira veloso/id=obitos-1715-his3660-per1-per2
700:                ls$residencia/soure
701: 
702:          locs$igreja de s.tiago%em cova de fabrica
703: 
704:       o$19/9/1715/id=obitos-1715-his3661
705: 
706: o$obitos-1715-his3661
706:          testamento$nao
707: 
708:          sacr$penitencia e extrema uncao% e nao da eucaristia por causa de vomitos
709: 
710:          n$manuel manhos de abreu/m/id=obitos-1715-his3661-per1
711:             ls$residencia/soure
712: 
713:          locs$ermida de s.francisco
714: 
715:          oficios$1 de 9 de corpo presente
716: 
717:       o$26/9/1715/id=obitos-1715-his3662
718: 
719: o$obitos-1715-his3662
719:          n$maria/f/id=obitos-1715-his3662-per1
720:             ls$idade/3
721: 
722:             pai$mateus gomes bartolo/id=obitos-1715-his3662-per1-per2
723:                ls$residencia/soure
724: 
725:          locs$adro
726: 
727:       o$2/10/1715/id=obitos-1715-his3663
728: 
729: o$obitos-1715-his3663
729:          testamento$nao
730: 
731:          sacr$penitencia e eucaristia%nao extrema uncao por nao haver tempo
732: 
733:          n$manuel de oliveira/m/id=obitos-1715-his3663-per1
734:             ls$alcunha/nozes
735:             ls$residencia/soure
736: 
737:          locs$adro da misericordia
738: 
739:          oficios$1 razo#por caridade
740: 
741:       o$2/10/1715/id=obitos-1715-his3664
742: 
743: o$obitos-1715-his3664
743:          n$manuel/m/id=obitos-1715-his3664-per1
744:             ls$idade_aprox/1 e meio
745: 
746:             pai$jose rodrigues feijao/id=obitos-1715-his3664-per1-per2
747:                ls$residencia/casais de s.mateus
748: 
749:          locs$ermida de s.mateus%glorioso apostolo
750: 
751:       o$2/10/1715/id=obitos-1715-his3665
752: 
753: o$obitos-1715-his3665
753:          testamento$nao
754: 
755:          sacr$sim
756: 
757:          n$francisca mendes/f/id=obitos-1715-his3665-per1
758:             ls$ec/v
759:             ls$residencia/soure
760: 
761:          locs$igreja de s.tiago%em cova de fabrica
762: 
763:          oficios$3 de 9
764: 
765:       o$5/10/1715/id=obitos-1715-his3666
766: 
767: o$obitos-1715-his3666
767:          testamento$nao
768: 
769:          sacr$sim
770: 
771:          n$maria simoes/f/id=obitos-1715-his3666-per1
772:             ls$ec/v
773:             ls$residencia/carvalheira de cima
774: 
775:          locs$ermida de s.joao%por nela eleger sepultura
776: 
777:          oficios$1 razo
778: 
779:       o$7/10/1715/id=obitos-1715-his3667
780: 
781: o$obitos-1715-his3667
781:          testamento$nuncupativo
782: 
783:          sacr$sim
784: 
785:          n$manuel alvares/m/id=obitos-1715-his3667-per1
786:             ls$residencia/casal de alencarce de cima
787: 
788:          locs$igreja de s.tiago%em cova de fabrica
789: 
790:          oficios$3 de 9
791: 
792:       o$18/10/1715/id=obitos-1715-his3668
793: 
794: o$obitos-1715-his3668
794:          n$martinho/m/id=obitos-1715-his3668-per1
795:             ls$idade/6
796: 
797:             pai$mateus gomes bartolo/id=obitos-1715-his3668-per1-per2
798:                ls$residencia/soure
799: 
800:          locs$adro
801: 
802:       o$21/10/1715/id=obitos-1715-his3669
803: 
804: o$obitos-1715-his3669
804:          n$antonia/f/id=obitos-1715-his3669-per1
805:             ls$idade/5
806: 
807:             pai$martinho da cunha/id=obitos-1715-his3669-per1-per2
808:                ls$residencia/soure
809: 
810:          locs$igreja de s.tiago na capela mor% em sepultura de seus antepassados
811: 
812:       o$21/10/1715/obs=so oficios/id=obitos-1715-his3670
813: 
814: o$obitos-1715-his3670
814:          oficios$3 razos
815: 
816:          n$antonio/m/obs=por andar ausente ha mais de 25 anos/id=obitos-1715-his3670-per1
817:             ls$ec/s
818:             rel$parentesco/irmao/manuel jorge/or21101715
819: 
820:             referido$manuel jorge/m/id=or21101715
821:                ls$residencia/casal de alencarce
822: 
823:       o$25/10/1715/id=obitos-1715-his3671
824: 
825: o$obitos-1715-his3671
825:          testamento$nao
826: 
827:          sacr$sim
828: 
829:          n$filipa goncalves/f/id=obitos-1715-his3671-per1
830:             ls$ec/v
831:             ls$residencia/alencarce de cima
832: 
833:          locs$ermida de santo tirso
834: 
835:          oficios$2 razos
836: 
837:       o$27/10/1715/id=obitos-1715-his3672
838: 
839: o$obitos-1715-his3672
839:          n$jose/m/id=obitos-1715-his3672-per1
840:             ls$idade/16
841: 
842:             pai$manuel pinto/id=obitos-1715-his3672-per1-per2
843:                ls$residencia/soure
844: 
845:          sacr$sim
846: 
847:          locs$adro
848: 
849:          oficios$1 razo
850: 
851:       o$28/10/1715/id=obitos-1715-his3673
852: 
853: o$obitos-1715-his3673
853:          n$maria/f/id=obitos-1715-his3673-per1
854:             ls$idade/2
855: 
856:             pai$manuel rodrigues/id=obitos-1715-his3673-per1-per2
857:                ls$residencia/casal da pencarpia
858: 
859:          locs$adro
860: 
861:       o$30/10/1715/id=obitos-1715-his3674
862: 
863: o$obitos-1715-his3674
863:          sacr$sim
864: 
865:          testamento$nao
866: 
867:          n$maria pedroso/f/id=obitos-1715-his3674-per1
868:             ls$ec/v
869:             ls$residencia/casa velha
870: 
871:          locs$ermida de nossa senhora das neves%por nela eleger sepultura
872: 
873:          oficios$1 razo
874: 
875:       o$5/11/1715/id=obitos-1715-his3675
876: 
877: o$obitos-1715-his3675
877:          testamento$nao
878: 
879:          sacr$sim
880: 
881:          n$isabel antunes/f/id=obitos-1715-his3675-per1
882: 
883:             marido$domingos goncalves marouvo?/id=obitos-1715-his3675-per1-per2
884:                ls$residencia/alencarce de cima
885: 
886:          locs$ermida de s.francisco
887: 
888:          oficios$3 razos
889: 
890:       o$8/11/1715/id=obitos-1715-his3676
891: 
892: o$obitos-1715-his3676
892:          n$joao/m/id=obitos-1715-his3676-per1
893:             ls$idade/6
894: 
895:             pai$joao ferreira/id=obitos-1715-his3676-per1-per2
896:                ls$residencia/podengos
897: 
898:          locs$ermida de santo tirso de alencarce
899: 
900:       o$11/11/1715/id=obitos-1715-his3677
901: 
902: o$obitos-1715-his3677
902:          testamento$sim#deixou o marido por herdeiro e testamenteiro
903: 
904:          sacr$sim
905: 
906:          n$maria simoes/f/id=obitos-1715-his3677-per1
907: 
908:             marido$joao madeira/id=obitos-1715-his3677-per1-per2
909:                ls$residencia/carvalheira de baixo
910: 
911:          locs$igreja de s.tiago%em cova de fabrica
912: 
913:          oficios$3 de 9 um de corpo presente
914: 
915:       o$14/11/1715/id=obitos-1715-his3678
916: 
917: o$obitos-1715-his3678
917:          n$manuel/m/id=obitos-1715-his3678-per1
918:             ls$idade/7
919: 
920:             pai$joao goncalves galhim/id=obitos-1715-his3678-per1-per2
921:                ls$residencia/alencarce de cima
922: 
923:          locs$ermida de santo tirso
924: 
925:          oficios$1 razo
926: 
927:       o$14/11/1715/id=obitos-1715-his3679
928: 
929: o$obitos-1715-his3679
929:          sacr$sim
930: 
931:          n$domingos/m/id=obitos-1715-his3679-per1
932:             ls$idade/20#filho familia
933:             ls$ec/s
934: 
935:             pai$manuel domingues/id=obitos-1715-his3679-per1-per2
936:                ls$residencia/eureca
937: 
938:          locs$igreja de s.tiago%em cova de fabrica
939: 
940:          testamento$nao%nem tinha bens que pudesse testar
941: 
942:          oficios$1 razo
943: 
944:       o$16/11/1715/id=obitos-1715-his3680
945: 
946: o$obitos-1715-his3680
946:          causa$doenca prolongada
947: 
948:          testamento$nao
949: 
950:          sacr$sim
951: 
952:          n$josefa/f/id=obitos-1715-his3680-per1
953:             ls$ec/s
954:             rel$parentesco/irma/miguel francisco/or16111715
955: 
956:             referido$miguel francisco/m/id=or16111715
957:                ls$residencia/soure
958: 
959:          locs$ermida de s.francisco
960: 
961:          oficios$1 razo
962: 
963:       o$17/11/1715/id=obitos-1715-his3681
964: 
965: o$obitos-1715-his3681
965:          testamento$nao
966: 
967:          sacr$sim
968: 
969:          n$bento rodrigues/m/id=obitos-1715-his3681-per1
970:             ls$residencia/cascao
971: 
972:          locs$ermida de santo tirso de alencarce%por nela eleger sepultura
973: 
974:          oficios$3 razos
975: 
976:       o$18/11/1715/id=obitos-1715-his3682
977: 
978: o$obitos-1715-his3682
978:          testamento$nao
979: 
980:          sacr$sim
981: 
982:          n$maria/f/id=obitos-1715-his3682-per1
983:             ls$idade_aprox/maior#filha familia
984:             ls$ec/s
985: 
986:             pai$manuel antunes/id=obitos-1715-his3682-per1-per2
987:                ls$residencia/alencarce de cima
988: 
989:          locs$ermida de s.francisco
990: 
991:          oficios$1 razo
992: 
993:       o$20/11/1715/id=obitos-1715-his3683
994: 
995: o$obitos-1715-his3683
995:          testamento$nao
996: 
997:          sacr$sim
998: 
999:          n$filipa/f/id=obitos-1715-his3683-per1
1000:             ls$idade/20#filha familias
1001:             ls$ec/s
1002: 
1003:             pai$manuel antunes/id=obitos-1715-his3683-per1-per2
1004:                ls$residencia/alencarce de cima
1005: 
1006:          locs$ermida de s.francisco
1007: 
1008:          oficios$1 razo
1009: 
1010:       o$21/11/1715/id=obitos-1715-his3684
1011: 
1012: o$obitos-1715-his3684
1012:          n$antonio/m/id=obitos-1715-his3684-per1
1013:             ls$idade/1
1014: 
1015:             pai$domingos dos santos/id=obitos-1715-his3684-per1-per2
1016:                ls$residencia/casa velha
1017: 
1018:          locs$ermida das neves
1019: 
1020:       o$25/11/1715/id=obitos-1715-his3685
1021: 
1022: o$obitos-1715-his3685
1022:          testamento$nao
1023: 
1024:          sacr$penitencia e eucaristia%nao extrema uncao por nao procurar
1025: 
1026:          n$joao simoes rato?/m/id=obitos-1715-his3685-per1
1027:             ls$residencia/alencarce de cima
1028: 
1029:          locs$adro
1030: 
1031:          oficios$1 razo
1032: 
1033:       o$26/11/1715/id=obitos-1715-his3686
1034: 
1035: o$obitos-1715-his3686
1035:          n$antonio/m/id=obitos-1715-his3686-per1
1036:             ls$idade_aprox/8 dias
1037: 
1038:             pai$antonio goncalves/id=obitos-1715-his3686-per1-per2
1039:                ls$residencia/cavaleiros
1040: 
1041:          locs$adro
1042: 
1043:       o$26/11/1715/id=obitos-1715-his3687
1044: 
1045: o$obitos-1715-his3687
1045:          testamento$nao
1046: 
1047:          sacr$sim
1048: 
1049:          n$francisca da silva/f/id=obitos-1715-his3687-per1
1050: 
1051:             marido$antonio simoes/id=obitos-1715-his3687-per1-per2
1052:                ls$alcunha/conde
1053:                ls$residencia/porto coelheiro
1054: 
1055:          locs$ermida de santo antonio da venda nova%por nela eleger sepultura
1056: 
1057:          oficios$3 de 9
1058: 
1059:       o$25/11/1715/obs=so oficios. data sic/id=obitos-1715-his3688
1060: 
1061: o$obitos-1715-his3688
1061:          n$vicente rodrigues/m/id=on25111715
1062:             ls$residencia/quinta de porto coelheiro
1063: 
1064:          oficios$1,5 razos
1065: 
1066:          locs$tapeus
1067: 
1068:       o$23/11/1715/obs=so oficios. data sic/id=obitos-1715-his3689
1069: 
1070: o$obitos-1715-his3689
1070:          n$maria alvares/f/id=obitos-1715-his3689-per1
1071: 
1072:             marido$vicente rodrigues/mesmo_que=on25111715/id=obitos-1715-his3689-per1-per2
1073: 
1074:          oficios$1,5 razos
1075: 
1076:          locs$tapeus
1077: 
1078:       o$27/11/1715/id=obitos-1715-his3690
1079: 
1080: o$obitos-1715-his3690
1080:          testamento$sim
1081: 
1082:          sacr$sim
1083: 
1084:          n$antonia rodrigues/f/id=obitos-1715-his3690-per1
1085:             ls$ec/s
1086:             ls$residencia/portela
1087: 
1088:          locs$adro
1089: 
1090:          oficios$3 razos
1091: 
1092:       o$28/11/1715/id=obitos-1715-his3691
1093: 
1094: o$obitos-1715-his3691
1094:          n$joao/m/id=obitos-1715-his3691-per1
1095:             ls$idade/6
1096: 
1097:             pai$antonio joao/id=obitos-1715-his3691-per1-per2
1098:                ls$residencia/casconho
1099: 
1100:          locs$adro
1101: 
1102:       o$1/12/1715/id=obitos-1715-his3692
1103: 
1104: o$obitos-1715-his3692
1104:          n$bartolomeu/m/id=obitos-1715-his3692-per1
1105:             ls$idade/9
1106: 
1107:             pai$jose bras/id=obitos-1715-his3692-per1-per2
1108:                ls$naturalidade/casal do leonel
1109:                ls$residencia/moinhos
1110: 
1111:          sacr$penitencia e extrema uncao%e nao da comunhas por nao procurar
1112: 
1113:          locs$adro
1114: 
1115:          oficios$1 razo
1116: 
1117:       o$3/12/1715/id=obitos-1715-his3693
1118: 
1119: o$obitos-1715-his3693
1119:          n$isabel/f/id=obitos-1715-his3693-per1
1120:             ls$idade/1
1121: 
1122:             pai$matias rodrigues/id=obitos-1715-his3693-per1-per2
1123:                ls$residencia/soure
1124: 
1125:          locs$ermida de s.sebastiao
1126: 
1127:       o$4/12/1715/id=obitos-1715-his3694
1128: 
1129: o$obitos-1715-his3694
1129:          testamento$nuncupativo
1130: 
1131:          sacr$sim
1132: 
1133:          n$jose marques/m/id=obitos-1715-his3694-per1
1134:             ls$ec/s
1135:             ls$residencia/soure
1136:             ls$profissao/oficial de sapateiro
1137:             ls$naturalidade/formoselha, freguesia de taveiro
1138: 
1139:          locs$igreja de s.tiago%em cova de fabrica
1140: 
1141:          oficios$3 razos
1142: 
1143:       o$6/12/1715/id=obitos-1715-his3695
1144: 
1145: o$obitos-1715-his3695
1145:          n$jose/m/id=obitos-1715-his3695-per1
1146:             ls$idade/2
1147: 
1148:             pai$jose goncalves/id=obitos-1715-his3695-per1-per2
1149:                ls$residencia/casal do espirito santo
1150: 
1151:          locs$ermida do divino espirito santo
1152: 
1153:       o$7/12/1715/id=obitos-1715-his3696
1154: 
1155: o$obitos-1715-his3696
1155:          n$maria/f/id=obitos-1715-his3696-per1
1156:             ls$idade/1
1157: 
1158:             pai$joao domingues/id=obitos-1715-his3696-per1-per2
1159:                ls$residencia/casconho
1160: 
1161:          locs$ermida de sebastiao de porto coelheiro
1162: 
1163:       o$7/12/1715/id=obitos-1715-his3697
1164: 
1165: o$obitos-1715-his3697
1165:          n$josefa/f/id=obitos-1715-his3697-per1
1166:             ls$idade_aprox/8 meses
1167: 
1168:             pai$joao rodrigues galiao/id=obitos-1715-his3697-per1-per2
1169:                ls$residencia/portela
1170: 
1171:          locs$adro
1172: 
1173:       o$8/12/1715/id=obitos-1715-his3698
1174: 
1175: o$obitos-1715-his3698
1175:          n$antonio/m/id=obitos-1715-his3698-per1
1176:             ls$idade/1
1177: 
1178:             pai$manuel rodrigues/id=obitos-1715-his3698-per1-per2
1179:                ls$residencia/casal da pencarpia
1180: 
1181:          locs$adro
1182: 
1183:       o$13/12/1715/id=obitos-1715-his3699
1184: 
1185: o$obitos-1715-his3699
1185:          n$antonia/f/id=obitos-1715-his3699-per1
1186:             ls$idade/2
1187: 
1188:             pai$manuel cardoso/id=obitos-1715-his3699-per1-per2
1189:                ls$residencia/paleao
1190: 
1191:          locs$ermida de s.joao
1192: 
1193:       o$13/12/1715/id=obitos-1715-his3700
1194: 
1195: o$obitos-1715-his3700
1195:          testamento$nao
1196: 
1197:          sacr$penitencia e eucaristia% e na extrema uncao por nao procurar a tempo
1198: 
1199:          n$maria rodrigues/f/id=obitos-1715-his3700-per1
1200: 
1201:             marido$antonio rodrigues/id=obitos-1715-his3700-per1-per2
1202:                ls$residencia/quinta de porto coelheiro
1203: 
1204:          locs$ermida de s.bento de porto coelheiro
1205: 
1206:          oficios$3 razos
1207: 
1208:       o$14/12/1715/id=obitos-1715-his3701
1209: 
1210: o$obitos-1715-his3701
1210:          n$jose/m/id=on14121715
1211:             ls$engeitado/sim
1212:             ls$idade/3
1213: 
1214:             referida$nome desconhecido/f/id=or14121715
1215:                rel$profissional/ama/jose/on14121715#por ordem da camara
1216: 
1217:             referido$domingos joao hospitaleiro/m/id=or14121715b
1218:                rel$parentesco/marido/nome desconhecido/or14121715
1219: 
1220:          locs$adro da misericordia
1221: 
1222:          locf$hospital
1223: 
1224:       o$17/12/1715/id=obitos-1715-his3702
1225: 
1226: o$obitos-1715-his3702
1226:          n$manuel/m/id=obitos-1715-his3702-per1
1227:             ls$idade/2
1228: 
1229:             pai$joao dinis/id=obitos-1715-his3702-per1-per2
1230:                ls$residencia/eureca
1231: 
1232:          locs$adro
1233: 
1234:       o$17/12/1715/id=obitos-1715-his3703
1235: 
1236: o$obitos-1715-his3703
1236:          testamento$nao
1237: 
1238:          sacr$penitencia e extrema uncao%e nao eucaristia por legitimo impedimento corporal
1239: 
1240:          n$manuel rodrigues da carreira/m/id=obitos-1715-his3703-per1
1241:             ls$profissao/padre
1242:             ls$residencia/soure
1243: 
1244:          locs$ermida de s.francisco
1245: 
1246:          oficios$1 de 9
1247: 
1248:       o$20/12/1715/id=obitos-1715-his3704
1249: 
1250: o$obitos-1715-his3704
1250:          testamento$nao
1251: 
1252:          sacr$sim
1253: 
1254:          n$domingas jorge/f/id=obitos-1715-his3704-per1
1255: 
1256:             pai$jose rodrigues pachancas/id=obitos-1715-his3704-per1-per2
1257:                ls$residencia/sobral
1258: 
1259:          locs$adro
1260: 
1261:          oficios$3 razos
1262: 
1263:       o$21/12/1715/id=obitos-1715-his3705
1264: 
1265: o$obitos-1715-his3705
1265:          n$jose/m/id=on21121715
1266:             ls$idade/0
1267:             ls$engeitado/sim/obs=morreu com poucos dias achado no alpendre da colegiada de s.tiago com um escrito que dizia o seguinte: "esta crianca vai baptizada e se chama jose" ao qual ainda nao se tinham feito as solenidades do baptismo por ainda nao terem procurado
1268: 
1269:          locs$adro#as custas da camara
1270: 
1271:          referida$nome desconhecido/f/id=or21121715
1272:             rel$profissional/ama/jose/on21121715#por ordem da camara
1273: 
1274:          referido$manuel simoes/m/id=or21121715b
1275:             ls$alcunha/conde
1276:             rel$parentesco/marido/nome desconhecido/or21121715
1277: 
1278:       o$25/12/1715/id=obitos-1715-his3706
1279: 
1280: o$obitos-1715-his3706
1280:          n$maria/f/id=obitos-1715-his3706-per1
1281:             ls$idade_aprox/8 dias
1282: 
1283:             pai$manuel goncalves/id=obitos-1715-his3706-per1-per2
1284:                ls$residencia/portela
1285: 
1286:          locs$adro
1287: 
1288:       o$27/12/1715/id=obitos-1715-his3707
1289: 
1290: o$obitos-1715-his3707
1290:          testamento$nao
1291: 
1292:          sacr$penitencia e extrema uncao%somente e nao da eucaristia por nao haver tempo
1293: 
1294:          n$francisco rodrigues/m/id=obitos-1715-his3707-per1
1295:             ls$alcunha/pelinas?
1296:             ls$residencia/soure
1297: 
1298:          locs$adro
1299: 
1300:          oficios$1 razo
1301: 
1302:       o$30/12/1715/id=obitos-1715-his3708
1303: 
1304: o$obitos-1715-his3708
1304:          n$manuel/m/id=obitos-1715-his3708-per1
1305:             ls$idade/3
1306: 
1307:             pai$manuel rodrigues/id=obitos-1715-his3708-per1-per2
1308:                ls$residencia/alencarce
1309: 
1310:          locs$adro
1311: 
1312:       o$31/12/1715/id=obitos-1715-his3709
1313: 
1314: o$obitos-1715-his3709
1314:          n$manuel/m/id=on31121715
1315:             ls$idade/4
1316: 
1317:             pai$simao afonso/id=on31121715-per1
1318:                ls$residencia/casal novo
1319: 
1320:          locs$ermida de s.joao de baptista
1321: 
1322:          locf$porto panelas
1323: 
1324:          referido$simao afonso/m/id=or31121715
1325:             rel$parentesco/avo/manuel/on31121715
1326:             ls$residencia/porto panelas
1327: *** End of File
ERROR:  Could not find same_as id c12-7 referred in line 72. If  original reference is on another file use xsame_as

ERROR:  Could not find same_as id br16011719 referred in line 351. If  original reference is on another file use xsame_as

2  errors. 
2  warnings.
Translation finished.
