ClioInput - version 2019.A1 - build 507 15/07/2019 21:58 
17-2-2020 11-42

Processing data file ob1707.cli
-------------------------------------------
Generic Act translation module with geoentities (XML).
     Joaquim Ramos de Carvalho (joaquim@uc.pt) 
** New document: kleio
=========================
kleio translation started
=========================
Structure: gacto2.str
Prefix: 
Autorel: 
Translation count: 
Obs: 
Translation count not set or invalid, counting as zero: 
** Processing source fonte$obitos-1707
6: o$obitos-1707-his3060
19: o$obitos-1707-his3061
32: o$obitos-1707-his3062
43: o$obitos-1707-his3063
55: o$obitos-1707-his3064
66: o$obitos-1707-his3065
78: o$obitos-1707-his3066
91: o$obitos-1707-his3067
100: o$obitos-1707-his3068
109: o$obitos-1707-his3069
118: o$obitos-1707-his3070
130: o$obitos-1707-his3071
141: o$obitos-1707-his3072
154: o$obitos-1707-his3073
165: o$obitos-1707-his3074
178: o$obitos-1707-his3075
191: o$obitos-1707-his3076
199: o$obitos-1707-his3077
212: o$obitos-1707-his3078
222: o$obitos-1707-his3079
233: o$obitos-1707-his3080
244: o$obitos-1707-his3081
258: o$obitos-1707-his3082
268: o$obitos-1707-his3083
279: o$obitos-1707-his3084
293: o$obitos-1707-his3085
305: o$obitos-1707-his3086
320: o$obitos-1707-his3087
333: o$obitos-1707-his3088
346: o$obitos-1707-his3089
362: o$obitos-1707-his3090
375: o$obitos-1707-his3091
388: o$obitos-1707-his3092
400: o$obitos-1707-his3093
415: o$obitos-1707-his3094
428: o$obitos-1707-his3095
441: o$obitos-1707-his3096
455: o$obitos-1707-his3097
469: o$obitos-1707-his3098
487: o$obitos-1707-his3099
501: o$obitos-1707-his3100
513: o$obitos-1707-his3101
524: o$obitos-1707-his3102
539: o$obitos-1707-his3103
554: o$obitos-1707-his3104
569: o$obitos-1707-his3105
582: o$obitos-1707-his3106
592: o$obitos-1707-his3107
607: o$obitos-1707-his3108
621: o$obitos-1707-his3109
634: o$obitos-1707-his3110
646: o$obitos-1707-his3111
661: o$obitos-1707-his3112
*** End of File

WARNING: ob1707.cli line 473  "SAME AS" TO EXTERNAL REFERENCE EXPORTED (c2-7) CHECK IF IT EXISTS BEFORE IMPORTING THIS FILE.
Near lines: 473 Near line: 474 
** Processed file- /kleio-home/sources/soure/soure-sources/sources/soure_fase1/obitos/ob1707.cli
** Original file- /kleio-home/sources/soure/soure-sources/sources/soure_fase1/obitos/ob1707.org
** Previous version- /kleio-home/sources/soure/soure-sources/sources/soure_fase1/obitos/ob1707.old
** Temp file with ids- /kleio-home/sources/soure/soure-sources/sources/soure_fase1/obitos/ob1707.ids
0  errors. 
1  warnings.
Translation finished.
