ClioInput - version @@VERSION@@ - build @@BUILD@@ @@DATE@@
10-8-2018 15-2

Processing data file /Users/jrc/mhk-home/sources/soure/documents/obitos/ob1719.cli
-------------------------------------------
Generic Act translation module with geoentities (XML).
     Joaquim Ramos de Carvalho (joaquim@uc.pt) 
** New document: kleio
=========================
kleio translation started
=========================
Structure: gacto2.str
Prefix: 
Autorel: 
Translation count: 
Obs: 
Translation count not set or invalid, counting as zero: 
** Processing source fonte$obitos-1719
6: o$obitos-1719-his3996
24: o$obitos-1719-his3997
40: o$obitos-1719-his3998
57: o$obitos-1719-his3999
69: o$obitos-1719-his4000
78: o$obitos-1719-his4001
92: o$obitos-1719-his4002
110: o$obitos-1719-his4003
120: o$obitos-1719-his4004
135: o$obitos-1719-his4005
149: o$obitos-1719-his4006
162: o$obitos-1719-his4007
176: o$obitos-1719-his4008
190: o$obitos-1719-his4009
204: o$obitos-1719-his4010
214: o$obitos-1719-his4011
228: o$obitos-1719-his4012
238: o$obitos-1719-his4013
252: o$obitos-1719-his4014
267: o$obitos-1719-his4015
282: o$obitos-1719-his4016
296: o$obitos-1719-his4017
309: o$obitos-1719-his4018
323: o$obitos-1719-his4019
334: o$obitos-1719-his4020

/Users/jrc/mhk-home/sources/soure/documents/obitos/ob1719.cli:341:destination id of "same as" not found. Will check again at the end of file.


WARNING: ob1719.cli line 340 destination id of "same as" not found. Will check again at the end of file.
Near line: 340             referido$clemente martins da costa/m/mesmo_que=pclemente/id=on23041719-per2
Near line: 341                ls$profissao/padre

347: o$obitos-1719-his4021
360: o$obitos-1719-his4022
384: o$obitos-1719-his4023
402: o$obitos-1719-his4024
415: o$obitos-1719-his4025
426: o$obitos-1719-his4026
444: o$obitos-1719-his4027
458: o$obitos-1719-his4028
472: o$obitos-1719-his4029
482: o$obitos-1719-his4030
495: o$obitos-1719-his4031
510: o$obitos-1719-his4032
525: o$obitos-1719-his4033
540: o$obitos-1719-his4034
551: o$obitos-1719-his4035
566: o$obitos-1719-his4036
579: o$obitos-1719-his4037
596: o$obitos-1719-his4038
614: o$obitos-1719-his4039
621: o$obitos-1719-his4040
639: o$obitos-1719-his4041
654: o$obitos-1719-his4042
668: o$obitos-1719-his4043
679: o$obitos-1719-his4044
692: o$obitos-1719-his4045
707: o$obitos-1719-his4046
721: o$obitos-1719-his4047
731: o$obitos-1719-his4048
741: o$obitos-1719-his4049
761: o$obitos-1719-his4050
771: o$obitos-1719-his4051
785: o$obitos-1719-his4052
800: o$obitos-1719-his4053
810: o$obitos-1719-his4054
823: o$obitos-1719-his4055
837: o$obitos-1719-his4056
850: o$obitos-1719-his4057
866: o$obitos-1719-his4058
882: o$obitos-1719-his4059
895: o$obitos-1719-his4060
912: o$obitos-1719-his4061
927: o$obitos-1719-his4062
938: o$obitos-1719-his4063
945: o$obitos-1719-his4064
957: o$obitos-1719-his4065
970: o$obitos-1719-his4066
983: o$obitos-1719-his4067
1001: o$obitos-1719-his4068
1013: o$obitos-1719-his4069
1024: o$obitos-1719-his4070
1037: o$obitos-1719-his4071
1047: o$obitos-1719-his4072
1057: o$obitos-1719-his4073
1071: o$obitos-1719-his4074
1081: o$obitos-1719-his4075
1095: o$obitos-1719-his4076
1109: o$obitos-1719-his4077
1119: o$obitos-1719-his4078
1129: o$obitos-1719-his4079
1139: o$obitos-1719-his4080
1156: o$obitos-1719-his4081
1171: o$obitos-1719-his4082
1185: o$obitos-1719-his4083
*** End of File
ERROR:  Could not find same_as id pclemente referred in line 341. If  original reference is on another file use xsame_as

1  errors. 
1  warnings.
Translation finished.
