ClioInput - version @@VERSION@@ - build @@BUILD@@ @@DATE@@
10-8-2018 15-0

Processing data file /Users/jrc/mhk-home/sources/soure/documents/obitos/ob1716.cli
-------------------------------------------
Generic Act translation module with geoentities (XML).
     Joaquim Ramos de Carvalho (joaquim@uc.pt) 
** New document: kleio
=========================
kleio translation started
=========================
Structure: gacto2.str
Prefix: 
Autorel: 
Translation count: 
Obs: 
Translation count not set or invalid, counting as zero: 
** Processing source fonte$obitos-1716
6: o$obitos-1716-his3767
20: o$obitos-1716-his3768
33: o$obitos-1716-his3769
49: o$obitos-1716-his3770
59: o$obitos-1716-his3771
76: o$obitos-1716-his3772
91: o$obitos-1716-his3773
104: o$obitos-1716-his3774
120: o$obitos-1716-his3775
135: o$obitos-1716-his3776
150: o$obitos-1716-his3777
167: o$obitos-1716-his3778
180: o$obitos-1716-his3779
195: o$obitos-1716-his3780
204: o$obitos-1716-his3781
219: o$obitos-1716-his3782
229: o$obitos-1716-his3783
238: o$obitos-1716-his3784
251: o$obitos-1716-his3785
260: o$obitos-1716-his3786
270: o$obitos-1716-his3787
285: o$obitos-1716-his3788
295: o$obitos-1716-his3789
305: o$obitos-1716-his3790
322: o$obitos-1716-his3791
336: o$obitos-1716-his3792
356: o$obitos-1716-his3793
370: o$obitos-1716-his3794
380: o$obitos-1716-his3795
390: o$obitos-1716-his3796
405: o$obitos-1716-his3797
420: o$obitos-1716-his3798
432: o$obitos-1716-his3799

/Users/jrc/mhk-home/sources/soure/documents/obitos/ob1716.cli:436:destination id of "same as" not found. Will check again at the end of file.


WARNING: ob1716.cli line 435 destination id of "same as" not found. Will check again at the end of file.
Near line: 435             pai$joao da costa de vasconcelos/mesmo_que=c12-7/id=obitos-1716-his3799-per1-per2
Near line: 436                ls$residencia/soure

442: o$obitos-1716-his3800
456: o$obitos-1716-his3801
471: o$obitos-1716-his3802
481: o$obitos-1716-his3803
493: o$obitos-1716-his3804
510: o$obitos-1716-his3805
525: o$obitos-1716-his3806
537: o$obitos-1716-his3807
556: o$obitos-1716-his3808
569: o$obitos-1716-his3809
587: o$obitos-1716-his3810
597: o$obitos-1716-his3811

/Users/jrc/mhk-home/sources/soure/documents/obitos/ob1716.cli:606:destination id of "same as" not found. Will check again at the end of file.


WARNING: ob1716.cli line 605 destination id of "same as" not found. Will check again at the end of file.
Near line: 605             referido$antonio de melo e ataide/m/mesmo_que=c194-7/id=obitos-1716-his3811-per1-per2
Near line: 606                ls$residencia/quinta da capa rota

614: o$obitos-1716-his3812
628: o$obitos-1716-his3813
642: o$obitos-1716-his3814
657: o$obitos-1716-his3815
676: o$obitos-1716-his3816
691: o$obitos-1716-his3817
709: o$obitos-1716-his3818
723: o$obitos-1716-his3819
734: o$obitos-1716-his3820
745: o$obitos-1716-his3821
758: o$obitos-1716-his3822
765: o$obitos-1716-his3823
775: o$obitos-1716-his3824
790: o$obitos-1716-his3825
800: o$obitos-1716-his3826
819: o$obitos-1716-his3827
833: o$obitos-1716-his3828
847: o$obitos-1716-his3829
857: o$obitos-1716-his3830
871: o$obitos-1716-his3831
885: o$obitos-1716-his3832
899: o$obitos-1716-his3833
909: o$obitos-1716-his3834
925: o$obitos-1716-his3835
942: o$obitos-1716-his3836
955: o$obitos-1716-his3837
971: o$obitos-1716-his3838
981: o$obitos-1716-his3839
992: o$obitos-1716-his3840
1006: o$obitos-1716-his3841
1018: o$obitos-1716-his3842
1033: o$obitos-1716-his3843
1043: o$obitos-1716-his3844
1053: o$obitos-1716-his3845
1064: o$obitos-1716-his3846
1077: o$obitos-1716-his3847
1088: o$obitos-1716-his3848
1100: o$obitos-1716-his3849
1112: o$obitos-1716-his3850
1128: o$obitos-1716-his3851
1142: o$obitos-1716-his3852
1153: o$obitos-1716-his3853
1167: o$obitos-1716-his3854
1185: o$obitos-1716-his3855
1197: o$obitos-1716-his3856
1211: o$obitos-1716-his3857
1221: o$obitos-1716-his3858
1230: o$obitos-1716-his3859
1246: o$obitos-1716-his3860
1259: o$obitos-1716-his3861
1269: o$obitos-1716-his3862
1283: o$obitos-1716-his3863
*** End of File
ERROR:  Could not find same_as id c12-7 referred in line 436. If  original reference is on another file use xsame_as

ERROR:  Could not find same_as id c194-7 referred in line 606. If  original reference is on another file use xsame_as

2  errors. 
2  warnings.
Translation finished.
