ClioInput - version @@VERSION@@ - build @@BUILD@@ @@DATE@@
20-4-2020 21-36

Processing data file bap1720.cli
-------------------------------------------
Generic Act translation module with geoentities (XML).
     Joaquim Ramos de Carvalho (joaquim@uc.pt) 
** New document: kleio
=========================
kleio translation started
=========================
Structure: gacto2.str
Prefix: 
Autorel: 
Translation count: 9
Obs: 
** Processing source fonte$baptizados 1720
*** End of File
** Processed file- /Users/jrc/mhk-home/sources/soure-fontes/sources/soure_fase2/bap1720.cli
** Original file- /Users/jrc/mhk-home/sources/soure-fontes/sources/soure_fase2/bap1720.org
** Previous version- /Users/jrc/mhk-home/sources/soure-fontes/sources/soure_fase2/bap1720.old
** Temp file with ids- /Users/jrc/mhk-home/sources/soure-fontes/sources/soure_fase2/bap1720.ids
0  errors. 
0  warnings.
Translation finished.
