ClioInput - version @@VERSION@@ - build @@BUILD@@ @@DATE@@
13-6-2019 22-50

Processing data file bap1724.cli
-------------------------------------------
Generic Act translation module with geoentities (XML).
     Joaquim Ramos de Carvalho (joaquim@uc.pt) 
** New document: kleio
1: kleio$gacto2.str/translations=2
=========================
kleio translation started
=========================
Structure: gacto2.str
Prefix: 
Autorel: 
Translation count: 2
Obs: 
2:    fonte$baptizados 1724/1724/paroquiais/auc/obs=em muito mau estado
3: 
** Processing source fonte$baptizados 1724
4:       bap$b1724.01/1/1/1724/fol.59-59v/igreja de sao tiago/vigario manuel rodrigues
5: 
6: bap$b1724.01
6:          n$joao/m/id=b1724.01-per1
7: 
8:             pn$manuel rodrigues/id=b1724.01-per2
9:                ls$naturalidade/oureca
10:                ls$residencia/espirito santo
11: 
12:             mn$maria ferreira/id=b1724.01-per3
13:                ls$naturalidade/pouza
14:                ls$freguesia/lamas
15: 
16:             pad$joao rodrigues/id=b1724.01-per4
17:                ls$residencia/assamassa
18: 
19:             mad$maria tome/id=b1724.01-per5
20:                ls$residencia/charneca
21: 
22:                mrmad$manuel rodrigues centeio/id=b1724.01-per6
23:                   ls$residencia/charneca
24: 
25:       bap$b1724.2/5/1/1724/fol.59v/igreja de sao tiago/vigario manuel rodrigues
26: 
27: bap$b1724.2
27:          n$maria/f/id=1724-b2-maria
28: 
29:             pn$antonio francisco/id=b1724.2-per1
30:                ls$residencia/casal novo
31:                ls$naturalidade/brunhos
32: 
33:             mn$maria francisca/id=b1724.2-per2
34:                ls$residencia/casal novo
35:                ls$naturalidade/casal novo
36: 
37:             pad$manuel cardoso/id=b1724.2-per3
38:                ls$residencia/casal novo
39:                rel$sociabilidade/baptizou em necessidade/maria/1724-b2-maria
40: 
41:             mad$maria simoes/id=b1724.2-per4
42:                ls$residencia/casal novo
43:                ls$ec/solteira
44: 
45:       bap$b1724.3/9/2/1724/fol.59v-60/igreja de sao tiago/vigario manuel rodrigues
46: 
47: bap$b1724.3
47:          n$maria/f/id=b1724.3-per1
48: 
49:             pn$antonio pereira/id=b1724.3-per2
50:                ls$residencia/casal das brancas
51:                ls$naturalidade/casal das brancas
52: 
53:             mn$catarina simoes/id=b1724.3-per3
54:                ls$naturalidade/cavaleiros
55: 
56:             pad$joao goncalves/id=b1724.3-per4
57:                ls$profissao/padre
58:                ls$residencia/soure
59: 
60:             mad$maria da gante/id=b1724.3-per5
61:                ls$residencia/casal das brancas
62: 
63:                mrmad$manuel vaz/id=b1724.3-per6
64:                   ls$residencia/casal das brancas
65: 
66:       bap$b1724.4/9/1/1724/fol.60/igreja de sao tiago/capelao manuel duarte
67: 
68: bap$b1724.4
68:          n$rosa/f/id=b1724.4-per1
69: 
70:             pn$antonio rodrigues/id=b1724.4-per2
71:                ls$profissao/barbeiro
72:                ls$naturalidade/vale da borra
73:                ls$residencia/soure
74: 
75:             mn$mariana de jesus/id=b1724.4-per3
76:                ls$naturalidade/soure
77: 
78:             pad$clemente da costa martins/id=b1724.4-per4
79:                ls$profissao/padre
80:                ls$residencia/pinheiro
81: 
82:             mad$leonarda teixeira/id=b1724.4-per5
83: 
84:                mrmad$jose da costa/id=b1724.4-per6
85:                   ls$profissao/carpinteiro
86:                   ls$residencia/soure
87: 
88:       bap$b1724.5/18/1/1724/fol.60/igreja de sao tiago/vigario manuel rodrigues
89: 
90: bap$b1724.5
90:          n$jacinto/m/id=b1724.5-per1
91: 
92:             pn$jose goncalves/id=b1724.5-per2
93:                ls$naturalidade/melrical
94:                ls$residencia/melrical
95: 
96:             mn$maria domingues/id=b1724.5-per3
97:                ls$naturalidade/cavaleiros
98: 
99:             pad$jacinto da costa de vasconcelos/id=1724-c5-jacinto
100:                ls$titulo/doutor
101:                ls$residencia/soure
102: 
103:             mad$maria/id=b1724.5-per4
104:                ls$ec/solteira
105: 
106:                pmad$domingos goncalves/id=b1724.5-per5
107:                   ls$residencia/melrical
108: 
109:             referido$joao da costa/id=b1724.5-per6
110:                ls$residencia/soure
111:                rel$sociabilidade/procurador/jacinto da costa de vasconcelos/1724-c5-jacinto
112:                rel$parentesco/pai/jacinto da costa de vasconcelos/1724-c5-jacinto
113: 
114:       bap$b1724.6/26/1/1724/fol.60-60v/igreja de sao tiago/vigario manuel rodrigues
115: 
116: bap$b1724.6
116:          n$manuel/m/id=b1724.6-per1
117: 
118:             pn$sebastiao simoes/id=b1724.6-per2
119:                ls$naturalidade/lagem
120:                ls$residencia/simoes
121: 
122:             mn$antonia rodrigues/id=b1724.6-per3
123:                ls$naturalidade/simoes
124:                ls$residencia/simoes
125: 
126:             pad$joao lourenco/id=b1724.6-per4
127:                ls$ec/viuvo
128:                ls$residencia/simoes
129: 
130:             mad$catarina francisca/id=b1724.6-per5
131:                ls$residencia/simoes
132: 
133:                mrmad$diogo francisco/id=b1724.6-per6
134:                   ls$residencia/simoes
135: 
136:       bap$b1724.7/27/1/1724/fol.60v/igreja de sao tiago/padre manuel rodrigues alvaro
137: 
138: bap$b1724.7
138:          n$manuel/m/id=1724-b7-manuel
139: 
140:             pn$joao rodrigues montenegro/obs=castelhano de passagem com sua mulher em romaria de sao tiago da galiza/id=b1724.7-per1
141:                ls$naturalidade/badajoz
142:                ls$residencia/badajoz
143: 
144:             mn$mexia martins/id=b1724.7-per2
145:                ls$naturalidade/badajoz
146: 
147:             pad$joao francisco/id=1724-b7-joao
148: 
149:             mad$maria esteves/obs=com o marido estavam em romaria com os pais do manuel/id=b1724.7-per3
150:                rel$parentesco/mulher/joao francisco/1724-b7-joao
151: 
152:             referido$joao francisco/id=b1724.7-per4
153:                ls$naturalidade/loures
154:                ls$residencia/loures
155:                rel$sociabilidade/baptizou em necessidade/manuel/1724-b7-manuel
156: 
157:       bap$b1724.8/30/1/1724/fol.61/igreja de sao tiago/padre manuel rodrigues alvaro
158: 
159: bap$b1724.8
159:          n$iasbel/f/id=b1724.8-per1
160: 
161:             pn$jose francisco/id=b1724.8-per2
162:                ls$naturalidade/delgados
163:                ls$residencia/mogadouro
164: 
165:             mn$maria domingues/id=b1724.8-per3
166:                ls$naturalidade/casais da misericordia
167: 
168:             pad$manuel rodrigues/id=b1724.8-per4
169:                ls$residencia/barrosos
170: 
171:             mad$domingas/id=b1724.8-per5
172:                ls$ec/solteira
173:                ls$residencia/delgados
174: 
175:                pmad$francisco joao/id=b1724.8-per6
176:                   ls$residencia/delgados
177: 
178:       bap$b1724.9/30/1/1724/fol.61/igreja de sao tiago/padre manuel rodrigues alvaro
179: 
180: bap$b1724.9
180:          n$antonio/m/id=b1724.9-per1
181:             ls$ilegitimo/sim
182: 
183:             mn$maria joao/id=b1724.9-per2
184:                ls$ec/solteira
185:                ls$residencia/carvalheira de cima
186: 
187:             pad$antonio domingues/id=b1724.9-per3
188:                ls$residencia/venda nova
189:                ls$freguesia/tapeus
190: 
191:             mad$catarina joao/id=b1724.9-per4
192:                ls$ec/viuva
193:                ls$residencia/carvalheira de cima
194: 
195:       bap$b1724.10/30/1/1724/fol.61-61v/igreja de sao tiago/padre manuel rodrigues alvaro
196: 
197: bap$b1724.10
197:          n$maria/f/id=b1724.10-per1
198: 
199:             pn$manuel de brito/id=b1724.10-per2
200:                ls$naturalidade/sobral
201:                ls$residencia/soure
202: 
203:             mn$francisca da conceicao/id=b1724.10-per3
204:                ls$naturalidade/casal do olival
205:                ls$residencia/soure
206: 
207:             pad$luis barbosa canais/id=b1724.10-per4
208:                ls$residencia/soure
209: 
210:             mad$maria/id=b1724.10-per5
211:                ls$ec/solteira
212:                ls$residencia/casal do olival
213: 
214:                pmad$bartolomeu antunes/id=b1724.10-per6
215:                   ls$residencia/casal do olival
216: 
217:       bap$b1724.11/2/2/1724/fol.61v/igreja de sao tiago/padre manuel rodrigues alvaro
218: 
219: bap$b1724.11
219:          n$maria/f/id=b1724.11-per1
220: 
221:             pn$manuel gomes reimoura/id=b1724.11-per2
222:                ls$naturalidade/paleao
223:                ls$residencia/paleao
224: 
225:             mn$ana cardosa/id=b1724.11-per3
226:                ls$naturalidade/corujeira
227: 
228:             pad$joao gaspar/id=b1724.11-per4
229:                ls$ec/solteiro
230:                ls$residencia/paleao
231: 
232:             mad$isabel cardosa/id=b1724.11-per5
233: 
234:                mrmad$manuel soares/id=b1724.11-per6
235:                   ls$residencia/paleao
236: 
237:       bap$b1724.12/2/2/1724/fol.61v/igreja de sao tiago/padre manuel rodrigues alvaro
238: 
239: bap$b1724.12
239:          n$manuel/m/id=b1724.12-per1
240: 
241:             pn$joao francisco/id=b1724.12-per2
242:                ls$naturalidade/sobral
243:                ls$residencia/mogadouro
244: 
245:             mn$isabel francisca/id=b1724.12-per3
246:                ls$naturalidade/casal da venda
247: 
248:             pad$jose gomes/id=b1724.12-per4
249:                ls$profissao/padre
250:                ls$residencia/casal da venda
251: 
252:             mad$maria goncalves/id=b1724.12-per5
253: 
254:                mrmad$mateus goncalves/id=b1724.12-per6
255:                   ls$residencia/mogadouro
256: 
257:       bap$b1724.13/9/2/1724/fol.62/igreja de sao tiago/vigario manuel rodrigues
258: 
259: bap$b1724.13
259:          n$manuel/m/id=1724-b13-manuel
260: 
261:             pn$manuel rodrigues/id=b1724.13-per1
262:                ls$naturalidade/sobral
263:                ls$residencia/casal da venda
264: 
265:             mn$maria jorge/id=b1724.13-per2
266:                ls$naturalidade/casal da venda
267: 
268:             pad$joao gomes/id=b1724.13-per3
269:                ls$profissao/padre
270:                ls$residencia/casal da venda
271:                rel$sociabilidade/baptizou em necessidade/manuel/1724-b13-manuel
272: 
273:             mad$isabel mendes/id=b1724.13-per4
274: 
275:                mrmad$manuel joao/id=b1724.13-per5
276:                   ls$residencia/cavalinhos
277: 
278:       bap$b1724.14/13/2/1724/fol.62/igreja de sao tiago/padre manuel da costa velho
279: 
280: bap$b1724.14
280:          n$joao/m/id=b1724.14-per1
281: 
282:             pn$jose jorge soeiro/id=b1724.14-per2
283:                ls$naturalidade/casa velha
284:                ls$residencia/casa velha/obs=no seu casal
285: 
286:             mn$maria rodrigues/id=b1724.14-per3
287:                ls$naturalidade/casal da venda
288: 
289:             pad$joao simoes/id=1724-b14-joao
290:                ls$residencia/vale da borra
291: 
292:             mad$mariana/id=b1724.14-per4
293:                ls$ec/solteira
294:                rel$parentesco/filha/joao simoes/1724-b14-joao
295:                ls$residencia/vale da borra
296: 
297:       bap$b1724.15/13/2/1724/fol.62-62v/igreja de sao tiago/padre manuel da costa velho
298: 
299: bap$b1724.15
299:          n$isabel/f/id=b1724.15-per1
300: 
301:             pn$joao goncalves/id=b1724.15-per2
302:                ls$naturalidade/almagreira
303:                ls$residencia/lousoes
304: 
305:             mn$esperanca rodrigues/id=b1724.15-per3
306:                ls$naturalidade/lousoes
307: 
308:             pad$jose henriques/id=b1724.15-per4
309:                ls$residencia/soure
310: 
311:             mad$helena cardosa/id=b1724.15-per5
312: 
313:                mrmad$alberto ferreira/id=b1724.15-per6
314:                   ls$residencia/soure
315: 
316:       bap$b1724.16/15/2/1724/fol.62v/igreja de sao tiago/padre manuel rodrigues alvaro
317: 
318: bap$b1724.16
318:          n$antonio/m/id=b1724.16-per1
319: 
320:             pn$francisco ferreira/id=b1724.16-per2
321:                ls$naturalidade/bechos
322:                ls$residencia/portela
323: 
324:             mn$damasia gaspar/id=b1724.16-per3
325:                ls$naturalidade/portela
326: 
327:             pad$manuel ferreira/id=b1724.16-per4
328:                ls$residencia/bechos
329: 
330:             mad$antonia/id=b1724.16-per5
331:                ls$ec/solteira
332:                ls$residencia/portela
333: 
334:                pmad$jose goncalves/id=b1724.16-per6
335:                   ls$residencia/portela
336: 
337:       bap$b1724.17/20/2/1724/fol.62v/local___igreja de sao tiago/celebrante___vigario manuel rodrigues
338: 
339: bap$b1724.17
339:          n$egidio/m/id=1724-b17-egidio
340:             ls$enjeitado/sim
341: 
342:             pad$luis de seabra jacques/id=b1724.17-per1
343:                ls$profissao/padre
344:                ls$residencia/soure
345: 
346:             mad$barbosa/id=b1724.17-per2
347:                ls$ec/solteiro
348:                ls$residencia/soure
349: 
350:                mmad$maria madeira/id=b1724.17-per3
351:                   ls$ec/viuva
352:                   ls$residencia/soure
353: 
354:             referida$maria francisca/id=1724-b17-maria
355:                ls$residencia/soure
356:                rel$sociabilidade/ama/egidio/1724-b17-egidio
357: 
358:             referido$domingos joao/id=b1724.17-per4
359:                ls$residencia/soure
360:                rel$parentesco/marido/maria francisca/1724-b17-maria
361: 
362:       bap$b1724.18/20/2/1724/fol.63/igreja de sao tiago/vigario manuel rodrigues
363: 
364: bap$b1724.18
364:          n$maria/f/id=b1724.18-per1
365: 
366:             pn$joao martins/id=b1724.18-per2
367:                ls$naturalidade/cascao
368:                ls$residencia/cascao
369: 
370:             mn$felipa joao/id=b1724.18-per3
371:                ls$naturalidade/cartaxo
372:                ls$freguesia/ega
373: 
374:             pad$manuel antunes/id=b1724.18-per4
375:                ls$residencia/rebolia de baixo
376:                ls$freguesia/ega
377: 
378:             mad$maria martins/id=b1724.18-per5
379: 
380:                mrmad$manuel madeira/id=b1724.18-per6
381:                   ls$residencia/cascao
382: 
383:       bap$b1724.19/20/2/1724/fol.63/igreja de sao tiago/vigario manuel rodrigues
384: 
385: bap$b1724.19
385:          n$joana/f/id=b1724.19-per1
386: 
387:             pn$antonio ferreira/id=b1724.19-per2
388:                ls$naturalidade/fatacos
389:                ls$residencia/casal da amoreira
390: 
391:             mn$isabel rodrigues/id=b1724.19-per3
392:                ls$naturalidade/sobral
393: 
394:             pad$luis de seabra jacques/id=b1724.19-per4
395:                ls$profissao/padre
396:                ls$residencia/soure
397: 
398:             mad$joana baptista/id=b1724.19-per5
399: 
400:                mrmad$manuel rodrigues galhufo/id=b1724.19-per6
401:                   ls$profissao/caseiro
402:                   ls$residencia/quinta do paul/obs=propriedade de rodrigo homem
403: 
404:       bap$b1724.20/5/3/1724/fol.63/igreja de sao tiago/vigario manuel rodrigues
405: 
406: bap$b1724.20
406:          n$sebastiao/m/id=b1724.20-per1
407: 
408:             pn$manuel simoes/id=b1724.20-per2
409:                ls$naturalidade/alencarce de cima
410:                ls$residencia/presa
411: 
412:             mn$isabel rodrigues/id=b1724.20-per3
413:                ls$naturalidade/presa
414: 
415:             pad$feliz antunes/id=b1724.20-per4
416:                ls$ec/solteiro
417:                ls$residencia/cadaval grande
418:                ls$freguesia/furadouro
419: 
420:             mad$antonia/id=b1724.20-per5
421:                ls$ec/solteira
422:                ls$residencia/porto coelheiro
423: 
424:                pmad$lourenco rodrigues/id=b1724.20-per6
425:                   ls$residencia/porto coelheiro
426: 
427:       bap$b1724.21/11/3/1724/fol.63v/igreja de sao tiago/padre manuel duarte
428: 
429: bap$b1724.21
429:          n$jose/m/id=1724-b21-jose
430: 
431:             pn$sebastiao martins/id=b1724.21-per1
432:                ls$naturalidade/pinheiro
433:                ls$residencia/soure
434: 
435:             mn$maria de brito/id=b1724.21-per2
436:                ls$naturalidade/soure
437: 
438:             pad$manuel duarte/id=b1724.21-per3
439:                ls$profissao/padre
440:                ls$cargo/capelao
441:                ls$residencia/soure
442:                rel$sociabilidade/baptizou em necessidade/jose/1724-b21-jose
443: 
444:             mad$maria rodrigues/id=1724-b21-maria
445:                ls$ec/solteira
446:                ls$residencia/lisboa
447: 
448:             pmn$manuel de brito/id=b1724.21-per4
449:                ls$residencia/soure
450:                rel$sociabilidade/procurador/maria rodrigues/1724-b21-maria
451: 
452:       bap$b1724.22/12/3/1724/fol.62v/igreja de sao tiago/vigario manuel rodrigues
453: 
454: bap$b1724.22
454:          n$isabel/f/id=b1724.22-per1
455: 
456:             pn$joao simoes/id=b1724.22-per2
457:                ls$naturalidade/sobral
458:                ls$residencia/sobral
459: 
460:             mn$catarina rodrigues/id=b1724.22-per3
461:                ls$naturalidade/sobral
462: 
463:             pad$antonio francisco/id=b1724.22-per4
464:                ls$residencia/sobral
465: 
466:             mad$isabel domingues/id=b1724.22-per5
467:                ls$ec/solteira
468:                ls$residencia/sobral
469: 
470:       bap$b1724.23/12/3/1724/fol.1724/igreja de sao tiago/vigario manuel rodrigues
471: 
472: bap$b1724.23
472:          n$jorge/m/id=b1724.23-per1
473:             ls$ilegitimo/sim
474: 
475:             mn$teresa de figueiredo/id=b1724.23-per2
476:                ls$ec/solteira
477:                ls$naturalidade/soure
478:                ls$residencia/soure
479: 
480:                pmn$antonio/id=b1724.23-per3
481:                   ls$residencia/sao martinho
482: 
483:             pad$jorge monteiro/id=b1724.23-per4
484:                ls$ec/solteiro
485:                ls$residencia/soure
486: 
487:             mad$maria pereira/id=b1724.23-per5
488: 
489:                mrmad$francisco dos reis/id=b1724.23-per6
490:                   ls$profissao/ferreiro
491:                   ls$residencia/soure
492: 
493:       bap$b1724.24/28/3/1724/fol.63/prior francisco pinto
494: 
495: bap$b1724.24
495:          n$antonio/m/id=b1724.24-per1
496:             ls$ilegitimo/sim
497: 
498:             mn$josefa maria/id=b1724.24-per2
499:                ls$residencia/fonte da bica
500: 
501:                pmn$antonio joao/id=b1724.24-per3
502:                   ls$residencia/fonte da bica
503: 
504:                mmn$maria francisca/id=b1724.24-per4
505: 
506:             pad$francisco nunes/id=1724-b24-francisco
507:                ls$residencia/charneca
508: 
509:             mad$antonia francisca/id=b1724.24-per5
510:                ls$residencia/charneca
511:                rel$parentesco/mulher/francisco nunes/1724-b24-francisco
512: 
513:       bap$b1724.25/20/3/1724/fol.64/igreja de sao tiago/padre manuel rodrigues alvaro
514: 
515: bap$b1724.25
515:          n$isabel/f/id=b1724.25-per1
516: 
517:             pn$manuel jorge/id=b1724.25-per2
518:                ls$alcunha/o moco
519:                ls$naturalidade/marzagao
520:                ls$residencia/marzagao
521: 
522:             mn$maria francisca/id=b1724.25-per3
523:                ls$naturalidade/casal da rola
524:                ls$freguesia/lourical
525: 
526:             pad$jose rodrigues/id=1724-b25-jose
527:                ls$ec/solteiro
528:                ls$residencia/vale do nabal
529:                ls$freguesia/almagreira
530: 
531:             mad$isabel francisca/id=b1724.25-per4
532: 
533:                mrmad$manuel rodrigues/id=b1724.25-per5
534:                   ls$residencia/marzagao
535: 
536:             referida$maria rodrigues/id=b1724.25-per6
537:                ls$ec/viuva
538:                ls$residencia/vale do nabal
539:                rel$parentesco/mae/jose rodrigues/1724-b25-jose
540: 
541:       bap$b1724.26/27/3/1724/fol.64/igreja de sao tiago/padre manuel rodrigues alvaro
542: 
543: bap$b1724.26
543:          n$jose/m/id=b1724.26-per1
544: 
545:             pn$manuel martins/id=b1724.26-per2
546:                ls$naturalidade/venda nova
547:                ls$freguesia/tapeus
548:                ls$residencia/carvalheira de cima
549: 
550:             mn$catarina joao/id=b1724.26-per3
551:                ls$naturalidade/carvalheira de cima
552: 
553:             pad$manuel/id=1724-b26-manuel
554:                ls$ec/solteiro
555:                ls$residencia/quinta
556: 
557:             mad$josefa/id=b1724.26-per4
558:                ls$ec/solteira
559:                ls$residencia/carvalheira de cima
560: 
561:                pmad$jordao de campos/id=b1724.26-per5
562:                   ls$residencia/carvalheira de cima
563: 
564:             referido$bento martins/id=b1724.26-per6
565:                ls$residencia/quinta
566:                rel$parentesco/pai/manuel/1724-b26-manuel
567: 
568:       bap$b1724.27/2/4/1724/fol.64/igreja de sao tiago/vigario manuel rodrigues
569: 
570: bap$b1724.27
570:          n$alexandra/f/id=b1724.27-per1
571: 
572:             pn$lucas da silva/id=b1724.27-per2
573:                ls$naturalidade/leonel
574:                ls$residencia/leonel
575: 
576:             mn$rosa monteira/id=b1724.27-per3
577:                ls$naturalidade/soure
578: 
579:             pad$rodrigo homem de quadros/id=b1724.27-per4
580:                ls$residencia/soure
581: 
582:             mad$alexandra/id=b1724.27-per5
583:                ls$titulo/dona
584:                ls$residencia/soure
585: 
586:                mrmad$jacinto da costa/id=b1724.27-per6
587:                   ls$titulo/doutor
588:                   ls$residencia/soure
589: 
590:       bap$b1724.28/2/4/1724/fol.64v/igreja de sao tiago/vigario manuel rodrigues
591: 
592: bap$b1724.28
592:          n$antonio/m/id=b1724.28-per1
593: 
594:             pn$domingos marques/id=b1724.28-per2
595:                ls$naturalidade/paleao
596:                ls$residencia/paleao
597: 
598:             mn$antonia simoes/id=b1724.28-per3
599:                ls$naturalidade/paleao
600: 
601:             pad$rodrigo homem de quadros/id=b1724.28-per4
602:                ls$residencia/soure
603: 
604:             mad$isabel/id=b1724.28-per5
605:                ls$ec/solteira
606:                ls$residencia/paleao
607: 
608:                mmad$maria do espirito santo/id=b1724.28-per6
609:                   ls$ec/viuva
610:                   ls$residencia/paleao
611: 
612:       bap$b1724.29/3/4/1724/fol./igreja de sao tiago/padre manuel rodrigues alvaro
613: 
614: bap$b1724.29
614:          n$joao/m/id=b1724.29-per1
615: 
616:             pn$manuel goncalves cavaleiro/id=b1724.29-per2
617:                ls$residencia/fatacos
618: 
619:             mn$catarina cardosa/id=b1724.29-per3
620:                ls$naturalidade/fatacos
621: 
622:             pad$joao/id=1724-b29-joao
623:                ls$ec/solteiro
624:                ls$residencia/fatacos
625: 
626:             mad$maria joao/id=b1724.29-per4
627: 
628:                mrmad$manuel ferreira/id=b1724.29-per5
629:                   ls$residencia/fatacos
630: 
631:             referido$joao rodrigues/id=b1724.29-per6
632:                ls$profissao/cacador
633:                ls$residencia/fatacos
634:                rel$parentesco/pai/joao/1724-b29-joao
635: 
636:       bap$b1724.30/6/4/1724/fol.64v-65/igreja de sao tiago/padre manuel rodrigues alvaro
637: 
638: bap$b1724.30
638:          n$isabel/f/id=b1724.30-per1
639: 
640:             pn$manuel dias/id=b1724.30-per2
641:                ls$naturalidade/sobral
642:                ls$residencia/sobral
643: 
644:             mn$feliciana goncalves/id=b1724.30-per3
645:                ls$naturalidade/sobral
646: 
647:             pad$manuel jorge/id=b1724.30-per4
648:                ls$residencia/sobral
649: 
650:             mad$maria/id=b1724.30-per5
651:                ls$ec/solteira
652:                ls$residencia/sobral
653: 
654:                pmad$domingos jorge/id=b1724.30-per6
655:                   ls$residencia/sobral
656: 
657:       bap$b1724.31/9/4/1724/fol.65/igreja de sao tiago/padre sebastiao ferreira
658: 
659: bap$b1724.31
659:          n$joao/m/id=b1724.31-per1
660: 
661:             pn$joao francisco/id=b1724.31-per2
662:                ls$naturalidade/mogadouro
663:                ls$residencia/mogadouro
664: 
665:             mn$catarina/id=b1724.31-per3
666:                ls$naturalidade/cavaleiros
667: 
668:             pad$joao lopes/id=b1724.31-per4
669:                ls$profissao/cirurgiao
670:                ls$residencia/barrosos
671: 
672:             mad$isabel francisca/id=b1724.31-per5
673: 
674:                mrmad$joao francisco/id=b1724.31-per6
675:                   ls$residencia/mogadouro
676: 
677:       bap$b1724.32/9/4/1724/fol.65/igreja de sao tiago/padre manuel rodrigues alvaro
678: 
679: bap$b1724.32
679:          n$teresa/f/id=b1724.32-per1
680: 
681:             pn$manuel rodrigues/id=b1724.32-per2
682:                ls$naturalidade/paleao
683:                ls$residencia/sao mateus
684: 
685:             mn$esperanca gomes/id=b1724.32-per3
686:                ls$naturalidade/corujeira
687: 
688:             pad$manuel rodrigues alvaro/id=b1724.32-per4
689:                ls$profissao/padre
690:                ls$cargo/tesouireiro
691:                ls$residencia/soure
692: 
693:             mad$teresa/id=b1724.32-per5
694:                ls$ec/solteira
695:                ls$residencia/sao mateus
696: 
697:                pmad$joao mendes/id=b1724.32-per6
698:                   ls$residencia/sao mateus
699: 
700:       bap$b1724.33/9/4/1724/fol.65-65v/igreja de sao tiago/vigario manuel rodrigues
701: 
702: bap$b1724.33
702:          n$domingos/m/id=b1724.33-per1
703: 
704:             pn$domingos goncalves/id=b1724.33-per2
705:                ls$naturalidade/alencarce de baixo
706:                ls$residencia/alencarce de baixo
707: 
708:             mn$domingas rodrigues/id=b1724.33-per3
709:                ls$naturalidade/alencarce de cima
710: 
711:             pad$manuel/id=1724-b33-manuel
712:                ls$ec/solteiro
713:                ls$residencia/alencarce de baixo
714: 
715:             mad$ana maria gomes/id=b1724.33-per4
716: 
717:                mrmad$domingos madeira/id=b1724.33-per5
718:                   ls$residencia/alencarce de baixo
719: 
720:             referido$martins goncalves/id=b1724.33-per6
721:                ls$residencia/alencarce de baixo
722:                rel$parentesco/pai/manuel/1724-b33-manuel
723: 
724:       bap$b1724.34/10/4/1724/fol.65v/igreja de sao tiago/vigario manuel rodrigues
725: 
726: bap$b1724.34
726:          n$maria/f/id=1724-b34-maria
727: 
728:             pn$jose de oliveira/id=b1724.34-per1
729:                ls$naturalidade/condeixa a velha
730:                ls$residencia/paleao
731: 
732:             mn$maria mendes/id=b1724.34-per2
733:                ls$naturalidade/paleao
734: 
735:             pad$jose rodrigues/id=b1724.34-per3
736:                ls$profissao/padre
737:                ls$residencia/paleao
738:                rel$sociabilidade/baptizou em necessidade/maria/1724-b34-maria
739: 
740:             mad$maria/id=1724-b34-madri
741:                ls$ec/solteira
742:                ls$residencia/paleao
743: 
744:                pmad$manuel soares/id=b1724.34-per4
745:                   ls$residencia/paleao
746:                   rel$sociabilidade/procurador/maria/1724-b34-madri
747: 
748:       bap$b1724.35/18/4/1724/fol.65v/igreja de sao tiago/capelao manuel duarte
749: 
750: bap$b1724.35
750:          n$joao/m/id=b1724.35-per1
751: 
752:             pn$manuel da silva/id=b1724.35-per2
753:                ls$naturalidade/cabeca da carvalha
754:                ls$freguesia/vinha da rainha
755:                ls$residencia/casal de galinhas
756: 
757:             mn$isabel mendes/id=b1724.35-per3
758:                ls$naturalidade/casal de galinhas
759: 
760:             pad$joao/id=1724-b35-joao
761:                ls$ec/solteiro
762:                ls$residencia/cabeca da carvalha
763:                ls$freguesia/vinha da rainha
764: 
765:             mad$maria/id=b1724.35-per4
766:                ls$ec/solteira
767:                ls$residencia/casal das brancas
768: 
769:                pmad$manuel vaz/id=b1724.35-per5
770:                   ls$residencia/casal das brancas
771: 
772:             referido$antonio da silva/id=b1724.35-per6
773:                ls$residencia/cabeca da carvalha
774:                ls$freguesia/vinha da rainha
775:                rel$parentesco/pai/joao/1724-b35-joao
776: 
777:       bap$b1724.36/23/4/1724/fol.66/igreja de sao tiago/capelao manuel duarte
778: 
779: bap$b1724.36
779:          n$jose/m/id=b1724.36-per1
780:             ls$ilegitimo/sim
781: 
782:             mn$catarina/id=1724-b36-catarina
783:                ls$ec/solteira
784:                ls$naturalidade/pinheiro
785:                ls$residencia/pinheiro
786: 
787:                pmn$manuel vaz/id=b1724.36-per2
788:                   ls$residencia/pinheiro
789: 
790:             pad$jose simoes/id=b1724.36-per3
791:                ls$residencia/lagem
792: 
793:             mad$francisca/id=b1724.36-per4
794:                ls$ec/solteira
795:                ls$residencia/pinheiro
796:                rel$parentesco/irma/catarina/1724-b36-catarina
797: 
798:       bap$b1724.37/27/4/1724/fol.66/igreja de sao tiago/padre francisco jordao da silva
799: 
800: bap$b1724.37
800:          n$jose/m/id=b1724.37-per1
801: 
802:             pn$joao rodrigues/id=b1724.37-per2
803:                ls$naturalidade/oureca
804:                ls$residencia/pinheiro
805: 
806:             mn$leonarda lopes/id=b1724.37-per3
807:                ls$naturalidade/pinheiro
808: 
809:             pad$luis/id=1724-b37-luis
810:                ls$ec/solteiro
811:                ls$residencia/pinheiro
812: 
813:             mad$isabel/id=b1724.37-per4
814:                ls$ec/solteira
815:                ls$residencia/pinheiro
816:                rel$parentesco/irma/luis/1724-b37-luis
817: 
818:                pmad$francisco lopes/id=b1724.37-per5
819:                   ls$residencia/pinheiro
820:                   rel$parentesco/pai/luis/1724-b37-luis
821: 
822:       bap$b1724.38/30/4/1724/fol.66-66v/igreja de sao tiago/vigario manuel rodrigues
823: 
824: bap$b1724.38
824:          n$dionisio/m/id=b1724.38-n
825: 
826:             pn$manuel rodrigues/id=b1724.38-pn
827:                ls$naturalidade/alencarce de cima
828:                ls$residencia/alencarce de cima
829: 
830:             mn$maria rodrigues/id=b1724.38-mn
831:                ls$naturalidade/alencarce de cima
832: 
833:             pad$dionisio de magalhaes pinto/id=b1724.38-per1
834:                ls$residencia/soure
835: 
836:             mad$maria jorge/id=b1724.38-per2
837: 
838:                mrmad$manuel rodrigues ruivo/id=b1724.38-per3
839:                   ls$residencia/alencarce de cima
840: 
841:       bap$b1724.39/30/4/1724/fol.66-66v/igreja de sao tiago/vigario manuel rodrigues
842: 
843: bap$b1724.39
843:          n$isabel/f/id=b1724.39-per1
844:             rel$parentesco/irma gemea/dionisio/b1724.38-n
845: 
846:             pn$manuel rodrigues/mesmo_que=b1724.38-pn/id=b1724.39-per2
847:                ls$naturalidade/alencarce e cima
848:                ls$residencia/alencarce de cima
849: 
850:             mn$maria rodrigues/mesmo_que=b1724.38-mn/id=b1724.39-per3
851:                ls$naturalidade/alencarce de cima
852: 
853:             pad$antonio rodrigues moles/id=b1724.39-per4
854:                ls$residencia/alencarce de cima
855: 
856:             mad$maria francisca/id=b1724.39-per5
857: 
858:                mrmad$antonio rodrigues/id=b1724.39-per6
859:                   ls$residencia/alencarce de cima
860: 
861:       bap$b1724.40/3/5/1724/fol.66v/igreja de sao tiago/vigario manuel rodrigues
862: 
863: bap$b1724.40
863:          n$maria/f/id=b1724.40-per1
864: 
865:             pn$joao rodrigues galego/id=b1724.40-per2
866:                ls$naturalidade/simoes
867:                ls$residencia/simoes
868: 
869:             mn$maria rodrigues/id=b1724.40-per3
870:                ls$naturalidade/simoes
871: 
872:             pad$antonio rodrigues galego/id=b1724.40-per4
873:                ls$residencia/simoes
874: 
875:             mad$isabel rodrigues/id=b1724.40-per5
876: 
877:                mrmad$manuel joao/id=b1724.40-per6
878:                   ls$alcunha/o marcos
879:                   ls$residencia/simoes
880: 
881:       bap$b1724.41/7/5/1724/fol.66v-67/igreja de sao tiago/vigario manuel rodrigues
882: 
883: bap$b1724.41
883:          n$francisca/f/id=1724-b41-francisca
884:             ls$ilegitima/sim/obs=disseram ser filha de jose furtado de morais
885: 
886:             mn$teresa/id=b1724.41-per1
887:                ls$ec/solteira
888:                ls$residencia/sobral
889: 
890:                pmn$joaquim pereira/id=b1724.41-per2
891:                   ls$residencia/aldeia dos anjos
892:                   ls$freguesia/pombal
893: 
894:                mmn$maria gomes/id=b1724.41-per3
895: 
896:             pad$manuel da cunha/id=b1724.41-per4
897:                ls$residencia/sobral
898: 
899:             mad$maria/id=b1724.41-per5
900:                ls$ec/solteira
901: 
902:                mmad$margarida rodrigues/id=b1724.41-per6
903:                   ls$ec/viuva
904:                   ls$residencia/sobral
905: 
906:             referido$jose furtado de morais/id=1724-b41-jose
907:                ls$ec/solteiro
908:                ls$residencia/pombal
909: 
910:             referido$fracisco taqua/id=b1724.41-per7
911:                ls$residencia/pombal
912:                rel$parentesco/pai/jose furtado de morais/1724-b41-jose
913: 
914:             referido$manuel da cunha/id=1724-b41-manuel
915:                ls$ec/solteiro
916:                ls$residencia/sobral
917:                rel$sociabilidade/baptizou em necessidade/francisca/1724-b41-francisca
918: 
919:             referido$jose da cunha/id=b1724.41-per8
920:                ls$residencia/sobral
921:                rel$parentesco/pai/manuel da cunha/1724-b41-manuel
922: 
923:       bap$b1724.42/7/5/1724/fol.67/igreja de sao tiago/vigario manuel rodrigues
924: 
925: bap$b1724.42
925:          n$ana/f/id=1724-42-ana
926: 
927:             pn$antonio jorge/id=b1724.42-per1
928:                ls$naturalidade/abrunheira
929:                ls$residencia/casa velha
930: 
931:             mn$maria do espirito santo/id=b1724.42-per2
932:                ls$naturalidade/casa velha
933: 
934:             pad$pedro de melo de ataide/id=1724-b42-pedro
935:                ls$residencia/lisboa
936: 
937:             mad$isabel caetana de menezes/id=1724-b42-isabel
938:                ls$titulo/dona
939:                ls$residencia/lisboa
940:                rel$parentesco/mulher/pedro de melo de ataide/1724-b42-pedro
941: 
942:             referido$jose rodrigues de carvalho/id=b1724.42-per3
943:                ls$profissao/padre
944:                ls$cargo/beneficiado
945:                ls$residencia/soure
946:                rel$sociabilidade/procurador/pedro de melo de ataide/1724-b42-pedro
947:                rel$sociabilidade/procurador/isabel caetana de menezes/1724-b42-isabel
948: 
949:       bap$b1724.43/10/5/1724/fol.67/igreja de sao tiago/vigario manuel rodrigues
950: 
951: bap$b1724.43
951:          n$inacio/m/id=b1724.43-per1
952: 
953:             pn$manuel goncalves camorro/id=b1724.43-per2
954:                ls$naturalidade/lousoes
955:                ls$residencia/lousoes
956: 
957:             mn$maria cardosa/id=b1724.43-per3
958:                ls$naturalidade/louzoes
959: 
960:             pad$henrique barbosa canais/id=1724-b43-henrique
961:                ls$titulo/doutor
962:                ls$residencia/soure
963: 
964:             mad$maria/id=1724-b43-maria
965:                ls$titulo/dona
966:                ls$ec/solteira
967:                ls$residencia/soure
968:                rel$parentesco/neta/madalena/1724-b43-madalena
969: 
970:             referida$madalena/id=1724-b43-madalena
971:                ls$titulo/dona
972:                ls$residencia/soure
973: 
974:             referido$sebastiao machado da costa/id=b1724.43-per4
975:                ls$residencia/soure
976:                rel$sociabilidade/procurador/henrique barbosa canais/1724-b43-henrique
977:                rel$sociabilidade/procurador/maria/1724-b43-maria
978: 
979:       bap$b1724.44/14/5/1724/fol.67-67v/igreja de sao tiago/vigario manuel rodrigues
980: 
981: bap$b1724.44
981:          n$rosa/f/id=b1724.44-per1
982: 
983:             pn$manuel rosrigues/id=b1724.44-per2
984:                ls$naturalidade/casais da misericordia
985:                ls$residencia/casais da miseicordia
986: 
987:             mn$catarina de oliveira/id=b1724.44-per3
988:                ls$naturalidade/bonitos
989: 
990:             pad$bernardo/id=1724-b44-bernardo
991:                ls$ec/solteiro
992:                ls$residencia/bonitos
993: 
994:             mad$antonia/id=b1724.44-per4
995:                ls$ec/solteira
996:                ls$residencia/bonitos
997: 
998:                pmad$domingos de oliveira/id=b1724.44-per5
999:                   ls$residencia/bonitos
1000: 
1001:             referido$antonio coelho/id=b1724.44-per6
1002:                ls$residencia/bonitos
1003:                rel$parentesco/pai/bernardo/1724-b44-bernardo
1004: 
1005:       bap$b1724.45/21/5/1724/fol.67v/igreja de sao tiago/vigario manuel rodrigues
1006: 
1007: bap$b1724.45
1007:          n$manuel/m/id=b1724.45-per1
1008: 
1009:             pn$antonio domingues/id=b1724.45-per2
1010:                ls$naturalidade/casais da misericordia
1011:                ls$residencia/casal do justo
1012: 
1013:             mn$maria rodrigues/id=b1724.45-per3
1014:                ls$naturalidade/casal do justo
1015: 
1016:             pad$manuel/id=1724-b45-manuel
1017:                ls$ec/solteiro
1018:                ls$residencia/areias
1019: 
1020:             mad$mariana dos santos/id=b1724.45-per4
1021: 
1022:                mrmad$manuel rodrigues/id=b1724.45-per5
1023:                   ls$residencia/casal do justo
1024: 
1025:             referido$manuel joao/id=b1724.45-per6
1026:                ls$profissao/moleiro
1027:                ls$residencia/areias
1028:                rel$parentesco/pai/manuel/1724-b45-manuel
1029: 
1030:       bap$b1724.46/25/5/1724/fol.67v/igreja de sao tiago/vigario manuel rodrigues
1031: 
1032: bap$b1724.46
1032:          n$agostinho/m/id=b1724.46-per1
1033: 
1034:             pn$manuel marques/id=b1724.46-per2
1035:                ls$naturalidade/paleao
1036:                ls$residencia/podengos
1037: 
1038:             mn$catarina goncalves/id=b1724.46-per3
1039:                ls$naturalidade/podengos
1040: 
1041:             pad$manuel rodrigues ruivo/id=b1724.46-per4
1042:                ls$residencia/alencarce de cima
1043: 
1044:             mad$maria martins/id=b1724.46-per5
1045: 
1046:                mrmad$manuel madeira/id=b1724.46-per6
1047:                   ls$residencia/cascao
1048: 
1049:       bap$b1724.47/25/5/1724/fol.68/igreja de sao tiago/vigario manuel rodrigues
1050: 
1051: bap$b1724.47
1051:          n$maria/f/id=1724-b47-maria
1052: 
1053:             pn$manuel lopes/id=b1724.47-per1
1054:                ls$naturalidade/assamassa
1055:                ls$residencia/alencarce de cima
1056: 
1057:             mn$maria joao/id=b1724.47-per2
1058:                ls$naturalidade/alencarce de cima
1059: 
1060:             pad$manuel domingues/id=b1724.47-per3
1061:                ls$ec/solteiro
1062:                ls$residencia/paleao
1063: 
1064:             mad$isabel goncalves/id=b1724.47-per4
1065:                ls$ec/viuva
1066:                ls$residencia/alencarce de cima
1067: 
1068:             referido$domingos joao/id=b1724.47-per5
1069:                ls$profissao/padre
1070:                ls$residencia/alencarce de cima
1071:                rel$sociabilidade/baptizou em necessidade/maria/1724-47-maria
1072: 
1073:       bap$b1724.48/28/5/1724/fol.68/igreja de sao tiago/vigario manuel rodrigues
1074: 
1075: bap$b1724.48
1075:          n$tomas/m/id=b1724.48-per1
1076: 
1077:             pn$luis cardoso/id=b1724.48-per2
1078:                ls$naturalidade/casa velha
1079:                ls$residencia/casa velha
1080: 
1081:             mn$helena pereira/id=b1724.48-per3
1082:                ls$naturalidade/casa velha
1083: 
1084:             pad$jose lopes/id=1724-b48-jose
1085:                ls$profissao/padre
1086:                ls$residencia/casa velha
1087: 
1088:             mad$caetana maria/id=b1724.48-per4
1089:                ls$residencia/casa velha
1090:                rel$parentesco/irma/jose lopes/1724-b48-jose
1091: 
1092:       bap$b1724.49/4/6/1724/fol.68/igreja de sao tiago/capelao manuel duarte
1093: 
1094: bap$b1724.49
1094:          n$jose/m/id=b1724.49-per1
1095: 
1096:             pn$manuel rodrigues branco/id=b1724.49-per2
1097:                ls$naturalidade/paleao
1098:                ls$residencia/paleao
1099: 
1100:             mn$francisca leoa/id=b1724.49-per3
1101:                ls$naturalidade/paleao
1102: 
1103:             pad$jose gaspar/id=b1724.49-per4
1104:                ls$ec/solteiro
1105:                ls$residencia/paleao
1106: 
1107:             mad$helena/id=b1724.49-per5
1108:                ls$ec/solteira
1109:                ls$residencia/paleao
1110: 
1111:                pmad$antonio soares/id=b1724.49-per6
1112:                   ls$residencia/paleao
1113: 
1114:       bap$b1724.50/5/6/1724/fol.68v/igreja de sao tiago/padre manuel rodrigues alvaro
1115: 
1116: bap$b1724.50
1116:          n$joao/m/id=b1724.50-per1
1117: 
1118:             pn$joao domingues/id=b1724.50-per2
1119:                ls$naturalidade/casconho
1120:                ls$residencia/casconho
1121: 
1122:             mn$maria martins/id=b1724.50-per3
1123:                ls$naturalidade/porto coelheiro
1124: 
1125:             pad$domingos lourenco/id=b1724.50-per4
1126:                ls$residencia/casconho
1127: 
1128:             mad$isabel/id=b1724.50-per5
1129:                ls$ec/solteira
1130:                ls$residencia/porto coelheiro
1131: 
1132:                pmad$simao duarte/id=b1724.50-per6
1133:                   ls$residencia/porto coelheiro
1134: 
1135:       bap$b1724.51/5/6/1724/fol.68v/igreja de sao tiago/vigario manuel rodrigues
1136: 
1137: bap$b1724.51
1137:          n$maria/f/id=b1724.51-per1
1138: 
1139:             pn$joao goncalves/id=b1724.51-per2
1140:                ls$naturalidade/migalho
1141:                ls$residencia/casal novo
1142: 
1143:             mn$maria nunes/id=b1724.51-per3
1144:                ls$naturalidade/casal novo
1145: 
1146:             pad$domingos cardoso/id=b1724.51-per4
1147:                ls$residencia/migalho
1148: 
1149:             mad$maria goncalves/id=b1724.51-per5
1150: 
1151:                mrmad$joao cardoso/id=b1724.51-per6
1152:                   ls$residencia/migalho
1153: 
1154:       bap$b1724.52/6/6/1724/fol.68v/igreja de sao tiago/vigario manuel rodrigues
1155: 
1156: bap$b1724.52
1156:          n$mariana/f/id=b1724.52-per1
1157: 
1158:             pn$manuel madeira/id=b1724.52-per2
1159:                ls$naturalidade/alencarce de cima
1160:                ls$residencia/alencarce de cima
1161: 
1162:             mn$margarida simoes/id=b1724.52-per3
1163:                ls$naturalidade/alencarce de cima
1164: 
1165:             pad$mateus/id=1724-b52-mateus
1166:                ls$ec/solteiro
1167:                ls$residencia/alencarce de cima
1168: 
1169:             mad$josefa carvalha/id=1724-b52-josefa
1170:                ls$ec/solteira
1171:                ls$residencia/alencarce de cima
1172: 
1173:             referido$antonio rodrigues lourenco/id=b1724.52-per4
1174:                ls$residencia/alencarce e cima
1175:                rel$parentesco/pai/mateus/1724-b52-mateus
1176: 
1177:             referida$francisca joao/id=1724-b52-francisca
1178:                ls$residencia/alencarce de cima
1179:                rel$sociabilidade/procuradora/josefa de carvalho/1724-b52-josefa
1180: 
1181:             referido$antonio rodrigues ruivo/id=b1724.52-per5
1182:                ls$residencia/alencarce de cima
1183:                rel$parentesco/marido/francisca joao/1724-b52-francisca
1184: 
1185:       bap$b1724.53/11/6/1724/fol.69/igreja de sao tiago/padre luis manhos de abreu
1186: 
1187: bap$b1724.53
1187:          n$antonio jose/m/id=b1724.53-per1
1188: 
1189:             pn$jose de sequeira coelho/id=b1724.53-per2
1190:                ls$naturalidade/soure
1191:                ls$residencia/soure
1192: 
1193:             mn$leonarda maria pessoa/id=b1724.53-per3
1194:                ls$naturalidade/soure
1195: 
1196:             pad$manuel pessoa leitao/id=b1724.53-per4
1197:                ls$profissao/padre
1198:                ls$residencia/soure
1199: 
1200:             mad$luisa maria/id=1724-b53-luisa
1201:                ls$ec/solteira
1202:                ls$residencia/soure
1203: 
1204:                mmad$ana maria da silva/id=b1724.53-per5
1205:                   ls$ec/viuva
1206:                   ls$residencia/soure
1207: 
1208:             referido$diogo ramires alemao/id=b1724.53-per6
1209:                ls$residencia/leiria
1210:                rel$sociabilidade/procurador/luisa maria/1724-b53-luisa
1211: 
1212:       bap$b1724.54/24/6/1724/fol.69/igreja de sao tiago/vigario manuel rodrigues
1213: 
1214: bap$b1724.54
1214:          n$jorge/m/id=b1724.54-per1
1215: 
1216:             pn$joao henriques/id=b1724.54-per2
1217:                ls$naturalidade/soure
1218:                ls$residencia/soure
1219: 
1220:             mn$angela pereira casa velha/id=b1724.54-per3
1221: 
1222:             pad$jorge de meneses/id=b1724.54-per4
1223:                ls$titulo/dom
1224:                ls$residencia/lisboa
1225: 
1226:             mad$teresa/id=1724-b54-teresa
1227:                ls$ec/solteira
1228:                ls$titulo/dona
1229:                ls$residencia/vinha da rainha
1230: 
1231:                pmad$jose henriques cavaco/id=b1724.54-per5
1232:                   ls$cargo/desembargador
1233:                   ls$residencia/vinha da rainha
1234: 
1235:             referido$joao lopes/id=1724-b54-joao
1236:                ls$ec/solteiro
1237:                ls$residencia/casa velha
1238:                rel$sociabilidade/procurador/teresa/1724-b54-teresa
1239: 
1240:             referido$domingos lopes/id=b1724.54-per6
1241:                ls$residencia/casa velha
1242:                rel$parentesco/pai/joao lopes/1724-b54-joao
1243: 
1244:       bap$b1724.55/26/6/1724/fol.69v/igreja de sao tiago/vigario manuel rodrigues
1245: 
1246: bap$b1724.55
1246:          n$jose/m/id=b1724.55-per1
1247: 
1248:             pn$domingos rodrigues tribelo/id=b1724.55-per2
1249:                ls$naturalidade/sao mateus
1250:                ls$residencia/sao mateus
1251: 
1252:             mn$maria rodrigues/id=b1724.55-per3
1253:                ls$naturalidade/barrosos
1254: 
1255:             pad$jose pereira/id=1724-b55-jose
1256:                ls$ec/solteiro
1257:                ls$residencia/sao mateus
1258: 
1259:             mad$catarina/id=1724-b55-catarina
1260:                ls$ec/solteira
1261:                ls$residencia/sao mateus
1262:                rel$parentesco/irma/jose pereira/1724-b55-jose
1263: 
1264:             referido$joaquim/id=1724-b55-joaquim
1265:                ls$ec/solteiro
1266:                ls$residencia/sao mateus
1267:                rel$sociabilidade/procurador/catarina/1724-b55-catarina
1268: 
1269:             referido$manuel rodrigues/id=b1724.55-per4
1270:                ls$residencia/sao mateus
1271:                rel$parentesco/pai/joaquim/1724-b55-joaquim
1272: 
1273:       bap$b1724.56/2/7/1724/fol.69v/igreja de sao tiago/padre manuel rodrigues alvaro
1274: 
1275: bap$b1724.56
1275:          n$isabel/f/id=b1724.56-per1
1276: 
1277:             pn$manuel lourenco/id=b1724.56-per2
1278:                ls$naturalidade/moinhos da caldeirinha
1279:                ls$residencia/moinhos da caldeirinha/obs=junto a simoes
1280: 
1281:             mn$ana maria/id=b1724.56-per3
1282:                ls$naturalidade/mogadouro
1283: 
1284:             pad$joao henriques/id=b1724.56-per4
1285:                ls$ec/viuvo
1286:                ls$residencia/soure
1287: 
1288:             mad$maria/id=b1724.56-per5
1289:                ls$ec/solteira
1290:                ls$residencia/simoes
1291: 
1292:                pmad$joao lourenco/id=b1724.56-per6
1293:                   ls$ec/viuvo
1294:                   ls$residencia/simoes
1295: 
1296:       bap$b1724.57/17/7/1724/fol.69v-70/igreja de sao tiago/padre manuel rodrigues alvaro
1297: 
1298: bap$b1724.57
1298:          n$maria/f/id=b1724.57-per1
1299: 
1300:             pn$manuel rodrigues/id=b1724.57-per2
1301:                ls$naturalidade/casal do marco
1302:                ls$freguesia/ega
1303:                ls$residencia/casal de galinhas
1304: 
1305:             mn$josefa jorge/id=b1724.57-per3
1306:                ls$naturalidade/casal de galinhas
1307: 
1308:             pad$domingos goncalves galinho/id=b1724.57-per4
1309:                ls$residencia/soure
1310: 
1311:             mad$antonia jorge/id=b1724.57-per5
1312: 
1313:                mrmad$joao pereira/id=b1724.57-per6
1314:                   ls$residencia/casal de galinhas
1315: 
1316:       bap$b1724.58/25/7/1724/fol.70/igreja de sao tiago/padre manuel rodrigues alvaro
1317: 
1318: bap$b1724.58
1318:          n$maria/f/id=b1724.58-per1
1319: 
1320:             pn$francisco lopes/id=b1724.58-per2
1321:                ls$naturalidade/lagem
1322:                ls$residencia/melrical
1323: 
1324:             mn$esperanca fernandes/id=b1724.58-per3
1325:                ls$naturalidade/lamas
1326: 
1327:             pad$manuel rodrigues/id=b1724.58-per4
1328:                ls$residencia/espirito santo
1329: 
1330:             mad$maria/id=b1724.58-per5
1331:                ls$ec/solteira
1332:                ls$residencia/melrical
1333: 
1334:                pmad$domingos goncalves/id=b1724.58-per6
1335:                   ls$residencia/melrical
1336: 
1337:       bap$b1724.59/16/8/1724/fol.70-70v/igreja de sao tiago/padre jose rodrigues de carvalho
1338: 
1339: bap$b1724.59
1339:          n$jose/m/id=b1724.59-per1
1340: 
1341:             pn$antonio alves ribeiro/id=b1724.59-per2
1342:                ls$naturalidade/farroeira
1343:                ls$freguesia/pousos
1344:                ls$residencia/soure
1345: 
1346:             mn$maria dos santos/id=b1724.59-per3
1347:                ls$naturalidade/soure
1348: 
1349:             pad$joao dos santos/id=b1724.59-per4
1350:                ls$profissao/padre
1351:                ls$cargo/vigario
1352:                ls$residencia/tapeus
1353: 
1354:             mad$antonia gomes/id=b1724.59-per5
1355: 
1356:                mrmad$manuel rodrigues descalco/id=b1724.59-per6
1357:                   ls$residencia/soure
1358: 
1359:       bap$b1724.60/20/8/1724/fol.70v/igreja de sao tiago/vigario manuel rodrigues
1360: 
1361: bap$b1724.60
1361:          n$manuel/m/id=b1724.60-per1
1362: 
1363:             pn$joao da silva/id=b1724.60-per2
1364:                ls$naturalidade/pelariga
1365:                ls$freguesia/pombal
1366:                ls$residencia/casais da misericordia
1367: 
1368:             mn$maria joao/id=b1724.60-per3
1369:                ls$naturalidade/bonitos
1370: 
1371:             pad$antonio joao/id=b1724.60-per4
1372:                ls$residencia/fonte da bica
1373: 
1374:             mad$josefa/id=b1724.60-per5
1375:                ls$ec/solteira
1376:                ls$residencia/casais da misericordia
1377: 
1378:                pmad$pedro joao/id=b1724.60-per6
1379:                   ls$residencia/casais da misericordia
1380: 
1381:       bap$b1724.61/24/8/1724/fol.70v/igreja de sao tiago/padre francisco de azevedo pinto
1382: 
1383: bap$b1724.61
1383:          n$luisa/f/id=b1724.61-per1
1384: 
1385:             pn$antonio simoes/id=b1724.61-per2
1386:                ls$naturalidade/cavaleiros
1387:                ls$residencia/sobral
1388: 
1389:             mn$maria jorge/id=b1724.61-per3
1390:                ls$naturalidade/sobral
1391: 
1392:             pad$manuel dias/id=b1724.61-per4
1393:                ls$residencia/sobral
1394: 
1395:             mad$maria/id=b1724.61-per5
1396:                ls$residencia/sobral
1397: 
1398:                pmad$domingos jorge/id=b1724.61-per6
1399:                   ls$residencia/sobral
1400: 
1401:       bap$b1724.62/28/8/1724/fol.71/igreja de sao tiago/vigario manuel rodrigues
1402: 
1403: bap$b1724.62
1403:          n$maria/f/id=b1724.62-per1
1404: 
1405:             pn$domingos rodrigues tribelo/id=b1724.62-per2
1406:                ls$naturalidade/simoes
1407:                ls$residencia/simoes
1408: 
1409:             mn$maria joao/id=b1724.62-per3
1410:                ls$naturalidade/simoes
1411: 
1412:             pad$manuel joao/id=b1724.62-per4
1413:                ls$residencia/areias
1414: 
1415:             mad$catarina francisca/id=b1724.62-per5
1416: 
1417:                mrmad$diogo francisco/id=b1724.62-per6
1418:                   ls$profissao/moleiro
1419:                   ls$residencia/simoes
1420: 
1421:       bap$b1724.63/31/8/1724/fol.71/igreja de sao tiago/vigario manuel rodrigues
1422: 
1423: bap$b1724.63
1423:          n$maria/f/id=b1724.63-per1
1424: 
1425:             pn$jose rodrigues pachencas/id=b1724.63-per2
1426:                ls$naturalidade/sobral
1427:                ls$residencia/sobral
1428: 
1429:             mn$maria francisca/id=b1724.63-per3
1430:                ls$naturalidade/casal da venda
1431: 
1432:             pad$jose gomes/id=b1724.63-per4
1433:                ls$profissao/padre
1434:                ls$residencia/casal da venda
1435: 
1436:             mad$isabel francisca/id=b1724.63-per5
1437: 
1438:                mrmad$anonio francisco/id=b1724.63-per6
1439:                   ls$residencia/sobral
1440: 
1441:       bap$b1724.64/3/9/1724/fol.71-71v/igreja de sao tiago/vigario manuel rodrigues
1442: 
1443: bap$b1724.64
1443:          n$luisa/f/id=b1724.64-per1
1444: 
1445:             pn$manuel rodrigues/id=b1724.64-per2
1446:                ls$naturalidade/sobral
1447:                ls$residencia/quinta de baixo/obs=propriedade de rodrigo homem de quadros
1448: 
1449:             mn$joana baptista/id=b1724.64-per3
1450:                ls$naturalidade/casal do olival
1451: 
1452:             pad$manuel/id=1724-b64-manuel
1453:                ls$ec/solteiro
1454:                ls$residencia/soure
1455: 
1456:             mad$luisa/id=b1724.64-per4
1457:                ls$ec/solteira
1458:                ls$residencia/casal do olival
1459: 
1460:                pmad$bartolomeu antunes/id=b1724.64-per5
1461:                   ls$residencia/casal do olival
1462: 
1463:             referido$rodrigo homem de quadros/id=b1724.64-per6
1464:                ls$residencia/soure
1465:                rel$parentesco/irmao/manuel/1724-b64-manuel
1466: 
1467:       bap$b1724.65/3/9/1724/fol.71v/igreja de sao tiago/vigario manuel rodrigues
1468: 
1469: bap$b1724.65
1469:          n$josefa/f/id=b1724.65-per1
1470: 
1471:             pn$antonio leao/id=b1724.65-per2
1472:                ls$residencia/lagem
1473:                ls$residencia/pinheiro
1474: 
1475:             mn$catarina domingues/id=b1724.65-per3
1476:                ls$naturalidade/leonel
1477: 
1478:             pad$manuel leao/id=b1724.65-per4
1479:                ls$residencia/areias/obs=casal do padre sebastiao ferreira
1480: 
1481:             mad$josefa/id=b1724.65-per5
1482:                ls$ec/solteira
1483:                ls$residencia/pinheiro
1484: 
1485:                pmad$joao goncalves/id=b1724.65-per6
1486:                   ls$residencia/pinheiro
1487: 
1488:       bap$b1724.66/10/9/1724/fol.71v/igreja de sao tiago/frei manuel coutinho
1489: 
1490: bap$b1724.66
1490:          n$felipa/f/obs=baptizada pelo bispo do funchal/id=b1724.66-per1
1491: 
1492:             pn$jacinto da costa e vasconcelos/id=b1724.66-per2
1493:                ls$titulo/doutor
1494:                ls$naturalidade/soure
1495:                ls$residencia/soure
1496: 
1497:             mn$alexandra/id=b1724.66-per3
1498:                ls$titulo/dona
1499:                ls$naturalidade/soure
1500: 
1501:             pad$francisco pereira coutinho/id=b1724.66-per4
1502:                ls$cargo/promotor do santo oficio de coimbra
1503:                ls$residencia/coimbra
1504: 
1505:             mad$ines de lacerda coutinho/id=1724-b66-ines
1506:                ls$profissao/religiosa
1507:                ls$ordem/santa clara de coimbra
1508: 
1509:             referido$joao de lacerda/id=b1724.66-per5
1510:                ls$profissao/padre
1511:                ls$cargo/conego da santa se de coimbra
1512:                rel$sociabilidade/procurador/ines de lacerda coutinho/1724-b66-ines
1513: 
1514:       bap$b1724.67/16/9/1724/fol.71v-72/igreja de sao tiago/vigario manuel rodrigues
1515: 
1516: bap$b1724.67
1516:          n$joao/m/id=b1724.67-per1
1517: 
1518:             pn$joao da cunha de eca/id=b1724.67-per2
1519:                ls$naturalidade/sobral
1520:                ls$residencia/sobral
1521: 
1522:             mn$luisa maria/id=b1724.67-per3
1523:                ls$naturalidade/sobral
1524: 
1525:             pad$joao rodrigues/id=b1724.67-per4
1526:                ls$residencia/sobral
1527: 
1528:             mad$rosa maria/id=1724-b67-rosa
1529:                ls$ec/solteira
1530:                ls$residencia/sobral
1531: 
1532:                pmad$joao rodrigues/obs=diferente do padrinho/id=b1724.67-per5
1533:                   ls$residencia/sobral
1534: 
1535:             referida$maria/id=1724-b67-maria
1536:                ls$ec/solteira
1537:                ls$residencia/sobral
1538:                rel$sociabilidade/procuradora/rosa maria/1724-b67-rosa
1539: 
1540:             referida$isabel rodrigues/id=b1724.67-per6
1541:                ls$ec/viuva
1542:                ls$residencia/sobral
1543:                rel$parentesco/mae/maria/1724-b67-maria
1544: 
1545:       bap$b1724.68/17/9/1724/fol.72/igreja de sao tiago/vigario manuel rodrigues
1546: 
1547: bap$b1724.68
1547:          n$antonia/f/id=b1724.68-per1
1548: 
1549:             pn$manuel goncalves/id=b1724.68-per2
1550:                ls$naturalidade/portela
1551:                ls$residencia/portela
1552: 
1553:             mn$isabel gaspar/id=b1724.68-per3
1554:                ls$naturalidade/portela
1555: 
1556:             pad$gabriel da costa gramaxo/id=1724-b68-gabriel
1557:                ls$residencia/pai daniel
1558: 
1559:             mad$antonia/id=b1724.68-per4
1560:                ls$ec/solteira
1561:                ls$residencia/carvalheira de baixo
1562: 
1563:                pmad$joao madeira/id=b1724.68-per5
1564:                   ls$residencia/carvalheira de baixo
1565: 
1566:             referido$francisco jordao da silva/id=b1724.68-per6
1567:                ls$profissao/padre
1568:                ls$cargo/benefeciado
1569:                ls$residencia/soure
1570:                rel$sociabilidade/procurador/gabriel da silva gramaxo/1724-b68-gabriel
1571: 
1572:       bap$b1724.69/17/9/1724/fol.72/igreja de sao tiago/vigario manuel rodrigues
1573: 
1574: bap$b1724.69
1574:          n$maria/f/id=b1724.69-per1
1575: 
1576:             pn$domingos madeira/id=b1724.69-per2
1577:                ls$naturalidade/alencarce de cima
1578:                ls$residencia/alencarce de cima
1579: 
1580:             mn$maria francisa/id=b1724.69-per3
1581:                ls$naturalidade/alencarce de cima
1582: 
1583:             pad$manuel simoes/id=b1724.69-per4
1584:                ls$residencia/podengos
1585: 
1586:             mad$isabel/id=b1724.69-per5
1587:                ls$ec/solteira
1588:                ls$residencia/alencarce de cima
1589: 
1590:                pmad$domingos simoes/id=b1724.69-per6
1591:                   ls$residencia/alencarce de cima
1592: 
1593:       bap$b1724.70/17/9/1724/fol.72-72v/igreja de sao tiago/vigario manuel rodrigues
1594: 
1595: bap$b1724.70
1595:          n$marcelina/f/id=b1724.70-per1
1596: 
1597:             pn$manuel francisco/id=b1724.70-per2
1598:                ls$naturalidade/casal novo
1599:                ls$residencia/casa velha
1600: 
1601:             mn$mariana francisca/id=b1724.70-per3
1602:                ls$naturalidade/gesteira
1603: 
1604:             pad$jose gaspar/id=b1724.70-per4
1605:                ls$profissao/padre
1606:                ls$residencia/gesteira
1607: 
1608:             mad$maria cardosa/id=b1724.70-per5
1609: 
1610:                mrmad$joao gaspar/id=b1724.70-per6
1611:                   ls$residencia/gesteira
1612: 
1613:       bap$b1724.71/24/9/1724/fol.72v/igreja de sao tiago/capelao manuel duarte
1614: 
1615: bap$b1724.71
1615:          n$joao/m/id=b1724.71-per1
1616: 
1617:             pn$manuel da silva/id=b1724.71-per2
1618:                ls$naturalidade/vale da borra
1619:                ls$residencia/vale da borra
1620: 
1621:             mn$maria francisca/id=b1724.71-per3
1622:                ls$naturalidade/sobral
1623: 
1624:             pad$joao simoes/id=b1724.71-per4
1625:                ls$residencia/santo isidoro
1626:                ls$freguesia/gesteira
1627: 
1628:             mad$domingas francisca/id=b1724.71-per5
1629: 
1630:                mrmad$tome goncalves/id=b1724.71-per6
1631:                   ls$residencia/vale da borra
1632: 
1633:       bap$b1724.72/24/9/1724/fol.72v-73/igreja de sao tiago/padre francisco de azevedo pinto
1634: 
1635: bap$b1724.72
1635:          n$bernardo/m/id=b1724.72-per1
1636: 
1637:             pn$manuel gomes/id=b1724.72-per2
1638:                ls$naturalidade/paleao
1639:                ls$profissao/ferreiro
1640:                ls$residencia/paleao
1641: 
1642:             mn$isabel tome/id=b1724.72-per3
1643:                ls$naturalidade/casal da fogueira
1644: 
1645:             pad$manuel ferreira bernardo/id=b1724.72-per4
1646:                ls$profissao/padre
1647:                ls$ordem/santo agostinho
1648:                ls$residencia/soure
1649: 
1650:             mad$angelica/id=b1724.72-per5
1651:                ls$ec/solteira
1652:                ls$residencia/paleao
1653: 
1654:                pmad$maria afonso/id=b1724.72-per6
1655:                   ls$residencia/paleao
1656: 
1657:       bap$b1724.73/25/9/1724/fol.73/igreja de sao tiago/vigario manuel rodrigues
1658: 
1659: bap$b1724.73
1659:          n$jose/m/id=1724-b73-jose
1660: 
1661:             pn$joao simoes/id=b1724.73-per1
1662:                ls$naturalidade/espirito santo
1663:                ls$residencia/quinta da cruz
1664: 
1665:             mn$maria francisca/id=b1724.73-per2
1666:                ls$naturalidade/quinta da cruz
1667: 
1668:             pad$diogo francisco/id=b1724.73-per3
1669:                ls$profissao/moleiro
1670:                ls$residencia/simoes
1671: 
1672:             mad$esperanca/id=b1724.73-per4
1673:                ls$ec/solteira
1674:                ls$residencia/quinta da cruz
1675: 
1676:                pmad$domingos luis/id=b1724.73-per5
1677:                   ls$residencia/quinta da cruz
1678: 
1679:             referida$maria joao galega/id=1724-b73-maria
1680:                ls$residencia/simoes
1681:                rel$sociabilidade/baptizou em necessidade/jose/1724-b73-jose
1682: 
1683:             referido$domingos da silva/id=b1724.73-per6
1684:                ls$residencia/simoes
1685:                rel$parentesco/marido/maria joao galega/1724-b73-maria
1686: 
1687:       bap$b1724.74/25/9/1724/fol.73/igreja de sao tiago/vigario manuel rodrigues
1688: 
1689: bap$b1724.74
1689:          n$antonia/f/id=b1724.74-per1
1690: 
1691:             pn$luis goncalves/id=b1724.74-per2
1692:                ls$naturalidade/lousoes
1693:                ls$residencia/casal da amoreira
1694: 
1695:             mn$maria antunes/id=b1724.74-per3
1696:                ls$naturalidade/casal das brancas
1697: 
1698:             pad$antonio/id=1724-b74-antonio
1699:                ls$ec/solteiro
1700:                ls$residencia/lousoes
1701: 
1702:             mad$jacinta/id=b1724.74-per4
1703:                ls$ec/solteira
1704:                ls$residencia/casal das brancas
1705: 
1706:                pmad$manuel rodrigues/id=b1724.74-per5
1707:                   ls$residencia/casal das brancas
1708: 
1709:             referido$manuel goncalves perdigao/id=b1724.74-per6
1710:                ls$residencia/lousoes
1711:                rel$parentesco/pai/antonio/1724-b74-antonio
1712: 
1713:       bap$b1724.75/2/10/1724/fol.73-73v/igreja de sao tiago/vigario manuel rodrigues
1714: 
1715: bap$b1724.75
1715:          n$joao/m/id=b1724.75-per1
1716: 
1717:             pn$domingos fernandes/id=b1724.75-per2
1718:                ls$naturalidade/casal dos baixos
1719:                ls$freguesia/almagreira
1720:                ls$residencia/pedrafonso
1721: 
1722:             mn$maria simoes/id=b1724.75-per3
1723:                ls$naturalidade/pedrafonso
1724: 
1725:             pad$joao goncalves/id=b1724.75-per4
1726:                ls$residencia/lousoes
1727: 
1728:             mad$domingas goncalves/id=b1724.75-per5
1729: 
1730:                mrmad$francisco de oliveira/id=b1724.75-per6
1731:                   ls$residencia/pedrafonso
1732: 
1733:       bap$b1724.76/8/10/1724/fol.73v/igreja de sao tiago/vigario manuel rodrigues
1734: 
1735: bap$b1724.76
1735:          n$ana/f/id=b1724.76-per1
1736: 
1737:             pn$manuel simoes/id=b1724.76-per2
1738:                ls$naturalidade/podengos
1739:                ls$residencia/podengos
1740: 
1741:             mn$maria rodrigues/id=b1724.76-per3
1742:                ls$naturalidade/alencarce de cima
1743: 
1744:             pad$domingos madeira/id=1724-b76-domingos
1745:                ls$residencia/alencarce de baixo
1746: 
1747:             mad$ana maria gomes/id=b1724.76-per4
1748:                ls$residencia/alencarce de baixo
1749:                rel$parentesco/mulher/domingos madeira/1724-b76-domingos
1750: 
1751:       bap$b1724.77/8/10/1724/fol.73v/igreja de sao tiago/padre francisco jordao da silva
1752: 
1753: bap$b1724.77
1753:          n$miguel/m/id=b1724.77-per1
1754: 
1755:             pn$matias de sousa/id=b1724.77-per2
1756:                ls$naturalidade/sao pedro de faro
1757:                ls$residencia/soure
1758: 
1759:             mn$maria antonia/id=b1724.77-per3
1760:                ls$naturalidade/sao pedro de faro
1761: 
1762:             pad$manuel fernandes bulhao/id=b1724.77-per4
1763:                ls$alcunha/o moco
1764:                ls$residencia/soure
1765: 
1766:             mad$maria/id=b1724.77-per5
1767:                ls$ec/solteira
1768:                ls$residencia/soure
1769: 
1770:                pmad$manuel carvalho vieira/id=b1724.77-per6
1771:                   ls$residencia/soure
1772: 
1773:       bap$b1724.78/15/10/1724/fol.74/igreja de sao tiago/vigario manuel rodrigues
1774: 
1775: bap$b1724.78
1775:          n$ines/f/id=b1724.78-per1
1776: 
1777:             pn$joao rodrigues/id=b1724.78-per2
1778:                ls$naturalidade/sobral
1779:                ls$residencia/sobral
1780: 
1781:             mn$maria cardosa/id=b1724.78-per3
1782:                ls$naturalidade/casal de montais
1783: 
1784:             pad$jose/id=1724-b78-jose
1785:                ls$ec/solteiro
1786:                ls$residencia/sobral
1787: 
1788:             mad$ines rodrigues/id=b1724.78-per4
1789: 
1790:                mrmad$manuel simoes galhardo/id=b1724.78-per5
1791:                   ls$residencia/sobral
1792: 
1793:             referido$joao rodrigues/id=b1724.78-per6
1794:                ls$residencia/sobral
1795:                rel$parentesco/pai/jose/1724-b78-jose
1796: 
1797:       bap$b1724.79/22/10/1724/fol.74/igreja de sao tiago/vigario manuel rodrigues
1798: 
1799: bap$b1724.79
1799:          n$maria/f/id=b1724.79-per1
1800: 
1801:             pn$antonio dias/id=b1724.79-per2
1802:                ls$naturalidade/soure
1803:                ls$residencia/soure
1804: 
1805:             mn$maria ferreira/id=b1724.79-per3
1806:                ls$naturalidade/vila nova de ancos
1807: 
1808:             pad$jacinto da costa de vasconcelos/id=1724-b79-jacinto
1809:                ls$titulo/doutor
1810:                ls$residencia/soure
1811: 
1812:             mad$alexandra/id=1724-b79-alexandra
1813:                ls$titulo/dona
1814:                ls$residencia/soure
1815:                rel$parentesco/mulher/jacinto da costa de vasconcelos/1724-b79-jacinto
1816: 
1817:             referido$luis ribeiro cabral/id=b1724.79-per4
1818:                ls$profissao/padre
1819:                ls$residencia/soure
1820:                rel$sociabilidade/procurador/alexandra/1724-b79-alexandra
1821: 
1822:       bap$b1724.80/29/10/1724/fol.74v/igreja de sao tiago/padre manuel rodrigues alvaro
1823: 
1824: bap$b1724.80
1824:          n$ana/f/id=b1724.80-per1
1825: 
1826:             pn$jose henriques/id=b1724.80-per2
1827:                ls$naturalidade/soure
1828:                ls$residencia/soure
1829: 
1830:             mn$helena da cruz/id=b1724.80-per3
1831:                ls$naturalidade/almodovar
1832: 
1833:             pad$antonio da silva travassos/id=b1724.80-per4
1834:                ls$residencia/soure
1835: 
1836:             mad$ana maria/id=b1724.80-per5
1837:                ls$ec/solteira
1838:                ls$residencia/soure
1839: 
1840:                pmad$tome velho/id=b1724.80-per6
1841:                   ls$residencia/soure
1842: 
1843:       bap$b1724.81/29/10/1724/fol.74v/igreja de sao tiago/padre manuel rodrigues alvaro
1844: 
1845: bap$b1724.81
1845:          n$felicia/f/id=1724-b81-felicia
1846:             ls$enjeitada/sim/obs=exposta a porta da ermida do espirito santo
1847: 
1848:             pn$nome desconhecido/id=b1724.81-per1
1849: 
1850:             mn$nome desconhecido/id=b1724.81-per2
1851: 
1852:             pad$joao henriques/id=b1724.81-per3
1853:                ls$residencia/soure
1854: 
1855:             mad$maria gomes/id=b1724.81-per4
1856:                ls$profissao/parteira
1857:                ls$residencia/soure
1858: 
1859:             referida$teres figueireda/id=b1724.81-per5
1860:                ls$residencia/soure
1861:                rel$sociabilidade/ama/felicia/1724-b81-felicia
1862: 
1863:       bap$b1724.82/12/11/1724/fol.74v-75/igreja de sao tiago/vigario manuel rodrigues
1864: 
1865: bap$b1724.82
1865:          n$maria/f/id=b1724.82-per1
1866: 
1867:             pn$antonio martins/id=b1724.82-per2
1868:                ls$naturalidade/venda nova
1869:                ls$residencia/delgados
1870: 
1871:             mn$maria rodrigues/id=b1724.82-per3
1872:                ls$naturalidade/delgados
1873: 
1874:             pad$antonio marques/id=b1724.82-per4
1875:                ls$profissao/barbeiro
1876:                ls$residencia/barrosos
1877: 
1878:             mad$maria goncalves/id=b1724.82-per5
1879: 
1880:                mrmad$mateus carvalho/id=b1724.82-per6
1881:                   ls$residencia/mogadouro
1882: 
1883:       bap$b1724.83/12/11/1724/fol.75/igreja de sao tiago/vigario manuel rodrigues
1884: 
1885: bap$b1724.83
1885:          n$manuel/m/id=b1724.83-per1
1886: 
1887:             pn$manuel goncalves galhim/id=b1724.83-per2
1888:                ls$naturalidade/alencarce de cima
1889:                ls$residencia/alencarce de cima
1890: 
1891:             mn$maria madeira/id=b1724.83-per3
1892:                ls$naturalidade/alencarce de cima
1893: 
1894:             pad$manuel rodrigues/id=b1724.83-per4
1895:                ls$profissao/padre
1896:                ls$cargo/vigario
1897:                ls$residencia/soure
1898: 
1899:             mad$maria gaspar/id=b1724.83-per5
1900: 
1901:                mrmad$domingos madeira/id=b1724.83-per6
1902:                   ls$residencia/alencarce de cima
1903: 
1904:       bap$b1724.84/12/11/1724/fol.75/igreja de sao tiago/vigario manuel rodrigues
1905: 
1906: bap$b1724.84
1906:          n$teresa/f/id=b1724.84-per1
1907: 
1908:             pn$manuel antunes/id=b1724.84-per2
1909:                ls$naturalidade/alencarce de cima
1910:                ls$residencia/alencarce de cima
1911: 
1912:             mn$maria cardosa/id=b1724.84-per3
1913:                ls$naturalidade/alencarce de baixo
1914: 
1915:             pad$manuel/id=1724-b84-manuel
1916:                ls$ec/solteiro
1917:                ls$residencia/alencarce de baixo
1918: 
1919:             mad$maria/id=b1724.84-per4
1920:                ls$ec/solteira
1921:                ls$residencia/alencarce de cima
1922: 
1923:                pmad$joao rodrigues calhau/id=b1724.84-per5
1924:                   ls$residencia/alencarce de cima
1925: 
1926:             referida$isabel cardosa/id=b1724.84-per6
1927:                ls$ec/viuva
1928:                ls$residencia/alencarce de baixo
1929:                rel$parentesco/mae/manuel/1724-b84-manuel
1930: 
1931:       bap$b1724.85/19/11/1724/fol.75-75v/igreja de sao tiago/vigario manuel rodrigues
1932: 
1933: bap$b1724.85
1933:          n$domingos/m/id=1724-b85-domingos
1934: 
1935:             pn$manuel gaspar/id=b1724.85-per1
1936:                ls$naturalidade/alencarce de cima
1937:                ls$residencia/alencarce de cima
1938: 
1939:             mn$maria rodrigues/id=b1724.85-per2
1940:                ls$naturalidade/alencarce de cima
1941: 
1942:             pad$manuel rodrigues/id=b1724.85-per3
1943:                ls$profissao/padre
1944:                ls$cargo/vigario
1945:                ls$residencia/soure
1946: 
1947:             mad$maria/id=b1724.85-per4
1948:                ls$ec/solteira
1949:                ls$residencia/porto coelheiro
1950: 
1951:                pmad$manuel rodrigues/id=b1724.85-per5
1952:                   ls$cargo/capitao
1953:                   ls$residencia/porto coelheiro
1954: 
1955:             referido$domingos joao/id=b1724.85-per6
1956:                ls$profissao/padre
1957:                ls$residencia/alencarce de cima
1958:                rel$sociabilidade/baptizou em necessidade/domingos/1724-b85-domingos
1959: 
1960:       bap$b1724.86/19/11/1724/fol.75v/igreja de sao tiago/vigario manuel rodrigues
1961: 
1962: bap$b1724.86
1962:          n$domingos/m/id=1724-b86-domingos
1963:             ls$ilegitimo/sim
1964: 
1965:             mn$isabel/id=b1724.86-per1
1966:                ls$ec/solteira
1967:                ls$naturalidade/alencarce de cima
1968:                ls$residencia/alencarce de cima
1969: 
1970:                mmn$mariana goncalves/id=b1724.86-per2
1971:                   ls$naturalidade/alencarce de cima
1972:                   ls$residencia/alencarce de cima
1973: 
1974:             pad$domingos joao/id=1724-b86-joao
1975:                ls$profissao/padre
1976:                ls$residencia/alencarce de cima
1977:                rel$sociabilidade/baptizou em necessidade/domingos/1724-b86-domingos
1978: 
1979:             mad$francisca goncalves/id=b1724.86-per3
1980: 
1981:                mrmad$manuel goncalves/id=b1724.86-per4
1982:                   ls$residencia/alencarce de cima
1983: 
1984:             referido$luis madeira/id=b1724.86-per5
1985:                ls$residencia/alencarce de cima
1986:                rel$sociabilidade/procurador/domingos joao/1724-b86-joao
1987: 
1988:       bap$b1724.87/19/11/1724/fol.75v-76/igreja de sao tiago/vigario manuel rodrigues
1989: 
1990: bap$b1724.87
1990:          n$luisa/f/id=b1724.87-per1
1991: 
1992:             pn$luis goncalves/id=b1724.87-per2
1993:                ls$naturalidade/vale da borra
1994:                ls$residencia/vale da borra
1995: 
1996:             mn$isabel da silva/id=b1724.87-per3
1997:                ls$naturalidade/vale da borra
1998: 
1999:             pad$jose de morais/id=b1724.87-per4
2000:                ls$residencia/soure
2001: 
2002:             mad$luisa/id=b1724.87-per5
2003:                ls$ec/solteira
2004:                ls$residencia/vale da borra
2005: 
2006:                pmad$joao simoes/id=b1724.87-per6
2007:                   ls$residencia/vale da borra
2008: 
2009:       bap$b1724.88/20/11/1724/fol.76/igreja de sao tiago/padre jose rodrigues de carvalho
2010: 
2011: bap$b1724.88
2011:          n$joao/m/id=b1724.88-per1
2012: 
2013:             pn$joao goncalves/id=b1724.88-per2
2014:                ls$naturalidade/casalinhos
2015:                ls$residencia/beltroes
2016: 
2017:             mn$joana rodrigues/id=b1724.88-per3
2018:                ls$naturalidade/beltroes
2019: 
2020:             pad$manuel goncalves calcado/id=1724-b88-manuel
2021:                ls$ec/solteiro
2022:                ls$residencia/casalinhos
2023: 
2024:             mad$isabel/id=b1724.88-per4
2025:                ls$ec/solteira
2026:                ls$residencia/casalinhos
2027:                rel$parentesco/irma/manuel goncalves calcado/1724-b88-manuel
2028: 
2029:       bap$b1724.89/21/11/1724/fol.76/igreja de sao tiago/padre manuel duarte
2030: 
2031: bap$b1724.89
2031:          n$catarina/f/id=b1724.89-per1
2032: 
2033:             pn$gregorio ferreira/id=b1724.89-per2
2034:                ls$naturalidade/bechos
2035:                ls$residencia/charneca
2036: 
2037:             mn$cristina rodrigues/id=b1724.89-per3
2038:                ls$naturalidade/charneca
2039: 
2040:             pad$joao rodrigues/id=b1724.89-per4
2041:                ls$residencia/assamassa
2042: 
2043:             mad$catarina/id=b1724.89-per5
2044:                ls$ec/solteira
2045:                ls$residencia/bechos
2046: 
2047:                pmad$antonio goncalves camas/id=b1724.89-per6
2048:                   ls$residencia/bechos
2049:                   ls$morto/antes
2050: 
2051:       bap$b1724.90/26/11/1724/fol.76v/igreja de sao tiago/padre paulo antunes
2052: 
2053: bap$b1724.90
2053:          n$maria/f/id=b1724.90-per1
2054: 
2055:             pn$sebastiao antunes/id=b1724.90-per2
2056:                ls$naturalidade/assamassa
2057:                ls$residencia/assamassa
2058: 
2059:             mn$francisca domingas/id=b1724.90-per3
2060:                ls$naturalidade/cavaleiros
2061: 
2062:             pad$paulo antunes/id=b1724.90-per4
2063:                ls$profissao/padre
2064:                ls$residencia/assamassa
2065: 
2066:             mad$isabel/id=b1724.90-per5
2067:                ls$ec/solteira
2068:                ls$residencia/cavaleiros
2069: 
2070:                pmad$jose domingues/id=b1724.90-per6
2071:                   ls$residencia/cavaleiros
2072: 
2073:       bap$b1724.91/30/11/1724/fol.76v/igreja de sao tiago/vigario manuel rodrigues
2074: 
2075: bap$b1724.91
2075:          n$francisco/m/id=b1724.91-per1
2076: 
2077:             pn$henrique barbosa canais/id=b1724.91-per2
2078:                ls$titulo/doutor
2079:                ls$naturalidade/soure
2080:                ls$residencia/soure
2081: 
2082:             mn$angela maria/id=b1724.91-per3
2083:                ls$titulo/dona
2084:                ls$naturalidade/soure
2085: 
2086:             pad$francisco nunes/id=1724-b91-francisco
2087:                ls$profissao/desembargador dos agravos
2088:                ls$residencia/lisboa
2089: 
2090:             mad$ana teresa de sousa mexia/id=1724-b91-ana
2091:                ls$titulo/dona
2092:                ls$residencia/lisboa
2093:                rel$parentesco/mulher/francisco nunes/1724-b91-francisco
2094: 
2095:             referido$jacinto da costa/id=b1724.91-per4
2096:                ls$titulo/doutor
2097:                ls$residencia/soure
2098:                rel$sociabilidade/procurador/francisco nunes/1724-b91-francisco
2099: 
2100:             referido$luis barbosa canais/id=b1724.91-per5
2101:                ls$residencia/soure
2102:                rel$sociabilidade/procurador/ana teresa de sousa mexia/1724-b91-ana
2103: 
2104:       bap$b1724.92/10/12/1724/fol,76v-77/igreja de sao tiago/padre jose rodrigues da paz
2105: 
2106: bap$b1724.92
2106:          n$iria/f/id=b1724.92-per1
2107: 
2108:             pn$manuel lopes/id=b1724.92-per2
2109:                ls$profissao/sapateiro
2110:                ls$naturalidade/soure
2111:                ls$residencia/soure
2112: 
2113:             mn$jeronima da costa/id=b1724.92-per3
2114:                ls$naturalidade/tentugal
2115: 
2116:             pad$luis barbosa canais/id=1724-b92-luis
2117:                ls$residencia/soure
2118: 
2119:             mad$iria/id=b1724.92-per4
2120:                ls$titulo/dona
2121:                ls$residencia/soure
2122:                rel$parentesco/mulher/luis barbosa canais/1724-b92-luis
2123: 
2124:       bap$b1724.93/13/12/1724/fol.77/igreja de sao tiago/vigario manuel rodrigues
2125: 
2126: bap$b1724.93
2126:          n$leonarda/f/id=b1724.93-per1
2127:             ls$ilegitima/sim
2128: 
2129:             mn$micaela ferreira/id=b1724.93-per2
2130:                ls$naturalidade/soure
2131:                ls$residencia/soure
2132: 
2133:                mmn$mariana teixeira/id=b1724.93-per3
2134:                   ls$residencia/soure
2135: 
2136:             pad$antonio/id=1724-b93-antonio
2137:                ls$ec/solteiro
2138:                ls$residencia/soure
2139: 
2140:             mad$leonarda teixeira/id=1724-b93-leonarda
2141: 
2142:                mrmad$jose da costa/id=b1724.93-per4
2143:                   ls$profissao/carpinteiro
2144:                   ls$residencia/soure
2145: 
2146:             referido$manuel rodrigues/id=b1724.93-per5
2147:                ls$profissao/padre
2148:                ls$cargo/vigario
2149:                ls$residencia/soure
2150:                rel$sociabilidade/procurador/leonarda teixeira/1724-b93-leonarda
2151: 
2152:             referido$manuel alves da silva/id=b1724.93-per6
2153:                ls$residencia/soure
2154:                rel$parentesco/pai/antonio/1724-b93-antonio
2155: 
2156:       bap$b1724.94/14/12/1724/fol.77-77v/igreja de sao tiago/vigario manuel rodrigues
2157: 
2158: bap$b1724.94
2158:          n$jose/m/id=1724-b94-jose
2159: 
2160:             pn$manuel lopes pereira/id=b1724.94-per1
2161:                ls$naturalidade/casa velha
2162:                ls$residencia/casa velha
2163: 
2164:             mn$maria francisca alves/id=b1724.94-per2
2165:                ls$naturalidade/casa velha
2166: 
2167:             pad$jose lopes pereira/id=b1724.94-per3
2168:                ls$profissao/padre
2169:                ls$residencia/casa velha
2170:                rel$sociabilidade/baptizou em necessidade/jose/1724-b94-jose
2171: 
2172:             mad$caetana/id=b1724.94-per4
2173:                ls$ec/solteira
2174:                ls$residencia/casa velha
2175: 
2176:                pmad$domingos lopes/id=b1724.94-per5
2177:                   ls$residencia/casa velha
2178: 
2179:       bap$b1724.95/14/12/1724/fol.77v/igreja de sao tiago/vigario manuel rodrigues
2180: 
2181: bap$b1724.95
2181:          n$maria/f/id=b1724.95-per1
2182: 
2183:             pn$joao lopes/id=b1724.95-per2
2184:                ls$naturalidade/barrosos
2185:                ls$residencia/barrosos
2186: 
2187:             mn$maria goncalves/id=b1724.95-per3
2188:                ls$naturalidade/barrosos
2189: 
2190:             pad$manuel goncalves branco/id=b1724.95-per4
2191:                ls$alcunha/o moco
2192:                ls$residencia/mogadouro
2193: 
2194:             mad$mariana/id=b1724.95-per5
2195:                ls$ec/solteira
2196:                ls$residencia/barrosos
2197: 
2198:                mmad$ana jorge/id=b1724.95-per6
2199:                   ls$ec/viuva
2200:                   ls$residencia/barrosos
2201: *** End of File
** Processed file- /Users/jrc/mhk-home/sources/soure/soure-sources/sources/soure_fase2/bap1724.cli
** Original file- /Users/jrc/mhk-home/sources/soure/soure-sources/sources/soure_fase2/bap1724.org
** Previous version- /Users/jrc/mhk-home/sources/soure/soure-sources/sources/soure_fase2/bap1724.old
** Temp file with ids- /Users/jrc/mhk-home/sources/soure/soure-sources/sources/soure_fase2/bap1724.ids
0  errors. 
0  warnings.
Translation finished.
