ClioInput - version @@VERSION@@ - build @@BUILD@@ @@DATE@@
13-6-2019 22-51

Processing data file bap1729.cli
-------------------------------------------
Generic Act translation module with geoentities (XML).
     Joaquim Ramos de Carvalho (joaquim@uc.pt) 
** New document: kleio
1: kleio$gacto2.str/translations=2
=========================
kleio translation started
=========================
Structure: gacto2.str
Prefix: 
Autorel: 
Translation count: 2
Obs: 
2:    fonte$baptizados 1729/1729/paroquiais/auc/obs=em mau estado
3: 
** Processing source fonte$baptizados 1729
4:       bap$b1729.01/2/1/1729/fol.150/igreja de sao tiago/vigario manuel rodrigues
5: 
6: bap$b1729.01
6:          n$valentim/m/id=1729-b1-valentim
7:             ls$ilegitimo/sim
8: 
9:             pn$antonio gomes/id=b1729.01-per1
10:                ls$residencia/casal cimeiro
11:                ls$freguesia/tapeus
12: 
13:             mn$maria/obs=disse que valentim era filho de seu esposo antonio gomes/id=b1729.01-per2
14:                ls$ec/solteira
15:                ls$naturalidade/porto coelheiro
16:                ls$residencia/porto coelheiro
17: 
18:                pmn$antonio rodrigues/id=b1729.01-per3
19:                   ls$residencia/porto coelheiro
20: 
21:             pad$manuel gomes/id=b1729.01-per4
22:                ls$ec/solteiro
23:                ls$residencia/santo ildefonso
24: 
25:             mad$domingas/id=b1729.01-per5
26:                ls$ec/solteira
27:                ls$residencia/tapeus
28: 
29:                pmad$manuel francisco/id=b1729.01-per6
30:                   ls$residencia/tapeus
31: 
32:             referido$bento martins/id=b1729.01-per7
33:                ls$residencia/porto coelheiro
34:                rel$sociabilidade/baptizou em necessidade/valentim/1729-b1-valentim
35: 
36:       bap$b1729.2/3/12/1729/fol.150/igreja de sao tiago/vigario manuel rodrigues
37: 
38: bap$b1729.2
38:          n$antonio/m/id=b1729.2-per1
39: 
40:             pn$manuel carvalho/id=b1729.2-per2
41:                ls$naturalidade/paleao
42:                ls$residencia/paleao
43: 
44:             mn$maria soares/id=b1729.2-per3
45:                ls$naturalidade/samuel
46: 
47:             pad$antonio pereira/id=b1729.2-per4
48:                ls$ec/solteiro
49:                ls$residencia/paleao
50: 
51:             mad$teresa/id=b1729.2-per5
52:                ls$ec/solteira
53:                ls$residencia/paleao
54: 
55:                mmad$helena simoes/id=b1729.2-per6
56:                   ls$ec/viuva
57:                   ls$residencia/paleao
58: 
59:       bap$b1729.3/9/1/1729/fol.150-150v/igreja de sao tiago/vigario manuel rodrigues
60: 
61: bap$b1729.3
61:          n$manuel/m/id=1729-b3-manuel
62: 
63:             pn$manuel antunes/id=b1729.3-per1
64:                ls$naturalidade/alencarce de cima
65:                ls$residencia/alencarce de cima
66: 
67:             mn$maria cardosa/id=b1729.3-per2
68:                ls$naturalidade/alencarce debaixo
69: 
70:             pad$joao de sequeira coelho/id=b1729.3-per3
71:                ls$cargo/juiz dos orfaos
72:                ls$residencia/soure
73: 
74:             mad$luisa/id=b1729.3-per4
75:                ls$ec/solteira
76:                ls$residencia/cascao
77: 
78:                mmad$ana rodrigues/id=b1729.3-per5
79:                   ls$residencia/cascao
80: 
81:             referido$domingos joao/id=b1729.3-per6
82:                ls$profissao/padre
83:                ls$residencia/alencarce de cima
84:                rel$sociabilidade/baptizou em necessidade/manuel/1729-b3-manuel
85: 
86:       bap$b1729.4/16/1/1729/fol.150v/igreja de sao tiago/vigario manuel rodrigues
87: 
88: bap$b1729.4
88:          n$manuel/m/id=b1729.4-per1
89: 
90:             pn$joao rodrigues/id=b1729.4-per2
91:                ls$naturalidade/rolhao
92:                ls$residencia/rolhao
93: 
94:             mn$caetana ferreira/id=b1729.4-per3
95:                ls$naturalidade/paleao
96: 
97:             pad$manuel gomes/id=b1729.4-per4
98:                ls$profissao/padre
99:                ls$residencia/porto panelas
100: 
101:             mad$maria/id=b1729.4-per5
102:                ls$ec/solteira
103:                ls$residencia/paleao
104: 
105:                pmad$jose rodrigues gante/id=b1729.4-per6
106:                   ls$residencia/paleao
107: 
108:       bap$b1729.5/23/1/1729/fol.150v/igreja de sao tiago/vigario manuel rodrigues
109: 
110: bap$b1729.5
110:          n$marisa/f/id=b1729.5-per1
111: 
112:             pn$jose rodrigues/id=b1729.5-per2
113:                ls$naturalidade/almagreira
114:                ls$residencia/cavaleiros
115: 
116:             mn$josefa simoes/id=b1729.5-per3
117:                ls$naturalidade/cavaleiros
118: 
119:             pad$antonio ferreira/id=b1729.5-per4
120:                ls$ec/solteiro
121:                ls$residencia/espirito santo
122: 
123:             mad$teresa francisca/id=b1729.5-per5
124:                ls$ec/viuva
125:                ls$residencia/cavaleiros
126: 
127:       bap$b1729.6/26/1/1729/fol.151/igreja de sao tiago/padre joao gaspar
128: 
129: bap$b1729.6
129:          n$jose/m/id=b1729.6-per1
130: 
131:             pn$jose goncalves/id=b1729.6-per2
132:                ls$naturalidade/melrical
133:                ls$residencia/melrical
134: 
135:             mn$maria domingues/id=b1729.6-per3
136:                ls$naturalidade/cavaleiros
137: 
138:             pad$domingos goncalves/id=b1729.6-per4
139:                ls$residencia/melrical
140: 
141:             mad$isabel/id=b1729.6-per5
142:                ls$ec/solteira
143:                ls$residencia/cavaleiros
144: 
145:                pmad$jose domingues/id=b1729.6-per6
146:                   ls$residencia/cavaleiros
147: 
148:       bap$b1729.7/31/1/1729/fol.151/igreja de sao tiago/padre manuel rodrigues alvaro
149: 
150: bap$b1729.7
150:          n$manuel/m/id=b1729.7-per1
151: 
152:             pn$duarte afonso/id=b1729.7-per2
153:                ls$naturalidade/porto panelas
154:                ls$residencia/paleao
155: 
156:             mn$rosa gomes/id=b1729.7-per3
157:                ls$naturalidade/paleao
158: 
159:             pad$manuel/id=1729-b7-manuel
160:                ls$ec/solteiro
161:                ls$residencia/paleao
162: 
163:             mad$teresa/id=b1729.7-per4
164:                ls$ec/solteira
165:                ls$residencia/porto panelas
166: 
167:                mmad$maria rodrigues/id=b1729.7-per5
168:                   ls$ec/viuva
169:                   ls$residencia/porto panelas
170: 
171:       bap$b1729.8/2/2/1729/fol.151-151v/igreja de sao tiago/vigario manuel rodrigues
172: 
173: bap$b1729.8
173:          n$catarina/f/id=b1729.8-per1
174: 
175:             pn$joao dinis/id=b1729.8-per2
176:                ls$naturalidade/oureca
177:                ls$residencia/oureca
178: 
179:             mn$maria rodrigues/id=b1729.8-per3
180:                ls$naturalidade/alencarce de baixo
181: 
182:             pad$manuel/id=1729-b8-manuel
183:                ls$ec/solteiro
184:                ls$residencia/alencarce de baixo
185: 
186:             mad$francisca/id=b1729.8-per4
187:                ls$ec/solteira
188:                ls$residencia/alencarce de baixo
189:                rel$parentesco/irma/manuel/1729-b8-manuel
190: 
191:                pmad$joao goncalves camas/id=b1729.8-per5
192:                   ls$residencia/alencarce de baixo
193:                   rel$parentesco/pai/manuel/1729-b8-manuel
194: 
195:       bap$b1729.9/6/2/1729/fol.151v/igreja de sao tiago/vigario manuel rodrigues
196: 
197: bap$b1729.9
197:          n$maria/f/id=1729-b9-maria
198: 
199:             pn$joao coelho/id=b1729.9-per1
200:                ls$naturalidade/corujeira
201:                ls$residencia/casal novo
202: 
203:             mn$mariana da graca/id=b1729.9-per2
204:                ls$naturalidade/casal novo
205: 
206:             pad$domingos goncalves perdigao/id=b1729.9-per3
207:                ls$residencia/lousoes
208: 
209:             mad$maria simoes/id=b1729.9-per4
210: 
211:                mrmad$francisco bernardes/id=b1729.9-per5
212:                   ls$residencia/casal novo
213: 
214:             referida$maria gomes/id=b1729.9-per6
215:                ls$profissao/parteira
216:                ls$residencia/soure
217:                rel$sociabilidade/baptizou em necessidade/maria/1729-b9-maria
218: 
219:       bap$b1729.10/12/2/1729/fol.151v/igreja de sao tiago/padre manuel madeira
220: 
221: bap$b1729.10
221:          n$maria/f/id=b1729.10-per1
222:             ls$ilegitima/sim
223: 
224:             mn$catarina/id=b1729.10-per2
225:                ls$ec/solteira
226:                ls$naturalidade/pinheiro
227:                ls$residencia/pinheiro
228: 
229:                pmn$manuel vaz/id=b1729.10-per3
230:                   ls$residencia/pinheiro
231: 
232:             pad$sebastiao dinis/id=b1729.10-per4
233:                ls$residencia/areias
234: 
235:             mad$maria/id=b1729.10-per5
236:                ls$ec/solteira
237:                ls$residencia/pinheiro
238: 
239:                pmad$jose dinis/id=b1729.10-per6
240:                   ls$residencia/pinheiro
241: 
242:       bap$b1729.11/13/2/1729/fol.151v-152/igreja de sao tiago/vigario manuel rodrigues
243: 
244: bap$b1729.11
244:          n$luisa/f/id=b1729.11-per1
245: 
246:             pn$manuel jorge/id=b1729.11-per2
247:                ls$naturalidade/marzagao
248:                ls$residencia/marzagao
249: 
250:             mn$maria francisca/id=b1729.11-per3
251:                ls$naturalidade/almagrira
252: 
253:             pad$jose francisco/id=b1729.11-per4
254:                ls$residencia/sobral
255: 
256:             mad$maria/id=b1729.11-per5
257:                ls$ec/solteira
258:                ls$residencia/vinha da rainha
259: 
260:                pmad$antonio jorge/id=b1729.11-per6
261:                   ls$residencia/vinha da rainha
262: 
263:       bap$b1729.12/18/2/1729/fol.152/igreja de sao tiago/vigario manuel rodrigues
264: 
265: bap$b1729.12
265:          n$jose/m/id=1729-b12-jose
266: 
267:             pn$jose gomes perseguido/id=b1729.12-per1
268:                ls$naturalidade/casa velha
269:                ls$residencia/casa velha
270: 
271:             mn$mariana da conceicao/id=b1729.12-per2
272:                ls$naturalidade/lousoes
273: 
274:             pad$jose simoes/id=b1729.12-per3
275:                ls$residencia/casa velha
276:                rel$sociabilidade/baptizou em necessidade/jose/1729-b12-jose
277: 
278:             mad$maria cardosa/id=b1729.12-per4
279: 
280:                mrmad$jose goncalves/id=b1729.12-per5
281:                   ls$residencia/lousoes
282: 
283:       bap$b1729.13/24/2/1729/fol.152/igreja de sao tiago/vigario manuel rodrigues
284: 
285: bap$b1729.13
285:          n$luisa/f/id=1729-b13-luisa
286: 
287:             pn$antonio dias/id=b1729.13-per1
288:                ls$naturalidade/soure
289:                ls$residencia/soure
290: 
291:             mn$maria francisca/id=b1729.13-per2
292:                ls$naturalidade/vila nova de ancos
293: 
294:             pad$luis de seabra jacques/id=b1729.13-per3
295:                ls$residencia/soure
296: 
297:             mad$maria/id=b1729.13-per4
298:                ls$ec/solteira
299:                ls$residencia/soure
300: 
301:                pmad$manuel dias/id=b1729.13-per5
302:                   ls$residencia/soure
303: 
304:             referida$maria gomes/id=b1729.13-per6
305:                ls$profissao/parteira
306:                ls$residencia/soure
307:                rel$sociabilidade/baptizou em necessidade/luisa/1729-b13-luisa
308: 
309:       bap$b1729.14/27/2/1729/fol.152v/igreja de sao tiago/vigario manuel rodrigues
310: 
311: bap$b1729.14
311:          n$joao/m/id=b1729.14-per1
312: 
313:             pn$joao mendes/id=b1729.14-per2
314:                ls$naturalidade/paleao
315:                ls$residencia/casconho
316: 
317:             mn$teresa rodrigues/id=b1729.14-per3
318:                ls$naturalidade/casconho
319: 
320:             pad$manuel joao/id=b1729.14-per4
321:                ls$residencia/casconho
322: 
323:             mad$isabel/id=b1729.14-per5
324:                ls$ec/solteira
325:                ls$residencia/paleao
326: 
327:                pmad$antonio mendes/id=b1729.14-per6
328:                   ls$residencia/paleao
329: 
330:       bap$b1729.15/28/2/1729/fol.152v/igreja de sao tiago/vigario manuel rodrigues
331: 
332: bap$b1729.15
332:          n$jose/m/id=1729-b15-jose
333: 
334:             pn$francisco de oliveira/id=b1729.15-per1
335:                ls$naturalidade/cabeca carvalha
336:                ls$freguesia/vinha da rainha
337:                ls$residencia/pedrafonso
338: 
339:             mn$domingas francisca/id=b1729.15-per2
340:                ls$naturalidade/pedrafonso
341: 
342:             pad$manuel joao/id=b1729.15-per3
343:                ls$residencia/casalinhos
344: 
345:             mad$maria simoes/id=b1729.15-per4
346:                ls$residencia/pedrafonso
347:                rel$sociabilidade/baptizou em necessidade/jose/1729-b15-jose
348: 
349:       bap$b1729.16/9/3/1729/fol.152v-153/igreja de sao tiago/padre manuel madeira
350: 
351: bap$b1729.16
351:          n$maria/f/id=b1729.16-per1
352: 
353:             pn$joao de oliveira/id=b1729.16-per2
354:                ls$naturalidade/casal da boavista
355:                ls$freguesia/redinha
356:                ls$residencia/casais da misericordia
357: 
358:             mn$isabel domingues/id=b1729.16-per3
359:                ls$naturalidade/casais da misericordia
360: 
361:             pad$manuel mendes/id=b1729.16-per4
362:                ls$residencia/carvalhal
363:                ls$freguesia/tapeus
364: 
365:             mad$maria domingues/id=b1729.16-per5
366: 
367:                mrmad$jose francisco/id=b1729.16-per6
368:                   ls$residencia/mogadouro
369: 
370:       bap$b1729.17/10/3/1729/fol.153/igreja de sao tiago/vigario jose pinto de pombal
371: 
372: bap$b1729.17
372:          n$manuel/m/id=b1729.17-per1
373: 
374:             pn$placido soares/id=b1729.17-per2
375:                ls$naturalidade/soure
376:                ls$residencia/soure
377: 
378:             mn$ana maria de azevedo/id=b1729.17-per3
379:                ls$naturalidade/soure
380: 
381:             pad$luis manhos de abreu/id=b1729.17-per4
382:                ls$profissao/padre
383:                ls$cargo/prior de ceira
384:                ls$residencia/ceira
385: 
386:             mad$caetana luisa/id=1729-b17-caetana
387:                ls$profissao/religiosa
388: 
389:             referido$francisco antonio/id=1729-b17-francisco
390:                ls$residencia/soure
391:                rel$parentesco/irmao/caetana luisa/1729-b17-caetana
392:                rel$sociabilidade/procurador/caetana luisa/1729-b17-caetana
393: 
394:             pmad$manuel soares/id=b1729.17-per5
395:                ls$residencia/soure
396:                rel$parentesco/pai/francisco antonio/1729-b17-francisco
397: 
398:       bap$b1729.18/11/3/1729/fol.153-153v/igreja de sao tiago/padre manuel madeira
399: 
400: bap$b1729.18
400:          n$manuel/m/id=1729-b18-manuel
401: 
402:             pn$jose jorge soeiro/id=b1729.18-per1
403:                ls$naturalidade/casa velha
404:                ls$residencia/casavelha/obs=no seu casal junto a casa velha
405: 
406:             mn$maria rodrigues/id=b1729.18-per2
407:                ls$naturalidade/casal da venda
408: 
409:             pad$domingos da costa/id=b1729.18-per3
410:                ls$residencia/casa velha
411:                rel$sociabilidade/baptizou em necessidade/manuel/1729-b18-manuel
412: 
413:             mad$maria/id=b1729.18-per4
414:                ls$ec/solteira
415:                ls$residencia/casa velha
416: 
417:                pmad$jose rodrigues/id=b1729.18-per5
418:                   ls$residencia/casa velha
419: 
420:       bap$b1729.19/12/3/1729/fol.153v/igreja de sao tiago/padre manuel madeira
421: 
422: bap$b1729.19
422:          n$maria/f/id=b1729.19-n
423: 
424:             pn$manuel goncalves/id=b1729.19-pn
425:                ls$naturalidade/alencarce de baixo
426:                ls$residencia/alencarce de baixo
427: 
428:             mn$isabel rodrigues/id=b1729.19-mn
429:                ls$naturalidade/oureca
430: 
431:             pad$manuel/id=1729-b19-manuel
432:                ls$ec/solteiro
433:                ls$residencia/oureca
434: 
435:             mad$maria/id=b1729.19-per1
436:                ls$ec/solteira
437:                ls$residencia/oureca
438:                rel$parentesco/irma/manuel/1729-b19-manuel
439: 
440:                pmad$francisco dinis/id=b1729.19-per2
441:                   ls$residencia/oureca
442:                   rel$parentesco/pai/manuel/1729-b19-manuel
443: 
444:       bap$b1729.20/12/3/1729/fol.153v/igreja de sao tiago/padre manuel madeira
445: 
446: bap$b1729.20
446:          n$isabel/f/id=b1729.20-per1
447:             rel$parentesco/irma gemea/maria/b1729.19-n
448: 
449:             pn$manuel goncalves/mesmo_que=b1729.19-pn/id=b1729.20-per2
450:                ls$naturalidade/alencarce de baixo
451:                ls$residencia/alencarce de baixo
452: 
453:             mn$isabel rodrigues/mesmo_que=b1729.19-mn/id=b1729.20-per3
454:                ls$naturalidade/oureca
455: 
456:             pad$manuel/id=1729-b20-manuel
457:                ls$ec/solteiro
458:                ls$residencia/oureca
459: 
460:             mad$isabel/id=b1729.20-per4
461:                ls$residencia/cavaleiros
462: 
463:                pmad$jose domingues/id=b1729.20-per5
464:                   ls$residencia/cavaleiros
465: 
466:             referido$manuel simoes/id=b1729.20-per6
467:                ls$residencia/oureca
468:                rel$parentesco/pai/manuel/1729-b20-manuel
469: 
470:       bap$b1729.21/13/3/1729/fol.153v-154/igreja de sao tiago/manuel manuel madeira
471: 
472: bap$b1729.21
472:          n$maria/f/id=b1729.21-per1
473: 
474:             pn$jose da costa/id=b1729.21-per2
475:                ls$naturalidade/laranjeira
476:                ls$freguesia/tapeus
477:                ls$residencia/porto coelheiro
478: 
479:             mn$isabel da silva/id=b1729.21-per3
480:                ls$naturalidade/porto coelheiro
481: 
482:             pad$rafael cardoso/id=b1729.21-per4
483:                ls$residencia/pombalinho
484: 
485:             mad$antonia/id=b1729.21-per5
486:                ls$ec/solteira
487:                ls$residencia/porto coelheiro
488: 
489:                pmad$manuel rodrigues falcao/id=b1729.21-per6
490:                   ls$residencia/porto coelheiro
491: 
492:       bap$b1729.22/15/3/1729/fol.154/igreja de sao tiago/padre manuel madeira
493: 
494: bap$b1729.22
494:          n$maria/f/id=b1729.22-per1
495: 
496:             pn$domingos rodrigues tribelo/id=b1729.22-per2
497:                ls$naturalidade/simoes
498:                ls$residencia/simoes
499: 
500:             mn$maria joao/id=b1729.22-per3
501:                ls$naturalidade/simoes
502: 
503:             pad$joao rodrigues galego/id=b1729.22-per4
504:                ls$residencia/simoes
505: 
506:             mad$maria simoes/id=b1729.22-per5
507: 
508:                mrmad$antonio rodrigues/id=b1729.22-per6
509:                   ls$residencia/simoes
510: 
511:       bap$b1729.23/3/4/1729/fol.154/igreja de sao tiago/padre manuel madeira
512: 
513: bap$b1729.23
513:          n$luisa/f/id=b1729.23-per1
514: 
515:             pn$jacinto ferreira/id=b1729.23-per2
516:                ls$naturalidade/camarrinha
517:                ls$freguesia/samuel
518:                ls$residencia/soure
519: 
520:             mn$maria da costa/id=b1729.23-per3
521:                ls$naturalidade/soure
522: 
523:             pad$joao pinheiro/id=b1729.23-per4
524:                ls$residencia/soure
525: 
526:             mad$luisa/id=1729-b23-luisa
527:                ls$ec/solteira
528:                ls$residencia/soure
529: 
530:                pmad$manuel carvalho vieira/id=1729-b23-manuel
531:                   ls$residencia/soure
532: 
533:             referido$jacinto vieira de carvalho/id=b1729.23-per5
534:                ls$residencia/soure
535:                rel$parentesco/irmao/luisa/1729-b23-luisa
536:                rel$parentesco/filho/manuel carvalho vieira/1729-b23-manuel
537: 
538:       bap$b1729.24/10/4/1729/fol.154v/igreja de sao tiago/padre manuel madeira
539: 
540: bap$b1729.24
540:          n$maria/f/id=b1729.24-per1
541: 
542:             pn$joao afonso/id=b1729.24-per2
543:                ls$naturalidade/paleao
544:                ls$residencia/paleao
545: 
546:             mn$teresa joao/id=b1729.24-per3
547:                ls$naturalidade/moinhos da figueirinha
548:                ls$freguesia/redinha
549: 
550:             pad$manuel soares/id=1729-b24-manuel
551:                ls$residencia/paleao
552: 
553:             mad$maria soares/id=b1729.24-per4
554:                ls$ec/solteira
555:                ls$residencia/paleao
556:                rel$parentesco/irma/manuel soares/1729-b24-manuel
557: 
558:       bap$b1729.25/10/4/1729/fol.154v/igreja de sao tiago/padre manuel madeira
559: 
560: bap$b1729.25
560:          n$jose/m/id=1729-b25-jose
561: 
562:             pn$manuel francisco/id=1729-b25-manuel
563:                ls$naturalidade/olho marinho
564:                ls$residencia/soure
565: 
566:             mn$apolonia rodrigues/id=b1729.25-per1
567:                ls$naturalidade/cabeca carvalha
568:                ls$freguesia/vinha da rainha
569: 
570:             pad$manuel rodrigues duqueso/id=b1729.25-per2
571:                ls$residencia/soure
572: 
573:             mad$isabel/id=b1729.25-per3
574:                ls$ec/solteira
575:                ls$residencia/soure
576:                rel$parentesco/irma/manuel francisco/1729-b25-manuel
577: 
578:             referida$maria gomes/id=b1729.25-per4
579:                ls$profissao/parteira
580:                ls$residencia/soure
581:                rel$sociabilidade/baptizou em necessidade/jose/1729-b25-jose
582: 
583:       bap$b1729.26/17/4/1729/fol.154v-155/igreja de sao tiago/vigario manuel rodrigues
584: 
585: bap$b1729.26
585:          n$bernarda/f/id=b1729.26-per1
586: 
587:             pn$francisco da silva/id=b1729.26-per2
588:                ls$naturalidade/pingarelhos
589:                ls$freguesia/almagreira
590:                ls$residencia/casais da misericordia
591: 
592:             mn$ana dias/id=b1729.26-per3
593:                ls$naturalidade/casais da misericordia
594: 
595:             pad$bernardo de santo antonio/id=b1729.26-per4
596:                ls$profissao/religioso
597:                ls$naturalidade/soure
598: 
599:             mad$maria rodrigues/id=b1729.26-per5
600: 
601:                mrmad$manuel gomes/id=b1729.26-per6
602:                   ls$residencia/casal do justo
603: 
604:       bap$b1729.27/19/4/1729/fol.155/igreja de sao tiago/padre manuel madeira
605: 
606: bap$b1729.27
606:          n$manuel/m/id=b1729.27-per1
607: 
608:             pn$manuel domingues/id=b1729.27-per2
609:                ls$naturalidade/mogadouro
610:                ls$residencia/mogadouro
611: 
612:             mn$maria da costa/id=b1729.27-per3
613:                ls$naturalidade/casconho
614: 
615:             pad$manuel goncalves branco/id=b1729.27-per4
616:                ls$alcunha/o moco
617:                ls$residencia/mogadouro
618: 
619:             mad$maria goncalves/id=b1729.27-per5
620: 
621:                mrmad$mateus carvalho/id=b1729.27-per6
622:                   ls$residencia/mogadouro
623: 
624:       bap$b1729.28/21/4/1729/fol.155-155v/igreja de sao tiago/padre manuel madeira
625: 
626: bap$b1729.28
626:          n$maria/f/id=1729-b28-maria
627:             ls$ilegitima/sim
628: 
629:             mn$maria/id=b1729.28-per1
630:                ls$ec/solteira
631:                ls$naturalidade/charneca
632:                ls$residencia/charneca
633: 
634:                pmn$diogo luis/id=b1729.28-per2
635:                   ls$naturalidade/charneca
636:                   ls$residencia/charneca
637: 
638:                mmn$eugenia francisca/id=b1729.28-per3
639:                   ls$naturalidade/charneca
640: 
641:             pad$manuel/id=1729-b28-manuel
642:                ls$ec/solteiro
643:                ls$residencia/charneca
644: 
645:             mad$maria/id=b1729.28-per4
646:                ls$ec/solteira
647:                ls$residencia/charneca
648:                rel$parentesco/irma/manuel/1729-b28-manuel
649: 
650:                pmad$gregorio ferreira/id=b1729.28-per5
651:                   ls$residencia/charneca
652:                   rel$parentesco/pai/manuel/1729-b28-manuel
653:                   rel$sociabilidade/procurador/manuel/1729-b28-manuel
654: 
655:             referida$catarina madeira/id=b1729.28-per6
656:                ls$ec/viuva
657:                ls$residencia/portela
658:                rel$sociabilidade/baptizou em necessidade/maria/1729-b28-maria
659: 
660:       bap$b1729.29/25/4/1729/fol.155v/igreja de sao tiago/vigario manuel rodrigues
661: 
662: bap$b1729.29
662:          n$antonio/m/id=b1729.29-per1
663: 
664:             pn$joao rodrigues/id=b1729.29-per2
665:                ls$naturalidade/sobral
666:                ls$residencia/sobral
667: 
668:             mn$maria cardosa/id=b1729.29-per3
669:                ls$naturalidade/casal dos montais
670: 
671:             pad$antonio dos santos/id=b1729.29-per4
672:                ls$residencia/sobral
673: 
674:             mad$catarina cardosa/id=b1729.29-per5
675:                ls$ec/solteira
676:                ls$residencia/casal dos montais
677: 
678:       bap$b1729.30/28/4/1729/fol.155v/igreja de sao tiago/vigario manuel rodrigues
679: 
680: bap$b1729.30
680:          n$manuel/m/id=b1729.30-per1
681: 
682:             pn$manuel domingues/id=b1729.30-per2
683:                ls$naturalidade/zambujal
684:                ls$residencia/casal do malvado
685: 
686:             mn$maria ?/id=b1729.30-per3
687:                ls$naturalidade/casal do malvado
688: 
689:             pad$manuel/id=1729-b30-manuel
690:                ls$ec/solteiro
691:                ls$residencia/casal do malvado
692: 
693:             mad$maria/id=b1729.30-per4
694:                ls$ec/solteira
695:                ls$residencia/casal do malvado
696:                rel$parentesco/irma/manuel/1729-b30-manuel
697: 
698:                pmad$afonso rodrigues/id=b1729.30-per5
699:                   ls$residencia/casal do malvado
700:                   rel$parentesco/pai/manuel/1729-b30-manuel
701: 
702:       bap$b1729.31/1/5/1729/fol.155v-156/igreja de sao tiago/padre manuel madeira
703: 
704: bap$b1729.31
704:          n$antonia/f/id=b1729.31-per1
705: 
706:             pn$antonio rodrigues ruivo/id=b1729.31-per2
707:                ls$naturalidade/alencarce de cima
708:                ls$residencia/alencarce de cima
709: 
710:             mn$francisca joao/id=b1729.31-per3
711:                ls$naturalidade/oureca
712: 
713:             pad$manuel rodrigues carvalho/id=b1729.31-per4
714:                ls$ec/viuvo
715:                ls$residencia/alencarce de cima
716: 
717:             mad$maria/id=b1729.31-per5
718:                ls$ec/solteira
719:                ls$residencia/alencarce de cima
720: 
721:                pmad$manuel rodrigues ruivo/id=b1729.31-per6
722:                   ls$residencia/alencarce de cima
723: 
724:       bap$b1729.32/3/5/1729/fol.156/igreja de sao tiago/padre manuel madeira
725: 
726: bap$b1729.32
726:          n$teresa/f/id=b1729.32-per1
727: 
728:             pn$antonio rodrigues/id=b1729.32-per2
729:                ls$profissao/barbeiro
730:                ls$naturalidade/vale da borra
731:                ls$residencia/soure
732: 
733:             mn$mariana de lemos/id=b1729.32-per3
734:                ls$naturalidade/soure
735: 
736:             pad$jose rodrigues/id=b1729.32-per4
737:                ls$residencia/fonte da bica
738: 
739:             mad$maria rodrigues/id=b1729.32-per5
740:                ls$ec/viuva
741:                ls$residencia/vale de nabal
742:                ls$freguesia/almagreira
743: 
744:       bap$b1729.33/8/5/1729/fol.156/igreja de sao tiago/padre manuel madeira
745: 
746: bap$b1729.33
746:          n$tomas/m/id=b1729.33-per1
747: 
748:             pn$lucas da silva/id=b1729.33-per2
749:                ls$naturalidade/leonel
750:                ls$residencia/leonel
751: 
752:             mn$rosa monteira/id=b1729.33-per3
753:                ls$naturalidade/soure
754: 
755:             pad$tomas de quadros/id=b1729.33-per4
756:                ls$profissao/religioso
757:                ls$residencia/soure
758: 
759:             mad$alexandra/id=1729-b33-alexandra
760:                ls$titulo/dona
761:                ls$residencia/soure
762: 
763:                mrmad$jacinto da costa/id=b1729.33-per5
764:                   ls$titulo/doutor
765:                   ls$residencia/soure
766: 
767:             referido$luis ribeiro/id=b1729.33-per6
768:                ls$profissao/padre
769:                ls$residencia/soure
770:                rel$sociabilidade/procurador/alexandra/1729-b33-alexandra
771: 
772:       bap$b1729.34/9/5/1729/fol.156v/igreja de sao tiago/padre manuel madeira
773: 
774: bap$b1729.34
774:          n$antonia/f/id=b1729.34-per1
775: 
776:             pn$matias da costa/id=b1729.34-per2
777:                ls$naturalidade/carvalheira de cima
778:                ls$residencia/carvalheira de cima
779: 
780:             mn$maria ?/id=b1729.34-per3
781:                ls$naturalidade/carvalhal
782: 
783:             pad$joao dos santos/id=b1729.34-per4
784:                ls$profissao/padre
785:                ls$cargo/vigario
786:                ls$residencia/tapeus
787: 
788:             mad$antonia/id=b1729.34-per5
789:                ls$ec/solteira
790:                ls$residencia/portela
791: 
792:                pmad$manuel rodrigues galeao/id=b1729.34-per6
793:                   ls$residencia/portela
794: 
795:       bap$b1729.35/11/5/1729/fol.156v/igreja de sao tiago/padre manuel madeira
796: 
797: bap$b1729.35
797:          n$isabel/f/id=b1729.35-per1
798: 
799:             pn$jose rodrigues/id=b1729.35-per2
800:                ls$naturalidade/bonitos
801:                ls$residencia/casais da misericordia
802: 
803:             mn$maria carvalha/id=b1729.35-per3
804:                ls$naturalidade/casais da misericordia
805: 
806:             pad$manuel lourenco/id=b1729.35-per4
807:                ls$residencia/bonitos
808: 
809:             mad$isabel dos santos/id=b1729.35-per5
810: 
811:                mrmad$bernardo coelho/id=b1729.35-per6
812:                   ls$residencia/agudos
813:                   ls$freguesia/redinha
814: 
815:       bap$b1729.36/15/5/1729/fol.156v-157/igreja de sao tiago/padre manuel madeira
816: 
817: bap$b1729.36
817:          n$jeronimo/m/id=b1729.36-per1
818: 
819:             pn$diogo rodrigues de andrade/id=b1729.36-per2
820:                ls$naturalidade/casal das brancas
821:                ls$residencia/soure
822: 
823:             mn$francisca rodrigues/id=b1729.36-per3
824:                ls$naturalidade/soure
825: 
826:             pad$jeronimo mendes/id=b1729.36-per4
827:                ls$profissao/barbeiro
828:                ls$residencia/soure
829: 
830:             mad$francisca ferreira/id=1729-b36-francisca
831:                ls$ec/solteira
832:                ls$residencia/soure
833: 
834:             referido$sebastiao ferreira/id=b1729.36-per5
835:                ls$profissao/padre
836:                ls$residencia/soure
837:                rel$sociabilidade/procurador/francisca ferreira/1729-b36-francisca
838: 
839:       bap$b1729.37/16/5/1729/fol.157/igreja de sao tiago/padre manuel madeira
840: 
841: bap$b1729.37
841:          n$joao/m/id=b1729.37-per1
842: 
843:             pn$jose rodrigues feijao/id=b1729.37-per2
844:                ls$naturalidade/cavaleiros
845:                ls$residencia/cavaleiros
846: 
847:             mn$antonia simoes/id=b1729.37-per3
848:                ls$naturalidade/cavaleiros
849: 
850:             pad$joao madeira/id=1729-b37-joao
851:                ls$residencia/carvalheira de baixo
852: 
853:             mad$antonia/id=b1729.37-per4
854:                ls$ec/solteira
855:                ls$residencia/carvalheira de baixo
856:                rel$parentesco/filha/joao madeira/1729-b37-joao
857: 
858:       bap$b1729.38/22/5/1729/fol.157/igreja de sao tiago/padre manuel madeira
859: 
860: bap$b1729.38
860:          n$manuel/m/id=b1729.38-per1
861: 
862:             pn$manuel nunes/id=b1729.38-per2
863:                ls$naturalidade/casa velha
864:                ls$residencia/casa velha
865: 
866:             mn$isabel pereira/id=b1729.38-per3
867:                ls$naturalidade/casa velha
868: 
869:             pad$manuel goncalves/id=b1729.38-per4
870:                ls$residencia/leonel
871: 
872:             mad$maria pereira/id=b1729.38-per5
873:                ls$ec/solteira
874:                ls$residencia/casa velha
875: 
876:       bap$b1729.39/22/5/1729/fol.157v/igreja de sao tiago/padre manuel madeira
877: 
878: bap$b1729.39
878:          n$isabel/f/id=1729-b39-isabel
879:             ls$enjeitada/sim/obs=exposta no espirito santo
880: 
881:             pn$nome desconhecido/id=b1729.39-per1
882: 
883:             mn$nome desconhecido/id=b1729.39-per2
884: 
885:             pad$joao de barros/id=b1729.39-per3
886:                ls$cargo/alcaide
887:                ls$residencia/soure
888: 
889:             mad$maria francisca/id=b1729.39-per4
890: 
891:                mrmad$manuel lopes pereira/id=b1729.39-per5
892:                   ls$residencia/casa velha
893: 
894:             referida$escolastica de jesus/id=1729-b39-escolastica
895:                ls$residencia/barrosos
896:                rel$sociabilidade/ama/isabel/1729-b39-isabel
897: 
898:             referido$manuel martins/id=b1729.39-per6
899:                ls$residencia/barrosos
900:                rel$parentesco/marido/escolastica de jesus/1729-b39-escolastica
901: 
902:       bap$b1729.40/29/5/1729/fol.157v/igreja de sao tiago/padre manuel madeira
903: 
904: bap$b1729.40
904:          n$josefa/f/id=b1729.40-per1
905: 
906:             pn$joao nunes/id=b1729.40-per2
907:                ls$naturalidade/carnicais/obs=bispado de viseu
908:                ls$residencia/mogadouro
909: 
910:             mn$maria domingues/id=b1729.40-per3
911:                ls$naturalidade/mogadouro
912: 
913:             pad$manuel goncalves/id=b1729.40-per4
914:                ls$residencia/quinta da cruz
915: 
916:             mad$maria goncalves/id=b1729.40-per5
917: 
918:                mrmad$joao carvalho/id=b1729.40-per6
919:                   ls$residencia/casal dos guerras
920: 
921:       bap$b1729.41/4/6/1729/fol.157v-158/igreja de sao tiago/padre manuel rodrigues alvaro
922: 
923: bap$b1729.41
923:          n$antonio/m/id=b1729.41-per1
924: 
925:             pn$manuel pedrosa/id=b1729.41-per2
926:                ls$naturalidade/casal novo
927:                ls$residencia/casa velha
928: 
929:             mn$maria luis/id=b1729.41-per3
930:                ls$naturalidade/casa velha
931: 
932:             pad$manuel lopes/id=1729-b41-manuel
933:                ls$profissao/alfaiate
934:                ls$residencia/casa velha
935: 
936:             mad$maria lopes/id=b1729.41-per4
937:                ls$ec/viuva
938:                ls$residencia/casa velha
939:                rel$parentesco/filha/manuel lopes/1729-b41-manuel
940: 
941:       bap$b1729.42/5/6/1729/fol.158/igreja de sao tiago/vigario manuel rodrigues
942: 
943: bap$b1729.42
943:          n$vicencia/f/id=b1729.42-per1
944: 
945:             pn$luis da costa/id=b1729.42-per2
946:                ls$naturalidade/casal novo
947:                ls$residencia/casal novo
948: 
949:             mn$jacinta maria/id=b1729.42-per3
950:                ls$naturalidade/casa velha
951: 
952:             pad$manuel da costa/id=b1729.42-per4
953:                ls$profissao/padre
954:                ls$residencia/casa velha
955: 
956:             mad$isabel/id=b1729.42-per5
957:                ls$ec/solteira
958:                ls$residencia/casal novo
959: 
960:                mmad$antonia cardosa/id=b1729.42-per6
961:                   ls$ec/viuva
962:                   ls$residencia/casal novo
963: 
964:       bap$b1729.43/6/6/1729/fol158/igreja de sao tiago/padre manuel madeira
965: 
966: bap$b1729.43
966:          n$manuel/m/id=b1729.43-per1
967: 
968:             pn$manuel gomes/id=b1729.43-per2
969:                ls$naturalidade/paleao
970:                ls$residencia/casconho
971: 
972:             mn$maria domingues/id=b1729.43-per3
973:                ls$naturalidade/casconho
974: 
975:             pad$pedro francisco/id=b1729.43-per4
976:                ls$residencia/casconho
977: 
978:             mad$isabel/id=b1729.43-per5
979:                ls$ec/solteira
980:                ls$residencia/casconho
981: 
982:                pmad$antonio domingues/id=b1729.43-per6
983:                   ls$residencia/casconho
984: 
985:       bap$b1729.44/12/6/1729/fol.1729/igreja de sao tiago/vigario manuel rodrigues
986: 
987: bap$b1729.44
987:          n$josefa/f/id=1729-b44-josefa
988: 
989:             pn$antonio jorge/id=b1729.44-per1
990:                ls$naturalidade/sobral
991:                ls$residencia/sobral
992: 
993:             mn$catarina francisca/id=b1729.44-per2
994:                ls$naturalidade/lourical
995: 
996:             pad$manuel rodrigues/id=b1729.44-per3
997:                ls$profissao/padre
998:                ls$cargo/vigario
999:                ls$residencia/soure
1000: 
1001:             mad$maria vieira/id=b1729.44-per4
1002: 
1003:                mrmad$antonio da silva/id=b1729.44-per5
1004:                   ls$residencia/soure
1005: 
1006:             referida$isabel rodrigues/id=b1729.44-per6
1007:                ls$profissao/caseira
1008:                ls$ec/viuva
1009:                ls$residencia/sobral
1010:                rel$sociabilidade/baptizou em necessidade/josefa/1729-b44-josefa
1011: 
1012:       bap$b1729.45/19/6/1729/fol.158v/igreja de sao tiago/padre manuel madeira
1013: 
1014: bap$b1729.45
1014:          n$antonia/f/id=b1729.45-per1
1015: 
1016:             pn$antonio da silva/id=b1729.45-per2
1017:                ls$naturalidade/vale de nabal
1018:                ls$freguesia/almagreira
1019:                ls$residencia/corujeira
1020: 
1021:             mn$domingas jorge/id=b1729.45-per3
1022:                ls$naturalidade/corujeira
1023: 
1024:             pad$manuel jorge/id=b1729.45-per4
1025:                ls$residencia/corujeira
1026: 
1027:             mad$antonia/id=b1729.45-per5
1028:                ls$ec/solteira
1029:                ls$residencia/corujeira
1030: 
1031:                mmad$domingas jorge/id=b1729.45-per6
1032:                   ls$ec/viuva
1033:                   ls$residencia/corujeira
1034: 
1035:       bap$b1729.46/26/6/1729/fol.158v-159/igreja de sao tiago/padre manuel madeira
1036: 
1037: bap$b1729.46
1037:          n$jose/m/id=b1729.46-per1
1038: 
1039:             pn$jose de oliveira/id=b1729.46-per2
1040:                ls$naturalidade/lagem
1041:                ls$residencia/oureca
1042: 
1043:             mn$isabel cardosa/id=b1729.46-per3
1044:                ls$naturalidade/oureca
1045: 
1046:             pad$manuel/id=1729-b46-manuel
1047:                ls$ec/solteiro
1048:                ls$residencia/alencarce de baixo
1049: 
1050:             mad$antonia/id=b1729.46-per4
1051:                ls$ec/solteira
1052:                ls$residencia/oureca
1053: 
1054:                pmad$manuel rodrigues/id=b1729.46-per5
1055:                   ls$residencia/oureca
1056:                   ls$morto/antes
1057: 
1058:                mmad$maria cardosa/id=b1729.46-per6
1059:                   ls$residencia/oureca
1060:                   ls$morta/antes
1061: 
1062:             referida$isabel cardosa/id=b1729.46-per7
1063:                ls$ec/viuva
1064:                ls$residencia/alencarce de baixo
1065:                rel$parentesco/mae/manuel/1729-b46-manuel
1066: 
1067:       bap$b1729.47/26/6/1729/fol.159/igreja de sao tiago/padre manuel madeira
1068: 
1069: bap$b1729.47
1069:          n$francisco/m/id=1729-b47-francisco
1070:             ls$ilegitimo/sim
1071: 
1072:             mn$luisa/id=b1729.47-per1
1073:                ls$ec/solteira
1074:                ls$naturalidade/soure
1075:                ls$residencia/soure
1076: 
1077:                pmn$joao rodrigues alvaro/id=b1729.47-per2
1078:                   ls$residencia/soure
1079:                   ls$morto/antes
1080: 
1081:             pad$luis da silva/id=b1729.47-per3
1082:                ls$residencia/soure
1083: 
1084:             mad$maria vieira/id=b1729.47-per4
1085: 
1086:                mrmad$antonio da silva/id=b1729.47-per5
1087:                   ls$residencia/soure
1088: 
1089:             referida$maria gomes/id=b1729.47-per6
1090:                ls$profissao/parteira
1091:                ls$residencia/soure
1092:                rel$sociabilidade/baptizou em necessidade/francisco/1729-b47-francisco
1093: 
1094:       bap$b1729.48/3/7/1729/fol.159/igreja de sao tiago/padre manuel madeira
1095: 
1096: bap$b1729.48
1096:          n$maria/f/id=b1729.48-per1
1097: 
1098:             pn$jose de oliveira/id=b1729.48-per2
1099:                ls$naturalidade/sao mateus
1100:                ls$residencia/lousoes
1101: 
1102:             mn$maria cardosa/id=b1729.48-per3
1103:                ls$naturalidade/lousoes
1104: 
1105:             pad$manuel madeira/id=b1729.48-per4
1106:                ls$profissao/padre
1107:                ls$residencia/barril
1108: 
1109:             mad$esperanca/id=b1729.48-per5
1110:                ls$ec/solteira
1111:                ls$residencia/lousoes
1112: 
1113:                pmad$domingos simoes/id=b1729.48-per6
1114:                   ls$residencia/lousoes
1115: 
1116:       bap$b1729.49/10/7/1729/fol.159v/igreja de sao tiago/padre manuel madeira
1117: 
1118: bap$b1729.49
1118:          n$josefa/f/id=b1729.49-per1
1119: 
1120:             pn$manuel da costa/id=b1729.49-per2
1121:                ls$naturalidade/casa velha
1122:                ls$residencia/lagem
1123: 
1124:             mn$domingas rodrigues/id=b1729.49-per3
1125:                ls$naturalidade/areias
1126: 
1127:             pad$joao pinheiro/id=b1729.49-per4
1128:                ls$residencia/soure
1129: 
1130:             mad$maria madeira/id=b1729.49-per5
1131: 
1132:                mrmad$joao goancalves bizarro/id=b1729.49-per6
1133:                   ls$residencia/pinheiro
1134: 
1135:       bap$b1729.50/10/7/1729/fol.159v/igreja de sao tiago/padre manuel madeira
1136: 
1137: bap$b1729.50
1137:          n$amaro/m/id=b1729.50-per1
1138:             ls$ilegitimo/sim
1139: 
1140:             mn$maria gomes/id=b1729.50-per2
1141:                ls$alcunha/a condessa
1142:                ls$naturalidade/casal do justo
1143:                ls$residencia/soure
1144: 
1145:             pad$amaro/id=1729-b50-amaro
1146:                ls$residencia/soure
1147: 
1148:             mad$antonia/id=b1729.50-per3
1149:                ls$residencia/soure
1150: 
1151:                mmad$catarina francisca/id=b1729.50-per4
1152:                   ls$alcunha/a gregoria
1153:                   ls$residencia/soure
1154: 
1155:             referido$manuel fernandes bulhao/id=b1729.50-per5
1156:                ls$residencia/soure
1157:                rel$parentesco/pai/amaro/1729-b50-amaro
1158: 
1159:       bap$b1729.51/31/7/1729/fol.159v/igreja de sao tiago/padre manuel madeira
1160: 
1161: bap$b1729.51
1161:          n$francisco/m/id=b1729.51-per1
1162: 
1163:             pn$manuel gaspar/id=b1729.51-per2
1164:                ls$naturalidade/alencarce de cima
1165:                ls$residencia/alencarce de cima
1166: 
1167:             mn$maria rodrigues/id=b1729.51-per3
1168:                ls$naturalidade/alencarce de cima
1169: 
1170:             pad$domingos madeira/id=b1729.51-per4
1171:                ls$residencia/alencarce de baixo
1172: 
1173:             mad$maria cardosa/id=b1729.51-per5
1174:                ls$ec/solteira
1175:                ls$residencia/porto coelheiro
1176: 
1177:       bap$b1729.52/7/8/1729/fol.159v-160/igreja de sao tiago/padre manuel madeira
1178: 
1179: bap$b1729.52
1179:          n$luis/m/id=b1729.52-per1
1180: 
1181:             pn$antonio pereira/id=b1729.52-per2
1182:                ls$naturalidade/casal das brancas
1183:                ls$residencia/casal das brancas
1184: 
1185:             mn$catarina simoes/id=b1729.52-per3
1186:                ls$naturalidade/cavaleiros
1187: 
1188:             pad$luis carvalho/id=1729-b52-luis
1189:                ls$profissao/padre
1190:                ls$residencia/casal das brancas
1191: 
1192:             mad$francisca/id=b1729.52-per4
1193:                ls$ec/solteira
1194:                ls$residencia/casal das brancas
1195:                rel$parentesco/irma/luis de carvalho/1729-b52-luis
1196: 
1197:       bap$b1729.53/15/8/1729/fol.160/igreja de sao tiago/vigario manuel rodrigues
1198: 
1199: bap$b1729.53
1199:          n$manuel/m/id=b1729.53-per1
1200: 
1201:             pn$francisco rodrigues/id=b1729.53-per2
1202:                ls$naturalidade/quinta da telhada
1203:                ls$residencia/quinta de miraflores
1204: 
1205:             mn$antonia martins/id=b1729.53-per3
1206:                ls$naturalidade/quinta de miraflores
1207: 
1208:             pad$manuel rodrigues de carvalho/id=1729-b53-manuel
1209:                ls$cargo/tenente
1210:                ls$residencia/quinta da telhada
1211: 
1212:             mad$mariana do vale/id=b1729.53-per4
1213:                ls$titulo/dona
1214:                ls$residencia/quinta da telhada
1215:                rel$parentesco/irma/manuel rodrigues carvalho/1729-b53-manuel
1216: 
1217:       bap$b1729.54/16/8/1729/fol.160/igreja de sao tiago/padre manuel madeira
1218: 
1219: bap$b1729.54
1219:          n$paulo/m/id=b1729.54-per1
1220: 
1221:             pn$luis domingues/id=b1729.54-per2
1222:                ls$naturalidade/lamas
1223:                ls$residencia/bechos
1224: 
1225:             mn$maria ferreira/id=b1729.54-per3
1226:                ls$naturalidade/bechos
1227: 
1228:             pad$paulo ferreira/id=b1729.54-per4
1229:                ls$ec/solteiro
1230:                ls$residencia/bechos
1231: 
1232:             mad$teresa rodrigues/id=b1729.54-per5
1233: 
1234:                mrmad$joao ferreira/id=b1729.54-per6
1235:                   ls$residencia/bechos
1236: 
1237:       bap$b1729.55/28/8/1729/fol.160/igreja de sao tiago/padre manuel madeira
1238: 
1239: bap$b1729.55
1239:          n$jose/m/id=b1729.55-per1
1240: 
1241:             pn$manuel da silva/id=b1729.55-per2
1242:                ls$naturalidade/cabeca da carvalha
1243:                ls$residencia/casal da amoreira
1244: 
1245:             mn$maria rodrigues/id=b1729.55-per3
1246:                ls$naturalidade/vinha da rainha
1247: 
1248:             pad$manuel/id=1729-b55-manuel
1249:                ls$ec/solteiro
1250:                ls$residencia/cabeca carvalha
1251: 
1252:             mad$maria/id=b1729.55-per4
1253:                ls$ec/solteira
1254:                ls$residencia/samuel
1255: 
1256:                pmad$jose rodrigues/id=b1729.55-per5
1257:                   ls$residencia/samuel
1258: 
1259:             referida$catarina de oliveira/id=b1729.55-per6
1260:                ls$ec/viuva
1261:                ls$residencia/cabeca carvalha
1262: 
1263:       bap$b1729.56/28/8/1729/fol.160v/igreja de sao tiago/padre manuel madeira
1264: 
1265: bap$b1729.56
1265:          n$joao/m/id=b1729.56-per1
1266: 
1267:             pn$simao pereira/id=b1729.56-per2
1268:                ls$naturalidade/sao marinho
1269:                ls$freguesia/pombal
1270:                ls$residencia/casal de galegos
1271: 
1272:             mn$mariana francisca/id=b1729.56-per3
1273:                ls$naturalidade/espirito santo
1274: 
1275:             pad$joao de oliveira coelho/id=b1729.56-per4
1276:                ls$residencia/soure
1277: 
1278:             mad$isabel goncalves calhada/id=b1729.56-per5
1279:                ls$ec/solteira
1280:                ls$residencia/casalinhos
1281: 
1282:       bap$b1729.57/4/9/1729/fol.160v/igreja de sao tiago/padre manuel madeira
1283: 
1284: bap$b1729.57
1284:          n$miguel/m/id=b1729.57-per1
1285: 
1286:             pn$antonio antunes/id=b1729.57-per2
1287:                ls$naturalidade/alencarce de cima
1288:                ls$residencia/cascao
1289: 
1290:             mn$maria francisca/id=b1729.57-per3
1291:                ls$naturalidade/cascao
1292: 
1293:             pad$miguel da gante/id=b1729.57-per4
1294:                ls$residencia/casal de grizoma/obs=no seu casal de grizoma
1295: 
1296:             mad$luisa/id=b1729.57-per5
1297:                ls$ec/solteira
1298:                ls$residencia/cascao
1299: 
1300:                mmad$antonia rodrigeus/id=b1729.57-per6
1301:                   ls$ec/viuva
1302:                   ls$residencia/cascao
1303: 
1304:       bap$b1729.58/11/9/1729/fol.160v-161/igreja de sao tiago/padre manuel madeira
1305: 
1306: bap$b1729.58
1306:          n$manuel/m/id=b1729.58-per1
1307: 
1308:             pn$manuel ferreira/id=b1729.58-per2
1309:                ls$naturalidade/bechos
1310:                ls$residencia/bechos
1311: 
1312:             mn$catarina goncalves/id=b1729.58-per3
1313:                ls$naturalidade/alencarce de baixo
1314: 
1315:             pad$joao/id=1729-b58-joao
1316:                ls$ec/solteiro
1317:                ls$residencia/alencarce de baixo
1318: 
1319:             mad$maria/id=b1729.58-per4
1320:                ls$ec/solteira
1321:                ls$residencia/bechos
1322: 
1323:                pmad$joao ferreira/id=b1729.58-per5
1324:                   ls$residencia/bechos
1325: 
1326:             referido$joao goncalves camas/id=b1729.58-per6
1327:                ls$residencia/alencarce de baixo
1328:                rel$parentesco/pai/joao/1729-b58-joao
1329: 
1330:       bap$b1729.59/19/9/1729/fol.161/igreja de sao tiago/padre manuel madeira
1331: 
1332: bap$b1729.59
1332:          n$maria/f/id=1729-b59-maria
1333: 
1334:             pn$jose madeira/id=b1729.59-per1
1335:                ls$naturalidade/alencarce de baixo
1336:                ls$residencia/alencarce de baixo
1337: 
1338:             mn$ines rodrigues/id=b1729.59-per2
1339:                ls$naturalidade/lagem
1340: 
1341:             pad$domingos madeira/id=b1729.59-per3
1342:                ls$ec/solteiro
1343:                ls$residencia/alencarce de baixo
1344: 
1345:             mad$maria rodrigues/id=b1729.59-per4
1346:                ls$ec/viuva
1347:                ls$residencia/pinheiro
1348: 
1349:             referido$manuel/id=1729-b59-manuel
1350:                ls$ec/solteiro
1351:                ls$residencia/alencarce de baixo
1352:                rel$sociabilidade/baptizou em necessidade/maria/1729-b59-maria
1353: 
1354:             referido$joao goncalves camas/id=b1729.59-per5
1355:                ls$residencia/alencarce de baixo
1356:                rel$parentesco/pai/manuel/1729-b59-manuel
1357: 
1358:       bap$b1729.60/4/10/1729/fol.161/igreja de sao tiago/vigario manuel rodrigues
1359: 
1360: bap$b1729.60
1360:          n$maria/f/id=b1729.60-per1
1361: 
1362:             pn$manuel da costa/id=b1729.60-per2
1363:                ls$naturalidade/vale da borra
1364:                ls$residencia/cavaleiros
1365: 
1366:             mn$catarina francisca/id=b1729.60-per3
1367:                ls$naturalidade/cavaleiros
1368: 
1369:             pad$antonio francisco/id=b1729.60-per4
1370:                ls$ec/solteiro
1371:                ls$residencia/cavaleiros
1372: 
1373:             mad$isabel/id=b1729.60-per5
1374:                ls$ec/solteira
1375:                ls$residencia/cavaleiros
1376: 
1377:                pmad$jose domingues/id=b1729.60-per6
1378:                   ls$residencia/cavaleiros
1379: 
1380:       bap$b1729.61/6/10/1729/fol.161-161v/igreja de sao tiago/vigario manuel rodrigues
1381: 
1382: bap$b1729.61
1382:          n$jose/m/id=b1729.61-per1
1383: 
1384:             pn$simao jorge/id=b1729.61-per2
1385:                ls$naturalidade/cadaval grande
1386:                ls$freguesia/furadouro
1387:                ls$residencia/casal do malvado
1388: 
1389:             mn$isabel jorge/id=b1729.61-per3
1390:                ls$naturalidade/casal do malvado
1391: 
1392:             pad$manuel martins/id=1729-b61-manuel
1393:                ls$ec/solteiro
1394:                ls$residencia/cascao
1395: 
1396:             mad$isabel/id=b1729.61-per4
1397:                ls$ec/solteira
1398:                ls$residencia/cascao
1399:                rel$parentesco/irma/manuel martins/1729-b61-manuel
1400: 
1401:       bap$b1729.62/19/10/1729/fol.161v/igreja de sao tiago/padre jose gomes
1402: 
1403: bap$b1729.62
1403:          n$josefa/f/id=b1729.62-per1
1404: 
1405:             pn$antonio gomes/id=b1729.62-per2
1406:                ls$naturalidade/casalinhos
1407:                ls$residencia/casalinhos
1408: 
1409:             mn$teresa maria/id=b1729.62-per3
1410:                ls$naturalidade/evora
1411: 
1412:             pad$antonio/id=1729-b62-antonio
1413:                ls$ec/solteiro
1414:                ls$residencia/casal da venda
1415: 
1416:             mad$josefa/id=b1729.62-per4
1417:                ls$ec/solteira
1418:                ls$residencia/casal da venda
1419:                rel$parentesco/irma/antonio/1729-b62-antonio
1420: 
1421:                mmad$isabel francisca/id=b1729.62-per5
1422:                   ls$ec/viuva
1423:                   ls$residencia/casal da venda
1424:                   rel$parentesco/mae/antonio/1729-b62-antonio
1425: 
1426:       bap$b1729.63/22/10/1729/fol.161v/igreja de sao tiago/padre manuel madeira
1427: 
1428: bap$b1729.63
1428:          n$bernardo/m/id=b1729.63-per1
1429: 
1430:             pn$domingos de oliveira/id=b1729.63-per2
1431:                ls$naturalidade/sao mateus
1432:                ls$residencia/crocozes
1433: 
1434:             mn$maria cardosa/id=b1729.63-per3
1435:                ls$naturalidade/crocozes
1436: 
1437:             pad$bernardo de santo antonio/id=b1729.63-per4
1438:                ls$profissao/religioso
1439:                ls$ordem/santo agostinho
1440:                ls$residencia/soure
1441: 
1442:             mad$josefa/id=b1729.63-per5
1443:                ls$ec/solteira
1444:                ls$residencia/sao mateus
1445: 
1446:                pmad$joao mendes/id=b1729.63-per6
1447:                   ls$residencia/sao mateus
1448: 
1449:       bap$b1729.64/23/10/1729/fol.161v-162/igreja de sao tiago/padre manuel madeira
1450: 
1451: bap$b1729.64
1451:          n$joao/m/id=1729-b64-joao
1452: 
1453:             pn$jose lopes/id=b1729.64-per1
1454:                ls$naturalidade/mogadouro
1455:                ls$residencia/mogadouro
1456: 
1457:             mn$catarina francisca/id=b1729.64-per2
1458:                ls$naturalidade/mogadouro
1459: 
1460:             pad$joao lopes/id=b1729.64-per3
1461:                ls$residencia/barrosos
1462:                rel$sociabilidade/baptizou em necessidade/joao/1729-b64-joao
1463: 
1464:             mad$maria/id=b1729.64-per4
1465:                ls$ec/solteira
1466:                ls$residencia/mogadouro
1467: 
1468:                pmad$joao francisco/id=b1729.64-per5
1469:                   ls$residencia/mogadouro
1470: 
1471:       bap$b1729.65/23/10/1729/fol.162/igreja de sao tiago/padre manuel madeira
1472: 
1473: bap$b1729.65
1473:          n$manuel/m/id=b1729.65-per1
1474: 
1475:             pn$manuel simoes bras/id=b1729.65-per2
1476:                ls$naturalidade/tapeus
1477:                ls$residencia/presa
1478: 
1479:             mn$escolastica martins/id=b1729.65-per3
1480:                ls$naturalidade/cadaval grande
1481:                ls$freguesia/furadouro
1482: 
1483:             pad$jose/id=1729-b65-jose
1484:                ls$ec/solteiro
1485:                ls$residencia/presa
1486: 
1487:             mad$maria da costa/id=1729-b65-maria
1488: 
1489:                mrmad$jose simoes/id=b1729.65-per4
1490:                   ls$residencia/presa
1491:                   rel$sociabilidade/procurador/maria da costa/1729-b65-maria
1492: 
1493:             referido$mateus joao/id=b1729.65-per5
1494:                ls$residencia/presa
1495:                rel$parentesco/pai/jose/1729-b65-jose
1496: 
1497:       bap$b1729.66/24/10/1729/fol.162/igreja de sao tiago/vigario manuel rodrigues
1498: 
1499: bap$b1729.66
1499:          n$mariana/f/id=b1729.66-per1
1500: 
1501:             pn$antonio simoes/id=b1729.66-per2
1502:                ls$naturalidade/cavaleiros
1503:                ls$residencia/casal dos feijoes
1504: 
1505:             mn$maria rodrigues/id=b1729.66-per3
1506:                ls$naturalidade/casal dos feijoes
1507: 
1508:             pad$manuel madeira/id=1729-b66-manuel
1509:                ls$profissao/padre
1510:                ls$residencia/barril
1511: 
1512:             mad$mariana da costa/id=1729-b66-mariana
1513: 
1514:                mrmad$jose pereira/id=b1729.66-per4
1515:                   ls$residencia/sao mateus
1516:                   rel$sociabilidade/procurador/mariana da costa/1729-b66-mariana
1517: 
1518:             referido$domingos da gante/id=b1729.66-per5
1519:                ls$residencia/barril
1520:                rel$parentesco/pai/manuel madeira/1729-b66-manuel
1521:                rel$sociabilidade/procurador/manuel madeira/1729-b66-manuel
1522: 
1523:       bap$b1729.67/30/10/1729/fol.162-162v/igreja de sao tiago/vigario manuel rodrigues
1524: 
1525: bap$b1729.67
1525:          n$isabel/f/id=1729-b67-isabel
1526: 
1527:             pn$joao ramos/id=b1729.67-per1
1528:                ls$naturalidade/cartaxo
1529:                ls$freguesia/ega
1530:                ls$residencia/alencarce de cima
1531: 
1532:             mn$maria rodrigues/id=b1729.67-per2
1533:                ls$naturalidade/alencarce de cima
1534: 
1535:             pad$joao mateus/id=b1729.67-per3
1536:                ls$residencia/alencarce de cima
1537: 
1538:             mad$isabel francisca/id=b1729.67-per4
1539: 
1540:                mrmad$simao ?/id=b1729.67-per5
1541:                   ls$residencia/alencarce de cima
1542: 
1543:             referido$domingos joao/id=b1729.67-per6
1544:                ls$profissao/padre
1545:                ls$residencia/alencarce de cima
1546:                rel$sociabilidade/baptizou em necessidade/isabel/1729-b67-isabel
1547: 
1548:       bap$b1729.68/1/11/1729/fol.162v/igreja de sao tiago/padre manuel rodrigues alvaro
1549: 
1550: bap$b1729.68
1550:          n$isabel/f/id=b1729.68-per1
1551: 
1552:             pn$jose goncalves/id=b1729.68-per2
1553:                ls$naturalidade/melrical
1554:                ls$residencia/casal das brancas
1555: 
1556:             mn$cecilia goncalves/id=b1729.68-per3
1557:                ls$naturalidade/casal das brancas
1558: 
1559:             pad$jose goncalves/id=b1729.68-per4
1560:                ls$residencia/melrical
1561: 
1562:             mad$antonia/id=b1729.68-per5
1563:                ls$ec/solteira
1564:                ls$residencia/casal das brancas
1565: 
1566:                pmad$luis goncalves/id=b1729.68-per6
1567:                   ls$residencia/casal das brancas
1568: 
1569:       bap$b1729.69/6/11/1729/fol.162v/igreja de sao tiago/padre manuel pessoa leitao
1570: 
1571: bap$b1729.69
1571:          n$maria/f/id=b1729.69-per1
1572: 
1573:             pn$luis barbosa canais/id=b1729.69-per2
1574:                ls$naturalidade/soure
1575:                ls$residencia/soure
1576: 
1577:             mn$jacinta jacques/id=b1729.69-per3
1578:                ls$titulo/dona
1579:                ls$naturalidade/soure
1580: 
1581:             pad$onofre ferreira canais/id=b1729.69-per4
1582:                ls$residencia/figueiro do campo
1583:                ls$freguesia/figueiro do campo
1584: 
1585:       bap$b1729.70/10/11/1729/fol.162v-163/igreja de sao tiago/padre manuel rodrigues alvaro
1586: 
1587: bap$b1729.70
1587:          n$maria/f/id=b1729.70-per1
1588: 
1589:             pn$manuel da costa/id=b1729.70-per2
1590:                ls$naturalidade/casa velha
1591:                ls$residencia/casa velha
1592: 
1593:             mn$maria da costa/id=b1729.70-per3
1594:                ls$naturalidade/casa velha
1595: 
1596:             pad$luis de seabra jacques/id=b1729.70-per4
1597:                ls$profissao/padre
1598:                ls$residencia/soure
1599: 
1600:             mad$teresa de jesus/id=1729-b70-teresa
1601:                ls$ec/solteira
1602:                ls$residencia/porto panelas
1603: 
1604:             referido$manuel gomes/id=b1729.70-per5
1605:                ls$profissao/padre
1606:                ls$residencia/porto panelas
1607:                rel$parentesco/irmao/teresa de jesus/1729-b70-teresa
1608:                rel$sociabilidade/procurador/teresa de jesus/1729-b70-teresa
1609: 
1610:       bap$b1729.71/16/11/1729/fol.163/igreja de sao tiago/padre tome martins
1611: 
1612: bap$b1729.71
1612:          n$mariana/f/id=b1729.71-per1
1613: 
1614:             pn$manuel pedrosa/id=b1729.71-per2
1615:                ls$naturalidade/vinha da rainha
1616:                ls$residencia/migalho
1617: 
1618:             mn$agueda gomes/id=b1729.71-per3
1619:                ls$naturalidade/migalho
1620: 
1621:             pad$joao cardoso/id=b1729.71-per4
1622:                ls$residencia/migalho
1623: 
1624:             mad$antonia/id=b1729.71-per5
1625: 
1626:                mrmad$manuel duarte/id=b1729.71-per6
1627:                   ls$residencia/migalho
1628: 
1629:       bap$b1729.72/16/11/1729/fol.163/igreja de sao tiago/padre tome martins
1630: 
1631: bap$b1729.72
1631:          n$isabel/f/id=b1729.72-per1
1632:             ls$enjeitada/sim/obs=exposta a porta de jose de oliveira em oureca
1633: 
1634:             pn$nome desconhecido/id=b1729.72-per2
1635: 
1636:             mn$nome desconhecido/id=b1729.72-per3
1637: 
1638:             pad$rodrigo da cruz/id=1729-b72-rodrigo
1639:                ls$ec/solteiro
1640:                ls$residencia/soure
1641: 
1642:             mad$isabel cardosa/id=b1729.72-per4
1643: 
1644:                mrmad$jose de oliveira/id=b1729.72-per5
1645:                   ls$residencia/soure
1646: 
1647:             referido$manuel rodrigues duqueso/id=b1729.72-per6
1648:                ls$residencia/soure
1649:                rel$parentesco/pai/rodrigo da cruz/1729-b72-rodrigo
1650: 
1651:       bap$b1729.73/20/11/1729/fol.163-163v/igreja de sao tiago/padre joao goncalves
1652: 
1653: bap$b1729.73
1653:          n$francisco/m/id=b1729.73-per1
1654: 
1655:             pn$joao mendes/id=b1729.73-per2
1656:                ls$profissao/carpinteiro
1657:                ls$naturalidade/pinheiro
1658:                ls$residencia/soure
1659: 
1660:             mn$mariana da cruz/id=b1729.73-per3
1661: 
1662:             pad$jacinto da costa de vasconcelos/id=b1729.73-per4
1663:                ls$titulo/doutor
1664:                ls$residencia/soure
1665: 
1666:       bap$b1729.74/20/11/1729/fol.163v/igreja de sao tiago/padre manuel madeira
1667: 
1668: bap$b1729.74
1668:          n$antonio/m/id=b1729.74-per1
1669: 
1670:             pn$manuel domingues/id=b1729.74-per2
1671:                ls$naturalidade/casconho
1672:                ls$residencia/mogadouro
1673: 
1674:             mn$maria rodrigues/id=b1729.74-per3
1675:                ls$naturalidade/mogadouro
1676: 
1677:             pad$mateus carvalho/id=b1729.74-per4
1678:                ls$residencia/mogadouro
1679: 
1680:             mad$mariana/id=b1729.74-per5
1681:                ls$ec/solteira
1682:                ls$residencia/mogadouro
1683: 
1684:                pmad$antonio goncalves/id=b1729.74-per6
1685:                   ls$residencia/mogadouro
1686: 
1687:       bap$b1729.75/4/12/1729/fol.163v/igreja de sao tiago/vigario manuel rodrigues
1688: 
1689: bap$b1729.75
1689:          n$jose/m/id=b1729.75-per1
1690: 
1691:             pn$manuel francisco/id=b1729.75-per2
1692:                ls$naturalidade/cavaleiros
1693:                ls$residencia/portela
1694: 
1695:             mn$antonia goncalves/id=b1729.75-per3
1696:                ls$naturalidade/portela
1697: 
1698:             pad$joao/id=1729-b75-joao
1699:                ls$ec/solteiro
1700:                ls$residencia/portela
1701: 
1702:             mad$francisca/id=b1729.75-per4
1703:                ls$ec/solteira
1704:                ls$residencia/alencarce de baixo
1705: 
1706:                pmad$joao goncalves camaz/id=b1729.75-per5
1707:                   ls$residencia/alencarce de baixo
1708: 
1709:             referido$jose goncalves/id=b1729.75-per6
1710:                ls$residencia/portela
1711:                rel$parentesco/pai/joao/1729-b75-joao
1712: 
1713:       bap$b1729.76/4/12/1729/fol.163v-164/igreja de sao tiago/vigario manuel rodrigues
1714: 
1715: bap$b1729.76
1715:          n$sebastiao/m/id=1729-76-sebastiao
1716: 
1717:             pn$mateus cardoso/id=b1729.76-per1
1718:                ls$naturalidade/coimbra/obs=rua das covas
1719:                ls$residencia/soure
1720: 
1721:             mn$ines rodrigues/id=b1729.76-per2
1722:                ls$naturalidade/paleao
1723: 
1724:             pad$sebastiao jose de carvalho/id=b1729.76-per3
1725:                ls$residencia/soure
1726: 
1727:             mad$maria pereira/id=1729-b76-maria
1728: 
1729:                mrmad$luis manhos de abreu/id=b1729.76-per4
1730:                   ls$cargo/capitao
1731:                   ls$residencia/soure
1732:                   rel$sociabilidade/procurador/maria pereira/1729-b76-maria
1733: 
1734:             referida$maria gomes/id=b1729.76-per5
1735:                ls$profissao/parteira
1736:                ls$residencia/soure
1737:                rel$sociabilidade/baptizou em necessidade/sebastiao/1729-b76-sebastiao
1738: 
1739:       bap$b1729.77/7/12/1929/fol.164/igreja de sao tiago/padre manuel rodrigues alvaro
1740: 
1741: bap$b1729.77
1741:          n$ana/f/id=b1729.77-per1
1742: 
1743:             pn$joao goncalves/id=b1729.77-per2
1744:                ls$naturalidade/migalho
1745:                ls$residencia/casal novo
1746: 
1747:             mn$maria nunes/id=b1729.77-per3
1748:                ls$naturalidade/casal novo
1749: 
1750:             pad$antonio francisco/id=b1729.77-per4
1751:                ls$residencia/casal novo
1752: 
1753:             mad$maria/id=b1729.77-per5
1754:                ls$ec/solteira
1755:                ls$residencia/casal novo
1756: 
1757:                pmad$antonio nunes/id=b1729.77-per6
1758:                   ls$residencia/casal novo
1759: 
1760:       bap$b1729.78/9/12/1729/fol.162/igreja de sao tiago/padre gabriel coutinho
1761: 
1762: bap$b1729.78
1762:          n$isabel/f/id=b1729.78-per1
1763: 
1764:             pn$jacinto da costa e vasconcelos/id=b1729.78-per2
1765:                ls$titulo/doutor
1766:                ls$residencia/soure/obs= na sua quinta de sao tome
1767: 
1768:             mn$alexandra antonia de almeida/id=b1729.78-per3
1769:                ls$titulo/dona
1770: 
1771:             pad$joao da mota/id=1729-b78-joao
1772:                ls$profissao/padre
1773:                ls$cargo/cardeal
1774:                ls$residencia/lisboa
1775: 
1776:             mad$teresa mariana de vasconcelos/id=1729-b78-teresa
1777: 
1778:                pmad$joao da costa e vasconcelos/id=b1729.78-per4
1779:                   ls$residencia/soure
1780:                   rel$sociabilidade/procurador/teresa mariana de vasconcelos/1729-b78-teresa
1781: 
1782:             referido$luis ribeiro cabral/id=b1729.78-per5
1783:                ls$profissao/padre
1784:                ls$residencia/soure
1785:                rel$sociabilidade/procurador/joao da mota/1729-b78-joao
1786: 
1787:       bap$b1729.79/12/12/1729/fol.164-164v/igreja de sao tiago/padre manuel rodrigues alvaro
1788: 
1789: bap$b1729.79
1789:          n$jeronimo/m/id=b1729.79-per1
1790:             ls$ilegitimo/sim
1791: 
1792:             mn$teresa figueireda/id=b1729.79-per2
1793:                ls$ec/solteira
1794:                ls$residencia/simoes
1795: 
1796:             pad$jeronimo de sao miguel/id=b1729.79-per3
1797:                ls$residencia/pombal
1798: 
1799:             mad$catarina francisca/id=b1729.79-per4
1800: 
1801:                mrmad$diogo francisco/id=b1729.79-per5
1802:                   ls$profissao/moleiro
1803:                   ls$residencia/simoes
1804: 
1805:       bap$b1729.80/19/12/1729/fol.164v/igreja de sao tiago/vigario manuel rodrigues
1806: 
1807: bap$b1729.80
1807:          n$vicencia/f/id=1729-b80-vicencia
1808:             ls$enjeitada/sim/obs=exposta a porta de antonio mateus em soure
1809: 
1810:             pn$nome desconhecido/id=b1729.80-per1
1811: 
1812:             mn$nome desconhecido/id=b1729.80-per2
1813: 
1814:             pad$mateus cardoso/id=b1729.80-per3
1815:                ls$residencia/soure
1816: 
1817:             mad$esperanca simoes/id=b1729.80-per4
1818: 
1819:                mrmad$antonio mateus/id=b1729.80-per5
1820:                   ls$alcunha/o velho
1821:                   ls$residencia/soure
1822: 
1823:             referida$maria rodrigues/id=1729-b80-maria
1824:                ls$residencia/soure
1825:                rel$sociabilidade/ama/vicencia/1729-b80-vicencia
1826: 
1827:             referido$antonio mateus/id=b1729.80-per6
1828:                ls$residencia/soure
1829:                rel$parentesco/marido/maria rodrigues/1729-b80-maria
1830: 
1831:       bap$b1729.81/25/12/1729/fol.164v/igreja de sao tiago/vigario manuel rodrigues
1832: 
1833: bap$b1729.81
1833:          n$rosa maria/f/id=b1729.81-per1
1834: 
1835:             pn$tome goncalves/id=b1729.81-per2
1836:                ls$naturalidade/vale da borra
1837:                ls$residencia/vale da borra
1838: 
1839:             mn$domingas francisca/id=b1729.81-per3
1840:                ls$naturalidade/casalinhos
1841: 
1842:             pad$joao/id=1729-b81-joao
1843:                ls$ec/solteiro
1844:                ls$residencia/casalinhos
1845: 
1846:             mad$ines/id=b1729.81-per5
1847:                ls$ec/solteira
1848:                ls$residencia/casalinhos
1849:                rel$parentesco/irma/joao/1729-b81-joao
1850: 
1851:                pmad$manuel da fonseca/id=b1729.81-per6
1852:                   ls$residencia/casalinhos
1853:                   rel$parentesco/pai/joao/1729-b81-joao
1854: 
1855:       bap$b1729.82/25/12/1729/fol.164/igreja de sao tiago/vigario manuel rodrigues
1856: 
1857: bap$b1729.82
1857:          n$manuel/m/id=1729-b82-manuel
1858:             ls$ilegitimo/sim
1859: 
1860:             pn$antonio da rocha manrique/obs=o pai de manuel segundo a mae maria/id=b1729.82-per1
1861:                ls$ec/solteiro
1862:                ls$residencia/soure
1863: 
1864:             mn$maria/id=b1729.82-per2
1865:                ls$ec/solteira
1866:                ls$naturalidade/lagem
1867:                ls$residencia/lagem
1868: 
1869:                pmn$joao de leao/id=b1729.82-per3
1870:                   ls$residencia/lagem
1871: 
1872:             pad$manuel rodigues afonso/id=b1729.82-per4
1873:                ls$residencia/lagem
1874: 
1875:             mad$josefa/id=1729-b82-josefa
1876:                ls$ec/solteira
1877:                ls$residencia/soure
1878: 
1879:                pmad$tome velho/id=b1729.82-per5
1880:                   ls$residencia/soure
1881: 
1882:             referido$joao da costa berdalho/id=b1729.82-per6
1883:                ls$residencia/soure
1884:                rel$sociabilidade/procurador/josefa/1729-b82-josefa
1885: 
1886:             referida$maria simoes/id=1729-b82-maria
1887:                ls$residencia/lagem
1888:                rel$sociabilidade/baptizou em necessidade/manuel/1729-b82-manuel
1889: 
1890:             referido$manuel de oliveira/id=b1729.82-per7
1891:                ls$residencia/lagem
1892:                rel$parentesco/marido/maria simoes/1729-b82-maria
1893: 
1894:       bap$b1729.83/26/12/1729/fol.164/igreja de sao tiago/padre manuel rodrigues alvaro
1895: 
1896: bap$b1729.83
1896:          n$manuel/m/id=b1729.83-per1
1897: 
1898:             pn$manuel rodrigues/id=b1729.83-per2
1899:                ls$naturalidade/casal do marco
1900:                ls$freguesia/ega
1901:                ls$residencia/casal de galinhas
1902: 
1903:             mn$josefa jorge/id=b1729.83-per3
1904:                ls$naturalidade/casal de galinhas
1905: 
1906:             pad$manuel francisco/id=b1729.83-per4
1907:                ls$profissao/padre
1908:                ls$residencia/casal de galinhas
1909: 
1910:             mad$isabel/id=b1729.83-per5
1911:                ls$ec/solteira
1912:                ls$residencia/casal de galinhas
1913: 
1914:                pmad$joao pereira/id=b1729.83-per6
1915:                   ls$residencia/casal de galinhas
1916: *** End of File
** Processed file- /Users/jrc/mhk-home/sources/soure/soure-sources/sources/soure_fase2/bap1729.cli
** Original file- /Users/jrc/mhk-home/sources/soure/soure-sources/sources/soure_fase2/bap1729.org
** Previous version- /Users/jrc/mhk-home/sources/soure/soure-sources/sources/soure_fase2/bap1729.old
** Temp file with ids- /Users/jrc/mhk-home/sources/soure/soure-sources/sources/soure_fase2/bap1729.ids
0  errors. 
0  warnings.
Translation finished.
