ClioInput - version @@VERSION@@ - build @@BUILD@@ @@DATE@@
13-6-2019 22-51

Processing data file bap1728.cli
-------------------------------------------
Generic Act translation module with geoentities (XML).
     Joaquim Ramos de Carvalho (joaquim@uc.pt) 
** New document: kleio
1: kleio$gacto2.str
=========================
kleio translation started
=========================
Structure: gacto2.str
Prefix: 
Autorel: 
Translation count: 
Obs: 
Translation count not set or invalid, counting as zero: 
2:    fonte$baptizados 1728/1728/paroquiais/auc/obs=em mau estado
3: 
** Processing source fonte$baptizados 1728
4:       bap$b1728.01/1/1/1728/fol.130/igreja de sao tiago/padre manuel rodrigues alvaro
5: 
6: bap$b1728.01
6:          n$antonio/m/id=b1728.01-per1
7: 
8:          pn$francisco alves/id=b1728.01-per2
9:             ls$naturalidade/fatacos
10:             ls$residencia/casal de galinhas
11: 
12:          mn$maria jorge/id=b1728.01-per3
13:             ls$naturalidade/casal de galinhas
14: 
15:          pad$antonio ferreira/id=b1728.01-per4
16:             ls$ec/viuvo
17:             ls$residencia/casal da amoreira
18: 
19:          mad$maria da gante/id=b1728.01-per5
20: 
21:          pmad$manuel vaz/id=b1728.01-per6
22:             ls$residencia/casal das brancas
23: 
24:       bap$b1728.2/1/1/1728/.130/igreja de sao tiago/padre manuel rodrigues alvaro
25: 
26: bap$b1728.2
26:          n$josefa/f/id=b1728.2-per1
27: 
28:          pn$manuel simoes/id=b1728.2-per2
29:             ls$naturalidade/alencarce de cima
30:             ls$residencia/presa
31: 
32:          mn$isabel rodrigues/id=b1728.2-per3
33:             ls$naturalidade/presa
34: 
35:          pad$jose/id=1728-b2-jose
36:             ls$ec/solteiro
37:             ls$residencia/presa
38: 
39:          mad$maria rodrigues/id=b1728.2-per4
40: 
41:          mrmad$domingos/id=b1728.2-per5
42:             ls$residencia/presa
43: 
44:          referido$mateus joao/id=b1728.2-per6
45:             ls$residencia/presa
46:             rel$parentesco/pai/jose/1728-b2-jose
47: 
48:       bap$b1728.3/4/1/1728/fol.130v/igreja de sao tiago/vigario manuel rodrigues
49: 
50: bap$b1728.3
50:          n$josefa/f/id=b1728.3-per1
51: 
52:          pn$joao da silva/id=b1728.3-per2
53:             ls$naturalidade/pelariga
54:             ls$residencia/casais da misericordia
55: 
56:          mn$maria joao/id=b1728.3-per3
57:             ls$naturalidade/casais da misericordia
58: 
59:          pad$mateus carvalho/id=b1728.3-per4
60:             ls$residencia/mogadouro
61: 
62:          mad$josefa/id=b1728.3-per5
63:             ls$ec/solteira
64:             ls$residencia/meiras
65:             ls$freguesia/almagreira
66: 
67:          mmad$maria da silva/id=b1728.3-per6
68:             ls$ec/viuva
69:             ls$residencia/meiras
70:             ls$freguesia/almagreira
71: 
72:       bap$b1728.4/4/1/1728/fol.131v/igreja de sao tiago/vigario manuel rodrigues
73: 
74: bap$b1728.4
74:          n$antonio/m/id=1727-b4-antonio
75: 
76:          pn$ventura gomes pinheiro/id=b1728.4-per1
77:             ls$naturalidade/soure
78:             ls$residencia/soure
79: 
80:          mn$maria joao/id=b1728.4-per2
81:             ls$naturalidade/netos
82:             ls$freguesia/almagreira
83: 
84:          pad$antonio ferreira de moura/id=b1728.4-per3
85:             ls$residencia/soure
86: 
87:          mad$antonia/id=b1728.4-per4
88:             ls$ec/solteira
89:             ls$residencia/soure
90: 
91:          pmad$manuel gomes pinheiro/id=b1728.4-per5
92:             ls$residencia/soure
93: 
94:          referido$jose da costa velho/id=b1728.4-per6
95:             ls$profissao/padre
96:             ls$residencia/soure
97:             rel$sociabilidade/baptizou em necessidade/antonio/1727-b4-antonio
98: 
99:       bap$b1728.5/13/1/1728/fol.130v-131/igreja de sao tiago/padre manuel rodrigues alvaro
100: 
101: bap$b1728.5
101:          n$manuel/m/id=b1728.5-per1
102: 
103:          pn$manuel rodrigues/id=b1728.5-per2
104:             ls$naturalidade/vale da borra
105:             ls$residencia/marzagao
106: 
107:          mn$isabel francisca/id=b1728.5-per3
108:             ls$naturalidade/fonte da bica
109: 
110:          pad$manuel jorge/id=b1728.5-per4
111:             ls$alcunha/o moco
112:             ls$residencia/marzagao
113: 
114:          mad$isabel/id=b1728.5-per5
115:             ls$ec/solteira
116:             ls$residencia/marzagao
117: 
118:          pmad$manuel rodrigues sereno/id=b1728.5-per6
119:             ls$residencia/marzagao
120: 
121:       bap$b1728.6/17/1/1728/fol.131/igreja de sao tiago/padre joao gaspar
122: 
123: bap$b1728.6
123:          n$francisco/m/id=b1728.6-per1
124: 
125:          pn$sebastiao rodrigues/id=b1728.6-per2
126:             ls$naturalidade/sao mateus
127:             ls$residencia/sao mateus
128: 
129:          mn$maria francisca/id=b1728.6-per3
130:             ls$naturalidade/sao mateus
131: 
132:          pad$francisco rodrigues/id=b1728.6-per4
133:             ls$profissao/padre
134:             ls$residencia/sao mateus
135: 
136:          mad$dionisia/id=b1728.6-per5
137:             ls$residencia/sao mateus
138: 
139:          pmad$joao mendes/id=b1728.6-per6
140:             ls$residencia/sao mateus
141: 
142:       bap$b1728.7/17/1/1728/fol.131/igreja de sao tiago/padre joao gaspar
143: 
144: bap$b1728.7
144:          n$mariana/f/id=b1728.7-per1
145: 
146:          pn$domingos francisco/id=b1728.7-per2
147:             ls$naturalidade/casa velha
148:             ls$residencia/casal novo
149: 
150:          mn$maria cardosa/id=b1728.7-per3
151:             ls$naturalidade/casal novo
152: 
153:          pad$joao francisco/id=b1728.7-per4
154:             ls$residencia/casal nova
155: 
156:          mad$maria/id=b1728.7-per5
157:             ls$ec/solteira
158:             ls$residencia/soure
159: 
160:          pmad$jose marques/id=b1728.7-per6
161:             ls$residencia/soure
162: 
163:       bap$b1728.8/19/1/1728/fol.131/igreja de sao tiago/vigario manuel rodrigues
164: 
165: bap$b1728.8
165:          n$jose/m/id=b1728.8-per1
166: 
167:          pn$joao goncalves/id=b1728.8-per2
168:             ls$naturalidade/casalinhos
169:             ls$residencia/beltroes
170: 
171:          mn$joana rodrigues/id=b1728.8-per3
172:             ls$naturalidade/beltroes
173: 
174:          pad$joao/id=1728-b8-joao
175:             ls$ec/solteiro
176:             ls$residencia/casalinhos
177: 
178:          mad$isabel calada/id=b1728.8-per4
179:             ls$ec/solteira
180:             ls$residencia/casalinhos
181: 
182:          referido$manuel da fonseca/id=b1728.8-per5
183:             ls$residencia/casalinhos
184:             rel$parentesco/pai/joao/1728-b8-joao
185: 
186:       bap$b1728.9/25/1/1728/fol.131v/igreja de sao tiago/vigario manuel rodrigues
187: 
188: bap$b1728.9
188:          n$josefa/f/id=b1728.9-per1
189: 
190:          pn$sebastiao antunes/id=b1728.9-per2
191:             ls$naturalidade/cavaleiros
192:             ls$residencia/assamassa
193: 
194:          mn$francisca domingues/id=b1728.9-per3
195:             ls$naturalidade/assamassa
196: 
197:          pad$joao/id=1728-b9-joao
198:             ls$ec/solteiro
199:             ls$residencia/assamassa
200: 
201:          mad$josefa/id=b1728.9-per4
202:             ls$ec/solteira
203:             ls$residencia/cavaleiros
204: 
205:          pmad$joao domingues/id=b1728.9-per5
206:             ls$residencia/cavaleiros
207: 
208:          referido$joao antunes/id=b1728.9-per6
209:             ls$residencia/assamassa
210:             rel$parentesco/pai/joao/1728-b9-joao
211: 
212:       bap$b1728.10/26/1/1728/fol.131v/igreja de sao tiago/vigario manuel rodrigues
213: 
214: bap$b1728.10
214:          n$jose/m/id=b1728.10-per1
215: 
216:          pn$antonio simoes/id=b1728.10-per2
217:             ls$naturalidade/sobral
218:             ls$residencia/sobral
219: 
220:          mn$luisa rodrigues/id=b1728.10-per3
221:             ls$naturalidade/sobral
222: 
223:          pad$joao simoes/id=b1728.10-per4
224:             ls$ec/solteiro
225:             ls$residencia/sobral
226: 
227:          mad$maria/id=b1728.10-per5
228:             ls$ec/solteira
229:             ls$residencia/sobral
230: 
231:          pmad$domingos jorge/id=b1728.10-per6
232:             ls$residencia/sobral
233: 
234:       bap$b1728.11/29/1/1728/fol.131v/igreja de sao tiago/padre manuel rodrigues alvaro
235: 
236: bap$b1728.11
236:          n$joao/m/id=b1728.11-per1
237: 
238:          pn$joao rodrigues/id=b1728.11-per2
239:             ls$naturalidade/migalho
240:             ls$residencia/migalho
241: 
242:          mn$isabel rodrigues/id=b1728.11-per3
243:             ls$naturalidade/sobral
244: 
245:          pad$domingos cardoso/id=b1728.11-per4
246:             ls$residencia/migalho
247: 
248:          mad$josefa da ascensao/id=b1728.11-per5
249:             ls$ec/solteira
250:             ls$residencia/sobral
251: 
252:       bap$b1728.12/30/1/1728/fol.131v-132/igreja de sao tiago/padre jose rodrigues da paz
253: 
254: bap$b1728.12
254:          n$quiteria/f/id=b1728.12-n
255: 
256:          pn$manuel alves da silva/id=b1728.12-pn
257:             ls$naturalidade/granja/obs=bispado do porto
258:             ls$residencia/soure
259: 
260:          mn$josefa maria da rocha/id=b1728.12-mn
261:             ls$morta/antes
262:             ls$naturalidade/vila do conde
263: 
264:          pad$joao de sequeira coelho/id=b1728.12-per1
265:             ls$residencia/soure
266: 
267:          mad$barbosa/id=1728-b12-barbosa
268:             ls$titulo/dona
269:             ls$residencia/soure
270: 
271:          referido$antonio de abreu de castelo branco/id=b1728.12-per2
272:             ls$titulo/doutor
273:             ls$residencia/soure
274:             rel$sociabilidade/procurador/barbosa/1728-b12-barbosa
275: 
276:       bap$b1728.13/30/1/1728/fol.132/igreja de sao tiago/padre jose rodrigues da paz
277: 
278: bap$b1728.13
278:          n$vitoria/f/id=b1728.13-per1
279:             rel$parentesco/irma gemea/quiteria/b1728.12-n
280: 
281:          pn$manuel alves da silva/mesmo_que=b1728.12-pn/id=b1728.13-per2
282:             ls$naturalidade/granja/obs=bispado do porto
283:             ls$residencia/soure
284: 
285:          mn$josefa maria da rocha/mesmo_que=b1728.12-mn/id=b1728.13-per3
286:             ls$morta/antes
287:             ls$naturalidade/vila do conde
288: 
289:          pad$domingos goncalves galhardo/id=b1728.13-per4
290:             ls$titulo/doutor
291:             ls$residencia/soure
292: 
293:          mad$margarida de morais/id=1728-b12-margarida
294:             ls$titulo/dona
295:             ls$residencia/soure
296: 
297:          referido$manuel pessoa leitao/id=b1728.13-per5
298:             ls$profissao/padre
299:             ls$residencia/soure
300:             rel$sociabilidade/procurador/margarida de morais/1728-b12-margarida
301: 
302:       bap$b1728.14/8/2/1728/fol.132/igreja de sao tiago/padre manuel rodrigues alvaro
303: 
304: bap$b1728.14
304:          n$antonio/m/id=b1728.14-per1
305: 
306:          pn$manuel gomes/id=b1728.14-per2
307:             ls$naturalidade/paleao
308:             ls$residencia/paleao
309: 
310:          mn$isabel tome/id=b1728.14-per3
311:             ls$naturalidade/casal da fogueira
312: 
313:          pad$bernardo de santo antonio/id=1728-b14-bernardo
314:             ls$titulo/doutor
315:             ls$profissao/religioso
316:             ls$ordem/santo agostinho
317:             ls$residencia/soure
318: 
319:          mad$teresa/id=b1728.14-per4
320:             ls$ec/solteira
321:             ls$residencia/soure
322:             rel$parentesco/sobrinha/bernardo de santo antonio/1728-b14-bernardo
323: 
324:       bap$b1728.15/9/2/1728/fol.132v/igreja de sao tiago/vigario manuel rodrigues
325: 
326: bap$b1728.15
326:          n$maria/f/id=b1728.15-per1
327: 
328:          pn$manuel francisco/id=b1728.15-per2
329:             ls$naturalidade/bonitos
330:             ls$residencia/bonitos
331: 
332:          mn$maria de oliveira/id=b1728.15-per3
333:             ls$naturalidade/bonitos
334: 
335:          pad$mateus carvalho/id=b1728.15-per4
336:             ls$residencia/mogadouro
337: 
338:          mad$catarina francisca/id=b1728.15-per5
339: 
340:          mrmad$diogop francisco/id=b1728.15-per6
341:             ls$residencia/mogadouro
342: 
343:       bap$b1728.16/10/2/1728/fol.132v/igreja de sao tiago/vigario de pombal jose pinto
344: 
345: bap$b1728.16
345:          n$luis jose/m/id=b1728.16-per1
346: 
347:          pn$placido soares coelho/id=b1728.16-per2
348:             ls$naturalidade/soure
349:             ls$residencia/soure
350: 
351:          mn$ana maria de azevedo e castelo branco/id=b1728.16-per3
352:             ls$naturalidade/soure
353: 
354:          pad$luis soares coelho/id=b1728.16-per4
355:             ls$profissao/padre
356:             ls$cargo/prior de pombalinho
357:             ls$residencia/pombalinho
358: 
359:          mad$mariana/id=1728-b16-mariana
360:             ls$ec/solteira
361:             ls$residencia/soure
362: 
363:          pmad$luis manhos de abreu/id=1728-b16-luis
364:             ls$cargo/capitao
365:             ls$residencia/soure
366: 
367:          referido$luis manhos de abreu/id=b1728.16-per5
368:             ls$profissao/padre
369:             ls$residencia/ceira
370:             rel$sociabilidade/procurador/mariana/1728-b16-mariana
371:             rel$parentesco/irmao/mariana/1728-b16-mariana
372:             rel$parentesco/filho/luis manhos de abreu/1728-b16-luis
373: 
374:       bap$b1728.17/16/2/1728/fol.132v/igreja de sao tiago/padre joao gaspar
375: 
376: bap$b1728.17
376:          n$benarda maria/f/id=b1728.17-per1
377: 
378:          pn$domingos antunes/id=b1728.17-per2
379:             ls$naturalidade/laranjeira
380:             ls$residencia/presa
381: 
382:          mn$maria rodrigues/id=b1728.17-per3
383:             ls$naturalidade/presa
384: 
385:          pad$manuel rodrigues/id=b1728.17-per4
386:             ls$profissao/padre
387:             ls$residencia/laranjeira
388: 
389:          mad$maria antunes/id=b1728.17-per5
390: 
391:          mrmad$antonio rodrigues/id=b1728.17-per6
392:             ls$residencia/tapeus
393: 
394:       bap$b1728.18/16/2/1728/fol.133/igreja de sao tiago/padre joao gaspar
395: 
396: bap$b1728.18
396:          n$luisa/f/id=b1728.18-per1
397: 
398:          pn$manuel simoes cabeca/id=b1728.18-per2
399:             ls$naturalidade/lamas
400:             ls$residencia/soure
401: 
402:          mn$luisa da silva/id=b1728.18-per3
403:             ls$naturalidade/almagreira
404: 
405:          pad$joao pinheiro/id=b1728.18-per4
406:             ls$residencia/soure
407: 
408:          mad$maria/id=b1728.18-per5
409:             ls$ec/solteira
410:             ls$residencia/soure
411: 
412:          pmad$manuel carvalho/id=b1728.18-per6
413:             ls$ec/viuvo
414:             ls$residencia/soure
415: 
416:       bap$b1728.19/25/2/1728/fol.133/igreja de sao tiago/padre manuel rodrigues alvaro
417: 
418: bap$b1728.19
418:          n$teresa/f/id=b1728.19-per1
419: 
420:          pn$jose soares/id=b1728.19-per2
421:             ls$naturalidade/paleao
422:             ls$residencia/paleao
423: 
424:          mn$ana maria/id=b1728.19-per3
425:             ls$naturalidade/casal dos feijoes
426: 
427:          pad$antonio soares/id=b1728.19-per4
428:             ls$ec/solteiro
429:             ls$residencia/paleao
430: 
431:          mad$teresa/id=b1728.19-per5
432:             ls$ec/solteira
433:             ls$residencia/paleao
434: 
435:          pmad$antonio madeira/id=b1728.19-per6
436:             ls$residencia/paleao
437: 
438:       bap$b1728.20/25/2/1728/fol.133/igreja de sao tiago/padre manuel rodrigues alvaro
439: 
440: bap$b1728.20
440:          n$maria/f/id=1728-b20-maria
441: 
442:          pn$ventura francisco/id=b1728.20-per1
443:             ls$naturalidade/vale da borra
444:             ls$residencia/casalinhos
445: 
446:          mn$maria gomes/id=b1728.20-per2
447:             ls$naturalidade/casalinhos
448: 
449:          pad$jose gomes/id=b1728.20-per3
450:             ls$profissao/padre
451:             ls$residencia/casal da venda
452:             rel$sociabilidade/baptizou em necessidade/maria/1728-b20-maria
453: 
454:          mad$maria francisca/id=b1728.20-per4
455: 
456:          mrmad$manuel simoes/id=b1728.20-per5
457:             ls$residencia/casalinhos
458: 
459:       bap$b1728.21/28/2/1728/fol.133v/igreja de sao tiago/vigario manuel rodrigues
460: 
461: bap$b1728.21
461:          n$bento/m/id=b1728.21-per1
462: 
463:          pn$sebastiao rodrigues/id=b1728.21-per2
464:             ls$naturalidade/lagem
465:             ls$residencia/lagem
466: 
467:          mn$luisa leoa/id=b1728.21-per3
468:             ls$naturalidade/lagem
469: 
470:          pad$clemente martins da costa/id=1728-b21-clemente
471:             ls$profissao/padre
472:             ls$residencia/pinheiro
473: 
474:          mad$ana/id=b1728.21-per4
475:             ls$ec/solteira
476:             ls$residencia/pinheiro
477:             rel$parentesco/irma/clemente martins da costa/1728-b21-clemente
478: 
479:       bap$b1728.22/1/3/1728/fol.133v/igreja de sao tiago/padre jose gomes
480: 
481: bap$b1728.22
481:          n$vicencia/f/id=1728-b22-vicencia
482: 
483:          pn$joao rodrigues/id=b1728.22-per1
484:             ls$naturalidade/sobral
485:             ls$residencia/sobral
486: 
487:          mn$josefa francisca/id=b1728.22-per2
488:             ls$naturalidade/sobral
489: 
490:          pad$jose gomes/id=b1728.22-per3
491:             ls$profissao/padre
492:             ls$residencia/casal da venda
493: 
494:          mad$isabel/id=b1728.22-per4
495:             ls$ec/solteira
496:             ls$residencia/sobral
497: 
498:          pmad$jose goncalves/id=b1728.22-per5
499:             ls$residencia/sobral
500: 
501:          referida$isabel ferreira/id=b1728.22-per6
502:             ls$ec/viuva
503:             ls$residencia/casal da venda
504:             rel$sociabilidade/baptizou em necessidade/vicencia/1728-b22-vicencia
505: 
506:       bap$b1728.23/11/3/1728/fol.134/igreja de sao tiago/vigario manuel rodrigues
507: 
508: bap$b1728.23
508:          n$antonio/m/id=b1728.23-per1
509: 
510:          pn$jose rodrigues/id=b1728.23-per2
511:             ls$naturalidade/vale da borra
512:             ls$residencia/fonte da bica
513: 
514:          mn$ana maria/id=b1728.23-per3
515:             ls$naturalidade/fonte da bica
516: 
517:          pad$antonio rodrigues/id=b1728.23-per4
518:             ls$profissao/barbeiro
519:             ls$residencia/soure
520: 
521:          mad$isabel francisa/id=b1728.23-per5
522: 
523:          mrmad$manuel rodrigues/id=b1728.23-per6
524:             ls$residencia/marzagao
525: 
526:       bap$b1728.24/14/3/1728/fol.134/igreja de sao tiago/padre joao gaspar
527: 
528: bap$b1728.24
528:          n$antonia/f/id=b1728.24-per1
529: 
530:          pn$manuel cardoso/id=b1728.24-per2
531:             ls$naturalidade/porto coelheiro
532:             ls$residencia/porto coelheiro
533: 
534:          mn$maria joao/id=b1728.24-per3
535:             ls$naturalidade/porto coelheiro
536: 
537:          pad$manuel soares/id=b1728.24-per4
538:             ls$residencia/paleao
539: 
540:          mad$antonia/id=b1728.24-per5
541:             ls$ec/solteira
542:             ls$residencia/porto coelheiro
543: 
544:          pmad$manuel rodrigues falcao/id=b1728.24-per6
545:             ls$residencia/porto coelheiro
546: 
547:       bap$b1728.25/23/3/1728/fol.134/igreja de sao tiago/padre manuel rodrigues alvaro
548: 
549: bap$b1728.25
549:          n$manuel/m/id=b1728.25-per1
550: 
551:          pn$manuel joao/id=b1728.25-per2
552:             ls$alcunha/o moco
553:             ls$naturalidade/simoes
554:             ls$residencia/simoes
555: 
556:          mn$maria rodrigues/id=b1728.25-per3
557:             ls$naturalidade/netos
558:             ls$freguesia/almagreira
559: 
560:          pad$manuel domingues/id=b1728.25-per4
561:             ls$alcunha/o moco
562:             ls$residencia/casais da misericordia
563: 
564:          mad$maria domingues/id=b1728.25-per5
565:             ls$ec/solteira
566:             ls$residencia/pelariga
567:             ls$freguesia/pombal
568: 
569:       bap$b1728.26/29/3/1728/fol.134v/igreja de sao tiago/padre manuel rodrigues alvaro
570: 
571: bap$b1728.26
571:          n$jose/m/id=b1728.26-per1
572: 
573:          pn$manuel madeira/id=b1728.26-per2
574:             ls$naturalidade/venda nova
575:             ls$freguesia/tapeus
576:             ls$residencia/porto coelheiro
577: 
578:          mn$isabel alves/id=b1728.26-per3
579:             ls$naturalidade/porto coelheiro
580: 
581:          pad$jose madeira/id=b1728.26-per4
582:             ls$residencia/laranjeira
583:             ls$freguesia/tapeus
584: 
585:          mad$maria/id=b1728.26-per5
586:             ls$ec/solteira
587:             ls$residencia/porto coelheiro
588: 
589:          pmad$mateus rodrigues/id=b1728.26-per6
590:             ls$residencia/porto coelheiro
591: 
592:       bap$b1728.27/31/3/1728/fol.134v/igreja de sao tiago/vigario manuel rodrigues
593: 
594: bap$b1728.27
594:          n$antonio/m/id=b1728.27-per1
595: 
596:          pn$joao rodrigues/id=b1728.27-per2
597:             ls$naturalidade/oureca
598:             ls$residencia/pinheiro
599: 
600:          mn$leonarda lopes/id=b1728.27-per3
601:             ls$naturalidade/pinheiro
602: 
603:          pad$antonio/id=1728-b27-antonio
604:             ls$ec/solteiro
605:             ls$residencia/figueiro do campo
606: 
607:          mad$antonia/id=b1728.27-per4
608:             ls$ec/solteira
609:             ls$residencia/pinheiro
610: 
611:          pmad$francisco lopes/id=b1728.27-per5
612:             ls$residencia/pinheiro
613: 
614:          referido$manuel mateus/id=b1728.27-per6
615:             ls$residencia/figueiro do campo
616:             rel$parentesco/pai/antonio/1728-b27-antonio
617: 
618:       bap$b1728.28/4/4/1728/fol.134v-135/igreja de sao tiago/vigario manuel rodrigues
619: 
620: bap$b1728.28
620:          n$ana maria/f/id=b1728.28-per1
621: 
622:          pn$manuel goncalves galhim alencarce de cima/id=b1728.28-per2
623:             ls$residencia/alencarce de cima
624: 
625:          mn$maria madeira/id=b1728.28-per3
626:             ls$naturalidade/alencarce de cima
627: 
628:          pad$manuel rodrigues/id=b1728.28-per4
629:             ls$profissao/padre
630:             ls$cargo/vigario
631:             ls$residencia/soure
632: 
633:          mad$ana maria gomes/id=b1728.28-per5
634: 
635:          mrmad$domoingos madeira/id=b1728.28-per6
636:             ls$residencia/alencarce de baixo
637: 
638:       bap$b1728.29/5/4/1728/fol.135/igreja de sao tiago/padre joao gaspar
639: 
640: bap$b1728.29
640:          n$josefa/f/id=1728-b29-josefa
641: 
642:          pn$afonso joao de carvalho/id=b1728.29-per1
643:             ls$naturalidade/delgados
644:             ls$residencia/simoes
645: 
646:          mn$josefa goncalves/id=b1728.29-per2
647:             ls$naturalidade/simoes
648: 
649:          pad$jose gaspar/id=b1728.29-per3
650:             ls$residencia/simoes
651:             rel$sociabilidade/baptizou em necessidade/josefa/1728-b29-josefa
652: 
653:          mad$isabel francisca/id=b1728.29-per4
654: 
655:          mrmad$joao francisco/id=b1728.29-per5
656:             ls$residencia/mogadouro
657: 
658:       bap$b1728.30/8/4/1728/fol.135/igreja de sao tiago/padre manuel rodrigues alvaro
659: 
660: bap$b1728.30
660:          n$maria/f/id=b1728.30-per1
661: 
662:          pn$manuel francisco/id=b1728.30-per2
663:             ls$naturalidade/sibral
664:             ls$residencia/sobral
665: 
666:          mn$maria francisca/id=b1728.30-per3
667:             ls$naturalidade/simoes
668: 
669:          pad$manuel/id=1728-b30-manuel
670:             ls$ec/solteiro
671:             ls$residencia/casa velha
672: 
673:          mad$isabel francisca/id=b1728.30-per4
674: 
675:          mrmad$antonio francisco/id=b1728.30-per5
676:             ls$residencia/sobral
677: 
678:          referido$jose rodrigues/id=b1728.30-per6
679:             ls$residencia/casa velha
680:             rel$parentesco/pai/manuel/1728-b30-manuel
681: 
682:       bap$b1728.31/14/4/1728/fol.135-135v/igreja de sao tiago/vigario manuel rodrigues
683: 
684: bap$b1728.31
684:          n$jose/m/id=b1728.31-per1
685: 
686:          pn$jose gaspar/id=b1728.31-per2
687:             ls$naturalidade/paleao
688:             ls$residencia/paleao
689: 
690:          mn$antonia soares/id=b1728.31-per3
691:             ls$naturalidade/paleao
692: 
693:          pad$antonio soares/id=b1728.31-per4
694:             ls$ec/solteiro
695:             ls$residencia/paleao
696: 
697:          mad$maria/id=b1728.31-per5
698:             ls$ec/solteira
699:             ls$residencia/paleao
700: 
701:          pmad$manuel soares/id=b1728.31-per6
702:             ls$residencia/paleao
703: 
704:       bap$b1728.32/21/4/1728/fol.135v/igreja de sao tiago/vigario manuel rodrigues
705: 
706: bap$b1728.32
706:          n$antonia/f/id=b1728.32-per1
707: 
708:          pn$luis goncalves/id=b1728.32-per2
709:             ls$naturalidade/vale da borra
710:             ls$residencia/vale da borra
711: 
712:          mn$isabel da silva/id=b1728.32-per3
713:             ls$naturalidade/vale da borra
714: 
715:          pad$luis/id=1728-b32-luis
716:             ls$residencia/vale da borra
717: 
718:          mad$maria/id=b1728.32-per4
719:             ls$ec/solteira
720:             ls$residencia/soure
721: 
722:          pmad$jose de morais/id=b1728.32-per5
723:             ls$residencia/soure
724: 
725:          referido$joao simoes/id=b1728.32-per6
726:             ls$residencia/vale da borra
727:             rel$parentesco/pai/luis/1728-b32-luis
728: 
729:       bap$b1728.33/25/4/1728/fol.135v/igreja de sao tiago/vigario manuel rodrigues
730: 
731: bap$b1728.33
731:          n$vicencia/f/id=b1728.33-per1
732: 
733:          pn$manuel domingues/id=b1728.33-per2
734:             ls$naturalidade/casais da misericordia
735:             ls$residencia/casais da misericordia
736: 
737:          mn$maria goncalves/id=b1728.33-per3
738:             ls$naturalidade/pelariga
739:             ls$freguesia/pombal
740: 
741:          pad$antonio da costa/id=1728-b33-antonio
742:             ls$profissao/padre
743:             ls$cargo/prior da madalena
744:             ls$residencia/montemor o velho
745: 
746:          mad$barbara teresa/id=b1728.33-per4
747:             ls$residencia/montemor o velho
748:             rel$parentesco/irma/antonio da costa/1728-b33-antonio
749: 
750:       bap$b1728.34/27/4/1728/fol.135v-136/igreja de sao tiago/vigario manuel rodrigues
751: 
752: bap$b1728.34
752:          n$alexandra/f/id=1728-b34-alexandra
753: 
754:          pn$tomas francisco carvalhosa/id=b1728.34-per1
755:             ls$profissao/medico
756:             ls$naturalidade/coimbra
757:             ls$residencia/soure
758: 
759:          mn$luisa maria/id=b1728.34-per2
760:             ls$naturalidade/soure
761: 
762:          pad$francisco homem de quadros/id=1728-b34-francisco
763:             ls$residencia/soure
764: 
765:          mad$isabel da silva/id=1728-b34-isabel
766:             ls$titulo/dona
767:             ls$residencia/soure
768:             rel$parentesco/mae/francisco homem de quadros/1728-b34-francisco
769: 
770:          referido$tomas de quadros/id=b1728.34-per3
771:             ls$residencia/soure
772:             rel$parentesco/filho/isabel da silva/1728-b34-isabel
773:             rel$parentesco/irmao/francisco homem de quadros/1728-b34-francisco
774: 
775:          referido$jose rodrigues da paz/id=b1728.34-per4
776:             ls$profissao/padre
777:             ls$residencia/soure
778:             rel$sociabilidade/baptizou em necessidade/alexandra/1728-b34-alexandra
779: 
780:       bap$b1728.35/2/5/1728/fol.136/igreja de sao tiago/vigario manuel rodrigues
781: 
782: bap$b1728.35
782:          n$domingos/m/id=1728-b35-domingos
783: 
784:          pn$jose madeira/id=b1728.35-per1
785:             ls$naturalidade/alencarce de cima
786:             ls$residencia/alencarce de cima
787: 
788:          mn$isabel madeira/id=b1728.35-per2
789:             ls$naturalidade/alencarce de cima
790: 
791:          pad$domingos madeira/id=1728-b35-madeira
792:             ls$residencia/alencarce de cima
793: 
794:          mad$maria gaspar/id=b1728.35-per3
795:             ls$residencia/alencarce de cima
796:             rel$parentesco/mulher/domingos madeira/1728-b35-madeira
797: 
798:          referido$domingos joao/id=b1728.35-per4
799:             ls$profissao/padre
800:             ls$residencia/alencarce de cima
801:             rel$sociabilidade/baptizou em necessidade/domingos/1728-b35-domingos
802: 
803:       bap$b1728.36/2/5/1728/fol.136/igreja de sao tiago/vigario manuel rodrigues
804: 
805: bap$b1728.36
805:          n$joaquim/m/id=b1728.36-per1
806: 
807:          pn$matias gomes/id=b1728.36-per2
808:             ls$naturalidade/paleao
809:             ls$residencia/paleao
810: 
811:          mn$isabel cardosa/id=b1728.36-per3
812:             ls$naturalidade/paleao
813: 
814:          pad$joaquim madeira/id=b1728.36-per4
815:             ls$profissao/padre
816: 
817:          mad$mariana da costa/id=1728-b36-mariana
818: 
819:          mrmad$jose pereira/id=b1728.36-per5
820:             ls$residencia/sao mateus
821:             rel$sociabilidade/procurador/mariana da costa/1728-b36-mariana
822: 
823:       bap$b1728.37/2/5/1728/fol.136-136v/igreja de sao tiago/padre antonio cardoso coltrim
824: 
825: bap$b1728.37
825:          n$rita/f/id=b1728.37-per1
826: 
827:          pn$matias gomes/id=b1728.37-per2
828:             ls$naturalidade/mosqueiro
829:             ls$residencia/soure
830: 
831:          mn$maria pereira/id=b1728.37-per3
832:             ls$naturalidade/soure
833: 
834:          pad$antonio cardoso coltrim/id=b1728.37-per4
835:             ls$profissao/padre
836:             ls$cargo/beneficiado
837:             ls$residencia/soure
838: 
839:          mad$dionisia/id=b1728.37-per5
840:             ls$ec/solteira
841:             ls$residencia/sao mateus
842: 
843:          pmad$joao mendes/id=b1728.37-per6
844:             ls$residencia/sao mateus
845: 
846:       bap$b1728.38/7/5/1728/fol.136v/igreja de sao tiago/padre joao gaspar
847: 
848: bap$b1728.38
848:          n$maria/f/id=b1728.38-per1
849: 
850:          pn$jose rodrigues/id=b1728.38-per2
851:             ls$naturalidade/sao mateus
852:             ls$residencia/sao mateus
853: 
854:          mn$isabel/id=b1728.38-per3
855:             ls$naturalidade/sao mateus
856: 
857:          pad$joaquim madeira/id=b1728.38-per4
858:             ls$residencia/sao mateus
859: 
860:          mad$maria madeira/id=b1728.38-per5
861:             ls$ec/solteira
862:             ls$residencia/sao mateus
863: 
864:       bap$b1728.39/8/5/1728/fol.136v/igreja de sao tiago/padre joao gaspar
865: 
866: bap$b1728.39
866:          n$catarina/f/id=b1728.39-per1
867: 
868:          pn$luis cardoso/id=b1728.39-per2
869:             ls$naturalidade/casal novo
870:             ls$residencia/migalho
871: 
872:          mn$josefa cardosa/id=b1728.39-per3
873:             ls$naturalidade/migalho
874: 
875:          pad$jose duarte/id=1728-b39-jose
876:             ls$ec/solteiro
877:             ls$residencia/casal do piquete
878:             ls$freguesia/gesteira
879: 
880:          mad$catarina/id=b1728.39-per4
881:             ls$ec/solteira
882:             ls$residencia/migalho
883: 
884:          mmad$catarina cardosa/id=b1728.39-per5
885:             ls$ec/viuva
886:             ls$residencia/migalho
887: 
888:          referido$joao francisco/id=b1728.39-per6
889:             ls$residencia/casal do piquete
890:             ls$freguesia/gesteira
891:             rel$parentesco/pai/jose duarte/1728-b39-jose
892: 
893:       bap$b1728.40/9/5/1728/fol.137/igreja de sao tiago/padre joao gaspar
894: 
895: bap$b1728.40
895:          n$manuel/m/id=b1728.40-per1
896: 
897:          pn$joao domingues/id=b1728.40-per2
898:             ls$naturalidade/casconho
899:             ls$residencia/mogadouro
900: 
901:          mn$antonia goncalves/id=b1728.40-per3
902:             ls$naturalidade/mogadouro
903: 
904:          pad$jose francisco/id=b1728.40-per4
905:             ls$residencia/mogadouro
906: 
907:          mad$maria da costa/id=b1728.40-per5
908: 
909:          mrmad$luis domingues/id=b1728.40-per6
910:             ls$residencia/moinhos da figueirinha
911:             ls$freguesia/redinha
912: 
913:       bap$b1728.41/12/5/1728/fol.137/igreja de sao tiago/vigario manuel rodrigues
914: 
915: bap$b1728.41
915:          n$antonia/f/id=b1728.41-per1
916: 
917:          pn$manuel carvalho/id=b1728.41-per2
918:             ls$naturalidade/casal dos guerras
919:             ls$residencia/casal das brancas
920: 
921:          mn$maria jorge/id=b1728.41-per3
922:             ls$naturalidade/casal das brancas
923: 
924:          pad$francisco/id=1728-b41-francisco
925:             ls$ec/solteiro
926:             ls$residencia/melrical
927: 
928:          mad$maria da gante/id=b1728.41-per4
929: 
930:          mrmad$manuel vaz/id=b1728.41-per5
931:             ls$residencia/casal das brancas
932: 
933:          referido$francisco goncalves/id=b1728.41-per6
934:             ls$residencia/melrical
935:             rel$parentesco/pai/francisco/1728-b41-francisco
936: 
937:       bap$b1728.42/13/5/1728/fol.137-137v/igreja de sao tiago/padre joao goncalves
938: 
939: bap$b1728.42
939:          n$angelica/f/id=1728-b42-angelica
940: 
941:          pn$joao mendes francisco/id=b1728.42-per1
942:             ls$naturalidade/soure
943:             ls$residencia/soure
944: 
945:          mn$mariana do espirito santo/id=b1728.42-per2
946:             ls$naturalidade/charneca
947: 
948:          pad$rodrigo homem de quadros/id=1728-b42-rodrigo
949:             ls$residencia/soure
950: 
951:          mad$angelica/id=1728-b42-madrinha
952:             ls$ec/solteira
953:             ls$residencia/soure
954: 
955:          mmad$simoa da rosa/id=b1728.42-per3
956:             ls$ec/viuva
957:             ls$residencia/soure
958: 
959:          referido$francisco marques de andrade/id=b1728.42-per4
960:             ls$profissao/padre
961:             ls$cargo/capelao/obs=capelao de rodrigo homem de quadros
962:             rel$sociabilidade/procurador/rodrigo homem de quadros/1728-b42-rodrigo
963: 
964:          referido$antonio manhos/id=b1728.42-per5
965:             ls$profissao/padre
966:             ls$residencia/soure
967:             rel$parentesco/irmao/angelica/1728-b42-madrinha
968: 
969:          referido$joao goncalves/id=b1728.42-per6
970:             ls$profissao/padre
971:             ls$cargo/beneficiado
972:             ls$residencia/soure
973:             rel$sociabilidade/baptizou em necessidade/angelica/1728-b42-angelica
974: 
975:       bap$b1728.43/16/5/1728/fol.137v/igreja de sao tiago/padre sebastiao ferreira
976: 
977: bap$b1728.43
977:          n$jose/m/id=b1728.43-per1
978: 
979:          pn$jose pereira da costa/id=b1728.43-per2
980:             ls$naturalidade/vila nova de ancos
981:             ls$residencia/sao mateus
982: 
983:          mn$mariana da costa/id=b1728.43-per3
984:             ls$naturalidade/pinheiro
985: 
986:          pad$clemente martins da costa/id=1728-b43-clemente
987:             ls$profissao/padre
988:             ls$residencia/pinheiro
989: 
990:          mad$ana/id=b1728.43-per4
991:             ls$ec/solteira
992:             ls$residencia/pinheiro
993:             rel$parentesco/irma/clemente martins da costa/1728-b43-clemente
994: 
995:       bap$b1728.44/17/5/1728/fol.137v/igreja de sao tiago/padre manuel rodrigues alvaro
996: 
997: bap$b1728.44
997:          n$josefa/f/id=1728-b44-josefa
998: 
999:          pn$manuel joao/id=b1728.44-per1
1000:             ls$alcunha/o marcos
1001:             ls$naturalidade/simoes
1002:             ls$residencia/simoes
1003: 
1004:          mn$isabel rodrigues/id=b1728.44-per2
1005:             ls$naturalidade/simoes
1006: 
1007:          pad$antonio lopes/id=b1728.44-per3
1008:             ls$residencia/simoes
1009: 
1010:          mad$catarina francisca/id=b1728.44-per4
1011: 
1012:          mrmad$diogo francisco/id=b1728.44-per5
1013:             ls$residencia/simoes
1014: 
1015:          referida$maria francisca/id=1728-b44-maria
1016:             ls$residencia/simoes
1017:             rel$sociabilidade/baptizou em necessidade/josefa/1728-b44-josefa
1018: 
1019:          referido$jose gaspar/id=b1728.44-per6
1020:             ls$residencia/simoes
1021:             rel$parentesco/marido/maria francisca/1728-b44-maria
1022: 
1023:       bap$b1728.45/19/5/1728/fol.137v-138/igreja de sao tiago/vigario manuel rodrigues
1024: 
1025: bap$b1728.45
1025:          n$joao/m/id=1728-b45-joao
1026: 
1027:          pn$manuel francisco/id=b1728.45-per1
1028:             ls$naturalidade/casal novo
1029:             ls$residencia/casa velha
1030: 
1031:          mn$mariana francisca/id=b1728.45-per2
1032:             ls$naturalidade/gesteira
1033: 
1034:          pad$joao dos santos/id=b1728.45-per3
1035:             ls$residencia/carvalheira
1036:             ls$freguesia/samuel
1037: 
1038:          mad$maria/id=b1728.45-per4
1039:             ls$ec/solteira
1040:             ls$residencia/casal novo
1041: 
1042:          pmad$joao francisco/id=b1728.45-per5
1043:             ls$residencia/casal novo
1044: 
1045:          referida$isabel domingues/id=b1728.45-per6
1046:             ls$ec/viuva
1047:             ls$residencia/gesteira
1048:             rel$sociabilidade/baptizou em necessidade/joao/1728-b45-joao
1049: 
1050:       bap$b1728.46/19/5/1728/fol.1728/igreja de sao tiago/vigario manuel rodrigues
1051: 
1052: bap$b1728.46
1052:          n$maria/f/id=1728-b46-maria
1053:             ls$enjeitada/sim/obs=exposta a porta de antonio rodrigues feijao em sao mateus
1054: 
1055:          pn$nome desconhecido/id=b1728.46-per1
1056: 
1057:          mn$nome desconhecido/id=b1728.46-per2
1058: 
1059:          pad$jose nunes/id=b1728.46-per3
1060:             ls$residencia/casa velha
1061: 
1062:          mad$antonia/id=b1728.46-per4
1063:             ls$ec/solteira
1064:             ls$residencia/soure
1065: 
1066:          pmad$manuel gomes pinheiro/id=b1728.46-per5
1067:             ls$residencia/soure
1068: 
1069:          referida$isabel joao/id=1728-b46-isabel
1070:             ls$residencia/soure
1071:             rel$sociabilidade/ama/maria/1728-b46-maria
1072: 
1073:          referido$jose martins camouco/id=b1728.46-per6
1074:             ls$residencia

ERROR: bap1728.cli line 1074 ** Error: missing element(s) in ls(att-368) must have: valor
Near line: 1074             ls$residencia
Near line: 1075             rel$parentesco/marido/isabel joao/1728-b46-isabel

1075:             rel$parentesco/marido/isabel joao/1728-b46-isabel
1076: 
1077:       bap$b1728.47/23/5/1728/fol.138/igreja de sao tiago/padre manuel rodrigues alvaro
1078: 
1079: bap$b1728.47
1079:          n$jose/m/id=b1728.47-per1
1080: 
1081:          pn$sebastiao simoes/id=b1728.47-per2
1082:             ls$naturalidade/lagem
1083:             ls$residencia/simoes
1084: 
1085:          mn$antonia rodrigues/id=b1728.47-per3
1086:             ls$naturalidade/simoes
1087: 
1088:          pad$jose pereira/id=1728-b47-jose
1089:             ls$residencia/sao mateus
1090: 
1091:          mad$catarina/id=b1728.47-per4
1092:             ls$ec/solteira
1093:             ls$residencia/sao mateus
1094:             rel$parentesco/irma/jose pereira/1728-b47-jose
1095: 
1096:       bap$b1728.48/23/5/1728/fol.138/igreja de sao tiago/padre manuel rodrigues alvaro
1097: 
1098: bap$b1728.48
1098:          n$isabel/f/id=b1728.48-per1
1099: 
1100:          pn$manuel lopes/id=b1728.48-per2
1101:             ls$naturalidade/assamassa
1102:             ls$residencia/alencarce de cima
1103: 
1104:          mn$maria joao/id=b1728.48-per3
1105:             ls$naturalidade/alencarce de cima
1106: 
1107:          pad$antonio ferreira/id=b1728.48-per4
1108:             ls$ec/solteiro
1109:             ls$residencia/alencarce de cima
1110: 
1111:          mad$maria/id=b1728.48-per5
1112:             ls$ec/solteira
1113:             ls$residencia/paleao
1114: 
1115:          pmad$manuel rodrigues branco/id=b1728.48-per6
1116:             ls$residencia/paleao
1117: 
1118:       bap$b1728.49/31/5/1728/fol.138v/igreja de sao tiago/padre joao gaspar
1119: 
1120: bap$b1728.49
1120:          n$antonio/m/id=b1728.49-per1
1121: 
1122:          pn$joao rodrigues monteiro/id=b1728.49-per2
1123:             ls$naturalidade/simoes
1124:             ls$residencia/simoes
1125: 
1126:          mn$mariana rodrigues/id=b1728.49-per3
1127:             ls$naturalidade/simoes
1128: 
1129:          pad$joao rodrigues/id=b1728.49-per4
1130:             ls$residencia/simoes
1131: 
1132:          mad$antonia francisca/id=b1728.49-per5
1133: 
1134:          mrmad$francisco antunes/id=b1728.49-per6
1135:             ls$residencia/robalia
1136:             ls$freguesia/ega
1137: 
1138:       bap$b1728.50/1/6/1728/fol.138v/igreja de sao tiago/padre joao gaspar
1139: 
1140: bap$b1728.50
1140:          n$teresa/f/id=b1728.50-per1
1141: 
1142:          pn$domingos francisco/id=b1728.50-per2
1143:             ls$naturalidade/ponte do areal do rio
1144:             ls$freguesia/lousa
1145:             ls$residencia/casal do malvado
1146: 
1147:          mn$maria da piedade/id=b1728.50-per3
1148:             ls$naturalidade/covado lobo
1149:             ls$freguesia/lousa
1150: 
1151:          pad$jose lopes/id=1728-b50-jose
1152:             ls$residencia/soure
1153: 
1154:          mad$teresa de jesus/id=1728-b50-teresa
1155:             ls$ec/solteira
1156:             rel$parentesco/sobrinha/jose lopes/1728-b50-jose
1157: 
1158:          referido$bernardo de santo antonio/id=b1728.50-per4
1159:             ls$profissao/padre
1160:             ls$ordem/santo agostinho
1161:             ls$residencia/soure
1162:             rel$sociabilidade/procurador/jose lopes/1728-b50-jose
1163: 
1164:          referido$jose rodrigues feijao/id=b1728.50-per5
1165:             ls$residencia/sao mateus
1166:             rel$sociabilidade/procurador/teresa de jesus/1728-b50-teresa
1167: 
1168:       bap$b1728.51/13/6/1728/fol.139/igreja de sao tiago/vigario manuel rodrigues
1169: 
1170: bap$b1728.51
1170:          n$jose/m/id=1728-b51-jose
1171: 
1172:          pn$manuel gomes/id=b1728.51-per1
1173:             ls$naturalidade/casal da venda
1174:             ls$residencia/casal da venda
1175: 
1176:          mn$luisa da costa/id=b1728.51-per2
1177:             ls$naturalidade/vale da borra
1178: 
1179:          pad$jose gomes/id=1728-b51-gomes
1180:             ls$profissao/padre
1181:             ls$residencia/casal da venda
1182:             rel$sociabilidade/baptizou em necessidade/jose/1728-b51-jose
1183: 
1184:          mad$caetana/id=b1728.51-per3
1185:             ls$ec/solteira
1186:             ls$residencia/casal da venda
1187:             rel$parentesco/irma/jose gomes/1728-b51-gomes
1188: 
1189:       bap$b1728.52/20/6/1728/fol.139/igreja de sao tiago/padre manuel rodrigues alvaro
1190: 
1191: bap$b1728.52
1191:          n$maria/f/id=b1728.52-per1
1192: 
1193:          pn$joao martins/id=b1728.52-per2
1194:             ls$naturalidade/cascao
1195:             ls$residencia/cascao
1196: 
1197:          mn$felipa joao/id=b1728.52-per3
1198:             ls$naturalidade/cartaxo
1199:             ls$freguesia/ega
1200: 
1201:          pad$manuel martins/id=1728-b52-manuel
1202:             ls$ec/solteiro
1203:             ls$residencia/cascao
1204: 
1205:          mad$isabel/id=b1728.52-per4
1206:             ls$ec/solteira
1207:             ls$residencia/cascao
1208:             rel$parentesco/irma/manuel martins/1728-b52-manuel
1209: 
1210:       bap$b1728.53/20/6/1728/fol.139/igreja de sao tiago/padre manuel rodrigues alvaro
1211: 
1212: bap$b1728.53
1212:          n$mariana/f/id=b1728.53-per1
1213: 
1214:          pn$jose dinis/id=b1728.53-per2
1215:             ls$naturalidade/areias
1216:             ls$residencia/pinheiro
1217: 
1218:          mn$maria rodrigues/id=b1728.53-per3
1219:             ls$naturalidade/pinheiro
1220: 
1221:          pad$joao goncalves bizarro/id=b1728.53-per4
1222:             ls$residencia/pinheiro
1223: 
1224:          mad$mariana/id=b1728.53-per5
1225:             ls$ec/solteira
1226:             ls$residencia/pinheiro
1227: 
1228:          pmad$joao goncalves/id=b1728.53-per6
1229:             ls$residencia/pinheiro
1230: 
1231:       bap$b1728.54/24/6/1728/fol.139v/igreja de sao tiago/padre jose gomes
1232: 
1233: bap$b1728.54
1233:          n$joaquim/m/id=b1728.54-per1
1234: 
1235:          pn$jose rodrigues/id=b1728.54-per2
1236:             ls$alcunha/pachinquas
1237:             ls$naturalidade/sobral
1238:             ls$residencia/sobral
1239: 
1240:          mn$maria francisca/id=b1728.54-per3
1241:             ls$naturalidade/casal da venda
1242: 
1243:          pad$jose gomes/id=1728-b54-jose
1244:             ls$profissao/padre
1245:             ls$residencia/casal da venda
1246: 
1247:          mad$mariana/id=b1728.54-per4
1248:             ls$ec/solteira
1249:             ls$residencia/casal da venda
1250:             rel$parentesco/irma/jose gomes/1728-b54-jose
1251: 
1252:       bap$b1728.55/28/6/1728/fol.139v/igreja de sao tiago/padre jose rodrigues da paz
1253: 
1254: bap$b1728.55
1254:          n$maria/f/id=1728-b55-maria
1255: 
1256:          pn$sebastiao martins/id=b1728.55-per1
1257:             ls$naturalidade/pinheiro
1258:             ls$residencia/soure
1259: 
1260:          mn$maria de brito/id=b1728.55-per2
1261:             ls$naturalidade/soure
1262: 
1263:          pad$jose mendes de abreu/id=1728-b55-jose
1264:             ls$residencia/redinha
1265: 
1266:          mad$josefa/id=1728-b55-josefa
1267:             ls$ec/solteira
1268:             rel$parentesco/irma/jose mendes de abreu/1728-b55-jose
1269: 
1270:          referido$francisco/id=b1728.55-per3
1271:             ls$ec/solteiro
1272:             rel$parentesco/irmao/josefa/1728-b55-josefa
1273:             rel$parentesco/irmao/jose mendes de abreu/1728-b55-jose
1274:             rel$sociabilidade/procurador/josefa/1728-b55-josefa
1275: 
1276:          referido$manuel duarte/id=b1728.55-per4
1277:             ls$profissao/padre
1278:             ls$cargo/capelao
1279:             ls$residencia/soure
1280:             rel$sociabilidade/baptizou em necessidade/maria/1728-b55-maria
1281: 
1282:       bap$b1728.56/5/7/1728/fol.139v-140/igreja de sao tiago/vigario manuel rodrigues
1283: 
1284: bap$b1728.56
1284:          n$joana/f/id=1728-b56-joana
1285: 
1286:          pn$manuel de almeida/id=b1728.56-per1
1287:             ls$naturalidade/paleao
1288:             ls$residencia/paleao
1289: 
1290:          mn$ana gomes/id=b1728.56-per2
1291:             ls$naturalidade/paleao
1292: 
1293:          pad$manuel/id=1728-b56-manuel
1294:             ls$ec/solteiro
1295:             ls$residencia/paleao
1296: 
1297:          mad$teresa/id=b1728.56-per3
1298:             ls$ec/solteira
1299:             ls$residencia/paleao
1300: 
1301:          pmad$antonio mendes/id=b1728.56-per4
1302:             ls$residencia/paleao
1303: 
1304:          referido$manuel rodrigues branco/id=b1728.56-per5
1305:             ls$residencia/paleao
1306:             rel$parentesco/pai/manuel/1728-b56-manuel
1307: 
1308:          referido$jose/id=1728-b56-jose
1309:             ls$ec/solteiro
1310:             ls$residencia/paleao
1311:             rel$sociabilidade/baptizou em necessidade/joana/1728-b56-joana
1312: 
1313:          referida$maria afonso/id=b1728.56-per6
1314:             ls$ec/viuva
1315:             ls$residencia/paleao
1316:             rel$parentesco/mae/jose/1728-b56-jose
1317: 
1318:       bap$b1728.57/11/7/1728/fol.140/igreja de sao tiago/vigario manuel rodrigues
1319: 
1320: bap$b1728.57
1320:          n$maria/f/id=b1728.57-per1
1321: 
1322:          pn$manuel da cruz/id=b1728.57-per2
1323:             ls$naturalidade/maeiras
1324:             ls$freguesia/almagreira
1325:             ls$residencia/casais da misericordia/obs=junto dos bonitos
1326: 
1327:          mn$josefa maria/id=b1728.57-per3
1328:             ls$naturalidade/casais da misericordia
1329: 
1330:          pad$joao da silva/id=b1728.57-per4
1331:             ls$residencia/casais da misericordia
1332: 
1333:          mad$maria/id=b1728.57-per5
1334:             ls$ec/solteira
1335:             ls$residencia/salgueiro
1336:             ls$freguesia/pombal
1337: 
1338:          pmad$andre goncalves/id=b1728.57-per6
1339:             ls$residencia/salgueiro
1340:             ls$freguesia/pombal
1341: 
1342:       bap$b1728.58/12/7/1728/fol.140/igreja de sao tiago/padre joao gaspar
1343: 
1344: bap$b1728.58
1344:          n$manuel/m/id=b1728.58-per1
1345: 
1346:          pn$antonio da costa/id=b1728.58-per2
1347:             ls$naturalidade/casal dos ferreiros
1348:             ls$freguesia/tapeus
1349:             ls$residencia/presa
1350: 
1351:          mn$luisa rodrigues/id=b1728.58-per3
1352:             ls$naturalidade/presa
1353: 
1354:          pad$joao rodrigues/id=b1728.58-per4
1355:             ls$ec/solteiro
1356:             ls$residencia/casal dos ferreiros
1357:             ls$freguesia/tapeus
1358: 
1359:          mad$catarina rodrigues/id=b1728.58-per5
1360: 
1361:          mrmad$manuel antunes/id=b1728.58-per6
1362:             ls$residencia/presa
1363: 
1364:       bap$b1728.59/13/7/1728/fol.140-140v/igreja de sao tiago/padre manuel duarte
1365: 
1366: bap$b1728.59
1366:          n$catarina/f/id=b1728.59-per1
1367: 
1368:          pn$antonio goncalves/id=b1728.59-per2
1369:             ls$naturalidade/louzoes
1370:             ls$residencia/casal das brancas
1371: 
1372:          mn$jacinta rodrigues/id=b1728.59-per3
1373:             ls$naturalidade/casal das brancas
1374: 
1375:          pad$domingos goncalves/id=b1728.59-per4
1376:             ls$residencia/lousoes
1377: 
1378:          mad$catarina/id=b1728.59-per5
1379:             ls$ec/solteira
1380:             ls$residencia/casal das brancas
1381: 
1382:          pmad$paulo antunes/id=b1728.59-per6
1383:             ls$residencia/casal das brancas
1384: 
1385:       bap$b1728.60/19/7/1728/fol.140v/igreja de sao tiago/padre joao gaspar
1386: 
1387: bap$b1728.60
1387:          n$maria/f/id=b1728.60-per1
1388: 
1389:          pn$manuel joao/id=b1728.60-per2
1390:             ls$naturalidade/casconho
1391:             ls$residencia/casconho
1392: 
1393:          mn$felipa simoes/id=b1728.60-per3
1394:             ls$naturalidade/carvalhal
1395:             ls$freguesia/tapeus
1396: 
1397:          pad$joao duarte/id=b1728.60-per4
1398:             ls$residencia/carvalhal
1399:             ls$freguesia/tapeus
1400: 
1401:          mad$maria joao/id=b1728.60-per5
1402: 
1403:          mrmad$antonio simoes/id=b1728.60-per6
1404:             ls$residencia/moinhos da figueirinha
1405:             ls$freguesia/redinha
1406: 
1407:       bap$b1728.61/25/7/1728/fol.140v-141/igreja de sao tiago/padre manuel rodrigues alvaro
1408: 
1409: bap$b1728.61
1409:          n$francisca/f/id=b1728.61-per1
1410: 
1411:          pn$joao ramos/id=b1728.61-per2
1412:             ls$naturalidade/cartaxo
1413:             ls$freguesia/ega
1414:             ls$residencia/alencarce de cima
1415: 
1416:          mn$maria rodrigues/id=b1728.61-per3
1417:             ls$naturalidade/alencarce de cima
1418: 
1419:          pad$antonio/id=1728-b61-antonio
1420:             ls$ec/solteiro
1421:             ls$residencia/cartaxo
1422:             ls$freguesia/ega
1423: 
1424:          mad$francisca/id=b1728.61-per4
1425:             ls$ec/solteira
1426:             ls$residencia/cadaval pequeno
1427:             ls$freguesia/furadouro
1428: 
1429:          pmad$andre joao/id=b1728.61-per5
1430:             ls$residencia/cadaval pequeno
1431:             ls$freguesia/furadouro
1432: 
1433:          referido$joao rodrigues/id=b1728.61-per6
1434:             ls$residencia/cartaxo
1435:             ls$freguesia/ega
1436:             rel$parentesco/pai/antonio/1728-b61-antonio
1437: 
1438:       bap$b1728.62/26/7/1728/fol.141/igreja de sao tiago/padre manuel rodrigues alvaro
1439: 
1440: bap$b1728.62
1440:          n$maria/f/id=b1728.62-per1
1441: 
1442:          pn$manuel rodrigues/id=b1728.62-per2
1443:             ls$naturalidade/quinta da cruz
1444:             ls$residencia/portela
1445: 
1446:          mn$maria antunes/id=b1728.62-per3
1447:             ls$naturalidade/portela
1448: 
1449:          pad$joao/id=1728-b62-joao
1450:             ls$ec/solteiro
1451:             ls$residencia/quinta da cruz
1452: 
1453:          mad$maria/id=b1728.62-per4
1454:             ls$ec/solteira
1455:             ls$residencia/quinta de baixo
1456: 
1457:          pmad$manuel rodrigues galego/id=b1728.62-per5
1458:             ls$residencia/quinta de baixo
1459: 
1460:          referida$luisa dos santos/id=b1728.62-per6
1461:             ls$ec/viuva
1462:             ls$residencia/quinta da cruz
1463:             rel$parentesco/mae/joao/1728-b62-joao
1464: 
1465:       bap$b1728.63/7/8/1728/fol.141/igreja de sao tiago/vigario manuel rodrigues
1466: 
1467: bap$b1728.63
1467:          n$antonio/m/id=1728-b63-antonio
1468: 
1469:          pn$manuel rodrigues feijao/id=b1728.63-per1
1470:             ls$naturalidade/cavaleiros
1471:             ls$residencia/cavaleiros
1472: 
1473:          mn$isabel rodrigues/id=b1728.63-per2
1474:             ls$naturalidade/lagem
1475: 
1476:          pad$jose de sao tomas/id=b1728.63-per3
1477:             ls$profissao/padre
1478:             ls$naturalidade/soure
1479: 
1480:          mad$josefa de azevedo/id=1728-b63-josefa
1481:             ls$ec/solteira
1482: 
1483:          referido$manuel rodrigues descalco/id=b1728.63-per4
1484:             ls$residencia/soure
1485:             rel$sociabilidade/procurador/josefa de azevedo/1728-b63-josefa
1486: 
1487:          referido$domingos leao/id=b1728.63-per5
1488:             ls$residencia/lagem
1489:             rel$sociabilidade/baptizou em necessidade/antonio/1728-b63-antonio
1490: 
1491:       bap$b1728.64/8/8/1728/fol.141-141v/igreja de sao tiago/vigario manuel rodrigues
1492: 
1493: bap$b1728.64
1493:          n$jose/m/id=b1728.64-per1
1494: 
1495:          pn$manuel jorge/id=b1728.64-per2
1496:             ls$naturalidade/pousada
1497:             ls$residencia/simoes
1498: 
1499:          mn$teresa francisca/id=b1728.64-per3
1500:             ls$naturalidade/simoes
1501: 
1502:          pad$manuel goncalves branco/id=b1728.64-per4
1503:             ls$residencia/mogadouro
1504: 
1505:          mad$maria goncalves/id=b1728.64-per5
1506: 
1507:          mrmad$mateus carvalho/id=b1728.64-per6
1508:             ls$residencia/mogadouro
1509: 
1510:       bap$b1728.65/8/8/1728/fol.141v/igreja de sao tiago/vigario manuel rodrigues
1511: 
1512: bap$b1728.65
1512:          n$maria/f/id=1728-b65-maria
1513:             ls$enjeitada/sim/obs=exposta a porta da ermida de sao jose em pinheiro
1514: 
1515:          pn$nome desconhecido/id=b1728.65-per1
1516: 
1517:          mn$nome desconhecido/id=b1728.65-per2
1518: 
1519:          pad$mateus carvalho/id=b1728.65-per3
1520:             ls$residencia/mogadouro
1521: 
1522:          mad$antonia/id=b1728.65-per4
1523:             ls$ec/solteira
1524:             ls$residencia/soure
1525: 
1526:          pmad$manuel gomes pinheiro/id=b1728.65-per5
1527:             ls$residencia/soure
1528: 
1529:          referida$isabel joao/id=1728-b65-isabel
1530:             ls$residencia/soure
1531:             rel$sociabilidade/ama/maria/1728-b65-maria
1532: 
1533:          referido$jose martins camouco/id=b1728.65-per6
1534:             ls$residencia/soure
1535:             rel$parentesco/marido/isabel joao/1728-b65-isabel
1536: 
1537:       bap$b1728.66/16/8/1728/fol.141v/igreja de sao tiago/vigario manuel rodrigues
1538: 
1539: bap$b1728.66
1539:          n$luis/f/id=b1728.66-per1
1540: 
1541:          pn$joao francisco/id=b1728.66-per2
1542:             ls$naturalidade/sobral
1543:             ls$residencia/mogadouro
1544: 
1545:          mn$isabel francisca/id=b1728.66-per3
1546:             ls$naturalidade/casal da venda
1547: 
1548:          pad$jose gomes/id=1728-b66-jose
1549:             ls$profissao/padre
1550:             ls$residencia/casal da venda
1551: 
1552:          mad$mariana/id=b1728.66-per4
1553:             ls$ec/solteira
1554:             ls$residencia/casal da venda
1555:             rel$parentesco/irma/jose gomes/1728-b66-jose
1556: 
1557:       bap$b1728.67/17/8/1728/fol.141v-142/igreja de sao tiago/padre manuel rodrigues alvaro
1558: 
1559: bap$b1728.67
1559:          n$manuel/m/id=b1728.67-per1
1560: 
1561:          pn$francisco da costa/id=b1728.67-per2
1562:             ls$naturalidade/casa velha
1563:             ls$residencia/casa velha
1564: 
1565:          mn$mariana rodrigues/id=b1728.67-per3
1566:             ls$naturalidade/sobral
1567: 
1568:          pad$manuel/id=1728-b67-manuel
1569:             ls$ec/solteiro
1570:             ls$residencia/casa velha
1571: 
1572:          mad$antonia rodrigues/id=b1728.67-per4
1573:             ls$ec/solteira
1574:             ls$residencia/sobral
1575: 
1576:          referido$jose rodrigues tome/id=b1728.67-per5
1577:             ls$residencia/casa velha
1578: 
1579:       bap$b1728.68/20/8/1728/fol.142/igreja de sao tiago/vigario manuel rodrigues
1580: 
1581: bap$b1728.68
1581:          n$maria/f/id=b1728.68-per1
1582:             ls$ilegitima/sim
1583: 
1584:          mn$teresa/id=1728-b68-teresa
1585:             ls$profissao/escrava
1586:             ls$naturalidade/lisboa/obs=baptizada na freguesia de sao joao da praca
1587:             ls$residencia/quinta da telhada
1588: 
1589:          pad$luis/id=1728-b68-luis
1590:             ls$ec/solteiro
1591:             ls$residencia/quinta da telhada
1592: 
1593:          mad$antonia goncalves/id=b1728.68-per2
1594: 
1595:          mrmad$manuel francisco/id=b1728.68-per3
1596:             ls$residencia/portela
1597: 
1598:          referido$manuel rodrigues/id=b1728.68-per4
1599:             ls$cargo/tenente
1600:             ls$residencia/quinta da telhada
1601:             rel$parentesco/pai/luis/1728-b68-luis
1602:             rel$sociabilidade/dono/teresa/1728-b68-teresa
1603: 
1604:       bap$b1728.69/24/8/1728/fol.142/igreja de sao tiago/vigario manuel rodrigues
1605: 
1606: bap$b1728.69
1606:          n$bernardo/m/id=b1728.69-per1
1607: 
1608:          pn$manuel gomes/id=b1728.69-per2
1609:             ls$naturalidade/paleao
1610:             ls$residencia/paleao
1611: 
1612:          mn$ana cardosa/id=b1728.69-per3
1613:             ls$naturalidade/corujeira
1614: 
1615:          pad$joao de barros/id=b1728.69-per4
1616:             ls$cargo/alcaide
1617:             ls$residencia/soure
1618: 
1619:          mad$maria soares/id=b1728.69-per5
1620:             ls$ec/solteira
1621:             ls$residencia/paleao
1622: 
1623:       bap$b1728.70/11/9/1728/fol.143/igreja de sao tiago/padre manuel rodrigues alvaro
1624: 
1625: bap$b1728.70
1625:          n$jose/m/id=b1728.70-per1
1626: 
1627:          pn$sebastiao dinis/id=b1728.70-per2
1628:             ls$naturalidade/areias
1629:             ls$residencia/areias
1630: 
1631:          mn$antonia simoes/id=b1728.70-per3
1632:             ls$naturalidade/lagem
1633: 
1634:          pad$manuel/id=1728-b70-manuel
1635:             ls$residencia/lagem
1636: 
1637:          mad$maria/id=b1728.70-per4
1638:             ls$ec/solteira
1639:             ls$residencia/alencarce de baixo
1640: 
1641:          pmad$martinho goncalves/id=b1728.70-per5
1642:             ls$residencia/alencarce de baixo
1643: 
1644:          referido$manuel leao/id=b1728.70-per6
1645:             ls$residencia/lagem
1646:             rel$parentesco/pai/manuel/1728-b70-manuel
1647: 
1648:       bap$b1728.71/15/9/1728/fol.143/igreja de sao tiago/vigario manuel rodrigues
1649: 
1650: bap$b1728.71
1650:          n$maria/f/id=b1728.71-per1
1651: 
1652:          pn$manuel rodrigues/id=b1728.71-per2
1653:             ls$naturalidade/oureca
1654:             ls$residencia/espirito santo
1655: 
1656:          mn$maria ferreira/id=b1728.71-per3
1657:             ls$naturalidade/lamas
1658: 
1659:          pad$manuel rodrigues/id=b1728.71-per4
1660:             ls$profissao/padre
1661:             ls$cargo/vigario
1662:             ls$residencia/soure
1663: 
1664:          mad$josefa rodrigues/id=b1728.71-per5
1665:             ls$ec/viuva
1666:             ls$residencia/sao mateus
1667: 
1668:       bap$b1728.72/19/9/1728/fol.143v/igreja de sao tiago/padre manuel rodrigues alvaro
1669: 
1670: bap$b1728.72
1670:          n$josefa/f/id=b1728.72-per1
1671: 
1672:          pn$domingos madeira alencarce de cima/id=b1728.72-per2
1673:             ls$residencia/alencarce de cima
1674: 
1675:          mn$maria francisca/id=b1728.72-per3
1676:             ls$naturalidade/alencarce de cima
1677: 
1678:          pad$jose/id=1728-b72-jose
1679:             ls$ec/solteiro
1680:             ls$residencia/alencarce de cima
1681: 
1682:          mad$isabel/id=b1728.72-per4
1683:             ls$ec/solteira
1684:             ls$residencia/alencarce de cima
1685:             rel$parentesco/irma/jose/1728-b72-jose
1686: 
1687:          mmad$catarina francisca/id=b1728.72-per5
1688:             ls$ec/viuva
1689:             ls$residencia/alencarce de cima
1690:             rel$parentesco/mae/jose/1728-b72-jose
1691: 
1692:       bap$b1728.73/26/9/1728/fol.143v/igreja de sao tiago/padre manuel rodrigues alvaro
1693: 
1694: bap$b1728.73
1694:          n$manuel/m/id=1728-b73-manuel
1695: 
1696:          pn$domingos rodrigues/id=b1728.73-per1
1697:             ls$naturalidade/quinta de sao bento
1698:             ls$residencia/quinta de sao bento
1699: 
1700:          mn$maria de sao jose/id=b1728.73-per2
1701:             ls$naturalidade/quinta de sao bento
1702: 
1703:          pad$manuel rodrigues/id=b1728.73-per3
1704:             ls$residencia/baixos
1705:             ls$freguesia/tapeus
1706: 
1707:          mad$maria rodrigues/id=b1728.73-per4
1708: 
1709:          mrmad$mateus rodrigues/id=b1728.73-per5
1710:             ls$residencia/porto coelheiro
1711: 
1712:          referida$maria martins/id=b1728.73-per6
1713:             ls$ec/viuva
1714:             ls$residencia/carvalhal
1715:             ls$freguesia/tapeus
1716:             rel$sociabilidade/baptizou em necessidade/manuel/1728-b73-manuel
1717: 
1718:       bap$b1728.74/26/9/1728/fol.142v-144/igreja de sao tiago/vigario manuel rodrigues
1719: 
1720: bap$b1728.74
1720:          n$luis/m/id=b1728.74-per1
1721: 
1722:          pn$manuel gomes/id=b1728.74-per2
1723:             ls$naturalidade/paleao
1724:             ls$residencia/paleao
1725: 
1726:          mn$cecilia pereira/id=b1728.74-per3
1727:             ls$naturalidade/paleao
1728: 
1729:          pad$lui gomes/id=b1728.74-per4
1730:             ls$residencia/paleao
1731: 
1732:          mad$maria rodrigues/id=b1728.74-per5
1733:             ls$ec/solteira
1734:             ls$residencia/rolhao
1735: 
1736:       bap$b1728.75/26/9/1728/fol.144/igreja de sao tiago/vigario manuel rodrigues
1737: 
1738: bap$b1728.75
1738:          n$jose/m/id=b1728.75-per1
1739: 
1740:          pn$manuel rodrigues/id=b1728.75-per2
1741:             ls$naturalidade/oureca
1742:             ls$residencia/quinta do cano
1743: 
1744:          mn$catarina joao/id=b1728.75-per3
1745:             ls$naturalidade/sobral
1746: 
1747:          pad$jose/id=1728-b75-jose
1748:             ls$ec/solteiro
1749:             ls$residencia/soure
1750: 
1751:          mad$alexandra/id=1728-b75-alexandra
1752:             ls$titulo/dona
1753:             ls$residencia/soure
1754: 
1755:          mrmad$jacinto da costa/id=b1728.75-per4
1756:             ls$titulo/doutor
1757:             ls$residencia/soure
1758: 
1759:          referido$joao da costa de vasconcelos/id=b1728.75-per5
1760:             ls$residencia/soure
1761:             rel$parentesco/pai/jose/1728-b75-jose
1762: 
1763:          referido$luis ribeiro cabral/id=b1728.75-per6
1764:             ls$profissao/padre
1765:             ls$residencia/soure
1766:             rel$sociabilidade/procurador/alexandra/1728-b75-alexandra
1767: 
1768:       bap$b1728.76/26/9/1728/fol.144/igreja de sao tiago/padre manuel rodrigues alvaro
1769: 
1770: bap$b1728.76
1770:          n$maria/f/id=b1728.76-per1
1771: 
1772:          pn$jose rodrigues/id=b1728.76-per2
1773:             ls$naturalidade/barril
1774:             ls$residencia/barril
1775: 
1776:          mn$maria rodrigues/id=b1728.76-per3
1777:             ls$naturalidade/casconho
1778: 
1779:          pad$bernardo de santo antonio/id=b1728.76-per4
1780:             ls$profissao/padre
1781:             ls$residencia/soure
1782: 
1783:          mad$josefa/id=b1728.76-per5
1784:             ls$ec/solteira
1785:             ls$residencia/barril
1786: 
1787:          pmad$joao francisco/id=b1728.76-per6
1788:             ls$residencia/barril
1789: 
1790:       bap$b1728.77/27/9/1728/fol.144v/igreja de sao tiago/vigario manuel rodrigues
1791: 
1792: bap$b1728.77
1792:          n$manuel/m/id=b1728.77-per1
1793: 
1794:          pn$joao rodrigues/id=b1728.77-per2
1795:             ls$naturalidade/vila nova de ancos
1796:             ls$residencia/assamassa
1797: 
1798:          mn$isabel dos santos/id=b1728.77-per3
1799:             ls$naturalidade/laranjeira
1800:             ls$freguesia/tapeus
1801: 
1802:          pad$francisco pinto/id=b1728.77-per4
1803: 
1804:          mad$serafina/id=b1728.77-per5
1805:             ls$ec/solteira
1806:             ls$residencia/poucapena
1807: 
1808:          pmad$francisco godinho/id=b1728.77-per6
1809:             ls$residencia/poucapena
1810: 
1811:       bap$b1728.78/27/9/1728/fol.144v/igreja de sao tiago/vigario manuel rodrigues
1812: 
1813: bap$b1728.78
1813:          n$joao/m/id=b1728.78-per1
1814: 
1815:          pn$roque da conceicao/id=b1728.78-per2
1816:             ls$naturalidade/paleao
1817:             ls$residencia/paleao
1818: 
1819:          mn$maria esteves/id=b1728.78-per3
1820:             ls$naturalidade/barril
1821: 
1822:          pad$jose colaco/id=b1728.78-per4
1823:             ls$ec/solteiro
1824:             ls$residencia/espirito santo
1825: 
1826:          mad$angelica/id=b1728.78-per5
1827:             ls$ec/solteira
1828:             ls$residencia/paleao
1829: 
1830:          mmad$maria afonso/id=b1728.78-per6
1831:             ls$ec/viuva
1832:             ls$residencia/paleao
1833: 
1834:       bap$b1728.79/27/9/1728/fol.144v/igreja de sao tiago/vigario manuel rodrigues
1835: 
1836: bap$b1728.79
1836:          n$jose/m/id=b1728.79-per1
1837: 
1838:          pn$manuel mendes henriques/id=b1728.79-per2
1839:             ls$naturalidade/casal do tinto
1840:             ls$freguesia/redinha
1841:             ls$residencia/bonitos
1842: 
1843:          mn$maria da conceicao/id=b1728.79-per3
1844:             ls$naturalidade/bonitos
1845: 
1846:          pad$manuel rodrigues/id=b1728.79-per4
1847:             ls$profissao/padre
1848:             ls$cargo/vigario
1849:             ls$residencia/soure
1850: 
1851:          mad$josefa/id=b1728.79-per5
1852:             ls$ec/solteira
1853:             ls$residencia/bonitos
1854: 
1855:          pmad$manuel lourenco/id=b1728.79-per6
1856:             ls$residencia/bonitos
1857: 
1858:       bap$b1728.80/2/10/1728/fol.144v-145/igreja de sao tiago/padre manuel rodrigues alvaro
1859: 
1860: bap$b1728.80
1860:          n$josefa/f/id=1728-b80-josefa
1861: 
1862:          pn$joao henriques/id=b1728.80-per1
1863:             ls$naturalidade/soure
1864:             ls$residencia/soure
1865: 
1866:          mn$angela pereira/id=b1728.80-per2
1867:             ls$naturalidade/casa velha
1868: 
1869:          pad$manuel de tavora/id=b1728.80-per3
1870:             ls$residencia/soure
1871: 
1872:          mad$teresa/id=b1728.80-per4
1873:             ls$ec/solteira
1874:             ls$residencia/casa velha
1875: 
1876:          pmad$domingos lopes/id=b1728.80-per5
1877:             ls$residencia/casa velha
1878: 
1879:          referida$maria gomes/id=b1728.80-per6
1880:             ls$profissao/parteira
1881:             ls$residencia/soure
1882:             rel$sociabilidade/baptizou em necessidade/josefa/1728-b80-josefa
1883: 
1884:       bap$b1728.81/2/10/1728/fol.1728/igreja de sao tiago/padre manuel rodrigues alvaro
1885: 
1886: bap$b1728.81
1886:          n$tomas/m/id=b1728.81-per1
1887: 
1888:          pn$jose henriques/id=b1728.81-per2
1889:             ls$naturalidade/soure
1890:             ls$residencia/soure
1891: 
1892:          mn$helena da cruz/id=b1728.81-per3
1893:             ls$naturalidade/almodovar/obs=bispado de beja
1894: 
1895:          pad$domingos cardoso/id=b1728.81-per4
1896:             ls$residencia/almagreira
1897: 
1898:          mad$luisa maria/id=b1728.81-per5
1899: 
1900:          mrmad$tomas francisco de carvalho/id=b1728.81-per6
1901:             ls$profissao/medico
1902:             ls$residencia/soure
1903: 
1904:       bap$b1728.82/4/10/1728/fol.145/igreja de sao tiago/vigario manuel rodrigues
1905: 
1906: bap$b1728.82
1906:          n$dionisia/f/id=b1728.82-per1
1907: 
1908:          pn$joao francisco/id=b1728.82-per2
1909:             ls$naturalidade/barril
1910:             ls$residencia/barril
1911: 
1912:          mn$maria dias/id=b1728.82-per3
1913: 
1914:          pad$manuel gaspar/id=b1728.82-per4
1915:             ls$residencia/paleao
1916: 
1917:          mad$dionisia/id=b1728.82-per5
1918:             ls$residencia/sao mateus
1919: 
1920:          pmad$joao mendes/id=b1728.82-per6
1921:             ls$residencia/sao mateus
1922: 
1923:       bap$b1728.83/5/10/1728/fol.145v/igreja de sao tiago/vigario manuel rodrigues
1924: 
1925: bap$b1728.83
1925:          n$jose/m/id=b1728.83-per1
1926: 
1927:          pn$francisco ferreira/id=b1728.83-per2
1928:             ls$naturalidade/bechos
1929:             ls$residencia/portela
1930: 
1931:          mn$damasia gaspar/id=b1728.83-per3
1932:             ls$naturalidade/portela
1933: 
1934:          pad$francisco homem de quadros/id=b1728.83-per4
1935:             ls$residencia/soure
1936: 
1937:          mad$josefa de azevedo/id=1728-b83-josefa
1938:             ls$residencia/soure
1939: 
1940:          referido$manuel rodrigues descalco/id=b1728.83-per5
1941:             ls$residencia/soure
1942:             rel$sociabilidade/procurador/josefa/1728-b83-josefa
1943: 
1944:       bap$b1728.84/6/10/1728/fol.145v/igreja de sao tiago/padre manuel rodrigues alvaro
1945: 
1946: bap$b1728.84
1946:          n$jose/m/id=b1728.84-per1
1947: 
1948:          pn$domingos cardoso/id=b1728.84-per2
1949:             ls$naturalidade/casal novo
1950:             ls$residencia/migalho
1951: 
1952:          mn$isabel dos santos/id=b1728.84-per3
1953:             ls$naturalidade/casal novo
1954: 
1955:          pad$manuel cardoso/id=b1728.84-per4
1956:             ls$residencia/migalho
1957: 
1958:          mad$maria goncalves/id=b1728.84-per5
1959: 
1960:          mrmad$joao cardoso/id=b1728.84-per6
1961:             ls$residencia/migalho
1962: 
1963:       bap$b1728.85/12/10/1728/fol.146/igreja de sao tiago/padre manuel rodrigues alvaro
1964: 
1965: bap$b1728.85
1965:          n$paulo/m/id=b1728.85-per1
1966: 
1967:          pn$manuel goncalves/id=b1728.85-per2
1968:             ls$naturalidade/assamassa
1969:             ls$residencia/espirito santo
1970: 
1971:          mn$maria de oliveira/id=b1728.85-per3
1972:             ls$naturalidade/melrical
1973: 
1974:          pad$paulo antunes/id=1728-b85-paulo
1975:             ls$profissao/padre
1976:             ls$residencia/assamassa
1977: 
1978:          mad$maria/id=b1728.85-per4
1979:             ls$ec/solteira
1980:             ls$residencia/assamassa
1981: 
1982:          pmad$antonio goncalves/id=b1728.85-per5
1983:             ls$residencia/assamassa
1984: 
1985:          referido$manuel rodrigues/id=b1728.85-per6
1986:             ls$profissao/padre
1987:             ls$cargo/vigario
1988:             ls$residencia/soure
1989:             rel$sociabilidade/procurador/paulo antunes/1728-b85-paulo
1990: 
1991:       bap$b1728.87/23/10/1728/fol.146/igreja de sao tiago/vigario manuel rodrigues
1992: 
1993: bap$b1728.87
1993:          n$maria/f/id=1728-b87-maria
1994: 
1995:          pn$antonio mateus/id=b1728.87-per1
1996:             ls$naturalidade/pinheiro
1997:             ls$residencia/soure
1998: 
1999:          mn$maria rodrigues/id=b1728.87-per2
2000:             ls$naturalidade/casal do rego
2001:             ls$freguesia/figueiro do campo
2002: 
2003:          pad$francisco da trindade/id=b1728.87-per3
2004:             ls$profissao/ermitao
2005:             ls$residencia/soure
2006: 
2007:          mad$maria marques/id=b1728.87-per4
2008:             ls$ec/solteira
2009:             ls$residencia/soure
2010: 
2011:          referida$maria gomes/id=b1728.87-per5
2012:             ls$profissao/parteira
2013:             ls$residencia/soure
2014:             rel$sociabilidade/baptizou em necessidade/maria/1728-b87-maria
2015: 
2016:       bap$b1728.86/24/10/1728/fol.146v/igreja de sao tiago/vigario manuel rodrigues
2017: 
2018: bap$b1728.86
2018:          n$paulo/m/id=b1728.86-per1
2019:             ls$ilegitimo/sim
2020: 
2021:          mn$maria/id=b1728.86-per2
2022:             ls$alcunha/a carrica
2023:             ls$residencia/espirito santo
2024: 
2025:          pn$joao colaco de morais/obs=ele confessou ser pai de paulo/id=b1728.86-per3
2026:             ls$ec/solteiro
2027:             ls$residencia/casal do rei
2028: 
2029:          pad$manuel rodrigues/id=b1728.86-per4
2030:             ls$profissao/padre
2031:             ls$cargo/vigario
2032:             ls$residencia/soure
2033: 
2034:          mad$maria do espirito santo/id=b1728.86-per5
2035:             ls$ec/solteira
2036:             ls$residencia/casal do rei
2037: 
2038:       bap$b1728.187/27/10/1728/fol.146v/igreja de sao tiago/vigario manuel rodrigues
2039: 
2040: bap$b1728.187
2040:          n$feliz/m/id=b1728.187-per1
2041: 
2042:          pn$joao de sequeira coelho/id=b1728.187-per2
2043:             ls$naturalidade/soure
2044:             ls$residencia/soure
2045: 
2046:          mn$leonarda maria pessoa/id=b1728.187-per3
2047:             ls$naturalidade/soure
2048: 
2049:          pad$diogo ramires alemao/id=b1728.187-per4
2050:             ls$residencia/leiria
2051: 
2052:          mad$damiana/id=1728-b187-damiana
2053:             ls$ec/solteira
2054:             ls$residencia/soure
2055: 
2056:          mmad$ana maria da silva/id=b1728.187-per5
2057:             ls$residencia/soure
2058: 
2059:          referido$manuel pessoa/id=b1728.187-per6
2060:             ls$profissao/padre
2061:             ls$residencia/soure
2062:             rel$sociabilidade/procurador/damiana/1728-b187-damiana
2063: 
2064:       bap$b1728.88/27/10/1728/fol.146v/igreja de sao tiago/vigario manuel rodrigues
2065: 
2066: bap$b1728.88
2066:          n$isabel/f/id=b1728.88-per1
2067: 
2068:          pn$manuel rodrigues/id=b1728.88-per2
2069:             ls$alcunha/o moco
2070:             ls$naturalidade/pencarpia
2071:             ls$residencia/pencarpia
2072: 
2073:          mn$josefa cardosa/id=b1728.88-per3
2074:             ls$naturalidade/lousoes
2075: 
2076:          pad$sebastiao ferreira/id=b1728.88-per4
2077:             ls$residencia/soure
2078: 
2079:          mad$isabel mendes/id=b1728.88-per5
2080: 
2081:          pmad$? joao/obs=duvidas no nome/id=b1728.88-per6
2082:             ls$residencia/casalinhos
2083: 
2084:       bap$b1728.89/28/10/1728/fol.147/igreja de sao tiago/padre manuel rodrigues alvaro
2085: 
2086: bap$b1728.89
2086:          n$jose/m/id=b1728.89-per1
2087: 
2088:          pn$manuel martins/id=b1728.89-per2
2089:             ls$naturalidade/cadaval pequeno
2090:             ls$freguesia/furadouro
2091:             ls$residencia/presa
2092: 
2093:          mn$maria rodrigues/id=b1728.89-per3
2094:             ls$naturalidade/presa
2095: 
2096:          pad$jose/id=1728-b89-jose
2097:             ls$ec/solteiro
2098:             ls$residencia/presa
2099: 
2100:          mad$maria luis/id=b1728.89-per4
2101: 
2102:          mrmad$domingos francisco/id=b1728.89-per5
2103:             ls$residencia/cadaval grande
2104:             ls$freguesia/furadouro
2105: 
2106:       bap$b1728.90/1/11/1728/fol.147/igreja de sao tiago/padre manuel rodrigues alvaro
2107: 
2108: bap$b1728.90
2108:          n$mariana/f/id=b1728.90-per1
2109: 
2110:          pn$jose rodrigues/id=b1728.90-per2
2111:             ls$naturalidade/sobral
2112:             ls$residencia/casal da venda
2113: 
2114:          mn$feliciana rodrigues/id=b1728.90-per3
2115:             ls$naturalidade/casal da venda
2116: 
2117:          pad$miguel rodrigues/id=b1728.90-per4
2118:             ls$residencia/sobral
2119: 
2120:          mad$maria/id=b1728.90-per5
2121:             ls$ec/solteira
2122:             ls$residencia/casal da venda
2123: 
2124:          mmad$isabel francisca/id=b1728.90-per6
2125:             ls$ec/viuva
2126:             ls$residencia/casal da venda
2127: 
2128:       bap$b1728.91/1/11/1720/fol.147-147v/igreja de sao tiago/padre manuel rodrigues alvaro
2129: 
2130: bap$b1728.91
2130:          n$antonia/f/id=b1728.91-per1
2131: 
2132:          pn$joao ferreira/id=b1728.91-per2
2133:             ls$naturalidade/bechos
2134:             ls$residencia/bechos
2135: 
2136:          mn$teresa rodrigues/id=b1728.91-per3
2137:             ls$naturalidade/casal da telhada
2138: 
2139:          pad$joao madeira/id=1728-b91-joao
2140:             ls$residencia/carvalheira de baixo
2141: 
2142:          mad$antonia/id=b1728.91-per4
2143:             ls$ec/solteira
2144:             ls$residencia/carvalheira de baixo
2145:             rel$parentesco/filha/joao madeira/1728-b91-joao
2146: 
2147:       bap$b1728.92/7/11/1728/fol.147v/igreja de sao tiago/padre joao de deus
2148: 
2149: bap$b1728.92
2149:          n$rosa/f/id=b1728.92-per1
2150: 
2151:          pn$jorge/id=b1728.92-per2
2152:             ls$naturalidade/soure
2153:             ls$residencia/soure
2154: 
2155:          mn$teresa de jesus/id=b1728.92-per3
2156:             ls$naturalidade/soure
2157: 
2158:          pad$jose da costa/id=b1728.92-per4
2159:             ls$profissao/carpinteiro
2160:             ls$residencia/soure
2161: 
2162:          mad$antonia/id=b1728.92-per5
2163:             ls$ec/solteira
2164:             ls$residencia/soure
2165: 
2166:          pmad$jose ferreira/id=b1728.92-per6
2167:             ls$residencia/soure
2168: 
2169:       bap$b1728.93/14/11/1728/fol.147v/igreja de sao tiago/vigario manuel rodrigues
2170: 
2171: bap$b1728.93
2171:          n$jose/m/id=b1728.93-per1
2172: 
2173:          pn$simao gaspar/id=b1728.93-per2
2174:             ls$naturalidade/casal da boavista
2175:             ls$freguesia/redinha
2176:             ls$residencia/barrosos
2177: 
2178:          mn$maria simoes/id=b1728.93-per3
2179:             ls$naturalidade/barrosos
2180: 
2181:          pad$manuel goncalves branco/id=b1728.93-per4
2182:             ls$alcunha/o moco
2183:             ls$residencia/mogadouro
2184: 
2185:          mad$catarina/id=b1728.93-per5
2186:             ls$ec/solteira
2187:             ls$residencia/redinha
2188: 
2189:          pmad$manuel cardoso/id=b1728.93-per6
2190:             ls$residencia/redinha
2191: 
2192:       bap$b1728.94/14/11/1728/fol.147v-148/igreja de sao tiago/vigario manuel rodrigues
2193: 
2194: bap$b1728.94
2194:          n$rita/f/id=1728-b94-rita
2195:             ls$enjeitada/sim/obs=exposta de felipa carvalho
2196: 
2197:          pn$nome desconhecido/id=b1728.94-per1
2198: 
2199:          mn$nome desconhecido/id=b1728.94-per2
2200: 
2201:          pad$manuel goncalves branco/id=b1728.94-per3
2202:             ls$alcunha/o moco
2203:             ls$residencia/mogadouro
2204: 
2205:          mad$ines rodrigues/id=b1728.94-per4
2206:             ls$residencia/soure
2207: 
2208:          mrmad$mateus cardoso/id=b1728.94-per5
2209:             ls$residencia/soure
2210: 
2211:          referida$mariana mendes/id=1728-b94-mariana
2212:             ls$residencia/soure
2213:             rel$sociabilidade/ama/rita/1728-b94-rita
2214: 
2215:          referido$luis da silva/id=b1728.94-per6
2216:             ls$residencia/soure
2217:             rel$parentesco/marido/mariana mendes/1728-b94-mariana
2218: 
2219:       bap$b1728.95/21/11/1728/fol.148/igreja de sao tiago/padre manuel rodrigues alvaro
2220: 
2221: bap$b1728.95
2221:          n$maria/f/id=b1728.95-per1
2222: 
2223:          pn$jose da conceicao paleao/id=b1728.95-per2
2224:             ls$residencia/paleao
2225: 
2226:          mn$maria das neves/id=b1728.95-per3
2227:             ls$naturalidade/coimbra
2228: 
2229:          pad$manuel domingos/id=b1728.95-per4
2230:             ls$residencia/paleao
2231: 
2232:          mad$isabel cardosa/id=b1728.95-per5
2233: 
2234:          mrmad$manuel soares/id=b1728.95-per6
2235:             ls$residencia/paleao
2236: 
2237:       bap$b1728.96/28/11/1728/fol.148/igreja de sao tiago/padre manuel rodrigues alvaro
2238: 
2239: bap$b1728.96
2239:          n$antonio/m/id=b1728.96-per1
2240: 
2241:          pn$joao gomes da cruz/id=b1728.96-per2
2242:             ls$naturalidade/paleao
2243:             ls$residencia/paleao
2244: 
2245:          mn$cecilia afonso/id=b1728.96-per3
2246:             ls$naturalidade/paleao
2247: 
2248:          pad$antonio da silva travassos/id=1728-b96-antonio
2249:             ls$residencia/soure
2250: 
2251:          mad$helena soares/id=b1728.96-per4
2252:             ls$ec/solteira
2253:             ls$residencia/paleao
2254: 
2255:          referido$joao afonso/id=b1728.96-per5
2256:             ls$residencia/paleao
2257:             rel$sociabilidade/procurador/antonio da silva travassos/1728-b96-antonio
2258: 
2259:       bap$b1728.97/30/11/1728/fol.148v/igreja de sao tiago/padre joao gaspar
2260: 
2261: bap$b1728.97
2261:          n$manuel/f/id=b1728.97-per1
2262: 
2263:          pn$joao da silva/id=b1728.97-per2
2264:             ls$naturalidade/corujeira
2265:             ls$residencia/simoes
2266: 
2267:          mn$maria da conceicao/id=b1728.97-per3
2268:             ls$naturalidade/simoes
2269: 
2270:          pad$mateus carvalho/id=b1728.97-per4
2271:             ls$residencia/mogadouro
2272: 
2273:          mad$catarina francisca/id=b1728.97-per5
2274: 
2275:          mrmad$diogo francisco/id=b1728.97-per6
2276:             ls$profissao/moleiro
2277:             ls$residencia/simoes
2278: 
2279:       bap$b1728.98/6/12/1728/fol.148v/igreja de sao tiago/padre manuel madeira
2280: 
2281: bap$b1728.98
2281:          n$manuel/m/id=b1728.98-per1
2282: 
2283:          pn$matias da gante/id=b1728.98-per2
2284:             ls$naturalidade/barril
2285:             ls$residencia/casais da misericordia
2286: 
2287:          mn$luisa dias/id=b1728.98-per3
2288:             ls$naturalidade/casais da misericordia
2289: 
2290:          pad$manuel madeira/id=b1728.98-per4
2291:             ls$profissao/padre
2292:             ls$residencia/barril
2293: 
2294:          mad$catarina francisca/id=b1728.98-per5
2295: 
2296:          mrmad$diogo francisco/id=b1728.98-per6
2297:             ls$residencia/simoes
2298: 
2299:       bap$b1728.99/19/12/1728/fol.148v-149/igreja de sao tiago/padre manuel madeira
2300: 
2301: bap$b1728.99
2301:          n$mateus/m/id=b1728.99-per1
2302: 
2303:          pn$antonio marques/id=b1728.99-per2
2304:             ls$profissao/barbeiro
2305:             ls$naturalidade/redinha
2306:             ls$residencia/barrosos
2307: 
2308:          mn$maria rodrigues/id=b1728.99-per3
2309:             ls$naturalidade/barrosos
2310: 
2311:          pad$mateus carvalho/id=b1728.99-per4
2312:             ls$residencia/mogadouro
2313: 
2314:          mad$isabel francisca/id=b1728.99-per5
2315: 
2316:          mrmad$manuel rodrigues/id=b1728.99-per6
2317:             ls$residencia/barrosos
2318: 
2319:       bap$b1728.100/19/12/1728/fol.149/igreja de sao tiago/padre manuel rodrigues alvaro
2320: 
2321: bap$b1728.100
2321:          n$joao/m/id=b1728.100-per1
2322: 
2323:          pn$domingos joao/id=b1728.100-per2
2324:             ls$profissao/hospitaleiro
2325:             ls$naturalidade/soure
2326:             ls$residencia/soure
2327: 
2328:          mn$maria francisca/id=b1728.100-per3
2329:             ls$naturalidade/vinha da rainha
2330: 
2331:          pad$joao colaco/id=1728-b100-joao
2332:             ls$ec/solteiro
2333:             ls$residencia/casal do rei
2334: 
2335:          mad$cecilia/id=1728-b100-cecilia
2336:             ls$ec/solteira
2337:             rel$parentesco/irma/joao colaco/1728-b100-joao
2338: 
2339:          referido$manuel pessoa leitao/id=b1728.100-per4
2340:             ls$profissao/padre
2341:             ls$residencia/soure
2342:             rel$sociabilidade/procurador/cecilia/1728-b100-cecilia
2343: 
2344:       bap$b1728.101/21/12/1728/fol.149/igreja de sao tiago/vigario manuel rodrigues
2345: 
2346: bap$b1728.101
2346:          n$maria/f/id=b1728.101-per1
2347: 
2348:          pn$antonio dos santos/id=b1728.101-per2
2349:             ls$naturalidade/netos
2350:             ls$freguesia/almagreira
2351:             ls$residencia/sobral
2352: 
2353:          mn$domingas rodrigues/id=b1728.101-per3
2354:             ls$naturalidade/sobral
2355: 
2356:          pad$jose francisco/id=b1728.101-per4
2357:             ls$ec/solteiro
2358:             ls$residencia/sobral
2359: 
2360:          mad$maria/id=b1728.101-per5
2361:             ls$ec/solteira
2362:             ls$residencia/netos
2363:             ls$freguesia/almagreira
2364: 
2365:          pmad$manuel dos santos/id=b1728.101-per6
2366:             ls$residencia/netos
2367:             ls$freguesia/almagreira
2368: 
2369:       bap$b1728.102/21/12/1728/fol.149-149v/igreja de sao tiago/vigario manuel rodrigues
2370: 
2371: bap$b1728.102
2371:          n$manuel/m/id=1728-b102-manuel
2372: 
2373:          pn$joao ferreira/id=b1728.102-per1
2374:             ls$naturalidade/leonel
2375:             ls$residencia/leonel
2376: 
2377:          mn$maria bras/id=b1728.102-per2
2378:             ls$naturalidade/casal do marco
2379: 
2380:          pad$jose marques/id=b1728.102-per3
2381:             ls$residencia/soure
2382: 
2383:          mad$antonia/id=b1728.102-per4
2384:             ls$ec/solteira
2385:             ls$residencia/carvalheira de baixo
2386: 
2387:          pmad$antonio bras/id=b1728.102-per5
2388:             ls$residencia/carvalheira de baixo
2389: 
2390:          referida$catarina madeira/id=b1728.102-per6
2391:             ls$ec/viuva
2392:             ls$residencia/portela
2393:             rel$sociabilidade/baptizou em necessidade/manuel/1728-b102-manuel
2394: 
2395:       bap$b1728.103/27/12/1728/fol.149v/igreja de sao tiago/vigario manuel rodrigues
2396: 
2397: bap$b1728.103
2397:          n$jose/m/id=b1728.103-per1
2398: 
2399:          pn$antonio de oliveira/id=b1728.103-per2
2400:             ls$naturalidade/crocozes
2401:             ls$residencia/corujeira
2402: 
2403:          mn$antonia gomes/id=b1728.103-per3
2404:             ls$naturalidade/corujeira
2405: 
2406:          pad$jose de oliveira/id=b1728.103-per4
2407:             ls$ec/solteiro
2408:             ls$residencia/casal das pardalas
2409: 
2410:          mad$sebastiana da silva/id=b1728.103-per5
2411: 
2412:          mrmad$manuel jorge/id=b1728.103-per6
2413:             ls$residencia/corujeira
2414: 
2415:       bap$b1728.104/28/12/1728/fol.149v/igreja de sao tiago/padre manuel da costa velho
2416: 
2417: bap$b1728.104
2417:          n$joao/m/id=b1728.104-per1
2418: 
2419:          pn$ventura gomes pinheiro/id=b1728.104-per2
2420:             ls$naturalidade/netos
2421:             ls$freguesia/almagreira
2422:             ls$residencia/soure
2423: 
2424:          mn$maria joao/id=b1728.104-per3
2425:             ls$naturalidade/soure
2426: 
2427:          pad$manuel ferreira/id=b1728.104-per4
2428:             ls$residencia/soure
2429: 
2430:          mad$joana do espirito santo/id=b1728.104-per5
2431: 
2432:          mrmad$francisco pereira/id=b1728.104-per6
2433:             ls$residencia/soure
2434: *** End of File
1  errors. 
0  warnings.
Translation finished.
