ClioInput - version @@VERSION@@ - build @@BUILD@@ @@DATE@@
13-6-2019 22-50

Processing data file bap1722.cli
-------------------------------------------
Generic Act translation module with geoentities (XML).
     Joaquim Ramos de Carvalho (joaquim@uc.pt) 
** New document: kleio
1: kleio$gacjo2.str
=========================
kleio translation started
=========================
Structure: gacjo2.str
Prefix: 
Autorel: 
Translation count: 
Obs: 
Translation count not set or invalid, counting as zero: 
2:    fonte$baptizados 1722/1722/paroquiais/auc/obs=em mau estado
3: 
** Processing source fonte$baptizados 1722
4:       bap$b1722.01/4/1/1721/fol.21v-22/local__igreja de sao tiago/celebrante__antonio de sousa
5: 
6: bap$b1722.01
6:          n$antonio/m/id=b1722.01-per1
7: 
8:          pn$jose domingues/id=b1722.01-per2
9:             ls$naturalidade/montes
10:             ls$residencia/casal novo
11: 
12:          mn$maria joao/id=b1722.01-per3
13:             ls$naturalidade/casal novo
14: 
15:          pad$joao simoes/id=b1722.01-per4
16:             ls$residencia/casal novo
17: 
18:          mad$maria/id=b1722.01-per5
19:             ls$ec/solteira
20:             ls$residencia/casal novo
21: 
22:          pmad$jorge martins/id=b1722.01-per6
23:             ls$residencia/casal novo
24: 
25:       bap$b1722.2/7/2/1722/fol.22/localigreja de sao tiago/celebrante___antonio de sousa
26: 
27: bap$b1722.2
27:          n$manuel/m/id=1722-b2-manuel
28:             ls$enjeitado/sim
29: 
30:          pn$nome desconhecido/id=b1722.2-per1
31: 
32:          mn$nome desconhecido/id=b1722.2-per2
33: 
34:          pad$mateus cardoso/id=b1722.2-per3
35:             ls$residencia/soure
36: 
37:          mad$maria de sao jose/id=b1722.2-per4
38:             ls$residencia/soure
39: 
40:          mrmad$manuel soares galvao/id=b1722.2-per5
41:             ls$residencia/soure
42: 
43:          referida$margarida/id=1722-b2-margarida
44:             ls$ec/solteira
45:             ls$residencia/soure
46:             rel$sociabilidade/ama/manuel/1722-b2-manuel
47: 
48:          referida$isabel raposa/id=b1722.2-per6
49:             ls$alcunha/a labias
50:             ls$residencia/soure
51:             rel$parentesco/mae/margarida/1722-b2-margarida
52: 
53:          referido$manuel rodrigues/id=b1722.2-per7
54:             ls$profissao/padre
55:             ls$titulo/vigario
56:             ls$residencia/soure
57:             rel$sociabilidade/baptizou em necessidade/manuel/1722-b2-manuel
58: 
59:       bap$b1722.3/11/1/1722/fol.22/local__igreja de sao tiago/celebrante__manuel rodrigues
60: 
61: bap$b1722.3
61:          n$manuel/m/id=1722-b3-manuel
62: 
63:          pn$manuel gaspar/id=b1722.3-per1
64:             ls$naturalidade/carregosa
65:             ls$freguesia/gesteira
66:             ls$residencia/casa velha
67: 
68:          mn$mariana francisca/id=b1722.3-per2
69:             ls$naturalidade/casa velha
70: 
71:          pad$inacio esteves/id=b1722.3-per3
72:             ls$residencia/carregosa
73:             ls$freguesia/gesteira
74: 
75:          mad$maria/id=b1722.3-per4
76:             ls$ec/solteira
77:             ls$residencia/casa velha
78: 
79:          pmad$manuel lopes/id=b1722.3-per5
80:             ls$residencia/casa velha
81: 
82:          referido$domingos da costa/id=b1722.3-per6
83:             ls$residencia/casa velha
84:             rel$sociabilidade/baptizou em necessidade/manuel/1722-b3-manuel
85: 
86:       bap$b1722.4/11/1/1722/fol.22v/local__igreja de sao tiago/celebrante__frei antonio de sousa
87: 
88: bap$b1722.4
88:          n$cecilia/f/id=b1722.4-per1
89: 
90:          pn$francisco de oliveira/id=b1722.4-per2
91:             ls$naturalidade/vinha da rainha
92:             ls$residencia/casal de pedrasonca
93: 
94:          mn$domingas simoes/id=b1722.4-per3
95:             ls$naturalidade/pedrasonca
96: 
97:          pad$domingos/id=1722-b4-domingos
98:             ls$ec/solteiro
99:             ls$residencia/lousoes
100: 
101:          mad$maria simoes/id=b1722.4-per4
102:             ls$residencia/lousoes
103:             rel$parentesco/mae/domingos/1722-b4-domingos
104: 
105:          mrmad$manuel goncalves perdigao/id=b1722.4-per5
106:             ls$residencia/lousoes
107:             rel$parentesco/pai/domingos/1722-b4-domingos
108: 
109:       bap$b1722.5/11/1/1722/fol.22v/local__igreja de sao tiago/celebrante__frei antonio de sousa
110: 
111: bap$b1722.5
111:          n$maria/f/id=1722-b5-maria
112:             ls$ilegitima/sim
113: 
114:          mn$maria/id=b1722.5-per1
115:             ls$ec/solteira
116:             ls$naturalidade/melrical
117:             ls$residencia/melrical
118: 
119:          pmn$francisco goncalves/id=b1722.5-per2
120:             ls$naturalidade/melrical
121:             ls$residencia/melrical
122: 
123:          mmn$maria ferreira/id=b1722.5-per3
124:             rel$sociabilidade/baptizou em necessidade/maria/1722-b5-maria
125: 
126:          pad$manuel vaz/id=b1722.5-per4
127:             ls$residencia/brancas
128: 
129:          mad$maria domingas/id=b1722.5-per5
130:             ls$residencia/melrical
131: 
132:          mrmad$jose goncalves/id=b1722.5-per6
133:             ls$residencia/melrical
134: 
135:       bap$b1722.6/12/1/1722/fol.22v/local__igreja de sao tiago/celebrante__manuel rodrigues
136: 
137: bap$b1722.6
137:          n$maria/f/id=b1722.6-per1
138: 
139:          pn$joao rodrigues/id=b1722.6-per2
140:             ls$naturalidade/oureca
141:             ls$residencia/pinheiro
142: 
143:          mn$leonarda lopes/id=b1722.6-per3
144:             ls$naturalidade/oureca
145: 
146:          pad$manuel martins/id=b1722.6-per4
147:             ls$residencia/miraflores
148: 
149:          mad$maria/id=b1722.6-per5
150:             ls$ec/solteira
151:             ls$residencia/oureca
152: 
153:          pmad$diogo rodrigues/id=b1722.6-per6
154:             ls$residencia/oureca
155: 
156:       bap$b1722.7/16/1/1722/fol.23/local__igreja de sao tiago/celebrante__frei antonio de sousa
157: 
158: bap$b1722.7
158:          n$joao/m/id=b1722.7-per1
159: 
160:          pn$manuel rodrigues feijao/id=1722-b7-manuel
161:             ls$naturalidade/casal dos feijoes
162:             ls$residencia/barril
163: 
164:          mn$catarina esteves/id=b1722.7-per2
165:             ls$naturalidade/barril
166: 
167:          pad$joao rodrigues/id=b1722.7-per3
168:             ls$alcunha/perna
169:             ls$residencia/moinhos do paleao
170: 
171:          mad$maria/id=b1722.7-per4
172:             ls$ec/solteira
173:             ls$residencia/barril
174:             rel$parentesco/filha/manuel rodrigues feijao/1722-b7-manuel
175: 
176:       bap$b1722.8/20/1/1722/fol.23/local__igreja de sao tiago/celebrante__capelao manuel duarte
177: 
178: bap$b1722.8
178:          n$antonio/m/id=b1722.8-per1
179: 
180:          pn$manuel da silva/id=b1722.8-per2
181:             ls$naturalidade/cabeca carvalha
182:             ls$freguesia/vinha da rainha
183:             ls$residencia/casal de galinhas
184: 
185:          mn$isabel mendes/id=b1722.8-per3
186:             ls$naturalidade/casal de galinhas
187: 
188:          pad$manuel vaz/id=b1722.8-per4
189:             ls$residencia/casal das brancas
190: 
191:          mad$maria/id=b1722.8-per5
192:             ls$ec/solteira
193:             ls$residencia/cabeca carvalha
194:             ls$freguesia/vinha da rainha
195: 
196:          pmad$antonio da silva/id=b1722.8-per6
197:             ls$residencia/cabeca carvalha
198:             ls$freguesia/vinha da rainha
199: 
200:       bap$b1722.9/25/1/1722/fol.23-23v/local__igreja de sao tiago/celebrante__manuel rodrigues
201: 
202: bap$b1722.9
202:          n$miguel/m/id=b1722.9-per1
203: 
204:          pn$miguel rodrigues/id=b1722.9-per2
205:             ls$naturalidade/sobral
206:             ls$residencia/sobral
207: 
208:          mn$maria domingues/id=1722-b9-maria
209:             ls$naturalidade/sobral
210: 
211:          pad$jose/id=b1722.9-per3
212:             ls$ec/solteiro
213:             ls$residencia/sobral
214: 
215:          ppad$manuel jorge/id=b1722.9-per4
216:             ls$residencia/sobral
217: 
218:          mad$domingas/id=b1722.9-per5
219:             ls$ec/solteira
220:             ls$residencia/sobral
221:             rel$parentesco/irma/maria/1722-b9-maria
222: 
223:       bap$b1722.10/25/1/1722/fol.23v/local__igreja de sao tiago/celebrante__manuel rodrigues
224: 
225: bap$b1722.10
225:          n$maria/f/id=b1722.10-per1
226: 
227:          pn$luis goncalves/id=b1722.10-per2
228:             ls$naturalidade/lousoes
229:             ls$residencia/casal das brancas
230: 
231:          mn$maria antunes/id=b1722.10-per3
232:             ls$naturalidade/casal das brancas
233: 
234:          pad$domingos/id=b1722.10-per4
235:             ls$ec/solteiro
236:             ls$residencia/lousoes
237: 
238:          ppad$manuel goncalves perdigao lousoes/id=b1722.10-per5
239: 
240:          mad$maria da gante/id=b1722.10-per6
241:             ls$residencia/casal das brancas
242: 
243:          mrmad$manuel vaz/id=b1722.10-per7
244:             ls$residencia/casal das brancas
245: 
246:       bap$b1722.11/26/1/1722/fol.23v/local__igreja de sao tiago/celebrante__capelao manuel duarte
247: 
248: bap$b1722.11
248:          n$manuel/m/id=b1722.11-per1
249: 
250:          pn$manuel martins/id=b1722.11-per2
251:             ls$naturalidade/venda nova
252:             ls$freguesia/tapeus
253:             ls$residencia/carvalheira de cima
254: 
255:          mn$catarina joao/id=b1722.11-per3
256:             ls$naturalidade/carvalheira de cima
257: 
258:          pad$manuel/id=b1722.11-per4
259:             ls$ec/solteiro
260:             ls$residencia/carvalheira de cima
261: 
262:          ppad$jordao de campos/id=b1722.11-per5
263:             ls$residencia/carvalheira de cima
264: 
265:          mad$isabel/id=b1722.11-per6
266:             ls$ec/solteira
267:             ls$residencia/carvalheira de cima
268: 
269:          pmad$silvestre joao/id=b1722.11-per7
270:             ls$residencia/carvalheira de cima
271: 
272:       bap$b1722.12/1/2/1722/fol.23v-24/local__igreja de sao tiago/celebrante__manuel rodrigues
273: 
274: bap$b1722.12
274:          n$josefa/f/id=b1722.12-per1
275: 
276:          pn$joao rodrigues/id=b1722.12-per2
277:             ls$naturalidade/moinhos da figueirinha
278:             ls$freguesia/redinha
279:             ls$residencia/paleao
280:             ls$morto/antes
281: 
282:          mn$afonsa carvalha/id=b1722.12-per3
283:             ls$naturalidade/paleao
284: 
285:          pad$manuel carvalho/id=b1722.12-per4
286:             ls$residencia/paleao
287: 
288:          mad$teresa/id=b1722.12-per5
289:             ls$ec/solteira
290: 
291:          pmad$manuel simoes/id=b1722.12-per6
292:             ls$profissao/moleiro
293:             ls$residencia/paleao
294: 
295:       bap$b1722.13/8/2/1722/fol.24/local__igreja de sao tiago/celebrante__manuel rodrigues alvaro
296: 
297: bap$b1722.13
297:          n$barbosa/f/id=b1722.13-per1
298: 
299:          pn$manuel rodrigues/id=b1722.13-per2
300:             ls$naturalidade/sobral
301:             ls$alcunha/galego
302:             ls$residencia/quinta de baixo/obs=propriedade de rodrigo homem de quadros
303: 
304:          mn$joana baptista/id=b1722.13-per3
305: 
306:          pad$pedro/id=1722-b13-pedro
307:             ls$ec/solteiro
308:             ls$residencia/soure
309: 
310:          mad$barbosa/id=b1722.13-per4
311:             ls$titulo/dona
312:             ls$residencia/soure
313: 
314:          mmad$madalena/id=b1722.13-per5
315:             ls$titulo/dona
316:             ls$residencia/soure
317: 
318:          referido$rodrigo homem de quadros/id=b1722.13-per6
319:             ls$residencia/soure
320:             rel$parentesco/irmao/pedro/1722-b13-pedro
321: 
322:       bap$b1722.14/9/2/1722/fol.24-24v/local__igreja de sao tiago/celebrante__padre antonio de sousa
323: 
324: bap$b1722.14
324:          n$luis/m/id=b1722.14-per1
325: 
326:          pn$joao fernandes/id=b1722.14-per2
327:             ls$naturalidade/casal da venda
328:             ls$residencia/casalinhos
329: 
330:          mn$isabel francisca/id=b1722.14-per3
331:             ls$naturalidade/casalinhos
332: 
333:          pad$luis de seabra jacques/id=b1722.14-per4
334:             ls$profissao/padre
335:             ls$residencia/soure
336: 
337:          mad$maria duarte/id=b1722.14-per5
338:             ls$ec/solteira
339:             ls$residencia/casalinhos
340: 
341:          pmad$domingos alves/id=b1722.14-per6
342:             ls$residencia/casalinhos
343: 
344:       bap$b1722.15/10/2/1722/fol.24v/local__igreja de sao tiago/celebrante__manuel rodrigues
345: 
346: bap$b1722.15
346:          n$domingas/f/id=b1722.15-per1
347: 
348:          pn$luis carvalho/id=b1722.15-per2
349:             ls$naturalidade/casal das brancas
350:             ls$residencia/casal das brancas
351: 
352:          mn$cecilia goncalves/id=b1722.15-per3
353:             ls$naturalidade/casal das brancas
354: 
355:          pad$manuel/id=b1722.15-per4
356:             ls$ec/solteiro
357:             ls$residencia/casal das brancas
358: 
359:          ppad$jose carvalho/id=b1722.15-per5
360:             ls$residencia/casal das brancas
361: 
362:          mad$domingas/id=b1722.15-per6
363:             ls$ec/solteira
364:             ls$residencia/casal das brancas
365: 
366:          pmad$joao mateus/id=b1722.15-per7
367:             ls$residencia/casal das brancas
368: 
369:       bap$b1722.16/13/2/1722/fol.24v/local__igreja de sao tiago/celebrante__manuel rodrigues
370: 
371: bap$b1722.16
371:          n$pedro/m/id=b1722.16-per1
372: 
373:          pn$joao henriques cavaco/id=b1722.16-per2
374:             ls$naturalidade/soure
375:             ls$residencia/soure
376: 
377:          mn$angela pereira/id=b1722.16-per3
378:             ls$naturalidade/casa velha
379: 
380:          pad$pedro de melo ataide/id=b1722.16-per4
381:             ls$residencia/lisboa
382: 
383:          mad$teresa/id=b1722.16-per5
384:             ls$titulo/dona
385:             ls$ec/solteira
386:             ls$residencia/vinha da rainha
387: 
388:          pmad$jose henriques cavaco/id=b1722.16-per6
389:             ls$cargo/desembargador
390:             ls$residencia/vinha da rainha
391: 
392:       bap$b1722.17/14/2/1722/fol.24v/local__igreja de sao tiago/celebrante__manuel rodrigues
393: 
394: bap$b1722.17
394:          n$verissima/f/id=1722-b17-verissima
395: 
396:          pn$dionisio de magalhaes pinto/id=b1722.17-per1
397:             ls$naturalidade/soure
398:             ls$residencia/soure
399: 
400:          mn$cipriana/id=b1722.17-per2
401:             ls$naturalidade/soure
402: 
403:          pad$domingos goncalves galhardo/id=b1722.17-per3
404:             ls$residencia/soure
405: 
406:          mad$francisca/id=b1722.17-per4
407:             ls$residencia/soure
408: 
409:          mmad$verissima/id=b1722.17-per5
410:             ls$titulo/dona
411:             ls$residencia/soure
412: 
413:          referida$maria gomes/id=b1722.17-per6
414:             ls$profissao/parteira
415:             ls$residencia/soure
416:             rel$sociabilidade/baptizou em necessidade/verissima/1722-b17-verissima
417: 
418:       bap$b1722.18/22/2/1722/fol.25/local__igreja de sao tiago/celebrante__manuel rodrigues alvaro
419: 
420: bap$b1722.18
420:          n$domingos/m/id=b1722.18-per1
421: 
422:          pn$manuel joao soeiro/id=b1722.18-per2
423:             ls$naturalidade/sobral
424:             ls$residencia/sobral
425: 
426:          mn$maria francisca/id=b1722.18-per3
427:             ls$naturalidade/simoes
428: 
429:          pad$domingos/id=b1722.18-per4
430:             ls$ec/solteiro
431:             ls$residencia/simoes
432: 
433:          mpad$isabel francisca/id=b1722.18-per5
434:             ls$ec/viuva
435:             ls$residencia/simoes
436: 
437:          mad$domingas/id=b1722.18-per6
438:             ls$ec/solteira
439:             ls$residencia/sobral
440: 
441:          pmad$simao domingues/id=b1722.18-per7
442:             ls$residencia/sobral
443:             ls$morto/antes
444: 
445:       bap$b1722.19/2/3/1722/fol.25/local__igreja de sao tiago/celebrante__manuel rodrigues
446: 
447: bap$b1722.19
447:          n$antonio/m/id=b1722.19-per1
448: 
449:          pn$jose luis/id=b1722.19-per2
450:             ls$naturalidade/casa velha
451:             ls$residencia/quinta das matas
452: 
453:          mn$ines da conceicao/id=b1722.19-per3
454:             ls$naturalidade/casa velha
455: 
456:          pad$manuel jorge/id=b1722.19-per4
457:             ls$ec/solteiro
458:             ls$residencia/casa velha
459: 
460:          mad$maria/id=b1722.19-per5
461:             ls$ec/solteira
462:             ls$residencia/casa velha
463: 
464:          pmad$manuel de gouveia/id=b1722.19-per6
465:             ls$residencia/casa velha
466: 
467:       bap$b1722.20/2/3/1722/fol.25-25v/local__igreja de sao tiago/celebrante__manuel rodrigues
468: 
469: bap$b1722.20
469:          n$jose/m/id=1722-b20-jose
470: 
471:          pn$domingos jorge/id=b1722.20-per1
472:             ls$naturalidade/sobral
473:             ls$residencia/sobral
474: 
475:          mn$domingas rodrigues/id=b1722.20-per2
476:             ls$naturalidade/sobral
477: 
478:          pad$antonio simoes/id=b1722.20-per3
479:             ls$residencia/sobral
480:             rel$sociabilidade/baptizou em necessidade/jose/1722-b20-jose
481: 
482:          mad$isabel/id=b1722.20-per4
483:             ls$ec/solteira
484:             ls$residencia/casais da torre/obs=junto ao sobral
485: 
486:          pmad$jose goncalves/id=b1722.20-per5
487:             ls$residencia/casais da torre/obs=junto ao sobral
488: 
489:       bap$b1722.21/2/3/1722/fol.25v/local___igreja de sao tiago/celebrante___manuel rodrigues
490: 
491: bap$b1722.21
491:          n$maria/f/id=1722-b21-maria
492:             ls$enjeitado/sim
493: 
494:          pn$nome desconhecido/id=b1722.21-per1
495: 
496:          mn$nome desconhecido/id=b1722.21-per2
497: 
498:          pad$domingos francisco/id=b1722.21-per3
499:             ls$residencia/casal novo
500: 
501:          mad$maria/id=b1722.21-per4
502:             ls$ec/solteira
503:             ls$residencia/soure
504: 
505:          pmad$antonio alves/id=b1722.21-per5
506:             ls$residencia/soure
507: 
508:          referido$manuel rodrigues pereira/obs=marido da ama/id=b1722.21-per6
509:             ls$residencia/soure
510: 
511:          referido$jordao de campos/id=b1722.21-per7
512:             ls$residencia/carvalheira de cima
513:             rel$sociabilidade/baptizou em necessidade/maria/1722-b21-maria
514: 
515:       bap$b1722.22/8/3/1722/fol.25v/local__igreja de sao tiago/celebrante__manuel rodrigues
516: 
517: bap$b1722.22
517:          n$matias/m/id=b1722.22-per1
518: 
519:          pn$manuel lourenco/id=b1722.22-per2
520:             ls$naturalidade/moinhos da caldeirinha dos simoes
521:             ls$residencia/moinhos da caldeirinha dos simoes
522: 
523:          mn$ana maria mendes/id=b1722.22-per3
524:             ls$naturalidade/mogadouro
525: 
526:          pad$manuel rodrigues/id=b1722.22-per4
527:             ls$cargo/vigario
528:             ls$residencia/soure
529: 
530:          mad$catarina francisca/id=b1722.22-per5
531:             ls$residencia/simoes
532: 
533:          mrmad$diogo francisco/id=b1722.22-per6
534:             ls$residencia/simoes
535: 
536:       bap$b1722.23/8/3/1722/fol.25v-26/local__igreja de sao tiago/celebrante__frei antonio de sousa
537: 
538: bap$b1722.23
538:          n$maria/f/id=b1722.23-per1
539: 
540:          pn$lourenco dias/id=b1722.23-per2
541:             ls$naturalidade/soure
542:             ls$residencia/soure
543: 
544:          mn$antonia cardosa/id=b1722.23-per3
545:             ls$naturalidade/migalho
546: 
547:          pad$manuel dias/id=b1722.23-per4
548:             ls$residencia/soure
549: 
550:          mad$maria cardosa/id=b1722.23-per5
551:             ls$naturalidade/lousoes
552: 
553:          mrmad$manuel goncalves camorro/id=b1722.23-per6
554:             ls$residencia/lousoes
555: 
556:       bap$b1722.24/11/3/1722/fol.26/local__igreja de sao tiago/celebrante__manuel rodrigues
557: 
558: bap$b1722.24
558:          n$isabel/f/id=b1722.24-per1
559: 
560:          pn$manuel simoes/id=b1722.24-per2
561:             ls$naturalidade/podengos
562:             ls$residencia/podengos
563: 
564:          mn$isabel rodrigues/id=b1722.24-per3
565:             ls$naturalidade/alencarce de cima
566: 
567:          pad$antonio rodrigues/id=b1722.24-per4
568:             ls$alcunha/ruivo
569:             ls$residencia/alencarce
570: 
571:          mad$maria joao/id=b1722.24-per5
572:             ls$residencia/alencarce de cima
573: 
574:          mrmad$luis madeira/id=b1722.24-per6
575:             ls$residencia/alencarce de cima
576: 
577:       bap$b1722.25/14/3/1722/fol.26/local__igreja de sao tiago/celebrante__padre manuel pessoa leitao
578: 
579: bap$b1722.25
579:          n$justina/f/id=b1722.25-per1
580: 
581:          pn$luis barbosa canais/id=b1722.25-per2
582:             ls$naturalidade/soure
583:             ls$residencia/soure
584: 
585:          mn$iria jacques/id=b1722.25-per3
586:             ls$titulo/dona
587:             ls$naturalidade/soure
588: 
589:          pad$domingos goncalves galhardo/id=1722-b25-domingos
590:             ls$residencia/soure
591: 
592:          mad$isabel de sao miguel/id=b1722.25-per4
593:             ls$residencia/soure
594:             rel$parentesco/mulher/domingos goncalves galhardo/1722-b25-domingos
595: 
596:       bap$b1722.26/16/3/1722/fol.26v/local__igreja de sao tiago/celebrante__manuel rodrigues
597: 
598: bap$b1722.26
598:          n$manuel/m/id=b1722.26-per1
599: 
600:          pn$joao rodrigues/id=b1722.26-per2
601:             ls$naturalidade/sobral
602:             ls$residencia/sobral
603: 
604:          mn$maria rodrigues/id=b1722.26-per3
605:             ls$naturalidade/sobral
606: 
607:          pad$manuel rodrigues/id=b1722.26-per4
608:             ls$cargo/vigario
609:             ls$residencia/soure
610: 
611:          mad$rosa maria/id=b1722.26-per5
612:             ls$ec/solteira
613:             ls$residencia/sobral
614: 
615:          pmad$joao rodrigues/id=b1722.26-per6
616:             ls$residencia/sobral
617: 
618:       bap$b1722.27/16/3/1722/fol.26v/local__igreja de sao tiago/celebrante__manuel rodrigues
619: 
620: bap$b1722.27
620:          n$isabel/f/id=1722-b27-isabel
621: 
622:          pn$manuel rodrigues goncalves/id=b1722.27-per1
623:             ls$naturalidade/paleao
624:             ls$alcunha/o moco
625:             ls$residencia/paleao
626: 
627:          mn$isabel francisca/id=b1722.27-per2
628:             ls$naturalidade/charneca
629: 
630:          pad$joao rodrigues/id=1722-b27-joao
631:             ls$alcunha/perna
632:             ls$residencia/moinhos de paleao
633: 
634:          mad$maria/id=b1722.27-per3
635:             ls$ec/solteira
636:             ls$residencia/moinhos de paleao
637:             rel$parentesco/filha/joao rodrigues/1722-b27-joao
638: 
639:          referida$antonia carvalha/id=1722-b27-antonia
640:             ls$residencia/paleao
641:             rel$sociabilidade/baptizou em necessidade/isabel/1722-b27-isabel
642: 
643:          referido$miguel ferreira/id=b1722.27-per4
644:             ls$residencia/paleao
645:             rel$parentesco/marido/antonia carvalha/1722-b27-antonia
646: 
647:       bap$b1722.28/18/3/1722/fol.26v/local__igreja de sao tiago/celebrante__manuel rodrigues
648: 
649: bap$b1722.28
649:          n$maria/f/id=b1722.28-per1
650: 
651:          pn$antonio rodrigues caldeireiro/id=b1722.28-per2
652:             ls$naturalidade/penela
653:             ls$residencia/alencarce de cima
654: 
655:          mn$grimaniza maria/id=b1722.28-per3
656:             ls$naturalidade/alencarce de cima
657: 
658:          pad$jose madeira/id=b1722.28-per4
659:             ls$ec/solteiro
660:             ls$residencia/cascao
661: 
662:          mad$isabel/id=b1722.28-per5
663:             ls$ec/solteira
664:             ls$residencia/leonel
665: 
666:          pmad$manuel goncalves mareco/id=b1722.28-per6
667:             ls$residencia/leonel
668: 
669:       bap$b1722.29/22/3/1722/fol.27/local__igreja de sao tiago/celebrante__manuel rodrigues
670: 
671: bap$b1722.29
671:          n$francisco/m/id=b1722.29-per1
672: 
673:          pn$joao coelho/id=b1722.29-per2
674:             ls$naturalidade/vila nova de ancos
675:             ls$residencia/corujeira
676: 
677:          mn$maria simoes/id=b1722.29-per3
678:             ls$naturalidade/corujeira
679: 
680:          pad$francisco rodrigues gante/id=1722-b29-francisco
681:             ls$residencia/moinhos do paleao
682: 
683:          mad$caetana/id=b1722.29-per4
684:             ls$ec/solteira
685:             ls$residencia/moinhos do paleao
686:             rel$parentesco/filha/francisco rodrigues gante/1722-b29-francisco
687: 
688:       bap$b1722.30/24/3/1722/fol.27/local__igreja de sao tiago/celebrante__manuel rodrigues
689: 
690: bap$b1722.30
690:          n$jacinto/m/id=b1722.30-per1
691: 
692:          pn$jose antunes/id=b1722.30-per2
693:             ls$naturalidade/casal das brancas
694:             ls$residencia/quinta de sao tome
695: 
696:          mn$marciana rodrigues/id=b1722.30-per3
697:             ls$naturalidade/casal das brancas
698: 
699:          pad$jacinto da costa/id=1722-b30-jacinto
700:             ls$ec/solteiro
701:             ls$titulo/doutor
702:             ls$residencia/soure
703: 
704:          mad$luisa/id=1722-b30-luisa
705:             ls$titulo/dona
706:             ls$ec/solteira
707:             ls$residencia/soure
708:             rel$parentesco/irma/jacinto da costa/1722-b30-jacinto
709: 
710:          pmad$joao da costa e vasconcelos/id=b1722.30-per4
711:             ls$cargo/capitao mor
712:             ls$residencia/soure
713:             rel$sociabilidade/procurador/luisa/1722-b30-luisa
714: 
715:       bap$b1722.31/31/3/1722/fol.27-27v/local__igreja de sao tiago/celebrante__manuel rodrigues
716: 
717: bap$b1722.31
717:          n$anselmo/m/id=1722-b31-anselmo
718: 
719:          pn$anselmo caetano manhos de abreu/id=b1722.31-per1
720:             ls$naturalidade/soure
721:             ls$titulo/doutor
722:             ls$residencia/soure
723: 
724:          mn$teresa maria caetana da fonseca/id=b1722.31-per2
725:             ls$naturalidade/condeixa a velha
726: 
727:          pad$rodrigo homem de quadros/id=b1722.31-per3
728:             ls$residencia/soure
729: 
730:          mad$josefa clara de santa teresa/id=1722-b31-josefa
731:             ls$profissao/religiosa de santa clara
732: 
733:          referido$fracisco homem de quadros/id=b1722.31-per4
734:             ls$residencia/soure
735:             rel$sociabilidade/procurador/josefa clara de santa teresa/1722-b31-josefa
736: 
737:          referido$antonio manhos/id=b1722.31-per5
738:             ls$profissao/padre
739:             ls$residencia/soure
740:             rel$sociabilidade/baptizou em necessidade/anselmo/1722-b31-anselmo
741: 
742:       bap$b1722.32/1/4/1722/fol.27v/local__igreja de sao tiago/celebrante__manuel rodrigues
743: 
744: bap$b1722.32
744:          n$rosa/f/id=b1722.32-per1
745: 
746:          pn$manuel jorge/id=b1722.32-per2
747:             ls$naturalidade/sobral
748:             ls$residencia/sobral
749: 
750:          mn$domingas rodrigues/id=b1722.32-per3
751:             ls$naturalidade/sobral
752: 
753:          pad$jose rodrigues/id=b1722.32-per4
754:             ls$residencia/sobral
755: 
756:          mad$rosa maria/id=1722-b32-rosa
757:             ls$ec/solteira
758:             ls$residencia/sobral
759: 
760:          pmad$joao rodrigues/id=b1722.32-per5
761:             ls$residencia/sobral
762: 
763:          referido$jose/id=b1722.32-per6
764:             ls$ec/solteiro
765:             ls$residencia/sobral
766:             rel$sociabilidade/procurador/rosa/1722-b32-rosa
767:             rel$parentesco/irmao/rosa/1722-b32-rosa
768: 
769:       bap$b1722.33/5/4/1722/fol.27v/local__igreja de sao tiago/celebrante__manuel rodrigues
770: 
771: bap$b1722.33
771:          n$manuel/m/id=b1722.33-per1
772: 
773:          pn$antonio madeira/id=b1722.33-per2
774:             ls$naturalidade/alencarce de baixo
775:             ls$residencia/cascao
776: 
777:          mn$francisca madeira/id=b1722.33-per3
778:             ls$naturalidade/cascao
779: 
780:          pad$domingos madeira/id=b1722.33-per4
781:             ls$residencia/alencarce de baixo
782: 
783:          mad$maria martins/id=1722-b33-maria
784:             ls$residencia/cascao
785: 
786:          mrmad$manuel madeira/id=b1722.33-per5
787:             ls$residencia/casaco
788:             rel$sociabilidade/procurador/maria/1722-b33-maria
789: 
790:       bap$b1722.34/6/4/1722/fol.27v-28/local__igreja de sao tiago/celebrante__manuel rodrigues
791: 
792: bap$b1722.34
792:          n$manuel/m/id=b1722.34-per1
793: 
794:          pn$manuel antunes/id=b1722.34-per2
795:             ls$naturalidade/espirito santo
796:             ls$alcunha/o moco
797:             ls$residencia/espirito santo
798: 
799:          mn$esperanca da conceicao/id=b1722.34-per3
800:             ls$naturalidade/alencarce de cima
801: 
802:          pad$vicente colaco/id=b1722.34-per4
803:             ls$cargo/capitao
804:             ls$residencia/espirito santo
805:             rel$sociabilidade/procurador/damiana colaca/1722-b34-damiana
806:             rel$parentesco/irmao/damiana colaca/1722-b34-damiana
807: 
808:          mad$damiana colaca/id=1722-b34-damiana
809:             ls$residencia/espirito santo
810: 
811:       bap$b1722.35/12/4/1722/fol.28/local__igreja de sao tiago/celebrante__ frei jose rodrigues da paz
812: 
813: bap$b1722.35
813:          n$manuel/m/id=1722-b35-manuel
814: 
815:          pn$manuel rodrigues/id=b1722.35-per1
816:             ls$naturalidade/olho marinho
817:             ls$residencia/soure
818: 
819:          mn$apolonia rodrigues/id=b1722.35-per2
820:             ls$naturalidade/cabeca carvalha
821:             ls$freguesia/vinha da rainha
822: 
823:          pad$antonio dos santos/id=b1722.35-per3
824:             ls$profissao/padre
825:             ls$residencia/soure
826: 
827:          mad$vitoria da cruz/id=b1722.35-per4
828:             ls$residencia/soure
829:             ls$residencia/soure
830: 
831:          mrmad$manuel rodrigues duqueso/id=b1722.35-per5
832:             ls$residencia/soure
833: 
834:          referido$jose rodrigues da paz/id=b1722.35-per6
835:             ls$profissao/padre
836:             ls$residencia/soure
837:             rel$sociabilidade/baptizou em necessidade/manuel/1722-b35-manuel
838: 
839:       bap$b1722.36/21/4/1722/fol.28/local__igreja de sao tiago/celebrante__manuel rodrigues
840: 
841: bap$b1722.36
841:          n$luisa/f/id=b1722.36-per1
842: 
843:          pn$antonio jorge/id=b1722.36-per2
844:             ls$naturalidade/sobral
845:             ls$residencia/simoes
846: 
847:          mn$catarina rodrigues/id=b1722.36-per3
848:             ls$naturalidade/simoes
849: 
850:          pad$manuel joao/id=b1722.36-per4
851:             ls$profissao/moleiro
852:             ls$residencia/moinhos das areias/obs=junto aos simoes
853: 
854:          mad$maria rodrigues/id=b1722.36-per5
855:             ls$residencia/casal do justo
856: 
857:          mrmad$manuel gomes/id=b1722.36-per6
858:             ls$residencia/casal do justo/obs=junto aos simoes
859: 
860:       bap$b1722.37/26/4/1722/fol.28v/local__igreja de sao tiago/celebrante__manuel rodrigues
861: 
862: bap$b1722.37
862:          n$jose/m/id=b1722.37-per1
863: 
864:          pn$joao ramos/id=b1722.37-per2
865:             ls$naturalidade/cavaleiros
866:             ls$residencia/cavaleiros
867: 
868:          mn$maria rodrigues/id=b1722.37-per3
869:             ls$naturalidade/oureca
870: 
871:          pad$manuel rodrigues/id=b1722.37-per4
872:             ls$residencia/charnaca
873: 
874:          mad$natalia/id=b1722.37-per5
875:             ls$ec/solteira
876:             ls$residencia/oureca
877: 
878:          pmad$manuel rodrigues centeio/id=b1722.37-per6
879:             ls$residencia/oureca
880: 
881:       bap$b1722.38/3/5/1722/fol.28v/local__igreja de sao tiago/celebrante__manuel rodrigues
882: 
883: bap$b1722.38
883:          n$mariana/f/id=b1722.38-per1
884: 
885:          pn$domingos rodrigues/id=b1722.38-per2
886:             ls$naturalidade/barril
887:             ls$alcunha/o moco
888:             ls$residencia/barril
889: 
890:          mn$maria rodrigues/id=b1722.38-per3
891:             ls$naturalidade/barrosos
892: 
893:          pad$jose pereira/id=b1722.38-per4
894:             ls$ec/solteiro
895:             ls$residencia/sao mateus
896: 
897:          mad$maria/id=b1722.38-per5
898:             ls$ec/solteira
899:             ls$residencia/barril
900: 
901:          pmad$domingos rodrigues/id=b1722.38-per6
902:             ls$alcunha/o velho
903:             ls$residencia/barril
904: 
905:       bap$b1722.39/3/5/1722/fol.28v/local__igreja de sao tiago/celebrante__manuel rodrigues
906: 
907: bap$b1722.39
907:          n$ana/f/id=b1722.39-per1
908: 
909:          pn$domingos goncalves/id=b1722.39-per2
910:             ls$naturalidade/alencarce de baixo
911:             ls$residencia/alencarce de baixo
912: 
913:          mn$domingas rodrigues/id=b1722.39-per3
914:             ls$naturalidade/alencarce de cima
915: 
916:          pad$antonio/id=b1722.39-per4
917:             ls$ec/solteiro
918:             ls$residencia/alencarce de cima
919: 
920:          mpad$maria ferreira/id=b1722.39-per5
921:             ls$ec/viuva
922:             ls$residencia/alencarce de cima
923: 
924:          mad$maria gaspar/id=1722-b39-maria
925:             ls$ec/solteira
926:             ls$residencia/alencarce de cima
927: 
928:          referido$antonio rodrigues/id=b1722.39-per6
929:             ls$profissao/caldeireiro
930:             ls$residencia/alencarce de cima
931:             rel$sociabilidade/procurador/maria/1722-b39-maria
932: 
933:       bap$b1722.40/3/5/1722/fol.29/local__igreja de sao tiago/celebrante__manuel rodrigues
934: 
935: bap$b1722.40
935:          n$maria/f/id=b1722.40-per1
936: 
937:          pn$joao nunes/id=b1722.40-per2
938:             ls$naturalidade/carnixais/obs=bispado de viseu
939:             ls$residencia/mogadouro
940: 
941:          mn$maria domingues/id=b1722.40-per3
942:             ls$naturalidade/mogadouro
943: 
944:          pad$antonio/id=b1722.40-per4
945:             ls$ec/solteiro
946:             ls$residencia/mogadouro
947: 
948:          ppad$antonio goncalves/id=b1722.40-per5
949:             ls$alcunha/o moco
950:             ls$residencia/mogadouro
951: 
952:          mad$maria/id=b1722.40-per6
953:             ls$ec/solteira
954:             ls$residencia/barrosos
955: 
956:          pmad$manuel goncalves/id=b1722.40-per7
957:             ls$residencia/barrosos
958: 
959:       bap$b1722.41/3/5/1722/fol.29/local__igreja de sao tiago/celebrante__manuel rodrigues
960: 
961: bap$b1722.41
961:          n$paulo jose/m/id=b1722.41-per1
962: 
963:          pn$simao vaz borges de azevedo/id=b1722.41-per2
964:             ls$naturalidade/guarda
965:             ls$titulo/doutor
966:             ls$cargo/juiz de fora
967:             ls$residencia/soure
968: 
969:          mn$maria micaela de sousa/id=b1722.41-per3
970:             ls$titulo/dona
971:             ls$naturalidade/guarda
972: 
973:          pad$paulo de carvalho ataide/id=1722-b41-paulo
974:             ls$titulo/doutor
975:             ls$cargo/arcipreste
976:             ls$profissao/deputado da mesa da consciencia
977: 
978:          referido$antonio borges de azevedo/id=b1722.41-per4
979:             rel$sociabilidade/procurador/paulo de carvalho ataide/1722-b41-paulo
980: 
981:       bap$b1722.42/6/5/1722/fol.29/local.igreja de sao tiago/celebrante__manuel rodrigues
982: 
983: bap$b1722.42
983:          n$manuel/m/id=b1722.42-per1
984: 
985:          pn$antonio vaz/id=b1722.42-per2
986:             ls$naturalidade/pouca pena
987:             ls$residencia/pouca pena
988: 
989:          mn$farncisca goncalves/id=b1722.42-per3
990:             ls$naturalidade/melrical
991: 
992:          pad$mauel/id=1722-b42-manuel
993:             ls$ec/solteiro
994:             ls$residencia/casal das brancas
995: 
996:          mad$maria/id=b1722.42-per4
997:             ls$ec/solteira
998:             ls$residencia/casal das brancas
999:             rel$parentesco/irma/manuel/1722-b42-manuel
1000: 
1001:          pmad$jose carvalho/id=b1722.42-per5
1002:             ls$residencia/casal das brancas
1003: 
1004:       bap$b1722.43/10/5/1722/fol.29v/local__igreja de sao tiago/celebrante__
1005: 
1006: bap$b1722.43
1006:          n$manuel/m/id=b1722.43-per1
1007: 
1008:          pn$mateus domingues/id=b1722.43-per2
1009:             ls$naturalidade/oureca
1010:             ls$residencia/oureca
1011: 
1012:          mn$maria antnes/id=b1722.43-per3
1013:             ls$naturalidade/cascao
1014: 
1015:          pad$antonio/id=1722-b43-antonio
1016:             ls$ec/solteiro
1017:             ls$residencia/cascao
1018: 
1019:          mad$antonia/id=b1722.43-per4
1020:             ls$ec/solteira
1021:             ls$residencia/cascao
1022:             rel$parentesco/irma/antonio/1722-b43-antonio
1023: 
1024:          mmad$maria joao/id=b1722.43-per5
1025:             ls$ec/viuva
1026:             ls$residencia/cascao
1027: 
1028:       bap$b1722.44/10/5/1722/fol.29v/local__igreja de sao tiago/celebrante__manuel rodrigues
1029: 
1030: bap$b1722.44
1030:          n$maria/f/id=b1722.44-per1
1031: 
1032:          pn$antonio pereira/id=b1722.44-per2
1033:             ls$naturalidade/casal das brancas
1034:             ls$residencia/casal das brancas
1035: 
1036:          mn$catarina simoes/id=b1722.44-per3
1037:             ls$naturalidade/cavaleiros
1038: 
1039:          pad$joao goncalves/id=b1722.44-per4
1040:             ls$profissao/padre
1041:             ls$titulo/frei
1042:             ls$residencia/soure
1043: 
1044:          mad$maria da gante/id=b1722.44-per5
1045:             ls$residencia/casal das brancas
1046: 
1047:          mrmad$manuel vaz/id=b1722.44-per6
1048:             ls$residencia/casal das brancas
1049: 
1050:       bap$b1722.45/14/5/1722/fol.29v/local__igreja de sao tiago/celebrante__prior luis soares coelho
1051: 
1052: bap$b1722.45
1052:          n$maria/f/id=b1722.45-per1
1053: 
1054:          pn$joao de sequeira coelho/id=b1722.45-per2
1055:             ls$naturalidade/soure
1056:             ls$residencia/soure
1057: 
1058:          mn$leonarda maria pessoa/id=b1722.45-per3
1059:             ls$naturalidade/soure
1060: 
1061:          pad$francisco pereira coutinho/id=b1722.45-per4
1062:             ls$cargo/promotor do santo oficio
1063:             ls$residencia/coimbra
1064: 
1065:          mad$antonia isabel/id=1722-b45-antonia
1066:             ls$residencia/leiria
1067: 
1068:          mrmad$diogo ramires alemao/id=b1722.45-per5
1069:             ls$residencia/leiria
1070:             rel$sociabilidade/procurador/antonia isabel/1722-b45-antonia
1071: 
1072:       bap$b1722.46/16/5/1722/fol.30/local__igreja de sao tiago/celebrante__manuel rodrigues
1073: 
1074: bap$b1722.46
1074:          n$jacinta/f/id=1722-b46-jacinta
1075: 
1076:          pn$eduardo nogueira/id=b1722.46-per1
1077:             ls$naturalidade/lisboa
1078:             ls$residencia/soure
1079: 
1080:          mn$hermogina teresa/id=b1722.46-per2
1081:             ls$titulo/dona
1082:             ls$naturalidade/braga
1083: 
1084:          pad$jacinto da costa vasconcelos/id=b1722.46-per3
1085:             ls$titulo/doutor
1086:             ls$residencia/soure
1087: 
1088:          mad$isabel de sao miguel/id=b1722.46-per4
1089:             ls$residencia/soure
1090: 
1091:          mrmad$domingos goncalves galhardo/id=b1722.46-per5
1092:             ls$titulo/doutor
1093:             ls$residencia/soure
1094: 
1095:          referida$cipriana/id=1722-b46-cipriana
1096:             ls$titulo/dona
1097:             ls$residencia/soure
1098:             rel$sociabilidade/baptizou em necessidade/jacinta/1722-b46-jacinta
1099: 
1100:          referido$dionisio de magalhaes pinto/id=b1722.46-per6
1101:             ls$residencia/soure
1102:             rel$parentesco/marido/cipriana/1722-b46-cipriana
1103: 
1104:       bap$b1722.47/17/5/1722/fol.30/local__igreja de sao tiago/celebrante__manuel rodrigues
1105: 
1106: bap$b1722.47
1106:          n$joao/m/id=b1722.47-per1
1107: 
1108:          pn$joao martins/id=b1722.47-per2
1109:             ls$naturalidade/cascao
1110:             ls$residencia/cascao
1111: 
1112:          mn$felipa joao/id=b1722.47-per3
1113:             ls$naturalidade/cartaxo
1114:             ls$freguesia/ega
1115: 
1116:          pad$manuel madeira/id=b1722.47-per4
1117:             ls$residencia/cascao
1118: 
1119:          mad$maria/id=b1722.47-per5
1120:             ls$ec/solteira
1121:             ls$residencia/cartaxo
1122:             ls$freguesia/ega
1123: 
1124:          pmad$joao antunes/id=b1722.47-per6
1125:             ls$residencia/cartaxo
1126:             ls$freguesia/ega
1127: 
1128:       bap$b1722.48/17/5/1722/fol.30/local__igreja de sao tiago/celebrante__manuel rodrigues
1129: 
1130: bap$b1722.48
1130:          n$antonia/f/id=b1722.48-per1
1131: 
1132:          pn$manuel francisco/id=b1722.48-per2
1133:             ls$naturalidade/degracias
1134:             ls$residencia/casa de galinhas
1135: 
1136:          mn$ana travassos/id=b1722.48-per3
1137:             ls$naturalidade/vila nova de ancos
1138: 
1139:          pad$joao pereira/id=b1722.48-per4
1140:             ls$residencia/casal de galinhas
1141: 
1142:          mad$maria da gante/id=b1722.48-per5
1143:             ls$residencia/casal das brancas
1144: 
1145:          mrmad$manuel vaz/id=b1722.48-per6
1146:             ls$residencia/casal das brancas
1147: 
1148:       bap$b1722.49/17/5/1722/fol.30v/local__igreja de sao tiago/celebrante__padre joao de deus
1149: 
1150: bap$b1722.49
1150:          n$jacinta/f/id=b1722.49-per1
1151: 
1152:          pn$antonio da silva/id=b1722.49-per2
1153:             ls$naturalidade/almagreira
1154:             ls$residencia/soure
1155: 
1156:          mn$maria vieira/id=b1722.49-per3
1157:             ls$naturalidade/lourical
1158: 
1159:          pad$jacinto da costa e vasconcelos/id=1722-b49-jacinto
1160:             ls$titulo/doutor
1161:             ls$residencia/soure
1162: 
1163:          mad$luisa/id=1722-b49-luisa
1164:             ls$titulo/dona
1165:             ls$residencia/soure
1166:             rel$parentesco/irma/jacinto da costa e vasconcelos/1722-b49-jacinto
1167: 
1168:          pmad$joao da costa/id=b1722.49-per4
1169:             ls$residencia/soure
1170: 
1171:          referido$luis ribeiro cabral/id=b1722.49-per5
1172:             ls$profissao/padre
1173:             ls$residencia/soure
1174:             rel$sociabilidade/procurador/luisa/1722-b49-luisa
1175: 
1176:       bap$b1722.50/18/5/1722/fol.30v/local__igreja de sao tiago/celebrante__manuel rodrigues
1177: 
1178: bap$b1722.50
1178:          n$maria/f/id=1722-b50-maria
1179: 
1180:          pn$manuel rodrigues feijao/id=b1722.50-per1
1181:             ls$naturalidade/cavaleiros
1182:             ls$residencia/cavaleiros
1183: 
1184:          mn$isabel rodrigues/id=b1722.50-per2
1185:             ls$naturalidade/lagem
1186: 
1187:          pad$joao pinheiro/id=b1722.50-per3
1188:             ls$residencia/quinta dos anjos
1189: 
1190:          mad$antonia gomes/id=b1722.50-per4
1191:             ls$profissao/parteira
1192:             ls$residencia/alencarce de cima
1193:             rel$sociabilidade/baptizou em necessidade/maria/1722-b50-maria
1194: 
1195:       bap$b1722.51/28/5/1722/fol.30v/local__igreja de sao tiago/celebrante__padre jose rodrigues da paz
1196: 
1197: bap$b1722.51
1197:          n$joaquim/m/id=b1722.51-per1
1198: 
1199:          pn$mateus rodrigues/id=b1722.51-per2
1200:             ls$naturalidade/porto coelheiro
1201:             ls$residencia/porto coelheiro
1202: 
1203:          mn$isabel da costa/id=b1722.51-per3
1204:             ls$naturalidade/redinha
1205: 
1206:          pad$antonio rodrigues/id=b1722.51-per4
1207:             ls$residencia/porto coelheiro
1208: 
1209:          mad$maria de faria/id=1722-b51-maria
1210:             ls$residencia/laranjeiro
1211:             ls$freguesia/tapeus
1212: 
1213:          mrmad$antonio rodrigues da paz/id=b1722.51-per5
1214:             ls$residencia/laranjeiro
1215:             ls$freguesia/tapeus
1216: 
1217:          referido$jose rodrigues da paz/id=b1722.51-per6
1218:             ls$profissao/padre
1219:             rel$sociabilidade/procurador/maria de faria/1722-b51-maria
1220: 
1221:       bap$b1722.52/31/5/1722/fol.31/local__igreja de sao tiago/celebrante__manuel rodrigues
1222: 
1223: bap$b1722.52
1223:          n$jose/m/id=b1722.52-per1
1224: 
1225:          pn$manuel antunes/id=b1722.52-per2
1226:             ls$alcunha/o moco
1227:             ls$naturalidade/presa
1228:             ls$residencia/presa
1229: 
1230:          mn$catarina rodrigues/id=b1722.52-per3
1231:             ls$naturalidade/presa
1232: 
1233:          pad$domingos lourenco/id=b1722.52-per4
1234:             ls$residencia
1235: 

ERROR: bap1722.cli line 1235 ** Error: missing element(s) in ls(att-435) must have: valor
Near line: 1235 
Near line: 1236          mad$maria/id=b1722.52-per5

1236:          mad$maria/id=b1722.52-per5
1237:             ls$ec/solteira
1238:             ls$residencia/casconho
1239: 
1240:          pmad$pedro francisco/id=b1722.52-per6
1241:             ls$residencia/casconho
1242: 
1243:       bap$b1722.53/1/6/1722/fol.31/local__igreja de sao tiago/celebrante__padre manuel rodrigues alvaro
1244: 
1245: bap$b1722.53
1245:          n$joao/m/id=1722-b53-joao
1246: 
1247:          pn$joao da costa/id=b1722.53-per1
1248:             ls$alcunha/o moco
1249:             ls$naturalidade/santo ildefonso
1250:             ls$residencia/santo ildefonso
1251: 
1252:          mn$pascoa maria/id=b1722.53-per2
1253:             ls$naturalidade/fonte coberta
1254:             ls$freguesia/zambujal
1255: 
1256:          pad$antonio botelho/id=b1722.53-per3
1257:             ls$residencia/degracias
1258: 
1259:          mad$maria/id=b1722.53-per4
1260:             ls$ec/solteira
1261:             ls$residencia/venda nova
1262: 
1263:          pmad$joao martins/id=b1722.53-per5
1264:             ls$residencia/venda nova
1265: 
1266:          referida$maria martins/id=b1722.53-per6
1267:             ls$ec/viuva
1268:             ls$residencia/carvalhal
1269:             rel$sociabilidade/baptizou em necessidade/joao/1722-b53-joao
1270: 
1271:       bap$b1722.54/7/6/1722/fol.31v/local__igreja de sao tiago/celebrante__manuel rodrigues
1272: 
1273: bap$b1722.54
1273:          n$maria/f/id=b1722.54-per1
1274: 
1275:          pn$antonio marques/id=b1722.54-per2
1276:             ls$naturalidade/redinha
1277:             ls$residencia/barrosos
1278: 
1279:          mn$maria rodrigues/id=b1722.54-per3
1280:             ls$naturalidade/barrosos
1281: 
1282:          pad$manuel rodrigues/id=b1722.54-per4
1283:             ls$residencia/barrosos
1284: 
1285:          mad$clara rodrigues/id=b1722.54-per5
1286:             ls$residencia/mogadouro
1287: 
1288:          mrmad$manuel goncalves branco/id=b1722.54-per6
1289:             ls$residencia/mogadouro
1290: 
1291:       bap$b1722.55/8/6/1722/fol.31v/local__igreja de sao tiago/celebrante__padre manuel rodrigues alvaro
1292: 
1293: bap$b1722.55
1293:          n$josefa/f/id=b1722.55-per1
1294: 
1295:          pn$jeronimo mendes/id=b1722.55-per2
1296:             ls$naturalidade/soure
1297:             ls$residencia/soure
1298: 
1299:          mn$maria ferreira/id=b1722.55-per3
1300:             ls$naturalidade/soure
1301: 
1302:          pad$miguel da gante/id=b1722.55-per4
1303:             ls$ec/solteiro
1304:             ls$residencia/casal de grizoma
1305: 
1306:          mad$josefa/id=b1722.55-per5
1307:             ls$ec/solteira
1308:             ls$residencia/soure
1309: 
1310:          pmad$joao ferreira nuvem/id=b1722.55-per6
1311:             ls$residencia/soure
1312: 
1313:       bap$b1722.56/11/6/1722/fol.31v/local__igreja de sao tiago/celebrante__manuel rodrigues
1314: 
1315: bap$b1722.56
1315:          n$maria/f/id=b1722.56-per1
1316: 
1317:          pn$manuel jorge/id=b1722.56-per2
1318:             ls$naturalidade/pousadas velhas
1319:             ls$freguesia/redinha
1320:             ls$residencia/simoes
1321: 
1322:          mn$teresa francisca/id=b1722.56-per3
1323:             ls$naturalidade/simoes
1324: 
1325:          pad$manuel gomes/id=b1722.56-per4
1326:             ls$residencia/casal do justo
1327: 
1328:          mad$maria/id=b1722.56-per5
1329:             ls$ec/solteira
1330:             ls$residencia/simoes
1331: 
1332:          mmad$maria joao/id=b1722.56-per6
1333:             ls$alcunha/a galega
1334:             ls$residencia/simoes
1335: 
1336:       bap$b1722.57/14/6/1722/fol.32/local__igreja de sao tiago/celebrante__manuel rodrigues
1337: 
1338: bap$b1722.57
1338:          n$antonia/f/id=1722-b57-antonia
1339: 
1340:          pn$simao vaz/id=b1722.57-per1
1341:             ls$naturalidade/pouca pena
1342:             ls$residencia/pouca pena
1343: 
1344:          mn$luisa bernardes/id=b1722.57-per2
1345:             ls$naturalidade/pouca pena
1346: 
1347:          pad$antonio bernardes/id=b1722.57-per3
1348:             ls$ec/solteiro
1349:             ls$residencia/sao pedro
1350:             ls$freguesia/figueiro do campo
1351: 
1352:          mad$maria bernardes/id=b1722.57-per4
1353:             ls$residencia/pouca pena
1354: 
1355:          mrmad$luis de carvalho/id=b1722.57-per5
1356:             ls$residencia/pouca pena
1357: 
1358:          referido$antonio martins/id=b1722.57-per6
1359:             ls$residencia/pouca pena
1360:             rel$sociabilidade/baptizou em necessidade/antonia/1722-b57-antonia
1361: 
1362:       bap$b1722.58/14/6/1722/fol.32/local__igreja de sao tiago/celebrante__manuel rodrigues
1363: 
1364: bap$b1722.58
1364:          n$mariana/f/id=b1722.58-per1
1365: 
1366:          pn$jose rodrigues/id=b1722.58-per2
1367:             ls$naturalidade/casal dos feijoes
1368:             ls$residencia/sao mateus
1369: 
1370:          mn$josefa rodrigues/id=b1722.58-per3
1371:             ls$naturalidade/oureca
1372: 
1373:          pad$joao rodrigues/id=b1722.58-per4
1374:             ls$residencia/casal dos feijoes
1375: 
1376:          mad$maria/id=b1722.58-per5
1377:             ls$ec/solteira
1378:             ls$residencia/casal dos feijoes
1379: 
1380:          pmad$antonio rodrigues feijao/id=b1722.58-per6
1381:             ls$residencia/casal dos feijoes
1382: 
1383:       bap$b1722.59/21/6/1722/fol.32/local__igreja de sao tiago/celebrante__padre manuel da costa velho
1384: 
1385: bap$b1722.59
1385:          n$antonio/m/id=b1722.59-per1
1386: 
1387:          pn$antonio cardoso/id=b1722.59-per2
1388:             ls$naturalidade/soure
1389:             ls$residencia/soure
1390: 
1391:          mn$catarina rodrigues/id=b1722.59-per3
1392:             ls$naturalidade/gesteira
1393: 
1394:          pad$manuel da costa velho/id=b1722.59-per4
1395:             ls$profissao/padre
1396:             ls$residencia/soure
1397: 
1398:          mad$antonia/id=b1722.59-per5
1399:             ls$ec/solteira
1400:             ls$residencia/soure
1401: 
1402:          mmad$josefa teixeira/id=b1722.59-per6
1403:             ls$ec/viuva
1404:             ls$residencia/soure
1405: 
1406:       bap$b1722.60/28/6/1722/fol.32v/local__igreja de sao tiago/celebrante__manuel rodrigues
1407: 
1408: bap$b1722.60
1408:          n$joao/m/id=b1722.60-per1
1409: 
1410:          pn$jose da conceicao/id=b1722.60-per2
1411:             ls$naturalidade/paleao
1412:             ls$residencia/paleao
1413: 
1414:          mn$maria das neves/id=b1722.60-per3
1415:             ls$naturalidade/coimbra
1416:             ls$freguesia/sao tiago
1417: 
1418:          pad$joao gaspar/id=b1722.60-per4
1419:             ls$ec/solteiro
1420:             ls$residencia/leoa
1421: 
1422:          mad$francisca leoa/id=b1722.60-per5
1423:             ls$residencia/paleao
1424: 
1425:          mrmad$manuel rodrigues branco/id=b1722.60-per6
1426:             ls$residencia/paleao
1427: 
1428:       bap$b1722.61/5/7/1722/fol.32v/local__igreja de sao tiago/celebrante__manuel rodrigues
1429: 
1430: bap$b1722.61
1430:          n$jose/m/id=b1722.61-per1
1431: 
1432:          pn$gregorio ferreira/id=b1722.61-per2
1433:             ls$naturalidade/bechos
1434:             ls$residencia/charneca
1435: 
1436:          mn$cristina rodrigues/id=b1722.61-per3
1437:             ls$naturalidade/charneca
1438: 
1439:          pad$rodrigo homem de quadros/id=1722-b61-rodrigo
1440:             ls$residencia/soure
1441: 
1442:          mad$josefa de azevedo/id=1722-b61-josefa
1443:             ls$residencia/soure
1444: 
1445:          referido$manuel/id=1722-b61-manuel
1446:             ls$residencia/soure
1447:             ls$ec/solteiro
1448:             rel$sociabilidade/procurador/rodrigo homem de quadros/1722-b61-rodrigo
1449:             rel$parentesco/irmao/rodrigo homem de quadros/1722-b61-rodrigo
1450: 
1451:          referido$pedro/id=b1722.61-per4
1452:             ls$ec/solteiro
1453:             ls$residencia/soure
1454:             rel$sociabilidade/procurador/josefa de azevedo/1722-b61-josefa
1455:             rel$parentesco/irmao/rodrigo homem de quadros/1722-b61-rodrigo
1456:             rel$parentesco/irmao/manuel/1722-b61-manuel
1457: 
1458:       bap$b1722.62/5/6/1722/fol.32v/local__igreja de sao tiago/celebrante__manuel rodrigues
1459: 
1460: bap$b1722.62
1460:          n$manuel/m/id=b1722.62-per1
1461:             ls$ilegitimo/sim
1462: 
1463:          mn$isabel galega/id=b1722.62-per2
1464:             ls$residencia/barrosos
1465: 
1466:          pad$simao gaspar/id=b1722.62-per3
1467:             ls$residencia/barrosos
1468: 
1469:          mad$antonia/id=b1722.62-per4
1470:             ls$ec/solteira
1471:             ls$residencia/barrosos
1472: 
1473:          mmad$maria rosada/id=b1722.62-per5
1474:             ls$ec/viuva
1475:             ls$residencia/barrosos
1476: 
1477:       bap$b1722.63/5/7/1722/fol.32v-33/local__igreja de soa tiago/celebrante__frei antonio de sousa
1478: 
1479: bap$b1722.63
1479:          n$mariana/f/id=b1722.63-per1
1480: 
1481:          pn$jose nunes/id=b1722.63-per2
1482:             ls$naturalidade/casa velha
1483:             ls$residencia/casa velha
1484: 
1485:          mn$mariana da costa/id=b1722.63-per3
1486:             ls$naturalidade/casa velha
1487: 
1488:          pad$manuel rodrigues/id=b1722.63-per4
1489:             ls$profissao/alfaiate
1490:             ls$ec/solteiro
1491:             ls$residencia/casa velha
1492: 
1493:          mad$maria luis/id=b1722.63-per5
1494:             ls$residencia/casa velha
1495: 
1496:          mrmad$manuel pedroso/id=b1722.63-per6
1497:             ls$residencia/casa velha
1498: 
1499:       bap$b1722.64/8/7/1722/fol.33/local__igreja de sao tiago/celebrante__padre sebastiao ferreira
1500: 
1501: bap$b1722.64
1501:          n$manuel/m/id=b1722.64-per1
1502: 
1503:          pn$manuel goncalves/id=b1722.64-per2
1504:             ls$naturalidade/casal de mendinho
1505:             ls$residencia/casal de mendinho
1506: 
1507:          mn$teresa de oliveira/id=b1722.64-per3
1508:             ls$naturalidade/casa velha
1509: 
1510:          pad$sebastiao ferreira/id=b1722.64-per4
1511:             ls$profissao/padre
1512:             ls$residencia/soure
1513:             rel$sociabilidade/procurador/francisca/1722-b64-francisca
1514:             rel$parentesco/irmao/francisca/1722-b64-francisca
1515: 
1516:          mad$francisca ferreira/id=1722-b64-francisca
1517:             ls$ec/solteira
1518:             ls$residencia/soure
1519: 
1520:       bap$b1722.65/12/7/1722/fol.33/local__igreja de sao tiago/celebrante__manuel rodrigues
1521: 
1522: bap$b1722.65
1522:          n$maria/f/id=b1722.65-per1
1523: 
1524:          pn$jose rodrigues/id=b1722.65-per2
1525:             ls$naturalidade/cavaleiros
1526:             ls$residencia/cavaleiros
1527: 
1528:          mn$antonia simoes/id=b1722.65-per3
1529:             ls$naturalidade/cavaleiros
1530: 
1531:          pad$manuel da costa/id=1722-b65-manuel
1532:             ls$residencia/quinta do capitao joao manhos
1533: 
1534:          mad$catarina francisca/id=b1722.65-per4
1535:             rel$parentesco/mulher/manuel da costa/1722-b65-manuel
1536: 
1537:       bap$b1722.66/15/7/1722/fol.33v/local__igreja de sao tiago/celebrante__manuel rodrigues alvaro
1538: 
1539: bap$b1722.66
1539:          n$joaquim/m/id=b1722.66-per1
1540: 
1541:          pn$domingos rodrigues/id=b1722.66-per2
1542:             ls$naturalidade/soure
1543:             ls$residencia/pinheiro
1544: 
1545:          mn$maria martins/id=b1722.66-per3
1546:             ls$naturalidade/pinheiro
1547: 
1548:          pad$joao de sequeira coelho/id=b1722.66-per4
1549:             ls$residencia/soure
1550: 
1551:          mad$isabel margarida pessoa/id=1722-b66-isabel
1552:             ls$ec/solteira
1553:             ls$residencia/soure
1554: 
1555:          referido$manuel pessoa leitao/id=b1722.66-per5
1556:             ls$profissao/padre
1557:             ls$residencia/soure
1558:             rel$sociabilidade/procurador/isabel margarida pessoa/1722-b66-isabel
1559: 
1560:       bap$b1722.67/19/7/1722/fol.33v/local__igreja de sao tiago/celebrante__manuel rodrigues
1561: 
1562: bap$b1722.67
1562:          n$domingos/m/id=1722-b67-domingos
1563: 
1564:          pn$jose rodrigues/id=b1722.67-per1
1565:             ls$naturalidade/olho marinho
1566:             ls$residencia/alencarce de cima
1567: 
1568:          mn$maria rodrigues/id=b1722.67-per2
1569:             ls$naturalidade/alencarce de cima
1570: 
1571:          pad$luis madeira/id=b1722.67-per3
1572:             ls$residencia/alencarce de cima
1573: 
1574:          mad$josefa/id=b1722.67-per4
1575:             ls$ec/solteira
1576:             ls$residencia/olho marinho
1577: 
1578:          pmad$manuel rodrigues/id=b1722.67-per5
1579:             ls$residencia/olho marinho
1580: 
1581:          referido$domingos joao/id=b1722.67-per6
1582:             ls$profissao/padre
1583:             ls$residencia/alencarce de cima
1584:             rel$sociabilidade/baptizou em necessidade/domingos/1722-b67-domingos
1585: 
1586:       bap$b1722.68/23/7/1722/fol.33v-34/local__igreja de sao tiago/celebrante__padre joao de deus
1587: 
1588: bap$b1722.68
1588:          n$joana/f/id=b1722.68-per1
1589: 
1590:          pn$vicente mendes/id=b1722.68-per2
1591:             ls$naturalidade/pinheiro
1592:             ls$residencia/soure
1593: 
1594:          mn$luzia da rosa/id=b1722.68-per3
1595:             ls$naturalidade/povoa
1596:             ls$freguesia/santa iria/obs=bispado de lisboa
1597: 
1598:          pad$manuel pinto/id=1722-b68-manuel
1599:             ls$profissao/boticario
1600:             ls$residencia/lourical
1601:             rel$sociabilidade/procurador/joana gualberta de barros/1722-b68-joana
1602: 
1603:          mad$joana gualberta de barros/id=1722-b68-joana
1604:             ls$residencia/lourical
1605:             rel$parentesco/mulher/manuel pinto/1722-b68-manuel
1606: 
1607:       bap$b1722.69/26/7/1722/fol.34/local__igreja de sao tiago/celebrante__padre manuel da costa velho
1608: 
1609: bap$b1722.69
1609:          n$leonarda/f/id=1722-b69-leonarda
1610: 
1611:          pn$manuel da costa/id=b1722.69-per1
1612:             ls$profissao/sapateiro
1613:             ls$naturalidade/soure
1614:             ls$residencia/soure
1615: 
1616:          mn$jeronima da costa/id=b1722.69-per2
1617:             ls$naturalidade/tentugal
1618: 
1619:          pad$jose da costa/id=1722-b69-jose
1620:             ls$profissao/carpinteiro
1621:             ls$residencia/soure
1622: 
1623:          mad$leonarda teixeira/id=b1722.69-per3
1624:             ls$residencia/soure
1625:             rel$parentesco/mulher/jose da costa/1722-b69-jose
1626: 
1627:          referido$matias goncalves/id=b1722.69-per4
1628:             ls$profissao/padre
1629:             ls$residencia/soure
1630:             rel$sociabilidade/baptizou em necessidade/leonarda/1722-b69-leonarda
1631: 
1632:       bap$b1722.70/5/8/1722/fol.34/local__igreja de sao tiago/celebrante__manuel rodrigues
1633: 
1634: bap$b1722.70
1634:          n$mariana/f/id=b1722.70-per1
1635: 
1636:          pn$domingos joao/id=b1722.70-per2
1637:             ls$naturalidade/soure
1638:             ls$residencia/soure
1639: 
1640:          mn$maria francisca/id=b1722.70-per3
1641:             ls$naturalidade/vinha da rainha
1642: 
1643:          pad$joao de sequeira coelho/id=b1722.70-per4
1644:             ls$residencia/soure
1645: 
1646:          mad$mariana/id=1722-b70-mariana
1647:             ls$ec/solteira
1648:             ls$residencia/soure
1649: 
1650:          pmad$luis manhos/id=b1722.70-per5
1651:             ls$cargo/capitao
1652:             ls$residencia/soure
1653:             rel$sociabilidade/procurador/mariana/1722-b70-mariana
1654: 
1655:       bap$b1722.71/6/8/1722/fol.34/local__igreja de sao tiago/celebrante__manuel rodrigues
1656: 
1657: bap$b1722.71
1657:          n$manuel/m/id=1722-b71-manuel
1658: 
1659:          pn$manuel simoes/id=b1722.71-per1
1660:             ls$naturalidade/alencarce de cima
1661:             ls$residencia/presa
1662: 
1663:          mn$isabel rodrigues/id=b1722.71-per2
1664:             ls$naturalidade/presa
1665: 
1666:          pad$feliz antunes/id=b1722.71-per3
1667:             ls$ec/solteiro
1668:             ls$residencia/cadaval
1669:             ls$freguesia/furadouro
1670: 
1671:          mad$teresa/id=b1722.71-per4
1672:             ls$ec/solteira
1673:             ls$residencia/porto coelheiro
1674: 
1675:          pmad$lourenco rodrigues/id=b1722.71-per5
1676:             ls$residencia/porto coelheiro
1677: 
1678:          referido$manuel antunes/id=b1722.71-per6
1679:             ls$residencia/presa
1680:             rel$sociabilidade/baptizou em necessidade/manuel/1722-b71-manuel
1681: 
1682:       bap$b1722.72/16/8/1722/fol.34v/local__igreja de sao tiago/celebrante__manuel rodrigues
1683: 
1684: bap$b1722.72
1684:          n$manuel/m/id=b1722.72-per1
1685: 
1686:          pn$manuel gaspar/id=b1722.72-per2
1687:             ls$naturalidade/alencarce de cima
1688:             ls$residencia/alencarce de cima
1689: 
1690:          mn$maria rodrigues/id=b1722.72-per3
1691:             ls$naturalidade/alencarce de cima
1692: 
1693:          pad$manuel rodrigues/id=b1722.72-per4
1694:             ls$profissao/padre
1695:             ls$cargo/vigario
1696:             ls$residencia/soure
1697: 
1698:          mad$maria/id=b1722.72-per5
1699:             ls$ec/solteira
1700:             ls$residencia/porto coelheiro
1701: 
1702:          pmad$manuel rodrigues/id=b1722.72-per6
1703:             ls$cargo/capitao
1704:             ls$residencia/porto coelheiro
1705: 
1706:       bap$b1722.73/16/8/1722/fol.34v/local__igreja de sao tiago/celebrante__manuel rodrigues
1707: 
1708: bap$b1722.73
1708:          n$joao/m/id=b1722.73-per1
1709: 
1710:          pn$joao cardoso/id=b1722.73-per2
1711:             ls$naturalidade/casa velha
1712:             ls$residencia/casal do rei
1713: 
1714:          mn$jacinta da rosa/id=b1722.73-per3
1715:             ls$naturalidade/casal do rei
1716: 
1717:          pad$luis/id=b1722.73-per4
1718:             ls$ec/solteiro
1719:             ls$residencia/casa velha
1720: 
1721:          ppad$manuel cardoso/id=b1722.73-per5
1722:             ls$residencia/casa velha
1723: 
1724:          mad$maria pedrosa/id=b1722.73-per6
1725:             ls$residencia/casa velha
1726: 
1727:          mrmad$joao mateus/id=b1722.73-per7
1728:             ls$residencia/casa velha
1729: 
1730:       bap$b1722.74/16/8/1722/fol.34v-35/local__igreja de soa tiago/celebrante__manuel rodrigues
1731: 
1732: bap$b1722.74
1732:          n$domingas/f/id=b1722.74-per1
1733: 
1734:          pn$afonso joao de carvalho/id=b1722.74-per2
1735:             ls$naturalidade/delgados
1736:             ls$residencia/simoes
1737: 
1738:          mn$josefa gooncalves/id=b1722.74-per3
1739:             ls$naturalidade/simoes
1740: 
1741:          pad$manuel/id=b1722.74-per4
1742:             ls$ec/solteiro
1743:             ls$residencia/areias
1744: 
1745:          ppad$manuel joao/id=b1722.74-per5
1746:             ls$profissao/moleiro
1747:             ls$residencia/areias
1748: 
1749:          mad$domingas/id=b1722.74-per6
1750:             ls$ec/solteira
1751: 
1752:          pmad$francisco joao/id=b1722.74-per7
1753:             ls$residencia/delgados
1754: 
1755:       bap$b1722.75/16/8/1722/fol.35/local__igreja de sao tiago/celebrante__manuel rodrigues
1756: 
1757: bap$b1722.75
1757:          n$maria/f/id=1722-b75-maria
1758: 
1759:          pn$domingos goncalves/id=b1722.75-per1
1760:             ls$naturalidade/mogadouro
1761:             ls$residencia/mogadouro
1762: 
1763:          mn$ana martins/id=b1722.75-per2
1764:             ls$naturalidade/mogadouro
1765: 
1766:          pad$manuel goncalves/id=b1722.75-per3
1767:             ls$residencia/quinta da cruz
1768: 
1769:          mad$maria joao/id=b1722.75-per4
1770:             ls$residencia/sao mateus
1771: 
1772:          mrmad$domingos rodrigues/id=b1722.75-per5
1773:             ls$residencia/sao mateus
1774: 
1775:          referida$domingas rosa/id=b1722.75-per6
1776:             ls$alcunha/viuva
1777:             ls$profissao/parteira
1778:             ls$residencia/redinha
1779:             rel$sociabilidade/baptizou em necessidade/maria/1722-b75-maria
1780: 
1781:       bap$b1722.76/18/8/1722/fol.35/local__igreja de sao tiago/celebrante__padre antonio de sousa
1782: 
1783: bap$b1722.76
1783:          n$antonio/m/id=b1722.76-per1
1784: 
1785:          pn$simao gaspar/id=b1722.76-per2
1786:             ls$naturalidade/boa vista
1787:             ls$freguesia/redinha
1788:             ls$residencia/barrosos
1789: 
1790:          mn$maria simoes/id=b1722.76-per3
1791:             ls$naturalidade/barrosos
1792: 
1793:          pad$antonio marques/id=b1722.76-per4
1794:             ls$profissao/barbeiro
1795:             ls$residencia/barrosos
1796: 
1797:          mad$maria/id=b1722.76-per5
1798:             ls$ec/solteira
1799:             ls$residencia/carraminha
1800:             ls$freguesia/redinha
1801: 
1802:          pmad$manuel rodrigues/id=b1722.76-per6
1803:             ls$residencia/carraminha
1804:             ls$freguesia/redinha
1805: 
1806:       bap$b1722.77/23/8/1722/fol.35v/local__igreja de sao tiago/celebrante__manuel rodrigues
1807: 
1808: bap$b1722.77
1808:          n$maria/f/id=b1722.77-per1
1809: 
1810:          pn$joao da silva/id=b1722.77-per2
1811:             ls$naturalidade/pelariga
1812:             ls$residencia/bonitos
1813: 
1814:          mn$maria francisca/id=b1722.77-per3
1815:             ls$naturalidade/bonitos
1816: 
1817:          pad$manuel domingues/id=b1722.77-per4
1818:             ls$alcunha/o moco
1819:             ls$residencia/casais da misericordia
1820: 
1821:          mad$catarina francisca/id=b1722.77-per5
1822:             ls$residencia/simoes
1823: 
1824:          mrmad$diogo francisco/id=b1722.77-per6
1825:             ls$profissao/moleiro
1826:             ls$residencia/simoes
1827: 
1828:       bap$b1722.78/23/8/1722/fol.35v/local__igreja se sao tiago/celebrante__mamuel rodrigues
1829: 
1830: bap$b1722.78
1830:          n$inacio/m/id=b1722.78-per1
1831: 
1832:          pn$joao rodrigues galiao/id=b1722.78-per2
1833:             ls$naturalidade/portela
1834:             ls$residencia/portela
1835: 
1836:          mn$maria de sao miguel/id=b1722.78-per3
1837:             ls$naturalidade/portela
1838: 
1839:          pad$inacio esteves/id=b1722.78-per4
1840:             ls$residencia/carregosa
1841:             ls$freguesia/gesteira
1842: 
1843:          mad$antonia/id=b1722.78-per5
1844:             ls$ec/solteira
1845:             ls$residencia/carregosa
1846:             ls$freguesia/gesteira
1847: 
1848:          mmad$catarina rodrigues galioa/id=b1722.78-per6
1849:             ls$ec/viuva
1850:             ls$residencia/carregosa
1851:             ls$freguesia/gesteira
1852: 
1853:       bap$b1722.79/24/8/1722/fol.35v/local__igreja de sao tiago/celebrante__manuel rodrigues
1854: 
1855: bap$b1722.79
1855:          n$maria/f/id=b1722.79-per1
1856: 
1857:          pn$manuel cardoso/id=b1722.79-per2
1858:             ls$naturalidade/porto coelheiro
1859:             ls$residencia/porto coelheiro
1860: 
1861:          mn$maria joao/id=b1722.79-per3
1862:             ls$naturalidade/porto coelheiro
1863: 
1864:          pad$joao dos santos/id=1722-b79-joao
1865:             ls$profissao/padre
1866:             ls$cargo/vigario
1867:             ls$residencia/tapeus
1868: 
1869:          mad$isabel/id=b1722.79-per4
1870:             ls$ec/solteira
1871:             ls$residencia/porto coelheiro
1872: 
1873:          pmad$manuel rodrigues falcao/id=b1722.79-per5
1874:             ls$residencia/porto coelheiro
1875: 
1876:          referido$antonio alves ribeiro/id=b1722.79-per6
1877:             ls$residencia/soure
1878:             rel$sociabilidade/procurador/joao dos santos/1722-b79-joao
1879: 
1880:       bap$b1722.80/24/8/1722/fol.35v-36/local__igreja de sao tiago/celebrante__manuel rodrigues
1881: 
1882: bap$b1722.80
1882:          n$francisco/m/id=1722-b80-francisco
1883: 
1884:          pn$joao francisco/id=b1722.80-per1
1885:             ls$naturalidade/sobral
1886:             ls$residencia/mogadouro
1887: 
1888:          mn$isabel francisca/id=b1722.80-per2
1889:             ls$naturalidade/casal da venda
1890: 
1891:          pad$jose gomes/id=b1722.80-per3
1892:             ls$profissao/padre
1893:             ls$residencia/casal da venda
1894: 
1895:          mad$maria francisca/id=1722-b80-maria
1896:             ls$residencia/sobral
1897: 
1898:          mrmad$jose rodrigues/id=b1722.80-per4
1899:             ls$residencia/sobral
1900:             rel$sociabilidade/procurador/maria francisca/1722-b80-maria
1901: 
1902:          referida$maria de oliveira/id=1722-b80-oliveira
1903:             ls$residencia/mogadouro
1904:             rel$sociabilidade/baptizou em necessidade/francisco/1722-b80-francisco
1905: 
1906:          referido$manuel francisco/id=b1722.80-per5
1907:             ls$residencia/mogadouro
1908:             rel$parentesco/marido/maria de oliveira/1722-b80-oliveira
1909: 
1910:       bap$b1722.81/17/9/1722/fol.36/local__igreja de sao tiago/celebrante__padre antonio da cruz
1911: 
1912: bap$b1722.81
1912:          n$antonio/m/id=b1722.81-per1
1913: 
1914:          pn$diogo da costa/id=1722-b81-diogo
1915:             ls$naturalidade/casa velha
1916:             ls$residencia/casa velha
1917: 
1918:          mn$ines da conceicao/id=1722-b81-ines
1919:             ls$naturalidade/lagem
1920: 
1921:          pad$antonio de melo ataide/id=b1722.81-per2
1922:             ls$residencia/quinta de caparrosa/obs=sua propriedade
1923: 
1924:          mad$isabel francisca/id=b1722.81-per3
1925:             ls$ec/solteira
1926:             rel$parentesco/irma/ines da conceicao/1722-b81-ines
1927: 
1928:          referido$antonio da cruz/id=b1722.81-per4
1929:             ls$profissao/padre
1930:             ls$residencia/casa velha
1931:             rel$parentesco/irmao/diogo da costa/1722-b81-diogo
1932: 
1933:       bap$b1722.82/20/9/1722/fol.36-36v/local__igreja de sao tiago/celebrante__padre antonio de sousa
1934: 
1935: bap$b1722.82
1935:          n$ana/f/id=b1722.82-per1
1936: 
1937:          pn$jose gaspar/id=b1722.82-per2
1938:             ls$naturalidade/simoes
1939:             ls$residencia/simoes
1940: 
1941:          mn$maria francisca/id=b1722.82-per3
1942:             ls$naturalidade/mogadouro
1943: 
1944:          pad$diogo francisco/id=b1722.82-per4
1945:             ls$residencia/simoes
1946: 
1947:          mad$ana joao/id=b1722.82-per5
1948:             ls$residencia/simoes
1949: 
1950:          mrmad$manuel domingues/id=b1722.82-per6
1951:             ls$residencia/simoes
1952: 
1953:       bap$b1722.83/29/8/1722/fol.36v/local__igreja de sao tiago/celebrante__antonio de sousa
1954: 
1955: bap$b1722.83
1955:          n$antonio/m/id=b1722.83-per1
1956: 
1957:          pn$manuel joao/id=b1722.83-per2
1958:             ls$naturalidade/simoes
1959:             ls$alcunha/o marcos
1960:             ls$residencia/simoes
1961: 
1962:          mn$isabel rodrigues/id=b1722.83-per3
1963:             ls$naturalidade/simoes
1964: 
1965:          pad$diogo francisco/id=b1722.83-per4
1966:             ls$residencia/simoes
1967: 
1968:          mad$maria rodrigues/id=b1722.83-per5
1969:             ls$residencia/simoes
1970: 
1971:          mrmad$joao rodrigues galego/id=b1722.83-per6
1972:             ls$residencia/simoes
1973: 
1974:       bap$b1722.84/29/9/1722/fol.36v/local__igreja de sao tiago/celebrante__padre manuel martins
1975: 
1976: bap$b1722.84
1976:          n$micaela/f/id=b1722.84-per1
1977: 
1978:          pn$jose martins/id=1722-b84-jose
1979:             ls$naturalidade/soure
1980:             ls$residencia/soure
1981: 
1982:          mn$joana rodrigues/id=b1722.84-per2
1983:             ls$naturalidade/soure
1984: 
1985:          pad$lourenco rodrigues/id=1722-b84-lourenco
1986:             ls$residencia/quinta do cano
1987: 
1988:          mad$maria jorge/id=b1722.84-per3
1989:             ls$residencia/quinta do cano
1990:             rel$parentesco/mulher/lourenco rodrigues/1722-b84-lourenco
1991: 
1992:          referido$manuel martins/id=b1722.84-per4
1993:             ls$residencia/soure
1994:             rel$parentesco/irmao/jose martins/1722-b84-jose
1995: 
1996:       bap$b1722.85/4/10/1722/fol.36v/local__igreja de soa tigao/celebrante__manuel rodrigues
1997: 
1998: bap$b1722.85
1998:          n$manuel/m/id=b1722.85-per1
1999: 
2000:          pn$manuel domingues/id=b1722.85-per2
2001:             ls$alcunha/o moco
2002:             ls$naturalidade/casais da misericordia
2003:             ls$residencia/casais da misericordia
2004: 
2005:          mn$maria goncalves/id=b1722.85-per3
2006:             ls$naturalidade/pelariga
2007: 
2008:          pad$manuel domingues/id=b1722.85-per4
2009:             ls$residencia/pelariga
2010: 
2011:          mad$vicencia/id=b1722.85-per5
2012:             ls$ec/solteira
2013:             ls$residencia/pelariga
2014: 
2015:          pmad$sebastiao goncalves/id=b1722.85-per6
2016:             ls$residencia/pelariga
2017: 
2018:       bap$b1722.86/6/10/1722/fol.37/local__igreja de sao tiago/celebrante__antonio de sousa
2019: 
2020: bap$b1722.86
2020:          n$caetana/f/id=b1722.86-per1
2021: 
2022:          pn$manuel domingues/id=b1722.86-per2
2023:             ls$alcunha/o moco
2024:             ls$naturalidade/casconho
2025:             ls$residencia/casconho
2026: 
2027:          mn$isabel francisca/id=b1722.86-per3
2028:             ls$naturalidade/casconho
2029: 
2030:          pad$antonio alves ribeiro/id=b1722.86-per4
2031:             ls$residencia/soure
2032: 
2033:          mad$ana/id=b1722.86-per5
2034:             ls$ec/solteira
2035:             ls$residencia/casconho
2036: 
2037:          pmad$pedro francisco/id=b1722.86-per6
2038:             ls$residencia/casconho
2039: 
2040:       bap$b1722.87/10/10/1722/fol.37/local__igreja de sao tiago/celebrante__manuel rodrigues
2041: 
2042: bap$b1722.87
2042:          n$maria/f/id=b1722.87-per1
2043: 
2044:          pn$jose soares/id=b1722.87-per2
2045:             ls$naturalidade/paleao
2046:             ls$residencia/paleao
2047: 
2048:          mn$ana maria/id=b1722.87-per3
2049:             ls$naturalidade/sao mateus
2050: 
2051:          pad$jose pereira/id=1722-b87-jose
2052:             ls$ec/solteiro
2053:             ls$residencia/sao mateus
2054: 
2055:          mad$catarina/id=b1722.87-per4
2056:             ls$ec/solteira
2057:             ls$residencia/sao mateus
2058:             rel$parentesco/irma/jose pereira/1722-b87-jose
2059: 
2060:       bap$b1722.88/18/10/1722/fol.37/local__igreja de sao tiago/celebrante__padre manuel rodrigues alvaro
2061: 
2062: bap$b1722.88
2062:          n$jose/m/id=b1722.88-per1
2063: 
2064:          pn$jose leao/id=b1722.88-per2
2065:             ls$naturalidade/lagem
2066:             ls$residencia/lagem
2067: 
2068:          mn$catarina rodrigues/id=b1722.88-per3
2069:             ls$naturalidade/soure
2070: 
2071:          pad$manuel martins/id=1722-b88-manuel
2072:             ls$residencia/pinheiro
2073: 
2074:          mad$mariana/id=b1722.88-per4
2075:             ls$ec/solteira
2076:             ls$residencia/pinheiro
2077:             rel$parentesco/irma/manuel martins/1722-b88-manuel
2078: 
2079:          referido$clemente martins/id=b1722.88-per5
2080:             ls$residencia/pinheiro
2081:             rel$sociabilidade/procurador/manuel martins/1722-b88-manuel
2082:             rel$parentesco/irmao/manuel martins/1722-b88-manuel
2083: 
2084:       bap$b1722.89/19/10/1722/fol.37v/local__igreja de sao tiago/celebrante__padre antonio de sousa
2085: 
2086: bap$b1722.89
2086:          n$joana/f/id=1722-b89-joana
2087:             ls$ilegitima/sim
2088: 
2089:          mn$catarina joao/id=b1722.89-per1
2090:             ls$ec/viuva
2091:             ls$naturalidade/carvalheira de cima
2092:             ls$residencia/carvalheira de cima
2093: 
2094:          pad$manuel martins/id=b1722.89-per2
2095:             ls$residencia/carvalheira de cima
2096: 
2097:          mad$maria/id=b1722.89-per3
2098:             ls$ec/solteira
2099:             ls$residencia/carvalheira decima
2100: 
2101:          referido$silvestre joao/id=b1722.89-per4
2102:             ls$residencia/carvalheira de cima
2103:             rel$sociabilidade/baptizou em necessidade/joana/1722-b89-joana
2104: 
2105:       bap$b1722.90/19/10/1722/fol.37v/local__igreja de sao tiago/celebrante__antonio de sousa
2106: 
2107: bap$b1722.90
2107:          n$francisca/f/id=b1722.90-per1
2108: 
2109:          pn$diogo goncalves/id=b1722.90-per2
2110:             ls$naturalidade/casal de santo isidro
2111:             ls$residencia/casal novo
2112: 
2113:          mn$josefa maria/id=b1722.90-per3
2114:             ls$naturalidade/casal novo
2115: 
2116:          pad$domingos cardoso/id=b1722.90-per4
2117:             ls$residencia/migalho
2118: 
2119:          mad$maria/id=b1722.90-per5
2120:             ls$ec/solteira
2121:             ls$residencia/casal novo
2122: 
2123:          pmad$joao francisco/id=b1722.90-per6
2124:             ls$residencia/casal novo
2125: 
2126:       bap$b1722.91/28/10/1722/fol.37v/local__igreja de soa tiago/celebrante__manuel rodrigues
2127: 
2128: bap$b1722.91
2128:          n$catarina/f/id=b1722.91-per1
2129: 
2130:          pn$antonio rodrigues/id=b1722.91-per2
2131:             ls$naturalidade/quinta da telhada
2132:             ls$residencia/bechos
2133: 
2134:          mn$leonor rodrigues/id=b1722.91-per3
2135:             ls$naturalidade/oureca
2136: 
2137:          pad$manuel rodrigies centeio/id=b1722.91-per4
2138:             ls$residencia/charneca
2139: 
2140:          mad$catarina/id=b1722.91-per5
2141:             ls$ec/solteira
2142:             ls$residencia/bechos
2143: 
2144:          mmad$isabel francisca/id=b1722.91-per6
2145:             ls$ec/viuva
2146:             ls$residencia/bechos
2147: 
2148:       bap$b1722.92/28/10/1722/fol.38/local__igreja de sao tiago/celebrante__padre joao de deus
2149: 
2150: bap$b1722.92
2150:          n$isabel/f/id=b1722.92-per1
2151: 
2152:          pn$joao gomes/id=b1722.92-per2
2153:             ls$naturalidade/paleao
2154:             ls$residencia/palea
2155: 
2156:          mn$cecilia afonso/id=b1722.92-per3
2157:             ls$naturalidade/paleao
2158: 
2159:          pad$joao gaspar/id=b1722.92-per4
2160:             ls$ec/solteiro
2161:             ls$residencia/paleao
2162: 
2163:          mad$maria/id=b1722.92-per5
2164:             ls$ec/solteira
2165:             ls$residencia/paleao
2166: 
2167:          pmad$antonio soares/id=b1722.92-per6
2168:             ls$residencia/paleao
2169: 
2170:       bap$b1722.93/28/10/1722/fol.38v/local__igreja de sao tiago/celebrante__padre joao de deus
2171: 
2172: bap$b1722.93
2172:          n$antonia/f/id=b1722.93-per1
2173: 
2174:          pn$luis da silva/id=b1722.93-per2
2175:             ls$naturalidade/almagreira
2176:             ls$residencia/soure
2177: 
2178:          mn$mariana mendes/id=b1722.93-per3
2179:             ls$naturalidade/pinheiro
2180: 
2181:          pad$placido/id=b1722.93-per4
2182:             ls$ec/solteiro
2183:             ls$residencia/soure
2184: 
2185:          ppad$manuel soares coelho/id=b1722.93-per5
2186:             ls$residencia/soure
2187: 
2188:          mad$antonia/id=b1722.93-per6
2189:             ls$titulo/dona
2190:             ls$residencia/soure
2191: 
2192:          mmad$ madalena/id=b1722.93-per7
2193:             ls$titulo/dona
2194:             ls$ec/viuva
2195:             ls$residencia/soure
2196: 
2197:       bap$b1722.94/31/10/1722/fol.38/local__igreja de sao tiago/celebrante__manuel rodrigues alvaro
2198: 
2199: bap$b1722.94
2199:          n$maria/f/id=b1722.94-per1
2200:             ls$ilegitima/sim
2201: 
2202:          mn$catarina/id=b1722.94-per2
2203:             ls$ec/solteira
2204:             ls$naturalidade/casal da venda
2205:             ls$residencia/casal da venda
2206: 
2207:          pad$joao homem da cunha/id=b1722.94-per3
2208: 
2209:          mad$maria/id=b1722.94-per4
2210:             ls$ec/solteira
2211:             ls$residencia/sobral
2212: 
2213:          mmad$isabel rodrigues/id=b1722.94-per5
2214:             ls$ec/viuva
2215:             ls$residencia/sobral
2216: 
2217:       bap$b1722.95/1/11/1722/fol.38-38v/local__igreja de sao tiago/celebrante__manuel rodrigues
2218: 
2219: bap$b1722.95
2219:          n$pedro/m/id=b1722.95-per1
2220: 
2221:          pn$manuel de brito/id=b1722.95-per2
2222:             ls$naturalidade/casal do livreiro
2223:             ls$residencia/soure
2224: 
2225:          mn$francisca da conceicao/id=b1722.95-per3
2226:             ls$naturalidade/sobral
2227: 
2228:          pad$pedro/id=b1722.95-per4
2229:             ls$residencia/soure
2230: 
2231:          ppad$luis barbosa canais/id=b1722.95-per5
2232:             ls$residencia/soure
2233: 
2234:          mad$maria/id=b1722.95-per6
2235:             ls$ec/solteira
2236:             ls$residencia/casal do livreiro
2237: 
2238:          pmad$bartolomeu antunes/id=b1722.95-per7
2239:             ls$residencia/casal do livreiro
2240: 
2241:       bap$b1722.96/19/11/1722/fol.39/local__igreja de sao tiago/celebrante__padre joao cristovao
2242: 
2243: bap$b1722.96
2243:          n$placido/m/id=b1722.96-per1
2244: 
2245:          pn$antonio ribeiro/id=b1722.96-per2
2246:             ls$naturalidade/soure
2247:             ls$residencia/soure
2248: 
2249:          mn$jacinta da conceicao/id=b1722.96-per3
2250:             ls$naturalidade/soure
2251: 
2252:          pad$placido/id=b1722.96-per4
2253:             ls$ec/solteiro
2254:             ls$residencia/soure
2255: 
2256:          ppad$manuel soares coelho/id=b1722.96-per5
2257:             ls$residencia/soure
2258: 
2259:          mad$maria francisca/id=b1722.96-per6
2260:             ls$residencia/casa velha
2261: 
2262:          mrmad$antonio rodrigues/id=b1722.96-per7
2263:             ls$residencia/casa velha
2264: 
2265:       bap$b1722.97/21/11/1722/fol.39v/local__igreja de sao tiago/celebrante__manuel rodrigues
2266: 
2267: bap$b1722.97
2267:          n$joao/m/id=b1722.97-per1
2268: 
2269:          pn$simao gomes/id=b1722.97-per2
2270:             ls$naturalidade/paleao
2271:             ls$residencia/paleao
2272: 
2273:          mn$luisa rodrigues/id=b1722.97-per3
2274:             ls$naturalidade/soure
2275: 
2276:          pad$carlos gomes/id=b1722.97-per4
2277:             ls$residencia/barril
2278: 
2279:          mad$maria/id=b1722.97-per5
2280:             ls$ec/solteira
2281:             ls$residencia/paleao
2282: 
2283:          pmad$antonio mendes/id=b1722.97-per6
2284:             ls$residencia/paleao
2285: 
2286:       bap$b1722.98/22/11/1722/fol.39v/local__igreja de sao tiago/celebrante__manuel rodrigues
2287: 
2288: bap$b1722.98
2288:          n$isabel/f/id=b1722.98-per1
2289: 
2290:          pn$manuel goncalves/id=b1722.98-per2
2291:             ls$naturalidade/casa velha
2292:             ls$residencia/leonel
2293: 
2294:          mn$isabel goncalves/id=b1722.98-per3
2295:             ls$naturalidade/alencarce de cima
2296: 
2297:          pad$antonio rodrigues/id=b1722.98-per4
2298:             ls$profissao/caldeireiro
2299:             ls$residencia/alencarce de cima
2300: 
2301:          mad$maria/id=b1722.98-per5
2302:             ls$ec/solteira
2303:             ls$residencia/casal do leonel
2304: 
2305:          pmad$manuel goncalves/id=b1722.98-per6
2306:             ls$residencia/leonel
2307: 
2308:       bap$b1722.99/24/11/1722/fol.39v/local__igreja de sao tiago/celebrante__manuel rodrigues
2309: 
2310: bap$b1722.99
2310:          n$jose/m/id=b1722.99-per1
2311: 
2312:          pn$jose rodrigues feijao/id=b1722.99-per2
2313:             ls$naturalidade/casal dos feijoes
2314:             ls$residencia/casal dos feijoes
2315: 
2316:          mn$maria soares/id=b1722.99-per3
2317:             ls$naturalidade/paleao
2318: 
2319:          pad$jose pereira/id=b1722.99-per4
2320:             ls$ec/solteiro
2321:             ls$residencia/sao mateus
2322: 
2323:          mad$antonia/id=b1722.99-per5
2324:             ls$ec/solteira
2325:             ls$residencia/paleao
2326: 
2327:          pmad$domingas joao/id=b1722.99-per6
2328:             ls$ec/viuva
2329:             ls$residencia/paleao
2330: 
2331:       bap$b1722.100/24/11/1722/fol.39v-40/local__igreja de sao tiago/celebrante__manuel rodrigues
2332: 
2333: bap$b1722.100
2333:          n$maria/f/id=1722-b100-maria
2334: 
2335:          pn$manuel simoes/id=b1722.100-per1
2336:             ls$naturalidade/cavaleiros
2337:             ls$residencia/cavaleiros
2338: 
2339:          mn$maria rodrigues/id=b1722.100-per2
2340:             ls$naturalidade/oureca
2341: 
2342:          pad$manuel rodrigues centeio/id=b1722.100-per3
2343:             ls$residencia/sobral
2344: 
2345:          mad$maria/id=b1722.100-per4
2346:             ls$ec/solteira
2347:             ls$residencia/miraflores
2348: 
2349:          pmad$manuel martins/id=b1722.100-per5
2350:             ls$residencia/miraflores
2351: 
2352:          referida$catarina francisca/id=b1722.100-per6
2353:             ls$ec/viuva
2354:             ls$residencia/cavaleiros
2355:             rel$sociabilidade/baptizou em necessidade/maria/1722-b100-maria
2356: 
2357:       bap$b1722.101/29/11/1722/fol.40/local__igreja de sao tiago/celebrante__padre sebastiao ferreira
2358: 
2359: bap$b1722.101
2359:          n$maria/f/id=b1722.101-per1
2360: 
2361:          pn$manuel rodrigues/id=b1722.101-per2
2362:             ls$naturalidade/poucapena
2363:             ls$residencia/poucapena
2364: 
2365:          mn$maria de oliveira/id=b1722.101-per3
2366:             ls$naturalidade/carvalheira de baixo
2367: 
2368:          pad$sebastiao ferreira/id=b1722.101-per4
2369:             ls$profissao/padre
2370:             ls$residencia/soure
2371: 
2372:          mad$maria/id=b1722.101-per5
2373:             ls$ec/solteira
2374:             ls$residencia/poucapena
2375: 
2376:          pmad$domingos joao/id=b1722.101-per6
2377:             ls$residencia/poucapena
2378: 
2379:       bap$b1722.102/6/12/1722/fol.40/local__igreja de sao tiago/celebrante__manuel rodrigues
2380: 
2381: bap$b1722.102
2381:          n$antonia/f/id=b1722.102-per1
2382: 
2383:          pn$manuel simoes/id=b1722.102-per2
2384:             ls$naturalidade/cavaleiros
2385:             ls$residencia/oureca
2386: 
2387:          mn$francisca rodrigues/id=b1722.102-per3
2388:             ls$naturalidade/oureca
2389: 
2390:          pad$joao de sequeira coelho/id=b1722.102-per4
2391:             ls$residencia/soure
2392: 
2393:          mad$antonia/id=b1722.102-per5
2394:             ls$ec/solteira
2395:             ls$residencia/oureca
2396: 
2397:          mmad$maria cardosa/id=b1722.102-per6
2398:             ls$ec/viuva
2399:             ls$residencia/oureca
2400: 
2401:       bap$b1722.103/6/12/1722/fol.40v/local__igreja de sao tiago/celebrante__manuel rodrigues
2402: 
2403: bap$b1722.103
2403:          n$maria/f/id=1722-b103-maria
2404: 
2405:          pn$joao dinis/id=b1722.103-per1
2406:             ls$naturalidade/oureca
2407:             ls$residencia/oureca
2408: 
2409:          mn$maria rodrigues/id=b1722.103-per2
2410:             ls$naturalidade/alencarce de baixo
2411: 
2412:          pad$mateus domingues/id=b1722.103-per3
2413:             ls$residencia/oureca
2414: 
2415:          mad$francisca/id=b1722.103-per4
2416:             ls$ec/solteira
2417:             ls$residencia/alencarce de baixo
2418: 
2419:          pmad$joao goncalves/id=b1722.103-per5
2420:             ls$residencia/alencarce de baixo
2421: 
2422:          referida$catarina francisca/id=b1722.103-per6
2423:             ls$ec/viuva
2424:             ls$residencia/cavaleiros
2425:             rel$sociabilidade/baptizou em necessidade/maria/1722-b103-maria
2426: 
2427:       bap$b1722.104/13/12/1722/fol.40v/local__igreja de sao tiago/celebrante__manuel rodrigues alvaro
2428: 
2429: bap$b1722.104
2429:          n$antonio/m/id=1722-b104-antonio
2430: 
2431:          pn$antonio goncalves/id=b1722.104-per1
2432:             ls$naturalidade/alencarce de baixo
2433:             ls$residencia/cavaleiros
2434: 
2435:          mn$maria simoes/id=b1722.104-per2
2436:             ls$naturalidade/cavaleiros
2437: 
2438:          pad$jose/id=1722-b104-jose
2439:             ls$ec/solteiro
2440:             ls$residencia/cavaleiros
2441: 
2442:          mad$josefa/id=b1722.104-per3
2443:             ls$ec/solteira
2444:             ls$residencia/cavaleiros
2445:             rel$parentesco/irma/jose/1722-b104-jose
2446: 
2447:          pmad$francisco simoes/id=b1722.104-per4
2448:             ls$residencia/cavaleiros
2449: 
2450:          referida$catarina francisca/id=b1722.104-per5
2451:             ls$ec/viuva
2452:             ls$residencia/cavaleiros
2453:             rel$sociabilidade/baptizou em necessidade/antonio/1722-b104-antonio
2454: 
2455:       bap$b1722.105/13/12/1722/fol.40v-41/local__igreja de sao tiago/celebrante__manuel rodrigues alvaro
2456: 
2457: bap$b1722.105
2457:          n$antonio/m/id=1722-b105-antonio
2458: 
2459:          pn$jose de oliveira/id=b1722.105-per1
2460:             ls$naturalidade/lagem
2461:             ls$residencia/oureca
2462: 
2463:          mn$isabel cardosa/id=b1722.105-per2
2464:             ls$naturalidade/oureca
2465: 
2466:          pad$domingos/id=b1722.105-per3
2467:             ls$ec/solteiro
2468:             ls$residencia/oureca
2469: 
2470:          mpad$maria cardosa/id=b1722.105-per4
2471:             ls$ec/viuva
2472:             ls$residencia/oureca
2473: 
2474:          mad$maria ferreira/id=b1722.105-per5
2475:             ls$residencia/espirito santo
2476: 
2477:          mrmad$manuel rodrigues/id=b1722.105-per6
2478:             ls$residencia/espirito santo
2479: 
2480:          referida$catarina francisca/id=b1722.105-per7
2481:             ls$ec/viuva
2482:             ls$residencia/cavaleiros
2483:             rel$sociabilidade/baptizou em necessidade/antonio/1722-b105-antonio
2484: 
2485:       bap$b1722.106/17/12/1722/fol.41/local__igreja de sao tiago/celebrante__manuel rodrigues
2486: 
2487: bap$b1722.106
2487:          n$josefa/f/id=b1722.106-per1
2488: 
2489:          pn$jose rodrigues/id=b1722.106-per2
2490:             ls$naturalidade/barril
2491:             ls$residencia/sao mateus
2492: 
2493:          mn$isabel rodrigues/id=b1722.106-per3
2494:             ls$naturalidade/sao mateus
2495: 
2496:          pad$jose pereira/id=1722-b106-jose
2497:             ls$ec/solteiro
2498:             ls$residencia/sao mateus
2499: 
2500:          mad$catarina/id=b1722.106-per4
2501:             ls$ec/solteira
2502:             ls$residencia/sao mateus
2503:             rel$parentesco/irma/jose pereira/1722-b106-jose
2504: 
2505:       bap$b1722.107/19/12/1722/fol.41/local__igreja de sao tiago/celebrante__manuel rodrigues
2506: 
2507: bap$b1722.107
2507:          n$antonio/m/id=b1722.107-per1
2508: 
2509:          pn$manuel fernandes/id=b1722.107-per2
2510:             ls$naturalidade/ribeira de carnide
2511:             ls$freguesia/lourical
2512:             ls$residencia/casa velha
2513: 
2514:          mn$isabel pereira/id=b1722.107-per3
2515:             ls$naturalidade/casa velha
2516: 
2517:          pad$joao/id=1722-b107-joao
2518:             ls$ec/solteiro
2519:             ls$residencia/casa velha
2520: 
2521:          mad$teresa/id=b1722.107-per4
2522:             ls$ec/solteira
2523:             ls$residencia/casa velha
2524:             rel$parentesco/irma/joao/1722-b107-joao
2525: 
2526:          pmad$domingos lopes/id=b1722.107-per5
2527:             ls$residencia/casa velha
2528: 
2529:       bap$b1722.108/21/12/1722/fol.41-41v/local__igreja de sao tiago/celebrante__padre manuel rodrigues alvaro
2530: 
2531: bap$b1722.108
2531:          n$teresa/f/id=b1722.108-per1
2532: 
2533:          pn$manuel martins/id=b1722.108-per2
2534:             ls$naturalidade/baixos
2535:             ls$freguesia/tapeus
2536:             ls$residencia/barrosos
2537: 
2538:          mn$escolastica de jesus/id=b1722.108-per3
2539:             ls$naturalidade/barrosos
2540: 
2541:          pad$joao lopes/id=b1722.108-per4
2542:             ls$ec/solteiro
2543:             ls$residencia/barrosos
2544: 
2545:          mpad$ana jorge/id=b1722.108-per5
2546:             ls$ec/viuva
2547:             ls$residencia/barrosos
2548: 
2549:          mad$mariana dos santos/id=b1722.108-per6
2550:             ls$residencia/casal do justo
2551: 
2552:          mrmad$manuel rodrigues/id=b1722.108-per7
2553:             ls$residencia/casal do justo
2554: 
2555:       bap$b1722.109/21/12/1722/fol.41v/local__igreja de sao tiago/celebrante__manuel rodrigues alvaro
2556: 
2557: bap$b1722.109
2557:          n$joao/m/id=b1722.109-per1
2558: 
2559:          pn$joao rodrigues monteiro/id=b1722.109-per2
2560:             ls$naturalidade/simoes
2561:             ls$residencia/simoes
2562: 
2563:          mn$mariana rodrigues/id=b1722.109-per3
2564:             ls$naturalidade/simoes
2565: 
2566:          pad$jose pereira/id=b1722.109-per4
2567:             ls$residencia/sao mateus
2568: 
2569:          mad$catarina francisca/id=b1722.109-per5
2570:             ls$residencia/simoes
2571: 
2572:          mrmad$diogo francisco/id=b1722.109-per6
2573:             ls$residencia/simoes
2574: 
2575:       bap$b1722.110/27/12/1722/fol.41v/local__igreja de sao tiago/celebrante__manuel rodrigues
2576: 
2577: bap$b1722.110
2577:          n$antonio/m/id=1722-b110-antonio
2578: 
2579:          pn$antonio joao/id=b1722.110-per1
2580:             ls$naturalidade/casconho
2581:             ls$residencia/casconho
2582: 
2583:          mn$maria joao/id=b1722.110-per2
2584:             ls$naturalidade/casconho
2585: 
2586:          pad$joao domingues/id=b1722.110-per3
2587:             ls$residencia/casconho
2588: 
2589:          mad$ana/id=b1722.110-per4
2590:             ls$ec/solteira
2591:             ls$residencia/casconho
2592: 
2593:          pmad$pedro francisco/id=b1722.110-per5
2594:             ls$residencia/casconho
2595: 
2596:          referido$manuel domingues/id=b1722.110-per6
2597:             ls$residencia/casconho
2598:             rel$parentesco/avo/antonio/1722-b110-antonio
2599:             rel$sociabilidade/baptizou em necessidade/antonio/1722-b110-antonio
2600: 
2601:       bap$b1722.111/28/12/1722/fol.42/local__igreja de sao tiago/celebrante__manuel rodrigues
2602: 
2603: bap$b1722.111
2603:          n$manuel/m/id=b1722.111-per1
2604: 
2605:          pn$jose rodrigues/id=b1722.111-per2
2606:             ls$naturalidade/sobral
2607:             ls$residencia/sobral
2608: 
2609:          mn$maria francisca/id=b1722.111-per3
2610:             ls$naturalidade/casal da venda
2611: 
2612:          pad$antonio francisco/id=b1722.111-per4
2613:             ls$residencia/sobral
2614: 
2615:          mad$caetana/id=b1722.111-per5
2616:             ls$ec/solteira
2617:             ls$residencia/casal da venda
2618: 
2619:          mmad$isabel francisca/id=b1722.111-per6
2620:             ls$ec/viuva
2621:             ls$residencia/casal da venda
2622: *** End of File
1  errors. 
0  warnings.
Translation finished.
