ClioInput - version 2019.A1 - build 507 15/07/2019 21:58 
8-4-2020 8-26

Processing data file bap1732.cli
-------------------------------------------
Generic Act translation module with geoentities (XML).
     Joaquim Ramos de Carvalho (joaquim@uc.pt) 
** New document: kleio
=========================
kleio translation started
=========================
Structure: gacto2.str
Prefix: 
Autorel: 
Translation count: 2
Obs: 
** Processing source fonte$baptizados 1732
6: bap$b1732.01
28: bap$b1732.2
50: bap$b1732.3
73: bap$b1732.4
93: bap$b1732.5
114: bap$b1732.6
135: bap$b1732.7
154: bap$b1732.8
173: bap$b1732.9
197: bap$b1732.10
216: bap$b1732.11
236: bap$b1732.12
258: bap$b1732.13
283: bap$b1732.14
309: bap$b1732.15
328: bap$b1732.16
355: bap$b1732.17
376: bap$b1732.18
396: bap$b1732.19
420: bap$b1732.20
446: bap$b1732.21
467: bap$b1732.22
489: bap$b1732.23
506: bap$b1732.24
527: bap$b1732.25
552: bap$b1732.26
582: bap$b1732.27
602: bap$b1732.28
628: bap$b1732.29
651: bap$b1732.30
673: bap$b1732.31
693: bap$b1732.32
718: bap$b1732.33
739: bap$b1732.34
764: bap$b1732.35
790: bap$b1732.36
811: bap$b1732.37
834: bap$b1732.38
859: bap$b1732.39
886: bap$b1732.40
918: bap$b1732.41
940: bap$b1732.42
965: bap$b1732.43
998: bap$b1732.44
1018: bap$b1732.45
1038: bap$b1732.46
1058: bap$b1732.47
1079: bap$b1732.48
1099: bap$b1732.49
1129: bap$b1732.50
1149: bap$b1732.51
1169: bap$b1732.52
1196: bap$b1732.53
1219: bap$b1732.54
1237: bap$b1732.55
1258: bap$b1732.56
1279: bap$b1732.57
1300: bap$b1732.58
1326: bap$b1732.59
1346: bap$b1732.60
1368: bap$b1732.61
1395: bap$b1732.62
1413: bap$b1732.63
1438: bap$b1732.64
1466: bap$b1732.65
1487: bap$b1732.66
1512: bap$b1732.67
1537: bap$b1732.68
1559: bap$b1732.69
1589: bap$b1732.70
1612: bap$b1732.71
1635: bap$b1732.72
1656: bap$b1732.73
1680: bap$b1732.74
1703: bap$b1732.75
1723: bap$b1732.76
1748: bap$b1732.77
1768: bap$b1732.78
1792: bap$b1732.79
1817: bap$b1732.80
1844: bap$b1732.81
1871: bap$b1732.82
1897: bap$b1732.83
1914: bap$b1732.84
1932: bap$b1732.85
*** End of File
** Processed file- /kleio-home/sources/soure-fontes/sources/soure_fase2/bap1732.cli
** Original file- /kleio-home/sources/soure-fontes/sources/soure_fase2/bap1732.org
** Previous version- /kleio-home/sources/soure-fontes/sources/soure_fase2/bap1732.old
** Temp file with ids- /kleio-home/sources/soure-fontes/sources/soure_fase2/bap1732.ids
0  errors. 
0  warnings.
Translation finished.
