ClioInput - version @@VERSION@@ - build @@BUILD@@ @@DATE@@
10-8-2018 15-19

Processing data file /Users/jrc/mhk-home/sources/soure/documents/soure2/bap1730.cli
-------------------------------------------
Generic Act translation module with geoentities (XML).
     Joaquim Ramos de Carvalho (joaquim@uc.pt) 
** New document: kleio
=========================
kleio translation started
=========================
Structure: gacto2.str
Prefix: 
Autorel: 
Translation count: 
Obs: 
Translation count not set or invalid, counting as zero: 
** Processing source fonte$baptizados 1730
6: bap$b1730.01
25: bap$b1730.2
52: bap$b1730.3
71: bap$b1730.4
96: bap$b1730.5
128: bap$b1730.6
147: bap$b1730.7
165: bap$b1730.8
184: bap$b1730.9
206: bap$b1730.10
225: bap$b1730.11
252: bap$b1730.12
272: bap$b1730.13
295: bap$b1730.14
317: bap$b1730.15
337: bap$b1730.16
362: bap$b1730.17
380: bap$b1730.18
399: bap$b1730.19
422: bap$b1730.20
449: bap$b1730.21
470: bap$b1730.22
487: bap$b1730.23
507: bap$b1730.24
528: bap$b1730.25
555: bap$b1730.26
575: bap$b1730.27
599: bap$b1730.28
623: bap$b1730.29
645: bap$b1730.30
671: bap$b1730.31
695: bap$b1730.32
720: bap$b1730.33
736: bap$b1730.34
760: bap$b1730.35
782: bap$b1730.36
803: bap$b1730.37
823: bap$b1730.38
845: bap$b1730.39
872: bap$b1730.40
894: bap$b1730.41
918: bap$b1730.42
940: bap$b1730.43
962: bap$b1730.44
985: bap$b1730.45
1006: bap$b1730.46
1028: bap$b1730.47
1046: bap$b1730.48
1073: bap$b1730.49
1109: bap$b1730.50
1128: bap$b1730.51
1147: bap$b1730.52
1170: bap$b1730.53
1188: bap$b1730.54
1217: bap$b1730.55
1239: bap$b1730.56
1261: bap$b1730.57
1281: bap$b1730.58
1302: bap$b1730.59
1337: bap$b1730.60
1359: bap$b1730.61
1382: bap$b1730.62
1403: bap$b1730.63
1428: bap$b1730.64
1450: bap$b1730.65
1472: bap$b1730.66
1497: bap$b1730.67
1515: bap$b1730.68
1545: bap$b1730.69
1567: bap$b1730.70
1584: bap$b1730.71
1612: bap$b1730.72
1648: bap$b1730.73
1674: bap$b1730.74
1697: bap$b1730.75
1719: bap$b1730.76
1739: bap$b1730.77
1770: bap$b1730.78
1791: bap$b1730.79
1820: bap$b1730.80
1839: bap$b1730.81
1860: bap$b1730.82
1881: bap$b1730.83
1909: bap$b1730.84
1935: bap$b1730.85
1958: bap$b1730.86
1982: bap$b1730.87
2008: bap$b1730.88
2034: bap$b1730.89
2055: bap$b1730.90
2074: bap$b1730.91
2092: bap$b1730.92
2122: bap$b1730.93
2143: bap$b1730.94
2164: bap$b1730.95
2183: bap$b1730.96
2201: bap$b1730.97
2222: bap$b1730.98
*** End of File
** Processed file- /Users/jrc/mhk-home/sources/soure/documents/soure2/bap1730.cli
** Original file- /Users/jrc/mhk-home/sources/soure/documents/soure2/bap1730.org
** Previous version- /Users/jrc/mhk-home/sources/soure/documents/soure2/bap1730.old
** Temp file with ids- /Users/jrc/mhk-home/sources/soure/documents/soure2/bap1730.ids
0  errors. 
0  warnings.
Translation finished.
