ClioInput - version 2019.A1 - build 507 15/07/2019 21:58 
8-4-2020 8-22

Processing data file bap1731.cli
-------------------------------------------
Generic Act translation module with geoentities (XML).
     Joaquim Ramos de Carvalho (joaquim@uc.pt) 
** New document: kleio
=========================
kleio translation started
=========================
Structure: acto2.str
Prefix: 
Autorel: 
Translation count: 3
Obs: 
** Processing source fonte$baptizados 1731
6: bap$b1731.01
31: bap$b1731.2
59: bap$b1731.3
81: bap$b1731.4
101: bap$b1731.5
126: bap$b1731.6
144: bap$b1731.7
171: bap$b1731.8
197: bap$b1731.9
216: bap$b1731.10
238: bap$b1731.11
263: bap$b1731.12
286: bap$b1731.13
310: bap$b1731.14
329: bap$b1731.15
344: bap$b1731.16
363: bap$b1731.17
387: bap$b1731.18
405: bap$b1731.19
426: bap$b1731.20
449: bap$b1731.21
468: bap$b1731.22
486: bap$b1731.23
504: bap$b1731.24
515: bap$b1731.25
539: bap$b1731.26
558: bap$b1731.27
584: bap$b1731.28
603: bap$b1731.29
614: bap$b1731.30
624: bap$b1731.31
644: bap$b1731.32
656: bap$b1731.33
661: bap$b1731.34
682: bap$b1731.35
705: bap$b1731.36
716: bap$b1731.37
738: bap$b1731.38
759: bap$b1731.39
781: bap$b1731.40
806: bap$b1731.41
818: bap$b1731.42
839: bap$b1731.43
860: bap$b1731.44
881: bap$b1731.45
901: bap$b1731.46
924: bap$b1731.47
945: bap$b1731.48
961: bap$b1731.49
981: bap$b1731.50
1007: bap$b1731.51
1028: bap$b1731.52
1046: bap$b1731.53
1067: bap$b1731.54
1094: bap$b1731.55
1119: bap$b1731.56
1136: bap$b1731.57
1161: bap$b1731.58
1178: bap$b1731.59
1192: bap$b1731.60
1212: bap$b1731.61
1233: bap$b1731.62
1248: bap$b1731.63
1265: bap$b1731.64
1287: bap$b1731.65
1307: bap$b1731.66
1330: bap$b1731.67
1352: bap$b1731.68
1370: bap$b1731.69
1393: bap$b1731.70
1423: bap$b1731.71
1445: bap$b1731.72
1465: bap$b1731.73
1481: bap$b1731.74
1502: bap$b1731.75
1521: bap$b1731.76
1546: bap$b1731.77
1555: bap$b1731.78
1564: bap$b1731.79
1583: bap$b1731.80
1602: bap$b1731.81
1626: bap$b1731.82
1636: bap$b1731.83
1653: bap$b1731.84
1678: bap$b1731.85
1703: bap$b1731.86
1727: bap$b1731.87
1752: bap$b1731.88
1768: bap$b1731.89
*** End of File
** Processed file- /kleio-home/sources/soure-fontes/sources/soure_fase2/bap1731.cli
** Original file- /kleio-home/sources/soure-fontes/sources/soure_fase2/bap1731.org
** Previous version- /kleio-home/sources/soure-fontes/sources/soure_fase2/bap1731.old
** Temp file with ids- /kleio-home/sources/soure-fontes/sources/soure_fase2/bap1731.ids
0  errors. 
0  warnings.
Translation finished.
