ClioInput - version @@VERSION@@ - build @@BUILD@@ @@DATE@@
13-6-2019 22-50

Processing data file bap1723.cli
-------------------------------------------
Generic Act translation module with geoentities (XML).
     Joaquim Ramos de Carvalho (joaquim@uc.pt) 
** New document: kleio
1: kleio$gacto2.str/translations=2
=========================
kleio translation started
=========================
Structure: gacto2.str
Prefix: 
Autorel: 
Translation count: 2
Obs: 
2:    fonte$baptizados 1723/1723/paroquiais/auc/obs=em mau estado
3: 
** Processing source fonte$baptizados 1723
4:       bap$b1723.01/4/1/1723/fol.42/local__igreja de sao tiago/celebrante__padre antonio da cruz
5: 
6: bap$b1723.01
6:          n$isabel/f/id=b1723.01-per1
7: 
8:             pn$manuel carvalho/id=b1723.01-per2
9:                ls$naturalidade/paleao
10:                ls$residencia/paleao
11: 
12:             mn$maria soares/id=b1723.01-per3
13: 
14:             pad$jose da costa/id=b1723.01-per4
15:                ls$profissao/carpinteiro
16:                ls$residencia/soure
17: 
18:             mad$isabel/id=b1723.01-per5
19:                ls$ec/solteira
20:                ls$residencia/porto panelas
21: 
22:                mmad$maria rodrigues/id=b1723.01-per6
23:                   ls$ec/viuva
24:                   ls$residencia/porto panelas
25: 
26:       bap$b1723.2/4/1/1723/fol.42/local__igreja de sao tiago/celebrante__padre antonio da cruz
27: 
28: bap$b1723.2
28:          n$luis/m/id=b1723.2-per1
29: 
30:             pn$antonio madeira/id=b1723.2-per2
31:                ls$naturalidade/barril
32:                ls$residencia/barril
33: 
34:             mn$isabel rodrigues/id=b1723.2-per3
35:                ls$naturalidade/barril
36: 
37:             pad$luis de seabra jacques/id=b1723.2-per4
38:                ls$titulo/doutor
39:                ls$residencia/soure
40: 
41:             mad$antonia/id=b1723.2-per5
42:                ls$titulo/dona
43:                ls$residencia/soure
44: 
45:                mmad$madalena/id=b1723.2-per6
46:                   ls$titulo/dona
47:                   ls$residencia/soure
48: 
49:       bap$b1723.3/14/1/1723/fol.42-42v/local__igreja de sao tiago/celebrante__manuel rodrigues
50: 
51: bap$b1723.3
51:          n$maria/f/id=1723-b3-maria
52: 
53:             pn$manuel francisco/id=b1723.3-per1
54:                ls$naturalidade/simoes
55:                ls$residencia/simoes
56: 
57:             mn$antonia francisca/id=b1723.3-per2
58:                ls$naturalidade/delgados
59: 
60:             pad$mateus carvalho/id=b1723.3-per3
61:                ls$residencia/mogadouro
62: 
63:             mad$catarina francisca/id=b1723.3-per4
64:                ls$residencia/simoes
65: 
66:                mrmad$diogo francisco/id=b1723.3-per5
67:                   ls$profissao/moleiro
68:                   ls$residencia/simoes
69: 
70:             referida$maria joao/id=b1723.3-per6
71:                ls$alcunha/a galega
72:                ls$residencia/simoes
73:                rel$sociabilidade/baptizou em necessidade/maria/1723-b3-maria
74: 
75:       bap$b1723.4/17/1/1723/42v/local__igreja de sao tiago/celebrante__manuel rodrigues alvaro
76: 
77: bap$b1723.4
77:          n$francisca/f/id=b1723.4-per1
78: 
79:             pn$manuel martins/id=b1723.4-per2
80:                ls$naturalidade/cadaval
81:                ls$freguesia/furadouro
82:                ls$residencia/presa
83: 
84:             mn$maria rodrigues/id=b1723.4-per3
85:                ls$naturalidade/presa
86: 
87:             pad$domingos/id=b1723.4-per4
88:                ls$ec/solteiro
89:                ls$residencia/presa
90: 
91:                mpad$maria rodrigues/id=b1723.4-per5
92:                   ls$ec/viuva
93:                   ls$residencia/presa
94: 
95:             mad$maria francisca/id=b1723.4-per6
96:                ls$ec/solteira
97:                ls$residencia/ega
98: 
99:                pmad$joao ramos/id=b1723.4-per7
100:                   ls$residencia/ega
101: 
102:       bap$b1723.5/17/1/1723/fol.42v/local__igreja de sao tiago/celebrante__manuel rodrigues
103: 
104: bap$b1723.5
104:          n$joao/m/id=b1723.5-per1
105:             ls$ilegitimo/sim
106: 
107:             mn$timotea/id=b1723.5-per2
108:                ls$ec/solteira
109:                ls$naturalidade/casa velha
110:                ls$residencia/casa velha
111: 
112:                pmn$simao antunes/id=b1723.5-per3
113:                   ls$residencia/casa velha/obs=em casas de joao simoes de casal novo
114: 
115:                mmn$maria lopes/id=b1723.5-per4
116: 
117:             pad$antonio bernardes/id=b1723.5-per5
118:                ls$residencia/casa velha
119: 
120:             mad$maria/id=b1723.5-per6
121:                ls$ec/solteira
122:                ls$residencia/casal novo
123: 
124:                pmad$joao simoes/id=b1723.5-per7
125:                   ls$residencia/casal novo
126: 
127:       bap$b1723.6/18/1/1722/fol.43/local.igreja de so tiago/celebrante__manuel rodrigues
128: 
129: bap$b1723.6
129:          n$jose/m/id=b1723.6-per1
130: 
131:             pn$joao rodrigues rainho/id=b1723.6-per2
132:                ls$residencia/sobral
133: 
134:             mn$maria rodrigues/id=b1723.6-per3
135:                ls$naturalidade/sobral
136: 
137:             pad$jose duarte/id=b1723.6-per4
138:                ls$residencia/sobral
139: 
140:             mad$isabel/id=b1723.6-per5
141:                ls$ec/solteira
142:                ls$residencia/sobral
143: 
144:                mmad$maria rodrigues deluas/id=b1723.6-per6
145:                   ls$residencia/sobral
146: 
147:       bap$b1723.7/19/1/1723/fol.43/local__igreja de sao tiago/celebrante__vigario joao dos santos
148: 
149: bap$b1723.7
149:          n$teodora/f/id=1723-b7-teodora
150: 
151:             pn$antonio alves ribeiro/id=b1723.7-per1
152:                ls$naturalidade/farroeira
153:                ls$freguesia/pousos
154:                ls$residencia/soure
155: 
156:             mn$maria dos santos/id=b1723.7-per2
157:                ls$naturalidade/soure
158: 
159:             pad$joao dos santos/id=b1723.7-per3
160:                ls$profissao/padre
161:                ls$cargo/vigario de tapeus
162:                ls$residencia/tapeus
163: 
164:             referida$maria gomes/id=b1723.7-per4
165:                ls$profissao/parteira
166:                ls$residencia/soure
167:                rel$sociabilidade/baptizou em necessidade/teodora/1723-b7-teodora
168: 
169:       bap$b1723.8/20/1/1723/fol.43-43v/local__igreja de soa tiago/celebrante__frei joao cristovao
170: 
171: bap$b1723.8
171:          n$maria/f/id=b1723.8-per1
172: 
173:             pn$manuel mendes/id=b1723.8-per2
174:                ls$naturalidade/fatacos
175:                ls$residencia/fatacos
176: 
177:             mn$isabel goncalves/id=b1723.8-per3
178:                ls$naturalidade/portela
179: 
180:             pad$jose goncalves/id=b1723.8-per4
181:                ls$profissao/padre
182:                ls$residencia/fatacos
183: 
184:             mad$antonia/id=b1723.8-per5
185:                ls$ec/solteira
186:                ls$residencia/portela
187: 
188:                pmad$jose goncalves/id=b1723.8-per6
189:                   ls$residencia/portela
190: 
191:       bap$b1723.9/21/1/1723/fol.43v/local__igreja de sao tiago/celebrante__manuel rodrigues
192: 
193: bap$b1723.9
193:          n$bernardo/m/id=b1723.9-per1
194: 
195:             pn$manuel lourenco/id=b1723.9-per2
196:                ls$naturalidade/bonitos
197:                ls$residencia/bonitos
198: 
199:             mn$ana dias/id=b1723.9-per3
200:                ls$naturalidade/casais da misericordia
201: 
202:             pad$bernardo/id=b1723.9-per4
203:                ls$ec/solteiro
204:                ls$residencia/bonitos
205: 
206:                ppad$antonio coelho/id=b1723.9-per5
207:                   ls$residencia/bonitos
208: 
209:             mad$catarina de jesus/id=b1723.9-per6
210:                ls$ec/solteira
211:                ls$residencia/bonitos
212: 
213:       bap$b1723.10/24/1/1723/fol.43v/local__igreja de sao tiago/celebrante__frei joao cristovao
214: 
215: bap$b1723.10
215:          n$jose/m/id=b1723.10-per1
216: 
217:             pn$joao homem da cunha/id=b1723.10-per2
218:                ls$naturalidade/sobral
219:                ls$residencia/sobral
220: 
221:             mn$luisa maria/id=b1723.10-per3
222:                ls$naturalidade/sobral
223: 
224:             pad$jose/id=b1723.10-per4
225:                ls$ec/solteiro
226:                ls$residencia/sobral
227: 
228:                ppad$joao rodrigues/id=b1723.10-per5
229:                   ls$residencia/sobral
230: 
231:             mad$maria/id=1723-b10-maria
232:                ls$ec/solteira
233:                ls$residencia/sobral
234: 
235:                mmad$isabel rodrigues/id=b1723.10-per6
236:                   ls$profissao/caseira
237:                   ls$residencia/sobral
238:                   rel$sociabilidade/procurador/maria/1723-b10-maria
239: 
240:       bap$b1723.11/31/1/1723/fol.44v/local__igreja de sao tiago/celebrante__padre jose rodrigues da paz
241: 
242: bap$b1723.11
242:          n$manuel/m/id=1723-b11-manuel
243: 
244:             pn$joao rodrigues baio/id=b1723.11-per1
245:                ls$naturalidade/marinha/obs=arcebispado de braga
246:                ls$residencia/carvalheira de baixo
247: 
248:             mn$maria goncalves/id=b1723.11-per2
249:                ls$naturalidade/carvalheira de baixo
250: 
251:             pad$manuel/id=b1723.11-per3
252:                ls$ec/solteiro
253:                ls$residencia/casal do marco
254:                ls$freguesia/ega
255: 
256:                ppad$domingos simoes/id=b1723.11-per4
257:                   ls$residencia/casal do marco
258:                   ls$freguesia/ega
259: 
260:             mad$antonia/id=b1723.11-per5
261:                ls$ec/solteira
262:                ls$residencia/carvalheira de baixo
263: 
264:                pmad$antonio bras/id=b1723.11-per6
265:                   ls$residencia/carvalheira de baixo
266: 
267:             referida$catarina francisca/id=b1723.11-per7
268:                ls$residencia/cavaleiros
269:                rel$sociabilidade/baptizou em necessidade/manuel/1723-b11-manuel
270: 
271:       bap$b1723.12/31/1/1723/fol.45/local__igreja de sao tiago/celebrante__jose rodrigues da paz
272: 
273: bap$b1723.12
273:          n$isabel/f/id=b1723.12-per1
274: 
275:             pn$antonio martins/id=b1723.12-per2
276:                ls$naturalidade/carvalheira de cima
277:                ls$residencia/carvalheira de cima
278:                ls$morto/antes
279: 
280:             mn$maria da paz/id=b1723.12-per3
281:                ls$naturalidade/carvalhal
282:                ls$freguesia/tapeus
283: 
284:             pad$agostinho rodrigues da paz/id=b1723.12-per4
285:                ls$ec/solteiro
286:                ls$residencia/carvalhal
287:                ls$freguesia/tapeus
288: 
289:             mad$isabel da paz/id=b1723.12-per5
290:                ls$ec/viuva
291:                ls$residencia/degracias
292: 
293:       bap$b1723.13/2/2/1723/fol.45/local__igreja de sao tiago/celebrante__manuel rodrigues
294: 
295: bap$b1723.13
295:          n$benta/f/id=b1723.13-per1
296: 
297:             pn$antonio rodrigues ruivo/id=b1723.13-per2
298:                ls$naturalidade/alencarce de cima
299:                ls$residencia/alencarce de cima
300: 
301:             mn$francisca joao/id=b1723.13-per3
302:                ls$naturalidade/oureca
303: 
304:             pad$manuel pinto de miranda/id=1723-b13-manuel
305:                ls$ec/solteiro
306:                ls$residencia/soure
307: 
308:             mad$leocadia/id=1723-b13-leocadia
309:                ls$ec/solteira
310:                ls$residencia/soure
311:                rel$parentesco/irma/manuel pinto de miranda/1723-b23-manuel
312: 
313:                pmad$bento gomes da costa/id=b1723.13-per4
314:                   ls$residencia/soure
315:                   rel$sociabilidade/procurador/leocadia/1723-b13-leocadia
316: 
317:       bap$b1723.14/7/2/1723/fol.45v/local__igreja de sao tiago/celebrante__manuel rodrigues alvaro
318: 
319: bap$b1723.14
319:          n$maria/f/id=b1723.14-per1
320: 
321:             pn$jose madeira/id=b1723.14-per2
322:                ls$naturalidade/alencarce de cima
323:                ls$residencia/alencarce de cima
324: 
325:             mn$isabel madeira/id=b1723.14-per3
326:                ls$naturalidade/alencarce de cima
327: 
328:             pad$manuel antunes/id=b1723.14-per4
329:                ls$residencia/alencarce de cima
330: 
331:             mad$maria madeira/id=b1723.14-per5
332:                ls$residencia/alencarce de cima
333: 
334:                mrmad$joao rodrigues/id=b1723.14-per6
335:                   ls$residencia/alencarce de cima
336: 
337:       bap$b1723.15/7/2/1723/fol.44v/local__igreja de soa tiago/celebrante__padre manuel da costa velho
338: 
339: bap$b1723.15
339:          n$maria/f/id=b1723.15-per1
340: 
341:             pn$manuel lopes pereira/id=b1723.15-per2
342:                ls$naturalidade/casa velha
343:                ls$residencia/casa velha
344: 
345:             mn$maria francisca alves/id=b1723.15-per3
346:                ls$naturalidade/casa velha
347: 
348:             pad$jose lopes/id=1723-b15-jose
349:                ls$profissao/padre
350:                ls$residencia/casa velha
351: 
352:             mad$caetana/id=b1723.15-per4
353:                ls$ec/solteira
354:                ls$residencia/casa velha
355:                rel$parentesco/irma/jose lopes/1723-b15-jose
356: 
357:                pmad$domingos lopes/id=b1723.15-per5
358:                   ls$residencia/casa velha
359: 
360:       bap$b1723.16/14/2/1723/fol.44v/local__igreja de sao tiago/celebrante__manuel rodrigues
361: 
362: bap$b1723.16
362:          n$jose/m/id=b1723.16-per1
363: 
364:             pn$francisco gomes/id=b1723.16-per2
365:                ls$naturalidade/alencarce de cima
366:                ls$residencia/alencarce de cima
367: 
368:             mn$maria francisca/id=b1723.16-per3
369:                ls$naturalidade/alencarce de cima
370: 
371:             pad$domingos simoes/id=b1723.16-per4
372:                ls$residencia/alenvarce de cima
373: 
374:             mad$josefa/id=b1723.16-per5
375:                ls$ec/solteira
376:                ls$residencia/alencarce de cima
377: 
378:                pmad$joao gomes/id=b1723.16-per6
379:                   ls$residencia/alencarce de cima
380: 
381:       bap$b1723.17/14/2/1723/fol.45/local__igreja de sao tiago/celebrante__frei joao cristovao
382: 
383: bap$b1723.17
383:          n$antonia/f/id=1723-b17-antonia
384: 
385:             pn$manuel simoes cabeca/id=b1723.17-per1
386:                ls$naturalidade/chao de lamas
387:                ls$freguesia/espirito santo de lamas
388:                ls$alcunha/o moco
389:                ls$residencia/soure
390: 
391:             mn$luisa da silva/id=b1723.17-per2
392:                ls$naturalidade/soure
393: 
394:             pad$jose lopes/id=1723-b17-jose
395:                ls$profissao/padre
396:                ls$residencia/casa velha
397: 
398:             mad$luisa/id=b1723.17-per3
399:                ls$ec/solteira
400:                ls$residencia/casa velha
401:                rel$parentesco/irma/jose lopes/1723-b17-jose
402: 
403:                pmad$domingos lopes/id=b1723.17-per4
404:                   ls$residencia/casa velha
405: 
406:             referido$matias goncalves/id=b1723.17-per5
407:                ls$profissao/padre
408:                ls$residencia/soure
409:                rel$sociabilidade/baptizou em necessidade/antonia/1723-b17-antonia
410: 
411:       bap$b1723.18/19/2/1723/fol.45/local__igreja de sao tiago/celebrante__manuel rodrigues alvaro
412: 
413: bap$b1723.18
413:          n$maria/f/id=1723-b18-maria
414:             ls$ilegitima/sim
415: 
416:             mn$antonia/id=b1723.18-per1
417:                ls$ec/solteira
418:                ls$residencia/simoes
419: 
420:                pmn$antonio simoes/id=b1723.18-per2
421:                   ls$alcunha/o conde
422:                   ls$residencia/simoes
423: 
424:             pad$domingos da silva/id=1723-b18-domingos
425:                ls$residencia/simoes
426: 
427:             mad$caetana/id=b1723.18-per3
428:                ls$residencia/simoes
429:                rel$parentesco/enteada/domingos da silva/1723-b18-domingos
430: 
431:             referido$joao rodrigues/id=b1723.18-per4
432:                ls$residencia/simoes
433:                rel$sociabilidade/baptizou em necessidade/maria/1723-b18-maria
434: 
435:       bap$b1723.19/24/2/1723/fol.45-45v/local__igreja de sao tiago/celebrante__manuel rodrigues
436: 
437: bap$b1723.19
437:          n$isabel/f/id=1723-b19-isabel
438: 
439:             pn$manuel cardoso/id=b1723.19-per1
440:                ls$naturalidade/carregosa
441:                ls$freguesia/gesteira
442:                ls$residencia/migalho
443: 
444:             mn$luisa goncalves/id=b1723.19-per2
445:                ls$naturalidade/migalho
446: 
447:             pad$joao cardoso/id=b1723.19-per3
448:                ls$residencia/migalho
449: 
450:             mad$isabel dos santos/id=b1723.19-per4
451:                ls$residencia/migalho
452:                rel$sociabilidade/baptizou em necessidade/isabel/1723-b19-isabel
453: 
454:                mrmad$domingos cardoso/id=b1723.19-per5
455:                   ls$residencia/migalho
456: 
457:       bap$b1723.20/28/2/1723/fol.45v/local__igreja de sao tiago/celebrante__manuel rodrigues
458: 
459: bap$b1723.20
459:          n$joao/m/id=1723-b20-joao
460: 
461:             pn$manuel gomes/id=b1723.20-per1
462:                ls$naturalidade/paleao
463:                ls$residencia/paleao
464: 
465:             mn$isabel tome/id=b1723.20-per2
466:                ls$naturalidade/casal da fogueira
467: 
468:             pad$joao gomes/id=b1723.20-per3
469:                ls$profissao/padre
470:                ls$residencia/paleao
471:                rel$sociabilidade/baptizou em necessidade/joao/1723-b20-joao
472: 
473:             mad$isabel/id=b1723.20-per4
474:                ls$ec/solteira
475:                ls$residencia/paleao
476: 
477:                pmad$manuel cardoso/id=b1723.20-per5
478:                   ls$residencia/paleao
479: 
480:       bap$b1723.21/1/3/1723/fol.45v/local__igreja de sao tiago/celebrante__manuel rodrigues
481: 
482: bap$b1723.21
482:          n$luisa/f/id=b1723.21-per1
483: 
484:             pn$manuel simoes galhardo/id=b1723.21-per2
485:                ls$residencia/sobral
486:                ls$residencia/sobral
487: 
488:             mn$ines rodrigues/id=b1723.21-per3
489:                ls$naturalidade/sobral
490: 
491:             pad$joao simoes galhardo/id=b1723.21-per4
492:                ls$profissao/padre
493:                ls$residencia/sobral
494: 
495:             mad$ines rodrigues/id=b1723.21-per5
496:                ls$residencia/sobral
497: 
498:                mrmad$jose rodrigues/id=b1723.21-per6
499:                   ls$residencia/sobral
500: 
501:       bap$b1723.22/10/3/1723/fol.46/local__igreja de sao tiago/celebrante__capelao manuel duarte
502: 
503: bap$b1723.22
503:          n$manuel/m/id=b1723.22-per1
504: 
505:             pn$manuel goncalves marinheiro/id=b1723.22-per2
506:                ls$naturalidade/paleao
507:                ls$residencia/paleao
508: 
509:             mn$afonsa ferreira/id=b1723.22-per3
510:                ls$naturalidade/paleao
511: 
512:             pad$pascoal gomes/id=1723-b22-pascoal
513:                ls$profissao/padre
514:                ls$naturalidade/paleao
515:                ls$residencia/alvorrinha
516: 
517:             mad$isabel cardosa/id=b1723.22-per4
518:                ls$residencia/paleao
519: 
520:                mrmad$manuel soares/id=b1723.22-per5
521:                   ls$residencia/paleao
522: 
523:             referido$manuel duarte/id=b1723.22-per6
524:                ls$profissao/padre
525:                ls$cargo/capelao
526:                rel$sociabilidade/procurador/pascoal gomes/1723-b22-pascoal
527: 
528:       bap$b1723.23/10/3/1723/fol.46/local__igreja d esao tiago/celebrante__manuel rodrigues alvaro
529: 
530: bap$b1723.23
530:          n$mariana/f/id=b1723.23-per1
531: 
532:             pn$manuel gaspar/id=b1723.23-per2
533:                ls$naturalidade/carregosa
534:                ls$freguesia/gesteira
535:                ls$residencia/casa velha
536: 
537:             mn$mariana francisca/id=b1723.23-per3
538:                ls$naturalidade/casa velha
539: 
540:             pad$manuel jorge/id=b1723.23-per4
541:                ls$ec/solteiro
542:                ls$residencia/casa velha
543: 
544:             mad$maria/id=b1723.23-per5
545:                ls$ec/solteira
546:                ls$residencia/casa velha
547: 
548:                pmad$manuel lopes/id=b1723.23-per6
549:                   ls$profissao/alfaiate
550:                   ls$residencia/casa velha
551: 
552:       bap$b1723.24/11/3/1723/fol.46-46v/local__igreja de sao tiago/celebrante__manuel rodrigues alvaro
553: 
554: bap$b1723.24
554:          n$manuel/m/id=b1723.24-per1
555: 
556:             pn$manuel rodrigues/id=b1723.24-per2
557:                ls$naturalidade/barrosos
558:                ls$residencia/barrosos
559: 
560:             mn$isabel francisca/id=b1723.24-per3
561:                ls$naturalidade/delgados
562: 
563:             pad$antonio marques/id=b1723.24-per4
564:                ls$profissao/barbeiro
565:                ls$residencia/barrosos
566: 
567:             mad$domingas/id=b1723.24-per5
568:                ls$ec/solteira
569:                ls$residencia/delgados
570: 
571:                pmad$francisco joao/id=b1723.24-per6
572:                   ls$residencia/delgados
573: 
574:       bap$b1723.25/14/3/1723/fol.46v/local__igreja de sao tiago/celebrante__manuel rodrigues
575: 
576: bap$b1723.25
576:          n$jose/m/id=b1723.25-per1
577: 
578:             pn$jose domingues/id=b1723.25-per2
579:                ls$naturalidade/porto coelheiro
580:                ls$residencia/porto coelheiro
581: 
582:             mn$maria joao/id=b1723.25-per3
583:                ls$naturalidade/carvalheira de cima
584: 
585:             pad$sebastiao rodrigues/id=b1723.25-per4
586:                ls$residencia/redinha
587: 
588:             mad$maria/id=b1723.25-per5
589:                ls$ec/solteira
590:                ls$residencia/porto coelheiro
591: 
592:                pmad$antonio rodrigues/id=b1723.25-per6
593:                   ls$residencia/porto coelheiro
594: 
595:       bap$b1723.26/15/3/1723/fol.46v-47/local__igreja de sao tiago/celebrante__manuel rodrigues alvaro
596: 
597: bap$b1723.26
597:          n$teresa/f/id=b1723.26-per1
598: 
599:             pn$manuel ferreira/id=b1723.26-per2
600:                ls$naturalidade/bechos
601:                ls$residencia/bechos
602: 
603:             mn$catarina goncalves/id=b1723.26-per3
604:                ls$naturalidade/alencarce de baixo
605: 
606:             pad$manuel/id=1723-b26-manuel
607:                ls$ec/solteiro
608:                ls$residencia/alencarce de baixo
609: 
610:             mad$isabel/id=b1723.26-per4
611:                ls$ec/solteira
612:                ls$residencia/alencarce de baixo
613:                rel$parentesco/irma/manuel/1723-b26-manuel
614: 
615:                pmad$joao goncalves camas/id=b1723.26-per5
616:                   ls$residencia/alencarce de baixo
617: 
618:       bap$b1723.27/19/3/1723/fol.47/local__igreja de sao tiago/celebrante__manuel rodrigues
619: 
620: bap$b1723.27
620:          n$luis/m/id=b1723.27-per1
621: 
622:             pn$tome dias/id=b1723.27-per2
623:                ls$naturalidade/casais da misericordia
624:                ls$residencia/bonitos
625: 
626:             mn$maria de oliveira/id=b1723.27-per3
627:                ls$naturalidade/bonitos
628: 
629:             pad$manuel goncalves branco/id=b1723.27-per4
630:                ls$alcunha/o velho
631:                ls$residencia/mogadouro
632: 
633:             mad$iria jacques/id=1723-b27-iria
634:                ls$titulo/dona
635:                ls$residencia/soure
636: 
637:                mrmad$luis barbosa canais/id=b1723.27-per5
638:                   ls$residencia/soure
639:                   rel$sociabilidade/procurador/iria jacques/1723-b27-iria
640: 
641:       bap$b1723.28/21/3/1723/fol.47/local__igreja de sao tiago/celebrante__manuel rodrigues
642: 
643: bap$b1723.28
643:          n$maria/f/id=b1723.28-per1
644: 
645:             pn$jose rodrigues/id=b1723.28-per2
646:                ls$profissao/alfaiate
647:                ls$naturalidade/espirito santo
648:                ls$residencia/cavaleiros
649: 
650:             mn$josefa simoes/id=b1723.28-per3
651:                ls$naturalidade/cavaleiros
652: 
653:             pad$pedro/id=1723-28-pedro
654:                ls$ec/solteiro
655:                ls$residencia/soure
656: 
657:                mpad$isabel da silva/id=b1723.28-per4
658:                   ls$titulo/dona
659:                   ls$residencia/soure
660: 
661:             mad$josefa de azevedo/id=1723-b28-josefa
662:                ls$ec/solteira
663:                ls$residencia/soure
664: 
665:             referido$francisco marques/id=b1723.28-per5
666:                ls$profissao/padre
667:                ls$cargo/capelao/obs=capelao de pedro
668:                rel$sociabilidade/procurador/pedro/1723-28-pedro
669: 
670:             referido$manuel rodrigues alvaro/id=b1723.28-per6
671:                ls$profissao/padre
672:                ls$cargo/tesoureiro
673:                rel$sociabilidade/procurador/josefa de azevedo/1723-b28-josefa
674: 
675:       bap$b1723.31/21/3/1723/fol.47-47v/local__igreja de sao tiago/celebrante__manuel rodrigues
676: 
677: bap$b1723.31
677:          n$joana/f/id=b1723.31-per1
678: 
679:             pn$mateus rodrigues/id=b1723.31-per2
680:                ls$naturalidade/belide
681:                ls$residencia/pinheiro
682: 
683:             mn$josefa simoes/id=b1723.31-per3
684:                ls$naturalidade/pinheiro
685: 
686:             pad$jose ferreira/id=b1723.31-per4
687:                ls$residencia/areias
688: 
689:             mad$leonarda lopes/id=b1723.31-per5
690:                ls$residencia/pinheiro
691: 
692:                mrmad$joao rodrigues/id=b1723.31-per6
693:                   ls$residencia/pinheiro
694: 
695:       bap$b1723.30/25/3/1723/fol.47v/local__igreja de sao tiago/celebrante__capelao manuel duarte
696: 
697: bap$b1723.30
697:          n$joao/m/id=b1723.30-per1
698: 
699:             pn$sebastiao goncalves/id=b1723.30-per2
700:                ls$naturalidade/soure
701:                ls$residencia/soure
702: 
703:             mn$maria carvalha/id=b1723.30-per3
704:                ls$naturalidade/barrosos
705: 
706:             pad$jose/id=b1723.30-per4
707:                ls$ec/solteiro
708:                ls$residencia/soure
709: 
710:                ppad$manuel rodrigues serrao/id=b1723.30-per5
711:                   ls$residencia/soure
712: 
713:             mad$maria cardosa/id=1723-b28-maria
714:                ls$ec/solteira
715:                ls$residencia/soure
716: 
717:             referido$manuel duarte/id=b1723.30-per6
718:                ls$profissao/padre
719:                ls$cargo/capelao
720:                rel$parentesco/irmao/maria cardosa/1723-b28-maria
721: 
722:       bap$b1723.29/29/3/1723/fol.47v/local__igreja de sao tiago/celebrante__manuel rodrigues alvaro
723: 
724: bap$b1723.29
724:          n$luis/m/id=b1723.29-per1
725: 
726:             pn$manuel rodrigues/id=b1723.29-per2
727:                ls$naturalidade/portela
728:                ls$residencia/quinta da cruz
729: 
730:             mn$teresa dos santos/id=b1723.29-per3
731:                ls$naturalidade/quinta da cruz
732: 
733:             pad$luis barbosa camoes/id=b1723.29-per4
734:                ls$residencia/soure
735: 
736:             mad$micaela/id=b1723.29-per5
737:                ls$titulo/dona
738:                ls$residencia/soure
739: 
740:                mrmad$manuel soares coelho/id=b1723.29-per6
741:                   ls$residencia/soure
742: 
743:       bap$b1723.130/29/3/1723/fol.47v-48/local__igreja de sao tiago/celebrante__manuel rodrigues alvaro
744: 
745: bap$b1723.130
745:          n$benta/f/id=b1723.130-per1
746: 
747:             pn$manuel rodrigues/id=b1723.130-per2
748:                ls$naturalidade/marzagao
749:                ls$residencia/marzagao
750: 
751:             mn$isabel ferreira/id=b1723.130-per3
752:                ls$naturalidade/fonte da bica
753: 
754:             pad$antonio rodrigues/id=b1723.130-per4
755:                ls$profissao/barbeiro
756:                ls$residencia/soure
757: 
758:             mad$ana de mendonca/id=b1723.130-per5
759:                ls$residencia/soure
760: 
761:                mrmad$antonio dos santos/id=b1723.130-per6
762:                   ls$profissao/cirurgiao
763:                   ls$residencia/soure
764: 
765:       bap$b1723.131/4/4/1723/fol.48/local__igreja de sao tiago/celebrante__manuel rodrigues alvaro
766: 
767: bap$b1723.131
767:          n$maria/f/id=b1723.131-per1
768: 
769:             pn$simao jorge/id=b1723.131-per2
770:                ls$naturalidade/cadaval
771:                ls$freguesia/furadouro
772:                ls$residencia/casal do malvado
773: 
774:             mn$isabel jorge/id=b1723.131-per3
775:                ls$naturalidade/casal do malvado
776: 
777:             pad$bernardo de santo agostinho/id=b1723.131-per4
778:                ls$profissao/padre
779:                ls$ordem/santo agostinho
780:                ls$naturalidade/soure
781: 
782:             mad$maria martins/id=b1723.131-per5
783:                ls$residencia/cascao
784: 
785:                mrmad$manuel madeira/id=b1723.131-per6
786:                   ls$residencia/cascao
787: 
788:       bap$b1723.32/7/4/1723/fol.48/local__igreja de sao tiago/celebrante__manuel rodrigues
789: 
790: bap$b1723.32
790:          n$maria/f/id=b1723.32-per1
791: 
792:             pn$manuel fernandes/id=b1723.32-per2
793:                ls$naturalidade/casal da venda
794:                ls$residencia/soure
795: 
796:             mn$isabel gomes/id=b1723.32-per3
797:                ls$naturalidade/casalinhos
798: 
799:             pad$antonio de azevedo/id=b1723.32-per4
800:                ls$residencia/soure
801: 
802:                ppad$manuel marques de oliveira/id=b1723.32-per5
803:                   ls$titulo/doutor
804:                   ls$residencia/soure
805: 
806:             mad$maria/id=b1723.32-per6
807:                ls$ec/solteira
808:                ls$residencia/soure
809: 
810:                pmad$jose de morais/id=b1723.32-per7
811:                   ls$residencia/soure
812: 
813:       bap$b1723.33/11/4/1723/fol.48v/local__igreja de sao tiago/celebrante__manuel rodrigues
814: 
815: bap$b1723.33
815:          n$maria/f/id=b1723.33-per1
816: 
817:             pn$domingos madeira/id=b1723.33-per2
818:                ls$naturalidade/alencarce de cima
819:                ls$residencia/alencarce de cima
820: 
821:             mn$maria francisca/id=b1723.33-per3
822:                ls$naturalidade/alencarce de cima
823: 
824:             pad$manuel simoes/id=b1723.33-per4
825:                ls$residencia/podengos
826: 
827:             mad$isabel/id=b1723.33-per5
828:                ls$ec/solteira
829:                ls$residencia/alencarce de cima
830: 
831:                pmad$domingos simoes/id=b1723.33-per6
832:                   ls$residencia/alencarce de cima
833: 
834:       bap$b1723.34/11/4/1723/fol.48v/local__igreja de sao tiago/celebrante__manuel rodrigues
835: 
836: bap$b1723.34
836:          n$jacinto/m/id=b1723.34-per1
837: 
838:             pn$jacinto da costa/id=b1723.34-per2
839:                ls$naturalidade/revoles/obs=duvidas na localidade
840:                ls$residencia/espirito santo
841: 
842:             mn$maria goncalves/id=b1723.34-per3
843:                ls$naturalidade/espirito santo
844: 
845:             pad$manuel/id=b1723.34-per4
846:                ls$ec/solteiro
847:                ls$residencia/brancas
848: 
849:                ppad$jose carvalho/id=b1723.34-per5
850:                   ls$residencia/brancas
851: 
852:             mad$maria da gante/id=b1723.34-per6
853:                ls$residencia/casal de galinhas
854: 
855:                mrmad$manuel vaz/id=b1723.34-per7
856:                   ls$residencia/casal de galinhas
857: 
858:       bap$b1723.35/11/4/1723/fol.48v/local__igreja de sao tiago/celebrante__manuel rodrigues
859: 
860: bap$b1723.35
860:          n$antonia/f/id=1723-b35-antonia
861: 
862:             pn$joao mateus/id=b1723.35-per1
863:                ls$naturalidade/vila nova de ancos
864:                ls$residencia/espirito santo
865: 
866:             mn$maria goncalves/id=b1723.35-per2
867:                ls$naturalidade/espirito santo
868: 
869:             pad$antonio aires/id=b1723.35-per3
870:                ls$residencia/espiritp santo
871: 
872:             mad$maria ferreira/id=b1723.35-per4
873:                ls$residencia/espirito santo
874: 
875:                mrmad$manuel rodrigues/id=b1723.35-per5
876:                   ls$residencia/espirito santo
877: 
878:             referido$domingos goncalves/id=b1723.35-per6
879:                ls$profissao/padre
880:                ls$residencia/espirito santo
881:                rel$sociabilidade/baptizou em necessidade/antonia/1723-b35-antonia
882: 
883:       bap$b1723.36/12/4/1723/fol.49/local__igreja de sao tiago/celebrante__manuel rodrigues
884: 
885: bap$b1723.36
885:          n$maria/f/id=1723-b36-maria
886: 
887:             pn$antonio da silva/id=b1723.36-per1
888:                ls$naturalidade/vale de nabal
889:                ls$freguesia/corujeira
890:                ls$residencia/corujeira
891: 
892:             mn$domingas jorge/id=b1723.36-per2
893:                ls$naturalidade/corujeira
894: 
895:             pad$manuel gomes/id=b1723.36-per3
896:                ls$residencia/corujeira
897:                rel$sociabilidade/baptizou em necessidade/maria/1723-b36-maria
898: 
899:             mad$antonia/id=b1723.36-per4
900:                ls$ec/solteira
901:                ls$residencia/corujeira
902: 
903:                mmad$domingas jorge/id=b1723.36-per5
904:                   ls$ec/viuva
905:                   ls$residencia/corujeira
906: 
907:       bap$b1723.37/14/4/1723/fol.49/local__igreja de sao tiago/celebrante__capelao manuel duarte
908: 
909: bap$b1723.37
909:          n$manuel/m/id=b1723.37-per1
910: 
911:             pn$diogo rodrigues de andrade/id=b1723.37-per2
912:                ls$naturalidade/casal das brancas
913:                ls$residencia/soure
914: 
915:             mn$francisca rodrigues/id=b1723.37-per3
916:                ls$naturalidade/soure
917: 
918:             pad$manuel dias/id=b1723.37-per4
919:                ls$profissao/padre
920:                ls$residencia/soure
921: 
922:             mad$maria/id=b1723.37-per5
923:                ls$ec/solteira
924:                ls$residencia/casal das brancas
925: 
926:                pmad$antonio de andrade/id=b1723.37-per6
927:                   ls$residencia/casal das brancas
928: 
929:       bap$b1723.38/16/4/1723/fol.49/local__igreja de sao tiago/celebrante__manuel rodrigues alvaro
930: 
931: bap$b1723.38
931:          n$jose/m/id=b1723.38-per1
932: 
933:             pn$manuel rodrigues/id=b1723.38-per2
934:                ls$naturalidade/alencarce de cima
935:                ls$residencia/alencarce de cima
936: 
937:             mn$maria joao/id=b1723.38-per3
938:                ls$naturalidade/alencarce de cima
939: 
940:             pad$manuel antunes/id=1723-b38-manuel
941:                ls$residencia/alencarce de cima
942: 
943:             mad$maria cardosa/id=b1723.38-per4
944:                ls$residencia/alencarce de cima
945:                rel$parentesco/mulher/manuel antunes/1723-b38-manuel
946: 
947:       bap$b1723.39/18/4/1723/fol.49v/local__igreja de sao tiago/celebrante__manuel rodrigues alvaro
948: 
949: bap$b1723.39
949:          n$mariana/f/id=b1723.39-per1
950: 
951:             pn$matias gomes/id=b1723.39-per2
952:                ls$naturalidade/mosqueiro
953:                ls$freguesia/nossa senhora da graca
954:                ls$residencia/soure
955: 
956:             mn$maria pereira/id=b1723.39-per3
957:                ls$naturalidade/soure
958: 
959:             pad$rodrigo homem de quadros/id=b1723.39-per4
960:                ls$residencia/soure
961: 
962:             mad$mariana/id=b1723.39-per5
963:                ls$ec/solteira
964:                ls$titulo/dona
965:                ls$residencia/soure
966: 
967:                pmad$manuel marques de oliveira/id=b1723.39-per6
968:                   ls$titulo/doutor
969:                   ls$residencia/soure
970: 
971:       bap$b1723.40/21/4/1723/fol.49v/local__igreja de sao tiago/celebrante__manuel rodrigues
972: 
973: bap$b1723.40
973:          n$antonio/m/id=b1723.40-per1
974: 
975:             pn$joao rodrigues/id=b1723.40-per2
976:                ls$naturalidade/migalho
977:                ls$residencia/migalho
978: 
979:             mn$isabel rodrigues/id=b1723.40-per3
980:                ls$naturalidade/sobral
981: 
982:             pad$domingos goncalves/id=b1723.40-per4
983:                ls$residencia/lousoes
984: 
985:             mad$madalena francisca/id=b1723.40-per5
986:                ls$residencia/sobral
987: 
988:                mrmad$manuel cardoso/id=b1723.40-per6
989:                   ls$profissao/alfaiate
990:                   ls$residencia/sobral
991: 
992:       bap$b1723.41/22/4/1723/fol.49v/local__igreja de sao tiago/celebrante__padre manuel da costa velho
993: 
994: bap$b1723.41
994:          n$maria/f/id=1723-b41-maria
995: 
996:             pn$manuel jorge/id=b1723.41-per1
997:                ls$naturalidade/alvorrinha
998:                ls$residencia/soure
999: 
1000:             mn$isabel francisca/id=b1723.41-per2
1001:                ls$naturalidade/casal do mendinho
1002: 
1003:             pad$joao henriques/id=b1723.41-per3
1004:                ls$residencia/soure
1005: 
1006:             mad$antonia/id=b1723.41-per4
1007:                ls$ec/solteira
1008:                ls$residencia/soure
1009: 
1010:                mmad$josefa teixeira/id=b1723.41-per5
1011:                   ls$ec/viuva
1012:                   ls$residencia/soure
1013: 
1014:             referido$manuel da costa velho/id=b1723.41-per6
1015:                ls$profissao/padre
1016:                ls$residencia/soure
1017:                rel$sociabilidade/baptizou em necessidade/maria/1723-b41-maria
1018: 
1019:       bap$b1723.42/25/4/1723/fol.50/local__igreja de sao tiago/celebrante__manuel rodrigues
1020: 
1021: bap$b1723.42
1021:          n$joao/m/id=b1723.42-per1
1022: 
1023:             pn$manuel domingues/id=b1723.42-per2
1024:                ls$naturalidade/casais da misericordia
1025:                ls$residencia/simoes
1026: 
1027:             mn$ana joao/id=b1723.42-per3
1028:                ls$naturalidade/simoes
1029: 
1030:             pad$jose/id=b1723.42-per4
1031:                ls$ec/solteiro
1032:                ls$residencia/casais da misericordia
1033: 
1034:                mpad$maria dias/id=b1723.42-per5
1035:                   ls$ec/viuva
1036:                   ls$residencia/casais da misericordia
1037: 
1038:             mad$ana ferreira/id=b1723.42-per6
1039:                ls$residencia/simoes
1040: 
1041:                mrmad$antonio lopes/id=b1723.42-per7
1042:                   ls$residencia/simoes
1043: 
1044:       bap$b1723.44/2/5/1723/fol.50/local__igreja de sao tiago/celebrante__manuel rodrigues
1045: 
1046: bap$b1723.44
1046:          n$josefa/f/id=b1723.44-per1
1047: 
1048:             pn$domingos rodrigues/id=b1723.44-per2
1049:                ls$naturalidade/casal dos feijoes
1050:                ls$profissao/fareleiro
1051:                ls$residencia/sao mateus
1052: 
1053:             mn$maria joao/id=b1723.44-per3
1054:                ls$naturalidade/mogadouro
1055: 
1056:             pad$jose/id=b1723.44-per4
1057:                ls$ec/solteiro
1058:                ls$residencia/casal das pardalas
1059: 
1060:                mpad$domingas rodrigues/id=b1723.44-per5
1061:                   ls$ec/viuva
1062:                   ls$residencia/casal das pardalas
1063: 
1064:             mad$maria/id=b1723.44-per6
1065:                ls$ec/solteira
1066:                ls$residencia/barril
1067: 
1068:                pmad$manuel rodrigues feijao/id=b1723.44-per7
1069:                   ls$residencia/barril
1070: 
1071:       bap$b1723.45/4/5/1723/fol.50/local___igreja de sao tiago/celebrante___vigario nanuel rodrigues
1072: 
1073: bap$b1723.45
1073:          n$cecilia/f/id=b1723.45-per1
1074:             ls$enjeitada/sim/obs=exposta no terreiro da misericordia em uma alcofa com algum vestuario e um escrito em que se dizia que nao vinha baptizada e lhe pusessem o nome de perpetua
1075: 
1076:             pn$nome desconhecido/id=b1723.45-per2
1077: 
1078:             mn$nome desconhecido/id=b1723.45-per3
1079: 
1080:             pad$joao de sequeira coelho/id=b1723.45-per4
1081:                ls$residencia/soure
1082: 
1083:             mad$cecilia de morais/id=1723-b45-cecilia
1084:                ls$ec/solteira
1085:                ls$residencia/soure
1086: 
1087:                pmad$joao colaco de morais/id=b1723.45-per5
1088:                   ls$residencia/soure
1089: 
1090:             referido$manuel pessoa/id=b1723.45-per6
1091:                ls$profissao/padre
1092:                ls$residencia/soure
1093:                rel$sociabilidade/procurador/cecilia/1723-b45-cecilia
1094: 
1095:       bap$b1723.46/23/5/1723/fol.50v/local__igreja de sao tiago/celebrante__manuel rodrigues
1096: 
1097: bap$b1723.46
1097:          n$antonio/m/id=b1723.46-per1
1098: 
1099:             pn$simao madeira/id=b1723.46-per2
1100:                ls$naturalidade/alencarce de cima
1101:                ls$residencia/alencarce de cima
1102: 
1103:             mn$isabel francisca/id=b1723.46-per3
1104:                ls$naturalidade/alencarce de cima
1105: 
1106:             pad$antonio madeira/id=1723-b46-antonio
1107:                ls$residencia/cascao
1108: 
1109:             mad$maria francisca/id=b1723.46-per4
1110:                ls$residencia/cascao
1111:                rel$parentesco/mulher/antonio madeira/1723-b46-antonio
1112: 
1113:       bap$b1723.47/23/5/1723/fol.50v/local__igreja de sao tiago/celebrante__manuel rodrigues
1114: 
1115: bap$b1723.47
1115:          n$luis/m/id=b1723.47-per1
1116: 
1117:             pn$manuel rodrigues/id=b1723.47-per2
1118:                ls$profissao/marmeleiro
1119:                ls$naturalidade/alencarce de cima
1120:                ls$residencia/alencarce de cima
1121: 
1122:             mn$maria antunes/id=b1723.47-per3
1123:                ls$naturalidade/casais
1124:                ls$freguesia/ega
1125: 
1126:             pad$antonio/id=b1723.47-per4
1127:                ls$ec/solteiro
1128:                ls$residencia/alencarce de cima
1129: 
1130:             mad$maria simoes/id=b1723.47-per5
1131:                ls$residencia/alencarce de cima
1132: 
1133:                mrmad$antonio rodrigues maravilhoso/id=b1723.47-per6
1134:                   ls$residencia/alencarce de cima
1135: 
1136:       bap$b1723.48/23/5/1723/fol.50v/local__igreja de sao tiago/celebrante__manuel rodrigues
1137: 
1138: bap$b1723.48
1138:          n$francisca/f/id=b1723.48-per1
1139: 
1140:             pn$jose francisco/id=b1723.48-per2
1141:                ls$naturalidade/casal novo
1142:                ls$residencia/casal novo
1143: 
1144:             mn$maria do espirito santo/id=b1723.48-per3
1145:                ls$naturalidade/alvorrinha
1146: 
1147:             pad$antonio lopes/id=1723-b48-antonio
1148:                ls$residencia/soure
1149: 
1150:             mad$francisca/id=b1723.48-per4
1151:                ls$ec/solteira
1152:                ls$residencia/soure
1153:                rel$parentesco/filha/antonio lopes/1723-b48-antonio
1154: 
1155:       bap$b1723.49/23/5/1723/fol.50v-51/local__igreja de sao tiago/celebrante__manuel rodrigues
1156: 
1157: bap$b1723.49
1157:          n$antonia/f/id=b1723.49-per1
1158: 
1159:             pn$jose da silva/id=b1723.49-per2
1160:                ls$naturalidade/vinha da rainha
1161:                ls$residencia/soure
1162: 
1163:             mn$felicia martins/id=b1723.49-per3
1164:                ls$naturalidade/varzea de gois
1165: 
1166:             pad$jose da costa/id=b1723.49-per4
1167:                ls$profissao/carpinteiro
1168:                ls$residencia/soure
1169: 
1170:             mad$antonia gomes/id=b1723.49-per5
1171:                ls$ec/solteira
1172:                ls$residencia/soure
1173: 
1174:       bap$b1723.50/26/5/1723/fol.51/local__igreja de sao tiago/celebrante__capelao manuel duarte
1175: 
1176: bap$b1723.50
1176:          n$eufrasia/f/id=b1723.50-per1
1177: 
1178:             pn$manual alves da silva/id=b1723.50-per2
1179:                ls$naturalidade/granja
1180:                ls$freguesia/sao mamede/obs=bispado do porto
1181:                ls$residencia/soure
1182: 
1183:             mn$josefa maria da rocha/id=b1723.50-per3
1184:                ls$naturalidade/vila do conde/obs=arcebispado de braga
1185: 
1186:             pad$placido/id=b1723.50-per4
1187:                ls$ec/solteiro
1188:                ls$residencia/soure
1189: 
1190:                ppad$manuel soares coelho/id=b1723.50-per5
1191:                   ls$residencia/soure
1192: 
1193:             mad$josefa/id=b1723.50-per6
1194:                ls$ec/solteira
1195:                ls$residencia/soure
1196: 
1197:                pmad$tome velho/id=b1723.50-per7
1198:                   ls$residencia/soure
1199: 
1200:       bap$b1723.51/6/6/1723/fol.51-51v/local__igreja de sao tiago/celebrante__manuel rodrigues
1201: 
1202: bap$b1723.51
1202:          n$maria/f/id=1723-b51-maria
1203: 
1204:             pn$manuel antunes/id=b1723.51-per1
1205:                ls$naturalidade/alencarce de cima
1206:                ls$residencia/alencarce de cima
1207: 
1208:             mn$maria cardosa/id=b1723.51-per2
1209:                ls$naturalidade/alencarce de baixo
1210: 
1211:             pad$manuel/id=b1723.51-per3
1212:                ls$ec/solteiro
1213:                ls$residencia/alencarce de baixo
1214: 
1215:                mpad$isabel cardosa/id=b1723.51-per4
1216:                   ls$residencia/alencarce de baixo
1217: 
1218:             mad$maria/id=b1723.51-per5
1219:                ls$ec/solteira
1220:                ls$residencia/alencarce de cima
1221: 
1222:                pmad$joao rodrigues calhau/id=b1723.51-per6
1223:                   ls$residencia/alencarce de cima
1224: 
1225:             referida$antonia madeira/id=b1723.51-per7
1226:                ls$profissao/parteira
1227:                ls$residencia/alencarce de cima
1228:                rel$sociabilidade/baptizou em necessidade/maria/1723-b51-maria
1229: 
1230:       bap$b1723.52/13/6/1723/fol.51v/local__igreja de sao tiago/celebrante__padre joao cristovao
1231: 
1232: bap$b1723.52
1232:          n$manuel/m/id=b1723.52-per1
1233: 
1234:             pn$manuel madeira/id=b1723.52-per2
1235:                ls$naturalidade/venda nova
1236:                ls$freguesia/tapeus
1237:                ls$residencia/porto coelheiro
1238: 
1239:             mn$isabel alves/id=b1723.52-per3
1240:                ls$naturalidade/porto coelheiro
1241: 
1242:             pad$manuel/id=b1723.52-per4
1243:                ls$ec/solteiro
1244:                ls$residencia/porto coelheiro
1245: 
1246:                ppad$bento martins/id=b1723.52-per5
1247:                   ls$residencia/porto coelheiro
1248: 
1249:             mad$maria/id=b1723.52-per6
1250:                ls$ec/solteira
1251:                ls$residencia/porto coelheiro
1252: 
1253:                pmad$jose rodrigues/id=b1723.52-per7
1254:                   ls$residencia/portocoelheiro
1255: 
1256:       bap$b1723.53/20/6/1723/fol.51v/local__igreja de sao tiago/celebrante__manuel rodrigues
1257: 
1258: bap$b1723.53
1258:          n$joao/m/id=b1723.53-per1
1259: 
1260:             pn$jose de oliveira/id=b1723.53-per2
1261:                ls$naturalidade/casal dos feijoes
1262:                ls$residencia/casal dos feijoes
1263: 
1264:             mn$maria cardosa/id=b1723.53-per3
1265:                ls$naturalidade/lousoes
1266: 
1267:             pad$joao rodrigues feijao/id=b1723.53-per4
1268:                ls$residencia/casal dos feijoes
1269: 
1270:             mad$maria/id=b1723.53-per5
1271:                ls$ec/solteira
1272:                ls$residencia/casal dos feijoes
1273: 
1274:                pmad$antonio rodrigues feijao/id=b1723.53-per6
1275:                   ls$residencia/casal dos feijoes
1276: 
1277:       bap$b1723.54/20/6/1723/fol.51v/local__igreja de sao tiago/celebrante__manuel rodrigues
1278: 
1279: bap$b1723.54
1279:          n$antonia/f/id=b1723.54-per1
1280: 
1281:             pn$manuel pedroso/id=b1723.54-per2
1282:                ls$naturalidade/migalho
1283:                ls$residencia/migalho
1284: 
1285:             mn$agueda gomes/id=b1723.54-per3
1286:                ls$naturalidade/vinha da rainha
1287: 
1288:             pad$manuel francisco/id=b1723.54-per4
1289:                ls$residencia/valada
1290:                ls$freguesia/gesteira
1291: 
1292:             mad$antonia cardosa/id=b1723.54-per5
1293:                ls$residencia/migalho
1294: 
1295:                mrmad$manuel duarte formigueiro/id=b1723.54-per6
1296:                   ls$residencia/migalho
1297: 
1298:       bap$b1723.55/27/6/1723/fol.52/local__igreja de sao tiago/celebrante__manuel rodrigues
1299: 
1300: bap$b1723.55
1300:          n$manuel/m/id=b1723.55-per1
1301: 
1302:             pn$joao rodrigues/id=b1723.55-per2
1303:                ls$naturalidade/sobral
1304:                ls$residencia/sobral
1305: 
1306:             mn$josefa francisca/id=b1723.55-per3
1307:                ls$naturalidade/sobral
1308: 
1309:             pad$manuel gomes/id=1723-b55-manuel
1310:                ls$ec/solteiro
1311:                ls$residencia/casal da venda
1312: 
1313:             mad$maria/id=b1723.55-per4
1314:                ls$ec/solteira
1315:                ls$residencia/sobral
1316: 
1317:                pmad$manuel jorge/id=b1723.55-per5
1318:                   ls$residencia/sobral
1319: 
1320:             referido$jose gomes/id=b1723.55-per6
1321:                ls$profissao/padre
1322:                ls$residencia/casal da venda
1323:                rel$sociabilidade/procurador/manuel gomes/1723-b55-manuel
1324:                rel$parentesco/irmao/manuel gomes/1723-b55-manuel
1325: 
1326:       bap$b1723.56/4/7/1723/fol.52/local__igreja de sao tiago/celebrante__manuel rodrigues alvaro
1327: 
1328: bap$b1723.56
1328:          n$jacinto/m/id=b1723.56-per1
1329: 
1330:             pn$mateus carvalho/id=b1723.56-per2
1331:                ls$naturalidade/casal das brancas
1332:                ls$residencia/casal das brancas
1333: 
1334:             mn$maria antunes/id=b1723.56-per3
1335:                ls$naturalidade/melrical
1336: 
1337:             pad$jacinto da costa e vasconcelos/id=b1723.56-per4
1338:                ls$titulo/doutor
1339:                ls$residencia/soure
1340: 
1341:             mad$maria domingas/id=b1723.56-per5
1342:                ls$residencia/melrical
1343: 
1344:                mrmad$jose goncalves/id=b1723.56-per6
1345:                   ls$residencia/melrical
1346: 
1347:       bap$b1723.57/21/7/1723/fol.52/local__igreja de sao tiago/celebrante__padre joao cristovao
1348: 
1349: bap$b1723.57
1349:          n$luis/m/id=b1723.57-per1
1350: 
1351:             pn$domingos goncalves/id=b1723.57-per2
1352:                ls$naturalidade/lousoes
1353:                ls$residencia/lousoes
1354: 
1355:             mn$maria jorge/id=b1723.57-per3
1356:                ls$naturalidade/casal novo
1357: 
1358:             pad$luis de seabra jacques/id=b1723.57-per4
1359:                ls$residencia/soure
1360: 
1361:       bap$b1723.58/22/7/1723/fol.52v/local__igreja de sao tiago/celebrante__manuel rodrigues alvaro
1362: 
1363: bap$b1723.58
1363:          n$isabel/f/id=b1723.58-per1
1364: 
1365:             pn$domingos rodrigues/id=b1723.58-per2
1366:                ls$naturalidade/oureca
1367:                ls$residencia/cavaleiros
1368: 
1369:             mn$josefa francisca/id=b1723.58-per3
1370:                ls$naturalidade/cavaleiros
1371: 
1372:             pad$manuel rodrigues centeio/id=b1723.58-per4
1373:                ls$residencia/charneca
1374: 
1375:             mad$isabel/id=b1723.58-per5
1376:                ls$ec/solteira
1377:                ls$residencia/oureca
1378: 
1379:                pmad$manuel rodrigues centeio/id=b1723.58-per6
1380:                   ls$residencia/oureca
1381: 
1382:       bap$b1723.59/26/7/1723/fol.52v/local__igreja de sao tiago/celebrante__manuel rodrigues alvaro
1383: 
1384: bap$b1723.59
1384:          n$ana maria/f/id=b1723.59-per1
1385: 
1386:             pn$joao domingues/id=b1723.59-per2
1387:                ls$naturalidade/casconho
1388:                ls$residencia/mogadouro
1389: 
1390:             mn$antonia goncalves/id=1723-b59-antonia
1391:                ls$naturalidade/mogadouro
1392: 
1393:             pad$domingos goncalves/id=b1723.59-per3
1394:                ls$residencia/barrosos
1395: 
1396:             mad$maria/id=b1723.59-per4
1397:                ls$ec/solteira
1398:                rel$parentesco/irma/antonia goncalves/1723-b59-antonia
1399: 
1400:       bap$b1723.60/25/7/1723/fol.53/local__igreja de sao tiago/celebrante__manuel rodrigues
1401: 
1402: bap$b1723.60
1402:          n$pedro/m/id=b1723.60-per1
1403: 
1404:             pn$mateus cardoso/id=b1723.60-per2
1405:                ls$naturalidade/coimbra
1406:                ls$residencia/soure
1407: 
1408:             mn$ines rodrigues/id=b1723.60-per3
1409:                ls$naturalidade/pinheiro
1410: 
1411:             pad$pedro de melo/id=1723-b60-pedro
1412:                ls$residencia/lisboa
1413: 
1414:             mad$maria pedrosa/id=b1723.60-per4
1415:                ls$residencia/casa velha
1416: 
1417:                mrmad$joao mateus/id=b1723.60-per5
1418:                   ls$residencia/casa velha
1419: 
1420:             referido$jose rodrigues e carvalho/id=b1723.60-per6
1421:                ls$profissao/padre
1422:                ls$residencia/soure
1423:                rel$sociabilidade/procurador/pedro de melo/1723-b60-pedro
1424: 
1425:       bap$b1723.61/8/8/1723/fol.53/local__igreja de sao tiago/celebrante__manuel rodrigues
1426: 
1427: bap$b1723.61
1427:          n$jose/m/id=1723-b61-jose
1428: 
1429:             pn$joao mendes francisco/id=b1723.61-per1
1430:                ls$naturalidade/soure
1431:                ls$residencia/soure
1432: 
1433:             mn$maria do espirito santo/id=b1723.61-per2
1434:                ls$naturalidade/charneca
1435: 
1436:             pad$agostinho luis de ataide/id=1723-b61-agostinho
1437:                ls$residencia/soure
1438: 
1439:             mad$mariana antonia de meneses/id=1723-b61-mariana
1440:                ls$titulo/dona
1441: 
1442:                pmad$antonio de meneses/id=b1723.61-per3
1443:                   ls$residencia/lisboa
1444:                   ls$titulo/dom
1445:                   ls$morto/antes
1446: 
1447:             referido$francisco de sousa oliveira/id=1723-b61-francisco
1448:                ls$profissao/criado/obs=criado de agostinho luis de ataide
1449:                ls$residencia/casa velha
1450:                rel$sociabilidade/procurador/agostinho luis de ataide/1723-b61-agostinho
1451: 
1452:             referido$domingos dos santos/id=b1723.61-per4
1453:                ls$residencia/casa velha
1454:                rel$parentesco/pai/francisco de sousa oliveira/1723-b61-francisco
1455: 
1456:             referido$luis ribeiro cabral/id=b1723.61-per5
1457:                ls$profissao/padre
1458:                ls$residencia/soure
1459:                rel$sociabilidade/baptizou em necessidade/jose/1723-b61-jose
1460: 
1461:             referido$anselmo caetano manhos/id=b1723.61-per6
1462:                ls$profissao/medico
1463:                ls$residencia/soure
1464:                rel$sociabilidade/procurador/mariana antonia de meneses/1723-b61-mariana
1465: 
1466:       bap$b1723.62/12/8/1723/fol.53v/local__igreja de sao tiago/celebrante__manuel rodrigues alvaro
1467: 
1468: bap$b1723.62
1468:          n$jose/m/id=b1723.62-per1
1469: 
1470:             pn$joao fereira/id=b1723.62-per2
1471:                ls$naturalidade/bechos
1472:                ls$residencia/bechos
1473: 
1474:             mn$teresa rodrigues/id=b1723.62-per3
1475:                ls$naturalidade/quinta da telhada
1476: 
1477:             pad$manuel rodrigues camorro/id=b1723.62-per4
1478:                ls$residencia/bechos
1479: 
1480:             mad$maria tome/id=b1723.62-per5
1481:                ls$residencia/charneca
1482: 
1483:                mrmad$mnauel rodrigues centeio/id=b1723.62-per6
1484:                   ls$residencia/charneca
1485: 
1486:       bap$b1723.63/22/8/1723/fol.53v/local__igreja de sao tiago/celebrante__manuel rodrigues
1487: 
1488: bap$b1723.63
1488:          n$antonia/f/id=1723-b63-antonia
1489: 
1490:             pn$simao vaz/id=b1723.63-per1
1491:                ls$naturalidade/poucapena
1492:                ls$residencia/poucapena
1493:                rel$sociabilidade/baptizou em necessidade/antonia/1723-b63-antonia
1494: 
1495:             mn$luisa bernardes/id=b1723.63-per2
1496:                ls$naturalidade/poucapena
1497: 
1498:             pad$gabriel da costa gramaxo/id=b1723.63-per3
1499:                ls$residencia/pai daniel/obs=na sua quinta
1500: 
1501:             mad$isabel bernardes/id=b1723.63-per4
1502:                ls$residencia/poucapena
1503: 
1504:                mrmad$joao couceiro/id=b1723.63-per5
1505:                   ls$residencia/popuca pena
1506: 
1507:       bap$b1723.64/29/8/1723/fol.53/local__igreja de sao tiago/celebrante__manuel rodrigues
1508: 
1509: bap$b1723.64
1509:          n$francisco/m/id=b1723.64-per1
1510: 
1511:             pn$manuel domingues/id=b1723.64-per2
1512:                ls$naturalidade/oureca
1513:                ls$residencia/quinta da telhada
1514: 
1515:             mn$maria madeira/id=b1723.64-per3
1516:                ls$naturalidade/quinta da telhada
1517: 
1518:             pad$manuel rodrigues centeio/id=1723-b64-manuel
1519:                ls$residencia/charneca
1520: 
1521:             mad$maria tome/id=b1723.64-per4
1522:                ls$residencia/charneca
1523:                rel$parentesco/mulher/manuel rodrigues centeio/1723-b64-manuel
1524: 
1525:       bap$b1723.65/29/8/1723/fol.54/local__igreja de sao tiago/celebrante__manuel rodrigues
1526: 
1527: bap$b1723.65
1527:          n$antonio/m/id=1723-b65-antonio
1528: 
1529:             pn$francisco da costa/id=b1723.65-per1
1530:                ls$naturalidade/casa velha
1531:                ls$residencia/casa velha
1532: 
1533:             mn$mariana rodrigues/id=b1723.65-per2
1534:                ls$naturalidade/sobral
1535: 
1536:             pad$manuel/id=b1723.65-per3
1537:                ls$profissao/estudante
1538:                ls$residencia/casa velha
1539: 
1540:                ppad$jose rodrigues/id=b1723.65-per4
1541:                   ls$residencia/casa velha
1542: 
1543:             mad$antonia rodrigues/id=b1723.65-per5
1544:                ls$ec/solteira
1545:                ls$residencia/sobral
1546: 
1547:             referida$agueda soares/id=1723-b65-agueda
1548:                ls$residencia/casa velha
1549:                rel$sociabilidade/baptizou em necessidade/antonio/1723-b65-antonio
1550: 
1551:             referido$manuel francisco/id=b1723.65-per6
1552:                ls$residencia/casa velha
1553:                rel$parentesco/marido/agueda soares/1723-b65-agueda
1554: 
1555:       bap$b1723.66/5/9/1723/fol.54/local__igreja de sao tiago/celebrante__manuel rodrigues
1556: 
1557: bap$b1723.66
1557:          n$maria/f/id=b1723.66-per1
1558: 
1559:             pn$sebastiao dinis/id=b1723.66-per2
1560:                ls$naturalidade/areias
1561:                ls$residencia/areias
1562: 
1563:             mn$antonia simoes/id=b1723.66-per3
1564:                ls$naturalidade/lagem
1565: 
1566:             pad$sebastiao ferreira/id=b1723.66-per4
1567:                ls$profissao/padre
1568:                ls$residencia/areias
1569: 
1570:             mad$maria/id=b1723.66-per5
1571:                ls$ec/solteira
1572:                ls$residencia/areias
1573: 
1574:                pmad$manuel ferreira/id=b1723.66-per6
1575:                   ls$residencia/areias
1576: 
1577:       bap$b1723.67/6/9/1723/fol.54-54v/local__igreja de sao tiago/celebrante__padre antonio martins da costa
1578: 
1579: bap$b1723.67
1579:          n$maria/f/id=b1723.67-per1
1580: 
1581:             pn$tome goncalves/id=b1723.67-per2
1582:                ls$naturalidade/vale da borra
1583:                ls$residencia/vale da borra
1584: 
1585:             mn$domingas francisca/id=b1723.67-per3
1586:                ls$naturalidade/casalinhos
1587: 
1588:             pad$joao simoes/id=b1723.67-per4
1589:                ls$residencia/vale da borra
1590: 
1591:             mad$maria goncalves/id=b1723.67-per5
1592:                ls$ec/solteira
1593:                ls$residencia/vale da borra
1594: 
1595:       bap$b1723.68/12/9/1723/fol.54v/local__igreja de sao tiago/celebrante__manuel rodrigues
1596: 
1597: bap$b1723.68
1597:          n$manuel/m/id=1723-b68-manuel
1598: 
1599:             pn$joao simoes/id=b1723.68-per1
1600:                ls$naturalidade/casal da ladeira
1601:                ls$freguesia/tapeus
1602:                ls$residencia/presa
1603: 
1604:             mn$maria simoes/id=b1723.68-per2
1605:                ls$naturalidade/presa
1606: 
1607:             pad$manuel mendes/id=b1723.68-per3
1608:                ls$residencia/carvalhal
1609:                ls$freguesia/tapeus
1610: 
1611:             mad$antonia joao/id=b1723.68-per4
1612:                ls$residencia/casal da ladeira
1613:                ls$freguesia/tapeus
1614: 
1615:                mrmad$jose simoes/id=b1723.68-per5
1616:                   ls$residencia/casal da ladeira
1617:                   ls$freguesia/tapeus
1618: 
1619:             referido$mateus joao/id=b1723.68-per6
1620:                ls$residencia/presa
1621:                rel$sociabilidade/baptizou em necessidade/manuel/1723-b68-manuel
1622: 
1623:       bap$b1723.69/13/9/1723/fol.54v/local__igreja de sao tiago/celebrante__manuel rodrigues
1624: 
1625: bap$b1723.69
1625:          n$maria/f/id=b1723.69-per1
1626: 
1627:             pn$jose dias/id=b1723.69-per2
1628:                ls$naturalidade/sobral
1629:                ls$residencia/sobral
1630: 
1631:             mn$maria goncalves/id=b1723.69-per3
1632:                ls$naturalidade/sobral
1633: 
1634:             pad$antonio simoes/id=b1723.69-per4
1635:                ls$residencia/sobral
1636: 
1637:             mad$luisa/id=b1723.69-per5
1638:                ls$ec/solteira
1639:                ls$residencia/sobral
1640: 
1641:                pmad$joao goncalves vargas/id=b1723.69-per6
1642:                   ls$residencia/sobral
1643:                   ls$morto/antes
1644: 
1645:       bap$b1723.70/13/9/1723/fol.54v-55/local__igreja de sao tiago/celebrante__manuel rodrigues
1646: 
1647: bap$b1723.70
1647:          n$jose/m/id=b1723.70-per1
1648: 
1649:             pn$francisco da silva/id=b1723.70-per2
1650:                ls$naturalidade/pingarelhos
1651:                ls$freguesia/almagreira
1652:                ls$residencia/casais da misericordia
1653: 
1654:             mn$ana dias/id=b1723.70-per3
1655:                ls$naturalidade/casais da misericordia
1656: 
1657:             pad$jose/id=b1723.70-per4
1658:                ls$ec/solteiro
1659:                ls$residencia/casais da misericordia
1660: 
1661:                mpad$maria dias/id=b1723.70-per5
1662:                   ls$ec/viuva
1663:                   ls$residencia/casais da misericordia
1664: 
1665:             mad$maria/id=b1723.70-per6
1666:                ls$ec/solteira
1667:                ls$residencia/boniotos
1668: 
1669:                pmad$tome dias/id=b1723.70-per7
1670:                   ls$residencia/bonitos
1671: 
1672:       bap$b1723.71/16/9/1723/fol.55/local__igreja de sao tiago/celebrante__manuel rodrigues
1673: 
1674: bap$b1723.71
1674:          n$rosa/f/id=b1723.71-per1
1675: 
1676:             pn$manuel rodrigues centeio/id=b1723.71-per2
1677:                ls$naturalidade/oureca
1678:                ls$residencia/sobral
1679: 
1680:             mn$catarina joao/id=b1723.71-per3
1681:                ls$naturalidade/sobral
1682: 
1683:             pad$jose/id=b1723.71-per4
1684:                ls$ec/solteiro
1685:                ls$residencia/sobral
1686: 
1687:                ppad$joao rodrigues/id=b1723.71-per5
1688:                   ls$residencia/sobral
1689: 
1690:             mad$maria/id=b1723.71-per6
1691:                ls$ec/solteira
1692:                ls$residencia/sobral
1693: 
1694:                mmad$margarida rodrigues/id=b1723.71-per7
1695:                   ls$ec/viuva
1696:                   ls$residencia/sobral
1697: 
1698:       bap$b1723.72/20/9/1723/fol.55/local__igreja de sao tiago/celebrante__manuel rodrigues
1699: 
1700: bap$b1723.72
1700:          n$maria/f/id=b1723.72-per1
1701: 
1702:             pn$jose rodrigues/id=b1723.72-per2
1703:                ls$naturalidade/sobral
1704:                ls$residencia/casal da venda
1705: 
1706:             mn$feliciana rodrigues/id=b1723.72-per3
1707:                ls$naturalidade/casal da venda
1708: 
1709:             pad$jose gomes/id=b1723.72-per4
1710:                ls$profissao/padre
1711:                ls$residencia/casal da venda
1712: 
1713:             mad$maria/id=b1723.72-per5
1714:                ls$ec/solteira
1715:                ls$residencia/sobral
1716: 
1717:                pmad$manuel jorge/id=b1723.72-per6
1718:                   ls$residencia/sobral
1719: 
1720:       bap$b1723.73/21/9/1723/fol.55-55v/local__igreja de sao tiago/celebrante__manuel rodrigues
1721: 
1722: bap$b1723.73
1722:          n$maria/f/id=b1723.73-per1
1723: 
1724:             pn$joao rodrigues/id=b1723.73-per2
1725:                ls$naturalidade/casal da venda
1726:                ls$residencia/casalinhos
1727: 
1728:             mn$isabel francisca/id=b1723.73-per3
1729:                ls$naturalidade/casalinhos
1730: 
1731:             pad$manuel joao/id=b1723.73-per4
1732:                ls$residencia/casalinhos
1733: 
1734:             mad$maria francisca/id=b1723.73-per5
1735:                ls$residencia/casalinhos
1736: 
1737:                mrmad$manuel simoes/id=b1723.73-per6
1738:                   ls$residencia/casalinhos
1739: 
1740:       bap$b1723.74/29/9/1723/fol.55v/local__igreja de sao tiago/celebrante__capelao manuel duarte
1741: 
1742: bap$b1723.74
1742:          n$manuel/m/id=b1723.74-per1
1743: 
1744:             pn$lourenco dias/id=b1723.74-per2
1745:                ls$naturalidade/soure
1746:                ls$residencia/soure
1747: 
1748:             mn$antonia cardosa/id=b1723.74-per3
1749:                ls$naturalidade/lousoes
1750: 
1751:             pad$manuel dias da ponte/id=b1723.74-per4
1752:                ls$residencia/soure
1753: 
1754:             mad$maria cardosa/id=b1723.74-per5
1755:                ls$residencia/lousoes
1756: 
1757:                mrmad$manuel goncalves camarro/id=b1723.74-per6
1758:                   ls$residencia/lousoes
1759: 
1760:       bap$b1723.75/30/9/1723/fol.55v/local__igreja de sao tiago/celebrante__manuel rodrigues
1761: 
1762: bap$b1723.75
1762:          n$maria/f/id=b1723.75-per1
1763: 
1764:             pn$sebastiao rodrigues/id=b1723.75-per2
1765:                ls$naturalidade/lagem
1766:                ls$residencia/lagem
1767: 
1768:             mn$luisa leoa/id=b1723.75-per3
1769:                ls$naturalidade/lagem
1770: 
1771:             pad$clemente da costa/id=1723-b75-clemente
1772:                ls$profissao/padre
1773:                ls$residencia/lagem
1774: 
1775:             mad$antonia/id=b1723.75-per4
1776:                ls$ec/solteira
1777:                ls$residencia/lagem
1778:                rel$parentesco/irma/clemente da costa/1723-b75-clemente
1779: 
1780:       bap$b1723.76/4/10/1723/fol.55v-56/local__igreja de sao tiago/celebrante__capelao manuel duarte
1781: 
1782: bap$b1723.76
1782:          n$joao/m/id=1723-b76-joao
1783: 
1784:             pn$antonio ferreira marmelo/id=b1723.76-per1
1785:                ls$naturalidade/casal do marmelo
1786:                ls$residencia/paleao
1787: 
1788:             mn$maria gomes/id=b1723.76-per2
1789:                ls$naturalidade/paleao
1790: 
1791:             pad$joao mendes/id=b1723.76-per3
1792:                ls$residencia/sao mateus
1793: 
1794:             mad$isabel cardosa/id=1723-76-isabel
1795:                ls$ec/solteira
1796:                ls$residencia/porto panelas
1797: 
1798:             referido$manuel duarte/id=b1723.76-per4
1799:                ls$residencia/soure
1800:                rel$sociabilidade/procurador/isabel cardosa/1723-b76-isabel
1801: 
1802:             referida$catarina francisca/id=b1723.76-per5
1803:                ls$ec/viuva
1804:                ls$profissao/parteira
1805:                ls$residencia/cavaleiros
1806:                rel$sociabilidade/baptizou em necessidade/joao/1723-76-joao
1807: 
1808:       bap$b1723.77/13/10/1723/fol.56v/local__igreja de sao tiago/celebrante__manuel rodrigues
1809: 
1810: bap$b1723.77
1810:          n$joao/m/id=1723-b77-joao
1811: 
1812:             pn$domingos francisco/id=b1723.77-per1
1813:                ls$naturalidade/casa velha
1814:                ls$residencia/casal novo
1815: 
1816:             mn$maria cardosa/id=b1723.77-per2
1817:                ls$naturalidade/casal novo
1818: 
1819:             pad$joao marques/id=1723-b77-marques
1820:                ls$profissao/padre
1821:                ls$residencia/soure
1822: 
1823:             mad$maria/id=b1723.77-per3
1824:                ls$ec/solteira
1825:                ls$residencia/soure
1826:                rel$parentesco/irma/joao marques/1723-b77-marques
1827: 
1828:                pmad$jose marques/id=b1723.77-per4
1829:                   ls$residencia/soure
1830: 
1831:             referido$joao da costa/id=b1723.77-per5
1832:                ls$profissao/padre
1833:                ls$residencia/casal novo
1834:                rel$sociabilidade/baptizou em necessidade/joao/1723-b77-joao
1835: 
1836:       bap$b1723.78/13/10/1723/fol.56-56v/local__igreja de sao tiago/celebrante__manuel rodrigues
1837: 
1838: bap$b1723.78
1838:          n$manuel/m/id=b1723.78-per1
1839: 
1840:             pn$manuel rodrigues/id=b1723.78-per2
1841:                ls$naturalidade/quinta da cruz
1842:                ls$residencia/portela
1843: 
1844:             mn$maria antunes/id=b1723.78-per3
1845:                ls$naturalidade/portela
1846: 
1847:             pad$xavier/id=b1723.78-per4
1848:                ls$profissao/religioso
1849:                ls$ordem/sao bernardo
1850: 
1851:                ppad$manuel soares coelho/id=b1723.78-per5
1852:                   ls$residencia/soure
1853: 
1854:             mad$joana baptista/id=b1723.78-per6
1855:                ls$residencia/quinta de baixo
1856: 
1857:                mrmad$manuel rodrigues galhufo/id=b1723.78-per7
1858:                   ls$profissao/caseiro
1859:                   ls$residencia/quinta de baixo/obs=propriedade de rodrigo homem de quadros
1860: 
1861:       bap$b1723.79/18/10/1723/fol.56v/local__igreja de sao tiago/celebrante__manuel rodrigues
1862: 
1863: bap$b1723.79
1863:          n$maria/f/id=b1723.79-per1
1864: 
1865:             pn$manuel rodrigues nobre/id=b1723.79-per2
1866:                ls$naturalidade/soure
1867:                ls$residencia/soure
1868: 
1869:             mn$francisca martins/id=b1723.79-per3
1870:                ls$naturalidade/formigal
1871:                ls$freguesia/vinha da rainha
1872: 
1873:             pad$antonio joao/id=b1723.79-per4
1874:                ls$residencia/fonte da bica
1875: 
1876:             mad$maria/id=b1723.79-per5
1877:                ls$residencia/vale da borra
1878: 
1879:                pmad$manuel fernandes/id=b1723.79-per6
1880:                   ls$residencia/vale da borra
1881: 
1882:       bap$b1723.80/21/10/1723/fol.56v-57/local__igreja de sao tiago/celebrante__manuel rodrigues alvaro
1883: 
1884: bap$b1723.80
1884:          n$maria/f/id=b1723.80-per1
1885: 
1886:             pn$manuel ramos/id=b1723.80-per2
1887:                ls$naturalidade/cartaxo
1888:                ls$freguesia/ega
1889:                ls$residencia/alencarce de cima
1890: 
1891:             mn$maria rodrigues/id=b1723.80-per3
1892:                ls$naturalidade/alencarce de cima
1893: 
1894:             pad$joao mateus/id=b1723.80-per4
1895:                ls$residencia/alencarce de cima
1896: 
1897:             mad$isabel/id=b1723.80-per5
1898:                ls$ec/solteira
1899:                ls$residencia/alencarce de cima
1900: 
1901:                mmad$isabel rodrigues/id=b1723.80-per6
1902:                   ls$residencia/alencarce de cima
1903:                   ls$morta/antes
1904: 
1905:       bap$b1723.81/24/10/1723/fol.57/local__igreja de sao tiago/celebrante__manuel rodrigues alvaro
1906: 
1907: bap$b1723.81
1907:          n$manuel/m/id=b1723.81-per1
1908: 
1909:             pn$antonio madeira/id=b1723.81-per2
1910:                ls$residencia/alencarce de cima
1911: 
1912:             mn$mariana goncalves/id=b1723.81-per3
1913: 
1914:             pad$luis madeira/id=b1723.81-per4
1915:                ls$residencia/alencarce de cima
1916: 
1917:             mad$maria/id=b1723.81-per5
1918:                ls$ec/solteira
1919:                ls$residencia/alencarce de cima
1920: 
1921:                pmad$jose rodrigues/id=b1723.81-per6
1922:                   ls$residencia/alencarce de cima
1923: 
1924:       bap$b1723.82/1/11/1723/fol.57/local__igreja de sao tiago/celebrante__manuel rodrigues
1925: 
1926: bap$b1723.82
1926:          n$manuel/m/id=b1723.82-per1
1927: 
1928:             pn$luis cardoso/id=b1723.82-per2
1929:                ls$naturalidade/casal novo
1930:                ls$residencia/migalho
1931: 
1932:             mn$josefa duarte/id=b1723.82-per3
1933:                ls$naturalidade/migalho
1934: 
1935:             pad$domingos cardoso/id=b1723.82-per4
1936:                ls$residencia/migalho
1937: 
1938:             mad$maria duarte/id=b1723.82-per5
1939:                ls$residencia/vala
1940:                ls$freguesia/gesteira
1941: 
1942:                mrmad$manuel francisco/id=b1723.82-per6
1943:                   ls$residencia/vala gesteira
1944: 
1945:       bap$b1723.83/6/11/1723/fol.57/local__igreja de sao tiago/celebrante__manuel rodrigues
1946: 
1947: bap$b1723.83
1947:          n$antonia/f/id=b1723.83-per1
1948: 
1949:             pn$jose mateus/id=b1723.83-per2
1950:                ls$naturalidade/paleao
1951:                ls$residencia/paleao
1952: 
1953:             mn$madalena duarte/id=b1723.83-per3
1954:                ls$naturalidade/migalho
1955: 
1956:             pad$jose soares/id=1723-b83-jose
1957:                ls$residencia/paleao
1958: 
1959:             mad$antonia/id=b1723.83-per4
1960:                ls$ec/solteira
1961:                ls$residencia/paleao
1962:                rel$parentesco/irma/jose soares/1723-b83-jose
1963: 
1964:       bap$b1723.84/8/11/1723/fol.57v/local__igreja de sao tiago/celebrante__frei manuel duarte/obs=assina frei manuel duarte
1965: 
1966: bap$b1723.84
1966:          n$maria/f/id=b1723.84-per1
1967: 
1968:             pn$manuel rodrigues/id=b1723.84-per2
1969:                ls$naturalidade/cavaleiros
1970: 
1971:             mn$maria rodrigues/id=b1723.84-per3
1972:                ls$naturalidade/lagem
1973: 
1974:             pad$pedro homem de quadros/id=b1723.84-per4
1975:                ls$residencia/soure
1976: 
1977:             mad$maria josefa/id=b1723.84-per5
1978:                ls$ec/solteira
1979:                ls$residencia/pelariga
1980: 
1981:                pmad$manuel goncalves/id=b1723.84-per6
1982:                   ls$residencia/pelariga
1983: 
1984:       bap$b1723.85/14/12/1723/fol.57v/local__igreja de soa tiago/celebrante__frei manuel duarte/obs=assina manuel duarte
1985: 
1986: bap$b1723.85
1986:          n$maria/f/id=b1723.85-per1
1987: 
1988:             pn$manuel pedroso/id=b1723.85-per2
1989:                ls$naturalidade/casa velha
1990: 
1991:             mn$maria luis/id=b1723.85-per3
1992:                ls$naturalidade/casa velha
1993: 
1994:             pad$manueljorge/id=b1723.85-per4
1995:                ls$alcunha/o moco
1996:                ls$residencia/casa velha
1997: 
1998:             mad$maria lopes/id=b1723.85-per5
1999:                ls$ec/solteira
2000:                ls$residencia/casa velha
2001: 
2002:                pmad$manuel lopes/id=b1723.85-per6
2003:                   ls$residencia/casa velha
2004: 
2005:       bap$b1723.86/15/11/1723/fol.57v/local__igreja de soa tiago/celebrante__frei manuel duarte/obs=assina manuel duarte
2006: 
2007: bap$b1723.86
2007:          n$maria/f/id=b1723.86-per1
2008: 
2009:             pn$manuel goncalves/id=b1723.86-per2
2010:                ls$alcunha/o moco
2011:                ls$naturalidade/olho marinho
2012:                ls$residencia/soure
2013: 
2014:             mn$pelonia rodrigues/id=b1723.86-per3
2015:                ls$naturalidade/cabeca da carvalha
2016:                ls$freguesia/vinha da rainha
2017: 
2018:             pad$joao pinheiro/id=b1723.86-per4
2019:                ls$residencia/soure
2020: 
2021:             mad$josefa maria/id=b1723.86-per5
2022:                ls$residencia/soure
2023: 
2024:                mrmad$manuel alves da silva/id=b1723.86-per6
2025:                   ls$residencia/soure
2026: 
2027:       bap$b1723.87/21/11/1723/fol.57v-58/local__igreja de sao tiago/celebrante__manuel rodrigues
2028: 
2029: bap$b1723.87
2029:          n$jacinta/f/id=b1723.87-per1
2030: 
2031:             pn$sebastiao marques/id=b1723.87-per2
2032:                ls$naturalidade/sao martinho de arvore
2033:                ls$residencia/fatacos
2034: 
2035:             mn$maria ferreira/id=b1723.87-per3
2036:                ls$naturalidade/fatacos
2037: 
2038:             pad$jacinto da costa e vasconcelos/id=b1723.87-per4
2039:                ls$titulo/doutor
2040:                ls$residencia/soure
2041: 
2042:             mad$francisca ferreira/id=b1723.87-per5
2043:                ls$residencia/fatacos
2044: 
2045:                mrmad$jose rodrigues/id=b1723.87-per6
2046:                   ls$profissao/cacador
2047:                   ls$residencia/fatacos
2048: 
2049:       bap$b1723.88/21/11/1723/fol__58/local__igreja de sao tiago/celebrante__manuel rodrigues
2050: 
2051: bap$b1723.88
2051:          n$isabel/f/id=b1723.88-per1
2052: 
2053:             pn$antonio marques/id=b1723.88-per2
2054:                ls$naturalidade/redinha
2055:                ls$profissao/barbeiro
2056:                ls$residencia/barrosos
2057: 
2058:             mn$maria rodrigues/id=b1723.88-per3
2059:                ls$naturalidade/barrosos
2060: 
2061:             pad$manuel goncalves branco/id=b1723.88-per4
2062:                ls$alcunha/o velho
2063:                ls$residencia/mogadouro
2064: 
2065:             mad$maria goncalves/id=b1723.88-per5
2066:                ls$residencia/mogadouro
2067: 
2068:                mrmad$mateus carvalho/id=b1723.88-per6
2069:                   ls$residencia/mogadouro
2070: 
2071:       bap$b1723.89/21/11/1723/fol.58/local__igreja de sao tiago/celebrante__manuel rodrigues
2072: 
2073: bap$b1723.89
2073:          n$rosa maria/f/id=b1723.89-per1
2074: 
2075:             pn$simao pereira/id=b1723.89-per2
2076:                ls$naturalidade/pombal
2077:                ls$residencia/vale de galegos
2078: 
2079:             mn$mariana francisca/id=b1723.89-per3
2080:                ls$naturalidade/vale de galegos
2081: 
2082:             pad$manuel goncalves calado/id=b1723.89-per4
2083:                ls$ec/solteiro
2084:                ls$residencia/casalinhos
2085: 
2086:             mad$maria duarte/id=b1723.89-per5
2087:                ls$ec/solteira
2088:                ls$residencia/casalinhos
2089: 
2090:       bap$b1723.90/24/11/1723/fol.58-58v/local__igreja de sao tiago/celebrante__manuel rodrigues alvaro
2091: 
2092: bap$b1723.90
2092:          n$manuel/m/id=b1723.90-per1
2093: 
2094:             pn$manuel gomes/id=b1723.90-per2
2095:                ls$naturalidade/casa velha
2096:                ls$residencia/casa velha
2097: 
2098:             mn$mariana da conceicao/id=b1723.90-per3
2099:                ls$naturalidade/lousoes
2100: 
2101:             pad$jose cardoso/id=b1723.90-per4
2102:                ls$ec/viuvo
2103: 
2104:             mad$maria pedrosa/id=b1723.90-per5
2105:                ls$residencia/casa velha
2106: 
2107:                mrmad$joao mateus/id=b1723.90-per6
2108:                   ls$residencia/casa velha
2109: 
2110:       bap$b1723.91/13/12/1723/fol.58v/local__igreja de sao tiago/celebrante__manuel rodrigues alvaro
2111: 
2112: bap$b1723.91
2112:          n$manuel/m/id=b1723.91-per1
2113: 
2114:             pn$manuel goncalves/id=b1723.91-per2
2115:                ls$naturalidade/bechos
2116:                ls$residencia/casal da cabeca gorda
2117: 
2118:             mn$catarina madeira/id=b1723.91-per3
2119:                ls$naturalidade/casal da cabeca gorda
2120: 
2121:             pad$manuel jorge/id=b1723.91-per4
2122:                ls$residencia/casal da cabeca gorda
2123: 
2124:             mad$maria/id=b1723.91-per5
2125:                ls$ec/solteira
2126:                ls$residencia/casal dos bechos
2127: 
2128:                pmad$domingos goncalves/id=b1723.91-per6
2129:                   ls$residencia/casal dos bechos
2130: 
2131:       bap$b1723.92/13/12/1723/fol.58v-59/local___igreja de sao tiago/celebrante___ padre jose rodrigues da pza
2132: 
2133: bap$b1723.92
2133:          n$silvestre/m/id=1723-b92-silvestre
2134:             ls$enjeitado/sim/obs=com um escrito que dizia ser baptizado com um nome diferente
2135: 
2136:             pn$nome desconhecido/id=b1723.92-per1
2137: 
2138:             mn$nome desconhecido/id=b1723.92-per2
2139: 
2140:             pad$manuel goncalves vargas/id=b1723.92-per3
2141:                ls$residencia/soure
2142: 
2143:             mad$teresa/id=b1723.92-per4
2144:                ls$ec/solteira
2145:                ls$residencia/soure
2146: 
2147:                pmad$jose de barros/id=b1723.92-per5
2148:                   ls$residencia/soure
2149: 
2150:             referida$nome desconhecido/id=1723-b92-ama
2151:                ls$residencia/soure
2152:                rel$sociabilidade/ama/silvestre/1723-b92-silvestre
2153: 
2154:             referido$ventura gomes/id=b1723.92-per6
2155:                ls$residencia/soure
2156:                rel$parentesco/marido/nome desconhecido/1723-b92-ama
2157: 
2158:             referido$domingos lopes/obs=exposta a sua porta/id=b1723.92-per7
2159:                ls$residencia/casa velha
2160: 
2161:       bap$b1723.93/13/12/1723/fol.59/local__igreja de sao tiago/celebrante__padre jose rodrigues da paz
2162: 
2163: bap$b1723.93
2163:          n$vitoria/f/id=b1723.93-per1
2164: 
2165:             pn$manuel rodrigues duqueso/id=b1723.93-per2
2166:                ls$naturalidade/soure
2167:                ls$residencia/soure
2168: 
2169:             mn$vitoria da cruz/id=b1723.93-per3
2170:                ls$naturalidade/tavarede
2171: 
2172:             pad$manuel rodrigues descalco/id=b1723.93-per4
2173:                ls$residencia/soure
2174: 
2175:             mad$maria de faria/id=b1723.93-per5
2176:                ls$residencia/laranjeira
2177:                ls$freguesia/tapeus
2178: 
2179:                mrmad$antonio rodrigues da paz/id=b1723.93-per6
2180:                   ls$residencia/laranjeira
2181:                   ls$freguesia/tapeus
2182: *** End of File
** Processed file- /Users/jrc/mhk-home/sources/soure/soure-sources/sources/soure_fase2/bap1723.cli
** Original file- /Users/jrc/mhk-home/sources/soure/soure-sources/sources/soure_fase2/bap1723.org
** Previous version- /Users/jrc/mhk-home/sources/soure/soure-sources/sources/soure_fase2/bap1723.old
** Temp file with ids- /Users/jrc/mhk-home/sources/soure/soure-sources/sources/soure_fase2/bap1723.ids
0  errors. 
0  warnings.
Translation finished.
