ClioInput - version @@VERSION@@ - build @@BUILD@@ @@DATE@@
13-6-2019 22-50

Processing data file bap1726.cli
-------------------------------------------
Generic Act translation module with geoentities (XML).
     Joaquim Ramos de Carvalho (joaquim@uc.pt) 
** New document: kleio
1: kleio$gacto2.str
=========================
kleio translation started
=========================
Structure: gacto2.str
Prefix: 
Autorel: 
Translation count: 
Obs: 
Translation count not set or invalid, counting as zero: 
2:    fonte$baptizados 1726/1726/paroquiais/auc/obs=em muito mau estado
3: 
** Processing source fonte$baptizados 1726
4:       bap$b1726.01/3/1/1726/fol.95v/igreja de sao tiago/vigario manuel rodrigues
5: 
6: bap$b1726.01
6:          n$luis/m/id=b1726.01-per1
7: 
8:          pn$jose soares/id=b1726.01-per2
9:             ls$naturalidade/paleao
10:             ls$residencia/paleao
11: 
12:          mn$ana maria/id=b1726.01-per3
13:             ls$naturalidade/casal dos feijoes
14: 
15:          pad$manuel soares galhardo/id=1726-b01-manuel
16:             ls$profissao/padre
17: 
18:          mad$antonia soares/id=b1726.01-per4
19:             ls$ec/solteira
20:             ls$residencia/paleao
21: 
22:          referido$luis soares galvao/id=b1726.01-per5
23:             ls$residencia/soure
24:             rel$parentesco/irmao/manuel soares galhardo/1726-b01-manuel
25:             rel$sociabilidade/procurador/manuel soares galhardo/1726-b01-manuel
26: 
27:       bap$b1726.2/7/1/1726/fol.95v-96/igreja de sao tiago/vigario manuel rodrigues
28: 
29: bap$b1726.2
29:          n$josefa/f/id=1726-b2-josefa
30: 
31:          pn$antonio de oliveira/id=b1726.2-per1
32:             ls$naturalidade/corcozes
33:             ls$residencia/corujeira
34: 
35:          mn$antonia gomes/id=b1726.2-per2
36:             ls$naturalidade/corujeira
37: 
38:          pad$jose de oliveira/id=b1726.2-per3
39:             ls$ec/solteiro
40:             ls$residencia/casal das pardalas
41: 
42:          mad$caetana de oliveira/id=b1726.2-per4
43:             ls$ec/solteira
44:             ls$residencia/crocozes
45: 
46:          referido$francisco jordao da silva/id=b1726.2-per5
47:             ls$profissao/padre
48:             ls$cargo/beneficiado
49:             ls$residencia/soure
50:             rel$sociabilidade/baptizou em necessidade/josefa/1726-b2-josefa
51: 
52:       bap$b1726.3/13/1/1726/fol.96/igreja de sao tiago/vigario manuel rodrigues
53: 
54: bap$b1726.3
54:          n$jose/m/id=b1726.3-per1
55: 
56:          pn$antonio pereira/id=b1726.3-per2
57:             ls$naturalidade/casal das brancas
58:             ls$residencia/casal das brancas
59: 
60:          mn$catarina simoes/id=b1726.3-per3
61:             ls$naturalidade/cavaleiros
62: 
63:          pad$jose/id=1726-b3-jose
64:             ls$ec/solteiro
65:             ls$residencia/cavaleiros
66: 
67:          mad$josefa/id=b1726.3-per4
68:             ls$ec/solteira
69:             ls$residencia/cavaleiros
70:             rel$parentesco/irma/jose/1726-b3-jose
71: 
72:          pmad$francisco simoes/id=b1726.3-per5
73:             ls$residencia/cavaleiros
74:             rel$parentesco/pai/jose/1726-b3-jose
75: 
76:       bap$b1726.4/20/1/1726/fol.96/igreja de sao tiago/vigario manuel rodrigues
77: 
78: bap$b1726.4
78:          n$domingos/m/id=b1726.4-per1
79: 
80:          pn$manuel antunes/id=b1726.4-per2
81:             ls$naturalidade/presa
82:             ls$residencia/presa
83: 
84:          mn$catarina rodrigues/id=b1726.4-per3
85:             ls$naturalidade/presa
86: 
87:          pad$domingos/id=1726-b4-domingos
88:             ls$ec/solteiro
89:             ls$residencia/presa
90: 
91:          mad$maria/id=b1726.4-per4
92:             ls$ec/solteira
93:             ls$residencia/casal simeiro
94:             ls$freguesia/tapeus
95: 
96:          pmad$maria gomes/id=b1726.4-per5
97:             ls$ec/viuva
98:             ls$residencia/casal simeiro
99:             ls$freguesia/tapeus
100: 
101:          referida$maria rodrigues/id=b1726.4-per6
102:             ls$ec/viuva
103:             ls$residencia/presa
104:             rel$parentesco/mae/domingos/1726-b4-domingos
105: 
106:       bap$b1726.5/21/1/1726/fol.96-96v/igreja de sao tiago/vigario manuel rodrigues
107: 
108: bap$b1726.5
108:          n$manuel/m/id=b1726.5-per1
109: 
110:          pn$manuel joao/id=b1726.5-per2
111:             ls$naturalidade/casconho
112:             ls$residencia/casconho
113: 
114:          mn$felipa rodrigues/id=b1726.5-per3
115:             ls$naturalidade/carvalhal
116:             ls$freguesia/tapeus
117: 
118:          pad$luis domingues/id=b1726.5-per4
119:             ls$residencia/moinho da figueirinha
120:             ls$freguesia/redinha
121: 
122:          mad$mariana martins/id=b1726.5-per5
123: 
124:          mrmad$rafael dias/id=b1726.5-per6
125:             ls$residencia/carvalhal
126:             ls$freguesia/tapeus
127: 
128:       bap$b1726.6/21/1/1726/fol.96v/igreja de sao tiago/vigario manuel rodrigues
129: 
130: bap$b1726.6
130:          n$ines/f/id=1726-b6-ines
131:             ls$enjeitada/sim/obs=a porta de lucas da silva no leonel
132: 
133:          pn$nome desconhecido/id=b1726.6-per1
134: 
135:          mn$nome desconhecido/id=b1726.6-per2
136: 
137:          pad$luis ribeiro cabral/id=1726-b6-luis
138:             ls$profissao/padre
139:             ls$residencia/soure
140: 
141:          mad$ana de almeida/id=b1726.6-per3
142:             ls$residencia/soure
143:             rel$parentesco/irma/luis ribeiro cabral/1726-b6-luis
144: 
145:          referida$teresa figueireda/id=b1726.6-per4
146:             rel$sociabilidade/ama/ines/1726-b6-ines
147: 
148:       bap$b1726.7/23/1/1726/fol.96v/igreja de sao tiago/padre joao de deus
149: 
150: bap$b1726.7
150:          n$teresa/f/id=1726-b6-teresa
151: 
152:          pn$vicente mendes/id=b1726.7-per1
153:             ls$naturalidade/pinheiro
154:             ls$residencia/soure
155: 
156:          mn$luzia da rosa/id=b1726.7-per2
157:             ls$naturalidade/povoa/obs=arcebispado de lisboa
158: 
159:          pad$joao gaspar/id=b1726.7-per3
160:             ls$residencia/paleao
161: 
162:          mad$teresa/id=b1726.7-per4
163:             ls$ec/solteira
164:             ls$residencia/porto panelas
165: 
166:          mmad$maria rodrigues/id=b1726.7-per5
167:             ls$ec/viuva
168:             ls$residencia/porto panelas
169: 
170:          referido$joao de deus/id=b1726.7-per6
171:             ls$profissao/padre
172:             ls$residencia/soure
173:             rel$sociabilidade/baptizou em necessidade/teresa/1726-b6-teresa
174: 
175:       bap$b1726.8/26/1/1726/fol.96v-97/igreja de sao tiago/vigario manuel rodrigues
176: 
177: bap$b1726.8
177:          n$helena/f/id=b1726.8-per1
178: 
179:          pn$joao gomes da cruz/id=b1726.8-per2
180:             ls$naturalidade/paleao
181:             ls$residencia/paleao
182: 
183:          mn$cecilia afonso/id=b1726.8-per3
184:             ls$naturalidade/paleao
185: 
186:          pad$antonio/id=1726-b8-antonio
187:             ls$ec/solteiro
188:             ls$residencia/paleao
189: 
190:          mad$helena/id=b1726.8-per4
191:             ls$ec/solteira
192:             ls$residencia/paleao
193:             rel$parentesco/irma/antonio/1726-b8-antonio
194: 
195:          pmad$antonio soares/id=b1726.8-per5
196:             ls$residencia/paleao
197:             rel$parentesco/pai/antonio/1726-b8-antonio
198: 
199:       bap$b1726.9/26/1/1726/fol.97/igreja de sao tiago/prior luis manhos de abreu
200: 
201: bap$b1726.9
201:          n$isabel/f/id=b1726.9-per1
202: 
203:          pn$luis barbosa canais/id=b1726.9-per2
204:             ls$naturalidade/soure
205:             ls$residencia/soure
206: 
207:          mn$iria jacques/id=b1726.9-per3
208:             ls$titulo/dona
209:             ls$naturalidade/soure
210: 
211:          pad$pedro de melo ataide/id=1726-b9-pedro
212:             ls$residencia/lisboa
213: 
214:          mad$isabel caetana de meneses/id=1726-b9-isabel
215:             ls$residencia/lisboa
216:             rel$parentesco/mulher/pedro de melo ataide/1726-b9-pedro
217: 
218:          referido$luis de seabra jacques/id=b1726.9-per4
219:             ls$residencia/soure
220:             rel$sociabilidade/procurador/isabel caetana de meneses/1726-b9-isabel
221: 
222:          referido$ferreira canais/id=b1726.9-per5
223:             ls$residencia/figueiro do campo
224:             rel$sociabilidade/procurador/pedro de melo ataide/1726-b9-pedro
225: 
226:       bap$b1726.10/27/1/1726/fol.97/igreja de sao tiago/padre jose rodrigues da paz
227: 
228: bap$b1726.10
228:          n$maria/f/id=b1726.10-per1
229: 
230:          pn$manuel de almeida/id=b1726.10-per2
231:             ls$naturalidade/paleao
232:             ls$residencia/paleao
233: 
234:          mn$ana gomes/id=b1726.10-per3
235:             ls$naturalidade/paleao
236: 
237:          pad$manuel rodrigues branco/id=b1726.10-per4
238:             ls$residencia/paleao
239: 
240:          mad$isabel/id=b1726.10-per5
241:             ls$ec/solteira
242:             ls$residencia/paleao
243: 
244:          pmad$simao afonso/id=b1726.10-per6
245:             ls$residencia/paleao
246: 
247:       bap$b1726.11/27/1/1726/fol.97v/igreja de sao tiago/padre jose rodrigues da paz
248: 
249: bap$b1726.11
249:          n$maria/f/id=b1726.11-per1
250: 
251:          pn$mateus domingues/id=b1726.11-per2
252:             ls$naturalidade/oureca
253:             ls$residencia/oureca
254: 
255:          mn$maria antunes/id=b1726.11-per3
256:             ls$naturalidade/cascao
257: 
258:          pad$joao ramos/id=b1726.11-per4
259:             ls$residencia/alencarce de cima
260: 
261:          mad$margarida goncalves/id=b1726.11-per5
262:             ls$ec/viuva
263:             ls$residencia/cascao
264: 
265:       bap$b1726.12/4/2/1726/fol.97v/igreja de sao tiago/padre gabriel colaco de morais
266: 
267: bap$b1726.12
267:          n$bernardo/m/id=b1726.12-per1
268: 
269:          pn$joao de sequeira coelho/id=1726-b12-joao
270:             ls$naturalidade/soure
271:             ls$residencia/soure
272: 
273:          mn$leonarda maria pessoa/id=b1726.12-per2
274:             ls$naturalidade/soure
275: 
276:          pad$jose da costa branco/id=b1726.12-per3
277:             ls$profissao/padre
278:             ls$titulo/frei
279:             ls$ordem/sao bernardo
280:             rel$parentesco/irmao/joao de sequeira coelho/1726-b12-joao
281: 
282:          mad$cecilia mauricia do sacramento/id=1726-b12-cecilia
283: 
284:          referido$diogo ramires alemao/id=b1726.12-per4
285:             ls$residencia/leiria
286:             rel$sociabilidade/procurador/cecilia mauricia do sacramento/1726-b12-cecilia
287: 
288:          referido$gabriel colaco de moraos/id=b1726.12-per5
289:             ls$profissao/padre
290:             ls$residencia/espirito santo
291:             rel$parentesco/irmao/cecilia mauricia do sacramento/1726-b12-cecilia
292: 
293:       bap$b1726.13/10/2/1726/fol.97v/igreja de sao tiago/padre francisco jordao da silva
294: 
295: bap$b1726.13
295:          n$jacinta/f/id=b1726.13-per1
296:             ls$ilegitima/sim
297: 
298:          mn$isabel/id=b1726.13-per2
299:             ls$ec/solteira
300:             ls$alcunha/a amara
301:             ls$naturalidade/paleao
302:             ls$residencia/paleao
303: 
304:          pmn$antonio pereira/id=b1726.13-per3
305:             ls$ec/solteiro
306:             ls$residencia/paleao
307: 
308:          pad$francisco jordao da silva/id=b1726.13-per4
309:             ls$profissao/padre
310:             ls$residencia/soure
311: 
312:          mad$isabel pereira/id=b1726.13-per5
313: 
314:          pmad$constantino marques/id=b1726.13-per6
315:             ls$residencia/paleao
316: 
317:       bap$b1726.14/17/2/1726/fol.98/igreja de sao tiago/vigario manuel rodrigues
318: 
319: bap$b1726.14
319:          n$joao/m/id=1726-b14-joao
320: 
321:          pn$mateus francisco/id=b1726.14-per1
322:             ls$naturalidade/casal do rego
323:             ls$freguesia/figueiro do campo
324:             ls$residencia/espirito santo
325: 
326:          mn$maria dos santos/id=b1726.14-per2
327:             ls$naturalidade/espirito santo
328: 
329:          pad$joao colaco/id=b1726.14-per3
330:             ls$ec/solteiro
331:             ls$residencia/espirito santo
332: 
333:          mad$antonia/id=b1726.14-per4
334:             ls$ec/solteira
335:             ls$residencia/casal do redinho
336:             ls$freguesia/alfarelos
337: 
338:          pmad$francisco ramos/id=b1726.14-per5
339:             ls$residencia/casal do redinho
340:             ls$freguesia/alfarelos
341: 
342:          referido$domingos goncalves/id=b1726.14-per6
343:             ls$profissao/padre
344:             ls$residencia/espirito santo
345:             rel$sociabilidade/baptizou em necessidade/joao/1726-b14-joao
346: 
347:       bap$b1726.15/17/2/1726/fol.98/igreja de sao tiago/vigario manuel rodrigues
348: 
349: bap$b1726.15
349:          n$maria/f/id=b1726.15-per1
350: 
351:          pn$joao francisco/id=b1726.15-per2
352:             ls$naturalidade/barril
353:             ls$residencia/barril
354: 
355:          mn$maria gomes/id=b1726.15-per3
356:             ls$naturalidade/lumiar
357: 
358:          pad$manuel francisco/id=1726-b15-manuel
359:             ls$profissao/soldado
360:             ls$ec/solteiro
361:             ls$residencia/barril
362: 
363:          mad$isabel/id=b1726.15-per4
364:             ls$ec/solteira
365:             ls$residencia/barril
366: 
367:          referido$joao francisco/id=b1726.15-per5
368:             ls$residencia/barril
369:             rel$parentesco/pai/manuel francisco/1726-b15-manuel
370:             rel$sociabilidade/procurador/manuel francisco/1726-b15-manuel
371: 
372:       bap$b1726.16/17/2/1726/fol.98/igreja de sao tiago/vigario manuel rodrigues
373: 
374: bap$b1726.16
374:          n$teresa/f/id=1726-b16-teresa
375:             ls$enjeitada/sim/obs=a porta de antonio mateus ferreiro em soure
376: 
377:          pn$nome desconhecido/id=b1726.16-per1
378: 
379:          mn$nome desconhecido/id=b1726.16-per2
380: 
381:          pad$manuel goncalves/id=b1726.16-per3
382:             ls$residencia/espirito santo
383: 
384:          mad$teresa/id=b1726.16-per4
385:             ls$residencia/simoes
386: 
387:          pmad$manuel joao garriapa/id=b1726.16-per5
388:             ls$residencia/simoes
389: 
390:          referido$mateus ferreira/obs=cuja mulher cria teresa/id=b1726.16-per6
391:             ls$profissao/ferreiro
392:             ls$residencia/soure
393: 
394:       bap$b1726.17/18/2/1726/fol.98-98v/igreja de sao tiago/vigario manuel rodrigues
395: 
396: bap$b1726.17
396:          n$rosa maria/f/id=b1726.17-per1
397: 
398:          pn$joao rodrigues/id=b1726.17-per2
399:             ls$naturalidade/sobral
400:             ls$residencia/sobral
401: 
402:          mn$maria rodrigues/id=b1726.17-per3
403:             ls$naturalidade/sobral
404: 
405:          pad$jose rodrigues/id=b1726.17-per4
406:             ls$residencia/sobral
407: 
408:          mad$rosa maria/id=b1726.17-per5
409:             ls$residencia/sobral
410: 
411:          pmad$joao rodrigues/id=b1726.17-per6
412:             ls$residencia/sobral
413: 
414:       bap$b1726.18/20/2/1726/fol.98v/igreja de sao tiago/padre manuel rodrigues alvaro
415: 
416: bap$b1726.18
416:          n$antonia/f/id=1726-b18-antonia
417:             rel$parentesco/neta/francisco lopes/1726-b18-francisco
418: 
419:          pn$joao rodrigues/id=b1726.18-per1
420:             ls$naturalidade/oureca
421:             ls$residencia/pinheiro
422: 
423:          mn$leonarda lopes/id=b1726.18-per2
424:             ls$naturalidade/pinheiro
425: 
426:          pad$francisco lopes/id=1726-b18-francisco
427:             ls$residencia/pinheiro
428:             rel$sociabilidade/baptizou em necessidade/antonia/1726-b18-antonia
429: 
430:          mad$antonia/id=b1726.18-per3
431:             ls$ec/solteira
432:             ls$residencia/pinheiro
433:             rel$parentesco/filha/francisco lopes/1726-b18-francisco
434: 
435:       bap$b1726.19/24/2/1726/fol.98v/igreja de sao tiago/vigario manuel rodrigues
436: 
437: bap$b1726.19
437:          n$manuel/m/id=1726-b19-manuel
438: 
439:          pn$antonio goncalves/id=b1726.19-per1
440:             ls$naturalidade/lousoes
441:             ls$residencia/casal das brancas
442: 
443:          mn$jacinta rodrigues/id=b1726.19-per2
444:             ls$naturalidade/casal das brancas
445: 
446:          pad$luis goncalves/id=b1726.19-per3
447:             ls$residencia/casal das brancas
448:             rel$sociabilidade/baptizou em necessidade/manuel/1726-b19-manuel
449: 
450:          mad$maria da gante/id=b1726.19-per4
451: 
452:          mrmad$manuel vaz/id=b1726.19-per5
453:             ls$residencia/casal das brancas
454: 
455:       bap$b1726.20/24/2/1726/fol.98v/igreja de sao tiago/vigario manuel rodrigues
456: 
457: bap$b1726.20
457:          n$manuel/m/id=1726-b20-manuel
458:             ls$enjeitado/sim/obs=exposto a porta de francisco rodrigues dos guerras
459: 
460:          pn$nome desconhecido/id=b1726.20-per1
461: 
462:          mn$nome desconhecido/id=b1726.20-per2
463: 
464:          pad$paulo antonio/id=b1726.20-per3
465:             ls$residencia/casal das brancas
466: 
467:          mad$maria/id=1726-b20-maria
468:             ls$ec/solteira
469:             ls$residencia/soure
470: 
471:          mmad$mariana mendes/id=1726-b20-mariana
472:             ls$residencia/soure
473:             rel$sociabilidade/ama/manuel/1726-b20-manuel
474: 
475:          pmad$luis da silva/id=b1726.20-per4
476:             ls$residencia/soure
477:             rel$parentesco/marido/mariana mendes/1726-b20-mariana
478: 
479:       bap$b1726.21/3/3/1726/fol.99/igreja de sao tiago/vigario manuel rodrigues
480: 
481: bap$b1726.21
481:          n$maria/f/id=1726-b21-maria
482: 
483:          pn$manuel rodrigues/id=b1726.21-per1
484:             ls$naturalidade/rolhao
485:             ls$residencia/paleao
486: 
487:          mn$rosa maria/id=b1726.21-per2
488:             ls$naturalidade/paleao
489: 
490:          pad$jose rodrigues/id=b1726.21-per3
491:             ls$profissao/padre
492:             ls$residencia/paleao
493: 
494:          mad$maria/id=b1726.21-per4
495:             ls$ec/solteira
496:             ls$residencia/paleao
497: 
498:          mmad$maria rodrigues marinheira/id=b1726.21-per5
499:             ls$residencia/paleao
500: 
501:       bap$b1726.22/5/3/1726/fol.99/igreja de sao tiago/vigario manuel rodrigues
502: 
503: bap$b1726.22
503:          n$maria/f/id=b1726.22-per1
504:             ls$ilegitima/sim
505: 
506:          mn$maria/id=b1726.22-per2
507:             ls$ec/solteira
508:             ls$residencia/paleao
509: 
510:          pmn$simao gomes/id=b1726.22-per3
511:             ls$residencia/paleao
512: 
513:          pad$jose rodrigues/id=1726-b22-jose
514:             ls$profissao/padre
515:             ls$residencia/paleao
516: 
517:          mad$maria/id=b1726.22-per4
518:             ls$ec/solteira
519:             ls$residencia/paleao
520:             rel$parentesco/irma/jose rodrigues/1726-b22-jose
521: 
522:       bap$b1726.23/6/3/1726/fol.99/igreja de sao tiago/vigario manuel rodrigues
523: 
524: bap$b1726.23
524:          n$jacinta/f/id=b1726.23-per1
525: 
526:          pn$manuel gomes/id=b1726.23-per2
527:             ls$naturalidade/casa velha
528:             ls$residencia/casa velha
529: 
530:          mn$mariana da conceicao/id=b1726.23-per3
531:             ls$naturalidade/lousoes
532: 
533:          pad$jose simoes/id=b1726.23-per4
534:             ls$residencia/casa velha
535: 
536:          mad$maria pedrosa/id=b1726.23-per5
537: 
538:          mrmad$joao mateus/id=b1726.23-per6
539:             ls$residencia/casa velha
540: 
541:       bap$b1726.24/13/3/1726/fol.99-99v/igreja de sao tiago/vigario manuel rodrigues
542: 
543: bap$b1726.24
543:          n$jose/m/id=b1726.24-per1
544: 
545:          pn$lucas da silva/id=b1726.24-per2
546:             ls$naturalidade/leonel
547:             ls$residencia/leonel
548: 
549:          mn$rosa monteira/id=b1726.24-per3
550:             ls$naturalidade/soure
551: 
552:          pad$francisco homem de quadros/id=1726-b24-francisco
553:             ls$residencia/soure
554: 
555:          mad$josefa de azevedo/id=b1726.24-per4
556:             ls$residencia/soure
557: 
558:          referido$francisco marques/id=b1726.24-per5
559:             ls$profissao/padre
560:             ls$cargo/capelao
561:             ls$residencia/soure
562:             rel$sociabilidade/procurador/francisco homem de quadros/1726-b24-francisco
563: 
564:       bap$b1726.25/13/3/1726/fol.99v/igreja de sao tiago/vigario manuel rodrigues
565: 
566: bap$b1726.25
566:          n$isabel/f/id=b1726.25-per1
567: 
568:          pn$francisco gomes/id=b1726.25-per2
569:             ls$naturalidade/alencarce de cima
570:             ls$residencia/alencarce de cima
571: 
572:          mn$maria francisca/id=b1726.25-per3
573:             ls$naturalidade/alencarce de cima
574: 
575:          pad$joao de sequeira coelho/id=b1726.25-per4
576:             ls$cargo/juiz dos orfaos
577:             ls$residencia/soure
578: 
579:          mad$isabel/id=b1726.25-per5
580:             ls$ec/solteira
581:             ls$residencia/alencarce de cima
582: 
583:          pmad$domingos simoes/id=b1726.25-per6
584:             ls$residencia/alencarce de cima
585: 
586:       bap$b1726.26/19/3/1726/fol.99v/igreja de sao tiago/padre manuel duarte
587: 
588: bap$b1726.26
588:          n$jose/m/id=b1726.26-per1
589: 
590:          pn$joao martins/id=b1726.26-per2
591:             ls$naturalidade/cascao
592:             ls$residencia/cascao
593: 
594:          mn$felipa joao/id=b1726.26-per3
595:             ls$naturalidade/cartaxo
596:             ls$freguesia/ega
597: 
598:          pad$antonio simoes/id=b1726.26-per4
599:             ls$residencia/robalia
600:             ls$freguesia/ega
601: 
602:          mad$luisa/id=b1726.26-per5
603:             ls$ec/solteira
604:             ls$residencia/cascao
605: 
606:          mmad$ana rodrigues/id=b1726.26-per6
607:             ls$ec/viuva
608:             ls$residencia/cascao
609: 
610:       bap$b1726.27/20/3/1726/fol.99v-100/igreja de sao tiago/vigario manuel rodrigues
611: 
612: bap$b1726.27
612:          n$joao/m/id=b1726.27-per1
613: 
614:          pn$jacinto da costa/id=b1726.27-per2
615:             ls$titulo/doutor
616:             ls$naturalidade/soure
617:             ls$residencia/soure
618: 
619:          mn$alexandra antonia de almeida do amaral/id=b1726.27-per3
620:             ls$naturalidade/soure
621: 
622:          pad$geraldo pereira coutinho/id=1726-b27-geraldo
623:             ls$cargo/desembargador
624:             ls$profissao/professor universitario/obs=lente de vespera de leis
625:             ls$residencia/coimbra
626: 
627:          mad$luisa/id=1726-b27-luisa
628:             ls$titulo/dona
629:             ls$ec/solteira
630:             ls$residencia/soure
631: 
632:          pmad$joao da costa de vasconcelos/id=b1726.27-per4
633:             ls$residencia/soure
634:             rel$sociabilidade/procurador/geraldo pereira coutinho/1726-b27-geraldo
635: 
636:          referido$luis ribeiro cabral/id=b1726.27-per5
637:             ls$profissao/padre
638:             ls$residencia/soure
639:             rel$sociabilidade/procurador/luisa/1726-b27-luisa
640: 
641:       bap$b1726.28/21/3/1726/fol.100/igreja de sao tiago/vigario manuel rodrigues
642: 
643: bap$b1726.28
643:          n$francisco/m/id=1726-b28-francisco
644: 
645:          pn$joao mendes/id=b1726.28-per1
646:             ls$naturalidade/soure
647:             ls$residencia/soure
648: 
649:          mn$mariana do espirito santo/id=b1726.28-per2
650:             ls$naturalidade/charneca do espirito santo
651: 
652:          pad$francisco de meneses/id=1726-b28-meneses
653:             ls$profissao/padre
654:             ls$cargo/conego da se patriarcal
655:             ls$residencia/lisboa
656: 
657:          mad$joana teresa da silva e pontes/id=1726-b28-joana
658:             ls$titulo/dona
659:             ls$residencia/lisboa
660: 
661:          referido$rodrigo homem de quadros/id=b1726.28-per3
662:             ls$residencia/soure
663:             rel$sociabilidade/procurador/francisco de meneses/1726-b28-meneses
664: 
665:          referido$antonio alves ribeiro/id=b1726.28-per4
666:             ls$residencia/soure
667:             rel$sociabilidade/procurador/joana teresa da silva e pontes/1726-b28-joana
668: 
669:          referido$joao goncalves/id=b1726.28-per5
670:             ls$profissao/padre
671:             ls$cargo/beneficiado
672:             ls$residencia/soure
673:             rel$sociabilidade/baptizou em necessidade/francisco/1726-b28-francisco
674: 
675:       bap$b1726.29/25/3/1726/fol.100/igreja de sao tiago/padre manuel rodrigues alvaro
676: 
677: bap$b1726.29
677:          n$sebastiao/m/id=b1726.29-per1
678: 
679:          pn$manuel rodrigues/id=b1726.29-per2
680:             ls$naturalidade/portela
681:             ls$residencia/quinta da cruz
682: 
683:          mn$teresa dos santos/id=b1726.29-per3
684:             ls$naturalidade/quinta da cruz
685: 
686:          pad$sebastiao/id=1726-b29-sebastiao
687:             ls$ec/solteiro
688:             ls$residencia/quinta da cruz
689: 
690:          mad$catarina francisca/id=b1726.29-per4
691: 
692:          mrmad$diogo francisco/id=b1726.29-per5
693:             ls$profissao/moleiro
694:             ls$residencia/simoes
695: 
696:          referido$joao rodrigues lobinho/id=b1726.29-per6
697:             ls$residencia/quinta da cruz
698:             rel$parentesco/pai/sebastiao/1726-b29-sebastiao
699: 
700:       bap$b1726.30/1/4/1726/fol.100v/igreja de sao tiago/vigario manuel rodrigues
701: 
702: bap$b1726.30
702:          n$maria/f/id=1726-b30-maria
703: 
704:          pn$francisco bernardes de carvalho/id=b1726.30-per1
705:             ls$naturalidade/paiao
706:             ls$residencia/casal novo
707: 
708:          mn$maria simoes/id=b1726.30-per2
709:             ls$naturalidade/casal novo
710: 
711:          pad$jose domingues/id=b1726.30-per3
712:             ls$residencia/casa velha
713:             rel$sociabilidade/baptizou em necessidade/maria/1726-b30-maria
714: 
715:          mad$maria pedrosa/id=b1726.30-per4
716: 
717:          mrmad$jose simoes/id=b1726.30-per5
718:             ls$residencia/casa velha
719: 
720:       bap$b1726.31/7/4/1726/fol.100v/igreja de sao tiago/vigario manuel rodrigues
721: 
722: bap$b1726.31
722:          n$maria/f/id=b1726.31-per1
723: 
724:          pn$manuel francisco/id=b1726.31-per2
725:             ls$naturalidade/degracias
726:             ls$alcunha/corta ventos
727:             ls$residencia/casal da amoreira
728: 
729:          mn$ana travassos/id=b1726.31-per3
730:             ls$naturalidade/vila nova de ancos
731: 
732:          pad$joao da costa de vasconcelos/id=b1726.31-per4
733:             ls$cargo/capitao mor
734:             ls$residencia/soure
735: 
736:          mad$maria da gante/id=b1726.31-per5
737: 
738:          mrmad$manuel vaz/id=b1726.31-per6
739:             ls$residencia/casal das brancas
740: 
741:       bap$b1726.32/7/4/1726/fol.100v/igreja de sao tiago/vigario manuel rodrigues
742: 
743: bap$b1726.32
743:          n$tomasia/f/id=b1726.32-per1
744: 
745:          pn$matias gomes/id=b1726.32-per2
746:             ls$naturalidade/mosquedo
747:             ls$freguesia/macas de caminho
748:             ls$residencia/soure
749: 
750:          mn$maria pereira/id=b1726.32-per3
751:             ls$naturalidade/soure
752: 
753:          pad$tomas da silva rodrigues/id=1726-b32-tomas
754:             ls$residencia/lisboa
755: 
756:          mad$teresa/id=1726-b32-teresa
757:             ls$ec/solteira
758:             ls$residencia/sao mateus
759: 
760:          pmad$joao mendes/id=b1726.32-per4
761:             ls$residencia/sao mateus
762:             rel$sociabilidade/procurador/teresa/1726-b32-teresa
763: 
764:          referido$manuel rodrigues descalco/id=b1726.32-per5
765:             ls$residencia/soure
766:             rel$sociabilidade/procurador/tomas da silva rodrigues/1726-b32-tomas
767: 
768:       bap$b1726.33/8/4/1726/fol.101/igreja de sao tiago/vigario manuel rodrigues
769: 
770: bap$b1726.33
770:          n$serafina/f/id=1726-b33-serafina
771: 
772:          pn$simao vaz/id=b1726.33-per1
773:             ls$naturalidade/poucapena
774:             ls$residencia/poucapena
775: 
776:          mn$luisa bernardes/id=b1726.33-per2
777:             ls$naturalidade/poucapena
778: 
779:          pad$bernardo cardoso miranda/id=b1726.33-per3
780:             ls$residencia/vila nova de ancos
781:             rel$sociabilidade/baptizou em necessidade/serafina/1726-b33-serafina
782: 
783:          mad$serafina/id=b1726.33-per4
784:             ls$ec/solteira
785:             ls$residencia/poucapena
786: 
787:          pmad$francisco godinho/id=b1726.33-per5
788:             ls$residencia/poucapena
789: 
790:       bap$b1726.34/13/4/1726/fol.101/igreja de sao tiago/padre manuel rodrigues alvaro
791: 
792: bap$b1726.34
792:          n$josefa/f/id=b1726.34-per1
793: 
794:          pn$manuel gomes reimouro/id=b1726.34-per2
795:             ls$naturalidade/paleao
796:             ls$residencia/paleao
797: 
798:          mn$ana cardosa/id=b1726.34-per3
799:             ls$naturalidade/corujeira
800: 
801:          pad$antonio/id=1726-b34-antonio
802:             ls$ec/solteiro
803:             ls$residencia/paleao
804: 
805:          mad$maria rodrigues/id=b1726.34-per4
806: 
807:          mrmad$francisco rodrigues/id=b1726.34-per5
808:             ls$residencia/soure
809: 
810:          referido$antonio soares/id=b1726.34-per6
811:             ls$residencia/paleao
812:             rel$parentesco/pai/antonio/1726-b34-antonio
813: 
814:       bap$b1726.35/14/4/1726/fol.101/igreja de sao tiago/vigario manuel rodrigues
815: 
816: bap$b1726.35
816:          n$maria/f/id=b1726.35-per1
817: 
818:          pn$manuel carvalho/id=b1726.35-per2
819:             ls$naturalidade/casal dos guerras
820:             ls$residencia/casal das brancas
821: 
822:          mn$maria jorge/id=b1726.35-per3
823:             ls$naturalidade/casal das brancas
824: 
825:          pad$manuel vaz/id=b1726.35-per4
826:             ls$residencia/casal das brancas
827: 
828:          mad$antonia/id=b1726.35-per5
829:             ls$ec/solteira
830:             ls$residencia/casal das brancas
831: 
832:          pmad$antonio de andrade/id=b1726.35-per6
833:             ls$residencia/casal das brancas
834: 
835:       bap$b1726.36/14/4/1726/fol.101v/igreja de sao tiago/vigario manuel rodrigues
836: 
837: bap$b1726.36
837:          n$joao/m/id=b1726.36-per1
838: 
839:          pn$joao rodrigues/id=b1726.36-per2
840:             ls$naturalidade/casal dos feijoes
841:             ls$residencia/casal dos feijoes
842: 
843:          mn$maria soares/id=b1726.36-per3
844:             ls$naturalidade/paleao
845: 
846:          pad$jose pereira/id=1726-b36-jose
847:             ls$ec/solteiro
848:             ls$residencia/sao mateus
849: 
850:          mad$catarina/id=b1726.36-per4
851:             ls$ec/solteira
852:             ls$residencia/sao mateus
853:             rel$parentesco/irma/jose pereira/1726-b36-jose
854: 
855:       bap$b1726.37/20/4/1726/fol.101v/igreja de sao tiago/padre manuel rodrigues alvaro
856: 
857: bap$b1726.37
857:          n$manuel/m/id=b1726.37-per1
858: 
859:          pn$sebastiao dinis/id=b1726.37-per2
860:             ls$naturalidade/areias
861:             ls$residencia/areias
862: 
863:          mn$antonia simoes/id=b1726.37-per3
864:             ls$naturalidade/lagem
865: 
866:          pad$manuel/id=1726-b37-manuel
867:             ls$ec/solteiro
868:             ls$residencia/areias
869: 
870:          mad$catarina/id=b1726.37-per4
871:             ls$ec/solteira
872:             ls$residencia/areias
873:             rel$parentesco/irma/manuel/1726-b37-manuel
874: 
875:          pmad$manuel ferreira/id=b1726.37-per5
876:             ls$residencia/areias
877:             rel$parentesco/pai/manuel/1726-b37-manuel
878: 
879:       bap$b1726.38/22/4/1726/fol.101v/igreja de sao tiago/vigario manuel rodrigues
880: 
881: bap$b1726.38
881:          n$bernarda/f/id=b1726.38-per1
882: 
883:          pn$manuel gomes/id=b1726.38-per2
884:             ls$profissao/ferreiro
885:             ls$naturalidade/paleao
886:             ls$residencia/paleao
887: 
888:          mn$isabel tome/id=b1726.38-per3
889:             ls$naturalidade/casal da fogueira
890: 
891:          pad$bernardo de anto antonio/id=b1726.38-per4
892:             ls$profissao/religioso
893:             ls$ordem/santo agostinho
894:             ls$naturalidade/soure
895: 
896:          mad$maria/id=b1726.38-per5
897:             ls$ec/solteira
898:             ls$residencia/casal da fogueira
899: 
900:          pmad$manuel barroso/id=b1726.38-per6
901:             ls$residencia/quinta da fogueira
902: 
903:       bap$b1726.39/28/4/1726/fol.102/igreja de sao pedro em coimbra/padre pascoal salgado/obs=uma certidao
904: 
905: bap$b1726.39
905:          n$manuel/m/id=b1726.39-per1
906: 
907:          pn$roque da conceicao/id=b1726.39-per2
908:             ls$naturalidade/soure
909:             ls$residencia
910: 

ERROR: bap1726.cli line 910 ** Error: missing element(s) in ls(att-309) must have: valor
Near line: 910 
Near line: 911          mn$maria esteves/id=b1726.39-per3

911:          mn$maria esteves/id=b1726.39-per3
912:             ls$naturalidade/soure
913: 
914:          pad$manuel de carvalho cavaleiro/id=1726-b39-manuel
915:             ls$residencia/coimbra/obs=rua da trindade
916: 
917:          mad$maria ana de assuncao/id=b1726.39-per4
918:             ls$residencia/coimbra/obs=rua da trindade
919:             rel$parentesco/cunhada/manuel de carvalho cavaleiro/1726-b39-manuel
920: 
921:       bap$b1726.40/23/4/1726/fol.102/igreja de sao tiago/vigario manuel rodrigues
922: 
923: bap$b1726.40
923:          n$teresa/f/id=b1726.40-per1
924: 
925:          pn$joao ferreira/id=b1726.40-per2
926:             ls$naturalidade/bechos
927:             ls$residencia/bechos
928: 
929:          mn$teresa rodrigues/id=b1726.40-per3
930:             ls$naturalidade/quinta da telhada
931: 
932:          pad$manuel/id=1726-b41-manuel
933:             ls$ec/solteiro
934:             ls$residencia/carregosa
935:             ls$freguesia/gesteira
936: 
937:          mad$maria tome/id=b1726.40-per4
938: 
939:          mrmad$manuel rodrigues centeio/id=b1726.40-per5
940:             ls$residencia/charneca
941: 
942:          referido$francisco rodrigues trulhao/id=b1726.40-per6
943:             ls$residencia/carregosa
944:             ls$freguesia/gesteira
945:             rel$parentesco/pai/manuel/1726-b41.manuel
946: 
947:       bap$b1726.41/28/4/1726/fol.102/igreja de sao tiago/padre sebastiao ferreira dos olivais
948: 
949: bap$b1726.41
949:          n$maria/f/id=b1726.41-per1
950: 
951:          pn$francisco da costa/id=b1726.41-per2
952:             ls$naturalidade/casa velha
953:             ls$residencia/casal da amoreira
954: 
955:          mn$mariana rodrigues/id=b1726.41-per3
956:             ls$naturalidade/sobral
957: 
958:          pad$luis de seabra jacques/id=b1726.41-per4
959:             ls$titulo/doutor
960:             ls$residencia/soure
961: 
962:          mad$maria da gante/id=b1726.41-per5
963: 
964:          mrmad$manuel vaz/id=b1726.41-per6
965:             ls$residencia/casal das brancas
966: 
967:       bap$b1726.42/1/5/1726/fol.102-102v/igreja de sao tiago/padre tome martins
968: 
969: bap$b1726.42
969:          n$joao/m/id=b1726.42-per1
970: 
971:          pn$antonio da silva/id=b1726.42-per2
972:             ls$naturalidade/vale de nabal
973:             ls$freguesia/almagreira
974:             ls$residencia/corujeira
975: 
976:          mn$domingas jorge/id=b1726.42-per3
977:             ls$naturalidade/corujeira
978: 
979:          pad$jose/id=1726-b42-jose
980:             ls$ec/solteiro
981:             ls$residencia/corujeira
982: 
983:          mad$isabel da silva/id=b1726.42-per4
984:             ls$ec/solteira
985:             ls$residencia/barril
986: 
987:          referido$manuel jorge/id=b1726.42-per5
988:             ls$residencia/corujeira
989:             rel$parentesco/pai/jose/1726-b42-jose
990: 
991:       bap$b1726.43/5/5/1726/fol.102v/igreja de sao tiago/padre manuel rodrigues alvaro
992: 
993: bap$b1726.43
993:          n$jose/m/id=b1726.43-per1
994: 
995:          pn$jose rodrigues/id=b1726.43-per2
996:             ls$naturalidade/sobral
997:             ls$residencia/casal da venda
998: 
999:          mn$feliciana rodrigues/id=b1726.43-per3
1000:             ls$naturalidade/casal da venda
1001: 
1002:          pad$jose gomes/id=b1726.43-per4
1003:             ls$profissao/padre
1004:             ls$residencia/casal da venda
1005: 
1006:          mad$isabel mendes/id=b1726.43-per5
1007: 
1008:          mrmad$manuel joao/id=b1726.43-per6
1009:             ls$residencia/casalinhos
1010: 
1011:       bap$b1726.44/6/5/1726/fol.102v/igreja de sao tiago/padre joao gaspar
1012: 
1013: bap$b1726.44
1013:          n$manuel/m/id=b1726.44-per1
1014: 
1015:          pn$simao jorge/id=b1726.44-per2
1016:             ls$naturalidade/cadaval grande
1017:             ls$freguesia/furadouro
1018:             ls$residencia/casal do malvado
1019: 
1020:          mn$isabel jorge/id=b1726.44-per3
1021:             ls$naturalidade/casal do malvado
1022: 
1023:          pad$manuel madeira/id=1726-b44-manuel
1024:             ls$residencia/cascao
1025: 
1026:          mad$maria martins/id=b1726.44-per4
1027:             ls$residencia/cascao
1028:             rel$parentesco/mulher/manuel madeira/1726-b44-manuel
1029: 
1030:       bap$b1726.45/5/5/1726/fol.103/igreja de sao tiago/padre manuel rodrigues alvaro
1031: 
1032: bap$b1726.45
1032:          n$felipa/f/id=1726-b45-felipa
1033:             ls$enjeitada/sim/obs=exposta na ermida de sao caetano em netos freguesia de almagreira
1034: 
1035:          pn$nome desconhecido/id=b1726.45-per1
1036: 
1037:          mn$nome desconhecido/id=b1726.45-per2
1038: 
1039:          pad$manuel rodrigues alvaro/id=b1726.45-per3
1040:             ls$profissao/padre
1041:             ls$cargo/tesoureiro
1042:             ls$residencia/soure
1043: 
1044:          mad$francisca/id=b1726.45-per4
1045:             ls$ec/solteira
1046:             ls$residencia/soure
1047: 
1048:          mmad$maria da silv/id=b1726.45-per5
1049:             ls$ec/viuva
1050:             ls$residencia/soure
1051: 
1052:          referida$mariana mendes/id=1726-b45-mariana
1053:             ls$residencia/soure
1054:             rel$sociabilidade/ama/felipa/1726-b45-felipa
1055: 
1056:          referido$luis da silva/id=b1726.45-per6
1057:             ls$residencia/soure
1058:             rel$parentesco/marido/mariana mendes/1726-b45-mariana
1059: 
1060:       bap$b1726.46/19/5/1726/fol.103/igreja de sao tiago/vigario manuel rodrigues
1061: 
1062: bap$b1726.46
1062:          n$joao/m/id=b1726.46-per1
1063: 
1064:          pn$manuel duarte/id=b1726.46-per2
1065:             ls$naturalidade/alencarce de cima
1066:             ls$residencia/alencarce de cima
1067: 
1068:          mn$francisca goncalves/id=b1726.46-per3
1069:             ls$naturalidade/alencarce de cima
1070: 
1071:          pad$joao de sequeira coelho/id=b1726.46-per4
1072:             ls$residencia/soure
1073: 
1074:          mad$esperanca/id=b1726.46-per5
1075:             ls$ec/solteira
1076:             ls$residencia/porto coelheiro
1077: 
1078:          pmad$manuel rodrigues de carvalho/id=b1726.46-per6
1079:             ls$residencia/porto coelheiro
1080: 
1081:       bap$b1726.47/19/5/1726/fol.103/igreja de sao tiago/vigario manuel rodrigues
1082: 
1083: bap$b1726.47
1083:          n$joao/m/id=b1726.47-per1
1084: 
1085:          pn$manuel domingues/id=b1726.47-per2
1086:             ls$naturalidade/casais da misericordia
1087:             ls$residencia/casais da misericordia
1088: 
1089:          mn$maria goncalves/id=b1726.47-per3
1090:             ls$naturalidade/pelariga
1091:             ls$freguesia/pombal
1092: 
1093:          pad$manuel joao/id=b1726.47-per4
1094:             ls$residencia/areias
1095: 
1096:          mad$maria/id=b1726.47-per5
1097:             ls$ec/solteira
1098:             ls$residencia/pelariga
1099: 
1100:          pmad$manuel domingues/id=b1726.47-per6
1101:             ls$residencia/pelariga
1102: 
1103:       bap$b1726.48/19/5/1726/fol.103v/igreja de sao tiago/vigario manuel rodrigues
1104: 
1105: bap$b1726.48
1105:          n$manuel/m/id=b1726.48-per1
1106: 
1107:          pn$manuel de campos/id=b1726.48-per2
1108:             ls$naturalidade/carvalheira de cima
1109:             ls$residencia/porto coelheiro
1110: 
1111:          mn$vicencia rodrigues/id=b1726.48-per3
1112:             ls$naturalidade/porto coelheiro
1113: 
1114:          pad$joao/id=1726-b48-joao
1115:             ls$residencia/porto coelheiro
1116: 
1117:          mad$rosa/id=b1726.48-per4
1118:             ls$ec/solteira
1119:             ls$residencia/laranjeira
1120:             ls$freguesia/tapeus
1121: 
1122:          pmad$afonso lopes/id=b1726.48-per5
1123:             ls$residencia/laranjeira
1124:             ls$freguesia/tapeus
1125: 
1126:          referida$maria da silva/id=b1726.48-per6
1127:             ls$ec/viuva
1128:             ls$residencia/porto coelheiro
1129:             rel$parentesco/mae/joao/1726-b48-joao
1130: 
1131:       bap$b1726.49/19/5/1726/fol.103v/igreja de sao tiago/vigario manuel rodrigues
1132: 
1133: bap$b1726.49
1133:          n$jose/m/id=1726-b49-jose
1134:             ls$ilegitimo/sim/obs=duvidas na paternidade disse ser filho de manuel de almeida
1135: 
1136:          pn$manuel de almeida/obs=duvidas na paternidade/id=b1726.49-per1
1137:             ls$residencia/lourical
1138:             ls$ec/solteiro
1139: 
1140:          mn$domingas/id=b1726.49-per2
1141:             ls$ec/solteira
1142:             ls$naturalidade/casal da venda
1143:             ls$residencia/casal da venda
1144: 
1145:          mmn$madalena luis/id=b1726.49-per3
1146:             ls$residencia/casal da venda
1147: 
1148:          pad$jose gomes/id=1726-b49-gomes
1149:             ls$profissao/padre
1150:             ls$residencia/casal da venda
1151:             rel$sociabilidade/baptizou em necessidade/jose/1726-b49-jose
1152: 
1153:          mad$mariana/id=b1726.49-per4
1154:             ls$ec/solteira
1155:             ls$residencia/casal da venda
1156:             rel$parentesco/irma/jose gomes/1726-b49-gomes
1157: 
1158:       bap$b1726.50/26/5/1726/fol.103v-104/igreja de sao tiago/padre manuel rodrigues alvaro
1159: 
1160: bap$b1726.50
1160:          n$antonio/m/id=b1726.50-per1
1161: 
1162:          pn$antonio vaz/id=b1726.50-per2
1163:             ls$naturalidade/poucapena
1164:             ls$residencia/poucapena
1165: 
1166:          mn$francisca goncalves/id=b1726.50-per3
1167:             ls$naturalidade/melrical
1168: 
1169:          pad$manuel/id=1726-b50-manuel
1170:             ls$ec/solteiro
1171:             ls$residencia/poucapena
1172: 
1173:          mad$mariana nunes/id=b1726.50-per4
1174: 
1175:          mrmad$manuel goncalves/id=b1726.50-per5
1176:             ls$residencia/espirito santo
1177: 
1178:          referido$francisco godinho/id=b1726.50-per6
1179:             ls$residencia/poucapena
1180:             rel$parentesco/pai/manuel/1726-b50-manuel
1181: 
1182:       bap$b1726.51/26/5/1726/fol.104/igreja de sao tiago/padre manuel da costa velho
1183: 
1184: bap$b1726.51
1184:          n$maria/f/id=b1726.51-per1
1185: 
1186:          pn$manuel jorge/id=b1726.51-per2
1187:             ls$naturalidade/alvorrinha/obs=arcebispado de lisboa ocidental
1188:             ls$residencia/soure
1189: 
1190:          mn$isabel francisca/id=b1726.51-per3
1191:             ls$naturalidade/casal de mendinho
1192: 
1193:          pad$manuel rodrigues/id=b1726.51-per4
1194:             ls$residencia/pencarpia
1195: 
1196:          mad$maria/id=b1726.51-per5
1197:             ls$ec/solteira
1198:             ls$residencia/soure
1199: 
1200:          pmad$jose martins/id=b1726.51-per6
1201:             ls$residencia/soure
1202: 
1203:       bap$b1726.52/30/5/1726/fol.104/igreja de sao tiago/vigario manuel rodrigues
1204: 
1205: bap$b1726.52
1205:          n$helena/f/id=b1726.52-per1
1206: 
1207:          pn$sebastiao marques/id=b1726.52-per2
1208:             ls$naturalidade/sao martinho/obs=bispado de coimbra
1209:             ls$residencia/fatacos
1210: 
1211:          mn$maria ferreira/id=b1726.52-per3
1212:             ls$naturalidade/fatacos
1213: 
1214:          pad$jose goncalves/id=b1726.52-per4
1215:             ls$profissao/padre
1216:             ls$residencia/fatacos
1217: 
1218:          mad$maria/id=b1726.52-per5
1219:             ls$ec/solteira
1220:             ls$residencia/fatacos
1221: 
1222:          pmad$manuel goncalves/id=b1726.52-per6
1223:             ls$residencia/fatacos
1224: 
1225:       bap$b1726.53/2/6/1726/fol.104-104v/igreja de sao tiago/vigario manuel rodrigues
1226: 
1227: bap$b1726.53
1227:          n$josefa/f/id=b1726.53-per1
1228: 
1229:          pn$manuel domingues/id=b1726.53-per2
1230:             ls$naturalidade/oureca
1231:             ls$residencia/quinta da telhada
1232:             ls$morto/antes
1233: 
1234:          mn$maria madeira/id=b1726.53-per3
1235:             ls$naturalidade/quinta da telhada
1236:             ls$residencia/casal do marco
1237:             ls$freguesia/ega
1238: 
1239:          pad$francisco/id=1726-b53-francisco
1240:             ls$ec/solteiro
1241:             ls$residencia/casal do marco
1242: 
1243:          mad$josefa de azevedo/id=1726-b53-josefa
1244:             ls$ec/solteira
1245:             ls$residencia/soure
1246: 
1247:          referido$manuel ferreira/id=b1726.53-per4
1248:             ls$residencia/casal do marco
1249:             rel$parentesco/pai/francisco/1726-b53-francisco
1250: 
1251:          referido$manuel rodrigues descalco/id=b1726.53-per5
1252:             ls$residencia/soure
1253:             rel$sociabilidade/procurador/josefa de azevedo/1726-b53-josefa
1254: 
1255:       bap$b1726.54/2/6/1726/fol.104/igreja de sao tiago/vigario manuel rodrigues
1256: 
1257: bap$b1726.54
1257:          n$manuel/m/id=1726-b54-manuel
1258:             ls$enjeitado/sim/obs=exposto a porta da ermida de santo andre em casal novo
1259: 
1260:          pn$nome desconhecido/id=b1726.54-per1
1261: 
1262:          mn$nome desconhecido/id=b1726.54-per2
1263: 
1264:          pad$manuel de gouveia/id=b1726.54-per3
1265:             ls$residencia/casal novo
1266: 
1267:          mad$antonia/id=b1726.54-per4
1268:             ls$ec/solteira
1269:             ls$residencia/soure
1270: 
1271:          pmad$manuel gomes pinheiro/id=b1726.54-per5
1272:             ls$residencia/soure
1273: 
1274:          referida$catarina joao/id=b1726.54-per6
1275:             ls$ec/viuva
1276:             ls$residencia/carvalheira de cima
1277:             rel$sociabilidade/ama/manuel/1726-b54-manuel
1278: 
1279:       bap$b1726.55/10/6/1726/fol.104/igreja de sao tiago/vigario manuel rodrigues
1280: 
1281: bap$b1726.55
1281:          n$manuel/m/id=b1726.55-per1
1282: 
1283:          pn$domingos rodrigues tribelo/id=b1726.55-per2
1284:             ls$naturalidade/barril
1285:             ls$residencia/sao mateus
1286: 
1287:          mn$maria rodrigues/id=b1726.55-per3
1288:             ls$naturalidade/barrosos
1289: 
1290:          pad$manuel rodrigues/id=b1726.55-per4
1291:             ls$profissao/padre
1292:             ls$cargo/vigario
1293:             ls$residencia/soure
1294: 
1295:          mad$catarina/id=1726-b55-catarina
1296:             ls$ec/solteira
1297:             ls$residencia/sao mateus
1298: 
1299:          referido$jose pereira/id=b1726.55-per5
1300:             ls$residencia/sao mateus
1301:             rel$parentesco/irmao/catarina/1726-b55-catarina
1302: 
1303:       bap$b1726.56/10/6/1726/fol.105/igreja de sao tiago/vigario manuel rodrigues
1304: 
1305: bap$b1726.56
1305:          n$teresa/f/id=b1726.56-per1
1306: 
1307:          pn$jose de oliveira/id=b1726.56-per2
1308:             ls$naturalidade/lagem
1309:             ls$residencia/oureca
1310: 
1311:          mn$isabel cardosa/id=b1726.56-per3
1312:             ls$naturalidade/oureca
1313: 
1314:          pad$manuel/id=1726-b56-manuel
1315:             ls$ec/solteiro
1316:             ls$residencia/oureca
1317: 
1318:          mad$teresa/id=b1726.56-per4
1319:             ls$ec/solteira
1320:             ls$residencia/lagem
1321: 
1322:          pmad$manuel de oliveira/id=b1726.56-per5
1323:             ls$residencia/lagem
1324: 
1325:          referido$manuel simoes/id=b1726.56-per6
1326:             ls$residencia/oureca
1327:             rel$parentesco/pai/manuel/1726-b56-manuel
1328: 
1329:       bap$b1726.57/11/6/1726/fol.105/igreja de sao tiago/vigario manuel rodrigues
1330: 
1331: bap$b1726.57
1331:          n$joao/m/id=1726-b57-joao
1332:             ls$ilegitimo/sim
1333: 
1334:          mn$helena/id=b1726.57-per1
1335:             ls$ec/solteira
1336:             ls$residencia/casal das brancas
1337: 
1338:          mmn$maria jorge/id=b1726.57-per2
1339:             ls$ec/viuva
1340:             ls$residencia/casal das brancas
1341: 
1342:          pad$luis de seabra jacques/id=b1726.57-per3
1343:             ls$residencia/soure
1344: 
1345:          referido$luis de carvalho/id=b1726.57-per4
1346:             ls$profissao/padre
1347:             ls$residencia/casal das brancas
1348:             rel$sociabilidade/baptizou em necessidade/joao/1726-b57-joao
1349: 
1350:       bap$b1726.58/16/6/1726/fol.105-105v/igreja de sao tiago/vigario manuel rodrigues
1351: 
1352: bap$b1726.58
1352:          n$joao/m/id=b1726.58-per1
1353: 
1354:          pn$jose gaspar/id=b1726.58-per2
1355:             ls$naturalidade/paleao
1356:             ls$residencia/paleao
1357: 
1358:          mn$antonia soares/id=b1726.58-per3
1359:             ls$naturalidade/paleao
1360: 
1361:          pad$antonio gaspar/id=b1726.58-per4
1362:             ls$ec/solteiro
1363:             ls$residencia/paleao
1364: 
1365:          mad$domingas/id=b1726.58-per5
1366:             ls$ec/solteira
1367:             ls$residencia/bernardos
1368:             ls$freguesia/redinha
1369: 
1370:          mmad$mariana gaspar/id=b1726.58-per6
1371:             ls$ec/viuva
1372:             ls$residencia/bernardos
1373:             ls$freguesia/redinha
1374: 
1375:       bap$b1726.59/16/6/1726/fol.105v/igreja de sao tiago/vigario manuel rodrigues
1376: 
1377: bap$b1726.59
1377:          n$antonio/m/id=b1726.59-per1
1378: 
1379:          pn$jose luis/id=b1726.59-per2
1380:             ls$naturalidade/corujeira
1381:             ls$residencia/corujeira
1382: 
1383:          mn$teresa rodrigues/id=b1726.59-per3
1384:             ls$naturalidade/crocozes
1385: 
1386:          pad$manuel jorge/id=b1726.59-per4
1387:             ls$residencia/corujeira
1388: 
1389:          mad$antonia/id=b1726.59-per5
1390:             ls$ec/solteira
1391:             ls$residencia/corujeira
1392: 
1393:          mmad$domingas jorge/id=b1726.59-per6
1394:             ls$ec/viuva
1395:             ls$residencia/corujeira
1396: 
1397:       bap$b1726.60/16/6/1726/fol.105v/igreja de sao tiago/vigario manuel rodrigues
1398: 
1399: bap$b1726.60
1399:          n$antonio/m/id=b1726.60-n
1400: 
1401:          pn$manuel goncalves/id=b1726.60-pn
1402:             ls$naturalidade/alencarce decima
1403:             ls$residencia/alencarce de cima
1404: 
1405:          mn$francisca simoes/id=b1726.60-mn
1406:             ls$naturalidade/casais
1407:             ls$freguesia/ega
1408: 
1409:          pad$manuel madeira/id=1726-b60-manuel
1410:             ls$residencia/cascao
1411: 
1412:          mad$maria martins/id=b1726.60-per1
1413:             ls$residencia/cascao
1414:             rel$parentesco/mulher/manuel madeira/1726-b60-manuel
1415: 
1416:       bap$b1726.61/16/6/1726/105v/igreja de sao tiago/vigario manuel rodrigues
1417: 
1418: bap$b1726.61
1418:          n$mariana/f/id=b1726.61-per1
1419:             rel$parentesco/irma gemea/antonio/b1726.60-n
1420: 
1421:          pn$manuel goncalves/mesmo_que=b1726.60-pn/id=b1726.61-per2
1422:             ls$naturalidade/alencarce de cima
1423:             ls$residencia/alencarce de cima
1424: 
1425:          mn$francisca simoes/mesmo_que=b1726.60-mn/id=b1726.61-per3
1426:             ls$naturalidade/casais
1427:             ls$freguesia/ega
1428: 
1429:          pad$luis madeira/id=1726-b60-luis
1430:             ls$residencia/alencarce de cima
1431: 
1432:          mad$maria joao/id=b1726.61-per4
1433:             ls$residencia/laencarce de cima
1434:             rel$parentesco/mulher/luis madeira/1726-b60-luis
1435: 
1436:       bap$b1726.62/16/6/1726/fol.105v/igreja de sao tiago/vigario manuel rodrigues
1437: 
1438: bap$b1726.62
1438:          n$maria/f/id=b1726.62-per1
1439: 
1440:          pn$manuel cardoso/id=b1726.62-per2
1441:             ls$naturalidade/casa velha
1442:             ls$residencia/casa velha
1443: 
1444:          mn$teresa lourenca/id=b1726.62-per3
1445:             ls$naturalidade/porto coelheiro
1446: 
1447:          pad$antonio lopes/id=b1726.62-per4
1448:             ls$residencia/soure
1449: 
1450:          mad$maria pedrosa/id=b1726.62-per5
1451: 
1452:          mrmad$joao mateus/id=b1726.62-per6
1453:             ls$residencia/casa velha
1454: 
1455:       bap$b1726.63/23/6/1726/fol.106/igreja de sao tiago/vigario manuel rodrigues
1456: 
1457: bap$b1726.63
1457:          n$joao/m/id=1726-b63-joao
1458: 
1459:          pn$manuel rodrigues/id=b1726.63-per1
1460:             ls$naturalidade/barrosos
1461:             ls$residencia/barrosos
1462: 
1463:          mn$isabel francisca/id=b1726.63-per2
1464:             ls$naturalidade/delgados
1465: 
1466:          pad$manuel goncalves branco/id=b1726.63-per3
1467:             ls$residencia/mogadouro
1468: 
1469:          mad$maria goncalves/id=b1726.63-per4
1470: 
1471:          mrmad$mateus carvalho/id=b1726.63-per5
1472:             ls$residencia/mogadouro
1473: 
1474:          referido$antonio marques/id=b1726.63-per6
1475:             ls$profissao/barbeiro
1476:             ls$residencia/barrosos
1477:             rel$sociabilidade/baptizou em necessidade/joao/1726-b63-joao
1478: 
1479:       bap$b1726.64/29/6/1726/fol.106/igreja de sao tiago/vigario manuel rodrigues
1480: 
1481: bap$b1726.64
1481:          n$francisco/m/id=1726-b64-francisco
1482: 
1483:          pn$manuel pedroso/id=b1726.64-per1
1484:             ls$naturalidade/migalho
1485:             ls$residencia/migalho
1486: 
1487:          mn$agueda gomes/id=b1726.64-per2
1488:             ls$naturalidade/vinha da rainha
1489: 
1490:          pad$manuel duarte formigueiro/id=b1726.64-per3
1491:             ls$residencia/migalho
1492:             rel$parentesco/marido/antonia cardosa/1726-b64-antonia
1493: 
1494:          mad$maria goncalves/id=b1726.64-per4
1495: 
1496:          mrmad$joao cardoso/id=b1726.64-per5
1497:             ls$residencia/migalho
1498: 
1499:          referida$antonia cardosa/id=1726-b64-antonia
1500:             ls$residencia/migalho
1501:             rel$sociabilidade/baptizou em necessidade/francisco/1726-b64-francisco
1502: 
1503:       bap$b1726.65/30/6/1726/fol.106-106v/igreja de sao tiago/padre manuel rodrigues alvaro
1504: 
1505: bap$b1726.65
1505:          n$josefa/f/id=b1726.65-per1
1506: 
1507:          pn$jose goncalves/id=b1726.65-per2
1508:             ls$naturalidade/melrical
1509:             ls$residencia/melrical
1510: 
1511:          mn$maria domingues/id=b1726.65-per3
1512:             ls$naturalidade/cavaleiros
1513: 
1514:          pad$domingos goncalves/id=1726-b65-domingos
1515:             ls$residencia/melrical
1516: 
1517:          mad$maria/id=b1726.65-per4
1518:             ls$ec/solteira
1519:             ls$residencia/melrical
1520:             rel$parentesco/filha/domingos goncalves/1726-b65-domingos
1521: 
1522:       bap$b1726.66/30/6/1726/fol.106v/igreja de sao tiago/vigario manuel rodrigues
1523: 
1524: bap$b1726.66
1524:          n$jose/m/id=b1726.66-per1
1525: 
1526:          pn$manuel pedroso/id=b1726.66-per2
1527:             ls$naturalidade/pedrafonso
1528:             ls$residencia/casa velha
1529: 
1530:          mn$maria luis/id=b1726.66-per3
1531:             ls$naturalidade/casa velha
1532: 
1533:          pad$jose nunes/id=1726-b66-jose
1534:             ls$residencia/casa velha
1535: 
1536:          mad$mariana da costa/id=b1726.66-per4
1537:             ls$residencia/casa velha
1538:             rel$parentesco/mulher/jose nunes/1726-b66-jose
1539: 
1540:       bap$b1726.67/8/7/1726/fol.106v/igreja de sao tiago/padre joao gaspar
1541: 
1542: bap$b1726.67
1542:          n$maria/f/id=b1726.67-per1
1543: 
1544:          pn$jose duarte/id=b1726.67-per2
1545:             ls$naturalidade/marzagao
1546:             ls$residencia/sobral
1547: 
1548:          mn$maria francisca/id=b1726.67-per3
1549:             ls$naturalidade/sobral
1550: 
1551:          pad$manuel rodrigues/id=1726-b67-manuel
1552:             ls$profissao/padre
1553:             ls$cargo/vigario
1554:             ls$residencia/soure
1555: 
1556:          mad$maria francisca/id=b1726.67-per4
1557: 
1558:          mrmad$manuel jorge/id=b1726.67-per5
1559:             ls$alcunha/o moco
1560:             ls$residencia/marzagao
1561: 
1562:          referido$joao gaspar/id=b1726.67-per6
1563:             ls$profissao/padre
1564:             ls$residencia/soure
1565:             rel$sociabilidade/procurador/manuel rodrigues/1726-b67-manuel
1566: 
1567:       bap$b1726.68/15/7/1726/fol.106v-107/igreja de sao tiago/padre manuel da costa velho
1568: 
1569: bap$b1726.68
1569:          n$damiana/f/id=1726-b68-damiana
1570: 
1571:          pn$domingos joao/id=b1726.68-per1
1572:             ls$naturalidade/vinha da rainha
1573:             ls$profissao/hospitaleiro da santa casa da misericordia
1574:             ls$residencia/soure
1575: 
1576:          mn$maria francisca/id=b1726.68-per2
1577:             ls$naturalidade/soure
1578: 
1579:          pad$luis ribeiro cabral/id=b1726.68-per3
1580:             ls$profissao/padre
1581:             ls$residencia/soure
1582: 
1583:          mad$damiana/id=1726-b68-madrinha
1584:             ls$ec/solteira
1585:             ls$residencia/soure
1586: 
1587:          referida$ana maria da silva/id=b1726.68-per4
1588:             ls$residencia/soure
1589:             rel$parentesco/mae/damiana/1726-b68-madrinha
1590: 
1591:          referido$joao de sequeira coelho/id=b1726.68-per5
1592:             ls$residencia/soure
1593:             rel$sociabilidade/procurador/damiana/1726-b68-madrinha
1594:             rel$parentesco/irmao/damiana/1726-b68-madrinha
1595: 
1596:          referida$maria gomes/id=b1726.68-per6
1597:             ls$profissao/parteira
1598:             ls$residencia/soure
1599:             rel$sociabilidade/baptizou em necessidade/damiana/1726-b68-damiana
1600: 
1601:       bap$b1726.69/20/7/1726/fol.107/igreja de sao tiago/vigario manuel rodrigues
1602: 
1603: bap$b1726.69
1603:          n$jose/m/id=b1726.69-per1
1604: 
1605:          pn$antonio aires/id=b1726.69-per2
1606:             ls$naturalidade/paleao
1607:             ls$residencia/paleao
1608: 
1609:          mn$josefa de oliveira/id=b1726.69-per3
1610:             ls$naturalidade/condeixa a velha
1611: 
1612:          pad$jose rodrigues gante/id=b1726.69-per4
1613:             ls$profissao/padre
1614:             ls$residencia/paleao
1615: 
1616:          mad$maria/id=b1726.69-per5
1617:             ls$ec/solteira
1618:             ls$residencia/paleao
1619: 
1620:          pmad$domingos marques/id=b1726.69-per6
1621:             ls$residencia/paleao
1622: 
1623:       bap$b1726.70/21/7/1726/fol.107/igreja de sao tiago/padre manuel rodrigues alvaro
1624: 
1625: bap$b1726.70
1625:          n$felipa/f/id=b1726.70-per1
1626: 
1627:          pn$antonio gaspar/id=b1726.70-per2
1628:             ls$naturalidade/podengos
1629:             ls$residencia/olho marinho
1630: 
1631:          mn$josefa da silva/id=b1726.70-per3
1632:             ls$naturalidade/olho marinho
1633: 
1634:          pad$jose rodrigues/id=1726-b70-jose
1635:             ls$residencia/alencarce de cima
1636: 
1637:          mad$maria/id=b1726.70-per4
1638:             ls$ec/solteira
1639:             ls$residencia/alencarce de cima
1640:             rel$parentesco/filha/jose rodrigues/1726-b70-jose
1641: 
1642:       bap$b1726.71/28/7/1726/fol.107v/igreja de sao tiago/padre manuel rodrigues alvaro
1643: 
1644: bap$b1726.71
1644:          n$isabel/f/id=1726-b71-isabel
1645: 
1646:          pn$domingos ferreira/id=b1726.71-per1
1647:             ls$naturalidade/lamarosa
1648:             ls$freguesia/tentugal
1649:             ls$residencia/porto coelheiro
1650: 
1651:          mn$isabel dos santos/id=b1726.71-per2
1652:             ls$naturalidade/tentugal
1653: 
1654:          pad$andre/id=1726-b71-andre
1655:             ls$ec/solteiro
1656:             ls$residencia/porto coelheiro
1657:             rel$sociabilidade/baptizou em necessidade/isabel/1726-b71-isabel
1658: 
1659:          mad$antonia/id=b1726.71-per3
1660:             ls$ec/solteira
1661:             ls$residencia/tapeus
1662: 
1663:          pmad$manuel joao/id=b1726.71-per4
1664:             ls$residencia/tapeus
1665: 
1666:          referido$manuel rodrigues/id=b1726.71-per5
1667:             ls$residencia/porto coelheiro
1668:             rel$parentesco/pai/andre/1726-b71-andre
1669: 
1670:       bap$b1726.72/4/8/1726/fol.107v/igreja de sao tiago/vigario manuel rodrigues
1671: 
1672: bap$b1726.72
1672:          n$manuel/m/id=b1726.72-per1
1673: 
1674:          pn$jose madeira/id=b1726.72-per2
1675:             ls$naturalidade/alencarce de cima
1676:             ls$residencia/alencarce de cima
1677: 
1678:          mn$isabel madeira/id=b1726.72-per3
1679:             ls$naturalidade/alencarce de cima
1680: 
1681:          pad$antonio antunes/id=b1726.72-per4
1682:             ls$ec/solteiro
1683:             ls$residencia/cascao
1684: 
1685:          mad$margarida joao/id=b1726.72-per5
1686:             ls$residencia/cascao
1687: 
1688:       bap$b1726.73/4/8/1726/fol.108/igreja de sao tiago/vigario manuel rodrigues
1689: 
1690: bap$b1726.73
1690:          n$jose/m/id=b1726.73-per1
1691: 
1692:          pn$jose marques/id=b1726.73-per2
1693:             ls$naturalidade/paleao
1694:             ls$residencia/lagem
1695: 
1696:          mn$isabel de oliveira lagem/id=b1726.73-per3
1697: 
1698:          pad$jose martins/id=b1726.73-per4
1699:             ls$ec/solteiro
1700:             ls$residencia/lagem
1701: 
1702:          mad$luisa/id=b1726.73-per5
1703:             ls$ec/solteira
1704:             ls$residencia/lagem
1705: 
1706:          pmad$manuel de oliveira/id=b1726.73-per6
1707:             ls$residencia/lagem
1708: 
1709:       bap$b1726.74/8/8/1726/fol.108/igreja de sao tiago/padre manuel rodrigues alvaro
1710: 
1711: bap$b1726.74
1711:          n$joao/m/id=b1726.74-per1
1712: 
1713:          pn$manuel rodrigues/id=b1726.74-per2
1714:             ls$naturalidade/oureca
1715:             ls$residencia/quinta do cano/obs=propriedade de joao da costa de vasconcelos
1716: 
1717:          mn$catarina joao/id=b1726.74-per3
1718:             ls$naturalidade/sobral
1719: 
1720:          pad$joao da costa de vasconcelos/id=1726-b74-joao
1721:             ls$residencia/soure
1722: 
1723:          mad$alexandra/id=1726-b74-alexandra
1724:             ls$titulo/dona
1725:             ls$residencia/soure
1726:             rel$parentesco/nora/joao da costa de vasconcelos/1726-b74-joao
1727: 
1728:          referido$luis ribeiro cabral/id=b1726.74-per4
1729:             ls$profissao/padre
1730:             ls$residencia/soure
1731:             rel$sociabilidade/procurador/alexandra/1726-b74-alexandra
1732: 
1733:       bap$b1726.75/21/8/1726/fol.108/igreja de sao tiago/vigario manuel rodrigues
1734: 
1735: bap$b1726.75
1735:          n$joaquim/m/id=1726-b75-joaquim
1736:             ls$enjeitado/sim/obs=exposto no alpendre da ermida de santo andre em casal novo
1737: 
1738:          pn$nome desconhecido/id=b1726.75-per1
1739: 
1740:          mn$nome desconhecido/id=b1726.75-per2
1741: 
1742:          pad$manuel cardoso/id=b1726.75-per3
1743:             ls$residencia/casal novo
1744: 
1745:          mad$antonia/id=b1726.75-per4
1746:             ls$ec/solteira
1747:             ls$residencia/soure
1748: 
1749:          pmad$manuel gomes pinheiro/id=b1726.75-per5
1750:             ls$residencia/soure
1751: 
1752:          referida$mariana mendes/id=1726-b75-mariana
1753:             ls$residencia/soure
1754:             rel$sociabilidade/ama/joaquim/1726-b75-joaquim
1755: 
1756:          referido$luis da silva/id=b1726.75-per6
1757:             ls$residencia/soure
1758:             rel$parentesco/marido/mariana mendes/1726-b75-mariana
1759: 
1760:       bap$b1726.76/9/9/1726/fol.108-108v/igreja de sao tiago/vigario manuel rodrigues
1761: 
1762: bap$b1726.76
1762:          n$maria/f/id=b1726.76-per1
1763: 
1764:          pn$antonio rodrigues/id=b1726.76-per2
1765:             ls$naturalidade/simoes
1766:             ls$residencia/simoes
1767: 
1768:          mn$josefa lourenca/id=b1726.76-per3
1769:             ls$naturalidade/simoes
1770: 
1771:          pad$manuel goncalves branco/id=b1726.76-per4
1772:             ls$alcunha/o moco
1773:             ls$residencia/mogadouro
1774: 
1775:          mad$maria/id=b1726.76-per5
1776:             ls$ec/solteira
1777:             ls$residencia/simoes
1778: 
1779:          pmad$joao lourenco/id=b1726.76-per6
1780:             ls$residencia/simoes
1781: 
1782:       bap$b1726.77/15/9/1726/fol.108v/igreja de sao tiago/vigario manuel rodrigues
1783: 
1784: bap$b1726.77
1784:          n$domingos/m/id=b1726.77-per1
1785: 
1786:          pn$manuel martins/id=b1726.77-per2
1787:             ls$naturalidade/cadaval pequeno
1788:             ls$freguesia/furadouro
1789:             ls$residencia/presa
1790: 
1791:          mn$maria rodrigues/id=b1726.77-per3
1792:             ls$naturalidade/presa
1793: 
1794:          pad$manuel antunes/id=b1726.77-per4
1795:             ls$alcunha/o moco
1796:             ls$residencia/presa
1797: 
1798:          mad$luisa/id=b1726.77-per5
1799:             ls$ec/solteira
1800:             ls$residencia/presa
1801: 
1802:          pmad$manuel antunes/id=b1726.77-per6
1803:             ls$alcunha/o velho
1804:             ls$residencia/presa
1805: 
1806:       bap$b1726.78/22/9/1726/fol.108v-109/igreja de sao tiago/padre joao gaspar
1807: 
1808: bap$b1726.78
1808:          n$caetana/f/id=b1726.78-per1
1809: 
1810:          pn$joao rodrigues/id=b1726.78-per2
1811:             ls$naturalidade/casal da venda
1812:             ls$residencia/casalinhos
1813: 
1814:          mn$isabel francisca/id=b1726.78-per3
1815:             ls$naturalidade/casalinhos
1816: 
1817:          pad$joao/id=1726-b78-joao
1818:             ls$ec/solteiro
1819:             ls$residencia/casalinhos
1820: 
1821:          mad$maria/id=b1726.78-per4
1822:             ls$ec/solteira
1823:             ls$residencia/casal da venda
1824: 
1825:          pmad$joao/id=b1726.78-per5
1826:             ls$residencia/casal da venda
1827: 
1828:          referido$manuel da fonseca/id=b1726.78-per6
1829:             ls$residencia/casalinhos
1830:             rel$parentesco/pai/joao/1726-b78-joao
1831: 
1832:       bap$b1726.79/23/9/1726/fol.109/igreja de sao tiago/vigario manuel rodrigues
1833: 
1834: bap$b1726.79
1834:          n$maria/f/id=1726-b79-maria
1835: 
1836:          pn$antonio cardoso/id=b1726.79-per1
1837:             ls$naturalidade/soure
1838:             ls$residencia/soure
1839: 
1840:          mn$catarina rodrigues/id=b1726.79-per2
1841:             ls$naturalidade/gesteira
1842: 
1843:          pad$jose da costa velho/id=b1726.79-per3
1844:             ls$profissao/padre
1845:             ls$residencia/soure
1846:             rel$sociabilidade/baptizou em necessidade/maria/1726-b79-maria
1847: 
1848:          mad$luisa/id=1726-b79-luisa
1849:             ls$ec/solteira
1850:             ls$residencia/soure
1851: 
1852:          pmad$luis de seabra jacques/id=b1726.79-per4
1853:             ls$residencia/soure
1854:             rel$parentesco/irmao/luisa/1726-b79-luisa
1855: 
1856:       bap$b1726.80/23/9/1726/fol.109/igreja de sao tiago/vigario manuel rodrigues
1857: 
1858: bap$b1726.80
1858:          n$antonio/m/id=b1726.80-per1
1859: 
1860:          pn$jose martins camouco/id=b1726.80-per2
1861:             ls$naturalidade/pinheiro
1862:             ls$residencia/soure
1863: 
1864:          mn$isabel joao/id=b1726.80-per3
1865:             ls$naturalidade/venda nova
1866:             ls$freguesia/tapeus
1867: 
1868:          pad$antonio antunes ribeiro/id=1726-b80-antonio
1869:             ls$residencia/soure
1870: 
1871:          mad$maria/id=1726-b80-maria
1872:             ls$ec/solteira
1873:             ls$residencia/soure
1874:             rel$parentesco/filha/antonio antunes ribeiro/1726-b80-antonio
1875: 
1876:          referido$joao/id=b1726.80-per4
1877:             ls$ec/solteiro
1878:             ls$residencia/soure
1879:             rel$sociabilidade/procurador/maria/1726-b80-maria
1880:             rel$parentesco/irmao/maria/1726-b80-maria
1881:             rel$parentesco/filho/antonio antunes ribeiro/1726-b80-antonio
1882: 
1883:       bap$b1726.81/26/9/1726/fol.109-109v/igreja de sao tiago/vigario manuel rodrigues
1884: 
1885: bap$b1726.81
1885:          n$josefa/f/id=b1726.81-per1
1886: 
1887:          pn$jose de oliveira/id=b1726.81-per2
1888:             ls$naturalidade/sao mateus
1889:             ls$residencia/lousoes
1890: 
1891:          mn$maria ?/obs=papel rasgado/id=b1726.81-per3
1892:             ls$naturalidade/lousoes
1893: 
1894:          pad$manuel rodrigues/id=b1726.81-per4
1895:             ls$alcunha/o moco
1896:             ls$residencia/pencarpia
1897: 
1898:          mad$esperanca/id=b1726.81-per5
1899:             ls$ec/solteira
1900:             ls$residencia/lousoes
1901: 
1902:          mmad$domingas simoes/id=b1726.81-per6
1903:             ls$ec/viuva
1904:             ls$residencia/lousoes
1905: 
1906:       bap$b1726.82/29/9/1726/fol.109v/igreja de sao tiago/vigario manuel rodrigues
1907: 
1908: bap$b1726.82
1908:          n$isabel/f/id=b1726.82-per1
1909: 
1910:          pn$joao francisco/id=b1726.82-per2
1911:             ls$naturalidade/paleao
1912:             ls$residencia/paleao
1913: 
1914:          mn$maria marques/id=b1726.82-per3
1915:             ls$naturalidade/paleao
1916: 
1917:          pad$manuel madeira/id=b1726.82-per4
1918:             ls$profissao/padre
1919:             ls$residencia/paleao
1920: 
1921:          mad$isabel cardosa/id=b1726.82-per5
1922: 
1923:          mrmad$manuel soares/id=b1726.82-per6
1924:             ls$residencia/paleao
1925: 
1926:       bap$b1726.83/5/10/1726/fol.109v/igreja de sao tiago/vigario manuel rodrigues
1927: 
1928: bap$b1726.83
1928:          n$jose/m/id=b1726.83-per1
1929: 
1930:          pn$joao henriques cavaco/id=b1726.83-per2
1931:             ls$naturalidade/soure
1932:             ls$residencia/soure
1933: 
1934:          mn$angela pereira/id=b1726.83-per3
1935:             ls$naturalidade/casa velha
1936: 
1937:          pad$manuel de tavora/id=b1726.83-per4
1938:             ls$profissao/padre
1939:             ls$residencia/soure
1940: 
1941:          mad$teresa josefa caetana cavaca/id=1726-b83-teresa
1942:             ls$residencia/vinha da rainha
1943: 
1944:          mrmad$jose henriques cavaco/id=b1726.83-per5
1945:             ls$residencia/vinha da rainha
1946:             rel$sociabilidade/procurador/teresa josefa caetana cavaca/1726-b83-teresa
1947: 
1948:       bap$b1726.84/6/10/1726/fol.110/igreja de sao tiago/padre joao gaspar
1949: 
1950: bap$b1726.84
1950:          n$luisa/f/id=b1726.84-per1
1951: 
1952:          pn$diogo rodrigues de andrade/id=b1726.84-per2
1953:             ls$naturalidade/casal das brancas
1954:             ls$residencia/soure
1955: 
1956:          mn$francisca rodrigues/id=b1726.84-per3
1957:             ls$naturalidade/soure
1958: 
1959:          pad$francisco trindade/id=b1726.84-per4
1960:             ls$cargo/ermitao de sao francisco
1961:             ls$residencia/soure
1962: 
1963:          mad$catarina/id=b1726.84-per5
1964:             ls$residencia/casal das brancas
1965: 
1966:          pmad$antonio de andrade/id=b1726.84-per6
1967:             ls$residencia/casal das brancas
1968: 
1969:       bap$b1726.85/10/10/1726/fol.110/igreja de sao tiago/vigario manuel rodrigues
1970: 
1971: bap$b1726.85
1971:          n$antonio/m/id=b1726.85-per1
1972: 
1973:          pn$manuel jorge/id=b1726.85-per2
1974:             ls$naturalidade/marzagao
1975:             ls$residencia/marzagao
1976: 
1977:          mn$maria francisca/id=b1726.85-per3
1978:             ls$naturalidade/casal da rolha
1979:             ls$freguesia/lourical
1980: 
1981:          pad$manuel goncalves branco/id=b1726.85-per4
1982:             ls$alcunha/o moco
1983:             ls$residencia/mogadouro
1984: 
1985:          mad$antonia/id=b1726.85-per5
1986:             ls$ec/solteira
1987:             ls$residencia/soure
1988: 
1989:          pmad$manuel de brito/id=b1726.85-per6
1990:             ls$residencia/soure
1991: 
1992:       bap$b1726.86/13/10/1726/fol.110/igreja de sao tiago/padre joao gaspar
1993: 
1994: bap$b1726.86
1994:          n$rosa/f/id=b1726.86-per1
1995: 
1996:          pn$jorge monteiro/id=b1726.86-per2
1997:             ls$naturalidade/soure
1998:             ls$residencia/soure
1999: 
2000:          mn$teresa de jesus/id=b1726.86-per3
2001:             ls$naturalidade/soure
2002: 
2003:          pad$jose da costa/id=1726-b86-jose
2004:             ls$profissao/carpinteiro
2005:             ls$residencia/soure
2006: 
2007:          mad$leonarda pereira/id=b1726.86-per4
2008:             ls$residencia/soure
2009:             rel$parentesco/mulher/jose da costa/1726-b86-jose
2010: 
2011:       bap$b1726.87/21/10/1726/fol.110/igreja de sao tiago/vigario manuel rodrigues
2012: 
2013: bap$b1726.87
2013:          n$luisa/f/id=b1726.87-per1
2014: 
2015:          pn$francisco da silva/id=b1726.87-per2
2016:             ls$naturalidade/almagreira
2017:             ls$residencia/casais da misericordia
2018: 
2019:          mn$ana dias/id=b1726.87-per3
2020:             ls$naturalidade/casais da misericordia
2021: 
2022:          pad$bernardo de santo antonio/id=b1726.87-per4
2023:             ls$profissao/padre
2024:             ls$ordem/santo agostinho
2025:             ls$naturalidade/soure
2026: 
2027:          mad$luisa/id=b1726.87-per5
2028:             ls$ec/solteira
2029:             ls$residencia/casais da misericordia
2030: 
2031:          mmad$maria dias/id=b1726.87-per6
2032:             ls$ec/viuva
2033:             ls$residencia/casais da misericordia
2034: 
2035:       bap$b1726.88/21/10/1726/fol.110v/igreja de sao tiago/vigario manuel rodrigues
2036: 
2037: bap$b1726.88
2037:          n$jose/m/id=b1726.88-per1
2038: 
2039:          pn$jose mateus/id=b1726.88-per2
2040:             ls$naturalidade/paleao
2041:             ls$residencia/paleao
2042: 
2043:          mn$madalena duarte/id=b1726.88-per3
2044:             ls$naturalidade/migalho
2045: 
2046:          pad$jose soares/id=b1726.88-per4
2047:             ls$residencia/paleao
2048: 
2049:          mad$antonia soares/id=b1726.88-per5
2050: 
2051:          mrmad$jose gaspar/id=b1726.88-per6
2052:             ls$residencia/paleao
2053: 
2054:       bap$b1726.89/27/10/1726/fol.110v-111/igreja de sao tiago/vigario manuel rodrigues
2055: 
2056: bap$b1726.89
2056:          n$isabel/f/id=b1726.89-per1
2057: 
2058:          pn$joao dinis/id=b1726.89-per2
2059:             ls$naturalidade/oureca
2060:             ls$residencia/oureca
2061: 
2062:          mn$maria rodrigues/id=b1726.89-per3
2063:             ls$naturalidade/alencarce de baixo
2064: 
2065:          pad$jose/id=1726-b89-jose
2066:             ls$ec/solteiro
2067:             ls$residencia/alencarce debaixo
2068: 
2069:          mad$isabel goncalves/id=b1726.89-per4
2070:             ls$ec/solteira
2071:             ls$residencia/oureca
2072: 
2073:          referido$joao goncalves camas/id=b1726.89-per5
2074:             ls$residencia/alencarce de baixo
2075:             rel$parentesco/pai/jose/1726-b89-jose
2076: 
2077:       bap$b1726.90/27/10/1726/fol.111/igreja de sao tiago/padre jose rodrigues da paz
2078: 
2079: bap$b1726.90
2079:          n$maria/f/id=1726-b90-maria
2080: 
2081:          pn$antonio rodrigues/id=b1726.90-per1
2082:             ls$naturalidade/vale da borra
2083:             ls$residencia/soure
2084: 
2085:          mn$mariana de jesus/id=b1726.90-per2
2086:             ls$naturalidade/soure
2087: 
2088:          pad$jose rodrigues da paz/id=b1726.90-per3
2089:             ls$profissao/padre
2090:             ls$residencia/soure
2091:             rel$sociabilidade/baptizou em necessidade/maria/1726-b90-maria
2092: 
2093:          mad$catarina/id=1726-b90-catarina
2094:             ls$ec/solteira
2095:             ls$residencia/sao mateus
2096: 
2097:          referido$jose pereira/id=b1726.90-per4
2098:             ls$residencia/sao mateus
2099:             rel$parentesco/irmao/catarina/1726-b90-catarina
2100: 
2101:       bap$b1726.91/3/11/1726/fol./igreja de sao tiago/vigario manuel rodrigues
2102: 
2103: bap$b1726.91
2103:          n$jose/m/id=b1726.91-per1
2104:             ls$ilegitimo/sim
2105: 
2106:          mn$antonia barbeira/id=b1726.91-per2
2107:             ls$ec/solteira
2108:             ls$naturalidade/sobral
2109:             ls$residencia/sobral
2110: 
2111:          pad$martinho ca cunha de eca/id=b1726.91-per3
2112:             ls$residencia/soure
2113: 
2114:          mad$maria francisca/id=b1726.91-per4
2115: 
2116:          mrmad$jose duarte/id=b1726.91-per5
2117:             ls$residencia/sobral
2118: 
2119:       bap$b1726.92/10/11/1726/fol.111/igreja de sao tiago/padre joao gaspar
2120: 
2121: bap$b1726.92
2121:          n$teresa/f/id=b1726.92-per1
2122: 
2123:          pn$antonio ribeiro/id=b1726.92-per2
2124:             ls$naturalidade/soure
2125:             ls$residencia/soure
2126: 
2127:          mn$jacinta da conceicao/id=b1726.92-per3
2128:             ls$naturalidade/soure
2129: 
2130:          pad$joaquim manuel/id=b1726.92-per4
2131:             ls$residencia/lisboa
2132: 
2133:          mad$teresa de noronha/id=b1726.92-per5
2134: 
2135:          mrmad$jose de carvalho/id=b1726.92-per6
2136:             ls$residencia/soure
2137: 
2138:       bap$b1726.93/11/11/1726/fol.111v/igreja de sao tiago/padre joao gaspar
2139: 
2140: bap$b1726.93
2140:          n$maria/f/id=b1726.93-per1
2141: 
2142:          pn$joao rodrigues rainho/id=b1726.93-per2
2143:             ls$naturalidade/sobral
2144:             ls$residencia
2145: 

ERROR: bap1726.cli line 2145 ** Error: missing element(s) in ls(att-728) must have: valor
Near line: 2145 
Near line: 2146          mn$maria rodrigues/id=b1726.93-per3

2146:          mn$maria rodrigues/id=b1726.93-per3
2147:             ls$naturalidade/sobral
2148: 
2149:          pad$jose/id=1726-b93-jose
2150:             ls$ec/solteiro
2151:             ls$residencia/sobral
2152: 
2153:          mad$esperanca rodrigues/id=b1726.93-per4
2154: 
2155:          mrmad$joao henriques/id=b1726.93-per5
2156:             ls$residencia/sobral
2157: 
2158:          referida$isabel francisca/id=b1726.93-per6
2159:             ls$ec/viuva
2160:             ls$residencia/sobral
2161:             rel$parentesco/mae/jose/1726-93-jose
2162: 
2163:       bap$b1726.94/13/11/1726/fol.111/igreja de sao tiago/padre joao gaspar
2164: 
2165: bap$b1726.94
2165:          n$maria/f/id=b1726.94-per1
2166: 
2167:          pn$joao rodrigues coelho/id=b1726.94-per2
2168:             ls$naturalidade/bonitos
2169:             ls$residencia/casais da misericordia
2170: 
2171:          mn$maria carvalha/id=b1726.94-per3
2172:             ls$naturalidade/casais da misericordia
2173: 
2174:          pad$jose/id=1726-b94-jose
2175:             ls$ec/solteiro
2176:             ls$residencia/casais da misericordia
2177: 
2178:          mad$maria simoes/id=b1726.94-per4
2179: 
2180:          mrmad$manuel rodrigues vaquinha/id=b1726.94-per5
2181:             ls$residencia/moinhos da figueirinha
2182:             ls$freguesia/redinha
2183: 
2184:          referida$maria dias/id=b1726.94-per6
2185:             ls$ec/viuva
2186:             ls$residencia/casais da misericordia
2187:             rel$parentesco/mae/jose/1726-b94-jose
2188: 
2189:       bap$b1726.95/24/11/1726/fol.111/igreja de sao tiago/vigario manuel rodrigues
2190: 
2191: bap$b1726.95
2191:          n$custodia/f/id=b1726.95-per1
2192:             ls$ilegitima/sim
2193: 
2194:          mn$catarina/id=b1726.95-per2
2195:             ls$ec/solteira
2196:             ls$naturalidade/casal da venda
2197:             ls$residencia/casal da venda/obs=junto ao sobral
2198: 
2199:          pad$manuel/id=1726-b95-manuel
2200:             ls$ec/solteiro
2201:             ls$residencia/sobral
2202: 
2203:          mad$maior/id=b1726.95-per3
2204:             ls$ec/solteiro
2205:             ls$titulo/dona
2206:             rel$parentesco/irma/manuel/1726-b95-manuel
2207: 
2208:          pmad$jose da cunha/id=b1726.95-per4
2209:             ls$ec/viuvo
2210:             ls$residencia/sobral
2211:             rel$parentesco/pai/manuel/1726-b95-manuel
2212: 
2213:       bap$b1726.96/24/11/1726/fol.112/igreja de sao tiago/vigario manuel rodrigues
2214: 
2215: bap$b1726.96
2215:          n$bernardo/m/id=b1726.96-per1
2216: 
2217:          pn$joao rodrigues/id=b1726.96-per2
2218:             ls$naturalidade/sobral
2219:             ls$residencia/sobral
2220: 
2221:          mn$maria cardosa/id=b1726.96-per3
2222:             ls$naturalidade/casal de montais
2223: 
2224:          pad$manuel/id=1726-b96-manuel
2225:             ls$ec/solteiro
2226:             ls$residencia/casal dos montais
2227: 
2228:          mad$maria domingues/id=b1726.96-per4
2229: 
2230:          mrmad$miguel rodrigues/id=b1726.96-per5
2231:             ls$residencia/sobral
2232: 
2233:          referida$catarina cardosa/id=b1726.96-per6
2234:             ls$ec/viuva
2235:             ls$residencia/casal dos montais
2236:             rel$parentesco/mae/manuel/1726-b96-manuel
2237: 
2238:       bap$b1726.97/24/11/1726/fol.112/igreja de sao tiago/vigario manuel rodrigues
2239: 
2240: bap$b1726.97
2240:          n$catarina/f/id=b1726.97-per1
2241: 
2242:          pn$joao mateus/id=b1726.97-per2
2243:             ls$naturalidade/vila nova de ancos
2244:             ls$residencia/espirito santo
2245: 
2246:          mn$maria goncalves/id=b1726.97-per3
2247:             ls$naturalidade/espirito santo
2248: 
2249:          pad$antonio goncalves/id=b1726.97-per4
2250:             ls$ec/solteiro
2251:             ls$residencia/espirito santo
2252: 
2253:          mad$catarina francisca/id=b1726.97-per5
2254: 
2255:          mrmad$luis goncalves capao/id=b1726.97-per6
2256:             ls$residencia/casal das brancas
2257: 
2258:       bap$b1726.98/1/12/1726/fol.112-112v/igreja de sao tiago/vigario manuel rodrigues
2259: 
2260: bap$b1726.98
2260:          n$domingos/m/id=1726-b98-domingos
2261: 
2262:          pn$joao rodrigues/id=b1726.98-per1
2263:             ls$naturalidade/alencarce de cima
2264:             ls$residencia/alencarce de cima
2265: 
2266:          mn$maria madeira/id=b1726.98-per2
2267:             ls$naturalidade/alencarce de cima
2268: 
2269:          pad$joao ramos/id=b1726.98-per3
2270:             ls$residencia/alencarce de cima
2271: 
2272:          mad$josefa de carvalho/id=1726-b98-josefa
2273:             ls$ec/solteira
2274:             ls$residencia/alencarce de cima
2275: 
2276:          referida$isabel madeira/id=1726-b98-isabel
2277:             ls$residencia/alencarce de cima
2278:             rel$sociabilidade/procuradora/josefa de carvalho/1726-b98-josefa
2279: 
2280:          referido$jose madeira/id=b1726.98-per4
2281:             ls$residencia/alencarce de cima
2282:             rel$parentesco/marido/isabel madeira/1726-b98-isabel
2283: 
2284:          referido$domingos joao/id=b1726.98-per5
2285:             ls$profissao/padre
2286:             ls$residencia/alencarce de cima
2287:             rel$sociabilidade/baptizou em necessidade/domingos/1726-b98-domingos
2288: 
2289:       bap$b1726.99/28/12/1726/fol.112v/igreja de sao tiago/sebastiao ferreira dos olivais
2290: 
2291: bap$b1726.99
2291:          n$sebastiao/m/id=b1726.99-per1
2292: 
2293:          pn$andre goncalves/id=b1726.99-per2
2294:             ls$naturalidade/melrical
2295:             ls$residencia/soure
2296: 
2297:          mn$luisa pereira/id=b1726.99-per3
2298:             ls$naturalidade/casa velha
2299: 
2300:          pad$sebastiao ferreira dos olivais/id=1726-b99-sebastiao
2301:             ls$profissao/padre
2302:             ls$residencia/soure
2303:             rel$sociabilidade/procurador/francisca/1726-b99-francisca
2304: 
2305:          mad$francisca/id=1726-b99-francisca
2306:             ls$residencia/soure
2307:             rel$parentesco/irma/sebastiao ferreira dos olivais/1726-b99-sebastiao
2308: 
2309:       bap$b1726.100/29/12/1726/fol.112v/igreja de sao tiago/vigario manuel rodrigues
2310: 
2311: bap$b1726.100
2311:          n$manuel/m/id=b1726.100-per1
2312: 
2313:          pn$manuel jorge/id=b1726.100-per2
2314:             ls$naturalidade/presa
2315:             ls$residencia/presa
2316: 
2317:          mn$catarina simoes/id=b1726.100-per3
2318:             ls$naturalidade/presa
2319: 
2320:          pad$tome simoes/obs=duvidas no nome/id=b1726.100-per4
2321:             ls$residencia/cadaval grande
2322:             ls$freguesia/furadouro
2323: 
2324:          mad$maria/id=b1726.100-per5
2325:             ls$ec/solteira
2326:             ls$residencia/quinta
2327: 
2328:          pmad$antonio rodrigues/id=b1726.100-per6
2329:             ls$residencia/quinta
2330: 
2331:       bap$b1726.101/29/12/176/fol.112v-113/igreja de sao tiago/vigario manuel rodrigues
2332: 
2333: bap$b1726.101
2333:          n$joao/m/id=b1726.101-per1
2334: 
2335:          pn$domingos de oliveira/id=b1726.101-per2
2336:             ls$naturalidade/sao mateus
2337:             ls$residencia/crocozes
2338: 
2339:          mn$maria cardosa/id=b1726.101-per3
2340:             ls$naturalidade/crocozes
2341: 
2342:          pad$joao mendes/id=1726-b101-joao
2343:             ls$residencia/sao mateus
2344: 
2345:          mad$josefa/id=b1726.101-per4
2346:             ls$ec/solteira
2347:             ls$residencia/sao mateus
2348:             rel$parentesco/filha/joao mendes/1726-b101-joao
2349: *** End of File
2  errors. 
0  warnings.
Translation finished.
