ClioInput - version @@VERSION@@ - build @@BUILD@@ @@DATE@@
13-6-2019 22-51

Processing data file bap1727.cli
-------------------------------------------
Generic Act translation module with geoentities (XML).
     Joaquim Ramos de Carvalho (joaquim@uc.pt) 
** New document: kleio
1: kleio$gacto2.str/translations=2
=========================
kleio translation started
=========================
Structure: gacto2.str
Prefix: 
Autorel: 
Translation count: 2
Obs: 
2:    fonte$baptizados 1727/1727/paroquiais/auc/obs=em muito mau estado
3: 
** Processing source fonte$baptizados 1727
4:       bap$b1727.01/5/1/1727/fol.113/igreja de sao tiago/padre manuel rodrigues alvaro
5: 
6: bap$b1727.01
6:          n$maria/f/id=b1727.01-per1
7: 
8:             pn$joao rodrigues/id=b1727.01-per2
9:                ls$naturalidade/rolhao
10:                ls$residencia/paleao
11: 
12:             mn$caetana pereira/id=b1727.01-per3
13:                ls$naturalidade/paleao
14: 
15:             pad$jose rodrigues gante/id=1727-b1-jose
16:                ls$profissao/padre
17:                ls$residencia/paleao
18: 
19:             mad$ana/id=b1727.01-per4
20:                ls$ec/solteira
21:                ls$residencia/paleao
22:                rel$parentesco/irma/jose rodrigues gante/1727-b1-jose
23: 
24:       bap$b1727.2/10/1/1727/fol.113/igreja de sao tiago/padre manuel rodrigues alvaro
25: 
26: bap$b1727.2
26:          n$maria/f/id=1727-b2-maria
27: 
28:             pn$manuel alves/id=b1727.2-per1
29:                ls$naturalidade/casalinhos
30:                ls$residencia/soure
31: 
32:             mn$maria de almeida/id=b1727.2-per2
33:                ls$naturalidade/pombal
34: 
35:             pad$dionisio de magalhaes/id=b1727.2-per3
36:                ls$residencia/soure
37: 
38:             mad$maria duarte/id=b1727.2-per4
39:                ls$ec/solteira
40:                ls$residencia/casalinhos
41: 
42:             referido$manuel rodrigues alvaro/id=b1727.2-per5
43:                ls$profissao/padre
44:                ls$cargo/tesoureiro
45:                ls$residencia/soure
46:                rel$sociabilidade/baptizou em necessidade/maria/1727-b2-maria
47: 
48:       bap$b1727.3/13/1/1727/fol.113v/igreja de sao tiago/vigario manuel rodrigues
49: 
50: bap$b1727.3
50:          n$antonio/m/id=b1727.3-per1
51:             ls$ilegitimo/sim
52: 
53:             mn$isabel/id=b1727.3-per2
54:                ls$ec/solteira
55:                ls$naturalidade/lamas
56:                ls$residencia/melrical/obs=o filho antonio nasceu em casa de antonio lopes do melrical
57: 
58:             pad$miguel da gante/id=b1727.3-per3
59:                ls$residencia/casal da grizoma
60: 
61:             mad$catarina/id=b1727.3-per4
62:                ls$ec/solteira
63:                ls$residencia/casal da grizoma
64: 
65:                pmad$guiomar da silva/id=b1727.3-per5
66:                   ls$ec/viuva
67:                   ls$residencia/casal da grizoma
68: 
69:       bap$b1727.4/15/1/1727/fol.113v/igreja de sao tiago/padre manuel rodrigues alvaro
70: 
71: bap$b1727.4
71:          n$antonia/f/id=1727-b4-antonia
72: 
73:             pn$joao de carvalho/id=b1727.4-per1
74:                ls$naturalidade/delgados
75:                ls$residencia/simoes
76: 
77:             mn$josefa goncalves/id=b1727.4-per2
78:                ls$naturalidade/simoes
79: 
80:             pad$joao francisco/id=b1727.4-per3
81:                ls$residencia/simoes
82: 
83:             mad$maria francisca/id=1727-b4-maria
84:                ls$residencia/simoes
85: 
86:             referido$jose gaspar/id=b1727.4-per4
87:                ls$residencia/simoes
88:                rel$parentesco/marido/maria francisca/1727-b4-maria
89:                rel$sociabilidade/baptizou em necessidade/antonia/1727-b4-antonia
90: 
91:       bap$b1727.5/19/1/1726/fol.113v-114/igreja de sao tiago/vigario manuel rodrigues
92: 
93: bap$b1727.5
93:          n$luisa/f/id=b1727.5-per1
94: 
95:             pn$manuel antunes/id=b1727.5-per2
96:                ls$naturalidade/alencarce de cima
97:                ls$residencia/alencarce de cima
98: 
99:             mn$maria cardosa/id=b1727.5-per3
100:                ls$naturalidade/alencarce de baixo
101: 
102:             pad$joao sequeira coelho/id=b1727.5-per4
103:                ls$cargo/juiz dos orfaos
104:                ls$residencia/soure
105: 
106:             mad$luisa/id=b1727.5-per5
107:                ls$ec/solteira
108:                ls$residencia/cascao
109: 
110:                mmad$ana rodrigues/id=b1727.5-per6
111:                   ls$ec/viuva
112:                   ls$residencia/cascao
113: 
114:       bap$b1727.6/29/1/1727/fol.114/igreja de sao tiago/vigario manuel rodrigues
115: 
116: bap$b1727.6
116:          n$manuel/m/id=1727-b6-manuel
117: 
118:             pn$joao afonso/id=b1727.6-per1
119:                ls$naturalidade/paleao
120:                ls$residencia/paleao
121: 
122:             mn$teresa joao/id=b1727.6-per2
123:                ls$naturalidade/moinhos da figueirinha
124:                ls$freguesia/redinha
125: 
126:             pad$manuel afonso/id=1727-b6-afonso
127:                ls$profissao/padre
128:                ls$residencia/paleao
129: 
130:             mad$isabel gomes/id=1727-b6-isabel
131: 
132:                pmad$antonio gomes/id=b1727.6-per3
133:                   ls$residencia/castanheira/obs=arcebispado de lisboa oriental
134: 
135:             referido$joao rodrigues/id=b1727.6-per4
136:                ls$naturalidade/rolhao
137:                ls$residencia/paleao
138:                rel$sociabilidade/baptizou em necessidade/manuel/1727-b6-manuel
139: 
140:             referido$joao gomes da cruz/id=b1727.6-per5
141:                ls$residencia/paleao
142:                rel$sociabilidade/procurador/manuel afonso/1727-b6-afonso
143: 
144:             referido$jose afonso/id=b1727.6-per6
145:                ls$residencia/paleao
146:                rel$sociabilidade/procurador/isabel gomes/1727-b6-isabel
147: 
148:       bap$b1727.7/2/2/1727/fol.114/igreja de sao tiago/padre manuel rodrigues alvaro
149: 
150: bap$b1727.7
150:          n$joao/m/id=b1727.7-per1
151: 
152:             pn$manuel goncalves/id=b1727.7-per2
153:                ls$naturalidade/espirito santo
154:                ls$residencia/espirito santo
155: 
156:             mn$mariana nunes/id=b1727.7-per3
157:                ls$naturalidade/espirito santo
158: 
159:             pad$joao colaco/id=b1727.7-per4
160:                ls$ec/solteiro
161:                ls$residencia/espirito santo
162: 
163:             mad$maria/id=b1727.7-per5
164:                ls$ec/solteira
165:                ls$residencia/espirito santo
166: 
167:                pmad$jose goncalves/id=b1727.7-per6
168:                   ls$residencia/espirito santo
169: 
170:       bap$b1727.8/2/2/1727/fol.114v/igreja de sao tiago/padre manuel rodrigues alvaro
171: 
172: bap$b1727.8
172:          n$josefa/f/id=b1727.8-per1
173: 
174:             pn$jose rodrigues/id=b1727.8-per2
175:                ls$naturalidade/alvorge
176:                ls$residencia/cavaleiros
177: 
178:             mn$josefa simoes/id=b1727.8-per3
179:                ls$naturalidade/cavaleiros
180: 
181:             pad$francisco homem de quadros/id=b1727.8-per4
182:                ls$residencia/soure
183: 
184:             mad$josefa de azevedo/id=1727-b8-josefa
185:                ls$residencia/soure
186: 
187:             referido$manuel rodrigues descalco/id=b1727.8-per5
188:                ls$residencia/soure
189:                rel$sociabilidade/procurador/josefa de azevedo/1727-b8-josefa
190: 
191:       bap$b1727.9/10/2/1727/fol.114v/igreja de sao tiago/padre joao gaspar
192: 
193: bap$b1727.9
193:          n$dionisia/f/id=b1727.9-per1
194: 
195:             pn$joao da cunha/id=b1727.9-per2
196:                ls$naturalidade/sobral
197:                ls$residencia/sobral
198: 
199:             mn$luisa maria/id=b1727.9-per3
200:                ls$naturalidade/sobral
201: 
202:             pad$dionisio de magalhaes pinto/id=b1727.9-per4
203:                ls$residencia/soure
204: 
205:             mad$maria rodrigues/id=1725-b9-maria
206: 
207:                mrmad$joao rodrigues/id=b1727.9-per5
208:                   ls$residencia/sobral
209:                   rel$sociabilidade/procurador/maria rodrigues/1725-b9-maria
210: 
211:       bap$b1727.10/17/2/1727/fol.114v-115/igreja de sao tiago/padre joao gaspar
212: 
213: bap$b1727.10
213:          n$josefa/f/id=b1727.10-per1
214: 
215:             pn$mateus gomes/id=b1727.10-per2
216:                ls$naturalidade/paleao
217:                ls$residencia/paleao
218: 
219:             mn$maria ?/obs=mancha de tinta no nome/id=b1727.10-per3
220:                ls$naturalidade/paleao
221: 
222:             pad$jose gaspar/id=b1727.10-per4
223:                ls$residencia/paleao
224: 
225:             mad$ana/id=b1727.10-per5
226:                ls$ec/solteira
227:                ls$residencia/paleao
228: 
229:                pmad$antonio gomes/id=b1727.10-per6
230:                   ls$residencia/paleao
231: 
232:       bap$b1727.11/17/2/1727/fol.115/igreja de sao tiago/padre joao gaspar
233: 
234: bap$b1727.11
234:          n$josefa/f/id=b1727.11-per1
235: 
236:             pn$domingos da costa/id=b1727.11-per2
237:                ls$residencia/sebal grande/obs=bispado se coimbra
238:                ls$residencia/paleao
239: 
240:             mn$luisa dos santos/id=b1727.11-per3
241:                ls$naturalidade/porto coelheiro
242: 
243:             pad$joao gaspar/id=b1727.11-per4
244:                ls$residencia/paleao
245: 
246:             mad$ana/id=b1727.11-per5
247:                ls$ec/solteira
248:                ls$residencia/paleao
249: 
250:                pmad$antonio gomes/id=b1727.11-per6
251:                   ls$residencia/paleao
252: 
253:       bap$b1727.12/24/2/1727/fol.115/igreja de sao tiago/vigario manuel rodrigues
254: 
255: bap$b1727.12
255:          n$jose/m/id=b1727.12-per1
256: 
257:             pn$manuel goncalves/id=b1727.12-per2
258:                ls$naturalidade/portela
259:                ls$profissao/sapateiro
260:                ls$residencia/carvalheira de baixo
261: 
262:             mn$isabel gaspar/id=b1727.12-per3
263:                ls$naturalidade/portela
264: 
265:             pad$manuel goncalves ferreira/id=b1727.12-per4
266:                ls$residencia/leonel
267: 
268:             mad$isabel/id=b1727.12-per5
269:                ls$ec/solteira
270:                ls$residencia/alencarce de baixo
271: 
272:                pmad$martinho goncalves/id=b1727.12-per6
273:                   ls$residencia/alencarce de baixo
274: 
275:       bap$b1727.13/24/2/1727/fol.115/igreja de sao tiago/vigario manuel rodrigues
276: 
277: bap$b1727.13
277:          n$francisco/m/id=1727-b13-francisco
278:             ls$enjeitado/sim/obs=a porta de simao pereira em vale de galegos
279: 
280:             pn$nome desconhecido/id=b1727.13-per1
281: 
282:             mn$nome desconhecido/id=b1727.13-per2
283: 
284:             pad$simao pereira/id=b1727.13-per3
285:                ls$residencia/vale de galegos
286: 
287:             mad$ana carvalha/id=1727-b13-ana
288:                ls$residencia/mogadouro
289: 
290:             referida$ ?/obs=mulher de simao pereira/id=b1727.13-per4
291:                ls$residencia/vale de galegos
292:                rel$sociabilidade/ama/francisco/1727-b13-francisco
293: 
294:             referido$bernardo carvalho/id=b1727.13-per5
295:                ls$residencia/mogadouro
296:                rel$parentesco/marido/ana carvalha/1727-b13-ana
297: 
298:       bap$b1727.14/2/3/1727/fol.115/igreja de sao tiago/vigario manuel rodrigues
299: 
300: bap$b1727.14
300:          n$manuel/m/id=b1727.14-per1
301: 
302:             pn$joao lopes/id=b1727.14-per2
303:                ls$naturalidade/barrosos
304:                ls$residencia/barrosos
305: 
306:             mn$maria goncalves/id=b1727.14-per3
307:                ls$naturalidade/barrosos
308: 
309:             pad$manuel lopes/id=b1727.14-per4
310:                ls$residencia/tomar
311: 
312:             mad$maria joao/id=b1727.14-per5
313:                ls$ec/viuva
314:                ls$residencia/vale do justo
315: 
316:       bap$b1727.15/25/3/1727/fol.115/igreja de sao tiago/padre joao gaspar
317: 
318: bap$b1727.15
318:          n$francisca/f/id=b1727.15-per1
319: 
320:             pn$manuel dias/id=b1727.15-per2
321:                ls$naturalidade/sobral
322:                ls$residencia/sobral
323: 
324:             mn$feliciana goncalves/id=b1727.15-per3
325:                ls$naturalidade/sobral
326: 
327:             pad$joao henriques de carvalho/id=b1727.15-per4
328:                ls$residencia/sobral
329: 
330:             mad$isabel/id=b1727.15-per5
331:                ls$ec/solteira
332:                ls$residencia/sobral
333: 
334:                pmad$jose goncalves/id=b1727.15-per6
335:                   ls$residencia/sobral
336: 
337:       bap$b1727.16/25/3/1727/fol.116/igreja de sao tiago/padre joao gaspar
338: 
339: bap$b1727.16
339:          n$jose/m/id=b1727.16-per1
340: 
341:             pn$domingos francisco/id=b1727.16-per2
342:                ls$naturalidade/casconho
343:                ls$residencia/casconho
344: 
345:             mn$maria lopes/id=b1727.16-per3
346:                ls$naturalidade/casconho
347: 
348:             pad$jose da silva/id=b1727.16-per4
349:                ls$residencia/casconho
350: 
351:             mad$maria joao/id=b1727.16-per5
352: 
353:                mrmad$antonio simoes/id=b1727.16-per6
354:                   ls$residencia/moinhos da figueirinha
355:                   ls$freguesia/redinha
356: 
357:       bap$b1727.17/30/3/1727/fol.116/igreja de sao tiago/padre manuel rodrigues alvaro
358: 
359: bap$b1727.17
359:          n$manuel/m/id=b1727.17-per1
360: 
361:             pn$joao rodrigues/id=b1727.17-per2
362:                ls$naturalidade/casal dos feijoes
363:                ls$residencia/barrosos
364: 
365:             mn$catarina carvalha/id=b1727.17-per3
366:                ls$naturalidade/barrosos
367: 
368:             pad$manuel goncalves branco/id=b1727.17-per4
369:                ls$alcunha/o moco
370:                ls$residencia/mogadouro
371: 
372:             mad$maria goncalves/id=b1727.17-per5
373: 
374:                mrmad$mateus carvalho/id=b1727.17-per6
375:                   ls$residencia/mogadouro
376: 
377:       bap$b1727.18/30/4/1727/fol.116/igreja de sao tiago/padre manuel rodrigues alvaro
378: 
379: bap$b1727.18
379:          n$maria/f/id=b1727.18-per1
380: 
381:             pn$jacinto da costa/id=b1727.18-per2
382:                ls$naturalidade/revelhes
383:                ls$residencia/espirito santo
384: 
385:             mn$maria goncalves/id=b1727.18-per3
386:                ls$naturalidade/espirito santo
387: 
388:             pad$joao da costa de vasconcelos/id=1727-b18-joao
389:                ls$residencia/soure
390: 
391:             mad$maria martins/id=b1727.18-per4
392: 
393:                mrmad$manuel madeira/id=b1727.18-per5
394:                   ls$residencia/cascao
395: 
396:             referido$geraldo de faria/id=b1727.18-per6
397:                ls$residencia/soure
398:                rel$sociabilidade/procurador/joao da costa de vasconcelos/1727-b18-joao
399:                rel$sociabilidade/criado/joao da costa de vasconcelos/1727-b18-joao
400: 
401:       bap$b1727.19/7/4/1727/fol.116v/igreja de sao tiago/padre joao gaspar
402: 
403: bap$b1727.19
403:          n$maria/f/id=b1727.19-per1
404: 
405:             pn$manuel nunes/id=b1727.19-per2
406:                ls$naturalidade/casa velha
407:                ls$residencia/casa velha
408: 
409:             mn$isabel pereira/id=b1727.19-per3
410:                ls$naturalidade/casa velha
411: 
412:             pad$manuel goncalves/id=b1727.19-per4
413:                ls$residencia/leonel
414: 
415:             mad$maria pereira/id=b1727.19-per5
416:                ls$ec/solteira
417:                ls$residencia/casa velha
418: 
419:       bap$b1727.20/7/4/1727/fol.116v/igreja de sao tiago/padre manuel rodrigues alvaro
420: 
421: bap$b1727.20
421:          n$jose/m/id=b1727.20-per1
422: 
423:             pn$antonio martins/id=b1727.20-per2
424:                ls$naturalidade/venda nova
425:                ls$residencia/delgados
426: 
427:             mn$maria rodrigues/id=b1727.20-per3
428:                ls$naturalidade/delgados
429: 
430:             pad$manuel goncalves branco/id=b1727.20-per4
431:                ls$alcunha/o moco
432:                ls$residencia/mogadouro
433: 
434:             mad$domingas/id=b1727.20-per5
435:                ls$ec/solteira
436:                ls$residencia/delgados
437: 
438:                pmad$francisco joao/id=b1727.20-per6
439:                   ls$residencia/delgados
440: 
441:       bap$b1727.21/8/4/1727/fol.116v/igreja de sao tiago/padre manuel rodrigues alvaro
442: 
443: bap$b1727.21
443:          n$francisco/m/id=1727-b21-francisco
444:             ls$enjeitado/sim/obs=a porta de francisco bernardes em casal novo
445: 
446:             pn$nome desconhecido/id=b1727.21-per1
447: 
448:             mn$nome desconhecido/id=b1727.21-per2
449: 
450:             pad$francisco bernardes/id=1727-b21-bernardes
451:                ls$residencia/casal novo
452: 
453:             mad$maria simoes/id=b1727.21-per3
454:                ls$residencia/casal novo
455:                rel$parentesco/mulher/fracisco bernardes/1727-b21-bernardes
456: 
457:             referida$maria francisca/id=1727-b21-maria
458:                ls$residencia/soure
459:                rel$sociabilidade/ama/francisco/1727-b21-francisco
460: 
461:             referido$domingos joao/id=b1727.21-per4
462:                ls$residencia/soure
463:                ls$profissao/hospitaleiro
464:                rel$parentesco/marido/maria francisca/1727-b21-maria
465: 
466:       bap$b1727.22/13/4/1727/fol.117/igreja de sao tiago/padre manuel rodrigues alvaro
467: 
468: bap$b1727.22
468:          n$geralgo/m/id=b1727.22-per1
469: 
470:             pn$manuel martins/id=b1727.22-per2
471:                ls$naturalidade/baixos
472:                ls$freguesia/tapeus
473:                ls$residencia/barrosos
474: 
475:             mn$escolastica de jesus/id=b1727.22-per3
476:                ls$naturalidade/barrosos
477: 
478:             pad$jose/id=1727-b22-jose
479:                ls$residencia/soure
480: 
481:             mad$felipa/id=1727-b22-felipa
482:                ls$residencia/soure
483: 
484:                pmad$jacinto da costa de vasconcelos/id=b1727.22-per4
485:                   ls$residencia/soure
486: 
487:             referido$joao da costa de vasconcelos/id=b1727.22-per5
488:                ls$residencia/soure
489:                rel$parentesco/pai/jose/1727-b22-jose
490: 
491:             referido$geraldo de faria/id=b1727.22-per6
492:                ls$profissao/criado
493:                rel$sociabilidade/procurador/jose/1722-b22-jose
494: 
495:             referido$luis ribeiro cabral/id=b1727.22-per7
496:                ls$profissao/padre
497:                ls$residencia/soure
498:                rel$sociabilidade/procurador/felipa/1727-b22-felipa
499: 
500:       bap$b1727.23/14/4/1727/fol.117/igreja de sao tiago/vigario manuel rodrigues
501: 
502: bap$b1727.23
502:          n$manuel/m/id=b1727.23-per1
503: 
504:             pn$manuel rodrigues/id=b1727.23-per2
505:                ls$naturalidade/paleao
506:                ls$residencia/sao mateus
507: 
508:             mn$esperanca gomes/id=b1727.23-per3
509:                ls$naturalidade/corujeira
510: 
511:             pad$jose rodrigues gante/id=b1727.23-per4
512:                ls$profissao/padre
513:                ls$residencia/sao mateus
514: 
515:             mad$teresa/id=b1727.23-per5
516:                ls$residencia/sao mateus
517: 
518:                pmad$joao mendes/id=b1727.23-per6
519:                   ls$residencia/sao mateus
520: 
521:       bap$b1727.24/14/4/1727/fol.117/igreja de sao tiago/vigario manuel rodrigues
522: 
523: bap$b1727.24
523:          n$teresa/f/id=b1727.24-per1
524: 
525:             pn$antonio jorge/id=b1727.24-per2
526:                ls$naturalidade/sobral
527:                ls$residencia/simoes
528: 
529:             mn$catarina rodrigues/id=b1727.24-per3
530:                ls$naturalidade/simoes
531: 
532:             pad$manuel gomes/id=b1727.24-per4
533:                ls$residencia/casal do justo
534: 
535:             mad$josefa lourenca/id=b1727.24-per5
536: 
537:                mrmad$antonio rodrigues/id=b1727.24-per6
538:                   ls$alcunha/o gago
539:                   ls$residencia/simoes
540: 
541:       bap$b1727.25/14/4/1727/fol.117v/igreja de sao tiago/vigario manuel rodrigues
542: 
543: bap$b1727.25
543:          n$maria/f/id=b1727.25-per1
544: 
545:             pn$manuel gaspar/id=b1727.25-per2
546:                ls$naturalidade/alencarce de cima
547:                ls$residencia/alencarce de cima
548: 
549:             mn$maria rodrigues/id=b1727.25-per3
550:                ls$naturalidade/alencarce de cima
551: 
552:             pad$domingos madeira/id=b1727.25-per4
553:                ls$residencia/alencarce de baixo
554: 
555:             mad$maria/id=b1727.25-per5
556:                ls$ec/solteira
557:                ls$residencia/porto coelheiro
558: 
559:                pmad$manuel rodrigues/id=b1727.25-per6
560:                   ls$cargo/capitao
561:                   ls$residencia/porto coelheiro
562: 
563:       bap$b1727.26/23/4/1727/fol.117/igreja de sao tiago/padre sebastiao ferreira dos olivais
564: 
565: bap$b1727.26
565:          n$isabel/f/id=b1727.26-per1
566: 
567:             pn$manuel ferreira/id=b1727.26-per2
568:                ls$naturalidade/bechos
569:                ls$residencia/bechos
570: 
571:             mn$catarina goncalves/id=b1727.26-per3
572:                ls$naturalidade/alencarce de baixo
573: 
574:             pad$sebastiao ferreira dos olivais/id=b1727.26-per4
575:                ls$profissao/padre
576:                ls$residencia/soure
577: 
578:             mad$isabel/id=b1727.26-per5
579:                ls$ec/solteira
580:                ls$residencia/alencarce de baixo
581: 
582:                pmad$joao goncalves camas/id=b1727.26-per6
583:                   ls$residencia/alencarce de baixo
584: 
585:       bap$b1727.27/25/4/1727/fol.117v-118/igreja de sao tiago/padre antonio da cruz
586: 
587: bap$b1727.27
587:          n$antonia/f/id=b1727.27-per1
588: 
589:             pn$joao goncalves/id=b1727.27-per2
590:                ls$naturalidade/migalho
591:                ls$residencia/casal novo
592: 
593:             mn$maria nunes/id=b1727.27-per3
594:                ls$naturalidade/casal novo
595: 
596:             pad$antonio francisco/id=b1727.27-per4
597:                ls$residencia/casal novo
598: 
599:             mad$maria/id=b1727.27-per5
600:                ls$ec/solteira
601: 
602:                pmad$antonio nunes/id=b1727.27-per6
603:                   ls$residencia/casal novo
604: 
605:       bap$b1727.28/27/4/1727/fol.118/igreja de sao tiago/padre manuel rodrigues alvaro
606: 
607: bap$b1727.28
607:          n$manuel/m/id=b1727.28-per1
608: 
609:             pn$manuel simoes/id=b1727.28-per2
610:                ls$naturalidade/podengos
611:                ls$residencia/podengos
612: 
613:             mn$maria rodrigues/id=b1727.28-per3
614:                ls$naturalidade/alencarce de cima
615: 
616:             pad$luis madeira/id=b1727.28-per4
617:                ls$residencia/alencarce de cima
618: 
619:             mad$isabel/id=b1727.28-per5
620:                ls$ec/solteira
621:                ls$residencia/alencarce de cima
622: 
623:                pmad$francisco madeira/id=b1727.28-per6
624:                   ls$residencia/alencarce de cima
625: 
626:       bap$b1727.29/4/5/1727/fol.118/igreja de sao tiago/padre manuel rodrigues alvaro
627: 
628: bap$b1727.29
628:          n$domingos/m/id=b1727.29-per1
629: 
630:             pn$joao nunes/id=b1727.29-per2
631:                ls$naturalidade/carnicais/obs=bispado de viseu
632:                ls$residencia/mogadouro
633: 
634:             mn$maria domingues/id=b1727.29-per3
635:                ls$naturalidade/mogadouro
636: 
637:             pad$domingos goncalves segurelho/id=b1727.29-per4
638:                ls$residencia/mogadouro
639: 
640:             mad$isabel francisca/id=b1727.29-per5
641: 
642:                pmad$joao francisco/id=b1727.29-per6
643:                   ls$residencia/mogadouro
644: 
645:       bap$b1727.30/4/5/1727/fol.118v/igreja de sao tiago/padre manuel rodrigues alvaro
646: 
647: bap$b1727.30
647:          n$maria/f/id=b1727.30-per1
648: 
649:             pn$joao da costa/id=b1727.30-per2
650:                ls$naturalidade/santo ildefonso
651:                ls$residencia/santo ildefonso
652: 
653:             mn$pascoa maria/id=b1727.30-per3
654:                ls$naturalidade/zambujal
655: 
656:             pad$antonio domingues/id=b1727.30-per4
657:                ls$residencia/venda nova
658: 
659:             mad$helena/id=b1727.30-per5
660:                ls$ec/solteira
661:                ls$residencia/santo ildefonso
662: 
663:                mmad$maria joao/id=b1727.30-per6
664:                   ls$ec/viuva
665:                   ls$residencia/santo ildefonso
666: 
667:       bap$b1727.31/8/5/1727/fol.118v/igreja de sao tiago/padre joao gaspar
668: 
669: bap$b1727.31
669:          n$mariana/f/id=1727-b31-mariana
670: 
671:             pn$mateus cardoso/id=b1727.31-per1
672:                ls$naturalidade/rua das covas/obs=em coimbra
673:                ls$residencia/soure
674: 
675:             mn$ines rodrigues/id=b1727.31-per2
676:                ls$naturalidade/pinheiro
677: 
678:             pad$antonio de melo ataide/id=1727-b31-antonio
679:                ls$residencia/quinta da caparrota
680: 
681:             mad$mariana/id=1727-b31-madrinha
682:                ls$residencia/soure
683: 
684:                pmad$luis manhos/id=b1727.31-per3
685:                   ls$cargo/capitao
686:                   ls$residencia/soure
687:                   rel$sociabilidade/procurador/mariana/1727-b31-madrinha
688: 
689:             referido$manuel duarte/id=b1727.31-per4
690:                ls$profissao/padre
691:                ls$cargo/capelao
692:                ls$residencia/soure
693:                rel$sociabilidade/procurador/antonio de melo ataide/1727-b31-antonio
694: 
695:             referida$maria gomes/id=b1727.31-per5
696:                ls$profissao/parteira
697:                ls$residencia/soure
698:                rel$sociabilidade/baptizou em necessidade/mariana/1727-b31-mariana
699: 
700:       bap$b1727.32/11/3/1727/fol.118v-119/igreja de sao tiago/vigario manuel rodrigues
701: 
702: bap$b1727.32
702:          n$manuel/m/id=b1727.32-per1
703: 
704:             pn$antonio rodrigues maravilhoso/id=b1727.32-per2
705:                ls$naturalidade/alencarce de cima
706:                ls$residencia/alencarce de cima
707: 
708:             mn$maria francisca/id=b1727.32-per3
709:                ls$naturalidade/robalia
710:                ls$freguesia/ega
711: 
712:             pad$antonio ferreira/id=b1727.32-per4
713:                ls$ec/solteiro
714:                ls$residencia/alencarce de cima
715: 
716:             mad$ana/id=b1727.32-per5
717:                ls$ec/solteira
718:                ls$residencia/alencarce de cima
719: 
720:                pmad$manuel rodrigues marmeleiro/id=b1727.32-per6
721:                   ls$residencia/alencarce de cima
722: 
723:       bap$b1727.33/18/5/1727/fol.119/igreja de sao tiago/vigario manuel rodrigues
724: 
725: bap$b1727.33
725:          n$manuel/m/id=b1727.33-per1
726: 
727:             pn$jose rodrigues/id=b1727.33-per2
728:                ls$naturalidade/vale da borra
729:                ls$residencia/fonte da bica
730: 
731:             mn$ana maria/id=b1727.33-per3
732:                ls$naturalidade/fonte da bica
733: 
734:             pad$manuel rodrigues/id=b1727.33-per4
735:                ls$residencia/portela
736: 
737:             mad$isabel/id=b1727.33-per5
738:                ls$ec/solteira
739:                ls$residencia/fonte da bica
740: 
741:                pmad$alexandre francisco/id=b1727.33-per6
742:                   ls$residencia/fonte da bica
743: 
744:       bap$b1727.34/22/5/1727/fol.119/igreja de sao tiago/vigario manuel rodrigues
745: 
746: bap$b1727.34
746:          n$silvestre/m/id=b1727.34-per1
747: 
748:             pn$manuel martins/id=b1727.34-per2
749:                ls$naturalidade/venda nova
750:                ls$residencia/carvalheira de cima
751: 
752:             mn$catarina joao/id=b1727.34-per3
753:                ls$naturalidade/carvalheira de cima
754: 
755:             pad$silvestre/id=1727-b34-silvestre
756:                ls$ec/solteiro
757:                ls$residencia/carvalheira de cima
758: 
759:             mad$antonia/id=b1727.34-per4
760:                ls$ec/solteira
761:                ls$residencia/porto coelheiro
762: 
763:                pmad$manuel rodrigues falcao/id=b1727.34-per5
764:                   ls$residencia/porto coelheiro
765: 
766:             referido$silvestre joao/id=b1727.34-per6
767:                ls$residencia/carvalheira de cima
768:                rel$parentesco/pai/silvestre/1727-b34-silvestre
769: 
770:       bap$b1727.35/22/5/1727/fol.119v/igreja de sao tiago/vigario manuel rodrigues
771: 
772: bap$b1727.35
772:          n$luis/m/id=1727-b35-luis
773: 
774:             pn$jose goncalves/id=b1727.35-per1
775:                ls$naturalidade/sobral
776:                ls$residencia/sobral
777: 
778:             mn$maria mendes/id=b1727.35-per2
779:                ls$naturalidade/porto godinho
780:                ls$freguesia/paiao
781: 
782:             pad$luis manhos/id=b1727.35-per3
783:                ls$cargo/capitao
784:                ls$residencia/soure
785: 
786:             mad$mariana/id=b1727.35-per4
787:                ls$ec/solteira
788:                ls$residencia/casal da venda
789: 
790:                mmad$isabel francisca/id=b1727.35-per5
791:                   ls$ec/viuva
792:                   ls$residencia/casal da venda
793:                   rel$sociabilidade/baptizou em necessidade/luis/1727-b35-luis
794: 
795:       bap$b1727.36/1/6/1727/fol.119v/igreja de sao tiago/padre manuel rodrigues alvaro
796: 
797: bap$b1727.36
797:          n$maria/f/id=b1727.36-per1
798: 
799:             pn$manuel rodrigues/id=b1727.36-per2
800:                ls$naturalidade/alencarce de cima
801:                ls$residencia/alencarce de cima
802: 
803:             mn$maria joao/id=b1727.36-per3
804:                ls$naturalidade/alencarce de cima
805: 
806:             pad$manuel/id=1727-b36-manuel
807:                ls$ec/solteiro
808:                ls$residencia/porto coelheiro
809: 
810:             mad$maria gaspar/id=b1727.36-per4
811: 
812:                mrmad$domingos madeira/id=b1727.36-per5
813:                   ls$residencia/alencarce de cima
814: 
815:             referido$manuel rodrigues de carvalho/id=b1727.36-per6
816:                ls$residencia/porto coelheiro
817:                rel$parentesco/pai/manuel/1727-b36-manuel
818: 
819:       bap$b1727.37/1/6/1727/fol.119v-120/igreja de sao tiago/padre manuel rodrigues alvaro
820: 
821: bap$b1727.37
821:          n$joao/m/id=b1727.37-per1
822: 
823:             pn$joao simoes/id=b1727.37-per2
824:                ls$naturalidade/casal do pe da ladeira
825:                ls$freguesia/tapeus
826:                ls$residencia/presa
827: 
828:             mn$maria domingues/id=b1727.37-per3
829:                ls$naturalidade/presa
830: 
831:             pad$domingos antunes/id=b1727.37-per4
832:                ls$residencia/presa
833: 
834:             mad$isabel/id=b1727.37-per5
835:                ls$ec/solteira
836:                ls$residencia/alencarce de cima
837: 
838:                pmad$domingos simoes/id=b1727.37-per6
839:                   ls$residencia/alencarce de cima
840: 
841:       bap$b1727.38/8/6/1727/fol.120/igreja de sao tiago/vigario manuel rodrigues
842: 
843: bap$b1727.38
843:          n$maria/f/id=b1727.38-per1
844: 
845:             pn$joao de sequeira coelho/id=b1727.38-per2
846:                ls$cargo/juiz dos orfaos
847:                ls$naturalidade/soure
848:                ls$residencia/soure
849: 
850:             mn$leonarda maria pessoa/id=b1727.38-per3
851:                ls$naturalidade/soure
852: 
853:             pad$manuel pessoa leitao/id=b1727.38-per4
854:                ls$profissao/padre
855:                ls$residencia/soure
856: 
857:             mad$antonia isabel pessoa/id=b1727.38-per5
858: 
859:                mrmad$diogo ramires alemao/id=b1727.38-per6
860:                   ls$residencia/leiria
861: 
862:       bap$b1727.39/11/6/1727/fol.120/igreja de sao tiago/vigario manuel rodrigues
863: 
864: bap$b1727.39
864:          n$joao/m/id=b1727.39-per1
865: 
866:             pn$cristovao antunes/id=b1727.39-per2
867:                ls$naturalidade/casal do soeiro
868:                ls$profissao/moleiro
869:                ls$residencia/soure/obs=nos moinhos
870: 
871:             mn$luisa antunes/id=b1727.39-per3
872:                ls$profissao/moleira
873:                ls$naturalidade/sobreiro
874:                ls$freguesia/sobral
875: 
876:             pad$joao pinheiro/id=b1727.39-per4
877:                ls$residencia/soure
878: 
879:             mad$angela/id=b1727.39-per5
880:                ls$ec/solteira
881:                ls$residencia/soure
882: 
883:                mmad$maria pereira/id=b1727.39-per6
884:                   ls$residencia/soure
885: 
886:       bap$b1727.40/15/6/1727/fol.120-120v/igreja de sao tiago/vigario manuel rodrigues
887: 
888: bap$b1727.40
888:          n$antonio/m/id=b1727.40-per1
889: 
890:             pn$manuel rodrigues/id=b1727.40-per2
891:                ls$naturalidade/barrosos
892:                ls$residencia/barrosos
893: 
894:             mn$isabel francisca/id=b1727.40-per3
895:                ls$naturalidade/delgados
896: 
897:             pad$manuel goncalves branco/id=b1727.40-per4
898:                ls$alcunha/o moco
899:                ls$residencia/mogadouro
900: 
901:             mad$maria goncalves/id=b1727.40-per5
902: 
903:                mrmad$mateus carvalho/id=b1727.40-per6
904:                   ls$residencia/mogadouro
905: 
906:       bap$b1727.41/15/6/1727/fol.120v/igreja de sao tiago/vigario manuel rodrigues
907: 
908: bap$b1727.41
908:          n$domingos/m/id=b1727.41-per1
909: 
910:             pn$luis goncalves perdigao/id=b1727.41-per2
911:                ls$naturalidade/lousoes
912:                ls$residencia/casal da amoreira
913: 
914:             mn$maria antunes/id=b1727.41-per3
915:                ls$naturalidade/casal das brancas
916: 
917:             pad$domingos goncalves galhardo/id=1727-b41-domingos
918:                ls$residencia/soure
919: 
920:             mad$isabel de sao miguel/id=b1727.41-per4
921:                ls$residencia/soure
922:                rel$parentesco/mulher/domingos goncalves galhardo/1727-b41-domingos
923: 
924:       bap$b1727.42/16/6/1727/fol.120v/igreja de sao tiago/vigario manuel rodrigues
925: 
926: bap$b1727.42
926:          n$manuel/m/id=b1727.42-per1
927: 
928:             pn$antonio domingues/id=b1727.42-per2
929:                ls$naturalidade/casais da misericordia
930:                ls$residencia/casal do justo
931: 
932:             mn$maria rodrigues/id=b1727.42-per3
933:                ls$naturalidade/casal do justo
934: 
935:             pad$manuel goncalves branco/id=b1727.42-per4
936:                ls$alcunha/o moco
937:                ls$residencia/mogadouro
938: 
939:             mad$maria goncalves/id=b1727.42-per5
940: 
941:                mrmad$mateus carvalho/id=b1727.42-per6
942:                   ls$residencia/mogadouro
943: 
944:       bap$b1727.43/22/6/1727/fol.120v-121/igreja de sao tiago/padre antonio da cruz
945: 
946: bap$b1727.43
946:          n$joao/m/id=b1727.43-per1
947: 
948:             pn$luis cardoso/id=b1727.43-per2
949:                ls$naturalidade/casa velha
950:                ls$residencia/casa velha
951: 
952:             mn$helena pereira/id=b1727.43-per3
953:                ls$naturalidade/casa velha
954: 
955:             pad$joao lopes/id=1727-b43-joao
956:                ls$ec/solteiro
957:                ls$residencia/casa velha
958: 
959:             mad$caetana/id=b1727.43-per4
960:                ls$ec/solteira
961:                ls$residencia/casa velha
962:                rel$parentesco/irma/joao lopes/1727-b43-joao
963: 
964:                pmad$domingos lopes/id=b1727.43-per5
965:                   ls$residencia/casa velha
966:                   rel$parentesco/pai/joao lopes/1727-b43-joao
967: 
968:       bap$b1727.44/22/6/1727/fol.121/igreja de sao tiago/padre antonio da cruz
969: 
970: bap$b1727.44
970:          n$teresa/f/id=b1727.44-per1
971: 
972:             pn$manuel rodrigues/id=b1727.44-per2
973:                ls$naturalidade/olho marinho
974:                ls$residencia/vila
975: 
976:             mn$apolonia rodrigues/id=b1727.44-per3
977:                ls$naturalidade/cabeca carvalha
978:                ls$freguesia/vinha da rainha
979: 
980:             pad$eduardo nogueira/id=1727-b44-eduardo
981:                ls$cargo/escrivao dos orfaos
982:                ls$residencia/soure
983: 
984:             mad$ermogina teresa de magalhaes/id=1727-b44-teresa
985:                ls$titulo/dona
986:                ls$residencia/soure
987:                rel$parentesco/mulher/eduardo nogueira/1727-b44-eduardo
988: 
989:                pmad$dionisio de magalhaes pinto/id=b1727.44-per4
990:                   ls$residencia/soure
991:                   rel$sociabilidade/procurador/ermogina teresa de magalhaes/1727-b44-teresa
992: 
993:       bap$b1727.45/29/6/1727/fol.121-121v/igreja de sao tiago/padre manuel rodrigues alvaro
994: 
995: bap$b1727.45
995:          n$inacio/m/id=b1727.45-per1
996: 
997:             pn$manuel rodrigues de carvalho/id=b1727.45-per2
998:                ls$cargo/tenente
999:                ls$naturalidade/quinta da telhada
1000:                ls$residencia/quinta da telhada
1001: 
1002:             mn$mariana do vale/id=b1727.45-per3
1003:                ls$naturalidade/castelo/obs=lisboa
1004: 
1005:             pad$rodrigo homem de quadros/id=1727-b45-rodrigo
1006:                ls$residencia/soure
1007: 
1008:             mad$isabel da silva/id=b1727.45-per4
1009:                ls$titulo/dona
1010:                ls$residencia/soure
1011:                rel$parentesco/mae/rodrigo homem de quadros/1727-b45-rodrigo
1012: 
1013:       bap$b1727.46/6/7/1727/fol.121v/igreja de sao tiago/padre manuel rodrigues alvaro
1014: 
1015: bap$b1727.46
1015:          n$gabriel/m/id=b1727.46-per1
1016: 
1017:             pn$joao mendes/id=b1727.46-per2
1018:                ls$naturalidade/paleao
1019:                ls$residencia/casconho
1020: 
1021:             mn$teresa rodrigues/id=b1727.46-per3
1022:                ls$naturalidade/casconho
1023: 
1024:             pad$gabriel alves coelho/id=1727-b46-gabriel
1025:                ls$residencia/torrao
1026: 
1027:             mad$ana/id=b1727.46-per4
1028:                ls$ec/solteira
1029:                ls$residencia/paleao
1030: 
1031:                pmad$pedro francisco/id=b1727.46-per5
1032:                   ls$residencia/paleao
1033: 
1034:             referido$jose de oliveira/id=b1727.46-per6
1035:                ls$residencia/paleao
1036:                rel$sociabilidade/procurador/gabriel alves coelho/1727-b46-gabriel
1037: 
1038:       bap$b1727.47/13/7/1727/fol.121v/igreja de sao tiago/padre gabriel colaco de morais
1039: 
1040: bap$b1727.47
1040:          n$maria/f/id=b1727.47-per1
1041: 
1042:             pn$manuel mateus/id=b1727.47-per2
1043:                ls$naturalidade/pinheiro
1044:                ls$residencia/sobral
1045: 
1046:             mn$maria rodrigues/id=b1727.47-per3
1047:                ls$naturalidade/sobral
1048: 
1049:             pad$manuel rodrigues centeio/id=b1727.47-per4
1050:                ls$residencia/quinta do cano
1051: 
1052:             mad$isabel domingues/id=b1727.47-per5
1053:                ls$ec/solteira
1054:                ls$residencia/sobral
1055: 
1056:       bap$b1727.48/13/7/1727/fol.122/igreja de sao tiago/padre gabriel colaco de morais
1057: 
1058: bap$b1727.48
1058:          n$quiteria/f/id=1727-b48-quiteria
1059:             ls$enjeitada/sim/obs=exposta a porta de antonio duarte em lousoes
1060: 
1061:             pn$nome desconhecido/id=b1727.48-per1
1062: 
1063:             mn$nome desconhecido/id=b1727.48-per2
1064: 
1065:             pad$gabriel colaco de morais/id=1727-b48-gabriel
1066:                ls$profissao/padre
1067:                ls$residencia/soure
1068: 
1069:             mad$cecilia/id=b1727.48-per3
1070:                ls$ec/solteira
1071:                ls$residencia/espirito santo
1072:                rel$parentesco/irma/gabriel colaco de morais/1727-b48-gabriel
1073: 
1074:             referida$maria francisca/id=1727-b48-maria
1075:                ls$residencia/soure
1076:                rel$sociabilidade/ama/quiteria/1727-b48-quiteria
1077: 
1078:             referido$domingos joao/id=b1727.48-per4
1079:                ls$profissao/hospitaleiro
1080:                ls$residencia/soure
1081:                rel$parentesco/marido/maria francisca/1727-b48-maria
1082: 
1083:       bap$b1727.49/20/7/1727/fol.122/igreja de sao tiago/vigario manuel rodrigues
1084: 
1085: bap$b1727.49
1085:          n$maria/f/id=b1727.49-per1
1086: 
1087:             pn$antonio simoes/id=b1727.49-per2
1088:                ls$naturalidade/casa velha
1089:                ls$residencia/casa velha
1090: 
1091:             mn$isabel rodrigues/id=b1727.49-per3
1092:                ls$naturalidade/porto coelheiro
1093: 
1094:             pad$luis alves/id=b1727.49-per4
1095:                ls$profissao/padre
1096:                ls$residencia/casa velha
1097: 
1098:             mad$luisa/id=b1727.49-per5
1099:                ls$ec/solteira
1100:                ls$residencia/casa velha
1101: 
1102:                pmad$domingos lopes/id=b1727.49-per6
1103:                   ls$residencia/casa velha
1104: 
1105:       bap$b1727.50/23/7/1727/fol.122/igreja de sao tiago/vigario manuel rodrigues
1106: 
1107: bap$b1727.50
1107:          n$josefa/f/id=b1727.50-per1
1108: 
1109:             pn$manuel rodrigues/id=b1727.50-per2
1110:                ls$naturalidade/casais da misericordia
1111:                ls$residencia/casais da misericordia
1112: 
1113:             mn$catarina de oliveira/id=b1727.50-per3
1114:                ls$naturalidade/bonitos
1115: 
1116:             pad$miguel henriques/id=b1727.50-per4
1117:                ls$residencia/tinto
1118:                ls$freguesia/redinha
1119: 
1120:             mad$maria goncalves/id=b1727.50-per5
1121: 
1122:                mrmad$mateus carvalho/id=b1727.50-per6
1123:                   ls$residencia/mogadouro
1124: 
1125:       bap$b1727.51/17/8/1727/fol.122/igreja de sao tiago/vigario manuel rodrigues
1126: 
1127: bap$b1727.51
1127:          n$josefa/f/id=b1727.51-per1
1128: 
1129:             pn$antonio aires/id=b1727.51-per2
1130:                ls$naturalidade/belide
1131:                ls$residencia/espirito santo
1132: 
1133:             mn$maria simoes/id=b1727.51-per3
1134:                ls$naturalidade/casal
1135:                ls$freguesia/ega
1136: 
1137:             pad$simao mateus/id=b1727.51-per4
1138:                ls$residencia/belide
1139: 
1140:             mad$maria ferreira/id=b1727.51-per5
1141: 
1142:                mrmad$manuel rodrigues/id=b1727.51-per6
1143:                   ls$residencia/casal a fonte
1144: 
1145:       bap$b1727.52/19/8/1727/fol.121v/igreja de sao tiago/vigario manuel rodrigues
1146: 
1147: bap$b1727.52
1147:          n$manuel/m/id=1727-b52-manuel
1148: 
1149:             pn$joao francisco/id=b1727.52-per1
1150:                ls$naturalidade/simoes
1151:                ls$residencia/simoes
1152: 
1153:             mn$ana dos santos/id=b1727.52-per2
1154:                ls$naturalidade/simoes
1155: 
1156:             pad$manuel goncalves branco/id=b1727.52-per3
1157:                ls$alcunha/o moco
1158:                ls$residencia/mogadouro
1159: 
1160:             mad$ana ferreira/id=b1727.52-per4
1161: 
1162:                mrmad$antonio lopes/id=b1727.52-per5
1163:                   ls$residencia/simoes
1164: 
1165:             referida$maria joao/id=b1727.52-per6
1166:                ls$alcunha/a galega
1167:                ls$residencia/simoes
1168:                rel$sociabilidade/baptizou em necessidade/manuel/1727-b52-manuel
1169: 
1170:       bap$b1727.53/26/8/1727/fol.121v/igreja de sao tiago/vigario manuel rodrigues
1171: 
1172: bap$b1727.53
1172:          n$maria/f/id=b1727.53-per1
1173: 
1174:             pn$manuel rodrigues/id=b1727.53-per2
1175:                ls$naturalidade/casal do justo
1176:                ls$residencia/casal do justo
1177: 
1178:             mn$mariana dos santos/id=b1727.53-per3
1179:                ls$naturalidade/barrosos
1180: 
1181:             pad$manuel goncalves branco/id=b1727.53-per4
1182:                ls$alcunha/o velho
1183:                ls$residencia/mogadouro
1184: 
1185:             mad$maria goncalves/id=b1727.53-per5
1186: 
1187:                mrmad$mateus carvalho/id=b1727.53-per6
1188:                   ls$residencia/mogadouro
1189: 
1190:       bap$b1727.54/31/8/1727/fol.122/igreja de sao tiago/padre antonio da cruz
1191: 
1192: bap$b1727.54
1192:          n$mariana/f/id=b1727.54-n
1193: 
1194:             pn$diogo da costa/id=b1727.54-pn
1195:                ls$naturalidade/casa velha
1196:                ls$residencia/casa velha
1197: 
1198:             mn$ines da conceicao/id=b1727.54-mn
1199:                ls$naturalidade/lagem
1200: 
1201:             pad$manuel gomes/id=1727-b54-manuel
1202:                ls$profissao/padre
1203:                ls$residencia/porto panelas
1204: 
1205:             mad$isabel/id=b1727.54-per1
1206:                ls$ec/solteira
1207:                ls$residencia/porto panelas
1208:                rel$parentesco/irma/manuel gomes/1727-b54-manuel
1209: 
1210:             referida$maria das neves/id=b1727.54-per2
1211:                ls$residencia/casa velha
1212:                rel$sociabilidade/baptizou em necessidade/mariana/1727.54-n
1213: 
1214:       bap$b1727.55/31/8/1727/fol.122/igreja de sao tiago/padre antonio da cruz
1215: 
1216: bap$b1727.55
1216:          n$joao/m/id=1727-b55-joao
1217:             rel$parentesco/irmao gemeo/mariana/b1727.54-n
1218: 
1219:             pn$diogo da costa/mesmo_que=b1727.54-pn/id=b1727.55-per1
1220:                ls$naturalidade/casa velha
1221:                ls$residencia/casa velha
1222: 
1223:             mn$ines da conceicao/mesmo_que=b1727.54-mn/id=b1727.55-per2
1224:                ls$naturalidade/lagem
1225: 
1226:             pad$manuel da cunha/id=b1727.55-per3
1227:                ls$residencia/granja
1228: 
1229:             mad$maria gomes/id=b1727.55-per4
1230:                ls$ec/solteira
1231:                ls$residencia/casa velha
1232: 
1233:             referido$antonio da cruz/id=b1727.55-per5
1234:                ls$profissao/padre
1235:                ls$residencia/casa velha
1236:                rel$sociabilidade/baptizou em necessidade/joao/1727-b55-joao
1237: 
1238:       bap$b1727.56/31/8/1727/fol.122-122v/igreja de sao tiago/padre antonio da cruz
1239: 
1240: bap$b1727.56
1240:          n$teresa/f/id=b1727.56-per1
1241: 
1242:             pn$manuel da costa/id=b1727.56-per2
1243:                ls$naturalidade/casa velha
1244:                ls$residencia/casa velha
1245: 
1246:             mn$maria da costa/id=b1727.56-per3
1247:                ls$naturalidade/casa velha
1248: 
1249:             pad$manuel da costa/id=b1727.56-per4
1250:                ls$profissao/padre
1251:                ls$residencia/casa velha
1252: 
1253:             mad$teresa/id=1727-b56-teresa
1254:                ls$ec/solteira
1255:                ls$residencia/porto panelas
1256: 
1257:             referido$manuel gomes/id=b1727.56-per5
1258:                ls$profissao/padre
1259:                ls$residencia/porto panelas
1260:                rel$parentesco/irmao/teresa/1727-b56-teresa
1261: 
1262:       bap$b1727.57/4/9/1727/fol.122v/igreja de sao tiago/vigario manuel rodrigues
1263: 
1264: bap$b1727.57
1264:          n$francisca/f/id=b1727.57-per1
1265:             ls$ilegitima/sim
1266: 
1267:             pn$jose goncalves/id=1727-b57-jose
1268:                ls$ec/solteiro
1269:                ls$residencia/melrical
1270: 
1271:             mn$cecilia goncalves/obs=disse que francisca era filha de jose goncalves seu esposo os quais tem impetrado bula de sua santidade para poderem serem dispensados para poderem casar um com o outro/id=b1727.57-per2
1272:                ls$ec/viuva
1273:                ls$naturalidade/casal das brancas
1274:                ls$residencia/casal das brancas
1275: 
1276:             ppn$francisco goncalves/id=1727-b57-francisco
1277:                ls$residencia/melrical
1278: 
1279:             mpn$maria mendes/id=1727-b57-maria
1280:                ls$residencia/melrical
1281: 
1282:             pad$francisco/id=b1727.57-per3
1283:                ls$ec/solteiro
1284:                ls$residencia/melrical
1285:                rel$parentesco/irmao/jose goncalves/1727-b57-jose
1286:                rel$parentesco/filho/francisco goncalves/1727-b57-francisco
1287:                rel$parentesco/filho/maria mendes/1727-b57-maria
1288: 
1289:             mad$ana/id=b1727.57-per4
1290:                ls$ec/solteira
1291:                ls$residencia/casal das brancas
1292: 
1293:                pmad$luis goncalves/id=1727-b57-luis
1294:                   ls$residencia/casal das brancas
1295: 
1296:                mmad$catarina ferreira/id=b1727.57-per5
1297:                   ls$residencia/casa das brancas
1298:                   rel$parentesco/mulher/luis goncalves/1727-b57-luis
1299: 
1300:       bap$b1727.58/8/9/1727/fol.122v/igreja de sao tiago/vigario manuel rodrigues
1301: 
1302: bap$b1727.58
1302:          n$manuel/m/id=b1727.58-per1
1303: 
1304:             pn$tome goncalves/id=b1727.58-per2
1305:                ls$naturalidade/vale da borra
1306:                ls$residencia/vale da borra
1307: 
1308:             mn$domingas francisca/id=b1727.58-per3
1309:                ls$naturalidade/casalinhos
1310: 
1311:             pad$joao/id=1727-b58-joao
1312:                ls$ec/solteiro
1313:                ls$residencia/casalinhos
1314: 
1315:             mad$maria goncalves/id=b1727.58-per4
1316: 
1317:                mrmad$joao da silva/id=b1727.58-per5
1318:                   ls$residencia/vale da borra
1319: 
1320:             referido$manuel da fonseca/id=b1727.58-per6
1321:                ls$residencia/casalinhos
1322:                rel$parentesco/pai/joao/1727-b58-joao
1323: 
1324:       bap$b1727.59/10/9/1727/fol.123/igreja de sao tiago/vigario manuel rodrigues
1325: 
1326: bap$b1727.59
1326:          n$luisa/f/id=b1727.59-per1
1327: 
1328:             pn$manuel cardoso/id=b1727.59-per2
1329:                ls$naturalidade/carregosa
1330:                ls$freguesia/gesteira
1331:                ls$residencia/migalho
1332: 
1333:             mn$luisa goncalves/id=b1727.59-per3
1334:                ls$naturalidade/migalho
1335: 
1336:             pad$joao cardoso/id=b1727.59-per4
1337:                ls$residencia/migalho
1338: 
1339:             mad$isabel dos santos/id=b1727.59-per5
1340: 
1341:                mrmad$domingos cardoso/id=b1727.59-per6
1342:                   ls$residencia/migalho
1343: 
1344:       bap$b1727.60/15/9/1727/fol.123/igreja de sao tiago/vigario manuel rodrigues
1345: 
1346: bap$b1727.60
1346:          n$maria/f/id=b1727.60-per1
1347: 
1348:             pn$manuel rodrigues/id=b1727.60-per2
1349:                ls$naturalidade/lagem
1350:                ls$residencia/pinheiro
1351: 
1352:             mn$maria madeira/id=b1727.60-per3
1353:                ls$naturalidade/pinheiro
1354: 
1355:             pad$jose martins da costa/id=b1727.60-per4
1356:                ls$ec/solteiro
1357:                ls$residencia/pinheiro
1358: 
1359:             mad$josefa/id=b1727.60-per5
1360:                ls$ec/solteira
1361:                ls$residencia/pinheiro
1362: 
1363:                pmad$joao goncalves bizarro/id=b1727.60-per6
1364:                   ls$residencia/pinheiro
1365: 
1366:       bap$b1727.61/22/9/1727/fol.123-123v/igreja de sao tiago/padre joao gaspar
1367: 
1368: bap$b1727.61
1368:          n$maria/f/id=b1727.61-per1
1369: 
1370:             pn$manuel goncalves/id=b1727.61-per2
1371:                ls$naturalidade/crocozes
1372:                ls$residencia/corujeira
1373: 
1374:             mn$leonarda maria/id=b1727.61-per3
1375:                ls$naturalidade/corujeira
1376: 
1377:             pad$jose rodrigues/id=b1727.61-per4
1378:                ls$residencia/casal da venda
1379: 
1380:             mad$antonia gomes/id=b1727.61-per5
1381:                ls$ec/viuva
1382:                ls$residencia/quinta da cruz
1383: 
1384:       bap$b1727.62/29/9/1727/fol.123v/igreja de sao tiago/padre sebastiao ferreira dos olivais
1385: 
1386: bap$b1727.62
1386:          n$jose/m/id=b1727.62-per1
1387: 
1388:             pn$manuel rodrigues/id=b1727.62-per2
1389:                ls$naturalidade/carvalheira de baixo
1390:                ls$residencia/pouca pena
1391: 
1392:             mn$maria de oliveira/id=b1727.62-per3
1393:                ls$naturalidade/pouca pena
1394: 
1395:             pad$jose baptista/id=b1727.62-per4
1396:                ls$residencia/vila nova de ancos
1397: 
1398:             mad$francisca ferreira/id=1727-b62-francisca
1399:                ls$ec/solteira
1400:                ls$residencia/soure
1401: 
1402:             referido$sebastiao ferreira dos olivais/id=b1727.62-per5
1403:                ls$profissao/padre
1404:                ls$residencia/soure
1405:                rel$parentesco/irmao/francisca ferreira/1727-b62-francisca
1406:                rel$sociabilidade/procurador/francisca ferreira/1727-b62-francisca
1407: 
1408:       bap$b1727.63/5/10/1727/fol.123v-124/igreja de sao tiago/vigario manuel rodrigues
1409: 
1410: bap$b1727.63
1410:          n$tomas/m/id=b1727.63-per1
1411: 
1412:             pn$manuel rodrigues/id=b1727.63-per2
1413:                ls$naturalidade/sobral
1414:                ls$profissao/caseiro
1415:                ls$residencia/quinta de baixo
1416: 
1417:             mn$joana baptista/id=b1727.63-per3
1418:                ls$naturalidade/casal do olival
1419:                ls$profissao/caseira
1420: 
1421:             pad$tomas de quadros/id=1727-b63-tomas
1422:                ls$profissao/religioso
1423:                ls$ordem/santissima trindade
1424:                ls$residencia/soure
1425: 
1426:             mad$isabel da silva/id=1727-b63-isabel
1427:                ls$titulo/dona
1428:                ls$residencia/soure
1429:                rel$parentesco/mae/tomas de quadros/1727-b63-tomas
1430: 
1431:             referido$francisco homem de quadros/id=b1727.63-per4
1432:                ls$residencia/soure
1433:                rel$sociabilidade/procurador/isabel da silva/1727-b63-isabel
1434:                rel$parentesco/filho/isabel da silva/1727-b63-isabel
1435:                rel$parentesco/irmao/tomas de quadros/1727-b63-tomas
1436: 
1437:       bap$b1727.64/5/10/1727/fol.124/igreja de sao tiago/padre joao de deus
1438: 
1439: bap$b1727.64
1439:          n$maria/f/id=1727-b64-maria
1440: 
1441:             pn$joao de oliveira coelho/id=b1727.64-per1
1442:                ls$naturalidade/pouzos/obs=bispado de leiria
1443:                ls$residencia/soure
1444: 
1445:             mn$josefa do espirito santo/id=b1727.64-per2
1446:                ls$naturalidade/casal do espirito santo
1447: 
1448:             pad$joao da costa de vasconcelos/id=b1727.64-per3
1449:                ls$cargo/capitao mor
1450:                ls$residencia/soure
1451: 
1452:             mad$alexandra/id=b1727.64-per4
1453:                ls$titulo/dona
1454:                ls$residencia/soure
1455: 
1456:                mrmad$jacinto da costa/id=b1727.64-per5
1457:                   ls$titulo/doutor
1458:                   ls$residencia/soure
1459: 
1460:             referido$joao de deus/id=b1727.64-per6
1461:                ls$profissao/padre
1462:                ls$residencia/soure
1463:                rel$sociabilidade/baptizou em necessidade/maria/1727-b64-maria
1464: 
1465:       bap$b1727.65/6/10/1727/fol.124/igreja de sao tiago/vigario manuel rodrigues
1466: 
1467: bap$b1727.65
1467:          n$luis/m/id=b1727.65-per1
1468: 
1469:             pn$joao rodrigues baio/id=b1727.65-per2
1470:                ls$naturalidade/marinha/obs=arcebispado de braga
1471:                ls$residencia/carvalheira de baixo
1472: 
1473:             mn$maria goncalves/id=b1727.65-per3
1474:                ls$naturalidade/carvalheira de baixo
1475: 
1476:             pad$luis de seabra jacques/id=b1727.65-per4
1477:                ls$residencia/soure
1478: 
1479:             mad$luisa/id=b1727.65-per5
1480:                ls$ec/solteira
1481:                ls$residencia/casal do olival
1482: 
1483:                pmad$bartolomeu antunes/id=b1727.65-per6
1484:                   ls$residencia/casal do olival
1485: 
1486:       bap$b1727.66/9/10/1727/fol.124v/igreja de sao tiago/vigario manuel rodrigues
1487: 
1488: bap$b1727.66
1488:          n$josefa/f/id=b1727.66-per1
1489: 
1490:             pn$domingos joao/id=b1727.66-per2
1491:                ls$naturalidade/cadaval grande
1492:                ls$freguesia/furadouro
1493:                ls$residencia/presa
1494: 
1495:             mn$maria simoes/id=b1727.66-per3
1496:                ls$naturalidade/presa
1497: 
1498:             pad$manuel/id=1727-b66-manuel
1499:                ls$ec/solteiro
1500:                ls$residencia/casal do malvado
1501: 
1502:             mad$josefa de carvalho/id=1727-b66-josefa
1503:                ls$ec/solteira
1504:                ls$residencia/alencarce de cima
1505: 
1506:             referido$afonso rodrigues/id=b1727.66-per4
1507:                ls$residencia/casal do malvado
1508:                rel$parentesco/pai/manuel/1727-b66-manuel
1509: 
1510:             referida$catarina simoes/id=1727-b66-catarina
1511:                ls$residencia/presa
1512:                rel$sociabilidade/procuradora/josefa de carvalho/1727-b66-josefa
1513: 
1514:             referido$manuel jorge/id=b1727.66-per6
1515:                ls$residencia/presa
1516:                rel$parentesco/marido/catarina simoes/1727-b66-catarina
1517: 
1518:       bap$b1727.67/12/10/1727/fol.124v/igreja de sao tiago/padre manuel rodrigues alvaro
1519: 
1520: bap$b1727.67
1520:          n$maria/f/id=b1727.67-per1
1521: 
1522:             pn$antonio martins/id=b1727.67-per2
1523:                ls$naturalidade/poucapena
1524:                ls$residencia/poucapena
1525: 
1526:             mn$maria coelha/id=b1727.67-per3
1527:                ls$naturalidade/vila nova de ancos
1528: 
1529:             pad$francisco de miranda/id=b1727.67-per4
1530:                ls$profissao/padre
1531:                ls$residencia/vila nova de ancos
1532: 
1533:       bap$b1727.68/12/10/1726/fol.124v/igreja de sao tiago/padre manuel rodrigues alvaro
1534: 
1535: bap$b1727.68
1535:          n$jose/m/id=b1727.68-per1
1536: 
1537:             pn$antonio marques/id=b1727.68-per2
1538:                ls$naturalidade/redinha
1539:                ls$residencia/barrosos
1540: 
1541:             mn$maria rodrigues/id=b1727.68-per3
1542:                ls$naturalidade/barrosos
1543: 
1544:             pad$baltasar rodrigues/id=1727-b68-baltasar
1545:                ls$profissao/medico
1546:                ls$residencia/redinha
1547: 
1548:             mad$maria goncalves/id=b1727.68-per4
1549: 
1550:                mrmad$mateus carvalho/id=b1727.68-per5
1551:                   ls$residencia/mogadouro
1552: 
1553:             referido$manuel goncalves branco/id=b1727.68-per6
1554:                ls$alcunha/o moca
1555:                ls$residencia/mogadouro
1556:                rel$sociabilidade/procurador/baltasar rodrigues/1727-b68-baltasar
1557: 
1558:       bap$b1727.69/14/10/1727/fol.125/igreja de sao tiago/vigario manuel rodrigues
1559: 
1560: bap$b1727.69
1560:          n$jose/m/id=b1727.69-per1
1561: 
1562:             pn$manuel rodrigues/id=b1727.69-per2
1563:                ls$naturalidade/sobral
1564:                ls$residencia/casal da venda
1565: 
1566:             mn$maria jorge/id=b1727.69-per3
1567:                ls$naturalidade/casal da venda
1568: 
1569:             pad$manuel joao/id=b1727.69-per4
1570:                ls$residencia/casalinhos
1571: 
1572:             mad$domingas/id=b1727.69-per5
1573:                ls$ec/solteira
1574:                ls$residencia/sobral
1575: 
1576:                mmad$maria joao/id=b1727.69-per6
1577:                   ls$ec/viuva
1578:                   ls$residencia/sobral
1579: 
1580:       bap$b1727.70/18/10/1727/fol.125/igreja de sao tiago/vigario manuel rodrigues
1581: 
1582: bap$b1727.70
1582:          n$joao/m/id=1727-b70-joao
1583: 
1584:             pn$manuel lopes pereira/id=b1727.70-per1
1585:                ls$naturalidade/casa velha
1586:                ls$residencia/casa velha
1587: 
1588:             mn$maria francisca alves/id=b1727.70-per2
1589:                ls$naturalidade/casa velha
1590: 
1591:             pad$manuel da costa/id=b1727.70-per3
1592:                ls$profissao/padre
1593:                ls$residencia/casa velha
1594:                rel$sociabilidade/baptizou em necessidade/joao/1727-b70-joao
1595: 
1596:             mad$caetana/id=b1727.70-per4
1597:                ls$ec/solteira
1598:                ls$residencia/casa velha
1599: 
1600:                pmad$domingos lopes/id=b1727.70-per5
1601:                   ls$residencia/casa velha
1602: 
1603:       bap$b1727.71/19/10/1727/fol.125v/igreja de sao tiago/vigario manuel rodrigues
1604: 
1605: bap$b1727.71
1605:          n$francisco/m/id=b1727.71-per1
1606: 
1607:             pn$manuel francisco/id=b1727.71-per2
1608:                ls$naturalidade/cavaleiros
1609:                ls$residencia/portela
1610: 
1611:             mn$antonia goncalves/id=b1727.71-per3
1612:                ls$naturalidade/portela
1613: 
1614:             pad$francisco simoes/id=1727-b71-francisco
1615:                ls$profissao/soldado
1616:                ls$residencia/lisboa
1617: 
1618:             mad$josefa/id=b1727.71-per4
1619:                ls$ec/solteira
1620:                ls$residencia/portela
1621: 
1622:                pmad$jose goncalves/id=b1727.71-per5
1623:                   ls$residencia/portela
1624: 
1625:             referido$antonio goncalves/id=b1727.71-per6
1626:                ls$ec/solteiro
1627:                ls$residencia/cavaleiros
1628:                rel$parentesco/irmao/francisco simoes/1727-b71-francisco
1629:                rel$sociabilidade/procurador/francisco simoes/1727-b71-francisco
1630: 
1631:       bap$b1727.72/19/10/1727/fol.125v/igreja de sao tiago/vigario manuel rodrigues
1632: 
1633: bap$b1727.72
1633:          n$jose/m/id=b1727.72-per1
1634: 
1635:             pn$joao rodrigues/id=b1727.72-per2
1636:                ls$naturalidade/paleao
1637:                ls$residencia/paleao
1638: 
1639:             mn$maria rodrigues/id=b1727.72-per3
1640:                ls$naturalidade/moinhos de figueirinha
1641:                ls$freguesia/redinha
1642: 
1643:             pad$jose rodrigues/id=b1727.72-per4
1644:                ls$profissao/padre
1645:                ls$residencia/paleao
1646: 
1647:             mad$josefa/id=1727-b72-josefa
1648:                ls$ec/solteira
1649:                ls$residencia/sao mateus
1650: 
1651:                pmad$joao mendes/id=b1727.72-per5
1652:                   ls$residencia/sao mateus
1653:                   rel$sociabilidade/procurador/josefa/1727-b27-josefa
1654: 
1655:       bap$b1727.73/20/10/1727/fol.125v-126/igreja de sao tiago/padre joao gaspar
1656: 
1657: bap$b1727.73
1657:          n$antonio/m/id=1727-b73-antonio
1658: 
1659:             pn$jose da silva/id=b1727.73-per1
1660:                ls$naturalidade/cabeca carvalha
1661:                ls$freguesia/vinha da rainha
1662:                ls$residencia/soure
1663: 
1664:             mn$felicia martins/id=b1727.73-per2
1665:                ls$naturalidade/varzea de gois
1666: 
1667:             pad$antonio da silva travassos/id=b1727.73-per3
1668:                ls$ec/solteiro
1669:                ls$residencia/soure
1670: 
1671:             mad$antonia/id=b1727.73-per4
1672:                ls$titulo/dona
1673:                ls$ec/solteira
1674:                ls$residencia/soure
1675: 
1676:             referida$maria gomes/id=b1727.73-per5
1677:                ls$profissao/parteira
1678:                ls$residencia/soure
1679:                rel$sociabilidade/baptizou em necessidade/antonio/1727-b73-antonio
1680: 
1681:       bap$b1727.74/26/10/1727/fol.126/igreja de sao tiago/capelao manuel duarte
1682: 
1683: bap$b1727.74
1683:          n$ricardo/m/id=1727-b74-ricardo
1684: 
1685:             pn$eduardo nogueira/id=b1727.74-per1
1686:                ls$naturalidade/braga
1687:                ls$residencia/soure
1688: 
1689:             mn$ermegina teresa de magalhaes/id=b1727.74-per2
1690:                ls$naturalidade/lisboa
1691: 
1692:             pad$agostinho nogueira/id=b1727.74-per3
1693:                ls$profissao/padre
1694:                ls$residencia/meiras
1695: 
1696:             mad$luisa/id=b1727.74-per4
1697:                ls$titulo/dona
1698:                ls$residencia/soure
1699: 
1700:                pmad$dionisio de magalhaes/id=b1727.74-per5
1701:                   ls$residencia/soure
1702: 
1703:             referido$manuel duarte/id=b1727.74-per6
1704:                ls$profissao/padre
1705:                ls$cargo/capelao
1706:                ls$residencia/soure
1707:                rel$sociabilidade/baptizou em necessidade/ricardo/1727-b74-ricardo
1708: 
1709:       bap$b1727.75/2/11/1727/fol.126-126v/igreja de sao tiago/vigario manuel rodrigues
1710: 
1711: bap$b1727.75
1711:          n$maria/f/id=b1727.75-per1
1712: 
1713:             pn$bernardo carvalho/id=b1727.75-per2
1714:                ls$naturalidade/redinha
1715:                ls$residencia/delgados
1716: 
1717:             mn$ana carvalha/id=b1727.75-per3
1718:                ls$naturalidade/delgados
1719: 
1720:             pad$manuel rodrigues/id=b1727.75-per4
1721:                ls$residencia/barrosos
1722: 
1723:             mad$antonia/id=b1727.75-per5
1724:                ls$ec/solteira
1725:                ls$residencia/galiana
1726:                ls$freguesia/redinha
1727: 
1728:                pmad$manuel pereira/id=b1727.75-per6
1729:                   ls$residencia/galiana
1730:                   ls$freguesia/redinha
1731: 
1732:       bap$b1727.76/2/11/1727/fol.126v/igreja de sao tiago/vigario manuel rodrigues
1733: 
1734: bap$b1727.76
1734:          n$manuel/m/id=b1727.76-per1
1735: 
1736:             pn$manuel goncalves/id=b1727.76-per2
1737:                ls$naturalidade/fatacos
1738:                ls$residencia/fatacos
1739: 
1740:             mn$catarina cardosa/id=b1727.76-per3
1741:                ls$naturalidade/fatacos
1742: 
1743:             pad$manuel ferreira/id=b1727.76-per4
1744:                ls$residencia/fatacos
1745: 
1746:             mad$maria/id=b1727.76-per5
1747:                ls$ec/solteira
1748:                ls$residencia/casal do rei
1749: 
1750:       bap$b1727.77/4/11/1727/fol.126v/igreja de sao tiago/vigario manuel rodrigues
1751: 
1752: bap$b1727.77
1752:          n$maria/f/id=b1727.77-per1
1753: 
1754:             pn$antonio dias/id=b1727.77-per2
1755:                ls$naturalidade/poucapena
1756:                ls$residencia/poucapena
1757: 
1758:             mn$natalia ferreira/id=b1727.77-per3
1759:                ls$naturalidade/carvalheira de baixo
1760: 
1761:             pad$manuel/id=1727-b77-manuel
1762:                ls$ec/solteiro
1763:                ls$residencia/poucapena
1764: 
1765:             mad$antonia/id=b1727.77-per4
1766:                ls$ec/solteira
1767:                ls$residencia/carvalheira de baixo
1768: 
1769:                pmad$joao madeira/id=b1727.77-per5
1770:                   ls$residencia/carvalheira de baixo
1771: 
1772:             referido$francisco dias godinho/id=b1727.77-per6
1773:                ls$residencia/poucapena
1774:                rel$parentesco/pai/manuel/1727-b77-manuel
1775: 
1776:       bap$b1727.78/5/11/1727/fol.126v-127/igreja de sao tiago/vigario manuel rodrigues
1777: 
1778: bap$b1727.78
1778:          n$maria/f/id=b1727.78-per1
1779: 
1780:             pn$manuel goncalves/id=b1727.78-per2
1781:                ls$naturalidade/casa velha
1782:                ls$residencia/leonel
1783: 
1784:             mn$isabel goncalves/id=b1727.78-per3
1785:                ls$naturalidade/alencarce de cima
1786: 
1787:             pad$manuel goncalves ferreira/id=b1727.78-per4
1788:                ls$residencia/leonel
1789: 
1790:             mad$isabel/id=b1727.78-per5
1791:                ls$ec/solteira
1792:                ls$residencia/leonel
1793: 
1794:                mmad$maria gomes/id=b1727.78-per6
1795:                   ls$ec/viuva
1796:                   ls$residencia/leonel
1797: 
1798:       bap$b1727.79/11/11/1727/fol.127/igreja de sao tiago/padre joao gaspar
1799: 
1800: bap$b1727.79
1800:          n$francisca/f/id=b1727.79-per1
1801: 
1802:             pn$jose dias/id=b1727.79-per2
1803:                ls$naturalidade/sobral
1804:                ls$residencia/sobral
1805: 
1806:             mn$maria goncalves/id=b1727.79-per3
1807:                ls$naturalidade/sobral
1808: 
1809:             pad$joao henriques de carvalho/id=b1727.79-per4
1810:                ls$residencia/sobral
1811: 
1812:             mad$maria/id=b1727.79-per5
1813:                ls$ec/solteira
1814:                ls$residencia/sobral
1815: 
1816:                pmad$jose goncalves/id=b1727.79-per6
1817:                   ls$residencia/sobral
1818: 
1819:       bap$b1727.80/16/11/1727/fol.127/igreja de sao tiago/padre joao gaspar
1820: 
1821: bap$b1727.80
1821:          n$jose/m/id=b1727.80-per1
1822: 
1823:             pn$antonio simoes/id=b1727.80-per2
1824:                ls$naturalidade/cavaleiros
1825:                ls$residencia/sobral
1826: 
1827:             mn$maria jorge/id=b1727.80-per3
1828:                ls$naturalidade/sobral
1829: 
1830:             pad$domingos jorge/id=b1727.80-per4
1831:                ls$residencia/sobral
1832: 
1833:             mad$maria/id=b1727.80-per5
1834:                ls$ec/solteira
1835:                ls$residencia/sobral
1836: 
1837:                pmad$jose goncalves/id=b1727.80-per6
1838:                   ls$residencia/sobral
1839: 
1840:       bap$b1727.81/16/11/1727/fol.127/igreja de sao tiago/padre joao gaspar
1841: 
1842: bap$b1727.81
1842:          n$mariana/f/id=b1727.81-per1
1843: 
1844:             pn$antoio leao/id=b1727.81-per2
1845:                ls$naturalidade/lagem
1846:                ls$residencia/pinheiro
1847: 
1848:             mn$catarina domingues/id=b1727.81-per3
1849:                ls$naturalidade/leonel
1850: 
1851:             pad$jose/id=1727-b81-jose
1852:                ls$ec/solteiro
1853:                ls$residencia/pinheiro
1854: 
1855:             mad$bernarda/id=b1727.81-per4
1856:                ls$ec/solteira
1857:                ls$residencia/pinheiro
1858: 
1859:                pmad$joao goncalves/id=b1727.81-per5
1860:                   ls$residencia/pinheiro
1861: 
1862:             referido$manuel leao/id=b1727.81-per6
1863:                ls$residencia/pinheiro
1864:                rel$parentesco/pai/jose/1727-b81-jose
1865: 
1866:       bap$b1727.82/18/11/1727/fol.127v/igreja de sao tiago/padre sebastiao ferreira dos olivais
1867: 
1868: bap$b1727.82
1868:          n$teresa/f/id=b1727.82-per1
1869: 
1870:             pn$manuel rodrigues/id=b1727.82-per2
1871:                ls$alcunha/o moco
1872:                ls$naturalidade/paleao
1873:                ls$residencia/paleao
1874: 
1875:             mn$isabel francisca/id=b1727.82-per3
1876:                ls$naturalidade/charneca
1877: 
1878:             pad$sebastiao ferreira dos olivais/id=b1727.82-per4
1879:                ls$profissao/padre
1880:                ls$residencia/soure
1881: 
1882:             mad$maria/id=b1727.82-per5
1883:                ls$ec/solteira
1884:                ls$residencia/vila nova da barca
1885: 
1886:                pmad$manuel jorge/id=b1727.82-per6
1887:                   ls$residencia/vila nova da barca
1888: 
1889:       bap$b1727.83/16/11/1727/fol.127v/igreja de sao tiago/padre sebastiao ferreira dos olivais
1890: 
1891: bap$b1727.83
1891:          n$manuel/m/id=1727-b83-manuel
1892:             ls$enjeitado/sim/obs=exposto no sobral
1893: 
1894:             pn$nome desconhecido/id=b1727.83-per1
1895: 
1896:             mn$nome desconhecido/id=b1727.83-per2
1897: 
1898:             pad$manuel pinto/id=b1727.83-per3
1899:                ls$profissao/ferrador
1900:                ls$ec/solteiro
1901:                ls$residencia/soure
1902: 
1903:             mad$maria marques/id=b1727.83-per4
1904:                ls$ec/solteira
1905:                ls$residencia/soure
1906: 
1907:             referida$maria rodrigues/id=1727.b83-maria
1908:                ls$residencia/soure
1909:                rel$sociabilidade/ama/manuel/1727-b83-manuel
1910: 
1911:             referido$antonio mateus/id=b1727.83-per5
1912:                ls$profissao/ferreiro
1913:                ls$residencia/soure
1914:                rel$parentesco/marido/maria rodrigues/1727-b83-maria
1915: 
1916:       bap$b1727.84/20/11/1727/fol.127v-128/igreja de sao tiago/vigario manuel rodrigues
1917: 
1918: bap$b1727.84
1918:          n$isabel/f/id=b1727.84-per1
1919: 
1920:             pn$manuel simoes galhardo/id=b1727.84-per2
1921:                ls$alcunha/o moco
1922:                ls$naturalidade/sobral
1923:                ls$residencia/sobral
1924: 
1925:             mn$ines rodrigues/id=b1727.84-per3
1926:                ls$naturalidade/sobral
1927: 
1928:             pad$jose rodrigues/id=b1727.84-per4
1929:                ls$residencia/sobral
1930: 
1931:             mad$isabel/id=b1727.84-per5
1932:                ls$ec/solteira
1933:                ls$residencia/sobral
1934: 
1935:                pmad$manuel simoes galhardo/id=b1727.84-per6
1936:                   ls$alcunha/o velho
1937:                   ls$residencia/sobral
1938: 
1939:       bap$b1727.85/22/11/1727/fol.128/igreja de sao tiago/padre frei gaspar
1940: 
1941: bap$b1727.85
1941:          n$mariana/f/id=b1727.85-per1
1942: 
1943:             pn$antonio francisco/id=b1727.85-per2
1944:                ls$naturalidade/brunhos
1945:                ls$residencia/casal novo
1946: 
1947:             mn$maria francisca/id=b1727.85-per3
1948:                ls$naturalidade/casal novo
1949: 
1950:             pad$joao goncalves/id=b1727.85-per4
1951:                ls$residencia/casal novo
1952: 
1953:             mad$maria joao/id=b1727.85-per5
1954: 
1955:                mrmad$jose domingues/id=b1727.85-per6
1956:                   ls$residencia/casal novo
1957: 
1958:       bap$b1727.86/23/11/1727/fol.128/igreja de sao tiago/vigario manuel rodrigues
1959: 
1960: bap$b1727.86
1960:          n$manuel/m/id=b1727.86-per1
1961: 
1962:             pn$manuel goncalves ferreira/id=b1727.86-per2
1963:                ls$naturalidade/alencarce de baixo
1964:                ls$residencia/leonel
1965: 
1966:             mn$maria goncalves/id=b1727.86-per3
1967:                ls$naturalidade/leonel
1968: 
1969:             pad$sebastiao ferreira/id=b1727.86-per4
1970:                ls$profissao/padre
1971:                ls$residencia/areias
1972: 
1973:             mad$isabel/id=b1727.86-per5
1974:                ls$ec/solteira
1975:                ls$residencia/leonel
1976: 
1977:                mmad$maria gomes/id=b1727.86-per6
1978:                   ls$ec/viuva
1979:                   ls$residencia/leonel
1980: 
1981:       bap$b1727.87/29/11/1727/fol.128-128v/igreja de sao tiago/vigario manuel rodrigues
1982: 
1983: bap$b1727.87
1983:          n$mariana/f/id=b1727.87-per1
1984: 
1985:             pn$francisco bernardes/id=b1727.87-per2
1986:                ls$naturalidade/paiao
1987:                ls$freguesia/paiao
1988:                ls$residencia/casal novo
1989: 
1990:             mn$maria simoes/id=b1727.87-per3
1991:                ls$naturalidade/casal novo
1992: 
1993:             pad$jose simoes/id=b1727.87-per4
1994:                ls$residencia/casa velha
1995: 
1996:             mad$maria joao/id=b1727.87-per5
1997: 
1998:                mrmad$jose domingues/id=b1727.87-per6
1999:                   ls$residencia/casal novo
2000: 
2001:       bap$b1727.88/1/12/1727/fol__/igreja de sao tiago/vigario manuel rodrigues
2002: 
2003: bap$b1727.88
2003:          n$helena/f/id=b1727.88-per1
2004: 
2005:             pn$jose domingues/id=b1727.88-per2
2006:                ls$naturalidade/porto coelheiro
2007:                ls$residencia/porto coelheiro
2008: 
2009:             mn$maria joao/id=b1727.88-per3
2010:                ls$naturalidade/carvalheira de cima
2011: 
2012:             pad$martinho/id=1727-b88-martinho
2013:                ls$ec/solteiro
2014:                ls$residencia/porto coelheiro
2015: 
2016:             mad$domingas/id=b1727.88-per4
2017:                ls$ec/solteira
2018:                ls$residencia/fonte da bica
2019: 
2020:                pmad$manuel francisco/id=b1727.88-per5
2021:                   ls$residencia/fonte da bica
2022: 
2023:             referido$manuel rodrigues falcao/id=b1727.88-per6
2024:                ls$residencia/porto coelheiro
2025:                rel$parentesco/pai/martinho/1727-b88-martinho
2026: 
2027:       bap$b1727.89/1/12/1727/fol.128v/igreja de sao tiago/vigario manuel rodrigues
2028: 
2029: bap$b1727.89
2029:          n$mariana/f/id=b1727.89-per1
2030: 
2031:             pn$constantino marques/id=b1727.89-per2
2032:                ls$naturalidade/paleao
2033:                ls$residencia/paleao
2034: 
2035:             mn$isabel pereira/id=b1727.89-per3
2036:                ls$naturalidade/paleao
2037: 
2038:             pad$bernardo do santo antonio/id=b1727.89-per4
2039:                ls$titulo/doutor
2040:                ls$profissao/religioso
2041:                ls$ordem/santo agostinho
2042:                ls$naturalidade/soure
2043: 
2044:             mad$mariana da costa/id=b1727.89-per5
2045: 
2046:                mrmad$jose pereira/id=b1727.89-per6
2047:                   ls$residencia/sao mateus
2048: 
2049:       bap$b1727.90/7/12/1727/fol.128v-129/igreja de sao tiago/padre manuel rodrigues alvaro
2050: 
2051: bap$b1727.90
2051:          n$manuel/m/id=b1727.90-per1
2052: 
2053:             pn$manuel ferreira/id=b1727.90-per2
2054:                ls$naturalidade/bechos
2055:                ls$residencia/bachos
2056: 
2057:             mn$catarina goncalves/id=b1727.90-per3
2058:                ls$naturalidade/alencarce de baixo
2059: 
2060:             pad$manuel/id=1727-b90-manuel
2061:                ls$ec/solteiro
2062:                ls$residencia/charneca
2063: 
2064:             mad$isabel/id=b1727.90-per4
2065:                ls$ec/solteira
2066:                ls$residencia/bechos
2067: 
2068:                pmad$domingos goncalves cacao/id=b1727.90-per5
2069:                   ls$residencia/bechos
2070: 
2071:             referido$gregorio ferreira/id=b1727.90-per6
2072:                ls$residencia/charneca
2073:                rel$parentesco/pai/manuel/1727-b90-manuel
2074: 
2075:       bap$b1727.91/9/12/1727/fol.129/igreja de sao tiago/padre joao gaspar
2076: 
2077: bap$b1727.91
2077:          n$maria/f/id=b1727.91-per1
2078: 
2079:             pn$manuel gomes/id=b1727.91-per2
2080:                ls$naturalidade/paleao
2081:                ls$residencia/casconho
2082: 
2083:             mn$maria domingues/id=b1727.91-per3
2084:                ls$naturalidade/casconho
2085: 
2086:             pad$manuel luis/id=b1727.91-per4
2087:                ls$profissao/moleiro
2088:                ls$residencia/moinhos da figueirinha
2089:                ls$freguesia/redinha
2090: 
2091:             mad$josefa/id=b1727.91-per5
2092:                ls$ec/solteira
2093:                ls$residencia/casconho
2094: 
2095:                pmad$antonio domoingues/id=b1727.91-per6
2096:                   ls$residencia/casconho
2097: 
2098:       bap$b1727.92/14/12/1727/fol.129/igreja de sao tiago/padre manuel rodrigues alvaro
2099: 
2100: bap$b1727.92
2100:          n$isabel/f/id=b1727.92-per1
2101: 
2102:             pn$duarte afonso/id=b1727.92-per2
2103:                ls$naturalidade/porto panelas
2104:                ls$residencia/paleao
2105: 
2106:             mn$rosa gomes/id=b1727.92-per3
2107:                ls$naturalidade/paleao
2108: 
2109:             pad$jose carvalho/id=b1727.92-per4
2110:                ls$ec/solteiro
2111:                ls$residencia/porto panelas
2112: 
2113:             mad$isabel/id=b1727.92-per5
2114:                ls$ec/solteira
2115:                ls$residencia/porto panelas
2116: 
2117:                pmad$simao afonso/id=b1727.92-per6
2118:                   ls$residencia/porto panelas
2119: 
2120:       bap$b1727.93/21/12/1727/fol.129-129v/igreja de sao tiago/vigario manuel rodrigues
2121: 
2122: bap$b1727.93
2122:          n$pedro/m/id=1727-b93-pedro
2123: 
2124:             pn$antonio jorge/id=b1727.93-per1
2125:                ls$naturalidade/brunheira
2126:                ls$freguesia/reveles
2127:                ls$residencia/casa velha
2128: 
2129:             mn$maria bras/id=b1727.93-per2
2130:                ls$naturalidade/casa velha
2131: 
2132:             pad$pedro de melo/id=b1727.93-per3
2133:                ls$residencia/lisboa
2134: 
2135:             mad$maria/id=b1727.93-per4
2136:                ls$ec/solteira
2137:                ls$residencia/casa velha
2138: 
2139:             referido$andre domingues/id=b1727.93-per5
2140:                ls$residencia/casa velha
2141:                rel$sociabilidade/baptizou em necessidade/pedro/1727-b93-pedro
2142: 
2143:       bap$b1727.94/21/12/1727/fol.129v/igreja de sao tiago/vigario manuel rodrigues
2144: 
2145: bap$b1727.94
2145:          n$francisco/m/id=b1727.94-per1
2146: 
2147:             pn$domingos goncalves/id=b1727.94-per2
2148:                ls$naturalidade/alencarce de baixo
2149:                ls$residencia/alencarce de baixo
2150: 
2151:             mn$domingas rodrigues/id=b1727.94-per3
2152:                ls$naturalidade/alencarce de cima
2153: 
2154:             pad$jose/id=1727-b94-jose
2155:                ls$ec/solteiro
2156:                ls$residencia/alencarce de baixo
2157: 
2158:             mad$isabel/id=b1727.94-per4
2159:                ls$ec/solteira
2160:                ls$residencia/alencarce de baixo
2161: 
2162:                pmad$martinho goncalves/id=b1727.94-per5
2163:                   ls$residencia/alencarce de baixo
2164: 
2165:             referido$manuel goncalves/id=b1727.94-per6
2166:                ls$residencia/alencarce de baixo
2167:                rel$parentesco/pai/jose/1727-b94-jose
2168: 
2169:       bap$b1727.95/23/12/1727/fol.129v-130/igreja de sao tiago/padre manuel rodrigues alvaro
2170: 
2171: bap$b1727.95
2171:          n$francisco/m/id=b1727.95-per1
2172: 
2173:             pn$joao rodrigues/id=b1727.95-per2
2174:                ls$naturalidade/vale de figueira
2175:                ls$freguesia/sao miguel
2176:                ls$residencia/casal do rei
2177: 
2178:             mn$maria rodrigues/id=b1727.95-per3
2179:                ls$naturalidade/quinta de miraflores
2180: 
2181:             pad$francisco homem/id=1727-b95-francisco
2182:                ls$residencia/soure
2183: 
2184:             mad$isabel da silva/id=1727-b95-isabel
2185:                ls$titulo/dona
2186:                ls$residencia/soure
2187:                rel$parentesco/mae/francisco/1727-b95-francisco
2188: 
2189:             referido$alberto ferreira/id=b1727.95-per4
2190:                ls$residencia/soure
2191:                rel$sociabilidade/procurador/francisco homem/1727-b95-francisco
2192: 
2193:             referido$manuel rodrigues descalco/id=b1727.95-per5
2194:                ls$residencia/soure
2195:                rel$sociabilidade/procurador/isabel da silva/1727-b95-isabel
2196: 
2197:       bap$b1727.96/28/12/1727/fol.130/igreja de sao tiago/vigario manuel rodrigues
2198: 
2199: bap$b1727.96
2199:          n$jose/m/id=b1727.96-per1
2200: 
2201:             pn$antonio madeira/id=b1727.96-per2
2202:                ls$naturalidade/alencarce de baixo
2203:                ls$residencia/cascao
2204: 
2205:             mn$francisca madeira/id=b1727.96-per3
2206:                ls$naturalidade/cascao
2207: 
2208:             pad$domingos madeira/id=1727-b96-domingos
2209:                ls$residencia/alencarce de baixo
2210: 
2211:             mad$ana maria gomes/id=b1727.96-per4
2212:                ls$residencia/alencarce de baixo
2213:                rel$parentesco/mulher/domingos madeira/1727-b96-domingos
2214: *** End of File
** Processed file- /Users/jrc/mhk-home/sources/soure/soure-sources/sources/soure_fase2/bap1727.cli
** Original file- /Users/jrc/mhk-home/sources/soure/soure-sources/sources/soure_fase2/bap1727.org
** Previous version- /Users/jrc/mhk-home/sources/soure/soure-sources/sources/soure_fase2/bap1727.old
** Temp file with ids- /Users/jrc/mhk-home/sources/soure/soure-sources/sources/soure_fase2/bap1727.ids
0  errors. 
0  warnings.
Translation finished.
