ClioInput - version @@VERSION@@ - build @@BUILD@@ @@DATE@@
13-6-2019 22-52

Processing data file cas1733.cli
-------------------------------------------
Generic Act translation module with geoentities (XML).
     Joaquim Ramos de Carvalho (joaquim@uc.pt) 
** New document: kleio
1: kleio$gacto2.str
=========================
kleio translation started
=========================
Structure: gacto2.str
Prefix: 
Autorel: 
Translation count: 
Obs: 
Translation count not set or invalid, counting as zero: 
2:    fonte$casamentos 1733/1733/paroquiais/auc/obs=em muito mau estado
3: 
** Processing source fonte$casamentos 1733
4:       cas$c1733.01/12/1/1733/fol.368/local__igreja de sao tiago/celebrante__vigario manuel rodrigues/obs=os noivos tem consanguinidade de quarto grau
5: 
6: cas$c1733.01
6:          noivo$manuel martins/id=1733-c1-manuel
7:             ls$residencia/cascao
8: 
9:          pnoivo$manuel martins/id=c1733.01-per1
10:             ls$residencia/cascao
11:             ls$morto/antes
12: 
13:          mnoivo$maria ferreira/id=c1733.01-per2
14:             ls$morta/antes
15: 
16:          noiva$antonia ferreira/id=c1733.01-per3
17:             ls$residencia/carvalheira de baixo
18:             rel$parentesco/consanguiniadade em quarto grau/manuel martins/1733-c1-manuel
19: 
20:          pnoiva$joao madeira/id=c1733.01-per4
21:             ls$residencia/carvalheira de baixo
22: 
23:          mnoiva$maria simoes/id=c1733.01-per5
24:             ls$morta/antes
25: 
26:          test$joao de sequeira coelho/id=c1733.01-per6
27:             ls$residencia/soure
28: 
29:          test$sebastiao ferreira/id=c1733.01-per7
30:             ls$profissao/padre
31:             ls$residencia/areias
32: 
33:          test$antonio ferreira/id=c1733.01-per8
34:             ls$ec/solteiro
35: 
36:          test$joao mateus/id=c1733.01-per9
37:             ls$residencia/alencarce de cima
38: 
39:       cas$c1733.2/9/2/1733/fol-368/local__igreja de sao tiago/celebrante__vigario manuel rodrigues
40: 
41: cas$c1733.2
41:          noivo$jose rodrigues/id=c1733.2-per1
42:             ls$residencia/lagem
43: 
44:          pnoivo$manuel leao/id=c1733.2-per2
45:             ls$residencia/lagem
46: 
47:          mnoivo$isabel madeira/id=c1733.2-per3
48: 
49:          noiva$luisa antunes/id=c1733.2-per4
50:             ls$residencia/casal do olival
51: 
52:          pnoiva$bartolomeu antunes/id=c1733.2-per5
53:             ls$residencia/casal do olival
54: 
55:          mnoiva$isabel luis/id=c1733.2-per6
56:             ls$morta/antes
57: 
58:          test$sebastiao ferreira/id=c1733.2-per7
59:             ls$profissao/padre
60:             ls$residencia/vale do freixo
61: 
62:          test$sebastiao ferreira/id=c1733.2-per8
63:             ls$profissao/padre
64:             ls$residencia/areias
65: 
66:          test$manuel rodrigues alvaro/id=c1733.2-per9
67:             ls$profissao/padre
68:             ls$residencia/soure
69: 
70:          test$mateus cardoso/id=c1733.2-per10
71:             ls$residencia/soure
72: 
73:       cas$c1733.3/16/2/1733/fol.368-368v/local__igreja de sao tiago/celebrante__vigario manuel rodrigues
74: 
75: cas$c1733.3
75:          noivo$sebastiao rodrigues/id=c1733.3-per1
76:             ls$residencia/barril
77: 
78:          pnoivo$antonio madeira/id=c1733.3-per2
79:             ls$residencia/barril
80: 
81:          mnoivo$isabel rodrigues/id=c1733.3-per3
82: 
83:          noiva$rosa maria/id=c1733.3-per4
84:             ls$residencia/bonitos
85: 
86:          pnoiva$tome dias/id=c1733.3-per5
87:             ls$residencia/bonitos
88: 
89:          mnoiva$maria de oliveira/id=c1733.3-per6
90: 
91:          test$sebastiao rodrigues/id=c1733.3-per7
92:             ls$residencia/sao mateus
93: 
94:          test$manuel francisco/id=c1733.3-per8
95:             ls$residencia/sao mateus
96: 
97:          test$joao francisco ovelho/id=c1733.3-per9
98:             ls$residencia/sao mateus
99: 
100:          test$mateus cardoso/id=c1733.3-per10
101:             ls$residencia/soure
102: 
103:       cas$c1733.4/11/3/1733/fol.368v/local__igreja de sao tiago/celebrante__vigario manuel rodrigues
104: 
105: cas$c1733.4
105:          noivo$manuel rodrigues/id=c1733.4-per1
106:             ls$ec/viuvo
107:             ls$residencia/sao mateus
108: 
109:          pnoivo$manuel rodrigues/id=c1733.4-per2
110:             ls$profissao/ferreiro
111:             ls$residencia/sao mateus
112:             ls$morto/antes
113: 
114:          mnoivo$isabel rodrigues/id=c1733.4-per3
115: 
116:          noiva$helena gomes/id=c1733.4-per4
117:             ls$residencia/lumiar
118:             ls$freguesia/penela
119: 
120:          pnoiva$manuel dias/id=c1733.4-per5
121:             ls$residencia/lumiar
122:             ls$freguesia/penela
123: 
124:          mnoiva$maria gomes/id=c1733.4-per6
125:             ls$morta/antes
126: 
127:          mulher1$ana da gante/id=c1733.4-per7
128:             ls$residencia/sao mateus
129: 
130:          pmulher1$antonio da gante/id=c1733.4-per8
131:             ls$residencia/sao mateus
132:             ls$morto/antes
133: 
134:          mmulher1$maria rodrigues/id=c1733.4-per9
135:             ls$morta/antes
136: 
137:          test$manuel rodrigues feijao/id=1733-c4-manuel
138:             ls$residencia/barril
139: 
140:          test$antonio rodrigues/id=c1733.4-per10
141:             ls$residencia/casal dos feijoes
142: 
143:          test$domingas esteves/id=c1733.4-per11
144:             ls$residencia/barril
145:             rel$parentesco/mulher/manuel rodrigues feijao/1733-c4-manuel
146: 
147:          test$mateus cardoso/id=c1733.4-per12
148:             ls$residencia/soure
149: 
150:       cas$c1733.5/27/4/1733/fol.368v/local__igreja de sao tiago/celebrante__vigario manuel rodrigues
151: 
152: cas$c1733.5
152:          noivo$manuel simoes/id=c1733.5-per1
153:             ls$residencia/alencarce de cima
154: 
155:          pnoivo$mateus simoes/id=c1733.5-per2
156:             ls$residencia/alencarce de cima
157: 
158:          mnoivo$maria simoes/id=c1733.5-per3
159: 
160:          noiva$luisa madeira/id=c1733.5-per4
161:             ls$residencia/cascao
162: 
163:          pnoiva$antonio jorge/id=c1733.5-per5
164:             ls$residencia/cascao
165:             ls$morto/antes
166: 
167:          mnoiva$ana rodrigues/id=c1733.5-per6
168: 
169:          test$joao de sequeira coelho/id=c1733.5-per7
170:             ls$cargo/juiz dos orfaos
171:             ls$residencia/soure
172: 
173:          test$antonio rodrigues calhau/id=c1733.5-per8
174:             ls$residencia/alencarce de cima
175: 
176:          test$manuel simoes/id=c1733.5-per9
177:             ls$residencia/alencarce de cima
178: 
179:          test$francisco gomes/id=c1733.5-per10
180:             ls$ec/solteiro
181:             ls$residencia/alencarce e cima
182: 
183:       cas$c1733.6/6/7/1733/fol.368v/local__igreja de sao tiago/celebrante__vigario manuel rodrigues
184: 
185: cas$c1733.6
185:          noivo$manuel ferreira/id=1733-c6-manuel
186:             ls$residencia/areias
187: 
188:          pnoivo$manuel ferreira/id=c1733.6-per1
189:             ls$residencia/areias
190: 
191:          mnoivo$isabel goncalves/id=c1733.6-per2
192: 
193:          noiva$josefa simoes/id=c1733.6-per3
194:             ls$residencia/cavaleiros
195: 
196:          pnoiva$francisco simoes/id=c1733.6-per4
197:             ls$residencia/cavaleiros
198: 
199:          mnoiva$isabel rodrigues/id=c1733.6-per5
200:             ls$morta/antes
201: 
202:          test$clemente martins da costa/id=c1733.6-per6
203:             ls$profissao/padre
204:             ls$residencia/pinheiro
205: 
206:          test$mateus cardoso/id=c1733.6-per7
207:             ls$residencia/soure
208: 
209:          test$manuel ferreira/id=c1733.6-per8
210:             ls$residencia/areias
211:             rel$parentesco/pai/manuel ferreira/1733-c6-manuel
212: 
213:          test$francisco simoes/id=c1733.6-per9
214:             ls$residencia/cavaleiros
215: 
216:       cas$c1733.7/17/8/1733/fol.369/local__igreja de sao tiago/celebrante__vigario manuel rodrigues
217: 
218: cas$c1733.7
218:          noivo$jose baptista/id=c1733.7-per1
219:             ls$ec/viuvo
220:             ls$residencia/montemor o velho
221: 
222:          pnoivo$manuel baptista/id=c1733.7-per2
223:             ls$residencia/monte ls$morto/antesvelho
224:             ls$morto/antes
225: 
226:          mnoivo$farncisca correia/id=c1733.7-per3
227:             ls$morta/antes
228: 
229:          noiva$maria de sao jose/id=c1733.7-per4
230:             ls$residencia/beltroes
231: 
232:          pnoiva$agostinho simoes/id=c1733.7-per5
233:             ls$residencia/beltroes
234:             ls$morto/antes
235: 
236:          mnoiva$maria goncalves/id=c1733.7-per6
237: 
238:          mulher1$maria da silva/id=c1733.7-per7
239:             ls$residencia/povoa
240:             ls$freguesia/cadima
241: 
242:          pmulher1$tome jorge/id=c1733.7-per8
243:             ls$residencia/povoa
244:             ls$freguesia/cadima
245: 
246:          mmulher1$maria da silva/id=c1733.7-per9
247:             ls$morta/antes
248: 
249:          test$manuel rodrigues alvaro/id=c1733.7-per10
250:             ls$profissao/padre
251:             ls$cargo/tesoureiro
252:             ls$residencia/soure
253: 
254:          test$geraldo de faria/id=c1733.7-per11
255:             ls$residencia/soure
256: 
257:          test$jose caetano/id=c1733.7-per12
258:             ls$residencia/soure
259: 
260:          test$joao de oliveira coelho/id=c1733.7-per13
261:             ls$residencia/soure
262: 
263:       cas$c1733.8/27/8/1733/fol.369/local__igreja de sao tiago/celebrante__padre tome martins
264: 
265: cas$c1733.8
265:          noivo$francisco carvalho/id=c1733.8-per1
266:             ls$residencia/casal dos guerras
267: 
268:          pnoivo$domingos carvalho/id=c1733.8-per2
269:             ls$residencia/casal dos guerras
270:             ls$morto/antes
271: 
272:          mnoivo$isabel martins/id=c1733.8-per3
273:             ls$morta/antes
274: 
275:          noiva$antonia dos anjos/id=c1733.8-per4
276:             ls$residencia/bonitos
277: 
278:          pnoiva$antonio gomes/id=c1733.8-per5
279:             ls$residencia/bonitos
280:             ls$morto/antes
281: 
282:          mnoiva$domingas de oliveira/id=c1733.8-per6
283:             ls$morta/antes
284: 
285:          test$joao carvalho/id=c1733.8-per7
286:             ls$residencia/casal dos guerras
287: 
288:          test$manuel domingues/id=c1733.8-per8
289:             ls$alcunha/o moco
290:             ls$residencia/casais da misericordia
291: 
292:          test$antonio dos santos/id=c1733.8-per9
293:             ls$profissao/cirurgiao
294:             ls$residencia/soure
295: 
296:          test$mateus cardoso/id=c1733.8-per10
297:             ls$residencia/soure
298: 
299:       cas$c1733.9/17/9/1733/fol.369v/local__igreja de sao tiago/celebrante__vigario manuel rodrigues
300: 
301: cas$c1733.9
301:          noivo$jose rodrigues/id=c1733.9-per1
302:             ls$residencia/presa
303: 
304:          pnoivo$manuel antunes/id=c1733.9-per2
305:             ls$residencia/presa
306: 
307:          mnoivo$isabel rodrigues/id=c1733.9-per3
308: 
309:          noiva$francisca goncalves/id=c1733.9-per4
310:             ls$residencia/presa
311: 
312:          pnoiva$antonio goncalves/id=c1733.9-per5
313:             ls$residencia/presa
314:             ls$morto/antes
315: 
316:          mnoiva$ines simoes/id=c1733.9-per6
317: 
318:          marido1$manuel gaspar/id=c1733.9-per7
319:             ls$residencia/podengos
320: 
321:          pmarido1$gaspar rodrigues/id=c1733.9-per8
322:             ls$residencia/podengos
323: 
324:          mmarido1$antonia goncalves/id=c1733.9-per9
325: 
326:          test$afonso rodrigues/id=c1733.9-per10
327:             ls$residencia/casal do malvado
328: 
329:          test$manuel antunes/id=c1733.9-per11
330:             ls$alcunha/o moco
331:             ls$residencia/presa
332: 
333:          test$domingos simoes/id=c1733.9-per12
334:             ls$ec/solteiro
335:             ls$residencia/presa
336: 
337:          test$mateus cardoso/id=c1733.9-per13
338:             ls$residencia/soure
339: 
340:       cas$c1733.10/27/9/1733/fol-369/local__igreja de sao tiago/celebrante__vigario manuel rodrigues
341: 
342: cas$c1733.10
342:          noivo$joao rodrigues/id=c1733.10-per1
343:             ls$residencia/casconho
344: 
345:          pnoivo$pedro joao/id=c1733.10-per2
346:             ls$residencia/casconho
347:             ls$morto/antes
348: 
349:          mnoivo$ana rodrigues/id=c1733.10-per3
350: 
351:          noiva$ana de oliveira/id=c1733.10-per4
352:             ls$residencia/barril
353: 
354:          pnoiva$carlos gomes de oliveira/id=c1733.10-per5
355:             ls$residencia/barril
356: 
357:          mnoiva$antonia madeira/id=c1733.10-per6
358:             ls$morta/antes
359: 
360:          test$manuel rodrigue alvaro/id=c1733.10-per7
361:             ls$profissao/padre
362:             ls$cargo/tesoureiro
363:             ls$residencia/soure
364: 
365:          test$jeronimo mendes/id=c1733.10-per8
366:             ls$profissao/barbeiro
367:             ls$residencia/soure
368: 
369:          test$manuel jorge/id=1733-c10-manuel
370:             ls$residencia/corujeira
371: 
372:          test$sebastiana da silva/id=c1733.10-per9
373:             ls$residencia/corujeira
374:             rel$parentesco/mulher/manuel jorge/1733-c10-manuel
375: 
376:       cas$c1733.11/28/9/1733/fol.369/local__igreja de sao tiago/celebrante__padre manuel rodrigues alvaro
377: 
378: cas$c1733.11
378:          noivo$manuel de oliveira/id=c1733.11-per1
379:             ls$residencia/paleao
380: 
381:          pnoivo$pedro de oliveira/id=c1733.11-per2
382:             ls$residencia/paleao
383:             ls$morto/antes
384: 
385:          mnoivo$francisca rodrigues/id=c1733.11-per3
386:             ls$morta/antes
387: 
388:          noiva$maria rodrigues da cruz/id=c1733.11-per4
389:             ls$residencia/paleao
390: 
391:          pnoiva$manuel rodrigues branco/id=c1733.11-per5
392:             ls$residencia/paleao
393: 
394:          mnoiva$francisca leoa/id=c1733.11-per6
395: 
396:          test$joao gaspar/id=c1733.11-per7
397:             ls$residencia/paleao
398: 
399:          test$manuel domingos/id=c1733.11-per8
400:             ls$residencia/paleao
401: 
402:          test$manuel soares/id=c1733.11-per9
403:             ls$residencia/paleao
404: 
405:          test$antonio soares/id=c1733.11-per10
406:             ls$residencia/paleao
407: 
408:       cas$c1733.12/10/10/1733/fol.371/local__igreja de sao tiago/celebrante__padre joao gaspar
409: 
410: cas$c1733.12
410:          noivo$tomas ferreira/id=c1733.12-per1
411:             ls$residencia/almalagues
412: 
413:          pnoivo$manuel joao/id=c1733.12-per2
414:             ls$residencia/almalagues
415: 
416:          mnoivo$maria ferreira/id=c1733.12-per3
417: 
418:          noiva$rosa maria teresa/id=c1733.12-per4
419:             ls$residencia/soure
420: 
421:          pnoiva$jose henriques/id=c1733.12-per5
422:             ls$residencia/soure
423: 
424:          mnoiva$helena da cruz/id=c1733.12-per6
425: 
426:          test$antonio de azevedo coutinho/id=c1733.12-per7
427:             ls$titulo/doutor
428:             ls$residencia
429: 

ERROR: cas1733.cli line 429 ** Error: missing element(s) in ls(att-146) must have: valor
Near line: 429 
Near line: 430          test$tomas francisco de carvalho/id=c1733.12-per8

430:          test$tomas francisco de carvalho/id=c1733.12-per8
431:             ls$titulo/doutor
432:             ls$profissao/medico
433:             ls$residencia
434: 

ERROR: cas1733.cli line 434 ** Error: missing element(s) in ls(att-149) must have: valor
Near line: 434 
Near line: 435          test$manuel rodrigues alvaro/id=c1733.12-per9

435:          test$manuel rodrigues alvaro/id=c1733.12-per9
436:             ls$profissao/padre
437:             ls$cargo/tesoureiro
438:             ls$residencia/soure
439: 
440:          test$mateus cardoso/id=c1733.12-per10
441:             ls$cargo/sacristao
442:             ls$residencia/soure
443: 
444:       cas$c1733.13/20/10/1733/fol.371/local__igreja de sao tiago/celebrante__vigario manuel rodrigues
445: 
446: cas$c1733.13
446:          noivo$gaspar fernandes/id=c1733.13-per1
447:             ls$residencia/vila nova de ancos
448: 
449:          pnoivo$manuel fernandes/id=c1733.13-per2
450:             ls$residencia/vila nova de ancos
451:             ls$morto/antes
452: 
453:          mnoivo$joana/id=c1733.13-per3
454:             ls$morta/antes
455: 
456:          noiva$maria joao/id=c1733.13-per4
457:             ls$residencia/sobral
458: 
459:          pnoiva$aniceto de carvalho/id=c1733.13-per5
460:             ls$residencia/sobral
461: 
462:          mnoiva$maria joao/id=c1733.13-per6
463: 
464:          test$joao rodrigues/id=c1733.13-per7
465:             ls$profissao/soldado
466:             ls$residencia/sobral
467: 
468:          test$manuel jorge/id=c1733.13-per8
469:             ls$residencia/sobral
470: 
471:          test$manuel mateus/id=c1733.13-per9
472:             ls$residencia/sobral
473: 
474:          test$jeronimo mendes/id=c1733.13-per10
475:             ls$profissao/barbeiro
476:             ls$residencia/soure
477: 
478:       cas$c1733.14/8/11/1733/fol.371/local__igreja de sao tiago/celebrante__vigario manuel rodrigues
479: 
480: cas$c1733.14
480:          noivo$sebastiao francisco/id=c1733.14-per1
481:             ls$residencia/simoes
482: 
483:          pnoivo$diogo francisco/id=c1733.14-per2
484:             ls$residencia/simoes
485:             ls$morto/antes
486: 
487:          mnoivo$isabel dias/id=c1733.14-per3
488:             ls$morta/antes
489: 
490:          noiva$caetana francisca/id=c1733.14-per4
491:             ls$residencia/simoes
492: 
493:          pnoiva$bento francisco/id=c1733.14-per5
494:             ls$residencia/simoes
495:             ls$morto/antes
496: 
497:          mnoiva$maria joao/id=c1733.14-per6
498:             ls$morta/antes
499: 
500:          test$manuel joao/id=c1733.14-per7
501:             ls$residencia/bonitos
502: 
503:          test$manuel francisco melro/id=c1733.14-per8
504:             ls$residencia/simoes
505: 
506:          test$joao da silva/id=c1733.14-per9
507:             ls$residencia/simoes
508: 
509:          test$antonio rodrigues galego/id=c1733.14-per10
510:             ls$residencia/simoes
511: 
512:       cas$c1733.15/9/11/1733/fol.371v/local__igreja de sao tiago/celebrante__vigario manuel rodrigues
513: 
514: cas$c1733.15
514:          noivo$hermenegildo da costa/id=c1733.15-per1
515:             ls$residencia/samuel/obs=onde foi exposto e baptizado
516: 
517:          pnoivo$vasco da costa/obs=segundo diz o noivo/id=c1733.15-per2
518:             ls$profissao/padre
519:             ls$residencia/batalha
520: 
521:          mnoivo$maria da conceicao/id=c1733.15-per3
522: 
523:          noiva$mariana goncalves/id=c1733.15-per4
524:             ls$residencia/mogadouro
525: 
526:          pnoiva$antonio goncalves/id=c1733.15-per5
527:             ls$residencia/mogadouro
528: 
529:          mnoiva$maria rodrigues/id=c1733.15-per6
530: 
531:          test$joao nunes/id=c1733.15-per7
532:             ls$residencia/mogadouro
533: 
534:          test$antonio goncalves/id=c1733.15-per8
535:             ls$alcunha/o moco
536:             ls$residencia/mogadouro
537: 
538:          test$manuel domingues/id=c1733.15-per9
539:             ls$residencia/mogadouro
540: 
541:          test$manuel rodrigues alvaro/id=c1733.15-per10
542:             ls$profissao/padre
543:             ls$residencia/soure
544: 
545:       cas$c1733.16/15/11/1733/fol.371v/local__igreja de sao tiago/celebrante__vigario manuel rodrigues
546: 
547: cas$c1733.16
547:          noivo$francisco gaspar/id=c1733.16-per1
548:             ls$residencia/simoes
549: 
550:          pnoivo$jose gaspar/id=c1733.16-per2
551:             ls$residencia/simoes
552: 
553:          mnoivo$maria francisca/id=c1733.16-per3
554: 
555:          noiva$caetana simoes/id=c1733.16-per4
556:             ls$residencia/simoes
557: 
558:          pnoiva$antonio simoes/id=c1733.16-per5
559:             ls$alcunha/o conde
560:             ls$residencia/simoes
561:             ls$morto/antes
562: 
563:          mnoiva$maria joao/id=c1733.16-per6
564:             ls$alcunha/a galega
565: 
566:          test$manuel joao/id=c1733.16-per7
567:             ls$profissao/moleiro
568:             ls$residencia/areias
569: 
570:          test$manuel jorge/id=c1733.16-per8
571:             ls$residencia/simoes
572: 
573:          test$domingos rodrigues tribelo/id=1733-c16-domingos
574:             ls$residencia/simoes
575: 
576:          test$maria joao/id=c1733.16-per9
577:             ls$residencia/simoes
578:             rel$parentesco/mulher/domingos rodrigues tribelo/1733-c16-domingos
579: *** End of File
2  errors. 
0  warnings.
Translation finished.
