ClioInput - version @@VERSION@@ - build @@BUILD@@ @@DATE@@
10-8-2018 15-26

Processing data file /Users/jrc/mhk-home/sources/soure/documents/soure2/cas1730.cli
-------------------------------------------
Generic Act translation module with geoentities (XML).
     Joaquim Ramos de Carvalho (joaquim@uc.pt) 
** New document: kleio
=========================
kleio translation started
=========================
Structure: gacto2.str
Prefix: 
Autorel: 
Translation count: 
Obs: 
Translation count not set or invalid, counting as zero: 
** Processing source fonte$casamentos 1730
6: cas$c1730.01
41: cas$c1730.2
72: cas$c1730.3
103: cas$c1730.4
140: cas$c1730.5
174: cas$c1730.6
204: cas$c1730.7
237: cas$c1730.8
282: cas$c1730.9
318: cas$c1730.10
352: cas$c1730.11
390: cas$c1730.12
434: cas$c1730.13
467: cas$c1730.14
510: cas$c1730.15
543: cas$c1730.16
589: cas$c1730.17
620: cas$c1730.18
*** End of File
** Processed file- /Users/jrc/mhk-home/sources/soure/documents/soure2/cas1730.cli
** Original file- /Users/jrc/mhk-home/sources/soure/documents/soure2/cas1730.org
** Previous version- /Users/jrc/mhk-home/sources/soure/documents/soure2/cas1730.old
** Temp file with ids- /Users/jrc/mhk-home/sources/soure/documents/soure2/cas1730.ids
0  errors. 
0  warnings.
Translation finished.
