ClioInput - version @@VERSION@@ - build @@BUILD@@ @@DATE@@
13-6-2019 16-41

Processing data file cas1731.cli
-------------------------------------------
Generic Act translation module with geoentities (XML).
     Joaquim Ramos de Carvalho (joaquim@uc.pt) 
** New document: kleio
1: kleio$gacto2.str
=========================
kleio translation started
=========================
Structure: gacto2.str
Prefix: 
Autorel: 
Translation count: 
Obs: 
Translation count not set or invalid, counting as zero: 
2:    fonte$casamentos 1731/1731/paroquiais/auc/obs=em muito mau estado
3: 
** Processing source fonte$casamentos 1731
4:       cas$c1731.01/8/1/1731/fol.360v/local__igreja de sao tiago/celebrante__vigario manuel rodrigues
5: 
6: cas$c1731.01
6:          noivo$antonio de andrade/id=c1731.01-per1
7:             ls$residencia/casal das brancas
8: 
9:          pnoivo$luis andrade/id=c1731.01-per2
10:             ls$residencia/casal das brancas
11:             ls$morto/antes
12: 
13:          mnoivo$maria jorge/id=c1731.01-per3
14: 
15:          noiva$maria galinha/id=c1731.01-per4
16:             ls$residencia
17: 

ERROR: cas1731.cli line 17 ** Error: missing element(s) in ls(att-4) must have: valor
Near line: 17 
Near line: 18          pnoiva$manuel oleiro/id=c1731.01-per5

18:          pnoiva$manuel oleiro/id=c1731.01-per5
19:             ls$residencia/vila nova de ancos
20:             ls$morto/antes
21: 
22:          mnoiva$francisca galinha/id=c1731.01-per6
23:             ls$morta/antes
24: 
25:          test$jose rodrigues/id=c1731.01-per7
26:             ls$residencia/amoreira
27: 
28:          test$joao pereira/id=c1731.01-per8
29:             ls$residencia/casal de galinhas
30: 
31:          test$luis goncalves perdigao/id=c1731.01-per9
32:             ls$residencia/casal das brancas
33: 
34:          test$mateus cardoso/id=c1731.01-per10
35:             ls$residencia/soure
36: 
37:       cas$c1731.2/15/1/1731/fol.360v/local__igreja de sao tiago/celebrante__vigario manuel rodrigues
38: 
39: cas$c1731.2
39:          noivo$antonio pereira/id=c1731.2-per1
40:             ls$residencia
41: 

ERROR: cas1731.cli line 41 ** Error: missing element(s) in ls(att-12) must have: valor
Near line: 41 
Near line: 42          pnoivo$antonio pereira/id=c1731.2-per2

42:          pnoivo$antonio pereira/id=c1731.2-per2
43:             ls$residencia/paleao
44:             ls$morto/antes
45: 
46:          mnoivo$maria simoes/id=c1731.2-per3
47:             ls$morta/antes
48: 
49:          noiva$maria gomes/id=c1731.2-per4
50:             ls$residencia/paleao
51: 
52:          pnoiva$alexandre gomes/id=c1731.2-per5
53:             ls$residencia/paleao
54: 
55:          mnoiva$ana esteves/id=c1731.2-per6
56:             ls$morta/antes
57: 
58:          test$pedro gaspar/id=c1731.2-per7
59:             ls$residencia/paleao
60: 
61:          test$joao rodrigues gante/id=c1731.2-per8
62:             ls$residencia/paleao
63: 
64:          test$manuel goncalves marinheiro/id=c1731.2-per9
65:             ls$residencia/paleao
66: 
67:          test$joao gomes da cruz/id=c1731.2-per10
68:             ls$residencia/paleao
69: 
70:       cas$c1731.3/24/1/1731/fol.360v-361/local__igreja de sao tiago/celebrante__manuel rodrigues alvaro
71: 
72: cas$c1731.3
72:          noivo$domingos cardoso/id=c1731.3-per1
73:             ls$residencia/oureca
74: 
75:          pnoivo$manuel rodrigues/id=c1731.3-per2
76:             ls$residencia/oureca
77:             ls$morto/antes
78: 
79:          mnoivo$maria cardosa/id=c1731.3-per3
80:             ls$morta/antes
81: 
82:          noiva$maria rodrigues/id=c1731.3-per4
83:             ls$residencia/oureca
84: 
85:          pnoiva$francisco dinis/id=c1731.3-per5
86:             ls$residencia/oureca
87: 
88:          mnoiva$josdefa rodrigues/id=c1731.3-per6
89:             ls$morta/antes
90: 
91:          test$francisco simoes/id=c1731.3-per7
92:             ls$residencia/cavaleiros
93: 
94:          test$manuel simoes/id=c1731.3-per8
95:             ls$residencia/oureca
96: 
97:          test$manuel goncalves/id=c1731.3-per9
98:             ls$residencia/alencarce de baixo
99: 
100:          test$mateus cardoso/id=c1731.3-per10
101:             ls$residencia/soure
102: 
103:       cas$c1731.4/19/1/1731/fol.361/local__igreja de sao tiago/celebrante__vigario manuel rodrigues
104: 
105: cas$c1731.4
105:          noivo$manuel da silva/id=c1731.4-per1
106:             ls$residencia/carvalha da azoia
107:             ls$freguesia/samuel
108: 
109:          pnoivo$manuel da silva/id=c1731.4-per2
110:             ls$residencia/carvalha da azoia
111:             ls$freguesia/samuel
112: 
113:          mnoivo$maria francisca/id=c1731.4-per3
114:             ls$morta/antes
115: 
116:          noiva$isabel de jesus/id=c1731.4-per4
117:             ls$residencia/fogueira
118: 
119:          pnoiva$manuel luis/id=c1731.4-per5
120:             ls$residencia/fogueira
121: 
122:          mnoiva$madalena joao/id=c1731.4-per6
123: 
124:          test$domingos lourenco/id=c1731.4-per7
125:             ls$residencia/casconho
126: 
127:          test$manudel joao/id=c1731.4-per8
128:             ls$residencia/casconho
129: 
130:          test$manuel rodrigues falcao/id=c1731.4-per9
131:             ls$residencia/porto coelheiro
132: 
133:          test$silvestre joao/id=c1731.4-per10
134:             ls$profissao/estudante
135:             ls$residencia/carvalheira de cima
136: 
137:       cas$c1731.5/26/2/1731/fol.361v/local__igreja de sao tiago/celebrante__vigario manuel rodrigues
138: 
139: cas$c1731.5
139:          noivo$luis goncalves/id=c1731.5-per1
140:             ls$residencia/almagreira
141: 
142:          pnoivo$jose goncalves/id=c1731.5-per2
143:             ls$residencia/almagreira
144:             ls$morto/antes
145: 
146:          mnoivo$maria rodrigues/id=c1731.5-per3
147:             ls$morta/antes
148: 
149:          noiva$domingas rodrigues/id=c1731.5-per4
150:             ls$residencia/simoes
151: 
152:          pnoiva$manuel simoes raposo/id=c1731.5-per5
153:             ls$residencia/simoes
154:             ls$morto/antes
155: 
156:          mnoiva$maria rodrigues/id=c1731.5-per6
157:             ls$morta/antes
158: 
159:          test$joao rodrigues monteiro/id=c1731.5-per7
160:             ls$residencia/simoes
161: 
162:          test$joao rodrigues galego/id=c1731.5-per8
163:             ls$residencia/simoes
164: 
165:          test$manuel joao/id=c1731.5-per9
166:             ls$profissao/moleiro
167:             ls$residencia/simoes
168: 
169:          test$antonio lourenco/id=c1731.5-per10
170:             ls$residencia/almagreira
171: 
172:       cas$c1731.6/14/5/1731/fol.361v/local__igreja de sao tiago/celebrante__vigario manuel rodrigues
173: 
174: cas$c1731.6
174:          noivo$jose mateus/id=c1731.6-per1
175:             ls$residencia/soure
176: 
177:          pnoivo$francisco mateus/obs=duvidas no nome/id=c1731.6-per2
178:             ls$residencia/soure
179: 
180:          mnoivo$esperanca/id=c1731.6-per3
181: 
182:          noiva$maria luis/id=c1731.6-per4
183:             ls$residencia/portela
184: 
185:          pnoiva$francisco ferreira/id=c1731.6-per5
186:             ls$residencia/portela
187: 
188:          mnoiva$maria luis/id=c1731.6-per6
189:             ls$residencia/casal do rei
190:             ls$morta/antes
191: 
192:          test$francisco rodrigues/id=c1731.6-per7
193:             ls$residencia/soure
194: 
195:          test$jose da silva/id=c1731.6-per8
196:             ls$residencia/soure
197: 
198:          test$manuel de brito/id=c1731.6-per9
199:             ls$residencia/soure
200: 
201:          test$mateus cardoso/id=c1731.6-per10
202:             ls$residencia/soure
203: 
204:       cas$c1731.7/14/5/1731/fol.361v-362/local__igreja de sao tiago/celebrante__vigario manuel rodrigues
205: 
206: cas$c1731.7
206:          noivo$jose rodrigues/id=c1731.7-per1
207:             ls$residencia/casais da misericordia
208: 
209:          pnoivo$antonio domingues/id=c1731.7-per2
210:             ls$residencia/casais da misericordia
211:             ls$morto/antes
212: 
213:          mnoivo$maria dias/id=c1731.7-per3
214:             ls$morta/antes
215: 
216:          noiva$josefa da conceicao/id=c1731.7-per4
217:             ls$residencia/barril
218: 
219:          pnoiva$domingos da gante/id=c1731.7-per5
220:             ls$residencia/barril
221: 
222:          mnoiva$isabel madeira/id=c1731.7-per6
223:             ls$morta/antes
224: 
225:          test$manuel lourenco/id=c1731.7-per7
226:             ls$residencia/bonitos
227: 
228:          test$manuel mendes henriques/id=c1731.7-per8
229:             ls$residencia/bonitos
230: 
231:          test$manuel de brito/id=c1731.7-per9
232:             ls$profissao/alfaiate
233:             ls$residencia/soure
234: 
235:          test$mateus cardoso/id=c1731.7-per10
236:             ls$residencia/soure
237: 
238:       cas$c1731.8/28/5/1731/fol.362/local__ermida de sao francisco/celebrante__vigario manuel rodrigues
239: 
240: cas$c1731.8
240:          noivo$jose cardoso/id=c1731.8-per1
241:             ls$ec/viuvo
242:             ls$residencia/casa velha
243: 
244:          pnoivo$manuel cardoso/id=c1731.8-per2
245:             ls$residencia/casa velha
246:             ls$morto/antes
247: 
248:          mnoivo$maria pedrosa/id=c1731.8-per3
249:             ls$morta/antes
250: 
251:          noiva$luisa pedrosa/id=c1731.8-per4
252:             ls$ec/viuva
253:             ls$residencia/pedrafonco
254: 
255:          pnoiva$antonio simoes/id=c1731.8-per5
256:             ls$residencia/pedrafonco
257:             ls$morto/antes
258: 
259:          mnoiva$maria pedrosa/id=c1731.8-per6
260:             ls$morta/antes
261: 
262:          mulher1$maria goncalves/id=c1731.8-per7
263:             ls$residencia/casa velha
264: 
265:          pmulher1$simao goncalves/id=c1731.8-per8
266:             ls$residencia/casa velha
267:             ls$morto/antes
268: 
269:          mmulher1$catarina francisca/id=c1731.8-per9
270:             ls$morta/antes
271: 
272:          marido1$manuel mendes/id=c1731.8-per10
273:             ls$residencia/soure
274: 
275:          pmarido1$antonio francisco baralhao/id=c1731.8-per11
276:             ls$residencia/soure
277:             ls$morto/antes
278: 
279:          mmarido1$maria mendes/id=c1731.8-per12
280:             ls$morta/antes
281: 
282:          test$jeronimo mendes/id=c1731.8-per13
283:             ls$profissao/barbeiro
284:             ls$residencia/soure
285: 
286:          test$manuel rodrigues pereira/id=c1731.8-per14
287:             ls$residencia/soure
288: 
289:          test$manuel lopes/id=c1731.8-per15
290:             ls$profissao/alfaiate
291:             ls$residencia/casa velha
292: 
293:          test$manuel cardoso/id=c1731.8-per16
294:             ls$residencia/casa velha
295: 
296:       cas$c1731.9/17/6/1731/fol.362v/local__igreja de sao tiago/celebrante__vigario manuel rodrigues
297: 
298: cas$c1731.9
298:          noivo$francisco goncalves/id=c1731.9-per1
299:             ls$residencia/melrical
300: 
301:          pnoivo$francisco goncalves/id=c1731.9-per2
302:             ls$residencia/melrical
303: 
304:          mnoivo$maria ferreira/id=c1731.9-per3
305: 
306:          noiva$catarina rodrigues/id=c1731.9-per4
307:             ls$residencia/casal das brancas
308: 
309:          pnoiva$antonio de andrade/id=c1731.9-per5
310:             ls$residencia/casal das brancas
311: 
312:          mnoiva$domingas rodrigues/id=c1731.9-per6
313: 
314:          test$gabriel colaco de morais/id=1731-c9-gabriel
315:             ls$profissao/padre
316:             ls$residencia/espirito santo
317: 
318:          test$joao colaco de morais/id=c1731.9-per7
319:             ls$residencia/espirito santo
320:             rel$parentesco/irmao/gabriel colaco de morais/1731-c9-gabriel
321: 
322:          test$mateus cardoso/id=c1731.9-per8
323:             ls$residencia/soure
324: 
325:          test$manuel francisco melrio/id=c1731.9-per9
326:             ls$residencia/simoes
327: 
328:       cas$c1731.10/20/8/1731/fol.362v/local__igreja de sao tiago/celebrante__vigario manuel rodrigues
329: 
330: cas$c1731.10
330:          noivo$manuel madeira/id=c1731.10-per1
331:             ls$residencia/alencarce de cima
332: 
333:          pnoivo$simao madeira/id=c1731.10-per2
334:             ls$residencia/alencarce de cima
335: 
336:          mnoivo$isabel francisca/id=c1731.10-per3
337: 
338:          noiva$maria madeira/id=c1731.10-per4
339:             ls$residencia/alencarce de cima
340: 
341:          pnoiva$joao rodrigues calhau/id=c1731.10-per5
342:             ls$residencia/alencarce de cima
343:             ls$morto/antes
344: 
345:          mnoiva$antonia madeira/id=c1731.10-per6
346:             ls$morta/antes
347: 
348:          test$antonio rodrigues lourenco/id=c1731.10-per7
349:             ls$residencia/alencarce de cima
350: 
351:          test$manuel antunes/id=c1731.10-per8
352:             ls$residencia/alencarce de cima
353: 
354:          test$manuel simoes/id=c1731.10-per9
355:             ls$residencia/alencarce de cima
356: 
357:          test$antonio rodrigues calhau/id=c1731.10-per10
358:             ls$residencia/alencarce de cima
359: 
360:       cas$c1731.11/20/8/1731/fol.362v-363/local__igreja de sao tiago/celebrante__vigario manuel rodrigues
361: 
362: cas$c1731.11
362:          noivo$manuel rodrigues rei/id=c1731.11-per1
363:             ls$residencia/sobral
364: 
365:          pnoivo$joao rodrigues/id=c1731.11-per2
366:             ls$alcunha/para aguas
367:             ls$residencia/sobral
368:             ls$morto/antes
369: 
370:          mnoivo$isabel domingas/id=c1731.11-per3
371:             ls$morta/antes
372: 
373:          noiva$maria carvalha/id=c1731.11-per4
374:             ls$ec/viuva
375:             ls$residencia/mogadouro
376: 
377:          pnoiva$manuel francisco juromenho/id=c1731.11-per5
378:             ls$residencia/mogadouro
379:             ls$morto/antes
380: 
381:          mnoiva$maria de oliveira/id=c1731.11-per6
382: 
383:          marido1$antonio carvalho/id=c1731.11-per7
384:             ls$residencia/delgados
385: 
386:          pmarido1$antonio joao/id=c1731.11-per8
387:             ls$residencia/delgados
388:             ls$morto/antes
389: 
390:          mmarido1$ana carvalho/id=c1731.11-per9
391:             ls$morta/antes
392: 
393:          test$manuel goncalves branco/id=c1731.11-per10
394:             ls$residencia/mogadouro
395: 
396:          test$mateus carvalho/id=1731-c11-mateus
397:             ls$residencia/mogadouro
398: 
399:          test$maria goncalves/id=c1731.11-per11
400:             ls$residencia/mogadouro
401:             rel$parentesco/mulher/mateus carvalho/1731-c11-mateus
402: 
403:          test$antonio martins/id=c1731.11-per12
404:             ls$residencia/delgados
405: 
406:       cas$c1731.12/3/9/1731/fol.363/local__igreja de sao tiago/celebrante__vigario manuel rodrigues
407: 
408: cas$c1731.12
408:          noivo$manuel de almeida/id=c1731.12-per1
409:             ls$residencia/valerinho
410:             ls$freguesia/lourical
411: 
412:          pnoivo$manuel goncalves/id=c1731.12-per2
413:             ls$residencia/valerinho
414:             ls$freguesia/lourical
415:             ls$morto/antes
416: 
417:          mnoivo$maria da mota/id=c1731.12-per3
418: 
419:          noiva$domingas dos santos/id=c1731.12-per4
420:             ls$residencia/casal da venda
421: 
422:          pnoiva$antonio ferreira/id=c1731.12-per5
423:             ls$residencia/casal da venda
424: 
425:          mnoiva$madalena luis/id=c1731.12-per6
426: 
427:          test$manuel joao/id=c1731.12-per7
428:             ls$residencia/casalinhos
429: 
430:          test$ventura francisco/id=c1731.12-per8
431:             ls$residencia/casalinhos
432: 
433:          test$manuel rodrigues/id=c1731.12-per9
434:             ls$profissao/alfaiate
435:             ls$residencia/casal da venda
436: 
437:          test$jose rodrigues anjo/id=c1731.12-per10
438:             ls$residencia/casal da venda
439: 
440:       cas$c1731.13/3/10/1731/fol.363/local__igreja de sao tiago/celebrante__vigario manuel rodrigues
441: 
442: cas$c1731.13
442:          noivo$manuel simoes/id=c1731.13-per1
443:             ls$residencia/oureca
444: 
445:          pnoivo$manuel simoes/id=c1731.13-per2
446:             ls$residencia/oureca
447: 
448:          mnoivo$francisca rodrigues/id=c1731.13-per3
449:             ls$morta/antes
450: 
451:          noiva$natalia rodrigues/id=c1731.13-per4
452:             ls$residencia/oureca
453: 
454:          pnoiva$manuel rodrigues centeio/id=c1731.13-per5
455:             ls$residencia/oureca
456:             ls$morto/antes
457: 
458:          mnoiva$maria rodrigues/id=c1731.13-per6
459:             ls$morta/antes
460: 
461:          test$diogo rodrigues/id=c1731.13-per7
462:             ls$residencia/oureca
463: 
464:          test$domingos cardoso/id=c1731.13-per8
465:             ls$residencia/oureca
466: 
467:          test$manuel rodrigues/id=c1731.13-per9
468:             ls$residencia/espirito santo
469: 
470:          test$joao rodrigues galiao/id=c1731.13-per10
471:             ls$residencia/portela
472: 
473:       cas$c1731.14/28/11/1731/fol.363v/local__igreja de sao tiago/celebrante__vigario manuel rodrigues
474: 
475: cas$c1731.14
475:          noivo$manuel goncalves perdigao/id=c1731.14-per1
476:             ls$ec/viuvo
477:             ls$residencia/lousoes
478: 
479:          pnoivo$manuel goncalves perdigao/id=c1731.14-per2
480:             ls$residencia/lousoes
481: 
482:          mnoivo$maria simoes/id=c1731.14-per3
483: 
484:          noiva$josefa goncalves/id=c1731.14-per4
485:             ls$residencia/vale da borra
486: 
487:          pnoiva$manuel goncalves/id=c1731.14-per5
488:             ls$residencia/vale da borra
489:             ls$morto/antes
490: 
491:          mnoiva$maria rodrigues/id=c1731.14-per6
492:             ls$morta/antes
493: 
494:          mulher1$maria jorge/id=c1731.14-per7
495:             ls$residencia/casal novo
496:             ls$morta/antes
497: 
498:          pmulher1$manuel de gouveia/id=c1731.14-per8
499:             ls$residencia/casal novo
500: 
501:          mmulher1$sebastiana da graca/id=c1731.14-per9
502: 
503:          test$antonio francisco/id=c1731.14-per10
504:             ls$residencia/casal novo
505: 
506:          test$luis goncalves perdigao/id=c1731.14-per11
507:             ls$residencia/casal das brancas
508: 
509:          test$joao rodrigues/id=c1731.14-per12
510:             ls$residencia/migalho
511: 
512:          test$joao cardoso/id=c1731.14-per13
513:             ls$residencia/migalho
514: 
515:       cas$c1731.15/3/12/1731/fol.363v/local__igreja de sao tiago/celebrante__vigario manuel rodrigues
516: 
517: cas$c1731.15
517:          noivo$joao rodrigues/id=c1731.15-per1
518:             ls$residencia/alencarce de cima
519: 
520:          pnoivo$manuel madeira/id=c1731.15-per2
521:             ls$residencia/alencarce de cima
522: 
523:          mnoivo$catarina rodrigues/id=c1731.15-per3
524:             ls$morta/antes
525: 
526:          noiva$isabel goncalves/id=c1731.15-per4
527:             ls$residencia/alencarce de cima
528: 
529:          pnoiva$antonio joao/id=c1731.15-per5
530:             ls$residencia/alencarce de cima
531:             ls$morto/antes
532: 
533:          mnoiva$francisca goncalves/id=c1731.15-per6
534:             ls$morta/antes
535: 
536:          mulher1$maria madeira/id=c1731.15-per7
537:             ls$residencia/alencarce de cima
538: 
539:          pmulher1$manuel joao/id=c1731.15-per8
540:             ls$residencia/alencarce de cima
541: 
542:          mmulher1$maria madeira/id=c1731.15-per9
543:             ls$morta/antes
544: 
545:          marido1$afonso rodrigues/id=c1731.15-per10
546:             ls$residencia/olho marinho
547: 
548:          pmarido1$? antunes/obs=rasgao no nome/id=c1731.15-per11
549:             ls$residencia/olho marinho
550:             ls$morto/antes
551: 
552:          mmarido1$isabel goncalves/id=c1731.15-per12
553:             ls$morta/antes
554: 
555:          test$joao sequeira coelho/id=c1731.15-per13
556:             ls$residencia/soure
557: 
558:          test$manuel rodrigues alvaro/id=c1731.15-per14
559:             ls$profissao/padre
560:             ls$residencia/soure
561: 
562:          test$antonio rodrigues/id=c1731.15-per15
563:             ls$residencia/alencarce de cima
564: *** End of File
2  errors. 
0  warnings.
Translation finished.
