ClioInput - version @@VERSION@@ - build @@BUILD@@ @@DATE@@
10-8-2018 15-27

Processing data file /Users/jrc/mhk-home/sources/soure/documents/soure2/cas1732.cli
-------------------------------------------
Generic Act translation module with geoentities (XML).
     Joaquim Ramos de Carvalho (joaquim@uc.pt) 
** New document: kleio
=========================
kleio translation started
=========================
Structure: gacto2.str
Prefix: 
Autorel: 
Translation count: 
Obs: 
Translation count not set or invalid, counting as zero: 
** Processing source fonte$casamentos 1732
6: cas$c1732.01

/Users/jrc/mhk-home/sources/soure/documents/soure2/cas1732.cli:17:** Error: missing element(s) in ls(att-3) must have: valor


ERROR: cas1732.cli line 16 ** Error: missing element(s) in ls(att-3) must have: valor
Near line: 16 Near line: 17          pnoiva$joao da costa/id=c1732.01-per5

/Users/jrc/mhk-home/sources/soure/documents/soure2/cas1732.cli:20:** Error: missing element(s) in ls(att-4) must have: valor


ERROR: cas1732.cli line 19 ** Error: missing element(s) in ls(att-4) must have: valor
Near line: 19 Near line: 20          mnoiva$catarina ferreira/id=c1732.01-per6
40: cas$c1732.2
75: cas$c1732.3
107: cas$c1732.4
139: cas$c1732.5
176: cas$c1732.6
208: cas$c1732.7
250: cas$c1732.8
283: cas$c1732.9
318: cas$c1732.10
361: cas$c1732.11
394: cas$c1732.12
424: cas$c1732.13
455: cas$c1732.14
485: cas$c1732.15
541: cas$c1732.16
580: cas$c1732.17
613: cas$c1732.18

/Users/jrc/mhk-home/sources/soure/documents/soure2/cas1732.cli:625:** Error: missing element(s) in ls(att-205) must have: valor


ERROR: cas1732.cli line 624 ** Error: missing element(s) in ls(att-205) must have: valor
Near line: 624 Near line: 625          pnoiva$joao ferreira nuvem/id=c1732.18-per5

/Users/jrc/mhk-home/sources/soure/documents/soure2/cas1732.cli:628:** Error: missing element(s) in ls(att-206) must have: valor


ERROR: cas1732.cli line 627 ** Error: missing element(s) in ls(att-206) must have: valor
Near line: 627 Near line: 628          mnoiva$francisca rodrigues/id=c1732.18-per6
653: cas$c1732.19
684: cas$c1732.20
717: cas$c1732.21
748: cas$c1732.22
780: cas$c1732.23
811: cas$c1732.24
845: cas$c1732.25
877: cas$c1732.26
*** End of File
4  errors. 
0  warnings.
Translation finished.
