ClioInput - version @@VERSION@@ - build @@BUILD@@ @@DATE@@
13-6-2019 22-52

Processing data file cas1728.cli
-------------------------------------------
Generic Act translation module with geoentities (XML).
     Joaquim Ramos de Carvalho (joaquim@uc.pt) 
** New document: kleio
1: kleio$gacto2.str/translations=2
=========================
kleio translation started
=========================
Structure: gacto2.str
Prefix: 
Autorel: 
Translation count: 2
Obs: 
2:    fonte$casamentos 1728/1728/paroquiais/auc/obs=em muito mau estado
3: 
** Processing source fonte$casamentos 1728
4:       cas$c1728.01/12/1/1728/fol.346/local__igreja de sao tiago/celebrante__manuel rodrigues
5: 
6: cas$c1728.01
6:          noivo$manuel gomes/id=c1728.01-per1
7:             ls$residencia/casal da venda
8: 
9:             pnoivo$joao gomes/id=c1728.01-per2
10:                ls$residencia/casal da venda
11:                ls$morto/antes
12: 
13:             mnoivo$isabel francisca/id=c1728.01-per3
14: 
15:          noiva$luisa da costa/id=c1728.01-per4
16:             ls$residencia/vale da borra
17: 
18:             pnoiva$joao simoes/id=c1728.01-per5
19:                ls$residencia/vale da borra
20: 
21:             mnoiva$antonia da costa/id=c1728.01-per6
22: 
23:          test$antonio francisco/id=c1728.01-per7
24:             ls$residencia/sobral
25: 
26:          test$jose goncalves/id=c1728.01-per8
27:             ls$residencia/sobral
28: 
29:          test$manuel da costa/id=c1728.01-per9
30:             ls$residencia/casa velha
31: 
32:          test$joao alves/id=c1728.01-per10
33:             ls$residencia/casa velha
34: 
35:       cas$c1728.2/12/1/1728/fol.346/local__igreja de sao tiago/celebrante__manuel rodrigues
36: 
37: cas$c1728.2
37:          noivo$joao de oliveira/id=c1728.2-per1
38:             ls$residencia/redinha
39: 
40:             pnoivo$antonio de oliveira/id=c1728.2-per2
41:                ls$residencia/redinha
42: 
43:             mnoivo$maria martins/id=c1728.2-per3
44: 
45:          noiva$isabel domingas/id=c1728.2-per4
46:             ls$residencia/casais da misericordia
47: 
48:             pnoiva$antonio domingos/id=c1728.2-per5
49:                ls$residencia/casais da misericordia
50: 
51:             mnoiva$francisca ferreia/id=c1728.2-per6
52: 
53:          test$antonio coelho/id=c1728.2-per7
54:             ls$residencia/bonitos
55: 
56:          test$joao rodrigues/id=c1728.2-per8
57:             ls$residencia/casais da misericordia
58: 
59:          test$antonio francisco/id=c1728.2-per9
60:             ls$residencia/sobral
61: 
62:          test$jose goncalves/id=c1728.2-per10
63:             ls$residencia/sobral
64: 
65:       cas$c1728.3/19/1/1728/fol.346/local__igreja de sao tiago/celebrante__manuel rodrigues
66: 
67: cas$c1728.3
67:          noivo$manuel rodrigues/id=c1728.3-per1
68:             ls$residencia/porto coelheiro
69: 
70:             pnoivo$manuel rodrigues de carvalho/id=c1728.3-per2
71:                ls$residencia/porto coelheiro
72: 
73:             mnoivo$maria simoes/id=c1728.3-per3
74:                ls$morta/antes
75: 
76:          noiva$antonia joao/id=c1728.3-per4
77:             ls$residencia/alencarce de cima
78: 
79:             pnoiva$manuel alves/id=c1728.3-per5
80:                ls$residencia/alencarce de cima
81:                ls$morto/antes
82: 
83:             mnoiva$maria joao/id=c1728.3-per6
84: 
85:          test$simoes duarte/id=c1728.3-per7
86:             ls$residencia/porto coelheiro
87: 
88:          test$marteus rodrigues/id=c1728.3-per8
89:             ls$residencia/porto coelheiro
90: 
91:          test$antonio rodrigues/id=c1728.3-per9
92:             ls$residencia/alencarce de cima
93: 
94:       cas$c1728.4/2/3/1728/fol.346v/local__igreja de sao tiago/celebrante__manuel rodrigues
95: 
96: cas$c1728.4
96:          noivo$manuel francisco/id=c1728.4-per1
97:             ls$residencia/sobral
98: 
99:             pnoivo$gabriel francisco/id=c1728.4-per2
100:                ls$residencia/sobral
101:                ls$morto/antes
102: 
103:             mnoivo$maria jorge/id=c1728.4-per3
104:                ls$morta/antes
105: 
106:          noiva$maria francisca/id=c1728.4-per4
107:             ls$residencia/simoes
108:             ls$ec/viuva
109: 
110:             pnoiva$francisco rodrigues/id=c1728.4-per5
111:                ls$residencia/simoes
112:                ls$morto/antes
113: 
114:             mnoiva$isabel francisca/id=c1728.4-per6
115: 
116:             marido1$manuel joao soeiro/id=c1728.4-per7
117:                ls$residencia/sobral
118: 
119:                pmarido1$manuel joao soeiro/id=c1728.4-per8
120:                   ls$residencia/sobral
121:                   ls$morto/antes
122: 
123:                mmarido1$antonia fernandes/id=c1728.4-per9
124:                   ls$morta/antes
125: 
126:          test$manuel simoes galhardo/id=c1728.4-per10
127:             ls$residencia/sobral
128: 
129:          test$joao henriques de carvalho/id=c1728.4-per11
130:             ls$residencia/sobral
131: 
132:          test$manuel rodrigues alvaro/id=c1728.4-per12
133:             ls$profissao/padre
134:             ls$cargo/tesoureiro
135:             ls$residencia/soure
136: 
137:          test$luis alves/id=c1728.4-per13
138:             ls$profissao/estudante
139:             ls$residencia/soure
140: 
141:       cas$c1728.5/19/3/1728/fol.348/local__igreja de sao tiago/celebrante__manuel rodrigues/obs=os noivos tem consanguinidade de quarto grau
142: 
143: cas$c1728.5
143:          noivo$jorge goncalves/id=c1728.5-per1
144:             ls$residencia/melrical
145:             rel$parentesco/consanguinidade de quarto grau/cecilia goncalves/1728-c5-cecilia
146: 
147:             pnoivo$francisco goncalves/id=c1728.5-per2
148:                ls$residencia/melrical
149: 
150:             mnoivo$maria mendes/id=c1728.5-per3
151: 
152:          noiva$cecilia goncalves/id=1728-c5-cecilia
153:             ls$residencia/casal das brancas
154:             ls$ec/viuva
155: 
156:             pnoiva$luis goncalves/id=c1728.5-per4
157:                ls$residencia/casal das brancas
158: 
159:             mnoiva$catarina ferreira/id=c1728.5-per5
160: 
161:             marido1$luis carvalho/id=c1728.5-per6
162:                ls$residencia/casal das brancas
163: 
164:                pmarido1$mateus carvalho/id=c1728.5-per7
165:                   ls$residencia/casal das brancas
166:                   ls$morto/antes
167: 
168:                mmarido1$maria gomes/id=c1728.5-per8
169:                   ls$morta/antes
170: 
171:          test$domingos goncalves/id=c1728.5-per9
172:             ls$residencia/melrical
173: 
174:          test$manuel goncalves/id=c1728.5-per10
175:             ls$residencia/fatacos
176: 
177:          test$joao mendes/id=c1728.5-per11
178:             ls$residencia/sao mateus
179: 
180:          test$mateus cardoso/id=c1728.5-per12
181:             ls$residencia/soure
182: 
183:       cas$c1728.6/5/4/1728/fol.348/local__igreja de sao tiago/celebrante__manuel rodrigues/obs=os noivos tem consanguinidade de quarto grau
184: 
185: cas$c1728.6
185:          noivo$matias da costa/id=c1728.6-per1
186:             ls$residencia/carvalheira de cima
187:             rel$parentesco/consanguinidade de quarto grau/maria da paz/1728-c6-maria
188: 
189:             pnoivo$jordao de campos/id=c1728.6-per2
190:                ls$residencia/carvalheira de cima
191: 
192:             mnoivo$feliciana da costa da carvalha/id=c1728.6-per3
193: 
194:          noiva$maria da paz/id=1728-c6-maria
195:             ls$residencia/tapeus
196:             ls$ec/viuva
197: 
198:             pnoiva$manuel rodrigues/id=c1728.6-per4
199:                ls$residencia/tapeus
200:                ls$morto/antes
201: 
202:             mnoiva$maria da paz/id=c1728.6-per5
203:                ls$morta/antes
204: 
205:             marido1$antonio martins/id=c1728.6-per6
206:                ls$residencia/carvalheira de cima
207: 
208:                pmarido1$domingos martins/id=c1728.6-per7
209:                   ls$residencia/carvalhiera de cima
210: 
211:                mmarido1$maria rodrigues/id=c1728.6-per8
212:                   ls$morta/antes
213: 
214:          test$manuel rodrigues falcao/id=c1728.6-per9
215:             ls$residencia/porto coelheiro
216: 
217:          test$jose simoes/id=c1728.6-per10
218:             ls$residencia/presa
219: 
220:          test$manuel martins/id=c1728.6-per11
221: 
222:          test$manuel de campos/id=c1728.6-per12
223: 
224:       cas$c1728.7/17/5/1728/fol.348v/local__igreja de sao tiago/celebrante__manuel rodrigues
225: 
226: cas$c1728.7
226:          noivo$sebastiao rodrigues/id=c1728.7-per1
227:             ls$residencia/pencarpia
228: 
229:             pnoivo$manuel rodrigues/id=c1728.7-per2
230:                ls$residencia/pencarpia
231: 
232:             mnoivo$maria goncalves/id=c1728.7-per3
233: 
234:          noiva$maria rodrigues/id=c1728.7-per4
235:             ls$residencia/vale da borra
236: 
237:             pnoiva$manuel fernandes/id=c1728.7-per5
238:                ls$residencia/vale da borra
239: 
240:             mnoiva$maria rodrigues/id=c1728.7-per6
241: 
242:          test$sebastiao ferreira/id=c1728.7-per7
243:             ls$profissao/padre
244:             ls$residencia/soure
245: 
246:          test$manuel rodrigues alvaro/id=c1728.7-per8
247:             ls$profissao/padre
248:             ls$cargo/tesoureiro
249:             ls$residencia/soure
250: 
251:          test$manuel rodrigues/obs=descalco/id=c1728.7-per9
252:             ls$residencia/soure
253: 
254:          test$jeronimo mendes/id=c1728.7-per10
255:             ls$residencia/soure
256: 
257:       cas$c1728.8/24/5/1728/fol.348v/local__igreja de sao tiago/celebrante__frei manuel duarte
258: 
259: cas$c1728.8
259:          noivo$manuel goncalves/id=c1728.8-per1
260:             ls$residencia/alencarcece de baixo
261:             ls$ec/viuvo
262: 
263:             pnoivo$mateus goncalves/id=c1728.8-per2
264:                ls$residencia/alencarce de baixo
265:                ls$morto/antes
266: 
267:             mnoivo$maria joao/id=c1728.8-per3
268:                ls$morta/antes
269: 
270:             mulher1$antonia gaspar/id=c1728.8-per4
271:                ls$residencia/pinheiro
272: 
273:                pmulher1$joao carvalho/id=c1728.8-per5
274:                   ls$residencia/pinheiro
275:                   ls$morto/antes
276: 
277:                mmulher1$maria gaspar/id=c1728.8-per6
278:                   ls$morta/antes
279: 
280:          noiva$isabel rodrigues/id=c1728.8-per7
281:             ls$residencia/oureca
282: 
283:             pnoiva$manuel rodrigues centeio/id=c1728.8-per8
284:                ls$residencia/oureca
285:                ls$morta/antes
286: 
287:             mnoiva$maria rodrigues/id=c1728.8-per9
288:                ls$morta/antes
289: 
290:          test$joao goncalves/id=c1728.8-per10
291:             ls$residencia/pinheiro
292: 
293:          test$manuel goncalves/id=c1728.8-per11
294:             ls$profissao/sapateiro
295:             ls$residencia/carvalheira de baixo
296: 
297:          test$diogo rodrigues/id=c1728.8-per12
298:             ls$residencia/oureca
299: 
300:          test$francisco dinis/id=c1728.8-per13
301: 
302:       cas$c1728.9/14/6/1728/fol.349/local__ermida de sao sebastiao de porto coelheiro/celebrante__manuel rodrigues/obs=os noivos tem consanguinidade de terceiro grau
303: 
304: cas$c1728.9
304:          noivo$jose da costa e vale/id=c1728.9-per1
305:             ls$residencia/tapeus/obs=quinta de antonio abreu
306:             rel$parentesco/consanguinidade de terceiro grau/isabel rodrigues da silva/1728-c9-isabel
307: 
308:             pnoivo$afonso da costa/id=c1728.9-per2
309:                ls$residencia/tapeus
310:                ls$morto/antes
311: 
312:             mnoivo$domingas cardosa/id=c1728.9-per3
313:                ls$morta/antes
314: 
315:          noiva$isabel rodrigues da silva/id=1728-c9-isabel
316:             ls$residencia/porto coelheiro
317: 
318:             pnoiva$antonio rodrigues verguinha/id=c1728.9-per4
319:                ls$residencia/porto coelheiro
320:                ls$morta/antes
321: 
322:             mnoiva$maria da silva/id=c1728.9-per5
323: 
324:          test$timoteo cristovao/id=c1728.9-per6
325:             ls$titulo/frei
326:             ls$residencia/redinha
327: 
328:          test$manuel rodrigues de carvalho/id=1728-c9-manuel
329:             ls$residencia/porto coelheiro
330: 
331:          test$jose rodrigues de carvalho/id=c1728.9-per7
332:             ls$cargo/padre
333:             ls$residencia/porto coelheiro
334:             rel$parentesco/filho/manuel rodrigues de carvalho/1728-c9-manuel
335: 
336:          test$mateus rodrigues cardoso/id=c1728.9-per8
337:             ls$residencia/porto coelheiro
338: 
339:       cas$c1728.10/25/8/1728/fol.349-349v/local__ermida da nossa senhora das neves de casa velha/celebrante__manuel rodrigues
340: 
341: cas$c1728.10
341:          noivo$sebastiao da silva/id=c1728.10-per1
342:             ls$residencia/almagreira
343: 
344:             pnoivo$belchior da silva/id=c1728.10-per2
345:                ls$residencia/almagreira
346:                ls$morto/antes
347: 
348:             mnoivo$isabel gaspar/id=c1728.10-per3
349:                ls$morta/antes
350: 
351:          noiva$leonarda maria/id=c1728.10-per4
352:             ls$residencia/casa velha
353: 
354:             pnoiva$felipe da costa/id=c1728.10-per5
355:                ls$residencia/casa velha
356:                ls$morto/antes
357: 
358:             mnoiva$maria da costa/id=c1728.10-per6
359:                ls$morta/antes
360: 
361:          test$antonio bernardes/id=c1728.10-per7
362:             ls$profissao/barbeiro
363:             ls$residencia/casa velha
364: 
365:          test$jose simoes/id=c1728.10-per8
366:             ls$residencia/casa velha
367: 
368:          test$domingos cardoso/id=c1728.10-per9
369:             ls$residencia/almagreira
370: 
371:          test$jose cardoso/id=c1728.10-per10
372:             ls$residencia/almagreira
373: 
374:       cas$c1728.11/11/10/1728/fol.349v/local__igreja de sao tiago/celebrante__manuel rodrigues
375: 
376: cas$c1728.11
376:          noivo$manuel rodrigues rainho/id=c1728.11-per1
377:             ls$residencia/sobral
378: 
379:             pnoivo$joao rodrigues rainho/id=c1728.11-per2
380:                ls$residencia/sobral
381: 
382:             mnoivo$maria rodrigues/id=c1728.11-per3
383: 
384:          noiva$maria rodrigues/id=c1728.11-per4
385:             ls$residencia/sobral
386: 
387:             pnoiva$domingos jorge/id=c1728.11-per5
388:                ls$residencia/sobral
389: 
390:             mnoiva$antonia jorge/id=c1728.11-per6
391: 
392:          test$jose duarte/id=c1728.11-per7
393:             ls$residencia/sobral
394: 
395:          test$jose rodrigues/id=c1728.11-per8
396:             ls$residencia/sobral
397: 
398:          test$antonio jorge/id=c1728.11-per9
399:             ls$residencia/sobral
400: 
401:          test$antonio simoes/id=c1728.11-per10
402:             ls$residencia/sobral
403: 
404:       cas$c1728.12/26/10/1728/fol.349v-350/local__igreja de sao tiago/celebrante__manuel rodrigues
405: 
406: cas$c1728.12
406:          noivo$francisco rodrigues/id=c1728.12-per1
407:             ls$residencia/bechos
408: 
409:             pnoivo$antonio rodrigues/id=c1728.12-per2
410:                ls$residencia/bechos
411:                ls$morto/antes
412: 
413:             mnoivo$francisca joao/id=c1728.12-per3
414:                ls$morta/antes
415: 
416:          noiva$antonia martins/id=c1728.12-per4
417:             ls$residencia/mira flores
418: 
419:             pnoiva$manuel martins/id=c1728.12-per5
420:                ls$residencia/mira flores
421: 
422:             mnoiva$natalia rodrigues/id=c1728.12-per6
423:                ls$morta/antes
424: 
425:          test$diogo rodrigues/id=c1728.12-per7
426:             ls$residencia/oureca
427: 
428:          test$manuel goncalves/id=c1728.12-per8
429:             ls$residencia/alencarce de baixo
430: 
431:          test$antonio rodrigues/id=c1728.12-per9
432:             ls$residencia/casal da telhada
433: 
434:          test$manuel simoes/id=c1728.12-per10
435:             ls$residencia/cavaleiros
436: 
437:       cas$c1728.13/15/11/1728/fol.350/local__igreja de sao tiago/celebrante__manuel rodrigues
438: 
439: cas$c1728.13
439:          noivo$francisco antunes/id=c1728.13-per1
440:             ls$residencia/alencarce de cima
441: 
442:             pnoivo$francisco antunes/id=c1728.13-per2
443:                ls$residencia/alencarce de cima
444:                ls$morto/antes
445: 
446:             mnoivo$isabel madeira/id=c1728.13-per3
447:                ls$morta/antes
448: 
449:          noiva$francisca rodrigues/id=c1728.13-per4
450: 
451:             pnoiva$bento rodrigues/id=c1728.13-per5
452: 
453:             mnoiva$maria francisca/id=c1728.13-per6
454: 
455:          test$antonio rodrigues monis/id=c1728.13-per7
456:             ls$residencia/alencarce de cima
457: 
458:          test$antonio rodrigues/id=c1728.13-per8
459:             ls$residencia/alencarce de cima
460: 
461:          test$manuel antonio/id=c1728.13-per9
462:             ls$residencia/alencarce de cima
463: 
464:          test$manuel francisco/id=c1728.13-per10
465:             ls$profissao/alfaiate
466:             ls$residencia/alencarce de cima
467: 
468:       cas$c1728.14/15/11/1728/fol.350-350v/local__igreja de sao tiago/celebrante__manuel rodrigues
469: 
470: cas$c1728.14
470:          noivo$antonio antunes/id=c1728.14-per1
471:             ls$residencia/alencarce de cima
472: 
473:             pnoivo$francisco antunes/id=c1728.14-per2
474:                ls$residencia/alencarce de cima
475:                ls$morto/antes
476: 
477:             mnoivo$isabel madeira/id=c1728.14-per3
478:                ls$morta/antes
479: 
480:          noiva$maria francisca/id=c1728.14-per4
481:             ls$residencia/cascao
482: 
483:             pnoiva$bento rodrigues/id=c1728.14-per5
484:                ls$residencia/cascao
485:                ls$morto/antes
486: 
487:             mnoiva$maria francisca/id=c1728.14-per6
488:                ls$morta/antes
489: 
490:          test$antonio rodrigues monis/id=c1728.14-per7
491:             ls$residencia/alencarce de cima
492: 
493:          test$antonio rodrigues/id=c1728.14-per8
494:             ls$alcunha/maravilhoso
495:             ls$residencia/alencarce de cima
496: 
497:          test$manuel francisco/id=c1728.14-per9
498:             ls$profissao/alfaiate
499:             ls$residencia/alencarce de cima
500: 
501:          test$manuel antunes/id=c1728.14-per10
502:             ls$residencia/alencarce de cima
503: 
504:       cas$c1728.15/22/11/1728/fol.350v/local__igreja de sao tiago/celebrante__manuel rodrigues
505: 
506: cas$c1728.15
506:          noivo$jose madeira/id=c1728.15-per1
507:             ls$residencia/alencarce de baixo
508: 
509:             pnoivo$domingos joao/id=c1728.15-per2
510:                ls$residencia/alencarv e de baixo
511: 
512:             mnoivo$francisca maria/id=c1728.15-per3
513:                ls$morta/antes
514: 
515:          noiva$ines rodrigues/id=c1728.15-per4
516:             ls$residencia/lagem
517: 
518:             pnoiva$manuel rodrigues/id=c1728.15-per5
519:                ls$residencia/lagem
520: 
521:             mnoiva$luisa francisca/id=c1728.15-per6
522: 
523:          test$manuel simoes/id=c1728.15-per7
524:             ls$residencia/pinheiro
525: 
526:          test$jose leao/id=c1728.15-per8
527:             ls$residencia/lagem
528: 
529:          test$manuel de oliveira/id=c1728.15-per9
530:             ls$residencia/lagem
531: 
532:          test$joao goncalves/id=c1728.15-per10
533:             ls$residencia/alencarce de baixo
534: 
535:       cas$c1728.16/25/11/1728/fol.350v/local__igreja de sao tiago/celebrante__manuel rodrigues
536: 
537: cas$c1728.16
537:          noivo$francisco soares/id=c1728.16-per1
538:             ls$residencia/samuel
539: 
540:             pnoivo$antonio soares/id=c1728.16-per2
541:                ls$residencia/samuel
542:                ls$morto/antes
543: 
544:             mnoivo$mariana soares/id=c1728.16-per3
545: 
546:          noiva$catarina cardosa/id=c1728.16-per4
547:             ls$residencia/migalho
548: 
549:             pnoiva$manuel duarte/id=c1728.16-per5
550:                ls$residencia/migalho
551:                ls$morto/antes
552: 
553:             mnoiva$catarina cardosa/id=c1728.16-per6
554: 
555:          test$domingos goncalves perdigao/id=c1728.16-per7
556:             ls$residencia/lousoes
557: 
558:          test$francisco duarte/id=c1728.16-per8
559:             ls$residencia/migalho
560: 
561:          test$manuel cardoso/id=c1728.16-per9
562:             ls$residencia/migalho
563: 
564:          test$domingos cardoso/id=c1728.16-per10
565:             ls$residencia/migalho
566: 
567:       cas$c1728.17/30/11/1728/fol.351/local__igreja de sao tiago/celebrante__frei manuel duarte
568: 
569: cas$c1728.17
569:          noivo$joao gomes/id=c1728.17-per1
570:             ls$residencia/alencaece de cima
571: 
572:             pnoivo$joao gomes/id=c1728.17-per2
573:                ls$residencia/alencarce de cima
574: 
575:             mnoivo$isabel antunes/id=c1728.17-per3
576:                ls$morta/antes
577: 
578:          noiva$felipa rodrigues/id=c1728.17-per4
579:             ls$residencia/alencarce de cima
580: 
581:             pnoiva$antonio rodrigues monis/id=c1728.17-per5
582:                ls$residencia/alencarce de cima
583:                ls$morto/antes
584: 
585:             mnoiva$maria simoes/id=c1728.17-per6
586:                ls$morta/antes
587: 
588:          test$francisco gomes/id=c1728.17-per7
589:             ls$residencia/alencarce de cima
590: 
591:          test$manuel rodrigues/id=c1728.17-per8
592:             ls$profissao/marmeleiro
593:             ls$residencia/alencarce de cima
594: 
595:          test$jose gomes/id=c1728.17-per9
596:             ls$residencia/alencarce de cima
597: 
598:          test$francisco gomes/id=c1728.17-per10
599:             ls$ec/solteiro
600:             ls$residencia/alencarce de cima
601: 
602:       cas$c1728.18/23/12/1728/fol.351-351v/local__capela da santa casa da misericordia/celebrante__luis ribeiro cabral
603: 
604: cas$c1728.18
604:          noivo$jose duarte/id=c1728.18-per1
605:             ls$residencia/migalho
606: 
607:             pnoivo$manuel duarte/id=c1728.18-per2
608:                ls$residencia/migalho
609: 
610:             mnoivo$antonia cardosa/id=c1728.18-per3
611: 
612:          noiva$catarina domingues/id=c1728.18-per4
613: 
614:             pnoiva$antonio goncalves/id=c1728.18-per5
615: 
616:             mnoiva$domingues/obs=falta o nome/id=c1728.18-per6
617: 
618:          test$luis manhos/id=c1728.18-per7
619:             ls$cargo/capitao
620:             ls$residencia/soure
621: 
622:          test$manuel soares coelho/id=c1728.18-per8
623:             ls$residencia/soure
624: 
625:          test$francisco soares/id=c1728.18-per9
626:             ls$residencia/migalho
627: 
628:          test$francisco duarte/id=c1728.18-per10
629:             ls$residencia/migalho
630: *** End of File
** Processed file- /Users/jrc/mhk-home/sources/soure/soure-sources/sources/soure_fase2/cas1728.cli
** Original file- /Users/jrc/mhk-home/sources/soure/soure-sources/sources/soure_fase2/cas1728.org
** Previous version- /Users/jrc/mhk-home/sources/soure/soure-sources/sources/soure_fase2/cas1728.old
** Temp file with ids- /Users/jrc/mhk-home/sources/soure/soure-sources/sources/soure_fase2/cas1728.ids
0  errors. 
0  warnings.
Translation finished.
