ClioInput - version @@VERSION@@ - build @@BUILD@@ @@DATE@@
13-6-2019 22-52

Processing data file cas1729.cli
-------------------------------------------
Generic Act translation module with geoentities (XML).
     Joaquim Ramos de Carvalho (joaquim@uc.pt) 
** New document: kleio
1: kleio$gacto2.str/translations=2
=========================
kleio translation started
=========================
Structure: gacto2.str
Prefix: 
Autorel: 
Translation count: 2
Obs: 
2:    fonte$casamentos 1729/1729/paroquiais/auc/obs=em muito mau estado
3: 
** Processing source fonte$casamentos 1729
4:       cas$c1729.01/1/1/1729/fol.351v/local__igreja de sao tiago/celebrante__manuel rodrigues
5: 
6: cas$c1729.01
6:          noivo$joao carvalho/id=c1729.01-per1
7:             ls$residencia/redinha
8: 
9:             pnoivo$antonio carvalho/id=c1729.01-per2
10:                ls$residencia/redinha
11:                ls$morto/antes
12: 
13:             mnoivo$maria rodrigues/id=c1729.01-per3
14: 
15:          noiva$maria joao/id=c1729.01-per4
16:             ls$residencia/casconho
17: 
18:             pnoiva$manuel domingues/id=c1729.01-per5
19:                ls$residencia/casconho
20: 
21:             mnoiva$isabel francisca/id=c1729.01-per6
22: 
23:          test$antonio joao/id=c1729.01-per7
24:             ls$residencia/casconho
25: 
26:          test$manuel joao/id=c1729.01-per8
27:             ls$residencia/casconho
28: 
29:          test$domingos simoes/id=c1729.01-per9
30:             ls$residencia/casconho
31: 
32:          test$manuel rodrigues alvaro/id=c1729.01-per10
33:             ls$profissao/padre
34:             ls$cargo/tesoureiro
35:             ls$residencia/soure
36: 
37:       cas$c1729.2/6/1/1728/fol.351v-352/local__igreja de sao tiago/celebrante__manuel rodrigues
38: 
39: cas$c1729.2
39:          noivo$manuel domingues/id=c1729.2-per1
40:             ls$residencia/zambujal
41: 
42:             pnoivo$manuel domingues/id=c1729.2-per2
43:                ls$residencia/zambujal
44: 
45:             mnoivo$domingas joao/id=c1729.2-per3
46: 
47:          noiva$maria francisca/id=c1729.2-per4
48:             ls$residencia/casal do malvado
49: 
50:             pnoiva$joao francisco/id=c1729.2-per5
51:                ls$residencia/casal do malvado
52: 
53:             mnoiva$maria mateus/id=c1729.2-per6
54: 
55:          test$simao jorge/id=c1729.2-per7
56:             ls$residencia/casal do malvado
57: 
58:          test$afonso rodrigues/id=c1729.2-per8
59:             ls$residencia/casal do malvado
60: 
61:          test$joao ramos/id=c1729.2-per9
62:             ls$residencia/alencarce de cima
63: 
64:          test$mateus cardoso/id=c1729.2-per10
65:             ls$residencia/soure
66: 
67:       cas$c1729.3/17/1/1728/fol.352/local__igreja de sao tiago/celebrante__manuel rodrigues
68: 
69: cas$c1729.3
69:          noivo$antonio gomes/id=c1729.3-per1
70:             ls$residencia/simoes
71: 
72:             pnoivo$manuel simoes/id=c1729.3-per2
73:                ls$residencia/simoes
74:                ls$morto/antes
75: 
76:             mnoivo$maria gomes/id=c1729.3-per3
77: 
78:          noiva$maria rodrigues/id=c1729.3-per4
79:             ls$residencia/porto coelheiro
80: 
81:             pnoiva$antonio rodrigues/id=c1729.3-per5
82:                ls$residencia/porto coelheiro
83: 
84:             mnoiva$maria rodrigues/id=c1729.3-per6
85:                ls$morta/antes
86: 
87:          test$bento martins/id=c1729.3-per7
88:             ls$residencia/porto coelheiro
89: 
90:          test$manuel joao/id=1729-c3-manuel
91:             ls$residencia/santo ildefonso
92: 
93:          test$manuel/id=c1729.3-per8
94:             ls$residencia/santo ildefonso
95:             rel$parentesco/filho/manuel joao/1729-c3-manuel
96: 
97:          test$helena/id=c1729.3-per9
98:             ls$residencia/santo ildefonso
99:             rel$parentesco/filha/manuel joao/1729-c3-manuel
100: 
101:       cas$c1729.4/19/1/1729/fol.352-352v/local__ermida da nossa senhora das neves de casa velha/celebrante__joao lopes pereira
102: 
103: cas$c1729.4
103:          noivo$manuel vaz/id=c1729.4-per1
104:             ls$residencia/tomar
105: 
106:             pnoivo$manuel vaz/id=c1729.4-per2
107:                ls$residencia/tomar
108: 
109:             mnoivo$teresa de gois/id=c1729.4-per3
110: 
111:          noiva$luisa pereira/id=c1729.4-per4
112:             ls$residencia/casa velha
113: 
114:             pnoiva$domingos lopes/id=c1729.4-per5
115:                ls$residencia/casa velha
116: 
117:             mnoiva$maria pereira/id=c1729.4-per6
118: 
119:          test$antonio simoes/id=c1729.4-per7
120:             ls$residencia/casa velha
121: 
122:          test$manuel baptista/id=c1729.4-per8
123:             ls$residencia/casa velha
124: 
125:          test$luis cardoso/id=c1729.4-per9
126:             ls$residencia/casa velha
127: 
128:          test$pedro gomes/id=c1729.4-per10
129:             ls$residencia/casa velha
130: 
131:       cas$c1729.5/10/3/1729/fol.352v/local__igreja de sao tiago/celebrante__manuel rodrigues
132: 
133: cas$c1729.5
133:          noivo$manuel lourenco/id=c1729.5-per1
134:             ls$residencia/almagreira
135: 
136:             pnoivo$antonio lourenco/id=c1729.5-per2
137:                ls$residencia/almagreira
138: 
139:             mnoivo$maria rodrigues/id=c1729.5-per3
140: 
141:          noiva$isabel da conceicao/id=c1729.5-per4
142:             ls$residencia/sobral
143: 
144:             pnoiva$jose goncalves/id=c1729.5-per5
145:                ls$residencia/sobral
146: 
147:             mnoiva$maria francisca/id=c1729.5-per6
148: 
149:          test$joao dos santos/id=c1729.5-per7
150:             ls$cargo/vigario
151:             ls$residencia/tapeus
152: 
153:          test$antonio dos santos/id=c1729.5-per8
154:             ls$residencia/soure
155: 
156:          test$mateus cardoso/id=c1729.5-per9
157:             ls$residencia/soure
158: 
159:       cas$c1729.6/28/3/1729/fol.352v-353/local__igreja de sao tiago/celebrante__manuel rodrigues/obs=os noivos tem consanguinidade de terceiro e quarto grau
160: 
161: cas$c1729.6
161:          noivo$domingos mendes/id=c1729.6-per1
162:             ls$residencia/tapeus
163:             rel$parentesco/consanguinidade de terceiro e quarto grau/maria rodrigues/1729-26-maria
164: 
165:             pnoivo$manuel mendes/id=c1729.6-per2
166:                ls$residencia/tapeus
167:                ls$morto/antes
168: 
169:             mnoivo$felipa joao/id=c1729.6-per3
170:                ls$morta/antes
171: 
172:          noiva$maria rodrigues/id=1729-c6-maria
173:             ls$residencia/porto coelheiro
174: 
175:             pnoiva$antonio rodrigues/id=c1729.6-per4
176:                ls$residencia/porto coelheiro
177:                ls$morto/antes
178: 
179:             mnoiva$antonia rodrigues/id=c1729.6-per5
180:                ls$morta/antes
181: 
182:          test$manuel dos reis/id=c1729.6-per6
183:             ls$cargo/padre
184:             ls$residencia/tapeus
185: 
186:          test$manuel mendes/id=c1729.6-per7
187:             ls$residencia/tapeus
188: 
189:          test$manuel rodrigues gastao/id=c1729.6-per8
190:             ls$residencia/porto coelheiro
191: 
192:          test$manuel rodrigues calhau/id=c1729.6-per9
193:             ls$residencia/porto coelheiro
194: 
195:       cas$c1729.7/10/4/1729/fol.353/local__igreja de sao tiago/celebrante__manuel rodrigues
196: 
197: cas$c1729.7
197:          noivo$manuel goncalves/id=c1729.7-per1
198:             ls$residencia/casa velha
199: 
200:             pnoivo$andre domingues/id=c1729.7-per2
201:                ls$residencia/casa velha
202:                ls$morto/antes
203: 
204:             mnoivo$maria jorge/id=c1729.7-per3
205:                ls$morta/antes
206: 
207:          noiva$pascoa dos santos/id=c1729.7-per4
208:             ls$residencia/casa velha
209: 
210:             pnoiva$joao simoes/id=c1729.7-per5
211:                ls$residencia/casa velha
212:                ls$morto/antes
213: 
214:             mnoiva$joana dos santos/id=c1729.7-per6
215: 
216:          test$antonio rodrigues cardeal/id=c1729.7-per7
217:             ls$residencia/casa velha
218: 
219:          test$domingos rodrigues cardeal/id=c1729.7-per8
220:             ls$residencia/casa velha
221: 
222:          test$jose luis/id=c1729.7-per9
223:             ls$residencia/casa velha
224: 
225:          test$manuel bras/id=c1729.7-per10
226:             ls$residencia/casa velha
227: 
228:       cas$c1729.8/25/4/1729/fol.353/local__igreja de sao tiago/celebrante__manuel rodrigues
229: 
230: cas$c1729.8
230:          noivo$lourenco rodrigues/id=c1729.8-per1
231:             ls$residencia/porto coelheiro
232: 
233:             pnoivo$lourenco rodigues/id=c1729.8-per2
234:                ls$residencia/porto coelheiro
235:                ls$morto/antes
236: 
237:             mnoivo$maria joao/id=c1729.8-per3
238:                ls$morta/antes
239: 
240:          noiva$ana maria/id=c1729.8-per4
241:             ls$residencia/casconho
242: 
243:             pnoiva$pedro francisco/id=c1729.8-per5
244:                ls$residencia/casconho
245: 
246:             mnoiva$maria joao/id=c1729.8-per6
247: 
248:          test$manuel rodrigues falcao/id=c1729.8-per7
249:             ls$residencia/porto coelheiro
250: 
251:          test$manuel rodrigues calhau/id=c1729.8-per8
252:             ls$alcunha/o moco
253:             ls$residencia/porto coelheiro
254: 
255:          test$simao joao/id=c1729.8-per9
256:             ls$residencia/porto coelheiro
257: 
258:          test$manuel cardoso/id=c1729.8-per10
259:             ls$residencia/porto coelheiro
260: 
261:       cas$c1729.9/18/7/1728/fol.353v/local__ermida de nossa senhora dos anjos/celebrante__frei joao gaspar
262: 
263: cas$c1729.9
263:          noivo$manuel rodrigues/id=c1729.9-per1
264:             ls$residencia/beltroes
265: 
266:             pnoivo$agostinho simoes/id=c1729.9-per2
267:                ls$residencia/beltroes
268: 
269:             mnoivo$maria goncalves/id=c1729.9-per3
270: 
271:          noiva$antonia gomes/id=c1729.9-per4
272:             ls$residencia/espirito santo
273:             ls$ec/viuva
274: 
275:             pnoiva$manuel tome/id=c1729.9-per5
276:                ls$residencia/espirito santo
277: 
278:             mnoiva$maria dias/id=c1729.9-per6
279: 
280:             marido1$manuel gomes/id=c1729.9-per7
281:                ls$residencia/soure
282: 
283:                pmarido1$simao gomes/id=c1729.9-per8
284:                   ls$morta/antes
285:                   ls$residencia/soure
286: 
287:                mmarido1$isabel ferreira/id=c1729.9-per9
288:                   ls$morta/antes
289: 
290:          test$manuel rodrigues alvaro/id=c1729.9-per10
291:             ls$profissao/padre
292:             ls$cargo/tesoureiro
293:             ls$residencia/soure
294: 
295:          test$domingos alves/id=c1729.9-per11
296:             ls$ec/solteiro
297:             ls$residencia/casalinhos
298: 
299:          test$joao goncalves/id=c1729.9-per12
300:             ls$residencia/beltroes
301: 
302:       cas$c1729.10/26/7/1728/fol.353v-354/local__igreja da misericordia/celebrante__capelao luis ribeiro cabral
303: 
304: cas$c1729.10
304:          noivo$joao francisco/id=c1729.10-per1
305:             ls$residencia/bonitos
306: 
307:             pnoivo$francisco joao/id=c1729.10-per2
308:                ls$residencia/bonitos
309:                ls$morta/antes
310: 
311:             mnoivo$maria joao/id=c1729.10-per3
312:                ls$morta/antes
313: 
314:          noiva$isabel da silva/id=c1729.10-per4
315:             ls$residencia/vale de nabal
316: 
317:             pnoiva$manuel fernandes/id=c1729.10-per5
318:                ls$residencia/vale de nabal
319:                ls$morto/antes
320: 
321:             mnoiva$isabel da silva/id=c1729.10-per6
322:                ls$morta/antes
323: 
324:          test$carlos gomes/id=c1729.10-per7
325:             ls$residencia/barril
326: 
327:          test$manuel dias/id=c1729.10-per8
328:             ls$profissao/carpinteiro
329:             ls$residencia/barril
330: 
331:          test$joao francisco/id=c1729.10-per9
332:             ls$alcunha/o moco
333:             ls$residencia/barril
334: 
335:          test$antonio lopes/id=c1729.10-per10
336: 
337:       cas$c1729.11/21/8/1729/fol.354/local__igreja de sao tiago/celebrante__manuel rodrigues
338: 
339: cas$c1729.11
339:          noivo$manuel pinto velho/id=c1729.11-per1
340:             ls$residencia/soure
341: 
342:             pnoivo$manuel pinto velho/id=c1729.11-per2
343:                ls$residencia/soure
344: 
345:             mnoivo$maria goncalves/id=c1729.11-per3
346:                ls$morta/antes
347: 
348:          noiva$antonia de jesus/id=c1729.11-per4
349:             ls$residencia/mogadouro
350: 
351:             pnoiva$antonio goncalves/id=c1729.11-per5
352:                ls$residencia/mogadouro
353:                ls$morto/antes
354: 
355:             mnoiva$isabel domingues/id=c1729.11-per6
356:                ls$morta/antes
357: 
358:          test$joao pinheiro/id=c1729.11-per7
359:             ls$residencia/soure
360: 
361:          test$jose caetano de faria/id=c1729.11-per8
362:             ls$residencia/soure
363: 
364:          test$mateus cardoso/id=c1729.11-per9
365:             ls$residencia/soure
366: 
367:       cas$c1729.12/17/10/1729/fol.354-354v/local__igreja de sao tiago/celebrante__manuel rodrigues
368: 
369: cas$c1729.12
369:          noivo$joao marques/id=c1729.12-per1
370:             ls$residencia/paleao
371: 
372:             pnoivo$domingos marques/id=c1729.12-per2
373:                ls$residencia/paleao
374: 
375:             mnoivo$antonia simoes/id=c1729.12-per3
376: 
377:          noiva$maria mateus/id=c1729.12-per4
378:             ls$residencia/alencarce de cima
379: 
380:             pnoiva$jose rodrigues/id=c1729.12-per5
381:                ls$residencia/alencarce de cima
382: 
383:             mnoiva$maria mateus/id=c1729.12-per6
384: 
385:          test$joao gaspar/id=c1729.12-per7
386:             ls$residencia/paleao
387: 
388:          test$manuel rodrigues branco/id=c1729.12-per8
389:             ls$residencia/paleao
390: 
391:          test$jose da conceicao/id=c1729.12-per9
392:             ls$residencia/paleao
393: 
394:          test$roque madeira/id=c1729.12-per10
395:             ls$residencia/paleao
396: 
397:       cas$c1729.13/19/10/1729/fol.354v/local__igreja de sao tiago/celebrante__manuel rodrigues
398: 
399: cas$c1729.13
399:          noivo$joaquim da cruz/id=c1729.13-per1
400:             ls$residencia/casal novo
401: 
402:             pnoivo$manuel de gouveia/id=c1729.13-per2
403:                ls$residencia/casal novo
404: 
405:             mnoivo$sebastiana da graca/id=c1729.13-per3
406: 
407:          noiva$idalina das neves%hialynia/id=c1729.13-per4
408:             ls$residencia/casa velha
409: 
410:             pnoiva$joao francisco/id=c1729.13-per5
411:                ls$residencia/casa velha
412: 
413:             mnoiva$maria das neves/id=c1729.13-per6
414: 
415:          test$manuel cardoso/id=c1729.13-per7
416:             ls$residencia/casal novo
417: 
418:          test$antonio francisco/id=c1729.13-per8
419:             ls$residencia/casal novo
420: 
421:          test$manuel lopes/id=c1729.13-per9
422:             ls$residencia/casa velha
423: 
424:          test$diogo da costa/id=c1729.13-per10
425:             ls$residencia/casa velha
426: 
427:       cas$c1729.15/30/10/1729/fol.354v/local__igreja de sao tiago/celebrante__manuel rodrigues
428: 
429: cas$c1729.15
429:          noivo$jose carvalho/id=c1729.15-per1
430:             ls$residencia/soure
431: 
432:             pnoivo$manuel carvalho valente/id=c1729.15-per2
433:                ls$residencia/soure
434: 
435:             mnoivo$manuel rodrigues/id=c1729.15-per3
436: 
437:          noiva$isabel gomes/id=c1729.15-per4
438:             ls$residencia/casal do barril
439: 
440:             pnoiva$manuel dias/id=c1729.15-per5
441:                ls$profissao/carpinteiro
442:                ls$residencia/casal do barril
443: 
444:             mnoiva$maria gomes/id=c1729.15-per6
445:                ls$morta/antes
446: 
447:          test$joao francisco/id=c1729.15-per7
448:             ls$alcunha/o velho
449:             ls$residencia/casal do barril
450: 
451:          test$joao francisco/id=c1729.15-per8
452:             ls$alcunha/o moco
453:             ls$residencia/casal do barrl
454: 
455:          test$domingos da gante/id=c1729.15-per9
456: 
457:          test$manuel rodrigues/id=c1729.15-per10
458:             ls$residencia/casal do barril
459:             ls$alcunha/sopas
460:             ls$residencia/casal do barril
461: 
462:       cas$c1729.16/31/10/1729/fol.354v-355/local__capela da santa casa da misericordia/celebrante__capelao luis ribeiro cabral
463: 
464: cas$c1729.16
464:          noivo$joao mendes/id=c1729.16-per1
465:             ls$residencia/soure
466: 
467:             pnoivo$mateus mendes/id=c1729.16-per2
468:                ls$residencia/soure
469:                ls$morto/antes
470: 
471:             mnoivo$maria madeira/id=c1729.16-per3
472: 
473:          noiva$mariana da cruz/id=c1729.16-per4
474:             ls$residencia/soure
475: 
476:             pnoiva$antonio da fonseca/id=c1729.16-per5
477:                ls$profissao/ferrador
478:                ls$residencia/soure
479:                ls$morto/antes
480: 
481:             mnoiva$helena da cruz/id=c1729.16-per6
482: 
483:          test$joao goncalves/id=c1729.16-per7
484:             ls$titulo/frei
485:             ls$residencia/soure
486: 
487:          test$jose rodrigues da paz/id=c1729.16-per8
488:             ls$titulo/frei
489:             ls$residencia/soure
490: 
491:          test$geronimo mendes/id=c1729.16-per9
492:             ls$profissao/barbeiro
493:             ls$residencia/soure
494: 
495:          test$manuel rodrigues duqueso/id=c1729.16-per10
496:             ls$residencia/soure
497: 
498:       cas$c1729.17/14/11/1729/fol.355/local__igreja de sao tiago/celebrante__manuel rodrigues
499: 
500: cas$c1729.17
500:          noivo$antonio da silva/id=c1729.17-per1
501:             ls$residencia/venda nova
502: 
503:             pnoivo$manuel jorge/id=c1729.17-per2
504:                ls$residencia/venda nova
505: 
506:             mnoivo$graca goncalves/id=c1729.17-per3
507: 
508:          noiva$maria rodrigues/id=c1729.17-per4
509:             ls$residencia/casal do rolhao
510: 
511:             pnoiva$antonio rodrigues/id=c1729.17-per5
512:                ls$residencia/casal do rolhao
513:                ls$morto/antes
514: 
515:             mnoiva$teresa rodrigues/id=c1729.17-per6
516:                ls$morta/antes
517: 
518:          test$jose rodrigues/id=c1729.17-per7
519:             ls$residencia/casal do rolhao
520: 
521:          test$joao rodrigues/id=c1729.17-per8
522:             ls$residencia/casal do rolhao
523: 
524:          test$jose da silva/id=c1729.17-per9
525:             ls$residencia/casconho
526: 
527:          test$manuel da silva/id=c1729.17-per10
528:             ls$residencia/fogueira
529: 
530:       cas$c1729.18/26/12/1729/fol.355-355v/local__igreja de sao tiago/celebrante__manuel rodrigues
531: 
532: cas$c1729.18
532:          noivo$manuel cardoso/id=c1729.18-per1
533:             ls$residencia/casa velha
534: 
535:             pnoivo$pedro cardoso/id=c1729.18-per2
536:                ls$residencia/casa velha
537:                ls$morto/antes
538: 
539:             mnoivo$ines da costa/id=c1729.18-per3
540:                ls$morta/antes
541: 
542:          noiva$luisa henriques/id=c1729.18-per4
543:             ls$residencia/casa velha
544: 
545:             pnoiva$francisco gabriel/id=c1729.18-per5
546:                ls$residencia/casa velha
547: 
548:             mnoiva$maria henriques/id=c1729.18-per6
549: 
550:          test$manuel lopes/id=c1729.18-per7
551:             ls$profissao/alfaiate
552:             ls$residencia/casa velha
553: 
554:          test$diogo da costa/id=c1729.18-per8
555:             ls$residencia/casa velha
556: 
557:          test$manuel da costa/id=c1729.18-per9
558:             ls$residencia/csa velha
559: 
560:          test$antonio simoes/id=c1729.18-per10
561:             ls$residencia/casa velha
562: 
563:       cas$c1729.19/26/12/1729/fol.355v/local__igreja de sao tiago/celebrante__manuel rodrigues
564: 
565: cas$c1729.19
565:          noivo$domingos goncalves/id=c1729.19-per1
566:             ls$residencia/carregosa
567: 
568:             pnoivo$diogo goncalves/id=c1729.19-per2
569:                ls$residencia/carregosa
570: 
571:             mnoivo$isabel rodrigues/id=c1729.19-per3
572: 
573:          noiva$maria lopes dos sanros/id=c1729.19-per4
574:             ls$residencia/casa velha
575:             ls$ec/viuva
576: 
577:             pnoiva$manuel lopes/id=c1729.19-per5
578:                ls$profissao/alfaiate
579:                ls$residencia/casa velha
580: 
581:             mnoiva$maria rodrigues/id=c1729.19-per6
582: 
583:             marido1$manuel jorge/id=c1729.19-per7
584:                ls$residencia/casa velha
585: 
586:                pmarido1$manuel jorge/id=c1729.19-per8
587:                   ls$residencia/casa velha
588:                   ls$morto/antes
589: 
590:                mmarido1$maria rodrigues/id=c1729.19-per9
591:                   ls$morta/antes
592: 
593:          test$diogo da costa/id=c1729.19-per10
594:             ls$residencia/casa velha
595: 
596:          test$manuel da costa/id=c1729.19-per11
597:             ls$residencia/casa velha
598: 
599:          test$antonio simoes/id=c1729.19-per12
600:             ls$residencia/casa velha
601: 
602:          test$francisco gabriel/id=c1729.19-per13
603:             ls$residencia/casa velha
604: 
605:       cas$c1729.20/5/12/1729/fol.355/local__igreja de sao tiago/celebrante__manuel rodrigues
606: 
607: cas$c1729.20
607:          noivo$jose benlho/id=c1729.20-per1
608:             ls$residencia/redinha
609: 
610:             pnoivo$manuel benlho/id=c1729.20-per2
611:                ls$residencia/redinha
612: 
613:             mnoivo$maria francisca/id=c1729.20-per3
614: 
615:          noiva$isabel goncalves/id=c1729.20-per4
616:             ls$residencia/mogadouro
617: 
618:             pnoiva$antonio goncalves/id=c1729.20-per5
619:                ls$residencia/mogadouro
620: 
621:             mnoiva$maria rodrigues/id=c1729.20-per6
622: 
623:          test$pascoal dias/id=c1729.20-per7
624:             ls$residencia/soure
625: 
626:          test$manuel alvaro/id=c1729.20-per8
627:             ls$cargo/tesoureiro
628:             ls$residencia/soure
629: 
630:          test$mateus cardoso/id=c1729.20-per9
631:             ls$cargo/sacristao
632:             ls$residencia/soure
633: 
634:       cas$c1729.21/6/12/1729/fol.356/local__igreja de sao tiago/celebrante__manuel rodrigues
635: 
636: cas$c1729.21
636:          noivo$antonio rodrigues/id=c1729.21-per1
637:             ls$residencia/vale da borra
638: 
639:             pnoivo$pedro rodrigues navarro/id=c1729.21-per2
640:                ls$residencia/vale da borra
641: 
642:             mnoivo$feliciana rodrigues/id=c1729.21-per3
643:                ls$morta/antes
644: 
645:          noiva$luisa maria/id=c1729.21-per4
646:             ls$residencia/casa velha
647: 
648:             pnoiva$jose rodrigues lontra/id=c1729.21-per5
649:                ls$residencia/casa velha
650: 
651:             mnoiva$catarina gomes/id=c1729.21-per6
652: 
653:          test$tome goncalves/id=c1729.21-per7
654:             ls$residencia/vale da borra
655: 
656:          test$simao goncalves/id=c1729.21-per8
657:             ls$residencia/vale da borra
658: 
659:          test$jose jorge/id=c1729.21-per9
660:             ls$residencia/casa velha
661: 
662:          test$jose rogrigues tome/id=c1729.21-per10
663:             ls$residencia/casa velha
664: 
665:       cas$c1729.22/12/12/1729/fol.356/local__igreja de sao tiago/celebrante__manuel rodrigues
666: 
667: cas$c1729.22
667:          noivo$manuel simoes/id=c1729.22-per1
668:             ls$residencia/tapeus
669: 
670:             pnoivo$miguel rodrigues/id=c1729.22-per2
671:                ls$residencia/tapeus
672: 
673:             mnoivo$maria simoes/id=c1729.22-per3
674: 
675:          noiva$maria joao/id=c1729.22-per4
676:             ls$residencia/casconho
677: 
678:             pnoiva$antonio joao/id=c1729.22-per5
679:                ls$residencia/casconho
680: 
681:             mnoiva$maria joao/id=c1729.22-per6
682:                ls$morta/antes
683: 
684:          test$domingos lourenco/id=c1729.22-per7
685:             ls$residencia/casconho
686: 
687:          test$pedro francisco/id=c1729.22-per8
688:             ls$residencia/casconho
689: 
690:          test$antonio simoes/id=c1729.22-per9
691:             ls$residencia/casconho
692: 
693:          test$simao rodrigues/id=c1729.22-per10
694:             ls$residencia/casconho
695: *** End of File
** Processed file- /Users/jrc/mhk-home/sources/soure/soure-sources/sources/soure_fase2/cas1729.cli
** Original file- /Users/jrc/mhk-home/sources/soure/soure-sources/sources/soure_fase2/cas1729.org
** Previous version- /Users/jrc/mhk-home/sources/soure/soure-sources/sources/soure_fase2/cas1729.old
** Temp file with ids- /Users/jrc/mhk-home/sources/soure/soure-sources/sources/soure_fase2/cas1729.ids
0  errors. 
0  warnings.
Translation finished.
