ClioInput - version @@VERSION@@ - build @@BUILD@@ @@DATE@@
13-6-2019 22-51

Processing data file cas1721.cli
-------------------------------------------
Generic Act translation module with geoentities (XML).
     Joaquim Ramos de Carvalho (joaquim@uc.pt) 
** New document: kleio
1: kleio$gacto2.str/translations=2
=========================
kleio translation started
=========================
Structure: gacto2.str
Prefix: 
Autorel: 
Translation count: 2
Obs: 
2:    fonte$casamentos 1721/1721/paroquiais/auc/obs=em muito mau estado
3: 
** Processing source fonte$casamentos 1721
4:       cas$c1721.01/8/1/1721/fol.297-297v/local__igreja de sao tiago/celebrante__manuel rodrigues
5: 
6: cas$c1721.01
6:          noivo$gabriel francisco/id=c1721.01-per1
7:             ls$residencia/casa velha
8:             ls$ec/viuvo
9: 
10:             pnoivo$manuel francisco gabriel/id=c1721.01-per2
11:                ls$residencia/casa velha
12:                ls$morto/antes
13: 
14:             mnoivo$maria francisca/id=c1721.01-per3
15: 
16:             mulher1$maria jorge/id=c1721.01-per4
17:                ls$residencia/sobral
18: 
19:                pmulher1$jorge luis/id=c1721.01-per5
20:                   ls$residencia/sobral
21: 
22:                mmulher1$isabel domingues/id=c1721.01-per6
23:                   ls$morta/antes
24: 
25:          noiva$maria joao/id=c1721.01-per7
26:             ls$residencia/sobral
27:             ls$ec/viuva
28: 
29:             pnoiva$joao de brito/id=c1721.01-per8
30:                ls$residencia/sobral
31: 
32:             mnoiva$maria joao/id=c1721.01-per9
33:                ls$morta/antes
34: 
35:             marido1$manuel rodrigues rainho/id=c1721.01-per10
36:                ls$residencia/sobral
37: 
38:                pmarido1$mateus rodrigues/id=c1721.01-per11
39:                   ls$residencia/sobral
40: 
41:                mmarido1$domingas goncalves/id=c1721.01-per12
42:                   ls$morta/antes
43: 
44:             marido2$manuel rodrigues/id=c1721.01-per13
45:                ls$residencia/casa velha
46:                ls$profissao/caseiro
47: 
48:                pmarido2$simao rodrigues carvalho/id=c1721.01-per14
49:                   ls$residencia/casa velha
50: 
51:                mmarido2$francisca rodrigues/id=c1721.01-per15
52:                   ls$morta/antes
53: 
54:          test$manuel francisco gabriel/id=c1721.01-per16
55:             ls$residencia/casa velha
56: 
57:          test$jose rodrigues/id=c1721.01-per17
58:             ls$residencia/casa velha
59: 
60:          test$joao henriques de carvalho/id=c1721.01-per18
61:             ls$residencia/sobral
62: 
63:          test$joao rodrigues rainho/id=c1721.01-per19
64:             ls$residencia/sobral
65: 
66:       cas$c1721.2/13/1/1721/fol.297v/local__ermida do divino espirito santo/celebrante__manuel rodrigues
67: 
68: cas$c1721.2
68:          noivo$manuel ramos/id=c1721.2-per1
69:             ls$residencia/casal do redinho
70: 
71:             pnoivo$francisco ramos/id=c1721.2-per2
72:                ls$residencia/casal do redinho
73: 
74:             mnoivo$antonia cardosa/id=c1721.2-per3
75: 
76:          noiva$maria dos santos/id=c1721.2-per4
77:             ls$residencia/espirito santo
78: 
79:             pnoiva$ambrosio pimentel/id=c1721.2-per5
80:                ls$residencia/espirito santo
81: 
82:             mnoiva$domingas da conceicao/id=c1721.2-per6
83: 
84:          test$joao rodrigues/id=c1721.2-per7
85:             ls$residencia/assamassa
86: 
87:          test$domingos goncalves/id=c1721.2-per8
88:             ls$residencia/espirito santo
89: 
90:          test$joao mateus/id=c1721.2-per9
91:             ls$residencia/espirito santo
92: 
93:       cas$c1721.3/13/1/1721/fol.297v-298/local__igreja de sao tiago/celebrante__manuel rodrigues
94: 
95: cas$c1721.3
95:          noivo$antonio rodrigues raposo/id=c1721.3-per1
96:             ls$residencia/vila de sevilha
97:             ls$ec/viuvo
98: 
99:             pnoivo$joao rodrigues raposo/id=c1721.3-per2
100:                ls$residencia/vila de sevilha
101: 
102:             mnoivo$maria pereira%pra./id=c1721.3-per3
103: 
104:             mulher1$isabel rodrigues/id=c1721.3-per4
105:                ls$residencia/alencarce de cima
106: 
107:                pmulher1$manuel rodrigues/id=c1721.3-per5
108:                   ls$residencia/alencarce de cima
109: 
110:                mmulher1$maria gaspar/id=c1721.3-per6
111:                   ls$morta/antes
112: 
113:          noiva$primavera maria/id=c1721.3-per7
114:             ls$residencia/alencarce de cima
115: 
116:             pnoiva$manuel gomes/id=c1721.3-per8
117:                ls$residencia/alecarce de cima
118:                ls$morto/antes
119: 
120:             mnoiva$antonia gomes/id=c1721.3-per9
121: 
122:          test$manuel rodrigues/id=c1721.3-per10
123:             ls$residencia/alencarce
124: 
125:          test$manuel gaspar/id=c1721.3-per11
126:             ls$residencia/alencarce
127: 
128:          test$manuel simoes/id=c1721.3-per12
129:             ls$residencia/podengos
130: 
131:          test$manuel madeira/id=c1721.3-per13
132:             ls$residencia/cascao
133: 
134:       cas$c1721.4/20/1/1721/fol.298/local__igreja de sao tiago/celebrante__frei manuel duarte
135: 
136: cas$c1721.4
136:          noivo$manuel joao/id=c1721.4-per1
137:             ls$residencia/casalinhos
138:             ls$ec/viuvo
139: 
140:             pnoivo$manuel joao/id=c1721.4-per2
141:                ls$residencia/casalinhos
142: 
143:             mnoivo$isabel francisca/id=c1721.4-per3
144: 
145:             mulher1$maria joao/id=c1721.4-per4
146:                ls$residencia/sobral
147: 
148:                pmulher1$manuel vaz/id=c1721.4-per5
149:                   ls$residencia/sobral
150: 
151:                mmulher1$maria joao/id=c1721.4-per6
152: 
153:          noiva$maria francisca/id=c1721.4-per7
154:             ls$residencia/casal do monte
155: 
156:             pnoiva$antonio francisco/id=c1721.4-per8
157:                ls$residencia/casal do monte
158:                ls$morto/antes
159: 
160:             mnoiva$maria francisca/id=c1721.4-per9
161: 
162:          test$manuel joao/id=c1721.4-per10
163:             ls$residencia/casalinhos
164: 
165:          test$manuel da fonseca/id=c1721.4-per11
166:             ls$residencia/casalinhos
167: 
168:          test$manuel rodrigues/id=c1721.4-per12
169:             ls$residencia/casal da venda
170:             ls$profissao/alfaiate
171: 
172:          test$manuel rodrigues tome/id=c1721.4-per13
173:             ls$residencia/casal da venda
174: 
175:       cas$c1721.5/17/2/1721/fol.298v/local__igreja de sao tiago/celebrante__manuel rodrigues
176: 
177: cas$c1721.5
177:          noivo$manuel jorge/id=c1721.5-per1
178:             ls$residencia/casal da fonte
179: 
180:             pnoivo$jorge mateus/id=c1721.5-per2
181:                ls$residencia/casal da fonte
182:                ls$morto/antes
183: 
184:             mnoivo$maria silvestre/id=c1721.5-per3
185: 
186:          noiva$maria simoes/id=c1721.5-per4
187:             ls$residencia/lagem
188: 
189:             pnoiva$manuel de oliveira/id=c1721.5-per5
190:                ls$residencia/lagem
191: 
192:             mnoiva$maria simoes/id=c1721.5-per6
193: 
194:          test$manuel dias relvas/id=c1721.5-per7
195:             ls$residencia/meiras/obs=duvida
196: 
197:          test$antonio simoes/id=c1721.5-per8
198:             ls$residencia/barreiro
199:             ls$alcunha/santo
200: 
201:          test$manuel rodrigues/id=c1721.5-per9
202:             ls$residencia/lageosa
203: 
204:          test$domingos leao/id=c1721.5-per10
205:             ls$residencia/lageosa
206: 
207:       cas$c1721.6/17/2/1721/fol.298v/local__igreja de sao tiago/celebrante__manuel rodrigues
208: 
209: cas$c1721.6
209:          noivo$manuel martins/id=c1721.6-per1
210:             ls$residencia/venda nova
211: 
212:             pnoivo$antonio vaz/id=c1721.6-per2
213:                ls$residencia/venda nova
214: 
215:             mnoivo$maria joao/id=c1721.6-per3
216: 
217:          noiva$catarina joao/id=c1721.6-per4
218:             ls$residencia/carvalheira
219: 
220:             pnoiva$mateus joao/id=c1721.6-per5
221:                ls$residencia/carvalheira
222: 
223:             mnoiva$catarina joao/id=c1721.6-per6
224: 
225:          test$afonso lopes da laranjeira/id=c1721.6-per7
226:             ls$residencia/tapeus
227: 
228:          test$bento martins/id=c1721.6-per8
229: 
230:          test$lazaro madeira/id=c1721.6-per9
231: 
232:          test$antonio martins/id=c1721.6-per10
233:             ls$residencia/carvalheira
234: 
235:       cas$c1721.7/24/2/1721/fol.298v-299/local__igreja de sao tiago/celebrante__manuel rodrigues
236: 
237: cas$c1721.7
237:          noivo$diogo martins/id=c1721.7-per1
238:             ls$residencia/venda nova
239:             ls$ec/viuvo/obs=viveu com a primeira mulher em zambujal
240: 
241:             pnoivo$joao martins/id=c1721.7-per2
242:                ls$residencia/venda nova
243: 
244:             mnoivo$maria fernandes/id=c1721.7-per3
245: 
246:             mulher1$isabel pedrosa/id=c1721.7-per4
247:                ls$residencia/ega
248: 
249:                pmulher1$manuel da costa/id=c1721.7-per5
250:                   ls$residencia/ega
251: 
252:                mmulher1$isabel pedrosa/id=c1721.7-per6
253: 
254:          noiva$isabel da costa/id=c1721.7-per7
255:             ls$residencia/casais de santo ildefonso
256: 
257:             pnoiva$joao da costa/id=c1721.7-per8
258:                ls$residencia/casai de santo ildefonso
259: 
260:             mnoiva$maria gomes/id=c1721.7-per9
261: 
262:       cas$c1721.8/19/3/1721/fol.299/local__igreja de sao tiago/celebrante__manuel rodrigues/obs=os noivos tem consanguinidade de quarto grau
263: 
264: cas$c1721.8
264:          noivo$manuel cardoso/id=c1721.8-per1
265:             ls$residencia/soure
266:             rel$parentesco/consanguinidade de quarto grau/maria joao/1721-c8-maria
267: 
268:             pnoivo$antonio rodrigues/id=c1721.8-per2
269:                ls$residencia/soure
270:                ls$morto/antes
271: 
272:             mnoivo$maria cardosa/id=c1721.8-per3
273:                ls$morta/antes
274: 
275:          noiva$maria joao/id=1721-c8-maria
276:             ls$residencia/porto coelheiro
277: 
278:             pnoiva$manuel rodrigues falcao/id=c1721.8-per4
279:                ls$residencia/porto coelheiro
280: 
281:             mnoiva$maria joao/id=c1721.8-per5
282: 
283:          test$manuel rodrigues calhau/id=c1721.8-per6
284:             ls$residencia/porto coelheiro
285: 
286:          test$manuel gaspar/id=c1721.8-per7
287:             ls$residencia/porto coelheiro
288: 
289:          test$simao duarte/id=c1721.8-per8
290:             ls$residencia/porto coelheiro
291: 
292:          test$simao joao/id=c1721.8-per9
293:             ls$residencia/porto coelheiro
294: 
295:       cas$c1721.9/27/4/1721/fol.299v/local__igreja de sao tiago/celebrante__manuel rodrigues
296: 
297: cas$c1721.9
297:          noivo$antonio dias godinho/id=c1721.9-per1
298:             ls$residencia/pouca pena
299: 
300:             pnoivo$francisco dias godinho/id=c1721.9-per2
301:                ls$residencia/pouca pena
302: 
303:             mnoivo$mariana francisca/id=c1721.9-per3
304: 
305:          noiva$natalia francisca/id=c1721.9-per4
306:             ls$residencia/carvalheira
307: 
308:             pnoiva$joao madeira/id=c1721.9-per5
309:                ls$residencia/carvalheira
310: 
311:             mnoiva$maria cerveira/id=c1721.9-per6
312:                ls$morta/antes
313: 
314:          test$antonio aires/id=c1721.9-per7
315:             ls$residencia/espirito santo
316: 
317:          test$manuel pereira/id=c1721.9-per8
318:             ls$residencia/pouca pena
319: 
320:          test$sebastiao/id=c1721.9-per9
321:             ls$titulo/padre
322:             ls$residencia/areias
323: 
324:          test$mateus cardoso/id=c1721.9-per10
325:             ls$profissao/sacristao
326:             ls$residencia/soure
327: 
328:       cas$c1721.10/11/5/1721/fol.299v/local__igreja de sao tiago/celebrante__manuel rodrigues
329: 
330: cas$c1721.10
330:          noivo$joao rodrigues/id=c1721.10-per1
331:             ls$residencia/soure
332: 
333:             pnoivo$domingos rodrigues/id=c1721.10-per2
334:                ls$residencia/soure
335: 
336:             mnoivo$catarina francisca/id=c1721.10-per3
337: 
338:          noiva$antonia simoes/id=c1721.10-per4
339:             ls$residencia/cavaleiros
340: 
341:             pnoiva$manuel simoes/id=c1721.10-per5
342:                ls$residencia/cavaleiros
343:                ls$morto/antes
344: 
345:             mnoiva$maria jorge/id=c1721.10-per6
346:                ls$morta/antes
347: 
348:          test$jose domingues/id=c1721.10-per7
349:             ls$residencia/cavaleiros
350: 
351:          test$jose rodrigues/id=c1721.10-per8
352:             ls$residencia/cavaleiros
353:             ls$profissao/alfaiate
354: 
355:          test$manuel leao/id=c1721.10-per9
356:             ls$residencia/lagem
357: 
358:          test$mateus cardoso/id=c1721.10-per10
359:             ls$residencia/soure
360:             ls$profissao/sacristao
361: 
362:       cas$c1721.11/22/5/1721/fol.300/ermida da nossa senhora do bom despacho/padre bento mendes godinho
363: 
364: cas$c1721.11
364:          noivo$joao cabral da silva/id=c1721.11-per1
365:             ls$residencia/condeixa a nova
366: 
367:             pnoivo$jose francisco silva/id=c1721.11-per2
368:                ls$residencia/condeixa a nova
369: 
370:             mnoivo$joana godinho/id=c1721.11-per3
371:                ls$titulo/dona
372:                ls$morta/antes
373: 
374:          noiva$francisca maria de vasconcelos e sousa/id=c1721.11-per4
375:             ls$residencia/quinta do pai daniel
376:             ls$titulo/dona
377: 
378:             pnoiva$diogo da costa gramaxo brandao arnaut/id=c1721.11-per5
379:                ls$residencia/quinta do pai daniel
380:                ls$morto/antes
381: 
382:             mnoiva$maria mascarenhas de vasconcelos e sousa/id=c1721.11-per6
383:                ls$titulo/dona
384: 
385:          test$gabriel da costa gramaxo/id=c1721.11-per7
386:             ls$residencia/soure
387: 
388:          test$francisco de sousa e vasconcelos/id=c1721.11-per8
389:             ls$titulo/doutor
390:             ls$residencia/soure
391: 
392:       cas$c1721.12/3/7/1721/fol.300-300v/igreja de sao tiago/manuel rodrigues
393: 
394: cas$c1721.12
394:          noivo$antonio dias/id=c1721.12-per1
395:             ls$residencia/soure
396: 
397:             pnoivo$manuel dias/id=c1721.12-per2
398:                ls$residencia/soure
399: 
400:             mnoivo$josefa jorge/id=c1721.12-per3
401: 
402:          noiva$maria ferreira/id=c1721.12-per4
403:             ls$residencia/vila nova de ancos
404: 
405:             pnoiva$sebastiao ferraira/id=c1721.12-per5
406:                ls$residencia/vila nova de ancos
407:                ls$morto/antes
408: 
409:             mnoiva$antonia coelha/id=c1721.12-per6
410:                ls$morta/antes
411: 
412:          test$joao da costa e vasconcelos/id=c1721.12-per7
413:             ls$residencia/soure
414:             ls$cargo/capitao mor
415: 
416:          test$alexandre mendes/id=c1721.12-per8
417:             ls$residencia/soure
418: 
419:          test$antonio de abreu/id=c1721.12-per9
420:             ls$titulo/doutor
421:             ls$residencia/soure
422: 
423:          test$manuel dias/id=c1721.12-per10
424:             ls$titulo/padre
425:             ls$residencia/soure
426: 
427:       cas$c1721.13/8/7/1721/fol.300v/local__igreja de sao tiago/celebrante__manuel rodrigues
428: 
429: cas$c1721.13
429:          noivo$francisco dos reis/id=c1721.13-per1
430:             ls$residencia/granja do ulmeiro
431: 
432:             pnoivo$manuel joao/id=c1721.13-per2
433:                ls$residencia/granja do ulmeiro
434:                ls$morto/antes
435: 
436:             mnoivo$francisca gomes/id=c1721.13-per3
437:                ls$morta/antes
438: 
439:          noiva$maria pereira/id=c1721.13-per4
440:             ls$residencia/soure
441:             ls$ec/viuva
442: 
443:             pnoiva$luis de figueiredo/id=c1721.13-per5
444:                ls$residencia/soure
445:                ls$morto/antes
446: 
447:             mnoiva$isabel pereira/id=c1721.13-per6
448:                ls$morta/antes
449: 
450:             marido1$jacinto da silva/id=c1721.13-per7
451:                ls$residencia/lourical
452: 
453:                pmarido1$afonso correia/id=c1721.13-per8
454:                   ls$residencia/lourical
455:                   ls$morto/antes
456: 
457:                mmarido1$maria francisca/id=c1721.13-per9
458: 
459:          test$dionisio de magalhaes pinto/id=c1721.13-per10
460:             ls$residencia/soure
461: 
462:          test$martinho da cunha de eca/id=c1721.13-per11
463:             ls$residencia/soure
464: 
465:          test$manuel rodrigues duqueso/id=c1721.13-per12
466:             ls$residencia/soure
467: 
468:          test$jose velho/id=c1721.13-per13
469:             ls$profissao/barbeiro
470:             ls$residencia/soure
471: 
472:       cas$c1721.14/19/8/1721/fol.300v-301/local__igreja de sao tiago/celebrante__manuel rodrigues
473: 
474: cas$c1721.14
474:          noivo$gregorio de oliveira/id=c1721.14-per1
475:             ls$residencia/condeixa a velha
476:             ls$ec/viuvo
477: 
478:             pnoivo$joao rodrigues/id=c1721.14-per2
479:                ls$residencia/condeixa a velha
480: 
481:             mnoivo$maria oliveira/id=c1721.14-per3
482: 
483:             mulher1$antonia da conceicao/id=c1721.14-per4
484:                ls$residencia/moinhos de paleao
485: 
486:                pmulher1$domingos carvalho valente/id=c1721.14-per5
487:                   ls$residencia/moinhos de paleao
488: 
489:                mmulher1$catarina rodrigues/id=c1721.14-per6
490:                   ls$morta/antes
491: 
492:          noiva$isabel simoes/id=c1721.14-per7
493:             ls$residencia/paleao
494:             ls$ec/viuva
495: 
496:             pnoiva$diogo jorge/id=c1721.14-per8
497:                ls$residencia/paleao
498: 
499:             mnoiva$maria simoes/id=c1721.14-per9
500:                ls$residencia/paleao
501:                ls$morta/antes
502: 
503:             marido1$simao lopes/id=c1721.14-per10
504:                ls$residencia/ega
505:                ls$morto/antes
506: 
507:          test$manuel soares/id=c1721.14-per11
508:             ls$residencia/paleao
509: 
510:          test$manuel rodrigues branco/id=c1721.14-per12
511:             ls$residencia/paleao
512: 
513:          test$jose rodrigues/id=c1721.14-per13
514:             ls$profissao/estudante
515:             ls$residencia/paleao
516: 
517:          test$mateus cardoso/id=c1721.14-per14
518:             ls$profissao/sacristao
519:             ls$residencia/soure
520: 
521:       cas$c1721.15/12/10/1721/fol.301-301v/local__igreja de sao tiago/celebrante__manuel rodrigues
522: 
523: cas$c1721.15
523:          noivo$manuel goncalves/id=c1721.15-per1
524:             ls$residencia/meiras
525: 
526:             pnoivo$manuel goncalves/id=c1721.15-per2
527:                ls$residencia/meiras
528:                ls$morto/antes
529: 
530:             mnoivo$esperanca domingues/id=c1721.15-per3
531:                ls$morta/antes
532: 
533:          noiva$isabel dos santos/id=c1721.15-per4
534:             ls$residencia/mogadouro
535: 
536:             pnoiva$antonio goncalves/id=c1721.15-per5
537:                ls$residencia/mogadouro
538: 
539:             mnoiva$isabel martins/id=c1721.15-per6
540:                ls$morta/antes
541: 
542:          test$manuel soares/id=c1721.15-per7
543:             ls$residencia/mogadouro
544: 
545:          test$manuel rodrigues alvaro/id=c1721.15-per8
546:             ls$titulo/padre
547:             ls$cargo/tesoureiro
548:             ls$residencia/soure
549: 
550:          test$mateus cardoso/id=c1721.15-per9
551:             ls$profissao/sacristao
552:             ls$residencia/soure
553: 
554:       cas$c1721.16/13/10/1721/fol.301v/local__igreja de sao tiago/celebrante__manuel rodrigues
555: 
556: cas$c1721.16
556:          noivo$joao cardosos/id=c1721.16-per1
557:             ls$residencia/casa velha
558: 
559:             pnoivo$manuel cardoso/id=c1721.16-per2
560:                ls$residencia/casa velha
561:                ls$morto/antes
562: 
563:             mnoivo$maria pedrosa/id=c1721.16-per3
564:                ls$morta/antes
565: 
566:          noiva$jacinta francisca%fa./id=c1721.16-per4
567:             ls$residencia/casal do rei
568:             ls$ec/viuva
569: 
570:             pnoiva$simao rodrigues/id=c1721.16-per5
571:                ls$residencia/casal do rei
572: 
573:             mnoiva$felipa francisca/id=c1721.16-per6
574: 
575:             marido1$manuel rodrigues/id=c1721.16-per7
576:                ls$residencia/assamassa
577: 
578:                pmarido1$antonio rodrigues/id=c1721.16-per8
579:                   ls$residencia/assamassa
580: 
581:                mmarido1$maria goncalves/id=c1721.16-per9
582: 
583:          test$manuel cardoso/id=c1721.16-per10
584:             ls$residencia/casa velha
585: 
586:          test$joao mateus/id=c1721.16-per11
587:             ls$residencia/casa velha
588: 
589:          test$diogo da costa/id=c1721.16-per12
590:             ls$residencia/casa velha
591: 
592:          test$antonio dos santos/id=c1721.16-per13
593:             ls$residencia/casa velha
594: 
595:       cas$c1721.17/13/10/1721/fol.301v-302/local__igreja de sao tiago/celebrante__manuel rodrigues
596: 
597: cas$c1721.17
597:          noivo$jose mendes/id=c1721.17-per1
598:             ls$residencia/corcozes
599: 
600:             pnoivo$antonio goncalves/id=c1721.17-per2
601:                ls$residencia/corcozes
602: 
603:             mnoivo$isabel mendes/id=c1721.17-per3
604:                ls$morta/antes
605: 
606:          noiva$teresa de figueiredo/id=c1721.17-per4
607:             ls$residencia/quinta da cruz
608: 
609:             pnoiva$antonio de figueiredo/id=c1721.17-per5
610:                ls$residencia/quinta da cruz
611:                ls$morto/antes
612: 
613:             mnoiva$antonia gomes/id=c1721.17-per6
614: 
615:          test$manuel cardoso/id=c1721.17-per7
616:             ls$residencia/corcozes
617: 
618:          test$manuel rodrigues/id=c1721.17-per8
619:             ls$residencia/corcozes
620: 
621:          test$simao luis/id=c1721.17-per9
622:             ls$residencia/sao mateus
623: 
624:          test$mateus cardoso/id=c1721.17-per10
625:             ls$profissao/sacristao
626:             ls$residencia/soure
627: 
628:       cas$c1721.18/20/10/1721/fol.302/local__igreja de sao toago/celebrante__manuel rodrigues
629: 
630: cas$c1721.18
630:          noivo$domingos goncalves/id=c1721.18-per1
631:             ls$residencia/soure
632: 
633:             pnoivo$joao goncalves/id=c1721.18-per2
634:                ls$residencia/soure
635:                ls$morto/antes
636: 
637:             mnoivo$maria joao/id=c1721.18-per3
638: 
639:          noiva$ana martins/id=c1721.18-per4
640:             ls$residencia/mogadouro
641: 
642:             pnoiva$antonio goncalves/id=c1721.18-per5
643:                ls$residencia/mogadouro
644: 
645:             mnoiva$isabel martins/id=c1721.18-per6
646:                ls$morta/antes
647: 
648:          test$domingos luis/id=c1721.18-per7
649:             ls$residencia/mogadouro
650: 
651:          test$antonio goncalves/id=c1721.18-per8
652:             ls$residencia/mogadouro
653: 
654:          test$manuel martins/id=c1721.18-per9
655:             ls$residencia/mogadouro
656: 
657:          test$joao francisco/id=c1721.18-per10
658:             ls$residencia/mogadouro
659: 
660:       cas$c1721.19/3/11/1721/fol.302-302v/local__igreja de sao tiago/celebrante__manuel rodrigues/obs=os noivos tem consanguinidade de quarto grau
661: 
662: cas$c1721.19
662:          noivo$manuel gaspar/id=c1721.19-per1
663:             ls$residencia/soure
664:             rel$parentesco/consanguinidade de quarto grau/maria rodrigues/1721-c19-maria
665: 
666:             pnoivo$manuel madeira/id=c1721.19-per2
667:                ls$residencia/soure
668:                ls$morto/antes
669: 
670:             mnoivo$isabel gaspar/id=c1721.19-per3
671: 
672:          noiva$maria rodrigues/id=1721-c19-maria
673:             ls$residencia/alencarce de cima
674: 
675:             pnoiva$antonio rodrigues/id=c1721.19-per4
676:                ls$residencia/alencarce de cima
677:                ls$morto/antes
678: 
679:             mnoiva$isabel rodrigues/id=c1721.19-per5
680:                ls$morta/antes
681: 
682:          test$clemente martins da costa/id=c1721.19-per6
683:             ls$titulo/padre
684:             ls$residencia/pinheiro
685: 
686:          test$joao francisco madeira/id=c1721.19-per7
687:             ls$titulo/doutor
688:             ls$residencia/alencarce de cima
689: 
690:          test$francisco antunes/id=c1721.19-per8
691:             ls$residencia/alencarce de cima
692: 
693:       cas$c1721.20/3/11/1721/fol.302v/igreja de sao tiago/manuel rodrigues
694: 
695: cas$c1721.20
695:          noivo$sebastiao simoes/id=c1721.20-per1
696:             ls$residencia/lagem
697: 
698:             pnoivo$domingos aires/id=c1721.20-per2
699:                ls$residencia/lagem
700:                ls$morto/antes
701: 
702:             mnoivo$isabel simoes/id=c1721.20-per3
703: 
704:          noiva$antonia rodrigues/id=c1721.20-per4
705:             ls$residencia/simoes
706: 
707:             pnoiva$manuel simoes/id=c1721.20-per5
708:                ls$residencia/simoes
709:                ls$morto/antes
710: 
711:             mnoiva$maria rodrigues/id=c1721.20-per6
712: 
713:          test$manuel vaz/id=c1721.20-per7
714:             ls$residencia/lagem
715: 
716:          test$domingos leao/id=c1721.20-per8
717:             ls$residencia/lagem
718: 
719:          test$jose leao/id=c1721.20-per9
720:             ls$residencia/lagem
721: 
722:          test$jose dinis/id=c1721.20-per10
723:             ls$residencia/lagem
724: 
725:       cas$c1721.21/3/11/1721/fol.302v-303/local__igreja de sao tiago/celebrante__manuel rodrigues
726: 
727: cas$c1721.21
727:          noivo$manuel domingues/id=c1721.21-per1
728:             ls$residencia/moinho do marco redinha
729: 
730:             pnoivo$simao domingues/id=c1721.21-per2
731:                ls$residencia/moinho do marco
732: 
733:             mnoivo$isabel lopes/id=c1721.21-per3
734: 
735:          noiva$maria rodrigues/id=c1721.21-per4
736:             ls$residencia/mogadouro
737: 
738:             pnoiva$antonio goncalves/id=c1721.21-per5
739:                ls$residencia/mogadouro
740: 
741:             mnoiva$maria rodrigues/id=c1721.21-per6
742: 
743:          test$jose da silva/id=c1721.21-per7
744:             ls$cargo/capitao
745:             ls$residencia/redinha
746: 
747:          test$manuel domingues/id=c1721.21-per8
748:             ls$residencia/casconho
749: 
750:          test$manuel goncalves branco/id=c1721.21-per9
751:             ls$alcunha/o velho
752:             ls$residencia/mogadouro
753: 
754:          test$francisco carvalho/id=c1721.21-per10
755:             ls$residencia/mogadouro
756: 
757:       cas$c1721.22/19/11/1721/fol.303/local__igreja de sao tiago/celebrante__manuel rodrigues
758: 
759: cas$c1721.22
759:          noivo$joao da silva/id=c1721.22-per1
760:             ls$residencia/pelariga
761: 
762:             pnoivo$joao da silva/id=c1721.22-per2
763:                ls$residencia/pelariga
764: 
765:             mnoivo$catarina francisca/id=c1721.22-per3
766: 
767:          noiva$maria joao/id=c1721.22-per4
768:             ls$residencia/bonitos
769: 
770:             pnoiva$pedro joao/id=c1721.22-per5
771:                ls$residencia/bonitos
772: 
773:             mnoiva$catarina francisca/id=c1721.22-per6
774: 
775:          test$manuel domingues/id=c1721.22-per7
776:             ls$cargo/padre
777:             ls$residencia/pousadas vedras
778: 
779:          test$alexandre francisco/id=c1721.22-per8
780:             ls$residencia/fonte da bica
781: 
782:          test$diogo francisco/id=1721-c22-diogo
783:             ls$residencia/moinhos dos simoes
784: 
785:          test$catarina francisa/id=c1721.22-per9
786:             rel$parentesco/mulher/diogo francisco/1721-c22-diogo
787: 
788:       cas$c1721.23/24/11/1721/fol.303-303v/local__igreja de sao tiago/celebrante__manuel rodrigues
789: 
790: cas$c1721.23
790:          noivo$joao francisco/id=c1721.23-per1
791:             ls$residencia/sobral
792:             ls$ec/viuvo
793: 
794:             pnoivo$manuel francisco/id=c1721.23-per2
795:                ls$residencia/sobral
796:                ls$morto/antes
797: 
798:             mnoivo$domingas joao/id=c1721.23-per3
799:                ls$morta/antes
800: 
801:             mulher1$isabel joao/id=c1721.23-per4
802:                ls$residencia/mogadouro
803: 
804:                pmulher1$domingos luis/id=c1721.23-per5
805:                   ls$residencia/mogadouro
806: 
807:                mmulher1$catarina joao/id=c1721.23-per6
808:                   ls$morta/antes
809: 
810:          noiva$isabel francisca/id=c1721.23-per7
811:             ls$residencia/casal da vinha
812: 
813:             pnoiva$joao gomes/id=c1721.23-per8
814:                ls$residencia/casal da vinha
815:                ls$morto/antes
816: 
817:             mnoiva$isabel francisca/id=c1721.23-per9
818:                ls$residencia/casal da vinha
819: 
820:          test$mateus carvalhp/id=c1721.23-per10
821:             ls$residencia/mogadouro
822: 
823:          test$manuel goncalves branco/id=c1721.23-per11
824:             ls$alcunha/o velho
825:             ls$residencia/mogadouro
826: 
827:          test$manuel goncalves branco/id=c1721.23-per12
828:             ls$alcunha/o moco
829:             ls$residencia/mogadouro
830: 
831:          test$joao francisco/id=c1721.23-per13
832:             ls$residencia/mogadouro
833: *** End of File
** Processed file- /Users/jrc/mhk-home/sources/soure/soure-sources/sources/soure_fase2/cas1721.cli
** Original file- /Users/jrc/mhk-home/sources/soure/soure-sources/sources/soure_fase2/cas1721.org
** Previous version- /Users/jrc/mhk-home/sources/soure/soure-sources/sources/soure_fase2/cas1721.old
** Temp file with ids- /Users/jrc/mhk-home/sources/soure/soure-sources/sources/soure_fase2/cas1721.ids
0  errors. 
0  warnings.
Translation finished.
