ClioInput - version @@VERSION@@ - build @@BUILD@@ @@DATE@@
13-6-2019 22-52

Processing data file cas1727.cli
-------------------------------------------
Generic Act translation module with geoentities (XML).
     Joaquim Ramos de Carvalho (joaquim@uc.pt) 
** New document: kleio
1: kleio$gacto2.str/translations=2
=========================
kleio translation started
=========================
Structure: gacto2.str
Prefix: 
Autorel: 
Translation count: 2
Obs: 
2:    fonte$casamentos 1727/1727/paroquiais/auc/obs=em muito mau estado
3: 
** Processing source fonte$casamentos 1727
4:       cas$c1727.01/8/1/1727/fol.337v-338/local__ermida da nossa senhora das neves/celebrante__manuel rodrigues
5: 
6: cas$c1727.01
6:          noivo$duarte gaspar/id=c1727.01-per1
7:             ls$residencia/vermoil
8: 
9:             pnoivo$manuel gaspar/id=c1727.01-per2
10:                ls$residencia/vermoil
11: 
12:             mnoivo$maria lopes/id=c1727.01-per3
13: 
14:          noiva$helena pereira/id=c1727.01-per4
15:             ls$residencia/casa velha
16: 
17:             pnoiva$domingos lopes/id=c1727.01-per5
18:                ls$residencia/casa velha
19: 
20:             mnoiva$maria pereira/id=c1727.01-per6
21: 
22:          test$joao henriques/id=c1727.01-per7
23:             ls$residencia/soure
24: 
25:          test$andre goncalves/id=c1727.01-per8
26:             ls$residencia/soure
27: 
28:          test$antonio da cruz/id=c1727.01-per9
29:             ls$cargo/padre
30:             ls$residencia/casa velha
31: 
32:          test$manuel da costa/id=c1727.01-per10
33:             ls$cargo/padre
34:             ls$residencia/casa velha
35: 
36:       cas$c1727.2/3/2/1727/fol.338-338v/local__igreja de sao tiago/celebrante__frei jose pinto/obs=vigario da colegiada de sao martinho de pombal
37: 
38: cas$c1727.2
38:          noivo$placido soares coelho/id=c1727.2-per1
39:             ls$residencia/soure
40:             rel$parentesco/consanguinidade de terceiro grau/ana maria de azevedo e castelo branco/1727-c2-ana
41: 
42:             pnoivo$manuel soares coelho/id=c1727.2-per2
43:                ls$residencia/soure
44: 
45:             mnoivo$domingas micaela josefa de andrade/id=c1727.2-per3
46: 
47:          noiva$ana maria de azevedo e castelo branco/id=1727-c2-ana
48:             ls$residencia/soure
49: 
50:             pnoiva$luis de abreu/id=c1727.2-per4
51:                ls$cargo/capitao
52:                ls$residencia/soure
53: 
54:             mnoiva$maria pereira pinta/id=c1727.2-per5
55: 
56:          test$manuel duarte/id=c1727.2-per6
57:             ls$titulo/frei
58:             ls$residencia/soure
59: 
60:          test$jose rodrigues da paz/id=c1727.2-per7
61:             ls$titulo/frei
62:             ls$residencia/soure
63: 
64:          test$luis ribeiro cabral/id=c1727.2-per8
65:             ls$cargo/padre
66: 
67:          test$luis soares coelho/id=c1727.2-per9
68:             ls$cargo/prior
69:             ls$residencia/pombal
70: 
71:       cas$c1727.3/4/2/1726/fol.338v/local__igreja de sao tiago/celebrante__manuel rodrigues
72: 
73: cas$c1727.3
73:          noivo$matias da gante/id=c1727.3-per1
74:             ls$residencia/casal do barril
75: 
76:             pnoivo$domingos da gante/id=c1727.3-per2
77:                ls$residencia/casal do barril
78: 
79:             mnoivo$isabel mdeira/id=c1727.3-per3
80:                ls$morta/antes
81: 
82:          noiva$luiza domingues/id=c1727.3-per4
83:             ls$residencia/casais da misericordia
84: 
85:             pnoiva$antonio domingues/id=c1727.3-per5
86:                ls$residencia/casais da misericordia
87:                ls$morto/antes
88: 
89:             mnoiva$maria dias/id=c1727.3-per6
90: 
91:          test$manuel domingos/id=c1727.3-per7
92:             ls$ec/solteiro
93:             ls$residencia/paleao
94: 
95:          test$manuel rodrigues lopes/id=c1727.3-per8
96:             ls$residencia/casal do barril
97: 
98:          test$manuel joao/id=c1727.3-per9
99:             ls$alcunha/o moco
100:             ls$residencia/moinho das areias dos simoes
101: 
102:       cas$c1727.4/6/2/1727/fol.338v-339/local__igreja de sao tiago/celebrante__manuel rodrigues
103: 
104: cas$c1727.4
104:          noivo$manuel nunes/id=c1727.4-per1
105:             ls$residencia/casalinhos
106:             ls$profissao/soldado
107: 
108:             pnoivo$antonio nunes/id=c1727.4-per2
109:                ls$residencia/casalinhos
110: 
111:             mnoivo$maria cardosa/id=c1727.4-per3
112: 
113:          noiva$maria do espirito santo/id=c1727.4-per4
114:             ls$residencia/casalinhos
115: 
116:             pnoiva$jose francisco/id=c1727.4-per5
117:                ls$residencia/casalinhos
118: 
119:             mnoiva$maria do espirito santo/id=c1727.4-per6
120: 
121:          test$antonio lopes/id=c1727.4-per7
122:             ls$residencia/soure
123: 
124:          test$mateus cardoso/id=c1727.4-per8
125:             ls$residencia/soure
126: 
127:          test$jose nunes/id=c1727.4-per9
128:             ls$residencia/casa velha
129: 
130:          test$manuel lopes/id=c1727.4-per10
131:             ls$residencia/casa velha
132: 
133:       cas$c1727.5/10/2/1727/fol.339/local__igreja de sao tiago/celebrante__manuel rodrigues/obs=os noivos tem consanguinidade de qurto grau
134: 
135: cas$c1727.5
135:          noivo$manuel goncalves/id=c1727.5-per1
136:             ls$residencia/bechos
137:             rel$parentesco/consanguinidade de quarto grau/catarina goncalves/1727-c5-catarina
138: 
139:             pnoivo$jose ferreira/id=c1727.5-per2
140:                ls$residencia/bechos
141:                ls$morto/antes
142: 
143:             mnoivo$maria jorge/id=c1727.5-per3
144: 
145:          noiva$catarina goncalves/id=1727-c5-catarina
146:             ls$residencia/cavaleiros
147: 
148:             pnoiva$antonio goncalves/id=c1727.5-per4
149:                ls$residencia/cavaleiros
150:                ls$morto/antes
151: 
152:             mnoiva$isabel francisca/id=c1727.5-per5
153: 
154:          test$joao ferreia/id=c1727.5-per6
155:             ls$residencia/bechos
156: 
157:          test$manuel ferreira/id=c1727.5-per7
158:             ls$residencia/bechos
159: 
160:          test$francisco ferreira/id=c1727.5-per8
161:             ls$residencia/portela
162: 
163:          test$gregorio ferreira/id=c1727.5-per9
164:             ls$residencia/charneca
165: 
166:       cas$c1727.6/10/2/1727/fol.339-339v/local__igreja de sao tiago/celebrante__manuel rodrigues
167: 
168: cas$c1727.6
168:          noivo$manuel gomes de oliveira/id=c1727.6-per1
169:             ls$residencia/paleao
170: 
171:             pnoivo$simao gomes de oliveira/id=c1727.6-per2
172:                ls$residencia/paleao
173: 
174:             mnoivo$luisa rodrigues/id=c1727.6-per3
175: 
176:          noiva$maria domingues/id=c1727.6-per4
177:             ls$residencia/casconho
178: 
179:             pnoiva$antonio domingos/id=c1727.6-per5
180:                ls$residencia/casconho
181: 
182:             mnoiva$maria lopes/id=c1727.6-per6
183: 
184:          test$jose rodrigues gante/id=c1727.6-per7
185:             ls$residencia/paleao
186: 
187:          test$manuel rodrigues gil/id=c1727.6-per8
188:             ls$residencia/paleao
189: 
190:          test$pedro francisco/id=c1727.6-per9
191:             ls$residencia/casconho
192: 
193:          test$manuel joao/id=c1727.6-per10
194:             ls$residencia/casconho
195: 
196:       cas$c1727.7/17/2/1727/fol.339v-340/local__igreja de sao tiago/celebrante__frei jose gaspar
197: 
198: cas$c1727.7
198:          noivo$domingos rodrigues/id=c1727.7-per1
199:             ls$residencia/portela
200: 
201:             pnoivo$vicente rodrigues/id=c1727.7-per2
202:                ls$residencia/portela
203:                ls$morto/antes
204: 
205:             mnoivo$maria alves/id=c1727.7-per3
206:                ls$morta/antes
207: 
208:          noiva$maria de sao jose/id=c1727.7-per4
209:             ls$residencia/portela
210: 
211:             pnoiva$jose rodrigues/id=c1727.7-per5
212:                ls$residencia/portela
213: 
214:             mnoiva$isabel simoes/id=c1727.7-per6
215:                ls$morta/antes
216: 
217:          test$manuel madeira/id=c1727.7-per7
218:             ls$residencia/portela
219: 
220:          test$manuel campos/id=c1727.7-per8
221:             ls$residencia/portela
222: 
223:          test$joao antunes/id=c1727.7-per9
224:             ls$residencia/casal de galinhas
225: 
226:          test$paulo goncalves/id=c1727.7-per10
227:             ls$residencia/casal de galinhas
228: 
229:       cas$c1727.8/17/2/1727/fol.340/local__igreja de sao tiago/celebrante__manuel francisco
230: 
231: cas$c1727.8
231:          noivo$francisco alves/id=c1727.8-per1
232:             ls$residencia/fatacos
233: 
234:             pnoivo$estevao alves/id=c1727.8-per2
235:                ls$residencia/fatacos
236:                ls$morto/antes
237: 
238:             mnoivo$maria de brito/id=c1727.8-per3
239:                ls$morta/antes
240: 
241:          noiva$maria jorge/id=c1727.8-per4
242:             ls$residencia/casal de galinhas
243: 
244:             mnoiva$maria travassos/id=c1727.8-per5
245:                ls$residencia/casal de galinhas
246: 
247:          test$paulo goncalves/id=c1727.8-per6
248:             ls$residencia/casal de galinhas
249: 
250:          test$joao antunes/id=c1727.8-per7
251:             ls$residencia/casal de galinhas
252: 
253:          test$joao pereira/id=c1727.8-per8
254:             ls$residencia/casal de galinhas
255: 
256:          test$mateus goncalves/id=c1727.8-per9
257:             ls$profissao/caseiro
258: 
259:       cas$c1727.9/23/2/1727/fol.340/local__igreja de nossa senhora de finisterra/celebrante__manuel rodrigues
260: 
261: cas$c1727.9
261:          noivo$ventura francisco/id=c1727.9-per1
262:             ls$residencia/vale da borra
263: 
264:             pnoivo$manuel francisco/id=c1727.9-per2
265:                ls$residencia/vale da borra
266: 
267:             mnoivo$maria simoes/id=c1727.9-per3
268: 
269:          noiva$mariana gomes/id=c1727.9-per4
270:             ls$residencia/casalinhos
271: 
272:             pnoiva$domingos rodrigues/id=c1727.9-per5
273:                ls$residencia/casalinhos
274: 
275:             mnoiva$maria gomes/id=c1727.9-per6
276: 
277:          test$manuel joao/id=c1727.9-per7
278:             ls$residencia/casalinhos
279: 
280:          test$manuel da fonseca/id=c1727.9-per8
281:             ls$residencia/casalinhos
282: 
283:          test$manuel de tavora/id=c1727.9-per9
284:             ls$cargo/padre
285:             ls$residencia/soure
286: 
287:          test$mateus cardoso/id=c1727.9-per10
288:             ls$residencia/soure
289: 
290:       cas$c1727.10/25/3/1727/fol.340v/local__igreja de sao tiago/celebrante__frei joao gaspar
291: 
292: cas$c1727.10
292:          noivo$jose lopes/id=c1727.10-per1
293:             ls$residencia/mogadouro
294: 
295:             pnoivo$manuel lopes/id=c1727.10-per2
296:                ls$residencia/mogadouro
297:                ls$morto/antes
298: 
299:             mnoivo$maria manuel/id=c1727.10-per3
300: 
301:          noiva$catarina ferreira/id=c1727.10-per4
302:             ls$residencia/mogadouro
303: 
304:             pnoiva$antonio ferreira/id=c1727.10-per5
305:                ls$residencia/mogadouro
306:                ls$morto/antes
307: 
308:             mnoiva$domingas simoes/id=c1727.10-per6
309: 
310:          test$manuel goncalves branco/id=c1727.10-per7
311:             ls$alcunha/o velho
312:             ls$residencia/mogadouro
313: 
314:          test$manuel goncalves branco/id=c1727.10-per8
315:             ls$alcunha/o moco
316:             ls$residencia/mogadouro
317: 
318:          test$mateus carvalho/id=c1727.10-per9
319:             ls$residencia/mogadouro
320: 
321:          test$manuel rodrigues/id=c1727.10-per10
322:             ls$residencia/mogadouro
323: 
324:       cas$c1727.11/6/4/1727/fol.340v/local__igreja de sao tiago/celebrante__manuel rodrigues
325: 
326: cas$c1727.11
326:          noivo$antonio rodrigues/id=c1727.11-per1
327:             ls$residencia/casal dos feijoes
328: 
329:             pnoivo$manuel rodrigues/id=c1727.11-per2
330:                ls$residencia/casal dos feijoes
331:                ls$morto/antes
332: 
333:             mnoivo$isabel rodrigues/id=c1727.11-per3
334: 
335:          noiva$maria carvalha/id=c1727.11-per4
336:             ls$residencia/cercal
337: 
338:             pnoiva$manuel lopes/id=c1727.11-per5
339:                ls$residencia/cercal
340: 
341:             mnoiva$natalia carvalha/id=c1727.11-per6
342: 
343:          test$antonio simoes/id=c1727.11-per7
344:             ls$residencia/casal dos feijoes
345: 
346:          test$joao rodrigues/id=c1727.11-per8
347:             ls$residencia/casal dos feijoes
348: 
349:          test$manuel rodrigues alvaro/id=c1727.11-per9
350:             ls$profissao/padre
351:             ls$cargo/tesoureiro
352: 
353:          test$mateus cardoso/id=c1727.11-per10
354: 
355:       cas$c1727.12/27/4/1727/fol.341/local__igreja de sao tiago/celebrante__manuel rodrigues
356: 
357: cas$c1727.12
357:          noivo$manuel francisco/id=c1727.12-per1
358:             ls$residencia/casais da misericordia
359: 
360:             pnoivo$pedro joao/id=c1727.12-per2
361:                ls$residencia/casais da misericordia
362: 
363:             mnoivo$catarina francisca/id=c1727.12-per3
364: 
365:          noiva$maria de oliveira/id=c1727.12-per4
366:             ls$residencia/bonitos
367: 
368:             pnoiva$tome dias/id=c1727.12-per5
369:                ls$residencia/bonitos
370: 
371:             mnoiva$maria de oliveira/id=c1727.12-per6
372: 
373:          test$manuel lourenco/id=c1727.12-per7
374:             ls$residencia/bonitos
375: 
376:          test$manuel mendes henriques/id=c1727.12-per8
377:             ls$residencia/bonitos
378: 
379:          test$antonio coelho/id=c1727.12-per9
380:             ls$residencia/casal dos bonitos
381: 
382:          test$joao da silva/id=c1727.12-per10
383:             ls$residencia/casais da misericordia
384: 
385:       cas$c1727.13/27/4/1727/fol.341-341v/local__igreja de sao tiago/celebrante__manuel rodrigues/obs=os noivos tem quarto grau de consanguinidade
386: 
387: cas$c1727.13
387:          noivo$jose rodrigues/id=c1727.13-per1
388:             ls$residencia/barril
389:             rel$parentesco/consanguinidade de quarto grau/maria rodrigues/1727-c13-maria
390: 
391:             pnoivo$domingos rodrigues/id=c1727.13-per2
392:                ls$residencia/barril
393: 
394:             mnoivo$agueda da conceicao/id=c1727.13-per3
395:                ls$morta/antes
396: 
397:          noiva$maria rodrigues/id=1727-c13-maria
398:             ls$residencia/casconho
399: 
400:             pnoiva$pedro joao/id=c1727.13-per4
401:                ls$residencia/casconho
402:                ls$morto/antes
403: 
404:             mnoiva$ana rodrigues/id=c1727.13-per5
405: 
406:          test$jose rodrigues gante/id=c1727.13-per6
407:             ls$cargo/padre
408:             ls$residencia/paleao
409: 
410:          test$roque madeira/id=c1727.13-per7
411:             ls$residencia/paleao
412: 
413:          test$antonio rodrigues feijao/id=c1727.13-per8
414:             ls$residencia/sao mateus
415: 
416:          test$joao rodrigues feijao/id=c1727.13-per9
417:             ls$residencia/sao mateus
418: 
419:       cas$c1727.14/5/5/1727/fol.341v-342/local__ermida da nossa senhora do rosario/celebrante__manuel rodrigues/obs=os noivos tem consanguinidade de terceiro grau
420: 
421: cas$c1727.14
421:          noivo$agostinho luis de ataide/id=c1727.14-per1
422:             ls$residencia/soure
423: 
424:             pnoivo$pedro de brito ataide/id=c1727.14-per2
425:                ls$residencia/soure
426:                ls$morto/antes
427: 
428:             mnoivo$maior da silva melo/id=c1727.14-per3
429:                ls$titulo/dona
430:                ls$morta/antes
431: 
432:          noiva$mariana bernarda da cunha de eca almeida/id=c1727.14-per4
433:             ls$titulo/dona
434:             ls$residencia/quinta de sao joao baptista
435: 
436:             pnoiva$martinho da cunha de eca almeida/id=c1727.14-per5
437:                ls$residencia/quita de sao joao baptista
438: 
439:             mnoiva$josefa micaela da cunha/id=1727-c14-josefa
440: 
441:          referido$antonio de mello ataide/id=c1727.14-per6
442:             rel$sociabilidade/procurador/josefa micaela da cunha/1727-c14-josefa
443:             ls$morta/antes
444: 
445:          test$manuel cardoso/id=c1727.14-per7
446:             ls$residencia/casal novo
447: 
448:          test$antonio gomes/id=c1727.14-per8
449:             ls$ec/solteiro
450:             ls$residencia/casa velha
451: 
452:          test$mateus cardoso/id=c1727.14-per9
453:             ls$residencia/soure
454: 
455:          test$luis da silva/id=c1727.14-per10
456: 
457:       cas$c1727.15/25/5/1727/fol.342/local__igreja de sao tiago/celebrante__manuel rodrigues
458: 
459: cas$c1727.15
459:          noivo$domingos tomas francisco de carvalhosa/id=c1727.15-per1
460:             ls$profissao/medico
461:             ls$naturalidade/coimbra
462:             ls$residencia/soure
463: 
464:             pnoivo$antonio francisco de carvalhosa/id=c1727.15-per2
465:                ls$residencia/coimbra
466:                ls$morto/antes
467: 
468:             mnoivo$ana fernandes/id=c1727.15-per3
469:                ls$morta/antes
470: 
471:          noiva$luisa maria de oliveira/id=c1727.15-per4
472:             ls$residencia/soure
473: 
474:             pnoiva$antonio lopes/id=c1727.15-per5
475:                ls$residencia/soure
476: 
477:             mnoiva$teresa de jesus/id=c1727.15-per6
478: 
479:          test$antonio de abreu/id=c1727.15-per7
480:             ls$titulo/doutor
481:             ls$residencia/soure
482: 
483:          test$luis ribeiro cabral/id=c1727.15-per8
484:             ls$cargo/padre
485:             ls$residencia/soure
486: 
487:          test$jose rodrigues da paz/id=c1727.15-per9
488:             ls$titulo/frei
489:             ls$residencia/soure
490: 
491:          test$manuel pessoa leitao/id=c1727.15-per10
492:             ls$cargo/padre
493:             ls$residencia/soure
494: 
495:       cas$c1727.16/26/5/1727/fol.342-342v/local__ermida de sao jose/celebrante__manuel rodrigues/obs=os noivos tem consanguinidade em segundo e terceiro grau
496: 
497: cas$c1727.16
497:          noivo$jose pereira da costa/id=c1727.16-per1
498:             ls$residencia/vila nova de ancos
499:             rel$parentesco/consanguinidade de segundo e terceiro grau/mariana da costa/1727-c16-mariana
500: 
501:             pnoivo$francisco pereira/id=c1727.16-per2
502:                ls$residencia/vila nova de ancos
503:                ls$morto/antes
504: 
505:             mnoivo$maria da costa/id=c1727.16-per3
506: 
507:          noiva$mariana da costa/id=1727-c16-mariana
508:             ls$residencia/pinheiro
509: 
510:             pnoiva$antonio martins/id=c1727.16-per4
511:                ls$residencia/pinheiro
512:                ls$morto/antes
513: 
514:             mnoiva$maria da costa/id=c1727.16-per5
515:                ls$morta/antes
516: 
517:          test$jose rodrigues da paz/id=c1727.16-per6
518:             ls$titulo/frei
519:             ls$residencia/soure
520: 
521:          test$joao gaspar/id=c1727.16-per7
522:             ls$titulo/frei
523:             ls$residencia/soure
524: 
525:          test$sebastiao ferreira/id=c1727.16-per8
526:             ls$cargo/padre
527:             ls$residencia/areias
528: 
529:          test$manuel sao miguel/id=c1727.16-per9
530:             ls$residencia/pinheiro
531: 
532:       cas$c1727.17/25/8/1727/fol.342v/local__igreja de sao tiago/celebrante__manuel rodrigues
533: 
534: cas$c1727.17
534:          noivo$manuel rodrigues pereira/id=c1727.17-per1
535:             ls$residencia/portela
536:             ls$ec/viuvo
537: 
538:             pnoivo$manuel rodrigues pereira/id=c1727.17-per2
539:                ls$residencia/portela
540: 
541:             mnoivo$domingas joao/id=c1727.17-per3
542: 
543:             mulher1$maria simoes/id=c1727.17-per4
544:                ls$residencia/corujeira
545: 
546:                pmulher1$ joao coelho/id=c1727.17-per5
547:                   ls$residencia/corujeira
548:                   ls$morto/antes
549: 
550:                mmulher1$maria simoes/id=c1727.17-per6
551: 
552:          noiva$maria jorge/id=c1727.17-per7
553:             ls$residencia/casa velha
554: 
555:             pnoiva$manuel jorge/id=c1727.17-per8
556:                ls$residencia/casa velha
557:                ls$morta/antes
558: 
559:             mnoiva$ines pires/id=c1727.17-per9
560:                ls$morta/antes
561:                ls$ec/viuva
562: 
563:             marido1$lourenco rodrigues/id=c1727.17-per10
564:                ls$residencia/soure
565: 
566:                pmarido1$belchior rodrigues/id=c1727.17-per11
567:                   ls$residencia/soure
568: 
569:                mmarido1$cristina rodrigues/id=c1727.17-per12
570:                   ls$morta/antes
571: 
572:          test$jose rodrigues da paz/id=c1727.17-per13
573:             ls$titulo/frei
574:             ls$residencia/soure
575: 
576:          test$manuel rodrigues/id=c1727.17-per14
577:             ls$residencia/soure
578: 
579:          test$antonio da silva/id=c1727.17-per15
580:             ls$residencia/soure
581: 
582:          test$domingos jorge/id=c1727.17-per16
583:             ls$residencia/soure
584: 
585:       cas$c1727.18/25/9/1727/fol.343/local__igreja de sao tiago/celebrante__padre manuel martins/obs=os noivos tem consanguinidade de quarto grau
586: 
587: cas$c1727.18
587:          noivo$manuel rodrigues/id=c1727.18-per1
588:             ls$residencia/quinta dos anjos
589:             rel$parentesco/consanguinidade de quarto grau/maria da cruz/1727-c18-maria
590: 
591:             pnoivo$joao rodrigues/id=c1727.18-per2
592:                ls$residencia/quinta dos anjos
593:                ls$profissao/caseiro
594: 
595:             mnoivo$mariana ferreira/id=c1727.18-per3
596: 
597:          noiva$maria da cruz/id=1727-c18-maria
598:             ls$residencia/quinta dos anjo
599: 
600:             pnoiva$jose martins/id=c1727.18-per4
601:                ls$residencia/quinta dos anjos
602: 
603:             mnoiva$joana rodrigues/id=c1727.18-per5
604: 
605:          test$joao de deus/id=c1727.18-per6
606:             ls$cargo/padre
607:             ls$residencia/soure
608: 
609:          test$sebastiao ferreira/id=c1727.18-per7
610:             ls$cargo/padre
611:             ls$residencia/soure
612: 
613:          test$manuel da costa velho/id=c1727.18-per8
614:             ls$cargo/padre
615:             ls$residencia/soure
616: 
617:          test$joao pinheiro/id=c1727.18-per9
618:             ls$residencia/soure
619: 
620:       cas$c1727.19/6/10/1727/fol.343-343v/local__igreja de sao tiago/celebrante__manuel rodrigues
621: 
622: cas$c1727.19
622:          noivo$manuel da cruz/id=c1727.19-per1
623:             ls$residencia/almagreira
624: 
625:             pnoivo$manuel francisco/id=c1727.19-per2
626:                ls$residencia/almagreira
627: 
628:             mnoivo$isabel joao/id=c1727.19-per3
629: 
630:          noiva$josefa maria/id=c1727.19-per4
631:             ls$residencia/bonitos
632: 
633:             pnoiva$pedro joao/id=c1727.19-per5
634:                ls$residencia/bonitos
635: 
636:             mnoiva$catarina francisca/id=c1727.19-per6
637: 
638:          test$diogo francisco/id=c1727.19-per7
639:             ls$residencia/simoes
640: 
641:          test$joao da silva/id=c1727.19-per8
642:             ls$residencia/simoes
643: 
644:          test$antonio joao/id=c1727.19-per9
645:             ls$residencia/fonte da bica
646: 
647:          test$alexandre francisco/id=c1727.19-per10
648:             ls$residencia/fonte da bica
649: 
650:       cas$c1727.20/13/10/1727/fol.243v/local__igreja de sao tiago/celebrante__manuel rodrigues/obs=os noivos tem consanguinidade de terceiro grau
651: 
652: cas$c1727.20
652:          noivo$antonio goncalves/id=c1727.20-per1
653:             ls$residencia/mogadouro
654:             rel$parentesco/consanguinidade de terceiro grau/domingas francisca/1727-c20-domingas
655: 
656:             pnoivo$antonio goncalves/id=c1727.20-per2
657:                ls$residencia/mogadouro
658: 
659:             mnoivo$maria rodrigues/id=c1727.20-per3
660: 
661:          noiva$domingas francisca/id=1727-c20-domingas
662:             ls$residencia/delgados
663: 
664:             pnoiva$francisco joao/id=c1727.20-per4
665:                ls$residencia/delgados
666: 
667:             mnoiva$francisca gaspar/id=c1727.20-per5
668: 
669:          test$joao francisco/id=c1727.20-per6
670:             ls$residencia/mogadouro
671: 
672:          test$joao nunes/id=c1727.20-per7
673:             ls$residencia/mogadouro
674: 
675:          test$mateus carvalho/id=c1727.20-per8
676:             ls$residencia/mogadouro
677: 
678:          test$manuel rodrigues/id=c1727.20-per9
679:             ls$residencia/barrosos
680: 
681:       cas$c1727.21/20/10/1727/fol.343v-344/local__igreja de sao tiago/celebrante__manuel rodrigues
682: 
683: cas$c1727.21
683:          noivo$antonio rodrigues/id=c1727.21-per1
684:             ls$residencia/lagem
685: 
686:             pnoivo$afonso rodrigues/id=c1727.21-per2
687:                ls$residencia/lagem
688:                ls$morto/antes
689: 
690:             mnoivo$francisca madeira/id=c1727.21-per3
691:                ls$morta/antes
692: 
693:          noiva$ana francisca/id=c1727.21-per4
694:             ls$residencia/brunhos
695: 
696:             pnoiva$manuel tome/id=c1727.21-per5
697:                ls$naturalidade/brunhos
698:                ls$residencia/casal novo
699:                ls$morto/antes
700: 
701:             mnoiva$maria francisca/id=c1727.21-per6
702:                ls$naturalidade/brunhos
703:                ls$morta/antes
704: 
705:          test$manuel cardoso/id=c1727.21-per7
706:             ls$residencia/casal novo
707: 
708:          test$jose francisco/id=c1727.21-per8
709:             ls$residencia/casal novo
710: 
711:          test$manuel rodrigues/id=c1727.21-per9
712:             ls$residencia/lagem
713: 
714:          test$sebastiao rodrigues/id=c1727.21-per10
715:             ls$residencia/lagem
716: 
717:       cas$c1727.22/2/11/1727/fol.344/local__igreja de sao tiago/celebrante__manuel rodrigues
718: 
719: cas$c1727.22
719:          noivo$jose de brito/id=c1727.22-per1
720:             ls$residencia/sobral
721: 
722:             pnoivo$manuel rodrigues rainho/id=c1727.22-per2
723:                ls$residencia/sobral
724:                ls$morto/antes
725: 
726:             mnoivo$maria joao/id=c1727.22-per3
727:                ls$morta/antes
728: 
729:          noiva$maria de sao miguel/id=c1727.22-per4
730:             ls$residencia/casal de oliveira
731: 
732:             pnoiva$bartolomeu antunes/id=c1727.22-per5
733:                ls$residencia/casal de oliveira
734: 
735:             mnoiva$isabel luis/id=c1727.22-per6
736: 
737:          test$miguel rodrigues/id=c1727.22-per7
738:             ls$residencia/sobral
739: 
740:          test$joao rodrigues rainho/id=c1727.22-per8
741:             ls$residencia/sobral
742: 
743:          test$manuel de brito/id=c1727.22-per9
744:             ls$profissao/alfaiate
745:             ls$residencia/soure
746: 
747:          test$mateus cardoso/id=c1727.22-per10
748:             ls$residencia/soure
749: 
750:       cas$c1727.23/5/11/1727/fol.344-344v/local__ermida de sao joao em paleao/celebrante__frei manuel duarte
751: 
752: cas$c1727.23
752:          noivo$duarte afonso/id=c1727.23-per1
753:             ls$residencia/porto panelas
754: 
755:             pnoivo$simao afonso/id=c1727.23-per2
756:                ls$residencia/porto panelas
757: 
758:             mnoivo$maria domingues/id=c1727.23-per3
759: 
760:          noiva$rosa gomes/id=c1727.23-per4
761:             ls$residencia/paleao
762: 
763:             pnoiva$antonio gomes/id=c1727.23-per5
764:                ls$residencia/paleao
765: 
766:             mnoiva$maria gomes/id=c1727.23-per6
767: 
768:          test$jose soares/id=c1727.23-per7
769:             ls$residencia/paleao
770: 
771:          test$roque madeira/id=c1727.23-per8
772:             ls$residencia/paleao
773: 
774:          test$joao domingues/id=c1727.23-per9
775:             ls$residencia/paleao
776: 
777:          test$manuel carvalho/id=c1727.23-per10
778:             ls$residencia/paleao
779: 
780:       cas$c1727.24/13/11/1727/fol.344v-345/local__igreja de sao tiago/celebrante__frei joao gaspar
781: 
782: cas$c1727.24
782:          noivo$antonio da costa/id=c1727.24-per1
783:             ls$residencia/taipeus
784: 
785:             pnoivo$manuel da costa/id=c1727.24-per2
786:                ls$residencia/taipeus
787:                ls$morto/antes
788: 
789:             mnoivo$maria rodrigues/id=c1727.24-per3
790: 
791:          noiva$luisa rodrigues/id=c1727.24-per4
792:             ls$residencia/presa
793: 
794:             pnoiva$manuel antunes/id=c1727.24-per5
795:                ls$residencia/presa
796: 
797:             mnoiva$isabel rodrigues/id=c1727.24-per6
798: 
799:          test$miguel rodrigues/id=c1727.24-per7
800:             ls$residencia/carvalheira de cima
801: 
802:          test$maria mateus/id=c1727.24-per8
803:             ls$residencia/casal do malvado
804:             rel$parentesco/mulher/joao francisco/1727-c24-joao
805: 
806:          test$catarina simoes/id=c1727.24-per9
807:             rel$parentesco/mulher/manuel jorge/1727-c24-manuel
808: 
809:          test$antonio jorge/id=c1727.24-per10
810:             ls$residencia/tapeus
811: 
812:          referido$joao francisco/id=1727-c24-joao
813: 
814:          referido$manuel jorge/id=1727-c24-manuel
815: 
816:       cas$c1727.25/27/11/1727/fol.345-345v/local__igreja da misericordia/celebrante__padre manuel dr tavora
817: 
818: cas$c1727.25
818:          noivo$manuel de oliveira/id=c1727.25-per1
819:             ls$residencia/vinha da rainha
820: 
821:             pnoivo$manuel de oliveira/id=c1727.25-per2
822:                ls$residencia/vinha da rainha
823: 
824:             mnoivo$isabel de oliveira/id=c1727.25-per3
825: 
826:          noiva$maria goncalves/id=c1727.25-per4
827: 
828:             pnoiva$joao rodrigues/id=c1727.25-per5
829:                ls$morto/antes
830: 
831:             mnoiva$teresa goncalves/id=c1727.25-per6
832: 
833:          test$jose marques/id=c1727.25-per7
834:             ls$residencia/soure
835: 
836:          test$jose de barros/id=c1727.25-per8
837:             ls$residencia/soure
838: 
839:          test$manuel dos santos/id=c1727.25-per9
840:             ls$residencia/soure
841: 
842:          test$jose velho/id=c1727.25-per10
843:             ls$residencia/soure
844: 
845:       cas$c1727.26/15/12/1727/fol.345v/local__igreja de sao tiago/celebrante__ frei joao gaspar
846: 
847: cas$c1727.26
847:          noivo$manuel gomes/id=c1727.26-per1
848:             ls$residencia/paleao
849: 
850:             pnoivo$antonio ferreira/id=c1727.26-per2
851:                ls$residencia/paleao
852:                ls$morto/antes
853: 
854:             mnoivo$maria gomes/id=c1727.26-per3
855:                ls$morta/antes
856: 
857:          noiva$cecilia pereira/id=c1727.26-per4
858:             ls$residencia/paleao
859: 
860:             pnoiva$antonio pereira/id=c1727.26-per5
861:                ls$residencia/paleao
862:                ls$morto/antes
863: 
864:             mnoiva$maria do espirito santo/id=c1727.26-per6
865:                ls$morta/antes
866: 
867:          test$manuel gomes ferreira/id=c1727.26-per7
868:             ls$residencia/paleao
869: 
870:          test$manuel rodrigues branco/id=c1727.26-per8
871:             ls$residencia/paleao
872: 
873:          test$joao rodrigues gante/id=c1727.26-per9
874:             ls$residencia/paleao
875: 
876:          test$joao gomes da cruz/id=c1727.26-per10
877:             ls$residencia/paleao
878: 
879:       cas$c1727.27/22/12/1727/fol.345v346/local__igreja de sao tiago/celebrante__manuel rodrigues
880: 
881: cas$c1727.27
881:          noivo$joao coelho/id=c1727.27-per1
882:             ls$residencia/corujeira
883: 
884:             pnoivo$joao coelho/id=c1727.27-per2
885:                ls$residencia/corujeira
886:                ls$morto/antes
887: 
888:             mnoivo$maria simoes/id=c1727.27-per3
889: 
890:          noiva$mariana da graca/id=c1727.27-per4
891:             ls$residencia/casal novo
892: 
893:             pnoiva$manuel de gouveia/id=c1727.27-per5
894:                ls$residencia/casal novo
895: 
896:             mnoiva$mariana da graca/id=c1727.27-per6
897: 
898:          test$manuel jorge/id=c1727.27-per7
899:             ls$residencia/corujeira
900: 
901:          test$jose luis/id=c1727.27-per8
902:             ls$residencia/corujeira
903: 
904:          test$manuel cardoso/id=c1727.27-per9
905:             ls$residencia/casal novo
906: 
907:          test$francisco bernardes/id=c1727.27-per10
908:             ls$residencia/casal novo
909: *** End of File
** Processed file- /Users/jrc/mhk-home/sources/soure/soure-sources/sources/soure_fase2/cas1727.cli
** Original file- /Users/jrc/mhk-home/sources/soure/soure-sources/sources/soure_fase2/cas1727.org
** Previous version- /Users/jrc/mhk-home/sources/soure/soure-sources/sources/soure_fase2/cas1727.old
** Temp file with ids- /Users/jrc/mhk-home/sources/soure/soure-sources/sources/soure_fase2/cas1727.ids
0  errors. 
0  warnings.
Translation finished.
