ClioInput - version @@VERSION@@ - build @@BUILD@@ @@DATE@@
13-6-2019 16-41

Processing data file cas1735.cli
-------------------------------------------
Generic Act translation module with geoentities (XML).
     Joaquim Ramos de Carvalho (joaquim@uc.pt) 
** New document: kleio
1: kleio$gacto2.str
=========================
kleio translation started
=========================
Structure: gacto2.str
Prefix: 
Autorel: 
Translation count: 
Obs: 
Translation count not set or invalid, counting as zero: 
2:    fonte$casamentos 1735/1735/paroquiais/auc/obs=em muito mau estado
3: 
** Processing source fonte$casamentos 1735
4:       cas$c1735.01/3/1/1735/fol.376/local__igreja de sao tiago/celebrante__vigario manuel rodrigues
5: 
6: cas$c1735.01
6:          noivo$lourenco rodrigues/id=c1735.01-per1
7:             ls$residencia/venda do formigal
8:             ls$freguesia/vinha da rainha
9: 
10:          pnoivo$manuel domingues/id=c1735.01-per2
11:             ls$residencia/venda do formigal
12:             ls$freguesia/vinha da rainha
13: 
14:          mnoivo$maria rodrigues/id=c1735.01-per3
15: 
16:          noiva$francisca rodrigues/id=c1735.01-per4
17:             ls$ec/viuva
18:             ls$residencia/vale d aborra
19: 
20:          pnoiva$manuel rodrigues nabardo/id=c1735.01-per5
21:             ls$residencia/vale da borra
22:             ls$morto/antes
23: 
24:          mnoiva$maria francisca/id=c1735.01-per6
25:             ls$morta/antes
26: 
27:          marido1$joao luis/id=c1735.01-per7
28:             ls$residencia/vale da borra
29: 
30:          pmarido1$joao luis/id=c1735.01-per8
31:             ls$residencia/vale da borra
32: 
33:          mmarido1$maria goncalves/id=c1735.01-per9
34:             ls$residencia/vale da borra
35: 
36:          mulher1$maria rodrigues/id=c1735.01-per10
37:             ls$residencia/vale da borra
38: 
39:          pmulher1$manuel goncalves/id=c1735.01-per11
40:             ls$residencia/vale da borra
41:             ls$morto/antes
42: 
43:          mmulher1$maria rodrigues/id=c1735.01-per12
44:             ls$residencia/vale da borra
45:             ls$morta/antes
46: 
47:          mulher2$maria goncalves/id=c1735.01-per13
48:             ls$residencia/casalinhos
49: 
50:          pmulher2$joao rodrigues calado/id=c1735.01-per14
51:             ls$residencia/casalinhos
52:             ls$morto/antes
53: 
54:          mmulher2$maria goncalves/id=c1735.01-per15
55:             ls$residencia/casalinhos
56:             ls$morta/antes
57: 
58:          test$jacinto mendes/id=c1735.01-per16
59:             ls$profissao/barbeiro
60:             ls$residencia/soure
61: 
62:          test$luis jorge/id=c1735.01-per17
63:             ls$ec/solteiro
64:             ls$residencia/soure
65: 
66:          test$manuel goncalves calado/id=c1735.01-per18
67:             ls$residencia/casalinhos
68: 
69:          test$manuel joao/id=c1735.01-per19
70:             ls$residencia/casalinhos
71: 
72:       cas$c1735.2/10/1/1735/fol.376/local__igreja de sao tiago/celebrante__vigario manuel rodrigues
73: 
74: cas$c1735.2
74:          noivo$joao rodrigues/id=c1735.2-per1
75:             ls$residencia/vale da borra
76: 
77:          pnoivo$manuel/id=c1735.2-per2
78:             ls$residencia/vale da borra
79: 
80:          mnoivo$maria rodrigues/id=c1735.2-per3
81: 
82:          noiva$francisca rodrigues/id=c1735.2-per4
83:             ls$residencia/pencarpia
84: 
85:          pnoiva$manuel rodrigues/id=c1735.2-per5
86:             ls$residencia/pencarpia
87: 
88:          mnoiva$antonia goncalves/id=c1735.2-per6
89: 
90:          test$manuel/id=c1735.2-per7
91:             ls$alcunha/o moco
92:             ls$residencia/vale da borra
93: 
94:          test$luis goncalves/id=c1735.2-per8
95:             ls$residencia/vale da borra
96: 
97:          test$manuel goncalves/id=c1735.2-per9
98:             ls$residencia/cabreira
99: 
100:          test$manuel rodrigues serrao/id=c1735.2-per10
101:             ls$residencia/soure
102: 
103:       cas$c1735.3/17/1/1735/fol.376v/local__igreja de sao tiago/celebrante__vigario manuel rodrigues
104: 
105: cas$c1735.3
105:          noivo$francisco antunes/id=c1735.3-per1
106:             ls$ec/viuvo
107:             ls$residencia/alencarce de cima
108: 
109:          pnoivo$farncisco antunes/id=c1735.3-per2
110:             ls$residencia/alencarce de cima
111:             ls$morto/antes
112: 
113:          mnoivo$isabel madeira/id=c1735.3-per3
114:             ls$morta/antes
115: 
116:          noiva$catarina martins/id=c1735.3-per4
117:             ls$residencia/cascao
118: 
119:          pnoiva$manuel martins/id=c1735.3-per5
120:             ls$residencia/cascao
121:             ls$morto/antes
122: 
123:          mnoiva$leonor joao/id=c1735.3-per6
124:             ls$morta/antes
125: 
126:          mulher1$francisca rodrigues/id=c1735.3-per7
127:             ls$residencia/cascao
128:             ls$morta/antes
129: 
130:          pmulher1$bento rodrigues/id=c1735.3-per8
131:             ls$residencia/cascao
132:             ls$morto/antes
133: 
134:          mmulher1$maria francisca/id=c1735.3-per9
135:             ls$morto/antes
136: 
137:          test$antonio madeira/id=c1735.3-per10
138:             ls$residencia/cascao
139: 
140:          test$antonio rodrigues/id=c1735.3-per11
141:             ls$residencia/alencarce de cima
142: 
143:          test$domingos antunes/id=c1735.3-per12
144:             ls$ec/solteiro
145:             ls$residencia/alencarce de cima
146: 
147:          test$antonio ferreira/id=c1735.3-per13
148:             ls$ec/solteiro
149:             ls$residencia/alencarce de cima
150: 
151:       cas$c1735.4/24/1/1735/fol.376v/local__igreja de sao tiago/celebrante__vigario manuel rodrigues
152: 
153: cas$c1735.4
153:          noivo$jose rodrigues/id=c1735.4-per1
154:             ls$residencia/cascao
155: 
156:          pnoivo$antonio jorge/id=c1735.4-per2
157:             ls$residencia/cascao
158:             ls$morto/antes
159: 
160:          mnoivo$ana rodrigues/id=c1735.4-per3
161:             ls$morta/antes
162: 
163:          noiva$antonia goncalves/id=c1735.4-per4
164:             ls$residencia/cascao
165: 
166:          pnoiva$manuel martins/id=c1735.4-per5
167:             ls$residencia/cascao
168:             ls$morto/antes
169: 
170:          mnoiva$leonor joao/id=c1735.4-per6
171:             ls$morta/antes
172: 
173:          test$antonio madeira/id=c1735.4-per7
174:             ls$residencia/cascao
175: 
176:          test$joao martins/id=c1735.4-per8
177:             ls$residencia/cascao
178: 
179:          test$manuel simoes/id=c1735.4-per9
180:             ls$residencia/cascao
181: 
182:          test$antonio rodrigues maravilhoso/id=c1735.4-per10
183:             ls$residencia/alencarce de cima
184: 
185:       cas$c1735.5/7/2/1735/fol.376v/local__igreja de sao tiago/celebrante__vigario manuel rodrigues
186: 
187: cas$c1735.5
187:          noivo$domingos goncalves/id=c1735.5-per1
188:             ls$ec/viuvo
189:             ls$residencia/carregosa
190:             ls$freguesia/gesteira
191: 
192:          pnoivo$diogo goncalves/id=c1735.5-per2
193:             ls$residencia/carregosa
194:             ls$freguesia/gesteira
195:             ls$morto/antes
196: 
197:          mnoivo$isabel rodrigues/id=c1735.5-per3
198:             ls$morta/antes
199: 
200:          noiva$maria cardosa/id=c1735.5-per4
201:             ls$residencia/lousoes
202: 
203:          pnoiva$manuel goncalves camarro/id=c1735.5-per5
204:             ls$residencia/lousoes
205: 
206:          mnoiva$maria cardosa/id=c1735.5-per6
207: 
208:          mulher1$maria lopes dos santos/id=c1735.5-per7
209:             ls$residencia/casa velha
210: 
211:          pmulher1$manuel lopes/id=c1735.5-per8
212:             ls$residencia/casa velha
213: 
214:          mmulher1$maria rodrigues/id=c1735.5-per9
215: 
216:          test$manuel rodrigues alvaro/id=c1735.5-per10
217:             ls$profissao/padre
218:             ls$cargo/tesoureiro
219:             ls$residencia/soure
220: 
221:          test$manuel duarte/id=c1735.5-per11
222:             ls$residencia/migalho
223: 
224:          test$joao duarte/id=c1735.5-per12
225:             ls$ec/solteiro
226:             ls$residencia/migalho
227: 
228:          test$lourenco dias/id=c1735.5-per13
229:             ls$residencia/soure
230: 
231:       cas$c1735.6/14/2/1735/fol.377/local__igreja de sao tiago/celebrante__vigario manuel rodrigues
232: 
233: cas$c1735.6
233:          noivo$jose bernardes/id=c1735.6-per1
234:             ls$residencia/casa velha
235: 
236:          pnoivo$antonio bernardes/id=c1735.6-per2
237:             ls$residencia/casa velha
238: 
239:          mnoivo$josefa gomes/id=c1735.6-per3
240: 
241:          noiva$mariana pedrosa/id=c1735.6-per4
242:             ls$residencia/casa velha
243: 
244:          pnoiva$jose simoes/id=c1735.6-per5
245:             ls$residencia/casa velha
246: 
247:          mnoiva$maria pedrosa/id=c1735.6-per6
248: 
249:          test$pedro gomes/id=1735-c6-pedro
250:             ls$residencia/casa velha
251: 
252:          test$jacinto/id=c1735.6-per7
253:             ls$ec/solteiro
254:             ls$residencia/casa velha
255:             rel$parentesco/filho/pedro gomes/1735-c6-pedro
256: 
257:          test$diogo da costa/id=c1735.6-per8
258:             ls$residencia/casa velha
259: 
260:          test$antonio francisco/id=c1735.6-per9
261:             ls$residencia/casal novo
262: 
263:       cas$c1735.7/14/2/1735/fol.377/local__igreja de sao tiago/celebrante__vigario manuel rodrigues
264: 
265: cas$c1735.7
265:          noivo$joao francisco/id=c1735.7-per1
266:             ls$residencia/casalinhos
267: 
268:          pnoivo$manuel da fonseca/id=c1735.7-per2
269:             ls$residencia/casalinhos
270: 
271:          mnoivo$maria francisca/id=c1735.7-per3
272: 
273:          noiva$mariana da costa/id=c1735.7-per4
274:             ls$residencia/vale da borra
275: 
276:          pnoiva$joao simoes/id=c1735.7-per5
277:             ls$residencia/vale da borra
278:             ls$morto/antes
279: 
280:          mnoiva$antonia da costa/id=c1735.7-per6
281: 
282:          test$manuel de tavora/id=c1735.7-per7
283:             ls$profissao/padre
284:             ls$residencia/soure
285: 
286:          test$manuel joao/id=1735-c7-manuel
287:             ls$residencia/casalinhos
288: 
289:          test$luis/id=c1735.7-per8
290:             ls$ec/solteiro
291:             ls$residencia/casalinhos
292:             rel$parentesco/filho/manuel joao/1735-c7-manuel
293: 
294:          test$manuel simoes/id=c1735.7-per9
295:             ls$residencia/casalinhos
296: 
297:       cas$c1735.8/24/3/1735/fol.377-377v/local__igreja de sao tiago/celebrante__padre manuel rodrigues alvaro
298: 
299: cas$c1735.8
299:          noivo$joao rodrigues gante/id=c1735.8-per1
300:             ls$ec/viuvo
301:             ls$residencia/sao mateus
302: 
303:          pnoivo$antonio rodrigues gante/id=c1735.8-per2
304:             ls$residencia/sao mateus
305: 
306:          mnoivo$mariana galvoa/id=c1735.8-per3
307: 
308:          noiva$maria joao/id=c1735.8-per4
309:             ls$residencia/quinta de sao bento
310: 
311:          pnoiva$jose domingues/id=c1735.8-per5
312:             ls$residencia/quinta de sao bento
313: 
314:          mnoiva$maria joao/id=c1735.8-per6
315: 
316:          mulher1$catarina carvalha/id=c1735.8-per7
317:             ls$residencia/barrosos
318: 
319:          pmulher1$manuel andre/id=c1735.8-per8
320:             ls$residencia/barrosos
321:             ls$morto/antes
322: 
323:          mmulher1$ana carvalha/id=c1735.8-per9
324:             ls$morta/antes
325: 
326:          test$mateus carvalho/id=c1735.8-per10
327:             ls$residencia/mogadouro
328: 
329:          test$manuel goncalves branco/id=c1735.8-per11
330:             ls$residencia/mogadouro
331: 
332:          test$felipa joao/id=1735-c8-felipa
333:             ls$residencia/casconho
334: 
335:          test$isabel joao/id=1735-c8-isabel
336:             ls$residencia/quinta de sao bento
337: 
338:          referido$manuel joao/id=c1735.8-per12
339:             ls$residencia/casconho
340:             rel$parentesco/marido/felipa joao/1735-c8-felipa
341: 
342:          referido$manuel martins/id=c1735.8-per13
343:             ls$residencia/quinta de sao bento
344:             rel$parentesco/marido/isabel joao/1735-c8-isabel
345: 
346:       cas$c1735.9/8/5/1735/fol.377v/local__igreja de sao tiago/celebrante__vigario manuel rodrigues
347: 
348: cas$c1735.9
348:          noivo$alexandre antunes/id=c1735.9-per1
349:             ls$residencia/espirito santo
350: 
351:          pnoivo$manuel antunes/id=c1735.9-per2
352:             ls$residencia/espirito santo
353:             ls$morto/antes
354: 
355:          mnoivo$mariana agostinha/id=c1735.9-per3
356:             ls$morta/antes
357: 
358:          noiva$umbelina teresa/id=c1735.9-per4
359:             ls$residencia
360: 

ERROR: cas1735.cli line 360 ** Error: missing element(s) in ls(att-127) must have: valor
Near line: 360 
Near line: 361          pnoiva$domingos joao/id=c1735.9-per5

361:          pnoiva$domingos joao/id=c1735.9-per5
362:             ls$profissao/hospitaleiro
363:             ls$residencia/soure
364: 
365:          mnoiva$maria francisca/id=c1735.9-per6
366: 
367:          test$manuel rodrigues alvaro/id=1735-c9-manuel
368:             ls$profissao/padre
369:             ls$cargo/tesoureiro
370:             ls$residencia/soure
371: 
372:          test$jose/id=1735-c9-jose
373:             ls$ec/solteiro
374:             ls$residencia/soure
375:             rel$parentesco/sobrinho/manuel rodrigues alvaro/1735-c9-manuel
376: 
377:          test$luis goncalves perdigao/id=c1735.9-per7
378:             ls$residencia/casal das brancas
379: 
380:          test$antonio ferreira/id=c1735.9-per8
381:             ls$residencia/casal do rei
382: 
383:          referido$domingos jorge/id=c1735.9-per9
384:             ls$residencia/soure
385:             rel$parentesco/pai/jose/1735-c9-jose
386: 
387:       cas$c1735.10/11/5/1735/fol.377v-378/local__igreja de sao tiago/celebrante__vigario manuel rodrigues
388: 
389: cas$c1735.10
389:          noivo$manuel da silva/id=c1735.10-per1
390:             ls$residencia/venda nova
391: 
392:          pnoivo$antonio domingues/id=c1735.10-per2
393:             ls$residencia/venda nova
394: 
395:          mnoivo$monica da silva/id=c1735.10-per3
396: 
397:          noiva$joana maria/id=c1735.10-per4
398:             ls$residencia/presa
399: 
400:          pnoiva$simao antunes/id=c1735.10-per5
401:             ls$residencia/presa
402:             ls$morto/antes
403: 
404:          mnoiva$domingas joao/id=c1735.10-per6
405:             ls$morta/antes
406: 
407:          test$jose simoes/id=c1735.10-per7
408:             ls$residencia/presa
409: 
410:          test$jose da silva/id=c1735.10-per8
411:             ls$residencia/casconho
412: 
413:          test$jose jorge/id=c1735.10-per9
414:             ls$ec/solteiro
415:             ls$residencia/soure
416: 
417:          test$manuel domingues/id=c1735.10-per10
418:             ls$residencia/carvalhal
419:             ls$freguesia/tapeus
420: 
421:       cas$c1735.11/15/5/1735/fol.378/local__igreja de sao tiago/celebrante__vigario manuel rodrigues
422: 
423: cas$c1735.11
423:          noivo$joao goncalves/id=c1735.11-per1
424:             ls$residencia/alencarce de cima
425: 
426:          pnoivo$joao goncalves galhim/id=c1735.11-per2
427:             ls$residencia/alencarce de cima
428: 
429:          mnoivo$maria rodrigues/id=c1735.11-per3
430: 
431:          noiva$maria ferreira/id=c1735.11-per4
432:             ls$residencia/alencarce de baixo
433: 
434:          pnoiva$domingos goncalves/id=c1735.11-per5
435:             ls$residencia/alencarced de baixo
436: 
437:          mnoiva$isabel ferreira/id=c1735.11-per6
438:             ls$morta/antes
439: 
440:          test$manuel goncalves galhim/id=c1735.11-per7
441:             ls$residencia/alencarce de cima
442: 
443:          test$manuel goncalves jeronimo/id=c1735.11-per8
444:             ls$residencia/leonel
445: 
446:          test$sebastiao de oliveira/id=c1735.11-per9
447:             ls$residencia/lagem
448: 
449:          test$manuel rodrigues alvaro/id=c1735.11-per10
450:             ls$profissao/padre
451:             ls$residencia/soure
452: 
453:       cas$c1735.12/23/5/1735/fol.378/local__igreja de sao tiago/celebrante__frei tome martins
454: 
455: cas$c1735.12
455:          noivo$jose rodrigues/id=c1735.12-per1
456:             ls$residencia/casal do justo
457: 
458:          pnoivo$manuel gomes/id=c1735.12-per2
459:             ls$residencia/casal do justo
460:             ls$morto/antes
461: 
462:          mnoivo$maria rodrigues/id=c1735.12-per3
463: 
464:          noiva$issabel francisca/id=c1735.12-per4
465:             ls$residencia/mogadouro
466: 
467:          pnoiva$joao francisco/id=c1735.12-per5
468:             ls$residencia/mogadouro
469:             ls$morto/antes
470: 
471:          mnoiva$isabel joao/id=c1735.12-per6
472:             ls$morta/antes
473: 
474:          test$manuel joao/id=1735-c12-manuel
475:             ls$residencia/moinhos das areias dos simoes
476: 
477:          test$joao/id=c1735.12-per7
478:             ls$ec/solteiro
479:             ls$residencia/moinhos das areias dos simoes
480:             rel$parentesco/irmao/manuel joao/1735-c12-manuel
481: 
482:          test$joao francisco/id=c1735.12-per8
483:             ls$ec/solteiro
484:             ls$residencia/mogadouro
485: 
486:          test$jose gomes/id=c1735.12-per9
487:             ls$profissao/padre
488:             ls$residencia/casal da venda
489: 
490:       cas$c1735.13/23/5/1735/fol.378/local__igreja de sao tiago/celebrante__frei tome martins
491: 
492: cas$c1735.13
492:          noivo$antonio francisco/id=c1735.13-per1
493:             ls$residencia/santo isidoro
494:             ls$freguesia/gesteira
495: 
496:          pnoivo$manuel luis/id=c1735.13-per2
497:             ls$residencia/santo isidoro
498:             ls$freguesia/gesteira
499: 
500:          mnoivo$maria esteves/id=c1735.13-per3
501: 
502:          noiva$antonia goncalves/id=c1735.13-per4
503:             ls$residencia/casal da venda
504: 
505:          pnoiva$joao goncalves/id=c1735.13-per5
506:             ls$residencia/casal da venda
507: 
508:          mnoiva$domingas goncalves/id=c1735.13-per6
509: 
510:          test$jose rodrigues jorge/id=c1735.13-per7
511:             ls$residencia/casal da venda
512: 
513:          test$jose gomes/id=1735-c13-gomes
514:             ls$profissao/padre
515:             ls$residencia/casal da venda
516: 
517:          test$antonio/id=c1735.13-per8
518:             ls$residencia/ls$ec/solteiro
519:             ls$residencia/casal da venda
520:             rel$parentesco/irmao/jose gomes/1735-c13-gomes
521: 
522:          test$jose/id=1735-c13-jose
523:             ls$ec/solteiro
524:             ls$residencia/soure
525: 
526:          referido$domingos jorge/id=c1735.13-per9
527:             ls$residencia/soure
528:             rel$parentesco/pai/jose/1735-c13-jose
529: 
530:       cas$c1735.14/30/5/1735/fol.378v/local__igreja de sao tiago/celebrante__vigario manuel rodrigues
531: 
532: cas$c1735.14
532:          noivo$anselmo pereira/id=c1735.14-per1
533:             ls$residencia/formoselhe
534: 
535:          pnoivo$francisco medina/id=c1735.14-per2
536:             ls$residencia/formoselhe
537: 
538:          mnoivo$mariana pereira/id=c1735.14-per3
539: 
540:          noiva$maria da rosa/id=c1735.14-per4
541:             ls$residencia/paleao
542: 
543:          pnoiva$joao rodrigues/id=c1735.14-per5
544:             ls$residencia/paleao
545:             ls$morto/antes
546: 
547:          mnoiva$maria joao/id=c1735.14-per6
548:             ls$morta/antes
549: 
550:          test$joao gaspar/id=c1735.14-per7
551:             ls$residencia/paleao
552: 
553:          test$antonio soares/id=c1735.14-per8
554:             ls$residencia/paleao
555: 
556:          test$manuel soares/id=c1735.14-per9
557:             ls$residencia/paleao
558: 
559:          test$manuel goncalves serrano/id=c1735.14-per10
560:             ls$residencia/paleao
561: 
562:       cas$c1735.15/30/5/1735/fol.378v/local__igreja de sao tiago/celebrante__vigario manuel rodrigues
563: 
564: cas$c1735.15
564:          noivo$joao pereira/id=c1735.15-per1
565:             ls$residencia/paleao
566: 
567:          pnoivo$antonio pereira/id=c1735.15-per2
568:             ls$residencia/paleao
569:             ls$morto/antes
570: 
571:          mnoivo$maria simoes/id=c1735.15-per3
572:             ls$morta/antes
573: 
574:          noiva$catarina de jesus/id=c1735.15-per4
575:             ls$residencia/podengos
576: 
577:          pnoiva$gaspar rodrigues/id=c1735.15-per5
578:             ls$residencia/podengos
579: 
580:          mnoiva$antonia goncalves/id=c1735.15-per6
581: 
582:          test$jose rodrigues/id=c1735.15-per7
583:             ls$residencia/rolhao
584: 
585:          test$joao rodrigues/id=c1735.15-per8
586:             ls$residencia/rolhao
587: 
588:          test$manuel soares/id=c1735.15-per9
589:             ls$residencia/paleao
590: 
591:          test$antonio soares/id=c1735.15-per10
592:             ls$residencia/paleao
593: 
594:       cas$c1735.16/6/6/1735/fol.378/local__igreja de sao tiago/celebrante__vigario manuel rodrigues
595: 
596: cas$c1735.16
596:          noivo$jose da silva/id=c1735.16-per1
597:             ls$residencia/corujeira
598: 
599:          pnoivo$manuel jorge corujeiro/id=c1735.16-per2
600:             ls$residencia/corujeira
601: 
602:          mnoivo$sebastiana da silva/id=c1735.16-per3
603: 
604:          noiva$josefa dos santos/id=c1735.16-per4
605:             ls$residencia/casal dos feijoes
606: 
607:          pnoiva$antonio da gante/id=c1735.16-per5
608:             ls$residencia/casal dos feijoes
609: 
610:          mnoiva$mariana galvoa/id=c1735.16-per6
611:             ls$morta/antes
612: 
613:          test$joao gaspar/id=c1735.16-per7
614:             ls$profissao/padre
615:             ls$residencia/soure
616: 
617:          test$manuel rodrigues alvaro/id=c1735.16-per8
618:             ls$profissao/padre
619:             ls$cargo/tesoureiro
620:             ls$residencia/soure
621: 
622:          test$luis manhos/id=c1735.16-per9
623:             ls$cargo/capitao
624:             ls$residencia/soure
625: 
626:          test$antonio alves ribeiro/id=c1735.16-per10
627:             ls$residencia/soure
628: 
629:       cas$c1735.17/9/6/1735/fol.378v-379/local__igreja de sao tiago/celebrante__vigario manuel rodrigues
630: 
631: cas$c1735.17
631:          noivo$luis da costa/id=c1735.17-per1
632:             ls$residencia/casa velha
633: 
634:          pnoivo$jose nunes/id=c1735.17-per2
635:             ls$residencia/casa velha
636: 
637:          mnoivo$mariana da costa/id=c1735.17-per3
638: 
639:          noiva$antonia da costa/id=c1735.17-per4
640:             ls$residencia/casa velha
641: 
642:          pnoiva$manuel da costa/id=c1735.17-per5
643:             ls$residencia/casa velha
644: 
645:          mnoiva$antonia francisca/id=c1735.17-per6
646: 
647:          test$manuel da costa madeira/id=c1735.17-per7
648:             ls$residencia/casa velha
649: 
650:          test$manuel nunes/id=c1735.17-per8
651:             ls$residencia/casa velha
652: 
653:          test$manuel lopes/id=c1735.17-per9
654:             ls$residencia/casa velha
655: 
656:          test$antonio jorge/id=c1735.17-per10
657:             ls$residencia/casa velha
658: 
659:       cas$c1735.18/12/6/1735/fol.379/local__igreja de sao tiago/celebrante__vigario manuel rodrigues
660: 
661: cas$c1735.18
661:          noivo$tomas rodrigues/id=c1735.18-per1
662:             ls$residencia/portela
663: 
664:          pnoivo$joao rodrigues galiao/id=c1735.18-per2
665:             ls$residencia/portela
666: 
667:          mnoivo$maria de sao miguel/id=c1735.18-per3
668: 
669:          noiva$felipa domingues/id=c1735.18-per4
670:             ls$residencia/cavaleiros
671: 
672:          pnoiva$jose domingues/id=c1735.18-per5
673:             ls$residencia/cavaleiros
674: 
675:          mnoiva$maria joao/id=c1735.18-per6
676: 
677:          test$francisco simoes/id=c1735.18-per7
678:             ls$residencia/cavaleiros
679: 
680:          test$francisco ferreira/id=c1735.18-per8
681:             ls$residencia/oureca
682: 
683:          test$francisco ferreira/id=c1735.18-per9
684:             ls$residencia/portela
685: 
686:          test$manuel rodrigues alvaro/id=c1735.18-per10
687:             ls$profissao/padre
688:             ls$residencia/soure
689: 
690:       cas$c1735.19/19/6/1735/fol.379/local__igreja de sao tiago/celebrante__vigario manuel rodrigues
691: 
692: cas$c1735.19
692:          noivo$joao simoes/id=c1735.19-per1
693:             ls$ec/viuvo
694:             ls$residencia/espirito santo
695: 
696:          pnoivo$jose lourenco/id=c1735.19-per2
697:             ls$residencia/espirito santo
698:             ls$morto/antes
699: 
700:          mnoivo$isabel simoes/id=c1735.19-per3
701: 
702:          noiva$ana rodrigues/id=c1735.19-per4
703:             ls$residencia/simoes
704: 
705:          mnoiva$maria joao/id=c1735.19-per5
706:             ls$alcunha/a galega
707:             ls$ec/solteira
708:             ls$residencia/simoes
709: 
710:          mulher1$maria francisca/id=c1735.19-per6
711:             ls$residencia/quinta da cruz
712: 
713:          pmulher1$domingos luis/id=c1735.19-per7
714:             ls$residencia/quinta da cruz
715: 
716:          mmulher1$francisca ferreira/id=c1735.19-per8
717:             ls$morta/antes
718: 
719:          test$manuel goncalves/id=c1735.19-per9
720:             ls$residencia/quinta da cruz
721: 
722:          test$manuel rodrigues/id=c1735.19-per10
723:             ls$ec/solteiro
724:             ls$residencia/quinta da cruz
725: 
726:          test$luis lourenco/id=c1735.19-per11
727:             ls$residencia/simoes
728: 
729:          test$domingos da silva/id=c1735.19-per12
730:             ls$residencia/simoes
731: 
732:       cas$c1735.20/26/6/1735/fol.379v/local__ermida de sao sebastiao no mogadouro/celebrante__vigario manuel rodrigues
733: 
734: cas$c1735.20
734:          noivo$domingos coelho/id=c1735.20-per1
735:             ls$residencia/bonitos
736: 
737:          pnoivo$antonio coelho/id=c1735.20-per2
738:             ls$residencia/bonitos
739: 
740:          mnoivo$isabel domingues/id=c1735.20-per3
741:             ls$morta/antes
742: 
743:          noiva$josefa maria/id=c1735.20-per4
744:             ls$residencia/simoes
745: 
746:          pnoiva$manuel domingues/id=c1735.20-per5
747:             ls$residencia/simoes
748: 
749:          mnoiva$ana joao/id=c1735.20-per6
750: 
751:          test$manuel mendes/id=c1735.20-per7
752:             ls$residencia/bonitos
753: 
754:          test$diogo lourenco/id=c1735.20-per8
755:             ls$residencia/bonitos
756: 
757:          test$manuel goncalves branco/id=c1735.20-per9
758:             ls$residencia/mogadouro
759: 
760:          test$mateus carvalho/id=c1735.20-per10
761:             ls$residencia/mogadouro
762: 
763:       cas$c1735.21/27/6/1735/fol.379v/local__igreja de sao tiago/celebrante__vigario manuel rodrigues
764: 
765: cas$c1735.21
765:          noivo$manuel goncalves/id=c1735.21-per1
766:             ls$residencia/podengos
767: 
768:          pnoivo$manuel marques/id=c1735.21-per2
769:             ls$residencia/podengos
770: 
771:          mnoivo$catarina goncalves/id=c1735.21-per3
772: 
773:          noiva$maria madeira/id=c1735.21-per4
774:             ls$residencia/lagem
775: 
776:          pnoiva$manuel rodrigues/id=c1735.21-per5
777:             ls$residencia/lagem
778: 
779:          mnoiva$isabel rodrigues/id=c1735.21-per6
780: 
781:          test$manuel domingues/id=c1735.21-per7
782:             ls$residencia/paleao
783: 
784:          test$clemente martins da costa/id=c1735.21-per8
785:             ls$profissao/padre
786:             ls$residencia/pinheiro
787: 
788:          test$gaspar rodrigues/id=c1735.21-per9
789:             ls$residencia/podengos
790: 
791:          test$manuel simoes/id=c1735.21-per10
792:             ls$residencia/podengos
793: 
794:       cas$c1735.22/2/7/1735/fol.379v-380/local__igreja da misericordia/celebrante__capelao sebastiao ferreira/obs=os noivos tem consanguinidade em quarto grau
795: 
796: cas$c1735.22
796:          noivo$manuel rodrigues/id=1735-c22-manuel
797:             ls$residencia/cavaleiros
798: 
799:          pnoivo$domingos rodrigues jarelo/id=c1735.22-per1
800:             ls$residencia/cavaleiros
801: 
802:          mnoivo$josefa francisca/id=c1735.22-per2
803: 
804:          noiva$isabel rodrigues/id=c1735.22-per3
805:             ls$residencia/quinta da telhada
806:             rel$parentesco/consanguinidade de quarto grau/manuel rodrigues/1735-c22-manuel
807: 
808:          pnoiva$manuel domingues/id=c1735.22-per4
809:             ls$residencia/quinta da telhada
810: 
811:          mnoiva$maria madeira/id=c1735.22-per5
812: 
813:          test$manuel homem de quadros/id=1735-c22-homem
814:             ls$residencia/soure
815: 
816:          test$pedro fabiao da silva/id=c1735.22-per6
817:             ls$residencia/soure
818:             rel$parentesco/irmao/manuel homem de quadros/1735-c22-homem
819: 
820:          test$mateus domingues/id=c1735.22-per7
821:             ls$residencia/oureca
822: 
823:          test$manuel domingues/id=c1735.22-per8
824:             ls$residencia/casal do marco
825:             ls$freguesia/ega
826: 
827:       cas$c1735.23/3/7/1735/fol.380/local__igreja de sao tiago/celebrante__vigario manuel rodrigues
828: 
829: cas$c1735.23
829:          noivo$jacinto ferreira/id=c1735.23-per1
830:             ls$residencia/casal do rei
831: 
832:          pnoivo$joao ferreira/id=c1735.23-per2
833:             ls$residencia/casal do rei
834:             ls$morto/antes
835: 
836:          mnoivo$maria rodrigues/id=c1735.23-per3
837:             ls$morta/antes
838: 
839:          noiva$maria isabel/id=c1735.23-per4
840:             ls$residencia/melrical
841: 
842:          pnoiva$domingos goncalves/id=c1735.23-per5
843:             ls$residencia/melrical
844: 
845:          mnoiva$isabel rodrigues/id=c1735.23-per6
846: 
847:          test$gabriel colaco/id=c1735.23-per7
848:             ls$profissao/padre
849:             ls$residencia/casal do rei
850: 
851:          test$joao colaco/id=c1735.23-per8
852:             ls$residencia/casal do rei
853: 
854:          test$manuel rodrigues camorro/id=c1735.23-per9
855:             ls$residencia/casal do rei
856: 
857:          test$antonio ferreira/id=c1735.23-per10
858:             ls$residencia/casal do rei
859: 
860:       cas$c1735.24/10/7/1735/fol.380/local__igreja de sao tiago/celebrante__vigario manuel rodrigues
861: 
862: cas$c1735.24
862:          noivo$manuel luis/id=c1735.24-per1
863:             ls$ec/viuvo
864:             ls$residencia/casal da fogueira
865: 
866:          pnoivo$manuel luis/id=c1735.24-per2
867:             ls$residencia/casal da fogueira
868:             ls$morto/antes
869: 
870:          mnoivo$isabel martins/id=c1735.24-per3
871:             ls$morta/antes
872: 
873:          noiva$maria martins/id=c1735.24-per4
874:             ls$residencia/venda nova
875: 
876:          pnoiva$joao martins/id=c1735.24-per5
877:             ls$residencia/venda nova
878:             ls$morto/antes
879: 
880:          mnoiva$maria/id=c1735.24-per6
881:             ls$morta/antes
882: 
883:          mulher1$madalena joao/id=c1735.24-per7
884:             ls$residencia/laranjeira
885:             ls$freguesia/tapeus
886: 
887:          pmulher1$manuel pires/id=c1735.24-per8
888:             ls$residencia/laranjeira
889:             ls$freguesia/tapeus
890:             ls$morto/antes
891: 
892:          mmulher1$maria joao/id=c1735.24-per9
893:             ls$morta/antes
894: 
895:          test$manuel da silva/id=c1735.24-per10
896:             ls$residencia/fogueira
897: 
898:          test$antonio domingues/id=c1735.24-per11
899:             ls$residencia/venda nova
900: 
901:          test$manuel simoes/id=c1735.24-per12
902:             ls$residencia/presa
903: 
904:          test$manuel rodrigues alvaro/id=c1735.24-per13
905:             ls$profissao/padre
906:             ls$residencia/soure
907: 
908:       cas$c1735.25/1/8/1735/fol.340v/local__igreja de sao tiago/celebrante__vigario manuel rodrigues
909: 
910: cas$c1735.25
910:          noivo$silvestre rodrigues da gante/id=c1735.25-per1
911:             ls$residencia/casal dos feijoes
912: 
913:          pnoivo$antonio rodrigues da gante/id=c1735.25-per2
914:             ls$residencia/casal dos feijoes
915: 
916:          mnoivo$mariana galvoa/id=c1735.25-per3
917:             ls$morta/antes
918: 
919:          noiva$caetana maria/id=c1735.25-per4
920:             ls$residencia/corujeira
921: 
922:          pnoiva$manuel jorge/id=c1735.25-per5
923:             ls$residencia/corujeira
924: 
925:          mnoiva$sebastiana da silva/id=c1735.25-per6
926: 
927:          test$joao de deus/id=c1735.25-per7
928:             ls$profissao/padre
929:             ls$residencia/soure
930: 
931:          test$jose da costa/id=c1735.25-per8
932:             ls$residencia/soure
933: 
934:          test$antonio alves ribeiro/id=c1735.25-per9
935:             ls$residencia/soure
936: 
937:          test$jacinto vieira de carvalho/id=c1735.25-per10
938:             ls$residencia/soure
939: 
940:       cas$c1735.26/7/8/1735/fol.340v/local__igreja de sao tiago/celebrante__vigario manuel rodrigues
941: 
942: cas$c1735.26
942:          noivo$manuel rodrigues/id=c1735.26-per1
943:             ls$residencia/simoes
944: 
945:          pnoivo$joao rodrigues/id=c1735.26-per2
946:             ls$residencia/simoes
947: 
948:          mnoivo$mariana rodrigues/id=c1735.26-per3
949: 
950:          noiva$antonia da silva/id=c1735.26-per4
951:             ls$residencia/simoes
952: 
953:          pnoiva$antonio lopes/id=c1735.26-per5
954:             ls$residencia/simoes
955: 
956:          mnoiva$ana da silva/id=c1735.26-per6
957: 
958:          test$antonio jorge/id=c1735.26-per7
959:             ls$residencia/simoes
960: 
961:          test$jose pereira/id=c1735.26-per8
962:             ls$residencia/sao mateus
963: 
964:          test$manuel rodrigues alvaro/id=1735-c26-manuel
965:             ls$profissao/padre
966:             ls$residencia/soure
967: 
968:          test$luis jorge/id=c1735.26-per9
969:             ls$ec/solteiro
970:             ls$residencia/soure
971:             rel$parentesco/sobrinho/manuel rodrigues alvaro/1735-c26-manuel
972: 
973:       cas$c1735.27/8/8/1735/fol.340v-341/local__igreja de sao tiago/celebrante__vigario manuel rodrigues
974: 
975: cas$c1735.27
975:          noivo$antonio rodrigues/id=c1735.27-per1
976:             ls$residencia/sobral
977: 
978:          pnoivo$manuel vaz leao/id=c1735.27-per2
979:             ls$residencia/sobral
980:             ls$morto/antes
981: 
982:          mnoivo$maria joao/id=c1735.27-per3
983:             ls$morta/antes
984: 
985:          noiva$maria henriques/id=c1735.27-per4
986:             ls$residencia/sobral
987: 
988:          pnoiva$joao henriques de carvalho/id=c1735.27-per5
989:             ls$residencia/sobral
990: 
991:          mnoiva$esperanca rodrigues/id=c1735.27-per6
992: 
993:          test$joao da cunha de eca/id=c1735.27-per7
994:             ls$residencia/sobral
995: 
996:          test$domingos jorge/id=c1735.27-per8
997:             ls$residencia/sobral
998: 
999:          test$manuel dias/id=c1735.27-per9
1000:             ls$residencia/sobral
1001: 
1002:          test$manuel rodrigues vaz/id=c1735.27-per10
1003:             ls$residencia/casal da venda
1004: 
1005:       cas$c1735.28/15/8/1735/fol.341/local__igreja de sao tiago/celebrante__vigario manuel rodrigues
1006: 
1007: cas$c1735.28
1007:          noivo$sebastiao vaz/id=c1735.28-per1
1008:             ls$residencia/pouca pena
1009: 
1010:          pnoivo$antonio vaz/id=c1735.28-per2
1011:             ls$residencia/pouca pena
1012: 
1013:          mnoivo$francisca goncalves/id=c1735.28-per3
1014: 
1015:          noiva$maria joao/id=c1735.28-per4
1016:             ls$residencia/pouca pena
1017: 
1018:          pnoiva$domingos joao/id=c1735.28-per5
1019:             ls$residencia/pouca pena
1020: 
1021:          mnoiva$madalena joao/id=c1735.28-per6
1022: 
1023:          test$manuel rodrigues remedio/id=c1735.28-per7
1024:             ls$residencia/pouca pena
1025: 
1026:          test$antonio dias godinho/id=c1735.28-per8
1027:             ls$residencia/pouca pena
1028: 
1029:          test$jose goncalves/id=c1735.28-per9
1030:             ls$residencia/melrical
1031: 
1032:          test$domingos goncalves/id=c1735.28-per10
1033:             ls$residencia/melrical
1034: 
1035:       cas$c1735.29/16/8/1735/fol.341/local__ermida de sao sebastiao em porto coelheiro/celebrante__padre manuel rodrigues alvaro
1036: 
1037: cas$c1735.29
1037:          noivo$manuel carvalho sousa/id=c1735.29-per1
1038:             ls$residencia/mogadouro
1039: 
1040:          pnoivo$francisco carvalho/id=c1735.29-per2
1041:             ls$residencia/mogadouro
1042:             ls$morto/antes
1043: 
1044:          mnoivo$ana madeira/id=c1735.29-per3
1045:             ls$morta/antes
1046: 
1047:          noiva$antonia da silva/id=c1735.29-per4
1048:             ls$residencia/porto coelheiro
1049: 
1050:          pnoiva$simao joao/id=c1735.29-per5
1051:             ls$residencia/porto coelheiro
1052: 
1053:          mnoiva$isabel da silva/id=c1735.29-per6
1054: 
1055:          test$silvestre joao/id=c1735.29-per7
1056:             ls$profissao/padre
1057:             ls$residencia/carvalheira de cima
1058: 
1059:          test$manuel rodrigues calhau/id=c1735.29-per8
1060:             ls$alcunha/o moco
1061:             ls$residencia/porto coelheiro
1062: 
1063:          test$manuel rodrigues calhau/id=c1735.29-per9
1064:             ls$alcunha/o velho
1065:             ls$residencia/porto coelheiro
1066: 
1067:          test$manuel lourenco/id=c1735.29-per10
1068:             ls$residencia/porto coelheiro
1069: 
1070:       cas$c1735.30/29/8/1735/fol.341v/local__igreja de sao tiago/celebrante__vigario manuel rodrigues
1071: 
1072: cas$c1735.30
1072:          noivo$antonio francisco/id=c1735.30-per1
1073:             ls$residencia/casa velha
1074: 
1075:          pnoivo$joao francisco/id=c1735.30-per2
1076:             ls$residencia/casa velha
1077: 
1078:          mnoivo$maria das neves/id=c1735.30-per3
1079: 
1080:          noiva$maria nunes/id=c1735.30-per4
1081:             ls$residencia/casa velha
1082: 
1083:          pnoiva$jose nunes/id=c1735.30-per5
1084:             ls$residencia/casa velha
1085: 
1086:          mnoiva$mariana da costa/id=c1735.30-per6
1087: 
1088:          test$manuel nunes/id=c1735.30-per7
1089:             ls$residencia/casa velha
1090: 
1091:          test$diogo da costa/id=c1735.30-per8
1092:             ls$residencia/casa velha
1093: 
1094:          test$jose rodrigues tome/id=1735-c30-jose
1095:             ls$residencia/casa velha
1096: 
1097:          test$manuel/id=c1735.30-per9
1098:             ls$ec/solteiro
1099:             ls$residencia/casa velha
1100:             rel$parentesco/filho/jose rodrigues tome/1735-c30-jose
1101: 
1102:       cas$c1735.31/29/8/1735/fol.382/local__igreja de sao tiago/celebrante__vigario manuel rodrigues
1103: 
1104: cas$c1735.31
1104:          noivo$manuel gaspar/id=c1735.31-per1
1105:             ls$residencia/alencarce de cima
1106: 
1107:          pnoivo$gaspar rodrigues/id=c1735.31-per2
1108:             ls$residencia/alencarce de cima
1109:             ls$morto/antes
1110: 
1111:          mnoivo$apolonia manuel/id=c1735.31-per3
1112: 
1113:          noiva$isabel jorge/id=c1735.31-per4
1114:             ls$residencia/casal do malvado
1115: 
1116:          pnoiva$joao francisco/id=c1735.31-per5
1117:             ls$residencia/casal do malvado
1118: 
1119:          mnoiva$maria mateus/id=c1735.31-per6
1120: 
1121:          test$antonio rodrigues/id=c1735.31-per7
1122:             ls$residencia/alencarce de cima
1123: 
1124:          test$domingos simoes/id=c1735.31-per8
1125:             ls$residencia/presa
1126: 
1127:          test$manuel domingues/id=c1735.31-per9
1128:             ls$residencia/casal do malvado
1129: 
1130:          test$silvestre joao/id=c1735.31-per10
1131:             ls$profissao/padre
1132:             ls$residencia/carvalheira de cima
1133: 
1134:       cas$c1735.32/5/9/1735/fol.381v-382/local__igreja de sao tiago/celebrante__vigario manuel rodrigues
1135: 
1136: cas$c1735.32
1136:          noivo$antonio simoes/id=c1735.32-per1
1137:             ls$residencia
1138: 

ERROR: cas1735.cli line 1138 ** Error: missing element(s) in ls(att-382) must have: valor
Near line: 1138 
Near line: 1139          pnoivo$manuel luis/id=c1735.32-per2

1139:          pnoivo$manuel luis/id=c1735.32-per2
1140:             ls$residencia/sao mateus
1141:             ls$morto/antes
1142: 
1143:          mnoivo$isabel simoes/id=c1735.32-per3
1144:             ls$morta/antes
1145: 
1146:          noiva$luisa maria/id=c1735.32-per4
1147:             ls$residencia/barril
1148: 
1149:          pnoiva$manuel rodrigues feijao/id=c1735.32-per5
1150:             ls$residencia/barril
1151:             ls$morto/antes
1152: 
1153:          mnoiva$domingas esteves/id=c1735.32-per6
1154:             ls$morta/antes
1155: 
1156:          test$jacinto vieira de carvalho/id=c1735.32-per7
1157:             ls$residencia/soure
1158: 
1159:          test$domingos rodrigues tribelo/id=c1735.32-per8
1160:             ls$residencia/sao mateus
1161: 
1162:          test$sebastiao rodrigues/id=c1735.32-per9
1163:             ls$residencia/sao mateus
1164: 
1165:          test$manuel rodrigues/id=c1735.32-per10
1166:             ls$residencia/sao mateus
1167: 
1168:       cas$c1735.33/5/9/1735/fol.382/local__igreja de sao tiago/celebrante__vigario manuel rodrigues
1169: 
1170: cas$c1735.33
1170:          noivo$andre marques garizo/id=c1735.33-per1
1171:             ls$residencia/vila nova de ancos
1172: 
1173:          pnoivo$francisco marques/id=c1735.33-per2
1174:             ls$residencia/vila nova de ancos
1175: 
1176:          mnoivo$francisca gariza/id=c1735.33-per3
1177: 
1178:          noiva$isabel francisca/id=c1735.33-per4
1179:             ls$residencia/poucapena
1180: 
1181:          pnoiva$francisco dias godinho/id=c1735.33-per5
1182:             ls$residencia/poucapena
1183: 
1184:          mnoiva$mariana francisca/id=c1735.33-per6
1185: 
1186:          test$antonio garizo/id=c1735.33-per7
1187:             ls$residencia/vila nova e ancos
1188: 
1189:          test$manuel cardoso maduro/id=c1735.33-per8
1190:             ls$residencia/vila nova e ancos
1191: 
1192:          test$antonio vaz/id=c1735.33-per9
1193:             ls$residencia/poucapena
1194: 
1195:          test$simao vaz/id=c1735.33-per10
1196:             ls$residencia/poucapena
1197: 
1198:       cas$c1735.34/5/9/175/fol.382/local__igreja de sao tiago/celebrante__vigario manuel rodrigues
1199: 
1200: cas$c1735.34
1200:          noivo$manuel marques garizo/id=c1735.34-per1
1201:             ls$residencia/vila nova de ancos
1202: 
1203:          pnoivo$francisco marques/id=c1735.34-per2
1204:             ls$residencia/vila nova de ancos
1205: 
1206:          mnoivo$francisca gariza/id=c1735.34-per3
1207: 
1208:          noiva$serafina francisca/id=c1735.34-per4
1209:             ls$residencia/pouca pena
1210: 
1211:          pnoiva$francisco dias godinho/id=c1735.34-per5
1212:             ls$residencia/pouca pena
1213: 
1214:          mnoiva$mariana francisca/id=c1735.34-per6
1215: 
1216:          test$manuel de carvalhal morais/id=c1735.34-per7
1217:             ls$profissao/padre
1218:             ls$residencia/vila nova de ancos
1219: 
1220:          test$manuel garizo/id=c1735.34-per8
1221:             ls$profissao/padre
1222:             ls$residencia/vila nova de ancos
1223: 
1224:          test$domingos joao/id=c1735.34-per9
1225:             ls$residencia/pouca pena
1226: 
1227:          test$manuel rodrigues remedio/id=c1735.34-per10
1228:             ls$residencia/pouca pena
1229: 
1230:       cas$c1735.35/5/9/1735/fol.382/local__igreja de sao tiago/celebrante__vigario manuel rodrigues
1231: 
1232: cas$c1735.35
1232:          noivo$francisco da silva/id=c1735.35-per1
1233:             ls$residencia/vale de nabal
1234:             ls$freguesia/almagreira
1235: 
1236:          pnoivo$antonio marques/id=c1735.35-per2
1237:             ls$residencia/vale de nabal
1238:             ls$freguesia/almagreira
1239: 
1240:          mnoivo$antonia simoes/id=c1735.35-per3
1241: 
1242:          noiva$domingas jorge/id=c1735.35-per4
1243:             ls$residencia/marzagao
1244: 
1245:          pnoiva$manuel rodrigues sereno/id=c1735.35-per5
1246:             ls$residencia/marzagao
1247: 
1248:          mnoiva$domingas jorge/id=c1735.35-per6
1249: 
1250:          test$jose duarte/id=c1735.35-per7
1251:             ls$residencia/sobral
1252: 
1253:          test$jose simoes/id=c1735.35-per8
1254:             ls$residencia/vale do nabal
1255: 
1256:          test$sebastiao joao/id=c1735.35-per9
1257:             ls$residencia/vale do nabal
1258: 
1259:          test$antinio marques/id=c1735.35-per10
1260:             ls$alcunha/o moco
1261:             ls$residencia/vale do nabal
1262: 
1263:       cas$c1735.36/8/10/1735/fol.382v/local__igreja de sao tiago/celebrante__vigario manuel rodrigues/obs=os noivos tem quarto grau de consanguinidade
1264: 
1265: cas$c1735.36
1265:          noivo$jose carvalho/id=1735-c36-jose
1266:             ls$residencia/casal das brancas
1267: 
1268:          pnoivo$jose carvalho/id=c1735.36-per1
1269:             ls$residencia/casal das brancas
1270: 
1271:          mnoivo$isabel simoes/id=c1735.36-per2
1272: 
1273:          noiva$isabel pereira/id=c1735.36-per3
1274:             ls$residencia/casal de galinhas
1275: 
1276:          pnoiva$joao pereira/id=c1735.36-per4
1277:             ls$residencia/casal de galinhas
1278: 
1279:          mnoiva$antonia jorge/id=c1735.36-per5
1280: 
1281:          test$joao pereira/id=c1735.36-per6
1282:             ls$residencia/casal de galinhas
1283: 
1284:          test$manuel pereira/id=1735-c36-manuel
1285:             ls$residencia/casal das brancas
1286: 
1287:          test$maria simoes/id=c1735.36-per7
1288:             ls$residencia/casal das brancas
1289:             rel$parentesco/mulher/manuel pereira/1735-c36-manuel
1290: 
1291:          test$manuel carvalho/id=c1735.36-per8
1292:             ls$residencia/casal do rei
1293: 
1294:       cas$c1735.37/12/9/1735/fol.382/local__igreja de sao tiago/celebrante__vigario manuel rodrigues
1295: 
1296: cas$c1735.37
1296:          noivo$manuel correia da silva/id=c1735.37-per1
1297:             ls$residencia/soure
1298: 
1299:          pnoivo$jacinto da silva/id=c1735.37-per2
1300:             ls$residencia/soure
1301: 
1302:          mnoivo$maria pereira/id=c1735.37-per3
1303: 
1304:          noiva$mariana antonia/id=c1735.37-per4
1305:             ls$residencia/casa velha
1306: 
1307:          pnoiva$jose rodrigues lontro/id=c1735.37-per5
1308:             ls$residencia/casa velha
1309: 
1310:          mnoiva$catarina gomes/id=c1735.37-per6
1311: 
1312:          test$jacinto vieira de carvalho/id=c1735.37-per7
1313:             ls$residencia/soure
1314: 
1315:          test$joao pinheiro/id=c1735.37-per8
1316:             ls$residencia/soure
1317: 
1318:          test$antonio rodrigues nabarro/id=c1735.37-per9
1319:             ls$residencia/casa velha
1320: 
1321:          test$manuel rodrigues tome/id=c1735.37-per10
1322:             ls$ec/solteiro
1323:             ls$residencia/casa velha
1324: 
1325:       cas$c1735.38/3/10/1735/fol.384/local__igreja de sao tiago/celebrante__vigario manuel rodrigues
1326: 
1327: cas$c1735.38
1327:          noivo$domingos simoes/id=c1735.38-per1
1328:             ls$residencia/alencarce de cima
1329: 
1330:          pnoivo$domingos simoes/id=c1735.38-per2
1331:             ls$residencia/alencarce de cima
1332:             ls$morto/antes
1333: 
1334:          mnoivo$catarina francisca/id=c1735.38-per3
1335: 
1336:          noiva$josefa antunes/id=c1735.38-per4
1337:             ls$residencia/alencarce de cima
1338: 
1339:          pnoiva$jose rodrigues/id=c1735.38-per5
1340:             ls$residencia/alencarce de cima
1341: 
1342:          mnoiva$maria mateus/id=c1735.38-per6
1343: 
1344:          test$manuel soares coelho/id=c1735.38-per7
1345:             ls$residencia/soure
1346: 
1347:          test$manuel rodrigues alvaro/id=c1735.38-per8
1348:             ls$profissao/padre
1349:             ls$residencia/soure
1350: 
1351:          test$manuel rodrigues ruivo/id=c1735.38-per9
1352:             ls$residencia/alencarce de cima
1353: 
1354:          test$manuel rodrigues gingrote/id=c1735.38-per10
1355:             ls$residencia/alencarce de cima
1356: 
1357:       cas$c1735.39/3/10/1735/fol.384/local__igreja de sao tiago/celebrante__vigario manuel rodrigues
1358: 
1359: cas$c1735.39
1359:          noivo$jose simoes/id=c1735.39-per1
1360:             ls$residencia/alencarce de cima
1361: 
1362:          pnoivo$domingos simoes/id=c1735.39-per2
1363:             ls$residencia/alencarce de cima
1364:             ls$morto/antes
1365: 
1366:          mnoivo$catarina francisca/id=c1735.39-per3
1367: 
1368:          noiva$maria simoes/id=c1735.39-per4
1369:             ls$residencia/alencarce de cima
1370: 
1371:          pnoiva$mateus simoes/id=c1735.39-per5
1372:             ls$residencia/alencarce de cima
1373: 
1374:          mnoiva$maria simoes/id=c1735.39-per6
1375: 
1376:          test$antonio rodrigues maravilhoso/id=c1735.39-per7
1377:             ls$residencia/alencarce de cima
1378: 
1379:          test$manuel rodrigues gingrote/id=c1735.39-per8
1380:             ls$residencia/alencarce de cima
1381: 
1382:          test$jose simoes/id=c1735.39-per9
1383:             ls$ec/viuvo
1384:             ls$residencia/presa
1385: 
1386:          test$domingods simoes/id=c1735.39-per10
1387:             ls$residencia/presa
1388: 
1389:       cas$c1735.40/4/10/1735/fol.384/local__igreja de sao tiago/celebrante__vigario manuel rodrigues
1390: 
1391: cas$c1735.40
1391:          noivo$jose das neves/id=c1735.40-per1
1392:             ls$residencia/aldeia dos redondos
1393:             ls$freguesia/sao martinho da vila de pombal
1394: 
1395:          pnoivo$manuel das neves/id=c1735.40-per2
1396:             ls$residencia/aldeia dos redondos
1397:             ls$freguesia/sao martinho da vila de pombal
1398: 
1399:          mnoivo$maria dos santos/id=c1735.40-per3
1400: 
1401:          noiva$maria domingues/id=c1735.40-per4
1402:             ls$residencia/paleao
1403: 
1404:          pnoiva$joao domingues/id=c1735.40-per5
1405:             ls$residencia/paleao
1406: 
1407:          mnoiva$maria leoa/id=c1735.40-per6
1408: 
1409:          test$manuel domingues/id=c1735.40-per7
1410:             ls$residencia/paleao
1411: 
1412:          test$matias gomes/id=c1735.40-per8
1413:             ls$residencia/paleao
1414: 
1415:          test$bartolomeu de almeida/id=c1735.40-per9
1416:             ls$residencia/paleao
1417: 
1418:          test$jose carvalho/id=c1735.40-per10
1419:             ls$residencia/porto panelas
1420: 
1421:       cas$c1735.41/17/10/1735/fol.384v/local__igreja de sao tiago/celebrante__vigario manuel rodrigues
1422: 
1423: cas$c1735.41
1423:          noivo$manuel martins/id=c1735.41-per1
1424:             ls$residencia/laranjeira
1425:             ls$freguesia/tapeus
1426: 
1427:          pnoivo$diogo duarte/id=c1735.41-per2
1428:             ls$residencia/laranjeira
1429:             ls$freguesia/tapeus
1430: 
1431:          mnoivo$maria martins/id=c1735.41-per3
1432: 
1433:          noiva$isabel joao/id=c1735.41-per4
1434:             ls$residencia/casconho
1435: 
1436:          pnoiva$antonio joao/id=c1735.41-per5
1437:             ls$residencia/casconho
1438: 
1439:          mnoiva$maria joao/id=c1735.41-per6
1440:             ls$morta/antes
1441: 
1442:          test$pedro francisco/id=c1735.41-per7
1443:             ls$residencia/casconho
1444: 
1445:          test$manuel joao/id=c1735.41-per8
1446:             ls$residencia/casconho
1447: 
1448:          test$domingos simoes/id=c1735.41-per9
1449:             ls$residencia/casconho
1450: 
1451:          test$manuel joao/id=c1735.41-per10
1452:             ls$alcunha/o moco
1453:             ls$residencia/casconho
1454: 
1455:       cas$c1735.42/7/11/1735/fol.384v/local__ermida de sao miguel em sobral/celebrante__padre jose mendes
1456: 
1457: cas$c1735.42
1457:          noivo$luis francisco/id=c1735.42-per1
1458:             ls$residencia/casalinhos
1459: 
1460:          pnoivo$manuel joao/id=c1735.42-per2
1461:             ls$residencia/casalinhos
1462: 
1463:          mnoivo$isabel mendes/id=c1735.42-per3
1464: 
1465:          noiva$maria domingues/id=c1735.42-per4
1466:             ls$residencia/sobral
1467: 
1468:          pnoiva$miguel rodrigues/id=c1735.42-per5
1469:             ls$residencia/sobral
1470: 
1471:          mnoiva$maria domingues/id=c1735.42-per6
1472:             ls$morta/antes
1473: 
1474:          test$joao francisco/id=c1735.42-per7
1475:             ls$ec/solteiro
1476:             ls$profissao/feitor
1477:             ls$residencia/quinta de sao tome
1478: 
1479:          test$manuel simoes/id=c1735.42-per8
1480:             ls$residencia/casalinhos
1481: 
1482:          test$manuel da fonseca/id=c1735.42-per9
1483:             ls$residencia/casalinhos
1484: 
1485:          test$jose rodrigues jorge/id=c1735.42-per10
1486:             ls$residencia/casal da venda
1487: 
1488:       cas$c1735.43/14/11/1735/fol.385/local__igreja de sao tiago/celebrante__vigario manuel rodrigues/obs=os noivos tem quarto grau de consanguinidade
1489: 
1490: cas$c1735.43
1490:          noivo$manuel goncalves/id=1735-c43-manuel
1491:             ls$residencia/alencarce de baixo
1492: 
1493:          pnoivo$domingos goncalves/id=c1735.43-per1
1494:             ls$residencia/alencarce de baixo
1495: 
1496:          mnoivo$isabel ferreira/id=c1735.43-per2
1497:             ls$morta/antes
1498: 
1499:          noiva$teresa ferreira/id=c1735.43-per3
1500:             ls$residencia/vila nova de ancos
1501:             rel$parentesco/consanguinidade em quarto grau/manuel goncalves/1735-c43-manuel
1502: 
1503:          pnoiva$sebastiao vaz/id=c1735.43-per4
1504:             ls$residencia/vila nova de ancos
1505:             ls$morto/antes
1506: 
1507:          mnoiva$maria ferreira/id=c1735.43-per5
1508: 
1509:          test$sebastiao ferreira/id=c1735.43-per6
1510:             ls$profissao/padre
1511:             ls$residencia/areias
1512: 
1513:          test$domingos antunes/id=c1735.43-per7
1514:             ls$residencia/carvalheira de baixo
1515: 
1516:          test$manuel martins/id=c1735.43-per8
1517:             ls$residencia/carvalheira de baixo
1518: 
1519:          test$manuel goncalves/id=c1735.43-per9
1520:             ls$residencia/carvalheira de baixo
1521: 
1522:       cas$c1735.44/14/11/1735/fol.385/local__igreja de sao tiago/celebrante__vigario manuel rodrigues
1523: 
1524: cas$c1735.44
1524:          noivo$jose fernandes/id=c1735.44-per1
1525:             ls$residencia/casal da venda
1526: 
1527:          pnoivo$joao fernandes/id=c1735.44-per2
1528:             ls$residencia/casal da venda
1529:             ls$morto/antes
1530: 
1531:          mnoivo$teresa rodrigues/id=c1735.44-per3
1532: 
1533:          noiva$domingas rodrigues/id=c1735.44-per4
1534:             ls$residencia/sobral
1535: 
1536:          pnoiva$diogo joao/id=c1735.44-per5
1537:             ls$residencia/sobral
1538:             ls$morto/antes
1539: 
1540:          mnoiva$maria rodrigues/id=c1735.44-per6
1541:             ls$morta/antes
1542: 
1543:          test$jose rodrigues jorge/id=c1735.44-per7
1544:             ls$residencia/casal da venda
1545: 
1546:          test$jose duarte/id=c1735.44-per8
1547:             ls$residencia/sobral
1548: 
1549:          test$joao rodrigues/id=c1735.44-per9
1550:             ls$residencia/casalinhos
1551: 
1552:          test$jeronimo mendes/id=c1735.44-per10
1553:             ls$profissao/barbeiro
1554:             ls$residencia/soure
1555: 
1556:       cas$c1735.45/21/11/1735/fol.385-385v/local__igreja de sao tiago/celebrante__vigario manuel rodrigues
1557: 
1558: cas$c1735.45
1558:          noivo$jose francisco/id=c1735.45-per1
1559:             ls$residencia/almagreira
1560: 
1561:          pnoivo$andre luis/id=c1735.45-per2
1562:             ls$residencia/almagreira
1563:             ls$morto/antes
1564: 
1565:          mnoivo$graca francisca/id=c1735.45-per3
1566: 
1567:          noiva$maria simoes/id=c1735.45-per4
1568:             ls$residencia/sobral
1569: 
1570:          pnoiva$manuel simoes galhardo/id=c1735.45-per5
1571:             ls$residencia/sobral
1572: 
1573:          mnoiva$maria francisca/id=c1735.45-per6
1574: 
1575:          test$joao rodrigues/id=c1735.45-per7
1576:             ls$profissao/soldado
1577:             ls$residencia/sobral
1578: 
1579:          test$manuel jorge/id=c1735.45-per8
1580:             ls$residencia/sobral
1581: 
1582:          test$joao simoes galhardo/id=c1735.45-per9
1583:             ls$ec/solteiro
1584:             ls$residencia/sobral
1585: 
1586:          test$jose rodrigues/id=c1735.45-per10
1587:             ls$residencia/sobral
1588: *** End of File
2  errors. 
0  warnings.
Translation finished.
