ClioInput - version @@VERSION@@ - build @@BUILD@@ @@DATE@@
13-6-2019 22-52

Processing data file cas1725.cli
-------------------------------------------
Generic Act translation module with geoentities (XML).
     Joaquim Ramos de Carvalho (joaquim@uc.pt) 
** New document: kleio
1: kleio$gacto2.str/translations=2
=========================
kleio translation started
=========================
Structure: gacto2.str
Prefix: 
Autorel: 
Translation count: 2
Obs: 
2:    fonte$casamentos 1725/1725/paroquiais/auc/obs=em muito mau estado
3: 
** Processing source fonte$casamentos 1725
4:       cas$c1725.01/8/1/1725/fol.324/local__igreja de sao tiago/celebrante__manuel rodrigues
5: 
6: cas$c1725.01
6:          noivo$joao mendes/id=c1725.01-per1
7:             ls$residencia/paleao
8: 
9:             pnoivo$antonio mendes/id=c1725.01-per2
10:                ls$residencia/paleao
11: 
12:             mnoivo$maria de oliveira/id=c1725.01-per3
13: 
14:          noiva$teresa rodrigues/id=c1725.01-per4
15:             ls$residencia/casconho
16: 
17:             pnoiva$manuel rodrigues/id=c1725.01-per5
18:                ls$residencia/casconho
19:                ls$morto/antes
20: 
21:             mnoiva$maria rodrigues/id=c1725.01-per6
22: 
23:          test$joao gaspar/id=c1725.01-per7
24:             ls$residencia/paleao
25: 
26:          test$jose soares/id=c1725.01-per8
27:             ls$residencia/paleao
28: 
29:          test$manuel goncalves marinho/id=c1725.01-per9
30:             ls$residencia/paleao
31: 
32:          test$manuel gomes ferreira/id=c1725.01-per10
33:             ls$residencia/paleao
34: 
35:       cas$c1725.2/12/1/1725/fol.326/local__igreja de sao tiago/celebrante__manuel rodrigues
36: 
37: cas$c1725.2
37:          noivo$sebastiao rodrigues/id=c1725.2-per1
38:             ls$residencia/sao mateus
39: 
40:             pnoivo$manuel rodrigues formigo/id=c1725.2-per2
41:                ls$residencia/sao mateus
42:                ls$morto/antes
43: 
44:             mnoivo$isabel francisca/id=c1725.2-per3
45: 
46:          noiva$maria francisca/id=c1725.2-per4
47:             ls$residencia/sao mateus
48: 
49:             pnoiva$joao francisco/id=c1725.2-per5
50:                ls$residencia/sao mateus
51: 
52:             mnoiva$isabel rodrigues/id=c1725.2-per6
53: 
54:          test$joao mendes/id=c1725.2-per7
55:             ls$residencia/sao mateus
56: 
57:          test$manuel luis/id=c1725.2-per8
58:             ls$residencia/sao mateus
59: 
60:          test$domingos rodrigues/id=c1725.2-per9
61:             ls$residencia/sao mateus
62: 
63:       cas$c1725.3/18/1/1725/fol.325/local__igreja de sao tiago/celebrante__manuel rodrigues
64: 
65: cas$c1725.3
65:          noivo$antonio goncalves/id=c1725.3-per1
66:             ls$residencia/lousoes
67: 
68:             pnoivo$manuel goncalves/id=c1725.3-per2
69:                ls$residencia/lousoes
70: 
71:             mnoivo$maria simoes/id=c1725.3-per3
72: 
73:          noiva$jacinta rodrigues/id=c1725.3-per4
74:             ls$residencia/casal das brancas
75: 
76:             pnoiva$manuel rodrigues/id=c1725.3-per5
77:                ls$residencia/casal das brancas
78: 
79:             mnoiva$maria antunes/id=c1725.3-per6
80: 
81:          test$manuel vaz/id=c1725.3-per7
82:             ls$residencia/casal das brancas
83: 
84:          test$domingos mateus/id=c1725.3-per8
85:             ls$residencia/casal das brancas
86: 
87:          test$luis goncalves de moreira/id=c1725.3-per9
88:             ls$residencia/casal novo
89: 
90:          test$diogo jorge/id=c1725.3-per10
91:             ls$residencia/casal novo
92: 
93:       cas$c1725.4/30/1/1725/fol.325v/local__igreja de sao tiago/celebrante__manuel rodrigues
94: 
95: cas$c1725.4
95:          noivo$joao rodrigues/id=c1725.4-per1
96:             ls$residencia/vale de figueira/obs=tomar
97: 
98:             pnoivo$francisco rodrigues/id=c1725.4-per2
99:                ls$residencia/vale de figueira
100:                ls$morto/antes
101: 
102:             mnoivo$maria lopes/id=c1725.4-per3
103:                ls$morta/antes
104: 
105:          noiva$maria martins/id=c1725.4-per4
106:             ls$residencia/ quinta mira flores
107: 
108:             pnoiva$manuel martins/id=c1725.4-per5
109:                ls$residencia/quinta mira flores
110: 
111:             mnoiva$natalia rodrigues/id=c1725.4-per6
112: 
113:          test$manuel rodrigues camorro/id=c1725.4-per7
114:             ls$residencia/casal do rei
115: 
116:          test$jose rodrigues/id=c1725.4-per8
117:             ls$profissao/alfaiate
118:             ls$residencia/cavaleiros
119: 
120:          test$manuel duarte/id=c1725.4-per9
121:             ls$titulo/frei
122:             ls$cargo/capelao
123:             ls$residencia/soure
124: 
125:          test$manuel rodrigues alvaro/id=c1725.4-per10
126:             ls$titulo/padre
127:             ls$cargo/tesoureiro
128:             ls$residencia/soure
129: 
130:       cas$c1725.5/5/2/1725/fol.325v/local__igreja de sao tiago/celebrante__manuel rodrigues
131: 
132: cas$c1725.5
132:          noivo$manuel jorge/id=c1725.5-per1
133:             ls$residencia/casa velha
134: 
135:             pnoivo$manuel jorge/id=c1725.5-per2
136:                ls$residencia/casa velha
137:                ls$morto/antes
138: 
139:             mnoivo$maria rodrigues/id=c1725.5-per3
140:                ls$morta/antes
141: 
142:          noiva$maria lopes dos santos/id=c1725.5-per4
143:             ls$residencia/casa velha
144: 
145:             pnoiva$manuel lopes/id=c1725.5-per5
146:                ls$residencia/casa velha
147: 
148:             mnoiva$maria rodrigues/id=c1725.5-per6
149: 
150:          test$lourenco rodrigues/id=c1725.5-per7
151:             ls$residencia/soure
152: 
153:          test$manuel cardoso/id=c1725.5-per8
154:             ls$residencia/soure
155: 
156:          test$manuel pereira/id=c1725.5-per9
157:             ls$residencia/soure
158: 
159:       cas$c1725.6/13/2/1725/fol.326/local__igreja de sao tiago/celebrante__manuel rodrigues
160: 
161: cas$c1725.6
161:          noivo$joao francisco/id=c1725.6-per1
162:             ls$residencia/casal do barril
163: 
164:             pnoivo$joao francisco/id=c1725.6-per2
165:                ls$residencia/casal do barril
166: 
167:             mnoivo$isabel rodrigues/id=c1725.6-per3
168: 
169:          noiva$maria dias/id=c1725.6-per4
170:             ls$naturalidade/lumiar
171:             ls$residencia/casal do barril
172: 
173:             pnoiva$manuel dias/id=c1725.6-per5
174:                ls$residencia/casal do barril
175:                ls$naturalidade/lumiar
176: 
177:             mnoiva$maria gomes/id=c1725.6-per6
178:                ls$morta/antes
179: 
180:          test$joao gaspar/id=c1725.6-per7
181:             ls$residencia/paleao
182: 
183:          test$joao mendes/id=c1725.6-per8
184:             ls$residencia/sao mateus
185: 
186:          test$jose/id=c1725.6-per9
187:             ls$ec/solteiro
188:             rel$parentesco/filho/antonio ferreira/1725-c6-antonio
189:             ls$residencia/mogadouro
190: 
191:          test$mateus cardoso/id=c1725.6-per10
192:             ls$cargo/sacristao
193:             ls$residencia/soure
194: 
195:          referido$antonio ferreira/id=1725-c6-antonio
196: 
197:       cas$c1725.7/26/2/1725/fol.326-326v/local__igreja de sao tiago/celebrante__manuel rodrigues
198: 
199: cas$c1725.7
199:          noivo$mateus francisco/id=c1725.7-per1
200:             ls$residencia/figueiro do campo
201:             ls$ec/viuvo
202: 
203:             pnoivo$manuel francisco/id=c1725.7-per2
204:                ls$residencia/figueiro do campo
205:                ls$morto/antes
206: 
207:             mnoivo$francisca rodrigues/id=c1725.7-per3
208:                ls$morta/antes
209: 
210:             mulher1$maria rodrigues/id=c1725.7-per4
211:                ls$residencia/figuero do campo
212: 
213:                pmulher1$joao rodrigues/id=c1725.7-per5
214:                   ls$residencia/figueiro do campo
215: 
216:                mmulher1$antonia francisca/id=c1725.7-per6
217: 
218:          noiva$maria dos santos/id=c1725.7-per7
219:             ls$residencia/espirito santo
220:             ls$ec/viuva
221: 
222:             pnoiva$ambrosio pimentel/id=c1725.7-per8
223:                ls$residencia/espirito santo
224: 
225:             mnoiva$domingas da conceicao/id=c1725.7-per9
226: 
227:             marido1$manuel ramos/id=c1725.7-per10
228:                ls$residencia/casal do redinho
229: 
230:                pmarido1$francisco ramos/id=c1725.7-per11
231:                   ls$residencia/casal do redinho
232: 
233:                mmarido1$antonia cardosa/id=c1725.7-per12
234:                   ls$morta/antes
235: 
236:          test$manuel de gois/id=c1725.7-per13
237:             ls$residencia/figueiro do campo
238: 
239:          test$antonio lopes/id=c1725.7-per14
240:             ls$residencia/figueiro do campo
241: 
242:          test$antonio aires/id=c1725.7-per15
243:             ls$residencia/espirito santo
244: 
245:          test$antonio goncalves/id=c1725.7-per16
246:             ls$residencia/assamassa
247: 
248:       cas$c1725.8/5/3/1725/fol.326v/local__igreja de sao tiago/celebrante__manuel rodrigues
249: 
250: cas$c1725.8
250:          noivo$joao afonso/id=c1725.8-per1
251:             ls$residencia/paleao
252: 
253:             pnoivo$mateus jorge/id=c1725.8-per2
254:                ls$residencia/paleao
255:                ls$morto/antes
256: 
257:             mnoivo$maria afonsa/id=c1725.8-per3
258: 
259:          noiva$teresa joao/id=c1725.8-per4
260:             ls$residencia/paleao
261: 
262:             pnoiva$manuel simoes/id=c1725.8-per5
263:                ls$residencia/paleao
264: 
265:             mnoiva$maria joao/id=c1725.8-per6
266:                ls$profissao/carregadora
267: 
268:          test$manuel gomes ferreira/id=c1725.8-per7
269:             ls$residencia/paleao
270: 
271:          test$joao gomes da cruz/id=c1725.8-per8
272:             ls$residencia/paleao
273: 
274:          test$manuel cardoso/id=c1725.8-per9
275:             ls$residencia/paleao
276: 
277:          test$jose carvalho/id=c1725.8-per10
278:             ls$residencia/porto panelas
279: 
280:       cas$c1725.9/7/3/1725/fol.326v-327/local__igreja de sao tiago/celebrante__manuel rodrigues
281: 
282: cas$c1725.9
282:          noivo$francisco bernardes/id=c1725.9-per1
283:             ls$residencia/paiao
284: 
285:             pnoivo$joao bernardes/id=c1725.9-per2
286:                ls$residencia/paiao
287: 
288:             mnoivo$catarina bernardes/id=c1725.9-per3
289: 
290:          noiva$maria simoes de santana/id=c1725.9-per4
291:             ls$residencia/casal novo
292: 
293:             pnoiva$joao simoes/id=c1725.9-per5
294:                ls$residencia/casal novo
295:                ls$morto/antes
296: 
297:             mnoiva$domingas jorge/id=c1725.9-per6
298:                ls$morta/antes
299: 
300:          test$antonio bernardes/id=c1725.9-per7
301:             ls$residencia/casa velha
302: 
303:          test$jose simoes/id=c1725.9-per8
304:             ls$residencia/casa velha
305: 
306:          test$jose domingues/id=c1725.9-per9
307:             ls$residencia/casal novo
308: 
309:          test$mateus cardoso/id=c1725.9-per10
310:             ls$cargo/sacristao
311:             ls$residencia/soure
312: 
313:       cas$c1725.10/9/4/1725/fol.327/local__igreja de sao tiago/celebrante__manuel rodrigues
314: 
315: cas$c1725.10
315:          noivo$antonio simoes/id=c1725.10-per1
316:             ls$residencia/moinhos da figueirinha/obs=redinha
317: 
318:             pnoivo$domingos simoes/id=c1725.10-per2
319:                ls$residencia/redinha
320:                ls$morto/antes
321: 
322:             mnoivo$madalena joao/id=c1725.10-per3
323:                ls$morta/antes
324: 
325:          noiva$maria joao/id=c1725.10-per4
326:             ls$residencia/casconho
327: 
328:             pnoiva$pedro francisco/id=c1725.10-per5
329:                ls$residencia/casconho
330: 
331:             mnoiva$maria joao/id=c1725.10-per6
332: 
333:          test$manuel domingos/id=c1725.10-per7
334:             ls$residencia/casconho
335: 
336:          test$antonio joao/id=c1725.10-per8
337:             ls$residencia/casconho
338: 
339:          test$jose simoes/id=c1725.10-per9
340:             ls$residencia/presa
341: 
342:          test$lourenco/id=c1725.10-per10
343:             ls$ec/solteiro
344:             rel$parentesco/filho/lourenco rodrigues/1725-c10-lourenco
345:             ls$residencia/porto coelheiro
346: 
347:          referido$lourenco rodrigues/id=1725-c10-lourenco
348: 
349:       cas$c1725.11/11/5/1725/fol.327-327v/local__igreja de sao tiago/celebrante__manuel rodrigues
350: 
351: cas$c1725.11
351:          noivo$manuel carvalho/id=c1725.11-per1
352:             ls$residencia/guerres
353: 
354:             pnoivo$domingos carvalho/id=c1725.11-per2
355:                ls$residencia/guerres
356: 
357:             mnoivo$isabel martins/id=c1725.11-per3
358: 
359:          noiva$maria jorge/id=c1725.11-per4
360:             ls$residencia/casal das branca
361: 
362:             pnoiva$luis cardoso/id=c1725.11-per5
363:                ls$residencia/casal das brancas
364:                ls$morto/antes
365: 
366:             mnoiva$maria jorge/id=c1725.11-per6
367: 
368:          test$manuel vaz/id=c1725.11-per7
369:             ls$residencia/casal das brancas
370: 
371:          test$joao pereira/id=c1725.11-per8
372:             ls$residencia/casal das galinhas
373: 
374:          test$antonio fernandes/id=c1725.11-per9
375:             ls$residencia/casal das galinhas
376: 
377:          test$joao antunes/id=c1725.11-per10
378:             ls$residencia/casal das galinhas
379: 
380:       cas$c1725.12/13/5/1725/fol.327v/local__igreja de nossa senhora de finisterra/celebrante__frei jose rodrigues da paz
381: 
382: cas$c1725.12
382:          noivo$joao rodrigues/id=c1725.12-per1
383:             ls$residencia/moinhos de paleao
384: 
385:             pnoivo$jose rodrigues gante/id=c1725.12-per2
386:                ls$residencia/moinhos de paleao
387: 
388:             mnoivo$antonia gomes/id=c1725.12-per3
389: 
390:          noiva$maria rodrigues/id=c1725.12-per4
391:             ls$residencia/moinhos de paleao
392: 
393:             pnoiva$joao rodrigues/id=c1725.12-per5
394:                ls$residencia/moinhos de paleao
395: 
396:             mnoiva$maria rodrigues/id=c1725.12-per6
397: 
398:          test$joao mendes/id=c1725.12-per7
399:             ls$residencia/sao mateus
400: 
401:          test$joao gaspar/id=c1725.12-per8
402:             ls$residencia/paleao
403: 
404:          test$antonio pereira/id=c1725.12-per9
405:             ls$ec/solteiro
406:             ls$residencia/paleao
407: 
408:          test$roque da conceicao/id=c1725.12-per10
409:             ls$ec/solteiro
410:             ls$residencia/paleao
411: 
412:       cas$c1725.13/27/5/1725/fol.327v-328/local__igreja de sao tiago/celebrante__manuel rodrigues
413: 
414: cas$c1725.13
414:          noivo$jose martins camouco/id=c1725.13-per1
415:             ls$residencia/soure
416: 
417:             pnoivo$antonio martins camouco/id=c1725.13-per2
418:                ls$residencia/soure
419: 
420:             mnoivo$ana simoes/id=c1725.13-per3
421: 
422:             mulher1$susana cardosa/id=c1725.13-per4
423:                ls$residencia/casa velha
424: 
425:                pmulher1$manuel rodrigues/id=c1725.13-per5
426:                   ls$residencia/casa velha
427:                   ls$morto/antes
428: 
429:                mmulher1$maria cardosa/id=c1725.13-per6
430:                   ls$morta/antes
431: 
432:          noiva$isabel joao/id=c1725.13-per7
433:             ls$residencia/venda nova
434: 
435:             pnoiva$antonio vaz/id=c1725.13-per8
436:                ls$residencia/venda nova
437: 
438:             mnoiva$maria joao/id=c1725.13-per9
439: 
440:          test$antonio alves ribeiro/id=c1725.13-per10
441:             ls$residencia/soure
442: 
443:          test$antonio dos santos/id=c1725.13-per11
444:             ls$profissao/cirurgiao
445:             ls$residencia/soure
446: 
447:          test$joao henriques/id=c1725.13-per12
448:             ls$residencia/soure
449: 
450:          test$matias gomes/id=c1725.13-per13
451:             ls$residencia/soure
452: 
453:       cas$c1725.14/16/4/1725/fol.328/local__igreja de sao tiago/celebrante__frei manuel duarte
454: 
455: cas$c1725.14
455:          noivo$manuel goncalves/id=c1725.14-per1
456:             ls$residencia/espirito santo
457: 
458:             pnoivo$joao lopes/id=c1725.14-per2
459:                ls$residencia/espirito santo
460:                ls$morto/antes
461: 
462:             mnoivo$isabel goncalves/id=c1725.14-per3
463:                ls$morta/antes
464: 
465:          noiva$mariana nunes/id=c1725.14-per4
466:             ls$residencia/espirito santo
467:             ls$ilegitima/sim
468: 
469:             pnoiva$jose nunes/id=c1725.14-per5
470:                ls$residencia/espirito santo
471:                ls$morto/antes
472: 
473:             mnoiva$isabel francisca/id=c1725.14-per6
474:                ls$residencia/espirito santo
475:                ls$morta/antes
476: 
477:          test$domingos goncalves/id=c1725.14-per7
478:             ls$residencia/bechos
479: 
480:          test$luis goncalves/id=c1725.14-per8
481:             ls$residencia/casal das brancas
482: 
483:          test$manuel goncalves/id=c1725.14-per9
484:             ls$residencia/espirito santo
485: 
486:          test$mateus francisco/id=c1725.14-per10
487:             ls$residencia/espirito santo
488: 
489:       cas$c1725.15/2/7/1725/fol.328v/local__ermida da nossa senhora das neves em casa velha/celebrante__manuel rodrigues
490: 
491: cas$c1725.15
491:          noivo$manuel da costa/id=c1725.15-per1
492:             ls$residencia/casa velha
493: 
494:             pnoivo$felipe costa/id=c1725.15-per2
495:                ls$residencia/casa velha
496:                ls$morto/antes
497: 
498:             mnoivo$maria da costa/id=c1725.15-per3
499:                ls$morta/antes
500: 
501:          noiva$maria da costa/id=c1725.15-per4
502:             ls$residencia/casavelha
503: 
504:             pnoiva$luis duarte/id=c1725.15-per5
505:                ls$residencia/casa velha
506:                ls$morto/antes
507: 
508:             mnoiva$domingas da costa/id=c1725.15-per6
509: 
510:          test$luis de seabra jaques/id=c1725.15-per7
511:             ls$cargo/padre
512:             ls$residencia/soure
513: 
514:          test$manuel lopes/id=c1725.15-per8
515:             ls$residencia/casa velha
516: 
517:          test$francisco gabriel/id=c1725.15-per9
518:             ls$cargo/padre
519:             ls$residencia/casa velha
520: 
521:          test$joao mateus/id=c1725.15-per10
522:             ls$residencia/casa velha
523: 
524:       cas$c1725.16/10/7/1725/fol.328v/local__igreja de sao tiago/celebrante__manuel rodrigues alvaro
525: 
526: cas$c1725.16
526:          noivo$antonio joao/id=c1725.16-per1
527:             ls$residencia/cantanhede
528: 
529:             pnoivo$antonio joao/id=c1725.16-per2
530:                ls$residencia/cantanhede
531: 
532:             mnoivo$maria pessoa/id=c1725.16-per3
533: 
534:          noiva$rosa maria/id=c1725.16-per4
535:             ls$residencia/soure
536: 
537:             pnoiva$matias da silva/id=c1725.16-per5
538:                ls$residencia/soure
539: 
540:             mnoiva$mariana martins/id=c1725.16-per6
541: 
542:          test$tome velho/id=1725-c16-tome
543:             ls$residencia/soure
544: 
545:          test$joao barbosa/id=c1725.16-per7
546:             rel$parentesco/genro/tome velho/1725-c16-tome
547:             ls$residencia/soure
548: 
549:          test$mateus cardoso/id=c1725.16-per8
550: 
551:          test$maria gomes/id=c1725.16-per9
552:             rel$parentesco/mulher/joao rodrigues nobre/1725-c16-joao
553: 
554:          referido$joao rodrigues nobre/id=1725-c16-joao
555: 
556:       cas$c1725.17/11/7/1725/fol.329/local__igreja de sao tiago/celebrante__manuel rodrigues
557: 
558: cas$c1725.17
558:          noivo$lourenco francisco/id=c1725.17-per1
559:             ls$residencia/lourical
560: 
561:             pnoivo$manuel francisco/id=c1725.17-per2
562:                ls$residencia/lourical
563: 
564:             mnoivo$maria luis/id=c1725.17-per3
565: 
566:          noiva$ana maria/id=c1725.17-per4
567:             ls$residencia/soure
568: 
569:             pnoiva$francisco lopes/id=c1725.17-per5
570:                ls$residencia/soure
571:                ls$morto/antes
572: 
573:             mnoiva$catarina rodrigues/id=c1725.17-per6
574: 
575:          test$sebastiao machado da costa/id=c1725.17-per7
576:             ls$residencia/soure
577: 
578:          test$manuel rodrigues alvaro/id=c1725.17-per8
579:             ls$profissao/padre
580:             ls$cargo/tesoureiro
581: 
582:          test$luis da silva/id=c1725.17-per9
583:             ls$profissao/boticario
584:             ls$residencia/soure
585: 
586:          test$mateus cardoso/id=c1725.17-per10
587: 
588:       cas$c1725.18/16/7/1725/fol.329/local__capela da santa casa da misericordia/celebrante__capelao luis ribeiro cabral
589: 
590: cas$c1725.18
590:          noivo$joao rodrigues/id=c1725.18-per1
591:             ls$residencia/casal dos feijoes
592: 
593:             pnoivo$antonio rodrigues da gante/id=c1725.18-per2
594:                ls$residencia/casal dos feijoes
595: 
596:          noiva$catarina carvalha/id=c1725.18-per3
597:             ls$residencia/barroso
598: 
599:             pnoiva$manuel andre/id=c1725.18-per4
600:                ls$residencia/barroso
601:                ls$morto/antes
602: 
603:             mnoiva$ana carvalha/id=c1725.18-per5
604:                ls$morta/antes
605: 
606:          test$domingos goncalves/id=c1725.18-per6
607:             ls$residencia/casal das brancas
608: 
609:          test$manuel goncalves branco/id=c1725.18-per7
610:             ls$residencia/mogadouro
611: 
612:          test$jose soares/id=c1725.18-per8
613:             ls$residencia/paleao
614: 
615:          test$joao rodrigues gante/id=c1725.18-per9
616:             ls$residencia/paleao
617: 
618:       cas$c1725.20/6/8/1725/fol.329-329v/local__igreja de sao tiago/celebrante__manuel rodrigues/obs=os noivos tem consanguinidade de quarto grau
619: 
620: cas$c1725.20
620:          noivo$antonio gaspar/id=c1725.20-per1
621:             ls$residencia/casal de podengos
622:             rel$parentesco/quarto grau de consanguinidade/josefa silva/1725-c20-josefa
623: 
624:             pnoivo$gaspar rodrigues/id=c1725.20-per2
625:                ls$residencia/casal de podengos
626: 
627:             mnoivo$antonia goncalves/id=c1725.20-per3
628: 
629:          noiva$josefa silva/id=1725-c20-josefa
630:             ls$residencia/olho marinho
631: 
632:             pnoiva$manuel rodrigues cupido/id=c1725.20-per4
633:                ls$residencia/olho marinho
634:                ls$morto/antes
635: 
636:             mnoiva$guimara da silva/id=c1725.20-per5
637: 
638:          test$manuel simoes/id=c1725.20-per6
639:             ls$residencia/casal dos podengos
640: 
641:          test$manuel marques/id=c1725.20-per7
642:             ls$residencia/casal dos podengos
643: 
644:          test$roque madeira/id=c1725.20-per8
645:             ls$residencia/paleao
646: 
647:          test$jose goncalves/id=c1725.20-per9
648:             ls$residencia/portela
649: 
650:       cas$c1725.21/8/9/1725/fol.329v/local__igreja de nossa senhora de finisterra/celebrante__manuel rodrigues/obs=os noivos tem consanguinidade de qurto grau
651: 
652: cas$c1725.21
652:          noivo$manuel carvalho/id=c1725.21-per1
653:             ls$residencia/casal das brancas
654:             rel$parentesco/consanguinidade de quarto grau/catarina francisca/1725-c21-catarina
655: 
656:             pnoivo$jose carvalho/id=c1725.21-per2
657:                ls$residencia/casal das brancas
658: 
659:             mnoivo$isabel simoes/id=c1725.21-per3
660: 
661:          noiva$catarina ferreira/id=1725-c21-catarina
662:             ls$residencia/casal do rei
663: 
664:             pnoiva$manuel alves/id=c1725.21-per4
665:                ls$residencia/casal do rei
666:                ls$morto/antes
667: 
668:             mnoiva$isabel ferreira/id=c1725.21-per5
669: 
670:          test$antonio duarte/id=c1725.21-per6
671:             ls$cargo/padre
672:             ls$residencia/soure
673: 
674:          test$mateus cardoso/id=c1725.21-per7
675:             ls$residencia/soure
676: 
677:          test$joao da costa/id=c1725.21-per8
678:             ls$cargo/padre
679:             ls$residencia/casa velha
680: 
681:          test$antonio ferreira/id=c1725.21-per9
682:             ls$residencia/casal do rei
683: 
684:       cas$c1725.22/9/10/1725/fol.330/local__igreja de sao tiago/celebrante__manuel rodrigues
685: 
686: cas$c1725.22
686:          noivo$simao francisco/id=c1725.22-per1
687:             ls$residencia/cioga do monte
688: 
689:             pnoivo$manuel goncalves/id=c1725.22-per2
690:                ls$residencia/cioga do monte
691:                ls$morto/antes
692: 
693:             mnoivo$maria francisca/id=c1725.22-per3
694: 
695:          noiva$maria da encarnacao/id=c1725.22-per4
696:             ls$residencia/bonitos
697: 
698:             pnoiva$antonio coelho/id=c1725.22-per5
699:                ls$residencia/bonitos
700: 
701:             mnoiva$isabel dos santos/id=c1725.22-per6
702: 
703:          test$luis ribeiro/id=c1725.22-per7
704:             ls$cargo/padre
705:             ls$residencia/redinha
706: 
707:          test$martinho da cunha/id=c1725.22-per8
708: 
709:          test$francisco de azevedo pinto martins/id=c1725.22-per9
710:             ls$titulo/doutor
711:             ls$residencia/soure
712: 
713:       cas$c1725.23/15/10/1725/fol.330-330v/local__igreja de sao tiago/celebrante__manuel rodrigues/obs=os noivos tem consanguinidade de terceiro grau
714: 
715: cas$c1725.23
715:          noivo$roque da conceicao/id=c1725.23-per1
716:             ls$residencia/paleao
717:             rel$parentesco/consanguinidade de terceiro grau/maria esteves/1725-c23-maria
718: 
719:             pnoivo$manuel madeira/id=c1725.23-per2
720:                ls$residencia/paleao
721:                ls$morto/antes
722: 
723:             mnoivo$maria leoa/id=c1725.23-per3
724:                ls$morta/antes
725: 
726:          noiva$maria esteves/id=1725-c23-maria
727:             ls$residencia/casl do barril
728: 
729:             pnoiva$manuel rodrigues feijao/id=c1725.23-per4
730:                ls$residencia/casal do barril
731: 
732:             mnoiva$domingas esteves/id=c1725.23-per5
733: 
734:          test$joao gaspar/id=c1725.23-per6
735:             ls$residencia/paleao
736: 
737:          test$manuel domingos%dos./id=c1725.23-per7
738:             ls$residencia/paleao
739: 
740:          test$antonio gomes/id=c1725.23-per8
741:             ls$residencia/paleao
742: 
743:       cas$c1725.24/12/11/1725/fol.330v/local__igreja de sao tiago/celebrante__manuel rodrigues
744: 
745: cas$c1725.24
745:          noivo$jorge monteiro/id=c1725.24-per1
746:             ls$residencia/soure
747: 
748:             pnoivo$manuel monteiro/id=c1725.24-per2
749:                ls$residencia/soure
750:                ls$morto/antes
751: 
752:             mnoivo$josefa teixeira/id=c1725.24-per3
753: 
754:          noiva$teresa de jesus/id=c1725.24-per4
755:             ls$residencia/soure
756: 
757:             pnoiva$manuel goncalves vargas/id=c1725.24-per5
758:                ls$residencia/soure
759: 
760:             mnoiva$maria da silva/id=c1725.24-per6
761: 
762:          test$joao de deus/id=c1725.24-per7
763:             ls$cargo/padre
764:             ls$residencia/soure
765: 
766:          test$manuel rodrigues alvaro/id=c1725.24-per8
767:             ls$cargo/padre
768:             ls$residencia/soure
769: 
770:          test$jose da costa/id=c1725.24-per9
771:             ls$profissao/carpinteiro
772:             ls$residencia/soure
773: 
774:          test$joao pinheiro/id=c1725.24-per10
775:             ls$residencia/soure
776: 
777:       cas$c1725.25/19/11/1725/fol.331/local__igreja sesao tiago/celebrante__manuel rodrigues
778: 
779: cas$c1725.25
779:          noivo$manuel simoes/id=c1725.25-per1
780:             ls$residencia/figueiro do campo
781:             ls$ec/viuvo
782: 
783:             pnoivo$francisco nunes/id=c1725.25-per2
784:                ls$residencia/figueiro do campo
785: 
786:             mnoivo$francisca simoes/id=c1725.25-per3
787:                ls$morta/antes
788: 
789:             mulher1$maria luis/id=c1725.25-per4
790:                ls$residencia/figueiro do campo
791: 
792:                pmulher1$manuel luis/id=c1725.25-per5
793:                   ls$residencia/figueiro do campo
794:                   ls$morto/antes
795: 
796:                mmulher1$isabel rodrigues/id=c1725.25-per6
797:                   ls$morta/antes
798: 
799:          noiva$maria espirito santo/id=c1725.25-per7
800:             ls$residencia/espirito santo
801: 
802:             pnoiva$manuel goncalves/id=c1725.25-per8
803:                ls$residencia/espirito santo
804: 
805:             mnoiva$antonia simoes/id=c1725.25-per9
806: 
807:          test$mateus francisco/id=c1725.25-per10
808:             ls$residencia/espirito santo
809: 
810:          test$joao mateus/id=c1725.25-per11
811:             ls$residencia/espirito santo
812: 
813:          test$antonio aires/id=c1725.25-per12
814:             ls$residencia/espirito santo
815: 
816:          test$manuel rodrigues/id=c1725.25-per13
817:             ls$residencia/espirito santo
818: 
819:       cas$c1725.26/17/12/1725/fol.331-331v/local__igreja de sao tiago/celebrante__manuel rodrigues
820: 
821: cas$c1725.26
821:          noivo$joao carvalho/id=c1725.26-per1
822:             ls$residencia/guerres
823: 
824:             pnoivo$domingos carvalho/id=c1725.26-per2
825:                ls$residencia/guerres
826:                ls$morto/antes
827: 
828:             mnoivo$isabel martins/id=c1725.26-per3
829:                ls$morta/antes
830: 
831:          noiva$maria goncalves/id=c1725.26-per4
832:             ls$residencia/mogadouro
833: 
834:             pnoiva$agostinho francisco/id=c1725.26-per5
835:                ls$residencia/mogadouro
836:                ls$morto/antes
837: 
838:             mnoiva$domingas martins/id=c1725.26-per6
839:                ls$residencia/mogadouro
840: 
841:          test$manuel goncalves branco/id=1725-c26-manuel
842:             ls$alcunha/o moco
843:             ls$residencia/mogadouro
844: 
845:          test$clara rodrigues/id=c1725.26-per7
846:             rel$parentesco/mulher/manuel goncalves branco/1725-c26-manuel
847:             ls$residencia/mogadouro
848: 
849:          test$ana martins/id=c1725.26-per8
850:             rel$parentesco/mulher/domingos goncalves/1725-c26-domingos
851: 
852:          test$joao rodrigues/id=c1725.26-per9
853:             ls$residencia/casal dos feijoes
854: 
855:          referido$domingos goncalves/id=1725-c26-domingos
856: *** End of File
** Processed file- /Users/jrc/mhk-home/sources/soure/soure-sources/sources/soure_fase2/cas1725.cli
** Original file- /Users/jrc/mhk-home/sources/soure/soure-sources/sources/soure_fase2/cas1725.org
** Previous version- /Users/jrc/mhk-home/sources/soure/soure-sources/sources/soure_fase2/cas1725.old
** Temp file with ids- /Users/jrc/mhk-home/sources/soure/soure-sources/sources/soure_fase2/cas1725.ids
0  errors. 
0  warnings.
Translation finished.
