ClioInput - version @@VERSION@@ - build @@BUILD@@ @@DATE@@
13-6-2019 22-52

Processing data file cas1734.cli
-------------------------------------------
Generic Act translation module with geoentities (XML).
     Joaquim Ramos de Carvalho (joaquim@uc.pt) 
** New document: kleio
1: kleio$gacto2.str/translations=2
=========================
kleio translation started
=========================
Structure: gacto2.str
Prefix: 
Autorel: 
Translation count: 2
Obs: 
2:    fonte$casamentos 1734/1734/paroquiais/auc/obs=em muito mau estado
3: 
** Processing source fonte$casamentos 1734
4:       cas$c1734.01/11/1/1734/fol.371v/local__igreja de sao tiago/celebrante__vigario manuel rodrigues
5: 
6: cas$c1734.01
6:          noivo$jose gomes/id=c1734.01-per1
7:             ls$residencia/casal do tinto
8:             ls$freguesia/pombal
9: 
10:             pnoivo$manuel gomes/id=c1734.01-per2
11:                ls$residencia/casal do tinto
12:                ls$freguesia/pombal
13: 
14:             mnoivo$isabel joao/id=c1734.01-per3
15: 
16:          noiva$catarina de oliveira/id=c1734.01-per4
17:             ls$residencia/bonitos
18: 
19:             pnoiva$tome dias/id=c1734.01-per5
20:                ls$residencia/bonitos
21: 
22:             mnoiva$maria de oliveira/id=c1734.01-per6
23: 
24:          test$manuel joao/id=c1734.01-per7
25:             ls$residencia/pelariga
26:             ls$freguesia/pombal
27: 
28:          test$martinho mendes/id=c1734.01-per8
29:             ls$residencia/casal do tinto
30:             ls$freguesia/pombal
31: 
32:          test$manuel lourenco/id=c1734.01-per9
33:             ls$residencia/bonitos
34: 
35:          test$antonio coelho/id=c1734.01-per10
36:             ls$residencia/bonitos
37: 
38:       cas$c1734.2/11/1/1734/fol.271v-372/local__igreja de sao tiago/celebrante__vigario manuel rodrigues
39: 
40: cas$c1734.2
40:          noivo$domingos simoes/id=c1734.2-per1
41:             ls$residencia/presa
42: 
43:             pnoivo$antonio simoes/id=c1734.2-per2
44:                ls$residencia/presa
45:                ls$morto/antes
46: 
47:             mnoivo$maria domingues/id=c1734.2-per3
48: 
49:          noiva$maria afonsa/id=c1734.2-per4
50:             ls$residencia/casal do malvado
51: 
52:             pnoiva$afonso rodrigues/id=c1734.2-per5
53:                ls$residencia/casal do malvado
54: 
55:             mnoiva$? simoes/obs=nome inexistente/id=c1734.2-per6
56: 
57:          test$jose simoes/id=c1734.2-per7
58:             ls$residencia/ladeira
59:             ls$freguesia/tapeus
60: 
61:          test$manuel antunes/id=c1734.2-per8
62:             ls$residencia/presa
63: 
64:          test$manuel simoes bras/id=c1734.2-per9
65:             ls$residencia/presa
66: 
67:          test$jose simoes/id=c1734.2-per10
68:             ls$residencia/presa
69: 
70:       cas$c1734.3/13/1/1734/fol.372/local__igreja de sao tiago/celebrante__vigario manuel rodrigues
71: 
72: cas$c1734.3
72:          noivo$jose rodrigues/id=c1734.3-per1
73:             ls$residencia/lagem
74: 
75:             pnoivo$manuel rodrigues/id=c1734.3-per2
76:                ls$residencia/lagem
77: 
78:             mnoivo$luisa francisca/id=c1734.3-per3
79: 
80:          noiva$teresa de oliveira/id=c1734.3-per4
81:             ls$residencia/lagem
82: 
83:             pnoiva$manuel de oliveira/id=c1734.3-per5
84:                ls$residencia/lagem
85: 
86:             mnoiva$maria simoes/id=c1734.3-per6
87: 
88:          test$manuel simoes/id=c1734.3-per7
89:             ls$residencia/pinheiro
90: 
91:          test$manuel rodrigues/id=c1734.3-per8
92:             ls$residencia/pinheiro
93: 
94:          test$manuel leao/id=c1734.3-per9
95:             ls$residencia/lagem
96: 
97:          test$jose leao/id=c1734.3-per10
98:             ls$residencia/lagem
99: 
100:       cas$c1734.4/18/1/1734/fol.372/local__igreja de sao tiago/celebrante__vigario manuel rodrigues
101: 
102: cas$c1734.4
102:          noivo$francisco de oliveira/id=c1734.4-per1
103:             ls$residencia/mogadouro
104: 
105:             pnoivo$manuel francisco/id=c1734.4-per2
106:                ls$residencia/mogadouro
107:                ls$morto/antes
108: 
109:             mnoivo$maria de oliveira/id=c1734.4-per3
110: 
111:          noiva$catarina martins/id=c1734.4-per4
112:             ls$residencia/mogadouro
113: 
114:             pnoiva$manuel martins/id=c1734.4-per5
115:                ls$residencia/mogadouro
116: 
117:             mnoiva$maria gaspar/id=c1734.4-per6
118:                ls$morta/antes
119: 
120:          test$manuel goncalves branco/id=c1734.4-per7
121:             ls$residencia/mogadouro
122: 
123:          test$mateus carvalho/id=c1734.4-per8
124:             ls$residencia/mogadouro
125: 
126:          test$joao nunes/id=c1734.4-per9
127:             ls$residencia/mogadouro
128: 
129:          test$manuel rodrigues rei/id=c1734.4-per10
130:             ls$residencia/mogadouro
131: 
132:       cas$c1734.5/2/2/1733/fol.372v/local__igreja de sao tiago/celebrante__padre joao gaspar
133: 
134: cas$c1734.5
134:          noivo$jose antonio de oliveira/id=c1734.5-per1
135:             ls$residencia/soure
136: 
137:             pnoivo$joao rodrigues/id=c1734.5-per2
138:                ls$residencia/soure
139: 
140:             mnoivo$mariana ferreira/id=c1734.5-per3
141: 
142:          noiva$teresa mendes/id=c1734.5-per4
143:             ls$residencia/soure
144: 
145:             pnoiva$joao mendes francisco/id=c1734.5-per5
146:                ls$residencia/soure
147: 
148:             mnoiva$mariana francisca do espirito santo/id=c1734.5-per6
149: 
150:          test$placido soares/id=c1734.5-per7
151:             ls$residencia/soure
152: 
153:          test$paulo antonio de carvalho/id=c1734.5-per8
154:             ls$residencia/soure
155: 
156:          test$jose da costa/id=c1734.5-per9
157:             ls$residencia/soure
158: 
159:          test$mateus cardoso/id=c1734.5-per10
160:             ls$residencia/soure
161: 
162:       cas$c1734.6/2/2/1734/fol.372v/local__igreja de sao tiago/celebrante__vigario manuel rodrigues/obs=os noivos tem consanguinidade de terceiro grau
163: 
164: cas$c1734.6
164:          noivo$joao lourenco/id=1734-c6-joao
165:             ls$residencia/alencarce de cima
166: 
167:             pnoivo$antonio rodrigues lourenco/id=c1734.6-per1
168:                ls$residencia/alencarce de cima
169: 
170:             mnoivo$maria pires/id=c1734.6-per2
171: 
172:          noiva$maria jorge/id=c1734.6-per3
173:             ls$residencia/alencarce de cima
174:             rel$parentesco/consanguinidade de terceiro grau/joao lourenco/1734-c6-joao
175: 
176:             pnoiva$manuel rodrigues ruivo/id=c1734.6-per4
177:                ls$residencia/alencarce de cima
178: 
179:             mnoiva$maria jorge/id=c1734.6-per5
180:                ls$morta/antes
181: 
182:          test$domingos lourenco/id=c1734.6-per6
183:             ls$residencia/casconho
184: 
185:          test$manuel gaspar/id=c1734.6-per7
186:             ls$residencia/alencarce de cima
187: 
188:          test$manuel soares/id=c1734.6-per8
189:             ls$residencia/paleao
190: 
191:          test$mateus cardoso/id=c1734.6-per9
192:             ls$residencia/soure
193: 
194:       cas$c1734.7/7/2/1734/fol.372v/local__igreja de sao tiago/celebrante__padre joao gaspar
195: 
196: cas$c1734.7
196:          noivo$vicente antunes/id=c1734.7-per1
197:             ls$residencia/alencarce de cima
198: 
199:             pnoivo$francisco antunes/id=c1734.7-per2
200:                ls$residencia/alencarce de cima
201:                ls$morto/antes
202: 
203:             mnoivo$isabel madeira/id=c1734.7-per3
204:                ls$morta/antes
205: 
206:          noiva$francisca goncalves/id=c1734.7-per4
207:             ls$residencia/alencarce de baixo
208: 
209:             pnoiva$joao goncalves camas/id=c1734.7-per5
210:                ls$residencia/alencarce de baixo
211:                ls$morto/antes
212: 
213:             mnoiva$maria rodrigues/id=c1734.7-per6
214:                ls$morta/antes
215: 
216:          test$antonio rodigues/id=c1734.7-per7
217:             ls$residencia/alencarce de cima
218: 
219:          test$manuel rodrigues/id=c1734.7-per8
220:             ls$ec/solteiro
221:             ls$residencia/cascao
222: 
223:          test$manuel ferreira/id=c1734.7-per9
224:             ls$profissao/carpinteiro
225:             ls$residencia/bechos
226: 
227:          test$jose madeira/id=c1734.7-per10
228:             ls$residencia/alencarce de baixo
229: 
230:       cas$c1734.8/16/2/1733/fol.372v-373/local__igreja de sao tiago/celebrante__frei tomas martins/obs=os noivos tem consanguinidade de quarto grau
231: 
232: cas$c1734.8
232:          noivo$jose leonardo/id=1734-c8-jose
233:             ls$residencia/espirito santo
234: 
235:             pnoivo$leonardo fernandes/id=c1734.8-per1
236:                ls$residencia/espirito santo
237:                ls$morto/antes
238: 
239:             mnoivo$maria goncalves/id=c1734.8-per2
240: 
241:          noiva$maria ferreira/id=c1734.8-per3
242:             ls$residencia/assamassa
243:             rel$parentesco/consanguinidade de quarto grau/jose leonardo/1734-c8-jose
244: 
245:             pnoiva$joao da costa/id=c1734.8-per4
246:                ls$residencia/assamassa
247: 
248:             mnoiva$catarina ferreira/id=c1734.8-per5
249:                ls$morta/antes
250: 
251:          test$gabriel colaco/id=c1734.8-per6
252:             ls$profissao/padre
253: 
254:          test$joao colaco/id=c1734.8-per7
255: 
256:          test$antonio alves/id=c1734.8-per8
257:             ls$residencia/casal do rei
258: 
259:          test$feliz da rosa/id=c1734.8-per9
260:             ls$residencia/assamassa
261: 
262:       cas$c1734.9/16/2/1734/fol.373/local__igreja de sao tiago/celebrante__frei tome martins
263: 
264: cas$c1734.9
264:          noivo$luis martins/id=c1734.9-per1
265:             ls$residencia/venda nova
266: 
267:             pnoivo$luis gaspar/id=c1734.9-per2
268:                ls$residencia/venda nova
269:                ls$morto/antes
270: 
271:             mnoivo$ana martins/id=c1734.9-per3
272:                ls$morta/antes
273: 
274:          noiva$ana maria/id=c1734.9-per4
275:             ls$residencia/carvalheira de cima
276: 
277:             pnoiva$joao alves/id=c1734.9-per5
278:                ls$residencia/carvalheira de cima
279:                ls$morto/antes
280: 
281:             mnoiva$catarina joao/id=c1734.9-per6
282: 
283:          test$antonio martins/id=c1734.9-per7
284:             ls$residencia/delgados
285: 
286:          test$silveira joao/id=c1734.9-per8
287:             ls$residencia/carvalheira de cima
288: 
289:          test$manuel martins/id=c1734.9-per9
290:             ls$residencia/carvalheira de cima
291: 
292:          test$mateus cardoso/id=c1734.9-per10
293:             ls$residencia/soure
294: 
295:       cas$c1734.10/3/3/1734/fol.373/local__igreja de sao tiago/celebrante__vigario manuel rodrigues
296: 
297: cas$c1734.10
297:          noivo$joao simoes/id=c1734.10-per1
298:             ls$residencia/mocifas
299:             ls$freguesia/degracias
300: 
301:             pnoivo$manuel rodrigues/id=c1734.10-per2
302:                ls$residencia/mocifas
303:                ls$freguesia/degracias
304: 
305:             mnoivo$maria das neves/id=c1734.10-per3
306: 
307:          noiva$maria da conceicao/id=c1734.10-per4
308:             ls$residencia/casal da fogueira
309: 
310:             pnoiva$manuel luis/id=c1734.10-per5
311:                ls$residencia/casal da fogueira
312: 
313:             mnoiva$madalena joao/id=c1734.10-per6
314: 
315:          test$manuel da silva/id=c1734.10-per7
316:             ls$residencia/casal da fogueira
317: 
318:          test$antonio rodrigues/id=c1734.10-per8
319:             ls$residencia/quinta
320: 
321:          test$jose rodrigues da paz/id=c1734.10-per9
322:             ls$profissao/padre
323:             ls$residencia/soure
324: 
325:          test$mateus cardoso/id=c1734.10-per10
326:             ls$residencia/soure
327: 
328:       cas$c1734.11/6/3/1734/fol.373-373v/local__igreja de sao tiago/celebrante__vigario manuel rodrigues
329: 
330: cas$c1734.11
330:          noivo$jose simoes/id=c1734.11-per1
331:             ls$residencia/cavaleiros
332: 
333:             pnoivo$francisco simoes/id=c1734.11-per2
334:                ls$residencia/cavaleiros
335: 
336:             mnoivo$isabel rodrigues/id=c1734.11-per3
337:                ls$morta/antes
338: 
339:          noiva$maria ferreira/id=c1734.11-per4
340:             ls$residencia/areias
341: 
342:             pnoiva$manuel ferreira/id=c1734.11-per5
343:                ls$residencia/areias
344: 
345:             mnoiva$isabel goncalves/id=c1734.11-per6
346: 
347:          test$antonio goncalves/id=c1734.11-per7
348:             ls$residencia/cavaleiros
349: 
350:          test$manuel ferreira/id=c1734.11-per8
351:             ls$alcunha/o moco
352: 
353:          test$francisco simoes/id=c1734.11-per9
354: 
355:       cas$c1734.12/14/6/1734/fol.373v/local__igreja de sao tiago/celebrante__vigario manuel rodrigues
356: 
357: cas$c1734.12
357:          noivo$antonio goncalves/id=c1734.12-per1
358:             ls$residencia/quinta da cruz
359: 
360:             pnoivo$antonio goncalves/id=c1734.12-per2
361:                ls$residencia/quinta da cruz
362:                ls$morto/antes
363: 
364:             mnoivo$antonia gomes/id=c1734.12-per3
365: 
366:          noiva$ana maria/id=c1734.12-per4
367:             ls$residencia/redinha
368: 
369:             pnoiva$bernardo simoes/id=c1734.12-per5
370:                ls$residencia/redinha
371:                ls$morto/antes
372: 
373:             mnoiva$maria marques/id=c1734.12-per6
374:                ls$morta/antes
375: 
376:          test$jacinto vieira de carvalho/id=c1734.12-per7
377:             ls$residencia/soure
378: 
379:          test$jose carvalho/id=c1734.12-per8
380:             ls$residencia/porto panelas
381: 
382:          test$manuel cardoso/id=c1734.12-per9
383:             ls$residencia/corcozes
384: 
385:          test$joao simoes/id=c1734.12-per10
386:             ls$residencia/quinta da cruz
387: 
388:       cas$c1734.13/28/6/1734/fol.373v/local__igreja de sao tiago/celebrante__vigario manuel rodrigues
389: 
390: cas$c1734.13
390:          noivo$jose rodrigues/id=c1734.13-per1
391:             ls$residencia/moinho do marco
392:             ls$freguesia/redinha
393: 
394:             pnoivo$manuel rodrigues vaquinha/id=c1734.13-per2
395:                ls$residencia/moinho do marco
396:                ls$freguesia/redinha
397: 
398:             mnoivo$maria simoes/id=c1734.13-per3
399: 
400:          noiva$maria dos santos/id=c1734.13-per4
401:             ls$residencia/delgados
402: 
403:             pnoiva$manuel francisco/id=c1734.13-per5
404:                ls$residencia/delgados
405:                ls$morto/antes
406: 
407:             mnoiva$esperanca dos santos/id=c1734.13-per6
408: 
409:          test$manuel simoes/id=c1734.13-per7
410: 
411:          test$luis domingues/id=c1734.13-per8
412:             ls$residencia/moinhos da figueirinha
413: 
414:          test$francisco joao pessoa/id=c1734.13-per9
415: 
416:          test$francisco/id=c1734.13-per10
417:             ls$ec/solteiro
418:             ls$residencia/delgados
419: 
420:       cas$c1734.14/5/7/1734/fol.373v-374/local__igreja de sao tiago/celebrante__vigario manuel rodrigues
421: 
422: cas$c1734.14
422:          noivo$joao afonso/id=c1734.14-per1
423:             ls$residencia/paleao
424: 
425:             pnoivo$mateus jorge/id=c1734.14-per2
426:                ls$residencia/paleao
427:                ls$morto/antes
428: 
429:             mnoivo$maria afonso/id=c1734.14-per3
430: 
431:          noiva$maria lourenca/id=c1734.14-per4
432:             ls$residencia/porto coelheiro
433: 
434:             pnoiva$manuel rodrigues lourenco/id=c1734.14-per5
435:                ls$residencia/porto coelheiro
436: 
437:             mnoiva$maria rodrigues/id=c1734.14-per6
438: 
439:          test$jose pereira/id=c1734.14-per7
440:             ls$residencia/sao mateus
441: 
442:          test$jose gaspar/id=c1734.14-per8
443:             ls$residencia/paleao
444: 
445:          test$jose rodrigues de carvalho/id=c1734.14-per9
446:             ls$profissao/padre
447:             ls$residencia/porto coelheiro
448: 
449:          test$mateus rodrigues/id=c1734.14-per10
450:             ls$residencia/porto coelheiro
451: 
452:       cas$c1734.15/26/7/1734/fol.374/local__igreja de sao tiago/celebrante__vigario manuel rodrigues
453: 
454: cas$c1734.15
454:          noivo$manuel marques/id=c1734.15-per1
455:             ls$residencia/paleao
456: 
457:             pnoivo$domingos marques/id=c1734.15-per2
458:                ls$residencia/paleao
459: 
460:             mnoivo$antonia simoes/id=c1734.15-per3
461: 
462:          noiva$maria rodrigues/id=c1734.15-per4
463:             ls$residencia/casconho
464: 
465:             pnoiva$jose rodrigues penedo/id=c1734.15-per5
466:                ls$residencia/casconho
467: 
468:             mnoiva$maria simoes/id=c1734.15-per6
469: 
470:          test$joao gaspar/id=c1734.15-per7
471:             ls$residencia/paleao
472: 
473:          test$joao afonso/id=c1734.15-per8
474:             ls$residencia/paleao
475: 
476:          test$constantino marques/id=c1734.15-per9
477:             ls$residencia/paleao
478: 
479:          test$joao marques/id=c1734.15-per10
480:             ls$residencia/paleao
481: 
482:       cas$c1734.16/11/8/1734/fol.374/local__igreja de sao tiago/celebrante__vigario manuel rodrigues
483: 
484: cas$c1734.16
484:          noivo$joao rodrigues/id=c1734.16-per1
485:             ls$residencia/casal dos feijoes
486: 
487:             pnoivo$manuel simoes/id=c1734.16-per2
488:                ls$profissao/fareleiro
489:                ls$residencia/casal dos feijoes
490: 
491:             mnoivo$maria madalena/id=c1734.16-per3
492: 
493:          noiva$maria rodrigues/id=c1734.16-per4
494:             ls$residencia/alencarce de cima
495: 
496:             pnoiva$antonio rodrigues calhau/id=c1734.16-per5
497:                ls$residencia/alencarce de cima
498: 
499:             mnoiva$maria simoes/id=c1734.16-per6
500: 
501:          test$joao de deus/id=c1734.16-per7
502:             ls$profissao/padre
503:             ls$residencia/soure
504: 
505:          test$manuel rodrigues alvaro/id=c1734.16-per8
506:             ls$profissao/padre
507:             ls$residencia/soure
508: 
509:          test$jacinto vieira de carvalho/id=c1734.16-per9
510:             ls$residencia/soure
511: 
512:          test$bento vieira de carvalho/id=c1734.16-per10
513:             ls$profissao/padre
514:             ls$naturalidade/soure
515:             ls$residencia/arrifana
516:             ls$freguesia/ega
517: 
518:       cas$c1734.17/27/9/1734/fol.374-374v/local__igreja de sao tiago/celebrante__vigario manuel rodrigues
519: 
520: cas$c1734.17
520:          noivo$manuel marques/id=c1734.17-per1
521:             ls$residencia/fatacos
522: 
523:             pnoivo$sebastiao marques/id=c1734.17-per2
524:                ls$residencia/fatacos
525: 
526:             mnoivo$maria ferreira/id=c1734.17-per3
527: 
528:          noiva$maria de sao jose/id=c1734.17-per4
529:             ls$residencia/pinheiro
530: 
531:             pnoiva$jose dinis/id=c1734.17-per5
532:                ls$residencia/pinheiro
533: 
534:             mnoiva$maria rodrigues/id=c1734.17-per6
535: 
536:          test$manuel rodrigues camarro/id=c1734.17-per7
537:             ls$residencia/casal do rei
538: 
539:          test$manuel goncalves/id=c1734.17-per8
540:             ls$residencia/fatacos
541: 
542:          test$joao de deus/id=c1734.17-per9
543:             ls$profissao/padre
544:             ls$residencia/soure
545: 
546:          test$mateus cardoso/id=c1734.17-per10
547:             ls$residencia/soure
548: 
549:       cas$c1734.18/27/9/1734/fol.374v/local__igreja de sao tiago/celebrante__vigario manuel rodrigues
550: 
551: cas$c1734.18
551:          noivo$joao rodrigues/id=c1734.18-per1
552:             ls$residencia/alencarce de cima
553: 
554:             pnoivo$joao rodrigues calhau/id=c1734.18-per2
555:                ls$residencia/alencarce de cima
556:                ls$morto/antes
557: 
558:             mnoivo$antonia madeira/id=c1734.18-per3
559:                ls$morta/antes
560: 
561:          noiva$maria francisca/id=c1734.18-per4
562:             ls$residencia/alencarce de cima
563: 
564:             pnoiva$antonio madeira/id=c1734.18-per5
565:                ls$residencia/alencarce de cima
566: 
567:             mnoiva$mariana goncalves/id=c1734.18-per6
568: 
569:          test$joao mendes/id=c1734.18-per7
570:             ls$residencia/sao mateus
571: 
572:          test$manuel goncalves galhim/id=c1734.18-per8
573:             ls$residencia/alencarce de cima
574: 
575:          test$manuel simoes/id=c1734.18-per9
576:             ls$residencia/alencarce de cima
577: 
578:          test$jose rodrigues/id=c1734.18-per10
579:             ls$residencia/alencarce de cima
580: 
581:       cas$c1734.19/29/9/1734/fol.374/local__igreja de sao tiago/celebrante__vigario manuel rodrigues
582: 
583: cas$c1734.19
583:          noivo$domingos goncalves/id=c1734.19-per1
584:             ls$residencia/cabreira
585: 
586:             pnoivo$manuel goncalves/id=c1734.19-per2
587:                ls$residencia/cabreira
588: 
589:             mnoivo$teresa de oliveira/id=c1734.19-per3
590:                ls$morta/antes
591: 
592:          noiva$maria ferreira/id=c1734.19-per4
593:             ls$residencia/sobral
594: 
595:             pnoiva$bras ferreira/id=c1734.19-per5
596:                ls$residencia/sobral
597: 
598:             mnoiva$isabel domingues/id=c1734.19-per6
599:                ls$morta/antes
600: 
601:          test$manuel rodrigues serrao/id=c1734.19-per7
602:             ls$residencia/soure
603: 
604:          test$sebastiao rodrigues/id=c1734.19-per8
605:             ls$residencia/soure
606: 
607:          test$domingos francisco/id=c1734.19-per9
608:             ls$residencia/casal novo
609: 
610:          test$manuel ferreira sobral/id=c1734.19-per10
611: 
612:       cas$c1734.20/4/10/1734/fol.374v/local__igreja de sao tiago/celebrante__vigario manuel rodrigues
613: 
614: cas$c1734.20
614:          noivo$manuel henriques de carvalho/id=c1734.20-per1
615:             ls$residencia/sobral
616: 
617:             pnoivo$joao henriques de carvalho/id=c1734.20-per2
618:                ls$residencia/sobral
619: 
620:             mnoivo$esperanca rodrigues/id=c1734.20-per3
621: 
622:          noiva$maria simoes/id=c1734.20-per4
623:             ls$residencia/sobral
624: 
625:             pnoiva$antonio simoes galhardo/id=c1734.20-per5
626:                ls$residencia/sobral
627:                ls$morto/antes
628: 
629:             mnoiva$antonia rodrigues/id=c1734.20-per6
630: 
631:          test$jose da cunha/id=c1734.20-per7
632:             ls$residencia/sobral
633: 
634:          test$joao da cunha/id=c1734.20-per8
635:             ls$residencia/sobral
636: 
637:          test$miguel rodrigues/id=c1734.20-per9
638:             ls$residencia/sobral
639: 
640:          test$antonio simoes/id=c1734.20-per10
641:             ls$residencia/sobral
642: 
643:       cas$c1734.21/22/10/1734/fol.375/local__igreja de sao tiago/celebrante__vigario manuel rodrigues
644: 
645: cas$c1734.21
645:          noivo$manuel goncalves de campos/id=c1734.21-per1
646:             ls$residencia/vila nova de ancos
647: 
648:             pnoivo$verissimo coelho/id=c1734.21-per2
649:                ls$residencia/vila nova de ancos
650: 
651:             mnoivo$maria goncalves/id=c1734.21-per3
652:                ls$morta/antes
653: 
654:          noiva$rosa maria/id=c1734.21-per4
655:             ls$residencia/pinheiro
656: 
657:             pnoiva$antonio leao/id=c1734.21-per5
658:                ls$residencia/pinheiro
659: 
660:             mnoiva$catarina domingues/id=c1734.21-per6
661: 
662:          test$manuel leao/id=c1734.21-per7
663:             ls$residencia/lagem
664: 
665:          test$jose rodrigues leao/id=c1734.21-per8
666:             ls$residencia/casal do olival
667: 
668:          test$joao rodrigues/id=c1734.21-per9
669:             ls$residencia/casal dos feijoes
670: 
671:          test$mateus cardoso/id=c1734.21-per10
672:             ls$residencia/soure
673: 
674:       cas$c1734.22/25/10/1734/fol.375/local__igreja de sao tiago/celebrante__vigario manuel rodrigues
675: 
676: cas$c1734.22
676:          noivo$jose rodrigues/id=c1734.22-per1
677:             ls$residencia/simoes
678: 
679:             pnoivo$manuel joao cardoso/id=c1734.22-per2
680:                ls$residencia/simoes
681:                ls$morto/antes
682: 
683:             mnoivo$teresa rodrigues/id=c1734.22-per3
684: 
685:          noiva$maria rodrigues/id=c1734.22-per4
686:             ls$residencia/simoes
687: 
688:             pnoiva$joao rodrigues/id=c1734.22-per5
689:                ls$residencia/simoes
690: 
691:             mnoiva$mariana rodrigues/id=c1734.22-per6
692: 
693:          test$manuel jorge/id=c1734.22-per7
694:             ls$residencia/simoes
695: 
696:          test$domingos da silva/id=c1734.22-per8
697:             ls$residencia/simoes
698: 
699:          test$joao rodrigues galego/id=c1734.22-per9
700:             ls$residencia/simoes
701: 
702:          test$antonio/id=c1734.22-per10
703:             ls$profissao/estudante
704:             ls$residencia/simoes
705: 
706:       cas$c1734.23/22/11/1734/fol.375/local__igreja de sao tiago/celebrante__vigario manuel rodrigues
707: 
708: cas$c1734.23
708:          noivo$manuel lopes/id=c1734.23-per1
709:             ls$residencia/paleao
710: 
711:             pnoivo$domingos lopes/id=c1734.23-per2
712:                ls$residencia/paleao
713: 
714:             mnoivo$domingas rodrigues/id=c1734.23-per3
715: 
716:          noiva$josefa madeira/id=c1734.23-per4
717:             ls$residencia/pinheiro
718: 
719:             pnoiva$joao goncalves bizarro/id=c1734.23-per5
720:                ls$residencia/pinheiro
721: 
722:             mnoiva$maria madeira/id=c1734.23-per6
723: 
724:          test$manuel domingues/id=c1734.23-per7
725:             ls$residencia/paleao
726: 
727:          test$joao domingues/id=c1734.23-per8
728:             ls$residencia/paleao
729: 
730:          test$joao rodrigues/id=c1734.23-per9
731:             ls$residencia/pinheiro
732: 
733:          test$antonio goncalves/id=c1734.23-per10
734:             ls$residencia/porto panelas
735: 
736:       cas$c1734.24/22/11/1734/fol.375-375v/local__igreja de sao tiago/celebrante__vigario manuel rodrigues
737: 
738: cas$c1734.24
738:          noivo$joao soares/id=c1734.24-per1
739:             ls$residencia/casal da venda
740: 
741:             pnoivo$antonio soares/id=c1734.24-per2
742:                ls$residencia/casal da venda
743: 
744:             mnoivo$catarina rodrigues/id=c1734.24-per3
745: 
746:          noiva$josefa maria/id=c1734.24-per4
747:             ls$residencia/casal dos feijoes
748: 
749:             pnoiva$manuel simoes/id=c1734.24-per5
750:                ls$residencia/casal dos feijoes
751: 
752:             mnoiva$maria madalena/id=c1734.24-per6
753: 
754:          test$joao da cunha/id=c1734.24-per7
755:             ls$residencia/sobral
756: 
757:          test$manuel jorge/id=c1734.24-per8
758:             ls$residencia/sobral
759: 
760:          test$jose gomes/id=c1734.24-per9
761:             ls$profissao/padre
762:             ls$residencia/casal da venda
763: 
764:          test$manuel rodrigues alvaro/id=c1734.24-per10
765:             ls$profissao/padre
766:             ls$cargo/tesoureiro
767:             ls$residencia/soure
768: 
769:       cas$c1734.25/22/11/1734/fol.375v/local__igreja de sao tiago/celebrante__vigario manuel rodrigues
770: 
771: cas$c1734.25
771:          noivo$luis lourenco/id=c1734.25-per1
772:             ls$residencia/almagreira
773: 
774:             pnoivo$antonio lourenco/id=c1734.25-per2
775:                ls$residencia/almagreira
776: 
777:             mnoivo$maria rodrigues/id=c1734.25-per3
778: 
779:          noiva$mariana francisca/id=c1734.25-per4
780:             ls$residencia/simoes
781: 
782:             pnoiva$diogo francisco/id=c1734.25-per5
783:                ls$residencia/simoes
784: 
785:             mnoiva$isabel dias/id=c1734.25-per6
786:                ls$morta/antes
787: 
788:          test$joao lourenco/id=c1734.25-per7
789:             ls$residencia/simoes
790: 
791:          test$domingos da silva/id=c1734.25-per8
792:             ls$residencia/simoes
793: 
794:          test$domingos martins/id=c1734.25-per9
795:             ls$alcunha/o frango
796:             ls$residencia/almagreira
797: 
798:          test$sebastiao rodrigues/id=c1734.25-per10
799:             ls$residencia/almagreira
800: 
801:       cas$c1734.26/24/11/1734/fol.375v/local__igreja de sao tiago/celebrante__vigario manuel rodrigues
802: 
803: cas$c1734.26
803:          noivo$jose rodrigues/id=c1734.26-per1
804:             ls$residencia/lagem
805: 
806:             pnoivo$manuel rodrigues/id=c1734.26-per2
807:                ls$residencia/lagem
808: 
809:             mnoivo$isabel rodrigues/id=c1734.26-per3
810: 
811:          noiva$luisa de oliveira/id=c1734.26-per4
812:             ls$residencia/lagem
813: 
814:             pnoiva$manuel de oliveira/id=c1734.26-per5
815:                ls$residencia/lagem
816: 
817:             mnoiva$maria simoes/id=c1734.26-per6
818: 
819:          test$jose leao/id=c1734.26-per7
820:             ls$residencia/lagem
821: 
822:          test$sebastiao rodrigues/id=c1734.26-per8
823:             ls$residencia/lagem
824: 
825:          test$manuel leao/id=c1734.26-per9
826:             ls$residencia/lagem
827: 
828:          test$joao rodrigues/id=c1734.26-per10
829:             ls$residencia/pinheiro
830: 
831:       cas$c1734.27/13/12/1735/fol.375v-376/local__igreja de sao tiago/celebrante__vigario manuel rodrigues
832: 
833: cas$c1734.27
833:          noivo$diogo lourenco/id=c1734.27-per1
834:             ls$residencia/bonitos
835: 
836:             pnoivo$manuel lourenco/id=c1734.27-per2
837:                ls$residencia/bonitos
838: 
839:             mnoivo$ana dias/id=c1734.27-per3
840: 
841:          noiva$isabel rodrigues/id=c1734.27-per4
842:             ls$residencia/bonitos
843: 
844:             pnoiva$mateus da costa/id=c1734.27-per5
845:                ls$residencia/bonitos
846:                ls$morto/antes
847: 
848:             mnoiva$maria rodrigues/id=c1734.27-per6
849: 
850:          test$manuel mendes/id=c1734.27-per7
851:             ls$residencia/bonitos
852: 
853:          test$tome dias/id=c1734.27-per8
854:             ls$residencia/bonitos
855: 
856:          test$manuel rodrigues alvaro/id=1734-c27-manuel
857:             ls$profissao/padre
858:             ls$cargo/tesoureiro
859:             ls$residencia/soure
860: 
861:          test$luis jorge/id=c1734.27-per9
862:             ls$residencia/soure
863:             rel$parentesco/sobrinho/manuel rodrigues alvaro/1734-c27-manuel
864: *** End of File
** Processed file- /Users/jrc/mhk-home/sources/soure/soure-sources/sources/soure_fase2/cas1734.cli
** Original file- /Users/jrc/mhk-home/sources/soure/soure-sources/sources/soure_fase2/cas1734.org
** Previous version- /Users/jrc/mhk-home/sources/soure/soure-sources/sources/soure_fase2/cas1734.old
** Temp file with ids- /Users/jrc/mhk-home/sources/soure/soure-sources/sources/soure_fase2/cas1734.ids
0  errors. 
0  warnings.
Translation finished.
