ClioInput - version @@VERSION@@ - build @@BUILD@@ @@DATE@@
10-8-2018 15-22

Processing data file /Users/jrc/mhk-home/sources/soure/documents/soure2/cas1720.cli
-------------------------------------------
Generic Act translation module with geoentities (XML).
     Joaquim Ramos de Carvalho (joaquim@uc.pt) 
** New document: kleio
=========================
kleio translation started
=========================
Structure: gacto2.str
Prefix: 
Autorel: 
Translation count: 
Obs: 
Translation count not set or invalid, counting as zero: 
** Processing source fonte$casamentos 1720
6: cas$c1720.01
38: cas$c1720.2
83: cas$c1720.3
116: cas$c1720.4
148: cas$c1720.5
180: cas$c1720.6
213: cas$c1720.7
247: cas$c1720.8
294: cas$c1720.9
339: cas$c1720.10
368: cas$c1720.11
399: cas$c1720.12
432: cas$c1720.13
465: cas$c1720.14
495: cas$c1720.15
532: cas$c1720.16
563: cas$c1720.17
594: cas$c1720.18
627: cas$c1720.19
658: cas$c1720.20
691: cas$c1720.21
722: cas$c1720.22
754: cas$c1720.23
785: cas$c1720.24
817: cas$c1720.25
847: cas$c1720.26
*** End of File
** Processed file- /Users/jrc/mhk-home/sources/soure/documents/soure2/cas1720.cli
** Original file- /Users/jrc/mhk-home/sources/soure/documents/soure2/cas1720.org
** Previous version- /Users/jrc/mhk-home/sources/soure/documents/soure2/cas1720.old
** Temp file with ids- /Users/jrc/mhk-home/sources/soure/documents/soure2/cas1720.ids
0  errors. 
0  warnings.
Translation finished.
