ClioInput - version @@VERSION@@ - build @@BUILD@@ @@DATE@@
13-6-2019 22-52

Processing data file cas1726.cli
-------------------------------------------
Generic Act translation module with geoentities (XML).
     Joaquim Ramos de Carvalho (joaquim@uc.pt) 
** New document: kleio
1: kleio$gacto2.str/translations=2
=========================
kleio translation started
=========================
Structure: gacto2.str
Prefix: 
Autorel: 
Translation count: 2
Obs: 
2:    fonte$casamentos 1726/1726/paroquiais/auc/obs=em muito mau estado
3: 
** Processing source fonte$casamentos 1726
4:       cas$c1726.01/7/1/1726/fol.332/local__igreja de sao tiago/celebrante__manuel rodrigues
5: 
6: cas$c1726.01
6:          noivo$bernardo carvalho barreto/id=c1726.01-per1
7:             ls$residencia/redinha
8: 
9:             pnoivo$francisco carvalho/id=c1726.01-per2
10:                ls$residencia/redinha
11: 
12:             mnoivo$antonia barreta/id=c1726.01-per3
13:                ls$morta/antes
14: 
15:          noiva$ana carvalha/id=c1726.01-per4
16:             ls$residencia/delgados
17: 
18:             pnoiva$antonio joao/id=c1726.01-per5
19:                ls$residencia/delgados
20:                ls$morto/antes
21: 
22:             mnoiva$ana carvalha/id=c1726.01-per6
23:                ls$morta/antes
24: 
25:          test$domingos joao palaio/id=c1726.01-per7
26:             ls$residencia/delgados
27: 
28:          test$antonio martins/id=c1726.01-per8
29:             ls$residencia/delgados
30: 
31:          test$mateus carvalho/id=1726-c01-mateus
32:             ls$residencia/mogadouro
33: 
34:          test$maria goncalves/id=c1726.01-per9
35:             ls$residencia/mogadouro
36:             rel$parentesco/mulher/mateus carvalho/1726-c01-mateus
37: 
38:       cas$c1726.2/9/2/1726/fol.332-332v/local__igreja de sao tiago/celebrante__manuel rodrigues
39: 
40: cas$c1726.2
40:          noivo$joao rodrigues/id=c1726.2-per1
41:             ls$residencia/bonitos
42: 
43:             pnoivo$antonio coelho/id=c1726.2-per2
44:                ls$residencia/bonitos
45: 
46:             mnoivo$isabel dos santos/id=c1726.2-per3
47: 
48:          noiva$maria carvalha/id=c1726.2-per4
49:             ls$residencia/casais da misericordia
50: 
51:             pnoiva$domingos rodrigues/id=c1726.2-per5
52:                ls$residencia/casais da misericordia
53: 
54:             mnoiva$domingas carvalha/id=c1726.2-per6
55: 
56:          test$joao da silva/id=c1726.2-per7
57:             ls$residencia/casais da misericordia
58: 
59:          test$joao manual dias/id=c1726.2-per8
60:             ls$residencia/casais da misericordia
61:             ls$profissao/padre
62: 
63:          test$manuel domingos/id=c1726.2-per9
64:             ls$alcunha/o moco
65:             ls$residencia/casais da misericordia
66: 
67:       cas$c1726.3/14/2/1726/fol.332v/local__igreja de sao tiago/celebrante__vigario jose rodrigues de carvalho
68: 
69: cas$c1726.3
69:          noivo$mateus rodrigues cardoso/id=c1726.3-per1
70:             ls$residencia/porto coelheiro
71: 
72:             pnoivo$manuel rodrigues/id=c1726.3-per2
73:                ls$cargo/capitao
74:                ls$residencia/porto coelheiro
75: 
76:             mnoivo$isabel cardosa/id=c1726.3-per3
77: 
78:          noiva$maria rodrigues/id=c1726.3-per4
79:             ls$residencia/porto coelheiro
80: 
81:             pnoiva$manuel da costa/id=c1726.3-per5
82:                ls$residencia/porto coelheiro
83: 
84:             mnoiva$maria rodrigues/id=c1726.3-per6
85: 
86:          test$manuel soares/id=c1726.3-per7
87:             ls$residencia/paleao
88: 
89:          test$manuel cardoso/id=c1726.3-per8
90:             ls$residencia/porto coelheiro
91: 
92:          test$manuel rodrigues calhau/id=c1726.3-per9
93:             ls$alcunha/o velho
94:             ls$residencia/porto coelheiro
95: 
96:          test$manuel rodrigues calhau/id=c1726.3-per10
97:             ls$alcunha/o moco
98:             ls$residencia/porto coelheiro
99: 
100:       cas$c1726.4/16/2/1726/fol.332v-333/local__igreja de sao tiago/celebrante__manuel rodrigues
101: 
102: cas$c1726.4
102:          noivo$manuel nunes/id=c1726.4-per1
103:             ls$residencia/casa velha
104: 
105:             pnoivo$jose nunes/id=c1726.4-per2
106:                ls$residencia/casa velha
107: 
108:             mnoivo$mariana da costa/id=c1726.4-per3
109: 
110:          noiva$isabel pereira/id=c1726.4-per4
111:             ls$residencia/casa velha
112: 
113:             pnoiva$jeronimo goncalves/id=c1726.4-per5
114:                ls$residencia/casa velha
115:                ls$morto/antes
116: 
117:             mnoiva$agueda pereira/id=c1726.4-per6
118:                ls$morta/antes
119: 
120:          test$antonio lopes/id=c1726.4-per7
121:             ls$residencia/soure
122: 
123:          test$mateus cardoso/id=c1726.4-per8
124:             ls$residencia/soure
125: 
126:          test$joao alves/id=c1726.4-per9
127:             ls$residencia/casa velha
128: 
129:          test$manuel goncalves/id=c1726.4-per10
130:             ls$residencia/casal do leonel
131: 
132:       cas$c1726.5/21/1/1726/fol.333/local__igreja de sao tiago/celebrante__manuel rodrigues
133: 
134: cas$c1726.5
134:          noivo$pedro rodrigues da cruz/id=c1726.5-per1
135:             ls$residencia/granja do ulmeiro
136: 
137:             pnoivo$pedro rodrigues da cruz/id=c1726.5-per2
138:                ls$residencia/granja do ulmeiro
139: 
140:             mnoivo$esperanca francisca/id=c1726.5-per3
141:                ls$morta/antes
142: 
143:          noiva$leonor da silva da conceicao/id=c1726.5-per4
144:             ls$residencia/soure
145: 
146:             pnoiva$manuel goncalves vargas/id=c1726.5-per5
147:                ls$residencia/soure
148: 
149:             mnoiva$maria da silva/id=c1726.5-per6
150: 
151:          test$antonio de abreu da costa branco/id=c1726.5-per7
152:             ls$titulo/doutor
153:             ls$residencia/soure
154: 
155:          test$joao de deus/id=c1726.5-per8
156:             ls$profissao/padre
157:             ls$residencia/soure
158: 
159:          test$antonio ferreira/id=c1726.5-per9
160:             ls$profissao/rendeiro
161:             ls$residencia/soure
162: 
163:          test$mateus cardoso/id=c1726.5-per10
164:             ls$residencia/soure
165: 
166:       cas$c1726.6/21/1/1726/fol.333-333v/local__igreja de sao tiago/celebrante__manuel rodrigues
167: 
168: cas$c1726.6
168:          noivo$manuel joao/id=c1726.6-per1
169:             ls$residencia/casconho
170: 
171:             pnoivo$antonio joao/id=c1726.6-per2
172:                ls$residencia/casconho
173: 
174:             mnoivo$maria joao/id=c1726.6-per3
175: 
176:          noiva$maria de oliveira/id=c1726.6-per4
177:             ls$residencia/casconho
178: 
179:             pnoiva$simao rodrigues/id=c1726.6-per5
180:                ls$residencia/casconho
181: 
182:             mnoiva$antonia de oliveira/id=c1726.6-per6
183: 
184:          test$antonio domingos/id=c1726.6-per7
185:             ls$residencia/casconho
186: 
187:          test$antonio simoes/id=c1726.6-per8
188:             ls$residencia/casconho
189: 
190:          test$manuel domingos/id=c1726.6-per9
191:             ls$residencia/casconho
192: 
193:          test$manuel joao/id=c1726.6-per10
194:             ls$residencia/casconho
195: 
196:       cas$c1726.7/11/2/1726/fol.333v/local__igreja de sao tiago/celebrante__manuel rodrigues
197: 
198: cas$c1726.7
198:          noivo$domingos francisco/id=c1726.7-per1
199:             ls$residencia/casconho
200: 
201:             pnoivo$joao francisco/id=c1726.7-per2
202:                ls$residencia/casconho
203:                ls$morto/antes
204: 
205:             mnoivo$isabel rodrigues/id=c1726.7-per3
206: 
207:          noiva$maria lopes/id=c1726.7-per4
208:             ls$residencia/casconho
209: 
210:             pnoiva$simao domingos/id=c1726.7-per5
211:                ls$residencia/casconho
212: 
213:             mnoiva$isabel lopes/id=c1726.7-per6
214: 
215:          test$domingos lourenco/id=c1726.7-per7
216:             ls$residencia/casconho
217: 
218:          test$pedro francisco/id=c1726.7-per8
219:             ls$residencia/casconho
220: 
221:          test$manuel domingues/id=c1726.7-per9
222:             ls$residencia/casconho
223: 
224:          test$domingos simao/id=c1726.7-per10
225:             ls$residencia/casconho
226: 
227:       cas$c1726.8/11/2/1726/fol.333v/local__igreja de sao tiago/celebrante__manuel rodrigues
228: 
229: cas$c1726.8
229:          noivo$jose rodrigues/id=c1726.8-per1
230:             ls$residencia/vale de nabal
231: 
232:             pnoivo$manuel rodrigues diogo/id=c1726.8-per2
233:                ls$naturalidade/vale da borra
234:                ls$residencia/vale de nabal
235:                ls$morto/antes
236: 
237:             mnoivo$maria rodrigues/id=c1726.8-per3
238: 
239:          noiva$ana maria/id=c1726.8-per4
240:             ls$residencia/fonte da bica
241: 
242:             pnoiva$antonio joao/id=c1726.8-per5
243:                ls$residencia/fonte da bica
244: 
245:             mnoiva$maria francisca/id=c1726.8-per6
246: 
247:          test$manuel jorge/id=c1726.8-per7
248:             ls$alcunha/o velho
249:             ls$residencia/casal de marzagao
250: 
251:          test$manuel rodrigues/id=c1726.8-per8
252:             ls$residencia/casal de marzagao
253: 
254:          test$alexandre francisco/id=c1726.8-per9
255:             ls$residencia/casal da bica
256: 
257:          test$manuel rodrigues sereno/id=c1726.8-per10
258:             ls$residencia/casal de marzagao
259: 
260:       cas$c1726.9/11/2/1726/fol.333v-334/local__igreja de sao tiago/celebrante__manuel de vasconcelos
261: 
262: cas$c1726.9
262:          noivo$joao da silva/id=c1726.9-per1
263:             ls$residencia/vale da borra
264: 
265:             pnoivo$manuel luis/id=c1726.9-per2
266:                ls$residencia/vale da borra
267:                ls$morto/antes
268: 
269:             mnoivo$maria da silva/id=c1726.9-per3
270:                ls$morta/antes
271: 
272:          noiva$maria goncalves/id=c1726.9-per4
273:             ls$residencia/vale da borra
274: 
275:             pnoiva$manuel goncalves/id=c1726.9-per5
276:                ls$residencia/vale da borra
277:                ls$morto/antes
278: 
279:             mnoiva$maria rodrigues/id=c1726.9-per6
280:                ls$morta/antes
281: 
282:          test$jose rodrigues/id=c1726.9-per7
283:             ls$residencia/casal da venda
284: 
285:          test$mateus cardoso/id=c1726.9-per8
286:             ls$residencia/soure
287: 
288:          test$joao dinis/obs=duvida no nome/id=c1726.9-per9
289:             ls$residencia/vale da borra
290: 
291:       cas$c1726.10/18/2/1726/fol.334/local__igreja de sao tiago/celebrante__manuel rodrigues/obs=os noivos tem consanguinidade de quarto grau
292: 
293: cas$c1726.10
293:          noivo$manuel goncalves ferreia%fa./id=c1726.10-per1
294:             ls$residencia/alecarce de baixo
295:             rel$parentesco/consanguinidade de quarto grau/maria goncalves/1726-c10-maria
296: 
297:             pnoivo$martinho goncalves/id=c1726.10-per2
298:                ls$residencia/alencarce de baixo
299: 
300:             mnoivo$antonia ferreira/id=c1726.10-per3
301: 
302:          noiva$maria goncalves/id=1726-c10-maria
303:             ls$residencia/casal do leonel
304: 
305:             pnoiva$manuel goncalves/id=c1726.10-per4
306:                ls$residencia/casal do leonel
307: 
308:             mnoiva$maria gomes/id=c1726.10-per5
309: 
310:          test$manuel ferreira/id=c1726.10-per6
311:             ls$residencia/areias
312: 
313:          test$joao madeira/id=c1726.10-per7
314:             ls$residencia/carvalheira de baixo
315: 
316:          test$manuel goncalves/id=c1726.10-per8
317:             ls$residencia/alencarce de baixo
318: 
319:          test$domingos goncalves/id=c1726.10-per9
320:             ls$residencia/alencarce de baixo
321: 
322:       cas$c1726.11/6/4/1726/fol.334-334v/local__ermida de sao joao em paleao/celebrante__manuel rodrigues
323: 
324: cas$c1726.11
324:          noivo$jose gaspar/id=c1726.11-per1
325:             ls$residencia/paleao
326: 
327:             pnoivo$manuel gomes valente/id=c1726.11-per2
328:                ls$residencia/paleao
329:                ls$morto/antes
330: 
331:             mnoivo$ana gaspar/id=c1726.11-per3
332:                ls$morta/antes
333: 
334:          noiva$antonia soares/id=c1726.11-per4
335:             ls$residencia/paleao
336: 
337:             pnoiva$joao soares/id=c1726.11-per5
338:                ls$residencia/paleao
339:                ls$morto/antes
340: 
341:             mnoiva$domingas leao/id=c1726.11-per6
342:                ls$morta/antes
343: 
344:          test$jose gante/id=c1726.11-per7
345:             ls$cargo/padre
346:             ls$residencia/paleao
347: 
348:          test$antonio gaspar/id=c1726.11-per8
349:             ls$ec/solteiro
350:             ls$residencia/paleao
351: 
352:          test$luis ferreira/id=c1726.11-per9
353:             ls$residencia/paleao
354: 
355:          test$antonio soares/id=c1726.11-per10
356:             ls$residencia/paleao
357: 
358:       cas$c1726.12/29/4/1726/fol.334v/local__igreja de sao tiago/celebrante__capelao manuel duarte
359: 
360: cas$c1726.12
360:          noivo$lourenco rodrigues/id=c1726.12-per1
361:             ls$residencia/vinha da rainha
362:             ls$ec/viuvo
363: 
364:             pnoivo$manuel domingues/id=c1726.12-per2
365:                ls$residencia/vinha da rainha
366: 
367:             mnoivo$maria rodrigues/id=c1726.12-per3
368:                ls$morta/antes
369: 
370:             mulher1$maria rodrigues/id=c1726.12-per4
371:                ls$residencia/vale da borra
372: 
373:                pmulher1$manuel rodrigues/id=c1726.12-per5
374:                   ls$residencia/vale da borra
375: 
376:                mmulher1$maria goncalves/id=c1726.12-per6
377: 
378:          noiva$maria goncalves/id=c1726.12-per7
379:             ls$residencia/casalinhos
380: 
381:             pnoiva$joao rodrigues calado/id=c1726.12-per8
382:                ls$residencia/casalinhos
383:                ls$morto/antes
384: 
385:             mnoiva$maria goncalves/id=c1726.12-per9
386:                ls$morta/antes
387: 
388:          test$manuel rodrigues serrao/id=c1726.12-per10
389:             ls$residencia/soure
390: 
391:          test$joao goncalves/id=c1726.12-per11
392:             ls$residencia/beltroes
393: 
394:          test$mateus cardoso/id=c1726.12-per12
395: 
396:          test$luis/id=c1726.12-per13
397:             ls$ec/solteiro
398:             rel$parentesco/filho/manuel alves/1726-c12-manuel
399: 
400:          referido$manuel alves/id=1726-c12-manuel
401: 
402:       cas$c1726.13/5/5/1726/fol.335/local__igreja de sao tiago/celebrante__frei joao gaspar
403: 
404: cas$c1726.13
404:          noivo$francisco carvalho/id=c1726.13-per1
405:             ls$residencia/redinha
406:             ls$ec/viuvo
407: 
408:             pnoivo$antonio carvalho/id=c1726.13-per2
409:                ls$residencia/redinha
410: 
411:             mnoivo$maria francisca/id=c1726.13-per3
412:                ls$morta/antes
413: 
414:             mulher1$antonia barreta/id=c1726.13-per4
415:                ls$residencia/redinha
416: 
417:                pmulher1$joao barreto/id=c1726.13-per5
418:                   ls$residencia/redinha
419: 
420:                mmulher1$isabel rodrigues/id=c1726.13-per6
421: 
422:             mulher2$ana gaspar/id=c1726.13-per7
423:                ls$residencia/mogadouro
424: 
425:                pmulher2$gaspar francisco/id=c1726.13-per8
426:                   ls$residencia/mogadouro
427:                   ls$morto/antes
428: 
429:                mmulher2$maria madeira/id=c1726.13-per9
430:                   ls$morta/antes
431: 
432:          noiva$maria rodrigues/id=c1726.13-per10
433:             ls$residencia/casconho
434: 
435:             pnoiva$manuel rodrigues/id=c1726.13-per11
436:                ls$residencia/casconho
437:                ls$morto/antes
438: 
439:             mnoiva$antonia simoes/id=c1726.13-per12
440:                ls$morta/antes
441: 
442:          test$manuel rodrigues/id=c1726.13-per13
443:             ls$residencia/redinha
444: 
445:          test$jose da silva/id=c1726.13-per14
446:             ls$residencia/casconho
447: 
448:          test$bernardo carvalho/id=c1726.13-per15
449:             ls$residencia/delgados
450: 
451:          test$mateus cardoso/id=c1726.13-per16
452:             ls$residencia/soure
453: 
454:       cas$c1726.14/30/5/1726/fol.335-335v/local__igreja de sao tiago/celebrante__manuel rodrigues
455: 
456: cas$c1726.14
456:          noivo$jose simoes/id=c1726.14-per1
457:             ls$residencia/casa velha
458: 
459:             pnoivo$joao simoes/id=c1726.14-per2
460:                ls$residencia/casa velha
461:                ls$morto/antes
462: 
463:             mnoivo$joana dos santos/id=c1726.14-per3
464: 
465:          noiva$teresa da costa/id=c1726.14-per4
466:             ls$residencia/casa velha
467: 
468:             pnoiva$manuel francisco gabriel/id=c1726.14-per5
469:                ls$residencia/casa velha
470:                ls$morto/antes
471: 
472:             mnoiva$joana da costa/id=c1726.14-per6
473:                ls$morta/antes
474: 
475:          test$pedro gomes/id=c1726.14-per7
476:             ls$residencia/casa velha
477: 
478:          test$manuel francisco gabriel/id=c1726.14-per8
479:             ls$residencia/casa velha
480: 
481:          test$jose luis/id=c1726.14-per9
482:             ls$residencia/casa velha
483: 
484:          test$mateus cardoso/id=c1726.14-per10
485:             ls$residencia/ soure
486: 
487:       cas$c1726.16/4/8/1726/fol.335v/local__igreja de sao tiago/celebrante__manuel rodrigues
488: 
489: cas$c1726.16
489:          noivo$paulo da gante/id=c1726.16-per1
490:             ls$residencia/sao mateus
491:             ls$ec/viuvo
492: 
493:             pnoivo$antonio da gante/id=c1726.16-per2
494:                ls$residencia/sao mateus
495:                ls$morto/antes
496: 
497:             mnoivo$maria rodrigues guimara/id=c1726.16-per3
498:                ls$morta/antes
499: 
500:             mulher1$barbosa de oliveira/id=c1726.16-per4
501:                ls$residencia/paleao
502: 
503:                pmulher1$manuel de oliveira/id=c1726.16-per5
504:                   ls$residencia/paleao
505:                   ls$morto/antes
506: 
507:                mmulher1$maria rodrigues/id=c1726.16-per6
508:                   ls$morta/antes
509: 
510:          noiva$maria rodrigues/id=c1726.16-per7
511:             ls$residencia/mogadouro
512: 
513:             pnoiva$manuel alves/id=c1726.16-per8
514:                ls$residencia/mogadouro
515:                ls$morto/antes
516: 
517:             mnoiva$maria rodrigues/id=c1726.16-per9
518:                ls$morta/antes
519: 
520:          test$manuel domingues/id=c1726.16-per10
521:             ls$ec/solteiro
522:             ls$residencia/paleao
523: 
524:          test$francisco carvalho/id=1726-c16-francisco
525:             ls$residencia/mogadouro
526: 
527:          test$maria rodrigues/id=c1726.16-per11
528:             ls$residencia/mogadouro
529:             rel$parentesco/mulher/francisco carvalho/1726-c16-francisco
530: 
531:          test$maria manuel/id=c1726.16-per12
532:             ls$residencia/mogadouro
533: 
534:       cas$c1726.17/12/8/1727/fol.335v-336/local__igreja de sao tiago/celebrante__manuel rodrigues
535: 
536: cas$c1726.17
536:          noivo$joao da silva/id=c1726.17-per1
537:             ls$residencia/corujeira
538: 
539:             pnoivo$manuel jorge/id=c1726.17-per2
540:                ls$residencia/corujeira
541: 
542:             mnoivo$sebastiana da silva/id=c1726.17-per3
543: 
544:          noiva$antonia do sacramento/id=c1726.17-per4
545:             ls$residencia/simoes
546: 
547:             pnoiva$manuel francisco/id=c1726.17-per5
548:                ls$residencia/simoes
549: 
550:             mnoiva$antonia rodrigues/id=c1726.17-per6
551:                ls$morta/antes
552: 
553:          test$jose luis/id=c1726.17-per7
554:             ls$residencia/corujeira
555: 
556:          test$antonio goncalves ventura/id=c1726.17-per8
557:             ls$residencia/corujeira
558: 
559:          test$diogo francisco/id=c1726.17-per9
560:             ls$residencia/simoes
561: 
562:          test$manuel francisco/id=c1726.17-per10
563:             ls$residencia/simoes
564: 
565:       cas$c1726.18/26/9/1726/fol.336/local__igreja de sao tiago/celebrante__manuel rodrigues
566: 
567: cas$c1726.18
567:          noivo$antonio aires/id=c1726.18-per1
568:             ls$residencia/belide
569:             ls$ec/viuvo
570: 
571:             pnoivo$joao aires/id=c1726.18-per2
572:                ls$residencia/belide
573:                ls$morta/antes
574: 
575:             mnoivo$maria/id=c1726.18-per3
576: 
577:             mulher1$ana coelha/id=c1726.18-per4
578:                ls$residencia/espirito santo
579: 
580:                pmulher1$domingos mateus/id=c1726.18-per5
581:                   ls$residencia/espirito santo
582:                   ls$morto/antes
583: 
584:                mmulher1$lucrecia coelha/id=c1726.18-per6
585:                   ls$morta/antes
586: 
587:          noiva$maria simoes/id=c1726.18-per7
588:             ls$residencia/ega
589:             ls$ec/viuva
590: 
591:             pnoiva$manuel ferreira/id=c1726.18-per8
592:                ls$residencia/ega
593: 
594:             mnoiva$domingas simoes/id=c1726.18-per9
595:                ls$morta/antes
596: 
597:             marido1$jose francisco/id=c1726.18-per10
598:                ls$residencia/figueiro do campo
599: 
600:                pmarido1$manuel francisco/id=c1726.18-per11
601:                   ls$residencia/figueiro do campo
602:                   ls$morto/antes
603: 
604:                mmarido1$maria francisca/id=c1726.18-per12
605:                   ls$morta/antes
606: 
607:          test$francisco godinho/id=c1726.18-per13
608:             ls$residencia/pouca pena
609: 
610:          test$manuel francisco/id=c1726.18-per14
611:             ls$residencia/casal do senhor
612: 
613:          test$mariana nunes/id=c1726.18-per15
614:             ls$residencia/espirito santo
615:             rel$parentesco/mulher/manuel goncalves/1726-c18-manuel
616: 
617:          test$luis/id=c1726.18-per16
618:             ls$ec/solteiro
619:             rel$parentesco/filho/manuel alves/1726-c18-alves
620:             ls$residencia/soure
621: 
622:          referido$manuel goncalves/id=1726-c18-manuel
623: 
624:          referido$manuel alves/id=1726-c18-alves
625: 
626:       cas$c1726.19/30/9/1726/fol.336-336v/local__igreja de sao tiago/celebrante__manuel rodrigues
627: 
628: cas$c1726.19
628:          noivo$manuel mateus/id=c1726.19-per1
629:             ls$residencia/soure
630: 
631:             pnoivo$antonio mateus/id=c1726.19-per2
632:                ls$residencia/soure
633: 
634:             mnoivo$esperanca simoes/id=c1726.19-per3
635: 
636:          noiva$maria rodrigues/id=c1726.19-per4
637:             ls$residencia/sobral
638: 
639:             pnoiva$domingos goncalves/id=c1726.19-per5
640:                ls$residencia/sobral
641: 
642:             mnoiva$margarida rodrigues/id=c1726.19-per6
643: 
644:          test$joao simoes/id=c1726.19-per7
645:             ls$residencia/sobral
646: 
647:          test$miguel rodrigues/id=c1726.19-per8
648:             ls$residencia/sobral
649: 
650:          test$antonio dos santos/id=c1726.19-per9
651:             ls$residencia/sobral
652: 
653:          test$manuel rodrigues centeio/id=c1726.19-per10
654:             ls$residencia/sobral
655: 
656:       cas$c1726.20/7/10/1726/fol.336v/local__igreja de sao tiago/celebrante__manuel rodrigues/obs=os noivos tem consanguinidade de quarto grau
657: 
658: cas$c1726.20
658:          noivo$manuel francisco/id=c1726.20-per1
659:             ls$residencia/cavaleiros
660:             rel$parentesco/consanguinidade de quarto grau/antonia goncalves/1726-c20-antonia
661: 
662:             pnoivo$antonio francisco/id=c1726.20-per2
663:                ls$residencia/cavaleiros
664: 
665:             mnoivo$teresa cardosa/id=c1726.20-per3
666: 
667:          noiva$antonia goncalves/id=1726-c20-antonia
668:             ls$residencia/portela
669: 
670:             pnoiva$jose goncalves/id=c1726.20-per4
671:                ls$residencia/portela
672: 
673:             mnoiva$isabel rodrigues/id=c1726.20-per5
674: 
675:          test$joao goncalves/id=c1726.20-per6
676:             ls$residencia/alencarce de baixo
677: 
678:          test$manuel goncalves/id=c1726.20-per7
679:             ls$residencia/alencarce de baixo
680: 
681:          test$manuel rodrigues/id=c1726.20-per8
682:             ls$residencia/casal da portela
683: 
684:          test$manuel ferreira%fa./id=c1726.20-per9
685:             ls$residencia/casal do marco
686: 
687:       cas$c1726.21/7/10/1726/fol.336v-337/local__igreja de sao tiago/celebrante__manuel rodrigues
688: 
689: cas$c1726.21
689:          noivo$luis dias/id=c1726.21-per1
690:             ls$residencia/soure
691: 
692:             pnoivo$jose dias/id=c1726.21-per2
693:                ls$residencia/soure
694: 
695:             mnoivo$isabel francisca/id=c1726.21-per3
696: 
697:          noiva$domingas simoes/id=c1726.21-per4
698:             ls$residencia/sobral
699: 
700:             pnoiva$antonio simoes/id=c1726.21-per5
701:                ls$residencia/sobral
702:                ls$morto/antes
703: 
704:             mnoiva$isabel francisca/id=c1726.21-per6
705:                ls$morta/antes
706: 
707:          test$manuel dias/id=c1726.21-per7
708:             ls$residencia/soure
709: 
710:          test$manuel mendes/id=c1726.21-per8
711:             ls$residencia/soure
712: 
713:          test$luis de seabra jacques/id=c1726.21-per9
714:             ls$profissao/padre
715:             ls$residencia/soure
716: 
717:          test$manuel dias/id=c1726.21-per10
718:             ls$profissao/padre
719:             ls$residencia/soure
720: 
721:       cas$c1726.22/21/10/1726/fol.337-337v/local__igreja de sao tiago/celebrante__manuel rodrigues
722: 
723: cas$c1726.22
723:          noivo$joao francisco/id=c1726.22-per1
724:             ls$residencia/simoes
725: 
726:             pnoivo$manuel francisco/id=c1726.22-per2
727:                ls$residencia/simoes
728:                ls$morto/antes
729: 
730:             mnoivo$antonia rodrigues/id=c1726.22-per3
731:                ls$morta/antes
732: 
733:          noiva$ana dos santos/id=c1726.22-per4
734:             ls$residencia/simoes
735: 
736:             pnoiva$manuel simoes raposo/id=c1726.22-per5
737:                ls$residencia/simoes
738:                ls$morto/antes
739: 
740:             mnoiva$maria rodrigues/id=c1726.22-per6
741:                ls$morta/antes
742: 
743:          test$pedro joao/id=c1726.22-per7
744:             ls$residencia/casais da misericordia
745: 
746:          test$manuel goncalves branco/id=c1726.22-per8
747:             ls$alcunha/o moco
748:             ls$residencia/mogadouro
749: 
750:          test$alexandre francisco/id=c1726.22-per9
751:             ls$residencia/fonte da bica
752: 
753:          test$sebastiao simoes/id=c1726.22-per10
754:             ls$residencia/simoes
755: 
756:       cas$c1726.23/29/12/1726/fol.337v/local__igreja de sao tiago/celebrante__manuel alvaro
757: 
758: cas$c1726.23
758:          noivo$jose ferreira%fa./id=c1726.23-per1
759:             ls$residencia/mogadouro
760: 
761:             pnoivo$antonio ferreira/id=c1726.23-per2
762:                ls$residencia/mogadouro
763:                ls$morto/antes
764: 
765:             mnoivo$domingas simoes/id=c1726.23-per3
766: 
767:          noiva$maria gaspar/id=c1726.23-per4
768:             ls$residencia/mogadouro
769: 
770:             pnoiva$manuel martins/id=c1726.23-per5
771:                ls$residencia/mogadouro
772: 
773:             mnoiva$maria gaspar/id=c1726.23-per6
774:                ls$residencia/mogadouro
775:                ls$morta/antes
776: 
777:          test$manuel goncalves branco/id=c1726.23-per7
778:             ls$alcunha/o velho
779:             ls$residencia/mogadouro
780: 
781:          test$manuel goncalves branco/id=c1726.23-per8
782:             ls$alcunha/o moco
783:             ls$residencia/mogadouro
784: 
785:          test$mateus carvalho/id=c1726.23-per9
786:             ls$residencia/mogadouro
787: 
788:          test$joao francisco/id=c1726.23-per10
789:             ls$residencia/mogadouro
790: *** End of File
** Processed file- /Users/jrc/mhk-home/sources/soure/soure-sources/sources/soure_fase2/cas1726.cli
** Original file- /Users/jrc/mhk-home/sources/soure/soure-sources/sources/soure_fase2/cas1726.org
** Previous version- /Users/jrc/mhk-home/sources/soure/soure-sources/sources/soure_fase2/cas1726.old
** Temp file with ids- /Users/jrc/mhk-home/sources/soure/soure-sources/sources/soure_fase2/cas1726.ids
0  errors. 
0  warnings.
Translation finished.
