ClioInput - version @@VERSION@@ - build @@BUILD@@ @@DATE@@
10-8-2018 15-23

Processing data file /Users/jrc/mhk-home/sources/soure/documents/soure2/cas1722.cli
-------------------------------------------
Generic Act translation module with geoentities (XML).
     Joaquim Ramos de Carvalho (joaquim@uc.pt) 
** New document: kleio
=========================
kleio translation started
=========================
Structure: gacto2.str
Prefix: 
Autorel: 
Translation count: 
Obs: 
Translation count not set or invalid, counting as zero: 
** Processing source fonte$casamentos 1722
6: cas$c1722.01
30: cas$c1722.2
66: cas$c1722.3
109: cas$c1722.4
142: cas$c1722.5
173: cas$c1722.6
204: cas$c1722.7
240: cas$c1722.8
272: cas$c1722.9
304: cas$c1722.10
336: cas$c1722.11
366: cas$c1722.12
394: cas$c1722.13
425: cas$c1722.14
457: cas$c1722.15
491: cas$c1722.16
523: cas$c1722.17
560: cas$c1722.18
589: cas$c1722.19
620: cas$c1722.20
650: cas$c1722.21
682: cas$c1722.22
725: cas$c1722.23
757: cas$c1722.24
790: cas$c1722.25
828: cas$c1722.26
861: cas$c1722.27
*** End of File
** Processed file- /Users/jrc/mhk-home/sources/soure/documents/soure2/cas1722.cli
** Original file- /Users/jrc/mhk-home/sources/soure/documents/soure2/cas1722.org
** Previous version- /Users/jrc/mhk-home/sources/soure/documents/soure2/cas1722.old
** Temp file with ids- /Users/jrc/mhk-home/sources/soure/documents/soure2/cas1722.ids
0  errors. 
0  warnings.
Translation finished.
