ClioInput - version @@VERSION@@ - build @@BUILD@@ @@DATE@@
13-6-2019 22-51

Processing data file cas1724.cli
-------------------------------------------
Generic Act translation module with geoentities (XML).
     Joaquim Ramos de Carvalho (joaquim@uc.pt) 
** New document: kleio
1: kleio$gacto2.str/translations=2
=========================
kleio translation started
=========================
Structure: gacto2.str
Prefix: 
Autorel: 
Translation count: 2
Obs: 
2:    fonte$casamentos 1724/1724/paroquiais/auc/obs=em muito mau estado
3: 
** Processing source fonte$casamentos 1724
4:       cas$c1724.01/2/1/1724/fol.315v/local__igreja de sao tiago/celebrante__vigario manuel rodrigues
5: 
6: cas$c1724.01
6:          noivo$manuel bras/id=c1724.01-per1
7:             ls$residencia/casal das casas brancas
8:             ls$freguesia/sao tiago no lourical
9: 
10:             pnoivo$manuel bras/id=c1724.01-per2
11:                ls$residencia/casal das casas brancas
12:                ls$freguesia/soa tiago no lourical
13:                ls$morto/antes
14: 
15:             mnoivo$maria domingues/id=c1724.01-per3
16:                ls$morta/antes
17: 
18:          noiva$maria da costa/id=c1724.01-per4
19:             ls$residencia/soure
20: 
21:             pnoiva$francisco lopes/id=c1724.01-per5
22:                ls$alcunha/o labias
23:                ls$residencia/soure
24: 
25:             mnoiva$catarina rodrigues/id=c1724.01-per6
26: 
27:          test$jose marques/id=c1724.01-per7
28:             ls$residencia/soure
29: 
30:          test$jose henriques/id=c1724.01-per8
31:             ls$residencia/soure
32: 
33:          test$francisco rodrigues/id=c1724.01-per9
34:             ls$residencia/soure
35: 
36:          test$mateus cardoso/id=c1724.01-per10
37:             ls$residencia/soure
38: 
39:       cas$c1724.2/24/1/1724/fol.315v-316/local__igreja de sao tiago/celebrante__vigario manuel rodrigues
40: 
41: cas$c1724.2
41:          noivo$manuel de campos/id=c1724.2-per1
42:             ls$residencia/carvalheira de cima
43: 
44:             pnoivo$jordao de campos/id=c1724.2-per2
45:                ls$residencia/carvalheira de cima
46: 
47:             mnoivo$feliciana da costa/id=c1724.2-per3
48: 
49:          noiva$vicencia rodrigues/id=c1724.2-per4
50:             ls$residencia/porto coelheiro
51: 
52:             pnoiva$vicente rodrigues/id=c1724.2-per5
53:                ls$residencia/porto coelheiro
54:                ls$morto/antes
55: 
56:             mnoiva$maria alves/id=c1724.2-per6
57:                ls$morta/antes
58: 
59:          test$jose simoes/id=c1724.2-per7
60:             ls$residencia/presa
61: 
62:          test$miguel rodrigues/id=c1724.2-per8
63:             ls$residencia/carvalheira de cima
64: 
65:          test$lazaro madeira/id=c1724.2-per9
66:             ls$residencia/carvalheira de cima
67: 
68:          test$antonio rodrigues/id=c1724.2-per10
69:             ls$residencia/porto coelheiro
70: 
71:       cas$c1724.3/25/1/1724/fol.316/local__igreja de sao tiago/celebrante__vigario manuel rodrigues
72: 
73: cas$c1724.3
73:          noivo$sebastiao antunes/id=c1724.3-per1
74:             ls$residencia/assamassa
75: 
76:             pnoivo$joao antunes/id=c1724.3-per2
77:                ls$residencia/assamassa
78: 
79:             mnoivo$? alves/obs=duvidas no nome/id=c1724.3-per3
80: 
81:          noiva$francisca domingues/id=c1724.3-per4
82:             ls$residencia/cavaleiros
83: 
84:             pnoiva$jose domingues/id=c1724.3-per5
85:                ls$residencia/cavaleiros
86: 
87:             mnoiva$maria joao/id=c1724.3-per6
88: 
89:          test$sebastiao ferreira/id=c1724.3-per7
90:             ls$profissao/padre
91:             ls$residencia/assamassa
92: 
93:          test$paulo antunes/id=c1724.3-per8
94:             ls$profissao/padre
95:             ls$residencia/assamassa
96: 
97:          test$joao rodrigues/id=c1724.3-per9
98:             ls$residencia/assamassa
99: 
100:          test$joao da costa/id=c1724.3-per10
101:             ls$residencia/assamassa
102: 
103:       cas$c1724.4/7/2/1724/fol.316v/local__igreja de sao tiago/celebrante__vigario manuel rodrigues
104: 
105: cas$c1724.4
105:          noivo$manuel rodrigues/id=c1724.4-per1
106:             ls$residencia/lagem
107: 
108:             pnoivo$manuel rodrigues/id=c1724.4-per2
109:                ls$residencia/lagem
110: 
111:             mnoivo$luisa francisca/id=c1724.4-per3
112: 
113:          noiva$maria madeira/id=c1724.4-per4
114:             ls$residencia/pinheiro
115: 
116:             pnoiva$joao goncalves bizarro/id=c1724.4-per5
117:                ls$residencia/pinheiro
118: 
119:             mnoiva$maria madeira/id=c1724.4-per6
120: 
121:          test$martins da costa/id=c1724.4-per7
122:             ls$profissao/padre
123:             ls$residencia/pinheiro
124: 
125:          test$francisco lopes/id=c1724.4-per8
126:             ls$residencia/pinheiro
127: 
128:          test$mateus rodrigues/id=c1724.4-per9
129:             ls$residencia/pinheiro
130: 
131:          test$manuel da costa/id=c1724.4-per10
132:             ls$residencia/cavaleiros
133: 
134:       cas$c1724.5/14/2/1724/fol.316v317/local__igreja de sao tiago/celebrante__vigario manuel rodrigues
135: 
136: cas$c1724.5
136:          noivo$manuel mendes/id=c1724.5-per1
137:             ls$ec/viuvo
138:             ls$residencia/rua das pedreiras em soure
139: 
140:             pnoivo$antonio francisco baralhao/id=c1724.5-per2
141:                ls$residencia/rua das pedreiras em soure
142: 
143:             mnoivo$maria mendes/id=c1724.5-per3
144: 
145:          noiva$luisa pedrosa/id=c1724.5-per4
146:             ls$residencia/lousoes
147: 
148:             pnoiva$antonio simoes barroso/id=c1724.5-per5
149:                ls$residencia/lousoes
150:                ls$morto/antes
151: 
152:             mnoiva$maria pedrosa/id=c1724.5-per6
153:                ls$morta/antes
154: 
155:          mulher1$maria da gante/id=c1724.5-per7
156: 
157:             pmulher1$manuel andre/id=c1724.5-per8
158: 
159:             mmulher1$maria da gante/id=c1724.5-per9
160: 
161:          test$francisco da trindade/id=c1724.5-per10
162:             ls$residencia/soure
163: 
164:          test$manuel de brito/id=c1724.5-per11
165:             ls$residencia/soure
166: 
167:          test$manuel dias/id=c1724.5-per12
168:             ls$residencia/soure
169: 
170:          test$lourenco dias/id=c1724.5-per13
171:             ls$residencia/soure
172: 
173:       cas$c1724.6/21/1/1724/fol.317/local__igreja de sao tiago/celebrante__vigario manuel rodrigues
174: 
175: cas$c1724.6
175:          noivo$joao lopes/id=c1724.6-per1
176:             ls$residencia/barrosos
177: 
178:             pnoivo$manuel joao/id=c1724.6-per2
179:                ls$residencia/barrosos
180:                ls$morto/antes
181: 
182:             mnoivo$ana jorge/id=c1724.6-per3
183: 
184:          noiva$maria goncalves/id=c1724.6-per4
185:             ls$residencia/barrosos
186: 
187:             pnoiva$manuel goncalves/id=c1724.6-per5
188:                ls$residencia/barrosos
189: 
190:             mnoiva$ana rodrigues/id=c1724.6-per6
191: 
192:          test$manuel goncalves branco/id=c1724.6-per7
193:             ls$alcunha/o velho
194:             ls$residencia/mogadouro
195: 
196:          test$manuel goncalves branco/id=c1724.6-per8
197:             ls$residencia/o moco
198:             ls$residencia/mogadouro
199: 
200:          test$joao francisco/id=c1724.6-per9
201:             ls$residencia/mogadouro
202: 
203:          test$manuel carvalho/id=c1724.6-per10
204:             ls$residencia/mogadouro
205: 
206:       cas$c1724.7/21/1/1724/fol.317-317v/local__igreja de sao tiago/celebrante__vigario manuel rodrigues
207: 
208: cas$c1724.7
208:          noivo$manuel simoes/id=c1724.7-per1
209:             ls$residencia/casal do marco
210:             ls$freguesia/ega
211: 
212:             pnoivo$domingos simoes/id=c1724.7-per2
213:                ls$residencia/casal do marco
214:                ls$freguesia/ega
215: 
216:             mnoivo$maria goncalves/id=c1724.7-per3
217: 
218:          noiva$maria francisca/id=c1724.7-per4
219:             ls$residencia/bechos
220: 
221:             pnoiva$domingos goncalves/id=c1724.7-per5
222:                ls$residencia/bechos
223: 
224:             mnoiva$mariana francisca/id=c1724.7-per6
225: 
226:          test$jose goncalves/id=c1724.7-per7
227:             ls$residencia/portela
228: 
229:          test$manuel goncalves/id=c1724.7-per8
230:             ls$residencia/portela
231: 
232:          test$joao ferreira/id=c1724.7-per9
233:             ls$residencia/bechos
234: 
235:          test$manuel ferreira/id=c1724.7-per10
236:             ls$residencia/bechos
237: 
238:       cas$c1724.8/28/1/1724/fol.317v/local__igreja de sao tiago/celebrante__vigario manuel rodrigues
239: 
240: cas$c1724.8
240:          noivo$antonio simoes/id=c1724.8-per1
241:             ls$residencia/sobral
242: 
243:             pnoivo$antonio simoes goncalves/id=c1724.8-per2
244:                ls$residencia/sobral
245:                ls$morto/antes
246: 
247:             mnoivo$antonia rodrigues/id=c1724.8-per3
248: 
249:          noiva$luisa rodrigues/id=c1724.8-per4
250:             ls$residencia/sobral
251: 
252:             pnoiva$joao goncalves vargas/id=c1724.8-per5
253:                ls$residencia/sobral
254:                ls$morto/antes
255: 
256:             mnoiva$domingas rodrigues/id=c1724.8-per6
257: 
258:          test$jose simoes/id=c1724.8-per7
259:             ls$residencia/vale do nabal
260: 
261:          test$manuel simoes/id=c1724.8-per8
262:             ls$alcunha/o velho
263:             ls$residencia/sobral
264: 
265:          test$manuel simoes/id=c1724.8-per9
266:             ls$alcunha/o moco
267:             ls$residencia/sobral
268: 
269:          test$jose dias/id=c1724.8-per10
270:             ls$residencia/sobral
271: 
272:       cas$c1724.9/28/1/1724/fol.317v-318/local__igreja de sao tiago/celebrante__vigario manuel rodrigues
273: 
274: cas$c1724.9
274:          noivo$antonio simoes/id=c1724.9-per1
275:             ls$residencia/cavaleiros
276: 
277:             pnoivo$francisco simoes/id=c1724.9-per2
278:                ls$residencia/cavaleiros
279: 
280:             mnoivo$isabel rodrigues/id=c1724.9-per3
281: 
282:          noiva$maria rodrigues/id=c1724.9-per4
283:             ls$residencia/casal dos feijoes
284: 
285:             pnoiva$antonio rodrigues feijao/id=c1724.9-per5
286:                ls$residencia/casal dos feijoes
287: 
288:             mnoiva$maria catarina da gante/id=c1724.9-per6
289:                ls$morta/antes
290: 
291:          test$joao goncalves/id=c1724.9-per7
292:             ls$profissao/padre
293:             ls$cargo/benefeciado
294:             ls$residencia/soure
295: 
296:          test$jose rodrigues/id=c1724.9-per8
297:             ls$profissao/alfaiate
298:             ls$residencia/cavaleiros
299: 
300:          test$joao dinis/id=c1724.9-per9
301:             ls$residencia/oureca
302: 
303:          test$mateus domingues/id=c1724.9-per10
304:             ls$residencia/oureca
305: 
306:       cas$c1724.10/31/1/1724/fol.318/local__igreja de sao tiago/celebrante__vigario manuel rodrigues
307: 
308: cas$c1724.10
308:          noivo$jose simoes/id=c1724.10-per1
309:             ls$residencia/lagem
310: 
311:             pnoivo$domingos aires/id=c1724.10-per2
312:                ls$residencia/lagem
313:                ls$morto/antes
314: 
315:             mnoivo$isabel simoes/id=c1724.10-per3
316: 
317:          noiva$josefa simoes/id=c1724.10-per4
318:             ls$residencia/rolhao
319: 
320:             pnoiva$antonio rodrigues/id=c1724.10-per5
321:                ls$residencia/rolhao
322: 
323:             mnoiva$teresa rodrigues/id=c1724.10-per6
324:                ls$morta/antes
325: 
326:          test$sebastiao ferreira dos olivais/id=c1724.10-per7
327:             ls$profissao/padre
328: 
329:          test$manuel leao/id=c1724.10-per8
330:             ls$residencia/lagem
331: 
332:          test$domingos leao/id=c1724.10-per9
333:             ls$residencia/lagem
334: 
335:          test$mateus cardoso/id=c1724.10-per10
336:             ls$cargo/sacristao
337:             ls$residencia/soure
338: 
339:       cas$c1724.11/4/3/1724/fol.318-318v/local__igreja de sao tiago/celebrante__vigario manuel rodrigues
340: 
341: cas$c1724.11
341:          noivo$andre goncalves/id=c1724.11-per1
342:             ls$residencia/melrical
343: 
344:             pnoivo$afonso goncalves/id=c1724.11-per2
345:                ls$residencia/melrical
346:                ls$morto/antes
347: 
348:             mnoivo$maria antunes/id=c1724.11-per3
349:                ls$morta/antes
350: 
351:          noiva$luisa pereira/id=c1724.11-per4
352:             ls$residencia/casa velha
353: 
354:             pnoiva$manuel simoes/id=c1724.11-per5
355:                ls$residencia/casa velha
356:                ls$morto/antes
357: 
358:             mnoiva$maria pereira/id=c1724.11-per6
359:                ls$morta/antes
360: 
361:          test$sebastiao ferreira dos olivais/id=c1724.11-per7
362:             ls$profissao/padre
363: 
364:          test$manuel rodrigues alvaro/id=c1724.11-per8
365:             ls$profissao/padre
366:             ls$cargo/tesoureiro
367:             ls$residencia/soure
368: 
369:          test$jose henriques/id=c1724.11-per9
370:             ls$residencia/soure
371: 
372:          test$mateus cardoso/id=c1724.11-per10
373:             ls$cargo/sacristao
374:             ls$residencia/soure
375: 
376:       cas$c1724.12/6/3/1724/fol.318v/local__igreja de sao tiago/celebrante__vigario manuel rodrigues
377: 
378: cas$c1724.12
378:          noivo$antonio rodrigues/id=c1724.12-per1
379:             ls$residencia/simoes
380: 
381:             pnoivo$joao rodrigues/id=c1724.12-per2
382:                ls$residencia/simoes
383:                ls$morto/antes
384: 
385:             mnoivo$isabel joao/id=c1724.12-per3
386:                ls$morta/antes
387: 
388:          noiva$josefa lourenco/id=c1724.12-per4
389:             ls$ec/viuva
390:             ls$residencia/simoes
391: 
392:             pnoiva$manuel lourenco/id=c1724.12-per5
393:                ls$residencia/simoes
394:                ls$morto/antes
395: 
396:             mnoiva$maria francisca/id=c1724.12-per6
397:                ls$morta/antes
398: 
399:             marido1$jose fernandes/id=c1724.12-per7
400:                ls$residencia/ancos
401:                ls$freguesia/redinha
402: 
403:                pmarido1$manuel fernandes/id=c1724.12-per8
404:                   ls$residencia/ancos
405:                   ls$freguesia/redinha
406:                   ls$morto/antes
407: 
408:                mmarido1$maria mendes/id=c1724.12-per9
409:                   ls$morta/antes
410: 
411:          test$domingos da silva/id=1724-c12-domingos
412:             ls$residencia/simoes
413: 
414:          test$maria joao/id=c1724.12-per10
415:             ls$residencia/simoes
416:             rel$parentesco/mulher/domingos da silva/1724-c12-domingos
417: 
418:          test$joao rodrigues galego/id=c1724.12-per11
419:             ls$residencia/simoes
420: 
421:          test$mateus cardoso/id=c1724.12-per12
422:             ls$cargo/sacristao
423:             ls$residencia/soure
424: 
425:       cas$c1724.13/23/3/1724/fol.319/local__igreja de sao tiago/celebrante__vigario manuel rodrigues
426: 
427: cas$c1724.13
427:          noivo$jose monteiro da silva/id=c1724.13-per1
428:             ls$residencia/coimbra
429: 
430:             pnoivo$antonio joao monteiro/id=c1724.13-per2
431:                ls$residencia/coimbra
432: 
433:             mnoivo$ana joao/id=c1724.13-per3
434: 
435:          noiva$isabel de seica/id=c1724.13-per4
436:             ls$residencia/condeixa a nova
437: 
438:             pnoiva$manuel vieira/id=c1724.13-per5
439:                ls$residencia/condeixa a nova
440: 
441:             mnoiva$mariana de seica/id=c1724.13-per6
442: 
443:          test$tome velho/id=c1724.13-per7
444:             ls$residencia/soure
445: 
446:          test$bento gomes/id=c1724.13-per8
447:             ls$residencia/soure
448: 
449:          test$jose de andrade/id=c1724.13-per9
450:             ls$residencia/soure
451: 
452:          test$manuel rodrigues alvaro/id=c1724.13-per10
453:             ls$profissao/padre
454:             ls$cargo/tesoureiro
455:             ls$residencia/soure
456: 
457:       cas$c1724.14/18/4/1724/fol.319-319v/local__igreja de sao tiago/celebrante__capelao manuel duarte
458: 
459: cas$c1724.14
459:          noivo$domingos de oliveira/id=c1724.14-per1
460:             ls$residencia/casal dos feijoes
461: 
462:             pnoivo$paulo da gante/id=c1724.14-per2
463:                ls$residencia/casal dos feijoes
464:                ls$morto/antes
465: 
466:             mnoivo$barbosa de oliveira/id=c1724.14-per3
467:                ls$morta/antes
468: 
469:          noiva$maria cardosa/id=c1724.14-per4
470:             ls$residencia/corcozes
471: 
472:             pnoiva$antonio lopes/id=c1724.14-per5
473:                ls$residencia/corcozes
474: 
475:             mnoiva$isabel cardosa/id=c1724.14-per6
476: 
477:          test$manuel gomes/id=c1724.14-per7
478:             ls$residencia/corujeira
479: 
480:          test$antonio da silva/id=c1724.14-per8
481:             ls$residencia/corujeira
482: 
483:          test$antonio goncalves ventura/id=c1724.14-per9
484:             ls$residencia/corujeira
485: 
486:          test$carlos gomes/id=c1724.14-per10
487:             ls$residencia/barril
488: 
489:       cas$c1724.15/1/5/1724/fol.319v/local__igreja de sao tiago/celebrante__vigario manuel rodrigues
490: 
491: cas$c1724.15
491:          noivo$manuel rodrigues/id=c1724.15-per1
492:             ls$residencia/carregosa
493:             ls$freguesia/samuel
494: 
495:             pnoivo$manuel rodrigues/id=c1724.15-per2
496:                ls$residencia/carregosa
497:                ls$freguesia/samuel
498:                ls$morto/antes
499: 
500:             mnoivo$maria rodrigues/id=c1724.15-per3
501:                ls$morta/antes
502: 
503:          noiva$maria rodrigues/id=c1724.15-per4
504:             ls$naturalidade/covais
505:             ls$freguesia/pedrogao grande
506:             ls$residencia/quinta do pai daniel
507: 
508:             pnoiva$manuel rodrigues/id=c1724.15-per5
509:                ls$naturalidade/covais
510:                ls$freguesia/pedrogao grande
511:                ls$residencia/quinta do pai daniel
512: 
513:             mnoiva$maria francisca/id=c1724.15-per6
514: 
515:          test$manuel francisco/id=1724-c15-manuel
516:             ls$residencia/casal do senhor
517: 
518:          test$isabel gaspar/id=c1724.15-per7
519:             ls$residencia/casal do senhor
520:             rel$parentesco/mulher/manuel francisco/1724-c15-manuel
521: 
522:          test$joao pereira/id=c1724.15-per8
523:             ls$residencia/casal de galinhas
524: 
525:          test$antonio aires/id=c1724.15-per9
526:             ls$residencia/espirito santo
527: 
528:       cas$c1724.16/14/5/1724/fol.319v-320/local__igreja de sao tiago/celebrante__vigario manuel rodrigues
529: 
530: cas$c1724.16
530:          noivo$francisco de brito/id=c1724.16-per1
531:             ls$ec/viuvo
532:             ls$residencia/vila nova de ancos
533: 
534:             pnoivo$manuel de brito/id=c1724.16-per2
535:                ls$residencia/vila nova de ancos
536:                ls$morto/antes
537: 
538:             mnoivo$isabel francisca/id=c1724.16-per3
539:                ls$morta/antes
540: 
541:          noiva$maria jorge/id=c1724.16-per4
542:             ls$residencia/casal de galinhas
543: 
544:             pnoiva$manuel francisco/id=c1724.16-per5
545:                ls$residencia/casal de galinhas
546: 
547:             mnoiva$ana jorge/id=c1724.16-per6
548:                ls$morta/antes
549: 
550:          mulher1$mariana mendes/id=c1724.16-per7
551:             ls$residencia/vila nova de ancos
552: 
553:             pmulher1$joao gomes/id=c1724.16-per8
554:                ls$residencia/vila nova de ancos
555: 
556:             mmulher1$mariana mendes/id=c1724.16-per9
557:                ls$morta/antes
558: 
559:          test$manuel gomes/id=c1724.16-per10
560:             ls$residencia/vila nova de ancos
561: 
562:          test$manuel de brito/id=c1724.16-per11
563:             ls$residencia/vila nova de ancos
564: 
565:          test$joao pereira/id=c1724.16-per12
566:             ls$residencia/casal de galinhas
567: 
568:          test$manuel jorge/id=c1724.16-per13
569:             ls$residencia/casal de galinhas
570: 
571:       cas$c1724.17/21/5/1724/fol.320/local__igreja de sao tiago/celebrante__vigario manuel rodrigues
572: 
573: cas$c1724.17
573:          noivo$manuel de almeida/id=c1724.17-per1
574:             ls$residencia/paleao
575: 
576:             pnoivo$francisco de almeida/id=c1724.17-per2
577:                ls$residencia/paleao
578: 
579:             mnoivo$felipa rodrigues/id=c1724.17-per3
580: 
581:          noiva$ana gomes/id=c1724.17-per4
582:             ls$residencia/paleao
583: 
584:             pnoiva$simao domingues/id=c1724.17-per5
585:                ls$residencia/paleao
586: 
587:             mnoiva$madalena gomes/id=c1724.17-per6
588: 
589:          test$antonio da silva travassos/id=c1724.17-per7
590:             ls$titulo/doutor
591:             ls$residencia/soure
592: 
593:          test$joao gaspar/id=c1724.17-per8
594:             ls$residencia/paleao
595: 
596:          test$manuel domingues/id=c1724.17-per9
597:             ls$residencia/paleao
598: 
599:          test$manuel rodrigues branco/id=c1724.17-per10
600:             ls$residencia/paleao
601: 
602:       cas$c1724.18/19/6/1724/fol.320-320v/local__igreja de sao tiago/celebrante__vigario manuel rodrigues
603: 
604: cas$c1724.18
604:          noivo$manuel gomes/id=c1724.18-per1
605:             ls$ec/viuvo
606:             ls$residencia/lourical
607: 
608:             pnoivo$manuel gomes/id=c1724.18-per2
609:                ls$residencia/lourical
610:                ls$morto/antes
611: 
612:             mnoivo$domingas da silva/id=c1724.18-per3
613:                ls$morta/antes
614: 
615:          noiva$caetana francisca/id=c1724.18-per4
616:             ls$residencia/quinta da cruz
617: 
618:             pnoiva$domingos luis/id=c1724.18-per5
619:                ls$residencia/quinta da cruz
620: 
621:             mnoiva$francisca ferreira/id=c1724.18-per6
622: 
623:          mulher1$maria gomes/id=c1724.18-per7
624:             ls$residencia/corujeira
625: 
626:             pmulher1$jose luis/id=c1724.18-per8
627:                ls$residencia/corujeira
628:                ls$morto/antes
629: 
630:             mmulher1$domingas jorge/id=c1724.18-per9
631: 
632:          test$manuel gomes/id=c1724.18-per10
633:             ls$residencia/corujeira
634: 
635:          test$manuel jorge/id=c1724.18-per11
636:             ls$residencia/corujeira
637: 
638:          test$manuel cardoso/id=c1724.18-per12
639:             ls$residencia/corcozes
640: 
641:          test$joao rodrigues lobinho/id=c1724.18-per13
642:             ls$residencia/quinta da cruz
643: 
644:       cas$c1724.19/9/7/1724/fol.320v/local__igreja de sao tiago/celebrante__vigario manuel rodrigues
645: 
646: cas$c1724.19
646:          noivo$constantino marques/id=c1724.19-per1
647:             ls$residencia/paleao
648: 
649:             pnoivo$domingos marques/id=c1724.19-per2
650:                ls$residencia/paleao
651:                ls$morto/antes
652: 
653:             mnoivo$isabel madeira/id=c1724.19-per3
654:                ls$morta/antes
655: 
656:          noiva$isabel pereira/id=c1724.19-per4
657:             ls$residencia/paleao
658: 
659:             pnoiva$antonio pereira/id=c1724.19-per5
660:                ls$residencia/paleao
661:                ls$morto/antes
662: 
663:             mnoiva$maria simoes/id=c1724.19-per6
664:                ls$morta/antes
665: 
666:          test$joao gaspar/id=c1724.19-per7
667:             ls$residencia/paleao
668: 
669:          test$jose rodrigues/id=c1724.19-per8
670:             ls$residencia/porto das cabras
671: 
672:          test$manuel rodrigues alvaro/id=c1724.19-per9
673:             ls$profissao/padre
674:             ls$cargo/tesoureiro
675:             ls$residencia/soure
676: 
677:          test$mateus cardoso/id=c1724.19-per10
678:             ls$cargo/sacristao
679:             ls$residencia/soure
680: 
681:       cas$c1724.20/16/7/1724/fol.320v-321/local__igreja de sao tiago/celebrante__padre manuel duarte
682: 
683: cas$c1724.20
683:          noivo$matias gomes/id=c1724.20-per1
684:             ls$residencia/paleao
685: 
686:             pnoivo$antonio gomes/id=c1724.20-per2
687:                ls$residencia/paleao
688: 
689:             mnoivo$maria gomes/id=c1724.20-per3
690:                ls$morta/antes
691: 
692:          noiva$isabel cardosa/id=c1724.20-per4
693:             ls$residencia/paleao
694: 
695:             pnoiva$manuel cardoso/id=c1724.20-per5
696:                ls$residencia/paleao
697: 
698:             mnoiva$ana joao/id=c1724.20-per6
699: 
700:          test$joao domingues/id=c1724.20-per7
701:             ls$residencia/paleao
702: 
703:          test$manuel rodrigues goncalves/id=c1724.20-per8
704:             ls$alcunha/o moco
705:             ls$residencia/paleao
706: 
707:          test$manuel rodrigues alvaro/id=c1724.20-per9
708:             ls$profissao/padre
709:             ls$cargo/tesoureiro
710:             ls$residencia/soure
711: 
712:          test$manuel cardoso/id=c1724.20-per10
713:             ls$cargo/sacristao
714:             ls$residencia/soure
715: 
716:       cas$c1724.21/23/7/1724/fol.321/local__igreja de sao tiago/celebrante__vigario manuel rodrigues
717: 
718: cas$c1724.21
718:          noivo$manuel da costa/id=c1724.21-per1
719:             ls$residencia/casa velha
720: 
721:             pnoivo$joao leao/id=c1724.21-per2
722:                ls$residencia/casa velha
723: 
724:             mnoivo$maria da costa/id=c1724.21-per3
725: 
726:          noiva$domingas rodrigues/id=c1724.21-per4
727:             ls$ec/viuva
728:             ls$residencia/areias
729: 
730:             pnoiva$antonio dinis/id=c1724.21-per5
731:                ls$residencia/areias
732: 
733:             mnoiva$maria rodrigues/id=c1724.21-per6
734: 
735:             marido1$manuel de oliveira/id=c1724.21-per7
736:                ls$residencia/lagem
737: 
738:                pmarido1$manuel de oliveira/id=c1724.21-per8
739:                   ls$residencia/lagem
740: 
741:                mmarido1$maria lopes/id=c1724.21-per9
742:                   ls$morta/antes
743: 
744:          test$joao goncalves bizarro/id=c1724.21-per10
745:             ls$residencia/pinheiro
746: 
747:          test$jose dinis/id=c1724.21-per11
748:             ls$residencia/pinheiro
749: 
750:          test$manuel rodrigues/id=c1724.21-per12
751:             ls$residencia/pinheiro
752: 
753:          test$mateus cardoso/id=c1724.21-per13
754:             ls$cargo/sacristao
755:             ls$residencia/soure
756: 
757:       cas$c1724.22/24/7/1724/fol.321v/local__igreja de sao tiago/celebrante__vigario manuel rodrigues
758: 
759: cas$c1724.22
759:          noivo$manuel rodrigues heleno/id=c1724.22-per1
760:             ls$ec/viuvo
761:             ls$naturalidade/paleao
762: 
763:             pnoivo$mateus rodrigues/id=c1724.22-per2
764:                ls$residencia/paleao
765:                ls$morto/antes
766: 
767:             mnoivo$paula de oliveira/id=c1724.22-per3
768:                ls$morta/antes
769: 
770:          noiva$maria francisca/id=c1724.22-per4
771:             ls$residencia/sobral
772:             ls$ec/viuva
773: 
774:             pnoiva$manuel joao/id=c1724.22-per5
775:                ls$residencia/sobral
776:                ls$morto/antes
777: 
778:             mnoiva$isabel francisca/id=c1724.22-per6
779:                ls$morta/antes
780: 
781:          mulher1$maria simoes/id=c1724.22-per7
782:             ls$residencia/sao mateus
783: 
784:             pmulher1$manuel luis/id=c1724.22-per8
785:                ls$residencia/sao mateus
786: 
787:             mmulher1$isabel simoes/id=c1724.22-per9
788: 
789:          marido1$jose rodrigues/id=c1724.22-per10
790:             ls$residencia/barril
791: 
792:             pmarido1$manuel rodrigues/id=c1724.22-per11
793:                ls$residencia/barril
794:                ls$morto/antes
795: 
796:             mmarido1$catarina rodrigues/id=c1724.22-per12
797:                ls$morta/antes
798: 
799:          test$manuel luis/id=c1724.22-per13
800:             ls$residencia/sao mateus
801: 
802:          test$joao rodrigues tavares/id=c1724.22-per14
803:             ls$residencia/casal dos feijoes
804: 
805:          test$carlos gomes/id=c1724.22-per15
806:             ls$residencia/barril
807: 
808:          test$domingos carvalho/id=c1724.22-per16
809:             ls$residencia/casal dos guerras
810: 
811:       cas$c1724.23/16/8/1724/fol.321v-322/local__igreja de sao tiago/celebrante__vigario manuel rodrigues
812: 
813: cas$c1724.23
813:          noivo$antonio de oliveira/id=c1724.23-per1
814:             ls$residencia/corcozes
815: 
816:             pnoivo$domingos de oliveira/id=c1724.23-per2
817:                ls$residencia/corcozes
818: 
819:             mnoivo$catarina mendes/id=c1724.23-per3
820: 
821:          noiva$antonia gomes/id=c1724.23-per4
822:             ls$residencia/corujeira
823: 
824:             pnoiva$joao coelho/id=c1724.23-per5
825:                ls$residencia/corujeira
826:                ls$morto/antes
827: 
828:             mnoiva$maria simoes/id=c1724.23-per6
829: 
830:          test$manuel jorge/id=c1724.23-per7
831:             ls$residencia/corujeira
832: 
833:          test$jose luis/id=c1724.23-per8
834:             ls$residencia/corujeira
835: 
836:          test$manuel goncalves/id=c1724.23-per9
837:             ls$residencia/quinta da cruz
838: 
839:          test$mateus cardoso/id=c1724.23-per10
840:             ls$cargo/sacristao
841:             ls$residencia/soure
842: 
843:       cas$c1724.24/24/8/1724/fol.322/local__capela da santa casa da misericordia/celebrante__padre luis ribeiro cabral
844: 
845: cas$c1724.24
845:          noivo$joao de oliveira/id=c1724.24-per1
846:             ls$residencia/pousos
847:             ls$freguesia/leiria
848: 
849:             pnoivo$manuel coelho/id=c1724.24-per2
850:                ls$residencia/pousos
851:                ls$freguesia/leiria
852: 
853:             mnoivo$antonia dias/id=c1724.24-per3
854: 
855:          noiva$josefa do espirito santo/id=c1724.24-per4
856:             ls$residencia/vale de galegos
857: 
858:             pnoiva$antonio francisco/id=c1724.24-per5
859:                ls$residencia/vale de galegos
860:                ls$morto/antes
861: 
862:             mnoiva$catarina rodrigues/id=c1724.24-per6
863:                ls$morta/antes
864: 
865:          test$joao da costa de vasconcelos/id=c1724.24-per7
866:             ls$residencia/soure
867: 
868:          test$manuel rodrigues de castro/id=c1724.24-per8
869:             ls$residencia/soure
870: 
871:          test$manuel rodrigues duqueso/id=c1724.24-per9
872:             ls$residencia/soure
873: 
874:          test$leao henriques/id=c1724.24-per10
875:             ls$residencia/soure
876: 
877:       cas$c1724.25/28/8/1724/fol.322v/local__igreja de sao tiago/celebrante__vigario manuel rodrigues
878: 
879: cas$c1724.25
879:          noivo$manuel goncalves/id=c1724.25-per1
880: 
881:             pnoivo$antonio goncalves/id=c1724.25-per2
882:                ls$morto/antes
883: 
884:             mnoivo$isabel ventura/id=c1724.25-per3
885:                ls$morta/antes
886: 
887:          noiva$leonarda maria/id=c1724.25-per4
888:             ls$residencia/corujeira
889: 
890:             pnoiva$joao coelho/id=c1724.25-per5
891:                ls$residencia/corujeira
892:                ls$morto/antes
893: 
894:             mnoiva$maria simoes/id=c1724.25-per6
895: 
896:          test$luis mendes/id=c1724.25-per7
897:             ls$cargo/capitao
898:             ls$residencia/soure
899: 
900:          test$manuel soares coelho/id=c1724.25-per8
901:             ls$residencia/soure
902: 
903:          test$domingos antonio de abreu/id=c1724.25-per9
904:             ls$residencia/soure
905: 
906:          test$jose rodrigues da paz/id=c1724.25-per10
907:             ls$profissao/padre
908:             ls$residencia/soure
909: 
910:       cas$c1724.26/10/10/1724/fol.322v-323/local__igreja de sao tiago/celebrante__vigario manuel rodrigues
911: 
912: cas$c1724.26
912:          noivo$antonio simoes/id=c1724.26-per1
913:             ls$ec/viuvo
914:             ls$residencia/casa velha
915: 
916:             pnoivo$manuel simoes/id=c1724.26-per2
917:                ls$residencia/casa velha
918:                ls$morto/antes
919: 
920:             mnoivo$maria pereira/id=c1724.26-per3
921:                ls$morta/antes
922: 
923:          noiva$isabel rodrigues/id=c1724.26-per4
924:             ls$residencia/porto coelheiro
925: 
926:             pnoiva$simao duarte/id=c1724.26-per5
927:                ls$residencia/porto coelheiro
928: 
929:             mnoiva$isabel rodrigues/id=c1724.26-per6
930:                ls$morta/antes
931: 
932:          mulher1$ines da costa/id=c1724.26-per7
933:             ls$residencia/casa velha
934: 
935:             pmulher1$felipe da costa/id=c1724.26-per8
936:                ls$residencia/casa velha
937:                ls$morto/antes
938: 
939:             mmulher1$maria da costa/id=c1724.26-per9
940:                ls$morta/antes
941: 
942:          test$manuel rodrigues falcao/id=c1724.26-per10
943:             ls$residencia/porto coelheiro
944: 
945:          test$manuel rodrigues calhau/id=c1724.26-per11
946:             ls$residencia/porto coelheiro
947: 
948:          test$jose lopes/id=c1724.26-per12
949:             ls$profissao/padre
950:             ls$residencia/casa velha
951: 
952:          test$joao mateus/id=c1724.26-per13
953:             ls$residencia/casa velha
954: 
955:       cas$c1724.27/15/10/1724/323/local__igreja de sao tiago/celebrante__vigario manuel rodrigues
956: 
957: cas$c1724.27
957:          noivo$manuel das neves/id=c1724.27-per1
958:             ls$residencia/condeixa a nova
959: 
960:             pnoivo$manuel das neves/id=c1724.27-per2
961:                ls$residencia/condeixa a nova
962:                ls$morto/antes
963: 
964:             mnoivo$catarina simoes/id=c1724.27-per3
965:                ls$morta/antes
966: 
967:          noiva$antonia maria da conceicao/id=c1724.27-per4
968:             ls$residencia/casal das brancas
969: 
970:             pnoiva$pedro carvalho/id=c1724.27-per5
971:                ls$residencia/casal das brancas
972:                ls$morto/antes
973: 
974:             mnoiva$maria gaspar/id=c1724.27-per6
975: 
976:          mulher1$isabel monis/id=c1724.27-per7
977:             ls$residencia/condeix a nova
978: 
979:             pmulher1$francisco monis/id=c1724.27-per8
980:                ls$residencia/condeixa a nova
981:                ls$morto/antes
982: 
983:             mmulher1$maria pereira/id=c1724.27-per9
984: 
985:          mulher2$domingas antunes/id=c1724.27-per10
986:             ls$residencia/sobral grande
987: 
988:             pmulher2$manuel rodrigues/id=c1724.27-per11
989:                ls$residencia/sobral grande
990:                ls$morto/antes
991: 
992:             mmulher2$domingas antunes/id=c1724.27-per12
993:                ls$morta/antes
994: 
995:          mulher3$luisa da costa/id=c1724.27-per13
996:             ls$residencia/condeixa a velha
997: 
998:             pmulher3$manuel antunes/id=c1724.27-per14
999:                ls$residencia/condeixa a velha
1000:                ls$morto/antes
1001: 
1002:             mmulher3$maria domingues/id=c1724.27-per15
1003:                ls$morta/antes
1004: 
1005:          test$manuel rodrigues ramalho/id=c1724.27-per16
1006:             ls$residencia/condeixa a nova
1007: 
1008:          test$manuel de azevedo/id=c1724.27-per17
1009:             ls$residencia/condeixa a nova
1010: 
1011:          test$manuel rodrigues goncalves/id=c1724.27-per18
1012:             ls$residencia/paleao
1013: 
1014:          test$joao afonso/id=c1724.27-per19
1015:             ls$ec/solteiro
1016:             ls$residencia/paleao
1017: 
1018:       cas$c1724.28/16/10/1724/fol.323-323v/local__igreja de sao tiago/celebrante__vigario manuel rodrigues
1019: 
1020: cas$c1724.28
1020:          noivo$domingos joao/id=c1724.28-per1
1021:             ls$residencia/cadaval grande
1022: 
1023:             pnoivo$manuel domingues/id=c1724.28-per2
1024:                ls$residencia/cadaval grande
1025: 
1026:             mnoivo$maria joao/id=c1724.28-per3
1027:                ls$morta/antes
1028: 
1029:          noiva$maria simoes/id=c1724.28-per4
1030:             ls$residencia/presa
1031: 
1032:             pnoiva$antonio goncalves/id=c1724.28-per5
1033:                ls$residencia/presa
1034: 
1035:             mnoiva$ines simoes/id=c1724.28-per6
1036: 
1037:          test$tome simoes/id=c1724.28-per7
1038:             ls$residencia/cadaval grande
1039: 
1040:          test$joao simoes/id=c1724.28-per8
1041:             ls$residencia/presa
1042: 
1043:          test$domingos francisco/id=c1724.28-per9
1044:             ls$residencia/cadaval grande
1045: 
1046:          test$manuel martins/id=c1724.28-per10
1047:             ls$residencia/presa
1048: 
1049:       cas$c1724.29/27/11/1724/fol.232v/local__igreja de sao tiago/celebrante__vigario manuel rodrigues
1050: 
1051: cas$c1724.29
1051:          noivo$joao rodrigues/id=c1724.29-per1
1052:             ls$naturalidade/rolhao
1053:             ls$residencia/rolhao
1054: 
1055:             pnoivo$jose rodrigues/id=c1724.29-per2
1056:                ls$naturalidade/rolhao
1057:                ls$residencia/rolhao
1058: 
1059:             mnoivo$maria gomes/id=c1724.29-per3
1060:                ls$naturalidade/rolhao
1061: 
1062:          noiva$caetana pereira/id=c1724.29-per4
1063:             ls$residencia/paleao
1064: 
1065:             pnoiva$francisco rodrigues gante/id=c1724.29-per5
1066:                ls$residencia/paleao
1067: 
1068:             mnoiva$ana pereira/id=c1724.29-per6
1069: 
1070:          test$joao gaspar/id=c1724.29-per7
1071:             ls$residencia/paleao
1072: 
1073:          test$jose rodrigues gante/id=c1724.29-per8
1074:             ls$residencia/paleao
1075: 
1076:          test$jose rodrigues/id=c1724.29-per9
1077:             ls$profissao/padre
1078:             ls$residencia/paleao
1079: 
1080:          test$alexandre gomes/id=c1724.29-per10
1081:             ls$residencia/paleao
1082: 
1083:       cas$c1724.30/27/11/1724/324/local__igreja de sao tiago/celebrante__vigario manuel rodrigues
1084: 
1085: cas$c1724.30
1085:          noivo$manuel cardoso/id=c1724.30-per1
1086:             ls$ec/viuvo
1087:             ls$residencia/casa velha
1088: 
1089:             pnoivo$manuel cardoso/id=c1724.30-per2
1090:                ls$residencia/casa velha
1091:                ls$morto/antes
1092: 
1093:             mnoivo$maria pedrosa/id=c1724.30-per3
1094:                ls$morta/antes
1095: 
1096:          noiva$teresa lourenca/id=c1724.30-per4
1097:             ls$residencia/porto coelheiro
1098: 
1099:             pnoiva$lourenco rodrigues/id=c1724.30-per5
1100:                ls$residencia/porto coelheiro
1101: 
1102:             mnoiva$maria joao/id=c1724.30-per6
1103:                ls$morta/antes
1104: 
1105:          mulher1$francisca rodrigues/id=c1724.30-per7
1106:             ls$residencia/casal de galinhas
1107: 
1108:             pmulher1$joao mateus/id=c1724.30-per8
1109:                ls$residencia/casal de galinhas
1110: 
1111:             mmulher1$mariana rodrigues/id=c1724.30-per9
1112:                ls$morta/antes
1113: 
1114:          test$antonio simoes/id=c1724.30-per10
1115:             ls$residencia/casa velha
1116: 
1117:          test$jose cardoso/id=c1724.30-per11
1118:             ls$residencia/casa velha
1119: 
1120:          test$joao henriques/id=c1724.30-per12
1121:             ls$residencia/soure
1122: 
1123:          test$jeronimo mendes/id=c1724.30-per13
1124:             ls$residencia/soure
1125: 
1126:       cas$c1724.31/27/11/1724/fol.324-324v/local__igreja de sao tiago/celebrante__vigario manuel rodrigues
1127: 
1128: cas$c1724.31
1128:          noivo$manuel mendes henriques/id=c1724.31-per1
1129:             ls$residencia/redinha
1130: 
1131:             pnoivo$silvino henriques/obs=duvidas no nome/id=c1724.31-per2
1132:                ls$residencia/redinha
1133:                ls$morto/antes
1134: 
1135:             mnoivo$maria mendes/id=c1724.31-per3
1136: 
1137:          noiva$maria da conceicao/id=c1724.31-per4
1138:             ls$residencia/bonitos
1139: 
1140:             pnoiva$manuel lourenco/id=c1724.31-per5
1141:                ls$residencia/bonitos
1142: 
1143:             mnoiva$ana dias/id=c1724.31-per6
1144: 
1145:          test$manuel dias/id=c1724.31-per7
1146:             ls$residencia/casais da mizarela
1147: 
1148:          test$francisco da silva/id=c1724.31-per8
1149:             ls$residencia/casais da mizarela
1150: 
1151:          test$jose/id=c1724.31-per9
1152:             ls$ec/solteiro
1153:             ls$residencia/casai da mizarela
1154: 
1155:          test$jose/id=1724-c31-jose
1156:             ls$ec/solteiro
1157:             ls$residencia/bonitos
1158: 
1159:          referido$tome dias/id=c1724.31-per10
1160:             ls$residencia/bonitos
1161:             rel$parentesco/pai/jose/1724-c31-jose
1162: 
1163:       cas$c1724.32/2/12/1724/fol.324/local__igreja de sao tiago/celebrante__vigario manuel rodrigues
1164: 
1165: cas$c1724.32
1165:          noivo$jose marques/id=c1724.32-per1
1166:             ls$residencia/paleao
1167: 
1168:             pnoivo$manuel marques/id=c1724.32-per2
1169:                ls$residencia/paleao
1170: 
1171:             mnoivo$margarida gomes/id=c1724.32-per3
1172:                ls$residencia/paleao
1173:                ls$morta/antes
1174: 
1175:          noiva$isabel de oliveira/id=c1724.32-per4
1176:             ls$residencia/lagem
1177: 
1178:             pnoiva$manuel de oliveira/id=c1724.32-per5
1179:                ls$residencia/lagem
1180: 
1181:             mnoiva$maria simoes/id=c1724.32-per6
1182: 
1183:          test$joao domingues/id=c1724.32-per7
1184:             ls$residencia/paleao
1185: 
1186:          test$manuel rodrigues branco/id=c1724.32-per8
1187:             ls$residencia/paleao
1188: 
1189:          test$gaspar rodrigues/id=c1724.32-per9
1190:             ls$residencia/podengos
1191: 
1192:          test$domingos leao/id=c1724.32-per10
1193:             ls$residencia/lagem
1194: *** End of File
** Processed file- /Users/jrc/mhk-home/sources/soure/soure-sources/sources/soure_fase2/cas1724.cli
** Original file- /Users/jrc/mhk-home/sources/soure/soure-sources/sources/soure_fase2/cas1724.org
** Previous version- /Users/jrc/mhk-home/sources/soure/soure-sources/sources/soure_fase2/cas1724.old
** Temp file with ids- /Users/jrc/mhk-home/sources/soure/soure-sources/sources/soure_fase2/cas1724.ids
0  errors. 
0  warnings.
Translation finished.
