ClioInput - version 2019.A1 - build 507 15/07/2019 21:58 
8-4-2020 8-25

Processing data file obi1729.cli
-------------------------------------------
Generic Act translation module with geoentities (XML).
     Joaquim Ramos de Carvalho (joaquim@uc.pt) 
** New document: kleio
=========================
kleio translation started
=========================
Structure: gacto2.str
Prefix: 
Autorel: 
Translation count: 3
Obs: 
** Processing source fonte$obito 1729
6: obito$o1729.01
19: obito$o1729.2
32: obito$o1729.3
44: obito$o1729.4
57: obito$o1729.5
75: obito$o1729.6
91: obito$o1729.7
104: obito$o1729.8
119: obito$o1729.9
141: obito$o1729.10
159: obito$o1729.11
172: obito$o1729.12
186: obito$o1729.13
202: obito$o1729.14
215: obito$o1729.15
234: obito$o1729.16
248: obito$o1729.17
262: obito$o1729.18
273: obito$o1729.19
290: obito$o1729.20
305: obito$o1729.21
318: obito$o1729.22
331: obito$o1729.23
346: obito$o1729.24
365: obito$o1729.25
380: obito$o1729.26
391: obito$o1729.27
410: obito$o1729.28
423: obito$o1729.29
437: obito$o1729.30
453: obito$o1729.31
471: obito$o1729.32
486: obito$o1729.33
500: obito$o1729.34
516: obito$o1729.35
530: obito$o1729.36
547: obito$o1729.37
561: obito$o1729.38
579: obito$o1729.39
594: obito$o1729.40
615: obito$o1729.41
628: obito$o1729.42
644: obito$o1729.43
657: obito$o1729.44
671: obito$o1729.45
684: obito$o1729.46
700: obito$o1729.47
715: obito$o1729.48
729: obito$o1729.49
748: obito$o1729.50
764: obito$o1729.51
776: obito$o1729.52
788: obito$o1729.53
804: obito$o1729.54
815: obito$o1729.55
838: obito$o1729.56
853: obito$o1729.57
867: obito$o1729.58
884: obito$o1729.59
900: obito$o1729.60
922: obito$o1729.61
935: obito$o1729.62
946: obito$o1729.63
962: obito$o1729.64
981: obito$o1729.65
1004: obito$o1729.66
1019: obito$o1729.67
1035: obito$o1729.68
1049: obito$o1729.69
1065: obito$o1729.70
1076: obito$o1729.71
1091: obito$o1729.72
1109: obito$o1729.73
1122: obito$o1729.74
1136: obito$o1729.75
1152: obito$o1729.76
1165: obito$o1729.77
1181: obito$o1729.78
1197: obito$o1729.79
1211: obito$o1729.80
1228: obito$o1729.81
1249: obito$o1729.82
1268: obito$o1729.83
1279: obito$o1729.84
1292: obito$o1729.85
1305: obito$o1729.86
*** End of File
** Processed file- /kleio-home/sources/soure-fontes/sources/soure_fase2/obi1729.cli
** Original file- /kleio-home/sources/soure-fontes/sources/soure_fase2/obi1729.org
** Previous version- /kleio-home/sources/soure-fontes/sources/soure_fase2/obi1729.old
** Temp file with ids- /kleio-home/sources/soure-fontes/sources/soure_fase2/obi1729.ids
0  errors. 
0  warnings.
Translation finished.
