ClioInput - version @@VERSION@@ - build @@BUILD@@ @@DATE@@
13-6-2019 22-52

Processing data file obi1731.cli
-------------------------------------------
Generic Act translation module with geoentities (XML).
     Joaquim Ramos de Carvalho (joaquim@uc.pt) 
** New document: kleio
1: kleio$gacto2.str/translations=2
=========================
kleio translation started
=========================
Structure: gacto2.str
Prefix: 
Autorel: 
Translation count: 2
Obs: 
2:    fonte$obito 1731/1731/paroquiais/auc/obs=em mau estado
3: 
** Processing source fonte$obito 1731
4:       obito$o1731.01/14/1/1731/fl.46v-47/celebrante__ vigario manuel rodrigues
5: 
6: obito$o1731.01
6:          n$manuel rodrigues goncalves/m/id=o1731.01-per1
7:             ls$residencia/paleao
8: 
9:          locs$ermida de sao joao baptista
10: 
11:          sacr$sim
12: 
13:          oficios$3
14: 
15:          testamento$n
16: 
17:       obito$o1731.2/17/1/1731/fl.47/celebrante__ vigario manuel rodrigues
18: 
19: obito$o1731.2
19:          n$jose rodrigues/m/id=o1731.2-per1
20:             ls$ec/viuvo
21:             ls$residencia/porto coelheiro
22: 
23:          locs$ermida de sao bento
24: 
25:          sacr$sim
26: 
27:          oficios$2 de 9 licoes
28: 
29:          testamento$n
30: 
31:       obito$o1731.3/18/1/1731/fl.47/celebrante__ vigario manuel rodrigues
32: 
33: obito$o1731.3
33:          n$luisa/f/id=o1731.3-per1
34:             ls$idade_aprox/11 dias
35:             ls$residencia/presa
36: 
37:             pai$domingos joao/id=o1731.3-per1-per2
38:                ls$residencia/presa
39: 
40:          locs$ermida de santo tirso
41: 
42:       obito$o1731.4/19/1/1731/fl.47/celebrante__ vigario manuel rodrigues
43: 
44: obito$o1731.4
44:          n$joao rodrigues/m/id=1731-o4-joao
45:             ls$residencia/sobral
46: 
47:          locs$ermida de sao miguel arcanjo
48: 
49:          sacr$sim
50: 
51:          oficios$3 de 9 licoes
52: 
53:          testamento$n
54: 
55:          referido$manuel rodrigues/id=o1731.4-per1
56:             ls$profissao/padre
57:             ls$cargo/vigario
58:             ls$residencia/soure
59:             rel$parentesco/filho/joao rodrigues/1731-o4-joao
60: 
61:       obito$o1731.5/24/1/1731/fl.47-47v/celebrante__ vigario manuel rodrigues
62: 
63: obito$o1731.5
63:          n$joao/m/id=o1731.5-per1
64:             ls$idade_aprox/1 ano e meio
65:             ls$residencia/vale de galegos
66: 
67:             pai$simao pereira/id=o1731.5-per1-per2
68:                ls$residencia/vale de galegos
69:                ls$morto/antes
70: 
71:             mae$mariana francisca/id=o1731.5-per1-per3
72: 
73:          locs$ermida de nossa senhora dos anjos
74: 
75:       obito$o1731.6/3/2/1731/fl.47v/celebrante__ vigario manuel rodrigues
76: 
77: obito$o1731.6
77:          n$joao/m/id=o1731.6-per1
78:             ls$idade_aprox/22 dias
79:             ls$residencia/bonitos
80: 
81:             pai$manuel mendes henriques/id=o1731.6-per1-per2
82:                ls$residencia/bonitos
83: 
84:          locs$igreja de sao tiago/obs=em cova da fabrica
85: 
86:       obito$o1731.7/5/2/1731/fl.47v/celebrante__ vigario manuel rodrigues
87: 
88: obito$o1731.7
88:          n$mariana francisca/f/id=o1731.7-per1
89:             ls$residencia/espirito santo
90: 
91:             marido$manuel jorge/obs=ausente/id=o1731.7-per1-per2
92:                ls$residencia/espirito santo
93: 
94:          locs$ermida do divino espirito santo
95: 
96:          sacr$sim/obs=excepto extrema uncao porque o nao procurou
97: 
98:          oficios$1
99: 
100:          testamento$n
101: 
102:       obito$o1731.8/7/2/1731/fl.47v/celebrante__ vigario manuel rodrigues
103: 
104: obito$o1731.8
104:          n$ana joao/f/id=o1731.8-per1
105:             ls$ec/viuva
106:             ls$residencia/simoes
107: 
108:             marido$afonso gaspar/id=o1731.8-per1-per2
109:                ls$residencia/simoes
110:                ls$morto/antes
111: 
112:          locs$igreja de nossa senhora de finisterra
113: 
114:          sacr$sim
115: 
116:          oficios$3
117: 
118:          testamento$s
119: 
120:       obito$o1731.9/8/2/1731/fl.47v-48/celebrante__ vigario manuel rodrigues
121: 
122: obito$o1731.9
122:          n$isabel/f/id=o1731.9-per1
123:             ls$idade_aprox/23 meses
124:             ls$residencia/alencarce de baixo
125: 
126:             pai$manuel goncalves/id=o1731.9-per1-per2
127:                ls$residencia/alencarce de baixo
128: 
129:             mae$isabel rodrigues/id=o1731.9-per1-per3
130: 
131:          locs$ermida de sao jose em pinheiro
132: 
133:       obito$o1731.10/12/2/1731/fl.48/celebrante__ vigario manuel rodrigues
134: 
135: obito$o1731.10
135:          n$isabel domingues/f/id=o1731.10-per1
136:             ls$residencia/netos
137: 
138:             marido$manuel goncalves/id=o1731.10-per1-per2
139:                ls$residencia/netos
140: 
141:          locs$ermida de sao miguel arcanjo no sobral
142: 
143:          sacr$sim
144: 
145:          oficios$1
146: 
147:          testamento$n
148: 
149:       obito$o1731.11/23/2/1731/fl.48/celebrante__ vigario manuel rodrigues
150: 
151: obito$o1731.11
151:          n$nome desconhecido/f/id=1731-o11-nome
152:             ls$idade_aprox/recem nascida
153:             ls$naturalidade/casal novo
154: 
155:             pai$manuel cardoso/id=1731-o11-nome-per1
156:                ls$residencia/casal novo
157: 
158:          locs$ermida de santo andre
159: 
160:          referida$isabel cardosa/id=o1731.11-per2
161:             ls$ec/viuva
162:             ls$residencia/casal novo
163:             rel$sociabilidade/baptizou em necessidade/nome desconhecido/1731-o11-nome
164: 
165:       obito$o1731.12/6/3/1731/fl.48/celebrante__ vigario manuel rodrigues
166: 
167: obito$o1731.12
167:          n$catarina madeira/f/id=o1731.12-per1
168:             ls$ec/viuva
169:             ls$residencia/portela
170: 
171:          locs$adro
172: 
173:          sacr$sim
174: 
175:          oficios$1
176: 
177:          testamento$n
178: 
179:       obito$o1731.13/24/3/1731/fl.48-48v/celebrante__ vigario manuel rodrigues
180: 
181: obito$o1731.13
181:          n$maria rodrigues/f/id=o1731.13-per1
182:             ls$ec/viuva
183:             ls$residencia/casal novo
184: 
185:             marido$jorge martins/id=o1731.13-per1-per2
186:                ls$residencia/casal novo
187:                ls$morto/antes
188: 
189:          locs$ermida de santo andre
190: 
191:          sacr$sim
192: 
193:          oficios$3 de 9 licoes
194: 
195:          testamento$n
196: 
197:       obito$o1731.14/30/3/1731/fl.48v/celebrante__ vigario manuel rodrigues
198: 
199: obito$o1731.14
199:          n$maria/f/id=o1731.14-per1
200:             ls$idade_aprox/4 meses
201:             ls$residencia/alencarce de baixo
202: 
203:             pai$antonio marques/id=o1731.14-per1-per2
204:                ls$residencia/casal da venda
205: 
206:             mae$isabel goncalves/id=1731-o14-isabel
207: 
208:          locs$ermida de santo tirso
209: 
210:          locf$em casa de seu tio joao goncalves em alencarce de baixo
211: 
212:          referido$joao goncalves/id=o1731.14-per3
213:             ls$residencia/alencarce de baixo
214:             rel$parentesco/irmao/isabel goncalves/1731-o14-isabel
215: 
216:       obito$o1731.15/2/4/1731/fl.48v/celebrante__ vigario manuel rodrigues
217: 
218: obito$o1731.15
218:          n$maria/f/id=o1731.15-per1
219:             ls$idade_aprox/15 dias
220:             ls$residencia/beltroes
221: 
222:             pai$joao goncalves/id=o1731.15-per1-per2
223:                ls$residencia/beltroes
224: 
225:          locs$ermida de de nossa senhora do bom sucesso
226: 
227:       obito$o1731.16/6/4/1731/fl.48v/celebrante__ vigario manuel rodrigues
228: 
229: obito$o1731.16
229:          n$antonia domingues/f/id=1731-o16-antonia
230:             ls$ec/viuva
231:             ls$residencia/sobral
232: 
233:          locs$igreja de sao tiago/obs=em cova da fabrica
234: 
235:          locf$em casa do filho vigario manuel rodrigues
236: 
237:          sacr$sim
238: 
239:          oficios$2 de 9 licoes
240: 
241:          testamento$n
242: 
243:          referido$manuel rodrigues/id=o1731.16-per1
244:             ls$profissao/padre
245:             ls$cargo/vigario
246:             ls$residencia/soure
247:             rel$parentesco/filho/antonia domingues/1731-16-antonia
248: 
249:       obito$o1731.17/10/4/1731/fl.48v-49/celebrante__ vigario manuel rodrigues
250: 
251: obito$o1731.17
251:          n$jose/m/id=o1731.17-per1
252:             ls$idade_aprox/15 anos
253:             ls$residencia/simoes
254: 
255:             pai$diogo francisco/id=o1731.17-per1-per2
256:                ls$residencia/simoes
257: 
258:          locs$ermida de sao lourenco
259: 
260:          sacr$sim
261: 
262:          oficios$1
263: 
264:       obito$o1731.18/10/4/1728/fl.49/celebrante__ vigario manuel rodrigues
265: 
266: obito$o1731.18
266:          n$joao antunes/m/id=o1731.18-per1
267:             ls$residencia/assamassa
268: 
269:          locs$ermida do divino espirito santo
270: 
271:          sacr$sim
272: 
273:          oficios$2 de 9 licoes
274: 
275:          testamento$n
276: 
277:       obito$o1731.19/11/4/1731/fl.49/celebrante__ vigario manuel rodrigues
278: 
279: obito$o1731.19
279:          n$maria rodrigues/f/id=o1731.19-per1
280:             ls$residencia/oureca
281: 
282:             marido$diogo rodrigues/id=o1731.19-per1-per2
283:                ls$residencia/oureca
284: 
285:          locs$igreja de sao tiago/obs=em cova da fabrica
286: 
287:          sacr$sim
288: 
289:          oficios$meios
290: 
291:          testamento$n
292: 
293:       obito$o1731.20/14/4/1731/fl.41/celebrante__ vigario manuel rodrigues
294: 
295: obito$o1731.20
295:          n$manuel goncalves/m/id=o1731.20-per1
296:             ls$residencia/espirito santo
297: 
298:          locs$ermida do divino espirito santo
299: 
300:          sacr$sim
301: 
302:          oficios$3
303: 
304:          testamento$n
305: 
306:       obito$o1731.21/21/4/1731/fl.49/celebrante__ vigario manuel rodrigues
307: 
308: obito$o1731.21
308:          n$tomas/m/id=o1731.21-per1
309:             ls$idade_aprox/2 anos
310:             ls$residencia/soure
311: 
312:             pai$jose henriques/id=o1731.21-per1-per2
313:                ls$residencia/soure
314:                ls$morto/antes
315: 
316:             mae$helena da cruz/id=o1731.21-per1-per3
317: 
318:          locs$igreja de sao tiago/obs=em cova da fabrica
319: 
320:       obito$o1731.22/6/5/1731/fl.49v/celebrante__ vigario manuel rodrigues
321: 
322: obito$o1731.22
322:          n$ana maria/f/id=o1731.22-per1
323:             ls$residencia/paleao
324: 
325:             marido$jose soares/id=o1731.22-per1-per2
326:                ls$residencia/paleao
327: 
328:          locs$ermida de sao joao baptista
329: 
330:          sacr$sim
331: 
332:          oficios$3 de 9 licoes
333: 
334:       obito$o1731.23/7/5/1731/fl.49v/celebrante__ vigario manuel rodrigues
335: 
336: obito$o1731.23
336:          n$sebastiao/m/id=o1731.23-per1
337:             ls$ec/solteiro
338:             ls$naturalidade/presa
339: 
340:             pai$manuel antunes/id=o1731.23-per1-per2
341:                ls$residencia/presa
342: 
343:             mae$isabel rodrigues/id=o1731.23-per1-per3
344: 
345:          locf$alentejo
346: 
347:       obito$o1731.24/8/5/1731/fl.49/celebrante__ vigario manuel rodrigues
348: 
349: obito$o1731.24
349:          n$manuel francisco/m/id=o1731.24-per1
350:             ls$alcunha/corta ventos
351:             ls$residencia/casal de galinhas
352: 
353:          locs$golga
354: 
355:          locf$golga/obs=onde andava a azeitona
356: 
357:       obito$o1731.25/10/5/1731/fl.49v/celebrante__ vigario manuel rodrigues
358: 
359: obito$o1731.25
359:          n$maria lopes/f/id=o1731.25-per1
360:             ls$residencia/casa velha
361: 
362:             marido$domingos goncalves/id=o1731.25-per1-per2
363:                ls$residencia/casa velha
364: 
365:          locs$ermida de nossa senhora das neves
366: 
367:          sacr$sim
368: 
369:          oficios$3
370: 
371:          testamento$n
372: 
373:       obito$o1731.26/10/5/1731/fl.49v-50/celebrante__ vigario manuel rodrigues
374: 
375: obito$o1731.26
375:          n$luisa/f/id=o1731.26-per1
376:             ls$idade_aprox/3 anos
377:             ls$residencia/soure
378: 
379:             pai$manuel simoescabeca/id=o1731.26-per1-per2
380:                ls$residencia/soure
381: 
382:          locs$igreja de sao tiago/obs=em cova da fabrica
383: 
384:       obito$o1731.27/13/5/1731/fl.50/celebrante__ vigario manuel rodrigues
385: 
386: obito$o1731.27
386:          n$manuel/m/id=o1731.27-per1
387:             ls$idade_aprox/15 anos
388:             ls$residencia/marzagao
389: 
390:             pai$manuel goncalves/id=o1731.27-per1-per2
391:                ls$alcunha/o moco
392:                ls$residencia/marzagao
393: 
394:          locs$ermida de sao miguel em sobral
395: 
396:          sacr$sim
397: 
398:          oficios$1
399: 
400:       obito$o1731.28/19/5/1731/fl.50/celebrante__ vigario manuel rodrigues
401: 
402: obito$o1731.28
402:          n$maria/f/id=o1731.28-per1
403:             ls$idade_aprox/1 mes e meio
404:             ls$residencia/pancarpia
405: 
406:             pai$manuel rodrigues/id=o1731.28-per1-per2
407:                ls$alcunha/o moco
408:                ls$residencia/o moco
409: 
410:          locs$igreja de sao tiago/obs=em cova da fabrica
411: 
412:       obito$o1731.29/23/5/1731/fl.50/celebrante__ vigario manuel rodrigues
413: 
414: obito$o1731.29
414:          n$manuel/m/obs=impossivel mais leitura por buraco no folio/id=o1731.29-per1
415:             ls$residencia/paleao
416: 
417:          locs$ermida de sao joao baptista
418: 
419:          sacr$sim
420: 
421:          oficios$1
422: 
423:          testamento$n
424: 
425:       obito$o1731.30/24/5/1731/fl.50/celebrante__ vigario manuel rodrigues
426: 
427: obito$o1731.30
427:          n$maria joao/f/id=o1731.30-per1
428:             ls$residencia/paleao
429: 
430:             marido$joao rodrigues/id=o1731.30-per1-per2
431:                ls$residencia/paleao
432: 
433:          locs$ermida de sao joao baptista
434: 
435:          sacr$sim/obs=so penitencia por nao haver tempo para mais
436: 
437:          oficios$1
438: 
439:          testamento$n
440: 
441:       obito$o1731.31/25/5/1731/fl.50v/celebrante__ vigario manuel rodrigues
442: 
443: obito$o1731.31
443:          n$maria madeira/f/id=o1731.31-per1
444:             ls$residencia/alencarce de cima
445: 
446:             marido$joao rodrigues/id=o1731.31-per1-per2
447:                ls$residencia/alencarce de cima
448: 
449:          locs$ermida de santo tirso
450: 
451:          sacr$sim
452: 
453:          oficios$3
454: 
455:          testamento$n
456: 
457:       obito$o1731.32/6/6/1731/fl.50v/celebrante__ vigario manuel rodrigues
458: 
459: obito$o1731.32
459:          n$francisca rodrigues/f/id=o1731.32-per1
460:             ls$ec/viuva
461:             ls$residencia/sao mateus
462: 
463:          locs$adro
464: 
465:          sacr$sim
466: 
467:          oficios$1
468: 
469:          testamento$n
470: 
471:       obito$o1731.33/11/6/1731/fl.50v/celebrante__ vigario manuel rodrigues
472: 
473: obito$o1731.33
473:          n$simao/m/id=o1731.33-per1
474:             ls$idade_aprox/de maior idade/obs=herdado de pai
475:             ls$ec/solteiro
476:             ls$residencia/cascao
477: 
478:             pai$antonio/id=o1731.33-per1-per2
479:                ls$residencia/cascao
480:                ls$morto/antes
481: 
482:             mae$maria joao/id=o1731.33-per1-per3
483:                ls$ec/viuva
484:                ls$residencia/cascao
485: 
486:          locs$ermida de santo tirso
487: 
488:          sacr$sim
489: 
490:          oficios$3
491: 
492:       obito$o1731.34/14/6/1731/fl.50v/celebrante__ vigario manuel rodrigues
493: 
494: obito$o1731.34
494:          n$catarina cardosa/f/id=o1731.34-per1
495:             ls$ec/viuva
496:             ls$residencia/poucapena
497: 
498:       obito$o1731.35/11/7/1731/fl.50v-51/celebrante__ vigario manuel rodrigues
499: 
500: obito$o1731.35
500:          n$manuel rodrigues sopas/m/id=o1731.35-per1
501:             ls$residencia/barril
502: 
503:          locs$ermida de sao mateus
504: 
505:          sacr$sim
506: 
507:          oficios$3
508: 
509:          testamento$n
510: 
511:       obito$o1731.36/20/7/1731/fl.51/celebrante__ vigario manuel rodrigues
512: 
513: obito$o1731.36
513:          n$maria rodrigues/f/id=o1731.36-per1
514:             ls$ec/viuva
515:             ls$residencia/porto panelas
516: 
517:             marido$joao gomes/id=o1731.36-per1-per2
518:                ls$residencia/portopanelas
519:                ls$morto/antes
520: 
521:          locs$igreja de sao tiago/obs=em cova da fabrica
522: 
523:          sacr$sim
524: 
525:          oficios$3 de 9 licoes
526: 
527:          testamento$n
528: 
529:       obito$o1731.37/21/7/1731/fl.51/celebrante__ vigario manuel rodrigues
530: 
531: obito$o1731.37
531:          n$catarina ferreira/f/id=o1731.37-per1
532:             ls$residencia/casal das brancas
533: 
534:             marido$luis goncalves/id=o1731.37-per1-per2
535:                ls$residencia/casal das brancas
536: 
537:          locs$ermida do divino espirito santo
538: 
539:          sacr$sim
540: 
541:          oficios$3
542: 
543:          testamento$n
544: 
545:       obito$o1731.38/24/7/1731/fl.51/celebrante__ vigario manuel rodrigues
546: 
547: obito$o1731.38
547:          n$caetana do espirito santo/f/id=o1731.38-per1
548:             ls$ec/solteira
549:             ls$residencia/soure
550: 
551:             pai$francisco lopes/id=o1731.38-per1-per2
552:                ls$residencia/soure
553: 
554:          locs$ermida de sao francisco
555: 
556:          sacr$sim
557: 
558:          oficios$3 de 9 licoes
559: 
560:          testamento$s
561: 
562:       obito$o1731.39/26/7/1731/fl.51/celebrante__ vigario manuel rodrigues
563: 
564: obito$o1731.39
564:          n$ana/f/id=o1731.39-per1
565:             ls$idade_aprox/1 ano e meio
566:             ls$residencia/soure
567: 
568:             pai$henrique barbosa/id=o1731.39-per1-per2
569:                ls$titulo/doutor
570:                ls$residencia/soure
571: 
572:          locs$ermida de sao francisco
573: 
574:       obito$o1731.40/30/7/1731/fl.51v/celebrante__ vigario manuel rodrigues
575: 
576: obito$o1731.40
576:          n$maria leoa/f/id=o1731.40-per1
577:             ls$ec/solteira
578:             ls$residencia/soure
579: 
580:          locs$igreja de sao tiago/obs=em cova da fabrica
581: 
582:          sacr$sim
583: 
584:          oficios$3
585: 
586:          testamento$s
587: 
588:       obito$o1731.41/1/8/1731/fl.51v/celebrante__ vigario manuel rodrigues
589: 
590: obito$o1731.41
590:          n$luis/m/id=o1731.41-per1
591:             ls$idade_aprox/1 ano
592:             ls$residencia/soure
593: 
594:             pai$antonio cardoso/id=o1731.41-per1-per2
595:                ls$residencia/soure
596: 
597:          locs$ermida de nossa senhora dos anjos
598: 
599:       obito$o1731.42/2/8/1731/fl.51v/celebrante__ vigario manuel rodrigues
600: 
601: obito$o1731.42
601:          n$caetano mendes/m/id=o1731.42-per1
602:             ls$ec/solteiro
603:             ls$residencia/soure
604: 
605:          locs$ermida de nossa senhora dos anjos
606: 
607:          sacr$sim
608: 
609:          oficios$1
610: 
611:          testamento$n
612: 
613:       obito$o1731.43/5/8/1731/fl.51v/celebrante__ vigario manuel rodrigues
614: 
615: obito$o1731.43
615:          n$maria/f/id=o1731.43-per1
616:             ls$idade_aprox/maior de idade
617:             ls$ec/solteira
618:             ls$residencia/casal da venda
619: 
620:          locs$igreja de sao tiago/obs=em cova da fabrica
621: 
622:          sacr$sim
623: 
624:          oficios$3
625: 
626:          testamento$n
627: 
628:       obito$o1731.44/6/8/1731/fl.51v/celebrante__ vigario manuel rodrigues
629: 
630: obito$o1731.44
630:          n$maria joao/f/id=o1731.44-per1
631:             ls$ec/viuva
632:             ls$residencia/sobral
633: 
634:             marido$manuel vaz/id=o1731.44-per1-per2
635:                ls$residencia/sobral
636:                ls$morto/antes
637: 
638:          locs$ermida de sao miguel arcanjo
639: 
640:          causa$morte apressada
641: 
642:          sacr$nao/obs=por morte repentina
643: 
644:          oficios$3
645: 
646:          testamento$n
647: 
648:       obito$o1731.45/8/8/1731/fl.51v-52/celebrante__ vigario manuel rodrigues
649: 
650: obito$o1731.45
650:          n$miguel martins/m/id=o1731.45-per1
651:             ls$ec/solteiro
652:             ls$naturalidade/mogadouro
653: 
654:          locf$alentejo
655: 
656:       obito$o1731.46/16/8/1731/fl.52/celebrante__ vigario manuel rodrigues
657: 
658: obito$o1731.46
658:          n$teresa de oliveira/f/id=o1731.46-per1
659:             ls$residencia/corujeira
660: 
661:             marido$jose luis/id=o1731.46-per1-per2
662:                ls$residencia/corujeira
663: 
664:          locs$ermida e sao francisco
665: 
666:          sacr$sim
667: 
668:          oficios$3
669: 
670:          testamento$n
671: 
672:       obito$o1731.47/17/8/1731/fl.52/celebrante__ vigario manuel rodrigues
673: 
674: obito$o1731.47
674:          n$pedro rodrigues nabarro/m/id=o1731.47-per1
675:             ls$ec/viuvo
676:             ls$residencia/vale da borra
677: 
678:          locs$adro
679: 
680:          causa$morte apressada
681: 
682:          sacr$nao/obs=por morte repentina
683: 
684:          oficios$2
685: 
686:          testamento$n
687: 
688:       obito$o1731.48/19/8/1731/fl.52/celebrante__ vigario manuel rodrigues
689: 
690: obito$o1731.48
690:          n$sebastiao machado da costa/m/id=o1731.48-per1
691:             ls$ec/viuvo
692:             ls$residencia/soure
693: 
694:          locs$igreja de sao tiago/obs=em cova da fabrica
695: 
696:          sacr$sim
697: 
698:          oficios$3 de 9 licoes
699: 
700:          testamento$n
701: 
702:       obito$o1731.49/23/8/1731/fl.52/celebrante__ vigario manuel rodrigues
703: 
704: obito$o1731.49
704:          n$rodrigo/m/id=o1731.49-per1
705:             ls$idade_aprox/1 ano
706:             ls$residencia/soure
707: 
708:             pai$manuel duarte/id=o1731.49-per1-per2
709:                ls$naturalidade/vila verde dos francos
710:                ls$residencia/soure
711: 
712:             mae$mariana de oliveira/id=o1731.49-per1-per3
713:                ls$naturalidade/vila verde dos francos
714:                ls$residencia/soure
715: 
716:          locs$igreja de sao tiago/obs=em cova da fabrica
717: 
718:       obito$o1731.50/25/8/1731/fl.52/celebrante__ vigario manuel rodrigues
719: 
720: obito$o1731.50
720:          n$tomas/m/id=o1731.50-per1
721:             ls$idade_aprox/3 anos
722:             ls$residencia/casal do oliveiro
723: 
724:             pai$manuel rodrigues/id=o1731.50-per1-per2
725:                ls$residencia/casal do oliveiro
726: 
727:          locs$ermida de nossa senhora dos anjos
728: 
729:       obito$o1731.51/28/8/1731/fl.52v/celebrante__ vigario manuel rodrigues
730: 
731: obito$o1731.51
731:          n$maria/f/id=o1731.51-per1
732:             ls$idade_aprox/6 meses
733:             ls$residencia/soure
734: 
735:             pai$joao henriques/id=o1731.51-per1-per2
736:                ls$residencia/soure
737: 
738:          locs$igreja de sao tiago/obs=em cova da fabrica
739: 
740:       obito$o1731.52/29/8/1731/fl.52v/celebrante__ vigario manuel rodrigues
741: 
742: obito$o1731.52
742:          n$francisca/f/id=o1731.52-per1
743:             ls$idade_aprox/3 anos
744:             ls$residencia/alencarce de cima
745: 
746:             pai$joao ramos/id=o1731.52-per1-per2
747:                ls$residencia/alencarcce de cima
748: 
749:             mae$maria rodrigues/id=o1731.52-per1-per3
750: 
751:          locs$ermida de santo tirso
752: 
753:       obito$o1731.53/30/8/1731/fl.52v/celebrante__ vigario manuel rodrigues
754: 
755: obito$o1731.53
755:          n$damiana dos santos/f/id=o1731.53-per1
756:             ls$ec/viuva
757:             ls$residencia/casal de galinhas
758: 
759:          locs$ermida do divino espirito santo
760: 
761:          sacr$sim
762: 
763:          oficios$1
764: 
765:          testamento$n
766: 
767:       obito$o1731.54/30/8/1731/fl.52v/celebrante__ vigario manuel rodrigues
768: 
769: obito$o1731.54
769:          n$nome desconhecido/m/id=1731-o54-nome
770:             ls$idade_aprox/recem nascido
771:             ls$naturalidade/soure
772: 
773:             pai$manuel francisco/id=1731-o54-nome-per1
774:                ls$residencia/soure
775: 
776:          locs$ermida de nossa senhora dos anjos
777: 
778:          referida$maria gomes/id=o1731.54-per2
779:             ls$profissao/parteira
780:             ls$residencia/soure
781:             rel$sociabilidade/baptizou em necessidade/nome desconhecido/1731-o54-nome
782: 
783:       obito$o1731.55/30/8/1731/fl.52v/celebrante__ vigario manuel rodrigues
784: 
785: obito$o1731.55
785:          n$teresa/f/id=o1731.55-per1
786:             ls$idade_aprox/3 anos
787:             ls$residencia/soure
788: 
789:             pai$henrique barbosa canais/id=o1731.55-per1-per2
790:                ls$titulo/doutor
791:                ls$residencia/soure
792: 
793:          locs$ermida de sao francisco
794: 
795:       obito$o1731.56/10/9/1731/fl.52v-53/celebrante__ vigario manuel rodrigues
796: 
797: obito$o1731.56
797:          n$isabel/f/id=o1731.56-per1
798:             ls$idade_aprox/1 ano
799:             ls$residencia/alencarce de cima
800: 
801:             pai$joao ramos/id=o1731.56-per1-per2
802:                ls$residencia/alencarce de cima
803: 
804:             mae$maria rodrigues/id=o1731.56-per1-per3
805: 
806:          locs$ermida de santo tirso
807: 
808:       obito$o1731.57/15/9/1731/fl.53/celebrante__ vigario manuel rodrigues
809: 
810: obito$o1731.57
810:          n$januario/m/id=o1731.57-per1
811:             ls$idade_aprox/10 anos
812:             ls$residencia/soure
813: 
814:             pai$manuel alves da silva/id=o1731.57-per1-per2
815:                ls$residencia/soure
816: 
817:          locs$igreja de sao tiago/obs=em cova da fabrica
818: 
819:          sacr$sim/obs=so penitencia porque nao procurou outro algum
820: 
821:          oficios$1
822: 
823:       obito$o1731.58/18/9/1731/fl.53/celebrante__ vigario manuel rodrigues
824: 
825: obito$o1731.58
825:          n$jose/m/id=o1731.58-per1
826:             ls$idade_aprox/16 anos
827:             ls$residencia/casal de mendinho
828: 
829:             pai$manuel goncalves menderico/id=o1731.58-per1-per2
830:                ls$residencia/casal do mendinho
831: 
832:          locs$adro
833: 
834:          sacr$sim
835: 
836:          oficios$1
837: 
838:       obito$o1731.59/19/9/1731/fl.53/celebrante__ vigario manuel rodrigues
839: 
840: obito$o1731.59
840:          n$maria/f/id=o1731.59-per1
841:             ls$idade_aprox/5 anos
842:             ls$residencia/soure
843: 
844:             pai$manuel jorge/id=o1731.59-per1-per2
845:                ls$profissao/sapateiro
846:                ls$residencia/soure
847: 
848:          locs$igreja de sao tiago/obs=em cova da fabrica
849: 
850:       obito$o1731.60/21/9/1731/fl.53/celebrante__ vigario manuel rodrigues
851: 
852: obito$o1731.60
852:          n$maria rodrigues montais/f/id=o1731.60-per1
853:             ls$residencia/soure
854: 
855:             marido$manuel carvalho valente/id=o1731.60-per1-per2
856:                ls$residencia/soure
857: 
858:          locs$ermida de sao francisco
859: 
860:          sacr$sim
861: 
862:          oficios$1
863: 
864:          testamento$n
865: 
866:       obito$o1731.61/23/9/1731/fl.53-53v/celebrante__ vigario manuel rodrigues
867: 
868: obito$o1731.61
868:          n$isabel simoes camouca/f/id=o1731.61-per1
869:             ls$ec/viuva
870:             ls$residencia/paleao
871: 
872:          locs$ermida de sao joao baptista
873: 
874:          sacr$sim
875: 
876:          oficios$1
877: 
878:          testamento$n
879: 
880:       obito$o1731.62/3/10/1731/fl.53v/celebrante__ vigario manuel rodrigues
881: 
882: obito$o1731.62
882:          n$francisco/m/id=o1731.62-per1
883:             ls$idade_aprox/maior de 20 anos
884:             ls$residencia/montais
885: 
886:             pai$antonio francisco/id=o1731.62-per1-per2
887:                ls$residencia/montais
888:                ls$morto/antes
889: 
890:             mae$maria francisca/id=o1731.62-per1-per3
891: 
892:          locs$ermida de sao miguel
893: 
894:          sacr$sim
895: 
896:          oficios$3
897: 
898:          testamento$n
899: 
900:       obito$o1731.63/5/10/1731/fl.53v/celebrante__ vigario manuel rodrigues
901: 
902: obito$o1731.63
902:          n$maria gomes/f/id=o1731.63-per1
903:             ls$ec/viuva
904:             ls$residencia/santo ildefonso
905: 
906:             marido$joao da costa/id=o1731.63-per1-per2
907:                ls$profissao/ermitao
908:                ls$residencia/santo ildefonso
909:                ls$morto/antes
910: 
911:          locs$ermida de santo ildefonso
912: 
913:          sacr$sim
914: 
915:          oficios$2 de 9 licoes
916: 
917:          testamento$n
918: 
919:       obito$o1731.64/6/10/1731/fl.53v/celebrante__ vigario manuel rodrigues
920: 
921: obito$o1731.64
921:          n$felipa/f/id=o1731.64-per1
922:             ls$residencia/delgados
923: 
924:             marido$domingos palaio/id=o1731.64-per1-per2
925:                ls$residencia/delgados
926: 
927:          locs$adro
928: 
929:          sacr$sim
930: 
931:          oficios$3
932: 
933:          testamento$n
934: 
935:       obito$o1731.65/13/10/1731/fl.53/celebrante__ vigario manuel rodrigues
936: 
937: obito$o1731.65
937:          n$manuel/m/id=o1731.65-per1
938:             ls$idade_aprox/20 anos
939:             ls$ec/solteiro
940:             ls$residencia/corujeira
941: 
942:             pai$manuel jorge/id=o1731.65-per1-per2
943:                ls$residencia/corujeira
944: 
945:          locs$igreja de sao tiago/obs=em cova da fabrica
946: 
947:          sacr$sim
948: 
949:          oficios$1
950: 
951:          testamento$n
952: 
953:       obito$o1731.66/13/10/1731/fl.53-53v/celebrante__ vigario manuel rodrigues
954: 
955: obito$o1731.66
955:          n$jose/m/id=o1731.66-per1
956:             ls$idade_aprox/9 anos
957:             ls$residencia/presa
958: 
959:             pai$manuel antunes/id=o1731.66-per1-per2
960:                ls$alcunha/o moco
961:                ls$residencia/presa
962: 
963:             mae$catarina rodrigues/id=o1731.66-per1-per3
964: 
965:          locs$ermida de santo ildefonso
966: 
967:          sacr$sim/obs=so penitencia porque nao procurou outro
968: 
969:          oficios$1
970: 
971:       obito$o1731.67/13/10/1731/fl.54/celebrante__ vigario manuel rodrigues
972: 
973: obito$o1731.67
973:          n$jose/m/id=o1731.67-per1
974:             ls$ec/solteiro/obs=herdado de mae
975:             ls$naturalidade/carvalheira de baixo
976: 
977:             pai$joao madeira/id=o1731.67-per1-per2
978:                ls$residencia/carvalheira de baixo
979: 
980:          locs$arzila
981: 
982:          locf$arzila
983: 
984:       obito$o1731.68/14/10/1731/fl.54/celebrante__ vigario manuel rodrigues
985: 
986: obito$o1731.68
986:          n$isabel/f/id=o1731.68-per1
987:             ls$idade_aprox/12 anos
988:             ls$residencia/simoes
989: 
990:             pai$afonso joao de carvalho/id=o1731.68-per1-per2
991:                ls$residencia/simoes
992: 
993:          locs$igreja de nossa senhora de finisterra/obs=em locs$igreja de sao tiago/obs=em cova da fabricada fabrica
994: 
995:          sacr$sim
996: 
997:          oficios$1
998: 
999:       obito$o1731.69/14/10/1731/fl.54/celebrante__ vigario manuel rodrigues
1000: 
1001: obito$o1731.69
1001:          n$alexandra/f/id=o1731.69-per1
1002:             ls$idade_aprox/3 anos
1003:             ls$residencia/soure
1004: 
1005:             pai$tomas francisco/id=o1731.69-per1-per2
1006:                ls$titulo/doutor
1007:                ls$profissao/medico
1008:                ls$residencia/soure
1009: 
1010:          locs$igreja de sao tiago/obs=em cova da fabrica
1011: 
1012:       obito$o1731.70/17/10/1731/fl.54/celebrante__ vigario manuel rodrigues
1013: 
1014: obito$o1731.70
1014:          n$alexandra/f/id=o1731.70-per1
1015:             ls$ilegitima/sim
1016:             ls$idade_aprox/13 meses
1017:             ls$residencia/soure
1018: 
1019:             mae$teresa/id=1731-o70-teresa
1020:                ls$ec/solteira
1021:                ls$residencia/soure
1022: 
1023:          locs$igreja de sao tiago/obs=em cova da fabrica
1024: 
1025:          referido$jose de barros/id=o1731.70-per2
1026:             ls$residencia/soure
1027:             rel$parentesco/pai/teresa/1731-o70-teresa
1028: 
1029:       obito$o1731.71/18/10/1731/fl.54-54v/celebrante__ vigario manuel rodrigues
1030: 
1031: obito$o1731.71
1031:          n$manuel/m/id=1731-o71-manuel
1032:             ls$idade_aprox/recem nascido
1033:             ls$naturalidade/oureca
1034: 
1035:             pai$manuel simoes/id=1731-o71-simoes
1036:                ls$alcunha/o moco
1037:                ls$residencia/oureca
1038: 
1039:             mae$natalia rodrigues/id=1731-o71-manuel-per1
1040: 
1041:          locs$ermida de nossa senhora dos anjos
1042: 
1043:          referido$manuel simoes/id=o1731.71-per2
1044:             ls$residencia/oureca
1045:             rel$parentesco/pai/manuel simoes/1731-o71-simoes
1046:             rel$sociabilidade/baptizou em necessidade/manuel/1731-o71-manuel
1047: 
1048:       obito$o1731.72/19/10/1731/fl.54v/celebrante__ vigario manuel rodrigues
1049: 
1050: obito$o1731.72
1050:          n$silverio/m/id=o1731.72-per1
1051:             ls$idade_aprox/1 ano
1052:             ls$enjeitado/sim
1053:             ls$residencia/soure
1054: 
1055:          locs$ermida de nossa senhora dos anjos
1056: 
1057:          referido$manuel francisco/obs=a mulher criava silverio/id=o1731.72-per2
1058:             ls$residencia/soure/obs=na rua da levada
1059: 
1060:       obito$o1731.73/21/10/1731/fl.54v/celebrante__ vigario manuel rodrigues
1061: 
1062: obito$o1731.73
1062:          n$manuel pinto/m/id=o1731.73-per1
1063:             ls$ec/viuvo
1064:             ls$residencia/soure
1065: 
1066:          locs$igreja de sao tiago/obs=em cova da fabrica
1067: 
1068:          sacr$sim
1069: 
1070:          oficios$1
1071: 
1072:          testamento$n
1073: 
1074:       obito$o1731.74/22/10/1731/fl.54v/celebrante__ vigario manuel rodrigues
1075: 
1076: obito$o1731.74
1076:          n$antonio francisco esteves/m/id=o1731.74-per1
1077:             ls$naturalidade/barril
1078: 
1079:          causa$por haver mais de 25 anos que anda ausente sem nada dele se saber
1080: 
1081:       obito$o1731.75/23/10/1731/fl.54v/celebrante__ vigario manuel rodrigues
1082: 
1083: obito$o1731.75
1083:          n$jeronimo/m/id=o1731.75-per1
1084:             ls$idade_aprox/3 anos
1085:             ls$residencia/soure
1086: 
1087:             pai$diogo rodrigues de andrade/id=o1731.75-per1-per2
1088:                ls$residencia/soure
1089: 
1090:          locs$ermida de nossa senhora dos anjos
1091: 
1092:       obito$o1731.76/27/10/1731/fl.54v/celebrante__ vigario manuel rodrigues
1093: 
1094: obito$o1731.76
1094:          n$luisa/f/id=o1731.76-per1
1095:             ls$idade_aprox/2 anos e meio
1096:             ls$residencia/soure
1097: 
1098:             pai$jacinto ferreira/id=o1731.76-per1-per2
1099:                ls$residencia/soure
1100: 
1101:          locs$ermida de nossa senhora dos anjos
1102: 
1103:       obito$o1731.77/29/10/1731/fl.55/celebrante__ vigario manuel rodrigues
1104: 
1105: obito$o1731.77
1105:          n$mariana/f/id=o1731.77-per1
1106:             ls$titulo/dona
1107: 
1108:          locs$igreja de sao tiago/obs=em cova da fabrica
1109: 
1110:          sacr$sim
1111: 
1112:          oficios$3 de 9 licoes
1113: 
1114:          testamento$n
1115: 
1116:       obito$o1731.78/30/10/1731/fl.55/celebrante__ vigario manuel rodrigues
1117: 
1118: obito$o1731.78
1118:          n$antonia manuel/f/id=o1731.78-per1
1119:             ls$ec/viuva
1120:             ls$residencia/casal novo
1121: 
1122:          sacr$sim
1123: 
1124:          oficios$1
1125: 
1126:          testamento$n
1127: 
1128:       obito$o1731.79/2/11/1731/fl.55/celebrante__ vigario manuel rodrigues
1129: 
1130: obito$o1731.79
1130:          n$jose de oliveira/m/id=o1731.79-per1
1131:             ls$residencia/fatacos
1132: 
1133:          locs$adro
1134: 
1135:          sacr$sim
1136: 
1137:          oficios$1
1138: 
1139:          testamento$n
1140: 
1141:       obito$o1731.80/6/11/1731/fl.55/celebrante__ vigario manuel rodrigues
1142: 
1143: obito$o1731.80
1143:          n$maria/f/id=o1731.80-per1
1144:             ls$idade_aprox/seis anos
1145:             ls$residencia/casconho
1146: 
1147:             pai$antonio simoes/id=o1731.80-per1-per2
1148:                ls$residencia/moinhos das figueirinha
1149:                ls$freguesia/redinha
1150: 
1151:             mae$maria joao/id=o1731.80-per1-per3
1152: 
1153:          locs$ermida de sao joao baptista
1154: 
1155:       obito$o1731.81/7/11/1731/fl.55/celebrante__ vigario manuel rodrigues
1156: 
1157: obito$o1731.81
1157:          n$manuel/m/id=o1731.81-per1
1158:             ls$idade_aprox/8 meses
1159:             ls$residencia/fatacos
1160: 
1161:             pai$joao cardoso/obs=duvidas no nome/id=o1731.81-per1-per2
1162:                ls$residencia/fatacos
1163: 
1164:          locs$ermida do divino espirito santo
1165: 
1166:       obito$o1731.82/8/11/1731/fl.55v/celebrante__ vigario manuel rodrigues
1167: 
1168: obito$o1731.82
1168:          n$josefa/f/id=o1731.82-per1
1169:             ls$idade_aprox/3 anos
1170:             ls$residencia/mogadouro
1171: 
1172:             pai$joao nunes/id=o1731.82-per1-per2
1173:                ls$residencia/mogadouro
1174: 
1175:          locs$adro
1176: 
1177:       obito$o1731.83/9/11/1731/fl.55v/celebrante__ vigario manuel rodrigues
1178: 
1179: obito$o1731.83
1179:          n$simao/m/id=1731-o83-simao
1180:             ls$profissao/criado
1181:             ls$residencia/soure
1182: 
1183:             pai$simao fernandes/id=1731-o83-simao-per1
1184:                ls$morto/antes
1185: 
1186:             mae$maria josefa/id=1731-o83-simao-per2
1187: 
1188:          locs$igreja de sao tiago/obs=em cova da fabrica
1189: 
1190:          sacr$sim/obs=so penitencia por nao haver tempo para mais
1191: 
1192:          testamento$n
1193: 
1194:          referido$francisco gomes frazao/id=o1731.83-per3
1195:             ls$profissao/padre
1196:             ls$cargo/beneficiado
1197:             rel$sociabilidade/patrao/simao/1731-o83-simao
1198: 
1199:       obito$o1731.84/11/11/1731/fl.55v/celebrante__ vigario manuel rodrigues
1200: 
1201: obito$o1731.84
1201:          n$henrique/m/id=o1731.84-per1
1202:             ls$idade_aprox/18 anos
1203:             ls$residencia/alencarce de cima
1204: 
1205:             pai$antonio joao/id=o1731.84-per1-per2
1206:                ls$residencia/alencarce de cima
1207:                ls$morto/antes
1208: 
1209:             mae$maria tome/id=o1731.84-per1-per3
1210: 
1211:          locs$ermida de santo tirso
1212: 
1213:       obito$o1731.85/15/11/1731/fl.55v/celebrante__ vigario manuel rodrigues
1214: 
1215: obito$o1731.85
1215:          n$manuel/m/id=o1731.85-per1
1216:             ls$idade_aprox/15 anos
1217:             ls$residencia/casalinhos
1218: 
1219:             pai$manuel joao/id=o1731.85-per1-per2
1220:                ls$residencia/casalinhos
1221: 
1222:             mae$maria joao/id=o1731.85-per1-per3
1223:                ls$residencia/casalinhos
1224:                ls$morta/antes
1225: 
1226:          locs$igreja de sao tiago/obs=em cova da fabrica
1227: 
1228:       obito$o1731.86/21/11/1731/fl.55v/celebrante__ vigario manuel rodrigues
1229: 
1230: obito$o1731.86
1230:          n$luisa/f/id=o1731.86-per1
1231:             ls$idade_aprox/de maior idade
1232:             ls$residencia/soure
1233: 
1234:             pai$domingos dos santos/id=o1731.86-per1-per2
1235:                ls$profissao/ferreiro
1236:                ls$residencia/soure
1237: 
1238:             mae$maria de sousa/id=o1731.86-per1-per3
1239: 
1240:          locs$ermida de sao francisco
1241: 
1242:       obito$o1731.87/22/11/1731/fl.56/celebrante__ vigario manuel rodrigues
1243: 
1244: obito$o1731.87
1244:          n$helena/f/id=o1731.87-per1
1245:             ls$idade_aprox/5 anos
1246:             ls$residencia/fatacos
1247: 
1248:          locs$ermida do divino espirito santo
1249: 
1250:       obito$o1731.88/23/11/1731/fl.56/celebrante__ vigario manuel rodrigues
1251: 
1252: obito$o1731.88
1252:          n$maria/f/id=o1731.88-per1
1253:             ls$idade_aprox/3 meses
1254:             ls$residencia/casalinhos
1255: 
1256:             pai$ventura francisco/id=o1731.88-per1-per2
1257:                ls$residencia/casalinhos
1258: 
1259:          locs$igreja de sao tiago/obs=em cova da fabrica
1260: 
1261:       obito$o1731.89/23/11/1731/fl.56/celebrante__ vigario manuel rodrigues
1262: 
1263: obito$o1731.89
1263:          n$mariana/f/id=o1731.89-per1
1264:             ls$idade_aprox/1 ano e meio
1265:             ls$residencia/casais da misericordia
1266: 
1267:             pai$manuel domingues/id=o1731.89-per1-per2
1268:                ls$residencia/casais da misericordia
1269: 
1270:             mae$maria goncalves/id=o1731.89-per1-per3
1271: 
1272:          locs$igreja de sao tiago/obs=em cova da fabrica
1273: 
1274:       obito$o1731.90/23/11/1731/fl.56/celebrante__ vigario manuel rodrigues
1275: 
1276: obito$o1731.90
1276:          n$manuel vaz/m/id=o1731.90-per1
1277:             ls$residencia/pinheiro
1278: 
1279:          locs$adro
1280: 
1281:          sacr$sim
1282: 
1283:          oficios$1
1284: 
1285:          testamento$n
1286: 
1287:       obito$o1731.91/26/11/1731/fl.56/celebrante__ vigario manuel rodrigues
1288: 
1289: obito$o1731.91
1289:          n$diogo francisco/m/id=o1731.91-per1
1290:             ls$residencia/simoes
1291: 
1292:          locs$ermida de sao lourenco
1293: 
1294:          sacr$sim
1295: 
1296:          oficios$3 de 9 licoes
1297: 
1298:          testamento$s
1299: 
1300:       obito$o1731.92/26/11/1731/fl.56/celebrante__ vigario manuel rodrigues
1301: 
1302: obito$o1731.92
1302:          n$jose/m/id=o1731.92-per1
1303:             ls$idade_aprox/menor
1304:             ls$residencia/paleao
1305: 
1306:             pai$antonio aires/obs=duvidas no apelido/id=o1731.92-per1-per2
1307:                ls$residencia/paleao
1308: 
1309:       obito$o1731.93/29/11/1731/fl.56-56v/celebrante__ vigario manuel rodrigues
1310: 
1311: obito$o1731.93
1311:          n$jose/m/id=o1731.93-per1
1312:             ls$idade_aprox/16 anos
1313:             ls$residencia/casal de galinhas
1314: 
1315:             pai$jose/id=o1731.93-per1-per2
1316:                ls$residencia/porto de galinhas
1317: 
1318:             mae$catarina/id=o1731.93-per1-per3
1319: 
1320:       obito$o1731.94/29/11/1731/fl.56v/celebrante__ vigario manuel rodrigues
1321: 
1322: obito$o1731.94
1322:          n$teresa/f/id=o1731.94-per1
1323:             ls$idade_aprox/18 anos
1324:             ls$residencia/sobral
1325: 
1326:             mae$isabel rodrigues/id=o1731.94-per1-per2
1327:                ls$profissao/caseira/obs=caseira de jose da cunha
1328:                ls$residencia/sobral
1329: 
1330:          locs$ermida de sao miguel
1331: 
1332:       obito$o1731.95/1/12/1731/fl.56v/celebrante__ vigario manuel rodrigues
1333: 
1334: obito$o1731.95
1334:          n$jose/m/id=o1731.95-per1
1335:             ls$idade_aprox/16 anos
1336:             ls$residencia/paleao
1337: 
1338:             pai$antonio gomes/obs=duvidas no nome/id=o1731.95-per1-per2
1339:                ls$residencia/paleao
1340: 
1341:          locs$ermida de sao joao baptista
1342: 
1343:       obito$o1731.96/2/12/1731/fl.56v/celebrante__ vigario manuel rodrigues
1344: 
1345: obito$o1731.96
1345:          n$leonarda/f/id=o1731.96-per1
1346:             ls$idade_aprox/9 meses
1347:             ls$residencia/soure
1348: 
1349:             pai$sebastiao martins/id=o1731.96-per1-per2
1350:                ls$residencia/soure
1351: 
1352:             mae$maria se brito/id=o1731.96-per1-per3
1353: 
1354:          locs$igreja de sao tiago/obs=em cova da fabrica
1355: 
1356:       obito$o1731.97/3/12/1731/fl.56v/celebrante__ vigario manuel rodrigues
1357: 
1358: obito$o1731.97
1358:          n$maria mendes/f/id=o1731.97-per1
1359:             ls$residencia/soure
1360: 
1361:             marido$antonio goncalves/id=o1731.97-per1-per2
1362:                ls$residencia/soure
1363: 
1364:          locs$igreja de sao tiago/obs=em cova da fabrica
1365: 
1366:          sacr$sim
1367: 
1368:          oficios$1
1369: 
1370:          testamento$n
1371: 
1372:       obito$o1731.98/3/12/1731/fl.56v-57/celebrante__ vigario manuel rodrigues
1373: 
1374: obito$o1731.98
1374:          n$jose rodrigues/m/id=o1731.98-per1
1375:             ls$ec/solteiro
1376: 
1377:          locs$adro da misericordia
1378: 
1379:          locf$hospital da misericordia
1380: 
1381:       obito$o1731.99/3/12/1731/fl.57/celebrante__ vigario manuel rodrigues
1382: 
1383: obito$o1731.99
1383:          n$joao manuel/m/id=o1731.99-per1
1384:             ls$residencia/tabuaco
1385: 
1386:          locs$adro da misericordia
1387: 
1388:          locf$soure/obs=estava de passagem
1389: 
1390:       obito$o1731.100/5/12/1731/fl.57/celebrante__ vigario manuel rodrigues
1391: 
1392: obito$o1731.100
1392:          n$antonia/f/id=1731-o100-antonia
1393:             ls$idade_aprox/recem nascida
1394:             ls$naturalidade/casal das brancas
1395: 
1396:             pai$jose goncalves/id=1731-o100-antonia-per1
1397:                ls$residencia/casal das brancas
1398: 
1399:             mae$cecilia goncalves/id=1731-o100-antonia-per2
1400: 
1401:          locs$ermida do divino espirito santo
1402: 
1403:          referido$luis carvalho/id=o1731.100-per3
1404:             ls$profissao/padre
1405:             ls$residencia/casal das brancas
1406:             rel$sociabilidade/baptizou em necessidade/antonia/1731-o100-antonia
1407: 
1408:       obito$o1731.101/9/12/1731/fl.57/celebrante__ vigario manuel rodrigues
1409: 
1410: obito$o1731.101
1410:          n$joao/m/id=o1731.101-per1
1411:             ls$idade_aprox/2 anos
1412:             ls$residencia/mogadouro
1413: 
1414:             pai$jose lopes/id=o1731.101-per1-per2
1415:                ls$residencia/mogadouro
1416: 
1417:             mae$mariana ferreira/obs=duvidas no nome/id=o1731.101-per1-per3
1418: 
1419:          locs$ermida de nossa senhora dos anjos
1420: 
1421:       obito$o1731.102/14/12/1731/fl.57/celebrante__ vigario manuel rodrigues
1422: 
1423: obito$o1731.102
1423:          n$jacinto/m/id=o1731.102-per1
1424:             ls$idade_aprox/8 anos
1425:             ls$residencia/espirito santo
1426: 
1427:             pai$jacinto da costa/id=o1731.102-per1-per2
1428:                ls$residencia/espirito santo
1429: 
1430:             mae$maria goncalves/id=o1731.102-per1-per3
1431: 
1432:          locs$ermida do divino espirito santo
1433: 
1434:       obito$o1731.103/19/12/1731/fl.57/celebrante__ vigario manuel rodrigues
1435: 
1436: obito$o1731.103
1436:          n$manuel/m/id=o1731.103-per1
1437:             ls$idade_aprox/5 meses
1438:             ls$residencia/paleao
1439: 
1440:             pai$manuel gomes/id=o1731.103-per1-per2
1441:                ls$residencia/paleao
1442: 
1443:          locs$ermida de sao joao baptista
1444: 
1445:       obito$o1731.104/21/12/1731/fl.57v/celebrante__ vigario manuel rodrigues
1446: 
1447: obito$o1731.104
1447:          n$felipe rodrigues/m/id=o1731.104-per1
1448:             ls$residencia/pinheiro
1449: 
1450:          locs$adro
1451: 
1452:          sacr$sim
1453: 
1454:          testamento$n
1455: 
1456:       obito$o1731.105/23/12/1731/fl.57v/celebrante__ vigario manuel rodrigues
1457: 
1458: obito$o1731.105
1458:          n$ana rodrigues/f/id=o1731.105-per1
1459:             ls$idade_aprox/maior de idade
1460:             ls$ec/solteira
1461:             ls$residencia/barrosos
1462: 
1463:          locs$ermida de sao sebastiao
1464: 
1465:          sacr$sim
1466: 
1467:          oficios$3
1468: 
1469:          testamento$n
1470: 
1471:       obito$o1731.106/23/12/1731/fl.57v/celebrante__ vigario manuel rodrigues
1472: 
1473: obito$o1731.106
1473:          n$luis/m/id=o1731.106-per1
1474:             ls$idade_aprox/6 anos
1475:             ls$residencia/paleao
1476: 
1477:             pai$jose soares/id=o1731.106-per1-per2
1478:                ls$residencia/paleao
1479: 
1480:          locs$ermida de sao joao baptista
1481: 
1482:       obito$o1731.107/26/12/1731/fl.57v/celebrante__ vigario manuel rodrigues
1483: 
1484: obito$o1731.107
1484:          n$tome velho/m/id=o1731.107-per1
1485:             ls$residencia/soure
1486: 
1487:          locs$igreja de sao tiago/obs=em cova da fabrica
1488: 
1489:          sacr$sim
1490: 
1491:          oficios$1
1492: 
1493:          testamento$n
1494: 
1495:       obito$o1731.108/26/12/1731/fl.57v/celebrante__ vigario manuel rodrigues
1496: 
1497: obito$o1731.108
1497:          n$jacinto/m/id=o1731.108-per1
1498:             ls$idade_aprox/8 para 9 anos
1499:             ls$residencia/fatacos
1500: 
1501:             pai$sebastiao marques/id=o1731.108-per1-per2
1502:                ls$residencia/fatacos
1503: 
1504:          locs$ermida do divino espirito santo
1505: 
1506:          sacr$sim
1507: 
1508:          oficios$1
1509: 
1510:       obito$o1731.109/27/12/1731/fl.57/celebrante__ vigario manuel rodrigues
1511: 
1512: obito$o1731.109
1512:          n$manuel/m/id=o1731.109-per1
1513:             ls$idade_aprox/12 anos
1514:             ls$residencia/casconho
1515: 
1516:             pai$joao domingues/id=o1731.109-per1-per2
1517:                ls$residencia/casconho
1518:                ls$morto/antes
1519: 
1520:             mae$maria martins/id=o1731.109-per1-per3
1521:                ls$residencia/casconho
1522: 
1523:          locs$ermida de porto coelheiro
1524: 
1525:          causa$doenca
1526: 
1527:          sacr$sim
1528: 
1529:          oficios$1
1530: 
1531:       obito$o1731.110/28/12/1731/fl.57v-58/celebrante__ vigario manuel rodrigues
1532: 
1533: obito$o1731.110
1533:          n$bernarda/f/id=o1731.110-per1
1534:             ls$idade_aprox/5 para 6 anos
1535:             ls$residencia/paleao
1536: 
1537:             pai$manuel gomes/id=o1731.110-per1-per2
1538:                ls$residencia/paleao
1539: 
1540:          locs$ermida de sao joao baptista
1541: 
1542:       obito$o1731.111/31/12/1731/fl.58/celebrante__ vigario manuel rodrigues
1543: 
1544: obito$o1731.111
1544:          n$jacinto/m/id=o1731.111-per1
1545:             ls$idade_aprox/6 anos
1546:             ls$residencia/barril
1547: 
1548:             pai$jose rodrigues/id=o1731.111-per1-per2
1549:                ls$profissao/soldado
1550:                ls$residencia/barril
1551:                ls$morto/antes
1552: 
1553:             mae$isabel rodrigues/id=o1731.111-per1-per3
1554: 
1555:          locs$ermida de sao mateus
1556: *** End of File
** Processed file- /Users/jrc/mhk-home/sources/soure/soure-sources/sources/soure_fase2/obi1731.cli
** Original file- /Users/jrc/mhk-home/sources/soure/soure-sources/sources/soure_fase2/obi1731.org
** Previous version- /Users/jrc/mhk-home/sources/soure/soure-sources/sources/soure_fase2/obi1731.old
** Temp file with ids- /Users/jrc/mhk-home/sources/soure/soure-sources/sources/soure_fase2/obi1731.ids
0  errors. 
0  warnings.
Translation finished.
