ClioInput - version @@VERSION@@ - build @@BUILD@@ @@DATE@@
13-6-2019 22-52

Processing data file obi1733.cli
-------------------------------------------
Generic Act translation module with geoentities (XML).
     Joaquim Ramos de Carvalho (joaquim@uc.pt) 
** New document: kleio
1: kleio$gacto2.str/translations=2
=========================
kleio translation started
=========================
Structure: gacto2.str
Prefix: 
Autorel: 
Translation count: 2
Obs: 
2:    fonte$obito 1733/1733/paroquiais/auc/obs=em muito mau estado
3: 
** Processing source fonte$obito 1733
4:       obito$o1733.01/3/1/1733/fl.68/celebrante__ vigario manuel rodrigues
5: 
6: obito$o1733.01
6:          n$domingos joao/m/id=o1733.01-per1
7:             ls$profissao/padre
8:             ls$residencia/alencarce de cima
9: 
10:          locs$ermida de santto tirso/obs=porque escolheu la ser sepultado
11: 
12:          sacr$sim
13: 
14:          oficios$3 de 9 licoes
15: 
16:          testamento$s
17: 
18:       obito$o1733.2/8/1/1733/fl.68/celebrante__ vigario manuel rodrigues
19: 
20: obito$o1733.2
20:          n$manuel gaspar/m/id=o1733.2-per1
21:             ls$residencia/presa
22: 
23:          locs$ermida de santo ildefonso
24: 
25:          sacr$sim
26: 
27:          oficios$1
28: 
29:          testamento$n
30: 
31:       obito$o1733.3/9/1/1733/fl.68/celebrante__ vigario manuel rodrigues
32: 
33: obito$o1733.3
33:          n$antonia/f/id=1733-o3-antonia
34:             ls$idade_aprox/recem nascida
35:             ls$naturalidade/paleao
36: 
37:             pai$joao afonso/id=1733-o3-joao
38:                ls$residencia/paleao
39: 
40:             mae$antonia dos santos/id=1733-o3-antonia-per1
41: 
42:          locs$ermida de sao joao baptista
43: 
44:          referida$maria joao/id=1733-o3-maria
45:             ls$residencia/casconho
46:             rel$sociabilidade/baptizou em necessidade/antonia/1733-o3-antonia
47: 
48:          referido$pedro francisco/id=o1733.3-per2
49:             ls$residencia/casconho
50:             rel$parentesco/marido/maria joao/1733-o3-maria
51:             rel$parentesco/pai/joao afonso/1733-o3-joao
52: 
53:       obito$o1733.4/13/1/1733/fl.68/celebrante__ vigario manuel rodrigues
54: 
55: obito$o1733.4
55:          n$maria/f/id=1733-o4-maria
56:             ls$idade_aprox/recem nascida
57:             ls$naturalidade/sobral
58: 
59:             pai$jose simoes/id=1733-o4-maria-per1
60:                ls$residencia/sobral
61: 
62:             mae$rosa maria/id=1733-o4-maria-per2
63: 
64:          locs$ermida de sao miguel
65: 
66:          referida$isabel francisca/id=o1733.4-per3
67:             ls$alcunha/a pacheca
68:             ls$ec/viuva
69:             ls$residencia/sobral
70:             rel$sociabilidade/baptizou em necessidade/maria/1733-o4-maria
71: 
72:       obito$o1733.5/20/1/1733/fl.68-68v/celebrante__ vigario manuel rodrigues
73: 
74: obito$o1733.5
74:          n$antonia dos santos/f/id=o1733.5-per1
75:             ls$residencia/paleao
76: 
77:             marido$joao afonso/id=o1733.5-per1-per2
78:                ls$residencia/paleao
79: 
80:          locs$ermida de sao joao baptista
81: 
82:          sacr$sim
83: 
84:          oficios$3
85: 
86:          testamento$n
87: 
88:       obito$o1733.6/21/1/1733/fl.68v/celebrante__ vigario manuel rodrigues
89: 
90: obito$o1733.6
90:          n$domingas jorge/m/id=o1733.6-per1
91:             ls$ec/viuva
92:             ls$residencia/corujeira
93: 
94:             pai$jose luis/id=o1733.6-per1-per2
95:                ls$residencia/corujeira
96:                ls$morto/antes
97: 
98:          locs$igreja de sao tiago/obs=em cova da fabrica
99: 
100:          sacr$sim
101: 
102:          oficios$3
103: 
104:          testamento$n
105: 
106:       obito$o1733.7/29/1/1733/fl.68v/celebrante__ vigario manuel rodrigues
107: 
108: obito$o1733.7
108:          n$joao francisco/m/id=o1733.7-per1
109:             ls$residencia/paleao
110: 
111:          locs$ermida de sao joao baptista
112: 
113:          sacr$sim
114: 
115:          oficios$1
116: 
117:          testamento$n
118: 
119:       obito$o1733.8/2/2/1733/fl.68v/celebrante__ vigario manuel rodrigues
120: 
121: obito$o1733.8
121:          n$maria rodrigues/f/id=o1733.8-per1
122:             ls$ec/viuva
123:             ls$residencia/porto coelheiro
124: 
125:          locs$ermida de sao sebastiao
126: 
127:          sacr$sim
128: 
129:          oficios$3 de 9 licoes
130: 
131:          testamento$n
132: 
133:       obito$o1733.9/2/2/1733/fl.68v/celebrante__ vigario manuel rodrigues
134: 
135: obito$o1733.9
135:          n$francisca rodrigues/f/id=o1733.9-per1
136:             ls$ec/viuva
137:             ls$residencia/paleao
138: 
139:          locs$ermida de sao joao baptista
140: 
141:          sacr$sim
142: 
143:          oficios$1
144: 
145:          testamento$n
146: 
147:       obito$o1733.10/6/2/1733/fl.68v/celebrante__ vigario manuel rodrigues
148: 
149: obito$o1733.10
149:          n$manuel goncalves/m/id=o1733.10-per1
150:             ls$residencia/netos
151: 
152:          locs$ermida de sao miguel arcanjo no sobral
153: 
154:          sacr$sim
155: 
156:          oficios$1
157: 
158:          testamento$n
159: 
160:       obito$o1733.11/10/2/1733/fl.68v-69/celebrante__ vigario manuel rodrigues
161: 
162: obito$o1733.11
162:          n$luisa goncalves/f/id=o1733.11-per1
163:             ls$residencia/migalho
164: 
165:             marido$manuel cardoso/id=o1733.11-per1-per2
166:                ls$residencia/migalho
167: 
168:          locs$ermida de santo andre no casal novo
169: 
170:          sacr$sim
171: 
172:          oficios$1
173: 
174:          testamento$n
175: 
176:       obito$o1733.12/11/2/1733/fl.69/celebrante__ vigario manuel rodrigues
177: 
178: obito$o1733.12
178:          n$antonia ferreira/f/id=o1733.12-per1
179:             ls$residencia/alencarce de baixo
180: 
181:             marido$martins goncalves/id=o1733.12-per1-per2
182:                ls$residencia/alencarce de baixo
183: 
184:          locs$ermida de sao francisco
185: 
186:          sacr$sim
187: 
188:          oficios$3 de 9 licoes
189: 
190:          testamento$n
191: 
192:       obito$o1733.13/15/2/1733/fl.69/celebrante__ vigario manuel rodrigues
193: 
194: obito$o1733.13
194:          n$isabel/f/id=o1733.13-per1
195:             ls$residencia/migalho
196: 
197:             pai$domingos cardoso/id=o1733.13-per1-per2
198:                ls$residencia/migalho
199:                ls$morto/antes
200: 
201:             mae$isabel dos santos/id=o1733.13-per1-per3
202: 
203:          locs$ermida de santo andre
204: 
205:          sacr$sim
206: 
207:          oficios$2
208: 
209:       obito$o1733.14/22/2/1733/fl.69/celebrante__ vigario manuel rodrigues
210: 
211: obito$o1733.14
211:          n$maria/f/id=o1733.14-per1
212:             ls$idade_aprox/17 anos
213:             ls$residencia/casa velha
214: 
215:             pai$jose luis/id=o1733.14-per1-per2
216:                ls$residencia/casa velha
217: 
218:          locs$ermida de nossa senhora das neves
219: 
220:          sacr$sim
221: 
222:          oficios$1
223: 
224:       obito$o1733.15/10/3/1732/fl.69/celebrante__ vigario manuel rodrigues
225: 
226: obito$o1733.15
226:          n$joao/m/id=o1733.15-per1
227:             ls$idade_aprox/1 para 2 meses
228:             ls$residencia/assamassa
229: 
230:             pai$feliz/id=o1733.15-per1-per2
231:                ls$residencia/assamassa
232: 
233:             mae$isabel ferreira/id=o1733.15-per1-per3
234: 
235:          locs$ermida do divino espirito santo
236: 
237:       obito$o1733.16/26/3/1733/fl.69/celebrante__ vigario manuel rodrigues
238: 
239: obito$o1733.16
239:          n$manuel/m/id=o1733.16-per1
240:             ls$idade_aprox/2 meses
241:             ls$residencia/alencarce de cima
242: 
243:             pai$manuel goncalves/obs=duvidas na leitura/id=o1733.16-per1-per2
244:                ls$residencia/alencarce de cima
245: 
246:          locs$ermida de santo tirso
247: 
248:       obito$o1733.17/27/3/1733/fl.69v/celebrante__ vigario manuel rodrigues
249: 
250: obito$o1733.17
250:          n$angela dos anjos/f/id=o1733.17-per1
251:             ls$residencia/soure
252: 
253:             marido$alexandre ferreira/id=o1733.17-per1-per2
254:                ls$alcunha/o velho
255:                ls$residencia/soure
256: 
257:          locs$igreja de sao tiago/obs=em cova da fabrica
258: 
259:          sacr$sim
260: 
261:          oficios$3 de 9 licoes
262: 
263:          testamento$n
264: 
265:       obito$o1733.18/8/4/1733/fl.69v/celebrante__ vigario manuel rodrigues
266: 
267: obito$o1733.18
267:          n$jorge/m/id=o1733.18-per1
268:             ls$idade_aprox/8 para 9 anos
269:             ls$residencia/soure
270: 
271:             pai$joao henriques/id=o1733.18-per1-per2
272:                ls$residencia/soure
273: 
274:          locs$igreja de sao tiago/obs=em cova da fabrica
275: 
276:          sacr$sim/obs=excepto sagrada comunhao por nao ter capacidade
277: 
278:          oficios$1
279: 
280:       obito$o1733.19/17/4/1733/fl.69v/celebrante__ vigario manuel rodrigues
281: 
282: obito$o1733.19
282:          n$agostinho/m/id=o1733.19-per1
283:             ls$idade_aprox/recem nascido
284:             ls$residencia/lagem
285: 
286:             pai$sebastiao rodrigues/id=o1733.19-per1-per2
287:                ls$residencia/lagem
288: 
289:          locs$ermida de sao jose em pinheiro
290: 
291:       obito$o1733.20/18/4/1733/fl.69v/celebrante__ vigario manuel rodrigues
292: 
293: obito$o1733.20
293:          n$damiana colaca/f/id=o1733.20-per1
294:             ls$ec/solteira
295:             ls$residencia/espirito santo
296: 
297:          locs$ermida de sao francisco
298: 
299:          sacr$sim
300: 
301:          oficios$3 de 9 licoes
302: 
303:          testamento$s
304: 
305:       obito$o1733.21/26/4/1733/fl.69v-70/celebrante__ vigario manuel rodrigues
306: 
307: obito$o1733.21
307:          n$joao ferreira nuvem/id=o1733.21-per1
308:             ls$residencia/soure
309: 
310:          locs$igreja de sao tiago/obs=em cova da fabrica
311: 
312:          causa$doenca prolongada
313: 
314:          sacr$sim
315: 
316:          oficios$3
317: 
318:          testamento$n
319: 
320:       obito$o1733.22/26/4/1733/fl.70/celebrante__ vigario manuel rodrigues
321: 
322: obito$o1733.22
322:          n$ana/f/id=o1733.22-per1
323:             ls$idade_aprox/4 para 5 meses
324:             ls$residencia/barrosos
325: 
326:             pai$antonio marques/id=o1733.22-per1-per2
327:                ls$profissao/barbeiro
328:                ls$residencia/barrosos
329: 
330:          locs$igreja de sao sebastiao no mogadouro
331: 
332:       obito$o1733.23/24/4/1733/fl.70/celebrante__ vigario manuel rodrigues
333: 
334: obito$o1733.23
334:          n$teresa/f/id=o1733.23-per1
335:             ls$idade_aprox/8 para 9 anos
336:             ls$residencia/alencarce de cima
337: 
338:             pai$manuel antunes/id=o1733.23-per1-per2
339:                ls$residencia/alencarce de cima
340: 
341:          locs$ermida de santo tirso
342: 
343:          sacr$sim
344: 
345:          oficios$1
346: 
347:       obito$o1733.24/25/4/1733/fl.70/celebrante__ vigario manuel rodrigues
348: 
349: obito$o1733.24
349:          n$francisca madeira/f/id=o1733.24-per1
350:             ls$residencia/cascao
351: 
352:             marido$antonio madeira/id=o1733.24-per1-per2
353:                ls$residencia/cascao
354: 
355:          locs$ermida de santo tirso
356: 
357:          sacr$sim
358: 
359:          oficios$3 de 9 licoes
360: 
361:          testamento$n
362: 
363:       obito$o1733.25/24/4/1733/fl.70/celebrante__ vigario manuel rodrigues
364: 
365: obito$o1733.25
365:          n$manuel lopes/m/id=o1733.25-per1
366:             ls$residencia/alencarce de cima
367: 
368:          locs$ermida de santo tirso
369: 
370:          sacr$sim
371: 
372:          oficios$3
373: 
374:          testamento$n
375: 
376:       obito$o1733.26/26/4/1733/fl.70/celebrante__ vigario manuel rodrigues
377: 
378: obito$o1733.26
378:          n$josefa travassos/f/id=1733-o26-josefa
379:             ls$residencia/vila nova de ancos
380: 
381:          locs$ermida do divino espirito santo
382: 
383:          locf$casal de galinhas/obs=em casa de seu cunhado manuel jorge
384: 
385:          sacr$sim
386: 
387:          oficios$3
388: 
389:          testamento$n
390: 
391:          referido$manuel jorge/id=o1733.26-per1
392:             ls$alcunha/o raposo
393:             ls$residencia/casal de galinhas
394:             rel$parentesco/cunhado/josefa travassos/1733-o26-josefa
395: 
396:       obito$o1733.27/29/4/1733/fl.70/celebrante__ vigario manuel rodrigues
397: 
398: obito$o1733.27
398:          n$isabel rodrigues serroa/f/id=o1733.27-per1
399:             ls$ec/viuva
400:             ls$residencia/soure
401: 
402:          locs$igreja de sao tiago/obs=em cova da fabrica
403: 
404:          sacr$sim
405: 
406:          oficios$1 de 9 licoes
407: 
408:          testamento$s
409: 
410:       obito$o1733.28/10/5/1733/fl.70v/celebrante__ vigario manuel rodrigues
411: 
412: obito$o1733.28
412:          n$antonio rodrigues/m/id=o1733.28-per1
413:             ls$ec/viuvo
414:             ls$residencia/quinta da telhada
415: 
416:          locs$igreja de sao tiago/obs=em cova da fabrica
417: 
418:          sacr$sim
419: 
420:          oficios$1
421: 
422:          testamento$n
423: 
424:       obito$o1733.29/12/5/1733/fl.70v/celebrante__ vigario manuel rodrigues
425: 
426: obito$o1733.29
426:          n$baltazar/m/id=o1733.29-per1
427:             ls$idade_aprox/3 anos
428:             ls$residencia/barrosos
429: 
430:             pai$antonio marques/id=o1733.29-per1-per2
431:                ls$profissao/barbeiro
432:                ls$residencia/barrosos
433: 
434:          locs$ermida de sao sebastiao
435: 
436:       obito$o1733.30/1/6/1733/fl.70v/celebrante__ vigario manuel rodrigues
437: 
438: obito$o1733.30
438:          n$maria da gante/f/id=1733-o30-maria
439:             ls$ec/solteira
440:             ls$residencia/sao mateus
441: 
442:          locs$ermida de sao francisco
443: 
444:          locf$soure/obs=em casa de seu cunhado mateus gomes
445: 
446:          sacr$sim
447: 
448:          oficios$1
449: 
450:          testamento$n
451: 
452:          referido$mateus gomes/id=o1733.30-per1
453:             ls$profissao/barbeiro
454:             ls$residencia/soure
455:             rel$parentesco/cunhado/maria da gante/1733-o30-maria
456: 
457:       obito$o1733.31/6/6/1733/fl.70v/celebrante__ vigario manuel rodrigues
458: 
459: obito$o1733.31
459:          n$esperanca/f/id=o1733.31-per1
460:             ls$idade_aprox/15 dias
461:             ls$residencia/barrosos
462: 
463:             pai$joao lopes/id=o1733.31-per1-per2
464:                ls$residencia/barrosos
465: 
466:             mae$maria goncalves/id=o1733.31-per1-per3
467: 
468:          locs$ermida de sao sebastiao no mogadouro
469: 
470:       obito$o1733.32/11/6/1733/fl.70v/celebrante__ vigario manuel rodrigues
471: 
472: obito$o1733.32
472:          n$josefa goncalves/f/id=o1733.32-per1
473:             ls$residencia/simoes
474: 
475:             marido$afonso joao de carvalho/id=o1733.32-per1-per2
476:                ls$residencia/simoes
477: 
478:          locs$igreja de sao tiago/obs=em cova da fabrica
479: 
480:          sacr$sim
481: 
482:          oficios$3
483: 
484:          testamento$n
485: 
486:       obito$o1733.33/11/6/1733/fl.70v/celebrante__ vigario manuel rodrigues
487: 
488: obito$o1733.33
488:          n$ana/f/id=o1733.33-per1
489:             ls$idade_aprox/15 anos
490:             ls$residencia/paleao
491: 
492:             pai$manuel carvalho/id=o1733.33-per1-per2
493:                ls$residencia/paleao
494: 
495:          locs$ermida de sao joao
496: 
497:       obito$o1733.34/15/6/1733/fl.71/celebrante__ vigario manuel rodrigues
498: 
499: obito$o1733.34
499:          n$joao madeira/m/id=1733-o34-joao
500:             ls$ec/solteiro
501:             ls$naturalidade/alencarce de baixo
502: 
503:          causa$ausente ha mais de vinte anos sem noticia alguma pelo que se tem como morto
504: 
505:          oficios$3 de 9 licoes
506: 
507:          referido$domingos madeira/id=o1733.34-per1
508:             ls$residencia/alencarce de baixo
509:             rel$parentesco/irmao/joao madeira/1733-o34-joao
510: 
511:       obito$o1733.35/23/6/1733/fl.71/celebrante__ vigario manuel rodrigues
512: 
513: obito$o1733.35
513:          n$placido/m/id=1733-o35-placido
514:             ls$enjeitado/sim/obs=a porta de francisco de oliveira
515: 
516:          locs$adro
517: 
518:          referido$jose rodrigues da paz/id=o1733.35-per1
519:             ls$profissao/padre
520:             ls$cargo/beneficiado
521:             ls$residencia/soure
522:             rel$sociabilidade/baptizou em necessidade/placido/1733-o35-placido
523: 
524:          referido$francisco de oliveira/id=o1733.35-per2
525:             ls$residencia/pedrafonco
526: 
527:       obito$o1733.36/26/6/1733/fl.71/celebrante__ vigario manuel rodrigues
528: 
529: obito$o1733.36
529:          n$jose/m/id=o1733.36-per1
530:             ls$idade_aprox/4 meses
531:             ls$residencia/soure
532: 
533:             pai$placido soares coelho/id=o1733.36-per1-per2
534:                ls$residencia/soure
535: 
536:             mae$ana maria/id=o1733.36-per1-per3
537: 
538:          locs$igreja de sao tiago/obs=em cova da fabrica
539: 
540:       obito$o1733.37/28/6/1733/fl.71/celebrante__ vigario manuel rodrigues
541: 
542: obito$o1733.37
542:          n$isabel/f/id=1733-o37-isabel
543:             ls$idade_aprox/recem nascida
544:             ls$residencia/casais da misericordia
545: 
546:             pai$manuel francisco/id=1733-o37-isabel-per1
547:                ls$residencia/casais da misericordia
548: 
549:          locs$igreja de nossa senhora de finisterra/obs=em locs$igreja de sao tiago/obs=em cova da fabricada fabrica
550: 
551:          referido$tome dias/id=o1733.37-per2
552:             ls$residencia/bonitos
553:             rel$sociabilidade/baptizou em necessidade/isabel/1733-o37-isabel
554: 
555:       obito$o1733.38/6/7/1733/fl.71/celebrante__ vigario manuel rodrigues
556: 
557: obito$o1733.38
557:          n$mariana/f/id=o1733.38-per1
558:             ls$ilegitima/sim
559:             ls$idade_aprox/1 mes e meio
560:             ls$residencia/soure
561: 
562:             mae$antonia/id=1733-o38-antonia
563:                ls$ec/solteira
564:                ls$residencia/soure
565: 
566:          locs$igreja de sao tiago/obs=em cova da fabrica
567: 
568:          referido$matias da silva/id=o1733.38-per2
569:             ls$residencia/soure
570:             rel$parentesco/pai/antonia/1733-o38-antonia
571: 
572:       obito$o1733.39/6/7/1733/fl.71v/celebrante__ vigario manuel rodrigues
573: 
574: obito$o1733.39
574:          n$mateus/m/id=o1733.39-per1
575:             ls$idade_aprox/14 meses
576:             ls$residencia/soure
577: 
578:             pai$joao rodrigues/id=o1733.39-per1-per2
579:                ls$profissao/caseiro/obs=caseiro do capitao luis manhos
580:                ls$residencia/soure
581: 
582:          locs$igreja de sao tiago/obs=em cova da fabrica
583: 
584:          causa$afogamento/obs=faleceu desastradamente afogado na agua
585: 
586:          referido$joao manhos/id=o1733.39-per3
587:             ls$cargo/capitao
588:             ls$residencia/soure
589: 
590:       obito$o1733.40/17/8/1733/fl.72/celebrante__ vigario manuel rodrigues
591: 
592: obito$o1733.40
592:          n$maria dos santos/f/id=o1733.40-per1
593:             ls$ec/solteira
594:             ls$residencia/casa velha
595: 
596:             pai$gabriel/id=o1733.40-per1-per2
597:                ls$residencia/casa velha
598:                ls$morto/antes
599: 
600:          locs$ermida de nossa senhora das neves
601: 
602:          sacr$sim
603: 
604:          oficios$1 de 9 licoes
605: 
606:          testamento$s
607: 
608:       obito$o1733.41/19/8/1733/fl.72/celebrante__ vigario manuel rodrigues
609: 
610: obito$o1733.41
610:          n$luis ribeiro cabral/m/id=o1733.41-per1
611:             ls$profissao/padre
612:             ls$residencia/soure
613: 
614:          locs$igreja de sao tiago
615: 
616:          sacr$sim
617: 
618:          oficios$3 de 9 licoes
619: 
620:          testamento$s
621: 
622:       obito$o1733.42/27/8/1733/fl.72/celebrante__ vigario manuel rodrigues
623: 
624: obito$o1733.42
624:          n$antonia/f/id=1733-o42-antonia
625:             ls$idade_aprox/recem nascida
626:             ls$naturalidade/areias
627: 
628:             pai$sebastiao dinis/id=1733-o42-antonia-per1
629:                ls$residencia/areias
630: 
631:             mae$antonia simoes/id=1733-o42-antonia-per2
632: 
633:          locs$ermida de sao jose em pinheiro
634: 
635:          referido$sebastiao ferreira/id=o1733.42-per3
636:             ls$profissao/padre
637:             ls$residencia/areias
638:             rel$sociabilidade/baptizou em necessidade/antonia/1733-o42-antonia
639: 
640:       obito$o1733.43/3/9/1733/fl.72v/celebrante__ vigario manuel rodrigues
641: 
642: obito$o1733.43
642:          n$antonio domingues/m/id=o1733.43-per1
643:             ls$residencia/casconho
644: 
645:          locs$ermida de sao joao baptista
646: 
647:          causa$doenca prolongada
648: 
649:          sacr$sim
650: 
651:          oficios$3 de 9 licoes
652: 
653:          testamento$n
654: 
655:       obito$o1733.44/16/9/1733/fl.72v/celebrante__ vigario manuel rodrigues
656: 
657: obito$o1733.44
657:          n$maria pequena/f/id=o1733.44-per1
658:             ls$profissao/escrava/obs=escrava de bernardo de ega sande
659:             ls$residencia/soure
660: 
661:          locs$igreja de sao tiago
662: 
663:          sacr$sim
664: 
665:          referido$bernardo de ega/id=o1733.44-per2
666:             ls$residencia/soure
667: 
668:       obito$o1733.45/30/9/1733/fl.72v/celebrante__ vigario manuel rodrigues
669: 
670: obito$o1733.45
670:          n$nome desconhecido/m/id=1733-o45-nome
671:             ls$idade_aprox/recem nascido
672:             ls$naturalidade/simoes
673: 
674:             pai$manuel farncisco melro/id=1733-o45-nome-per1
675:                ls$residencia/simoes
676: 
677:             mae$antonia francisca/id=1733-o45-nome-per2
678: 
679:          locs$igreja de nossa senhora de finsterra/obs=em locs$igreja de sao tiago/obs=em cova da fabricada fabrica
680: 
681:          referida$maria francisca/id=1733-o45-maria
682:             ls$residencia/simoes
683:             rel$sociabilidade/baptizou em necessidade/nome desconhecido/1733-o45-nome
684: 
685:          referido$jose gaspar/id=o1733.45-per3
686:             ls$residencia/simoes
687:             rel$parentesco/marido/maria francisca/1733-o45-maria
688: 
689:       obito$o1733.46/12/10/1733/fl.72v/celebrante__ vigario manuel rodrigues
690: 
691: obito$o1733.46
691:          n$isabel cardosa/f/id=o1733.46-per1
692:             ls$ec/solteira
693:             ls$residencia/casa velha
694: 
695:          locs$ermida de nossa senhora das neves
696: 
697:          sacr$sim
698: 
699:          oficios$2 de 9 licoes
700: 
701:          testamento$s
702: 
703:       obito$o1733.47/20/10/1733/fl.72v/celebrante__ vigario manuel rodrigues
704: 
705: obito$o1733.47
705:          n$mariana agostinha/f/id=o1733.47-per1
706:             ls$residencia/espirito santo
707: 
708:             marido$manuel antunes/id=o1733.47-per1-per2
709:                ls$residencia/espirito santo
710: 
711:          locs$ermida do divino espirito santo
712: 
713:          causa$doenca prolongada
714: 
715:          sacr$sim
716: 
717:          oficios$3 de 9 licoes
718: 
719:          testamento$n
720: 
721:       obito$o1733.48/28/10/1733/fl.72v/celebrante__ vigario manuel rodrigues
722: 
723: obito$o1733.48
723:          n$luisa/f/id=o1733.48-per1
724:             ls$idade_aprox/1 ano e meio
725:             ls$residencia/presa
726: 
727:             pai$domingos joao/id=o1733.48-per1-per2
728:                ls$residencia/presa
729: 
730:          locs$adro
731: 
732:       obito$o1733.49/29/10/1733/fl.73/celebrante__ vigario manuel rodrigues
733: 
734: obito$o1733.49
734:          n$manuel rodrigues feijao/m/id=o1733.49-per1
735:             ls$residencia/barril
736: 
737:          locs$ermida de sao mateus
738: 
739:          causa$doenca prolongada
740: 
741:          sacr$sim
742: 
743:          oficios$2 de 9 licoes
744: 
745:          testamento$n
746: 
747:       obito$o1733.50/6/11/1733/fl.73/celebrante__ vigario manuel rodrigues
748: 
749: obito$o1733.50
749:          n$maria/f/id=o1733.50-per1
750:             ls$idade_aprox/1 para 2 anos
751:             ls$residencia/alencarce de baixo
752: 
753:             pai$manuel goncalves/id=o1733.50-per1-per2
754:                ls$residencia/alencarce de baixo
755: 
756:             mae$isabel rodigues/id=o1733.50-per1-per3
757: 
758:          locs$igreja de sao tiago/obs=em cova da fabrica
759: 
760:          causa$afogamento/obs=morte desastrada afogada na agua
761: 
762:       obito$o1733.51/13/11/1733/fl.73/celebrante__ vigario manuel rodrigues
763: 
764: obito$o1733.51
764:          n$domingas da silva/f/id=o1733.51-per1
765:             ls$residencia/barril
766: 
767:          locs$ermida de sao mateus
768: 
769:          sacr$sim/obs=excepto sagrada comunhao por inpedimento da garganta
770: 
771:          oficios$1
772: 
773:          testamento$n
774: 
775:       obito$o1733.52/13/11/1733/fl.73/celebrante__ vigario manuel rodrigues
776: 
777: obito$o1733.52
777:          n$manuel antunes/m/id=o1733.52-per1
778:             ls$alcunha/o velho
779:             ls$residencia/presa
780: 
781:          locs$ermida de santo ildefonso
782: 
783:          sacr$sim/obs=so penitencia por nao procurar mais
784: 
785:          oficios$3
786: 
787:          testamento$n
788: 
789:       obito$o1733.53/20/11/1733/fl.73/celebrante__ vigario manuel rodrigues
790: 
791: obito$o1733.53
791:          n$manuel francisco/m/id=o1733.53-per1
792:             ls$profissao/alfaiate
793:             ls$residencia/alencarce de cima
794: 
795:          locs$ermida de santo tirso
796: 
797:          sacr$sim
798: 
799:          oficios$3
800: 
801:          testamento$n
802: 
803:       obito$o1733.54/20/11/1733/fl.73/celebrante__ vigario manuel rodrigues
804: 
805: obito$o1733.54
805:          n$francisco goncalves/m/id=o1733.54-per1
806:             ls$idade_aprox/maior de idade de 20 anos
807:             ls$naturalidade/alencarce de cima
808:             ls$residencia/alentejo
809: 
810:             pai$mateus goncalves/id=o1733.54-per1-per2
811:                ls$residencia/alencarce de cima
812: 
813:          locf$alentejo
814: 
815:       obito$o1733.55/20/11/1733/fl.73v/celebrante__ vigario manuel rodrigues
816: 
817: obito$o1733.55
817:          n$maria/f/id=o1733.55-per1
818:             ls$ec/solteira
819:             ls$naturalidade/casa velha
820: 
821:             pai$joao leao/id=o1733.55-per1-per2
822:                ls$residencia/casa velha
823: 
824:          locf$bispado do porto/obs=onde morava em casa de um paroco seu primo
825: 
826:       obito$o1733.56/22/11/1733/fl.73v/celebrante__ vigario manuel rodrigues
827: 
828: obito$o1733.56
828:          n$isabel rodrigues/f/id=o1733.56-per1
829:             ls$residencia/simoes
830: 
831:             marido$manuel joao marques/id=o1733.56-per1-per2
832:                ls$residencia/simoes
833: 
834:          locs$ermida de sao lourenco
835: 
836:          sacr$sim
837: 
838:          oficios$3
839: 
840:          testamento$n
841: 
842:       obito$o1733.57/24/11/1733/fl.73v/celebrante__ vigario manuel rodrigues
843: 
844: obito$o1733.57
844:          n$joao simoes/m/id=o1733.57-per1
845:             ls$residencia/sobral
846: 
847:          locs$adro
848: 
849:          sacr$sim
850: 
851:          oficios$1
852: 
853:          testamento$n
854: 
855:       obito$o1733.58/25/11/1733/fl.73v/celebrante__ vigario manuel rodrigues
856: 
857: obito$o1733.58
857:          n$manuel simoes/m/id=o1733.58-per1
858:             ls$alcunha/o conde
859:             ls$naturalidade/simoes
860: 
861:          locf$ausente a mais de 20 anos
862: 
863:       obito$o1733.59/25/11/1733/fl.73v/celebrante__ vigario manuel rodrigues
864: 
865: obito$o1733.59
865:          n$manuel/m/id=o1733.59-per1
866:             ls$ec/solteiro
867:             ls$naturalidade/simoes
868: 
869:             pai$manuel simoes/id=o1733.59-per1-per2
870:                ls$alcunha/o conde
871: 
872:          locf$hospital de evora
873: 
874:       obito$o1733.60/26/11/1733/fl.73v/celebrante__ vigario manuel rodrigues
875: 
876: obito$o1733.60
876:          n$antonio gomes/m/id=o1733.60-per1
877:             ls$residencia/paleao
878: 
879:          locs$ermida de sao joao baptista
880: 
881:          causa$morreu aoressado
882: 
883:          sacr$sim/obs=nao a extrema uncao por nao haver tempo para mais
884: 
885:          oficios$1 de 9 licoes
886: 
887:          testamento$n
888: 
889:       obito$o1733.61/5/12/1733/fl.73v/celebrante__ vigario manuel rodrigues
890: 
891: obito$o1733.61
891:          n$maria rodrigues de luas/f/id=o1733.61-per1
892:             ls$ec/viuva
893:             ls$residencia/sobral
894: 
895:          locs$ermida de sao miguel arcanjo
896: 
897:          sacr$sim
898: 
899:          oficios$3
900: 
901:          testamento$n
902: 
903:       obito$o1733.62/13/12/1733/fl.74/celebrante__ vigario manuel rodrigues
904: 
905: obito$o1733.62
905:          n$antonio/m/id=o1733.62-per1
906:             ls$idade_aprox/20 anos
907:             ls$ec/solteiro
908:             ls$residencia/pouca pena
909: 
910:             pai$domingos joao/id=o1733.62-per1-per2
911:                ls$residencia/pouca pena
912: 
913:          locs$emida do divino espirito santo
914: 
915:          sacr$sim
916: 
917:          oficios$1
918: 
919:       obito$o1733.63/18/12/1733/fl.74/celebrante__ vigario manuel rodrigues
920: 
921: obito$o1733.63
921:          n$simao duarte/m/id=o1733.63-per1
922:             ls$ec/viuvo
923:             ls$residencia/porto coelheiro
924: 
925:          locs$ermida de sao sebastiao
926: 
927:          sacr$sim
928: 
929:          oficios$3 de 9 licoes
930: 
931:          testamento$n
932: *** End of File
** Processed file- /Users/jrc/mhk-home/sources/soure/soure-sources/sources/soure_fase2/obi1733.cli
** Original file- /Users/jrc/mhk-home/sources/soure/soure-sources/sources/soure_fase2/obi1733.org
** Previous version- /Users/jrc/mhk-home/sources/soure/soure-sources/sources/soure_fase2/obi1733.old
** Temp file with ids- /Users/jrc/mhk-home/sources/soure/soure-sources/sources/soure_fase2/obi1733.ids
0  errors. 
0  warnings.
Translation finished.
