ClioInput - version @@VERSION@@ - build @@BUILD@@ @@DATE@@
13-6-2019 22-52

Processing data file obi1723.cli
-------------------------------------------
Generic Act translation module with geoentities (XML).
     Joaquim Ramos de Carvalho (joaquim@uc.pt) 
** New document: kleio
1: kleio$gacto2.str/translations=2
=========================
kleio translation started
=========================
Structure: gacto2.str
Prefix: 
Autorel: 
Translation count: 2
Obs: 
2:    fonte$obitos 1723/1723/paroquiais/auc/obs=em mau estado
3: 
** Processing source fonte$obitos 1723
4:       obito$o1723.01/1/1/1723/fl.88v/celebrante__ vigario manuel rodrigues
5: 
6: obito$o1723.01
6:          n$domingas jorge/f/id=o1723.01-per1
7:             ls$residencia/sasa velha
8: 
9:             marido$jose leao/id=o1723.01-per1-per2
10:                ls$residencia/casa velha
11: 
12:          locs$ermida da nossa senhora das neves
13: 
14:          sacr$sim
15: 
16:          oficios$1
17: 
18:          testamento$n
19: 
20:       obito$o1723.2/4/2/1723/fl.89/celebrante__ vigario manuel rodrigues
21: 
22: obito$o1723.2
22:          n$antonia/f/id=o1723.2-per1
23:             ls$ec/solteira
24:             ls$residencia/simoes
25: 
26:             mae$isabel francisca/id=o1723.2-per1-per2
27:                ls$ec/viuva
28:                ls$residencia/simoes
29: 
30:          locs$ermida de sao lourenco
31: 
32:          sacr$sim
33: 
34:          oficios$1
35: 
36:          testamento$n
37: 
38:       obito$o1723.3/9/1/1723/fl.89/celebrante__ vigario manuel rodrigues
39: 
40: obito$o1723.3
40:          n$maria/f/id=1723-o3-maria
41:             ls$idade_aprox/recem nascida
42:             ls$residencia/paleao
43: 
44:             pai$gregorio de oliveira/id=1723-o3-maria-per1
45:                ls$residencia/paleao
46: 
47:             mae$isabel simoes/id=1723-o3-maria-per2
48: 
49:          locs$adro/obs=a parteira e que leva o corpo a sepultar
50: 
51:          referida$antonia carvalha/id=1723-o3-antonia
52:             ls$residencia/paleao
53:             rel$sociabilidade/baptizou em necessidade/maria/1723-o3-maria
54: 
55:          referido$miguel ferreira/id=o1723.3-per3
56:             ls$residencia/paleao
57:             rel$parentesco/marido/antonia carvalha/1723-o3-antonia
58: 
59:       obito$o1723.4/16/1/1723/fl.89/celebrante__ vigario manuel rodrigues
60: 
61: obito$o1723.4
61:          n$luis rodrigues/m/id=o1723.4-per1
62:             ls$ec/viuvo
63:             ls$residencia/casal dos feijoes
64: 
65:          locs$ermida de sao mateus
66: 
67:          sacr$sim
68: 
69:          oficios$1
70: 
71:          testamento$n
72: 
73:       obito$o1723.5/19/1/1723/fl.89v/celebrante__ vigario manuel rodrigues
74: 
75: obito$o1723.5
75:          n$joao/m/id=o1723.5-per1
76:             ls$ilegitimo/sim
77:             ls$idade_aprox/3 dias depois de baptizado
78:             ls$residencia/casa velha
79: 
80:             mae$timotea/id=1723-o5-timotea
81:                ls$ec/solteira
82:                ls$residencia/casa velha
83: 
84:          locs$ermida de nossa senhora das neves
85: 
86:          referido$simao antunes/id=o1723.5-per2
87:             ls$naturalidade/abiul
88:             ls$residencia/casa velha
89:             rel$parentesco/pai/timotea/1723-o5-timotea
90: 
91:       obito$o1723.6/22/1/1723/fl.89v/celebrante__ vigario manuel rodrigues
92: 
93: obito$o1723.6
93:          n$joao guilherme/m/id=1723-o6-joao
94:             ls$ec/solteiro
95:             ls$residencia/soure
96: 
97:          locs$igreja de sao tiago/obs=em cova da fabrica
98: 
99:          sacr$penitencia/obs=nao procurou outro algum
100: 
101:          oficios$1
102: 
103:          testamento$n
104: 
105:          referido$bento gomes da costa/id=o1723.6-per1
106:             ls$residencia/soure
107:             rel$parentesco/irmao/joao guilherme/1723-o6-joao
108: 
109:       obito$o1723.7/1/2/1723/fl.89v/celebrante__ vigario manuel rodrigues
110: 
111: obito$o1723.7
111:          n$isabel simoes/f/id=o1723.7-per1
112:             ls$residencia/paleao
113: 
114:             marido$gregorio de oliveira/id=o1723.7-per1-per2
115:                ls$residencia/paleao
116: 
117:          locs$adro
118: 
119:          causa$complicacoes no parto
120: 
121:          sacr$sim
122: 
123:          oficios$1
124: 
125:          testamento$n
126: 
127:       obito$o1723.8/1/2/1723/fl.89v-90/celebrante__ vigario manuel rodrigues
128: 
129: obito$o1723.8
129:          n$maria ferreira/f/id=o1723.8-per1
130:             ls$residencia/soure
131: 
132:             marido$tome de brito pereira/id=o1723.8-per1-per2
133:                ls$residencia/soure
134: 
135:          locs$ermida de sao sebastiao em soure
136: 
137:          sacr$nao/obs=por nao o procurarem por entendenrem nao ser grave a doenca
138: 
139:          oficios$2 de 9 licoes
140: 
141:          testamento$n
142: 
143:       obito$o1723.9/4/2/1723/fl.90/celebrante__ vigario manuel rodrigues
144: 
145: obito$o1723.9
145:          n$antonio rodrigues/m/id=o1723.9-per1
146:             ls$alcunha/o moco
147:             ls$residencia/paleao
148: 
149:          locs$ermida de sao joao baptista
150: 
151:          sacr$sim/obs=excepto o sagrado viatico por nao estar em estado de o receber
152: 
153:          oficios$1
154: 
155:          testamento$n
156: 
157:       obito$o1723.10/6/2/1723/fl.90/celebrante__ vigario manuel rodrigues
158: 
159: obito$o1723.10
159:          n$joao simoes/id=o1723.10-per1
160:             ls$alcunha/o montenegro
161:             ls$residencia/casa velha
162: 
163:          locs$ermida na nossa senhora das neves
164: 
165:          sacr$sim
166: 
167:          oficios$2
168: 
169:          testamento$n
170: 
171:       obito$o1723.11/15/2/1723/fl.90/celebrante__ vigario manuel rodrigues
172: 
173: obito$o1723.11
173:          n$francisca ferreira/id=o1723.11-per1
174:             ls$ec/viuva
175:             ls$residencia/soure
176: 
177:          locs$igreja de sao tiago/obs=em cova da fabrica
178: 
179:          sacr$sim
180: 
181:          oficios$1 de 9 licoes
182: 
183:          testamento$s
184: 
185:       obito$o1723.12/18/2/1723/fl.90v/celebrante__ vigario manuel rodrigues
186: 
187: obito$o1723.12
187:          n$joao/m/id=o1723.12-per1
188:             ls$residencia/casais da misericordia
189: 
190:             pai$antonio domingues/id=o1723.12-per1-per2
191:                ls$residencia/casais da misericordia
192:                ls$morto/antes
193: 
194:             mae$maria dias/id=o1723.12-per1-per3
195: 
196:          locs$ermida de sao lourenco nos simoes
197: 
198:          sacr$sim
199: 
200:          oficios$2
201: 
202:       obito$o1723.13/20/2/1723/fl.90v/celebrante__ vigario manuel rodrigues
203: 
204: obito$o1723.13
204:          n$maria goncalves/f/id=o1723.13-per1
205:             ls$ec/viuva
206:             ls$residencia/assamassa
207: 
208:          locs$ermida do divino espirito santo
209: 
210:          sacr$sim
211: 
212:          oficios$3
213: 
214:          testamento$s
215: 
216:       obito$o1723.14/21/2/1723/fl.90v/celebrante__ vigario manuel rodrigues
217: 
218: obito$o1723.14
218:          n$maria antunes/id=o1723.14-per1
219:             ls$ec/solteira
220:             ls$residencia/assamassa
221: 
222:          locs$ermida do divino espirito santo
223: 
224:          causa$morreu apressada
225: 
226:          sacr$sim/obs=so penitencia por nao haver mais tempo
227: 
228:          oficios$3 de 9 licoes
229: 
230:          testamento$s
231: 
232:       obito$o1723.15/24/2/1723/fl.90v-91/celebrante__ vigario manuel rodrigues
233: 
234: obito$o1723.15
234:          n$antonia carvalha/id=o1723.15-per1
235:             ls$residencia/paleao
236: 
237:             marido$miguel ferreira/id=o1723.15-per1-per2
238:                ls$residencia/paleao
239: 
240:          locs$ermida de sao joao baptista
241: 
242:          sacr$sim
243: 
244:          oficios$3
245: 
246:          testamento$n
247: 
248:       obito$o1723.16/24/2/1723/fl.91/celebrante__ vigario manuel rodrigues
249: 
250: obito$o1723.16
250:          n$maria rodrigues/f/id=o1723.16-per1
251:             ls$ec/viuva
252:             ls$residencia/casal dos feijoes
253: 
254:          locs$adro
255: 
256:          sacr$sim
257: 
258:          oficios$1
259: 
260:          testamento$n
261: 
262:       obito$o1723.17/25/2/1723/fl.91/celebrante__ vigario manuel rodrigues
263: 
264: obito$o1723.17
264:          n$isabel/f/id=o1723.17-per1
265:             ls$ec/solteira
266:             ls$residencia/alencarce de cima
267: 
268:             mae$maria antunes/id=o1723.17-per1-per2
269:                ls$residencia/alencarce de cima
270:                ls$morta/antes
271: 
272:          locs$ermida de santo tirso
273: 
274:          sacr$sim
275: 
276:          oficios$3
277: 
278:          testamento$n
279: 
280:       obito$o1723.18/7/3/1723/fl.91/celebrante__ vigario manuel rodrigues
281: 
282: obito$o1723.18
282:          n$teresa simoes/f/id=o1723.18-per1
283:             ls$residencia/melrical
284: 
285:             marido$francisco lopes/id=o1723.18-per1-per2
286:                ls$residencia/melrical
287: 
288:          locs$ermida do espirito santo
289: 
290:          sacr$sim
291: 
292:          oficios$3
293: 
294:          testamento$n
295: 
296:       obito$o1723.19/9/3/1723/fl.91/celebrante__ vigario manuel rodrigues
297: 
298: obito$o1723.19
298:          n$ana carvalha/f/id=o1723.19-per1
299:             ls$ec/viuva
300:             ls$residencia/delgados
301: 
302:          locs$ermida de sao sebastiao do mogadouro
303: 
304:          sacr$sim
305: 
306:          oficios$3
307: 
308:          testamento$n
309: 
310:       obito$o1723.20/18/3/1723/fl.91v/celebrante__ vigario manuel rodrigues
311: 
312: obito$o1723.20
312:          n$maria carvalha/f/id=o1723.20-per1
313:             ls$residencia/casais da misericordia
314: 
315:             marido$manuel domingos/id=o1723.20-per1-per2
316:                ls$residencia/casais da misericordia
317: 
318:          locs$igreja de sao tiago/obs=em cova da fabrica
319: 
320:          sacr$sim
321: 
322:          oficios$3 de 9 licoes
323: 
324:          testamento$n
325: 
326:       obito$o1723.21/28/3/1723/fl.92v/celebrante__ vigario manuel rodrigues
327: 
328: obito$o1723.21
328:          n$nome desconhecido/m/id=1723-o21-nome
329:             ls$idade_aprox/recem nascido
330:             ls$naturalidade/sao mateus
331: 
332:             pai$manuel rodrigues sopas/id=1723-o21-nome-per1
333:                ls$residencia/sao mateus
334: 
335:          locs$adro
336: 
337:          referida$maria gomes/id=o1723.21-per2
338:             ls$profissao/parteira
339:             ls$residencia/soure
340:             rel$sociabilidade/baptizou em necessidade/nome desconhecido/1723-o21-nome
341: 
342:       obito$o1723.22/8/4/1723/fl.92/celebrante__ vigario manuel rodrigues
343: 
344: obito$o1723.22
344:          n$catarina galvoa/f/id=o1723.22-per1
345:             ls$residencia/soure
346: 
347:             marido$andre goncalves/id=o1723.22-per1-per2
348:                ls$residencia/soure
349: 
350:          locs$ermida de sao francisco
351: 
352:          sacr$sim
353: 
354:          oficios$2 de nove licoes
355: 
356:          testamento$s
357: 
358:       obito$o1723.23/12/4/1723/fl.91v/celebrante__ vigario manuel rodrigues
359: 
360: obito$o1723.23
360:          n$manuel de oliveira/m/id=o1723.23-per1
361:             ls$residencia/lagem
362: 
363:          locs$ermida de sao jose em pinheiro
364: 
365:          sacr$sim
366: 
367:          oficios$1
368: 
369:          testamento$n
370: 
371:       obito$o1723.25/14/4/1723/fl.92/celebrante__ vigario manuel rodrigues
372: 
373: obito$o1723.25
373:          n$isabel jorge/f/id=o1723.25-per1
374:             ls$residencia/sobral
375: 
376:             marido$joao rodrigues/id=o1723.25-per1-per2
377:                ls$residencia/sobral
378: 
379:          locs$adro
380: 
381:          sacr$sim
382: 
383:          oficios$3
384: 
385:          testamento$n
386: 
387:       obito$o1723.26/19/4/1723/fl.92/celebrante__ vigario manuel rodrigues
388: 
389: obito$o1723.26
389:          n$josefa/f/id=o1723.26-per1
390:             ls$idade_aprox/16 anos
391:             ls$residencia/bonitos
392: 
393:             pai$antotonio coelho/id=o1723.26-per1-per2
394:                ls$residencia/bonitos
395: 
396:          locs$ermida de sao sebastiao no mogadouro
397: 
398:          sacr$sim
399: 
400:          oficios$1
401: 
402:       obito$o1723.27/20/4/1723/fl.92/celebrante__ vigario manuel rodrigues
403: 
404: obito$o1723.27
404:          n$francisca simoes/f/id=o1723.27-per1
405:             ls$ec/viuva
406:             ls$residencia/casal do relvas/obs=junto a presa
407: 
408:          locs$igreja de tapeus/obs=por escolher la ser sepultada
409: 
410:          sacr$sim
411: 
412:          oficios$meio
413: 
414:          testamento$s
415: 
416:       obito$o1723.28/25/4/1723/fl.92/celebrante__ vigario manuel rodrigues
417: 
418: obito$o1723.28
418:          n$jose/m/id=o1723.28-per1
419:             ls$idade_aprox/4 para 5 anos
420:             ls$residencia/simoes
421: 
422:             pai$manuel lourenco/id=o1723.28-per1-per2
423:                ls$residencia/simoes
424: 
425:          locs$adro
426: 
427:       obito$o1723.29/3/6/1723/fl.92v/celebrante__ vigario manuel rodrigues
428: 
429: obito$o1723.29
429:          n$manuel ramos/m/id=o1723.29-per1
430:             ls$residencia/espirito santo
431: 
432:          locs$ermida do divino espirito santo
433: 
434:          causa$morreu apressado
435: 
436:          sacr$sim/obs=so penitencia por nao haver tempo para mais
437: 
438:          oficios$3
439: 
440:          testamento$n
441: 
442:       obito$o1723.30/4/6/1723/fl.92v/celebrante__ vigario manuel rodrigues
443: 
444: obito$o1723.30
444:          n$maria/f/id=o1723.30-per1
445:             ls$idade_aprox/2 meses
446:             ls$residencia/alencarce de cima
447: 
448:             pai$domingos madeira/id=o1723.30-per1-per2
449:                ls$residencia/alencarce de cima
450: 
451:          locs$ermida de santo tirso
452: 
453:       obito$o1723.31/6/6/1723/fl.92v/celebrante__ vigario manuel rodrigues
454: 
455: obito$o1723.31
455:          n$domingos rodrigues/m/id=o1723.31-per1
456:             ls$residencia/sao mateus
457: 
458:          locs$ermida do glorioso apostolo sao mateus
459: 
460:          sacr$sim
461: 
462:          oficios$3
463: 
464:          testamento$n
465: 
466:       obito$o1723.32/7/6/1723/fl.92v/celebrante__ vigario manuel rodrigues
467: 
468: obito$o1723.32
468:          n$manuel antunes/m/id=o1723.32-per1
469:             ls$ec/solteiro
470:             ls$residencia/alencarce de cima
471: 
472:          locf$alentejo
473: 
474:          oficios$3
475: 
476:       obito$o1723.33/14/6/1723/fl.93/celebrante__ vigario manuel rodrigues
477: 
478: obito$o1723.33
478:          n$teresa/f/id=o1723.33-per1
479:             ls$idade_aprox/2 anos
480:             ls$residencia/sao mateus
481: 
482:             pai$manuel rodrigues/id=o1723.33-per1-per2
483:                ls$residencia/sao mateus
484: 
485:          locs$ermida de sao mateus
486: 
487:       obito$o1723.34/4/7/1723/fl.93/celebrante__ vigario manuel rodrigues
488: 
489: obito$o1723.34
489:          n$jorge martins/m/id=o1723.34-per1
490:             ls$residencia/casal novo
491: 
492:          locs$ermida de santo andre
493: 
494:          sacr$sim
495: 
496:          oficios$3
497: 
498:          testamento$n
499: 
500:       obito$o1723.35/5/7/1723/fl.93/celebrante__ vigario manuel rodrigues
501: 
502: obito$o1723.35
502:          n$jose rodrigues feijao/m/id=o1723.35-per1
503:             ls$profissao/caseiro/obs=caseiro da quinta do prazo propriedade do padre manuel ferreira bernardo
504:             ls$residencia/quinta do prazo
505: 
506:          locs$nossa senhora de finisterra
507: 
508:          sacr$sim
509: 
510:          oficios$3
511: 
512:          testamento$n
513: 
514:          referido$manuel ferreira bernardo/id=o1723.35-per2
515:             ls$profissao/padre
516: 
517:       obito$o1723.36/8/7/1723/fl.93/celebrante__ vigario manuel rodrigues
518: 
519: obito$o1723.36
519:          n$jacinto/m/id=o1723.36-per1
520:             ls$idade_aprox/3 para 4 anos
521:             ls$residencia/casa velha
522: 
523:             pai$manuel/id=o1723.36-per1-per2
524:                ls$residencia/casa velha
525: 
526:          locs$ermida de nossa senhora das neves
527: 
528:       obito$o1723.37/10/7/1723/fl.93v/celebrante__ vigario manuel rodrigues
529: 
530: obito$o1723.37
530:          n$maria goncalves/f/id=o1723.37-per1
531:             ls$ec/viuva
532:             ls$residencia/fatacos
533: 
534:          locs$ermida do divino espirito santo
535: 
536:          causa$doenca prolongada
537: 
538:          sacr$sim
539: 
540:          oficios$1
541: 
542:          testamento$n
543: 
544:       obito$o1723.38/15/7/1723/fl.93v/celebrante__ vigario manuel rodrigues
545: 
546: obito$o1723.38
546:          n$isabel da costa/f/id=o1723.38-per1
547:             ls$residencia/casal do malvado
548: 
549:             marido$manuel jorge/id=o1723.38-per1-per2
550:                ls$residencia/casal do malvado
551: 
552:          locs$adro
553: 
554:          sacr$sim/obs=excepto ao da sagrada eucaristia por nao poder comungar
555: 
556:          oficios$1
557: 
558:          testamento$n
559: 
560:       obito$o1723.39/18/7/1723/fl.93v/celebrante__ vigario manuel rodrigues
561: 
562: obito$o1723.39
562:          n$domingas duarte/f/id=o1723.39-per1
563:             ls$ec/viuva
564:             ls$residencia/porto coelheiro
565: 
566:          locs$ermida de sao sebastiao
567: 
568:          sacr$sim
569: 
570:          oficios$3 de nove licoes
571: 
572:          testamento$s
573: 
574:       obito$o1723.40/19/7/1723/fl.93v/celebrante__ vigario manuel rodrigues
575: 
576: obito$o1723.40
576:          n$domingas cardosa/f/id=o1723.40-per1
577:             ls$residencia/casal carvoeiro
578: 
579:             marido$afonso da costa/id=o1723.40-per1-per2
580:                ls$residencia/casal carvoeiro
581: 
582:          locs$ermida de santo ildefonso
583: 
584:          sacr$sim/obs=excepto extrema uncao por nao procurar
585: 
586:          oficios$1
587: 
588:          testamento$n
589: 
590:       obito$o1723.41/24/7/1723/fl.94/celebrante__ vigario manuel rodrigues
591: 
592: obito$o1723.41
592:          n$catarina/f/id=1723-o41-catarina
593:             ls$idade_aprox/recem nascida
594:             ls$naturalidade/alencarce de cima
595: 
596:             pai$mateus simoes/id=1723-o41-catarina-per1
597:                ls$residencia/alencarce de cima
598: 
599:          locs$ermida de santo tirso
600: 
601:          referido$domingos joao/obs=baptizou em necessidade catarina que morreu antes de poder vir a pia/id=o1723.41-per2
602:             ls$profissao/padre
603:             ls$residencia/alencarce de cima
604:             rel$sociabilidade/baptizou em necessidade/catarina/1723-o41-catarina
605: 
606:       obito$o1723.42/27/7/1723/fl.94/celebrante__ vigario manuel rodrigues
607: 
608: obito$o1723.42
608:          n$manuel joao soeiro/m/id=o1723.42-per1
609:             ls$residencia/sobral
610: 
611:          locs$adro
612: 
613:          causa$morreu apressado
614: 
615:          sacr$sim/obs=so penitencia
616: 
617:          oficios$3
618: 
619:          testamento$n
620: 
621:       obito$o1723.43/28/7/1723/fl.94/celebrante__ vigario manuel rodrigues
622: 
623: obito$o1723.43
623:          n$ana/f/id=o1723.43-per1
624:             ls$idade_aprox/1 para 2 anos
625:             ls$residencia/soure
626: 
627:             pai$matias rodrigues/id=o1723.43-per1-per2
628:                ls$profissao/alfaiate
629:                ls$residencia/soure
630: 
631:          locs$ermida de nossa senhora dos anjos
632: 
633:       obito$o1723.44/29/7/1723/fl.94/celebrante__ vigario manuel rodrigues
634: 
635: obito$o1723.44
635:          n$joao/m/id=o1723.44-per1
636:             ls$idade_aprox/10 anos
637:             ls$residencia/soure
638: 
639:             pai$jose velho/id=o1723.44-per1-per2
640:                ls$profissao/barbeiro
641:                ls$residencia/soure
642: 
643:          locs$ermida de sao francisco
644: 
645:       obito$o1723.45/30/7/1723/fl.94/celebrante__ vigario manuel rodrigues
646: 
647: obito$o1723.45
647:          n$maria/f/id=o1723.45-per1
648:             ls$idade_aprox/3 para 4 anos
649:             ls$residencia/paleao
650: 
651:             pai$jose martins/id=o1723.45-per1-per2
652:                ls$residencia/paleao
653:                ls$morto/antes
654: 
655:             mae$maria marques/id=o1723.45-per1-per3
656: 
657:          locs$ermida de sao joao baptista
658: 
659:       obito$o1723.46/30/7/1723/fl.94v/celebrante__ vigario manuel rodrigues
660: 
661: obito$o1723.46
661:          n$domingos/m/id=o1723.46-per1
662:             ls$ec/solteiro
663:             ls$residencia/mogadouro
664: 
665:             pai$antonio goncalves/id=o1723.46-per1-per2
666:                ls$ec/viuvo
667:                ls$residencia/mogadouro
668: 
669:          locs$adro
670: 
671:          sacr$sim
672: 
673:          oficios$1
674: 
675:          testamento$n
676: 
677:       obito$o1723.47/1/8/1723/fl.94v/celebrante__ vigario manuel rodrigues
678: 
679: obito$o1723.47
679:          n$leonarda/f/id=o1723.47-per1
680:             ls$idade_aprox/13 meses
681:             ls$residencia/soure
682: 
683:             pai$manuel lopes/id=o1723.47-per1-per2
684:                ls$profissao/sapateiro
685:                ls$residencia/soure
686: 
687:          locs$ermida de nossa senhora dos anjos
688: 
689:       obito$o1723.48/1/8/1723/fl.94v/celebrante__ vigario manuel rodrigues
690: 
691: obito$o1723.48
691:          n$pedro/m/id=1723-o48-pedro
692:             ls$idade_aprox/recem nascido
693:             ls$residencia/soure
694: 
695:             pai$manuel martins/id=1723-o48-pedro-per1
696:                ls$residencia/soure
697: 
698:          locs$ermida de sao francisco
699: 
700:          referido$manuel duarte/id=o1723.48-per2
701:             ls$profissao/padre
702:             ls$cargo/capelao
703:             ls$residencia/soure
704:             rel$sociabilidade/baptizou em necessidade/pedro/1723-o48-pedro
705: 
706:       obito$o1723.49/2/8/1723/fl.94v/celebrante__ vigario manuel rodrigues
707: 
708: obito$o1723.49
708:          n$maria goncalves/f/id=o1723.49-per1
709:             ls$residencia/casa velha
710: 
711:             marido$jose cardoso/id=o1723.49-per1-per2
712:                ls$residencia/casa velha
713: 
714:          locs$ermida de nossa senhora das neves
715: 
716:          causa$doenca prolongada
717: 
718:          sacr$sim
719: 
720:          oficios$3 de 9 licoes
721: 
722:          testamento$s
723: 
724:       obito$o1723.50/2/8/1723/fl.94v-95/celebrante__ vigario manuel rodrigues
725: 
726: obito$o1723.50
726:          n$antonia gomes perdigoa/f/id=o1723.50-per1
727:             ls$residencia/alencarce de cima
728: 
729:          locs$ermida de santo tirso
730: 
731:          sacr$sim/obs=excepto a extrema uncao por nao o chamarem a tempo
732: 
733:          oficios$3 de 9 licoes
734: 
735:          testamento$n
736: 
737:       obito$o1723.51/6/7/1723/fl.95/celebrante__ vigario manuel rodrigues
738: 
739: obito$o1723.51
739:          n$mateus/m/id=o1723.51-per1
740:             ls$ec/solteiro
741: 
742:             mae$isabel simoes/id=o1723.51-per1-per2
743:                ls$morta/antes
744:                ls$residencia/alencarce de cima
745: 
746:          locf$lisboa/obs=porque chegaram noticias certas
747: 
748:       obito$o1723.52/7/8/1723/fl.95/celebrante__ vigario manuel rodrigues
749: 
750: obito$o1723.52
750:          n$teresa/f/id=o1723.52-per1
751:             ls$idade_aprox/2 para 3 anos
752:             ls$residencia/paleao
753: 
754:             pai$gregorio de oliveira/id=o1723.52-per1-per2
755:                ls$residencia/paleao
756: 
757:             mae$isabel simoes/id=o1723.52-per1-per3
758:                ls$morta/antes
759:                ls$residencia/paleao
760: 
761:          locs$adro
762: 
763:       obito$o1723.53/8/8/1723/fl.95/celebrante__ vigario manuel rodrigues
764: 
765: obito$o1723.53
765:          n$fernando/m/id=o1723.53-per1
766:             ls$idade_aprox/14 anos
767:             ls$residencia/soure
768: 
769:             pai$luis manhos abreu/id=o1723.53-per1-per2
770:                ls$cargo/capitao
771:                ls$residencia/soure
772: 
773:          locs$igreja de sao tiago/obs=em cova da fabrica
774: 
775:          sacr$sim
776: 
777:          oficios$1 de 9 licoes
778: 
779:       obito$o1723.54/11/8/1723/fl.95v/celebrante__ vigario manuel rodrigues
780: 
781: obito$o1723.54
781:          n$josefa/f/id=o1723.54-per1
782:             ls$idade_aprox/15 anos
783:             ls$residencia/casal do carvoeiro
784: 
785:             pai$afonso da costa/id=o1723.54-per1-per2
786:                ls$residencia/casal do carvoeiro
787: 
788:          locs$ermida de santo idelfonso
789: 
790:          sacr$sim/obs=excepto a extrema uncao porque a nao procurou
791: 
792:          oficios$1
793: 
794:       obito$o1723.55/13/8/1723/fl.95v/celebrante__ vigario manuel rodrigues
795: 
796: obito$o1723.55
796:          n$maria rodrigues/f/id=o1723.55-per1
797:             ls$residencia/carvalheira de cima
798: 
799:             marido$domingos martins/id=o1723.55-per1-per2
800:                ls$residencia/carvalheira de cima
801: 
802:          locs$igreja de tapeus/obs=por la ter querido ser sepultada
803: 
804:          sacr$sim
805: 
806:          oficios$meio de 9 licoes
807: 
808:          testamento$s
809: 
810:       obito$o1723.56/15/8/1723/fl.95v/celebrante__ vigario manuel rodrigues
811: 
812: obito$o1723.56
812:          n$antonio da costa/m/id=o1723.56-per1
813:             ls$ec/viuvo
814:             ls$residencia/lagem
815: 
816:          locs$igreja de sao tiago/obs=em cova da fabrica
817: 
818:          sacr$sim
819: 
820:          oficios$3 de 9 licoes
821: 
822:          testamento$n
823: 
824:       obito$o1723.57/15/8/1723/fl.95v-96/celebrante__ vigario manuel rodrigues
825: 
826: obito$o1723.57
826:          n$joao simoes/m/id=o1723.57-per1
827:             ls$ec/viuvo
828:             ls$residencia/casal novo
829: 
830:          locs$igreja de sao tiago/obs=em cova da fabrica
831: 
832:          sacr$sim/obs=excepto o sagrado viatico por nao ter tempo
833: 
834:          oficios$1 de 9 licoes
835: 
836:          testamento$n
837: 
838:       obito$o1723.58/19/8/1723/fl.96/celebrante__ vigario manuel rodrigues
839: 
840: obito$o1723.58
840:          n$domingas joao/f/id=o1723.58-per1
841:             ls$ec/viuva
842:             ls$residencia/paleao
843: 
844:          locs$ermida de sao joao baptista
845: 
846:          causa$morreu apressada
847: 
848:          sacr$sim/obs=excepto sagrada eucaristia
849: 
850:          oficios$3 de 9 licoes
851: 
852:          testamento$n
853: 
854:       obito$o1723.59/22/8/1723/fl.96/celebrante__ vigario manuel rodrigues
855: 
856: obito$o1723.59
856:          n$maria joao/f/id=o1723.59-per1
857:             ls$ec/viuva
858:             ls$residencia/paleao
859: 
860:          locs$igreja de sao tiago/obs=em cova da fabrica
861: 
862:          sacr$sim/obs=excepto extrema uncao porque o nao procurou
863: 
864:          oficios$3 de 9 licoes
865: 
866:          testamento$n
867: 
868:       obito$o1723.60/27/8/1723/fl.96-96v/celebrante__ vigario manuel rodrigues
869: 
870: obito$o1723.60
870:          n$caetana/f/id=o1723.60-per1
871:             ls$idade_aprox/2 para 3 anos
872:             ls$residencia/paleao
873: 
874:             pai$manuel gomes/id=o1723.60-per1-per2
875:                ls$profissao/ferreiro
876:                ls$residencia/paleao
877: 
878:          locs$ermida de sao joao baptista
879: 
880:       obito$o1723.61/30/8/1723/fl.96v/celebrante__ vigario manuel rodrigues
881: 
882: obito$o1723.61
882:          n$antonio manhos de abreu/m/id=o1723.61-per1
883:             ls$titulo/doutor
884:             ls$residencia/soure
885: 
886:          locs$ermida de sao francisco
887: 
888:          causa$morte apressada
889: 
890:          sacr$sim/obs=excepto o do sagrado viatico por nao poder comungar mas tinha sido a muito pouco tempo sacramentado em outra doenca
891: 
892:          oficios$1 de 9 licoes
893: 
894:          testamento$n
895: 
896:       obito$o1723.62/5/9/1723/fl.96v/celebrante__ vigario manuel rodrigues
897: 
898: obito$o1723.62
898:          n$manuel/m/id=o1723.62-per1
899:             ls$idade_aprox/mais de 20 anos
900:             ls$residencia/presa
901: 
902:             pai$mateus joao/id=o1723.62-per1-per2
903:                ls$residencia/presa
904: 
905:          locs$ermida de saoto idelfonso
906: 
907:          sacr$sim
908: 
909:          oficios$1
910: 
911:       obito$o1723.63/8/9/1723/fl.__96v/celebrante__ vigario manuel rodrigues
912: 
913: obito$o1723.63
913:          n$antonio rodrigues/m/id=o1723.63-per1
914:             ls$alcunha/o moco
915:             ls$residencia/quinta da telhada
916: 
917:          locs$adro
918: 
919:          sacr$sim
920: 
921:          oficios$3
922: 
923:          testamento$n
924: 
925:       obito$o1723.64/14/9/1723/fl.97/celebrante__ vigario manuel rodrigues
926: 
927: obito$o1723.64
927:          n$maria da costa/f/id=o1723.64-per1
928:             ls$ec/viuva
929:             ls$residencia/casa velha
930: 
931:          locs$ermida da nossa senhora das neves
932: 
933:          sacr$sim
934: 
935:          oficios$3 de nove licoes
936: 
937:          testamento$n
938: 
939:       obito$o1723.65/15/9/1723/fl.97/celebrante__ vigario manuel rodrigues
940: 
941: obito$o1723.65
941:          n$rosa/f/id=o1723.65-per1
942:             ls$idade_aprox/1 para 2 anos
943:             ls$residencia/sobral
944: 
945:             pai$manuel jorge/id=o1723.65-per1-per2
946:                ls$residencia/sobral
947: 
948:          locs$ermida de sao miguel
949: 
950:       obito$o1723.66/16/9/1723/fl.97/celebrante__ vigario manuel rodrigues
951: 
952: obito$o1723.66
952:          n$joao cristovao/m/id=o1723.66-per1
953:             ls$profissao/padre
954:             ls$titulo/frei
955:             ls$cargo/benefeciado
956:             ls$residencia/soure
957: 
958:          locs$colegiada de sao tiago/obs=em cova da fabrica
959: 
960:          sacr$sim
961: 
962:          oficios$3 de nove licoes
963: 
964:          testamento$s
965: 
966:       obito$o1723.67/19/9/1723/fl.97-97v/celebrante__ vigario manuel rodrigues
967: 
968: obito$o1723.67
968:          n$antonio pereira/f/id=o1723.67-per1
969:             ls$ec/viuvo
970:             ls$residencia/paleao
971: 
972:          locs$adro
973: 
974:          sacr$sim
975: 
976:          oficios$n
977: 
978:          testamento$n
979: 
980:       obito$o1723.68/24/9/1723/fl.97v/celebrante__ vigario manuel rodrigues
981: 
982: obito$o1723.68
982:          n$isabel/f/id=o1723.68-per1
983:             ls$idade_aprox/maior de idade
984:             ls$ec/solteira
985:             ls$residencia/casal das pardalas
986: 
987:          locs$ermida de sao francisco
988: 
989:          sacr$sim
990: 
991:          oficios$3 de 9 licoes
992: 
993:          testamento$s
994: 
995:       obito$o1723.69/25/9/1723/fl.97v/celebrante__ vigario manuel rodrigues
996: 
997: obito$o1723.69
997:          n$manuel/m/id=o1723.69-per1
998:             ls$ilegitimo/sim
999:             ls$idade_aprox/1 para 2 anos
1000:             ls$residencia/barrosos
1001: 
1002:             mae$isabel galega/id=o1723.69-per1-per2
1003:                ls$ec/solteira
1004:                ls$residencia/barrosos
1005: 
1006:          locs$adro
1007: 
1008:       obito$o1723.70/27/9/1723/fl.97v/celebrante__ vigario manuel rodrigues
1009: 
1010: obito$o1723.70
1010:          n$domingos antunes/m/id=o1723.70-per1
1011:             ls$ec/viuvo
1012:             ls$residencia/alencarce de cima
1013: 
1014:          locs$local de sepultura__
1015: 
1016:          locf$local de falecimento__
1017: 
1018:          causa$morreu apressado
1019: 
1020:          sacr$sim/obs= so penitencia por nao ter procurado outro algum
1021: 
1022:          oficios$3 de 9 licoes
1023: 
1024:          testamento$sim
1025: 
1026:       obito$o1723.71/29/9/1723/fl.98/celebrante__ vigario manuel rodrigues
1027: 
1028: obito$o1723.71
1028:          n$maria rodrigues/f/id=o1723.71-per1
1029:             ls$residencia/paleao
1030: 
1031:             marido$simao domingues/id=o1723.71-per1-per2
1032:                ls$residencia/paleao
1033: 
1034:          locs$ermida de nossa senhora das neves
1035: 
1036:          sacr$sim
1037: 
1038:          oficios$3 de 9 licoes
1039: 
1040:          testamento$s
1041: 
1042:       obito$o1723.72/30/9/1723/fl.98/celebrante__ vigario manuel rodrigues
1043: 
1044: obito$o1723.72
1044:          n$isabel/f/id=o1723.72-per1
1045:             ls$ec/solteira
1046:             ls$idade_aprox/15 anos
1047:             ls$residencia/podengos
1048: 
1049:             pai$gaspar rodrigues/id=o1723.72-per1-per2
1050:                ls$residencia/podengos
1051: 
1052:          locs$adro
1053: 
1054:          sacr$sim/obs=so de penitencia por nao poder comungar por impedimento da garganta
1055: 
1056:          oficios$1
1057: 
1058:       obito$o1723.73/7/10/1723/fl.98/celebrante__ vigario manuel rodrigues
1059: 
1060: obito$o1723.73
1060:          n$grimariza maria/f/id=o1723.73-per1
1061:             ls$residencia/alencarce de cima
1062: 
1063:             marido$antonio rodrigues/id=o1723.73-per1-per2
1064:                ls$profissao/caldeireiro
1065: 
1066:          locs$ermida de santo tirso
1067: 
1068:          causa$durante o parto
1069: 
1070:          sacr$sim/obs=excepto o sagrado viatico por o nao chamarem a tempo
1071: 
1072:          oficios$1 de 9 licoes
1073: 
1074:          testamento$s
1075: 
1076:       obito$o1723.74/8/10/1723/fl.98v/celebrante__ vigario manuel rodrigues
1077: 
1078: obito$o1723.74
1078:          n$bernardo/m/id=o1723.74-per1
1079:             ls$idade_aprox/11 meses
1080:             ls$residencia/soure
1081: 
1082:             pai$alexandre mendes ravasco/id=o1723.74-per1-per2
1083:                ls$residencia/soure
1084: 
1085:          locs$ermida de sao francisco
1086: 
1087:       obito$o1723.75/9/10/1723/fl.98v/celebrante__ vigario manuel rodrigues
1088: 
1089: obito$o1723.75
1089:          n$jose/m/id=o1723.75-per1
1090:             ls$idade_aprox/10 anos
1091:             ls$residencia/podengos
1092: 
1093:             pai$gaspar rodrigues/id=o1723.75-per1-per2
1094:                ls$residencia/podengos
1095: 
1096:          locs$adro
1097: 
1098:       obito$o1723.76/15/10/1723/fl.98v/celebrante__ vigario manuel rodrigues
1099: 
1100: obito$o1723.76
1100:          n$jose antunes/m/id=o1723.76-per1
1101:             ls$naturalidade/casal das brancas
1102:             ls$residencia/quinta de sao tome
1103:             ls$profissao/lavrador/obs= lavrador na quinta de sao tome propriedade de joao da costa de vasconcelos
1104: 
1105:          locs$ermida de sao tome/obs=na quinta de sao tome
1106: 
1107:          sacr$sim
1108: 
1109:          oficios$2
1110: 
1111:          testamento$n
1112: 
1113:          referido$joao da costa de vasconcelos/id=o1723.76-per2
1114: 
1115:       obito$o1723.77/17/10/1723/fl.98v-99/celebrante__ vigario manuel rodrigues
1116: 
1117: obito$o1723.77
1117:          n$maria/f/id=o1723.77-per1
1118:             ls$idade_aprox/mais de 20 anos
1119:             ls$ec/solteira
1120:             ls$residencia/casconho
1121: 
1122:             mae$maria rodrigues/id=o1723.77-per1-per2
1123:                ls$ec/viuva
1124:                ls$residencia/casconho
1125: 
1126:          locs$igreja de nossa senhora de finisterra/obs=em cova da fabrica
1127: 
1128:          sacr$sim
1129: 
1130:          oficios$2
1131: 
1132:          testamento$n
1133: 
1134:       obito$o1723.78/19/10/1723/fl.99/celebrante__ vigario manuel rodrigues
1135: 
1136: obito$o1723.78
1136:          n$matias goncalves/m/id=o1723.78-per1
1137:             ls$profissao/padre
1138:             ls$residencia/soure
1139: 
1140:          locs$ermida de sao francisco
1141: 
1142:          sacr$sim/obs=excepto a o sagrado viatico por nao se encontrar capaz de comungar
1143: 
1144:          oficios$1
1145: 
1146:          testamento$n
1147: 
1148:       obito$o1723.79/24/10/1723/fl.99/celebrante__ vigario manuel rodrigues
1149: 
1150: obito$o1723.79
1150:          n$cecilia/f/id=o1723.79-per1
1151:             ls$enjeitada/sim/obs=que se achou exposta no ferreiro da misericordia
1152:             ls$idade_aprox/6 meses
1153:             ls$residencia/soure
1154: 
1155:          locs$ermida de nossa senhora dos anjos
1156: 
1157:          referido$domingos joao/obs=cuja mulher criava a exposta cecilia/id=o1723.79-per2
1158:             ls$residencia/soure
1159: 
1160:       obito$o1723.80/25/10/1723/fl.99/celebrante__ vigario manuel rodrigues
1161: 
1162: obito$o1723.80
1162:          n$juliana vargas/f/id=o1723.80-per1
1163:             ls$ec/solteira
1164:             ls$residencia/soure
1165: 
1166:          locs$igreja de sao tiago/obs=em cova da fabrica
1167: 
1168:          causa$doenca/obs=na mesma doenca de que faleceu em que nao houve mudanca alguma conforme informaram
1169: 
1170:          sacr$sim
1171: 
1172:          oficios$1
1173: 
1174:          testamento$n
1175: 
1176:       obito$o1723.81/26/10/1723/fl.99v/celebrante__ vigario manuel rodrigues
1177: 
1178: obito$o1723.81
1178:          n$josefa/f/id=o1723.81-per1
1179:             ls$idade_aprox/4 anos
1180:             ls$residencia/cavaleiros
1181: 
1182:             pai$jose rodrigues/id=o1723.81-per1-per2
1183:                ls$profissao/alfaiate
1184:                ls$residencia/cavaleiros
1185: 
1186:          locs$igreja de sao tiago
1187: 
1188:       obito$o1723.82/29/10/1723/fl.99v/celebrante__ vigario manuel rodrigues
1189: 
1190: obito$o1723.82
1190:          n$francisco/m/id=o1723.82-per1
1191:             ls$idade_aprox/1 ano
1192:             ls$residencia/sobral
1193: 
1194:             pai$antonio jorge/id=o1723.82-per1-per2
1195:                ls$residencia/sobral
1196: 
1197:          locs$ermida de sao miguel
1198: 
1199:       obito$o1723.83/31/10/1723/fl.99v/celebrante__ vigario manuel rodrigues
1200: 
1201: obito$o1723.83
1201:          n$jose/m/id=o1723.83-per1
1202:             ls$idade_aprox/6 anos
1203:             ls$residencia/cavaleiros
1204: 
1205:             pai$jose rodrigues/id=o1723.83-per1-per2
1206:                ls$profissao/alfaiate
1207:                ls$residencia/cavaleiros
1208: 
1209:          locs$igreja de sao tiago/obs=em cova da fabrica
1210: 
1211:       obito$o1723.84/1/11/1723/fl.99v-100/celebrante__ vigario manuel rodrigues
1212: 
1213: obito$o1723.84
1213:          n$antonia/f/id=o1723.84-per1
1214:             ls$idade_aprox/20 anos
1215:             ls$residencia/casal das brancas
1216: 
1217:             pai$luis cardoso/id=o1723.84-per1-per2
1218:                ls$residencia/casal das brancas
1219:                ls$morto/antes
1220: 
1221:             mae$maria jorge/id=o1723.84-per1-per3
1222:                ls$ec/viuva
1223:                ls$residencia/casal das brancas
1224: 
1225:          locs$ermida do divino esprito santo
1226: 
1227:          sacr$sim
1228: 
1229:          oficios$1
1230: 
1231:       obito$o1723.85/5/11/1723/fl.100/celebrante__ vigario manuel rodrigues
1232: 
1233: obito$o1723.85
1233:          n$joao rodrigues alvaro/id=o1723.85-per1
1234:             ls$residencia/soure
1235: 
1236:          locs$igreja de nossa senhora de finisterra/obs=em cova da fabrica
1237: 
1238:          sacr$sim
1239: 
1240:          oficios$1
1241: 
1242:          testamento$n
1243: 
1244:       obito$o1723.86/6/11/1723/fl.100/celebrante__ vigario manuel rodrigues
1245: 
1246: obito$o1723.86
1246:          n$maria/f/id=o1723.86-per1
1247:             ls$idade_aprox/1 para 2 anos
1248:             ls$residencia/casais da misericordia
1249: 
1250:             pai$joao da silva/id=o1723.86-per1-per2
1251:                ls$residencia/casais da misericordia
1252: 
1253:          locs$ermida de sao sebastiao do mogadouro
1254: 
1255:       obito$o1723.87/7/11/1723/fl.100/celebrante__ vigario manuel rodrigues
1256: 
1257: obito$o1723.87
1257:          n$manuel/m/id=o1723.87-per1
1258:             ls$ec/solteiro
1259:             ls$idade_aprox/maior de idade
1260:             ls$residencia/fatacos
1261: 
1262:             pai$mateus goncalves/id=o1723.87-per1-per2
1263:                ls$residencia/fatacos
1264:                ls$morto/antes
1265: 
1266:             mae$maria goncalves/id=o1723.87-per1-per3
1267:                ls$residencia/fatacos
1268: 
1269:          locs$ermida do divino espirito santo
1270: 
1271:          sacr$sim/obs=excepto o sagrado viatico por ser tontinho e nao ser capaz
1272: 
1273:          oficios$1
1274: 
1275:          testamento$n
1276: 
1277:       obito$o1723.88/26/10/1723/fl.100v/celebrante__ vigario manuel rodrigues
1278: 
1279: obito$o1723.88
1279:          n$josefa/f/id=o1723.88-per1
1280:             ls$idade_aprox/4 anos
1281:             ls$residencia/cavaleiros
1282: 
1283:             pai$jose rodrigues/id=o1723.88-per1-per2
1284:                ls$profissao/alfaiate
1285:                ls$residencia/cavaleiros
1286: 
1287:          locs$igreja de sao tiago
1288: 
1289:       obito$o1723.89/29/10/1723/fl.100v/celebrante__ vigario manuel rodrigues
1290: 
1291: obito$o1723.89
1291:          n$francisco/m/id=o1723.89-per1
1292:             ls$idade_aprox/1 ano
1293:             ls$residencia/sobral
1294: 
1295:             pai$antonio jorge/id=o1723.89-per1-per2
1296:                ls$residencia/sobral
1297: 
1298:          locs$ermida de sao miguel
1299: 
1300:       obito$o1723.90/9/11/1723/fl.100v/celebrante__ manuel duarte
1301: 
1302: obito$o1723.90
1302:          n$maria/f/id=o1723.90-per1
1303:             ls$idade_aprox/8 para 9 anos
1304:             ls$residencia/lagem
1305: 
1306:             pai$manuel de oliveira/id=o1723.90-per1-per2
1307:                ls$alcunha/o moco
1308:                ls$residencia/lagem
1309: 
1310:             mae$isabel rodrigues/id=o1723.90-per1-per3
1311:                ls$residencia/lagem
1312: 
1313:          locs$adro
1314: 
1315:       obito$o1723.91/12/11/1723/fl.100v/celebrante__manuel duarte
1316: 
1317: obito$o1723.91
1317:          n$catarina da gante/f/id=o1723.91-per1
1318:             ls$residencia/soure
1319: 
1320:             marido$abel mendes/obs=duvida na leitura do nome/id=o1723.91-per1-per2
1321:                ls$residencia/soure
1322: 
1323:          locs$igreja de sao tiago
1324: 
1325:          sacr$sim
1326: 
1327:          oficios$3
1328: 
1329:       obito$o1723.92/13/11/1723/fl.100-101/celebrante__ manuel duarte
1330: 
1331: obito$o1723.92
1331:          n$ana simoes/f/id=o1723.92-per1
1332:             ls$residencia/casal das brancas
1333: 
1334:             pai$mateus carvalho/id=o1723.92-per1-per2
1335:                ls$residencia/casal das brancas
1336:                ls$morto/antes
1337: 
1338:          locs$ermida do espirito santo
1339: 
1340:          sacr$sim
1341: 
1342:          oficios$3
1343: 
1344:       obito$o1723.93/17/11/1723/fl.101/celebrante__ vigario manuel rodrigues
1345: 
1346: obito$o1723.93
1346:          n$manuel/m/id=o1723.93-per1
1347:             ls$idade_aprox/mais de 20 anos
1348:             ls$ec/solteiro/obs=herdado de pai
1349:             ls$residencia/casconho
1350: 
1351:             mae$maria rodrigues/id=o1723.93-per1-per2
1352:                ls$ec/viuva
1353:                ls$residencia/casconho
1354: 
1355:          locs$igreja de nossa senhora de finisterra
1356: 
1357:          sacr$sim
1358: 
1359:          oficios$2
1360: 
1361:          testamento$n
1362: 
1363:       obito$o1723.94/20/11/1723/fl.101/celebrante__ vigario manuel rodrigues
1364: 
1365: obito$o1723.94
1365:          n$luis carvalho/m/id=o1723.94-per1
1366:             ls$residencia/casal das brancas
1367: 
1368:          locs$ermida do divino espirito santo
1369: 
1370:          sacr$sim
1371: 
1372:          oficios$3
1373: 
1374:          testamento$n
1375: 
1376:       obito$o1723.95/20/11/1723/fl.101/celebrante__ vigario manuel rodrigues
1377: 
1378: obito$o1723.95
1378:          n$francisca/f/id=o1723.95-per1
1379:             ls$idade_aprox/3 para 4 anos
1380:             ls$residencia/casal das brancas
1381: 
1382:             pai$mateus carvalho/id=o1723.95-per1-per2
1383:                ls$residencia/casal das brancas
1384: 
1385:          locs$ermida do divino espirito santo
1386: 
1387:       obito$o1723.96/24/11/1723/fl.101v/celebrante__ vigario manuel rodrigues
1388: 
1389: obito$o1723.96
1389:          n$antonio/m/id=o1723.96-per1
1390:             ls$idade_aprox/3 anos
1391:             ls$residencia/corujeira
1392: 
1393:             pai$manuel gomes/id=o1723.96-per1-per2
1394:                ls$residencia/corujeira
1395: 
1396:          locs$igreja de sao tiago/obs=emcova da fabrica
1397: 
1398:       obito$o1723.97/25/11/1723/fl.101v/celebrante__ vigario manuel rodrigues
1399: 
1400: obito$o1723.97
1400:          n$rosa/f/id=o1723.97-per1
1401:             ls$idade_aprox/18 anos
1402:             ls$ec/solteira
1403:             ls$residencia/soure
1404: 
1405:             pai$manuel monteiro/id=o1723.97-per1-per2
1406:                ls$residencia/soure
1407:                ls$morto/antes
1408: 
1409:             mae$josefa teixeira/id=o1723.97-per1-per3
1410:                ls$ec/viuva
1411:                ls$residencia/soure
1412: 
1413:          locs$igreja de sao tiago/obs=em cova da fabrica
1414: 
1415:          sacr$sim
1416: 
1417:          oficios$1
1418: 
1419:          testamento$n
1420: 
1421:       obito$o1723.98/26/11/1723/fl.101v/celebrante__ vigario manuel rodrigues
1422: 
1423: obito$o1723.98
1423:          n$domingos/m/id=o1723.98-per1
1424:             ls$idade_aprox/mais de 20 anos
1425:             ls$residencia/espirito santo
1426: 
1427:             pai$joao lopes/id=o1723.98-per1-per2
1428:                ls$residencia/espirito santo
1429:                ls$morto/antes
1430: 
1431:          locs$ermida do divino espirito santo
1432: 
1433:          sacr$sim
1434: 
1435:          oficios$2
1436: 
1437:          testamento$n
1438: 
1439:       obito$o1723.99/28/11/1723/fl.101v-102/celebrante__ vigario manuel rodrigues
1440: 
1441: obito$o1723.99
1441:          n$tome de brito pereira/id=o1723.99-per1
1442:             ls$profissao/boticario
1443:             ls$residencia/soure
1444: 
1445:          locs$igreja de sao tiago/obs=em cova da fabrica
1446: 
1447:          sacr$sim/obs=excepto o da extrema uncao porque o nao procurou
1448: 
1449:          oficios$3 de 9 licoes
1450: 
1451:          testamento$n
1452: 
1453:       obito$o1723.100/28/11/1723/fl.102/celebrante__ vigario manuel rodrigues
1454: 
1455: obito$o1723.100
1455:          n$manuel vaz leao/id=o1723.100-per1
1456:             ls$residencia/sobral
1457: 
1458:          locs$ermida de sao miguel
1459: 
1460:          sacr$sim
1461: 
1462:          oficios$2
1463: 
1464:          testamento$n
1465: 
1466:       obito$o1723.101/29/11/1723/fl.102/celebrante__ vigario manuel rodrigues
1467: 
1468: obito$o1723.101
1468:          n$francisco gabriel/m/id=o1723.101-per1
1469:             ls$residencia/casa velha
1470: 
1471:          locs$ermida da nossa senhora das neves
1472: 
1473:          sacr$sim
1474: 
1475:          oficios$3
1476: 
1477:          testamento$n
1478: 
1479:       obito$o1723.102/29/11/1723/fl.102/celebrante__ vigario manuel rodrigues
1480: 
1481: obito$o1723.102
1481:          n$manuel luis/m/id=o1723.102-per1
1482:             ls$ec/viuvo
1483:             ls$residencia/soure
1484: 
1485:          locs$adro
1486: 
1487:          locf$hospital da santa casa da misericordia de soure
1488: 
1489:          sacr$sim
1490: 
1491:          oficios$1
1492: 
1493:          testamento$n
1494: 
1495:       obito$o1723.103/10/12/1723/fl.102v/celebrante__ vigario manuel rodrigues
1496: 
1497: obito$o1723.103
1497:          n$antonio mendes/m/id=o1723.103-per1
1498:             ls$residencia/fatacos
1499: 
1500:          locs$ermida do divino espirito santo
1501: 
1502:          causa$doenca prolongada
1503: 
1504:          sacr$sim/obs=excepto o da extrema uncao porque o nao procurou
1505: 
1506:          oficios$1
1507: 
1508:          testamento$n
1509: 
1510:       obito$o1723.104/13/12/1723/fl.102v/celebrante__ vigario manuel rodrigues
1511: 
1512: obito$o1723.104
1512:          n$maria da encarnacao/f/id=o1723.104-per1
1513:             ls$residencia/soure
1514: 
1515:          locs$ermida de sao francisco
1516: 
1517:          sacr$sim
1518: 
1519:          oficios$3 de 9 licoes
1520: 
1521:          testamento$s
1522: 
1523:       obito$o1723.105/17/12/1723/fl.102v/celebrante__ vigario manuel rodrigues
1524: 
1525: obito$o1723.105
1525:          n$domingos alves/m/id=o1723.105-per1
1526:             ls$alcunha/o velho
1527:             ls$residencia/casalinhos
1528: 
1529:          locs$igreja de soa tiago/obs=em cova da fabrica
1530: 
1531:          sacr$sim
1532: 
1533:          oficios$3 de 9 licoes
1534: 
1535:          testamento$s
1536: 
1537:       obito$o1723.106/18/12/1723/fl.102v-103/celebrante__ vigario manuel rodrigues
1538: 
1539: obito$o1723.106
1539:          n$manuel/m/id=o1723.106-per1
1540:             ls$idade_aprox/mais de 20 anos
1541:             ls$ec/solteiro
1542:             ls$profissao/soldado
1543:             ls$residencia/sobral
1544: 
1545:             pai$simao francisco/id=o1723.106-per1-per2
1546:                ls$residencia/sobral
1547: 
1548:          locs$ermida de sao miguel
1549: 
1550:          sacr$sim
1551: 
1552:          oficios$1
1553: 
1554:       obito$o1723.107/18/12/1723/fl.103/celebrante__ vigario manuel rodrigues
1555: 
1556: obito$o1723.107
1556:          n$mateus goncalves galhim/m/id=o1723.107-per1
1557:             ls$residencia/alencarce de cima
1558: 
1559:          locs$ermida de santo tirso
1560: 
1561:          sacr$sim
1562: 
1563:          oficios$3 de 9 licoes
1564: 
1565:          testamento$n
1566: 
1567:       obito$o1723.108/21/12/1723/fl.103/celebrante__ vigario manuel rodrigues
1568: 
1569: obito$o1723.108
1569:          n$domingas francisca/f/id=o1723.108-per1
1570:             ls$residencia/casa velha
1571: 
1572:          locs$ermida de sao francisco
1573: 
1574:          causa$doenca prolongada
1575: 
1576:          sacr$sim
1577: 
1578:          oficios$casa velha
1579: 
1580:          testamento$n
1581: 
1582:       obito$o1723.109/25/12/1723/fl.103/celebrante__ vigario manuel rodrigues
1583: 
1584: obito$o1723.109
1584:          n$teresa/f/id=o1723.109-per1
1585:             ls$idade_aprox/6 para 7 anos
1586:             ls$residencia/casal dos feijoes
1587: 
1588:             pai$manuel simoes/id=o1723.109-per1-per2
1589:                ls$profissao/fareleiro
1590:                ls$residencia/casal dos feijoes
1591: 
1592:          locs$ermida de sao mateus
1593: 
1594:       obito$o1723.110/27/12/1723/fl.103v/celebrante__ vigario manuel rodrigues
1595: 
1596: obito$o1723.110
1596:          n$maria tome/f/id=o1723.110-per1
1597:             ls$ec/viuva
1598:             ls$residencia/alencarce de cima
1599: 
1600:          locs$ermida de santo tirso
1601: 
1602:          sacr$sim
1603: 
1604:          oficios$3 de 9 licoes
1605: 
1606:          testamento$s
1607: 
1608:       obito$o1723.111/31/12/1723/fl.103/celebrante__ vigario manuel rodrigues
1609: 
1610: obito$o1723.111
1610:          n$barbosa de oliveira/m/id=o1723.111-per1
1611:             ls$residencia/sao mateus
1612: 
1613:             marido$paulo da gante/id=o1723.111-per1-per2
1614:                ls$residencia/sao mateus
1615: 
1616:          locs$adro
1617: 
1618:          sacr$sim
1619: 
1620:          oficios$3
1621: 
1622:          testamento$n
1623: *** End of File
** Processed file- /Users/jrc/mhk-home/sources/soure/soure-sources/sources/soure_fase2/obi1723.cli
** Original file- /Users/jrc/mhk-home/sources/soure/soure-sources/sources/soure_fase2/obi1723.org
** Previous version- /Users/jrc/mhk-home/sources/soure/soure-sources/sources/soure_fase2/obi1723.old
** Temp file with ids- /Users/jrc/mhk-home/sources/soure/soure-sources/sources/soure_fase2/obi1723.ids
0  errors. 
0  warnings.
Translation finished.
