ClioInput - version 2019.A1 - build 507 15/07/2019 21:58 
8-4-2020 8-25

Processing data file obi1730.cli
-------------------------------------------
Generic Act translation module with geoentities (XML).
     Joaquim Ramos de Carvalho (joaquim@uc.pt) 
** New document: kleio
=========================
kleio translation started
=========================
Structure: gacto2.str
Prefix: 
Autorel: 
Translation count: 3
Obs: 
** Processing source fonte$obito 1730
6: obito$o1730.01
22: obito$o1730.2
35: obito$o1730.3
47: obito$o1730.4
60: obito$o1730.5
76: obito$o1730.6
91: obito$o1730.7
104: obito$o1730.8
117: obito$o1730.9
134: obito$o1730.10
147: obito$o1730.11
160: obito$o1730.12
174: obito$o1730.13
188: obito$o1730.14
209: obito$o1730.15
222: obito$o1730.16
238: obito$o1730.17
254: obito$o1730.18
265: obito$o1730.19
279: obito$o1730.20
298: obito$o1730.21
314: obito$o1730.22
327: obito$o1730.23
348: obito$o1730.24
363: obito$o1730.25
377: obito$o1730.26
390: obito$o1730.27
402: obito$o1730.28
420: obito$o1730.29
435: obito$o1730.30
446: obito$o1730.31
455: obito$o1730.32
473: obito$o1730.33
484: obito$o1730.34
497: obito$o1730.35
515: obito$o1730.36
526: obito$o1730.37
542: obito$o1730.38
557: obito$o1730.39
582: obito$o1730.40
595: obito$o1730.41
612: obito$o1730.42
626: obito$o1730.43
641: obito$o1730.44
660: obito$o1730.45
682: obito$o1730.46
695: obito$o1730.47
713: obito$o1730.48
726: obito$o1730.49
739: obito$o1730.50
750: obito$o1730.51
768: obito$o1730.52
777: obito$o1730.53
795: obito$o1730.54
809: obito$o1730.55
827: obito$o1730.56
842: obito$o1730.57
855: obito$o1730.58
872: obito$o1730.59
885: obito$o1730.60
901: obito$o1730.61
918: obito$o1730.62
937: obito$o1730.63
950: obito$o1730.64
975: obito$o1730.65
991: obito$o1730.66
1007: obito$o1730.67
1020: obito$o1730.68
1035: obito$o1730.69
1050: obito$o1730.70
1066: obito$o1730.71
1077: obito$o1730.72
1092: obito$o1730.73
1106: obito$o1730.74
1119: obito$o1730.75
1135: obito$o1730.76
1146: obito$o1730.77
1164: obito$o1730.78
*** End of File
** Processed file- /kleio-home/sources/soure-fontes/sources/soure_fase2/obi1730.cli
** Original file- /kleio-home/sources/soure-fontes/sources/soure_fase2/obi1730.org
** Previous version- /kleio-home/sources/soure-fontes/sources/soure_fase2/obi1730.old
** Temp file with ids- /kleio-home/sources/soure-fontes/sources/soure_fase2/obi1730.ids
0  errors. 
0  warnings.
Translation finished.
