ClioInput - version @@VERSION@@ - build @@BUILD@@ @@DATE@@
13-6-2019 22-52

Processing data file obi1735.cli
-------------------------------------------
Generic Act translation module with geoentities (XML).
     Joaquim Ramos de Carvalho (joaquim@uc.pt) 
** New document: kleio
1: kleio$gacto2.str/translations=2
=========================
kleio translation started
=========================
Structure: gacto2.str
Prefix: 
Autorel: 
Translation count: 2
Obs: 
2:    fonte$obito 1735/1735/paroquiais/auc/obs=em muito mau estado
3: 
** Processing source fonte$obito 1735
4:       obito$o1735.01/11/1/1735/fl.80v/celebrante__ vigario manuel rodrigues
5: 
6: obito$o1735.01
6:          n$joao rodrigues galvao/m/id=o1735.01-per1
7:             ls$residencia/casal dos guerras
8: 
9:          locs$igreja de sao tiago/obs=em cova da fabrica
10: 
11:          sacr$sim
12: 
13:          oficios$3
14: 
15:          testamento$s
16: 
17:       obito$o1735.2/12/1/1735/fl.80v/celebrante__ vigario manuel rodrigues
18: 
19: obito$o1735.2
19:          n$joao/m/id=o1735.2-per1
20:             ls$naturalidade/portela
21: 
22:             pai$jose goncalves/id=o1735.2-per1-per2
23:                ls$residencia/portela
24: 
25:          locf$da banda de alem tejo
26: 
27:          causa$ausente ha anos desta freguesia
28: 
29:          oficios$1
30: 
31:       obito$o1735.3/15/1/1735/fl.80v/celebrante__ vigario manuel rodrigues
32: 
33: obito$o1735.3
33:          n$jose/m/id=o1735.3-per1
34:             ls$idade_aprox/4 para 5 anos
35:             ls$residencia/quinta da cruz
36: 
37:             pai$manuel rodrigues/id=o1735.3-per1-per2
38:                ls$profissao/soldado
39:                ls$residencia/quinta da cruz
40: 
41:          locs$ermida da quinta da cruz
42: 
43:       obito$o1735.4/21/1/1735/fl.80v/celebrante__ vigario manuel rodrigues
44: 
45: obito$o1735.4
45:          n$manuel rodrigues perna/m/id=o1735.4-per1
46:             ls$residencia/casal dos guerras
47: 
48:          locs$ermida de sao sebastiao no mogadouro
49: 
50:          sacr$sim/obs=excepto sagrada comunhao por nao ser capaz
51: 
52:          oficios$3
53: 
54:          testamento$s
55: 
56:       obito$o1735.5/23/1/1735/fl.80v/celebrante__ vigario manuel rodrigues
57: 
58: obito$o1735.5
58:          n$maria/f/id=o1735.5-per1
59:             ls$idade_aprox/maior de idade
60:             ls$ec/solteira
61:             ls$residencia/simoes
62: 
63:             pai$manuel joao garriapa/id=o1735.5-per1-per2
64:                ls$residencia/simoes
65: 
66:             mae$maria francisca/id=o1735.5-per1-per3
67: 
68:          locs$ermida de sao lourenco
69: 
70:          sacr$sim
71: 
72:          oficios$1
73: 
74:          testamento$n
75: 
76:       obito$o1735.6/25/1/1735/fl.80v/celebrante__ vigario manuel rodrigues
77: 
78: obito$o1735.6
78:          n$francisca simoes/f/id=1735-o6-francisca
79:             ls$ec/viuva
80:             ls$residencia/assamassa
81: 
82:          locs$ermida do divino espirito santo
83: 
84:          sacr$sim
85: 
86:          oficios$2 de 9 licoes
87: 
88:          testamento$s
89: 
90:          referido$antonio goncalves/id=o1735.6-per1
91:             ls$residencia/assamassa
92:             rel$parentesco/irmao/francisca simoes/1735-o6-francisca
93: 
94:       obito$o1735.7/25/1/1735/fl.81/celebrante__ vigario manuel rodrigues
95: 
96: obito$o1735.7
96:          n$jose de magalhaes e tavora/id=o1735.7-per1
97:             ls$profissao/padre
98:             ls$ordem/evangelho
99:             ls$residencia/soure
100: 
101:          locs$ermida de sao francisco
102: 
103:          sacr$sim
104: 
105:          oficios$1 de 9 licoes
106: 
107:          testamento$n
108: 
109:       obito$o1735.8/27/1/1735/fl.81/celebrante__ vigario manuel rodrigues
110: 
111: obito$o1735.8
111:          n$catarina carvalha/f/id=o1735.8-per1
112:             ls$residencia/barrosos
113: 
114:             marido$joao rodrigues gante/id=o1735.8-per1-per2
115:                ls$residencia/barrosos
116: 
117:          locs$ermida de sao sebastiao no mogadouro
118: 
119:          sacr$sim
120: 
121:          oficios$3
122: 
123:          testamento$n
124: 
125:       obito$o1735.9/30/1/1735/fl.81/celebrante__ vigario manuel rodrigues
126: 
127: obito$o1735.9
127:          n$tomas/m/id=o1735.9-per1
128:             ls$idade_aprox/2 anos
129:             ls$residencia/soure
130: 
131:             pai$alexandre ferreira veloso/id=o1735.9-per1-per2
132:                ls$residencia/soure
133: 
134:          locs$igreja de sao tiago/obs=em cova da fabrica
135: 
136:       obito$o1735.10/31/1/1735/fl.81/celebrante__ vigario manuel rodrigues
137: 
138: obito$o1735.10
138:          n$luis/m/id=o1735.10-per1
139:             ls$idade_aprox/6 meses
140:             ls$residencia/bonitos
141: 
142:             pai$manuel mendes henriques/id=o1735.10-per1-per2
143:                ls$residencia/bonitos
144: 
145:          locs$igreja de nossa senhora de finisterra/obs=em cova da fabrica
146: 
147:       obito$o1735.11/31/1/1735/fl.81-81v/celebrante__ vigario manuel rodrigues
148: 
149: obito$o1735.11
149:          n$manuelpessoa leitao/m/id=o1735.11-per1
150:             ls$profissao/padre
151:             ls$residencia/soure
152: 
153:          locs$coimbra
154: 
155:          locf$coimbra
156: 
157:       obito$o1735.12/10/2/1735/fl.81v/celebrante__ vigario manuel rodrigues
158: 
159: obito$o1735.12
159:          n$maria jorge/f/id=o1735.12-per1
160:             ls$ec/viuva
161:             ls$residencia/bechos
162: 
163:          locs$ermida do divino espirito santo
164: 
165:          sacr$sim
166: 
167:          oficios$1
168: 
169:          testamento$n
170: 
171:       obito$o1735.13/31/1/1735/fl.81v/celebrante__ vigario manuel rodrigues
172: 
173: obito$o1735.13
173:          n$ines goncalves/f/id=o1735.13-per1
174:             ls$residencia/crocozes
175: 
176:             marido$manuel cardoso/id=o1735.13-per1-per2
177:                ls$residencia/corcozes
178: 
179:          locs$ermida do apostolo sao mateus
180: 
181:          sacr$sim
182: 
183:          oficios$1
184: 
185:          testamento$n
186: 
187:       obito$o1735.14/19/2/1735/fl.81v/celebrante__ vigario manuel rodrigues
188: 
189: obito$o1735.14
189:          n$luis/m/id=1735-o14-luis
190:             ls$idade_aprox/recem nascido
191:             ls$naturalidade/paleao
192: 
193:             pai$manuel de almeida/id=1735-o14-luis-per1
194:                ls$residencia/paleao
195: 
196:             mae$ana gomes/id=1735-o14-luis-per2
197: 
198:          locs$ermida de sao joao baptista
199: 
200:          referido$luis/id=1735-o14-luisolt
201:             ls$ec/solteiro
202:             ls$residencia/paleao
203:             rel$sociabilidade/baptizou em necessidade/luis/1735-o14-luis
204: 
205:          referido$joao domingues/id=o1735.14-per3
206:             ls$residencia/paleao
207:             rel$parentesco/pai/luis/1735-o14-luisolt
208: 
209:       obito$o1735.15/2/3/1735/fl.81v/celebrante__ vigario manuel rodrigues
210: 
211: obito$o1735.15
211:          n$isabel pereira/f/id=o1735.15-per1
212:             ls$residencia/casa velha
213: 
214:             marido$manuel nunes/id=o1735.15-per1-per2
215:                ls$residencia/casa velha
216: 
217:          locs$ermida de nossa senhora das neves
218: 
219:          sacr$sim
220: 
221:          oficios$3
222: 
223:          testamento$n
224: 
225:       obito$o1735.16/3/3/1735/fl.81v/celebrante__ vigario manuel rodrigues
226: 
227: obito$o1735.16
227:          n$luis/m/id=o1735.16-per1
228:             ls$idade_aprox/2 para 3 anos
229:             ls$residencia/casal da venda
230: 
231:             pai$manuel gomes carrasco/id=o1735.16-per1-per2
232:                ls$residencia/casal da venda
233: 
234:          locs$igreja de sao tiago/obs=em cova da fabrica
235: 
236:       obito$o1735.17/7/3/1735/fl.82/celebrante__ vigario manuel rodrigues
237: 
238: obito$o1735.17
238:          n$maria do espirito santo/f/id=o1735.17-per1
239:             ls$residencia/assamassa
240: 
241:             marido$pedro goncalves/id=o1735.17-per1-per2
242:                ls$residencia/assamassa
243: 
244:          locs$ermida do divino espirito santo
245: 
246:          sacr$sim/obs=excepto extrema uncao porque o nao procurou
247: 
248:          oficios$3 de 9 licoes
249: 
250:          testamento$s
251: 
252:       obito$o1735.18/7/3/1735/fl.82/celebrante__ vigario manuel rodrigues
253: 
254: obito$o1735.18
254:          n$antonio lopes/m/id=o1735.18-per1
255:             ls$profissao/sapateiro
256:             ls$residencia/soure
257: 
258:          locs$igreja de sao tiago/obs=em cova da fabrica
259: 
260:          sacr$sim
261: 
262:          oficios$1
263: 
264:          testamento$n
265: 
266:       obito$o1735.19/13/3/1735/fl.82/celebrante__ vigario manuel rodrigues
267: 
268: obito$o1735.19
268:          n$joao francisco/m/id=o1735.19-per1
269:             ls$residencia/barril
270: 
271:          locs$ermida do apostolo sao mateus
272: 
273:          sacr$sim
274: 
275:          oficios$1
276: 
277:          testamento$n
278: 
279:       obito$o1735.20/14/3/1735/fl.82/celebrante__ vigario manuel rodrigues
280: 
281: obito$o1735.20
281:          n$isabel/f/id=o1735.20-per1
282:             ls$idade_aprox/5 anos
283:             ls$residencia/cascao
284: 
285:             pai$antonio madeira/id=o1735.20-per1-per2
286:                ls$residencia/cascao
287: 
288:          locs$ermida de santo tirso
289: 
290:       obito$o1735.21/20/3/1735/fl.82-82v/celebrante__ vigario manuel rodrigues
291: 
292: obito$o1735.21
292:          n$luis/m/id=o1735.21-per1
293:             ls$idade_aprox/maior de 20 anos
294:             ls$residencia/leonel
295: 
296:             pai$manuel goncalves marques/id=o1735.21-per1-per2
297:                ls$residencia/leonel
298:                ls$morto/antes
299: 
300:             mae$maria gomes/id=o1735.21-per1-per3
301: 
302:          locs$igreja de sao tiago/obs=em cova da fabrica
303: 
304:          sacr$sim
305: 
306:          oficios$3
307: 
308:       obito$o1735.22/24/3/1735/fl.82v/celebrante__ vigario manuel rodrigues
309: 
310: obito$o1735.22
310:          n$nome desconhecido/m/id=1735-o22-nome
311:             ls$idade_aprox/recem nascido
312:             ls$naturalidade/carvalheira de cima
313: 
314:             pai$matias da costa/id=1735-o22-nome-per1
315:                ls$residencia/carvalheira de cima
316: 
317:             mae$maria da paz/id=1735-o22-nome-per2
318: 
319:          locs$ermida de santo ildefonso
320: 
321:          referido$jordao de campos/obs=avo do recem nascido/id=o1735.22-per3
322:             ls$residencia/carvalheira de cima
323:             rel$sociabilidade/baptizou em necessidade/nome desconhecido/1735-o22-nome
324: 
325:          referido$silvestre joao/id=o1735.22-per4
326:             ls$profissao/padre
327:             ls$residencia/carvalheira de cima
328:             rel$sociabilidade/baptizou em necessidade/nome desconhecido/1735-o22-nome
329: 
330:       obito$o1735.23/28/3/1735/fl.82v/celebrante__ vigario manuel rodrigues
331: 
332: obito$o1735.23
332:          n$maria/f/id=1735-o23-maria
333:             ls$idade_aprox/recem nascida
334:             ls$naturalidade/casal de santo ildefonso
335: 
336:             pai$joao simoes/id=1735-o23-maria-per1
337:                ls$residencia/casal de santo ildefonso
338: 
339:             mae$maria da ressureicao/id=1735-o23-maria-per2
340: 
341:          locs$ermida de santo ildefonso
342: 
343:          referida$maria martins/id=o1735.23-per3
344:             ls$profissao/parteira
345:             ls$residencia/tapeus
346:             rel$sociabilidade/baptizou em necessidade/maria/1735-o23-maria
347: 
348:       obito$o1735.24/30/3/1735/fl.82v/celebrante__ vigario manuel rodrigues
349: 
350: obito$o1735.24
350:          n$jose carvalho valente/m/id=o1735.24-per1
351:             ls$residencia/casal dos guerras
352: 
353:          locs$ermida de sao sebastiao no mogadouro
354: 
355:          sacr$sim
356: 
357:          oficios$1
358: 
359:          testamento$n
360: 
361:       obito$o1735.25/7/4/1735/fl.82v/celebrante__ vigario manuel rodrigues
362: 
363: obito$o1735.25
363:          n$maria pedrosa/f/id=o1735.25-per1
364:             ls$ec/solteira
365:             ls$residencia/barril
366: 
367:          locs$ermida de sao mateus
368: 
369:          sacr$sim
370: 
371:          oficios$3
372: 
373:          testamento$s
374: 
375:       obito$o1735.26/7/4/1735/fl.83/celebrante__ vigario manuel rodrigues
376: 
377: obito$o1735.26
377:          n$teresa/f/id=o1735.26-per1
378:             ls$idade_aprox/18 anos
379: 
380:             pai$joao rodrigues/id=o1735.26-per1-per2
381:                ls$morto/antes
382: 
383:             mae$teresa goncalves/id=o1735.26-per1-per3
384: 
385:          locs$igreja de nossa senhora de finisterra/obs=em cova da fabrica
386: 
387:          sacr$sim
388: 
389:          oficios$1
390: 
391:          testamento$n
392: 
393:       obito$o1735.27/10/4/1735/fl.83/celebrante__ vigario manuel rodrigues
394: 
395: obito$o1735.27
395:          n$antonio/m/id=o1735.27-per1
396:             ls$ec/solteiro
397:             ls$residencia/cascao
398: 
399:             pai$antonio jorge/id=o1735.27-per1-per2
400:                ls$residencia/cascao
401:                ls$morto/antes
402: 
403:             mae$ana rodrigues/id=o1735.27-per1-per3
404: 
405:          locs$ermida de santo tirso
406: 
407:          sacr$sim
408: 
409:          oficios$2 de 9 licoes
410: 
411:          testamento$n
412: 
413:       obito$o1735.28/14/4/1735/fl.83/celebrante__ vigario manuel rodrigues
414: 
415: obito$o1735.28
415:          n$manuel joao/m/id=o1735.28-per1
416:             ls$profissao/moleiro
417:             ls$residencia/areias dos simoes
418: 
419:          locs$igreja de sao tiago
420: 
421:          sacr$sim
422: 
423:          oficios$3 de 9 licoes
424: 
425:          testamento$n
426: 
427:       obito$o1735.29/16/4/1735/fl.83/celebrante__ vigario manuel rodrigues
428: 
429: obito$o1735.29
429:          n$manuel/m/id=o1735.29-per1
430:             ls$idade_aprox/4 para 5 anos
431:             ls$residencia/alencarce de cima
432: 
433:             pai$joao mateus/id=o1735.29-per1-per2
434:                ls$residencia/alencarce de cima
435: 
436:             mae$maria ferreira/id=o1735.29-per1-per3
437: 
438:          locs$ermida de santo tirso
439: 
440:       obito$o1735.30/20/4/1735/fl.83/celebrante__ vigario manuel rodrigues
441: 
442: obito$o1735.30
442:          n$maria domingues/f/id=o1735.30-per1
443:             ls$ec/solteira
444:             ls$residencia/presa
445: 
446:          locs$ermida de santo ildefonso
447: 
448:          sacr$sim
449: 
450:          oficios$3
451: 
452:          testamento$n
453: 
454:       obito$o1735.31/24/4/1735/fl.83v/celebrante__ vigario manuel rodrigues
455: 
456: obito$o1735.31
456:          n$francisco rodrogues/m/id=o1735.31-per1
457:             ls$residencia/casal dos guerras
458: 
459:          locs$adro
460: 
461:          sacr$sim
462: 
463:          oficios$1
464: 
465:          testamento$n
466: 
467:       obito$o1735.32/2/5/1735/fl.83v/celebrante__ vigario manuel rodrigues
468: 
469: obito$o1735.32
469:          n$isabel francisca/f/id=o1735.32-per1
470:             ls$alcunha/a mebelha
471:             ls$ec/viuva
472:             ls$residencia/simoes
473: 
474:          locs$ermida de sao lourenco
475: 
476:          sacr$sim
477: 
478:          oficios$1
479: 
480:          testamento$n
481: 
482:       obito$o1735.33/3/5/1735/fl.83v/celebrante__ vigario manuel rodrigues
483: 
484: obito$o1735.33
484:          n$isabel/f/id=o1735.33-per1
485:             ls$idade_aprox/4 para 5 anos
486:             ls$residencia/alencarce de cima
487: 
488:             pai$manuel antunes/id=o1735.33-per1-per2
489:                ls$residencia/alencarce de cima
490: 
491:          locs$ermida de santo tirso
492: 
493:       obito$o1735.34/3/5/1735/fl.83v/celebrante__ vigario manuel rodrigues
494: 
495: obito$o1735.34
495:          n$joao/m/id=o1735.34-per1
496:             ls$idade_aprox/6 para 7 anos
497:             ls$residencia/soure
498: 
499:             pai$domingos joao/id=o1735.34-per1-per2
500:                ls$profissao/hospitaleiro
501:                ls$residencia/soure
502: 
503:          locs$adro
504: 
505:       obito$o1735.35/7/5/1735/fl.83v/celebrante__ vigario manuel rodrigues
506: 
507: obito$o1735.35
507:          n$simao jorge/m/id=o1735.35-per1
508:             ls$residencia/casal do malvado
509: 
510:          locs$ermida de santo tirso
511: 
512:          sacr$sim
513: 
514:          oficios$1
515: 
516:          testamento$n
517: 
518:       obito$o1735.36/8/5/1735/fl.83/celebrante__ vigario manuel rodrigues
519: 
520: obito$o1735.36
520:          n$isabel/f/id=o1735.36-per1
521:             ls$idade_aprox/20 anos
522:             ls$residencia/charneca
523: 
524:             mae$maria ferreira/id=o1735.36-per1-per2
525:                ls$ec/viuva
526:                ls$residencia/charneca
527: 
528:          locs$ermida do divino espirito santo
529: 
530:          sacr$sim
531: 
532:          oficios$2
533: 
534:          testamento$n
535: 
536:       obito$o1735.37/10/5/1735/fl.84/celebrante__ vigario manuel rodrigues
537: 
538: obito$o1735.37
538:          n$catarina rodrigues/f/id=o1735.37-per1
539:             ls$residencia/casal da venda
540: 
541:             marido$antonio soares/id=o1735.37-per1-per2
542:                ls$residencia/casal da venda
543: 
544:          locs$ermida de sao miguel arcanjo
545: 
546:          sacr$sim
547: 
548:          oficios$3
549: 
550:          testamento$n
551: 
552:       obito$o1735.38/11/5/1735/fl.84/celebrante__ vigario manuel rodrigues
553: 
554: obito$o1735.38
554:          n$manuel/m/id=o1735.38-per1
555:             ls$ec/solteiro
556:             ls$residencia/porto coelheiro
557: 
558:             pai$simao joao/id=o1735.38-per1-per2
559:                ls$residencia/porto coelheiro
560: 
561:          locs$ermida de sao sebastiao
562: 
563:          causa$doenca prolongada
564: 
565:          sacr$sim
566: 
567:          oficios$1
568: 
569:          testamento$n
570: 
571:       obito$o1735.39/21/5/1735/fl.84/celebrante__ vigario manuel rodrigues
572: 
573: obito$o1735.39
573:          n$manuel antunes/m/id=o1735.39-per1
574:             ls$residencia/espirito santo
575: 
576:          locs$ermida do divino espirito santo
577: 
578:          sacr$sim
579: 
580:          oficios$3 de 9 licoes
581: 
582:          testamento$n
583: 
584:       obito$o1735.40/30/5/1735/fl.84/celebrante__ vigario manuel rodrigues
585: 
586: obito$o1735.40
586:          n$antonio lopes/m/id=o1735.40-per1
587:             ls$residencia/crocozes
588: 
589:          locs$ermida de sao mateus
590: 
591:          sacr$sim
592: 
593:          oficios$3
594: 
595:          testamento$s
596: 
597:       obito$o1735.41/31/5/1735/fl.84/celebrante__ vigario manuel rodrigues
598: 
599: obito$o1735.41
599:          n$maria/f/id=o1735.41-per1
600:             ls$idade_aprox/3 dias apos o baptismo
601:             ls$residencia/casal da venda
602: 
603:             pai$manuel gomes/id=o1735.41-per1-per2
604:                ls$residencia/casal da venda
605: 
606:          locs$ermida de nossa senhora do bom sucesso
607: 
608:       obito$o1735.42/6/6/1735/fl.84-84v/celebrante__ vigario manuel rodrigues
609: 
610: obito$o1735.42
610:          n$joao simoes galhardo/m/id=o1735.42-per1
611:             ls$profissao/padre
612:             ls$residencia/sobral
613: 
614:          locs$lisboa
615: 
616:          locf$sao sebastiao da pedreira em lisboa
617: 
618:          oficios$3 de 9 licoes
619: 
620:          testamento$n
621: 
622:       obito$o1735.43/8/6/1735/fl.84v/celebrante__ vigario manuel rodrigues
623: 
624: obito$o1735.43
624:          n$maria jorge/f/id=o1735.43-per1
625:             ls$residencia/alencarce de cima
626: 
627:             marido$joao lourenco/id=o1735.43-per1-per2
628:                ls$residencia/alencarce de cima
629: 
630:          locs$ermida de santo tirso
631: 
632:          sacr$sim
633: 
634:          oficios$3
635: 
636:          testamento$n
637: 
638:       obito$o1735.44/10/6/1735/fl.84v/celebrante__ vigario manuel rodrigues
639: 
640: obito$o1735.44
640:          n$manuel jorge carrasco/m/id=o1735.44-per1
641:             ls$residencia/casal da venda
642: 
643:          locs$igreja de sao tiago/obs=em cova da fabrica
644: 
645:          causa$doenca prolongada
646: 
647:          sacr$sim
648: 
649:          oficios$3
650: 
651:          testamento$n
652: 
653:       obito$o1735.45/11/6/1735/fl.84v/celebrante__ vigario manuel rodrigues
654: 
655: obito$o1735.45
655:          n$maria da ressurreicao/f/id=o1735.45-per1
656:             ls$ec/solteira
657:             ls$residencia/quinta do prazo em soure
658: 
659:          locs$ermida de sao pedro na quinta do prazo
660: 
661:          sacr$sim
662: 
663:          oficios$3 de 9 licoes
664: 
665:          testamento$n
666: 
667:       obito$o1735.46/14/6/1735/fl.84v/celebrante__ vigario manuel rodrigues
668: 
669: obito$o1735.46
669:          n$luisa/f/id=o1735.46-per1
670:             ls$idade_aprox/2 meses
671:             ls$residencia/mogadouro
672: 
673:             pai$manuel domingues/id=o1735.46-per1-per2
674:                ls$residencia/mogadouro
675: 
676:             mae$maria da costa/id=o1735.46-per1-per3
677: 
678:          locs$adro
679: 
680:       obito$o1735.47/28/6/1735/fl.84v-85/celebrante__ vigario manuel rodrigues
681: 
682: obito$o1735.47
682:          n$ines simoes/f/id=o1735.47-per1
683:             ls$ec/viuva
684:             ls$residencia/presa
685: 
686:             marido$antonio goncalves/id=o1735.47-per1-per2
687:                ls$residencia/presa
688:                ls$morto/antes
689: 
690:          locs$ermida de santo ildefonso
691: 
692:          locf$local de falecimento__
693: 
694:          causa$doenca prolongada
695: 
696:          sacr$sim
697: 
698:          oficios$3 de 9 licoes
699: 
700:          testamento$n
701: 
702:       obito$o1735.48/1/7/1735/fl.85/celebrante__ vigario manuel rodrigues
703: 
704: obito$o1735.48
704:          n$isabel da gante/f/id=o1735.48-per1
705:             ls$residencia/soure
706: 
707:             marido$manuel pinteiro/id=o1735.48-per1-per2
708:                ls$residencia/soure
709: 
710:          locs$ermida de sao francisco
711: 
712:          causa$morreu apressada
713: 
714:          sacr$nao/obs=por nao haver tempo
715: 
716:          oficios$1 de 9 licoes
717: 
718:          testamento$n
719: 
720:       obito$o1735.49/18/7/1735/fl.85/celebrante__ vigario manuel rodrigues
721: 
722: obito$o1735.49
722:          n$maria gomes/f/id=o1735.49-per1
723:             ls$alcunha/a paula
724:             ls$ec/viuva
725:             ls$residencia/paleao
726: 
727:          locs$ermida de sao joao baptista
728: 
729:          sacr$sim
730: 
731:          oficios$2
732: 
733:          testamento$n
734: 
735:       obito$o1735.50/24/7/1735/fl.85/celebrante__ vigario manuel rodrigues
736: 
737: obito$o1735.50
737:          n$joao/m/id=o1735.50-per1
738:             ls$residencia/soure
739: 
740:             pai$antonio mateus/id=o1735.50-per1-per2
741:                ls$residencia/soure
742: 
743:          locs$adro
744: 
745:          sacr$sim/obs=excepto sagrada comunhao por estar destituido dos sentidos
746: 
747:          oficios$1
748: 
749:       obito$o1735.51/1/8/1735/fl.85/celebrante__ vigario manuel rodrigues
750: 
751: obito$o1735.51
751:          n$isabel joao/f/id=o1735.51-per1
752:             ls$ec/viuva
753:             ls$residencia/casal da venda
754: 
755:             marido$manuel jorge carrasco/id=o1735.51-per1-per2
756:                ls$residencia/casal da venda
757:                ls$morto/antes
758: 
759:          locs$igreja de sao tiago/obs=em cova da fabrica
760: 
761:          sacr$sim
762: 
763:          oficios$3
764: 
765:          testamento$n
766: 
767:       obito$o1735.52/7/8/1735/fl.85-85v/celebrante__ vigario manuel rodrigues
768: 
769: obito$o1735.52
769:          n$manuel pinto de miranda/m/id=o1735.52-per1
770:             ls$profissao/escrivao judicial
771:             ls$ec/solteiro
772:             ls$residencia/soure
773: 
774:          locs$ermida de sao francisco/obs=amortalhado em habito de sao francisco
775: 
776:          sacr$sim
777: 
778:          oficios$1 de 9 licoes
779: 
780:          testamento$s
781: 
782:       obito$o1735.53/18/8/1735/fl.85v/celebrante__ vigario manuel rodrigues
783: 
784: obito$o1735.53
784:          n$agostinho/m/id=o1735.53-per1
785:             ls$idade_aprox/maior de idade
786:             ls$residencia/casal novo
787: 
788:             pai$joao francisco/id=o1735.53-per1-per2
789:                ls$residencia/casal novo
790: 
791:          locs$ermida de santo andre/obs=com missa cantada
792: 
793:          sacr$sim
794: 
795:          oficios$1
796: 
797:       obito$o1735.54/19/8/1735/fl.85v/celebrante__ vigario manuel rodrigues
798: 
799: obito$o1735.54
799:          n$jose/m/id=1735-o54-jose
800:             ls$enjeitado/sim
801:             ls$idade_aprox/8 para 9 anos
802:             ls$residencia/soure
803: 
804:          locs$adro da misericordia
805: 
806:          referida$maria francisca/id=1735-o54-maria
807:             ls$residencia/soure
808:             rel$sociabilidade/ama/jose/1735-o54-jose
809: 
810:          referido$domingos joao/id=o1735.54-per1
811:             ls$residencia/soure
812:             rel$parentesco/marido/maria francisca/1735-o54-maria
813: 
814:       obito$o1735.55/28/8/1735/fl.85v/celebrante__ vigario manuel rodrigues
815: 
816: obito$o1735.55
816:          n$domingos/m/id=o1735.55-per1
817:             ls$idade_aprox/1 para 2 anos
818:             ls$residencia/alencarce de cima
819: 
820:             pai$francisco antunes/obs= e de sua primeira mulher/id=o1735.55-per1-per2
821:                ls$residencia/alencarce de cima
822: 
823:          locs$ermida de santo tirso
824: 
825:       obito$o1735.56/4/9/1735/fl.85v/celebrante__ vigario manuel rodrigues
826: 
827: obito$o1735.56
827:          n$maria simoes/f/id=o1735.56-per1
828:             ls$residencia/lagem
829: 
830:             marido$manuel de oliveira/id=o1735.56-per1-per2
831:                ls$residencia/lagem
832: 
833:          locs$ermida de sao jose em pinheiro
834: 
835:          sacr$sim
836: 
837:          oficios$3
838: 
839:          testamento$s
840: 
841:       obito$o1735.57/11/9/1735/fl.85v-86/celebrante__ vigario manuel rodrigues
842: 
843: obito$o1735.57
843:          n$luis/m/id=o1735.57-per1
844:             ls$idade_aprox/2 para 3 anos
845:             ls$residencia/soure
846: 
847:             pai$antonio francisco/id=o1735.57-per1-per2
848:                ls$residencia/soure
849: 
850:             mae$beatriz da silva/id=o1735.57-per1-per3
851: 
852:          locs$ermida de sao francisco
853: 
854:       obito$o1735.58/19/9/1735/fl.86/celebrante__ vigario manuel rodrigues
855: 
856: obito$o1735.58
856:          n$manuel antunes/m/id=o1735.58-per1
857:             ls$idade_aprox/maior de idade
858:             ls$ec/solteiro
859:             ls$residencia/assamassa
860: 
861:          locs$ermida do divino espirito santo
862: 
863:          sacr$sim
864: 
865:          oficios$3
866: 
867:          testamento$n
868: 
869:       obito$o1735.59/23/9/1735/fl.86/celebrante__ vigario manuel rodrigues
870: 
871: obito$o1735.59
871:          n$isabel pedrosa/f/id=o1735.59-per1
872:             ls$residencia/barril
873: 
874:             marido$manuel rodrigues formigo/id=o1735.59-per1-per2
875:                ls$residencia/barril
876: 
877:          locs$ermida de sao mateus
878: 
879:          sacr$sim
880: 
881:          oficios$3
882: 
883:          testamento$s
884: 
885:       obito$o1735.60/23/10/1735/fl.86/celebrante__ vigario manuel rodrigues
886: 
887: obito$o1735.60
887:          n$luis/m/id=o1735.60-per1
888:             ls$idade_aprox/3 para 4 anos
889:             ls$residencia/soure
890: 
891:             pai$manuel duarte/id=o1735.60-per1-per2
892:                ls$profissao/cacador
893:                ls$residencia/soure
894: 
895:          locs$ermida de sao francisco
896: 
897:       obito$o1735.61/1/10/1735/fl.86/celebrante__ vigario manuel rodrigues
898: 
899: obito$o1735.61
899:          n$rodrigo/m/id=1735-o61-rodrigo
900:             ls$enjeitado/sim
901:             ls$idade_aprox/3 para 4 meses
902:             ls$residencia/soure
903: 
904:          locs$adro
905: 
906:          referida$maria de oliveira/id=1735-o61-maria
907:             ls$residencia/soure
908:             rel$sociabilidade/ama/rodrigo/1735-o61-rodrigo
909: 
910:          referido$manuel duarte/id=o1735.61-per1
911:             ls$profissao/cacador
912:             ls$residencia/soure
913:             rel$parentesco/marido/maria de oliveira/1735-o61-maria
914: 
915:       obito$o1735.62/1/10/1735/fl.86-86v/celebrante__ vigario manuel rodrigues
916: 
917: obito$o1735.62
917:          n$maria rodrigues/f/id=o1735.62-per1
918:             ls$ec/viuva
919:             ls$residencia/bonitos
920: 
921:          locs$ermida de sao sebastiao no mogadouro
922: 
923:          sacr$sim
924: 
925:          oficios$3
926: 
927:          testamento$n
928: 
929:       obito$o1735.63/4/10/1735/fl.86v/celebrante__ vigario manuel rodrigues
930: 
931: obito$o1735.63
931:          n$luisa/f/id=o1735.63-per1
932:             ls$idade_aprox/2 para 3 anos
933:             ls$residencia/soure
934: 
935:             pai$mateus cardoso/id=o1735.63-per1-per2
936:                ls$residencia/soure
937: 
938:          locs$igreja de sao tiago
939: 
940:       obito$o1735.64/7/10/1735/fl.86v/celebrante__ vigario manuel rodrigues
941: 
942: obito$o1735.64
942:          n$bernardo/m/id=o1735.64-per1
943:             ls$idade_aprox/1 para 2 anos
944:             ls$residencia/simoes
945: 
946:             pai$sebastiao francisco/id=o1735.64-per1-per2
947:                ls$residencia/simoes
948: 
949:          locs$ermida de sao lourenco
950: 
951:       obito$o1735.65/7/10/1735/fl.86v/celebrante__ vigario manuel rodrigues
952: 
953: obito$o1735.65
953:          n$antonia/f/id=1735-o65-antonia
954:             ls$idade_aprox/recem nascida
955:             ls$naturalidade/casais da misericordia
956: 
957:             pai$manuel francisco/id=1735-o65-antonia-per1
958:                ls$residencia/casais da misericordia
959: 
960:          locs$ermida de sao lourenco
961: 
962:          referido$tome dias/obs=seu avo/id=o1735.65-per2
963:             rel$sociabilidade/baptizou em necessidade/antonia/1735-o65-antonia
964: 
965:       obito$o1735.66/13/10/1735/fl.86v/celebrante__ vigario manuel rodrigues
966: 
967: obito$o1735.66
967:          n$maria serrana/f/id=o1735.66-per1
968:             ls$ec/solteira
969:             ls$residencia/soure
970: 
971:          locs$ermida de sao francisco
972: 
973:          sacr$sim
974: 
975:          oficios$1
976: 
977:          testamento$n
978: 
979:       obito$o1735.67/17/10/1735/fl.86v/celebrante__ vigario manuel rodrigues
980: 
981: obito$o1735.67
981:          n$manuel/m/id=o1735.67-per1
982:             ls$profissao/soldado
983:             ls$naturalidade/vale da borra
984: 
985:             pai$joao simoes/id=o1735.67-per1-per2
986:                ls$residencia/vale da borra
987:                ls$morto/antes
988: 
989:             mae$antonia da costa/id=o1735.67-per1-per3
990: 
991:          locf$lisboa
992: 
993:          oficios$3
994: 
995:       obito$o1735.68/21/10/1735/fl.87/celebrante__ vigario manuel rodrigues
996: 
997: obito$o1735.68
997:          n$antonio/m/id=o1735.68-per1
998:             ls$idade_aprox/3 anos
999:             ls$residencia/soure
1000: 
1001:             mae$maria gomes/id=o1735.68-per1-per2
1002:                ls$alcunha/a condessa
1003:                ls$residencia/soure
1004: 
1005:          locs$ermida de sao francisco
1006: 
1007:       obito$o1735.69/24/10/1735/fl.87/celebrante__ vigario manuel rodrigues
1008: 
1009: obito$o1735.69
1009:          n$antonia/f/id=o1735.69-per1
1010:             ls$idade_aprox/2 para 3 anos
1011:             ls$residencia/casal de santo ildefonso
1012: 
1013:             pai$joao da costa/id=o1735.69-per1-per2
1014:                ls$residencia/casal de santo ildefonso
1015: 
1016:          locs$ermida de santo ildefonso
1017: 
1018:       obito$o1735.70/28/10/1735/fl.87/celebrante__ vigario manuel rodrigues
1019: 
1020: obito$o1735.70
1020:          n$maria duarte/f/id=o1735.70-per1
1021:             ls$residencia/marzagao
1022: 
1023:             marido$manuel jorge ovelho/id=o1735.70-per1-per2
1024:                ls$residencia/marzagao
1025: 
1026:          locs$ermida de sao miguel arcanjo
1027: 
1028:          sacr$sim
1029: 
1030:          oficios$3
1031: 
1032:          testamento$n
1033: 
1034:       obito$o1735.71/30/10/1735/fl.87/celebrante__ vigario manuel rodrigues
1035: 
1036: obito$o1735.71
1036:          n$narcisa/f/id=o1735.71-per1
1037:             ls$idade_aprox/3 para 4 anos
1038:             ls$residencia/soure
1039: 
1040:             pai$jorge monteiro/id=o1735.71-per1-per2
1041:                ls$residencia/soure
1042: 
1043:          locs$igreja de sao tiago/obs=em cova da fabrica
1044: 
1045:       obito$o1735.72/31/10/1735/fl.87/celebrante__ vigario manuel rodrigues
1046: 
1047: obito$o1735.72
1047:          n$ana mendonca/f/id=o1735.72-per1
1048:             ls$residencia/soure
1049: 
1050:             marido$antonio dos santos/id=o1735.72-per1-per2
1051:                ls$profissao/cirurgiao
1052:                ls$residencia/soure
1053: 
1054:          locs$ermida de sao francisco
1055: 
1056:          sacr$sim
1057: 
1058:          oficios$nao
1059: 
1060:          testamento$n
1061: 
1062:       obito$o1735.73/6/11/1735/fl.87v/celebrante__ vigario manuel rodrigues
1063: 
1064: obito$o1735.73
1064:          n$maria rosada/f/id=o1735.73-per1
1065:             ls$ec/solteira
1066:             ls$residencia/barrosos
1067: 
1068:          locs$ermida de sao sebastiao no mogadouro
1069: 
1070:          sacr$sim
1071: 
1072:          oficios$1
1073: 
1074:          testamento$n
1075: 
1076:       obito$o1735.74/4/11/1735/fl.87v/celebrante__ vigario manuel rodrigues
1077: 
1078: obito$o1735.74
1078:          n$francisco bernardes/m/id=o1735.74-per1
1079:             ls$residencia/casal novo
1080: 
1081:          locs$ermida de santo andre
1082: 
1083:          sacr$sim
1084: 
1085:          oficios$3
1086: 
1087:          testamento$n
1088: 
1089:       obito$o1735.75/16/11/1735/fl.87v/celebrante__ vigario manuel rodrigues
1090: 
1091: obito$o1735.75
1091:          n$jose/m/id=o1735.75-per1
1092:             ls$ec/solteiro
1093:             ls$naturalidade/quinta de sao bento
1094: 
1095:             pai$mateus rodrigues/id=o1735.75-per1-per2
1096:                ls$residencia/quinta de sao bento
1097: 
1098:          locf$portel no alentejo
1099: 
1100:          oficios$1
1101: 
1102:       obito$o1735.76/19/11/1735/fl.87v/celebrante__ vigario manuel rodrigues
1103: 
1104: obito$o1735.76
1104:          n$nome desconhecido/m/id=1735-o76-nome
1105:             ls$idade_aprox/recem nascido
1106:             ls$naturalidade/casal do rei
1107: 
1108:             pai$manuel carvalho/id=1735-o76-nome-per1
1109:                ls$residencia/casal do rei
1110: 
1111:             mae$catarina ferreira/id=1735-o76-nome-per2
1112: 
1113:          locs$ermida do divino espirito santo
1114: 
1115:          referida$maria ferreira/id=o1735.76-per3
1116:             ls$ec/solteira
1117:             ls$residencia/casal do rei
1118:             rel$sociabilidade/baptizou em necessidade/nome desconhecido/1735-o76-nome
1119: 
1120:       obito$o1735.77/20/11/1735/fl.87v-88/celebrante__ vigario manuel rodrigues
1121: 
1122: obito$o1735.77
1122:          n$nome desconhecido/m/id=1735-o77-nome
1123:             ls$idade_aprox/recem nascido
1124:             ls$naturalidade/casal do rei
1125: 
1126:             pai$manuel carvalho/id=1735-o77-nome-per1
1127:                ls$residencia/casal do rei
1128: 
1129:             mae$catarina ferreira/id=1735-o77-nome-per2
1130: 
1131:          locs$ermida do divino espirito santo
1132: 
1133:          referida$maria rodrigues/id=1735-o77-maria
1134:             ls$residencia/quinta da telhada
1135:             ls$profissao/parteira
1136:             rel$sociabilidade/baptizou em necessidade/nome desconhecido/1735-o77-nome
1137: 
1138:          referido$antonio rodrigues/id=o1735.77-per3
1139:             ls$residencia/quinta da telhada
1140:             rel$parentesco/marido/maria rodrigues/1735-o77-maria
1141: 
1142:       obito$o1735.78/20/11/1735/fl.88/celebrante__ vigario manuel rodrigues
1143: 
1144: obito$o1735.78
1144:          n$nome desconhecido/m/id=1735-o78-nome
1145:             ls$idade_aprox/recem nascido
1146:             ls$naturalidade/alencarce de cima
1147: 
1148:             pai$francisco gomes/id=1735-o78-nome-per1
1149:                ls$residencia/alencarce de cima
1150: 
1151:          locs$ermida de santo tirso
1152: 
1153:          referido$joao rodrigues/id=o1735.78-per2
1154:             ls$residencia/alencarce de cima
1155:             rel$sociabilidade/baptizou em necessidade/nome desconhecido/1735-o78-nome
1156: 
1157:       obito$o1735.79/26/11/1735/fl.88/celebrante__ vigario manuel rodrigues
1158: 
1159: obito$o1735.79
1159:          n$mariana/f/id=1735-o79-mariana
1160:             ls$idade_aprox/recem nascida
1161:             ls$naturalidade/barril
1162: 
1163:             pai$sebastiao rodrigues/id=1735-o79-mariana-per1
1164:                ls$residencia/barril
1165: 
1166:          locs$igreja de nossa senhora de finisterra/obs=em cova da fabrica
1167: 
1168:          referida$isabel rodrigues/id=o1735.79-per2
1169:             ls$profissao/parteira
1170:             ls$residencia/casal de sao mateus
1171:             rel$sociabilidade/baptizou em necessidade/mariana/1735-o79-mariana
1172: 
1173:       obito$o1735.80/28/11/1735/fl.88/celebrante__ vigario manuel rodrigues
1174: 
1175: obito$o1735.80
1175:          n$manuel/m/id=o1735.80-per1
1176:             ls$idade_aprox/8 anos
1177:             ls$residencia/alencarce de cima
1178: 
1179:             pai$antonio rodrigues maravilhoso/id=o1735.80-per1-per2
1180:                ls$residencia/alencarce de cima
1181: 
1182:             mae$maria francisca/id=o1735.80-per1-per3
1183: 
1184:          locs$ermida de santo tirso
1185: 
1186:          sacr$sim
1187: 
1188:          oficios$1
1189: 
1190:       obito$o1735.81/29/11/1735/fl.88/celebrante__ vigario manuel rodrigues
1191: 
1192: obito$o1735.81
1192:          n$maria rodrigues/f/id=o1735.81-per1
1193:             ls$alcunha/ligeira
1194:             ls$ec/viuva
1195:             ls$residencia/soure
1196: 
1197:          locs$ermida de sao francisco
1198: 
1199:          sacr$sim
1200: 
1201:          oficios$3
1202: 
1203:          testamento$s
1204: 
1205:       obito$o1735.82/30/11/1735/fl.88v/celebrante__ vigario manuel rodrigues
1206: 
1207: obito$o1735.82
1207:          n$manuel/m/id=o1735.82-per1
1208:             ls$idade_aprox/11 meses
1209:             ls$residencia/alencarce de cima
1210: 
1211:             pai$jose rodrigues/id=o1735.82-per1-per2
1212:                ls$residencia/alencarce de cima
1213: 
1214:          locs$ermida de santo tirso
1215: 
1216:       obito$o1735.83/6/12/1735/fl.88v/celebrante__ vigario manuel rodrigues
1217: 
1218: obito$o1735.83
1218:          n$manuel rodrigues pereira/m/id=o1735.83-per1
1219: 
1220:          locs$ermida de sao bento
1221: 
1222:          sacr$sim
1223: 
1224:          oficios$3
1225: 
1226:          testamento$n
1227: 
1228:       obito$o1735.84/7/12/1735/fl.88v/celebrante__ vigario manuel rodrigues
1229: 
1230: obito$o1735.84
1230:          n$maria dias/f/id=o1735.84-per1
1231:             ls$ec/viuva
1232:             ls$residencia/charneca
1233: 
1234:          locs$ermida do divino espirito santo
1235: 
1236:          sacr$sim/obs=excepto sagrada comunhao por nao estar capaz
1237: 
1238:          oficios$1
1239: 
1240:          testamento$n
1241: 
1242:       obito$o1735.85/18/12/1735/fl.88v/celebrante__ vigario manuel rodrigues
1243: 
1244: obito$o1735.85
1244:          n$joao martins/m/id=o1735.85-per1
1245:             ls$residencia/cascao
1246: 
1247:          locs$ermida de santo tirso
1248: 
1249:          sacr$sim
1250: 
1251:          oficios$3
1252: 
1253:          testamento$n
1254: 
1255:       obito$o1735.86/21/12/1735/fl.88v/celebrante__ vigario manuel rodrigues
1256: 
1257: obito$o1735.86
1257:          n$antonia/f/id=o1735.86-per1
1258:             ls$idade_aprox/de maior idade
1259:             ls$residencia/simoes
1260: 
1261:             pai$manuel joao garripa/id=o1735.86-per1-per2
1262:                ls$residencia/simoes
1263: 
1264:             mae$maria francisca/id=o1735.86-per1-per3
1265: 
1266:          locs$ermida de sao lourenco
1267: 
1268:          sacr$sim
1269: 
1270:          oficios$1
1271: 
1272:          testamento$n
1273: 
1274:       obito$o1735.87/21/12/1735/fl.89/celebrante__ vigario manuel rodrigues
1275: 
1276: obito$o1735.87
1276:          n$josefa teixeira/f/id=o1735.87-per1
1277:             ls$ec/viuva
1278:             ls$residencia/soure
1279: 
1280:          locs$igreja de sao tiago
1281: 
1282:          sacr$sim
1283: 
1284:          oficios$3
1285: 
1286:          testamento$n
1287: 
1288:       obito$o1735.88/30/12/1735/fl.89/celebrante__ vigario manuel rodrigues
1289: 
1290: obito$o1735.88
1290:          n$jose/m/id=o1735.88-per1
1291:             ls$idade_aprox/mais de 20 anos
1292:             ls$residencia/alencarce de cima
1293: 
1294:             pai$manuel madeira relvas/id=o1735.88-per1-per2
1295:                ls$residencia/alencarce de cima
1296: 
1297:          locs$ermida de santo tirso
1298: 
1299:          sacr$sim/obs=excepto extrema uncao porque o nao chamaram a tempo
1300: 
1301:          oficios$3
1302: 
1303:          testamento$n
1304: *** End of File
** Processed file- /Users/jrc/mhk-home/sources/soure/soure-sources/sources/soure_fase2/obi1735.cli
** Original file- /Users/jrc/mhk-home/sources/soure/soure-sources/sources/soure_fase2/obi1735.org
** Previous version- /Users/jrc/mhk-home/sources/soure/soure-sources/sources/soure_fase2/obi1735.old
** Temp file with ids- /Users/jrc/mhk-home/sources/soure/soure-sources/sources/soure_fase2/obi1735.ids
0  errors. 
0  warnings.
Translation finished.
