ClioInput - version @@VERSION@@ - build @@BUILD@@ @@DATE@@
13-6-2019 22-52

Processing data file obi1725.cli
-------------------------------------------
Generic Act translation module with geoentities (XML).
     Joaquim Ramos de Carvalho (joaquim@uc.pt) 
** New document: kleio
1: kleio$gacto2.str/translations=2
=========================
kleio translation started
=========================
Structure: gacto2.str
Prefix: 
Autorel: 
Translation count: 2
Obs: 
2:    fonte$obitos 1725/1725/paroquiais/auc/obs=em mau estado
3: 
** Processing source fonte$obitos 1725
4:       obito$o1725.01/9/1/1725/fl.117v/celebrante__ vigario manuel rodrigues
5: 
6: obito$o1725.01
6:          n$jose/m/id=1725-o01-jose
7:             ls$idade_aprox/recem nascido
8:             ls$ilegitimo/sim
9:             ls$naturalidade/sobral
10: 
11:             mae$antonia/id=1725-o01-antonia
12:                ls$ec/solteira
13:                ls$residencia/sobral
14: 
15:          locs$adro
16: 
17:          referido$antonio dos santos/id=o1725.01-per1
18:             ls$residencia/sobral
19:             rel$sociabilidade/baptizou em necessidade/jose/1725-o01-jose
20: 
21:          referido$manuel rodrigues/id=o1725.01-per2
22:             ls$profissao/barbeiro
23:             ls$residencia/sobral
24:             ls$morto/antes
25:             rel$parentesco/pai/antonia/1725-o01-antonia
26: 
27:       obito$o1725.2/19/1/1725/fl.117v-118/celebrante__ vigario manuel rodrigues
28: 
29: obito$o1725.2
29:          n$miguel/m/id=o1725.2-per1
30:             ls$idade_aprox/3 para 4 anos
31:             ls$residencia/soure
32: 
33:             pai$matias de sousa/id=o1725.2-per1-per2
34:                ls$naturalidade/faro
35:                ls$residencia/soure
36: 
37:             mae$maria antonia/id=o1725.2-per1-per3
38:                ls$naturalidade/faro
39: 
40:          locs$ermida de nossa senhora dos anjos
41: 
42:       obito$o1725.3/22/1/1725/fl.118/celebrante__ vigario manuel rodrigues
43: 
44: obito$o1725.3
44:          n$isabel domingues/f/id=o1725.3-per1
45:             ls$residencia/sobral
46: 
47:             marido$bras ferreira/id=o1725.3-per1-per2
48:                ls$residencia/sobral
49: 
50:          locs$adro
51: 
52:          sacr$sim
53: 
54:          oficios$3
55: 
56:          testamento$n
57: 
58:       obito$o1725.4/23/1/1725/fl.118/celebrante__ vigario manuel rodrigues
59: 
60: obito$o1725.4
60:          n$maria/f/id=o1725.4-per1
61:             ls$idade_aprox/3 para 4 anos
62:             ls$residencia/paleao
63: 
64:             pai$manuel de abreu morim/id=o1725.4-per1-per2
65:                ls$residencia/paleao
66: 
67:          locs$ermida de sao joao baptista
68: 
69:       obito$o1725.5/23/1/1725/fl.118-118v/celebrante__ vigario manuel rodrigues
70: 
71: obito$o1725.5
71:          n$maria/f/id=o1725.5-per1
72:             ls$idade_aprox/22 para 23 anos
73:             ls$residencia/sobral
74: 
75:             pai$domingos francisco/id=o1725.5-per1-per2
76:                ls$residencia/sobral
77: 
78:          locs$igreja de sao tiago/obs=em cova da fabrica
79: 
80:          sacr$sim
81: 
82:          oficios$1
83: 
84:          testamento$n
85: 
86:       obito$o1725.6/27/1/1725/fl.118v/celebrante__ vigario manuel rodrigues
87: 
88: obito$o1725.6
88:          n$manuel domingues/m/id=o1725.6-per1
89:             ls$residencia/casconho
90: 
91:          locs$igreja de nossa senhora de finisterra
92: 
93:          sacr$sim
94: 
95:          oficios$3 de 9 licoes
96: 
97:          testamento$n
98: 
99:       obito$o1725.7/1/2/1725/fl.118/celebrante__ vigario manuel rodrigues
100: 
101: obito$o1725.7
101:          n$manuel gaspar/m/id=o1725.7-per1
102:             ls$residencia/porto coelheiro
103: 
104:          locs$igreja de tapeus/obs=por sua escolha em la ser sepultado
105: 
106:          sacr$sim
107: 
108:          oficios$meios de 9 licoes
109: 
110:          testamento$s
111: 
112:       obito$o1725.8/5/2/1725/fl.118v-119/celebrante__ vigario manuel rodrigues
113: 
114: obito$o1725.8
114:          n$antonia rodrigues/f/id=o1725.8-per1
115:             ls$ec/viuva
116:             ls$residencia/porto coelheiro
117: 
118:          locs$igreja de tapeus/obs=por la escolher ser sepultada
119: 
120:          sacr$sim
121: 
122:          oficios$maios de 9 licoes
123: 
124:          testamento$s
125: 
126:       obito$o1725.9/16/2/1725/fl.119/celebrante__ vigario manuel rodrigues
127: 
128: obito$o1725.9
128:          n$maria/f/id=o1725.9-per1
129:             ls$idade_aprox/5 meses
130:             ls$residencia/simoes
131: 
132:             pai$domingoos rodrigues/id=o1725.9-per1-per2
133:                ls$residencia/simoes
134: 
135:          locs$adro
136: 
137:       obito$o1725.10/18/2/1725/fl.119/celebrante__ vigario manuel rodrigues
138: 
139: obito$o1725.10
139:          n$antonia gaspar/f/id=o1725.10-per1
140:             ls$residencia/alencarce de baixo
141: 
142:             marido$manuel goncalves/id=o1725.10-per1-per2
143:                ls$residencia/alencarce de baixo
144: 
145:          locs$colegiada de sao tiago/obs=com licenca de coimbra em cova da fabrica
146: 
147:          locf$em sua casa
148: 
149:          causa$suicidio/obs=encontrada em sua casa afogada com uma corda
150: 
151:          sacr$nao/obs=porem havia tres dias que se tinha confessado e comungado na colegiada desta vila
152: 
153:          oficios$3 de 9 licoes
154: 
155:          testamento$n
156: 
157:       obito$o1725.11/1/3/1725/fl.119v/celebrante__ vigario manuel rodrigues
158: 
159: obito$o1725.11
159:          n$antonio/m/id=o1725.11-per1
160:             ls$idade_aprox/3 para 4 anos
161:             ls$residencia/soure
162: 
163:             pai$manuel rodrigues pereira/id=o1725.11-per1-per2
164:                ls$residencia/soure
165: 
166:          locs$ermida de sao sebastiao
167: 
168:       obito$o1725.12/11/3/1725/fl.119/celebrante__ vigario manuel rodrigues
169: 
170: obito$o1725.12
170:          n$domingos carvalho valente/m/id=o1725.12-per1
171:             ls$residencia/moinhos novos
172: 
173:          locs$ermida de sao mateus
174: 
175:          sacr$sim
176: 
177:          oficios$1
178: 
179:          testamento$n
180: 
181:       obito$o1725.13/14/3/1725/fl.119v/celebrante__ vigario manuel rodrigues
182: 
183: obito$o1725.13
183:          n$domingas/f/id=o1725.13-per1
184:             ls$idade_aprox/20 anos
185:             ls$residencia/sobral
186: 
187:             pai$domingos francisco/id=o1725.13-per1-per2
188:                ls$residencia/sobral
189: 
190:          locs$igreja de sao tiago/obs=em cova da fabrica
191: 
192:          sacr$sim
193: 
194:          oficios$1
195: 
196:       obito$o1725.14/15/3/1725/fl.119v-120/celebrante__ vigario manuel rodrigues
197: 
198: obito$o1725.14
198:          n$catarina bernardes/f/id=o1725.14-per1
199:             ls$residencia/casa velha
200: 
201:             marido$joao bernardes/id=o1725.14-per1-per2
202:                ls$residencia/casa velha
203: 
204:          locs$ermida de nossa senora das neves
205: 
206:          sacr$sim
207: 
208:          oficios$2
209: 
210:          testamento$n
211: 
212:       obito$o1725.15/17/3/1725/fl.120/celebrante__ vigario manuel rodrigues
213: 
214: obito$o1725.15
214:          n$micaela/f/id=o1725.15-per1
215:             ls$ec/solteira
216:             ls$residencia/soure
217: 
218:             mae$mariana teixeira/id=o1725.15-per1-per2
219:                ls$residencia/soure
220: 
221:          locs$igreja de sao tiago/obs=em cova da fabrica
222: 
223:          sacr$sim
224: 
225:          oficios$3 de 9 licoes
226: 
227:          testamento$s
228: 
229:       obito$o1725.16/18/3/1725/fl.120/celebrante__ vigario manuel rodrigues
230: 
231: obito$o1725.16
231:          n$domingos francisco/m/id=o1725.16-per1
232:             ls$residencia/sobral
233: 
234:          locs$igreja de sao tiago/obs=em cova da fabrica
235: 
236:          sacr$sim
237: 
238:          oficios$3 de 9 licoes
239: 
240:          testamento$n
241: 
242:       obito$o1725.17/21/3/1725/fl.120/celebrante__ vigario manuel rodrigues
243: 
244: obito$o1725.17
244:          n$maria francisca/f/id=o1725.17-per1
245:             ls$ec/viuva
246:             ls$residencia/pinheiro
247: 
248:          locs$ermida de sao jose
249: 
250:          sacr$sim
251: 
252:          oficios$1
253: 
254:          testamento$n
255: 
256:       obito$o1725.18/22/3/1725/fl.120v/celebrante__ vigario manuel rodrigues
257: 
258: obito$o1725.18
258:          n$mateus joao/m/id=o1725.18-per1
259:             ls$residencia/carvalheira de cima
260: 
261:          locs$ermida de santo idelfonso
262: 
263:          sacr$sim/obs=excepto extrema uncao porque o nao procurou
264: 
265:          oficios$2
266: 
267:          testamento$n
268: 
269:       obito$o1725.19/23/3/1725/fl.120v/celebrante__ vigario manuel rodrigues
270: 
271: obito$o1725.19
271:          n$maria/f/id=o1725.19-per1
272:             ls$idade_aprox/2 para 3 anos
273:             ls$residencia/soure
274: 
275:             pai$joao de sequeira coelho/id=o1725.19-per1-per2
276:                ls$residencia/soure
277: 
278:          locs$igreja de sao tiago/obs=em cova de seus antepassados
279: 
280:       obito$o1725.20/24/3/1725/fl.120v/celebrante__ vigario manuel rodrigues
281: 
282: obito$o1725.20
282:          n$felipa goncalves/f/id=o1725.20-per1
283:             ls$residencia/carvalheira de baixo
284: 
285:             marido$domingos antunes/id=o1725.20-per1-per2
286:                ls$residencia/carvalheira de baixo
287: 
288:          locs$igreja de sao tiago/obs=em cova da fabrica
289: 
290:          sacr$sim
291: 
292:          oficios$3 de 9 licoes
293: 
294:          testamento$s
295: 
296:       obito$o1725.21/1/4/1725/fl.120v-121/celebrante__ vigario manuel rodrigues
297: 
298: obito$o1725.21
298:          n$maria/f/id=o1725.21-per1
299:             ls$idade_aprox/10 anos
300:             ls$residencia/mogadouro
301: 
302:             pai$jose francisco/id=o1725.21-per1-per2
303:                ls$residencia/mogadouro
304: 
305:          locs$adro
306: 
307:          causa$morreu apressada
308: 
309:          sacr$nao
310: 
311:       obito$o1725.22/3/4/1725/fl.121/celebrante__ vigario manuel rodrigues
312: 
313: obito$o1725.22
313:          n$francisca rodrigues/f/id=o1725.22-per1
314:             ls$ec/viuva
315:             ls$residencia/alencarce de cima
316: 
317:          locs$ermida de sao francisco em soure
318: 
319:          sacr$sim
320: 
321:          oficios$3 de 9 licoes
322: 
323:          testamento$s
324: 
325:       obito$o1725.23/8/4/1725/fl.121/celebrante__ vigario manuel rodrigues
326: 
327: obito$o1725.23
327:          n$antonio rodrigues/m/id=o1725.23-per1
328:             ls$residencia/casal das brancas
329: 
330:          locs$ermida do espirito santo
331: 
332:          sacr$sim
333: 
334:          oficios$3
335: 
336:          testamento$n
337: 
338:       obito$o1725.24/8/4/1725/fl.121/celebrante__ vigario manuel rodrigues
339: 
340: obito$o1725.24
340:          n$jose martins camouco/m/id=o1725.24-per1
341:             ls$residencia/soure
342: 
343:          locs$igreja de sao tiago/obs=em cova da fabrica
344: 
345:          sacr$sim
346: 
347:          oficios$2
348: 
349:          testamento$n
350: 
351:       obito$o1725.25/11/4/1725/fl.121v/celebrante__ vigario manuel rodrigues
352: 
353: obito$o1725.25
353:          n$nome desconhecido/m/id=1725-o25-nome
354:             ls$idade_aprox/recem nascido
355:             ls$naturalidade/paleao
356: 
357:             pai$manuel da costa/id=1725-o25-nome-per1
358:                ls$residencia/paleao
359: 
360:          locs$ermida de sao joao baptista
361: 
362:          referida$maria gomes/id=o1725.25-per2
363:             ls$alcunha/a triga
364:             ls$residencia/paleao
365:             rel$sociabilidade/baptizou em necessidade/nome desconhecido/1725-o25-nome
366: 
367:       obito$o1725.26/3/5/1725/fl.121v/celebrante__ vigario manuel rodrigues
368: 
369: obito$o1725.26
369:          n$antonia francisca/f/id=o1725.26-per1
370:             ls$residencia/sobral
371: 
372:             marido$manuel jorge/id=o1725.26-per1-per2
373:                ls$residencia/sobral
374: 
375:          locs$ermida de sao miguel arcanjo
376: 
377:          sacr$sim
378: 
379:          oficios$3
380: 
381:          testamento$n
382: 
383:       obito$o1725.27/16/4/1725/fl.121v/celebrante__ vigario manuel rodrigues
384: 
385: obito$o1725.27
385:          n$isabel/f/id=o1725.27-per1
386:             ls$idade_aprox/1 ano
387:             ls$residencia/mogadouro
388: 
389:             pai$jose francisco/id=o1725.27-per1-per2
390:                ls$residencia/mogadouro
391: 
392:          locs$adro
393: 
394:       obito$o1725.28/12/5/1725/fl.121v/celebrante__ vigario manuel rodrigues
395: 
396: obito$o1725.28
396:          n$domingas rodrigues/f/id=o1725.28-per1
397:             ls$residencia/porto coelheiro
398: 
399:             marido$manuel rodrigues calhau/id=o1725.28-per1-per2
400:                ls$residencia/porto coelheiro
401: 
402:          locs$igreja de sao tiago/obs=em cova da fabrica
403: 
404:          sacr$sim
405: 
406:          oficios$1 de 9 licoes
407: 
408:          testamento$n
409: 
410:       obito$o1725.29/15/5/1725/fl.121v-122/celebrante__ vigario manuel rodrigues
411: 
412: obito$o1725.29
412:          n$luis/m/id=o1725.29-per1
413:             ls$idade_aprox/1 ano
414:             ls$residencia/lousoes
415: 
416:             pai$domingos goncalves/id=o1725.29-per1-per2
417:                ls$residencia/lousoes
418: 
419:          locs$ermida de santo andre do casal novo
420: 
421:       obito$o1725.30/23/5/1725/fl.122/celebrante__ vigario manuel rodrigues
422: 
423: obito$o1725.30
423:          n$antonia/f/id=o1725.30-per1
424:             ls$idade_aprox/2 para 3 anos
425:             ls$residencia/soure
426: 
427:             pai$manuel simoes cabeca/id=o1725.30-per1-per2
428:                ls$residencia/soure
429: 
430:          locs$ermida de sao sebastiao
431: 
432:       obito$o1725.31/27/5/1725/fl.122/celebrante__ vigario manuel rodrigues
433: 
434: obito$o1725.31
434:          n$micaela/f/id=o1725.31-per1
435:             ls$idade_aprox/6 para 7 anos
436:             ls$residencia/soure
437: 
438:             pai$manuel simoes cabeca/id=o1725.31-per1-per2
439:                ls$residencia/soure
440: 
441:          locs$ermida de sao sebastiao
442: 
443:       obito$o1725.32/30/5/1725/fl.122/celebrante__ vigario manuel rodrigues
444: 
445: obito$o1725.32
445:          n$maria rodrigues/f/id=o1725.32-per1
446:             ls$residencia/cavaleiros
447: 
448:             marido$joao ramos/id=o1725.32-per1-per2
449:                ls$residencia/cavaleiros
450: 
451:          locs$adro
452: 
453:          sacr$sim
454: 
455:          oficios$2
456: 
457:          testamento$n
458: 
459:       obito$o1725.33/31/5/1725/fl.122v/celebrante__ vigario manuel rodrigues
460: 
461: obito$o1725.33
461:          n$ana jorge/f/id=o1725.33-per1
462:             ls$ec/viuva
463:             ls$residencia/barrosos
464: 
465:          locs$ermida de sao sebastiao no mogadouro
466: 
467:          sacr$sim
468: 
469:          oficios$1
470: 
471:          testamento$n
472: 
473:       obito$o1725.34/7/6/1725/fl.122v/celebrante__ vigario manuel rodrigues
474: 
475: obito$o1725.34
475:          n$manuel gomes perseguido/m/id=o1725.34-per1
476:             ls$residencia/casa velha
477: 
478:          locs$adro
479: 
480:          sacr$sim
481: 
482:          oficios$1
483: 
484:          testamento$n
485: 
486:       obito$o1725.35/20/6/1725/fl.122v/celebrante__ vigario manuel rodrigues
487: 
488: obito$o1725.35
488:          n$isabel/f/id=o1725.35-per1
489:             ls$idade_aprox/3 para 4 anos
490:             ls$residencia/podengos
491: 
492:             pai$manuel simoes/id=o1725.35-per1-per2
493:                ls$residencia/podengos
494: 
495:          locs$ermida de santo tirso em alencarce de cima
496: 
497:       obito$o1725.36/23/6/1725/fl.122v/celebrante__ vigario manuel rodrigues
498: 
499: obito$o1725.36
499:          n$luis gaspar/m/id=o1725.36-per1
500:             ls$ec/viuvo
501:             ls$residencia/venda nova
502: 
503:          locs$igreja de tapeus/obs=por escolher la ser sepultado
504: 
505:          sacr$sim
506: 
507:          oficios$3
508: 
509:          testamento$s
510: 
511:       obito$o1725.37/23/6/1725/fl.123/celebrante__ vigario manuel rodrigues
512: 
513: obito$o1725.37
513:          n$antonio rodrigues/m/id=o1725.37-per1
514:             ls$ec/viuvo
515:             ls$residencia/rolhao
516: 
517:          locs$ermida de sao joao baptista em paleao
518: 
519:          sacr$sim
520: 
521:          oficios$3
522: 
523:          testamento$n
524: 
525:       obito$o1725.38/24/6/1725/fl.123/celebrante__ vigario manuel rodrigues
526: 
527: obito$o1725.38
527:          n$manuel/m/id=1725-o38-manuel
528:             ls$idade_aprox/recem nascido
529:             ls$naturalidade/portela
530: 
531:             pai$rodrigo jorge/id=1725-o38-manuel-per1
532:                ls$residencia/portela
533: 
534:          locs$adro
535: 
536:          referido$francisco marques/id=o1725.38-per2
537:             ls$profissao/padre
538:             ls$cargo/capelao/obs=capelao de rodrigo homem de quadros
539:             rel$sociabilidade/baptizou em necessidade/manuel/1725.o38-manuel
540: 
541:       obito$o1725.39/28/6/1725/fl.123/celebrante__ vigario manuel rodrigues
542: 
543: obito$o1725.39
543:          n$maria/f/id=o1725.39-per1
544:             ls$idade_aprox/2 para 3 anos
545:             ls$residencia/soure
546: 
547:             pai$manuel jorge/id=o1725.39-per1-per2
548:                ls$profissao/sapateiro
549:                ls$residencia/soure
550: 
551:          locs$igreja de sao tiago/obs=em cova da fabrica
552: 
553:       obito$o1725.40/28/6/1725/fl.123/celebrante__ vigario manuel rodrigues
554: 
555: obito$o1725.40
555:          n$maria dias/f/id=o1725.40-per1
556:             ls$ec/viuva
557:             ls$residencia/soure
558: 
559:          locs$ermida de sao francisco
560: 
561:          causa$doenca prolongada
562: 
563:          sacr$sim
564: 
565:          oficios$1
566: 
567:          testamento$n
568: 
569:       obito$o1725.41/30/6/1721/fl.123-123v/celebrante__ vigario manuel rodrigues
570: 
571: obito$o1725.41
571:          n$maria/f/id=o1725.41-per1
572:             ls$ec/solteira
573:             ls$idade_aprox/15 anos
574:             ls$residencia/oureca
575: 
576:             pai$manuel simoes/id=o1725.41-per1-per2
577:                ls$residencia/oureca
578: 
579:          locs$igreja de sao tiago/obs=em cova da fabrica
580: 
581:          sacr$sim/obs=so penitencia por estar incapaz de comungar por causa de vomitos
582: 
583:          oficios$1
584: 
585:       obito$o1725.42/6/7/1725/fl.123v/celebrante__ vigario manuel rodrigues
586: 
587: obito$o1725.42
587:          n$antonio joao/m/id=o1725.42-per1
588:             ls$residencia/alencarce de cima
589: 
590:          locs$ermida de santo tirso
591: 
592:          causa$doenca prolongada
593: 
594:          sacr$sim
595: 
596:          oficios$3
597: 
598:          testamento$n
599: 
600:       obito$o1725.43/17/8/1725/fl.123v/celebrante__ vigario manuel rodrigues
601: 
602: obito$o1725.43
602:          n$raimundo/m/id=1725-o43-raimundo
603:             ls$idade_aprox/recem nascido
604:             ls$ilegitimo/sim
605:             ls$naturalidade/soure
606: 
607:             mae$luisa maria/id=1725-o43-raimundo-per1
608:                ls$ec/solteira
609:                ls$naturalidade/ceira
610:                ls$residencia/soure
611: 
612:          locs$igreja de nossa senhora de finisterra/obs=em cova da fabrica
613: 
614:          referido$maria simoes/id=o1725.43-per2
615:             ls$residencia/soure
616:             rel$sociabilidade/baptizou em necessidade/raimundo/1725-o43-raimundo
617: 
618:       obito$o1725.44/21/8/1725/fl.123v/celebrante__ vigario manuel rodrigues
619: 
620: obito$o1725.44
620:          n$isabel joao/f/id=o1725.44-per1
621:             ls$ec/viuva
622:             ls$residencia/carvalheira de cima
623: 
624:          locs$ermida de santo idelfonso
625: 
626:          sacr$sim
627: 
628:          oficios$1
629: 
630:          testamento$n
631: 
632:       obito$o1725.45/28/8/1725/fl.123v-124/celebrante__ vigario manuel rodrigues
633: 
634: obito$o1725.45
634:          n$tome/m/id=1725-o45-tome
635:             ls$idade_aprox/recem nascido
636:             ls$naturalidade/porto coelheiro
637: 
638:             pai$mateus rodrigues/id=1725-o45-tome-per1
639:                ls$residencia/porto coelheiro
640: 
641:          locs$ermida de sao bento
642: 
643:          referido$domingos ferreira/id=o1725.45-per2
644:             ls$residencia/porto coelheiro
645:             rel$sociabilidade/baptizou em necessidade/tome/1725-o45-tome
646: 
647:       obito$o1725.46/4/9/1725/fl.124/celebrante__ vigario manuel rodrigues
648: 
649: obito$o1725.46
649:          n$cecilia/f/id=o1725.46-per1
650:             ls$idade_aprox/15 anos
651:             ls$ec/solteira
652:             ls$residencia/casal do rei
653: 
654:             pai$antonio ferreira/id=o1725.46-per1-per2
655:                ls$residencia/casal do rei
656: 
657:          locs$ermida do divino espirito santo
658: 
659:          sacr$sim
660: 
661:          oficios$1
662: 
663:       obito$o1725.47/8/9/1725/fl.124/celebrante__ vigario manuel rodrigues
664: 
665: obito$o1725.47
665:          n$ana gaspar/f/id=o1725.47-per1
666:             ls$residencia/mogadouro
667: 
668:             marido$francisco carvalho/id=o1725.47-per1-per2
669:                ls$residencia/mogadouro
670: 
671:          locs$ermida de sao sebastiao no mogadouro
672: 
673:          sacr$sim
674: 
675:          oficios$tres
676: 
677:          testamento$n
678: 
679:       obito$o1725.48/16/9/1725/fl.124-124v/celebrante__ vigario manuel rodrigues
680: 
681: obito$o1725.48
681:          n$domingos carvalho/m/id=o1725.48-per1
682:             ls$residencia/casal dos guerras
683: 
684:          locs$adro
685: 
686:          sacr$sim
687: 
688:          oficios$3
689: 
690:          testamento$n
691: 
692:       obito$o1725.49/18/9/1725/fl.124v/celebrante__ vigario manuel rodrigues
693: 
694: obito$o1725.49
694:          n$antonio/m/id=o1725.49-per1
695:             ls$idade_aprox/18 anos
696:             ls$residencia/sobral
697: 
698:             mae$isabel rodrigues/id=o1725.49-per1-per2
699:                ls$residencia/sobral
700: 
701:          locs$ermida de sao miguel
702: 
703:          locf$no caminho vindo de coruche para sua casa
704: 
705:          sacr$nao/obs=mas disseram que se confessara antes de se meter a caminho
706: 
707:          oficios$1
708: 
709:       obito$o1725.50/20/9/1723/fl.124v/celebrante__ vigario manuel rodrigues
710: 
711: obito$o1725.50
711:          n$manuel/m/id=o1725.50-per1
712:             ls$idade_aprox/13 anos
713:             ls$enjeitado/sim
714:             ls$residencia/soure
715: 
716:          locs$ermida de sao sebastiao
717: 
718:          sacr$sim
719: 
720:          oficios$1
721: 
722:          referida$maria barrenha/obs= criou manuel por ordem da camara/id=o1725.50-per2
723:             ls$residencia/soure
724: 
725:       obito$o1725.51/27/9/1725/fl.124v/celebrante__ vigario manuel rodrigues
726: 
727: obito$o1725.51
727:          n$manuel/m/id=o1725.51-per1
728:             ls$idade_aprox/1 para 2 anos
729:             ls$residencia/portela
730: 
731:             pai$manuel rodrigues/id=o1725.51-per1-per2
732:                ls$residencia/portela
733: 
734:          locs$adro
735: 
736:       obito$o1725.52/29/9/1725/fl.125/celebrante__ vigario manuel rodrigues
737: 
738: obito$o1725.52
738:          n$manuel domingues/m/id=o1725.52-per1
739:             ls$residencia/quinta da telhada
740: 
741:          locs$igreja de sao tiago/obs=em cova da fabrica
742: 
743:          sacr$sim
744: 
745:          oficios$3
746: 
747:          testamento$n
748: 
749:       obito$o1725.53/29/9/1725/fl.125/celebrante__ vigario manuel rodrigues
750: 
751: obito$o1725.53
751:          n$joao/m/id=o1725.53-per1
752:             ls$idade_aprox/10 anos
753:             ls$naturalidade/lisboa/obs=disse sua mae os quais estariam de passagem
754:             ls$residencia/vendanova
755: 
756:          locs$ermida de santo antonio na venda nova
757: 
758:          locf$venda nova/obs=estalagem que foi de manuel da silva
759: 
760:          sacr$sim/obs=so penitencia por nao procurar outro algum
761: 
762:       obito$o1725.54/8/10/1725/fl.125/celebrante__ vigario manuel rodrigues
763: 
764: obito$o1725.54
764:          n$francisca/f/id=1725-o54-1725
765:             ls$idade_aprox/recem nascida
766:             ls$naturalidade/soure
767: 
768:             pai$joao de oliveira/id=1725-o54-1725-per1
769:                ls$residencia/soure
770: 
771:          locs$ermida de santo agostinho
772: 
773:          referido$manuel rodrigues alvaro/id=o1725.54-per2
774:             ls$profissao/padre
775:             ls$cargo/tesoureiro
776:             ls$residencia/soure
777:             rel$sociabilidade/baptizou em necessidade/francisca/1725-o54-1725
778: 
779:       obito$o1725.55/8/10/1725/fl.125-125v/celebrante__ vigario manuel rodrigues
780: 
781: obito$o1725.55
781:          n$maria rodrigues/f/id=o1725.55-per1
782:             ls$residencia/pinheiro
783: 
784:             marido$manuel vaz/id=o1725.55-per1-per2
785:                ls$residencia/pinheiro
786: 
787:          locs$adro
788: 
789:          sacr$sim/obs=excepto o sagrado viatico por estar alienada de entendimento e nao estar capaz de comungar
790: 
791:          oficios$1
792: 
793:          testamento$n
794: 
795:       obito$o1725.56/10/10/1725/fl.125v/celebrante__ vigario manuel rodrigues
796: 
797: obito$o1725.56
797:          n$isabel mendes/f/id=o1725.56-per1
798:             ls$residencia/casal da amoreira
799: 
800:             marido$manuel da silva/id=o1725.56-per1-per2
801:                ls$residencia/casal da amoreira
802: 
803:          locs$adro
804: 
805:          sacr$sim/obs=excepto santa uncao porque o nao procurou
806: 
807:          oficios$1
808: 
809:          testamento$n
810: 
811:       obito$o1725.57/13/10/1725/fl.125v/celebrante__ vigario manuel rodrigues
812: 
813: obito$o1725.57
813:          n$madalena goncalves vargas/f/id=o1725.57-per1
814:             ls$ec/solteira
815:             ls$residencia/soure
816: 
817:          locs$ermida de nossa senhpra dos anjos
818: 
819:          sacr$sim/obs=excepto o sagrado viatico por nao estar capaz
820: 
821:          oficios$1
822: 
823:          testamento$n
824: 
825:       obito$o1725.58/15/10/1725/fl.125v-126/celebrante__ vigario manuel rodrigues
826: 
827: obito$o1725.58
827:          n$maria antunes/f/id=o1725.58-per1
828:             ls$residencia/casal das brancas
829: 
830:             marido$mateus carvalho/id=o1725.58-per1-per2
831:                ls$residencia/casal das brancas
832: 
833:          locs$ermida do divino espirito santo
834: 
835:          sacr$sim
836: 
837:          oficios$3
838: 
839:          testamento$n
840: 
841:       obito$o1725.59/15/10/1725/fl.126/celebrante__ vigario manuel rodrigues
842: 
843: obito$o1725.59
843:          n$domingas joao/f/id=o1725.59-per1
844:             ls$ec/viuva
845:             ls$residencia/alencarce de cima
846: 
847:          locs$ermida de santo tirso
848: 
849:          locf$local de falecimento__
850: 
851:          causa$ causa de morte__
852: 
853:          sacr$sim/obs=excepto o sagrado viatico por ter vomitos e nao estar capaz
854: 
855:          oficios$3
856: 
857:          testamento$n
858: 
859:       obito$o1725.60/17/10/1725/fl.126/celebrante__ vigario manuel rodrigues
860: 
861: obito$o1725.60
861:          n$lourenco rodrigues do cano/id=o1725.60-per1
862:             ls$residencia/soure
863: 
864:          locs$igreja de sao tiago/obs=em cova da fabrica
865: 
866:          sacr$sim
867: 
868:          oficios$1 de 9 licoes
869: 
870:          testamento$s
871: 
872:       obito$o1725.61/28/10/1725/fl.126/celebrante__ vigario manuel rodrigues
873: 
874: obito$o1725.61
874:          n$nome desconhecido/m/id=1725-o61-nome
875:             ls$idade_aprox/recem nascido
876:             ls$naturalidade/soure
877: 
878:             pai$diogo rodrigues de andrade/id=1725-o61-nome-per1
879:                ls$residencia/soure
880: 
881:          locs$ermida de sao francisco
882: 
883:          referida$maria gomes/id=o1725.61-per2
884:             ls$profissao/parteira
885:             ls$residencia/sour
886:             rel$sociabilidade/baptizou em necessidade/nome desconhecido/1725-o61-nome
887: 
888:       obito$o1725.62/31/10/1725/fl.127v/celebrante__ vigario manuel rodrigues
889: 
890: obito$o1725.62
890:          n$maria/f/id=o1725.62-per1
891:             ls$idade_aprox/16 para 17 anos
892:             ls$residencia/ rua da levada em soure
893: 
894:             pai$manuel lopes/id=o1725.62-per1-per2
895:                ls$profissao/sapateiro
896:                ls$residencia/rua da levada em soure
897: 
898:          locs$igreja de sao tiago/obs=em cova da fabrica
899: 
900:          sacr$sim
901: 
902:          oficios$1
903: 
904:       obito$o1725.63/31/10/1725/fl.126v/celebrante__ vigario manuel rodrigues
905: 
906: obito$o1725.63
906:          n$maria francisca/f/id=o1725.63-per1
907:             ls$alcunha/a branca
908:             ls$residencia/casa velha
909: 
910:             marido$antonio rodrigues/id=o1725.63-per1-per2
911:                ls$residencia/casa velha
912: 
913:          locs$ermida de nossa senhora das neves
914: 
915:          sacr$sim
916: 
917:          oficios$3
918: 
919:          testamento$n
920: 
921:       obito$o1725.64/5/11/1725/fl.126v/celebrante__ vigario manuel rodrigues
922: 
923: obito$o1725.64
923:          n$maria de mendonca/f/id=o1725.64-per1
924:             ls$ec/viuva
925:             ls$residencia/quinta de sao tome
926: 
927:             marido$feliz de almeida do amaral/id=o1725.64-per1-per2
928:                ls$residencia/quinta de sao tome
929: 
930:          locs$ermida da quinta de sao tome
931: 
932:          causa$morreu apressada
933: 
934:          sacr$sim/obs=so penitencia por nao haver tempo para mais
935: 
936:          oficios$1
937: 
938:          testamento$n
939: 
940:       obito$o1725.65/6/11/1725/fl.126v-127/celebrante__ vigario manuel rodrigues
941: 
942: obito$o1725.65
942:          n$maria/f/id=o1725.65-per1
943:             ls$ilegitima/sim
944:             ls$idade_aprox/1 mes
945:             ls$residencia/casal de montais
946: 
947:             mae$catarina/id=o1725.65-per1-per2
948:                ls$ec/solteira
949:                ls$residencia/casal dos montais
950: 
951:          locs$ermida de sao miguel no sobral
952: 
953:       obito$o1725.66/16/11/1725/fl.127/celebrante__ vigario manuel rodrigues
954: 
955: obito$o1725.66
955:          n$maria fernandes/f/id=o1725.66-per1
956:             ls$ec/viuva
957:             ls$residencia/vale da borra
958: 
959:          locs$adro
960: 
961:          causa$morreu apressada
962: 
963:          sacr$sim/obs=so penitencia por nao haver tempo para mais
964: 
965:          oficios$1
966: 
967:          testamento$n
968: 
969:       obito$o1725.67/16/11/1725/fl.127/celebrante__ vigario manuel rodrigues
970: 
971: obito$o1725.67
971:          n$manuel/m/id=o1725.67-per1
972:             ls$idade_aprox/6 meses
973:             ls$residencia/cavaleiros
974: 
975:             pai$joao ramos/id=o1725.67-per1-per2
976:                ls$residencia/cavaleiros
977: 
978:          locs$adro
979: 
980:       obito$o1725.68/18/11/1725/fl.127/celebrante__ vigario manuel rodrigues
981: 
982: obito$o1725.68
982:          n$francisco/m/id=1725-o68-francisco
983:             ls$idade_aprox/recem nascido
984:             ls$naturalidade/lagem
985: 
986:             pai$manuel rodrigues acenso/id=1725-o68-francisco-per1
987:                ls$residencia/lagem
988: 
989:          locs$adro
990: 
991:          referida$maria simoes/id=1725-o68-maria
992:             ls$residencia/lagem
993:             rel$sociabilidade/baptizou em necessidade/francisco/1725-o68-francisco
994: 
995:          referido$manuel de oliveira/id=o1725.68-per2
996:             ls$residencia/lagem
997:             rel$parentesco/marido/maria simoes/1725-68-maria
998: 
999:       obito$o1725.69/20/11/1725/fl.127v/celebrante__ vigario manuel rodrigues
1000: 
1001: obito$o1725.69
1001:          n$antonio domingues/m/id=o1725.69-per1
1002:             ls$alcunha/o malhado
1003:             ls$residencia/casais da misericordia
1004: 
1005:          locs$ermida de sao sebastiao no mogadouro
1006: 
1007:          sacr$sim
1008: 
1009:          oficios$2
1010: 
1011:          testamento$n
1012: 
1013:       obito$o1725.70/27/11/1725/fl.127v/celebrante__ vigario manuel rodrigues
1014: 
1015: obito$o1725.70
1015:          n$joaquim/m/id=o1725.70-per1
1016:             ls$idade_aprox/3 para 4 anos
1017:             ls$residencia/porto coelheiro
1018: 
1019:             pai$mateus rodrigues/id=o1725.70-per1-per2
1020:                ls$residencia/porto coelheiro
1021: 
1022:          locs$ermida de sao bento
1023: 
1024:       obito$o1725.71/2/12/1725/fl.127v/celebrante__ vigario manuel rodrigues
1025: 
1026: obito$o1725.71
1026:          n$catarina mendes/f/id=o1725.71-per1
1027:             ls$ec/viuva
1028:             ls$residencia/crocozes
1029: 
1030:          locs$ermida de sao francisco
1031: 
1032:          sacr$sim
1033: 
1034:          oficios$1
1035: 
1036:          testamento$n
1037: 
1038:       obito$o1725.72/4/12/1725/fl.127v/celebrante__ vigario manuel rodrigues
1039: 
1040: obito$o1725.72
1040:          n$isabel martins/f/id=o1725.72-per1
1041:             ls$ec/viuva
1042:             ls$residencia/casal dos guerras
1043: 
1044:             marido$domingos carvalho/id=o1725.72-per1-per2
1045:                ls$residencia/casal dos guerras
1046:                ls$morto/antes
1047: 
1048:          locs$ermida de sao sebastiao no mogadouro
1049: 
1050:          sacr$sim
1051: 
1052:          oficios$3
1053: 
1054:          testamento$n
1055: 
1056:       obito$o1725.73/4/12/1725/fl.128/celebrante__ vigario manuel rodrigues
1057: 
1058: obito$o1725.73
1058:          n$francisca ferreira/f/id=o1725.73-per1
1059:             ls$ec/viuva
1060:             ls$residencia/fatacos
1061: 
1062:             marido$antonio mendes/id=o1725.73-per1-per2
1063:                ls$residencia/fatacos
1064:                ls$morto/antes
1065: 
1066:          locs$ermida do divino espirito santo
1067: 
1068:          causa$morreu apressada
1069: 
1070:          sacr$nao/obs=por o nao chamarem a tempo
1071: 
1072:          oficios$1
1073: 
1074:          testamento$n
1075: 
1076:       obito$o1725.74/9/12/1725/fl.128/celebrante__ vigario manuel rodrigues
1077: 
1078: obito$o1725.74
1078:          n$domingas simoes/f/id=o1725.74-per1
1079:             ls$residencia/simoes
1080: 
1081:             marido$pedro lopes/id=o1725.74-per1-per2
1082:                ls$residencia/simoes
1083: 
1084:          locs$igreja de sao tiago
1085: 
1086:          sacr$sim
1087: 
1088:          oficios$1
1089: 
1090:          testamento$s
1091: 
1092:       obito$o1725.75/11/12/1725/fl.128/celebrante__ vigario manuel rodrigues
1093: 
1094: obito$o1725.75
1094:          n$natalia rodrigues/f/id=o1725.75-per1
1095:             ls$residencia/miraflores
1096: 
1097:             marido$manuel martins/id=o1725.75-per1-per2
1098:                ls$residencia/miraflores
1099: 
1100:          locs$ermida de sao fancisco
1101: 
1102:          sacr$sim
1103: 
1104:          oficios$3
1105: 
1106:          testamento$n
1107: 
1108:       obito$o1725.76/17/12/1725/fl.128/celebrante__ vigario manuel rodrigues
1109: 
1110: obito$o1725.76
1110:          n$joao/m/id=o1725.76-per1
1111:             ls$idade_aprox/1 mes e meio
1112:             ls$residencia/carvalheira de baixo
1113: 
1114:             pai$joao rodrigues baio/id=o1725.76-per1-per2
1115:                ls$residencia/carvalheira de baixo
1116: 
1117:          locs$adro
1118: 
1119:       obito$o1725.77/18/12/1725/fl.128/celebrante vigario manuel rodrigues
1120: 
1121: obito$o1725.77
1121:          n$maria da silva/f/id=o1725.77-per1
1122:             ls$residencia/corujeira
1123: 
1124:             marido$antonio goncalves ventura/id=o1725.77-per1-per2
1125:                ls$residencia/corujeira
1126: 
1127:          locs$adro
1128: 
1129:          causa$morreu apressada
1130: 
1131:          sacr$nao
1132: 
1133:          oficios$1
1134: 
1135:          testamento$n
1136: 
1137:       obito$o1725.78/22/12/1725/fl.128v/celebrante__ vigario manuel rodrigues
1138: 
1139: obito$o1725.78
1139:          n$ana coelha cardosa/f/id=o1725.78-per1
1140:             ls$residencia/espirito santo
1141: 
1142:             marido$antonio aires/id=o1725.78-per1-per2
1143:                ls$residencia/espirito santo
1144: 
1145:          locs$ermida do divino espirito santo
1146: 
1147:          sacr$sim
1148: 
1149:          oficios$3 de 9 licoes
1150: 
1151:          testamento$s
1152: 
1153:       obito$o1725.79/23/12/1725/fl.128v/celebrante__ vigario manuel rodrigues
1154: 
1155: obito$o1725.79
1155:          n$maria rodrigues/id=o1725.79-per1
1156:             ls$residencia/areias
1157: 
1158:             marido$antonio dinis/id=o1725.79-per1-per2
1159:                ls$residencia/areias
1160: 
1161:          locs$ermida de sao jose em pinheiro
1162: 
1163:          sacr$sim
1164: 
1165:          oficios$2
1166: 
1167:          testamento$n
1168: 
1169:       obito$o1725.80/29/12/1725/fl.128v-129/celebrante__ vigario manuel rodrigues
1170: 
1171: obito$o1725.80
1171:          n$jacinto/m/id=o1725.80-per1
1172:             ls$idade_aprox/2 anos
1173:             ls$residencia/casal das brancas
1174: 
1175:             pai$mateus carvalho/id=o1725.80-per1-per2
1176:                ls$residencia/casal das brancas
1177: 
1178:          locs$ermida do divino espirito santo
1179: 
1180:       obito$o1725.81/29/12/1725/fl.129/celebrante__ vigario manuel rodrigues
1181: 
1182: obito$o1725.81
1182:          n$maria rodrigues/f/id=o1725.81-per1
1183:             ls$alcunha/a naba
1184:             ls$residencia/cascao
1185: 
1186:          locs$ermida do divino espirito santo
1187: 
1188:          sacr$sim/obs=excepto extrema uncao por o nao procurou
1189: 
1190:          oficios$1
1191: 
1192:          testamento$n
1193: 
1194:       obito$o1725.82/29/12/1725/fl.129/celebrante__ vigario manuel rodrigues
1195: 
1196: obito$o1725.82
1196:          n$mariana/f/id=o1725.82-per1
1197:             ls$idade_aprox/11 para 12 anos
1198:             ls$residencia/sao mateus
1199: 
1200:             pai$manuel rodrigues perjudica/id=o1725.82-per1-per2
1201:                ls$residencia/sao mateus
1202: 
1203:          locs$ermida de sao mateus
1204: 
1205:          sacr$sim/obs=so penitencia por nao haver tempo para mais
1206: 
1207:          oficios$1 de 9 licoes
1208: 
1209:       obito$o1725.83/29/12/1725/fl.129/celebrante__ vigario manuel rodrigues
1210: 
1211: obito$o1725.83
1211:          n$manuel mendes/m/id=o1725.83-per1
1212:             ls$residencia/fatacos
1213: 
1214:          locs$ermida do divino espirito santo
1215: 
1216:          sacr$sim/obs=excepto a extrema uncao porque o nao procurou
1217: 
1218:          oficios$1
1219: 
1220:          testamento$n
1221: *** End of File
** Processed file- /Users/jrc/mhk-home/sources/soure/soure-sources/sources/soure_fase2/obi1725.cli
** Original file- /Users/jrc/mhk-home/sources/soure/soure-sources/sources/soure_fase2/obi1725.org
** Previous version- /Users/jrc/mhk-home/sources/soure/soure-sources/sources/soure_fase2/obi1725.old
** Temp file with ids- /Users/jrc/mhk-home/sources/soure/soure-sources/sources/soure_fase2/obi1725.ids
0  errors. 
0  warnings.
Translation finished.
