ClioInput - version 2019.A1 - build 507 15/07/2019 21:58 
8-4-2020 8-24

Processing data file obi1724.cli
-------------------------------------------
Generic Act translation module with geoentities (XML).
     Joaquim Ramos de Carvalho (joaquim@uc.pt) 
** New document: kleio
=========================
kleio translation started
=========================
Structure: gacto2.str
Prefix: 
Autorel: 
Translation count: 2
Obs: 
** Processing source fonte$obitos 1724
6: obito$o1724.01
22: obito$o1724.2
45: obito$o1724.3
62: obito$o1724.4
80: obito$o1724.5
94: obito$o1724.6
113: obito$o1724.7
125: obito$o1724.8
136: obito$o1724.9
149: obito$o1724.10
166: obito$o1724.11
180: obito$o1724.12
197: obito$o1724.13
212: obito$o1724.14
227: obito$o1724.15
238: obito$o1724.16
250: obito$o1724.17
266: obito$o1724.18
280: obito$o1724.19
295: obito$o1724.20
311: obito$o1724.21
325: obito$o1724.22
343: obito$o1724.23
354: obito$o1724.24
370: obito$o1724.25
385: obito$o1724.26
398: obito$o1724.27
412: obito$o1724.28
426: obito$o1724.29
437: obito$o1724.30
453: obito$o1724.31
467: obito$o1724.32
487: obito$o1724.33
502: obito$o1724.34
523: obito$o1724.35
536: obito$o1724.36
552: obito$o1724.37
570: obito$o1724.38
588: obito$o1724.39
604: obito$o1724.40
620: obito$o1724.41
634: obito$o1724.42
648: obito$o1724.43
661: obito$o1724.44
674: obito$o1724.45
687: obito$o1724.46
698: obito$o1724.47
712: obito$o1724.48
726: obito$o1724.49
746: obito$o1724.50
757: obito$o1724.51
783: obito$o1724.52
798: obito$o1724.53
811: obito$o1724.54
827: obito$o1724.55
841: obito$o1724.56
857: obito$o1724.57
871: obito$o1724.58
888: obito$o1724.59
902: obito$o1724.60
913: obito$o1724.61
927: obito$o1724.62
938: obito$o1724.63
954: obito$o1724.64
968: obito$o1724.65
985: obito$o1724.66
996: obito$o1724.67
1016: obito$o1724.68
1029: obito$o1724.69
1043: obito$o1724.70
1059: obito$o1724.71
1074: obito$o1724.72
1087: obito$o1724.73
1102: obito$o1724.74
1115: obito$o1724.75
1128: obito$o1724.76
1150: obito$o1724.77
1166: obito$o1724.78
1180: obito$o1724.79
1191: obito$o1724.80
1202: obito$o1724.81
1213: obito$o1724.82
1231: obito$o1724.83
1241: obito$o1724.84
1255: obito$o1724.85
1271: obito$o1724.86
1285: obito$o1724.87
1304: obito$o1724.88
1320: obito$o1724.89
1334: obito$o1724.90
1348: obito$o1724.91
1362: obito$o1724.92
1376: obito$o1724.93
*** End of File
** Processed file- /kleio-home/sources/soure-fontes/sources/soure_fase2/obi1724.cli
** Original file- /kleio-home/sources/soure-fontes/sources/soure_fase2/obi1724.org
** Previous version- /kleio-home/sources/soure-fontes/sources/soure_fase2/obi1724.old
** Temp file with ids- /kleio-home/sources/soure-fontes/sources/soure_fase2/obi1724.ids
0  errors. 
0  warnings.
Translation finished.
