ClioInput - version @@VERSION@@ - build @@BUILD@@ @@DATE@@
13-6-2019 22-52

Processing data file obi1732.cli
-------------------------------------------
Generic Act translation module with geoentities (XML).
     Joaquim Ramos de Carvalho (joaquim@uc.pt) 
** New document: kleio
1: kleio$gacto2.str/translations=2
=========================
kleio translation started
=========================
Structure: gacto2.str
Prefix: 
Autorel: 
Translation count: 2
Obs: 
2:    fonte$obito 1732/1732/paroquiais/auc/obs=em muito mau estado
3: 
** Processing source fonte$obito 1732
4:       obito$o1732.01/1/1/1732/fl.58/celebrante__ vigario manuel rodrigues
5: 
6: obito$o1732.01
6:          n$antonio/m/id=o1732.01-per1
7:             ls$idade_aprox/maior de idade
8:             ls$residencia/mogadouro
9: 
10:             pai$antonio ferreira/id=o1732.01-per1-per2
11:                ls$residencia/mogadouro
12:                ls$morto/antes
13: 
14:             mae$domingas simoes/id=o1732.01-per1-per3
15: 
16:          locs$locs$igreja de sao tiago
17: 
18:          sacr$sim
19: 
20:          oficios$1
21: 
22:       obito$o1732.2/2/1/1732/fl.58/celebrante__ vigario manuel rodrigues
23: 
24: obito$o1732.2
24:          n$jose/m/id=o1732.2-per1
25:             ls$idade_aprox/10 anos
26:             ls$residencia/casal dos feijoes
27: 
28:             pai$joao rodrigues feijao/id=o1732.2-per1-per2
29:                ls$residencia/casal dos feijoes
30: 
31:             mae$maria soares/id=o1732.2-per1-per3
32: 
33:          locs$ermida de sao mateus
34: 
35:          sacr$sim
36: 
37:          oficios$1
38: 
39:       obito$o1732.3/8/1/1732/fl.58/celebrante__ vigario manuel rodrigues
40: 
41: obito$o1732.3
41:          n$domingas simoes/f/id=o1732.3-per1
42:             ls$ec/viuva
43:             ls$residencia/mogadouro
44: 
45:             marido$antonio ferreira/id=o1732.3-per1-per2
46:                ls$residencia/mogadouro
47: 
48:          locs$ermida de sao sebastiao
49: 
50:          sacr$sim
51: 
52:          oficios$1
53: 
54:          testamento$n
55: 
56:       obito$o1732.4/12/1/1732/fl.58-58v/celebrante__ vigario manuel rodrigues
57: 
58: obito$o1732.4
58:          n$teresa/f/id=o1732.4-per1
59:             ls$idade_aprox/15 meses
60:             ls$residencia/paleao
61: 
62:             pai$manuel gomes/id=o1732.4-per1-per2
63:                ls$profissao/ferreiro
64:                ls$residencia/paleao
65: 
66:          locs$ermida de sao joao baptista
67: 
68:       obito$o1732.5/13/1/1732/fl.58v/celebrante__ vigario manuel rodrigues
69: 
70: obito$o1732.5
70:          n$jose/m/id=o1732.5-per1
71:             ls$idade_aprox/8 para 9 anos
72:             ls$residencia/paleao
73: 
74:             pai$manuel rodrigues branco/id=o1732.5-per1-per2
75:                ls$residencia/paleao
76: 
77:          locs$ermida de sao joao baptista
78: 
79:       obito$o1732.6/13/1/1732/fl.58v/celebrante__ vigario manuel rodrigues
80: 
81: obito$o1732.6
81:          n$maria/f/id=1732-o6-maria
82:             ls$idade_aprox/recem nascida
83:             ls$naturalidade/porto coelheiro
84: 
85:             pai$manuel da silva ferreira/id=1732-o6-maria-per1
86:                ls$residencia/porto coelheiro
87: 
88:             mae$isabel de jesus/id=1732-o6-maria-per2
89: 
90:          locs$ermida de santo ildefonso
91: 
92:          referida$maria simoes/id=o1732.6-per3
93:             ls$ec/viuva
94:             ls$residencia/carvalhal
95:             rel$sociabilidade/baptizou em necessidade/maria/1732-o6-maria
96: 
97:       obito$o1732.7/15/1/1732/fl.58v/celebrante__ vigario manuel rodrigues
98: 
99: obito$o1732.7
99:          n$maria fernandes/f/id=o1732.7-per1
100:             ls$ec/viuva
101:             ls$residencia/migalho
102: 
103:          locs$ermida de santo andre
104: 
105:          sacr$sim/obs=excepto sagrada comunhao por impedimento da garganta
106: 
107:          oficios$1
108: 
109:          testamento$n
110: 
111:       obito$o1732.8/15/1/1732/fl.58v/celebrante__ vigario manuel rodrigues
112: 
113: obito$o1732.8
113:          n$mauricio/m/id=o1732.8-per1
114:             ls$idade_aprox/4 meses
115:             ls$residencia/soure
116: 
117:             pai$joao de oliveira coelho/id=o1732.8-per1-per2
118:                ls$residencia/soure
119: 
120:          locs$ermida de santo agostinho
121: 
122:       obito$o1732.9/17/1/1732/fl.58v/celebrante__ vigario manuel rodrigues
123: 
124: obito$o1732.9
124:          n$catarina ferreira/f/id=o1732.9-per1
125:             ls$naturalidade/mogadouro
126:             ls$residencia/quinta dos anjos
127: 
128:             marido$jose lopes/id=o1732.9-per1-per2
129:                ls$naturalidade/mogadouro
130:                ls$residencia/quinta dos anjos
131: 
132:          locs$ermida de nossa senhora dos anjos
133: 
134:          sacr$sim
135: 
136:          oficios$1
137: 
138:          testamento$n
139: 
140:       obito$o1732.10/26/1/1732/fl.59/celebrante__ vigario manuel rodrigues
141: 
142: obito$o1732.10
142:          n$antonio/m/id=o1732.10-per1
143:             ls$idade_aprox/5 anos
144:             ls$residencia/barrosos
145: 
146:             pai$manuel rodrigues/id=o1732.10-per1-per2
147:                ls$residencia/barrosos
148: 
149:          locs$ermida de sao sebastiao no mogadouro
150: 
151:       obito$o1732.11/27/1/1732/fl.59/celebrante__ vigario manuel rodrigues
152: 
153: obito$o1732.11
153:          n$jose/m/id=o1732.11-per1
154:             ls$idade_aprox/5 para 6 anos
155:             ls$residencia/casal novo
156: 
157:             pai$diogo goncalves/id=o1732.11-per1-per2
158:                ls$residencia/casal novo
159: 
160:          locs$ermida de santo andre
161: 
162:       obito$o1732.12/29/1/1732/fl.59/celebrante__ vigario manuel rodrigues
163: 
164: obito$o1732.12
164:          n$jose lopes/m/id=o1732.12-per1
165:             ls$naturalidade/mogadouro
166:             ls$residencia/quinta dos anjos
167: 
168:          locs$ermida de nossa senhora dos anjos
169: 
170:          sacr$sim
171: 
172:          oficios$1
173: 
174:          testamento$n
175: 
176:       obito$o1732.13/1/2/1732/fl.58/celebrante__ vigario manuel rodrigues
177: 
178: obito$o1732.13
178:          n$jose/m/id=o1732.13-per1
179:             ls$residencia/sobral
180: 
181:             pai$joao rodrigues/id=o1732.13-per1-per2
182:                ls$residencia/sobral
183: 
184:          locs$ermida de sao miguel arcanjo
185: 
186:          sacr$sim
187: 
188:          oficios$1
189: 
190:       obito$o1732.14/5/2/1732/fl.58-58v/celebrante__ vigario manuel rodrigues
191: 
192: obito$o1732.14
192:          n$domingos leao/m/id=o1732.14-per1
193:             ls$residencia/lagem
194: 
195:          locs$ermida de sao jose em pinheiro
196: 
197:          sacr$sim
198: 
199:          oficios$2
200: 
201:          testamento$n
202: 
203:       obito$o1732.15/5/2/1732/fl.58v/celebrante__ vigario manuel rodrigues
204: 
205: obito$o1732.15
205:          n$antonio/m/id=o1732.15-per1
206:             ls$idade_aprox/1 ano e meio
207:             ls$residencia/casal de galinhas
208: 
209:             pai$manuel francisco/id=o1732.15-per1-per2
210:                ls$residencia/casal de galinhas
211: 
212:             mae$ana travassos/id=o1732.15-per1-per3
213: 
214:          locs$eermida de sao francisco
215: 
216:       obito$o1732.16/8/2/1732/fl.59v/celebrante__ vigario manuel rodrigues
217: 
218: obito$o1732.16
218:          n$teresa joao/f/id=o1732.16-per1
219:             ls$residencia/paleao
220: 
221:             marido$joao afonso/id=o1732.16-per1-per2
222:                ls$residencia/paleao
223: 
224:          locs$ermida de sao joao baptista
225: 
226:          sacr$sim
227: 
228:          oficios$3
229: 
230:          testamento$n
231: 
232:       obito$o1732.17/10/2/1732/fl.59v/celebrante__ vigario manuel rodrigues
233: 
234: obito$o1732.17
234:          n$maria da cruz/f/id=1732-o17-maria
235:             ls$residencia/porto panelas
236: 
237:          locs$ermida de sao francisco
238: 
239:          sacr$sim
240: 
241:          oficios$3 de 9 licoes
242: 
243:          testamento$s
244: 
245:          referido$jose carvalho/id=o1732.17-per1
246:             ls$residencia/porto panelas
247:             rel$parentesco/irmao/maria da cruz/1732-o32-maria
248: 
249:       obito$o1732.18/10/2/1732/fl.59v/celebrante__ vigario manuel rodrigues
250: 
251: obito$o1732.18
251:          n$isabel/f/id=o1732.18-per1
252:             ls$idade_aprox/2 anos
253:             ls$residencia/sobral
254: 
255:             pai$jose duarte/id=o1732.18-per1-per2
256:                ls$residencia/sobral
257: 
258:          locs$ermida de sao miguel
259: 
260:       obito$o1732.19/11/2/1732/fl.59v-60/celebrante__ vigario manuel rodrigues
261: 
262: obito$o1732.19
262:          n$maria francisca/f/id=o1732.19-per1
263:             ls$residencia/casal de montais
264: 
265:             marido$manuel joao/id=o1732.19-per1-per2
266:                ls$alcunha/o ruivo
267:                ls$residencia/casalinhos
268: 
269:          locs$ermida de sao miguel arcanjo em sobral
270: 
271:          sacr$sim
272: 
273:          oficios$3
274: 
275:          testamento$n
276: 
277:       obito$o1732.20/14/2/1732/fl.60/celebrante__ vigario manuel rodrigues
278: 
279: obito$o1732.20
279:          n$teresa/f/id=o1732.20-per1
280:             ls$idade_aprox/13 anos
281:             ls$residencia/pencarpia
282: 
283:             pai$manuel rodrigues/id=o1732.20-per1-per2
284:                ls$residencia/pencarpia
285: 
286:          locs$adro
287: 
288:          sacr$sim/obs=excepto sagrada comunhao porque nao a procurou
289: 
290:          oficios$1
291: 
292:       obito$o1732.21/25/2/1732/fl.60/celebrante__ vigario manuel rodrigues
293: 
294: obito$o1732.21
294:          n$feliz/m/id=o1732.21-per1
295:             ls$idade_aprox/maior de 20 anos
296:             ls$residencia/paleao
297: 
298:             pai$manuel esteves/id=o1732.21-per1-per2
299:                ls$profissao/pedreiro
300:                ls$residencia/paleao
301: 
302:          locs$ermida de sao joao baptista
303: 
304:          causa$morte apressada
305: 
306:          sacr$sim/obs=excepto sagrada comunhao por nao estar capaz
307: 
308:          oficios$1
309: 
310:       obito$o1732.22/6/3/1732/fl.60/celebrante__ vigario manuel rodrigues
311: 
312: obito$o1732.22
312:          n$isabel/f/id=1732-o22-isabel
313:             ls$ec/solteira
314:             ls$residencia/sao mateus
315: 
316:          locs$ermida de sao mateus
317: 
318:          sacr$ermida de sao mateus
319: 
320:          oficios$1
321: 
322:          referido$manuel luis/id=o1732.22-per1
323:             ls$residencia/sao mateus
324:             rel$parentesco/tio/isabel/1732-o22-isabel
325: 
326:       obito$o1732.23/11/3/1732/fl.60-60v/celebrante__ vigario manuel rodrigues
327: 
328: obito$o1732.23
328:          n$isabel/f/id=o1732.23-per1
329:             ls$idade_aprox/1 ano
330:             ls$residencia/casal das brancas
331: 
332:             pai$manuel carvalho/id=o1732.23-per1-per2
333:                ls$residencia/casal das brancas
334: 
335:          locs$ermida do divino espirito santo
336: 
337:       obito$o1732.24/11/3/1732/fl.60/celebrante__ vigario manuel rodrigues
338: 
339: obito$o1732.24
339:          n$jose/m/id=o1732.24-per1
340:             ls$idade_aprox/3 anos
341:             ls$residencia/casal da amoreira
342: 
343:             pai$manuel da silva/id=o1732.24-per1-per2
344:                ls$residencia/casal da amoreira
345: 
346:          locs$adro
347: 
348:       obito$o1732.25/13/3/1732/fl.60v/celebrante__ vigario manuel rodrigues
349: 
350: obito$o1732.25
350:          n$isabel francisca/f/id=o1732.25-per1
351:             ls$ec/viuva
352:             ls$residencia/paleao
353: 
354:             marido$manuel rodrigues/id=o1732.25-per1-per2
355:                ls$alcunha/o moco
356:                ls$residencia/paleao
357: 
358:          locs$ermida de sao joao baptista
359: 
360:          sacr$sim
361: 
362:          oficios$3
363: 
364:          testamento$n
365: 
366:       obito$o1732.26/24/3/1732/fl.60v/celebrante__ vigario manuel rodrigues
367: 
368: obito$o1732.26
368:          n$joao/m/id=o1732.26-per1
369:             ls$idade_aprox/9 anos
370:             ls$residencia/simoes
371: 
372:             pai$joao rodrigues monteiro/id=o1732.26-per1-per2
373:                ls$residencia/simoes
374: 
375:          locs$ermida de sao lourenco
376: 
377:          sacr$sim
378: 
379:          oficios$1
380: 
381:       obito$o1732.27/25/3/1732/fl.60v/celebrante__ vigario manuel rodrigues
382: 
383: obito$o1732.27
383:          n$domingos lopes/m/id=o1732.27-per1
384:             ls$residencia/casa velha
385: 
386:          locs$ermida de nossa senhora das neves
387: 
388:          sacr$sim
389: 
390:          oficios$1 de 9 licoes
391: 
392:          testamento$n
393: 
394:       obito$o1732.28/25/3/1732/fl.61/celebrante__ vigario manuel rodrigues
395: 
396: obito$o1732.28
396:          n$luis/m/id=1732-o28-luis
397:             ls$ilegitimo/sim
398:             ls$idade_aprox/recem nascido
399:             ls$naturalidade/casalinhos
400: 
401:             mae$ines/id=1732-o28-ines
402:                ls$ec/solteira
403:                ls$residencia/casalinhos
404: 
405:          locs$adro
406: 
407:          referido$luis/id=o1732.28-per1
408:             ls$profissao/estudante
409:             ls$residencia/vale da borra
410:             rel$sociabilidade/baptizou em necessidade/luis/1732-o28-luis
411: 
412:          referido$manuel da fonseca/id=o1732.28-per2
413:             ls$residencia/csalinhos
414:             rel$parentesco/pai/ines/1732-o28-ines
415: 
416:       obito$o1732.29/26/3/1732/fl.61/celebrante__ vigario manuel rodrigues
417: 
418: obito$o1732.29
418:          n$catarina/f/id=o1732.29-per1
419:             ls$idade_aprox/maior de idade
420:             ls$ec/solteira
421:             ls$residencia/sobral
422: 
423:             pai$antonio simoes/id=o1732.29-per1-per2
424:                ls$residencia/sobral
425:                ls$morto/antes
426: 
427:             mae$isabel francisca/id=o1732.29-per1-per3
428: 
429:          locs$ermida de sao francisco
430: 
431:          sacr$sim
432: 
433:          oficios$1
434: 
435:          testamento$n
436: 
437:       obito$o1732.30/29/3/1732/fl.60/celebrante__ vigario manuel rodrigues
438: 
439: obito$o1732.30
439:          n$maria da costa/f/id=o1732.30-per1
440:             ls$residencia/presa
441: 
442:             marido$jose simoes/id=o1732.30-per1-per2
443:                ls$residencia/presa
444: 
445:          locs$ermida de santo ildefonso
446: 
447:          sacr$sim
448: 
449:          oficios$3 de 9 licoes
450: 
451:          testamento$n
452: 
453:       obito$o1732.31/30/3/1732/fl.60/celebrante__ vigario manuel rodrigues
454: 
455: obito$o1732.31
455:          n$bernardo/m/id=1732-o31-bernardo
456:             ls$idade_aprox/recem nascido
457:             ls$naturalidade/lousoes
458: 
459:             pai$jose de oliveira/id=1732-o31-bernardo-per1
460:                ls$residencia/lousoes
461: 
462:             mae$maria cardosa/id=1732-o31-bernardo-per2
463: 
464:          locs$ermida de santo andre
465: 
466:          referida$isabel rodrigues/id=1732-o31-isabel
467:             ls$residencia/migalho
468:             rel$sociabilidade/baptizou em necessidade/bernardo/1732-o31-bernardo
469: 
470:          referido$joao rodrigues/id=o1732.31-per3
471:             ls$residencia/migalho
472:             rel$parentesco/marido/isabel rodrigues/1732-o31-isabel
473: 
474:          referido$jose/id=o1732.31-per4
475:             rel$parentesco/irmao gemeo/bernardo/1732-o31-bernardo
476: 
477:       obito$o1732.32/30/3/1732/fl.60/celebrante__ vigario manuel rodrigues
478: 
479: obito$o1732.32
479:          n$jose/m/id=1732-o32-jose
480:             ls$idade_aprox/recem nascido
481:             ls$naturalidade/lousoes
482: 
483:             pai$jose de oliveira/id=1732-o32-jose-per1
484:                ls$residencia/lousoes
485: 
486:             mae$maria cardosa/id=1732-o32-jose-per2
487: 
488:          locs$ermida de santo andre
489: 
490:          referida$isabel rodrigues/id=1732-o32-isabel
491:             ls$residencia/migalho
492:             rel$sociabilidade/baptizou em necessidade/jose/1732-o32-jose
493: 
494:          referido$joao rodrigues/id=o1732.32-per3
495:             ls$residencia/migalho
496:             rel$parentesco/marido/isabel rodrigues/1732-o32-isabel
497: 
498:          referido$bernardo/id=o1732.32-per4
499:             rel$parentesco/irmao gemeo/jose/1732-o32-jose
500: 
501:       obito$o1732.33/10/4/1732/fl.60v/celebrante__ vigario manuel rodrigues
502: 
503: obito$o1732.33
503:          n$andre goncalves/m/id=o1732.33-per1
504:             ls$residencia/soure
505: 
506:          locs$colegiada da igreja de sao tiago
507: 
508:          sacr$sim
509: 
510:          oficios$1
511: 
512:          testamento$n
513: 
514:       obito$o1732.34/17/4/1732/fl.60v/celebrante__ vigario manuel rodrigues
515: 
516: obito$o1732.34
516:          n$isabel rodrigues/f/id=o1732.34-per1
517:             ls$ec/viuva
518:             ls$residencia/barrosos
519: 
520:          locs$ermida de sao sebastiao em mogadouro
521: 
522:          sacr$sim
523: 
524:          oficios$3 de 9 licoes
525: 
526:          testamento$n
527: 
528:       obito$o1732.35/20/4/1732/fl.60v/celebrante__ vigario manuel rodrigues
529: 
530: obito$o1732.35
530:          n$jose/m/id=1732-o35-jose
531:             ls$idade_aprox/recem nascido
532:             ls$naturalidade/mogadouro
533: 
534:             pai$manuel domingues/id=1732-o35-jose-per1
535:                ls$residencia/mogadouro
536: 
537:          locs$ermida de sao sebastiao
538: 
539:          referido$manuel rodrigues alvaro/id=o1732.35-per2
540:             ls$profissao/padre
541:             ls$cargo/tesoureiro
542:             ls$residencia/soure
543:             rel$sociabilidade/baptizou em necessidade/jose/1732-o35-jose
544: 
545:       obito$o1732.36/22/4/1732/fl.60v/celebrante__ vigario manuel rodrigues
546: 
547: obito$o1732.36
547:          n$tomas/m/id=1732-o36-tomas
548:             ls$idade_aprox/recem nascido
549:             ls$ilegitimo/sim
550:             ls$residencia/soure
551: 
552:             mae$ana pinta/id=1732-o36-tomas-per1
553:                ls$ec/solteira
554:                ls$residencia/soure
555: 
556:          locs$ermida de nossa senhora dos anjos
557: 
558:          referido$joao gaspar/id=o1732.36-per2
559:             ls$profissao/padre
560:             ls$cargo/beneficiado
561:             ls$residencia/soure
562:             rel$sociabilidade/baptizou em necessidade/tomas/1732-o36-tomas
563: 
564:       obito$o1732.37/25/4/1732/fl.60v-61/celebrante__ vigario manuel rodrigues
565: 
566: obito$o1732.37
566:          n$isabel/f/id=o1732.37-per1
567:             ls$idade_aprox/8 para 9 anos
568:             ls$residencia/sobral
569: 
570:             pai$manuel dias/id=o1732.37-per1-per2
571:                ls$residencia/sobral
572: 
573:          locs$adro
574: 
575:       obito$o1732.38/27/4/1732/fl.61/celebrante__ vigario manuel rodrigues
576: 
577: obito$o1732.38
577:          n$francisca/f/id=o1732.38-per1
578:             ls$idade_aprox/5 anos
579:             ls$residencia/sobral
580: 
581:             pai$manuel dias/id=o1732.38-per1-per2
582:                ls$residencia/sobral
583: 
584:          locs$ermida de sao miguel
585: 
586:       obito$o1732.39/27/4/1732/fl.62/celebrante__ vigario manuel rodrigues
587: 
588: obito$o1732.39
588:          n$tomas casqueiro/m/id=o1732.39-per1
589:             ls$profissao/cordoeiro/obs=de passagem por soure
590:             ls$ec/solteiro
591:             ls$naturalidade/galiza/obs=tiron junto de redondela da galiza
592: 
593:             pai$joao casqueiro/id=o1732.39-per1-per2
594: 
595:             mae$marinha passa/id=o1732.39-per1-per3
596: 
597:          locs$adro da misericordia
598: 
599:          locf$hospital da misericordia
600: 
601:          sacr$sim
602: 
603:       obito$o1732.40/30/4/1732/fl.62/celebrante__ vigario manuel rodrigues
604: 
605: obito$o1732.40
605:          n$maria pereira/f/id=o1732.40-per1
606:             ls$ec/viuva
607:             ls$residencia/casa velha
608: 
609:             marido$domingos lopes/id=o1732.40-per1-per2
610:                ls$residencia/casa velha
611:                ls$morto/antes
612: 
613:          locs$ermida de nossa senhora das neves
614: 
615:          sacr$sim
616: 
617:          oficios$1 de 9 licoes
618: 
619:          testamento$n
620: 
621:       obito$o1732.41/30/4/1732/fl.62/celebrante__ vigario manuel rodrigues
622: 
623: obito$o1732.41
623:          n$agostinho simoes/m/id=o1732.41-per1
624:             ls$residencia/beltroes
625: 
626:          locs$ermida de nossa senhora dos anjos
627: 
628:          sacr$sim
629: 
630:          oficios$1
631: 
632:          testamento$n
633: 
634:       obito$o1732.42/7/5/1732/fl.62v/celebrante__ vigario manuel rodrigues
635: 
636: obito$o1732.42
636:          n$manuel rodrigues podengo/m/id=o1732.42-per1
637:             ls$residencia/alencarce de cima
638: 
639:          locs$ermida de santo tirso
640: 
641:          sacr$sim
642: 
643:          oficios$3 de 9 licoes
644: 
645:          testamento$n
646: 
647:       obito$o1732.43/8/5/1732/fl.62v/celebrante__ vigario manuel rodrigues
648: 
649: obito$o1732.43
649:          n$maria da fonseca/f/id=o1732.43-per1
650:             ls$ec/solteira
651:             ls$residencia/soure
652: 
653:          locs$ermida de sao francisco
654: 
655:          sacr$sim
656: 
657:          oficios$3 de 9 licoes
658: 
659:          testamento$n
660: 
661:       obito$o1732.44/9/5/1732/fl.62v/celebrante__ vigario manuel rodrigues
662: 
663: obito$o1732.44
663:          n$manuel martins/m/id=o1732.44-per1
664:             ls$residencia/barrosos
665: 
666:          locs$ermida de sao sebastiao em mogadouro
667: 
668:          sacr$sim
669: 
670:          oficios$2
671: 
672:          testamento$n
673: 
674:       obito$o1732.45/17/5/1732/fl.62v/celebrante__ vigario manuel rodrigues
675: 
676: obito$o1732.45
676:          n$teresa de oliveira/f/id=o1732.45-per1
677:             ls$residencia/pencarpia
678: 
679:             marido$manuel goncalves/id=o1732.45-per1-per2
680:                ls$residencia/pencarpia
681: 
682:          locs$adro
683: 
684:          sacr$sim
685: 
686:          oficios$1
687: 
688:          testamento$n
689: 
690:       obito$o1732.46/29/5/1732/fl.62v/celebrante__ vigario manuel rodrigues
691: 
692: obito$o1732.46
692:          n$manuel/m/id=o1732.46-per1
693:             ls$idade_aprox/4 meses
694:             ls$residencia/sobral
695: 
696:             pai$manuel simoes galhardo/id=o1732.46-per1-per2
697:                ls$residencia/sobral
698: 
699:             mae$ines rodrigues/id=o1732.46-per1-per3
700: 
701:          locs$ermida de sao miguel
702: 
703:       obito$o1732.47/3/6/1732/fl.62v/celebrante__ vigario manuel rodrigues
704: 
705: obito$o1732.47
705:          n$manuel esteves/m/id=o1732.47-per1
706:             ls$profissao/pedreiro
707:             ls$residencia/paleao
708: 
709:          locs$ermida de sao joao baptista
710: 
711:          sacr$nao/obs=morte repentina
712: 
713:          causa$morreu apressado
714: 
715:          oficios$1
716: 
717:          testamento$n
718: 
719:       obito$o1732.48/4/6/1732/fl.63/celebrante__ vigario manuel rodrigues
720: 
721: obito$o1732.48
721:          n$antonio/m/id=o1732.48-per1
722:             ls$idade_aprox/20 anos
723:             ls$profissao/aprendiz de serralheiro
724:             ls$residencia/soure
725: 
726:             pai$manuel carvalho valente/id=o1732.48-per1-per2
727:                ls$residencia/casal dos guerras
728: 
729:          locs$igreja de sao tiago/obs=em cova da fabrica
730: 
731:          locf$casa de manuel jorge/obs=onde era seu discipulo
732: 
733:          causa$morreu apressado
734: 
735:          sacr$nao
736: 
737:          oficios$1
738: 
739:          referido$ manuel jorge/id=o1732.48-per3
740:             ls$profissao/serralheiro
741:             ls$residencia/soure
742: 
743:       obito$o1732.49/7/6/1732/fl.63/celebrante__ vigario manuel rodrigues
744: 
745: obito$o1732.49
745:          n$maria marques/f/id=o1732.49-per1
746:             ls$alcunha/a ferradora
747:             ls$ec/viuva
748:             ls$residencia/soure
749: 
750:          locs$igreja de sao tiago/obs=em cova da fabrica
751: 
752:          sacr$sim
753: 
754:          oficios$1
755: 
756:          testamento$n
757: 
758:       obito$o1732.50/8/6/1732/fl.63/celebrante__ vigario manuel rodrigues
759: 
760: obito$o1732.50
760:          n$maria/f/id=o1732.50-per1
761:             ls$idade_aprox/11 anos
762:             ls$residencia/alencarce de cima
763: 
764:             pai$antonio rodrigues maravilhoso/id=o1732.50-per1-per2
765:                ls$residencia/alencarce de cima
766: 
767:          locs$ermida de santo tirso
768: 
769:          causa$morreu apressada
770: 
771:          sacr$sim/obs=excepto extrema uncao por nao haver tempo para mais
772: 
773:          oficios$1
774: 
775:       obito$o1732.51/8/6/1732/fl.63v/celebrante__ vigario manuel rodrigues
776: 
777: obito$o1732.51
777:          n$diogo rodrigues/m/id=o1732.51-per1
778:             ls$ec/viuvo
779:             ls$residencia/oureca
780: 
781:          locs$igreja de sao tiago/obs=em cova da fabrica
782: 
783:          sacr$sim
784: 
785:          oficios$1
786: 
787:          testamento$n
788: 
789:       obito$o1732.52/10/6/1732/fl.63v/celebrante__ vigario manuel rodrigues
790: 
791: obito$o1732.52
791:          n$catarina de oliveira/f/id=o1732.52-per1
792:             ls$ec/viuva
793:             ls$residencia/mogadouro
794: 
795:             marido$joao farncisco madeira/id=o1732.52-per1-per2
796:                ls$residencia/mogadouro
797:                ls$morto/antes
798: 
799:          locs$adro
800: 
801:          sacr$sim
802: 
803:          oficios$1
804: 
805:          testamento$n
806: 
807:       obito$o1732.53/11/6/1763/fl.63v/celebrante__ vigario manuel rodrigues
808: 
809: obito$o1732.53
809:          n$manuel da costa/m/id=o1732.53-per1
810:             ls$residencia/casa velha
811: 
812:          locs$ermida de nossa senhora das neves
813: 
814:          sacr$sim
815: 
816:          oficios$1
817: 
818:          testamento$n
819: 
820:       obito$o1732.54/22/6/1732/fl.63/celebrante__ vigario manuel rodrigues
821: 
822: obito$o1732.54
822:          n$isabel francisca/f/id=o1732.54-per1
823:             ls$residencia/casconho
824: 
825:             marido$manuel domingues/id=o1732.54-per1-per2
826:                ls$residencia/casconho
827: 
828:          locs$ermida de sao joao baptista no paleao
829: 
830:          sacr$sim
831: 
832:          oficios$3 de 9 licoes
833: 
834:          testamento$n
835: 
836:       obito$o1732.55/24/6/1732/fl.63v/celebrante__ vigario manuel rodrigues
837: 
838: obito$o1732.55
838:          n$maria cardosa/f/id=o1732.55-per1
839:             ls$ec/viuva
840:             ls$residencia/porto panelas
841: 
842:          locs$ermida de sao francisco
843: 
844:          sacr$sim
845: 
846:          oficios$3 de 9 licoes
847: 
848:          testamento$n
849: 
850:       obito$o1732.56/30/6/1732/fl.64/celebrante__ vigario manuel rodrigues
851: 
852: obito$o1732.56
852:          n$isabel/f/id=o1732.56-per1
853:             ls$ec/solteira
854:             ls$residencia/mogadouro
855: 
856:             pai$agostinho farncisco/id=o1732.56-per1-per2
857:                ls$residencia/mogadouro
858:                ls$morto/antes
859: 
860:             mae$domingas martins/id=o1732.56-per1-per3
861: 
862:          locs$ermida de sao sebastiao
863: 
864:          sacr$sim
865: 
866:          oficios$1
867: 
868:          testamento$n
869: 
870:       obito$o1732.57/4/7/1732/fl.64/celebrante__ vigario manuel rodrigues
871: 
872: obito$o1732.57
872:          n$miguel/m/id=o1732.57-per1
873:             ls$idade_aprox/3 anos
874:             ls$residencia/cascao
875: 
876:             pai$antonio antunes/id=o1732.57-per1-per2
877:                ls$residencia/cascao
878: 
879:             mae$maria francisca/id=o1732.57-per1-per3
880: 
881:          locs$ermida de santo tirso
882: 
883:       obito$o1732.58/16/7/1732/fl.64/celebrante__ vigario manuel rodrigues
884: 
885: obito$o1732.58
885:          n$antonia gomes/f/id=o1732.58-per1
886:             ls$residencia/soure
887: 
888:             marido$manuel rodrigues descalco/id=o1732.58-per1-per2
889:                ls$residencia/soure
890: 
891:          locs$ermida de sao francisco
892: 
893:          sacr$sim
894: 
895:          oficios$1 de 9 licoes
896: 
897:          testamento$s
898: 
899:       obito$o1732.59/19/7/1732/fl.64/celebrante__ vigario manuel rodrigues
900: 
901: obito$o1732.59
901:          n$maria/f/id=o1732.59-per1
902:             ls$idade_aprox/6 para 7 anos
903:             ls$residencia/presa
904: 
905:             pai$domingos joao/id=o1732.59-per1-per2
906:                ls$residencia/presa
907: 
908:             mae$maria simoes/id=o1732.59-per1-per3
909: 
910:          locs$adro
911: 
912:       obito$o1732.60/22/7/1732/fl.64-64v/celebrante__ vigario manuel rodrigues
913: 
914: obito$o1732.60
914:          n$domingos/m/id=o1732.60-per1
915:             ls$idade_aprox/3 anos
916:             ls$residencia/alencarce de cima
917: 
918:             pai$jose madeira/id=o1732.60-per1-per2
919:                ls$residencia/alencarce de cima
920: 
921:          locs$ermida de santo tirso
922: 
923:       obito$o1732.61/25/7/1732/fl.64v/celebrante__ vigario manuel rodrigues
924: 
925: obito$o1732.61
925:          n$maria francisca melroa/f/id=o1732.61-per1
926:             ls$ec/viuva
927:             ls$residencia/simoes
928: 
929:          locs$ermida de sao lourenco
930: 
931:          sacr$sim/obs=excepto extrema uncao porque nao o procurou
932: 
933:          oficios$3
934: 
935:          testamento$n
936: 
937:       obito$o1732.62/27/7/1732/fl.64v/celebrante__ vigario manuel rodrigues
938: 
939: obito$o1732.62
939:          n$josefa ferreira/f/id=o1732.62-per1
940:             ls$idade_aprox/maior de 20 anos
941:             ls$ec/solteira
942:             ls$residencia/soure
943: 
944:             pai$joao ferreira/id=o1732.62-per1-per2
945:                ls$residencia/soure
946: 
947:          locs$ermida de sao francisco
948: 
949:          sacr$sim
950: 
951:          oficios$1 de 9 licoes
952: 
953:       obito$o1732.63/27/7/1732/fl.64v/celebrante__ vigario manuel rodrigues
954: 
955: obito$o1732.63
955:          n$joaquim/m/id=o1732.63-per1
956:             ls$ilegitimo/sim
957:             ls$idade_aprox/2 anos
958:             ls$residencia/soure
959: 
960:             mae$teresa/id=1732-o63-teresa
961:                ls$residencia/soure
962: 
963:          locs$igreja de sao tiago/obs=em cova da fabrica
964: 
965:          referido$joao mendes/id=o1732.63-per2
966:             ls$residencia/soure
967:             rel$parentesco/pai/teresa/1732-o63-teresa
968: 
969:       obito$o1732.64/30/7/1732/fl.64v-65/celebrante__ vigario manuel rodrigues
970: 
971: obito$o1732.64
971:          n$jose goncalves/m/id=o1732.64-per1
972:             ls$residencia/sobral
973: 
974:          locs$ermida de sao miguel
975: 
976:          sacr$sim
977: 
978:          oficios$2 de 9 licoes
979: 
980:          testamento$n
981: 
982:       obito$o1732.65/2/8/1732/fl.65/celebrante__ vigario manuel rodrigues
983: 
984: obito$o1732.65
984:          n$joao pimentel/m/id=o1732.65-per1
985:             ls$residencia/soure
986: 
987:          locs$adro da misericordia
988: 
989:          sacr$sim
990: 
991:          oficios$1
992: 
993:          testamento$n
994: 
995:       obito$o1732.66/5/8/1732/fl.65/celebrante__ vigario manuel rodrigues
996: 
997: obito$o1732.66
997:          n$maria joao/f/id=o1732.66-per1
998:             ls$residencia/casal de santo ildefonso
999: 
1000:             marido$antonio gomes/id=o1732.66-per1-per2
1001:                ls$residencia/casal de santo ildefonso
1002: 
1003:          locs$ermida de santo ildefonso
1004: 
1005:          causa$foi encontrada morta perto do casal onde morava/obs=constando que o dito seu marido ali a matara
1006: 
1007:          sacr$nao
1008: 
1009:          oficios$3
1010: 
1011:       obito$o1732.67/24/8/1732/fl.65/celebrante__ vigario manuel rodrigues
1012: 
1013: obito$o1732.67
1013:          n$jose joao/m/id=o1732.67-per1
1014:             ls$residencia/casalinhos
1015: 
1016:          locs$igreja de sao tiago
1017: 
1018:          sacr$sim
1019: 
1020:          oficios$1
1021: 
1022:          testamento$n
1023: 
1024:       obito$o1732.68/25/8/1732/fl.65v/celebrante__ vigario manuel rodrigues
1025: 
1026: obito$o1732.68
1026:          n$manuel/m/id=o1732.68-per1
1027:             ls$idade_aprox/1 ano
1028:             ls$residencia/portela
1029: 
1030:             pai$manuel rodrigues/id=o1732.68-per1-per2
1031:                ls$profissao/soldado
1032:                ls$residencia/portela
1033: 
1034:          locs$ermida de nossa senhora dos anjos
1035: 
1036:       obito$o1732.69/30/8/1732/fl.65v/celebrante__ vigario manuel rodrigues
1037: 
1038: obito$o1732.69
1038:          n$maria domingues/f/id=o1732.69-per1
1039:             ls$residencia/sobral
1040: 
1041:             marido$miguel rodrigues/id=o1732.69-per1-per2
1042:                ls$residencia/sobral
1043: 
1044:          locs$ermida de sao francisco
1045: 
1046:          sacr$sim
1047: 
1048:          oficios$3 de 9 licoes
1049: 
1050:          testamento$n
1051: 
1052:       obito$o1732.70/3/9/1732/fl.65v/celebrante__ vigario manuel rodrigues
1053: 
1054: obito$o1732.70
1054:          n$maria/f/id=o1732.70-per1
1055:             ls$idade_aprox/5 anos
1056:             ls$residencia/casal de galinhas
1057: 
1058:             pai$manuel francisco/id=o1732.70-per1-per2
1059:                ls$alcunha/corta ventos
1060:                ls$residencia/casal de galinhas
1061:                ls$morto/antes
1062: 
1063:             mae$ana travassos/id=o1732.70-per1-per3
1064: 
1065:          locs$adro
1066: 
1067:       obito$o1732.71/3/9/1732/fl.65v/celebrante__ vigario manuel rodrigues
1068: 
1069: obito$o1732.71
1069:          n$isabel felipa/f/id=o1732.71-per1
1070:             ls$ec/solteira
1071:             ls$residencia/beltroes
1072: 
1073:          locs$adro
1074: 
1075:          sacr$sim
1076: 
1077:          oficios$1
1078: 
1079:          testamento$n
1080: 
1081:       obito$o1732.72/11/9/1732/fl.66/celebrante__ vigario manuel rodrigues
1082: 
1083: obito$o1732.72
1083:          n$jose/m/id=o1732.72-per1
1084:             ls$idade_aprox/maior de 20 anos
1085:             ls$ec/solteiro
1086:             ls$residencia/paleao
1087: 
1088:             pai$antonio ferreira marmelo/id=o1732.72-per1-per2
1089:                ls$residencia/paleao
1090: 
1091:             mae$maria gomes/id=o1732.72-per1-per3
1092: 
1093:          locs$ermida de sao mateus
1094: 
1095:          locf$sao mateus/obs=casa de jose pereira da costa
1096: 
1097:          sacr$sim
1098: 
1099:          oficios$3
1100: 
1101:          testamento$n
1102: 
1103:          referido$jose pereira da costa/id=o1732.72-per4
1104:             ls$residencia/sao mateus
1105: 
1106:       obito$o1732.73/13/9/1723/fl.66/celebrante__ vigario manuel rodrigues
1107: 
1108: obito$o1732.73
1108:          n$caetana/f/id=o1732.73-per1
1109:             ls$idade_aprox/2 meses
1110:             ls$residencia/casal novo
1111: 
1112:             pai$joao goncalves/id=o1732.73-per1-per2
1113:                ls$residencia/casal novo
1114: 
1115:             mae$maria nunes/id=o1732.73-per1-per3
1116: 
1117:          locs$ermida de santo andre
1118: 
1119:       obito$o1732.74/13/9/1732/fl.66/celebrante__ vigario manuel rodrigues
1120: 
1121: obito$o1732.74
1121:          n$ana/f/id=o1732.74-per1
1122:             ls$enjeitada/sim
1123:             ls$idade_aprox/5 anos
1124:             ls$residencia/soure
1125: 
1126:          locs$ermida de sao francisco
1127: 
1128:          locf$casa do doutor henrique barbosa canais
1129: 
1130:          referido$henrique barbosa canais/id=o1732.74-per2
1131:             ls$titulo/doutor
1132:             ls$residencia/soure
1133: 
1134:       obito$o1732.75/15/9/1732/fl.66/celebrante__ vigario manuel rodrigues
1135: 
1136: obito$o1732.75
1136:          n$antonia/f/id=o1732.75-per1
1137:             ls$idade_aprox/15 anos
1138:             ls$residencia/soure
1139:             ls$ec/solteira
1140: 
1141:             pai$domingos dos santos/id=o1732.75-per1-per2
1142:                ls$profissao/ferreiro
1143:                ls$residencia/soure
1144:                ls$morto/antes
1145: 
1146:             mae$maria de sousa/id=o1732.75-per1-per3
1147: 
1148:          locs$ermida de nossa senhora dos anjos
1149: 
1150:          sacr$sim
1151: 
1152:          oficios$1
1153: 
1154:       obito$o1732.76/21/9/1732/fl.66v/celebrante__ vigario manuel rodrigues
1155: 
1156: obito$o1732.76
1156:          n$ana/f/id=1732-o76-ana
1157:             ls$enjeitada/sim/obs=exposta nos casais do espirito santo
1158:             ls$idade_aprox/1 mes
1159:             ls$residencia/soure
1160: 
1161:          locs$adro
1162: 
1163:          referida$teresa figueiroa/id=o1732.76-per1
1164:             ls$residencia/soure
1165:             rel$sociabilidade/ama/ana/1732-o76-ana
1166: 
1167:       obito$o1732.77/14/10/1732/fl.66v/celebrante__ vigario manuel rodrigues
1168: 
1169: obito$o1732.77
1169:          n$manuel de figueiredo/m/id=o1732.77-per1
1170:             ls$profissao/mestre em gramatica
1171:             ls$residencia/soure
1172: 
1173:          locs$ermida de sao francisco
1174: 
1175:          sacr$sim
1176: 
1177:          testamento$n
1178: 
1179:       obito$o1732.78/16/10/1732/fl.66v/celebrante__ vigario manuel rodrigues
1180: 
1181: obito$o1732.78
1181:          n$manuel/m/id=o1732.78-per1
1182:             ls$idade_aprox/1 mes
1183:             ls$residencia/delgados
1184: 
1185:             pai$manuel rodrigues rei/id=o1732.78-per1-per2
1186:                ls$residencia/delgados
1187: 
1188:             mae$maria carvalha/id=o1732.78-per1-per3
1189: 
1190:          locs$ermida de sao sebastiao em mogadouro
1191: 
1192:       obito$o1732.79/30/10/1732/fl.66v/celebrante__ vigario manuel rodrigues
1193: 
1194: obito$o1732.79
1194:          n$antonio/m/id=o1732.79-per1
1195:             ls$idade_aprox/14 anos
1196:             ls$residencia/alencarce de cima
1197: 
1198:             pai$mateus simoes/id=o1732.79-per1-per2
1199:                ls$residencia/alencarce de cima
1200: 
1201:          locs$ermida de santo tirso
1202: 
1203:       obito$o1732.80/5/11/1732/fl.67/celebrante__ vigario manuel rodrigues
1204: 
1205: obito$o1732.80
1205:          n$joao/m/id=1732-o80-joao
1206:             ls$enjeitado/sim
1207:             ls$idade_aprox/10 meses
1208:             ls$residencia/soure
1209: 
1210:          locs$adro
1211: 
1212:          referida$maria joao/id=1732-o80-maria
1213:             ls$residencia/soure
1214:             rel$sociabilidade/ama/joao/1732-o80-joao
1215: 
1216:          referido$ventura gomes pinheiro/id=o1732.80-per1
1217:             ls$residencia/soure
1218:             rel$parentesco/marido/maria joao/1732-o80-maria
1219: 
1220:       obito$o1732.81/9/11/1732/fl.67/celebrante__ vigario manuel rodrigues
1221: 
1222: obito$o1732.81
1222:          n$joao simoes/m/id=o1732.81-per1
1223:             ls$residencia/cavaleiros
1224: 
1225:          locs$igreja de sao tiago/obs=em cova da fabrica
1226: 
1227:          sacr$sim
1228: 
1229:          oficios$3
1230: 
1231:          testamento$n
1232: 
1233:       obito$o1732.82/12/11/1732/fl.67/celebrante__ vigario manuel rodrigues
1234: 
1235: obito$o1732.82
1235:          n$maria/f/id=o1732.82-per1
1236:             ls$idade_aprox/20 meses
1237:             ls$residencia/soure
1238: 
1239:             pai$ventura gomes pinheiro/id=o1732.82-per1-per2
1240:                ls$residencia/soure
1241: 
1242:          locs$igreja de sao tiago/obs=em cova da fabrica
1243: 
1244:       obito$o1732.83/15/11/1732/fl.67/celebrante__ vigario manuel rodrigues
1245: 
1246: obito$o1732.83
1246:          n$luis/m/id=o1732.83-per1
1247:             ls$idade_aprox/10 anos
1248:             ls$residencia/alencarce de cima
1249: 
1250:             pai$manuel rodrigues marmeleiro/id=o1732.83-per1-per2
1251:                ls$residencia/alencarce de cima
1252: 
1253:          locs$ermida de santo tirso
1254: 
1255:          sacr$sim/obs=excepto sagrada comunhao por nao ter capacidade para isso
1256: 
1257:          oficios$1
1258: 
1259:       obito$o1732.84/26/11/1732/fl.67/celebrante__ vigario manuel rodrigues
1260: 
1261: obito$o1732.84
1261:          n$joao/m/id=1732-o84-joao
1262:             ls$enjeitado/sim
1263:             ls$idade_aprox/15 dias
1264:             ls$residencia/soure
1265: 
1266:          locs$adro
1267: 
1268:          referida$mariana de oliveira/id=1732-o84-mariana
1269:             ls$residencia/soure
1270:             rel$sociabilidade/ama/joao/1732-o84-joao
1271: 
1272:          referido$manuel duarte/id=o1732.84-per1
1273:             ls$profissao/cacador
1274:             ls$residencia/soure
1275:             rel$parentesco/marido/mariana de oliveira/1732-o84-mariana
1276: 
1277:       obito$o1732.85/28/11/1732/fl.67v/celebrante__ vigario manuel rodrigues
1278: 
1279: obito$o1732.85
1279:          n$manuel/m/id=1732-o85-manuel
1280:             ls$idade_aprox/recem nascido
1281:             ls$naturalidade/casal novo
1282: 
1283:             pai$joao coelho/id=1732-o85-manuel-per1
1284:                ls$residencia/casal novo
1285: 
1286:          locs$ermida de nossa senhora dos anjos
1287: 
1288:          referida$isabel cardosa/id=o1732.85-per2
1289:             ls$ec/viuva
1290:             ls$residencia/casal novo
1291:             rel$sociabilidade/baptizou em necessidade/manuel/1732-o85-manuel
1292: 
1293:          referida$isabel gomes/id=o1732.85-per3
1294:             rel$parentesco/irma gemea/manuel/1732-o85-manuel
1295: 
1296:       obito$o1732.86/28/11/1732/fl.67v/celebrante__ vigario manuel rodrigues
1297: 
1298: obito$o1732.86
1298:          n$isabel/f/id=1732-o86-isabel
1299:             ls$idade_aprox/recem nascida
1300:             ls$naturalidade/casal novo
1301: 
1302:             pai$joao coelho/id=1732-o86-isabel-per1
1303:                ls$residencia/casal novo
1304: 
1305:          locs$ermida de nossa senhora dos anjos
1306: 
1307:          referida$isabel cardosa/id=o1732.86-per2
1308:             ls$ec/viuva
1309:             ls$residencia/casal novo
1310:             rel$sociabilidade/baptizou em necessidade/isabel/1732-o86-isabel
1311: 
1312:          referido$manuel/id=o1732.86-per3
1313:             rel$parentesco/irmao gemeo/isabel/1732-o86-isabel
1314: 
1315:       obito$o1732.87/9/12/1732/fl.67v/celebrante__ vigario manuel rodrigues
1316: 
1317: obito$o1732.87
1317:          n$joao francisco/m/id=o1732.87-per1
1318:             ls$residencia/mogadouro
1319: 
1320:          locs$igreja de sao tiago
1321: 
1322:          causa$acidente
1323: 
1324:          sacr$nao/obs=morte repentina num acidente
1325: 
1326:          oficios$3 de 9 licoes
1327: 
1328:          testamento$n
1329: 
1330:       obito$o1732.88/18/12/1732/fl.67v/celebrante__ vigario manuel rodrigues
1331: 
1332: obito$o1732.88
1332:          n$jose/m/id=1732-o88-jose
1333:             ls$idade_aprox/recem nascido
1334:             ls$naturalidade/alencarce de cima
1335: 
1336:             pai$manuel antunes/id=1732-o88-jose-per1
1337:                ls$residencia/alencarce de cima
1338: 
1339:          locs$ermida de santo tirso
1340: 
1341:          referido$domingos joao/id=o1732.88-per2
1342:             ls$profissao/padre
1343:             ls$residencia/alencarce de cima
1344:             rel$sociabilidade/baptizou em necessidade/jose/1732-o88-jose
1345: 
1346:          referido$domingos/id=o1732.88-per3
1347:             rel$parentesco/irmao gemeo/jose/1732-o88-jose
1348: 
1349:       obito$o1732.89/18/12/1732/fl.67v/celebrante__ vigario manuel rodrigues
1350: 
1351: obito$o1732.89
1351:          n$domingos/m/id=1732-o89-domingos
1352:             ls$idade_aprox/recem nascido
1353:             ls$naturalidade/alencarce de cima
1354: 
1355:             pai$manuel antunes/id=1732-o89-domingos-per1
1356:                ls$residencia/alencarce de cima
1357: 
1358:          locs$ermida de santo tirso
1359: 
1360:          referido$domingos joao/id=o1732.89-per2
1361:             ls$profissao/padre
1362:             ls$residencia/alencarce de cima
1363:             rel$sociabilidade/baptizou em necessidade/domingos/1732-o89-domingos
1364: 
1365:          referido$jose/id=o1732.89-per3
1366:             rel$parentesco/irmao gemeo/domingos/1732-o89-domingos
1367: 
1368:       obito$o1732.90/27/12/1732/fl.67v/celebrante__ vigario manuel rodrigues
1369: 
1370: obito$o1732.90
1370:          n$isabel/f/id=o1732.90-per1
1371:             ls$idade_aprox/10 anos
1372:             ls$residencia/leonel
1373: 
1374:             pai$manuel goncalves/id=o1732.90-per1-per2
1375:                ls$residencia/leonel
1376: 
1377:          locs$igreja de sao tiago
1378: 
1379:          sacr$sim/obs=so penitencia porque nao procurou outro algum
1380: 
1381:          oficios$1
1382: 
1383:       obito$o1732.91/28/12/1732/fl.67v/celebrante__ vigario manuel rodrigues
1384: 
1385: obito$o1732.91
1385:          n$maria/f/id=o1732.91-per1
1386:             ls$ec/solteira
1387:             ls$residencia/mogadouro
1388: 
1389:             pai$joao francisco madeira/id=o1732.91-per1-per2
1390:                ls$residencia/mogadouro
1391:                ls$morto/antes
1392: 
1393:             mae$catarina de oliveira/id=o1732.91-per1-per3
1394: 
1395:          locs$adro
1396: 
1397:          sacr$sim/obs=excepto sagrada comunhao porque nao estava capaz
1398: 
1399:          oficios$1
1400: 
1401:       obito$o1732.92/30/12/1732/fl.67v-68/celebrante__ vigario manuel rodrigues
1402: 
1403: obito$o1732.92
1403:          n$maria goncalves/f/id=o1732.92-per1
1404:             ls$alcunha/a ligeira
1405:             ls$residencia/simoes
1406: 
1407:          locs$ermida de sao lourenco
1408: 
1409:          sacr$sim
1410: 
1411:          oficios$1
1412: 
1413:          testamento$n
1414: *** End of File
** Processed file- /Users/jrc/mhk-home/sources/soure/soure-sources/sources/soure_fase2/obi1732.cli
** Original file- /Users/jrc/mhk-home/sources/soure/soure-sources/sources/soure_fase2/obi1732.org
** Previous version- /Users/jrc/mhk-home/sources/soure/soure-sources/sources/soure_fase2/obi1732.old
** Temp file with ids- /Users/jrc/mhk-home/sources/soure/soure-sources/sources/soure_fase2/obi1732.ids
0  errors. 
0  warnings.
Translation finished.
