ClioInput - version 2019.A1 - build 507 15/07/2019 21:58 
8-4-2020 8-26

Processing data file obi1726.cli
-------------------------------------------
Generic Act translation module with geoentities (XML).
     Joaquim Ramos de Carvalho (joaquim@uc.pt) 
** New document: kleio
=========================
kleio translation started
=========================
Structure: gacto2.str
Prefix: 
Autorel: 
Translation count: 2
Obs: 
** Processing source fonte$obitos 1726
6: obito$o1726.01
20: obito$o1726.2
41: obito$o1726.3
56: obito$o1726.4
69: obito$o1726.5
88: obito$o1726.6
99: obito$o1726.7
112: obito$o1726.8
123: obito$o1726.9
137: obito$o1726.10
151: obito$o1726.11
168: obito$o1726.12
184: obito$o1726.13
197: obito$o1726.14
208: obito$o1726.15
223: obito$o1726.16
236: obito$o1726.17
249: obito$o1726.18
263: obito$o1726.19
279: obito$o1726.20
298: obito$o1726.21
312: obito$o1726.22
328: obito$o1726.23
342: obito$o1726.24
356: obito$o1726.25
372: obito$o1726.26
383: obito$o1726.27
397: obito$o1726.28
411: obito$o1726.29
430: obito$o1726.30
441: obito$o1726.31
455: obito$o1726.32
469: obito$o1726.33
483: obito$o1726.34
497: obito$o1726.35
513: obito$o1726.36
529: obito$o1726.37
547: obito$o1726.38
561: obito$o1726.39
582: obito$o1726.40
595: obito$o1726.41
610: obito$o1726.42
623: obito$o1726.43
637: obito$o1726.44
651: obito$o1726.45
667: obito$o1726.46
680: obito$o1726.47
701: obito$o1726.48
717: obito$o1726.49
732: obito$o1726.50
750: obito$o1726.51
764: obito$o1726.52
784: obito$o1726.53
798: obito$o1726.54
814: obito$o1726.55
825: obito$o1726.56
841: obito$o1726.57
857: obito$o1726.58
868: obito$o1726.59
879: obito$o1726.60
892: obito$o1726.61
909: obito$o1726.62
922: obito$o1726.63
941: obito$o1726.64
958: obito$o1726.65
976: obito$o1726.66
996: obito$o1726.67
1009: obito$o1726.68
1025: obito$o1726.69
1043: obito$o1726.70
1057: obito$o1726.71
1070: obito$o1726.72
1084: obito$o1726.73
1095: obito$o1726.74
1106: obito$o1726.75
1121: obito$o1726.76
1136: obito$o1726.77
1155: obito$o1726.78
1171: obito$o1726.79
1183: obito$o1726.80
1201: obito$o1726.81
1214: obito$o1726.82
1227: obito$o1726.83
1240: obito$o1726.84
1254: obito$o1726.85
1268: obito$o1726.86
1285: obito$o1726.87
1301: obito$o1726.88
1312: obito$o1726.89
1332: obito$o1726.90
1346: obito$o1726.91
1357: obito$o1726.92
1370: obito$o1726.93
1383: obito$o1726.94
1394: obito$o1726.95
1405: obito$o1726.96
1418: obito$o1726.97
1433: obito$o1726.98
*** End of File
** Processed file- /kleio-home/sources/soure-fontes/sources/soure_fase2/obi1726.cli
** Original file- /kleio-home/sources/soure-fontes/sources/soure_fase2/obi1726.org
** Previous version- /kleio-home/sources/soure-fontes/sources/soure_fase2/obi1726.old
** Temp file with ids- /kleio-home/sources/soure-fontes/sources/soure_fase2/obi1726.ids
0  errors. 
0  warnings.
Translation finished.
