ClioInput - version 2019.A1 - build 507 15/07/2019 21:58 
8-4-2020 8-25

Processing data file obi1727.cli
-------------------------------------------
Generic Act translation module with geoentities (XML).
     Joaquim Ramos de Carvalho (joaquim@uc.pt) 
** New document: kleio
=========================
kleio translation started
=========================
Structure: gacto2.str
Prefix: 
Autorel: 
Translation count: 3
Obs: 
** Processing source fonte$obito 1727
6: obito$o1727.01
24: obito$o1727.2
35: obito$o1727.3
51: obito$o1727.4
65: obito$o1727.5
79: obito$o1727.6
92: obito$o1727.7
110: obito$o1727.8
121: obito$o1727.9
137: obito$o1727.10
154: obito$o1727.11
165: obito$o1727.12
180: obito$o1727.13
193: obito$o1727.14
207: obito$o1727.15
220: obito$o1727.16
235: obito$o1727.17
253: obito$o1727.18
269: obito$o1727.19
285: obito$o1727.20
302: obito$o1727.21
316: obito$o1727.22
329: obito$o1727.23
341: obito$o1727.24
352: obito$o1727.25
363: obito$o1727.26
379: obito$o1727.27
397: obito$o1727.28
413: obito$o1727.29
430: obito$o1727.30
446: obito$o1727.31
457: obito$o1727.32
468: obito$o1727.33
484: obito$o1727.34
499: obito$o1727.35
515: obito$o1727.36
526: obito$o1727.37
537: obito$o1727.38
552: obito$o1727.39
563: obito$o1727.40
576: obito$o1727.41
590: obito$o1727.42
604: obito$o1727.43
627: obito$o1727.44
637: obito$o1727.45
649: obito$o1727.46
667: obito$o1727.47
684: obito$o1727.48
697: obito$o1727.49
708: obito$o1727.50
728: obito$o1727.51
746: obito$o1727.52
758: obito$o1727.53
773: obito$o1727.54
793: obito$o1727.55
821: obito$o1727.56
837: obito$o1727.57
*** End of File
** Processed file- /kleio-home/sources/soure-fontes/sources/soure_fase2/obi1727.cli
** Original file- /kleio-home/sources/soure-fontes/sources/soure_fase2/obi1727.org
** Previous version- /kleio-home/sources/soure-fontes/sources/soure_fase2/obi1727.old
** Temp file with ids- /kleio-home/sources/soure-fontes/sources/soure_fase2/obi1727.ids
0  errors. 
0  warnings.
Translation finished.
