ClioInput - version @@VERSION@@ - build @@BUILD@@ @@DATE@@
13-6-2019 22-52

Processing data file obi1722.cli
-------------------------------------------
Generic Act translation module with geoentities (XML).
     Joaquim Ramos de Carvalho (joaquim@uc.pt) 
** New document: kleio
1: kleio$gacto2.str
=========================
kleio translation started
=========================
Structure: gacto2.str
Prefix: 
Autorel: 
Translation count: 
Obs: 
Translation count not set or invalid, counting as zero: 
2:    fonte$obitos 1722/1722/paroquiais/auc/obs=em mau estado
3: 
** Processing source fonte$obitos 1722
4:       obito$o1722.01/3/1/1722/fl.74/celebrante__ vigario manuel rodrigues
5: 
6: obito$o1722.01
6:          n$manuel/m/id=o1722.01-per1
7:             ls$idade_aprox/14 anos
8:             ls$residencia/alencarce de cima
9: 
10:             pai$domingos rodrigues/id=o1722.01-per1-per2
11:                ls$residencia/alencarce de cima
12:                ls$morto/antes
13: 
14:             mae$antonia goncalves/id=o1722.01-per1-per3
15: 
16:          locs$ermida de snto tirso
17: 
18:          sacr$sim
19: 
20:          oficios$1
21: 
22:       obito$o1722.2/6/1/1722/fl.74/celebrante__ vigario manuel rodrigues
23: 
24: obito$o1722.2
24:          n$manuel/m/id=o1722.2-per1
25:             ls$idade_aprox/4 anos
26:             ls$residencia/barrosos
27: 
28:             pai$manuel rodrigues/id=o1722.2-per1-per2
29:                ls$residencia/barrosos
30: 
31:          locs$ermida de sao sebastiao
32: 
33:       obito$o1722.3/7/1/1722/fl.74v/celebrante__ vigario manuel rodrigues
34: 
35: obito$o1722.3
35:          n$maria rodrigues/id=o1722.3-per1
36:             ls$residencia/alencarce de cima
37: 
38:             marido$domingos antunes/id=o1722.3-per1-per2
39:                ls$residencia/alencarce de cima
40: 
41:          locs$igreja de nossa senhora de finisterra/obs=por nela ter sepultura
42: 
43:          sacr$sim
44: 
45:          oficios$1 de 9 licoes
46: 
47:          testamento$s
48: 
49:       obito$o1722.4/7/1/1722/fl.74v/celebrante__ vigario manuel rodrigues
50: 
51: obito$o1722.4
51:          n$manuel/m/id=o1722.4-per1
52:             ls$idade_aprox/4 meses
53:             ls$residencia/alencarce de cima
54: 
55:             pai$manuel rodrigues ruivo/id=o1722.4-per1-per2
56:                ls$residencia/alencarce de cima
57: 
58:          locs$ermida de santo tirso
59: 
60:       obito$o1722.5/7/1/1722/fl.74v/celebrante__ vigario manuel rodrigues
61: 
62: obito$o1722.5
62:          n$jose/m/id=o1722.5-per1
63:             ls$idade_aprox/15 meses
64:             ls$residencia/bonitos
65: 
66:             pai$manuel lourenco/id=o1722.5-per1-per2
67:                ls$residencia/bonitos
68: 
69:          locs$adro
70: 
71:       obito$o1722.6/7/1/1722/fl.74v/celebrante__ vigario manuel rodrigues
72: 
73: obito$o1722.6
73:          n$domingos/m/id=o1722.6-per1
74:             ls$idade_aprox/4 meses
75:             ls$residencia/alencarce de cima
76: 
77:             pai$manuel rodrigues/id=o1722.6-per1-per2
78:                ls$residencia/alencarce de cima
79: 
80:          locs$ermida de santo tirso
81: 
82:       obito$o1722.7/9/1/1722/fl.74v-75/celebrante__ vigario manuel rodrigues
83: 
84: obito$o1722.7
84:          n$jose/m/id=o1722.7-per1
85:             ls$idade_aprox/1 ano
86:             ls$residencia/barrosos
87: 
88:             pai$manuel rodrigues/id=o1722.7-per1-per2
89:                ls$residencia/barrosos
90: 
91:          locs$ermida de sao sebastiao
92: 
93:       obito$o1722.8/10/1/1722/fl.75/celebrante__ vigario manuel rodrigues
94: 
95: obito$o1722.8
95:          n$isabel joao/id=1722-o8-isabel
96:             ls$ec/viuva
97:             ls$residencia/soure
98: 
99:          locs$igreja de sao tiago/obs=em cova da fabrica
100: 
101:          sacr$sim
102: 
103:          oficios$1 de nove licoes
104: 
105:          testamento$s
106: 
107:          referido$manuel rodrigues alvaro/id=o1722.8-per1
108:             ls$profissao/padre
109:             ls$cargo/tesoureiro
110:             ls$residencia/soure
111:             rel$parentesco/sobrinho/isabel joao/1722-o8-isabel
112: 
113:       obito$o1722.9/14/1/1722/fl.75/celebrante__ vigario manuel rodrigues
114: 
115: obito$o1722.9
115:          n$manuel/m/id=o1722.9-per1
116:             ls$idade_aprox/3 dias
117:             ls$residencia/casa velha
118: 
119:             pai$manuel gaspar/id=o1722.9-per1-per2
120:                ls$residencia/casa velha
121: 
122:          locs$adro
123: 
124:       obito$o1722.10/14/1/1722/fl.75/celebrante__ vigario manuel rodrigues
125: 
126: obito$o1722.10
126:          n$maria de oliveira/f/id=o1722.10-per1
127:             ls$ec/viuva
128:             ls$residencia/pouca pena
129: 
130:          locs$ermida do divino espirito santo
131: 
132:          sacr$sim
133: 
134:          oficios$3
135: 
136:          testamento$s
137: 
138:       obito$o1722.11/16/1/1722/fl.75-75v/celebrante__ vigario manuel rodrigues
139: 
140: obito$o1722.11
140:          n$domingas da costa/id=o1722.11-per1
141:             ls$residencia/porto coelheiro
142: 
143:             marido$antonio rodrigues/id=o1722.11-per1-per2
144:                ls$residencia/porto coelheiro
145: 
146:          locs$igreja de tapeus/obs=por nela ter sepultura
147: 
148:          sacr$sim
149: 
150:          oficios$1 de 9 licoes
151: 
152:          testamento$s
153: 
154:       obito$o1722.12/20/1/1722/fl.75v/celebrante__ vigario manuel rodrigues
155: 
156: obito$o1722.12
156:          n$luisa/f/id=o1722.12-per1
157:             ls$idade_aprox/4 anos
158:             ls$residencia/barril
159: 
160:             pai$manuel rodrigues feijao/id=o1722.12-per1-per2
161:                ls$residencia/barril
162: 
163:          locs$ermida de sao mateus
164: 
165:       obito$o1722.13/21/1/1722/fl.75v/celebrante__ vigario manuel rodrigues
166: 
167: obito$o1722.13
167:          n$domingos/m/id=o1722.13-per1
168:             ls$idade_aprox/14 meses
169:             ls$residencia/alencarce de cima
170: 
171:             pai$francisco gomes/id=o1722.13-per1-per2
172:                ls$residencia/alencarce de cima
173: 
174:          locs$ermida de santo tirso
175: 
176:       obito$o1722.14/26/1/1722/fl.75v/celebrante__ vigario manuel rodrigues
177: 
178: obito$o1722.14
178:          n$manuel/m/id=o1722.14-per1
179:             ls$idade_aprox/3 para 4 anos
180:             ls$residencia/mogadouro
181: 
182:             pai$manuel rodrigues rei/id=o1722.14-per1-per2
183:                ls$residencia/mogadouro
184: 
185:          locs$adro
186: 
187:       obito$o1722.15/1/2/1722/fl.76/celebrante__ vigario manuel rodrigues
188: 
189: obito$o1722.15
189:          n$maria/f/id=o1722.15-per1
190:             ls$idade_aprox/3 meses
191:             ls$residencia/alencarce de cima
192: 
193:             pai$manuel lopes/id=o1722.15-per1-per2
194:                ls$residencia/alencarce de cima
195: 
196:          locs$ermida de santo tirso
197: 
198:       obito$o1722.16/4/2/1722/fl.76/celebrante__ vigario manuel rodrigues
199: 
200: obito$o1722.16
200:          n$eufrasia/f/id=o1722.16-per1
201:             ls$idade_aprox/2 para 3 anos
202:             ls$residencia/soure
203: 
204:             pai$manuel rodrigues pereira/id=o1722.16-per1-per2
205:                ls$residencia/soure
206: 
207:          locs$adro
208: 
209:       obito$o1722.17/4/2/1722/fl.76/celebrante__ vigario manuel rodrigues
210: 
211: obito$o1722.17
211:          n$manuel/m/id=o1722.17-per1
212:             ls$idade_aprox/1 para 2 anos
213:             ls$residencia/areias
214: 
215:             pai$sebastiao dinis/id=o1722.17-per1-per2
216:                ls$residencia/areias
217: 
218:          locs$ermida de sao jose no pinheiro
219: 
220:          locf$local de falecimento__
221: 
222:       obito$o1722.18/7/2/1722/fl.76/celebrante__ vigario manuel rodrigues
223: 
224: obito$o1722.18
224:          n$isabel/f/id=o1722.18-per1
225:             ls$idade_aprox/10 anos
226:             ls$residencia/casal dos feijoes
227: 
228:             pai$antonio da gante/id=o1722.18-per1-per2
229:                ls$residencia/casal dos feijoes
230: 
231:          locs$local de sepultura__
232: 
233:          locf$local de falecimento__
234: 
235:          causa$ causa de morte__
236: 
237:          sacr$sim/obs=somente de penitencia e da extrema uncao por nao ter capacidade para mais
238: 
239:          oficios$1
240: 
241:       obito$o1722.19/8/2/1722/fl.76v/celebrante__ vigario manuel rodrigues
242: 
243: obito$o1722.19
243:          n$domingos/m/id=o1722.19-per1
244:             ls$idade_aprox/8 para 9 anos
245:             ls$residencia/alencarce de cima
246: 
247:             pai$antonio rodrigues calhau/id=o1722.19-per1-per2
248:                ls$residencia/alencarce de cima
249: 
250:          locs$ermida de santo tirso
251: 
252:          sacr$nao/obs=por o nao chamarem para isso
253: 
254:          oficios$1
255: 
256:       obito$o1722.20/11/2/1722/fl.76v/celebrante__ vigario manuel rodrigues
257: 
258: obito$o1722.20
258:          n$josefa/f/id=o1722.20-per1
259:             ls$idade_aprox/7 para 8 anos
260:             ls$residencia/alencarce de cima
261: 
262:             pai$francisco ferreira/id=o1722.20-per1-per2
263:                ls$residencia/alencarce de cima
264: 
265:          locs$ermida de santo tirso
266: 
267:          sacr$nao/obs=pelos nao procurarem
268: 
269:          oficios$1
270: 
271:       obito$o1722.21/15/2/1722/fl.76v/celebrante__ vigario manuel rodrigues
272: 
273: obito$o1722.21
273:          n$jose/m/id=o1722.21-per1
274:             ls$idade_aprox/3 para 4 anos
275:             ls$residencia/alencarce de cima
276: 
277:             pai$francisco ferreira/id=o1722.21-per1-per2
278:                ls$residencia/alencarce de cima
279: 
280:          locs$ermida de santo tirso
281: 
282:       obito$o1722.22/25/2/1722/fl.76v/celebrante__ vigario manuel rodrigues
283: 
284: obito$o1722.22
284:          n$antonia/f/id=o1722.22-per1
285:             ls$idade_aprox/5 meses
286:             ls$residencia/soure
287: 
288:             pai$matias gomes/id=o1722.22-per1-per2
289:                ls$profissao/alfaiate
290:                ls$residencia/soure
291: 
292:          locs$igreja de nossa senhora de finisterra
293: 
294:       obito$o1722.23/25/2/1722/fl.77/celebrante__ vigario manuel rodrigues
295: 
296: obito$o1722.23
296:          n$bernardo/m/id=o1722.23-per1
297:             ls$residencia/alencarce de cima
298: 
299:             pai$francisco ferreira/id=o1722.23-per1-per2
300:                ls$residencia/alencarce de cima
301: 
302:          locf$desconhecido/obs=a celebracao e efectuada por longa ausencia
303: 
304:       obito$o1722.24/26/2/1722/fl.77/celebrante__ vigario manuel rodrigues
305: 
306: obito$o1722.24
306:          n$nome desconhecido/m/id=1722-o24-nome
307:             ls$idade_aprox/recem nascido
308:             ls$naturalidade/sobral
309: 
310:             pai$domingos jorge/id=1722-o24-nome-per1
311:                ls$residencia/sobral
312: 
313:          locs$adro
314: 
315:          referida$maria jorge/id=o1722.24-per2
316:             ls$ec/viuva
317:             ls$residencia/sobral
318:             rel$sociabilidade/baptizou em necessidade/nome desconhecido/1722-o24-nome
319: 
320:       obito$o1722.25/3/3/1722/fl.77/celebrante__ vigario manuel rodrigues
321: 
322: obito$o1722.25
322:          n$josefa/f/id=o1722.25-per1
323:             ls$idade_aprox/2 anos
324:             ls$residencia/sao mateus
325: 
326:             pai$jose rodrigues/id=o1722.25-per1-per2
327:                ls$residencia/sao mateus
328: 
329:          locs$ermida de ao mateus
330: 
331:       obito$o1722.26/7/3/1722/fl.__/celebrante__ vigario manuel rodrigues
332: 
333: obito$o1722.26
333:          n$maria gomes/f/id=o1722.26-per1
334:             ls$residencia/paleao
335: 
336:             marido$antonio gomes/id=o1722.26-per1-per2
337:                ls$residencia/paleao
338: 
339:          locs$ermida de sao joao baptista
340: 
341:          sacr$sim
342: 
343:          oficios$3 de nove licoes
344: 
345:          testamento$n
346: 
347:       obito$o1722.27/9/3/1722/fl.77v/celebrante__ vigario manuel rodrigues
348: 
349: obito$o1722.27
349:          n$jose/m/id=o1722.27-per1
350:             ls$idade_aprox/8 dias
351:             ls$residencia/sobral
352: 
353:             pai$domingos jorge/id=o1722.27-per1-per2
354:                ls$residencia/sobral
355: 
356:          locs$adro
357: 
358:       obito$o1722.28/11/3/1722/fl.77v/celebrante__ vigario manuel rodrigues
359: 
360: obito$o1722.28
360:          n$jose/m/id=o1722.28-per1
361:             ls$idade_aprox/14 anos
362:             ls$naturalidade/braga
363:             ls$residencia/soure
364: 
365:          locs$ermida de nossa senhora dos anjos
366: 
367:          locf$quinta dos anjos
368: 
369:          sacr$sim/obs=nao estava capaz de comungar por causa de vomitos
370: 
371:       obito$o1722.29/18/3/1722/fl.77v/celebrante__ vigario manuel rodrigues
372: 
373: obito$o1722.29
373:          n$lourenco/m/id=o1722.29-per1
374:             ls$idade_aprox/2 anos
375:             ls$residencia/soure
376: 
377:             pai$jose martins/id=o1722.29-per1-per2
378:                ls$residencia/soure
379: 
380:          locs$igreja de sao tiago/obs=em cova da fabrica
381: 
382:       obito$o1722.30/18/2/1722/fl.77v/celebrante__ vigario manuel rodrigues
383: 
384: obito$o1722.30
384:          n$antonia/f/id=o1722.30-per1
385:             ls$idade_aprox/3 anos
386:             ls$residencia/soure
387: 
388:             pai$joao henriques/id=o1722.30-per1-per2
389:                ls$residencia/soure
390: 
391:          locs$igreja de sao tiago/obs=em cova da fabrica
392: 
393:       obito$o1722.31/18/3/1722/fl.78/celebrante__ vigario manuel rodrigues
394: 
395: obito$o1722.31
395:          n$antonia/f/id=o1722.31-per1
396:             ls$idade_aprox/6 meses
397:             ls$residencia/soure
398: 
399:             pai$manuel jorge/id=o1722.31-per1-per2
400:                ls$profissao/sapateiro
401:                ls$residencia/soure
402: 
403:          locs$igreja de sao tiago/obs=em cova da fabrica
404: 
405:       obito$o1722.32/21/3/1722/fl.78/celebrante__ vigario manuel rodrigues
406: 
407: obito$o1722.32
407:          n$francisco antunes/m/id=o1722.32-per1
408:             ls$residencia/portela
409: 
410:          locs$adro
411: 
412:          sacr$sim
413: 
414:          oficios$2
415: 
416:          testamento$n
417: 
418:       obito$o1722.33/23/3/1722/fl.78/celebrante__ vigario manuel rodrigues
419: 
420: obito$o1722.33
420:          n$antonio/m/id=1722-o33-antonio
421:             ls$idade_aprox/recem nascido
422:             ls$naturalidade/espirito santo
423: 
424:             pai$jacinto da costa/id=1722-33-jacinto
425:                ls$residencia/espirito santo
426: 
427:          locs$ermida do espirito santo
428: 
429:          referido$domingos goncalves/id=o1722.33-per1
430:             ls$profissao/padre
431:             ls$residencia/espirito santo
432:             rel$sociabilidade/baptizou em necessidade/antonio/1722-o33-antonio
433:             rel$parentesco/sogro/jancinto da costa/1722-o33-jacinto
434: 
435:       obito$o1722.34/31/3/1722/fl.78/celebrante__ vigario manuel rodrigues
436: 
437: obito$o1722.34
437:          n$antonio jorge/m/id=o1722.34-per1
438:             ls$residencia/casal novo
439: 
440:          locs$ermida de santo andre
441: 
442:          sacr$sim
443: 
444:          oficios$3
445: 
446:          testamento$s
447: 
448:       obito$o1722.35/7/4/1722/fl.78v/celebrante__ vigario manuel rodrigues
449: 
450: obito$o1722.35
450:          n$jose rodrigues/m/id=o1722.35-per1
451:             ls$profissao/soldado
452:             ls$residencia/casa velha
453: 
454:          locs$ermida da nossa senhora das neves
455: 
456:          sacr$sim
457: 
458:          oficios$meio
459: 
460:          testamento$n
461: 
462:       obito$o1722.36/8/4/1711/fl.78v/celebrante__ vigario manuel rodrigues
463: 
464: obito$o1722.36
464:          n$francisco/m/id=o1722.36-per1
465:             ls$idade_aprox/3 para 4 anos
466:             ls$residencia/soure
467: 
468:             pai$martinho da cunha de eca/id=o1722.36-per1-per2
469:                ls$residencia/soure
470: 
471:          locs$capela mor da igreja de sao tiago/obs=em cova de seus antepassados
472: 
473:       obito$o1722.37/10/4/1722/fl.78v/celebrante__ vigario manuel rodrigues
474: 
475: obito$o1722.37
475:          n$joao luis/m/id=o1722.37-per1
476:             ls$alcunha/o moco
477:             ls$residencia/vale da borra
478: 
479:          locs$adro
480: 
481:          causa$morreu apressado
482: 
483:          sacr$nao/obs=por nao chamarem a tempo
484: 
485:          oficios$3
486: 
487:          testamento$n
488: 
489:       obito$o1722.38/16/4/1722/fl.78v-79/celebrante__ vigario manuel rodrigues
490: 
491: obito$o1722.38
491:          n$antonio/m/id=o1722.38-per1
492:             ls$idade_aprox/4 anos
493:             ls$residencia/soure
494: 
495:             pai$antonio cardoso/id=o1722.38-per1-per2
496:                ls$residencia/soure
497: 
498:          locs$ermida de sao sebastiao
499: 
500:       obito$o1722.39/27/4/1722/fl.79/celebrante__ vigario manuel rodrigues
501: 
502: obito$o1722.39
502:          n$miguel/m/id=o1722.39-per1
503:             ls$idade_aprox/2 anos
504:             ls$residencia/soure
505: 
506:             pai$ventura gomes/id=o1722.39-per1-per2
507:                ls$residencia/soure
508: 
509:          locs$igreja de sao tiago/obs=em cova da fabrica
510: 
511:       obito$o1722.40/28/4/1722/fl.79/celebrante__ vigario manuel rodrigues
512: 
513: obito$o1722.40
513:          n$manuel antunes/m/id=o1722.40-per1
514:             ls$residencia/espirito santo
515: 
516:          locs$ermida do divino espirito santo
517: 
518:          sacr$sim/obs=menos o da eucaristia por nao poder comungar por impedimento da garganta
519: 
520:          oficios$3
521: 
522:          testamento$n
523: 
524:       obito$o1722.41/29/4/1722/fl.79/celebrante__ vigario manuel rodrigues
525: 
526: obito$o1722.41
526:          n$antonia/f/id=o1722.41-per1
527:             ls$idade_aprox/4 anos
528:             ls$residencia/soure
529: 
530:             pai$jacinto da silva/id=o1722.41-per1-per2
531:                ls$residencia/soure
532:                ls$morto/antes
533: 
534:             mae$maria pereira/id=o1722.41-per1-per3
535: 
536:          locs$igreja de sao tiago/obs=em cova da fabrica
537: 
538:       obito$o1722.42/5/5/1722/fl.79v/celebrante__ vigario manuel rodrigues
539: 
540: obito$o1722.42
540:          n$manuel/m/id=o1722.42-per1
541:             ls$idade_aprox/1 para dois anos
542:             ls$residencia/casa velha
543: 
544:             pai$manuel francisco/id=o1722.42-per1-per2
545:                ls$residencia/casa velha
546: 
547:          locs$adro
548: 
549:       obito$o1722.43/5/5/17122/fl.79v/celebrante__ vigario manuel rodrigues
550: 
551: obito$o1722.43
551:          n$simao domingues/m/id=o1722.43-per1
552:             ls$alcunha/o velho
553:             ls$residencia/casconho
554: 
555:          locs$redinha
556: 
557:          locf$moinhos da figueirinha
558: 
559:       obito$o1722.44/7/5/1722/fl.79v/celebrante__ vigario manuel rodrigues
560: 
561: obito$o1722.44
561:          n$antonio rodrigues/m/id=o1722.44-per1
562:             ls$profissao/sapateiro
563:             ls$residencia/assamassa
564: 
565:          locs$ermida do divino espirito santo
566: 
567:          causa$morreu apressada
568: 
569:          sacr$sim/obs=somente o da penitencia por nao haver tempo para mais
570: 
571:          oficios$3
572: 
573:          testamento$n
574: 
575:       obito$o1722.45/9/5/1722/fl.79v/celebrante__ vigario manuel rodrigues
576: 
577: obito$o1722.45
577:          n$maria/f/id=o1722.45-per1
578:             ls$idade_aprox/1 para 2 anos
579:             ls$residencia/soure
580: 
581:             pai$jacinto da silva/id=o1722.45-per1-per2
582:                ls$residencia/soure
583:                ls$morto/antes
584: 
585:             mae$maria pereira/id=o1722.45-per1-per3
586: 
587:          locs$igreja de sao tiago
588: 
589:       obito$o1722.46/15/5/1722/fl.80/celebrante__ vigario manuel rodrigues
590: 
591: obito$o1722.46
591:          n$manuel/m/id=1722-o46-manuel
592:             ls$enjeitado/sim
593:             ls$idade_aprox/5 meses
594:             ls$residencia/soure
595: 
596:          locs$igreja de sao tiago/obs=em cova da fabrica
597: 
598:          referida$margarida labias/id=o1722.46-per1
599:             ls$residencia/soure
600:             rel$sociabilidade/ama/manuel/1722-o46-manuel
601: 
602:       obito$o1722.47/19/5/1722/fl.80/celebrante__ vigario manuel rodrigues
603: 
604: obito$o1722.47
604:          n$maria rodrigues/f/id=o1722.47-per1
605:             ls$ec/solteira
606:             ls$idade_aprox/maior de idade
607:             ls$residencia/porto coelheiro
608: 
609:          locs$igreja de tapeus/obs=por nela querer ser sepultada
610: 
611:          sacr$sim
612: 
613:          oficios$1 de 9 licoes
614: 
615:          testamento$s
616: 
617:       obito$o1722.48/20/5/1722/fl.80/celebrante__ vigario manuel rodrigues
618: 
619: obito$o1722.48
619:          n$maria/f/id=o1722.48-per1
620:             ls$idade_aprox/2 dias/obs=depois que foi baptizada
621:             ls$residencia/cavaleiros
622: 
623:             pai$manuel rodrigues feijao/id=o1722.48-per1-per2
624:                ls$residencia/cavaleiros
625: 
626:          locs$adro
627: 
628:       obito$o1722.49/23/5/1722/fl.80/celebrante__ vigario manuel rodrigues
629: 
630: obito$o1722.49
630:          n$manuel duarte/m/id=o1722.49-per1
631:             ls$alcunha/o velho
632:             ls$residencia/migalho
633: 
634:          locs$ermida de santo andre
635: 
636:          sacr$sim/obs=excepto a extrema uncao porque nao a procurou
637: 
638:          oficios$3 de 9 licoes
639: 
640:          testamento$n
641: 
642:       obito$o1722.50/30/5/1722/fl.80v/celebrante__ vigario manuel rodrigues
643: 
644: obito$o1722.50
644:          n$antonio francisco/m/id=o1722.50-per1
645:             ls$residencia/cavaleiros
646: 
647:          locs$adro
648: 
649:          sacr$sim
650: 
651:          oficios$3
652: 
653:          testamento$n
654: 
655:       obito$o1722.51/6/6/1722/fl.80v/celebrante__ vigario manuel rodrigues
656: 
657: obito$o1722.51
657:          n$antonia/f/id=o1722.51-per1
658:             ls$titulo/dona
659:             ls$residencia/soure
660: 
661:             marido$jose barbosa canais/id=o1722.51-per1-per2
662:                ls$residencia/soure
663: 
664:          locs$ermida de sao francisco
665: 
666:          sacr$sim/obs=excepto a extrema uncao por nao chamarem a tempo de a achar com vida
667: 
668:          oficios$1 de nove licoes
669: 
670:          testamento$n
671: 
672:       obito$o1722.52/7/6/1722/fl.80v/celebrante__ vigario manuel rodrigues
673: 
674: obito$o1722.52
674:          n$antonia/f/id=o1722.52-per1
675:             ls$idade_aprox/4 meses
676:             ls$residencia/casal novo
677: 
678:             pai$domingos francisco/id=o1722.52-per1-per2
679:                ls$residencia/casal novo
680: 
681:          locs$ermida de santo andre
682: 
683:       obito$o1722.53/11/6/1722/fl.80v/celebrante__ vigario manuel rodrigues
684: 
685: obito$o1722.53
685:          n$maria/f/id=o1722.53-per1
686:             ls$idade_aprox/1 ano e meio
687:             ls$residencia/casal das brancas
688: 
689:             pai$luis carvalho/id=o1722.53-per1-per2
690:                ls$residencia/casal das brancas
691: 
692:          locs$ermida do divino espirito santo
693: 
694:       obito$o1722.54/11/6/1722/fl.81/celebrante__ vigario manuel rodrigues
695: 
696: obito$o1722.54
696:          n$luis/m/id=o1722.54-per1
697:             ls$idade_aprox/5 meses
698:             ls$residencia/casalinhos
699: 
700:             pai$joao rodrigues/id=o1722.54-per1-per2
701:                ls$residencia/casalinhos
702: 
703:          locs$igreja de sao tiago/obs=em cova da fabrica
704: 
705:       obito$o1722.55/13/6/1722/fl.81/celebrante__ vigario manuel rodrigues
706: 
707: obito$o1722.55
707:          n$maria/f/id=o1722.55-per1
708:             ls$idade_aprox/6 dias
709:             ls$residencia/barrosos
710: 
711:             pai$antonio marques/id=o1722.55-per1-per2
712:                ls$profissao/barbeiro
713:                ls$residencia/barrosos
714: 
715:          locs$ermida de sao sebastiao no mogadouro
716: 
717:       obito$o1722.56/16/6/1722/fl.81/celebrante__ vigario manuel rodrigues
718: 
719: obito$o1722.56
719:          n$luis/m/id=o1722.56-per1
720:             ls$ec/solteiro
721:             ls$residencia/soure
722: 
723:             mae$isabel rodrigues/id=o1722.56-per1-per2
724:                ls$ec/viuva
725:                ls$residencia/soure
726: 
727:          locs$adro
728: 
729:          sacr$sim
730: 
731:          oficios$1
732: 
733:          testamento$a
734: 
735:       obito$o1722.57/16/6/1722/fl.81/celebrante__ vigario manuel rodrigues
736: 
737: obito$o1722.57
737:          n$maria/f/id=o1722.57-per1
738:             ls$idade_aprox/3 para 4 meses
739:             ls$residencia/soure
740: 
741:             pai$lourenco dias/id=o1722.57-per1-per2
742:                ls$residencia/soure
743: 
744:          locs$ermida de sao sebastiao
745: 
746:       obito$o1722.58/17/6/1722/fl.81-81v/celebrante__ vigario manuel rodrigues
747: 
748: obito$o1722.58
748:          n$jose/m/id=o1722.58-per1
749:             ls$idade_aprox/2 para 3 meses
750:             ls$residencia/cavaleiros
751: 
752:             pai$joao ramos/id=o1722.58-per1-per2
753:                ls$residencia/cavaleiros
754: 
755:          locs$adro
756: 
757:       obito$o1722.59/22/6/1722/fl.81v/celebrante__ vigario manuel rodrigues
758: 
759: obito$o1722.59
759:          n$mariana/f/id=o1722.59-per1
760:             ls$idade_aprox/15 meses
761:             ls$residencia/oureca
762: 
763:             pai$joao dinis/id=o1722.59-per1-per2
764:                ls$residencia/oureca
765: 
766:          locs$adro
767: 
768:       obito$o1722.60/3/7/1722/fl.1722/celebrante__ vigario manuel rodrigues
769: 
770: obito$o1722.60
770:          n$ana/f/id=o1722.60-per1
771:             ls$idade_aprox/5 anos
772:             ls$residencia/casal novo
773: 
774:             pai$diogo goncalves/id=o1722.60-per1-per2
775:                ls$residencia/casal novo
776: 
777:          locs$ermida de santo andre
778: 
779:       obito$o1722.61/5/7/1722/fl.81v/celebrante__ vigario manuel rodrigues
780: 
781: obito$o1722.61
781:          n$isabel/f/id=o1722.61-per1
782:             ls$idade_aprox/3 anos
783:             ls$residencia/migalho
784: 
785:             pai$joao cardoso/id=o1722.61-per1-per2
786:                ls$residencia/migalho
787: 
788:          locs$ermida de santo andre de casal novo
789: 
790:       obito$o1722.62/5/7/1722/fl.81v-82/celebrante__ vigario manuel rodrigues
791: 
792: obito$o1722.62
792:          n$teresa/f/id=o1722.62-per1
793:             ls$idade_aprox/mais de 20 anos
794:             ls$ec/solteira
795:             ls$profissao/criada/obs=criada de gabriel da costa gramaxo na sua quinta de pai daniel
796:             ls$residencia/pai daniel
797: 
798:             pai$manuel dias/id=o1722.62-per1-per2
799:                ls$residencia/nossa senhora da guia
800:                ls$freguesia/mata mourisca
801: 
802:          locs$ermida do divino espirito santo
803: 
804:       obito$o1722.63/10/7/1722/fl.82/celebrante__ vigario manuel rodrigues
805: 
806: obito$o1722.63
806:          n$maria ferreira/f/id=1722-63-maria
807:             ls$ec/viuva
808:             ls$residencia/soure
809: 
810:          locs$ermida de sao sebastiao
811: 
812:          sacr$sim
813: 
814:          oficios$3 de nove licoes
815: 
816:          testamento$sim
817: 
818:          referido$tome de brito pereira/id=o1722.63-per1
819:             ls$residencia/soure
820:             rel$parentesco/genro/maria ferreira/1722-o63-maria
821: 
822:       obito$o1722.64/14/7/1722/fl.82/celebrante__ vigario manuel rodrigues
823: 
824: obito$o1722.64
824:          n$sebastiao/m/id=o1722.64-per1
825:             ls$idade_aprox/2 anos
826:             ls$residencia/casal de mendinho
827: 
828:             pai$manuel goncalves/id=o1722.64-per1-per2
829:                ls$cargo/capitao
830:                ls$residencia/casal de mendinho
831: 
832:          locs$adro
833: 
834:       obito$o1722.65/17/7/1722/fl.82/celebrante__ vigario manuel rodrigues
835: 
836: obito$o1722.65
836:          n$antonio goncalves gaio/m/id=o1722.65-per1
837:             ls$residencia/quinta da cruz
838: 
839:          locs$adro
840: 
841:          sacr$sim
842: 
843:          oficios$1
844: 
845:          testamento$n
846: 
847:       obito$o1722.66/20/7/1722/fl.82/celebrante__ vigario manuel rodrigues
848: 
849: obito$o1722.66
849:          n$domingas/f/id=o1722.66-per1
850:             ls$ec/solteira
851:             ls$residencia/barrosos
852: 
853:          locs$adro
854: 
855:          sacr$sim
856: 
857:          oficios$1
858: 
859:          testamento$n
860: 
861:       obito$o1722.67/26/7/1722/fl.82v/celebrante__ vigario manuel rodrigues
862: 
863: obito$o1722.67
863:          n$maria/f/id=o1722.67-per1
864:             ls$idade_aprox/10 meses
865:             ls$residencia/lousoes
866: 
867:             pai$jose de oliveira/id=o1722.67-per1-per2
868:                ls$residencia/lousoes
869: 
870:          locs$ermida de santo andre
871: 
872:       obito$o1722.68/31/7/1722/fl.82v/celebrante__ vigario manuel rodrigues
873: 
874: obito$o1722.68
874:          n$maria rosada/f/id=o1722.68-per1
875:             ls$ec/viuva
876:             ls$residencia/barrosos
877: 
878:             pai$/id=o1722.68-per1-per2
879: 
880:          locs$ermida de sao sebastiao no mogadouro
881: 
882:          sacr$sim
883: 
884:          oficios$1
885: 
886:          testamento$n
887: 
888:       obito$o1722.69/4/8/1720/fl.82v/celebrante__ vigario manuel rodrigues
889: 
890: obito$o1722.69
890:          n$antonia/f/id=o1722.69-per1
891:             ls$idade_aprox/1 mes e meio
892:             ls$residencia/pouca pena
893: 
894:             pai$simao vaz/id=o1722.69-per1-per2
895:                ls$residencia/pouca pena
896: 
897:          locs$adro
898: 
899:       obito$o1722.70/5/8/1722/fl.82v/celebrante__ vigario manuel rodrigues
900: 
901: obito$o1722.70
901:          n$catarina rodrigues/f/id=o1722.70-per1
902:             ls$residencia/alencarce de cima
903: 
904:             marido$manuel madeira/id=o1722.70-per1-per2
905:                ls$residencia/alencarce de cima
906: 
907:          locs$igreja de sao tiago
908: 
909:          sacr$sim
910: 
911:          oficios$3
912: 
913:          testamento$n
914: 
915:       obito$o1722.71/7/8/1722/fl.83/celebrante__ vigario manuel rodrigues
916: 
917: obito$o1722.71
917:          n$manuel luis/id=o1722.71-per1
918:             ls$ec/viuvo
919:             ls$residencia/casa velha
920: 
921:          locs$ermida da nossa senhora das neves
922: 
923:          sacr$sim
924: 
925:          oficios$3
926: 
927:          testamento$n
928: 
929:       obito$o1722.72/15/8/1722/fl.83/celebrante__ vigario manuel rodrigues
930: 
931: obito$o1722.72
931:          n$joao coelho/m/id=o1722.72-per1
932:             ls$residencia/corujeira
933: 
934:          locs$ermida de sao mateus
935: 
936:          sacr$sim
937: 
938:          oficios$3
939: 
940:          testamento$n
941: 
942:       obito$o1722.73/25/8/1722/fl.83/celebrante__ vigario manuel rodrigues
943: 
944: obito$o1722.73
944:          n$antonio/m/id=o1722.73-per1
945:             ls$idade_aprox/16 para 17 anos
946:             ls$residencia/casconho
947: 
948:             pai$pedro francisco/id=o1722.73-per1-per2
949:                ls$residencia/casconho
950: 
951:          locs$igreja de sao tiago/obs=em cova da fabrica
952: 
953:          sacr$sim/obs=excepto o da extrema uncao por nao o chamarem a tempo
954: 
955:          oficios$1 de nove licoes
956: 
957:       obito$o1722.74/25/8/1722/fl.83-83v/celebrante__ vigario manuel rodrigues
958: 
959: obito$o1722.74
959:          n$josefa/f/id=o1722.74-per1
960:             ls$idade_aprox/2 anos
961:             ls$residencia/casal dos feijoes
962: 
963:             pai$manuel dias/id=o1722.74-per1-per2
964:                ls$profissao/carpinteiro
965:                ls$residencia/casal dos feijoes
966: 
967:          locs$ermida de sao mateus
968: 
969:       obito$o1722.75/27/8/1722/fl.83v/celebrante__ vigario manuel rodrigues
970: 
971: obito$o1722.75
971:          n$maria/f/id=o1722.75-per1
972:             ls$idade_aprox/6 para 7 anos
973:             ls$residencia/paleao
974: 
975:             pai$antonio ferreira marmelo/id=o1722.75-per1-per2
976:                ls$residencia/paleao
977: 
978:          locs$ermida de sao joao baptista
979: 
980:       obito$o1722.76/27/8/1722/fl.83v/celebrante__ vigario manuel rodrigues
981: 
982: obito$o1722.76
982:          n$manuel/m/id=o1722.76-per1
983:             ls$idade_aprox/1 ano
984:             ls$residencia/porto coelheiro
985: 
986:             pai$manuel madeira/id=o1722.76-per1-per2
987:                ls$residencia/porto coelheiro
988: 
989:          locs$igreja de tapeus/obs=por seu pai ali lhe ter feito sepultura
990: 
991:       obito$o1722.77/13/9/1722/fl.83v/celebrante__ vigario manuel rodrigues
992: 
993: obito$o1722.77
993:          n$manuel martins/id=o1722.77-per1
994:             ls$alcunha/o moco
995:             ls$residencia/cascao
996: 
997:          locs$igreja de sao tiago/obs=em cova da fabrica
998: 
999:          sacr$sim
1000: 
1001:          oficios$3 de nove licoes
1002: 
1003:          testamento$s
1004: 
1005:       obito$o1722.78/13/9/1722/fl.83v/celebrante__ vigario manuel rodrigues
1006: 
1007: obito$o1722.78
1007:          n$jose/m/id=1722-o78-jose
1008:             ls$idade_aprox/recem nascido
1009:             ls$residencia/soure
1010: 
1011:             pai$manuel martins camouro/id=1722-o78-jose-per1
1012:                ls$residencia/soure
1013: 
1014:          locs$ermida de sao francisco
1015: 
1016:          referida$maria gomes/id=o1722.78-per2
1017:             ls$profissao/parteira
1018:             ls$residencia/soure
1019:             rel$sociabilidade/baptizou em necessidade/jose/1722-o78-jose
1020: 
1021:          referido$gabriel colaco/obs=baptizou sub conditizone/id=o1722.78-per3
1022:             ls$profissao/padre
1023:             ls$residencia/espirito santo
1024: 
1025:       obito$o1722.79/14/9/1722/fl.84/celebrante__ vigario manuel rodrigues
1026: 
1027: obito$o1722.79
1027:          n$pascoa/f/id=1722-o79-pascoa
1028:             ls$idade_aprox/maior de idade
1029:             ls$residencia/casa velha
1030: 
1031:          locs$ermida de nossa senhora das neves
1032: 
1033:          sacr$sim
1034: 
1035:          oficios$3
1036: 
1037:          testamento$n
1038: 
1039:          referido$joao simoes/id=o1722.79-per1
1040:             ls$ec/solteiro
1041:             ls$residencia/casa velha
1042:             rel$parentesco/irmao/pascoa/1722-o79-pascoa
1043: 
1044:       obito$o1722.80/15/9/1722/fl.84/celebrante__ vigario manuel rodrigues
1045: 
1046: obito$o1722.80
1046:          n$madalena ferreira/id=o1722.80-per1
1047:             ls$ec/viuva
1048:             ls$residencia/espirito santo
1049: 
1050:          locs$ermida do divino espirito santo
1051: 
1052:          sacr$sim
1053: 
1054:          oficios$1
1055: 
1056:          testamento$n
1057: 
1058:       obito$o1722.81/22/9/1722/fl.84/celebrante__ vigario manuel rodrigues
1059: 
1060: obito$o1722.81
1060:          n$isabel/f/id=o1722.81-per1
1061:             ls$idade_aprox/18 anos
1062:             ls$residencia/porto coelheiro
1063: 
1064:             pai$simao joao/id=o1722.81-per1-per2
1065:                ls$residencia/porto coelheiro
1066: 
1067:          locs$ermida de sao sebastiao
1068: 
1069:          sacr$sim/obs=excepto o da extrema uncao porqque o nao pocurou
1070: 
1071:          oficios$1
1072: 
1073:       obito$o1722.82/27/9/1722/fl.84-84v/celebrante__ vigario manuel rodrigues
1074: 
1075: obito$o1722.82
1075:          n$catarina joao/f/id=o1722.82-per1
1076:             ls$ec/solteira
1077:             ls$naturalidade/vila nova de ancos
1078:             ls$residencia/soure
1079: 
1080:          locs$adro
1081: 
1082:          sacr$sim
1083: 
1084:          oficios$meio
1085: 
1086:          testamento$sim
1087: 
1088:       obito$o1722.83/5/10/1722/fl.84v/celebrante__ vigario manuel rodrigues
1089: 
1090: obito$o1722.83
1090:          n$isabel madeira/id=o1722.83-per1
1091:             ls$ec/viuva
1092:             ls$residencia/casal da cabeca gorda
1093: 
1094:          locs$ermida de sao joao em pinheiro
1095: 
1096:          sacr$sim/obs=excepto cumunhao por nao poder comungar
1097: 
1098:          oficios$3
1099: 
1100:          testamento$n
1101: 
1102:       obito$o1722.84/7/10/1722/fl.84v/celebrante__ vigario manuel rodrigues
1103: 
1104: obito$o1722.84
1104:          n$antonia/f/id=o1722.84-per1
1105:             ls$idade_aprox/6 anos
1106:             ls$residencia/pai daniel
1107: 
1108:             pai$gabriel da costa gramaxo/id=o1722.84-per1-per2
1109:                ls$residencia/pai daniel
1110: 
1111:          locs$capela mor da igreja de sao tiago
1112: 
1113:       obito$o1722.85/10/9/1722/fl.84v/celebrante__ vigario manuel rodrigues
1114: 
1115: obito$o1722.85
1115:          n$joao duarte/m/id=o1722.85-per1
1116:             ls$residencia/casa velha
1117: 
1118:          locs$local de sepultura__
1119: 
1120:          locf$fonte de casa velha/obs=achado morto em um regaco de agua fundo da fonte de casa velha
1121: 
1122:          causa$afogamento
1123: 
1124:          sacr$nao
1125: 
1126:          oficios$3 de 9 licoes
1127: 
1128:          testamento$n
1129: 
1130:       obito$o1722.86/13/10/1722/fl.84v-85/celebrante__ vigario manuel rodrigues
1131: 
1132: obito$o1722.86
1132:          n$isabel rodrigues/f/id=o1722.86-per1
1133:             ls$alcunha/a abegoa
1134:             ls$ec/viuva
1135:             ls$residencia/soure
1136: 
1137:          locs$adro
1138: 
1139:          sacr$sim
1140: 
1141:          oficios$1
1142: 
1143:          testamento$s
1144: 
1145:       obito$o1722.87/12/10/1722/fl.85/celebrante__ vigario manuel rodrigues
1146: 
1147: obito$o1722.87
1147:          n$antonio/m/id=o1722.87-per1
1148: 
1149:             pai$simao domingues/id=o1722.87-per1-per2
1150:                ls$residencia/sobral
1151:                ls$morto/antes
1152: 
1153:          locf$desconhecido/obs= por haver mais de quinze anos anda dela abzente sem se saber nem haver noticia alguma dele se ter por morto
1154: 
1155:          oficios$3 de 9 licoes
1156: 
1157:       obito$o1722.88/18/10/1722/fl.85/celebrante__ vigario manuel rodrigues
1158: 
1159: obito$o1722.88
1159:          n$joao venera/m/id=o1722.88-per1
1160:             ls$residencia/simoes
1161: 
1162:          locs$adro
1163: 
1164:          sacr$sim
1165: 
1166:          oficios$3
1167: 
1168:          testamento$a
1169: 
1170:       obito$o1722.89/19/10/1722/fl.85/celebrante__ vigario manuel rodrigues
1171: 
1172: obito$o1722.89
1172:          n$manuel carvalho/m/id=o1722.89-per1
1173:             ls$residencia/sobral
1174: 
1175:          locs$adro
1176: 
1177:          sacr$sim
1178: 
1179:          oficios$3
1180: 
1181:          testamento$n
1182: 
1183:       obito$o1722.90/28/10/1722/fl.85v/celebrante__ vigario manuel rodrigues
1184: 
1185: obito$o1722.90
1185:          n$maria/f/id=o1722.90-per1
1186:             ls$idade_aprox/5 meses
1187:             ls$residencia/casal das brancas
1188: 
1189:             pai$antonio pereira/id=o1722.90-per1-per2
1190:                ls$residencia/casal das brancas
1191: 
1192:          locs$ermida do espirito santo
1193: 
1194:       obito$o1722.91/9/11/1722/fl.85v/celebrante__ vigario manuel rodrigues
1195: 
1196: obito$o1722.91
1196:          n$manoel/m/id=o1722.91-per1
1197:             ls$idade_aprox/15 meses
1198:             ls$residencia/bechos
1199: 
1200:             pai$manuel ferreira/id=o1722.91-per1-per2
1201:                ls$residencia/bechos
1202: 
1203:          locs$ermida de sao sebastiao de soure
1204: 
1205:       obito$o1722.92/10/11/1722/fl.85v/celebrante__ vigario manuel rodrigues
1206: 
1207: obito$o1722.92
1207:          n$luis/m/id=o1722.92-per1
1208:             ls$idade_aprox/3 para 4 anos
1209:             ls$residencia/casal de galinhas
1210: 
1211:             pai$manuel francisco/id=o1722.92-per1-per2
1212:                ls$alcunha/corta ventos
1213:                ls$residencia/casal de galinhas
1214: 
1215:          locs$ermida do espirito santo
1216: 
1217:       obito$o1722.93/14/11/1722/fl.85v/celebrante__ vigario manuel rodrigues
1218: 
1219: obito$o1722.93
1219:          n$madalena rodrigues/f/id=o1722.93-per1
1220:             ls$residencia/alencarce de cima
1221: 
1222:             marido$manuel rodrigues/id=o1722.93-per1-per2
1223:                ls$residencia/alencarce de cima
1224: 
1225:          locs$ermida de santo tirso
1226: 
1227:          sacr$sim
1228: 
1229:          oficios$3
1230: 
1231:          testamento$n
1232: 
1233:       obito$o1722.94/14/11/1722/fl.86/celebrante__ vigario manuel rodrigues
1234: 
1235: obito$o1722.94
1235:          n$antonio de sousa/id=o1722.94-per1
1236:             ls$profissao/padre
1237:             ls$titulo/frei
1238:             ls$cargo/benefeciado
1239:             ls$residencia/soure
1240: 
1241:          locs$igreja de sao tiago/obs=em cova da fabrica
1242: 
1243:          locf$soure
1244: 
1245:          causa$queda que deu dentro da casa onde morava
1246: 
1247:          sacr$nao/obs= por morrer repentinamente
1248: 
1249:          oficios$1 de 9 licoes e cinco missas
1250: 
1251:          testamento$n
1252: 
1253:       obito$o1722.95/18/11/1722/fl.86/celebrante__ vigario manuel rodrigues
1254: 
1255: obito$o1722.95
1255:          n$manuel rodrigues feijao/id=o1722.95-per1
1256:             ls$ec/viuvo
1257:             ls$residencia/casal dos feijoes
1258: 
1259:          locs$igreja de sao tiago/obs=em cova da fabrica
1260: 
1261:          sacr$sim
1262: 
1263:          oficios$3 de 9 licoes
1264: 
1265:          testamento$s
1266: 
1267:       obito$o1722.96/18/11/1722/fl.86/celebrante__ vigario manuel rodrigues
1268: 
1269: obito$o1722.96
1269:          n$jose/m/id=o1722.96-per1
1270:             ls$idade_aprox/6 para 7 anos
1271:             ls$residencia/simoes
1272: 
1273:             pai$manuel joao garriapa/id=o1722.96-per1-per2
1274:                ls$residencia/simoes
1275: 
1276:          locs$ermida de sao lourenco nos simoes
1277: 
1278:       obito$o1722.97/22/11/1722/fl.86-86v/celebrante__ vigario manuel rodrigues
1279: 
1280: obito$o1722.97
1280:          n$maria joao/f/id=o1722.97-per1
1281:             ls$ec/viuva
1282:             ls$residencia/casconho
1283: 
1284:          locs$ermida de santo idelfonso
1285: 
1286:          sacr$sim
1287: 
1288:          oficios$3
1289: 
1290:          testamento$n
1291: 
1292:       obito$o1722.98/25/11/1722/fl.86v/celebrante__ vigario manuel rodrigues
1293: 
1294: obito$o1722.98
1294:          n$antonio gomes/m/id=o1722.98-per1
1295:             ls$residencia/paleao
1296: 
1297:          locs$ermida de sao joao baptista de paleao
1298: 
1299:          sacr$sim
1300: 
1301:          oficios$1 de 9 licoes
1302: 
1303:          testamento$n
1304: 
1305:       obito$o1722.99/27/11/1722/fl.87/celebrante__ vigario manuel rodrigues
1306: 
1307: obito$o1722.99
1307:          n$antonio goncalves/m/id=o1722.99-per1
1308:             ls$ec/viuvo
1309:             ls$residencia/podengos
1310: 
1311:          locs$adro
1312: 
1313:          sacr$sim
1314: 
1315:          oficios$1
1316: 
1317:          testamento$n
1318: 
1319:       obito$o1722.100/2/12/1722/fl.86v/celebrante__ vigario manuel rodrigues
1320: 
1321: obito$o1722.100
1321:          n$antonia velha/f/id=o1722.100-per1
1322:             ls$ec/solteira
1323:             ls$residencia/soure
1324: 
1325:          locs$igreja de sao tiago
1326: 
1327:          sacr$sim
1328: 
1329:          oficios$1
1330: 
1331:          testamento$n
1332: 
1333:       obito$o1722.101/4/12/1722/fl.86v-87/celebrante__ vigario manuel rodrigues
1334: 
1335: obito$o1722.101
1335:          n$isabel/f/id=o1722.101-per1
1336:             ls$idade_aprox/4 anos
1337:             ls$residencia/alencarce de cima
1338: 
1339:             pai$antonio madeira/id=o1722.101-per1-per2
1340:                ls$residencia/alencarce de cima
1341: 
1342:          locs$ermida de santo tirso
1343: 
1344:       obito$o1722.102/4/12/1722/fl.87/celebrante__ vigario manuel rodrigues
1345: 
1346: obito$o1722.102
1346:          n$maria goncalves/f/id=o1722.102-per1
1347:             ls$ec/viuva
1348:             ls$residencia/soure
1349: 
1350:          locs$igreja de sao tiago/obs=em cova da fabrica
1351: 
1352:          sacr$sim/obs=excepto sagrado viatico por empedimento da garganta e tres dias dias depois de dados os sacramentos deu uma queda por uma escada abaixo nunca se achando mais em condicoes
1353: 
1354:          oficios$1
1355: 
1356:          testamento$n
1357: 
1358:       obito$o1722.103/9/12/1722/fl.87/celebrante__ vigario manuel rodrigues
1359: 
1360: obito$o1722.103
1360:          n$manuel/m/id=o1722.103-per1
1361:             ls$naturalidade/podengos
1362: 
1363:             pai$antonio goncalves/id=o1722.103-per1-per2
1364:                ls$residencia/podengos
1365: 
1366:          locf$desconhecido/obs=por haver mais de quinze anos que se ausentou desta dita freguesiasem que mais houvesse noticia alguma dele se presume estar morto
1367: 
1368:       obito$o1722.105/17/12/1722/fl.87v/celebrante__ vigario manuel rodrigues
1369: 
1370: obito$o1722.105
1370:          n$joao/m/id=o1722.105-per1
1371:             ls$idade_aprox/7 para 8
1372:             ls$residencia/casal das brancas
1373: 
1374:             pai$luis goncalves/id=o1722.105-per1-per2
1375:                ls$residencia/casal das brancas
1376: 
1377:          locs$ermida do divino espirito santo
1378: 
1379:          sacr$sim/obs=so penitencia por nao procurarem outro algum
1380: 
1381:       obito$o1722.106/19/12/1722/fl.87v-88/celebrante__ vigario manuel rodrigues
1382: 
1383: obito$o1722.106
1383:          n$isabel/f/id=o1722.106-per1
1384:             ls$idade_aprox/3 para 4 anos
1385:             ls$residencia
1386: 

ERROR: obi1722.cli line 1386 ** Error: missing element(s) in ls(att-295) must have: valor
Near line: 1386 
Near line: 1387             pai$antonio rodrigues/id=o1722.106-per1-per2

1387:             pai$antonio rodrigues/id=o1722.106-per1-per2
1388:                ls$residencia/paleao
1389: 
1390:          locs$adro
1391: 
1392:       obito$o1722.107/21/12/1722/fl.88/celebrante__ vigario manuel rodrigues
1393: 
1394: obito$o1722.107
1394:          n$manuel/m/id=o1722.107-per1
1395:             ls$idade_aprox/2 anos
1396:             ls$residencia/simoes
1397: 
1398:             pai$jose fernandes/id=o1722.107-per1-per2
1399:                ls$residencia/simoes
1400:                ls$morto/antes
1401: 
1402:             mae$josefa lourenca/id=o1722.107-per1-per3
1403: 
1404:          locs$ermida de sao sebastiao de mogadouro
1405: 
1406:       obito$o1722.108/22/12/1722/fl.88/celebrante__ vigario manuel rodrigues
1407: 
1408: obito$o1722.108
1408:          n$maria/f/id=o1722.108-per1
1409:             ls$idade_aprox/9 meses
1410:             ls$residencia/alencarce de cima
1411: 
1412:             pai$antonio rodrigues/id=o1722.108-per1-per2
1413:                ls$profissao/caldeireiro
1414:                ls$residencia/alencarce de cima
1415: 
1416:          locs$ermida de santo tirso
1417: 
1418:       obito$o1722.109/26/12/1722/fl.88-88v/celebrante__ vigario manuel rodrigues
1419: 
1420: obito$o1722.109
1420:          n$pedro/m/id=o1722.109-per1
1421:             ls$idade_aprox/2 meses
1422:             ls$residencia/soure
1423: 
1424:             pai$manuelde brito/id=o1722.109-per1-per2
1425:                ls$residencia/soure
1426: 
1427:          locs$igreja de soa tiago/obs=em cova da fabrica
1428: 
1429:       obito$o1722.110/22/12/1722/fl.88v/celebrante__ vigario manuel rodrigues
1430: 
1431: obito$o1722.110
1431:          n$jose barbosa canais/id=1722-o110-jose
1432:             ls$residencia/soure
1433: 
1434:          locs$vila nova da barca
1435: 
1436:          locf$vila nova da barca/obs=indo visitar o seu cunhado luis de melo
1437: 
1438:          oficios$1 de 9 licoes
1439: 
1440:          referido$luis de melo/id=o1722.110-per1
1441:             ls$residencia/vila nova da barca
1442:             rel$parentesco/cunhado/jose barbosa canais/1722-o110-jose
1443: 
1444:       obito$o1722.111/29/12/1722/fl.88v/celebrante__ vigario manuel rodrigues
1445: 
1446: obito$o1722.111
1446:          n$antonio martins/m/id=o1722.111-per1
1447:             ls$residencia/carvalheira de cima
1448: 
1449:          locs$igreja de tapeus/obs=sem constar que nela elegesse sepultura
1450: 
1451:          causa$doenca prolongada
1452: 
1453:          sacr$sim/obs=excepto extrema uncao
1454: 
1455:          oficios$3 de 9 licoes
1456: *** End of File
1  errors. 
0  warnings.
Translation finished.
