ClioInput - version 2019.A1 - build 507 15/07/2019 21:58 
8-4-2020 8-25

Processing data file obi1721.cli
-------------------------------------------
Generic Act translation module with geoentities (XML).
     Joaquim Ramos de Carvalho (joaquim@uc.pt) 
** New document: kleio
=========================
kleio translation started
=========================
Structure: gacto2.str
Prefix: 
Autorel: 
Translation count: 3
Obs: 
** Processing source fonte$obitos 1721
6: obito$o1721.01
17: obito$o1721.2
32: obito$o1721.3
43: obito$o1721.4
54: obito$o1721.5
67: obito$o1721.6
78: obito$o1721.7
89: obito$o1721.8
100: obito$o1721.9
115: obito$o1721.10
126: obito$o1721.11
137: obito$o1721.12
150: obito$o1721.13
165: obito$o1721.14
179: obito$o1721.15
195: obito$o1721.16
206: obito$o1721.17
221: obito$o1721.18
239: obito$o1721.19
255: obito$o1721.20
266: obito$o1721.21
282: obito$o1721.22
292: obito$o1721.23
306: obito$o1721.24
320: obito$o1721.25
336: obito$o1721.26
347: obito$o1721.27
363: obito$o1721.28
377: obito$o1721.29
390: obito$o1721.30
401: obito$o1721.31
415: obito$o1721.32
429: obito$o1721.33
444: obito$o1721.34
461: obito$o1721.35
478: obito$o1721.36
490: obito$o1721.37
504: obito$o1721.38
518: obito$o1721.39
529: obito$o1721.40
550: obito$o1721.41
561: obito$o1721.42
576: obito$o1721.43
587: obito$o1721.44
598: obito$o1721.45
617: obito$o1721.46
628: obito$o1721.47
639: obito$o1721.48
654: obito$o1721.49
670: obito$o1721.50
684: obito$o1721.51
698: obito$o1721.52
713: obito$o1721.53
727: obito$o1721.54
741: obito$o1721.55
755: obito$o1721.56
771: obito$o1721.57
788: obito$o1721.58
800: obito$o1721.59
811: obito$o1721.60
822: obito$o1721.61
839: obito$o1721.62
850: obito$o1721.63
860: obito$o1721.64
876: obito$o1721.65
892: obito$o1721.66
903: obito$o1721.67
914: obito$o1721.68
928: obito$o1721.69
944: obito$o1721.70
955: obito$o1721.71
977: obito$o1721.72
988: obito$o1721.73
999: obito$o1721.74
1013: obito$o1721.75
1032: obito$o1721.76
1041: obito$o1721.77
1052: obito$o1721.78
1063: obito$o1721.79
1076: obito$o1721.80
1090: obito$o1721.81
1106: obito$o1721.82
1120: obito$o1721.83
1133: obito$o1721.84
1149: obito$o1721.85
1160: obito$o1721.86
1178: obito$o1721.87
1189: obito$o1721.88
1200: obito$o1721.89
1218: obito$o1721.90
1235: obito$o1721.91
1246: obito$o1721.92
1264: obito$o1721.93
1280: obito$o1721.94
1294: obito$o1721.95
1314: obito$o1721.96
1325: obito$o1721.97
1337: obito$o1721.98
1350: obito$o1721.99
1368: obito$o1721.100
1379: obito$o1721.101
1395: obito$o1721.102
*** End of File
** Processed file- /kleio-home/sources/soure-fontes/sources/soure_fase2/obi1721.cli
** Original file- /kleio-home/sources/soure-fontes/sources/soure_fase2/obi1721.org
** Previous version- /kleio-home/sources/soure-fontes/sources/soure_fase2/obi1721.old
** Temp file with ids- /kleio-home/sources/soure-fontes/sources/soure_fase2/obi1721.ids
0  errors. 
0  warnings.
Translation finished.
