ClioInput - version @@VERSION@@ - build @@BUILD@@ @@DATE@@
10-8-2018 15-36

Processing data file /Users/jrc/mhk-home/sources/soure/documents/soure2/obi1728.cli
-------------------------------------------
Generic Act translation module with geoentities (XML).
     Joaquim Ramos de Carvalho (joaquim@uc.pt) 
** New document: kleio
=========================
kleio translation started
=========================
Structure: gacto2.str
Prefix: 
Autorel: 
Translation count: 
Obs: 
Translation count not set or invalid, counting as zero: 
** Processing source fonte$obitos 1728
6: obito$o1728.01
17: obito$o1728.2
30: obito$o1728.3
49: obito$o1728.4
60: obito$o1728.5
76: obito$o1728.6
88: obito$o1728.7
101: obito$o1728.8
117: obito$o1728.9
132: obito$o1728.10
148: obito$o1728.11
166: obito$o1728.12
178: obito$o1728.13
193: obito$o1728.14
206: obito$o1728.15
219: obito$o1728.16
236: obito$o1728.17
250: obito$o1728.18
263: obito$o1728.19
278: obito$o1728.20
291: obito$o1728.21
306: obito$o1728.22
324: obito$o1728.23
346: obito$o1728.24
359: obito$o1728.25
372: obito$o1728.26
388: obito$o1728.27
402: obito$o1728.28
418: obito$o1728.29
434: obito$o1728.30
452: obito$o1728.31
466: obito$o1728.32
484: obito$o1728.33
497: obito$o1728.34
513: obito$o1728.35
530: obito$o1728.36
544: obito$o1728.37
555: obito$o1728.38
569: obito$o1728.39
582: obito$o1728.40
595: obito$o1728.41
609: obito$o1728.42
622: obito$o1728.43
633: obito$o1728.44
644: obito$o1728.45
662: obito$o1728.46
676: obito$o1728.47
690: obito$o1728.48
701: obito$o1728.49
714: obito$o1728.50
732: obito$o1728.51
750: obito$o1728.52
763: obito$o1728.53
774: obito$o1728.54
787: obito$o1728.55
803: obito$o1728.56
811: obito$o1728.57
828: obito$o1728.58
838: obito$o1728.59
852: obito$o1728.60
865: obito$o1728.61
879: obito$o1728.62
895: obito$o1728.63
911: obito$o1728.64
925: obito$o1728.65
943: obito$o1728.66
959: obito$o1728.67
977: obito$o1728.68
988: obito$o1728.69
1005: obito$o1728.70
1016: obito$o1728.71
1030: obito$o1728.72
1048: obito$o1728.73
1060: obito$o1728.74
1076: obito$o1728.75
1090: obito$o1728.76
1101: obito$o1728.77
1119: obito$o1728.78
1132: obito$o1728.79
1143: obito$o1728.80
1159: obito$o1728.81
1175: obito$o1728.82
1182: obito$o1728.83
1195: obito$o1728.84
1208: obito$o1728.85
1221: obito$o1728.86
1235: obito$o1728.87
1254: obito$o1728.88
1271: obito$o1728.89
1282: obito$o1728.90
1293: obito$o1728.91
1311: obito$o1728.92
1328: obito$o1728.93
1343: obito$o1728.94
1354: obito$o1728.95
1368: obito$o1728.96
1384: obito$o1728.97
1398: obito$o1728.98
1409: obito$o1728.99
1423: obito$o1728.100
1437: obito$o1728.101
1453: obito$o1728.102
1467: obito$o1728.103
1483: obito$o1728.104
*** End of File
** Processed file- /Users/jrc/mhk-home/sources/soure/documents/soure2/obi1728.cli
** Original file- /Users/jrc/mhk-home/sources/soure/documents/soure2/obi1728.org
** Previous version- /Users/jrc/mhk-home/sources/soure/documents/soure2/obi1728.old
** Temp file with ids- /Users/jrc/mhk-home/sources/soure/documents/soure2/obi1728.ids
0  errors. 
0  warnings.
Translation finished.
