KleioTranslator - server version 2019.A2 - build 290 (Import-identifications) 18/08/2020 17:07 
18-8-2020 17-24

Processing data file b1689.cli
-------------------------------------------
Generic Act translation module with geoentities (XML).
     Joaquim Ramos de Carvalho (joaquim@uc.pt) 
** New document: kleio
=========================
kleio translation started
=========================
Structure: gacto.str
Prefix: 
Autorel: 
Translation count: 27
Obs: 
** Processing source fonte$baptismos 1689
6: bap$b1689.1
22: bap$b1689.2
39: bap$b1689.3
57: bap$b1689.4
76: bap$b1689.5
94: bap$b1689.6
111: bap$b1689.7
134: bap$b1689.8
154: bap$b1689.9
181: bap$b1689.10
198: bap$b1689.11
217: bap$b1689.12
234: bap$b1689.13
252: bap$b1689.14
270: bap$b1689.15
289: bap$b1689.16
307: bap$b1689.17
330: bap$b1689.18
345: bap$b1689.18bis
363: bap$b1689.19
379: bap$b1689.20
395: bap$b1689.21
416: bap$b1689.22
433: bap$b1689.23
449: bap$b1689.24
467: bap$b1689.25
484: bap$b1689.26
503: bap$b1689.27
521: bap$b1689.28
537: bap$b1689.29
554: bap$b1689.30
571: bap$b1689.31
587: bap$b1689.32
605: bap$b1689.33
619: bap$b1689.34
635: bap$b1689.35
650: bap$b1689.36
666: bap$b1689.37
684: bap$b1689.38
702: bap$b1689.39
722: bap$b1689.40
739: bap$b1689.41
754: bap$b1689.42
773: bap$b1689.43
791: bap$b1689.44
805: bap$b1689.45
823: bap$b1689.46
842: bap$b1689.47
858: bap$b1689.48
875: bap$b1689.49
890: bap$b1689.50
905: bap$b1689.51
924: bap$b1689.52
943: bap$b1689.53
964: bap$b1689.54
982: bap$b1689.55
998: bap$b1689.56
1014: bap$b1689.57
1033: bap$b1689.58
1051: bap$b1689.59
1068: bap$b1689.60
1087: bap$b1689.61
1103: bap$b1689.62
1120: bap$b1689.63
1132: bap$b1689.64
1149: bap$b1689.65
1164: bap$b1689.66
1183: bap$b1689.67
1199: bap$b1689.68
1211: bap$b1689.69
1226: bap$b1689.70
1244: bap$b1689.71
1260: bap$b1689.72
1275: bap$b1689.73
1293: bap$b1689.74
1305: bap$b1689.75
1323: bap$b1689.76
1334: bap$b1689.77
1352: bap$b1689.78
1361: bap$b1689.79
1380: bap$b1689.80
1397: bap$b1689.81
1412: bap$b1689.82
1427: bap$b1689.83
1444: bap$b1689.84
1460: bap$b1689.85
1472: bap$b1689.86
1488: bap$b1689.87
1504: bap$b1689.88
1523: bap$b1689.89
1539: bap$b1689.90
1556: bap$b1689.91
1571: bap$b1689.92
1588: bap$b1689.93
1602: bap$b1689.94
1620: bap$b1689.95
1639: bap$b1689.96
1658: bap$b1689.97
1675: bap$b1689.98
*** End of File


** Processed file- /kleio-home/sources/soure-fontes/sources/1685-1720/baptismos/b1689.cli
** Original file- /kleio-home/sources/soure-fontes/sources/1685-1720/baptismos/b1689.org
** Previous version- /kleio-home/sources/soure-fontes/sources/1685-1720/baptismos/b1689.old
** Temp file with ids- /kleio-home/sources/soure-fontes/sources/1685-1720/baptismos/b1689.ids
** - /kleio-home/sources/soure-fontes/sources/1685-1720/baptismos/b1689.cli-renamed to- /kleio-home/sources/soure-fontes/sources/1685-1720/baptismos/b1689.org
** - /kleio-home/sources/soure-fontes/sources/1685-1720/baptismos/b1689.ids-renamed to- /kleio-home/sources/soure-fontes/sources/1685-1720/baptismos/b1689.cli
** Translation files closed.
0  errors. 
0  warnings.
Translation finished.
