KleioTranslator - server version 2019.A1 - build 256 07/05/2020 17:41 
11-5-2020 8-16

Processing data file b1685.cli
-------------------------------------------
Generic Act translation module with geoentities (XML).
     Joaquim Ramos de Carvalho (joaquim@uc.pt) 
** New document: kleio
=========================
kleio translation started
=========================
Structure: gacto2.str
Prefix: 
Autorel: 
Translation count: 35
Obs: 
** Processing source fonte$baptismos 1685
6: bap$b1685.1
22: bap$b1685.2
40: bap$b1685.3
59: bap$b1685.4
70: bap$b1685.5
79: bap$b1685.6
98: bap$b1685.7
113: bap$b1685.8
129: bap$b1685.9
144: bap$b1685.10
156: bap$b1685.11
171: bap$b1685.12
183: bap$b1685.13
201: bap$b1685.14
219: bap$b1685.15
235: bap$b1685.16
250: bap$b1685.17
266: bap$b1685.18
284: bap$b1685.19
301: bap$b1685.20
318: bap$b1685.21
334: bap$b1685.22
351: bap$b1685.23
368: bap$b1685.24
381: bap$b1685.25
396: bap$b1685.26
416: bap$b1685.27
431: bap$b1685.27b
452: bap$b1685.27c
466: bap$b1685.27d
483: bap$b1685.28
502: bap$b1685.29
519: bap$b1685.30
533: bap$b1685.31
552: bap$b1685.32
573: bap$b1685.33
*** End of File
** Processed file- /kleio-home/sources/soure-fontes/sources/1685-1720/baptismos/b1685.cli
** Original file- /kleio-home/sources/soure-fontes/sources/1685-1720/baptismos/b1685.org
** Previous version- /kleio-home/sources/soure-fontes/sources/1685-1720/baptismos/b1685.old
** Temp file with ids- /kleio-home/sources/soure-fontes/sources/1685-1720/baptismos/b1685.ids
** - /kleio-home/sources/soure-fontes/sources/1685-1720/baptismos/b1685.cli-renamed to- /kleio-home/sources/soure-fontes/sources/1685-1720/baptismos/b1685.old
** - /kleio-home/sources/soure-fontes/sources/1685-1720/baptismos/b1685.ids-renamed to- /kleio-home/sources/soure-fontes/sources/1685-1720/baptismos/b1685.cli
** Translation files closed.
0  errors. 
0  warnings.
Translation finished.
