ClioInput - version 2019.A1 - build 235 28/04/2020 17:05 
4-5-2020 13-54

Processing data file b1686.cli
-------------------------------------------
Generic Act translation module with geoentities (XML).
     Joaquim Ramos de Carvalho (joaquim@uc.pt) 
** New document: kleio
=========================
kleio translation started
=========================
Structure: gacto.str
Prefix: 
Autorel: 
Translation count: 23
Obs: 
** Processing source fonte$baptismos 1686
6: bap$b1686.1
31: bap$b1686.2
48: bap$b1686.3
60: bap$b1686.4
73: bap$b1686.5
91: bap$b1686.6
109: bap$b1686.7
122: bap$b1686.8
142: bap$b1686.9
164: bap$b1686.10
179: bap$b1686.11
196: bap$b1686.12
217: bap$b1686.13
235: bap$b1686.14
254: bap$b1686.15
273: bap$b1686.16
291: bap$b1686.17
310: bap$b1686.18
326: bap$b1686.19
342: bap$b1686.20
359: bap$b1686.21
383: bap$b1686.22
401: bap$b1686.23
420: bap$b1686.24
438: bap$b1686.25
453: bap$b1686.26
471: bap$b1686.27
480: bap$b1686.28
495: bap$b1686.29
512: bap$b1686.30
530: bap$b1686.31
545: bap$b1686.32
569: bap$b1686.33
585: bap$b1686.34
605: bap$b1686.35
624: bap$b1686.36
643: bap$b1686.37
657: bap$b1686.38
672: bap$b1686.38bis
676: bap$b1686.39
693: bap$b1686.40
717: bap$b1686.41
734: bap$b1686.42
749: bap$b1686.43
768: bap$b1686.44
788: bap$b1686.45
805: bap$b1686.46
820: bap$b1686.47
840: bap$b1686.48
859: bap$b1686.49
876: bap$b1686.50
895: bap$b1686.51
911: bap$b1686.52
933: bap$b1686.53
937: bap$b1686.54
953: bap$b1686.55
968: bap$b1686.56
983: bap$b1686.57
995: bap$b1686.58
*** End of File
** Processed file- /kleio-home/sources/soure-fontes/sources/1685-1720/baptismos/b1686.cli
** Original file- /kleio-home/sources/soure-fontes/sources/1685-1720/baptismos/b1686.org
** Previous version- /kleio-home/sources/soure-fontes/sources/1685-1720/baptismos/b1686.old
** Temp file with ids- /kleio-home/sources/soure-fontes/sources/1685-1720/baptismos/b1686.ids
0  errors. 
0  warnings.
Translation finished.
