KleioTranslator - server version 2019.A2 - build 290 (Import-identifications) 18/08/2020 17:07 
18-8-2020 17-10

Processing data file b1687.cli
-------------------------------------------
Generic Act translation module with geoentities (XML).
     Joaquim Ramos de Carvalho (joaquim@uc.pt) 
** New document: kleio
=========================
kleio translation started
=========================
Structure: gacto.str
Prefix: 
Autorel: 
Translation count: 34
Obs: 
** Processing source fonte$baptismos 1687
6: bap$b1687.1
27: bap$b1687.2
46: bap$b1687.3
65: bap$b1687.4
85: bap$b1687.5
106: bap$b1687.6
121: bap$b1687.7
140: bap$b1687.8
159: bap$b1687.9
173: bap$b1687.10
190: bap$b1687.11
206: bap$b1687.12
227: bap$b1687.13
244: bap$b1687.14
264: bap$b1687.15
284: bap$b1687.16
296: bap$b1687.17
320: bap$b1687.18
339: bap$b1687.19
360: bap$b1687.20
380: bap$b1687.21
397: bap$b1687.22
406: bap$b1687.23
428: bap$b1687.24
443: bap$b1687.25
468: bap$b1687.26
487: bap$b1687.27
505: bap$b1687.28
522: bap$b1687.29
538: bap$b1687.30
556: bap$b1687.31
577: bap$b1687.32
592: bap$b1687.33
608: bap$b1687.34
626: bap$b1687.35
648: bap$b1687.36
663: bap$b1687.37
680: bap$b1687.38
700: bap$b1687.39
719: bap$b1687.40
737: bap$b1687.41
752: bap$b1687.42
770: bap$b1687.43
788: bap$b1687.44
803: bap$b1687.45
820: bap$b1687.46
837: bap$b1687.47
855: bap$b1687.48
868: bap$b1687.49
884: bap$b1687.50
901: bap$b1687.51
919: bap$b1687.52
934: bap$b1687.53
951: bap$b1687.54
966: bap$b1687.55
982: bap$b1687.56
999: bap$b1687.57
1014: bap$b1687.58
1029: bap$b1687.59
1045: bap$b1687.60
1064: bap$b1687.61
1080: bap$b1687.62
1098: bap$b1687.63
1120: bap$b1687.64
1131: bap$b1687.65
1148: bap$b1687.66
1166: bap$b1687.67
1181: bap$b1687.68
1197: bap$b1687.69
1213: bap$b1687.70
1231: bap$b1687.71
1247: bap$b1687.72
1263: bap$b1687.73
1279: bap$b1687.74
1292: bap$b1687.75
1312: bap$b1687.76
1329: bap$b1687.77
1347: bap$b1687.78
1361: bap$b1687.79
1375: bap$b1687.80
1390: bap$b1687.81
1406: bap$b1687.82
1421: bap$b1687.83
1438: bap$b1687.84
1457: bap$b1687.85
1472: bap$b1687.86
1487: bap$b1687.87
1502: bap$b1687.89
*** End of File


** Processed file- /kleio-home/sources/soure-fontes/sources/1685-1720/baptismos/b1687.cli
** Original file- /kleio-home/sources/soure-fontes/sources/1685-1720/baptismos/b1687.org
** Previous version- /kleio-home/sources/soure-fontes/sources/1685-1720/baptismos/b1687.old
** Temp file with ids- /kleio-home/sources/soure-fontes/sources/1685-1720/baptismos/b1687.ids
** - /kleio-home/sources/soure-fontes/sources/1685-1720/baptismos/b1687.cli-renamed to- /kleio-home/sources/soure-fontes/sources/1685-1720/baptismos/b1687.org
** - /kleio-home/sources/soure-fontes/sources/1685-1720/baptismos/b1687.ids-renamed to- /kleio-home/sources/soure-fontes/sources/1685-1720/baptismos/b1687.cli
** Translation files closed.
0  errors. 
0  warnings.
Translation finished.
