KleioTranslator - server version 2019.A2 - build 290 (Import-identifications) 18/08/2020 17:07 
18-8-2020 17-10

Processing data file b1692.cli
-------------------------------------------
Generic Act translation module with geoentities (XML).
     Joaquim Ramos de Carvalho (joaquim@uc.pt) 
** New document: kleio
=========================
kleio translation started
=========================
Structure: gacto.str
Prefix: 
Autorel: 
Translation count: 21
Obs: 
** Processing source fonte$baptismos 1692
6: bap$b1692.1
25: bap$b1692.2
41: bap$b1692.3
52: bap$b1692.4
69: bap$b1692.5
84: bap$b1692.6
100: bap$b1692.7
119: bap$b1692.8
135: bap$b1692.9
152: bap$b1692.10
170: bap$b1692.11
185: bap$b1692.12
203: bap$b1692.13
218: bap$b1692.14
235: bap$b1692.15
252: bap$b1692.16
271: bap$b1692.17
287: bap$b1692.18
304: bap$b1692.19
319: bap$b1692.20
336: bap$b1692.21
353: bap$b1692.22
371: bap$b1692.23
388: bap$b1692.24
405: bap$b1692.25
423: bap$b1692.26
439: bap$b1692.27
455: bap$b1692.28
472: bap$b1692.29
490: bap$b1692.30
507: bap$b1692.31
524: bap$b1692.32
541: bap$b1692.33
562: bap$b1692.34
578: bap$b1692.35
598: bap$b1692.36
618: bap$b1692.37
635: bap$b1692.38
655: bap$b1692.39
670: bap$b1692.40
687: bap$b1692.41
704: bap$b1692.42
722: bap$b1692.43
738: bap$b1692.44
756: bap$b1692.45
776: bap$b1692.46
793: bap$b1692.47
809: bap$b1692.48
828: bap$b1692.49
846: bap$b1692.50
863: bap$b1692.51
881: bap$b1692.52
895: bap$b1692.53
912: bap$b1692.54
928: bap$b1692.55
944: bap$b1692.56
963: bap$b1692.57
980: bap$b1692.58
995: bap$b1692.59
1016: bap$b1692.60
1035: bap$b1692.61
1053: bap$b1692.62
1071: bap$b1692.63
1090: bap$b1692.64
1108: bap$b1692.65
1126: bap$b1692.66
1143: bap$b1692.67
1160: bap$b1692.68
1175: bap$b1692.69
1186: bap$b1692.70
1202: bap$b1692.71
1218: bap$b1692.72
1236: bap$b1692.73
1249: bap$b1692.74
1266: bap$b1692.75
1278: bap$b1692.76
1294: bap$b1692.77
1312: bap$b1692.78
1328: bap$b1692.79
1346: bap$b1692.80
1363: bap$b1692.81
1380: bap$b1692.82
*** End of File


** Processed file- /kleio-home/sources/soure-fontes/sources/1685-1720/baptismos/b1692.cli
** Original file- /kleio-home/sources/soure-fontes/sources/1685-1720/baptismos/b1692.org
** Previous version- /kleio-home/sources/soure-fontes/sources/1685-1720/baptismos/b1692.old
** Temp file with ids- /kleio-home/sources/soure-fontes/sources/1685-1720/baptismos/b1692.ids
** - /kleio-home/sources/soure-fontes/sources/1685-1720/baptismos/b1692.cli-renamed to- /kleio-home/sources/soure-fontes/sources/1685-1720/baptismos/b1692.org
** - /kleio-home/sources/soure-fontes/sources/1685-1720/baptismos/b1692.ids-renamed to- /kleio-home/sources/soure-fontes/sources/1685-1720/baptismos/b1692.cli
** Translation files closed.
0  errors. 
0  warnings.
Translation finished.
