KleioTranslator - server version 2019.A2 - build 290 (Import-identifications) 18/08/2020 17:07 
18-8-2020 17-11

Processing data file b1698.cli
-------------------------------------------
Generic Act translation module with geoentities (XML).
     Joaquim Ramos de Carvalho (joaquim@uc.pt) 
** New document: kleio
=========================
kleio translation started
=========================
Structure: gacto.str
Prefix: 
Autorel: 
Translation count: 32
Obs: 
** Processing source fonte$baptismos 1698
6: bap$b1698.1
24: bap$b1698.2
41: bap$b1698.3
59: bap$b1698.3b
77: bap$b1698.4
94: bap$b1698.5
112: bap$b1698.6
128: bap$b1698.7
145: bap$b1698.8
162: bap$b1698.9
181: bap$b1698.10
198: bap$b1698.11
216: bap$b1698.12
233: bap$b1698.13
251: bap$b1698.14
269: bap$b1698.15
286: bap$b1698.16
303: bap$b1698.17
322: bap$b1698.18
340: bap$b1698.19
361: bap$b1698.20
380: bap$b1698.21
396: bap$b1698.22
414: bap$b1698.23a
433: bap$b1698.23b
449: bap$b1698.23c
467: bap$b1698.23d
484: bap$b1698.24
502: bap$b1698.25
521: bap$b1698.26
539: bap$b1698.27
556: bap$b1698.28
573: bap$b1698.29
592: bap$b1698.30
611: bap$b1698.31
629: bap$b1698.32
647: bap$b1698.33
665: bap$b1698.34
684: bap$b1698.35
699: bap$b1698.36
715: bap$b1698.37
733: bap$b1698.38
751: bap$b1698.39
768: bap$b1698.40
786: bap$b1698.41
804: bap$b1698.42
822: bap$b1698.43
834: bap$b1698.44
851: bap$b1698.45
868: bap$b1698.46
885: bap$b1698.47
902: bap$b1698.48
920: bap$b1698.49
937: bap$b1698.50
955: bap$b1698.51
972: bap$b1698.52
999: bap$b1698.53
1016: bap$b1698.54
1033: bap$b1698.55
1051: bap$b1698.56
1070: bap$b1698.57
1088: bap$b1698.58
1104: bap$b1698.59
1121: bap$b1698.60
1143: bap$b1698.61
1158: bap$b1698.62
1181: bap$b1698.63
1198: bap$b1698.64
1215: bap$b1698.65
1238: bap$b1698.66
1254: bap$b1698.67
1272: bap$b1698.68
1287: bap$b1698.69
1304: bap$b1698.70
1322: bap$b1698.71
1341: bap$b1698.72
1357: bap$b1698.73
1373: bap$b1698.74
1389: bap$b1698.75
1411: bap$b1698.76
1430: bap$b1698.77
1447: bap$b1698.78
1469: bap$b1698.79
1484: bap$b1698.80
1501: bap$b1698.81
1519: bap$b1698.82
1535: bap$b1698.83
1552: bap$b1698.84
1570: bap$b1698.85
1587: bap$b1698.86
1605: bap$b1698.87
1623: bap$b1698.88
1641: bap$b1698.89
1658: bap$b1698.90
1680: bap$b1698.91
1698: bap$b1698.92
1718: bap$b1698.93
1736: bap$b1698.94
1750: bap$b1698.95
1766: bap$b1698.96
1783: bap$b1698.97
1803: bap$b1698.98
1819: bap$b1698.99
1837: bap$b1698.100
1856: bap$b1698.101
1872: bap$b1698.102
1890: bap$b1698.103
1910: bap$b1698.104
1925: bap$b1698.105
1943: bap$b1698.106
1958: bap$b1698.107
1975: bap$b1698.108
1996: bap$b1698.109
2013: bap$b1698.110
2032: bap$b1698.111
2044: bap$b1698.112
2061: bap$b1698.113
*** End of File


** Processed file- /kleio-home/sources/soure-fontes/sources/1685-1720/baptismos/b1698.cli
** Original file- /kleio-home/sources/soure-fontes/sources/1685-1720/baptismos/b1698.org
** Previous version- /kleio-home/sources/soure-fontes/sources/1685-1720/baptismos/b1698.old
** Temp file with ids- /kleio-home/sources/soure-fontes/sources/1685-1720/baptismos/b1698.ids
** - /kleio-home/sources/soure-fontes/sources/1685-1720/baptismos/b1698.cli-renamed to- /kleio-home/sources/soure-fontes/sources/1685-1720/baptismos/b1698.org
** - /kleio-home/sources/soure-fontes/sources/1685-1720/baptismos/b1698.ids-renamed to- /kleio-home/sources/soure-fontes/sources/1685-1720/baptismos/b1698.cli
** Translation files closed.
0  errors. 
0  warnings.
Translation finished.
