KleioTranslator - server version 2019.A2 - build 290 (Import-identifications) 18/08/2020 17:07 
18-8-2020 17-11

Processing data file b1696.cli
-------------------------------------------
Generic Act translation module with geoentities (XML).
     Joaquim Ramos de Carvalho (joaquim@uc.pt) 
** New document: kleio
=========================
kleio translation started
=========================
Structure: gacto.str
Prefix: 
Autorel: 
Translation count: 22
Obs: 
** Processing source fonte$baptismos 1696
6: bap$b1696.1
26: bap$b1696.2
49: bap$b1696.3
67: bap$b1696.4
84: bap$b1696.5
101: bap$b1696.6
118: bap$b1696.7
137: bap$b1696.8
154: bap$b1696.9
176: bap$b1696.10
195: bap$b1696.11
214: bap$b1696.12
223: bap$b1696.13
239: bap$b1696.14
254: bap$b1696.15
271: bap$b1696.16
291: bap$b1696.17
310: bap$b1696.18
328: bap$b1696.19
345: bap$b1696.20
359: bap$b1696.21
376: bap$b1696.22
392: bap$b1696.23
409: bap$b1696.24
426: bap$b1696.25
445: bap$b1696.26
464: bap$b1696.27
484: bap$b1696.28
503: bap$b1696.29
518: bap$b1696.30
535: bap$b1696.31
552: bap$b1696.32
569: bap$b1696.33
585: bap$b1696.34
602: bap$b1696.35
617: bap$b1696.36
634: bap$b1696.37
652: bap$b1696.38
669: bap$b1696.39
692: bap$b1696.40
704: bap$b1696.41
721: bap$b1696.42
739: bap$b1696.43
757: bap$b1696.44
774: bap$b1696.45
792: bap$b1696.46
813: bap$b1696.47
831: bap$b1696.48
851: bap$b1696.49
872: bap$b1696.50
888: bap$b1696.51
903: bap$b1696.52
921: bap$b1696.53
936: bap$b1696.54
952: bap$b1696.55
968: bap$b1696.56
986: bap$b1696.57
1004: bap$b1696.58
1016: bap$b1696.59
1033: bap$b1696.60
1050: bap$b1696.61
1076: bap$b1696.62
1091: bap$b1696.63
1108: bap$b1696.64
1125: bap$b1696.65
1143: bap$b1696.66
1160: bap$b1696.67
1179: bap$b1696.68
1194: bap$b1696.69
1208: bap$b1696.70
1225: bap$b1696.71
1242: bap$b1696.72
1260: bap$b1696.73
1279: bap$b1696.74
1296: bap$b1696.75
1315: bap$b1696.76
1330: bap$b1696.77
1357: bap$b1696.78
1376: bap$b1696.79
1394: bap$b1696.80
1414: bap$b1696.81
1431: bap$b1696.82
1448: bap$b1696.83
1465: bap$b1696.84
1482: bap$b1696.85
*** End of File


** Processed file- /kleio-home/sources/soure-fontes/sources/1685-1720/baptismos/b1696.cli
** Original file- /kleio-home/sources/soure-fontes/sources/1685-1720/baptismos/b1696.org
** Previous version- /kleio-home/sources/soure-fontes/sources/1685-1720/baptismos/b1696.old
** Temp file with ids- /kleio-home/sources/soure-fontes/sources/1685-1720/baptismos/b1696.ids
** - /kleio-home/sources/soure-fontes/sources/1685-1720/baptismos/b1696.cli-renamed to- /kleio-home/sources/soure-fontes/sources/1685-1720/baptismos/b1696.org
** - /kleio-home/sources/soure-fontes/sources/1685-1720/baptismos/b1696.ids-renamed to- /kleio-home/sources/soure-fontes/sources/1685-1720/baptismos/b1696.cli
** Translation files closed.
0  errors. 
0  warnings.
Translation finished.
