KleioTranslator - server version 2019.A2 - build 290 (Import-identifications) 18/08/2020 17:07 
18-8-2020 17-10

Processing data file b1691.cli
-------------------------------------------
Generic Act translation module with geoentities (XML).
     Joaquim Ramos de Carvalho (joaquim@uc.pt) 
** New document: kleio
=========================
kleio translation started
=========================
Structure: gacto.str
Prefix: 
Autorel: 
Translation count: 23
Obs: 
** Processing source fonte$baptismos 1691
6: bap$b1691.1
23: bap$b1691.2
40: bap$b1691.3
56: bap$b1691.4
77: bap$b1691.5
94: bap$b1691.6
111: bap$b1691.7
128: bap$b1691.8
144: bap$b1691.9
161: bap$b1691.10
180: bap$b1691.11
197: bap$b1691.12
215: bap$b1691.13
232: bap$b1691.14
252: bap$b1691.15
270: bap$b1691.16
287: bap$b1691.17
305: bap$b1691.18
322: bap$b1691.19
335: bap$b1691.20
351: bap$b1691.21
370: bap$b1691.22
390: bap$b1691.23
408: bap$b1691.24
426: bap$b1691.25
442: bap$b1691.26
459: bap$b1691.27
476: bap$b1691.28
493: bap$b1691.29
514: bap$b1691.30
530: bap$b1691.31
547: bap$b1691.32
563: bap$b1691.33
575: bap$b1691.34
590: bap$b1691.35
607: bap$b1691.36
625: bap$b1691.37
644: bap$b1691.38
660: bap$b1691.39
678: bap$b1691.40
700: bap$b1691.41
716: bap$b1691.42
734: bap$b1691.43
751: bap$b1691.44
769: bap$b1691.45
783: bap$b1691.46
800: bap$b1691.47
815: bap$b1691.48
834: bap$b1691.49
852: bap$b1691.50
873: bap$b1691.51
889: bap$b1691.52
905: bap$b1691.53
918: bap$b1691.54
936: bap$b1691.55
954: bap$b1691.56
974: bap$b1691.57
992: bap$b1691.58
1004: bap$b1691.59
1021: bap$b1691.60
1033: bap$b1691.61
1054: bap$b1691.62
1065: bap$b1691.63
1082: bap$b1691.64
1099: bap$b1691.65
1115: bap$b1691.66
1133: bap$b1691.67
1150: bap$b1691.68
1168: bap$b1691.69
1187: bap$b1691.70
1203: bap$b1691.71
1218: bap$b1691.72
1234: bap$b1691.73
1249: bap$b1691.74
1265: bap$b1691.75
1280: bap$b1691.76
1294: bap$b1691.77
1308: bap$b1691.78
1327: bap$b1691.79
1342: bap$b1691.80
1359: bap$b1691.81
1375: bap$b1691.82
1395: bap$b1691.83
1414: bap$b1691.84
1433: bap$b1691.85
1452: bap$b1691.86
1470: bap$b1691.87
1489: bap$b1691.88
1506: bap$b1691.89
1525: bap$b1691.90
1541: bap$b1691.91
1562: bap$b1691.92
1578: bap$b1691.93
1596: bap$b1691.94
1613: bap$b1691.95
1624: bap$b1691.96
1640: bap$b1691.97
1656: bap$b1691.98
1673: bap$b1691.99
1686: bap$b1691.100
1703: bap$b1691.101
1720: bap$b1691.102
*** End of File


** Processed file- /kleio-home/sources/soure-fontes/sources/1685-1720/baptismos/b1691.cli
** Original file- /kleio-home/sources/soure-fontes/sources/1685-1720/baptismos/b1691.org
** Previous version- /kleio-home/sources/soure-fontes/sources/1685-1720/baptismos/b1691.old
** Temp file with ids- /kleio-home/sources/soure-fontes/sources/1685-1720/baptismos/b1691.ids
** - /kleio-home/sources/soure-fontes/sources/1685-1720/baptismos/b1691.cli-renamed to- /kleio-home/sources/soure-fontes/sources/1685-1720/baptismos/b1691.org
** - /kleio-home/sources/soure-fontes/sources/1685-1720/baptismos/b1691.ids-renamed to- /kleio-home/sources/soure-fontes/sources/1685-1720/baptismos/b1691.cli
** Translation files closed.
0  errors. 
0  warnings.
Translation finished.
