ClioInput - version @@VERSION@@ - build @@BUILD@@ @@DATE@@
20-4-2020 17-26

Processing data file b1696.cli
-------------------------------------------
Generic Act translation module with geoentities (XML).
     Joaquim Ramos de Carvalho (joaquim@uc.pt) 
** New document: kleio
=========================
kleio translation started
=========================
Structure: gacto.str
Prefix: 
Autorel: 
Translation count: 19
Obs: 
** Processing source fonte$baptismos 1696
6: bap$b1696.1
26: bap$b1696.2
49: bap$b1696.3
67: bap$b1696.4
84: bap$b1696.5
101: bap$b1696.6
118: bap$b1696.7
137: bap$b1696.8
154: bap$b1696.9
176: bap$b1696.10
195: bap$b1696.11
214: bap$b1696.12
223: bap$b1696.13
239: bap$b1696.14
254: bap$b1696.15
271: bap$b1696.16
291: bap$b1696.17
310: bap$b1696.18
328: bap$b1696.19
345: bap$b1696.20
359: bap$b1696.21
376: bap$b1696.22
392: bap$b1696.23
409: bap$b1696.24
426: bap$b1696.25
444: bap$b1696.26
463: bap$b1696.27
483: bap$b1696.28
502: bap$b1696.29
517: bap$b1696.30
534: bap$b1696.31
551: bap$b1696.32
568: bap$b1696.33
584: bap$b1696.34
601: bap$b1696.35
616: bap$b1696.36
633: bap$b1696.37
651: bap$b1696.38
668: bap$b1696.39
691: bap$b1696.40
703: bap$b1696.41
720: bap$b1696.42
738: bap$b1696.43
756: bap$b1696.44
773: bap$b1696.45
791: bap$b1696.46
812: bap$b1696.47
830: bap$b1696.48
850: bap$b1696.49
871: bap$b1696.50
887: bap$b1696.51
902: bap$b1696.52
920: bap$b1696.53
935: bap$b1696.54
951: bap$b1696.55
967: bap$b1696.56
985: bap$b1696.57
1003: bap$b1696.58
1015: bap$b1696.59
1032: bap$b1696.60
1049: bap$b1696.61
1075: bap$b1696.62
1090: bap$b1696.63
1107: bap$b1696.64
1124: bap$b1696.65
1142: bap$b1696.66
1159: bap$b1696.67
1178: bap$b1696.68
1193: bap$b1696.69
1207: bap$b1696.70
1224: bap$b1696.71
1241: bap$b1696.72
1259: bap$b1696.73
1278: bap$b1696.74
1295: bap$b1696.75
1314: bap$b1696.76
1329: bap$b1696.77
1356: bap$b1696.78
1375: bap$b1696.79
1393: bap$b1696.80
1413: bap$b1696.81
1430: bap$b1696.82
1447: bap$b1696.83
1464: bap$b1696.84
1481: bap$b1696.85
*** End of File
** Processed file- /Users/jrc/mhk-home/sources/soure-fontes/sources/soure_fase1/baptismos/b1696.cli
** Original file- /Users/jrc/mhk-home/sources/soure-fontes/sources/soure_fase1/baptismos/b1696.org
** Previous version- /Users/jrc/mhk-home/sources/soure-fontes/sources/soure_fase1/baptismos/b1696.old
** Temp file with ids- /Users/jrc/mhk-home/sources/soure-fontes/sources/soure_fase1/baptismos/b1696.ids
0  errors. 
0  warnings.
Translation finished.
