ClioInput - version @@VERSION@@ - build @@BUILD@@ @@DATE@@
20-4-2020 17-25

Processing data file b1699.cli
-------------------------------------------
Generic Act translation module with geoentities (XML).
     Joaquim Ramos de Carvalho (joaquim@uc.pt) 
** New document: kleio
=========================
kleio translation started
=========================
Structure: gacto.str
Prefix: 
Autorel: 
Translation count: 21
Obs: 
** Processing source fonte$baptismos 1699
6: bap$b1699.1
25: bap$b1699.2
42: bap$b1699.3
59: bap$b1699.4
76: bap$b1699.5
94: bap$b1699.6
110: bap$b1699.7
127: bap$b1699.8
142: bap$b1699.9
165: bap$b1699.10
182: bap$b1699.11
201: bap$b1699.12
218: bap$b1699.13
236: bap$b1699.14
254: bap$b1699.15
271: bap$b1699.16
287: bap$b1699.17
304: bap$b1699.18
321: bap$b1699.19
338: bap$b1699.20
357: bap$b1699.21
372: bap$b1699.22
387: bap$b1699.23
404: bap$b1699.24
423: bap$b1699.25
442: bap$b1699.26
461: bap$b1699.27
479: bap$b1699.28
496: bap$b1699.29
515: bap$b1699.30
531: bap$b1699.31
549: bap$b1699.32
566: bap$b1699.33
584: bap$b1699.34
602: bap$b1699.35
619: bap$b1699.36
635: bap$b1699.37
656: bap$b1699.38
674: bap$b1699.39
698: bap$b1699.40
716: bap$b1699.41
732: bap$b1699.42
751: bap$b1699.43
766: bap$b1699.44
783: bap$b1699.45
800: bap$b1699.46
818: bap$b1699.47
835: bap$b1699.48
850: bap$b1699.49
866: bap$b1699.50
882: bap$b1699.51
899: bap$b1699.52
916: bap$b1699.53
933: bap$b1699.54
950: bap$b1699.55
968: bap$b1699.56
987: bap$b1699.57
1006: bap$b1699.58
1027: bap$b1699.59
1046: bap$b1699.60
1063: bap$b1699.61
1083: bap$b1699.62
1102: bap$b1699.63
1121: bap$b1699.64
1139: bap$b1699.65
1159: bap$b1699.66
1174: bap$b1699.67
1189: bap$b1699.68
1205: bap$b1699.69
1224: bap$b1699.70
1241: bap$b1699.71
1258: bap$b1699.72
1270: bap$b1699.73
1288: bap$b1699.74
1301: bap$b1699.75
1322: bap$b1699.76
1340: bap$b1699.77
1357: bap$b1699.78
1374: bap$b1699.79
1392: bap$b1699.80
1408: bap$b1699.81
1426: bap$b1699.82
1443: bap$b1699.83
1460: bap$b1699.84
1475: bap$b1699.85
1492: bap$b1699.86
1509: bap$b1699.87
1527: bap$b1699.88
1543: bap$b1699.89
1559: bap$b1699.90
*** End of File
** Processed file- /Users/jrc/mhk-home/sources/soure-fontes/sources/soure_fase1/baptismos/b1699.cli
** Original file- /Users/jrc/mhk-home/sources/soure-fontes/sources/soure_fase1/baptismos/b1699.org
** Previous version- /Users/jrc/mhk-home/sources/soure-fontes/sources/soure_fase1/baptismos/b1699.old
** Temp file with ids- /Users/jrc/mhk-home/sources/soure-fontes/sources/soure_fase1/baptismos/b1699.ids
0  errors. 
0  warnings.
Translation finished.
