KleioTranslator - server version 2019.A1 - build 256 07/05/2020 17:41 
17-6-2020 19-22

Processing data file b1697.cli
-------------------------------------------
Generic Act translation module with geoentities (XML).
     Joaquim Ramos de Carvalho (joaquim@uc.pt) 
** New document: kleio
=========================
kleio translation started
=========================
Structure: gacto.str
Prefix: 
Autorel: 
Translation count: 27
Obs: 
** Processing source fonte$baptismos 1697
6: bap$b1697.1
18: bap$b1697.2
33: bap$b1697.3
48: bap$b1697.4
65: bap$b1697.5
83: bap$b1697.6
102: bap$b1697.7
121: bap$b1697.8
139: bap$b1697.9
155: bap$b1697.10
174: bap$b1697.11
191: bap$b1697.12
209: bap$b1697.13
227: bap$b1697.14
244: bap$b1697.15
262: bap$b1697.16
274: bap$b1697.17
292: bap$b1697.18
313: bap$b1697.19
330: bap$b1697.20
347: bap$b1697.21
366: bap$b1697.22
384: bap$b1697.23
399: bap$b1697.24
416: bap$b1697.25
434: bap$b1697.26
449: bap$b1697.27
466: bap$b1697.28
485: bap$b1697.29
502: bap$b1697.30
527: bap$b1697.31
544: bap$b1697.32
564: bap$b1697.33
581: bap$b1697.34
600: bap$b1697.35
618: bap$b1697.36
633: bap$b1697.37
649: bap$b1697.38
666: bap$b1697.39
683: bap$b1697.40
700: bap$b1697.41
716: bap$b1697.42
733: bap$b1697.43
750: bap$b1697.44
769: bap$b1697.45
787: bap$b1697.46
806: bap$b1697.47
824: bap$b1697.48
855: bap$b1697.49
873: bap$b1697.50
893: bap$b1697.51
911: bap$b1697.52
928: bap$b1697.53
950: bap$b1697.54
968: bap$b1697.55
985: bap$b1697.56
1002: bap$b1697.57
1022: bap$b1697.58
1046: bap$b1697.59
1066: bap$b1697.60
1081: bap$b1697.61
1093: bap$b1697.62
1110: bap$b1697.63
1131: bap$b1697.64
1146: bap$b1697.65
1165: bap$b1697.66
1190: bap$b1697.67
1212: bap$b1697.68
1230: bap$b1697.69
1252: bap$b1697.70
1271: bap$b1697.71
1288: bap$b1697.72
1304: bap$b1697.73
1321: bap$b1697.74
1337: bap$b1697.75
1352: bap$b1697.76
1370: bap$b1697.77
1387: bap$b1697.78
1404: bap$b1697.79
1421: bap$b1697.80
1438: bap$b1697.81
1455: bap$b1697.82
1470: bap$b1697.83
1487: bap$b1697.84
1507: bap$b1697.85
1530: bap$b1697.86
1547: bap$b1697.87
*** End of File
** Processed file- /kleio-home/sources/soure-fontes/sources/1685-1720/baptismos/b1697.cli
** Original file- /kleio-home/sources/soure-fontes/sources/1685-1720/baptismos/b1697.org
** Previous version- /kleio-home/sources/soure-fontes/sources/1685-1720/baptismos/b1697.old
** Temp file with ids- /kleio-home/sources/soure-fontes/sources/1685-1720/baptismos/b1697.ids
** - /kleio-home/sources/soure-fontes/sources/1685-1720/baptismos/b1697.cli-renamed to- /kleio-home/sources/soure-fontes/sources/1685-1720/baptismos/b1697.old
** - /kleio-home/sources/soure-fontes/sources/1685-1720/baptismos/b1697.ids-renamed to- /kleio-home/sources/soure-fontes/sources/1685-1720/baptismos/b1697.cli
** Translation files closed.
0  errors. 
0  warnings.
Translation finished.
