KleioTranslator - server version 2019.A2 - build 290 (Import-identifications) 18/08/2020 17:07 
18-8-2020 17-10

Processing data file b1703.cli
-------------------------------------------
Generic Act translation module with geoentities (XML).
     Joaquim Ramos de Carvalho (joaquim@uc.pt) 
** New document: kleio
=========================
kleio translation started
=========================
Structure: gacto.str
Prefix: 
Autorel: 
Translation count: 26
Obs: 
** Processing source fonte$baptismos 1703
6: bap$b1703.1
24: bap$b1703.2
39: bap$b1703.3
59: bap$b1703.4
76: bap$b1703.5
92: bap$b1703.6
107: bap$b1703.7
123: bap$b1703.8
147: bap$b1703.9
169: bap$b1703.10
184: bap$b1703.11
200: bap$b1703.12
216: bap$b1703.13
232: bap$b1703.14
249: bap$b1703.15
265: bap$b1703.16
279: bap$b1703.17
295: bap$b1703.18
310: bap$b1703.19
327: bap$b1703.20
343: bap$b1703.21
360: bap$b1703.22
381: bap$b1703.23
405: bap$b1703.24
422: bap$b1703.25
439: bap$b1703.26
457: bap$b1703.27
479: bap$b1703.28
494: bap$b1703.29
514: bap$b1703.30
532: bap$b1703.31
549: bap$b1703.32
565: bap$b1703.33
582: bap$b1703.34
599: bap$b1703.35
618: bap$b1703.36
632: bap$b1703.37
650: bap$b1703.38
667: bap$b1703.39
684: bap$b1703.40
701: bap$b1703.41
718: bap$b1703.42
737: bap$b1703.43
754: bap$b1703.44
774: bap$b1703.45
791: bap$b1703.46
810: bap$b1703.47
833: bap$b1703.48
851: bap$b1703.49
868: bap$b1703.50
886: bap$b1703.51
904: bap$b1703.52
922: bap$b1703.53
937: bap$b1703.54
952: bap$b1703.55
970: bap$b1703.56
987: bap$b1703.57
1006: bap$b1703.58
1031: bap$b1703.59
1048: bap$b1703.60
1065: bap$b1703.61
1073: bap$b1703.62
1091: bap$b1703.63
1108: bap$b1703.64
1126: bap$b1703.65
1141: bap$b1703.66
1156: bap$b1703.67
1177: bap$b1703.68
1193: bap$b1703.69
1207: bap$b1703.70
1222: bap$b1703.71
1238: bap$b1703.72
1251: bap$b1703.73
1269: bap$b1703.74
1286: bap$b1703.75
1304: bap$b1703.76
1321: bap$b1703.77
1339: bap$b1703.78
1357: bap$b1703.79
1376: bap$b1703.80
1397: bap$b1703.81
1417: bap$b1703.82
1434: bap$b1703.83
1452: bap$b1703.84
1470: bap$b1703.85
1489: bap$b1703.86
1507: bap$b1703.87
1526: bap$b1703.88
1546: bap$b1703.89
1563: bap$b1703.90
1578: bap$b1703.91
1599: bap$b1703.92
1616: bap$b1703.93
1631: bap$b1703.94
1649: bap$b1703.95
1667: bap$b1703.96
1684: bap$b1703.97
1703: bap$b1703.98
1720: bap$b1703.99
1737: bap$b1703.100
1755: bap$b1703.101
*** End of File


** Processed file- /kleio-home/sources/soure-fontes/sources/1685-1720/baptismos/b1703.cli
** Original file- /kleio-home/sources/soure-fontes/sources/1685-1720/baptismos/b1703.org
** Previous version- /kleio-home/sources/soure-fontes/sources/1685-1720/baptismos/b1703.old
** Temp file with ids- /kleio-home/sources/soure-fontes/sources/1685-1720/baptismos/b1703.ids
** - /kleio-home/sources/soure-fontes/sources/1685-1720/baptismos/b1703.cli-renamed to- /kleio-home/sources/soure-fontes/sources/1685-1720/baptismos/b1703.org
** - /kleio-home/sources/soure-fontes/sources/1685-1720/baptismos/b1703.ids-renamed to- /kleio-home/sources/soure-fontes/sources/1685-1720/baptismos/b1703.cli
** Translation files closed.
0  errors. 
0  warnings.
Translation finished.
