KleioTranslator - server version 2019.A2 - build 290 (Import-identifications) 18/08/2020 17:07 
18-8-2020 17-10

Processing data file b1704.cli
-------------------------------------------
Generic Act translation module with geoentities (XML).
     Joaquim Ramos de Carvalho (joaquim@uc.pt) 
** New document: kleio
=========================
kleio translation started
=========================
Structure: gacto.str
Prefix: 
Autorel: 
Translation count: 30
Obs: 
** Processing source fonte$baptismos 1704
6: bap$b1704.1
23: bap$b1704.2
38: bap$b1704.3
53: bap$b1704.4
77: bap$b1704.5
97: bap$b1704.6
116: bap$b1704.7
135: bap$b1704.8
153: bap$b1704.9
168: bap$b1704.10
187: bap$b1704.11
206: bap$b1704.12
222: bap$b1704.13
238: bap$b1704.14
256: bap$b1704.15
273: bap$b1704.16
291: bap$b1704.17
307: bap$b1704.18
323: bap$b1704.19
342: bap$b1704.20
361: bap$b1704.21
375: bap$b1704.22
395: bap$b1704.23
413: bap$b1704.24
432: bap$b1704.25
449: bap$b1704.26
470: bap$b1704.27
485: bap$b1704.28
503: bap$b1704.29
520: bap$b1704.30
537: bap$b1704.31
552: bap$b1704.32
571: bap$b1704.33
586: bap$b1704.34
597: bap$b1704.35
615: bap$b1704.36
634: bap$b1704.37
649: bap$b1704.38
667: bap$b1704.39
686: bap$b1704.40
702: bap$b1704.41
722: bap$b1704.42
739: bap$b1704.43
757: bap$b1704.44
777: bap$b1704.45
794: bap$b1704.46
811: bap$b1704.47
831: bap$b1704.48
841: bap$b1704.49
859: bap$b1704.50
873: bap$b1704.51
890: bap$b1704.52
908: bap$b1704.53
931: bap$b1704.54
947: bap$b1704.55
963: bap$b1704.56
978: bap$b1704.57
1002: bap$b1704.58
1021: bap$b1704.59
1044: bap$b1704.60
1062: bap$b1704.61
1079: bap$b1704.62
1096: bap$b1704.63
1113: bap$b1704.64
1132: bap$b1704.65
1149: bap$b1704.66
1166: bap$b1704.67
1182: bap$b1704.68
1199: bap$b1704.69
1217: bap$b1704.70
1234: bap$b1704.71
1253: bap$b1704.72
1272: bap$b1704.73
1295: bap$b1704.74
1313: bap$b1704.75
1330: bap$b1704.76
1348: bap$b1704.77
1366: bap$b1704.78
1381: bap$b1704.79
1398: bap$b1704.80
1416: bap$b1704.81
1433: bap$b1704.82
1454: bap$b1704.83
1471: bap$b1704.84
1488: bap$b1704.85
1505: bap$b1704.86
1522: bap$b1704.87
1540: bap$b1704.88
1558: bap$b1704.89
1572: bap$b1704.90
1589: bap$b1704.91
1606: bap$b1704.92
1630: bap$b1704.93
1648: bap$b1704.94
1664: bap$b1704.95
1684: bap$b1704.96
1701: bap$b1704.97
1719: bap$b1704.98
1735: bap$b1704.99
1747: bap$b1704.100
1769: bap$b1704.101
1785: bap$b1704.102
*** End of File

Line 882 "SAME AS" TO EXTERNAL REFERENCE EXPORTED (b1697.84-per4) CHECK IF IT EXISTS BEFORE IMPORTING THIS FILE.

** Processed file- /kleio-home/sources/soure-fontes/sources/1685-1720/baptismos/b1704.cli
** Original file- /kleio-home/sources/soure-fontes/sources/1685-1720/baptismos/b1704.org
** Previous version- /kleio-home/sources/soure-fontes/sources/1685-1720/baptismos/b1704.old
** Temp file with ids- /kleio-home/sources/soure-fontes/sources/1685-1720/baptismos/b1704.ids
** - /kleio-home/sources/soure-fontes/sources/1685-1720/baptismos/b1704.cli-renamed to- /kleio-home/sources/soure-fontes/sources/1685-1720/baptismos/b1704.org
** - /kleio-home/sources/soure-fontes/sources/1685-1720/baptismos/b1704.ids-renamed to- /kleio-home/sources/soure-fontes/sources/1685-1720/baptismos/b1704.cli
** Translation files closed.
0  errors. 
0  warnings.
Translation finished.
