KleioTranslator - server version 2019.A2 - build 290 (Import-identifications) 18/08/2020 17:07 
18-8-2020 17-24

Processing data file b1705.cli
-------------------------------------------
Generic Act translation module with geoentities (XML).
     Joaquim Ramos de Carvalho (joaquim@uc.pt) 
** New document: kleio
=========================
kleio translation started
=========================
Structure: gacto.str
Prefix: 
Autorel: 
Translation count: 24
Obs: 
** Processing source fonte$baptismos 1705
6: bap$b1705.1
23: bap$b1705.2
40: bap$b1705.3
59: bap$b1705.4
78: bap$b1705.5
97: bap$b1705.6
115: bap$b1705.7
134: bap$b1705.8
151: bap$b1705.9
166: bap$b1705.10
184: bap$b1705.11
201: bap$b1705.12
220: bap$b1705.13
235: bap$b1705.14
252: bap$b1705.15
269: bap$b1705.16
286: bap$b1705.17
303: bap$b1705.18
319: bap$b1705.19
343: bap$b1705.20
360: bap$b1705.21
381: bap$b1705.22
395: bap$b1705.23
413: bap$b1705.24
431: bap$b1705.25
450: bap$b1705.26
467: bap$b1705.27
500: bap$b1705.28
519: bap$b1705.29
535: bap$b1705.30
552: bap$b1705.31
565: bap$b1705.32
580: bap$b1705.33
595: bap$b1705.34
608: bap$b1705.35
624: bap$b1705.36
640: bap$b1705.37
656: bap$b1705.38
673: bap$b1705.39
694: bap$b1705.40
712: bap$b1705.41
731: bap$b1705.42
746: bap$b1705.43
767: bap$b1705.44
785: bap$b1705.45
803: bap$b1705.46
822: bap$b1705.47
838: bap$b1705.48
858: bap$b1705.49
875: bap$b1705.50
891: bap$b1705.51
910: bap$b1705.52
927: bap$b1705.53
946: bap$b1705.54
965: bap$b1705.55
983: bap$b1705.56
1007: bap$b1705.57
1027: bap$b1705.58
1044: bap$b1705.59
1064: bap$b1705.60
1082: bap$b1705.61
1099: bap$b1705.62
1116: bap$b1705.63
1131: bap$b1705.64
1149: bap$b1705.65
1168: bap$b1705.66
1185: bap$b1705.67
1202: bap$b1705.68
1219: bap$b1705.69
1235: bap$b1705.70
1250: bap$b1705.71
1268: bap$b1705.72
1284: bap$b1705.73
1301: bap$b1705.74
1319: bap$b1705.75
1337: bap$b1705.76
1354: bap$b1705.77
1374: bap$b1705.78
1390: bap$b1705.79
1406: bap$b1705.80
1423: bap$b1705.81
1439: bap$b1705.82
1456: bap$b1705.83
1472: bap$b1705.84
1487: bap$b1705.85
1504: bap$b1705.86
1526: bap$b1705.87
1542: bap$b1705.88
1558: bap$b1705.89
1576: bap$b1705.90
1592: bap$b1705.91
1605: bap$b1705.92
1626: bap$b1705.93
1643: bap$b1705.94
1659: bap$b1705.95
1676: bap$b1705.96
1692: bap$b1705.97
1708: bap$b1705.98
*** End of File


** Processed file- /kleio-home/sources/soure-fontes/sources/1685-1720/baptismos/b1705.cli
** Original file- /kleio-home/sources/soure-fontes/sources/1685-1720/baptismos/b1705.org
** Previous version- /kleio-home/sources/soure-fontes/sources/1685-1720/baptismos/b1705.old
** Temp file with ids- /kleio-home/sources/soure-fontes/sources/1685-1720/baptismos/b1705.ids
** - /kleio-home/sources/soure-fontes/sources/1685-1720/baptismos/b1705.cli-renamed to- /kleio-home/sources/soure-fontes/sources/1685-1720/baptismos/b1705.org
** - /kleio-home/sources/soure-fontes/sources/1685-1720/baptismos/b1705.ids-renamed to- /kleio-home/sources/soure-fontes/sources/1685-1720/baptismos/b1705.cli
** Translation files closed.
0  errors. 
0  warnings.
Translation finished.
