KleioTranslator - server version 2019.A1 - build 256 07/05/2020 17:41 
20-5-2020 14-22

Processing data file b1702.cli
-------------------------------------------
Generic Act translation module with geoentities (XML).
     Joaquim Ramos de Carvalho (joaquim@uc.pt) 
** New document: kleio
=========================
kleio translation started
=========================
Structure: gacto.str
Prefix: 
Autorel: 
Translation count: 26
Obs: 
** Processing source fonte$baptismos 1702
6: bap$b1702.1
23: bap$b1702.2
40: bap$b1702.3
55: bap$b1702.4
74: bap$b1702.5
91: bap$b1702.6
109: bap$b1702.7
126: bap$b1702.8
138: bap$b1702.9
155: bap$b1702.10
172: bap$b1702.11
188: bap$b1702.12
205: bap$b1702.13
224: bap$b1702.14
243: bap$b1702.15
262: bap$b1702.16
279: bap$b1702.17
296: bap$b1702.18
314: bap$b1702.19
333: bap$b1702.20
350: bap$b1702.21
368: bap$b1702.22
384: bap$b1702.23
402: bap$b1702.24
424: bap$b1702.25
441: bap$b1702.26
459: bap$b1702.27
474: bap$b1702.28
491: bap$b1702.29
508: bap$b1702.30
525: bap$b1702.31
541: bap$b1702.32
559: bap$b1702.33
576: bap$b1702.34
596: bap$b1702.35
613: bap$b1702.36
630: bap$b1702.37
647: bap$b1702.38
664: bap$b1702.39
681: bap$b1702.40
696: bap$b1702.41
714: bap$b1702.42
730: bap$b1702.43
748: bap$b1702.44
763: bap$b1702.45
780: bap$b1702.46
797: bap$b1702.47
815: bap$b1702.48
834: bap$b1702.49
852: bap$b1702.50
871: bap$b1702.51
887: bap$b1702.52
902: bap$b1702.53
923: bap$b1702.54
941: bap$b1702.55
960: bap$b1702.56
975: bap$b1702.57
991: bap$b1702.58
1006: bap$b1702.59
1023: bap$b1702.60
1039: bap$b1702.61
1056: bap$b1702.62
1073: bap$b1702.63
1090: bap$b1702.64
1108: bap$b1702.65
1127: bap$b1702.66
1144: bap$b1702.67
1163: bap$b1702.68
1182: bap$b1702.69
1199: bap$b1702.70
1218: bap$b1702.71
1235: bap$b1702.72
1253: bap$b1702.73
1274: bap$b1702.74
1290: bap$b1702.75
1310: bap$b1702.76
1329: bap$b1702.77
1349: bap$b1702.78
1366: bap$b1702.79
1381: bap$b1702.80
1396: bap$b1702.81
1411: bap$b1702.82
1427: bap$b1702.83
1446: bap$b1702.84
1462: bap$b1702.85
1479: bap$b1702.86
1501: bap$b1702.87
1517: bap$b1702.88
1536: bap$b1702.89
1544: bap$b1702.90
1561: bap$b1702.91
1576: bap$b1702.92
1593: bap$b1702.93
1610: bap$b1702.94
1627: bap$b1702.95
1644: bap$b1702.96
1663: bap$b1702.97
1678: bap$b1702.98
1695: bap$b1702.99
1710: bap$b1702.100
1730: bap$b1702.101
1746: bap$b1702.102
1763: bap$b1702.103
1783: bap$b1702.104
1800: bap$b1702.105
1817: bap$b1702.106
1837: bap$b1702.107
1852: bap$b1702.108
1872: bap$b1702.109
1889: bap$b1702.110
1903: bap$b1702.111
1922: bap$b1702.112
1947: bap$b1702.113
1965: bap$b1702.114
1982: bap$b1702.115
2000: bap$b1702.116
2020: bap$b1702.117
*** End of File
** Processed file- /kleio-home/sources/soure-fontes/sources/1685-1720/baptismos/b1702.cli
** Original file- /kleio-home/sources/soure-fontes/sources/1685-1720/baptismos/b1702.org
** Previous version- /kleio-home/sources/soure-fontes/sources/1685-1720/baptismos/b1702.old
** Temp file with ids- /kleio-home/sources/soure-fontes/sources/1685-1720/baptismos/b1702.ids
** - /kleio-home/sources/soure-fontes/sources/1685-1720/baptismos/b1702.cli-renamed to- /kleio-home/sources/soure-fontes/sources/1685-1720/baptismos/b1702.old
** - /kleio-home/sources/soure-fontes/sources/1685-1720/baptismos/b1702.ids-renamed to- /kleio-home/sources/soure-fontes/sources/1685-1720/baptismos/b1702.cli
** Translation files closed.
0  errors. 
0  warnings.
Translation finished.
