KleioTranslator - server version 2019.A1 - build 256 07/05/2020 17:41 
17-6-2020 19-22

Processing data file b1706.cli
-------------------------------------------
Generic Act translation module with geoentities (XML).
     Joaquim Ramos de Carvalho (joaquim@uc.pt) 
** New document: kleio
=========================
kleio translation started
=========================
Structure: gacto.str
Prefix: 
Autorel: 
Translation count: 31
Obs: 
** Processing source fonte$baptismos 1706
6: bap$b1706.1
23: bap$b1706.2
38: bap$b1706.3
52: bap$b1706.4
71: bap$b1706.5
87: bap$b1706.6
109: bap$b1706.7
125: bap$b1706.8
140: bap$b1706.9
159: bap$b1706.10
174: bap$b1706.11
192: bap$b1706.12
207: bap$b1706.13
220: bap$b1706.14
238: bap$b1706.15
252: bap$b1706.16
266: bap$b1706.17
285: bap$b1706.18
303: bap$b1706.19
320: bap$b1706.20
333: bap$b1706.21
351: bap$b1706.22
369: bap$b1706.23
384: bap$b1706.24
401: bap$b1706.25
418: bap$b1706.26
435: bap$b1706.27
452: bap$b1706.28
469: bap$b1706.29
484: bap$b1706.30
502: bap$b1706.31
517: bap$b1706.32
536: bap$b1706.33
552: bap$b1706.34
570: bap$b1706.35
585: bap$b1706.36
600: bap$b1706.37
621: bap$b1706.38
638: bap$b1706.39
655: bap$b1706.40
670: bap$b1706.41
687: bap$b1706.42
706: bap$b1706.43
724: bap$b1706.44
741: bap$b1706.45
764: bap$b1706.46
780: bap$b1706.47
797: bap$b1706.48
817: bap$b1706.49
836: bap$b1706.50
851: bap$b1706.51
869: bap$b1706.51b
884: bap$b1706.51c
903: bap$b1706.51d
918: bap$b1706.51e
936: bap$b1706.51f
954: bap$b1706.51g
972: bap$b1706.51h
993: bap$b1706.51i
1010: bap$b1706.51j
1027: bap$b1706.51k
1042: bap$b1706.52
1059: bap$b1706.53
1074: bap$b1706.54
1091: bap$b1706.55
1108: bap$b1706.56
1126: bap$b1706.57
1144: bap$b1706.58
1152: bap$b1706.59
1168: bap$b1706.60
1185: bap$b1706.61
1204: bap$b1706.62
1221: bap$b1706.63
1239: bap$b1706.64
1256: bap$b1706.65
1273: bap$b1706.66
1287: bap$b1706.67
1306: bap$b1706.68
1321: bap$b1706.69
1344: bap$b1706.70
1361: bap$b1706.71
1378: bap$b1706.72
1394: bap$b1706.73
1412: bap$b1706.74
1429: bap$b1706.75
1446: bap$b1706.76
1461: bap$b1706.77
1478: bap$b1706.78
1491: bap$b1706.79
1508: bap$b1706.80
1525: bap$b1706.81
1541: bap$b1706.82
1559: bap$b1706.83
1578: bap$b1706.84
1595: bap$b1706.85
1612: bap$b1706.86
1629: bap$b1706.87
1644: bap$b1706.88
1660: bap$b1706.89
1677: bap$b1706.90
1696: bap$b1706.91
1710: bap$b1706.92
1727: bap$b1706.93
1745: bap$b1706.94
1765: bap$b1706.95
1779: bap$b1706.96
1794: bap$b1706.97
1810: bap$b1706.98
1829: bap$b1706.99
1842: bap$b1706.100
1859: bap$b1706.101
1873: bap$b1706.102
1888: bap$b1706.103
1904: bap$b1706.104
*** End of File
** Processed file- /kleio-home/sources/soure-fontes/sources/1685-1720/baptismos/b1706.cli
** Original file- /kleio-home/sources/soure-fontes/sources/1685-1720/baptismos/b1706.org
** Previous version- /kleio-home/sources/soure-fontes/sources/1685-1720/baptismos/b1706.old
** Temp file with ids- /kleio-home/sources/soure-fontes/sources/1685-1720/baptismos/b1706.ids
** - /kleio-home/sources/soure-fontes/sources/1685-1720/baptismos/b1706.cli-renamed to- /kleio-home/sources/soure-fontes/sources/1685-1720/baptismos/b1706.old
** - /kleio-home/sources/soure-fontes/sources/1685-1720/baptismos/b1706.ids-renamed to- /kleio-home/sources/soure-fontes/sources/1685-1720/baptismos/b1706.cli
** Translation files closed.
0  errors. 
0  warnings.
Translation finished.
