KleioTranslator - server version 2019.A1 - build 256 07/05/2020 17:41 
13-5-2020 22-19

Processing data file b1701.cli
-------------------------------------------
Generic Act translation module with geoentities (XML).
     Joaquim Ramos de Carvalho (joaquim@uc.pt) 
** New document: kleio
=========================
kleio translation started
=========================
Structure: gacto.str
Prefix: 
Autorel: 
Translation count: 22
Obs: 
** Processing source fonte$baptismos 1701
6: bap$b1701.1
23: bap$b1701.2
40: bap$b1701.3
59: bap$b1701.4
74: bap$b1701.5
93: bap$b1701.6
110: bap$b1701.7
132: bap$b1701.8
149: bap$b1701.9
167: bap$b1701.10
185: bap$b1701.11
202: bap$b1701.12
223: bap$b1701.13
240: bap$b1701.14
258: bap$b1701.15
275: bap$b1701.16
294: bap$b1701.17
316: bap$b1701.18
334: bap$b1701.19
352: bap$b1701.20
370: bap$b1701.21
387: bap$b1701.22
405: bap$b1701.23
428: bap$b1701.24
447: bap$b1701.25
463: bap$b1701.26
482: bap$b1701.27
501: bap$b1701.28
518: bap$b1701.29
535: bap$b1701.30
553: bap$b1701.31
571: bap$b1701.32
588: bap$b1701.33
604: bap$b1701.34
624: bap$b1701.35
640: bap$b1701.36
657: bap$b1701.37
673: bap$b1701.38
692: bap$b1701.39
713: bap$b1701.40
728: bap$b1701.41
743: bap$b1701.42
761: bap$b1701.43
777: bap$b1701.44
795: bap$b1701.45
814: bap$b1701.46
831: bap$b1701.47
848: bap$b1701.48
866: bap$b1701.49
887: bap$b1701.50
905: bap$b1701.51
925: bap$b1701.52
940: bap$b1701.53
958: bap$b1701.54
977: bap$b1701.55
1003: bap$b1701.56
1021: bap$b1701.57
1040: bap$b1701.58
1060: bap$b1701.59
1083: bap$b1701.60
1100: bap$b1701.61
1117: bap$b1701.62
1133: bap$b1701.63
1151: bap$b1701.64
1167: bap$b1701.65
1187: bap$b1701.66
1204: bap$b1701.67
*** End of File
** Processed file- /kleio-home/sources/soure-fontes/sources/1685-1720/baptismos/b1701.cli
** Original file- /kleio-home/sources/soure-fontes/sources/1685-1720/baptismos/b1701.org
** Previous version- /kleio-home/sources/soure-fontes/sources/1685-1720/baptismos/b1701.old
** Temp file with ids- /kleio-home/sources/soure-fontes/sources/1685-1720/baptismos/b1701.ids
** - /kleio-home/sources/soure-fontes/sources/1685-1720/baptismos/b1701.cli-renamed to- /kleio-home/sources/soure-fontes/sources/1685-1720/baptismos/b1701.old
** - /kleio-home/sources/soure-fontes/sources/1685-1720/baptismos/b1701.ids-renamed to- /kleio-home/sources/soure-fontes/sources/1685-1720/baptismos/b1701.cli
** Translation files closed.
0  errors. 
0  warnings.
Translation finished.
