KleioTranslator - server version 2019.A1 - build 256 07/05/2020 17:41 
20-5-2020 14-21

Processing data file b1700.cli
-------------------------------------------
Generic Act translation module with geoentities (XML).
     Joaquim Ramos de Carvalho (joaquim@uc.pt) 
** New document: kleio
=========================
kleio translation started
=========================
Structure: gacto.str
Prefix: 
Autorel: 
Translation count: 23
Obs: 
** Processing source fonte$baptismos 1700
6: bap$b1700.1
25: bap$b1700.2
43: bap$b1700.3
60: bap$b1700.4
77: bap$b1700.5
94: bap$b1700.6
113: bap$b1700.7
130: bap$b1700.8
148: bap$b1700.9
169: bap$b1700.10
186: bap$b1700.11
203: bap$b1700.12
220: bap$b1700.13
235: bap$b1700.14
254: bap$b1700.15
272: bap$b1700.16
290: bap$b1700.17
307: bap$b1700.18
322: bap$b1700.19
339: bap$b1700.20
353: bap$b1700.21
368: bap$b1700.22
384: bap$b1700.23
401: bap$b1700.24
418: bap$b1700.25
436: bap$b1700.26
451: bap$b1700.27
470: bap$b1700.28
496: bap$b1700.29
515: bap$b1700.30
531: bap$b1700.31
550: bap$b1700.32
566: bap$b1700.33
584: bap$b1700.34
601: bap$b1700.35
616: bap$b1700.36
631: bap$b1700.37
648: bap$b1700.38
661: bap$b1700.39
676: bap$b1700.40
696: bap$b1700.41
713: bap$b1700.42
731: bap$b1700.43
749: bap$b1700.44
767: bap$b1700.45
784: bap$b1700.46
801: bap$b1700.47
819: bap$b1700.48
837: bap$b1700.49
852: bap$b1700.50
869: bap$b1700.51
887: bap$b1700.52
903: bap$b1700.53
922: bap$b1700.54
939: bap$b1700.55
959: bap$b1700.56
976: bap$b1700.57
991: bap$b1700.58
1008: bap$b1700.59
1028: bap$b1700.60
1045: bap$b1700.61
1062: bap$b1700.62
1074: bap$b1700.63
1102: bap$b1700.64
1117: bap$b1700.65
1134: bap$b1700.66
1152: bap$b1700.67
1170: bap$b1700.68
1188: bap$b1700.69
1205: bap$b1700.70
1228: bap$b1700.71
1245: bap$b1700.72
1262: bap$b1700.73
1280: bap$b1700.74
1298: bap$b1700.75
1321: bap$b1700.76
1336: bap$b1700.77
1354: bap$b1700.78
1369: bap$b1700.79
1387: bap$b1700.80
1411: bap$b1700.81
1428: bap$b1700.82
1445: bap$b1700.83
1463: bap$b1700.84
1481: bap$b1700.85
1497: bap$b1700.86
1519: bap$b1700.87
1534: bap$b1700.88
*** End of File
** Processed file- /kleio-home/sources/soure-fontes/sources/1685-1720/baptismos/b1700.cli
** Original file- /kleio-home/sources/soure-fontes/sources/1685-1720/baptismos/b1700.org
** Previous version- /kleio-home/sources/soure-fontes/sources/1685-1720/baptismos/b1700.old
** Temp file with ids- /kleio-home/sources/soure-fontes/sources/1685-1720/baptismos/b1700.ids
** - /kleio-home/sources/soure-fontes/sources/1685-1720/baptismos/b1700.cli-renamed to- /kleio-home/sources/soure-fontes/sources/1685-1720/baptismos/b1700.old
** - /kleio-home/sources/soure-fontes/sources/1685-1720/baptismos/b1700.ids-renamed to- /kleio-home/sources/soure-fontes/sources/1685-1720/baptismos/b1700.cli
** Translation files closed.
0  errors. 
0  warnings.
Translation finished.
