KleioTranslator - server version 2019.A2 - build 290 (Import-identifications) 18/08/2020 17:07 
18-8-2020 17-25

Processing data file b1708.cli
-------------------------------------------
Generic Act translation module with geoentities (XML).
     Joaquim Ramos de Carvalho (joaquim@uc.pt) 
** New document: kleio
=========================
kleio translation started
=========================
Structure: gacto.str
Prefix: 
Autorel: 
Translation count: 28
Obs: 
** Processing source fonte$baptismos 1708
6: bap$b1708.1
25: bap$b1708.2
38: bap$b1708.3
55: bap$b1708.4
71: bap$b1708.5
88: bap$b1708.6
103: bap$b1708.7
118: bap$b1708.8
137: bap$b1708.9
153: bap$b1708.10
165: bap$b1708.11
182: bap$b1708.12
205: bap$b1708.13
221: bap$b1708.14
239: bap$b1708.15
257: bap$b1708.16
274: bap$b1708.17
291: bap$b1708.18
309: bap$b1708.19
323: bap$b1708.20
342: bap$b1708.21
363: bap$b1708.22
378: bap$b1708.23
394: bap$b1708.24
410: bap$b1708.25
427: bap$b1708.26
443: bap$b1708.27
459: bap$b1708.28
474: bap$b1708.29
488: bap$b1708.30
500: bap$b1708.31
519: bap$b1708.32
531: bap$b1708.33
550: bap$b1708.34
567: bap$b1708.35
585: bap$b1708.36
602: bap$b1708.37
618: bap$b1708.38
632: bap$b1708.39
652: bap$b1708.40
670: bap$b1708.41
684: bap$b1708.42
703: bap$b1708.43
720: bap$b1708.44
737: bap$b1708.45
753: bap$b1708.46
768: bap$b1708.47
785: bap$b1708.48
799: bap$b1708.49
816: bap$b1708.50
833: bap$b1708.51
853: bap$b1708.52
869: bap$b1708.53
886: bap$b1708.54
902: bap$b1708.55
917: bap$b1708.56
934: bap$b1708.57
951: bap$b1708.58
970: bap$b1708.59
988: bap$b1708.60
1007: bap$b1708.61
1025: bap$b1708.62
1042: bap$b1708.63
1058: bap$b1708.64
1075: bap$b1708.65
1095: bap$b1708.66
1114: bap$b1708.67
1131: bap$b1708.68
1147: bap$b1708.69
1164: bap$b1708.70
1181: bap$b1708.71
1198: bap$b1708.72
1212: bap$b1708.73
1229: bap$b1708.74
1246: bap$b1708.75
1264: bap$b1708.76
1282: bap$b1708.77
1299: bap$b1708.78
1315: bap$b1708.79
1332: bap$b1708.80
1346: bap$b1708.81
1364: bap$b1708.82
1382: bap$b1708.83
1400: bap$b1708.84
1417: bap$b1708.85
1434: bap$b1708.86
1454: bap$b1708.87
1469: bap$b1708.88
1487: bap$b1708.89
1502: bap$b1708.90
1520: bap$b1708.91
1538: bap$b1708.92
1555: bap$b1708.93
1572: bap$b1708.94
1589: bap$b1708.95
1604: bap$b1708.96
1621: bap$b1708.97
1637: bap$b1708.98
1652: bap$b1708.99
1671: bap$b1708.100
*** End of File


** Processed file- /kleio-home/sources/soure-fontes/sources/1685-1720/baptismos/b1708.cli
** Original file- /kleio-home/sources/soure-fontes/sources/1685-1720/baptismos/b1708.org
** Previous version- /kleio-home/sources/soure-fontes/sources/1685-1720/baptismos/b1708.old
** Temp file with ids- /kleio-home/sources/soure-fontes/sources/1685-1720/baptismos/b1708.ids
** - /kleio-home/sources/soure-fontes/sources/1685-1720/baptismos/b1708.cli-renamed to- /kleio-home/sources/soure-fontes/sources/1685-1720/baptismos/b1708.org
** - /kleio-home/sources/soure-fontes/sources/1685-1720/baptismos/b1708.ids-renamed to- /kleio-home/sources/soure-fontes/sources/1685-1720/baptismos/b1708.cli
** Translation files closed.
0  errors. 
0  warnings.
Translation finished.
