KleioTranslator - server version 2019.A1 - build 256 07/05/2020 17:41 
29-6-2020 9-28

Processing data file b1715.cli
-------------------------------------------
Generic Act translation module with geoentities (XML).
     Joaquim Ramos de Carvalho (joaquim@uc.pt) 
** New document: kleio
=========================
kleio translation started
=========================
Structure: gacto.str
Prefix: 
Autorel: 
Translation count: 26
Obs: 
** Processing source fonte$baptismos 1715
6: bap$b1715.1
27: bap$b1715.2
44: bap$b1715.3
60: bap$b1715.4
89: bap$b1715.5
108: bap$b1715.6
133: bap$b1715.7
155: bap$b1715.8
173: bap$b1715.9
196: bap$b1715.10
216: bap$b1715.11
237: bap$b1715.12
255: bap$b1715.13
284: bap$b1715.14
308: bap$b1715.15
331: bap$b1715.16
351: bap$b1715.17
372: bap$b1715.18
389: bap$b1715.19
403: bap$b1715.20
421: bap$b1715.21
444: bap$b1715.22
466: bap$b1715.23
485: bap$b1715.24
503: bap$b1715.25
526: bap$b1715.26
558: bap$b1715.27
576: bap$b1715.28
594: bap$b1715.29
615: bap$b1715.30
635: bap$b1715.31
654: bap$b1715.32
674: bap$b1715.33
693: bap$b1715.34
720: bap$b1715.35
746: bap$b1715.36
766: bap$b1715.37
786: bap$b1715.38
804: bap$b1715.39
824: bap$b1715.40
846: bap$b1715.41
865: bap$b1715.42
887: bap$b1715.43
907: bap$b1715.44
925: bap$b1715.45
947: bap$b1715.46
966: bap$b1715.47
985: bap$b1715.48
1005: bap$b1715.49
1023: bap$b1715.50
1041: bap$b1715.51
1061: bap$b1715.52
1080: bap$b1715.53
1102: bap$b1715.54
1122: bap$b1715.55
1142: bap$b1715.56
1161: bap$b1715.57
1178: bap$b1715.58
1202: bap$b1715.59
1221: bap$b1715.60
1241: bap$b1715.61
1271: bap$b1715.62
1287: bap$b1715.63
1306: bap$b1715.64
1326: bap$b1715.65
1347: bap$b1715.66
1372: bap$b1715.67
1391: bap$b1715.68
1411: bap$b1715.69
1435: bap$b1715.70
1455: bap$b1715.71
1474: bap$b1715.72
1496: bap$b1715.73
1520: bap$b1715.74
1540: bap$b1715.75
1567: bap$b1715.76
1588: bap$b1715.77
1617: bap$b1715.78
1634: bap$b1715.79
1656: bap$b1715.80
1676: bap$b1715.81
1696: bap$b1715.82
1726: bap$b1715.83
1746: bap$b1715.84
1769: bap$b1715.85
1790: bap$b1715.86
1812: bap$b1715.87
1829: bap$b1715.88
1848: bap$b1715.89
1870: bap$b1715.90
1889: bap$b1715.91
1908: bap$b1715.92
1933: bap$b1715.93
1956: bap$b1715.94
1974: bap$b1715.95
1997: bap$b1715.96
*** End of File
** Processed file- /kleio-home/sources/soure-fontes/sources/1685-1720/baptismos/b1715.cli
** Original file- /kleio-home/sources/soure-fontes/sources/1685-1720/baptismos/b1715.org
** Previous version- /kleio-home/sources/soure-fontes/sources/1685-1720/baptismos/b1715.old
** Temp file with ids- /kleio-home/sources/soure-fontes/sources/1685-1720/baptismos/b1715.ids
** - /kleio-home/sources/soure-fontes/sources/1685-1720/baptismos/b1715.cli-renamed to- /kleio-home/sources/soure-fontes/sources/1685-1720/baptismos/b1715.old
** - /kleio-home/sources/soure-fontes/sources/1685-1720/baptismos/b1715.ids-renamed to- /kleio-home/sources/soure-fontes/sources/1685-1720/baptismos/b1715.cli
** Translation files closed.
0  errors. 
0  warnings.
Translation finished.
