ClioInput - version @@VERSION@@ - build @@BUILD@@ @@DATE@@
28-4-2020 14-38

Processing data file b1713.cli
-------------------------------------------
Generic Act translation module with geoentities (XML).
     Joaquim Ramos de Carvalho (joaquim@uc.pt) 
** New document: kleio
=========================
kleio translation started
=========================
Structure: gacto.str
Prefix: 
Autorel: 
Translation count: 25
Obs: 
** Processing source fonte$baptismos 1713
6: bap$b1713.1
24: bap$b1713.2
43: bap$b1713.3
59: bap$b1713.4
76: bap$b1713.5
91: bap$b1713.6
110: bap$b1713.7
128: bap$b1713.8
145: bap$b1713.9
163: bap$b1713.10
179: bap$b1713.11
199: bap$b1713.12
214: bap$b1713.13
231: bap$b1713.14
249: bap$b1713.15
263: bap$b1713.16
281: bap$b1713.17
299: bap$b1713.18
317: bap$b1713.19
334: bap$b1713.20
352: bap$b1713.21
369: bap$b1713.22
387: bap$b1713.23
400: bap$b1713.24
417: bap$b1713.25
440: bap$b1713.26
455: bap$b1713.27
472: bap$b1713.28
491: bap$b1713.29
507: bap$b1713.30
526: bap$b1713.31
547: bap$b1713.32
566: bap$b1713.33
581: bap$b1713.34
598: bap$b1713.35
614: bap$b1713.36
630: bap$b1713.37
646: bap$b1713.38
663: bap$b1713.39
685: bap$b1713.40
704: bap$b1713.41
722: bap$b1713.42
745: bap$b1713.43
763: bap$b1713.44
785: bap$b1713.45
803: bap$b1713.46
820: bap$b1713.47
834: bap$b1713.48
852: bap$b1713.49
875: bap$b1713.50
893: bap$b1713.51
912: bap$b1713.52
929: bap$b1713.53
947: bap$b1713.54
964: bap$b1713.55
987: bap$b1713.56
1003: bap$b1713.57
1020: bap$b1713.58
1044: bap$b1713.59
1062: bap$b1713.60
1080: bap$b1713.61
1099: bap$b1713.62
1119: bap$b1713.63
1136: bap$b1713.64
1155: bap$b1713.65
1172: bap$b1713.66
1190: bap$b1713.67
1205: bap$b1713.68
1222: bap$b1713.69
1241: bap$b1713.70
1258: bap$b1713.71
1273: bap$b1713.72
1289: bap$b1713.73
1307: bap$b1713.74
1326: bap$b1713.75
1346: bap$b1713.76
1366: bap$b1713.77
1383: bap$b1713.78
1401: bap$b1713.79
1422: bap$b1713.80
1440: bap$b1713.81
1457: bap$b1713.82
1476: bap$b1713.83
1493: bap$b1713.84
1512: bap$b1713.85
1531: bap$b1713.86
1546: bap$b1713.87
1568: bap$b1713.88
1593: bap$b1713.89
1608: bap$b1713.90
1627: bap$b1713.91
1644: bap$b1713.92
1663: bap$b1713.93
1679: bap$b1713.94
1697: bap$b1713.95
1716: bap$b1713.96
1733: bap$b1713.97
1755: bap$b1713.98
1778: bap$b1713.99
1798: bap$b1713.100
1816: bap$b1713.101
1836: bap$b1713.102
1863: bap$b1713.103
1880: bap$b1713.104
1902: bap$b1713.105
1924: bap$b1713.106
1942: bap$b1713.107
1960: bap$b1713.108
1983: bap$b1713.109
2003: bap$b1713.110
*** End of File
** Processed file- /Users/jrc/mhk-home/sources/soure-fontes/sources/soure_fase1/baptismos/b1713.cli
** Original file- /Users/jrc/mhk-home/sources/soure-fontes/sources/soure_fase1/baptismos/b1713.org
** Previous version- /Users/jrc/mhk-home/sources/soure-fontes/sources/soure_fase1/baptismos/b1713.old
** Temp file with ids- /Users/jrc/mhk-home/sources/soure-fontes/sources/soure_fase1/baptismos/b1713.ids
0  errors. 
0  warnings.
Translation finished.
