KleioTranslator - server version @@VERSION@@ - build @@BUILD@@ @@DATE@@
9-5-2020 21-18

Processing data file b1718.cli
-------------------------------------------
Generic Act translation module with geoentities (XML).
     Joaquim Ramos de Carvalho (joaquim@uc.pt) 
** New document: kleio
1: kleio$gacto.str/translations=26
=========================
kleio translation started
=========================
Structure: gacto.str
Prefix: 
Autorel: 
Translation count: 26
Obs: 
2:    fonte$baptismos 1718/tipo=reg paroquiais/localizacao=fol.460/data=17180000
3: 
** Processing source fonte$baptismos 1718
4:       bap$b1718.1/3/1/1718/?/igreja de s. tiago
5: 
6: bap$b1718.1
6:          n$manuel/m/id=b1718.1-per1
7:             ls$ilegitimo/sim
8: 
9:             mae$filipa da conceicao/id=b1718.1-per1-per2
10:                ls$residencia/soure
11:                ls$naturalidade/soure
12: 
13:             pad$manuel fernandes bolhao/id=b1718.1-per3
14:                ls$residencia/soure
15: 
16:             mad$maria/id=b1718.1-per4
17:                ls$ec/s
18: 
19:                pmad$jose rodrigues entino?/id=b1718.1-per5
20:                   ls$residencia/soure
21: 
22:       bap$b1718.2/9/1/1718/?/igreja de s. tiago
23: 
24: bap$b1718.2
24:          n$luisa/f/id=b1718.2-per1
25: 
26:             pai$manuel joao/id=b1718.2-per1-per2
27:                ls$residencia/casconho
28:                ls$naturalidade/casconho
29: 
30:             mae$filipa joao/id=b1718.2-per1-per3
31:                ls$naturalidade/quinta de porto coelheiro
32: 
33:             pad$joao domingues/id=b1718.2-per4
34:                ls$residencia/casconho
35: 
36:             mad$maria/id=b1718.2-per5
37:                ls$ec/s
38: 
39:                pmad$pedro francisco/id=b1718.2-per6
40:                   ls$residencia/casconho
41: 
42:       bap$b1718.3/19/1/1718/?/igreja de s. tiago
43: 
44: bap$b1718.3
44:          n$caetano/m/id=b1718.3-per1
45: 
46:             pai$manuel rodrigues/id=b1718.3-per1-per2
47:                ls$residencia/casal da pencarpia
48:                ls$naturalidade/pedro afonso
49: 
50:             mae$antonia goncalves/id=b1718.3-per1-per3
51:                ls$naturalidade/casal do mendinho
52: 
53:             pad$manuel coelho/id=b1718.3-per4
54:                ls$alcunha/velho
55:                ls$residencia/soure
56: 
57:             mad$maria dos santos/id=b1718.3-per5
58: 
59:                mrmad$antonio alvares ribeiro/id=b1718.3-per6
60:                   ls$residencia/soure
61: 
62:       bap$b1718.4/20/1/1718/?/igreja de s. tiago/obs=baptizado em necessidade pelo padrinho
63: 
64: bap$b1718.4
64:          n$manuel/m/id=b1718.4-per1
65: 
66:             pai$francisco de oliveira/id=b1718.4-per1-per2
67:                ls$residencia/casal de pedro afonso
68:                ls$naturalidade/cabeca carvalho, freguesia de vinha da rainha
69: 
70:             mae$domingas francisca/id=b1718.4-per1-per3
71:                ls$naturalidade/casal de pedro afonso
72: 
73:             pad$joao goncalves/id=b1718.4-per4
74:                ls$residencia/louzoes
75: 
76:             mad$maria/id=b1718.4-per5
77:                ls$ec/s
78: 
79:                mmad$maria pedroso/id=b1718.4-per6
80:                   ls$ec/v
81:                   ls$residencia/casal de pedro afonso
82: 
83:       bap$b1718.5/20/1/1718/?/igreja de s. tiago
84: 
85: bap$b1718.5
85:          n$maria/f/id=b1718.5-per1
86: 
87:             pai$simao pereira/id=b1718.5-per1-per2
88:                ls$residencia/casal de jorge leao
89:                ls$naturalidade/pombal, freguesia de pombal
90: 
91:             mae$mariana francisca/id=b1718.5-per1-per3
92:                ls$naturalidade/casais do espirito santo
93: 
94:             pad$joao da costa de vasconcelos/id=b1718.5-per4
95:                ls$residencia/quinta de s.tome#sua quinta
96: 
97:             mad$alexandra/id=b1718.5-per5
98:                rel$parentesco/filha/joao da costa de vasconcelos/c12-7
99: 
100:       bap$b1718.6/23/1/1718/?/igreja de s. tiago
101: 
102: bap$b1718.6
102:          n$antonia/f/id=b1718.6-per1
103: 
104:             pai$francisco godinho/id=b1718.6-per1-per2
105:                ls$residencia/casal da pouca pena
106:                ls$naturalidade/vila nova de ancos, freguesia v.a n.a de ancos
107: 
108:             mae$mariana francisca/id=b1718.6-per1-per3
109:                ls$naturalidade/casal da pouca pena
110: 
111:             pad$diogo cordeiro/id=b1718.6-per4
112:                ls$cargo/almoxarife de vila nova de ancos
113: 
114:             mad$maria ferreira/id=b1718.6-per5
115:                ls$ec/v
116:                ls$residencia/casais do esprito santo
117: 
118:             referido$jose carvalhal de morais/id=br23121718
119:                ls$cargo/capitao
120:                ls$residencia/vila nova de ancos, freguesia de vila nova de ancos
121:                ls$freguesia/vila nova de ancos
122: 
123:       bap$b1718.7/8/2/1718/?/igreja de s. tiago
124: 
125: bap$b1718.7
125:          n$luis/m/id=b1718.7-per1
126: 
127:             pai$luis da silva/id=b1718.7-per1-per2
128:                ls$residencia/soure
129:                ls$naturalidade/almagreira, freguesia da almagreira
130: 
131:             mae$mariana mendes/id=b1718.7-per1-per3
132:                ls$naturalidade/pinheiro
133: 
134:             pad$luis soares coelho/id=b1718.7-per4
135: 
136:             mad$mariana/id=b1718.7-per5
137:                ls$ec/s
138: 
139:                pmad$luis manhos de abreu/id=b1718.7-per6
140:                   ls$nome/luis manhos
141:                   ls$residencia/soure
142: 
143:       bap$b1718.8/9/2/1718/?/igreja de s. tiago
144: 
145: bap$b1718.8
145:          n$rodrigo/m/id=bn09021718
146: 
147:             pai$manuel rodrigues feijao/id=bn09021718-per1
148:                ls$residencia/cavaleiros
149:                ls$naturalidade/cavaleiros
150: 
151:             mae$isabel rodrigues/id=bn09021718-per2
152:                ls$naturalidade/casal da lajem
153: 
154:             pad$rodrigo homem de quadros/id=b1718.8-per3/xmesmo_que=c6-7-rod
155: 
156:             mad$josefa de azevedo/id=b1718.8-per4/xmesmo_que=c6-7-josa
157:                ls$ec/s
158: 
159:             referido$francisco marques/id=b1718.8-per5
160:                rel$sociabilidade/baptisou em necessidade/rodrigo/bn09021718
161:                rel$profissional/capelao/rodrigo homem de quadros/b1718.8-per3
162:                rel$sociabilidade/procurador em baptismo/josefa de azevedo/b1718.8-per4
163: 
164:             referido$tomas da silva/id=b1718.8-per6
165:                rel$sociabilidade/procurador em baptismo/rodrigo homem de quadros/b1718.8-per3
166: 
167:       bap$b1718.9/10/2/1718/?/igreja de s. tiago
168: 
169: bap$b1718.9
169:          n$helena/f/id=b1718.9-per1
170: 
171:             pai$jose francisco/id=b1718.9-per1-per2
172:                ls$residencia/casal novo
173:                ls$naturalidade/casal novo
174: 
175:             mae$maria do esprito santo/id=b1718.9-per1-per3
176:                ls$naturalidade/almofala, freguesia de alvorinha, arcebispado de lisboa ocidental
177: 
178:             pad$joao simoes/id=b1718.9-per4
179:                ls$residencia/casal novo
180: 
181:             mad$maria/id=b1718.9-per5
182:                ls$ec/s
183: 
184:                pmad$jorge martins/id=b1718.9-per6
185:                   ls$residencia/casal novo
186: 
187:       bap$b1718.10/12/2/1718/?/igreja de s. tiago
188: 
189: bap$b1718.10
189:          n$francisca/f/id=bn12021718
190: 
191:             pai$jeronimo mendes/id=bn12021718-per1
192:                ls$residencia/soure
193:                ls$naturalidade/soure
194: 
195:             mae$maria ferreira/id=bn12021718-per2
196:                ls$naturalidade/soure
197: 
198:             pad$antonio manhos de abreu/id=b1718.10-per3
199:                ls$titulo/licenciado
200:                ls$residencia/soure
201: 
202:             mad$rosa maria/id=bmad12021718
203:                ls$ec/s
204: 
205:                pmad$joao rodrigues/id=b1718.10-per4
206:                   ls$residencia/sobral
207: 
208:             referido$maria gomes/id=br12021718
209:                rel$sociabilidade/baptisou em necessidade/francisca/bn12021718
210:                ls$ec/v
211:                ls$residencia/soure
212: 
213:             referido$manuel ferreira mioto/id=br12021718b
214:                ls$residencia/soure
215:                rel$sociabilidade/procurador em baptismo/rosa maria/bmad12021718
216: 
217:       bap$b1718.11/20/2/1718/?/igreja de s. tiago
218: 
219: bap$b1718.11
219:          n$jose/m/id=b1718.11-per1
220: 
221:             pai$antonio vaz/id=b1718.11-per1-per2
222:                ls$residencia/casal da pouca pena
223:                ls$naturalidade/casal da pouca pena
224: 
225:             mae$francisca antunes/id=b1718.11-per1-per3
226:                ls$naturalidade/casal do melrical
227: 
228:             pad$jose goncalves/id=b1718.11-per4
229:                ls$residencia/fatacos
230:                ls$profissao/fatacos
231: 
232:             mad$maria/id=b1718.11-per5
233:                ls$ec/s
234: 
235:                pmad$jose carvalho/id=b1718.11-per6
236:                   ls$residencia/brancas
237: 
238:       bap$b1718.12/20/2/1718/?/igreja de s. tiago
239: 
240: bap$b1718.12
240:          n$manuel/m/id=b1718.12-per1
241: 
242:             pai$manuel da silva/id=b1718.12-per1-per2
243:                ls$residencia/casal da amoreira
244:                ls$naturalidade/cabeca de carvalha, freguesia de vinha da rainha
245: 
246:             mae$isabel mendes/id=b1718.12-per1-per3
247:                ls$naturalidade/casal das brancas
248: 
249:             pad$luis barbosa canais/id=b1718.12-per4
250: 
251:             mad$maria da gante/id=b1718.12-per5
252: 
253:                mrmad$manuel vaz/id=b1718.12-per6
254:                   ls$residencia/casal das galinhas
255: 
256:             referido$joao machado da costa/id=br20021718
257:                ls$residencia/soure
258:                rel$sociabilidade/procurador em baptismo/luis barbosa canais/c17-7-luis
259: 
260:       bap$b1718.13/21/2/1718/?/igreja de s. tiago
261: 
262: bap$b1718.13
262:          n$rodrigo/m/id=b1718.13-per1
263: 
264:             pai$joao ferreira/id=b1718.13-per1-per2
265:                ls$residencia/casal do rei
266:                ls$naturalidade/casal da charneca
267: 
268:             mae$maria rodrigues/id=b1718.13-per1-per3
269:                ls$naturalidade/casal do rei
270: 
271:             pad$manuel/id=b1718.13-per4
272:                ls$ec/s
273: 
274:                mpad$isabel ferreira/id=b1718.13-per5
275:                   ls$ec/v
276:                   ls$residencia/casal do rei
277: 
278:             mad$antonia gomes/id=bmad21021718
279:                ls$ec/s
280:                ls$residencia/soure
281: 
282:             referido$jose gomes serrao/id=br21021718
283:                rel$parentesco/irma/antonia gomes/bmad21021718
284: 
285:       bap$b1718.14/24/2/1718/?/igreja de s. tiago
286: 
287: bap$b1718.14
287:          n$maria/f/id=b1718.14-per1
288:             ls$ilegitima/sim
289: 
290:             mae$isabel/id=b1718.14-per1-per2
291:                ls$ec/s
292: 
293:                pmae$manuel fernandes/id=b1718.14-per1-per3
294:                   ls$naturalidade/souto de vide, freguesia de s.pedro do castelo de penalva, bispado de viseu
295:                   ls$residencia/mogadouro
296: 
297:             pad$joao francisco/id=b1718.14-per4
298:                ls$residencia/mogadouro
299: 
300:             mad$maria/id=b1718.14-per5
301:                ls$ec/s
302: 
303:                pmad$manuel francisco/id=b1718.14-per6
304:                   ls$residencia/mogadouro
305: 
306:       bap$b1718.15/24/2/1718/?/igreja de s. tiago
307: 
308: bap$b1718.15
308:          n$manuel/m/id=b1718.15-per1
309: 
310:             pai$jose martins/id=bpai24021718
311:                ls$residencia/soure
312:                ls$naturalidade/soure
313: 
314:             mae$joana rodrigues/id=b1718.15-per1-per2
315:                ls$naturalidade/soure
316: 
317:             pad$manuel martins/id=b1718.15-per3
318:                ls$profissao/padre
319:                rel$parentesco/irmao/jose martins/bpai24021718
320: 
321:             mad$catarina/id=b1718.15-per4
322:                ls$ec/s
323: 
324:                pmad$belchior rodrigues/id=b1718.15-per5
325:                   ls$residencia/soure
326: 
327:       bap$b1718.16/27/2/1718/?/igreja de s. tiago
328: 
329: bap$b1718.16
329:          n$isabel/f/id=b1718.16-per1
330: 
331:             pai$joao rodrigues/id=b1718.16-per1-per2
332:                ls$residencia/casal do migalho
333:                ls$naturalidade/casal do migalho
334: 
335:             mae$isabel rodrigues/id=b1718.16-per1-per3
336:                ls$naturalidade/sobral
337: 
338:             pad$domingos cordeiro/id=b1718.16-per4
339:                ls$residencia/casal do migalho
340: 
341:             mad$isabel/id=b1718.16-per5
342:                ls$ec/s
343: 
344:                pmad$manuel duarte/id=b1718.16-per6
345:                   ls$residencia/casal do migalho
346: 
347:       bap$b1718.17/28/2/1718/?/igreja de s. tiago
348: 
349: bap$b1718.17
349:          n$maria/f/id=b1718.17-per1
350: 
351:             pai$domingos da costa/id=b1718.17-per1-per2
352:                ls$residencia/paleao
353:                ls$naturalidade/moinho da palha, freguesia do sebal
354: 
355:             mae$luisa dos santos/id=b1718.17-per1-per3
356:                ls$naturalidade/porto coelheiro
357: 
358:             pad$jose gaspar/id=b1718.17-per4
359:                ls$residencia/paleao
360: 
361:             mad$caetana/id=b1718.17-per5
362:                ls$ec/s
363: 
364:                pmad$francisco rodrigues gante/id=b1718.17-per6
365:                   ls$residencia/paleao
366: 
367:       bap$b1718.18/2/3/1718/?/igreja de s. tiago
368: 
369: bap$b1718.18
369:          n$jose/m/id=b1718.18-per1
370:             ls$ilegitimo/sim
371: 
372:             mae$isabel/id=b1718.18-per1-per2
373:                ls$ec/s
374:                ls$residencia/soure
375:                ls$naturalidade/casais de s.mateus
376: 
377:                mmae$catarina raposo/id=b1718.18-per1-per3
378:                   ls$alcunha/labias
379: 
380:             pad$sebastiao machado da costa/m/id=b1718.18-per4
381: 
382:             mad$luisa/id=bmad02031718
383:                ls$ec/s
384: 
385:                mmad$clara rodrigues/id=b1718.18-per5
386:                   ls$ec/v
387: 
388:             referido$luis barbosa canais/id=b1718.18-per6
389:                rel$sociabilidade/procurador em baptismo/luisa/bmad02031718
390: 
391:       bap$b1718.19/9/3/1718/?/igreja de s. tiago
392: 
393: bap$b1718.19
393:          n$mariana/f/id=b1718.19-per1
394: 
395:             pai$diogo leal/id=b1718.19-per1-per2
396:                ls$residencia/casal da charneca
397:                ls$naturalidade/vila nova de ancos, freguesia de vila nova de ancos
398: 
399:             mae$eugenia francisca/id=b1718.19-per1-per3
400:                ls$naturalidade/casal da charneca
401: 
402:             pad$manuel/id=b1718.19-per4
403:                ls$ec/s
404: 
405:                ppad$manuel antunes/id=bppad09031718
406:                   ls$residencia/casal da fonte do espirito santo
407: 
408:             mad$mariana agostinha/id=b1718.19-per5
409:                rel$parentesco/mulher/manuel antunes/bppad09031718
410: 
411:       bap$b1718.20/20/3/1718/?/igreja de s. tiago
412: 
413: bap$b1718.20
413:          n$jose/m/id=b1718.20-per1
414: 
415:             pai$manuel rodrigues/id=b1718.20-per1-per2
416:                ls$residencia/casal do grisoma#de miguel da gante
417:                ls$naturalidade/olho marinho
418: 
419:             mae$guiomar da silva/id=b1718.20-per1-per3
420:                ls$naturalidade/alfarelos, freguesia de alfarelos
421: 
422:             pad$jose rodrigues/id=b1718.20-per4
423:                ls$residencia/casal de alencarce
424: 
425:             mad$isabel da costa/id=b1718.20-per5
426:                ls$ec/s
427:                ls$residencia/casal da assamassa
428: 
429:       bap$b1718.21/25/3/1718/?/igreja de s. tiago
430: 
431: bap$b1718.21
431:          n$josefa/f/id=bn25031718
432: 
433:             pai$manuel carvalho/id=bn25031718-per1
434:                ls$residencia/paleao
435:                ls$naturalidade/paleao
436: 
437:             mae$maria soares/id=bn25031718-per2
438:                ls$residencia/urmar, freguesia de samuel
439: 
440:             pad$antonio alvares ribeiro/id=b1718.21-per3
441:                ls$residencia/soure
442: 
443:             mad$caetana/id=b1718.21-per4
444:                ls$ec/s
445: 
446:                pmad$francisco rodrigues gante/id=b1718.21-per5
447:                   ls$residencia/paleao
448: 
449:             referida$antonia carvalho/id=br25031718
450:                rel$sociabilidade/baptisou em necessidade/josefa/bn25031718
451:                rel$parentesco/avo/josefa/bn25031718
452: 
453:       bap$b1718.22/31/3/1718/?/igreja de s. tiago
454: 
455: bap$b1718.22
455:          n$agueda/f/id=b1718.22-per1
456: 
457:             pai$manuel goncalves/id=b1718.22-per1-per2
458:                ls$residencia/casal do leonel
459:                ls$naturalidade/casa velha
460: 
461:             mae$isabel goncalves/id=b1718.22-per1-per3
462:                ls$naturalidade/alencarce de cima
463: 
464:             pad$domingos antunes/id=b1718.22-per4
465:                ls$residencia/carvalheira de baixo
466: 
467:             mad$maria/id=b1718.22-per5
468:                ls$ec/s
469: 
470:                pmad$jeronimo goncalves/id=b1718.22-per6
471:                   ls$ec/v
472:                   ls$residencia/casa velha
473: 
474:       bap$b1718.23/2/4/1718/?/igreja de s. tiago
475: 
476: bap$b1718.23
476:          n$isabel/f/id=b1718.23-per1
477: 
478:             pai$joao henriques cavaco/id=b1718.23-per1-per2
479:                ls$residencia/soure
480:                ls$naturalidade/soure
481: 
482:             mae$angela pereira/id=b1718.23-per1-per3
483:                ls$naturalidade/casa velha
484: 
485:             pad$joao henriques cavaco/id=b1718.23-per4
486:                ls$titulo/doutor
487:                ls$cargo/desembargador
488:                ls$residencia/vinha da rainha, freguesia de vinha da rainha
489: 
490:             mad$isabel pedroso/id=b1718.23-per5
491:                ls$ec/v
492:                ls$residencia/soure
493: 
494:       bap$b1718.24/3/4/1718/?/igreja de s. tiago
495: 
496: bap$b1718.24
496:          n$teresa/f/id=b1718.24-per1
497: 
498:             pai$manuel da costa/id=b1718.24-per1-per2
499:                ls$residencia/paleao
500:                ls$naturalidade/casal novo
501: 
502:             mae$luisa rodrigues/id=b1718.24-per1-per3
503:                ls$naturalidade/paleao
504: 
505:             pad$manuel esteves/id=b1718.24-per4
506:                ls$profissao/pedreiro
507:                ls$residencia/paleao
508: 
509:             mad$teresa/id=b1718.24-per5
510:                ls$ec/s
511: 
512:                pmad$manuel simoes/id=b1718.24-per6
513:                   ls$profissao/moleiro
514:                   ls$residencia/paleao
515: 
516:       bap$b1718.25/11/4/1718/?/igreja de s. tiago
517: 
518: bap$b1718.25
518:          n$joao/m/id=b1718.25-per1
519: 
520:             pai$manuel jorge/id=b1718.25-per1-per2
521:                ls$residencia/sobral
522:                ls$naturalidade/sobral
523: 
524:             mae$domingas rodrigues/id=b1718.25-per1-per3
525:                ls$naturalidade/sobral
526: 
527:             pad$manuel rodrigues/id=b1718.25-per4
528: 
529:             mad$luisa/id=b1718.25-per5
530:                ls$ec/s
531: 
532:                pmad$joao rodrigues/id=b1718.25-per6
533:                   ls$residencia/sobral
534: 
535:       bap$b1718.26/13/4/1718/?/igreja de s. tiago
536: 
537: bap$b1718.26
537:          n$filipa/f/id=b1718.26-per1
538: 
539:             pai$manuel rodrigues/id=b1718.26-per1-per2
540:                ls$residencia/casal de alencarce de cima
541:                ls$naturalidade/casal de alencarce de cima
542: 
543:             mae$maria rodrigues/id=b1718.26-per1-per3
544:                ls$naturalidade/casal de alencarce de cima
545: 
546:             pad$mateus simoes/id=b1718.26-per4
547:                ls$residencia/alencarce de cima
548: 
549:             mad$maria/id=b1718.26-per5
550:                ls$ec/s
551: 
552:                pmad$antonio rodrigues moliz/id=b1718.26-per6
553:                   ls$residencia/casal de alencarce de cima
554: 
555:       bap$b1718.27/13/4/1718/?/igreja de s. tiago
556: 
557: bap$b1718.27
557:          n$maria/f/id=b1718.27-per1
558: 
559:             pai$mateus goncalves/id=b1718.27-per1-per2
560:                ls$residencia/casa velha
561:                ls$naturalidade/casal das brancas
562: 
563:             mae$maria pereira/id=b1718.27-per1-per3
564:                ls$naturalidade/casa velha
565: 
566:             pad$joao da costa de vasconcelos/id=b1718.27-per4
567: 
568:             mad$maria/id=b1718.27-per5
569:                ls$ec/s
570: 
571:                pmad$joao alvares/id=b1718.27-per6
572:                   ls$residencia/casa velha
573: 
574:       bap$b1718.28/17/4/1718/?/igreja de s. tiago
575: 
576: bap$b1718.28
576:          n$isabel/f/id=b1718.28-per1
577: 
578:             pai$antonio madeira/id=b1718.28-per1-per2
579:                ls$residencia/alencarce de cima
580:                ls$naturalidade/alencarce de cima
581: 
582:             mae$mariana goncalves/id=b1718.28-per1-per3
583:                ls$naturalidade/alencarce de cima
584: 
585:             pad$sebastiao/id=b1718.28-per4
586:                ls$ec/s
587: 
588:                mpad$isabel gaspar/id=b1718.28-per5
589:                   ls$ec/v
590:                   ls$residencia/alencarce de cima
591: 
592:             mad$maria joao/id=b1718.28-per6
593: 
594:                mrmad$manuel rodrigues/id=b1718.28-per7
595:                   ls$residencia/alencarce de cima
596:                   ls$alcunha/moco
597: 
598:       bap$b1718.29/24/4/1718/?/igreja de s. tiago
599: 
600: bap$b1718.29
600:          n$maria/f/id=b1718.29-per1
601: 
602:             pai$joao nunes/id=b1718.29-per1-per2
603:                ls$residencia/mogadouro
604:                ls$naturalidade/souto de vide, freguesia de s.pedro do castelo de penalva, bispado de viseu
605: 
606:             mae$maria goncalves/id=b1718.29-per1-per3
607:                ls$naturalidade/mogadouro
608: 
609:             pad$joao francisco/id=b1718.29-per4
610:                ls$residencia/mogadouro
611: 
612:             mad$ana/id=b1718.29-per5
613:                ls$ec/s
614: 
615:                pmad$antonio goncalves/id=b1718.29-per6
616:                   ls$residencia/mogadouro
617: 
618:       bap$b1718.30/24/4/1718/?/igreja de s. tiago
619: 
620: bap$b1718.30
620:          n$jose/m/id=b1718.30-per1
621: 
622:             pai$andre domingues/id=b1718.30-per1-per2
623:                ls$residencia/casa velha
624:                ls$naturalidade/casal de montais
625: 
626:             mae$maria jorge/id=b1718.30-per1-per3
627:                ls$naturalidade/casa velha
628: 
629:             pad$jose luis/id=b1718.30-per4
630:                ls$residencia/casa velha
631: 
632:             mad$maria/id=b1718.30-per5
633:                ls$ec/s
634: 
635:                pmad$manuel bras/id=b1718.30-per6
636:                   ls$residencia/casa velha
637: 
638:       bap$b1718.31/24/4/1718/?/igreja de s. tiago
639: 
640: bap$b1718.31
640:          n$joao/m/id=b1718.31-per1
641:             ls$ilegitimo/sim
642: 
643:             mae$josefa/id=b1718.31-per1-per2
644:                ls$ec/s
645:                ls$naturalidade/casa velha
646: 
647:                pmae$jose leao/id=b1718.31-per1-per3
648:                   ls$residencia/casa velha
649: 
650:             pad$joao mateus/id=b1718.31-per4
651:                ls$residencia/casa velha
652: 
653:             mad$maria francisca/id=b1718.31-per5
654:                ls$ec/s
655:                ls$residencia/casa velha
656: 
657:       bap$b1718.32/25/4/1718/?/igreja de s. tiago
658: 
659: bap$b1718.32
659:          n$manuel/m/id=b1718.32-per1
660: 
661:             pai$jose francisco/id=b1718.32-per1-per2
662:                ls$residencia/fatacos
663:                ls$naturalidade/marachao, freguesia de figueiro do campo
664: 
665:             mae$maria simoes/id=b1718.32-per1-per3
666:                ls$naturalidade/casais da ega
667: 
668:             pad$antonio mendes/id=b1718.32-per4
669:                ls$residencia/casal dos fatacos
670: 
671:             mad$catarina cardoso/id=b1718.32-per5
672: 
673:                mrmad$manuel goncalves cavaleiro/id=b1718.32-per6
674:                   ls$residencia/casal dos fatacos
675: 
676:       bap$b1718.33/30/4/1718/?/igreja de s. tiago/obs=baptizado em necessidade pela madrinha
677: 
678: bap$b1718.33
678:          n$joao/m/id=b1718.33-per1
679: 
680:             pai$jose de barros/id=b1718.33-per1-per2
681:                ls$residencia/soure
682:                ls$naturalidade/soure
683: 
684:             mae$teresa marques/id=b1718.33-per1-per3
685:                ls$naturalidade/soure
686: 
687:             pad$luis soares coelho/id=b1718.33-per4
688: 
689:             mad$catarina galvao/id=b1718.33-per5
690: 
691:                mrmad$andre goncalves/id=b1718.33-per6
692:                   ls$residencia/soure
693: 
694:       bap$b1718.34/1/5/1718/?/igreja de s. tiago
695: 
696: bap$b1718.34
696:          n$isabel/f/id=b1718.34-per1
697: 
698:             pai$manuel simoes galhardo/id=b1718.34-per1-per2
699:                ls$residencia/sobral
700:                ls$naturalidade/sobral
701: 
702:             mae$maria francisca/id=b1718.34-per1-per3
703:                ls$naturalidade/beltroes
704: 
705:             pad$manuel simoes galhardo/id=bpad01051718
706:                ls$alcunha/velho
707: 
708:             mad$isabel marques/id=b1718.34-per4
709: 
710:                mrmad$jose simoes/id=b1718.34-per5
711:                   ls$residencia/vale de nabal, freguesia da almagreira
712:                   ls$freguesia/almagreira
713: 
714:             referido$manuel simoes galhardo/id=br01051718
715:                ls$alcunha/moco
716:                ls$residencia/sobral
717:                rel$sociabilidade/procurador em baptismo/manuel simoes galhardo/bpad01051718
718: 
719:       bap$b1718.35/8/5/1718/?/igreja de s. tiago
720: 
721: bap$b1718.35
721:          n$domingas/f/id=b1718.35-per1
722: 
723:             pai$manuel jorge raposo/id=b1718.35-per1-per2
724:                ls$residencia/casal das galinhas
725:                ls$naturalidade/casal das galinhas
726: 
727:             mae$maria travassos/id=b1718.35-per1-per3
728:                ls$naturalidade/vila nova de ancos, freguesia de vila nova de ancos
729: 
730:             pad$domingos mateus/id=b1718.35-per4
731:                ls$residencia/brancas
732: 
733:             mad$domingas/id=b1718.35-per5
734:                ls$ec/s
735: 
736:                pmad$joao mateus/id=b1718.35-per6
737:                   ls$residencia/casal das galinhas
738: 
739:       bap$b1718.36/8/5/1718/?/igreja de s. tiago
740: 
741: bap$b1718.36
741:          n$sebastiao/m/id=b1718.36-per1
742: 
743:             pai$domingos goncalves marousso?/id=b1718.36-per1-per2
744:                ls$residencia/alencarce de cima
745:                ls$naturalidade/alencarce de cima
746: 
747:             mae$maria rodrigues/id=b1718.36-per1-per3
748:                ls$naturalidade/alencarce de cima
749: 
750:             pad$manuel madeira/id=b1718.36-per4
751:                ls$residencia/cascao
752: 
753:             mad$maria/id=b1718.36-per5
754:                ls$ec/s
755: 
756:                mmad$isabel rodrigues/id=b1718.36-per6
757:                   ls$ec/v
758:                   ls$residencia/alencarce de cima
759: 
760:       bap$b1718.37/8/5/1718/?/igreja de s. tiago
761: 
762: bap$b1718.37
762:          n$jose/m/id=b1718.37-per1
763: 
764:             pai$manuel lourenco/id=b1718.37-per1-per2
765:                ls$residencia/simoes
766:                ls$naturalidade/simoes
767: 
768:             mae$ana maria mendes/id=b1718.37-per1-per3
769:                ls$naturalidade/mogadouro
770: 
771:             pad$manuel domingues/id=bpad080521718
772:                ls$residencia/simoes
773: 
774:             mad$ana joao/id=b1718.37-per4
775:                rel$parentesco/mulher/manuel domingues/bpad080521718
776: 
777:       bap$b1718.38/8/5/1718/?/igreja de s. tiago
778: 
779: bap$b1718.38
779:          n$joao/m/id=bn08051718
780: 
781:             pai$antonio simoes/id=bn08051718-per1
782:                ls$residencia/casa velha
783:                ls$naturalidade/casa velha
784: 
785:             mae$ines da costa/id=bn08051718-per2
786:                ls$naturalidade/casa velha
787: 
788:             pad$pedro gomes/id=b1718.38-per3
789:                ls$residencia/casa velha
790: 
791:             mad$maria pedroso/id=b1718.38-per4
792: 
793:                mrmad$joao mateus/id=b1718.38-per5
794:                   ls$residencia/casa velha
795: 
796:             referido$joao francisco/id=br08051718
797:                rel$sociabilidade/baptisou em necessidade/joao/bn08051718
798: 
799:       bap$b1718.39/8/5/1718/?/igreja de s. tiago
800: 
801: bap$b1718.39
801:          n$jacinta/f/id=bn08051718c
802: 
803:             pai$joao da costa de vasconcelos/id=bn08051718c-per1
804:                ls$residencia/soure
805:                ls$naturalidade/soure
806: 
807:             mae$isabel florenca de almeida/id=isaflor
808:                ls$naturalidade/quinta da granja, freguesia de almoster, arcebispado de lisboa
809: 
810:             pad$jacinto/id=b1718.39-per2
811:                ls$ec/s
812:                rel$parentesco/filho/joao da costa de vasconcelos/c12-7
813:                rel$parentesco/filho/isabel florenca de almeida/isaflor
814: 
815:             mad$alexandrina/id=bmad08051718
816:                ls$ec/s
817:                rel$parentesco/filha/joao da costa de vasconcelos/c12-7
818:                rel$parentesco/filha/isabel florenca de almeida/isaflor
819: 
820:             referido$maria luis corcovada/id=br08051718b
821:                ls$residencia/vila nova de ancos, freguesia de vilaa novaa de ancos
822:                rel$sociabilidade/baptisou em necessidade/jacinta/bn08051718c
823: 
824:             referido$luis ribeiro cabral/id=b1718.39-per3
825:                rel$sociabilidade/procurador em baptismo/alexandrina/bmad08051718
826: 
827:       bap$b1718.40/8/5/1718/?/igreja de s. tiago
828: 
829: bap$b1718.40
829:          n$francisco/m/id=b1718.40-per1
830: 
831:             pai$joao rodrigues/id=b1718.40-per1-per2
832:                ls$morto/antes
833:                ls$residencia/casal do filipito
834:                ls$naturalidade/casal de pedro afonso
835: 
836:             mae$teresa goncalves/id=b1718.40-per1-per3
837:                ls$naturalidade/casal do filipito
838: 
839:             pad$francisco rodrigues/id=b1718.40-per4
840:                ls$residencia/casal do filipito
841: 
842:             mad$maria/id=b1718.40-per5
843:                ls$ec/s
844: 
845:                pmad$luis goncalves/id=b1718.40-per6
846:                   ls$ec/v
847:                   ls$residencia/soure
848: 
849:       bap$b1718.41/11/5/1718/?/igreja de s. tiago
850: 
851: bap$b1718.41
851:          n$leonarda/f/id=bn11051718
852: 
853:             pai$manuel lopes/id=bn11051718-per1
854:                ls$profissao/sapateiro
855:                ls$residencia/soure
856:                ls$naturalidade/soure
857: 
858:             mae$jeronima da costa/id=bn11051718-per2
859:                ls$naturalidade/tentugal
860: 
861:             pad$jose da costa/id=bpad11051718
862:                ls$profissao/carpinteiro
863:                ls$residencia/soure
864: 
865:             mad$leonarda teixeira/id=b1718.41-per3
866:                rel$parentesco/mulher/jose da costa/bpad11051718
867: 
868:             referido$matias goncalves/id=br11051718
869:                ls$profissao/padre
870:                rel$sociabilidade/baptisou em necessidade/leonarda/bn11051718
871: 
872:       bap$b1718.42/15/5/1718/?/igreja de s. tiago
873: 
874: bap$b1718.42
874:          n$manuel/m/id=b1718.42-per1
875: 
876:             pai$manuel rodrigues rei/id=b1718.42-per1-per2
877:                ls$residencia/mogadouro
878:                ls$naturalidade/sobral
879: 
880:             mae$ana lopes/id=b1718.42-per1-per3
881:                ls$naturalidade/mogadouro
882: 
883:             pad$manuel goncalves branco/id=b1718.42-per4
884:                ls$alcunha/moco
885:                ls$residencia/mogadouro
886: 
887:             mad$maria goncalves/id=b1718.42-per5
888: 
889:                mrmad$mateus carvalho/id=b1718.42-per6
890:                   ls$residencia/mogadouro
891: 
892:       bap$b1718.43/19/5/1718/?/igreja de s. tiago
893: 
894: bap$b1718.43
894:          n$luisa/f/id=b1718.43-per1
895: 
896:             pai$jose gomes/id=b1718.43-per1-per2
897:                ls$residencia/casal do justo#junto dos simoes
898:                ls$naturalidade/casal do justo
899: 
900:             mae$maria joao/id=b1718.43-per1-per3
901:                ls$naturalidade/barrosas
902: 
903:             pad$manuel/id=b1718.43-per4
904:                ls$ec/s
905: 
906:                ppad$manuel joao/id=b1718.43-per5
907:                   ls$residencia/areias
908: 
909:             mad$maria/id=b1718.43-per6
910:                ls$ec/s
911: 
912:                pmad$manuel gomes/id=b1718.43-per7
913:                   ls$residencia/casal do justo
914: 
915:       bap$b1718.44/22/5/1718/?/igreja de s. tiago
916: 
917: bap$b1718.44
917:          n$antonio/m/id=b1718.44-per1
918: 
919:             pai$manuel lourenco/id=b1718.44-per1-per2
920:                ls$residencia/bonitos
921:                ls$naturalidade/bonitos
922: 
923:             mae$ana dias/id=b1718.44-per1-per3
924:                ls$naturalidade/casais da misericordia
925: 
926:             pad$antonio/id=b1718.44-per4
927:                ls$ec/s
928: 
929:                ppad$antonio domingues/id=b1718.44-per5
930:                   ls$residencia/casais da misericordia
931: 
932:             mad$catarina francisca/id=b1718.44-per6
933: 
934:                mrmad$diogo francisco/id=b1718.44-per7
935:                   ls$residencia/simoes
936: 
937:       bap$b1718.45/22/5/1718/?/igreja de s. tiago
938: 
939: bap$b1718.45
939:          n$antonia/f/id=b1718.45-per1
940: 
941:             pai$manuel madeira/id=b1718.45-per1-per2
942:                ls$residencia/alencarce de cima
943:                ls$naturalidade/alencarce de cima
944: 
945:             mae$isabel simoes/id=b1718.45-per1-per3
946:                ls$naturalidade/carvalhal, freguesia de tapeus
947: 
948:             pad$antonio madeira/id=b1718.45-per4
949: 
950:             mad$antonia goncalves/id=b1718.45-per5
951:                ls$ec/v
952:                ls$residencia/cascao
953: 
954:       bap$b1718.46/22/5/1718/?/igreja de s. tiago
955: 
956: bap$b1718.46
956:          n$isabel/f/id=b1718.46-per1
957: 
958:             pai$domingos lopes/id=b1718.46-per1-per2
959:                ls$residencia/paleao
960:                ls$naturalidade/campizes, freguesia do sebal
961: 
962:             mae$domingas rodrigues/id=b1718.46-per1-per3
963:                ls$naturalidade/paleao
964: 
965:             pad$antonio ferreira marmelo/id=bpad22051718
966:                ls$residencia/paleao
967: 
968:             mad$maria gomes/id=b1718.46-per4
969:                rel$parentesco/mulher/antonio ferreira marmelo/bpad22051718
970: 
971:       bap$b1718.47/22/5/1718/?/igreja de s. tiago
972: 
973: bap$b1718.47
973:          n$manuel/m/id=bn22051718
974: 
975:             pai$manuel rodrigues pereira/id=bn22051718-per1
976:                ls$residencia/soure
977:                ls$naturalidade/quinta de porto coelheiro
978: 
979:             mae$maria simoes/id=bn22051718-per2
980:                ls$naturalidade/casal da corujeira
981: 
982:             pad$antonio alvares ribeiro/id=b1718.47-per3
983:                ls$residencia/soure
984: 
985:             mad$maria lourenco/id=b1718.47-per4
986:                ls$ec/s
987:                ls$residencia/soure
988: 
989:             referido$antonio de sousa/id=br22051718
990:                ls$profissao/padre
991:                rel$sociabilidade/baptisou em necessidade/manuel/bn22051718
992: 
993:       bap$b1718.48/22/5/1718/?/igreja de s. tiago
994: 
995: bap$b1718.48
995:          n$maria/f/id=b1718.48-per1
996: 
997:             pai$jose dias/id=b1718.48-per1-per2
998:                ls$residencia/soure
999:                ls$naturalidade/soure
1000: 
1001:             mae$isabel francisca/id=b1718.48-per1-per3
1002:                ls$naturalidade/casais do porto, freguesia do lourical
1003: 
1004:             pad$henrique barbosa canais/id=hbcanais
1005:                ls$titulo/licenciado
1006: 
1007:             mad$barbara/id=bmad22051718
1008:                ls$titulo/dona
1009:                ls$ec/s
1010: 
1011:                mmad$madalena/id=bmmad22051718
1012:                   ls$titulo/dona
1013: 
1014:             referido$francisco de sousa/id=br22041718b
1015:                ls$residencia/leiria, freguesia de
1016:                ls$ec/s
1017:                rel$sociabilidade/procurador em baptismo/barbara/bmad22051718
1018:                rel$parentesco/sobrinho/madalena/bmmad22051718
1019: 
1020:       bap$b1718.49/22/5/1718/?/igreja de s. tiago
1021: 
1022: bap$b1718.49
1022:          n$fernando/m/id=b1718.49-per1
1023: 
1024:             pai$manuel de brito/id=b1718.49-per1-per2
1025:                ls$residencia/soure
1026:                ls$naturalidade/sobral
1027: 
1028:             mae$francisca da conceicao/id=b1718.49-per1-per3
1029:                ls$residencia/casal do livreiro
1030: 
1031:             pad$fernando/id=b1718.49-per4
1032:                ls$ec/s
1033: 
1034:                ppad$luis manhos de abreu/id=b1718.49-per5
1035:                   ls$cargo/capitao
1036:                   ls$nome/luis manhos
1037: 
1038:             mad$mariana/id=b1718.49-per6
1039:                rel$parentesco/filha/luis manhos de abreu/b1718.49-per5
1040: 
1041:             referido$jose mendes/id=br22051718c
1042:                ls$profissao/padre
1043:                ls$residencia/soure
1044:                rel$sociabilidade/procurador em baptismo/mariana/marianacb
1045: 
1046:       bap$b1718.50/26/5/1718/?/igreja de s. tiago
1047: 
1048: bap$b1718.50
1048:          n$jose/m/id=b1718.50-per1
1049: 
1050:             pai$joao rodrigues/id=b1718.50-per1-per2
1051:                ls$residencia/sobral
1052:                ls$naturalidade/sobral
1053: 
1054:             mae$josefa francisca/id=b1718.50-per1-per3
1055:                ls$naturalidade/sobral
1056: 
1057:             pad$jose rodrigues fuseiro/id=b1718.50-per4
1058:                ls$residencia/casais de s.mateus
1059: 
1060:             mad$isabel/id=b1718.50-per5
1061:                ls$ec/s
1062: 
1063:                pmad$joao gomes carrasco/id=b1718.50-per6
1064:                   ls$residencia/casal da venda
1065: 
1066:       bap$b1718.51/28/5/1718/?/igreja de s. tiago
1067: 
1068: bap$b1718.51
1068:          n$manuel/m/id=b1718.51-per1
1069: 
1070:             pai$domingos carvalho/id=b1718.51-per1-per2
1071:                ls$residencia/casal do malvado
1072:                ls$naturalidade/casal do malvado
1073: 
1074:             mae$maria agostinha/id=b1718.51-per1-per3
1075:                ls$naturalidade/cerdeira, freguesia de lamas
1076: 
1077:             pad$manuel/id=b1718.51-per4
1078:                ls$ec/s
1079: 
1080:                ppad$sebastiao antunes/id=b1718.51-per5
1081:                   ls$residencia/presa
1082: 
1083:             mad$isabel da conceicao/id=b1718.51-per6
1084:                ls$ec/s
1085:                ls$residencia/alencarce de cima
1086: 
1087:       bap$b1718.52/5/6/1718/?/igreja de s. tiago
1088: 
1089: bap$b1718.52
1089:          n$antonio/m/id=b1718.52-per1
1090: 
1091:             pai$manuel pedroso/id=b1718.52-per1-per2
1092:                ls$residencia/casal do migalho
1093:                ls$naturalidade/casal do migalho
1094: 
1095:             mae$agueda gomes/id=b1718.52-per1-per3
1096:                ls$naturalidade/vinha da rainha
1097: 
1098:             pad$manuel duarte/id=b1718.52-per4
1099:                ls$residencia/casal do migalho
1100: 
1101:             mad$antonia cordeiro/id=b1718.52-per5
1102: 
1103:                mrmad$manuel duarte#ha dois no casal do migalho/id=b1718.52-per6
1104:                   ls$residencia/casal do migalho
1105: 
1106:       bap$b1718.53/5/6/1718/?/igreja de s. tiago
1107: 
1108: bap$b1718.53
1108:          n$jacinto/m/id=b1718.53-per1
1109: 
1110:             pai$manuel fernandes/id=b1718.53-per1-per2
1111:                ls$residencia/casa velha
1112:                ls$naturalidade/casal do cardieiro, freguesia do lourical
1113: 
1114:             mae$isabel pereira/id=b1718.53-per1-per3
1115:                ls$naturalidade/casa velha
1116: 
1117:             pad$joao simoes/id=bpad05061718
1118:                ls$residencia/casa velha
1119:                ls$ec/s
1120: 
1121:             mad$helena pereira/id=b1718.53-per4
1122:                ls$ec/s
1123:                ls$residencia/casa velha
1124:                rel$parentesco/irma/joao simoes/bpad05061718
1125: 
1126:       bap$b1718.54/5/6/1718/?/igreja de s. tiago
1127: 
1128: bap$b1718.54
1128:          n$antonia/f/id=b1718.54-per1
1129: 
1130:             pai$manuel rodrigues marmeleiro/id=b1718.54-per1-per2
1131:                ls$residencia/casal de alencarce de cima
1132:                ls$naturalidade/casal de alencarce de cima
1133: 
1134:             mae$maria antunes/id=b1718.54-per1-per3
1135:                ls$naturalidade/casais da ega, freguesia da ega
1136: 
1137:             pad$antonio/id=b1718.54-per4
1138:                ls$ec/s
1139: 
1140:                mpad$maria ferreira/id=b1718.54-per5
1141:                   ls$ec/v
1142:                   ls$residencia/alencarce de cima
1143: 
1144:             mad$josefa de carvalho/id=bmad05061718
1145:                ls$ec/s
1146:                ls$residencia/alencarce de cima
1147: 
1148:             referida$antonia madeira/id=br05061718b
1149:                ls$ec/s
1150:                ls$residencia/alencarce de cima
1151:                rel$sociabilidade/procurador em baptismo/josefa de carvalho/bmad05061718
1152: 
1153:       bap$b1718.55/7/6/1718/?/igreja de s. tiago
1154: 
1155: bap$b1718.55
1155:          n$jose/m/id=b1718.55-per1
1156: 
1157:             pai$joao dinis/id=b1718.55-per1-per2
1158:                ls$residencia/casal de eureca
1159:                ls$naturalidade/casal de eureca
1160: 
1161:             mae$maria rodrigues/id=b1718.55-per1-per3
1162:                ls$naturalidade/alencarce de baixo
1163: 
1164:             pad$domingos madeira/id=bpad07061718
1165:                ls$residencia/alencarce de baixo
1166: 
1167:             mad$ana maria gomes/id=b1718.55-per4
1168:                rel$parentesco/mulher/domingos madeira/bpad07061718
1169: 
1170:       bap$b1718.56/8/6/1718/?/igreja de s. tiago
1171: 
1172: bap$b1718.56
1172:          n$inacio/m/id=bn08061718
1173: 
1174:             pai$henrique barbosa canais/id=bn08061718-per1
1175:                ls$residencia/soure
1176:                ls$naturalidade/soure
1177: 
1178:             mae$angela luisa/id=bn08061718-per2
1179:                ls$naturalidade/soure
1180: 
1181:             pad$rodrigo homem de quadros/id=b1718.56-per3
1182: 
1183:             mad$barbara/mesmo_que=bmad22051718/id=b1718.56-per4
1184:                ls$titulo/dona
1185:                ls$ec/s
1186: 
1187:                mmad$madalena/mesmo_que=bmmad22051718/id=b1718.56-per5
1188:                   ls$titulo/dona
1189: 
1190:             referido$francisco de sousa/mesmo_que=br22041718b/id=b1718.56-per6
1191:                ls$residencia/leiria, freguesia de
1192:                ls$ec/s
1193:                rel$sociabilidade/procurador em baptismo/barbara/bmad22051718
1194:                rel$parentesco/sobrinho/madalena/bmmad22051718
1195: 
1196:             referido$jose rodrigues da paz/id=br08061718
1197:                ls$profissao/padre
1198:                ls$titulo/frei
1199:                rel$sociabilidade/baptisou em necessidade/inacio/bn08061718
1200: 
1201:       bap$b1718.57/16/6/1718/?/igreja de s. tiago
1202: 
1203: bap$b1718.57
1203:          n$francisco/m/id=b1718.57-per1
1204: 
1205:             pai$martinho da cunha de eca/id=b1718.57-per1-per2
1206:                ls$residencia/soure
1207:                ls$naturalidade/alvorrrinha, freguesia de alvorrinha, bispado de lisboa ocidental
1208: 
1209:             mae$teresa/id=b1718.57-per1-per3
1210:                ls$titulo/dona
1211:                ls$naturalidade/soure
1212: 
1213:             pad$domingos goncalves galhardo/id=b1718.57-per4
1214: 
1215:             mad$barbara/mesmo_que=bmad22051718/id=b1718.57-per5
1216:                ls$titulo/dona
1217:                ls$ec/s
1218: 
1219:                mmad$madalena/mesmo_que=bmmad22051718/id=b1718.57-per6
1220:                   ls$titulo/dona
1221: 
1222:             referido$francisco de sousa/mesmo_que=br22041718b/id=b1718.57-per7
1223:                ls$residencia/leiria, freguesia de
1224:                ls$ec/s
1225:                rel$sociabilidade/procurador em baptismo/barbara/bmad22051718
1226:                rel$parentesco/sobrinho/madalena/bmmad22051718
1227: 
1228:       bap$b1718.58/19/6/1718/?/igreja de s. tiago
1229: 
1230: bap$b1718.58
1230:          n$josefa/f/id=b1718.58-per1
1231: 
1232:             pai$agostinho francisco/id=b1718.58-per1-per2
1233:                ls$residencia/mogadouro
1234:                ls$naturalidade/mogadouro
1235: 
1236:             mae$domingas martins/id=b1718.58-per1-per3
1237:                ls$naturalidade/mogadouro
1238: 
1239:             pad$manuel goncalves branco/id=b1718.58-per4
1240:                ls$alcunha/moco
1241:                ls$residencia/mogadouro
1242: 
1243:             mad$maria goncalves/id=b1718.58-per5
1244: 
1245:                mrmad$mateus carvalho/id=b1718.58-per6
1246:                   ls$residencia/mogadouro
1247: 
1248:       bap$b1718.59/27/6/1718/?/igreja de s. tiago
1249: 
1250: bap$b1718.59
1250:          n$antonia/f/id=b1718.59-per1
1251: 
1252:             pai$jacinto da silva/id=b1718.59-per1-per2
1253:                ls$residencia/soure
1254:                ls$naturalidade/lourical, freguesia do lourical
1255: 
1256:             mae$maria pereira/id=b1718.59-per1-per3
1257:                ls$naturalidade/soure
1258: 
1259:             pad$jose da costa/id=b1718.59-per4
1260:                ls$profissao/carpinteiro
1261:                ls$residencia/soure
1262: 
1263:             mad$ana pereira/id=b1718.59-per5
1264:                ls$residencia/soure
1265: 
1266:       bap$b1718.60/29/6/1718/?/igreja de s. tiago
1267: 
1268: bap$b1718.60
1268:          n$jose/m/id=b1718.60-per1
1269: 
1270:             pai$antonio jorge/id=b1718.60-per1-per2
1271:                ls$residencia/simoes
1272:                ls$naturalidade/sobral
1273: 
1274:             mae$catarina rodrigues/id=b1718.60-per1-per3
1275:                ls$naturalidade/simoes
1276: 
1277:             pad$manuel simoes galhardo/id=b1718.60-per4
1278:                ls$alcunha/moco
1279:                ls$residencia/sobral
1280: 
1281:             mad$maria/id=b1718.60-per5
1282:                ls$ec/s
1283: 
1284:                pmad$manuel gomes/id=b1718.60-per6
1285:                   ls$residencia/casal do justo
1286: 
1287:       bap$b1718.61/29/6/1718/?/igreja de s. tiago/obs=baptizado em necessidade pelo padrinho
1288: 
1289: bap$b1718.61
1289:          n$manuel/m/id=b1718.61-per1
1290: 
1291:             pai$manuel cordeiro/id=b1718.61-per1-per2
1292:                ls$residencia/casal do migalho
1293:                ls$naturalidade/carregosa, freguesia da gesteira
1294: 
1295:             mae$luisa goncalves/id=b1718.61-per1-per3
1296:                ls$naturalidade/casal do migalho
1297: 
1298:             pad$joao/id=b1718.61-per4
1299:                ls$ec/s
1300: 
1301:                mpad$francisca jorge/id=b1718.61-per5
1302:                   ls$ec/v
1303:                   ls$residencia/casal do migalho
1304: 
1305:             mad$isabel do espirito santo/id=b1718.61-per6
1306: 
1307:                mrmad$domingos cordeiro/id=b1718.61-per7
1308:                   ls$residencia/casal do migalho
1309: 
1310:       bap$b1718.62/3/7/1718/?/igreja de s. tiago
1311: 
1312: bap$b1718.62
1312:          n$antonio/m/id=b1718.62-per1
1313: 
1314:             pai$antonio pereira/id=b1718.62-per1-per2
1315:                ls$residencia/casal das brancas
1316:                ls$naturalidade/casal das brancas
1317: 
1318:             mae$catarina simoes/id=b1718.62-per1-per3
1319:                ls$naturalidade/cavaleiros
1320: 
1321:             pad$jose goncalves/id=b1718.62-per4
1322:                ls$residencia/fatacos
1323: 
1324:             mad$isabel pereira/id=b1718.62-per5
1325:                ls$ec/s
1326:                ls$residencia/casal das brancas
1327: 
1328:       bap$b1718.63/3/7/1718/?/igreja de s. tiago
1329: 
1330: bap$b1718.63
1330:          n$manuel/m/id=b1718.63-per1
1331: 
1332:             pai$miguel rodrigues/id=b1718.63-per1-per2
1333:                ls$residencia/sobral
1334:                ls$naturalidade/sobral
1335: 
1336:             mae$maria domingues/id=b1718.63-per1-per3
1337:                ls$naturalidade/sobral
1338: 
1339:             pad$jose/id=b1718.63-per4
1340:                ls$ec/s
1341: 
1342:                ppad$manuel jorge/id=bppad03071718
1343:                   ls$residencia/sobral
1344: 
1345:             mad$maria/id=b1718.63-per5
1346:                ls$ec/s
1347:                rel$parentesco/filha/manuel jorge/bppad03071718
1348: 
1349:       bap$b1718.64/10/7/1718/?/igreja de s. tiago
1350: 
1351: bap$b1718.64
1351:          n$domingos/m/id=b1718.64-per1
1352: 
1353:             pai$domingos rodrigues janeiro/id=b1718.64-per1-per2
1354:                ls$residencia/casalinhos
1355:                ls$naturalidade/barrosas
1356: 
1357:             mae$maria gomes/id=b1718.64-per1-per3
1358:                ls$naturalidade/casalinhos
1359: 
1360:             pad$henrique barbosa canais/mesmo_que=hbcanais/id=b1718.64-per4
1361: 
1362:             mad$antonia/id=bmad10071718
1363:                ls$titulo/dona
1364: 
1365:                mmad$madalena/mesmo_que=bmmad22051718/id=b1718.64-per5
1366:                   ls$titulo/dona
1367: 
1368:             referido$francisco de sousa/mesmo_que=br22041718b/id=b1718.64-per6
1369:                ls$residencia/leiria, freguesia de
1370:                ls$ec/s
1371:                rel$sociabilidade/procurador em baptismo/antonia/bmad10071718
1372: 
1373:       bap$b1718.65/11/7/1718/?/igreja de s. tiago/obs=baptizado em necessidade pelo padrinho
1374: 
1375: bap$b1718.65
1375:          n$joao/m/id=b1718.65-per1
1376: 
1377:             pai$joao henriques de carvalho/id=b1718.65-per1-per2
1378:                ls$residencia/sobral
1379:                ls$naturalidade/sobral
1380: 
1381:             mae$esperanca rodrigues/id=b1718.65-per1-per3
1382:                ls$naturalidade/sobral
1383: 
1384:             pad$joao rodrigues rainho/id=b1718.65-per4
1385:                ls$residencia/sobral
1386: 
1387:             mad$feliciana goncalves/id=b1718.65-per5
1388: 
1389:                mrmad$manuel dias/id=b1718.65-per6
1390:                   ls$residencia/sobral
1391: 
1392:       bap$b1718.66/17/7/1718/?/igreja de s. tiago
1393: 
1394: bap$b1718.66
1394:          n$antonia/f/id=b1718.66-per1
1395: 
1396:             pai$antonio rodrigues calhau/id=b1718.66-per1-per2
1397:                ls$residencia/alencarce de cima
1398:                ls$naturalidade/alencarce de cima
1399: 
1400:             mae$maria simoes/id=b1718.66-per1-per3
1401:                ls$naturalidade/alencarce de cima
1402: 
1403:             pad$antonio rodrigues raposo/id=b1718.66-per4
1404:                ls$cargo/alcaide de soure
1405:                ls$residencia/soure
1406: 
1407:             mad$maria/id=bmad17071718
1408:                ls$ec/s
1409:                rel$parentesco/sobrinha/domingos joao/domjoao
1410: 
1411:             referido$domingos joao/id=b1718.66-per5
1412: 
1413:             referido$manuel simoes/id=br17071718
1414:                ls$residencia/alencarce de cima
1415:                rel$sociabilidade/procurador em baptismo/maria/bmad17071718
1416: 
1417:       bap$b1718.67/17/7/1718/?/igreja de s. tiago
1418: 
1419: bap$b1718.67
1419:          n$bernarda/f/id=b1718.67-per1
1420: 
1421:             pai$antonio rodrigues feijao/id=b1718.67-per1-per2
1422:                ls$residencia/paleao
1423:                ls$naturalidade/casal dos feijoes
1424: 
1425:             mae$maria gomes/id=b1718.67-per1-per3
1426:                ls$naturalidade/paleao
1427: 
1428:             pad$jose soares/id=b1718.67-per4
1429:                ls$residencia/paleao
1430: 
1431:             mad$antonia joao/id=b1718.67-per5
1432: 
1433:                mrmad$jose mateus/id=b1718.67-per6
1434:                   ls$residencia/paleao
1435: 
1436:       bap$b1718.68/17/7/1718/?/igreja de s. tiago
1437: 
1438: bap$b1718.68
1438:          n$maria/f/id=bn17071718
1439:             ls$ilegitima/sim
1440: 
1441:             mae$isabel/id=bn17071718-per1
1442:                ls$ec/s
1443:                ls$residencia/pinheiro
1444:                ls$naturalidade/pinheiro
1445: 
1446:                pmae$manuel goncalves/id=bn17071718-per2
1447:                   ls$alcunha/arrafil
1448: 
1449:             pad$joao goncalves bizarro/id=bpad17071718
1450:                ls$residencia/pinheiro
1451: 
1452:             mad$maria madeira/id=b1718.68-per3
1453:                rel$parentesco/mulher/joao goncalves bizarro/bpad17071718
1454: 
1455:             referido$maria simoes/id=br17071718b
1456:                rel$parentesco/mulher/manuel de oliveira/br17071718c
1457:                rel$sociabilidade/baptisou em necessidade/maria/bn17071718
1458:                ls$residencia/pinheiro
1459: 
1460:             referido$manuel de oliveira/id=br17071718c
1461:                ls$residencia/lajem
1462: 
1463:       bap$b1718.69/18/7/1718/?/igreja de s. tiago
1464: 
1465: bap$b1718.69
1465:          n$maria/f/id=b1718.69-per1
1466: 
1467:             pai$joao rodrigues/id=b1718.69-per1-per2
1468:                ls$residencia/sobral
1469:                ls$naturalidade/sobral
1470: 
1471:             mae$maria rodrigues/id=b1718.69-per1-per3
1472:                ls$naturalidade/sobral
1473: 
1474:             pad$antonio francisco/id=b1718.69-per4
1475:                ls$residencia/sobral
1476: 
1477:             mad$ines rodrigues/id=b1718.69-per5
1478: 
1479:                mrmad$jose rodrigues/id=b1718.69-per6
1480:                   ls$residencia/sobral
1481: 
1482:       bap$b1718.70/24/7/1718/?/igreja de s. tiago
1483: 
1484: bap$b1718.70
1484:          n$luisa/f/id=b1718.70-per1
1485: 
1486:             pai$manuel rodrigues/id=b1718.70-per1-per2
1487:                ls$residencia/casal do barril
1488:                ls$naturalidade/casais dos feijoes
1489: 
1490:             mae$catarina esteves/id=b1718.70-per1-per3
1491:                ls$naturalidade/casal do barril
1492: 
1493:             pad$luis manhos de abreu/id=b1718.70-per4
1494:                ls$nome/luis manhos
1495:                ls$cargo/capitao
1496: 
1497:             mad$maria/id=b1718.70-per5
1498:                ls$ec/s
1499: 
1500:                pmad$manuel rodrigues feijao/id=b1718.70-per6
1501:                   ls$residencia/casal do barril
1502: 
1503:       bap$b1718.71/28/7/1718/?/igreja de s. tiago
1504: 
1505: bap$b1718.71
1505:          n$maria/f/id=b1718.71-per1
1506:             ls$ilegitima/sim
1507: 
1508:             mae$antonia barbeira/id=b1718.71-per1-per2
1509:                ls$ec/s
1510:                ls$residencia/sobral
1511:                ls$naturalidade/sobral
1512: 
1513:             pad$manuel rodrigues centeio/id=b1718.71-per3
1514: 
1515:             mad$isabel/id=b1718.71-per4
1516:                ls$ec/s
1517: 
1518:                mmad$maria domingues/id=b1718.71-per5
1519:                   ls$ec/v
1520:                   ls$residencia/sobral
1521: 
1522:       bap$b1718.72/31/7/1718/?/igreja de s. tiago
1523: 
1524: bap$b1718.72
1524:          n$joao/m/id=b1718.72-per1
1525: 
1526:             pai$manuel alvares/id=b1718.72-per1-per2
1527:                ls$residencia/soure
1528:                ls$naturalidade/casalinhos
1529: 
1530:             mae$maria de almeida/id=b1718.72-per1-per3
1531:                ls$naturalidade/pombal, freguesia de pombal
1532: 
1533:             pad$joao da costa de vasconcelos/id=b1718.72-per4
1534: 
1535:             mad$isabel florenca de almeida/id=b1718.72-per5
1536: 
1537:       bap$b1718.73/13/8/1718/?/igreja de s. tiago
1538: 
1539: bap$b1718.73
1539:          n$tomas/m/id=b1718.73-per1
1540: 
1541:             pai$xavier carvalho/id=b1718.73-per1-per2
1542:                ls$residencia/casais dos feijoes
1543:                ls$naturalidade/rodao, freguesia do sebal grande
1544: 
1545:             mae$catarina duarte/id=b1718.73-per1-per3
1546:                ls$naturalidade/coles, freguesia de samuel
1547: 
1548:             pad$joao/id=b1718.73-per4
1549:                ls$ec/s
1550: 
1551:                ppad$joao mendes/id=bppad13081718
1552:                   ls$residencia/s.mateus
1553: 
1554:             mad$josefa/id=b1718.73-per5
1555:                rel$parentesco/filha/joao mendes/bppad13081718
1556: 
1557:       bap$b1718.74/19/8/1718/?/igreja de s. tiago/obs=visto em visita em 16 de agosto. baptizado em necessidade pelo padrinho
1558: 
1559: bap$b1718.74
1559:          n$clara/f/id=b1718.74-per1
1560: 
1561:             pai$manuel madeira/id=b1718.74-per1-per2
1562:                ls$residencia/soure
1563:                ls$naturalidade/paleao
1564: 
1565:             mae$francisca rodrigues/id=b1718.74-per1-per3
1566:                ls$naturalidade/soure
1567: 
1568:             pad$manuel martins/id=b1718.74-per4
1569:                ls$profissao/padre
1570: 
1571:             mad$catarina/id=b1718.74-per5
1572:                ls$ec/s
1573: 
1574:                pmad$belchior rodrigues/id=b1718.74-per6
1575:                   ls$residencia/quinta da arretorta?
1576: 
1577:       bap$b1718.75/21/8/1718/?/igreja de s. tiago
1578: 
1579: bap$b1718.75
1579:          n$manuel/m/id=b1718.75-per1
1580: 
1581:             pai$manuel de oliveira/id=b1718.75-per1-per2
1582:                ls$alcunha/moco
1583:                ls$residencia/lajem
1584:                ls$naturalidade/lajem
1585: 
1586:             mae$domingas rodrigues/id=b1718.75-per1-per3
1587:                ls$naturalidade/casal das areias
1588: 
1589:             pad$jose/id=b1718.75-per4
1590:                ls$ec/s
1591: 
1592:                ppad$manuel de oliveira/id=bppad21081718
1593:                   ls$alcunha/velho
1594:                   ls$residencia/lajem
1595: 
1596:             mad$maria/id=b1718.75-per5
1597:                ls$ec/s
1598:                rel$parentesco/filha/manuel de oliveira/bppad21081718
1599: 
1600:       bap$b1718.76/28/8/1718/?/igreja de s. tiago
1601: 
1602: bap$b1718.76
1602:          n$mariana/f/id=b1718.76-per1
1603: 
1604:             pai$francisco gabriel/id=b1718.76-per1-per2
1605:                ls$residencia/casa velha
1606:                ls$naturalidade/casa velha
1607: 
1608:             mae$maria henriques/id=b1718.76-per1-per3
1609:                ls$naturalidade/casa velha
1610: 
1611:             pad$joao simoes/id=b1718.76-per4
1612:                ls$ec/s
1613:                ls$residencia/casa velha
1614: 
1615:             mad$maria/id=b1718.76-per5
1616:                ls$ec/s
1617: 
1618:                mmad$domingas da costa/id=b1718.76-per6
1619:                   ls$ec/v
1620:                   ls$residencia/casa velha
1621: 
1622:       bap$b1718.77/28/8/1718/?/igreja de s. tiago
1623: 
1624: bap$b1718.77
1624:          n$antonia/f/id=b1718.77-per1
1625: 
1626:             pai$domingos dos santos/id=b1718.77-per1-per2
1627:                ls$residencia/casa velha
1628:                ls$naturalidade/ribeira de carnide, freguesia da almagreira
1629: 
1630:             mae$maria de sousa/id=b1718.77-per1-per3
1631:                ls$naturalidade/casa velha
1632: 
1633:             pad$joao simoes/id=bpad28081718b
1634:                ls$residencia/casal novo
1635: 
1636:             mad$maria/id=b1718.77-per4
1637:                ls$ec/s
1638:                rel$parentesco/filha/joao simoes/bpad28081718b
1639: 
1640:       bap$b1718.78/1/9%8/1718/?/igreja de s. tiago
1641: 
1642: bap$b1718.78
1642:          n$jose/m/id=b1718.78-per1
1643: 
1644:             pai$joao francisco/id=b1718.78-per1-per2
1645:                ls$residencia/mogadouro
1646:                ls$naturalidade/mogadouro
1647: 
1648:             mae$catarina de oliveira/id=b1718.78-per1-per3
1649:                ls$naturalidade/casais dos caldeireiros#junto dos simoes
1650: 
1651:             pad$manuel goncalves branco/id=b1718.78-per4
1652:                ls$alcunha/moco
1653:                ls$residencia/mogadouro
1654: 
1655:             mad$maria goncalves/id=b1718.78-per5
1656: 
1657:                mrmad$mateus carvalho/id=b1718.78-per6
1658:                   ls$residencia/mogadouro
1659: 
1660:       bap$b1718.79/11/9/1718/?/igreja de s. tiago
1661: 
1662: bap$b1718.79
1662:          n$jose/m/id=b1718.79-per1
1663: 
1664:             pai$francisco ferreira/id=b1718.79-per1-per2
1665:                ls$residencia/alencarce de cima
1666:                ls$naturalidade/alfarelos, freguesia de alfarelos
1667: 
1668:             mae$francisca rodrigues/id=b1718.79-per1-per3
1669:                ls$naturalidade/alencarce de cima
1670: 
1671:             pad$joao/id=b1718.79-per4
1672:                ls$ec/s
1673: 
1674:                ppad$joao mendes/id=bppad11091718
1675:                   ls$residencia/s.mateus
1676: 
1677:             mad$teresa/id=b1718.79-per5
1678:                rel$parentesco/filha/joao mendes/bppad11091718
1679: 
1680:       bap$b1718.80/13/9/1718/?/igreja de s. tiago
1681: 
1682: bap$b1718.80
1682:          n$fernando/m/id=b1718.80-per1
1683: 
1684:             pai$joao rodrigues rainho/id=b1718.80-per1-per2
1685:                ls$residencia/sobral
1686:                ls$naturalidade/sobral
1687: 
1688:             mae$maria rodrigues/id=b1718.80-per1-per3
1689:                ls$naturalidade/sobral
1690: 
1691:             pad$fernando/id=b1718.80-per4
1692:                ls$ec/s
1693: 
1694:                ppad$luis manhos de abreu/id=b1718.80-per5
1695: 
1696:             mad$maria/id=b1718.80-per6
1697:                ls$ec/s
1698: 
1699:                mmad$isabel francisca/id=b1718.80-per7
1700:                   ls$ec/v
1701:                   ls$residencia/sobral
1702: 
1703:       bap$b1718.81/18/9/1718/?/igreja de s. tiago
1704: 
1705: bap$b1718.81
1705:          n$bernardo/m/id=b1718.81-per1
1706: 
1707:             pai$manuel da costa/id=b1718.81-per1-per2
1708:                ls$residencia/casa velha
1709:                ls$naturalidade/carregosa, freguesia da gesteira
1710: 
1711:             mae$antonia goncalves/id=b1718.81-per1-per3
1712:                ls$naturalidade/casa velha
1713: 
1714:             pad$manuel/id=b1718.81-per4
1715:                ls$ec/s
1716: 
1717:                mpad$maria da costa/id=bmpad18091718
1718:                   ls$ec/v
1719:                   ls$residencia/casa velha
1720: 
1721:             mad$leogarda/id=b1718.81-per5
1722:                rel$parentesco/filha/maria da costa/bmpad18091718
1723: 
1724:       bap$b1718.82/22/9/1718/?/igreja de s. tiago
1725: 
1726: bap$b1718.82
1726:          n$manuel/m/id=b1718.82-per1
1727: 
1728:             pai$manuel jorge/id=b1718.82-per1-per2
1729:                ls$residencia/simoes
1730:                ls$naturalidade/pousadas vedras, freguesia da redinha
1731: 
1732:             mae$teresa francisca/id=b1718.82-per1-per3
1733:                ls$naturalidade/simoes
1734: 
1735:             pad$manuel domingues/id=b1718.82-per4
1736:                ls$ec/s
1737:                ls$residencia/simoes
1738: 
1739:             mad$maria/id=b1718.82-per5
1740:                ls$ec/s
1741: 
1742:                pmad$manuel gomes/id=b1718.82-per6
1743:                   ls$residencia/casal do justo
1744: 
1745:       bap$b1718.83/26/9/1718/?/igreja de s. tiago/obs=baptizado em necessidade pelo padrinho
1746: 
1747: bap$b1718.83
1747:          n$josefa/f/id=b1718.83-per1
1748: 
1749:             pai$manuel dias/id=b1718.83-per1-per2
1750:                ls$residencia/paleao
1751:                ls$naturalidade/pelma, freguesia de pelma
1752: 
1753:             mae$mariana ferreira/id=b1718.83-per1-per3
1754:                ls$naturalidade/mogadouro
1755: 
1756:             pad$joao gaspar/id=b1718.83-per4
1757:                ls$ec/s
1758:                ls$residencia/paleao
1759: 
1760:             mad$maria goncalves/id=b1718.83-per5
1761: 
1762:                mrmad$mateus carvalho/id=b1718.83-per6
1763:                   ls$residencia/mogadouro
1764: 
1765:       bap$b1718.84/26/9/1718/?/igreja de s. tiago
1766: 
1767: bap$b1718.84
1767:          n$antonio/m/id=bn26091718
1768: 
1769:             pai$joao goncalves/id=bn26091718-per1
1770:                ls$residencia/casais dos louzoes
1771:                ls$naturalidade/baixos, freguesia da almagreira
1772: 
1773:             mae$esperanca rodrigues/id=bn26091718-per2
1774:                ls$naturalidade/casais dos louzoes
1775: 
1776:             pad$manuel pinto miranda/id=b1718.84-per3
1777:                ls$residencia/soure
1778: 
1779:             mad$helena cardoso/id=b1718.84-per4
1780: 
1781:                mrmad$alberto ferreira/id=b1718.84-per5
1782:                   ls$residencia/soure
1783: 
1784:             referido$antonio duarte/id=br26091718
1785:                rel$sociabilidade/baptisou em necessidade/antonio/bn26091718
1786:                ls$residencia/casais dos louzoes
1787: 
1788:       bap$b1718.85/27/9/1718/?/igreja de s. tiago
1789: 
1790: bap$b1718.85
1790:          n$manuel/m/id=b1718.85-per1
1791: 
1792:             pai$manuel joao soeiro/id=b1718.85-per1-per2
1793:                ls$residencia/sobral
1794:                ls$naturalidade/sobral
1795: 
1796:             mae$maria francisca/id=b1718.85-per1-per3
1797:                ls$naturalidade/simoes
1798: 
1799:             pad$antonio simoes/id=b1718.85-per4
1800:                ls$residencia/torre
1801: 
1802:             mad$maria goncalves/id=b1718.85-per5
1803: 
1804:                mrmad$jose dias/id=b1718.85-per6
1805:                   ls$residencia/torre
1806: 
1807:       bap$b1718.86/28/9/1718/?/igreja de s. tiago
1808: 
1809: bap$b1718.86
1809:          n$maria/f/id=b1718.86-per1
1810: 
1811:             pai$manuel rodrigues centeio/id=b1718.86-per1-per2
1812:                ls$residencia/sobral
1813:                ls$naturalidade/casal de eureca
1814: 
1815:             mae$catarina joao/id=b1718.86-per1-per3
1816:                ls$residencia/sobral
1817: 
1818:             pad$antonio francisco/id=b1718.86-per4
1819:                ls$residencia/sobral
1820: 
1821:             mad$maria/id=b1718.86-per5
1822:                ls$ec/s
1823: 
1824:                pmad$diogo rodrigues/id=b1718.86-per6
1825:                   ls$residencia/casal de eureca
1826: 
1827:       bap$b1718.87/2/10/1718/?/igreja de s. tiago
1828: 
1829: bap$b1718.87
1829:          n$tomas/m/id=bn02101718
1830: 
1831:             pai$antonio ferreira/id=bn02101718-per1
1832:                ls$residencia/quinta das mariscas
1833:                ls$naturalidade/fatacos
1834: 
1835:             mae$isabel rodrigues/id=bn02101718-per2
1836:                ls$naturalidade/casal da torre do sobral
1837: 
1838:             pad$luis jose/m/id=b1718.87-per3
1839:                ls$profissao/padre
1840:                rel$parentesco/filho/tome velho/br02101718
1841: 
1842:             referido$tome velho/id=br02101718
1843: 
1844:             mad$josefa/id=b1718.87-per4
1845:                rel$parentesco/filha/tome velho/br02101718
1846: 
1847:             referida$ana maria/id=br02101718b
1848:                rel$parentesco/filha/tome velho/br02101718
1849:                rel$sociabilidade/baptisou em necessidade/tomas/bn02101718
1850: 
1851:       bap$b1718.88/10/10/1718/?/igreja de s. tiago/obs=sem madrina
1852: 
1853: bap$b1718.88
1853:          n$paulo/m/id=b1718.88-per1
1854: 
1855:             pai$luis barbosa canais/id=b1718.88-per1-per2
1856:                ls$residencia/soure
1857:                ls$naturalidade/soure
1858: 
1859:             mae$iria jacques/id=b1718.88-per1-per3
1860:                ls$titulo/dona
1861: 
1862:             pad$luis de seabra jacques/id=b1718.88-per4
1863:                ls$titulo/licenciado
1864:                ls$ec/s
1865:                ls$residencia/soure
1866: 
1867:       bap$b1718.89/16/10/1718/?/igreja de s. tiago
1868: 
1869: bap$b1718.89
1869:          n$josefa/f/id=b1718.89-per1
1870: 
1871:             pai$joao gomes da cruz/id=b1718.89-per1-per2
1872:                ls$residencia/paleao
1873:                ls$naturalidade/paleao
1874: 
1875:             mae$cecilia afonso/id=b1718.89-per1-per3
1876:                ls$naturalidade/paleao
1877: 
1878:             pad$manuel afonso/id=bpad16101718
1879:                ls$residencia/paleao
1880:                ls$profissao/padre
1881: 
1882:             mad$maria da cruz/id=b1718.89-per4
1883:                ls$ec/s
1884:                ls$residencia/porto panelas
1885: 
1886:             referido$antonio mendes/id=br16101718
1887:                ls$residencia/paleao
1888:                rel$sociabilidade/procurador em baptismo/manuel afonso/bpad16101718
1889: 
1890:       bap$b1718.90/19/10/1718/?/igreja de s. tiago/obs=sem madrinha
1891: 
1892: bap$b1718.90
1892:          n$antonio/m/id=b1718.90-per1
1893: 
1894:             pai$joao homem da cunha/id=b1718.90-per1-per2
1895:                ls$residencia/sobral
1896:                ls$naturalidade/sobral
1897: 
1898:             mae$luisa maria/id=b1718.90-per1-per3
1899:                ls$naturalidade/sobral
1900: 
1901:             pad$manuel/id=b1718.90-per4
1902:                ls$ec/s
1903: 
1904:                ppad$jose da cunha de sa/id=b1718.90-per5
1905: 
1906:       bap$b1718.91/30/10/1718/?/igreja de s. tiago
1907: 
1908: bap$b1718.91
1908:          n$antonio/m/id=b1718.91-per1
1909: 
1910:             pai$manuel martins/id=b1718.91-per1-per2
1911:                ls$residencia/cascao
1912:                ls$naturalidade/cascao
1913: 
1914:             mae$leonor joao/id=b1718.91-per1-per3
1915:                ls$residencia/cascao
1916: 
1917:             pad$antonio/id=b1718.91-per4
1918:                ls$ec/s
1919: 
1920:                mpad$maria joao/id=bmpad30101718
1921:                   ls$ec/v
1922:                   ls$residencia/cascao
1923: 
1924:             mad$antonia/id=b1718.91-per5
1925:                rel$parentesco/filha/maria joao/bmpad30101718
1926: 
1927:       bap$b1718.92/30/10/1718/?/igreja de s. tiago
1928: 
1929: bap$b1718.92
1929:          n$antonio/m/id=b1718.92-per1
1930: 
1931:             pai$joao mateus/id=b1718.92-per1-per2
1932:                ls$residencia/casal do espirito santo
1933:                ls$naturalidade/vila nova de ancos, freguesia de vila nova de ancos
1934: 
1935:             mae$maria goncalves/id=b1718.92-per1-per3
1936:                ls$naturalidade/casal do espirito santo
1937: 
1938:             pad$antonio aires/id=b1718.92-per4
1939: 
1940:             mad$maria ferreira/id=b1718.92-per5
1941:                ls$ec/v
1942:                ls$residencia/casal do espirito santo
1943: 
1944:       bap$b1718.93/6/11/1718/?/igreja de s. tiago
1945: 
1946: bap$b1718.93
1946:          n$antonia/f/id=b1718.93-per1
1947: 
1948:             pai$jose francisco/id=b1718.93-per1-per2
1949:                ls$residencia/mogadouro
1950:                ls$naturalidade/delgados
1951: 
1952:             mae$maria domingues/id=b1718.93-per1-per3
1953:                ls$naturalidade/casais da misericordia
1954: 
1955:             pad$mateus carvalho/id=b1718.93-per4
1956:                ls$residencia/mogadouro
1957: 
1958:             mad$antonia/id=b1718.93-per5
1959:                ls$ec/s
1960: 
1961:                pmad$francisco joao/id=b1718.93-per6
1962:                   ls$residencia/delgados
1963: 
1964:       bap$b1718.94/7/11/1718/?/igreja de s. tiago
1965: 
1966: bap$b1718.94
1966:          n$sebastiao/m/id=b1718.94-per1
1967: 
1968:             pai$jose dinis/id=b1718.94-per1-per2
1969:                ls$residencia/pinheiro
1970:                ls$naturalidade/casal das areias
1971: 
1972:             mae$maria rodrigues/id=b1718.94-per1-per3
1973:                ls$residencia/pinheiro
1974: 
1975:             pad$sebastiao ferreira/id=bpad07111718
1976:                ls$profissao/padre
1977: 
1978:             mad$francisca ferreira/id=b1718.94-per4
1979:                ls$ec/s
1980:                ls$residencia/soure
1981:                rel$parentesco/irma/sebastiao ferreira/bpad07111718
1982: 
1983:       bap$b1718.95/9/11/1718/?/igreja de s. tiago
1984: 
1985: bap$b1718.95
1985:          n$isabel/f/id=b1718.95-per1
1986: 
1987:             pai$jose gaspar/id=b1718.95-per1-per2
1988:                ls$residencia/simoes
1989:                ls$naturalidade/simoes
1990: 
1991:             mae$maria francisca/id=b1718.95-per1-per3
1992:                ls$naturalidade/mogadouro
1993: 
1994:             pad$joao simoes/id=b1718.95-per4
1995:                ls$residencia/casal novo
1996: 
1997:             mad$maria rodrigues/id=b1718.95-per5
1998: 
1999:                mrmad$antonio lourenco/id=b1718.95-per6
2000:                   ls$residencia/netos, freguesia da almagreira
2001:                   ls$freguesia/almagreira
2002: 
2003:       bap$b1718.96/10/11/1718/?/igreja de s. tiago
2004: 
2005: bap$b1718.96
2005:          n$antonia/f/id=b1718.96-per1
2006: 
2007:             pai$antonio cardoso/id=b1718.96-per1-per2
2008:                ls$residencia/soure
2009:                ls$naturalidade/soure
2010: 
2011:             mae$catarina rodrigues/id=b1718.96-per1-per3
2012:                ls$naturalidade/gesteira, freguesia da gesteira
2013: 
2014:             pad$antonio manhos de abreu/id=b1718.96-per4
2015:                ls$nome/antonio de abreu
2016:                ls$residencia/soure
2017:                ls$titulo/doutor
2018: 
2019:             mad$antonia/mesmo_que=bmad10071718/id=b1718.96-per5
2020:                ls$titulo/dona
2021: 
2022:                mmad$madalena/mesmo_que=bmmad22051718/id=b1718.96-per6
2023:                   ls$titulo/dona
2024: 
2025:       bap$b1718.97/20/11/1718/?/igreja de s. tiago
2026: 
2027: bap$b1718.97
2027:          n$domingos/m/id=b1718.97-per1
2028: 
2029:             pai$joao pereira/id=b1718.97-per1-per2
2030:                ls$residencia/casal das galinhas
2031:                ls$naturalidade/casal das brancas
2032: 
2033:             mae$antonia jorge/id=b1718.97-per1-per3
2034:                ls$naturalidade/casal das galinhas
2035: 
2036:             pad$domingos goncalves galhardo/id=b1718.97-per4
2037:                ls$nome/domingos galhardo
2038:                ls$titulo/licenciado
2039: 
2040:             mad$domingas/id=b1718.97-per5
2041:                ls$ec/s
2042: 
2043:                pmad$joao mateus/id=b1718.97-per6
2044:                   ls$residencia/casal das galinhas
2045: 
2046:       bap$b1718.98/20/11/1718/?/igreja de s. tiago
2047: 
2048: bap$b1718.98
2048:          n$micaela/f/id=bn20111718
2049: 
2050:             pai$manuel goncalves vargas/id=bn20111718-per1
2051:                ls$residencia/soure
2052:                ls$naturalidade/soure
2053: 
2054:             mae$maria da silva/id=bn20111718-per2
2055:                ls$naturalidade/almagreira, freguesia da almagreira
2056: 
2057:             pad$manuel duarte/id=b1718.98-per3
2058: 
2059:             mad$micaela/id=b1718.98-per4
2060:                ls$titulo/dona
2061: 
2062:                mrmad$manuel soares coelho/id=b1718.98-per5
2063: 
2064:             referido$matias goncalves/id=br20111718
2065:                ls$profissao/padre
2066:                ls$residencia/soure
2067:                rel$sociabilidade/baptisou em necessidade/micaela/bn20111718
2068: 
2069:       bap$b1718.99/21/11/1718/?/igreja de s. tiago
2070: 
2071: bap$b1718.99
2071:          n$maria/f/id=b1718.99-per1
2072: 
2073:             pai$manuel rodrigues duquezo/id=b1718.99-per1-per2
2074:                ls$residencia/soure
2075:                ls$naturalidade/soure
2076: 
2077:             mae$victoria da cruz/id=b1718.99-per1-per3
2078:                ls$naturalidade/tavarede, freguesia de tavarede
2079: 
2080:             pad$joao henriques cavaco/id=b1718.99-per4
2081:                ls$residencia/soure
2082: 
2083:             mad$isabel pedroso/id=b1718.99-per5
2084:                ls$ec/v
2085:                ls$residencia/soure
2086: 
2087:       bap$b1718.100/27/11/1718/?/igreja de s. tiago
2088: 
2089: bap$b1718.100
2089:          n$manuel/m/id=b1718.100-per1
2090: 
2091:             pai$joao martins/id=b1718.100-per1-per2
2092:                ls$residencia/cascao
2093:                ls$naturalidade/cascao
2094: 
2095:             mae$filipa joao/id=b1718.100-per1-per3
2096:                ls$naturalidade/cartaxo, freguesia da ega
2097: 
2098:             pad$manuel martins/id=b1718.100-per4
2099:                ls$alcunha/moco
2100:                ls$residencia/cascao
2101: 
2102:             mad$maria/id=b1718.100-per5
2103:                ls$ec/s
2104: 
2105:                mmad$ana rodrigues/id=b1718.100-per6
2106:                   ls$ec/v
2107:                   ls$residencia/cascao
2108: 
2109:       bap$b1718.101/27/11/1718/?/igreja de s. tiago
2110: 
2111: bap$b1718.101
2111:          n$miguel/m/id=b1718.101-per1
2112: 
2113:             pai$antonio lopes/id=b1718.101-per1-per2
2114:                ls$residencia/simoes
2115:                ls$naturalidade/simoes
2116: 
2117:             mae$ana ferreira/id=b1718.101-per1-per3
2118:                ls$naturalidade/simoes
2119: 
2120:             pad$manuel/id=b1718.101-per4
2121:                ls$ec/s
2122: 
2123:                ppad$manuel pereira/id=bppad27111718
2124:                   ls$residencia/galiana, freguesia da redinha
2125:                   ls$freguesia/redinha
2126: 
2127:             mad$isabel do rosario/id=b1718.101-per5
2128:                ls$freguesia/redinha
2129:                ls$residencia/galiana, freguesia da redinha
2130:                rel$parentesco/mulher/manuel pereira/bppad27111718
2131: 
2132:       bap$b1718.102/27/11/1718/?/igreja de s. tiago
2133: 
2134: bap$b1718.102
2134:          n$manuel/m/id=b1718.102-per1
2135: 
2136:             pai$manuel rodrigues/id=b1718.102-per1-per2
2137:                ls$residencia/casal dos barrosas
2138:                ls$naturalidade/casal dos barrosas
2139: 
2140:             mae$isabel francisca/id=b1718.102-per1-per3
2141:                ls$naturalidade/casal dos delgados
2142: 
2143:             pad$mateus carvalho/id=b1718.102-per4
2144:                ls$residencia/mogadouro
2145: 
2146:             mad$antonia/id=b1718.102-per5
2147:                ls$ec/s
2148: 
2149:                pmad$francisco joao/id=b1718.102-per6
2150:                   ls$residencia/delgados
2151: 
2152:       bap$b1718.103/27/11/1718/?/igreja de s. tiago
2153: 
2154: bap$b1718.103
2154:          n$jose/m/id=b1718.103-per1
2155:             ls$ilegitimo/sim
2156: 
2157:             mae$ines/id=bmae27111718
2158:                ls$ec/s
2159:                ls$naturalidade/soure
2160:                ls$residencia/soure
2161: 
2162:                pmae$manuel da fonseca/id=b1718.103-per1-per2
2163:                   ls$residencia/casalinhos
2164: 
2165:             pad$simao pereira/id=b1718.103-per3
2166:                ls$residencia/casalinhos
2167: 
2168:             mad$domingas/id=b1718.103-per4
2169:                ls$ec/s
2170:                rel$parentesco/irma/ines/bmae27111718
2171: 
2172:       bap$b1718.104/30/11/1718/?/igreja de s. tiago
2173: 
2174: bap$b1718.104
2174:          n$manuel/m/id=b1718.104-per1
2175: 
2176:             pai$manuel rodrigues/id=b1718.104-per1-per2
2177:                ls$residencia/quinta da cruz
2178:                ls$naturalidade/casal da portela
2179: 
2180:             mae$teresa dos santos/id=b1718.104-per1-per3
2181:                ls$naturalidade/quinta da cruz
2182: 
2183:             pad$placido/id=b1718.104-per4
2184:                ls$ec/s
2185: 
2186:                ppad$manuel soares coelho/id=b1718.104-per5
2187: 
2188:             mad$caetana/id=b1718.104-per6
2189:                ls$ec/s
2190: 
2191:                pmad$francisco rodrigues gante/id=b1718.104-per7
2192:                   ls$residencia/moinhos do paleao
2193: 
2194:       bap$b1718.105/5/12/1718/?/igreja de s. tiago
2195: 
2196: bap$b1718.105
2196:          n$tomas/m/id=bn05121718
2197: 
2198:             pai$domingos da costa/id=bpai05121718
2199:                ls$residencia/casa velha
2200:                ls$naturalidade/redinha, freguesia da redinha
2201: 
2202:             mae$francisca jorge dos santos/id=bmae05121718
2203:                ls$naturalidade/casa velha
2204: 
2205:             pad$manuel jorge/id=b1718.105-per1
2206:                ls$ec/s
2207:                ls$residencia/casa velha
2208: 
2209:             mad$maria/id=b1718.105-per2
2210:                ls$ec/s
2211: 
2212:                pmad$manuel lopes/id=bpad05121718
2213: 
2214:       bap$b1718.106/5/12/1718/?/igreja de s. tiago
2215: 
2216: bap$b1718.106
2216:          n$antonio/m/id=bn05121718b
2217:             rel$parentesco/irmao gemeo/tomas/bn05121718
2218: 
2219:             pai$domingos da costa/mesmo_que=bpai05121718/id=bn05121718b-per1
2220:                ls$residencia/casa velha
2221:                ls$naturalidade/redinha, freguesia da redinha
2222: 
2223:             mae$francisca jorge dos santos/mesmo_que=bmae05121718/id=bn05121718b-per2
2224:                ls$naturalidade/casa velha
2225: 
2226:             pad$manuel lopes/mesmo_que=bpad05121718/id=b1718.106-per3
2227:                ls$residencia/casa velha
2228: 
2229:             mad$isabel/id=b1718.106-per4
2230:                ls$ec/s
2231: 
2232:                pmad$jeronimo goncalves/id=b1718.106-per5
2233:                   ls$residencia/casa velha
2234: 
2235:             referido$isabel cordeiro/id=br05121718b
2236:                ls$ec/v
2237:                ls$residencia/casal novo
2238:                rel$sociabilidade/baptisou em necessidade/antonio/bn05121718b
2239: 
2240:       bap$b1718.107/12/12/1718/?/igreja de s. tiago
2241: 
2242: bap$b1718.107
2242:          n$caetana/f/id=b1718.107-per1
2243: 
2244:             pai$domingos lourenco/id=b1718.107-per1-per2
2245:                ls$residencia/casconho
2246:                ls$naturalidade/porto coelheiro
2247: 
2248:             mae$teresa joao/id=b1718.107-per1-per3
2249:                ls$naturalidade/casconho
2250: 
2251:             pad$sebastiao machado da costa/id=b1718.107-per4
2252:                ls$residencia/soure
2253: 
2254:             mad$teresa/id=b1718.107-per5
2255:                ls$ec/s
2256: 
2257:                pmad$lourenco rodrigues/id=b1718.107-per6
2258:                   ls$ec/v
2259:                   ls$residencia/porto coelheiro
2260: 
2261:       bap$b1718.108/18/12/1718/?/igreja de s. tiago
2262: 
2263: bap$b1718.108
2263:          n$josefa/f/id=b1718.108-per1
2264: 
2265:             pai$jose simoes/id=b1718.108-per1-per2
2266:                ls$residencia/simoes
2267:                ls$naturalidade/abiul, freguesia de abiul
2268: 
2269:             mae$maria pedroso/id=b1718.108-per1-per3
2270:                ls$naturalidade/casa velha
2271: 
2272:             pad$joao simoes/id=b1718.108-per4
2273:                ls$residencia/casal novo
2274: 
2275:             mad$maria/id=b1718.108-per5
2276:                ls$ec/s
2277: 
2278:                pmad$manuel lopes/id=b1718.108-per6
2279:                   ls$residencia/casa velha
2280: 
2281:       bap$b1718.109/26/12/1718/?/igreja de s. tiago
2282: 
2283: bap$b1718.109
2283:          n$jose/m/id=b1718.109-per1
2284: 
2285:             pai$manuel rodrigues/id=b1718.109-per1-per2
2286:                ls$residencia/casais de s.mateus
2287:                ls$naturalidade/paleao
2288: 
2289:             mae$esperanca gomes/id=b1718.109-per1-per3
2290:                ls$naturalidade/casal da corujeira
2291: 
2292:             pad$joao/id=b1718.109-per4
2293:                ls$ec/s
2294: 
2295:                ppad$joao mendes/id=bppad26121718
2296:                   ls$residencia/casais de s.mateus
2297: 
2298:             mad$josefa/f/id=b1718.109-per5
2299:                rel$parentesco/filha/joao mendes/bppad26121718
2300: *** End of File

Line 156 "SAME AS" TO EXTERNAL REFERENCE EXPORTED (c6-7-rod) CHECK IF IT EXISTS BEFORE IMPORTING THIS FILE.
Line 157 "SAME AS" TO EXTERNAL REFERENCE EXPORTED (c6-7-josa) CHECK IF IT EXISTS BEFORE IMPORTING THIS FILE.

** Processed file- /Users/jrc/mhk-home/sources/soure-fontes/sources/1685-1720/baptismos/b1718.cli
** Original file- /Users/jrc/mhk-home/sources/soure-fontes/sources/1685-1720/baptismos/b1718.org
** Previous version- /Users/jrc/mhk-home/sources/soure-fontes/sources/1685-1720/baptismos/b1718.old
** Temp file with ids- /Users/jrc/mhk-home/sources/soure-fontes/sources/1685-1720/baptismos/b1718.ids
** - /Users/jrc/mhk-home/sources/soure-fontes/sources/1685-1720/baptismos/b1718.cli-renamed to- /Users/jrc/mhk-home/sources/soure-fontes/sources/1685-1720/baptismos/b1718.old
** - /Users/jrc/mhk-home/sources/soure-fontes/sources/1685-1720/baptismos/b1718.ids-renamed to- /Users/jrc/mhk-home/sources/soure-fontes/sources/1685-1720/baptismos/b1718.cli
** Translation files closed.
0  errors. 
0  warnings.
Translation finished.
