KleioTranslator - server version @@VERSION@@ - build @@BUILD@@ @@DATE@@
9-5-2020 21-15

Processing data file b1714.cli
-------------------------------------------
Generic Act translation module with geoentities (XML).
     Joaquim Ramos de Carvalho (joaquim@uc.pt) 
** New document: kleio
1: kleio$gacto.str/translations=26
=========================
kleio translation started
=========================
Structure: gacto.str
Prefix: 
Autorel: 
Translation count: 26
Obs: 
2:    fonte$baptismos 1714/tipo=reg paroquiais/localizacao=fol.401v/data=17140000
3: 
** Processing source fonte$baptismos 1714
4:       bap$b1714.1/7/1/1714/?/igreja de s. tiago
5: 
6: bap$b1714.1
6:          n$manuel/m/id=b1714.1-per1
7: 
8:             pai$jose martins/id=b1714.1-per1-per2
9:                ls$residencia/paleao
10:                ls$naturalidade/paleao
11: 
12:             mae$maria marques/id=b1714.1-per1-per3
13:                ls$naturalidade/paleao
14: 
15:             pad$manuel domingues/id=b1714.1-per4
16:                ls$ec/s
17:                ls$residencia/paleao
18: 
19:             mad$antonia/id=b1714.1-per5
20:                ls$ec/s
21: 
22:                pmad$manuel simoes/id=b1714.1-per6
23:                   ls$residencia/paleao
24: 
25:       bap$b1714.2/14/1/1714/?/igreja de s. tiago
26: 
27: bap$b1714.2
27:          n$luisa/f/id=b1714.2-per1
28: 
29:             pai$domingos lourenco/id=b1714.2-per1-per2
30:                ls$residencia/casconho
31:                ls$naturalidade/porto coelheiro
32: 
33:             mae$teresa joao/id=b1714.2-per1-per3
34:                ls$naturalidade/casconho
35: 
36:             pad$manuel rodrigues falcao/id=b1714.2-per4
37:                ls$residencia/porto coelheiro
38: 
39:             mad$maria/id=b1714.2-per5
40:                ls$ec/s
41: 
42:                pmad$pedro francisco/id=b1714.2-per6
43:                   ls$residencia/casconho
44: 
45:       bap$b1714.3/16/1/1714/?/igreja de s. tiago
46: 
47: bap$b1714.3
47:          n$manuel/m/id=bn16011714
48: 
49:             pai$manuel jorge/id=bn16011714-per1
50:                ls$alcunha/moco
51:                ls$residencia/casal de marzagao
52:                ls$naturalidade/casal de marzagao
53: 
54:             mae$maria francisca/id=bn16011714-per2
55:                ls$naturalidade/casal da rola, freguesia do lourical
56:                ls$freguesia/lourical
57: 
58:             pad$manuel rodrigues serrano/id=b1714.3-per3
59:                ls$residencia/casal de marzagao
60: 
61:             mad$maria rodrigues/id=b1714.3-per4
62:                ls$ec/v
63:                ls$residencia/casal de marzagao
64: 
65:             referido$jose goncalves/id=br16011714
66:                ls$residencia/netos, freguesia de almagreira
67:                ls$freguesia/almagreira
68:                rel$sociabilidade/baptisou em necessidade/manuel/bn16011714
69: 
70:       bap$b1714.4/21/1/1714/?/igreja de s. tiago
71: 
72: bap$b1714.4
72:          n$manuel/m/id=b1714.4-per1
73: 
74:             pai$sebastiao marques/id=b1714.4-per1-per2
75:                ls$residencia/casal dos fatacos
76:                ls$naturalidade/s.martinho da arvore, freguesia de s.martinho da arvore
77: 
78:             mae$maria ferreira/id=b1714.4-per1-per3
79:                ls$naturalidade/casal dos fatacos
80: 
81:             pad$manuel rodrigues camorro/id=b1714.4-per4
82: 
83:             mad$maria/id=b1714.4-per5
84:                ls$ec/s
85: 
86:                mmad$isabel ferreira/id=b1714.4-per6
87:                   ls$ec/v
88:                   ls$residencia/casal do rei
89: 
90:       bap$b1714.5/25/1/1714/?/igreja de s. tiago
91: 
92: bap$b1714.5
92:          n$antonia/f/id=b1714.5-per1
93: 
94:             pai$francisco goncalves/id=b1714.5-per1-per2
95:                ls$residencia/fatacos
96:                ls$naturalidade/fatacos
97: 
98:             mae$maria ferreira/id=b1714.5-per1-per3
99:                ls$naturalidade/fatacos
100: 
101:             pad$rodrigo/id=b1714.5-per4
102:                ls$nome/rodrigo homem de quadros
103: 
104:             mad$maria/id=b1714.5-per5
105:                ls$ec/s
106: 
107:                mmad$isabel ferreira/id=b1714.5-per6
108:                   ls$ec/v
109:                   ls$residencia/casal do rei
110: 
111:       bap$b1714.6/28/1/1714/?/igreja de s. tiago
112: 
113: bap$b1714.6
113:          n$ana maria/f/id=b1714.6-per1
114: 
115:             pai$jose gomes/id=b1714.6-per1-per2
116:                ls$residencia/alencarce de cima
117:                ls$naturalidade/alencarce de cima
118: 
119:             mae$francisca da conceicao/id=b1714.6-per1-per3
120:                ls$naturalidade/serrazina, freguesia da ega
121: 
122:             pad$manuel/id=b1714.6-per4
123:                ls$ec/s
124: 
125:                mpad$maria rodrigues/id=b1714.6-per5
126:                   ls$residencia/podengos
127: 
128:             mad$isabel/id=b1714.6-per6
129:                ls$ec/s
130: 
131:                pmad$joao gomes/id=b1714.6-per7
132:                   ls$residencia/alencarce de cima
133: 
134:       bap$b1714.7/4/2/1714/?/igreja de s. tiago
135: 
136: bap$b1714.7
136:          n$joao/m/id=b1714.7-per1
137: 
138:             pai$jose martins/id=b1714.7-per1-per2
139:                ls$residencia/soure
140:                ls$naturalidade/soure
141: 
142:             mae$joana rodrigues/id=b1714.7-per1-per3
143:                ls$naturalidade/soure
144: 
145:             pad$rodrigo furtado da silva/id=b1714.7-per4
146:                ls$profissao/advogado do auditorio de soure
147: 
148:             mad$catarina/id=b1714.7-per5
149:                ls$ec/s
150: 
151:                pmad$belchior rodrigues/id=b1714.7-per6
152:                   ls$residencia/soure
153: 
154:       bap$b1714.8/5/2/1714/?/igreja de s. tiago
155: 
156: bap$b1714.8
156:          n$antonio/m/id=b1714.8-per1
157: 
158:             pai$antonio lopes/id=b1714.8-per1-per2
159:                ls$residencia/simoes
160:                ls$naturalidade/simoes
161: 
162:             mae$ana da silva/id=b1714.8-per1-per3
163:                ls$naturalidade/simoes
164: 
165:             pad$joao goncalves/id=b1714.8-per4
166:                ls$residencia/montais, freguesia da redinha
167:                ls$freguesia/redinha
168: 
169:             mad$maria simoes/id=b1714.8-per5
170: 
171:                mrmad$joao goncalves/id=b1714.8-per6
172:                   ls$residencia/agudos, freguesia da redinha
173:                   ls$freguesia/redinha
174: 
175:       bap$b1714.9/12/2/1714/?/igreja de s. tiago
176: 
177: bap$b1714.9
177:          n$antonia/f/id=b1714.9-per1
178: 
179:             pai$joao simoes/id=b1714.9-per1-per2
180:                ls$residencia/cavaleiros
181:                ls$naturalidade/rebolia, freguesia da ega
182:                ls$freguesia/ega
183: 
184:             mae$isabel francisca/id=b1714.9-per1-per3
185:                ls$residencia/cavaleiros
186: 
187:             pad$rodrigo/id=b1714.9-per4
188:                ls$nome/rodrigo homem de quadros
189: 
190:             mad$maria/id=b1714.9-per5
191:                ls$ec/s
192: 
193:                pmad$jose domingues/id=b1714.9-per6
194:                   ls$residencia/cavaleiros
195: 
196:       bap$b1714.10/18/2/1714/?/igreja de s. tiago
197: 
198: bap$b1714.10
198:          n$ines/f/id=b1714.10-per1
199: 
200:             pai$joao goncalves bizarro/id=b1714.10-per1-per2
201:                ls$residencia/pinheiro
202:                ls$naturalidade/carvalhal, freguesia de samuel
203:                ls$freguesia/samuel
204: 
205:             mae$maria madeira/id=b1714.10-per1-per3
206:                ls$naturalidade/pinheiro
207: 
208:             pad$vicente/id=b1714.10-per4
209:                ls$ec/s
210: 
211:                ppad$mateus mendes/id=bpad18021714
212:                   ls$residencia/soure
213: 
214:             mad$ines/id=b1714.10-per5
215:                ls$ec/s
216:                rel$parentesco/filha/mateus mendes/bpad18021714
217: 
218:       bap$b1714.11/21/2/1714/?/igreja de s. tiago
219: 
220: bap$b1714.11
220:          n$isabel/f/id=b1714.11-per1
221: 
222:             pai$matias rodrigues/id=b1714.11-per1-per2
223:                ls$residencia/soure
224:                ls$naturalidade/olho marinho
225: 
226:             mae$maria da gante/id=b1714.11-per1-per3
227:                ls$naturalidade/soure
228: 
229:             pad$diogo rimares alemao/id=b1714.11-per4
230:                ls$residencia/lisboa, freguesia de
231:                ls$freguesia/lisboa
232: 
233:             mad$isabel/id=b1714.11-per5
234:                ls$ec/s
235:                rel$parentesco/irma/manuel pessoa/br21021714
236: 
237:             referido$manuel pessoa/id=br21021714
238:                ls$profissao/padre
239: 
240:       bap$b1714.12/24/2/1714/?/igreja de s. tiago
241: 
242: bap$b1714.12
242:          n$josefa/f/id=b1714.12-per1
243: 
244:             pai$francisco ferreira/id=b1714.12-per1-per2
245:                ls$residencia/alencarce de cima
246:                ls$naturalidade/alfarelos, freguesia de alfarelos
247: 
248:             mae$francisca rodrigues/id=b1714.12-per1-per3
249:                ls$naturalidade/alencarce de cima
250: 
251:             pad$joao/id=b1714.12-per4
252:                ls$ec/s
253: 
254:                ppad$joao mendes/id=br24021714
255:                   ls$residencia/s.mateus
256: 
257:             mad$josefa/id=b1714.12-per5
258:                ls$ec/s
259:                rel$parentesco/filha/joao mendes/br24021714
260: 
261:       bap$b1714.13/26/2/1714/?/igreja de s. tiago
262: 
263: bap$b1714.13
263:          n$jose/m/id=b1714.13-per1
264: 
265:             pai$manuel de s.miguel/id=b1714.13-per1-per2
266:                ls$residencia/pinheiro
267:                ls$naturalidade/feteiras, freguesias de pucos
268: 
269:             mae$catarina de jesus/id=b1714.13-per1-per3
270:                ls$naturalidade/pinheiro
271: 
272:             pad$antonio de abreu castelo branco/id=b1714.13-per4
273:                ls$residencia/soure
274: 
275:             mad$isabel da rocha/id=b1714.13-per5
276: 
277:                mrmad$tome velho/id=b1714.13-per6
278: 
279:       bap$b1714.14/26/2/1714/?/igreja de s. tiago
280: 
281: bap$b1714.14
281:          n$manuel/m/id=b1714.14-per1
282:             ls$ilegitimo/sim
283: 
284:             mae$maria/id=b1714.14-per1-per2
285:                ls$ec/s
286:                ls$naturalidade/casais da misericordia
287:                ls$residencia/casais da misericordia
288: 
289:                pmae$antonio domingues/id=b1714.14-per1-per3
290:                   ls$residencia/casais da misericordia
291: 
292:             pad$manuel/id=b1714.14-per4
293:                ls$ec/s
294: 
295:                ppad$manuel domingues/id=b1714.14-per5
296:                   ls$residencia/casais da misericordia
297: 
298:             mad$catarina de oliveira/id=b1714.14-per6
299: 
300:                mrmad$manuel rodrigues/id=b1714.14-per7
301:                   ls$residencia/casais da misericordia
302: 
303:       bap$b1714.15/7/3/1714/?/igreja de s. tiago/obs=baptizada em necessidade pelo padrinho
304: 
305: bap$b1714.15
305:          n$josefa/f/id=b1714.15-per1
306: 
307:             pai$jose nunes/id=b1714.15-per1-per2
308:                ls$residencia/casa velha
309:                ls$naturalidade/casa velha
310: 
311:             mae$mariana da costa/id=b1714.15-per1-per3
312:                ls$naturalidade/casa velha
313: 
314:             pad$domingos da costa/id=b1714.15-per4
315:                ls$residencia/casa velha
316: 
317:             mad$domingas da costa/id=b1714.15-per5
318:                ls$ec/v
319:                ls$residencia/casa velha
320: 
321:       bap$b1714.16/15/3/1714/?/igreja de s. tiago
322: 
323: bap$b1714.16
323:          n$maria/f/id=bn15031714
324: 
325:             pai$manuel cordeiro/id=bn15031714-per1
326:                ls$residencia/casal do migalho
327:                ls$naturalidade/casa velha#?
328: 
329:             mae$luisa goncalves/id=bn15031714-per2
330:                ls$naturalidade/casal do migalho
331: 
332:             pad$joao/id=b1714.16-per3
333:                ls$ec/s
334: 
335:                mpad$francisca jorge/id=b1714.16-per4
336:                   ls$ec/v
337:                   ls$residencia/casal do migalho
338: 
339:             mad$isabel dos santos/id=b1714.16-per5
340: 
341:                mrmad$domingos cordeiro/id=b1714.16-per6
342:                   ls$residencia/casal do migalho
343: 
344:             referida$isabel cordeiro/id=br15031714
345:                ls$ec/v
346:                ls$residencia/migalho
347:                rel$sociabilidade/baptisou em necessidade/maria/bn15031714
348: 
349:       bap$b1714.17/18/3/1714/?/igreja de s. tiago
350: 
351: bap$b1714.17
351:          n$ana/f/id=bn18031714
352: 
353:             pai$antonio madeira/id=bn18031714-per1
354:                ls$residencia/cascao
355:                ls$naturalidade/alencarce de baixo
356: 
357:             mae$francisca madeira/id=bn18031714-per2
358:                ls$naturalidade/cascao
359: 
360:             pad$manuel madeira/id=b1714.17-per3
361:                ls$residencia/cascao
362: 
363:             mad$ana maria/id=b1714.17-per4
364: 
365:                mrmad$domingos madeira/id=b1714.17-per5
366:                   ls$residencia/alencarce de baixo
367: 
368:             referido$domingos joao/id=b1714.17-per6
369:                rel$sociabilidade/baptisou em necessidade/ana/bn18031714
370: 
371:       bap$b1714.18/19/3/1714/?/igreja de s. tiago
372: 
373: bap$b1714.18
373:          n$jose/m/id=b1714.18-per1
374: 
375:             pai$manuel goncalves camorro/id=b1714.18-per1-per2
376:                ls$residencia/casal dos louzoes
377:                ls$naturalidade/casal dos louzoes
378: 
379:             mae$maria cordeiro/id=b1714.18-per1-per3
380:                ls$naturalidade/casal dos louzoes
381: 
382:             pad$manuel duarte/id=b1714.18-per4
383: 
384:             mad$antonia/id=b1714.18-per5
385:                ls$ec/s
386: 
387:                mmad$isabel cordeiro/id=b1714.18-per6
388:                   ls$ec/v
389:                   ls$residencia/casal do migalho
390: 
391:       bap$b1714.19/22/3/1714/?/igreja de s. tiago
392: 
393: bap$b1714.19
393:          n$manuel/m/id=b1714.19-per1
394: 
395:             pai$francisco carvalho/id=b1714.19-per1-per2
396:                ls$residencia/mogadouro
397:                ls$naturalidade/arroteia, freguesia da redinha
398: 
399:             mae$ana gaspar/id=b1714.19-per1-per3
400:                ls$naturalidade/mogadouro
401: 
402:             pad$manuel goncalves branco/id=b1714.19-per4
403:                ls$alcunha/moco
404:                ls$residencia/mogadouro
405: 
406:             mad$maria goncalves/id=b1714.19-per5
407: 
408:                mrmad$mateus carvalho/id=b1714.19-per6
409:                   ls$residencia/mogadouro
410: 
411:       bap$b1714.20/22/3/1714/?/igreja de s. tiago
412: 
413: bap$b1714.20
413:          n$maria/f/id=b1714.20-per1
414: 
415:             pai$joao rodrigues/id=b1714.20-per1-per2
416:                ls$residencia/casal do migalho
417:                ls$naturalidade/casal do migalho
418: 
419:             mae$isabel rodrigues/id=b1714.20-per1-per3
420:                ls$naturalidade/sobral
421: 
422:             pad$manuel cordeiro/id=b1714.20-per4
423:                ls$profissao/alfaiate
424:                ls$residencia/sobral
425: 
426:             mad$isabel/id=b1714.20-per5
427:                ls$ec/s
428: 
429:                pmad$manuel duarte/id=b1714.20-per6
430:                   ls$alcunha/velho
431:                   ls$residencia/casal do migalho
432: 
433:       bap$b1714.21/24/3/1714/?/igreja de s. tiago
434: 
435: bap$b1714.21
435:          n$joao/m/id=b1714.21-per1
436: 
437:             pai$diogo dos reis/id=b1714.21-per1-per2
438:                ls$residencia/venda nova
439:                ls$naturalidade/penela, freguesia de ...
440: 
441:             mae$josefa maria/id=b1714.21-per1-per3
442:                ls$naturalidade/soure
443: 
444:             pad$joao mendes/id=b1714.21-per4
445:                ls$residencia/s.mateus
446: 
447:             mad$maria/id=b1714.21-per5
448:                ls$ec/s
449: 
450:                pmad$manuel rodrigues falcao/id=b1714.21-per6
451:                   ls$residencia/porto coelheiro
452: 
453:       bap$b1714.22/26/3/1714/?/igreja de s. tiago/obs=baptizada em necessidade pela madrinha
454: 
455: bap$b1714.22
455:          n$antonio/m/id=b1714.22-per1
456: 
457:             pai$manuel joao/id=b1714.22-per1-per2
458:                ls$residencia/simoes
459:                ls$naturalidade/simoes
460: 
461:             mae$teresa joao/id=bmae26031714
462:                ls$naturalidade/simoes
463: 
464:             pad$antonio rodrigues/id=b1714.22-per3
465:                ls$ec/s
466:                rel$parentesco/irmao/teresa joao/bmae26031714
467: 
468:             mad$maria joao/id=b1714.22-per4
469:                ls$ec/s
470:                rel$parentesco/irma/teresa joao/bmae26031714
471: 
472:       bap$b1714.23/31/3/1714/?/igreja de s. tiago/obs=sem madrinha
473: 
474: bap$b1714.23
474:          n$maria/f/id=b1714.23-per1
475: 
476:             pai$antonio alvares ribeiro/id=b1714.23-per1-per2
477:                ls$residencia/soure
478:                ls$naturalidade/farroeiras?, freguesia de pucos
479: 
480:             mae$maria dos santos/id=b1714.23-per1-per3
481:                ls$naturalidade/soure
482: 
483:             pad$joao dos santos/id=b1714.23-per4
484:                ls$titulo/frei
485:                ls$profissao/padre
486:                ls$cargo/vigario de tapeus
487: 
488:       bap$b1714.24/2/4/1714/?/igreja de s. tiago
489: 
490: bap$b1714.24
490:          n$luisa/f/id=bn02041714
491: 
492:             pai$simao joao/id=bn02041714-per1
493:                ls$residencia/porto coelheiro
494:                ls$naturalidade/quinta de porto coelheiro
495: 
496:             mae$isabel da silva/id=bn02041714-per2
497:                ls$naturalidade/porto coelheiro
498: 
499:             pad$joao/id=b1714.24-per3
500:                ls$ec/s
501: 
502:                ppad$antonio simoes/id=b1714.24-per4
503:                   ls$residencia/porto coelheiro
504: 
505:             mad$maria/id=b1714.24-per5
506:                ls$ec/s
507: 
508:                mmad$antonia rodrigues/id=b1714.24-per6
509:                   ls$ec/v
510:                   ls$residencia/porto coelheiro
511: 
512:             referida$maria joao/id=br02041714
513:                rel$parentesco/mulher/lourenco rodrigues/br02041714b
514:                rel$sociabilidade/baptisou em necessidade/luisa/bn02041714
515: 
516:             referido$lourenco rodrigues/id=br02041714b
517:                ls$residencia/porto coelheiro
518: 
519:       bap$b1714.25/2/4/1714/?/igreja de s. tiago
520: 
521: bap$b1714.25
521:          n$antonio/m/id=b1714.25-per1
522: 
523:             pai$joao francisco/id=b1714.25-per1-per2
524:                ls$residencia/mogadouro
525:                ls$naturalidade/sobral
526: 
527:             mae$isabel joao/id=b1714.25-per1-per3
528:                ls$naturalidade/mogadouro
529: 
530:             pad$antonio francisco/id=b1714.25-per4
531:                ls$residencia/sobral
532: 
533:             mad$antonia/id=b1714.25-per5
534:                ls$ec/s
535: 
536:                pmad$francisco joao/id=b1714.25-per6
537:                   ls$residencia/delgados
538: 
539:       bap$b1714.26/6/4/1714/?/igreja de s. tiago
540: 
541: bap$b1714.26
541:          n$mariana/f/id=b1714.26-per1
542: 
543:             pai$jose simoes/id=b1714.26-per1-per2
544:                ls$residencia/casa velha
545:                ls$naturalidade/abiul, freguesia de abiul
546: 
547:             mae$maria pedrosa/id=b1714.26-per1-per3
548:                ls$naturalidade/casa velha
549: 
550:             pad$joao simoes/id=b1714.26-per4
551:                ls$residencia/casal novo
552: 
553:             mad$mizia rodrigues/id=b1714.26-per5
554: 
555:                mrmad$manuel lopes/id=b1714.26-per6
556:                   ls$residencia/casa velha
557: 
558:       bap$b1714.27/8/4/1714/?/igreja de s. tiago
559: 
560: bap$b1714.27
560:          n$joao/m/id=b1714.27-per1
561: 
562:             pai$simao gomes/id=b1714.27-per1-per2
563:                ls$residencia/paleao
564:                ls$naturalidade/paleao
565: 
566:             mae$luisa rodrigues/id=b1714.27-per1-per3
567:                ls$naturalidade/soure
568: 
569:             pad$jose rodrigues/id=b1714.27-per4
570:                ls$residencia/porto das cabras
571: 
572:             mad$antonia gomes/id=b1714.27-per5
573: 
574:                mrmad$jose gante/id=b1714.27-per6
575:                   ls$residencia/paleao
576: 
577:       bap$b1714.28/8/4/1714/?/igreja de s. tiago
578: 
579: bap$b1714.28
579:          n$joao/m/id=b1714.28-per1
580: 
581:             pai$jose antunes/id=b1714.28-per1-per2
582:                ls$residencia/casal das brancas
583:                ls$naturalidade/casal das brancas
584: 
585:             mae$mariana rodrigues/id=b1714.28-per1-per3
586:                ls$naturalidade/casal das brancas
587: 
588:             pad$joao da costa de vasconcelos/id=b1714.28-per4
589: 
590:             mad$francisca ferreira/id=b1714.28-per5
591:                ls$ec/s
592:                ls$residencia/casal das brancas
593: 
594:       bap$b1714.29/10/4/1714/?/igreja de s. tiago
595: 
596: bap$b1714.29
596:          n$rosa/f/id=b1714.29-per1
597: 
598:             pai$manuel jorge/id=b1714.29-per1-per2
599:                ls$residencia/soure
600:                ls$naturalidade/alvorrinha, freguesia de alvorrinha, lisboa
601: 
602:             mae$isabel francisca/id=b1714.29-per1-per3
603:                ls$naturalidade/casal do mendinho
604: 
605:             pad$sebastiao goncalves/id=b1714.29-per4
606: 
607:             mad$rosa maria de sousa/id=b1714.29-per5
608: 
609:                mrmad$rodrigo furtado da silva/id=b1714.29-per6
610:                   ls$residencia/soure
611:                   ls$titulo/licenciado
612: 
613:       bap$b1714.30/12/4/1714/?/igreja de s. tiago
614: 
615: bap$b1714.30
615:          n$maria/f/id=b1714.30-per1
616: 
617:             pai$jose domingues/id=b1714.30-per1-per2
618:                ls$residencia/quinta de porto coelheiro
619:                ls$naturalidade/quinta de porto coelheiro
620: 
621:             mae$maria joao/id=b1714.30-per1-per3
622:                ls$naturalidade/carvalheira de cima
623: 
624:             pad$manuel/id=b1714.30-per4
625:                ls$ec/s
626: 
627:                ppad$bento martins/id=b1714.30-per5
628:                   ls$residencia/casal da quinta de porto coelheiro
629: 
630:             mad$isabel rodrigues/id=b1714.30-per6
631: 
632:                mrmad$antonio rodrigues carapelo/id=b1714.30-per7
633:                   ls$residencia/laranjeira, freguesia de tapeus
634:                   ls$freguesia/tapeus
635: 
636:       bap$b1714.31/12/4/1714/?/igreja de s. tiago
637: 
638: bap$b1714.31
638:          n$rosa maria/f/id=b1714.31-per1
639: 
640:             pai$simao vaz/id=b1714.31-per1-per2
641:                ls$residencia/casal da pouca pena
642:                ls$naturalidade/casal da pouca pena
643: 
644:             mae$luisa bernardes/id=b1714.31-per1-per3
645:                ls$naturalidade/casal da pouca pena
646: 
647:             pad$gabriel colaco de morais/id=b1714.31-per4
648: 
649:                ppad$joao colaco/id=b1714.31-per5
650:                   ls$residencia/casais do espirito santo
651: 
652:             mad$maria ferreira/id=b1714.31-per6
653: 
654:                mrmad$luis rodrigues/id=b1714.31-per7
655:                   ls$residencia/casais do espirito santo
656: 
657:       bap$b1714.32/18/4/1714/?/igreja de s. tiago
658: 
659: bap$b1714.32
659:          n$sebastiana maria/f/id=b1714.32-per1
660: 
661:             pai$jose de barros/id=bpai18041714
662:                ls$residencia/soure
663:                ls$naturalidade/soure
664: 
665:             mae$teresa marques/id=b1714.32-per1-per2
666:                ls$naturalidade/soure
667: 
668:             pad$antonio de barros/id=b1714.32-per3
669:                ls$profissao/padre
670:                ls$cargo/cura de condeixa-a-nova
671:                rel$parentesco/irmao/jose de barros/bpai18041714
672: 
673:             mad$sebastiana/id=b1714.32-per4
674:                rel$parentesco/irma/jose de barros/bpai18041714
675:                ls$ec/s
676:                ls$residencia/condeixa-a-nova, freguesia de condeixa-a-nova
677:                ls$freguesia/condeixa-a-nova
678: 
679:       bap$b1714.33/22/4/1714/?/igreja de s. tiago
680: 
681: bap$b1714.33
681:          n$domingos/m/id=b1714.33-per1
682: 
683:             pai$antonio coelho/id=b1714.33-per1-per2
684:                ls$residencia/bonitos
685:                ls$naturalidade/redinha, freguesia da redinha
686: 
687:             mae$isabel dos santos/id=b1714.33-per1-per3
688:                ls$naturalidade/bonitos
689: 
690:             pad$manuel simoes/id=b1714.33-per4
691:                ls$residencia/moinhos do paleao
692: 
693:             mad$domingas/id=b1714.33-per5
694:                ls$ec/s
695: 
696:                pmad$manuel domingues/id=b1714.33-per6
697:                   ls$residencia/casais da misericordia
698: 
699:       bap$b1714.34/22/4/1714/?/igreja de s. tiago
700: 
701: bap$b1714.34
701:          n$rosa maria/f/id=b1714.34-per1
702: 
703:             pai$jose mendes cavaco?/id=b1714.34-per1-per2
704:                ls$residencia/soure
705:                ls$naturalidade/soure
706: 
707:             mae$helena da cruz/id=b1714.34-per1-per3
708:                ls$naturalidade/almodovar, couto de ourique
709: 
710:             pad$henrique barbosa canais/id=b1714.34-per4
711:                ls$titulo/licenciado
712:                ls$residencia/soure
713: 
714:             mad$rosa maria de sousa/id=b1714.34-per5
715: 
716:                mrmad$rodrigo furtado da silva/id=b1714.34-per6
717:                   ls$titulo/licenciado
718:                   ls$residencia/soure
719: 
720:       bap$b1714.35/28/4/1714/?/igreja de s. tiago
721: 
722: bap$b1714.35
722:          n$manuel/m/id=b1714.35-per1
723: 
724:             pai$jose rodrigues/id=b1714.35-per1-per2
725:                ls$residencia/casais de s.mateus
726:                ls$naturalidade/casais de s.mateus
727: 
728:             mae$josefa cardoso/id=b1714.35-per1-per3
729:                ls$naturalidade/casal de eureca
730: 
731:             pad$joao/id=b1714.35-per4
732: 
733:                ppad$antonio rodrigues feijao/id=bppad28041714
734:                   ls$residencia/casais de s.mateus
735: 
736:             mad$ana/id=b1714.35-per5
737:                rel$parentesco/filha/antonio rodrigues feijao/bppad28041714
738: 
739:       bap$b1714.36/29/4/1714/?/igreja de s. tiago
740: 
741: bap$b1714.36
741:          n$manuel/m/id=b1714.36-per1
742: 
743:             pai$manuel simoes galhardo/id=b1714.36-per1-per2
744:                ls$residencia/sobral
745:                ls$alcunha/moco
746:                ls$naturalidade/sobral
747: 
748:             mae$maria francisca/id=b1714.36-per1-per3
749:                ls$naturalidade/casalinhos
750: 
751:             pad$jose/id=b1714.36-per4
752:                ls$ec/s
753: 
754:                ppad$joao rodrigues/id=b1714.36-per5
755:                   ls$residencia/sobral
756: 
757:             mad$ines/id=b1714.36-per6
758:                ls$ec/s
759: 
760:                pmad$manuel simoes galhardo/id=b1714.36-per7
761:                   ls$residencia/sobral
762: 
763:       bap$b1714.37/10/5/1714/?/igreja de s. tiago
764: 
765: bap$b1714.37
765:          n$rodrigo/m/id=b1714.37-per1
766: 
767:             pai$gregorio ferreira/id=b1714.37-per1-per2
768:                ls$residencia/casal da charneca
769:                ls$naturalidade/casal dos bechos
770: 
771:             mae$cristina rodrigues/id=b1714.37-per1-per3
772:                ls$naturalidade/casal da charneca
773: 
774:             pad$rodrigo/id=b1714.37-per4/xmesmo_que=c6-7-rod
775: 
776:             mad$antonia/id=b1714.37-per5
777:                ls$titulo/dona
778:                rel$parentesco/irma/rodrigo/b1714.37-per4
779: 
780:       bap$b1714.38/13/5/1714/?/igreja de s. tiago
781: 
782: bap$b1714.38
782:          n$manuel/m/id=b1714.38-per1
783: 
784:             pai$joao rodrigues/id=b1714.38-per1-per2
785:                ls$residencia/casal de alencarce
786:                ls$naturalidade/casal de alencarce
787: 
788:             mae$maria madeira/id=b1714.38-per1-per3
789:                ls$naturalidade/casal de alencarce
790: 
791:             pad$domingos/id=b1714.38-per4
792:                ls$ec/s
793: 
794:                ppad$manuel madeira/id=b1714.38-per5
795:                   ls$residencia/alencarce
796: 
797:             mad$isabel ramos/id=b1714.38-per6
798: 
799:                mrmad$manuel martins/id=b1714.38-per7
800:                   ls$alcunha/moco
801:                   ls$residencia/cascao
802: 
803:       bap$b1714.39/13/5/1714/?/igreja de s. tiago
804: 
805: bap$b1714.39
805:          n$jose/m/id=bn13051714
806: 
807:             pai$manuel domingues/id=bn13051714-per1
808:                ls$residencia/quinta da telhada
809:                ls$naturalidade/presa
810: 
811:             mae$maria madeira/id=bn13051714-per2
812:                ls$naturalidade/casal da quinta da telhada
813: 
814:             pad$domingos/id=b1714.39-per3
815:                ls$ec/s
816: 
817:                ppad$manuel domingues/id=b1714.39-per4
818:                   ls$residencia/casal da eureca
819: 
820:             mad$teresa/id=b1714.39-per5
821:                ls$ec/s
822: 
823:                pmad$antonio rodrigues/id=b1714.39-per6
824:                   ls$residencia/casal da quinta da telhada
825: 
826:             referida$catarina francisca/id=br13051714
827:                ls$ec/v
828:                ls$residencia/cavaleiros
829:                rel$sociabilidade/baptisou em necessidade/jose/bn13051714
830: 
831:       bap$b1714.40/21/5/1714/?/igreja de s. tiago
832: 
833: bap$b1714.40
833:          n$jose/m/id=b1714.40-per1
834: 
835:             pai$francisco correia/id=b1714.40-per1-per2
836:                ls$residencia/casa velha
837:                ls$naturalidade/carapinheira, freguesia da carapinheira
838: 
839:             mae$maria gomes/id=b1714.40-per1-per3
840:                ls$naturalidade/carapinheira, freguesia da carapinheira
841: 
842:             pad$domingos lopes/id=b1714.40-per4
843:                ls$residencia/casa velha
844: 
845:             mad$maria pedrosa/id=b1714.40-per5
846: 
847:                mrmad$joao mateus/id=b1714.40-per6
848:                   ls$residencia/casa velha
849: 
850:       bap$b1714.41/31/5/1714/?/igreja de s. tiago
851: 
852: bap$b1714.41
852:          n$mariana/f/id=b1714.41-per1
853: 
854:             pai$manuel gomes/id=b1714.41-per1-per2
855:                ls$residencia/casal da corujeira
856:                ls$naturalidade/vale de nabal, freguesia de almagreira
857: 
858:             mae$isabel jorge/id=b1714.41-per1-per3
859:                ls$naturalidade/casal da corujeira
860: 
861:             pad$luis manhos/id=b1714.41-per4
862:                ls$cargo/capitao
863: 
864:             mad$mariana/id=b1714.41-per5
865:                ls$ec/s
866:                rel$parentesco/filha/luis manhos/1714.41-per4
867: 
868:       bap$b1714.42/3/6/1714/?/igreja de s. tiago
869: 
870: bap$b1714.42
870:          n$rodrigo/m/id=b1714.42-per1
871: 
872:             pai$francisco ferreira/id=b1714.42-per1-per2
873:                ls$residencia/portela
874:                ls$naturalidade/casal dos bechos
875: 
876:             mae$damasia gaspar/id=b1714.42-per1-per3
877:                ls$naturalidade/portela
878: 
879:             pad$rodrigo/id=b1714.42-per4
880:                ls$ec/s
881: 
882:             mad$isabel/id=b1714.42-per5
883:                ls$titulo/dona
884: 
885:                mrmad$manuel homem de quadros/id=b1714.42-per6
886: 
887:       bap$b1714.43/3/6/1714/?/igreja de s. tiago
888: 
889: bap$b1714.43
889:          n$maria/f/id=b1714.43-per1
890: 
891:             pai$diogo da costa/id=b1714.43-per1-per2
892:                ls$residencia/casa velha
893:                ls$naturalidade/casa velha
894: 
895:             mae$ines da conceicao/id=b1714.43-per1-per3
896:                ls$naturalidade/lajem
897: 
898:             pad$antonio da cruz/id=b1714.43-per4
899:                ls$profissao/padre
900: 
901:             mad$caetana/id=b1714.43-per5
902:                ls$ec/s
903: 
904:                pmad$domingos lopes/id=b1714.43-per6
905:                   ls$residencia/casa velha
906: 
907:       bap$b1714.44/3/6/1714/?/igreja de s. tiago
908: 
909: bap$b1714.44
909:          n$jose/m/id=b1714.44-per1
910: 
911:             pai$manuel goncalves/id=b1714.44-per1-per2
912:                ls$residencia/casal do mendinho
913:                ls$naturalidade/casal do mendinho
914: 
915:             mae$teresa de oliveira/id=b1714.44-per1-per3
916:                ls$residencia/casal velha
917: 
918:             pad$andre domingues/id=b1714.44-per4
919:                ls$residencia/casa velha
920: 
921:             mad$maria/id=b1714.44-per5
922:                ls$ec/s
923: 
924:                pmad$manuel luis/id=b1714.44-per6
925:                   ls$ec/v
926:                   ls$residencia/casa velha
927: 
928:       bap$b1714.45/10/6/1714/?/igreja de s. tiago
929: 
930: bap$b1714.45
930:          n$francisco/m/id=b1714.45-per1
931: 
932:             pai$manuel luis/id=b1714.45-per1-per2
933:                ls$residencia/casal da tojeira
934:                ls$naturalidade/casal da tojeira
935: 
936:             mae$madalena joao/id=b1714.45-per1-per3
937:                ls$naturalidade/laranjeira, freguesia de tapeus
938: 
939:             pad$manuel da silva/id=b1714.45-per4
940:                ls$residencia/casal da tojeira
941: 
942:             mad$isabel/id=b1714.45-per5
943:                ls$ec/s
944: 
945:                pmad$silvestre joao/id=b1714.45-per6
946:                   ls$residencia/carvalheira de cima
947: 
948:       bap$b1714.46/17/6/1714/?/igreja de s. tiago
949: 
950: bap$b1714.46
950:          n$jose/m/id=b1714.46-per1
951: 
952:             pai$domingos francisco/id=b1714.46-per1-per2
953:                ls$residencia/sobral
954:                ls$naturalidade/sobral
955: 
956:             mae$antonia esteves/id=b1714.46-per1-per3
957:                ls$residencia/barril
958: 
959:             pad$antonio francisco/id=b1714.46-per4
960: 
961:             mad$domingas/id=b1714.46-per5
962:                ls$ec/s
963: 
964:                pmad$joao rodrigues/id=b1714.46-per6
965:                   ls$residencia/sobral
966: 
967:       bap$b1714.47/17/6/1714/?/igreja de s. tiago/obs=sem madrinha
968: 
969: bap$b1714.47
969:          n$caetana/f/id=b1714.47-per1
970: 
971:             pai$joao rodrigues perna/id=b1714.47-per1-per2
972:                ls$residencia/moinhos do paleao
973:                ls$naturalidade/casal dos guerras
974: 
975:             mae$isabel gomes/id=b1714.47-per1-per3
976:                ls$naturalidade/porto das cabras
977: 
978:             pad$joao gaspar/id=b1714.47-per4
979:                ls$residencia/paleao
980: 
981:       bap$b1714.48/17/6/1714/?/igreja de s. tiago
982: 
983: bap$b1714.48
983:          n$josefa/f/id=b1714.48-per1
984: 
985:             pai$manuel simoes fareleiro/id=b1714.48-per1-per2
986:                ls$alcunha/moco
987:                ls$residencia/casais de s.mateus
988:                ls$naturalidade/casais de s.mateus
989: 
990:             mae$maria madalena/id=b1714.48-per1-per3
991:                ls$naturalidade/bonitos
992: 
993:             pad$bernardo de santo antonio/id=b1714.48-per4
994:                ls$titulo/frei
995:                ls$titulo/doutor
996:                ls$ordem/religioso de santo agostinho
997: 
998:             mad$josefa/id=b1714.48-per5
999:                ls$ec/s
1000: 
1001:                pmad$joao mendes/id=b1714.48-per6
1002:                   ls$residencia/s.mateus
1003: 
1004:       bap$b1714.49/17/6/1714/?/igreja de s. tiago
1005: 
1006: bap$b1714.49
1006:          n$francisco/m/id=b1714.49-per1
1007: 
1008:             pai$dionisio de magalhaes pinto/id=b1714.49-per1-per2
1009:                ls$residencia/soure
1010:                ls$naturalidade/braga, freguesia de ?
1011: 
1012:             mae$cipriana/id=b1714.49-per1-per3
1013:                ls$titulo/dona
1014:                ls$naturalidade/soure
1015: 
1016:             pad$francisco pereira coutinho/id=b1714.49-per4
1017:                ls$cargo/chantre de guimaraes
1018: 
1019:             mad$ines/id=b1714.49-per5
1020:                ls$titulo/dona
1021: 
1022:                mrmad$nuno alvares/id=b1714.49-per6
1023:                   ls$residencia/soure
1024: 
1025:       bap$b1714.50/24/6/1714/?/igreja de s. tiago
1026: 
1027: bap$b1714.50
1027:          n$isabel/f/id=b1714.50-per1
1028: 
1029:             pai$antonio da silva/id=b1714.50-per1-per2
1030:                ls$residencia/casal da amoreira
1031:                ls$naturalidade/vinha da rainha, freguesia de vinha da rainha
1032: 
1033:             mae$feliciana de oliveira/id=b1714.50-per1-per3
1034:                ls$naturalidade/vinha da rainha, freguesia de vinha da rainha
1035: 
1036:             pad$luis de seabra jacques/id=b1714.50-per4
1037: 
1038:             mad$isabel de s.miguel/id=b1714.50-per5
1039: 
1040:                mrmad$domingos goncalves galhardo/id=b1714.50-per6
1041:                   ls$titulo/licenciado
1042:                   ls$residencia/soure
1043: 
1044:       bap$b1714.51/25/6/1714/?/igreja de s. tiago
1045: 
1046: bap$b1714.51
1046:          n$caetana/f/id=b1714.51-per1
1047: 
1048:             pai$antonio da gante/id=b1714.51-per1-per2
1049:                ls$alcunha/moco
1050:                ls$residencia/casais de s.mateus
1051:                ls$naturalidade/casais de s.mateus
1052: 
1053:             mae$mariana galvao/id=b1714.51-per1-per3
1054:                ls$naturalidade/condeixa-a-nova, freguesia do sebal
1055: 
1056:             pad$jose/id=b1714.51-per4
1057:                ls$ec/s
1058: 
1059:                mpad$domingas joao/id=bmpad25061714
1060:                   ls$ec/v
1061:                   ls$residencia/paleao
1062: 
1063:             mad$maria/id=b1714.51-per5
1064:                rel$parentesco/filha/domingas joao/bmpad25061714
1065: 
1066:       bap$b1714.52/27/6/1714/?/igreja de s. tiago
1067: 
1068: bap$b1714.52
1068:          n$manuel/m/id=b1714.52-per1
1069: 
1070:             pai$antonio mendes/id=b1714.52-per1-per2
1071:                ls$residencia/paleao
1072:                ls$naturalidade/casal da fonte do cortico, freguesia de tapeus
1073: 
1074:             mae$maria de oliveira/id=b1714.52-per1-per3
1075:                ls$residencia/paleao
1076: 
1077:             pad$manuel simoes/id=b1714.52-per4
1078:                ls$profissao/moleiro
1079:                ls$residencia/moinhos do paleao
1080: 
1081:             mad$antonia/id=b1714.52-per5
1082:                ls$ec/s
1083: 
1084:                mmad$domingas joao/id=b1714.52-per6
1085:                   ls$residencia/paleao
1086:                   ls$ec/v
1087: 
1088:       bap$b1714.53/15/4/1714/?/igreja de s. tiago/obs=data sic
1089: 
1090: bap$b1714.53
1090:          n$maria/f/id=b1714.53-per1
1091: 
1092:             pai$joao domingues/id=b1714.53-per1-per2
1093:                ls$residencia/casconho
1094:                ls$naturalidade/casconho
1095: 
1096:             mae$maria martins/id=b1714.53-per1-per3
1097:                ls$naturalidade/porto coelheiro
1098: 
1099:             pad$domingos lourenco/id=b1714.53-per4
1100:                ls$residencia/casconho
1101: 
1102:             mad$maria/id=b1714.53-per5
1103:                ls$ec/s
1104: 
1105:                pmad$pedro francisco/id=b1714.53-per6
1106:                   ls$residencia/casconho
1107: 
1108:       bap$b1714.54/15/4/1714/?/igreja de s. tiago/obs=data sic
1109: 
1110: bap$b1714.54
1110:          n$rosa/f/id=b1714.54-per1
1111: 
1112:             pai$jose gaspar/id=b1714.54-per1-per2
1113:                ls$residencia/simoes
1114:                ls$naturalidade/simoes
1115: 
1116:             mae$maria francisca/id=b1714.54-per1-per3
1117:                ls$residencia/mogadouro
1118: 
1119:             pad$manuel/id=b1714.54-per4
1120:                ls$ec/s
1121: 
1122:                ppad$antonio jorge/id=b1714.54-per5
1123:                   ls$residencia/sobral
1124: 
1125:             mad$maria rodrigues/id=b1714.54-per6
1126: 
1127:                mrmad$manuel gomes/id=b1714.54-per7
1128:                   ls$residencia/casal do justo
1129: 
1130:       bap$b1714.55/18/4/1714/?/igreja de s. tiago/obs=data sic
1131: 
1132: bap$b1714.55
1132:          n$josefa/f/id=b1714.55-per1
1133: 
1134:             pai$antonio jorge/id=b1714.55-per1-per2
1135:                ls$residencia/simoes
1136:                ls$naturalidade/sobral
1137: 
1138:             mae$catarina rodrigues/id=b1714.55-per1-per3
1139:                ls$naturalidade/simoes
1140: 
1141:             pad$manuel joao garriapa/id=b1714.55-per4
1142:                ls$residencia/simoes
1143: 
1144:             mad$maria domingues/id=b1714.55-per5
1145: 
1146:                mrmad$miguel rodrigues/id=b1714.55-per6
1147:                   ls$residencia/sobral
1148: 
1149:       bap$b1714.56/8/7/1714/?/igreja de s. tiago/obs=retoma a cronologia normal
1150: 
1151: bap$b1714.56
1151:          n$jose/m/id=b1714.56-per1
1152: 
1153:             pai$manuel joao/id=b1714.56-per1-per2
1154:                ls$alcunha/marcos
1155:                ls$residencia/simoes
1156:                ls$naturalidade/simoes
1157: 
1158:             mae$isabel rodrigues/id=b1714.56-per1-per3
1159:                ls$naturalidade/simoes
1160: 
1161:             pad$manuel rodrigues/id=b1714.56-per4
1162:                ls$residencia/barrosos
1163: 
1164:             mad$maria rodrigues/id=b1714.56-per5
1165: 
1166:                mrmad$joao rodrigues/id=b1714.56-per6
1167:                   ls$residencia/simoes
1168: 
1169:       bap$b1714.57/8/7/1714/?/igreja de s. tiago
1170: 
1171: bap$b1714.57
1171:          n$antonio/m/id=bn08071714
1172: 
1173:             pai$jose carvalho/id=bn08071714-per1
1174:                ls$residencia/soure
1175:                ls$naturalidade/barrosos
1176: 
1177:             mae$francisca goncalves/id=bn08071714-per2
1178:                ls$naturalidade/soure
1179: 
1180:             pad$bernardo de santo antonio/id=b1714.57-per3
1181:                ls$titulo/frei
1182:                ls$ordem/religioso de santo agostinho
1183:                ls$profissao/padre
1184: 
1185:             mad$maria cardoso/id=b1714.57-per4
1186:                ls$ec/s
1187:                rel$parentesco/irma/manuel duarte/br08071714
1188: 
1189:             referido$manuel duarte/id=br08071714
1190:                ls$profissao/padre
1191:                ls$cargo/capelao da igreja de soure
1192:                ls$titulo/frei
1193:                rel$sociabilidade/baptisou em necessidade/antonio/bn08071714
1194: 
1195:       bap$b1714.58/9/7/1714/?/igreja de s. tiago
1196: 
1197: bap$b1714.58
1197:          n$sebastiao/m/id=b1714.58-per1
1198: 
1199:             pai$antonio francisco/id=b1714.58-per1-per2
1200:                ls$residencia/cavaleiros
1201:                ls$naturalidade/cavaleiros
1202: 
1203:             mae$teresa francisca/id=b1714.58-per1-per3
1204:                ls$naturalidade/cavaleiros
1205: 
1206:             pad$antonio/id=b1714.58-per4
1207:                ls$ec/s
1208: 
1209:                ppad$francisco simoes/id=bpmad09071714
1210:                   ls$residencia/cavaleiros
1211: 
1212:             mad$francisca/id=b1714.58-per5
1213:                rel$parentesco/filha/francisco simoes/bpmad09071714
1214: 
1215:       bap$b1714.59/16/7/1714/?/igreja de s. tiago
1216: 
1217: bap$b1714.59
1217:          n$leonarda/f/id=bn16071714
1218: 
1219:             pai$manuel lopes/id=bn16071714-per1
1220:                ls$profissao/sapateiro
1221:                ls$residencia/soure
1222:                ls$naturalidade/soure
1223: 
1224:             mae$jeronima da costa/id=bn16071714-per2
1225:                ls$naturalidade/tentugal, freguesia de tentugal
1226: 
1227:             pad$jose da costa/id=b1714.59-per3
1228:                ls$residencia/soure
1229: 
1230:             mad$leonarda teixeira/id=b1714.59-per4
1231:                ls$residencia/soure
1232: 
1233:             referido$matias goncalves/id=br16071714
1234:                ls$profissao/padre
1235:                ls$residencia/soure
1236:                rel$sociabilidade/baptisou em necessidade/leonarda/bn16071714
1237: 
1238:       bap$b1714.60/21/7/1714/?/igreja de s. tiago
1239: 
1240: bap$b1714.60
1240:          n$domingos/m/id=b1714.60-per1
1241: 
1242:             pai$joao francisco/id=b1714.60-per1-per2
1243:                ls$residencia/casal do barril
1244:                ls$naturalidade/casal do barril
1245: 
1246:             mae$isabel rodrigues/id=b1714.60-per1-per3
1247:                ls$naturalidade/casal dos feijoes
1248: 
1249:             pad$domingos goncalves galhardo/id=b1714.60-per4
1250:                ls$titulo/licenciado
1251:                ls$residencia/soure
1252: 
1253:             mad$maria/id=b1714.60-per5
1254:                ls$ec/s
1255: 
1256:                pmad$domingos rodrigues trebelho/id=b1714.60-per6
1257:                   ls$residencia/casal do barril
1258: 
1259:       bap$b1714.61/25/7/1714/?/igreja de s. tiago
1260: 
1261: bap$b1714.61
1261:          n$ana/f/id=b1714.61-per1
1262: 
1263:             pai$francisco godinho/id=b1714.61-per1-per2
1264:                ls$residencia/pouca pena
1265:                ls$naturalidade/vila nova de ancos, freguesia de vila nova de ancos
1266: 
1267:             mae$mariana francisca/id=b1714.61-per1-per3
1268:                ls$naturalidade/pouca pena
1269: 
1270:             pad$manuel pereira/id=b1714.61-per4
1271:                ls$residencia/casal do senhor
1272: 
1273:             mad$maria/id=b1714.61-per5
1274:                ls$ec/s
1275: 
1276:                pmad$jose carvalho/id=b1714.61-per6
1277:                   ls$residencia/casal das brancas
1278: 
1279:       bap$b1714.62/31/7/1714/?/igreja de s. tiago
1280: 
1281: bap$b1714.62
1281:          n$joao/m/id=b1714.62-per1
1282: 
1283:             pai$antonio bernardes de carvalho/id=bpai31071714
1284:                ls$residencia/casa velha
1285:                ls$naturalidade/paiao, freguesia de paiao
1286: 
1287:             mae$josefa gomes/id=b1714.62-per1-per2
1288:                ls$naturalidade/casa velha
1289: 
1290:             pad$joao bernardes de carvalho/id=bpad31071714
1291:                rel$parentesco/irmao/antonio bernardes de carvalho/bpai31071714
1292: 
1293:             mad$pascoa/id=b1714.62-per3
1294:                ls$ec/s
1295: 
1296:                pmad$manuel simoes/id=b1714.62-per4
1297:                   ls$ec/v
1298:                   ls$residencia/casa velha
1299: 
1300:             referido$joao bernardes/id=br310711714
1301:                rel$parentesco/pai/antonio bernardes de carvalho/bpai31071714
1302:                rel$sociabilidade/procurador em baptismo/joao bernardes de carvalho/bpad31071714
1303: 
1304:       bap$b1714.63/12/8/1714/?/igreja de s. tiago
1305: 
1306: bap$b1714.63
1306:          n$bento/m/id=b1714.63-per1
1307: 
1308:             pai$jose vieira/id=b1714.63-per1-per2
1309:                ls$residencia/soure
1310:                ls$naturalidade/soure
1311: 
1312:             mae$natalia rodrigues/id=b1714.63-per1-per3
1313:                ls$naturalidade/soure
1314: 
1315:             pad$bento/id=b1714.63-per4
1316:                ls$ec/s
1317: 
1318:                ppad$manuel carvalho vieira/id=bppad12081714
1319:                   ls$residencia/soure
1320: 
1321:             mad$maria/id=b1714.63-per5
1322:                ls$ec/s
1323:                rel$parentesco/filha/manuel carvalho vieira/bppad12081714
1324: 
1325:       bap$b1714.64/15/8/1714/?/igreja de s. tiago
1326: 
1327: bap$b1714.64
1327:          n$luis/m/id=b1714.64-per1
1328: 
1329:             pai$joao rodrigues rainho/id=b1714.64-per1-per2
1330:                ls$residencia/sobral
1331:                ls$naturalidade/sobral
1332: 
1333:             mae$maria rodrigues/id=b1714.64-per1-per3
1334:                ls$naturalidade/sobral
1335: 
1336:             pad$luis manhos/id=b1714.64-per4
1337:                ls$cargo/capitao
1338: 
1339:             mad$isabel francisca/id=b1714.64-per5
1340:                ls$ec/v
1341:                ls$residencia/sobral
1342: 
1343:       bap$b1714.65/24/8/1714/?/igreja de s. tiago
1344: 
1345: bap$b1714.65
1345:          n$maria/f/id=b1714.65-per1
1346: 
1347:             pai$diogo goncalves/id=b1714.65-per1-per2
1348:                ls$residencia/casal novo
1349:                ls$naturalidade/casal de santo isidro, freguesia da gesteira
1350: 
1351:             mae$josefa manuel/id=b1714.65-per1-per3
1352:                ls$naturalidade/casal novo
1353: 
1354:             pad$manuel francisco/id=b1714.65-per4
1355:                ls$residencia/gesteira, freguesia da gesteira
1356: 
1357:             mad$maria goncalves/id=b1714.65-per5
1358: 
1359:                mrmad$joao cordeiro/id=b1714.65-per6
1360:                   ls$residencia/casal novo
1361: 
1362:       bap$b1714.66/2/9/1714/?/igreja de s. tiago
1363: 
1364: bap$b1714.66
1364:          n$rodrigo/m/id=b1714.66-per1
1365: 
1366:             pai$manuel rodrigues/id=b1714.66-per1-per2
1367:                ls$residencia/casal do livreiro
1368: 
1369:             mae$joana baptista/id=b1714.66-per1-per3
1370: 
1371:             pad$rodrigo/id=b1714.66-per4
1372:                ls$ec/s
1373: 
1374:             mad$antonia/id=b1714.66-per5
1375:                rel$parentesco/filha/manuel homem de quadros/c6-7
1376:                ls$ec/s
1377: 
1378:       bap$b1714.67/3/9/1714/?/igreja de s. tiago
1379: 
1380: bap$b1714.67
1380:          n$luisa/f/id=b1714.67-per1
1381: 
1382:             pai$antonio mateus/id=b1714.67-per1-per2
1383:                ls$residencia/soure
1384:                ls$naturalidade/figueiro do campo, freguesia de figueiro do campo
1385: 
1386:             mae$esperanca simoes/id=b1714.67-per1-per3
1387:                ls$naturalidade/pinheiro
1388: 
1389:             pad$joao/id=b1714.67-per4
1390: 
1391:                mpad$ana maria da silva/id=bmpad030981714
1392:                   ls$ec/v
1393:                   ls$residencia/soure
1394: 
1395:             mad$luisa/id=b1714.67-per5
1396:                rel$parentesco/filha/ana maria da silva/bmpad030981714
1397: 
1398:       bap$b1714.68/9/9/1714/?/igreja de s. tiago
1399: 
1400: bap$b1714.68
1400:          n$domingos/m/id=b1714.68-per1
1401: 
1402:             pai$domingos simoes/id=b1714.68-per1-per2
1403:                ls$residencia/casal de alencarce
1404:                ls$naturalidade/presa
1405: 
1406:             mae$catarina francisca/id=b1714.68-per1-per3
1407:                ls$naturalidade/casal de alencarce
1408: 
1409:             pad$manuel rodrigues/id=b1714.68-per4
1410:                ls$ec/s
1411:                ls$residencia/podengos
1412: 
1413:             mad$maria/id=b1714.68-per5
1414:                ls$ec/s
1415: 
1416:                mmad$maria francisca/id=b1714.68-per6
1417:                   ls$ec/v
1418:                   ls$residencia/casal de alencarce
1419: 
1420:       bap$b1714.69/9/9/1714/?/igreja de s. tiago
1421: 
1422: bap$b1714.69
1422:          n$domingas/f/id=b1714.69-per1
1423: 
1424:             pai$francisco gabriel/id=b1714.69-per1-per2
1425:                ls$residencia/casa velha
1426:                ls$naturalidade/casa velha
1427: 
1428:             mae$maria henriques/id=b1714.69-per1-per3
1429:                ls$naturalidade/casa velha
1430: 
1431:             pad$antonio simoes/id=b1714.69-per4
1432:                ls$residencia/casa velha
1433: 
1434:             mad$domingas da costa/id=b1714.69-per5
1435:                ls$ec/v
1436:                ls$residencia/casa velha
1437: 
1438:       bap$b1714.70/13/9/1714/?/igreja de s. tiago
1439: 
1440: bap$b1714.70
1440:          n$alexandre/m/id=b1714.70-per1
1441: 
1442:             pai$mateus carvalho/id=b1714.70-per1-per2
1443:                ls$residencia/casal das brancas
1444:                ls$naturalidade/casal das brancas
1445: 
1446:             mae$maria antunes/id=b1714.70-per1-per3
1447:                ls$naturalidade/melrical
1448: 
1449:             pad$felix de almeida do amaral/id=b1714.70-per4
1450: 
1451:             mad$alexandra/id=b1714.70-per5
1452:                rel$parentesco/neta/felix de almeida do amaral/c1712.14-5
1453: 
1454:       bap$b1714.71/16/9/1714/?/igreja de s. tiago
1455: 
1456: bap$b1714.71
1456:          n$maria/f/id=b1714.71-per1
1457: 
1458:             pai$mateus simoes/id=b1714.71-per1-per2
1459:                ls$residencia/alencarce
1460:                ls$naturalidade/alencarce
1461: 
1462:             mae$maria simoes/id=b1714.71-per1-per3
1463:                ls$naturalidade/alencarce
1464: 
1465:             pad$manuel madeira/id=bpad16091714
1466:                ls$residencia/cascao
1467: 
1468:             mad$maria martins/id=b1714.71-per4
1469:                rel$parentesco/mulher/manuel madeeira/bpad16091714
1470: 
1471:       bap$b1714.72/22/9/1714/?/igreja de s. tiago
1472: 
1473: bap$b1714.72
1473:          n$luis/m/id=b1714.72-per1
1474: 
1475:             pai$joao ferreira/id=b1714.72-per1-per2
1476:                ls$residencia/casal do rei
1477:                ls$naturalidade/casal da charneca
1478: 
1479:             mae$maria rodrigues/id=b1714.72-per1-per3
1480:                ls$naturalidade/formigal, freguesia da vinha da rainha
1481: 
1482:             pad$felix de almeida do amaral/id=b1714.72-per4
1483:                ls$residencia/quinta de s.tome#sua quinta
1484: 
1485:             mad$maria/id=b1714.72-per5
1486:                ls$ec/s
1487: 
1488:                mmad$isabel ferreira/id=b1714.72-per6
1489:                   ls$residencia/casal do rei
1490: 
1491:       bap$b1714.73/30/9/1714/?/igreja de s. tiago
1492: 
1493: bap$b1714.73
1493:          n$luis/m/id=b1714.73-per1
1494: 
1495:             pai$jacinto da silva/id=b1714.73-per1-per2
1496:                ls$residencia/soure
1497:                ls$naturalidade/lourical, freguesia do lourical
1498: 
1499:             mae$maria pereira/id=b1714.73-per1-per3
1500:                ls$naturalidade/soure
1501: 
1502:             pad$luis barbosa canais/id=b1714.73-per4
1503: 
1504:             mad$dorotea/id=b1714.73-per5
1505: 
1506:                pmad$joao de oliveira/id=b1714.73-per6
1507:                   ls$titulo/doutor
1508: 
1509:       bap$b1714.74/5/10/1714/?/igreja de s. tiago
1510: 
1511: bap$b1714.74
1511:          n$jose/m/id=bn05101714
1512: 
1513:             pai$jose gomes serrano/id=bn05101714-per1
1514:                ls$residencia/paleao
1515:                ls$naturalidade/loureiro, freguesia de abiul
1516: 
1517:             mae$maria simoes/id=bn05101714-per2
1518:                ls$naturalidade/paleao
1519: 
1520:             pad$joao mendes/id=b1714.74-per3
1521:                ls$residencia/s.mateus
1522: 
1523:             mad$isabel rodrigues/id=b1714.74-per4
1524: 
1525:                mrmad$manuel rodrigues gil/id=b1714.74-per5
1526:                   ls$residencia/paleao
1527: 
1528:             referida$antonia carvalho/id=br051011714
1529:                rel$sociabilidade/baptisou em necessidade/jose/bn05101714
1530:                rel$parentesco/mulher/miguel ferreira/br05101714b
1531: 
1532:             referido$miguel ferreira/id=br05101714b
1533:                ls$residencia/paleao
1534: 
1535:       bap$b1714.75/7/10/1714/?/igreja de s. tiago
1536: 
1537: bap$b1714.75
1537:          n$manuel/m/id=bn07101714
1538: 
1539:             pai$manuel da costa/id=bn07101714-per1
1540:                ls$residencia/paleao
1541:                ls$naturalidade/casal novo
1542: 
1543:             mae$luisa rodrigues/id=bn07101714-per2
1544:                ls$naturalidade/paleao
1545: 
1546:             pad$francisco rodrigues/id=br07101714
1547:                ls$residencia/soure
1548: 
1549:             mad$mizia rodrigues/id=b1714.75-per3
1550:                rel$parentesco/mulher/francisco rodrigues/br07101714
1551: 
1552:             referida$antonia carvalho/mesmo_que=br051011714/id=b1714.75-per4
1553:                rel$sociabilidade/baptisou em necessidade/manuel/bn07101714
1554: 
1555:       bap$b1714.76/11/10/1714/?/igreja de s. tiago
1556: 
1557: bap$b1714.76
1557:          n$antonia/f/id=b1714.76-per1
1558: 
1559:             pai$joao rodrigues/id=b1714.76-per1-per2
1560:                ls$residencia/soure
1561:                ls$naturalidade/casal da charneca
1562: 
1563:             mae$mariana ferreira/id=b1714.76-per1-per3
1564:                ls$naturalidade/fatacos
1565: 
1566:             pad$antonio/id=b1714.76-per4
1567:                ls$ec/s
1568: 
1569:                ppad$geraldo pereira coutinho/id=b1714.76-per5
1570:                   ls$cargo/desembargador
1571: 
1572:             mad$ines/id=b1714.76-per6
1573:                rel$parentesco/filha/geraldo pereira coutinho/gpereira
1574: 
1575:       bap$b1714.77/14/10/1714/?/igreja de s. tiago
1576: 
1577: bap$b1714.77
1577:          n$ana maria/f/id=b1714.77-per1
1578: 
1579:             pai$manuel carvalho/id=b1714.77-per1-per2
1580:                ls$residencia/paleao
1581:                ls$naturalidade/paleao
1582: 
1583:             mae$teresa de jesus/id=b1714.77-per1-per3
1584:                ls$naturalidade/pardieiros, freguesia de samuel
1585: 
1586:             pad$jose pinto/id=b1714.77-per4
1587: 
1588:             mad$luisa/id=b1714.77-per5
1589:                ls$ec/s
1590: 
1591:                pmad$joao rodrigues/id=b1714.77-per6
1592:                   ls$cargo/ermitao
1593:                   ls$residencia/paleao
1594: 
1595:       bap$b1714.78/20/10/1714/?/igreja de s. tiago
1596: 
1597: bap$b1714.78
1597:          n$caetana/f/id=bn20101714
1598: 
1599:             pai$manuel cordeiro/id=bn20101714-per1
1600:                ls$residencia/casal da cabeca gorda
1601:                ls$naturalidade/casal dos louzoes
1602: 
1603:             mae$maria madeira/id=bn20101714-per2
1604:                ls$naturalidade/cabeca gorda
1605: 
1606:             pad$clemente martins da costa/id=b1714.78-per3
1607:                ls$profissao/padre
1608:                ls$residencia/pinheiro
1609: 
1610:             mad$catarina/id=b1714.78-per4
1611:                ls$ec/s
1612: 
1613:                mmad$isabel madeira/id=b1714.78-per5
1614:                   ls$ec/v
1615:                   ls$residencia/casal da cabeca gorda
1616: 
1617:             referida$catarina francisca/id=br20101714
1618:                ls$residencia/cavaleiros
1619:                rel$sociabilidade/baptisou em necessidade/caetana/bn20101714
1620: 
1621:       bap$b1714.78b/25/10/1714/?/igreja de s. tiago
1622: 
1623: bap$b1714.78b
1623:          n$domingas/f/id=b1714.78b-per1
1624: 
1625:             pai$domingos rodrigues janeiro/id=b1714.78b-per1-per2
1626:                ls$residencia/casalinhos
1627:                ls$naturalidade/barrosos
1628: 
1629:             mae$maria gomes/id=b1714.78b-per1-per3
1630:                ls$naturalidade/casalinhos
1631: 
1632:             pad$manuel simoes/id=b1714.78b-per4
1633:                ls$residencia/casalinhos
1634: 
1635:             mad$domingas/id=b1714.78b-per5
1636:                ls$ec/s
1637: 
1638:                pmad$manuel da fonseca/id=b1714.78b-per6
1639:                   ls$residencia/casalinhos
1640: 
1641:       bap$b1714.78c/30/10/1714/?/igreja de s. tiago
1642: 
1643: bap$b1714.78c
1643:          n$maria/f/id=b1714.78c-per1
1644: 
1645:             pai$miguel rodrigues/id=b1714.78c-per1-per2
1646:                ls$residencia/sobral
1647:                ls$naturalidade/sobral
1648: 
1649:             mae$maria domingues/id=b1714.78c-per1-per3
1650:                ls$naturalidade/sobral
1651: 
1652:             pad$joao rodrigues/id=b1714.78c-per4
1653:                ls$residencia/sobral
1654: 
1655:             mad$ines/id=b1714.78c-per5
1656:                ls$ec/s
1657: 
1658:                pmad$manuel jorge/id=b1714.78c-per6
1659:                   ls$residencia/sobral
1660: 
1661:       bap$b1714.78d/4/11/1714/?/igreja de s. tiago
1662: 
1663: bap$b1714.78d
1663:          n$manuel/m/id=bn04111714
1664: 
1665:             pai$manuel rodrigues/id=bpai04111714
1666:                ls$residencia/casais da misericordia
1667:                ls$naturalidade/casais da misericordia
1668: 
1669:             mae$catarina de oliveira/id=bmae04111714
1670:                ls$naturalidade/bonitos
1671: 
1672:             pad$manuel/id=b1714.78d-per1
1673:                ls$ec/s
1674: 
1675:                ppad$manuel domingues/id=b1714.78d-per2
1676: 
1677:             mad$antonia/id=b1714.78d-per3
1678:                ls$ec/s
1679: 
1680:                mmad$domingas de oliveira/id=b1714.78d-per4
1681:                   ls$ec/v
1682:                   ls$residencia/bonitos
1683: 
1684:       bap$b1714.78e/4/11/1714/?/igreja de s. tiago
1685: 
1686: bap$b1714.78e
1686:          n$mariana/f/id=b1714.78e-per1
1687:             rel$parentesco/irma gemea/manuel/bn04111714
1688: 
1689:             pai$manuel rodrigues/mesmo_que=bpai04111714/id=b1714.78e-per1-per2
1690:                ls$residencia/casais da misericordia
1691:                ls$naturalidade/casais da misericordia
1692: 
1693:             mae$catarina de oliveira/mesmo_que=bmae04111714/id=b1714.78e-per1-per3
1694:                ls$naturalidade/bonitos
1695: 
1696:             pad$manuel lourenco/id=b1714.78e-per4
1697:                ls$residencia/bonitos
1698: 
1699:             mad$maria/id=b1714.78e-per5
1700:                ls$ec/s
1701: 
1702:                mmad$antonia domingues/id=b1714.78e-per6
1703:                   ls$residencia/casais da misericordia
1704: 
1705:       bap$b1714.78f/4/11/1714/?/igreja de s. tiago
1706: 
1707: bap$b1714.78f
1707:          n$antonio/m/id=b1714.78f-per1
1708: 
1709:             pai$manuel rodrigues fuseiro/id=b1714.78f-per1-per2
1710:                ls$residencia/casal da lajem
1711:                ls$naturalidade/casal da lajem
1712: 
1713:             mae$luisa francisca/id=b1714.78f-per1-per3
1714:                ls$naturalidade/marachao, freguesia de figueiro do campo
1715: 
1716:             pad$clemente martins da costa/id=bpad04111714
1717:                ls$profissao/padre
1718:                ls$residencia/pinheiro
1719: 
1720:             mad$antonia/id=b1714.78f-per4
1721:                ls$ec/s
1722:                rel$parentesco/irma/clemente martins da costa/bpad04111714
1723: 
1724:       bap$b1714.78g/15/11/1714/?/igreja de s. tiago
1725: 
1726: bap$b1714.78g
1726:          n$josefa/f/id=b1714.78g-per1
1727: 
1728:             pai$manuel domingues/id=b1714.78g-per1-per2
1729:                ls$residencia/simoes
1730:                ls$naturalidade/casais da misericordia
1731: 
1732:             mae$ana joao/id=b1714.78g-per1-per3
1733:                ls$naturalidade/simoes
1734: 
1735:             pad$anselmo jose de carvalho/id=bpad15111714
1736: 
1737:                ppad$nome desconhecido/obs=doutor do picoto/id=b1714.78g-per4
1738:                   ls$titulo/doutor
1739:                   ls$residencia/picoto
1740: 
1741:             mad$maria/id=b1714.78g-per5
1742:                ls$ec/s
1743: 
1744:                pmad$pedro francisco/id=b1714.78g-per6
1745:                   ls$residencia/casconho
1746: 
1747:             referido$alexandre mendes ravasco/id=br15111714
1748:                rel$sociabilidade/procurador em baptismo/anselmo jose de carvalho/bpad15111714
1749: 
1750:       bap$b1714.78h/18/11/1714/?/igreja de s. tiago
1751: 
1752: bap$b1714.78h
1752:          n$catarina/f/id=b1714.78h-per1
1753: 
1754:             pai$manuel martins/m/id=b1714.78h-per1-per2
1755:                ls$residencia/cascao
1756:                ls$naturalidade/cascao
1757: 
1758:             mae$leonor joao/id=b1714.78h-per1-per3
1759:                ls$naturalidade/cascao
1760: 
1761:             pad$manuel madeira/id=b1714.78h-per4
1762:                ls$residencia/cascao
1763: 
1764:             mad$maria madeira/id=b1714.78h-per5
1765: 
1766:                mrmad$joao ramos/id=b1714.78h-per6
1767:                   ls$residencia/casal de alencarce
1768: 
1769:       bap$b1714.78i/25/11/1714/?/igreja de s. tiago
1770: 
1771: bap$b1714.78i
1771:          n$antonio/m/id=b1714.78i-per1
1772: 
1773:             pai$manuel jorge/id=b1714.78i-per1-per2
1774:                ls$residencia/casal da corujeira
1775:                ls$naturalidade/casal da corujeira
1776: 
1777:             mae$sebastiana da silva/id=b1714.78i-per1-per3
1778:                ls$naturalidade/netos
1779: 
1780:             pad$jose gomes serrano/id=bpad25111714
1781:                ls$residencia/soure
1782: 
1783:             mad$antonia gomes/id=b1714.78i-per4
1784:                rel$parentesco/irma/jose gomes serrano/bpad25111714
1785: 
1786:       bap$b1714.78j/26/11/1714/?/igreja de s. tiago
1787: 
1788: bap$b1714.78j
1788:          n$antonia/f/id=b1714.78j-per1
1789: 
1790:             pai$joao domingues/id=b1714.78j-per1-per2
1791:                ls$residencia/paleao
1792:                ls$naturalidade/paleao
1793: 
1794:             mae$maria leao/id=b1714.78j-per1-per3
1795:                ls$naturalidade/paleao
1796: 
1797:             pad$joao da conceicao/id=bpad26111714
1798:                ls$profissao/padre
1799:                ls$residencia/paleao
1800: 
1801:             mad$maria das neves/id=b1714.78j-per4
1802: 
1803:                mrmad$jose da conceicao/id=b1714.78j-per5
1804:                   ls$residencia/coimbra, freguesia
1805:                   ls$freguesia/coimbra
1806: 
1807:             referido$jose soares/id=br26111714
1808:                ls$ec/s
1809:                rel$sociabilidade/procurador em baptismo/joao da conceicao/bpad26111714
1810: 
1811:       bap$b1714.79/4/12/1714/?/igreja de s. tiago
1812: 
1813: bap$b1714.79
1813:          n$joao/m/id=bn04121714
1814: 
1815:             pai$manuel rodrigues/id=bn04121714-per1
1816:                ls$residencia/casal da lajem
1817:                ls$naturalidade/casal da lajem
1818: 
1819:             mae$isabel rodrigues/id=bn04121714-per2
1820:                ls$naturalidade/soure
1821: 
1822:             pad$clemente martins da costa/mesmo_que=bpad04111714/id=b1714.79-per3
1823:                ls$profissao/padre
1824:                ls$residencia/pinheiro
1825: 
1826:             mad$antonia/id=b1714.79-per4
1827:                ls$ec/s
1828:                rel$parentesco/irma/clemente martins da costa/bpad04111714
1829: 
1830:             referida$antonia gomes/id=br04121714
1831:                ls$ec/s
1832:                ls$residencia/alencarce de cima
1833:                rel$sociabilidade/baptisou em necessidade/joao/bn04121714
1834: 
1835:       bap$b1714.80/6/12/1714/?/igreja de s. tiago
1836: 
1837: bap$b1714.80
1837:          n$antonio/m/id=b1714.80-per1
1838: 
1839:             pai$manuel rodrigues/id=b1714.80-per1-per2
1840:                ls$residencia/casais da pencarpia
1841:                ls$naturalidade/casais da pencarpia
1842: 
1843:             mae$antonia goncalves/id=b1714.80-per1-per3
1844:                ls$naturalidade/casais da pencarpia
1845: 
1846:             pad$jose gomes serrano/id=b1714.80-per4
1847:                ls$residencia/soure
1848: 
1849:             mad$francisca martins/id=b1714.80-per5
1850: 
1851:                mrmad$manuel rodrigues nobre/id=b1714.80-per6
1852:                   ls$residencia/soure
1853: 
1854:       bap$b1714.81/1/12/1714/?/igreja de s. tiago/obs=data sic
1855: 
1856: bap$b1714.81
1856:          n$pedro/m/id=bn01121714
1857: 
1858:             pai$luis barbosa canais/id=bn01121714-per1
1859:                ls$residencia/soure
1860:                ls$naturalidade/soure
1861: 
1862:             mae$iria de seabra jacques/id=bn01121714-per2
1863:                ls$titulo/dona
1864:                ls$naturalidade/soure
1865: 
1866:             pad$antonio da rocha manrique/id=bpad01121714
1867:                ls$titulo/doutor
1868:                ls$residencia/soure
1869: 
1870:             mad$micaela/id=b1714.81-per3
1871:                ls$titulo/dona
1872: 
1873:                mrmad$manuel soares coelho/id=b1714.81-per4
1874: 
1875:             referido$manuel goncalves galhardo/id=br01121714a
1876:                ls$profissao/padre
1877:                ls$titulo/frei
1878:                ls$cargo/beneficiado na igreja de soure
1879:                rel$sociabilidade/baptisou em necessidade/pedro/bn01121714
1880: 
1881:             referido$henrique barbosa canais/id=br01121714b
1882:                ls$titulo/licenciado
1883:                rel$sociabilidade/procurador em baptismo/antonio da rocha manrique/bpad01121714
1884: 
1885:       bap$b1714.82/12/12/1714/?/igreja de s. tiago/obs=baptizado em necessidade pelo padrinho
1886: 
1887: bap$b1714.82
1887:          n$antonio/m/id=b1714.82-per1
1888: 
1889:             pai$domingos dos santos/id=b1714.82-per1-per2
1890:                ls$residencia/casa velha
1891:                ls$naturalidade/ribeira de carnide, freguesia de almagreira
1892: 
1893:             mae$maria de sousa/id=b1714.82-per1-per3
1894:                ls$naturalidade/casa velha
1895: 
1896:             pad$pedro gomes/id=b1714.82-per4
1897:                ls$residencia/casa velha
1898: 
1899:             mad$maria/id=b1714.82-per5
1900:                ls$ec/s
1901: 
1902:                pmad$joao alvares/id=b1714.82-per6
1903:                   ls$residencia/casa velha
1904: 
1905:       bap$b1714.83/16/12/1714/?/igreja de s. tiago/obs=baptizado em necessidade pelo padrinho
1906: 
1907: bap$b1714.83
1907:          n$manuel/m/id=b1714.83-per1
1908: 
1909:             pai$domingos jorge/id=b1714.83-per1-per2
1910:                ls$residencia/paleao
1911:                ls$naturalidade/paleao
1912: 
1913:             mae$maria francisca/id=b1714.83-per1-per3
1914:                ls$naturalidade/soure
1915: 
1916:             pad$manuel afonso/id=b1714.83-per4
1917:                ls$residencia/paleao
1918:                ls$profissao/padre
1919: 
1920:             mad$angela/id=b1714.83-per5
1921:                ls$ec/s
1922: 
1923:                pmad$sebastiao machado da costa/id=b1714.83-per6
1924:                   ls$residencia/soure
1925: 
1926:       bap$b1714.84/23/12/1714/?/igreja de s. tiago/obs=baptizado em necessidade pelo padrinho
1927: 
1928: bap$b1714.84
1928:          n$maria/f/id=bn23121714
1929: 
1930:             pai$antonio francisco baralhao/id=bpai23121714
1931:                ls$residencia/soure
1932:                ls$naturalidade/soure
1933: 
1934:             mae$domingas rodrigues/id=bmae23121714
1935:                ls$naturalidade/casal dos beltroes
1936: 
1937:             pad$francisco da trindade/id=b1714.84-per1
1938:                ls$cargo/ermitao da ermida de s.francisco
1939: 
1940:             mad$maria leao/id=b1714.84-per2
1941: 
1942:                mrmad$lourenco dias/id=b1714.84-per3
1943: 
1944:       bap$b1714.85/23/12/1714/?/igreja de s. tiago/obs=baptizado em necessidade pelo padrinho
1945: 
1946: bap$b1714.85
1946:          n$maria/f/id=b1714.85-per1
1947:             rel$parentesco/irma gemea/maria/bn23121714
1948: 
1949:             pai$antonio francisco baralhao/mesmo_que=bpai23121714/id=b1714.85-per1-per2
1950:                ls$residencia/soure
1951:                ls$naturalidade/soure
1952: 
1953:             mae$domingas rodrigues/mesmo_que=bmae23121714/id=b1714.85-per1-per3
1954:                ls$naturalidade/casal dos beltroes
1955: 
1956:             pad$antonio fernandes/id=bpad23121714
1957:                ls$residencia/soure
1958: 
1959:             mad$catarina/id=b1714.85-per4
1960:                ls$ec/s
1961:                rel$parentesco/filha/antonio fernandes/bpad23121714
1962: 
1963:       bap$b1714.86/23/12/1714/?/igreja de s. tiago
1964: 
1965: bap$b1714.86
1965:          n$luisa/f/id=b1714.86-per1
1966: 
1967:             pai$joao rodrigues/id=b1714.86-per1-per2
1968:                ls$residencia/sobral
1969:                ls$naturalidade/sobral
1970: 
1971:             mae$maria rodrigues/id=b1714.86-per1-per3
1972:                ls$naturalidade/sobral
1973: 
1974:             pad$manuel/id=b1714.86-per4
1975:                ls$ec/s
1976: 
1977:                ppad$antonio jorge/id=b1714.86-per5
1978:                   ls$residencia/sobral
1979: 
1980:             mad$domingas/id=b1714.86-per6
1981:                ls$ec/s
1982: 
1983:                pmad$joao rodrigues/id=b1714.86-per7
1984:                   ls$residencia/sobral
1985: 
1986:       bap$b1714.87/30/12/1714/?/igreja de s. tiago
1987: 
1988: bap$b1714.87
1988:          n$isabel/f/id=b1714.87-per1
1989: 
1990:             pai$simao domingues/id=b1714.87-per1-per2
1991:                ls$residencia/casconho
1992:                ls$naturalidade/casconho
1993: 
1994:             mae$isabel lopes/id=b1714.87-per1-per3
1995:                ls$naturalidade/casconho
1996: 
1997:             pad$manuel joao/id=b1714.87-per4
1998:                ls$residencia/casconho
1999: 
2000:             mad$maria/id=b1714.87-per5
2001:                ls$ec/s
2002: 
2003:                pmad$antonio domingues/id=b1714.87-per6
2004:                   ls$residencia/casconho
2005: *** End of File
Line 776 "SAME AS" TO EXTERNAL REFERENCE EXPORTED (c6-7-rod) CHECK IF IT EXISTS BEFORE IMPORTING THIS FILE.

Line 776 "SAME AS" TO EXTERNAL REFERENCE EXPORTED (c6-7-rod) CHECK IF IT EXISTS BEFORE IMPORTING THIS FILE.

** Processed file- /Users/jrc/mhk-home/sources/soure-fontes/sources/1685-1720/baptismos/b1714.cli
** Original file- /Users/jrc/mhk-home/sources/soure-fontes/sources/1685-1720/baptismos/b1714.org
** Previous version- /Users/jrc/mhk-home/sources/soure-fontes/sources/1685-1720/baptismos/b1714.old
** Temp file with ids- /Users/jrc/mhk-home/sources/soure-fontes/sources/1685-1720/baptismos/b1714.ids
** - /Users/jrc/mhk-home/sources/soure-fontes/sources/1685-1720/baptismos/b1714.cli-renamed to- /Users/jrc/mhk-home/sources/soure-fontes/sources/1685-1720/baptismos/b1714.old
** - /Users/jrc/mhk-home/sources/soure-fontes/sources/1685-1720/baptismos/b1714.ids-renamed to- /Users/jrc/mhk-home/sources/soure-fontes/sources/1685-1720/baptismos/b1714.cli
** Translation files closed.
0  errors. 
0  warnings.
Translation finished.
