KleioTranslator - server version 2019.A1 - build 256 07/05/2020 17:41 
29-6-2020 9-29

Processing data file b1719.cli
-------------------------------------------
Generic Act translation module with geoentities (XML).
     Joaquim Ramos de Carvalho (joaquim@uc.pt) 
** New document: kleio
=========================
kleio translation started
=========================
Structure: gacto.str
Prefix: 
Autorel: 
Translation count: 25
Obs: 
** Processing source fonte$baptismos 1719
6: bap$b1719.1
30: bap$b1719.2
50: bap$b1719.3
73: bap$b1719.4
100: bap$b1719.5
120: bap$b1719.6
141: bap$b1719.7
165: bap$b1719.8
185: bap$b1719.9
205: bap$b1719.10
225: bap$b1719.11
244: bap$b1719.12
262: bap$b1719.13
281: bap$b1719.14
301: bap$b1719.15
321: bap$b1719.16
338: bap$b1719.17
359: bap$b1719.18
379: bap$b1719.19
404: bap$b1719.20
426: bap$b1719.21
450: bap$b1719.22
469: bap$b1719.23
487: bap$b1719.24
509: bap$b1719.25
534: bap$b1719.26
555: bap$b1719.27
578: bap$b1719.28
595: bap$b1719.29
619: bap$b1719.30
639: bap$b1719.31
658: bap$b1719.32
677: bap$b1719.33
700: bap$b1719.34
725: bap$b1719.35
745: bap$b1719.36
770: bap$b1719.37
792: bap$b1719.38
812: bap$b1719.39
835: bap$b1719.40
854: bap$b1719.41
898: bap$b1719.42
917: bap$b1719.43
938: bap$b1719.44
963: bap$b1719.45
986: bap$b1719.46
1010: bap$b1719.47
1030: bap$b1719.48
1049: bap$b1719.49
1068: bap$b1719.50
1091: bap$b1719.51
1111: bap$b1719.52
1137: bap$b1719.53
1159: bap$b1719.54
1182: bap$b1719.55
1202: bap$b1719.56
1227: bap$b1719.57
1246: bap$b1719.58
1270: bap$b1719.59
1297: bap$b1719.60
1316: bap$b1719.61
1336: bap$b1719.62
1358: bap$b1719.63
1377: bap$b1719.64
1398: bap$b1719.65
1418: bap$b1719.66
1439: bap$b1719.67
1461: bap$b1719.68
1479: bap$b1719.69
1499: bap$b1719.70
1523: bap$b1719.71
1543: bap$b1719.72
1569: bap$b1719.73
1588: bap$b1719.74
1608: bap$b1719.75
1625: bap$b1719.76
1645: bap$b1719.77
1671: bap$b1719.78
1690: bap$b1719.79
1711: bap$b1719.80
1731: bap$b1719.81
1754: bap$b1719.82
1772: bap$b1719.83
1791: bap$b1719.84
1814: bap$b1719.85
1834: bap$b1719.86
1856: bap$b1719.87
1878: bap$b1719.88
1896: bap$b1719.89
1916: bap$b1719.90
1935: bap$b1719.91
1959: bap$b1719.92
1976: bap$b1719.93
2000: bap$b1719.94
2020: bap$b1719.95
2046: bap$b1719.96
2069: bap$b1719.97
2094: bap$b1719.98
2115: bap$b1719.99
2134: bap$b1719.100
2154: bap$b1719.101
2175: bap$b1719.102
2195: bap$b1719.103
2217: bap$b1719.104
2237: bap$b1719.105
2260: bap$b1719.106
2277: bap$b1719.107
2298: bap$b1719.108
2317: bap$b1719.109
2341: bap$b1719.110
2362: bap$b1719.111
2381: bap$b1719.112
2401: bap$b1719.113
2418: bap$b1719.114
2446: bap$b1719.115
*** End of File

WARNING: b1719.cli line 565  "SAME AS" TO EXTERNAL REFERENCE EXPORTED (c6-7-rod) CHECK IF IT EXISTS BEFORE IMPORTING THIS FILE.
Near lines: 565 Near line: 566 

WARNING: b1719.cli line 566  "SAME AS" TO EXTERNAL REFERENCE EXPORTED (c6-7-josa) CHECK IF IT EXISTS BEFORE IMPORTING THIS FILE.
Near lines: 566 Near line: 567 

WARNING: b1719.cli line 947  "SAME AS" TO EXTERNAL REFERENCE EXPORTED (c6-7-rod) CHECK IF IT EXISTS BEFORE IMPORTING THIS FILE.
Near lines: 947 Near line: 948 

WARNING: b1719.cli line 1147  "SAME AS" TO EXTERNAL REFERENCE EXPORTED (c6-7-rod) CHECK IF IT EXISTS BEFORE IMPORTING THIS FILE.
Near lines: 1147 Near line: 1148 

WARNING: b1719.cli line 2327  "SAME AS" TO EXTERNAL REFERENCE EXPORTED (c6-7-rod) CHECK IF IT EXISTS BEFORE IMPORTING THIS FILE.
Near lines: 2327 Near line: 2328 
** Processed file- /kleio-home/sources/soure-fontes/sources/1685-1720/baptismos/b1719.cli
** Original file- /kleio-home/sources/soure-fontes/sources/1685-1720/baptismos/b1719.org
** Previous version- /kleio-home/sources/soure-fontes/sources/1685-1720/baptismos/b1719.old
** Temp file with ids- /kleio-home/sources/soure-fontes/sources/1685-1720/baptismos/b1719.ids
** - /kleio-home/sources/soure-fontes/sources/1685-1720/baptismos/b1719.cli-renamed to- /kleio-home/sources/soure-fontes/sources/1685-1720/baptismos/b1719.old
** - /kleio-home/sources/soure-fontes/sources/1685-1720/baptismos/b1719.ids-renamed to- /kleio-home/sources/soure-fontes/sources/1685-1720/baptismos/b1719.cli
** Translation files closed.
0  errors. 
5  warnings.
Translation finished.
