KleioTranslator - server version 2019.A1 - build 256 07/05/2020 17:41 
9-5-2020 16-0

Processing data file b1710.cli
-------------------------------------------
Generic Act translation module with geoentities (XML).
     Joaquim Ramos de Carvalho (joaquim@uc.pt) 
** New document: kleio
=========================
kleio translation started
=========================
Structure: gacto.str
Prefix: 
Autorel: 
Translation count: 24
Obs: 
** Processing source fonte$baptismos 1710
6: bap$b1710.1
20: bap$b1710.2
42: bap$b1710.3
62: bap$b1710.4
77: bap$b1710.5
96: bap$b1710.6
113: bap$b1710.7
130: bap$b1710.8
146: bap$b1710.9
164: bap$b1710.10
181: bap$b1710.11
199: bap$b1710.12
219: bap$b1710.13
238: bap$b1710.14
256: bap$b1710.15
272: bap$b1710.16
291: bap$b1710.17
313: bap$b1710.18
330: bap$b1710.19
348: bap$b1710.20
367: bap$b1710.21
384: bap$b1710.22
401: bap$b1710.23
419: bap$b1710.24
439: bap$b1710.25
463: bap$b1710.26
485: bap$b1710.27
504: bap$b1710.28
522: bap$b1710.29
540: bap$b1710.30
556: bap$b1710.31
574: bap$b1710.32
592: bap$b1710.33
611: bap$b1710.34
631: bap$b1710.35
649: bap$b1710.36
667: bap$b1710.37
685: bap$b1710.38
698: bap$b1710.39
715: bap$b1710.40
733: bap$b1710.41
752: bap$b1710.42
769: bap$b1710.43
784: bap$b1710.44
801: bap$b1710.45
819: bap$b1710.46
839: bap$b1710.47
856: bap$b1710.48
875: bap$b1710.49
889: bap$b1710.50
904: bap$b1710.51
922: bap$b1710.52
936: bap$b1710.53
957: bap$b1710.54
974: bap$b1710.55
991: bap$b1710.56
1007: bap$b1710.57
1028: bap$b1710.58
1048: bap$b1710.59
1069: bap$b1710.60
1087: bap$b1710.61
1113: bap$b1710.62
1130: bap$b1710.63
1147: bap$b1710.64
1163: bap$b1710.65
1186: bap$b1710.66
1202: bap$b1710.67
1222: bap$b1710.68
1238: bap$b1710.69
1256: bap$b1710.70
1274: bap$b1710.71
1300: bap$b1710.72
1316: bap$b1710.73
1339: bap$b1710.74
1357: bap$b1710.75
1375: bap$b1710.76
1392: bap$b1710.77
1412: bap$b1710.78
1430: bap$b1710.79
1447: bap$b1710.80
1469: bap$b1710.81
1491: bap$b1710.82
1506: bap$b1710.83
1524: bap$b1710.84
1542: bap$b1710.85
1559: bap$b1710.86
1582: bap$b1710.87
1603: bap$b1710.88
1624: bap$b1710.89
1646: bap$b1710.90
1664: bap$b1710.91
1682: bap$b1710.92
1698: bap$b1710.93
1721: bap$b1710.94
1736: bap$b1710.95
1758: bap$b1710.96
1779: bap$b1710.97
1799: bap$b1710.98
1815: bap$b1710.99
1833: bap$b1710.100
1853: bap$b1710.101
1868: bap$b1710.102
1883: bap$b1710.103
1900: bap$b1710.104
1917: bap$b1710.105
1935: bap$b1710.106
*** End of File
** Processed file- /kleio-home/sources/soure-fontes/sources/1685-1720/baptismos/b1710.cli
** Original file- /kleio-home/sources/soure-fontes/sources/1685-1720/baptismos/b1710.org
** Previous version- /kleio-home/sources/soure-fontes/sources/1685-1720/baptismos/b1710.old
** Temp file with ids- /kleio-home/sources/soure-fontes/sources/1685-1720/baptismos/b1710.ids
** - /kleio-home/sources/soure-fontes/sources/1685-1720/baptismos/b1710.cli-renamed to- /kleio-home/sources/soure-fontes/sources/1685-1720/baptismos/b1710.old
** - /kleio-home/sources/soure-fontes/sources/1685-1720/baptismos/b1710.ids-renamed to- /kleio-home/sources/soure-fontes/sources/1685-1720/baptismos/b1710.cli
** Translation files closed.
0  errors. 
0  warnings.
Translation finished.
