KleioTranslator - server version @@VERSION@@ - build @@BUILD@@ @@DATE@@
9-5-2020 21-16

Processing data file b1716.cli
-------------------------------------------
Generic Act translation module with geoentities (XML).
     Joaquim Ramos de Carvalho (joaquim@uc.pt) 
** New document: kleio
1: kleio$gacto.str/translations=33
=========================
kleio translation started
=========================
Structure: gacto.str
Prefix: 
Autorel: 
Translation count: 33
Obs: 
2:    fonte$baptismos 1716/tipo=reg paroquiais/localizacao=fol.430/data=17160000
3: 
** Processing source fonte$baptismos 1716
4:       bap$b1716.1/5/1/1716/?/igreja de s. tiago
5: 
6: bap$b1716.1
6:          n$jeronimo/m/id=b1716.1-per1
7:             ls$enjeitado/sim#se achou nos casais do espirito santo com um escrito de letra desconhecida que dizia que vinha baptizado E o cria por ordem da camara a mulher de domingos joao o hospitaleiro
8: 
9:             pad$mateus cordeiro/id=b1716.1-per2
10:                ls$cargo/tesoureiro da igreja
11: 
12:             mad$teresa nunes/id=b1716.1-per3
13:                ls$ec/s
14:                ls$residencia/soure
15: 
16:       bap$b1716.2/7/1/1716/?/igreja de s. tiago/obs=baptizado em necessidade pela madrinha
17: 
18: bap$b1716.2
18:          n$maria/f/id=b1716.2-per1
19: 
20:             pai$francisco de oliveira/id=b1716.2-per1-per2
21:                ls$residencia/casal de pedro afonso
22:                ls$naturalidade/casal de cabeca carvalha, freguesia de vinha da rainha
23: 
24:             mae$domingas francisca/id=b1716.2-per1-per3
25:                ls$naturalidade/casal de pedro afonso
26: 
27:             pad$manuel rodrigues serrao/id=b1716.2-per4
28:                ls$residencia/soure
29: 
30:             mad$esperanca rodrigues/id=b1716.2-per5
31:                ls$residencia/soure
32: 
33:       bap$b1716.3/9/1/1716/?/igreja de s. tiago
34: 
35: bap$b1716.3
35:          n$manuel/m/id=b1716.3-per1
36: 
37:             pai$francisco de santiago fonseca e carvalho/id=b1716.3-per1-per2
38:                ls$residencia/soure
39:                ls$titulo/licenciado
40:                ls$naturalidade/evora, freguesia de santo antao
41:                ls$profissao/medico
42: 
43:             mae$antonia caetana maria/id=b1716.3-per1-per3
44:                ls$naturalidade/evora, freguesia de santo antao
45: 
46:             pad$domingos goncalves galhardo/id=b1716.3-per4
47:                ls$titulo/licenciado
48: 
49:             mad$luisa teresa de jesus/id=b1716.3-per5
50:                ls$ec/s
51:                ls$titulo/dona
52: 
53:                pmad$manuel simoes da cruz/id=b1716.3-per6
54:                   ls$cargo/juiz de fora de soure
55:                   ls$titulo/doutor
56: 
57:       bap$b1716.4/12/1/1716/?/igreja de s. tiago
58: 
59: bap$b1716.4
59:          n$ana/f/id=b1716.4-per1
60: 
61:             pai$manuel joao/id=b1716.4-per1-per2
62:                ls$residencia/casconho
63:                ls$naturalidade/casconho
64: 
65:             mae$filipa joao/id=b1716.4-per1-per3
66:                ls$naturalidade/quinta de porto coelheiro
67: 
68:             pad$manuel/id=b1716.4-per4
69:                ls$ec/s
70: 
71:                ppad$bento martins/id=b1716.4-per5
72:                   ls$residencia/quinta de porto coelheiro
73: 
74:             mad$ana/id=b1716.4-per6
75:                ls$ec/s
76: 
77:                pmad$pedro francisco/id=b1716.4-per7
78:                   ls$residencia/casconho
79: 
80:       bap$b1716.5/12/1/1716/?/igreja de s. tiago
81: 
82: bap$b1716.5
82:          n$maria/f/id=b1716.5-per1
83: 
84:             pai$jose carvalho/id=b1716.5-per1-per2
85:                ls$residencia/soure
86:                ls$naturalidade/barrosos
87: 
88:             mae$francisca goncalves/id=b1716.5-per1-per3
89:                ls$naturalidade/soure
90: 
91:             pad$manuel goncalves/id=b1716.5-per4
92:                ls$alcunha/moco
93: 
94:             mad$maria goncalves/id=b1716.5-per5
95: 
96:                mrmad$mateus carvalho/id=b1716.5-per6
97:                   ls$residencia/mogadouro
98: 
99:       bap$b1716.6/19/1/1716/?/igreja de s. tiago
100: 
101: bap$b1716.6
101:          n$maria/f/id=b1716.6-per1
102: 
103:             pai$antonio rodrigues/id=b1716.6-per1-per2
104:                ls$residencia/casal dos bechos
105:                ls$naturalidade/casal da quinta da telhada
106: 
107:             mae$leonor rodrigues/id=b1716.6-per1-per3
108:                ls$naturalidade/eureca
109: 
110:             pad$francisco/id=b1716.6-per4
111:                ls$ec/s
112: 
113:                mpad$isabel da silva/id=b1716.6-per5
114:                   ls$nome/isabel
115:                   ls$titulo/dona
116:                   ls$ec/v
117:                   ls$residencia/quinta da telhada
118: 
119:             mad$isabel da silva/mesmo_que=b1716.6-per5/id=b1716.6-per1-per1-2
120: 
121:             referido$tomas/id=br1901716
122:                ls$ec/s
123:                rel$parentesco/filho/isabel da silva/c6-7-isa
124:                rel$sociabilidade/procurador em baptismo/isabel da silva/c6-7-isa
125: 
126:       bap$b1716.7/25/1/1716/?/igreja de s. tiago
127: 
128: bap$b1716.7
128:          n$jose/m/id=b1716.7-per1
129: 
130:             pai$antonio marques/id=b1716.7-per1-per2
131:                ls$residencia/soure
132:                ls$naturalidade/formoselha, freguesia de
133: 
134:             mae$mariana da costa/id=b1716.7-per1-per3
135:                ls$naturalidade/tentugal
136: 
137:             pad$jose da costa/id=bpad25011716
138:                ls$residencia/soure
139: 
140:             mad$leonarda teixeira/id=b1716.7-per4
141: 
142:                mrmad$jose da costa/mesmo_que=bpad25011716/id=b1716.7-per5
143: 
144:       bap$b1716.8/27/1/1716/?/igreja de s. tiago
145: 
146: bap$b1716.8
146:          n$francisco/m/id=b1716.8-per1
147: 
148:             pai$jose marques/id=b1716.8-per1-per2
149:                ls$residencia/soure
150:                ls$naturalidade/soure
151: 
152:             mae$maria dos ramos/id=b1716.8-per1-per3
153:                ls$naturalidade/soure
154: 
155:             pad$sebastiao machado da costa/id=b1716.8-per4
156: 
157:             mad$angela maria/id=b1716.8-per5
158:                ls$nome/angela maria
159: 
160:       bap$b1716.9/2/2/1716/?/igreja de s. tiago
161: 
162: bap$b1716.9
162:          n$ana maria/f/id=b1716.9-per1
163: 
164:             pai$manuel rodrigues/id=b1716.9-per1-per2
165:                ls$residencia/casais da misericordia
166:                ls$naturalidade/casais da misericordia
167: 
168:             mae$catarina de oliveira/id=b1716.9-per1-per3
169:                ls$naturalidade/bonitos
170: 
171:             pad$manuel/id=b1716.9-per4
172:                ls$ec/s
173: 
174:                ppad$manuel domingues/id=b1716.9-per5
175:                   ls$residencia/casais da misericordia
176: 
177:             mad$ana/id=b1716.9-per6
178:                ls$ec/s
179: 
180:                pmad$antonio domingues/id=b1716.9-per7
181:                   ls$residencia/casais da misericordia
182: 
183:       bap$b1716.10/2/2/1716/?/igreja de s. tiago
184: 
185: bap$b1716.10
185:          n$manuel/m/id=bn02021716
186: 
187:             pai$manuel pedroso/id=bn02021716-per1
188:                ls$residencia/casais dos louzoes
189:                ls$naturalidade/casais dos louzoes
190: 
191:             mae$agueda gomes/id=bn02021716-per2
192:                ls$naturalidade/vinha da rainha, freguesia de vinha da rainha
193: 
194:             pad$caetano de jesus/id=bpad02021716
195:                ls$profissao/padre
196:                ls$ordem/s.joao evangelista de coimbra
197: 
198:             mad$teresa da silva/id=b1716.10-per3
199:                ls$ec/s
200: 
201:                pmad$joao goncalves/id=b1716.10-per4
202:                   ls$residencia/vinha da rainha, freguesia da rainha
203:                   ls$freguesia/vinha da rainha
204: 
205:             referida$antonia cordeiro/id=br02021716
206:                rel$parentesco/mulher/manuel duarte/br02021716b
207:                rel$sociabilidade/baptizou em necessidade/manuel/bn02021716
208: 
209:             referido$manuel duarte/id=br02021716b
210:                ls$residencia/casais dos louzoes
211: 
212:             referido$domingos cordeiro/id=br02021716c
213:                ls$residencia/casais dos louzoes
214:                rel$sociabilidade/procurador em baptismo/caetano de jesus/bpad02021716
215: 
216:       bap$b1716.11/2/2/1716/?/igreja de s. tiago
217: 
218: bap$b1716.11
218:          n$antonio/m/id=b1716.11-per1
219: 
220:             pai$antonio alvares ribeiro/id=b1716.11-per1-per2
221:                ls$residencia/soure
222:                ls$naturalidade/farreira?, freguesia de pucos
223: 
224:             mae$maria dos santos/id=b1716.11-per1-per3
225:                ls$naturalidade/soure
226: 
227:             pad$antonio dos santos/id=b1716.11-per4
228:                ls$profissao/cirurgiao
229:                ls$residencia/soure
230: 
231:             mad$antonia gomes/id=b1716.11-per5
232:                ls$ec/s
233:                ls$residencia/soure
234: 
235:       bap$b1716.12/9/2/1716/?/igreja de s. tiago
236: 
237: bap$b1716.12
237:          n$manuel/m/id=b1716.12-per1
238: 
239:             pai$tome dias/id=b1716.12-per1-per2
240:                ls$residencia/bonitos
241:                ls$naturalidade/casais da misericordia
242: 
243:             mae$maria de oliveira/id=b1716.12-per1-per3
244:                ls$naturalidade/bonitos
245: 
246:             pad$manuel lourenco/id=b1716.12-per4
247:                ls$residencia/bonitos
248: 
249:             mad$domingas de oliveira/id=b1716.12-per5
250:                ls$residencia/bonitos
251:                ls$ec/v
252: 
253:       bap$b1716.13/9/2/1716/?/igreja de s. tiago
254: 
255: bap$b1716.13
255:          n$francisca/f/id=b1716.13-per1
256: 
257:             pai$francisco goncalves/id=b1716.13-per1-per2
258:                ls$residencia/casal do melrical
259:                ls$naturalidade/casal do melrical
260: 
261:             mae$maria ferreira/id=b1716.13-per1-per3
262:                ls$naturalidade/fatacos
263: 
264:             pad$joao goncalves/id=b1716.13-per4
265:                ls$profissao/padre
266:                ls$residencia/fatacos
267: 
268:             mad$maria/id=b1716.13-per5
269:                ls$ec/s
270: 
271:                pmad$jose carvalho/id=b1716.13-per6
272:                   ls$residencia/brancas
273: 
274:       bap$b1716.14/9/2/1716/?/igreja de s. tiago
275: 
276: bap$b1716.14
276:          n$francisca/f/id=b1716.14-per1
277:             ls$enjeitado/sim#se achou na casa velha desta freguesia e a esta criando por ordem da camara maria gomes, mulher de manuel simoes o conde de soure. E trazia um escrito pelo qual constava ter sido baptizado.
278: 
279:             pad$jose/id=b1716.14-per2
280: 
281:                ppad$manuel rodrigues serrao/id=b1716.14-per3
282:                   ls$residencia/soure
283: 
284:             mad$maria pereira/id=b1716.14-per4
285:                ls$ec/s
286:                ls$residencia/soure
287: 
288:       bap$b1716.15/16/2/1716/?/igreja de s. tiago
289: 
290: bap$b1716.15
290:          n$joao/m/id=b1716.15-per1
291: 
292:             pai$joao domingues/id=b1716.15-per1-per2
293:                ls$residencia/casconho
294:                ls$naturalidade/casconho
295: 
296:             mae$maria martins/id=b1716.15-per1-per3
297:                ls$naturalidade/porto coelheiro
298: 
299:             pad$manuel joao/id=b1716.15-per4
300:                ls$residencia/casconho
301: 
302:             mad$maria/id=b1716.15-per5
303:                ls$ec/s
304: 
305:                pmad$pedro francisco/id=b1716.15-per6
306:                   ls$residencia/casconho
307: 
308:       bap$b1716.16/16/2/1716/?/igreja de s. tiago
309: 
310: bap$b1716.16
310:          n$teresa/f/id=b1716.16-per1
311: 
312:             pai$joao rodrigues/id=b1716.16-per1-per2
313:                ls$residencia/paleao
314:                ls$naturalidade/moinhos da figueirinha, freguesia da redinha
315: 
316:             mae$ascensa carvalho/id=b1716.16-per1-per3
317:                ls$naturalidade/rodao, freguesia de condeixa-a-nova
318: 
319:             pad$manuel simoes/id=bpad16021716
320:                ls$residencia/paleao
321: 
322:             mad$teresa/id=b1716.16-per4
323:                ls$ec/s
324:                rel$parentesco/filha/manuel simoes/bpad16021716
325: 
326:       bap$b1716.17/22/2/1716/?/igreja de s. tiago
327: 
328: bap$b1716.17
328:          n$joao/m/id=b1716.17-per1
329:             ls$ilegitimo/sim
330: 
331:             mae$teresa francisca/id=b1716.17-per1-per2
332:                ls$ec/s
333:                ls$residencia/soure
334: 
335:             pad$joao henriques cavaco/id=b1716.17-per3
336:                ls$residencia/soure
337: 
338:             mad$catarina galvao/id=b1716.17-per4
339: 
340:                mrmad$andre goncalves/id=b1716.17-per5
341:                   ls$residencia/soure
342: 
343:       bap$b1716.18/23/2/1716/?/igreja de s. tiago
344: 
345: bap$b1716.18
345:          n$maria/f/id=bn23021716
346: 
347:             pai$jose jorge soeiro/id=bn23021716-per1
348:                ls$residencia/casa velha
349:                ls$naturalidade/casa velha
350: 
351:             mae$maria rodrigues/id=bn23021716-per2
352:                ls$naturalidade/casal da venda
353: 
354:             pad$sebastiao goncalves/id=b1716.18-per3
355:                ls$residencia/soure
356: 
357:             mad$maria jorge/id=b1716.18-per4
358:                ls$ec/s
359:                ls$residencia/casa velha
360: 
361:             referido$domingos da costa/id=br23021716
362:                ls$residencia/casa velha
363:                rel$sociabilidade/baptizou em necessidade/maria/bn23021716
364: 
365:       bap$b1716.19/1/3/1716/?/igreja de s. tiago
366: 
367: bap$b1716.19
367:          n$joao/m/id=b1716.19-per1
368: 
369:             pai$antonio joao/id=b1716.19-per1-per2
370:                ls$residencia/casconho
371:                ls$naturalidade/casconho
372: 
373:             mae$maria joao/id=b1716.19-per1-per3
374:                ls$naturalidade/casconho
375: 
376:             pad$manuel/id=b1716.19-per4
377:                ls$ec/s
378: 
379:                ppad$domingos simoes/id=b1716.19-per5
380:                   ls$residencia/figueirinha, freguesia da redinha
381:                   ls$freguesia/redinha
382: 
383:             mad$maria/id=b1716.19-per6
384:                ls$ec/s
385: 
386:                pmad$pedro francisco/id=b1716.19-per7
387:                   ls$residencia/casconho
388: 
389:       bap$b1716.20/8/3/1716/?/igreja de s. tiago
390: 
391: bap$b1716.20
391:          n$maria/f/id=b1716.20-per1
392: 
393:             pai$jose luis/id=b1716.20-per1-per2
394:                ls$residencia/casa velha
395:                ls$naturalidade/casa velha
396: 
397:             mae$ines da conceicao/id=b1716.20-per1-per3
398:                ls$naturalidade/casa velha
399: 
400:             pad$domingos rodrigues cardeal/id=b1716.20-per4
401:                ls$residencia/casa velha
402: 
403:             mad$maria luis/id=b1716.20-per5
404:                ls$ec/s
405: 
406:                pmad$manuel luis/id=b1716.20-per6
407:                   ls$residencia/casa velha
408: 
409:       bap$b1716.21/9/3/1716/?/igreja de s. tiago
410: 
411: bap$b1716.21
411:          n$domingos/m/id=b1716.21-per1
412: 
413:             pai$manuel luis/id=b1716.21-per1-per2
414:                ls$residencia/casconho
415:                ls$naturalidade/casconho
416: 
417:             mae$maria domingues/id=b1716.21-per1-per3
418:                ls$residencia/casconho
419: 
420:             pad$manuel/id=b1716.21-per4
421:                ls$ec/s
422: 
423:                ppad$domingos simoes/id=b1716.21-per5
424:                   ls$residencia/moinhos da figueirinha, freguesia da redinha
425:                   ls$freguesia/redinha
426: 
427:             mad$maria/id=b1716.21-per6
428:                ls$ec/s
429: 
430:                pmad$antonio domingues/id=b1716.21-per7
431:                   ls$residencia/casconho
432: 
433:       bap$b1716.22/14/3/1716/?/igreja de s. tiago
434: 
435: bap$b1716.22
435:          n$mariana/f/id=b1716.22-per1
436: 
437:             pai$miguel rodrigues/id=b1716.22-per1-per2
438:                ls$residencia/sobral
439:                ls$naturalidade/sobral
440: 
441:             mae$maria domingues/id=b1716.22-per1-per3
442:                ls$naturalidade/sobral
443: 
444:             pad$joao rodrigues/id=b1716.22-per4
445:                ls$residencia/sobral
446: 
447:             mad$maria/id=b1716.22-per5
448:                ls$ec/s
449: 
450:                pmad$manuel jorge/id=b1716.22-per6
451:                   ls$residencia/sobral
452: 
453:       bap$b1716.23/15/3/1716/?/igreja de s. tiago
454: 
455: bap$b1716.23
455:          n$antonia/f/id=b1716.23-per1
456: 
457:             pai$antonio lopes/id=b1716.23-per1-per2
458:                ls$residencia/simoes
459:                ls$naturalidade/simoes
460: 
461:             mae$ana ferreira/id=b1716.23-per1-per3
462:                ls$residencia/simoes
463: 
464:             pad$paulo pereira/id=b1716.23-per4
465:                ls$residencia/galiana, freguesia da redinha
466:                ls$freguesia/redinha
467: 
468:             mad$antonia/id=b1716.23-per5
469:                ls$residencia/galiana, freguesia da redinha
470:                ls$freguesia/redinha
471: 
472:                pmad$joao goncalves/id=b1716.23-per6
473: 
474:       bap$b1716.24/15/3/1716/?/igreja de s. tiago
475: 
476: bap$b1716.24
476:          n$joao/m/id=b1716.24-per1
477: 
478:             pai$antonio ribeiro/id=b1716.24-per1-per2
479:                ls$residencia/soure
480:                ls$naturalidade/soure
481: 
482:             mae$jacinta da conceicao/id=b1716.24-per1-per3
483:                ls$naturalidade/soure
484: 
485:             pad$joao henriques cavaco/id=b1716.24-per4
486:                ls$residencia/soure
487: 
488:             mad$luisa silveira/id=b1716.24-per5
489:                ls$residencia/soure
490: 
491:       bap$b1716.25/19/3/1716/?/igreja de s. tiago
492: 
493: bap$b1716.25
493:          n$manuel/m/id=b1716.25-per1
494: 
495:             pai$joao alvares/id=b1716.25-per1-per2
496:                ls$residencia/carvalheira de cima
497:                ls$naturalidade/pombalinho, freguesia de pombalinho
498: 
499:             mae$catarina joao/id=b1716.25-per1-per3
500:                ls$naturalidade/carvalheira de cima
501: 
502:             pad$manuel/id=b1716.25-per4
503:                ls$ec/s
504: 
505:                ppad$bento martins/id=b1716.25-per5
506:                   ls$residencia/quinta de porto coelheiro%quinta
507: 
508:             mad$maria/id=b1716.25-per6
509:                ls$ec/s
510: 
511:                pmad$manuel rodrigues falcao/id=b1716.25-per7
512:                   ls$residencia/porto coelheiro
513: 
514:       bap$b1716.26/29/3/1716/?/igreja de s. tiago
515: 
516: bap$b1716.26
516:          n$joao/m/id=b1716.26-per1
517: 
518:             pai$domingos da costa/id=b1716.26-per1-per2
519:                ls$residencia/casa velha
520:                ls$naturalidade/redinha, freguesia da redinha
521: 
522:             mae$francisca jorge/id=b1716.26-per1-per3
523:                ls$naturalidade/casa velha
524: 
525:             pad$manuel rodrigues/id=b1716.26-per4
526:                ls$profissao/alfaiate
527:                ls$residencia/casa velha
528: 
529:             mad$maria/id=b1716.26-per5
530:                ls$ec/s
531: 
532:                pmad$joao rodrigues monteiro/id=b1716.26-per6
533:                   ls$residencia/casa velha
534: 
535:       bap$b1716.27/25/3/1716/?/igreja de s. tiago/obs=data sic
536: 
537: bap$b1716.27
537:          n$maria/f/id=b1716.27-per1
538: 
539:             pai$gregorio de oliveira/id=b1716.27-per1-per2
540:                ls$residencia/moinhos novos
541:                ls$naturalidade/condeixa-a-velha, freguesia de condeixa-a-velha
542: 
543:             mae$antonia da conceicao/id=b1716.27-per1-per3
544:                ls$naturalidade/paleao
545: 
546:             pad$jose pinto/id=b1716.27-per4
547: 
548:             mad$maria antunes/id=b1716.27-per5
549: 
550:                mrmad$luis gomes/id=b1716.27-per6
551:                   ls$residencia/condeixa-a-nova
552: 
553:       bap$b1716.28/5/4/1716/?/igreja de s. tiago
554: 
555: bap$b1716.28
555:          n$antonio/m/id=b1716.28-per1
556: 
557:             pai$manuel da costa/id=b1716.28-per1-per2
558:                ls$residencia/casa velha
559:                ls$naturalidade/carregosa, freguesia da gesteira
560: 
561:             mae$antonia francisca/id=b1716.28-per1-per3
562:                ls$naturalidade/casa velha
563: 
564:             pad$manuel/id=b1716.28-per4
565:                ls$ec/s
566: 
567:                mpad$maria da costa/id=bmpad05041716
568:                   ls$residencia/casa velha
569:                   ls$ec/v
570: 
571:             mad$leogarda/id=b1716.28-per5
572:                rel$parentesco/filha/maria da costa/bmpad05041716
573: 
574:       bap$b1716.28b/6/4/1716/?/igreja de s. tiago
575: 
576: bap$b1716.28b
576:          n$joao/m/id=b1716.28b-per1
577: 
578:             pai$joao ramos/id=b1716.28b-per1-per2
579:                ls$residencia/casal de alencarce
580:                ls$naturalidade/cascao
581: 
582:             mae$maria joao/id=b1716.28b-per1-per3
583:                ls$naturalidade/casal de alencarce
584: 
585:             pad$manuel martins/id=bpad061716
586:                ls$residencia/cascao
587: 
588:             mad$margarida/id=b1716.28b-per4
589:                ls$ec/s
590:                ls$residencia/cascao
591:                rel$parentesco/irma/manuel martins/bpad061716
592: 
593:       bap$b1716.28c/6/4/1716/?/igreja de s. tiago
594: 
595: bap$b1716.28c
595:          n$antonio/m/id=b1716.28c-per1
596: 
597:             pai$jose rodrigues/id=b1716.28c-per1-per2
598:                ls$residencia/casais de s.mateus
599:                ls$naturalidade/casais de s.mateus
600: 
601:             mae$josefa rodrigues/id=b1716.28c-per1-per3
602:                ls$naturalidade/eureca
603: 
604:             pad$antonio das chagas/id=b1716.28c-per4
605:                ls$titulo/frei
606:                ls$ordem/religioso de santo agostinho
607:                ls$profissao/padre
608:                ls$residencia/soure
609:                ls$naturalidade/soure
610: 
611:             mad$maria da ressureicao/id=b1716.28c-per5
612:                ls$residencia/soure
613: 
614:       bap$b1716.29/12/4/1716/?/igreja de s. tiago
615: 
616: bap$b1716.29
616:          n$alexandra/f/id=b1716.29-per1
617: 
618:             pai$alexandre gomes/id=b1716.29-per1-per2
619:                ls$residencia/paleao
620:                ls$naturalidade/paleao
621: 
622:             mae$ana esteves/id=b1716.29-per1-per3
623:                ls$naturalidade/paleao
624: 
625:             pad$jose gaspar/id=b1716.29-per4
626:                ls$ec/s
627:                ls$residencia/paleao
628: 
629:             mad$caetana/id=b1716.29-per5
630:                ls$ec/s
631: 
632:                pmad$francisco rodrigues gante/id=b1716.29-per6
633:                   ls$residencia/paleao
634: 
635:       bap$b1716.30/15/4/1716/?/igreja de s. tiago
636: 
637: bap$b1716.30
637:          n$esperanca/f/id=b1716.30-per1
638: 
639:             pai$antonio goncalves/id=b1716.30-per1-per2
640:                ls$residencia/casal da quinta da cruz
641:                ls$naturalidade/corcozes
642: 
643:             mae$antonia cardoso/id=b1716.30-per1-per3
644:                ls$naturalidade/casal do corujeira
645: 
646:             pad$placido/id=b1716.30-per4
647:                ls$ec/s
648: 
649:                ppad$manuel soares coelho/id=b1716.30-per5
650: 
651:             mad$esperanca/id=b1716.30-per6
652:                ls$ec/s
653: 
654:                pmad$simao luis/id=b1716.30-per7
655:                   ls$residencia/casais de s.mateus
656: 
657:       bap$b1716.31/19/4/1716/?/igreja de s. tiago
658: 
659: bap$b1716.31
659:          n$joana/f/id=b1716.31-per1
660: 
661:             pai$mateus rodrigues/id=b1716.31-per1-per2
662:                ls$residencia/pinheiro
663:                ls$naturalidade/belide, freguesia belide
664: 
665:             mae$josefa simoes/id=b1716.31-per1-per3
666:                ls$naturalidade/pinheira
667: 
668:             pad$joao rodrigues/id=b1716.31-per4
669:                ls$residencia/figueiro do campo, freguesia do figueiro do campo
670:                ls$freguesia/figueiro do campo
671: 
672:             mad$isabel gaspar/id=b1716.31-per5
673: 
674:                mrmad$joao goncalves/id=b1716.31-per6
675:                   ls$residencia/pinheiro
676: 
677:       bap$b1716.32/19/4/1716/?/igreja de s. tiago
678: 
679: bap$b1716.32
679:          n$luisa/f/id=b1716.32-per1
680: 
681:             pai$manuel duarte/id=b1716.32-per1-per2
682:                ls$residencia/casal do migalho
683:                ls$naturalidade/almagreira, freguesia da almagreira
684: 
685:             mae$catarina cordeiro/id=b1716.32-per1-per3
686:                ls$naturalidade/casal do migalho
687: 
688:             pad$joao francisco/id=b1716.32-per4
689:                ls$residencia/piquete, freguesia da gesteira
690: 
691:             mad$isabel dos santos/id=b1716.32-per5
692: 
693:                mrmad$domingos cordeiro/id=b1716.32-per6
694:                   ls$residencia/casal do migalho
695: 
696:       bap$b1716.33/19/4/1716/?/igreja de s. tiago
697: 
698: bap$b1716.33
698:          n$joao/m/id=b1716.33-per1
699: 
700:             pai$joao simoes/id=b1716.33-per1-per2
701:                ls$residencia/vale da borra
702:                ls$naturalidade/vale da borra
703: 
704:             mae$antonia da costa/id=b1716.33-per1-per3
705:                ls$residencia/casa velha
706: 
707:             pad$joao alvares/id=bpad19041716
708:                ls$residencia/casa velha
709: 
710:             mad$maria/id=b1716.33-per4
711:                ls$ec/s
712:                rel$parentesco/filha/joao alvares/bpad19041716
713: 
714:       bap$b1716.34/26/4/1716/?/igreja de s. tiago
715: 
716: bap$b1716.34
716:          n$jacinta/f/id=b1716.34-per1
717: 
718:             pai$sebastiao marques/id=b1716.34-per1-per2
719:                ls$residencia/casal do rei
720:                ls$naturalidade/s.martinho de arvore, freguesia de s.martinho de arvore
721: 
722:             mae$maria ferreira/id=b1716.34-per1-per3
723:                ls$naturalidade/fatacos
724: 
725:             pad$manuel/id=b1716.34-per4
726:                ls$ec/s
727: 
728:                ppad$manuel ferreira/id=b1716.34-per5
729:                   ls$residencia/fatacos
730: 
731:             mad$jacinta da rosa/id=bmad26041716
732:                ls$ec/v
733:                ls$residencia/casal do rei
734: 
735:             referida$maria rodrigues/id=br26041716
736:                rel$parentesco/mulher/joao ferreira/br26041716b
737:                rel$sociabilidade/procurador em baptismo/jacinta da rosa/bmad26041716
738: 
739:             referido$joao ferreira/id=br26041716b
740:                ls$residencia/casal do rei
741: 
742:       bap$b1716.35/26/4/1716/?/igreja de s. tiago
743: 
744: bap$b1716.35
744:          n$helena/f/id=b1716.35-per1
745: 
746:             pai$manuel rodrigues/id=b1716.35-per1-per2
747:                ls$residencia/casal da pencarpia
748:                ls$naturalidade/casal da pencarpia
749: 
750:             mae$antonia goncalves/id=b1716.35-per1-per3
751:                ls$naturalidade/casal da corujeira
752: 
753:             pad$rodrigo homem de quadros/id=b1716.35-per4
754: 
755:             mad$helena cardoso/id=b1716.35-per5
756: 
757:                mrmad$alberto ferreira/id=b1716.35-per6
758:                   ls$residencia/soure
759: 
760:       bap$b1716.36/27/4/1716/?/igreja de s. tiago
761: 
762: bap$b1716.36
762:          n$jose/m/id=b1716.36-per1
763:             ls$ilegitimo/sim
764: 
765:             mae$maria/id=b1716.36-per1-per2
766:                ls$ec/s
767:                ls$residencia/pinheiro
768:                ls$naturalidade/pinheiro
769: 
770:                pmae$manuel vaz/id=b1716.36-per1-per3
771: 
772:             pad$jose/id=bpad27041716
773:                ls$ec/s
774: 
775:             mad$maria simoes/id=b1716.36-per4
776: 
777:                mrmad$manuel de oliveira/id=b1716.36-per5
778:                   rel$parentesco/pai/jose/bpad27041716
779:                   ls$residencia/lajem
780: 
781:       bap$b1716.37/3/5/1716/?/igreja de s. tiago
782: 
783: bap$b1716.37
783:          n$josefa/f/id=b1716.37-per1
784: 
785:             pai$manuel simoes/id=b1716.37-per1-per2
786:                ls$residencia/eureca
787:                ls$naturalidade/cavaleiros
788: 
789:             mae$francisca rodrigues/id=b1716.37-per1-per3
790:                ls$naturalidade/eureca
791: 
792:             pad$manuel/id=b1716.37-per4
793:                ls$ec/s
794: 
795:                mpad$maria cardoso/id=b1716.37-per5
796:                   ls$ec/v
797:                   ls$residencia/eureca
798: 
799:             mad$josefa simoes/id=b1716.37-per6
800: 
801:                mrmad$jose rodrigues/id=b1716.37-per7
802:                   ls$profissao/alfaiate
803:                   ls$residencia/cavaleiros
804: 
805:       bap$b1716.38/9/5/1716/?/igreja de s. tiago
806: 
807: bap$b1716.38
807:          n$isabel/f/id=b1716.38-per1
808: 
809:             pai$manuel rodrigues branco/id=b1716.38-per1-per2
810:                ls$residencia/paleao
811:                ls$naturalidade/paleao
812: 
813:             mae$francisca leao/id=b1716.38-per1-per3
814:                ls$naturalidade/paleao
815: 
816:             pad$joao da conceicao/id=b1716.38-per4
817:                ls$profissao/padre
818:                ls$residencia/paleao
819: 
820:             mad$catarina/id=b1716.38-per5
821:                ls$ec/s
822:                rel$parentesco/irma/joao gaspar/br09051716
823: 
824:             referido$joao gaspar/id=br09051716
825:                ls$ec/s
826:                ls$residencia/paleao
827: 
828:       bap$b1716.39/10/5/1716/?/igreja de s. tiago
829: 
830: bap$b1716.39
830:          n$domingos/m/id=b1716.39-per1
831: 
832:             pai$manuel simoes/id=b1716.39-per1-per2
833:                ls$residencia/alencarce de cima
834:                ls$naturalidade/alencarce de cima
835: 
836:             mae$maria rodrigues/id=b1716.39-per1-per3
837:                ls$naturalidade/porto coelheiro
838: 
839:             pad$manuel rodrigues/id=b1716.39-per4
840:                ls$residencia/alencarce de cima
841: 
842:             mad$maria/id=b1716.39-per5
843:                ls$ec/s
844: 
845:                pmad$francisco madeira/id=b1716.39-per6
846:                   ls$residencia/alencarce de cima
847: 
848:       bap$b1716.40/10/5/1716/?/igreja de s. tiago
849: 
850: bap$b1716.40
850:          n$antonio/m/id=b1716.40-per1
851: 
852:             pai$matias rodrigues/id=b1716.40-per1-per2
853:                ls$residencia/soure
854:                ls$naturalidade/casal de olho marinho
855: 
856:             mae$maria da gante/id=b1716.40-per1-per3
857:                ls$naturalidade/soure
858: 
859:             pad$antonio dos santos/id=bpad10051716
860:                ls$profissao/cirurgiao
861:                ls$residencia/soure
862: 
863:             mad$ana de mendonca/id=bmad10051716
864:                rel$parentesco/mulher/antonio dos santos/bpad10051716
865: 
866:             referido$antonio alvares ribeiro/id=br101051716
867:                ls$residencia/soure
868:                rel$sociabilidade/procurador em baptismo/ana de mendonca/bmad10051716
869: 
870:       bap$b1716.41/10/5/1716/?/igreja de s. tiago
871: 
872: bap$b1716.41
872:          n$filipa/f/id=b1716.41-per1
873:             ls$enjeitada/sim#se achou exposta no lugar de alencarce de baixo desta freguesia de soure com um escrito de letra desconhecida que dizia vinha baptizada e trazia os santos oleos.
874: 
875:             pad$francisco da trindade/id=b1716.41-per2
876:                ls$cargo/ermitao de s.francisco
877: 
878:             mad$teresa/id=b1716.41-per3
879:                ls$ec/s
880: 
881:                pmad$manuel goncalves vargas/id=b1716.41-per4
882:                   ls$residencia/soure
883: 
884:       bap$b1716.42/11/5/1716/?/igreja de s. tiago
885: 
886: bap$b1716.42
886:          n$isabel/f/id=b1716.42-per1
887: 
888:             pai$joao domingues/id=b1716.42-per1-per2
889:                ls$residencia/quinta
890:                ls$naturalidade/quinta
891: 
892:             mae$maria joao/id=b1716.42-per1-per3
893:                ls$naturalidade/carvalheira de cima
894: 
895:             pad$manuel domingues/id=b1716.42-per4
896:                ls$residencia/carvalhal, freguesia de tapeus
897:                ls$freguesia/tapeus
898: 
899:             mad$isabel/id=b1716.42-per5
900:                ls$ec/s
901: 
902:                pmad$silvestre joao/id=b1716.42-per6
903:                   ls$residencia/carvalheira de cima
904: 
905:       bap$b1716.43/15/5/1716/?/igreja de s. tiago
906: 
907: bap$b1716.43
907:          n$tomas/m/id=b1716.43-per1
908: 
909:             pai$diogo leal/id=b1716.43-per1-per2
910:                ls$residencia/casal da charneca
911:                ls$naturalidade/vila nova de ancos, freguesia de vila nova de ancos
912: 
913:             mae$eugenia francisca/id=b1716.43-per1-per3
914:                ls$naturalidade/casal da charneca
915: 
916:             pad$rodrigo homem de quadros/id=b1716.43-per4
917: 
918:             mad$antonia/id=b1716.43-per5/xmesmo_que=c6-7-anta
919:                rel$parentesco/irma/rodrigo homes de quadros/b1716.43-per4
920: 
921:             referido$francisco marques/id=br15051716
922:                ls$profissao/padre
923:                ls$cargo/capelao de rodrigo homem de quadros
924:                rel$sociabilidade/procurador em baptismo/rodrigo homem de quadros/b1716.43-per4
925:                rel$profissional/capelao/rodrigo homem de quadros/b1716.43-per4
926: 
927:             referido$tomas/id=br15051716b
928:                rel$sociabilidade/procurador em baptismo/antonia/b1716.43-per5
929:                rel$parentesco/irmao/antonia/b1716.43-per5
930:                ls$ec/s
931: 
932:       bap$b1716.44/17/5/1716/?/igreja de s. tiago
933: 
934: bap$b1716.44
934:          n$esperanca/f/id=b1716.44-per1
935: 
936:             pai$antonio lopes/id=b1716.44-per1-per2
937:                ls$residencia/casal dos corcozes
938:                ls$naturalidade/casal dos corcozes
939: 
940:             mae$isabel cardoso/id=b1716.44-per1-per3
941:                ls$naturalidade/casal da corujeira
942: 
943:             pad$manuel cardoso/id=b1716.44-per4
944:                ls$residencia/casal dos corcozes
945: 
946:             mad$esperanca/id=b1716.44-per5
947:                ls$ec/s
948: 
949:                pmad$simao luis/id=b1716.44-per6
950:                   ls$residencia/casal dos corcozes
951: 
952:       bap$b1716.45/17/5/1716/?/igreja de s. tiago
953: 
954: bap$b1716.45
954:          n$guiomar/f/id=b1716.45-per1
955: 
956:             pai$jose nunes/id=b1716.45-per1-per2
957:                ls$residencia/casa velha
958:                ls$naturalidade/casa velha
959: 
960:             mae$mariana da costa/id=b1716.45-per1-per3
961:                ls$naturalidade/casa velha
962: 
963:             pad$manuel nunes/id=bpad17051716
964:                ls$residencia/casa velha
965: 
966:             mad$filipa marques/id=b1716.45-per4
967:                ls$residencia/casa velha
968:                rel$parentesco/mulher/manuel nunes/bpad17051716
969: 
970:       bap$b1716.46/20/5/1716/?/igreja de s. tiago
971: 
972: bap$b1716.46
972:          n$jose/m/id=b1716.46-per1
973: 
974:             pai$manuel fernandes/id=b1716.46-per1-per2
975:                ls$residencia/casalinhos
976:                ls$naturalidade/casal da venda
977: 
978:             mae$isabel gomes/id=b1716.46-per1-per3
979:                ls$naturalidade/casalinhos
980: 
981:             pad$jose/id=b1716.46-per4
982:                ls$ec/s
983: 
984:                ppad$joao gomes carrasco/id=jgcarrasco
985:                   ls$residencia/casal venda
986: 
987:             mad$maria/id=b1716.46-per5
988:                ls$ec/s
989:                rel$parentesco/filha/joao gomes carrasco/jgcarrasco
990: 
991:       bap$b1716.47/21/5/1716/?/igreja de s. tiago
992: 
993: bap$b1716.47
993:          n$manuel/m/id=b1716.47-per1
994: 
995:             pai$joao goncalves galhim/id=b1716.47-per1-per2
996:                ls$residencia/alencarce de cima
997:                ls$naturalidade/alencarce de cima
998: 
999:             mae$maria rodrigues/id=b1716.47-per1-per3
1000:                ls$naturalidade/alencarce de cima
1001: 
1002:             pad$manuel goncalves/id=b1716.47-per4
1003:                ls$residencia/casal do leonel
1004: 
1005:             mad$maria rodrigues/id=b1716.47-per5
1006: 
1007:                mrmad$domingos rodrigues/id=b1716.47-per6
1008:                   ls$residencia/alencarce de cima
1009: 
1010:       bap$b1716.48/26/5/1716/?/igreja de s. tiago
1011: 
1012: bap$b1716.48
1012:          n$ines/f/id=b1716.48-per1
1013: 
1014:             pai$antonio jorge/id=b1716.48-per1-per2
1015:                ls$residencia/simoes
1016:                ls$naturalidade/sobral
1017: 
1018:             mae$catarina rodrigues/id=b1716.48-per1-per3
1019:                ls$naturalidade/simoes
1020: 
1021:             pad$joao rodrigues/id=b1716.48-per4
1022:                ls$residencia/sobral
1023: 
1024:             mad$ines/id=b1716.48-per5
1025: 
1026:                pmad$manuel jorge/id=b1716.48-per6
1027:                   ls$residencia/sobral
1028: 
1029:       bap$b1716.49/2/6/1716/?/igreja de s. tiago
1030: 
1031: bap$b1716.49
1031:          n$rodrigo/m/id=b1716.49-per1
1032: 
1033:             pai$antonio bras/id=b1716.49-per1-per2
1034:                ls$residencia/casal da carvalheira de baixo
1035:                ls$naturalidade/casal do leonel
1036: 
1037:             mae$antonia goncalves/id=b1716.49-per1-per3
1038:                ls$naturalidade/casal da carvalheira de baixo
1039: 
1040:             pad$rodrigo homem de quadros/id=b1716.49-per4
1041: 
1042:             mad$josefa de azevedo/id=bmad02061716
1043:                ls$ec/s
1044:                ls$residencia/soure
1045: 
1046:             referido$tomas da silva/id=br02061716
1047:                ls$ec/s
1048:                ls$residencia/soure
1049:                rel$sociabilidade/procurador em baptismo/josefa de azevedo/bmad02061716
1050: 
1051:       bap$b1716.50/2/6/1716/?/igreja de s. tiago
1052: 
1053: bap$b1716.50
1053:          n$mariana/f/id=b1716.50-per1
1054: 
1055:             pai$jose rodrigues fuseiro/id=b1716.50-per1-per2
1056:                ls$residencia/casal do benzedor
1057:                ls$naturalidade/casal do benzedor
1058: 
1059:             mae$maria francisca/id=b1716.50-per1-per3
1060:                ls$naturalidade/sobral
1061: 
1062:             pad$joao rodrigues perna/id=b1716.50-per4
1063:                ls$residencia/moinhos do paleao
1064: 
1065:             mad$isabel/id=b1716.50-per5
1066:                ls$ec/s
1067:                ls$residencia/casal do benzedor
1068: 
1069:       bap$b1716.51/14/6/1716/?/igreja de s. tiago/obs= por baixo: visto em visita em 21 de junho de 1716. Freire
1070: 
1071: bap$b1716.51
1071:          n$manuel/m/id=b1716.51-per1
1072: 
1073:             pai$joao goncalves/id=b1716.51-per1-per2
1074:                ls$residencia/casal dos beltroes
1075:                ls$naturalidade/casalinhos
1076: 
1077:             mae$joana rodrigues/id=b1716.51-per1-per3
1078:                ls$naturalidade/casal dos beltroes
1079: 
1080:             pad$manuel da fonseca/id=b1716.51-per4
1081: 
1082:             mad$isabel mendes/id=b1716.51-per5
1083: 
1084:                mrmad$manuel joao/id=b1716.51-per6
1085:                   ls$residencia/casalinhos
1086: 
1087:       bap$b1716.52/24/6/1716/?/igreja de s. tiago
1088: 
1089: bap$b1716.52
1089:          n$rosa/f/id=b1716.52-per1
1090: 
1091:             pai$domingos jorge/id=b1716.52-per1-per2
1092:                ls$residencia/sobral
1093:                ls$naturalidade/sobral
1094: 
1095:             mae$domingas rodrigues/id=b1716.52-per1-per3
1096:                ls$naturalidade/sobral
1097: 
1098:             pad$antonio simoes/id=b1716.52-per4
1099:                ls$residencia/sobral
1100: 
1101:             mad$isabel/id=b1716.52-per5
1102:                ls$ec/s
1103: 
1104:                pmad$jose goncalves/id=b1716.52-per6
1105:                   ls$residencia/sobral
1106: 
1107:       bap$b1716.53/29/6/1716/?/igreja de s. tiago
1108: 
1109: bap$b1716.53
1109:          n$isabel/f/id=b1716.53-per1
1110: 
1111:             pai$antonio francisco/id=b1716.53-per1-per2
1112:                ls$residencia/sobral
1113:                ls$naturalidade/sobral
1114: 
1115:             mae$isabel francisca/id=b1716.53-per1-per3
1116:                ls$naturalidade/sobral
1117: 
1118:             pad$domingos francisco/id=b1716.53-per4
1119:                ls$residencia/sobral
1120: 
1121:             mad$isabel francisca/id=b1716.53-per5
1122: 
1123:                mrmad$joao gomes carrasco/id=b1716.53-per6
1124:                   ls$residencia/casal da venda
1125: 
1126:       bap$b1716.54/29/6/1716/?/igreja de s. tiago
1127: 
1128: bap$b1716.54
1128:          n$tomas/m/id=bn29061716
1129: 
1130:             pai$joao ramos/id=bn29061716-per1
1131:                ls$residencia/casal dos cavaleiros
1132:                ls$naturalidade/casal dos cavaleiros
1133: 
1134:             mae$maria rodrigues/id=bn29061716-per2
1135:                ls$naturalidade/casal de eureca
1136: 
1137:             pad$tomas/id=b1716.54-per3
1138:                ls$ec/s
1139: 
1140:                ppad$isabel da silva/id=b1716.54-per4
1141:                   ls$ec/v
1142:                   ls$titulo/dona
1143: 
1144:             mad$josefa de azevedo/id=b1716.54-per5
1145:                ls$ec/s
1146: 
1147:             referido$joao goncalves camas/id=br29061716
1148:                ls$residencia/alencarce de baixo
1149:                rel$sociabilidade/baptizou em necessidade/tomas/bn29061716
1150: 
1151:             referido$francisco marques/id=br29061716b
1152:                ls$profissao/padre
1153:                ls$cargo/capelao particular
1154:                rel$profissional/capelao/isabel da silva/c6-7-isa
1155: 
1156:       bap$b1716.55/17/7/1716/?/igreja de s. tiago
1157: 
1158: bap$b1716.55
1158:          n$antonio/m/id=bn17071716
1159: 
1160:             pai$antonio leao/id=bn17071716-per1
1161:                ls$residencia/casais da lajem
1162:                ls$naturalidade/casais da lajem
1163: 
1164:             mae$catarina domingues/id=bn17071716-per2
1165:                ls$naturalidade/casal do leonel
1166: 
1167:             pad$jose leao/id=bpad17071716
1168:                ls$residencia/casais da lajem
1169: 
1170:             mad$catarina rodrigues/id=b1716.55-per3
1171:                rel$parentesco/mulher/jose leao/bpad17071716
1172: 
1173:             referido$maria simoes/id=br17071716
1174:                rel$sociabilidade/baptizou em necessidade/antonio/bn17071716
1175:                rel$parentesco/mulher/manuel de oliveira/br17071716b
1176: 
1177:             referido$manuel de oliveira/id=br17071716b
1178:                ls$residencia/casais da lajem
1179: 
1180:       bap$b1716.56/21/7/1716/?/igreja de s. tiago
1181: 
1182: bap$b1716.56
1182:          n$maria/f/id=b1716.56-per1
1183: 
1184:             pai$matias da silva/id=b1716.56-per1-per2
1185:                ls$cargo/oficial de porteiro de soure
1186:                ls$residencia/soure
1187:                ls$naturalidade/condeixa-a-nova
1188: 
1189:             mae$mariana martins/id=b1716.56-per1-per3
1190:                ls$naturalidade/sebal grande, freguesia do sebal
1191: 
1192:             pad$joao de barros/id=b1716.56-per4
1193:                ls$cargo/alcaide de soure
1194: 
1195:             mad$maria pereira/id=b1716.56-per5
1196:                ls$ec/s
1197:                ls$residencia/soure
1198: 
1199:       bap$b1716.57/29/7/1716/?/igreja de s. tiago
1200: 
1201: bap$b1716.57
1201:          n$joao/m/id=b1716.57-per1
1202: 
1203:             pai$antonio goncalves/id=b1716.57-per1-per2
1204:                ls$residencia/assamassa
1205:                ls$naturalidade/casal do espirito santo
1206: 
1207:             mae$maria carvalho/id=b1716.57-per1-per3
1208:                ls$naturalidade/assamassa
1209: 
1210:             pad$joao rodrigues/id=b1716.57-per4
1211:                ls$residencia/assamassa
1212: 
1213:             mad$catarina simoes/id=b1716.57-per5
1214:                ls$residencia/assamassa
1215: 
1216:       bap$b1716.58/1/8/1716/?/igreja de s. tiago
1217: 
1218: bap$b1716.58
1218:          n$sebastiao/m/id=b1716.58-per1
1219: 
1220:             pai$jeronimo mendes/id=b1716.58-per1-per2
1221:                ls$residencia/soure
1222:                ls$naturalidade/soure
1223: 
1224:             mae$maria ferreira/id=b1716.58-per1-per3
1225:                ls$residencia/soure
1226: 
1227:             pad$rodrigo furtado da silva/id=bap01081716
1228:                ls$residencia/soure
1229: 
1230:             mad$rosa maria de sousa/id=b1716.58-per4
1231:                rel$parentesco/mulher/rodrigo furtado da silva/bap01081716
1232: 
1233:       bap$b1716.59/10/8/1716/?/igreja de s. tiago
1234: 
1235: bap$b1716.59
1235:          n$francisco/m/id=b1716.59-per1
1236: 
1237:             pai$manuel rodrigues feijao/id=b1716.59-per1-per2
1238:                ls$residencia/cavaleiros
1239:                ls$naturalidade/cavaleiros
1240: 
1241:             mae$isabel rodrigues/id=b1716.59-per1-per3
1242:                ls$naturalidade/casal da lajem
1243: 
1244:             pad$francisco homem de quadros/id=c6-7-fran
1245:                ls$ec/s
1246: 
1247:             mad$josefa de azevedo/id=b1716.59-per4
1248: 
1249:             referido$francisco marques/id=br10081716
1250:                ls$cargo/capelao particular
1251:                ls$profissao/padre
1252:                rel$sociabilidade/procurador em baptismo/josefa de azevedo/c6-7-josa
1253: 
1254:       bap$b1716.60/10/8/1716/?/igreja de s. tiago
1255: 
1256: bap$b1716.60
1256:          n$domingos/m/id=b1716.60-per1
1257: 
1258:             pai$francisco duarte/id=b1716.60-per1-per2
1259:                ls$residencia/casal dos louzoes
1260:                ls$naturalidade/formigal, freguesia de vinha da rainha
1261: 
1262:             mae$maria cordeiro/id=b1716.60-per1-per3
1263:                ls$naturalidade/casal novo
1264: 
1265:             pad$domingos cordeiro/id=b1716.60-per4
1266:                ls$residencia/casal dos louzoes
1267: 
1268:             mad$isabel/id=b1716.60-per5
1269:                ls$ec/s
1270: 
1271:                pmad$diogo jorge/id=b1716.60-per6
1272:                   ls$residencia/casal novo
1273: 
1274:       bap$b1716.61/16/8/1716/?/igreja de s. tiago
1275: 
1276: bap$b1716.61
1276:          n$isabel/f/id=b1716.61-per1
1277: 
1278:             pai$ascenso joao de carvalho/id=b1716.61-per1-per2
1279:                ls$residencia/simoes
1280:                ls$naturalidade/casal dos delgados
1281: 
1282:             mae$josefa goncalves/id=b1716.61-per1-per3
1283:                ls$naturalidade/simoes
1284: 
1285:             pad$manuel duarte/id=b1716.61-per4
1286:                ls$profissao/padre
1287: 
1288:             mad$isabel cardoso/id=b1716.61-per5
1289:                ls$residencia/porto panelas
1290:                ls$ec/s
1291: 
1292:       bap$b1716.62/16/8/1716/?/igreja de s. tiago
1293: 
1294: bap$b1716.62
1294:          n$maria/f/id=b1716.62-per1
1295: 
1296:             pai$joao gomes da cruz/id=b1716.62-per1-per2
1297:                ls$residencia/paleao
1298:                ls$naturalidade/paleao
1299: 
1300:             mae$cecilia afonso/id=b1716.62-per1-per3
1301:                ls$naturalidade/paleao
1302: 
1303:             pad$jose gaspar/id=b1716.62-per4
1304:                ls$residencia/paleao
1305: 
1306:             mad$antonia/id=b1716.62-per5
1307:                ls$ec/s
1308: 
1309:                mmad$maria afonso/id=b1716.62-per6
1310:                   ls$residencia/paleao
1311: 
1312:       bap$b1716.63/17/8/1716/?/igreja de s. tiago
1313: 
1314: bap$b1716.63
1314:          n$domingos/m/id=b1716.63-per1
1315: 
1316:             pai$luis goncalves/id=b1716.63-per1-per2
1317:                ls$residencia/soure
1318:                ls$naturalidade/soure
1319: 
1320:             mae$catarina francisca/id=b1716.63-per1-per3
1321:                ls$naturalidade/casal dos becos
1322: 
1323:             pad$domingos goncalves galhardo/id=bpad17081716
1324:                ls$residencia/soure
1325:                ls$titulo/licenciado
1326: 
1327:             mad$maria/id=b1716.63-per4
1328:                ls$ec/s
1329:                rel$parentesco/sobrinha/domingos goncalves galhardo/bpad17081716
1330: 
1331:       bap$b1716.64/13/9/1716/?/igreja de s. tiago
1332: 
1333: bap$b1716.64
1333:          n$jose/m/id=b1716.64-per1
1334: 
1335:             pai$manuel joao garriapa/id=b1716.64-per1-per2
1336:                ls$residencia/simoes
1337:                ls$naturalidade/simoes
1338: 
1339:             mae$maria francisca/id=b1716.64-per1-per3
1340:                ls$naturalidade/simoes
1341: 
1342:             pad$manuel rodrigues/id=b1716.64-per4
1343:                ls$profissao/padre
1344:                ls$cargo/vigario
1345: 
1346:             mad$josefa/id=b1716.64-per5
1347:                ls$ec/s
1348: 
1349:                mmad$maria francisca/id=b1716.64-per6
1350:                   ls$ec/v
1351:                   ls$residencia/simoes
1352: 
1353:       bap$b1716.65/13/9/1716/?/igreja de s. tiago/obs=baptizado em necessidade pelo padrinho
1354: 
1355: bap$b1716.65
1355:          n$antonio/m/id=b1716.65-per1
1356: 
1357:             pai$jose domingues/id=b1716.65-per1-per2
1358:                ls$residencia/casal novo
1359:                ls$naturalidade/casal de montais
1360: 
1361:             mae$maria joao/id=b1716.65-per1-per3
1362:                ls$naturalidade/casal novo
1363: 
1364:             pad$andre domingues/id=b1716.65-per4
1365:                ls$residencia/casa velha
1366: 
1367:             mad$maria/id=b1716.65-per5
1368:                ls$ec/s
1369: 
1370:                pmad$joao simoes/id=b1716.65-per6
1371:                   ls$residencia/casal novo
1372: 
1373:       bap$b1716.66/17/9/1716/?/igreja de s. tiago
1374: 
1375: bap$b1716.66
1375:          n$maria/f/id=b1716.66-per1
1376: 
1377:             pai$joao dinis/id=b1716.66-per1-per2
1378:                ls$residencia/eureca
1379:                ls$naturalidade/eureca
1380: 
1381:             mae$maria rodrigues/id=b1716.66-per1-per3
1382:                ls$naturalidade/alencarce de baixo
1383: 
1384:             pad$manuel/id=b1716.66-per4
1385:                ls$ec/s
1386: 
1387:                mpad$maria cardoso/id=b1716.66-per5
1388:                   ls$ec/v
1389:                   ls$residencia/eureca
1390: 
1391:             mad$isabel/id=b1716.66-per6
1392:                ls$ec/s
1393: 
1394:                pmad$joao goncalves camas/id=b1716.66-per7
1395:                   ls$residencia/alencarce de baixo
1396: 
1397:       bap$b1716.67/20/9/1716/?/igreja de s. tiago
1398: 
1399: bap$b1716.67
1399:          n$jose/m/id=b1716.67-per1
1400:             ls$ilegitimo/sim
1401: 
1402:             mae$maria francisca/id=b1716.67-per1-per2
1403:                ls$ec/s
1404:                ls$residencia/casais da misericordia
1405: 
1406:             pad$jose francisco/id=b1716.67-per3
1407:                ls$residencia/casais da misericordia
1408: 
1409:             mad$catarina/id=b1716.67-per4
1410:                ls$ec/s
1411: 
1412:                mmad$ana/id=b1716.67-per5
1413:                   ls$ec/v
1414:                   ls$residencia/moinho novo, freguesia da redinha
1415:                   ls$freguesia/redinha
1416: 
1417:       bap$b1716.68/23/9/1716/?/igreja de s. tiago
1418: 
1419: bap$b1716.68
1419:          n$catarina/f/id=b1716.68-per1
1420:             ls$enjeitado/sim/obs=se achou exposta no casal da charneca desta freguesia de soure e a esta criando por ordem da camara da vila leonor rodrigues, mulher de antonio rodrigues o moco do casal da telhada
1421: 
1422:             pad$manuel rodrigues centeio/id=b1716.68-per2
1423:                ls$residencia/casal da charneca
1424: 
1425:             mad$leonor rodrigues/id=b1716.68-per3
1426: 
1427:                mrmad$antonio rodrigues/id=b1716.68-per4
1428:                   ls$alcunha/moco
1429:                   ls$residencia/casal da telhada
1430: 
1431:       bap$b1716.69/27/9/1716/?/igreja de s. tiago
1432: 
1433: bap$b1716.69
1433:          n$maria/f/id=bn27091716
1434:             ls$ilegitima/sim
1435: 
1436:             mae$isabel madeira/id=bn27091716-per1
1437:                ls$ec/s
1438:                ls$residencia/paleao
1439:                ls$naturalidade/paleao
1440: 
1441:             pad$manuel carvalho/id=bpad27091716
1442:                ls$ec/v
1443:                ls$residencia/paleao
1444: 
1445:             mad$antonia carvalho/id=b1716.69-per2
1446:                rel$parentesco/mae/manuel carvalho/bpad27091716
1447:                rel$sociabilidade/baptizou em necessidade/maria/bn27091716
1448: 
1449:       bap$b1716.70/3/10/1716/?/igreja de s. tiago
1450: 
1451: bap$b1716.70
1451:          n$maria/f/id=b1716.70-per1
1452: 
1453:             pai$domingos rodrigues/id=b1716.70-per1-per2
1454:                ls$residencia/pinheiro
1455:                ls$naturalidade/pinheiro
1456: 
1457:             mae$maria martins/id=b1716.70-per1-per3
1458:                ls$naturalidade/casal do vinagre
1459: 
1460:             pad$manuel pessoa leitao/id=ppessoa
1461:                ls$profissao/padre
1462: 
1463:             mad$leogarda maria/id=bmad03101716
1464:                ls$ec/s
1465:                rel$parentesco/irma/manuel pessoa leitao/ppessoa
1466: 
1467:             referido$jose/id=br03101716
1468:                ls$ec/s
1469:                rel$parentesco/filho/ana maria da silva/br03101716b
1470:                rel$sociabilidade/procurador em baptismo/leogarda maria/bmad03101716
1471: 
1472:             referida$ana maria da silva/id=br03101716b
1473:                ls$residencia/soure
1474: 
1475:       bap$b1716.71/4/10/1716/?/igreja de s. tiago
1476: 
1477: bap$b1716.71
1477:          n$jose/m/id=b1716.71-per1
1478: 
1479:             pai$manuel luis/id=b1716.71-per1-per2
1480:                ls$residencia/vale da borra
1481:                ls$naturalidade/vale da borra
1482: 
1483:             mae$maria francisca/id=b1716.71-per1-per3
1484:                ls$residencia/sobral
1485: 
1486:             pad$jose/id=b1716.71-per4
1487:                ls$ec/s
1488: 
1489:                mpad$maria da silva/id=b1716.71-per5
1490:                   ls$residencia/vale da borra
1491: 
1492:             mad$madalena francisca/id=b1716.71-per6
1493: 
1494:                mrmad$manuel cordeiro/id=b1716.71-per7
1495:                   ls$profissao/alfaiate
1496:                   ls$residencia/sobral
1497: 
1498:       bap$b1716.72/4/10/1716/?/igreja de s. tiago
1499: 
1500: bap$b1716.72
1500:          n$maria/f/id=b1716.72-per1
1501: 
1502:             pai$manuel alvares/id=b1716.72-per1-per2
1503:                ls$residencia/soure
1504:                ls$naturalidade/casalinhos
1505: 
1506:             mae$maria de almeida/id=b1716.72-per1-per3
1507:                ls$naturalidade/pombal, freguesia de pombal
1508: 
1509:             pad$antonio jose/id=b1716.72-per4
1510: 
1511:                ppad$geraldo pereira coutinho/id=b1716.72-per5
1512:                   ls$cargo/desembargador
1513: 
1514:             mad$aldonsa/id=bmad04101716
1515:                rel$parentesco/mulher/geraldo pereira coutinho/gpereira
1516:                ls$titulo/dona
1517: 
1518:             referido$joao da costa de vasconcelos/id=br04101716
1519:                rel$sociabilidade/procurador em baptismo/aldonsa/bmad04101716
1520: 
1521:       bap$b1716.73/5/10/1716/?/igreja de s. tiago
1522: 
1523: bap$b1716.73
1523:          n$mariana/f/id=b1716.73-per1
1524: 
1525:             pai$anmtonio rodrigues lourenco/id=b1716.73-per1-per2
1526:                ls$residencia/alencarce de cima
1527:                ls$naturalidade/porto coelheiro
1528: 
1529:             mae$maria pires/id=b1716.73-per1-per3
1530:                ls$naturalidade/alencarce de cima
1531: 
1532:             pad$luis soares coelho/id=b1716.73-per4
1533:                ls$profissao/padre
1534:                ls$residencia/soure
1535: 
1536:             mad$maria pereira/id=b1716.73-per5
1537: 
1538:                pmad$luis manhos/id=b1716.73-per6
1539:                   ls$cargo/capitao
1540: 
1541:       bap$b1716.74/10/10/1716/?/igreja de s. tiago
1542: 
1543: bap$b1716.74
1543:          n$josefa/f/id=b1716.74-per1
1544: 
1545:             pai$jose ferreira/id=b1716.74-per1-per2
1546:                ls$residencia/soure
1547:                ls$naturalidade/casal do marmelo
1548: 
1549:             mae$maria antunes/id=b1716.74-per1-per3
1550:                ls$naturalidade/pinheiro
1551: 
1552:             pad$jose de andrade/id=b1716.74-per4
1553:                ls$residencia/soure
1554: 
1555:             mad$josefa/id=b1716.74-per5
1556:                ls$ec/s
1557: 
1558:                pmad$joao ferreira nuvem/id=b1716.74-per6
1559:                   ls$residencia/soure
1560: 
1561:       bap$b1716.75/17/10/1716/?/igreja de s. tiago
1562: 
1563: bap$b1716.75
1563:          n$jose/m/id=bn17101716
1564: 
1565:             pai$diogo dos reis/id=bn17101716-per1
1566:                ls$residencia/soure
1567:                ls$naturalidade/penela, freguesia de s.miguel
1568: 
1569:             mae$josefa maria/id=bn17101716-per2
1570:                ls$naturalidade/soure
1571: 
1572:             pad$jose/id=b1716.75-per3
1573:                ls$ec/s
1574: 
1575:                ppad$simao duarte/id=b1716.75-per4
1576:                   ls$residencia/porto coelheiro
1577: 
1578:             mad$isabel rodrigues/id=b1716.75-per5
1579: 
1580:                mrmad$antonio rodrigues caldeireiro/id=b1716.75-per6
1581:                   ls$residencia/alencarce de cima
1582: 
1583:             referida$maria gomes/id=br17101716
1584:                ls$ec/v
1585:                ls$residencia/soure
1586:                rel$sociabilidade/baptizou em necessidade/jose/bn17101716
1587: 
1588:       bap$b1716.76/17/10/1716/?/igreja de s. tiago/obs=baptizado em necessidade pelo padrinho
1589: 
1590: bap$b1716.76
1590:          n$jose/m/id=b1716.76-per1
1591: 
1592:             pai$manuel rodrigues serrao/id=b1716.76-per1-per2
1593:                ls$residencia/soure
1594:                ls$naturalidade/soure
1595: 
1596:             mae$antonia da cruz/id=b1716.76-per1-per3
1597:                ls$naturalidade/tavarede, freguesia de tavarede
1598: 
1599:             pad$manuel rodrigues serrao/obs=outro manuel rodrigues serrao/id=b1716.76-per4
1600:                ls$residencia/soure
1601: 
1602:             mad$antonia gomes/id=b1716.76-per5
1603:                ls$ec/s
1604:                ls$residencia/soure
1605: 
1606:       bap$b1716.77/21/10/1716/?/igreja de s. tiago
1607: 
1608: bap$b1716.77
1608:          n$rodrigo/m/id=b1716.77-per1
1609: 
1610:             pai$joao rodrigues galeao/id=b1716.77-per1-per2
1611:                ls$residencia/portela
1612:                ls$naturalidade/portela
1613: 
1614:             mae$maria de s.miguel/id=b1716.77-per1-per3
1615:                ls$naturalidade/portela
1616: 
1617:             pad$rodrigo homem de quadros/id=b1716.77-per4/xmesmo_que=c6-7-rod
1618: 
1619:             mad$josefa de azevedo/id=b1716.77-per5/xmesmo_que=c6-7-josa
1620: 
1621:             referido$francisco/id=br21101716
1622:                ls$ec/s
1623:                rel$parentesco/irmao/rodrigo homem de quadros/b1716.77-per4
1624:                rel$sociabilidade/procurador em baptismo/josefa de azevedo/b1716.77-per5
1625: 
1626:       bap$b1716.78/22/10/1716/?/igreja de s. tiago
1627: 
1628: bap$b1716.78
1628:          n$manuel/m/id=b1716.78-per1
1629: 
1630:             pai$manuel gomes ferreira/id=b1716.78-per1-per2
1631:                ls$residencia/paleao
1632:                ls$naturalidade/paleao
1633: 
1634:             mae$isabel tome/id=b1716.78-per1-per3
1635:                ls$naturalidade/casal da tojeira
1636: 
1637:             pad$joao gaspar/id=joaogasp
1638:                ls$ec/s
1639:                ls$residencia/paleao
1640: 
1641:             mad$catarina/id=b1716.78-per4
1642:                rel$parentesco/irma/joao gaspar/joaogasp
1643: 
1644:       bap$b1716.79/1/11/1716/?/igreja de s. tiago
1645: 
1646: bap$b1716.79
1646:          n$isabel/f/id=b1716.79-per1
1647: 
1648:             pai$jose gomes/id=b1716.79-per1-per2
1649:                ls$residencia/alencarce de cima
1650:                ls$naturalidade/alencarce de cima
1651: 
1652:             mae$francisca da conceicao/id=b1716.79-per1-per3
1653:                ls$naturalidade/? freguesia da ega
1654: 
1655:             pad$manuel simoes/id=b1716.79-per4
1656:                ls$residencia/casais da ega
1657: 
1658:             mad$isabel simoes/id=b1716.79-per5
1659: 
1660:                mrmad$manuel madeira/id=b1716.79-per6
1661:                   ls$residencia/alencarce de cima
1662: 
1663:       bap$b1716.80/1/11/1716/?/igreja de s. tiago
1664: 
1665: bap$b1716.80
1665:          n$domingas/f/id=b1716.80-per1
1666: 
1667:             pai$manuel rodrigues serrano/id=b1716.80-per1-per2
1668:                ls$residencia/casal de marzagao
1669:                ls$naturalidade/sobral
1670: 
1671:             mae$domingas jorge/id=b1716.80-per1-per3
1672:                ls$naturalidade/marzagao
1673: 
1674:             pad$manuel jorge/id=b1716.80-per4
1675:                ls$alcunha/moco
1676:                ls$residencia/casal do marzagao
1677: 
1678:             mad$isabel mendes/id=b1716.80-per5
1679: 
1680:                mrmad$manuel joao/id=b1716.80-per6
1681:                   ls$residencia/casalinhos
1682: 
1683:       bap$b1716.81/15/11/1716/?/igreja de s. tiago
1684: 
1685: bap$b1716.81
1685:          n$antonio/m/id=b1716.81-per1
1686: 
1687:             pai$jose gaspar/id=b1716.81-per1-per2
1688:                ls$residencia/simoes
1689:                ls$naturalidade/simoes
1690: 
1691:             mae$maria francisca/id=b1716.81-per1-per3
1692:                ls$naturalidade/mogadouro
1693: 
1694:             pad$manuel lourenco/id=b1716.81-per4
1695:                ls$residencia/netos, freguesia da almagreira
1696:                ls$freguesia/almagreira
1697: 
1698:             mad$isabel joao/id=b1716.81-per5
1699: 
1700:                mrmad$joao francisco/id=b1716.81-per6
1701:                   ls$residencia/mogadouro
1702: 
1703:       bap$b1716.82/15/11/1716/?/igreja de s. tiago
1704: 
1705: bap$b1716.82
1705:          n$antonia/f/id=b1716.82-per1
1706: 
1707:             pai$francisco dinis/id=b1716.82-per1-per2
1708:                ls$residencia/quinta da telhada
1709:                ls$naturalidade/eureca
1710: 
1711:             mae$josefa madeira/id=b1716.82-per1-per3
1712:                ls$naturalidade/quinta da telhada
1713: 
1714:             pad$rodrigo homem de quadros/id=b1716.82-per4
1715: 
1716:             mad$isabel da silva/id=b1716.82-per5
1717:                ls$titulo/dona
1718: 
1719:       bap$b1716.83/18/11/1716/?/igreja de s. tiago
1720: 
1721: bap$b1716.83
1721:          n$maria/f/id=b1716.83-per1
1722: 
1723:             pai$francisco carvalho/id=b1716.83-per1-per2
1724:                ls$residencia/mogadouro
1725:                ls$naturalidade/arroteia, freguesia da redinha
1726: 
1727:             mae$ana gaspar/id=b1716.83-per1-per3
1728:                ls$naturalidade/mogadouro
1729: 
1730:             pad$mateus carvalho/id=b1716.83-per4
1731:                ls$residencia/mogadouro
1732: 
1733:             mad$clara rodrigues/id=b1716.83-per5
1734: 
1735:                mrmad$manuel goncalves branco/id=b1716.83-per6
1736:                   ls$residencia/mogadouro
1737: 
1738:       bap$b1716.84/18/11/1716/?/igreja de s. tiago
1739: 
1740: bap$b1716.84
1740:          n$angela/f/id=b1716.84-per1
1741: 
1742:             pai$jacinto da silva/id=b1716.84-per1-per2
1743:                ls$residencia/soure
1744:                ls$naturalidade/lourical, freguesia do lourical
1745: 
1746:             mae$maria pereira/id=b1716.84-per1-per3
1747: 
1748:             pad$jose da costa/id=b1716.84-per4
1749:                ls$residencia/soure
1750: 
1751:             mad$leonarda teixeira/id=b1716.84-per5
1752:                ls$residencia/soure
1753: 
1754:       bap$b1716.85/22/11/1716/?/igreja de s. tiago
1755: 
1756: bap$b1716.85
1756:          n$maria/f/id=b1716.85-per1
1757: 
1758:             pai$jose antunes/id=b1716.85-per1-per2
1759:                ls$residencia/alencarce de cima
1760:                ls$naturalidade/alencarce de cima
1761: 
1762:             mae$maria antunes/id=b1716.85-per1-per3
1763:                ls$residencia/alencarce de cima
1764: 
1765:             pad$manuel gomes inocencio/id=b1716.85-per4
1766:                ls$residencia/pouca pena
1767: 
1768:             mad$maria/id=b1716.85-per5
1769:                ls$ec/s
1770:                ls$residencia/soure
1771: 
1772:       bap$b1716.86/22/11/1716/?/igreja de s. tiago
1773: 
1774: bap$b1716.86
1774:          n$manuel/m/id=b1716.86-per1
1775: 
1776:             pai$manuel de melo/id=b1716.86-per1-per2
1777:                ls$residencia/casal da lajem
1778:                ls$naturalidade/alencarce de baixo
1779: 
1780:             mae$francisca domingues/id=b1716.86-per1-per3
1781:                ls$naturalidade/casal do leonel
1782: 
1783:             pad$clemente martins/id=bpad22111716
1784:                ls$profissao/padre
1785:                ls$residencia/soure
1786: 
1787:             mad$antonia/id=b1716.86-per4
1788:                ls$ec/s
1789:                ls$residencia/pinheiro
1790:                rel$parentesco/irma/clemente martins/bpad22111716
1791: 
1792:       bap$b1716.87/23/11/1716/?/igreja de s. tiago
1793: 
1794: bap$b1716.87
1794:          n$jose/m/id=b1716.87-per1
1795: 
1796:             pai$joao da costa de vasconcelos/id=b1716.87-per1-per2
1797:                ls$residencia/quinta de s.tome
1798:                ls$naturalidade/soure
1799: 
1800:             mae$isabel florenca/id=b1716.87-per1-per3
1801:                ls$titulo/dona
1802:                ls$naturalidade/quinta da granja freguesia de almoster, bispado de lisboa
1803: 
1804:             pad$heitor de almeida de amaral/id=b1716.87-per4
1805:                ls$titulo/doutor
1806:                ls$profissao/padre
1807:                ls$cargo/abade da igreja paroquial de s.pedro de miragaia porto?
1808: 
1809:             mad$alexandra/id=b1716.87-per5
1810:                rel$parentesco/filha/joao da costa de vasconcelos/c12-7
1811:                ls$titulo/dona
1812: 
1813:       bap$b1716.88/23/11/1716/?/igreja de s. tiago
1814: 
1815: bap$b1716.88
1815:          n$antonio/m/id=b1716.88-per1
1816: 
1817:             pai$joao rodrigues/id=b1716.88-per1-per2
1818:                ls$residencia/sobral
1819:                ls$naturalidade/sobral
1820: 
1821:             mae$isabel jorge/id=b1716.88-per1-per3
1822:                ls$residencia/sobral
1823: 
1824:             pad$antonio francisco/id=b1716.88-per4
1825:                ls$residencia/sobral
1826: 
1827:             mad$maria/id=b1716.88-per5
1828:                ls$ec/s
1829: 
1830:                pmad$manuel jorge/id=b1716.88-per6
1831:                   ls$residencia/sobral
1832: 
1833:       bap$b1716.89/6/12/1716/?/igreja de s. tiago
1834: 
1835: bap$b1716.89
1835:          n$rodrigo/m/id=b1716.89-per1
1836: 
1837:             pai$jacinto da costa/id=b1716.89-per1-per2
1838:                ls$residencia/casal do espirito santo
1839:                ls$naturalidade/presalves, freguesia de reveles
1840: 
1841:             mae$maria goncalves/id=b1716.89-per1-per3
1842:                ls$naturalidade/casal do espirito santo
1843: 
1844:             pad$rodrigo homem de quadros/id=b1716.89-per4
1845: 
1846:             mad$maria/id=b1716.89-per5
1847:                ls$ec/s
1848: 
1849:                pmad$antonio pimentel/id=b1716.89-per6
1850:                   ls$residencia/casal do espirito santo
1851: 
1852:       bap$b1716.90/7/12/1716/?/igreja de s. tiago
1853: 
1854: bap$b1716.90
1854:          n$joao/m/id=b1716.90-per1
1855: 
1856:             pai$domingos lourenco/id=b1716.90-per1-per2
1857:                ls$residencia/casconho
1858:                ls$naturalidade/porto coelheiro
1859: 
1860:             mae$teresa joao/id=b1716.90-per1-per3
1861:                ls$naturalidade/casconho
1862: 
1863:             pad$joao henriques cavaco/id=b1716.90-per4
1864:                ls$residencia/soure
1865: 
1866:             mad$maria/id=b1716.90-per5
1867:                ls$ec/s
1868: 
1869:                pmad$pedro francisco/id=b1716.90-per6
1870:                   ls$residencia/casconho
1871: 
1872:       bap$b1716.91/17/12/1716/?/igreja de s. tiago
1873: 
1874: bap$b1716.91
1874:          n$bernardo/m/id=bn17121716
1875: 
1876:             pai$domingos carvalho/id=bn17121716-per1
1877:                ls$residencia/casal do malvado
1878:                ls$naturalidade/casal do malvado
1879: 
1880:             mae$maria agostinha/id=bn17121716-per2
1881:                ls$naturalidade/sarjeira?, freguesia de lamas
1882: 
1883:             pad$bernardo de santo antonio/id=bpad17121716
1884:                ls$profissao/padre
1885:                ls$titulo/frei
1886:                ls$titulo/doutor
1887:                ls$ordem/graca
1888:                ls$naturalidade/soure
1889: 
1890:             mad$maria da ressureicao/id=bmad17121716
1891:                ls$residencia/soure
1892: 
1893:             referido$simao jorge/id=br17121716
1894:                rel$sociabilidade/procurador em baptismo/bernardo de santo antonio/bpad17121716
1895:                ls$residencia/casal do malvado
1896: 
1897:             referido$manuel rodrigues/id=b1716.91-per3
1898:                ls$profissao/padre
1899:                ls$cargo/vigario
1900:                rel$sociabilidade/procurador em baptismo/maria da ressureicao/bmad17121716
1901: 
1902:             referida$antonia madeira/id=br17121716b
1903:                ls$ec/s
1904:                ls$residencia/alencarce de cima
1905:                rel$sociabilidade/baptizou em necessidade/bernardo/bn17121716
1906: 
1907:       bap$b1716.92/17/12/1716/?/igreja de s. tiago
1908: 
1909: bap$b1716.92
1909:          n$antonio/m/id=b1716.92-per1
1910: 
1911:             pai$matias rodrigues/id=b1716.92-per1-per2
1912:                ls$residencia/quinta de porto coelheiro
1913:                ls$naturalidade/quinta de porto coelheiro
1914: 
1915:             mae$isabel cardoso/id=b1716.92-per1-per3
1916:                ls$naturalidade/moinhos da figueirinha, freguesia da redinha
1917: 
1918:             pad$manuel duarte/id=b1716.92-per4
1919:                ls$profissao/padre
1920: 
1921:             mad$maria/id=b1716.92-per5
1922:                rel$parentesco/irma/manuel duarte/pmduarte
1923: 
1924:       bap$b1716.93/20/12/1716/?/igreja de s. tiago
1925: 
1926: bap$b1716.93
1926:          n$joao/m/id=b1716.93-per1
1927: 
1928:             pai$gregorio ferreira/id=b1716.93-per1-per2
1929:                ls$residencia/casal da charneca
1930:                ls$naturalidade/casal dos bechos
1931: 
1932:             mae$cristina dias/id=b1716.93-per1-per3
1933:                ls$naturalidade/casal da charneca
1934: 
1935:             pad$joao rodrigues/id=b1716.93-per4
1936:                ls$residencia/quinta dos anjos
1937: 
1938:             mad$maria ferreira/id=b1716.93-per5
1939: 
1940:                mrmad$luis rodrigues/id=b1716.93-per6
1941:                   ls$residencia/casal do espirito do santo
1942: 
1943:       bap$b1716.94/26/12/1716/?/igreja de s. tiago
1944: 
1945: bap$b1716.94
1945:          n$maria/f/id=b1716.94-per1
1946: 
1947:             pai$manuel mendes/id=b1716.94-per1-per2
1948:                ls$residencia/soure
1949:                ls$naturalidade/soure
1950: 
1951:             mae$catarina da gante/id=b1716.94-per1-per3
1952:                ls$naturalidade/soure
1953: 
1954:             pad$francisco da trindade/id=b1716.94-per4
1955:                ls$cargo/ermitao
1956: 
1957:             mad$isabel nunes/id=b1716.94-per5
1958: 
1959:                mrmad$manuel joao/id=b1716.94-per6
1960:                   ls$residencia/casalinhos
1961: 
1962:       bap$b1716.95/27/12/1716/?/igreja de s. tiago
1963: 
1964: bap$b1716.95
1964:          n$maria/f/id=b1716.95-per1
1965: 
1966:             pai$manuel madeira/id=b1716.95-per1-per2
1967:                ls$residencia/alencarce de cima
1968:                ls$naturalidade/alencarce de cima
1969: 
1970:             mae$isabel simoes/id=b1716.95-per1-per3
1971:                ls$naturalidade/carvalhal, freguesia de tapeus
1972: 
1973:             pad$jose/id=b1716.95-per4
1974:                ls$ec/s
1975: 
1976:                mpad$antonia goncalves/id=b1716.95-per5
1977:                   ls$ec/v
1978:                   ls$residencia/cascao
1979: 
1980:             mad$maria/id=b1716.95-per6
1981:                ls$ec/s
1982: 
1983:                pmad$manuel simoes/id=b1716.95-per7
1984:                   ls$residencia/carvalhal
1985: 
1986:       bap$b1716.96/27/12/1716/?/igreja de s. tiago
1987: 
1988: bap$b1716.96
1988:          n$tomas/m/id=b1716.96-per1
1989: 
1990:             pai$manuel goncalves/id=b1716.96-per1-per2
1991:                ls$residencia/casal do leonel
1992:                ls$naturalidade/casal do leonel
1993: 
1994:             mae$maria gomes/id=b1716.96-per1-per3
1995:                ls$naturalidade/alencarce de cima
1996: 
1997:             pad$rodrigo homem de quadros/id=b1716.96-per4/xmesmo_que=c6-7-rod
1998: 
1999:             mad$josefa de azevedo/id=b1716.96-per5/xmesmo_que=c6-7-josa
2000: 
2001:             referido$tomas/id=br27121716
2002:                ls$ec/s
2003:                rel$parentesco/irmao/rodrigo homem de quadros/b1716.96-per4
2004:                rel$sociabilidade/procurador em baptismo/rodrigo homem de quadros/b1716.96-per4
2005: 
2006:             referido$francisco homem de quadros/id=b1716.96-per6
2007:                rel$parentesco/irmao/rodrigo homem de quadros/b1716.96-per4
2008:                rel$sociabilidade/procurador em baptismo/josefa de azevedo/b1716.96-per5
2009: 
2010:       bap$b1716.97/31/12/1716/?/igreja de s. tiago
2011: 
2012: bap$b1716.97
2012:          n$ana/f/id=b1716.97-per1
2013: 
2014:             pai$mateus gomes bartolo/id=b1716.97-per1-per2
2015:                ls$residencia/soure
2016:                ls$naturalidade/sobral
2017: 
2018:             mae$antonia domingues/id=b1716.97-per1-per3
2019:                ls$naturalidade/mamarosa, freguesia de cantanhede
2020: 
2021:             pad$martinho da cunha/id=b1716.97-per4
2022:                ls$residencia/soure
2023: 
2024:             mad$maria/id=b1716.97-per5
2025:                ls$ec/s
2026: 
2027:                mmad$maria joao/id=b1716.97-per6
2028:                   ls$ec/v
2029:                   ls$residencia/soure
2030: *** End of File
Line 919 "SAME AS" TO EXTERNAL REFERENCE EXPORTED (c6-7-anta) CHECK IF IT EXISTS BEFORE IMPORTING THIS FILE.

Line 1619 "SAME AS" TO EXTERNAL REFERENCE EXPORTED (c6-7-rod) CHECK IF IT EXISTS BEFORE IMPORTING THIS FILE.

Line 1621 "SAME AS" TO EXTERNAL REFERENCE EXPORTED (c6-7-josa) CHECK IF IT EXISTS BEFORE IMPORTING THIS FILE.

Line 1999 "SAME AS" TO EXTERNAL REFERENCE EXPORTED (c6-7-rod) CHECK IF IT EXISTS BEFORE IMPORTING THIS FILE.

Line 2001 "SAME AS" TO EXTERNAL REFERENCE EXPORTED (c6-7-josa) CHECK IF IT EXISTS BEFORE IMPORTING THIS FILE.

** Processed file- /Users/jrc/mhk-home/sources/soure-fontes/sources/1685-1720/baptismos/b1716.cli
** Original file- /Users/jrc/mhk-home/sources/soure-fontes/sources/1685-1720/baptismos/b1716.org
** Previous version- /Users/jrc/mhk-home/sources/soure-fontes/sources/1685-1720/baptismos/b1716.old
** Temp file with ids- /Users/jrc/mhk-home/sources/soure-fontes/sources/1685-1720/baptismos/b1716.ids
** - /Users/jrc/mhk-home/sources/soure-fontes/sources/1685-1720/baptismos/b1716.cli-renamed to- /Users/jrc/mhk-home/sources/soure-fontes/sources/1685-1720/baptismos/b1716.old
** - /Users/jrc/mhk-home/sources/soure-fontes/sources/1685-1720/baptismos/b1716.ids-renamed to- /Users/jrc/mhk-home/sources/soure-fontes/sources/1685-1720/baptismos/b1716.cli
** Translation files closed.
0  errors. 
0  warnings.
Translation finished.
