KleioTranslator - server version @@VERSION@@ - build @@BUILD@@ @@DATE@@
9-5-2020 21-16

Processing data file b1717.cli
-------------------------------------------
Generic Act translation module with geoentities (XML).
     Joaquim Ramos de Carvalho (joaquim@uc.pt) 
** New document: kleio
1: kleio$gacto.str/translations=21
=========================
kleio translation started
=========================
Structure: gacto.str
Prefix: 
Autorel: 
Translation count: 21
Obs: 
2:    fonte$baptismos 1717/tipo=reg paroquiais/localizacao=fol.443v/data=17170000
3: 
** Processing source fonte$baptismos 1717
4:       bap$b1717.1/1/1/1717/?/igreja de s. tiago
5: 
6: bap$b1717.1
6:          n$manuel/m/id=b1717.1-per1
7: 
8:             pai$domingos francisco/id=b1717.1-per1-per2
9:                ls$residencia/casal novo#naturalidade ilegivel
10: 
11:             mae$maria cordeiro/id=b1717.1-per1-per3
12:                ls$naturalidade/casal novo
13: 
14:             pad$manuel cordeiro/id=b1717.1-per4
15:                ls$residencia/casal novo
16: 
17:             mad$sebastiana da graca/id=b1717.1-per5
18: 
19:                mrmad$manuel de gouveia/id=b1717.1-per6
20:                   ls$residencia/casal novo
21: 
22:       bap$b1717.2/2/1/1717/?/igreja de s. tiago
23: 
24: bap$b1717.2
24:          n$jose/m/id=bn02011717
25: 
26:             pai$domingos jorge/id=bn02011717-per1
27:                ls$residencia/soure
28:                ls$naturalidade/degracias, freguesia de degracias
29: 
30:             mae$madalena rodrigues/id=bn02011717-per2
31:                ls$naturalidade/soure
32: 
33:             pad$manuel rodrigues alvaro/id=padre_alvaro
34:                ls$profissao/padre
35:                ls$cargo/tesoureiro da igreja de soure
36:                rel$sociabilidade/baptisou em necessidade/jose/bn02011717
37: 
38:             mad$ines/id=b1717.2-per3
39:                ls$ec/s
40:                rel$parentesco/irma/manuel rodrigues alvaro/padre_alvaro
41: 
42:       bap$b1717.3/10/1/1717/?/igreja de s. tiago
43: 
44: bap$b1717.3
44:          n$miguel/m/id=b1717.3-per1
45: 
46:             pai$manuel martins/id=b1717.3-per1-per2
47:                ls$residencia/barrosos
48:                ls$naturalidade/casais da misericordia
49: 
50:             mae$escolastica de jesus/id=b1717.3-per1-per3
51:                ls$naturalidade/mogadouro
52: 
53:             pad$manuel domingues/id=b1717.3-per4
54:                ls$ec/s
55: 
56:                ppad$manuel domingues/id=b1717.3-per5
57:                   ls$residencia/casais da misericordia
58: 
59:             mad$isabel rodrigues/id=b1717.3-per6
60: 
61:                mrmad$domingues goncalves/id=b1717.3-per7
62:                   ls$residencia/barrosos
63: 
64:       bap$b1717.4/13/1/1717/?/igreja de s. tiago
65: 
66: bap$b1717.4
66:          n$jose/m/id=b1717.4-per1
67: 
68:             pai$joao ferreira/id=b1717.4-per1-per2
69:                ls$naturalidade/becos
70:                ls$residencia/becos
71: 
72:             mae$teresa monteira?/id=b1717.4-per1-per3
73:                ls$naturalidade/becos
74: 
75:             pad$alberto ferreira rochoso/id=b1717.4-per4
76: 
77:             mad$josefa maria de azevedo/id=b1717.4-per5
78: 
79:       bap$b1717.5/13/1/1717/?/igreja de s. tiago/obs=sem padrinhos
80: 
81: bap$b1717.5
81:          n$antonia/f/id=bn13011717
82: 
83:             pai$sebastiao francisco/id=bn13011717-per1
84:                ls$naturalidade/sebal, freguesia de sebal
85:                ls$residencia/portela
86: 
87:             mae$isabel rodrigues/id=bn13011717-per2
88: 
89:             referido$francisco marques/id=br13011717
90:                ls$cargo/capelao particular
91:                ls$profissao/padre
92:                rel$profissional/capelao/rodrigo homem de quadros/bn13011717-per3
93:                rel$sociabilidade/baptisou em necessidade/antonia/bn13011717
94: 
95:             referido$rodrigo homem de quadros/id=bn13011717-per3/xmesmo_que=c6-7-rod
96: 
97:       bap$b1717.6/14/1/1717/?/igreja de s. tiago
98: 
99: bap$b1717.6
99:          n$manuel/m/id=b1717.6-per1
100: 
101:             pai$manuel jorge/id=b1717.6-per1-per2
102:                ls$naturalidade/sobral
103:                ls$residencia/sobral
104: 
105:             mae$domingas rodrigues/id=b1717.6-per1-per3
106:                ls$naturalidade/sobral
107: 
108:             pad$joao rodrigues/id=b1717.6-per4
109:                ls$residencia/sobral
110: 
111:             mad$rosa maria/id=b1717.6-per5
112:                ls$ec/s
113: 
114:                pmad$joao rodrigues/id=b1717.6-per6
115:                   ls$residencia/sobral
116: 
117:       bap$b1717.7/14/1/1717/?/igreja de s. tiago
118: 
119: bap$b1717.7
119:          n$leonarda/f/id=b1717.7-per1
120: 
121:             pai$manuel jorge/id=b1717.7-per1-per2
122:                ls$naturalidade/corujeira
123:                ls$residencia/soure
124: 
125:             mae$isabel francisca/id=b1717.7-per1-per3
126:                ls$naturalidade/mendinho
127: 
128:             pad$joao henriques cavaco/id=b1717.7-per4
129:                ls$residencia/soure
130: 
131:             mad$catarina galvao/id=b1717.7-per5
132:                ls$residencia/soure
133: 
134:       bap$b1717.8/15/1/1717/?/igreja de s. tiago
135: 
136: bap$b1717.8
136:          n$ana/f/id=b1717.8-per1
137: 
138:             pai$diogo goncalves/id=b1717.8-per1-per2
139:                ls$naturalidade/santo isidro, termo de montemor o velho, freguesia de ....
140:                ls$residencia/casal novo
141: 
142:             mae$josefa manuel/id=b1717.8-per1-per3
143:                ls$naturalidade/casal novo
144: 
145:             pad$manuel/id=b1717.8-per4
146:                ls$ec/s
147: 
148:                ppad$joao francisco/id=b1717.8-per5
149: 
150:             mad$isabel/id=b1717.8-per6
151:                ls$ec/s
152: 
153:                pmad$diogo jorge/id=b1717.8-per7
154:                   ls$residencia/casal novo
155: 
156:       bap$b1717.9/17/1/1717/?/igreja de s. tiago
157: 
158: bap$b1717.9
158:          n$mariana/f/id=b1717.9-per1
159: 
160:             pai$joao goncalves bizarro/id=b1717.9-per1-per2
161:                ls$naturalidade/carvalhal da azoia
162:                ls$residencia/pinheiro
163: 
164:             mae$maria madeira/id=b1717.9-per1-per3
165: 
166:             pad$manuel simoes/id=b1717.9-per4
167:                ls$residencia/pinheiro
168: 
169:             mad$isabel/id=b1717.9-per5
170:                ls$ec/s
171: 
172:                pmad$manuel goncalves/id=b1717.9-per6
173:                   ls$alcunha/rafil?
174: 
175:       bap$b1717.10/21/1/1717/?/igreja de s. tiago
176: 
177: bap$b1717.10
177:          n$jose/m/id=b1717.10-per1
178: 
179:             pai$jose soares/id=b1717.10-per1-per2
180:                ls$residencia/paleao
181: 
182:             mae$ana maria/id=b1717.10-per1-per3
183:                ls$naturalidade/casais de s.mateus
184: 
185:             pad$jose pereira/id=bpad21011717
186:                ls$ec/s
187:                ls$residencia/soure
188: 
189:             mad$ines/id=b1717.10-per4
190:                ls$ec/s
191:                rel$parentesco/irma/jose pereira/bpad21011717
192: 
193:       bap$b1717.11/19/1/1717/?/igreja de s. tiago/obs=data sic
194: 
195: bap$b1717.11
195:          n$rosa/f/id=b1717.11-per1
196: 
197:             pai$alexandre mendes ravasco/id=b1717.11-per1-per2
198:                ls$residencia/soure
199:                ls$naturalidade/soure
200: 
201:             mae$mariana luisa/id=b1717.11-per1-per3
202:                ls$naturalidade/sobral
203: 
204:                pmae$joao rodrigues/id=bpmae19011717
205:                   ls$residencia/sobral
206: 
207:             pad$joao de jesus/id=b1717.11-per4
208:                ls$profissao/padre
209: 
210:             mad$rosa/id=b1717.11-per5
211:                ls$ec/s
212: 
213:                pmad$joao rodrigues/mesmo_que=bpmae19011717/id=b1717.11-per6
214: 
215:       bap$b1717.12/24/1/1717/?/igreja de s. tiago
216: 
217: bap$b1717.12
217:          n$jose/m/id=b1717.12-per1
218: 
219:             pai$manuel domingues/id=b1717.12-per1-per2
220:                ls$alcunha/moco
221:                ls$residencia/casconho
222:                ls$naturalidade/casconho
223: 
224:             mae$isabel francisca/id=b1717.12-per1-per3
225:                ls$naturalidade/casconho
226: 
227:             pad$pedro francisco/id=bpad24011717
228:                ls$residencia/soure
229: 
230:             mad$maria/id=b1717.12-per4
231:                ls$ec/s
232:                rel$parentesco/filha/pedro francisco/bpad24011717
233: 
234:       bap$b1717.13/25/1/1717/?/igreja de s. tiago/obs=baptizada em necessidade
235: 
236: bap$b1717.13
236:          n$maria/f/id=b1717.13-per1
237: 
238:             pai$manuel goncalves/id=b1717.13-per1-per2
239:                ls$alcunha/moco
240:                ls$residencia/casal do leonel
241:                ls$naturalidade/casal velha
242: 
243:             mae$isabel goncalves/id=b1717.13-per1-per3
244:                ls$naturalidade/alencarce de cima
245: 
246:             pad$domingos antunes/id=b1717.13-per4
247:                ls$residencia/carvalheira de baixo
248: 
249:             mad$maria pereira/id=b1717.13-per5
250:                ls$ec/s
251:                ls$residencia/casa velha
252: 
253:       bap$b1717.14/25/1/1717/?/igreja de s. tiago
254: 
255: bap$b1717.14
255:          n$manuel/m/id=b1717.14-per1
256: 
257:             pai$jose velho/id=b1717.14-per1-per2
258:                ls$profissao/barbeiro
259:                ls$naturalidade/soure
260:                ls$residencia/soure
261: 
262:             mae$maria de lemos/id=b1717.14-per1-per3
263: 
264:             pad$felix de almeida do amaral/id=b1717.14-per4
265:                ls$nome/felix de almeida
266:                ls$residencia/quinta de s.tome
267: 
268:             mad$barbara/id=b1717.14-per5
269:                ls$titulo/dona
270: 
271:                mmad$madalena/id=b1717.14-per6
272:                   ls$titulo/dona
273:                   ls$residencia/soure
274: 
275:       bap$b1717.15/26/1/1717/?/igreja de s. tiago
276: 
277: bap$b1717.15
277:          n$joao/m/id=b1717.15-per1
278: 
279:             pai$jordao de campos/id=b1717.15-per1-per2
280:                ls$naturalidade/carvaleira de cima
281:                ls$residencia/carvalheira de cima
282: 
283:             mae$feliciana da costa/id=b1717.15-per1-per3
284:                ls$naturalidade/carvalheira de cima
285: 
286:             pad$joao/id=b1717.15-per4
287:                ls$ec/s
288: 
289:                ppad$manuel rodrigues falcao/id=b1717.15-per5
290:                   ls$residencia/porto coelheiro
291: 
292:             mad$maria/id=b1717.15-per6
293:                ls$ec/s
294: 
295:                pmad$afonso lopes/id=b1717.15-per7
296:                   ls$residencia/laranjeiras%termo da redinha
297: 
298:       bap$b1717.16/31/1/1717/?/igreja de s. tiago
299: 
300: bap$b1717.16
300:          n$maria/f/id=b1717.16-per1
301: 
302:             pai$domingos cordeiro/id=b1717.16-per1-per2
303:                ls$residencia/casal do migalho
304:                ls$naturalidade/casal novo
305: 
306:             mae$isabel dos santos/id=b1717.16-per1-per3
307:                ls$naturalidade/casal do migalho
308: 
309:             pad$joao/id=b1717.16-per4
310:                ls$ec/s
311: 
312:                mpad$francisca jorge/id=b1717.16-per5
313:                   ls$ec/v
314:                   ls$residencia/casal do migalho
315: 
316:             mad$catarina cordeiro/id=b1717.16-per6
317: 
318:                mrmad$manuel duarte/id=b1717.16-per7
319:                   ls$residencia/casal do migalho
320: 
321:       bap$b1717.17/31/1/1717/?/igreja de s. tiago
322: 
323: bap$b1717.17
323:          n$helena/f/id=b1717.17-per1
324: 
325:             pai$diogo da costa/id=b1717.17-per1-per2
326:                ls$residencia/casa velha
327:                ls$naturalidade/casa velha
328: 
329:             mae$ines da costa/id=b1717.17-per1-per3
330:                ls$naturalidade/casal da lajem
331: 
332:             pad$domingos lopes/id=bpad310101717
333:                ls$residencia/casa velha
334: 
335:             mad$caetana/id=b1717.17-per4
336:                rel$parentesco/filha/domingos lopes/bpad310101717
337: 
338:       bap$b1717.18/31/1/1717/?/igreja de s. tiago
339: 
340: bap$b1717.18
340:          n$francisco/m/id=bn31011717
341: 
342:             pai$jose henriques cavaco/id=bpai31011717
343:                ls$residencia/soure
344:                ls$naturalidade/soure
345: 
346:             mae$helena da cruz/id=bmae31011717
347:                ls$naturalidade/almodover, freguesia campo de ourique
348: 
349:             pad$rodrigo homem de quadros/id=b1717.18-per1
350: 
351:             mad$isabel da silva/id=b1717.18-per2
352: 
353:             referido$tomas/id=b1717.18-per3
354:                rel$parentesco/filho/isabel da silva/c6-7-isa
355: 
356:       bap$b1717.19/31/1/1717/?/igreja de s. tiago
357: 
358: bap$b1717.19
358:          n$jose/m/id=b1717.19-per1
359:             rel$parentesco/irmao gemeo/francisco/bn31011717
360: 
361:             pai$jose henriques cavaco/mesmo_que=bpai31011717/id=b1717.19-per1-per2
362:                ls$residencia/soure
363:                ls$naturalidade/soure
364: 
365:             mae$helena da cruz/mesmo_que=bmae31011717/id=b1717.19-per1-per3
366:                ls$naturalidade/almodover, freguesia campo de ourique
367: 
368:             pad$joao henriques cavaco/id=b1717.19-per4
369: 
370:             mad$josefa de azevedo/id=bmad31011717
371:                ls$ec/s
372: 
373:             referido$francisco homem de azevedo/id=br31011717
374:                rel$sociabilidade/procurador em baptismo/josefa de azevedo/bmad31011717
375: 
376:       bap$b1717.20/2/2/1717/?/igreja de s. tiago
377: 
378: bap$b1717.20
378:          n$bento/m/id=b1717.20-per1
379: 
380:             pai$antonio joao/id=b1717.20-per1-per2
381:                ls$residencia/fonte da bica
382:                ls$naturalidade/pelariga, freguesia de pombal
383: 
384:             mae$maria francisca/id=b1717.20-per1-per3
385:                ls$naturalidade/casal da fonte da bica
386: 
387:             pad$bento de oliveira/id=b1717.20-per4
388:                ls$residencia/granja do ulmeiro, freguesia de granja do ulmeiro
389:                ls$freguesia/granja do ulmeiro
390: 
391:             mad$ana de mendonca/id=b1717.20-per5
392: 
393:                mrmad$antonio dos santos/id=b1717.20-per6
394:                   ls$profissao/cirurgiao
395:                   ls$residencia/soure
396: 
397:       bap$b1717.21/2/2/1717/?/igreja de s. tiago
398: 
399: bap$b1717.21
399:          n$maria/f/id=b1717.21-per1
400: 
401:             pai$simao vaz/id=b1717.21-per1-per2
402:                ls$residencia/casal da pouca pena
403:                ls$naturalidade/casal da pouca pena
404: 
405:             mae$luisa bernardes/id=b1717.21-per1-per3
406:                ls$naturalidade/casal da pouca pena
407: 
408:             pad$antonio simoes/id=b1717.21-per4
409:                ls$residencia/ega, freguesia da ega
410:                ls$freguesia/ega
411: 
412:             mad$maria bernardes/id=b1717.21-per5
413: 
414:                mrmad$luis carvalho/id=b1717.21-per6
415:                   ls$residencia/casal da pouca pena
416: 
417:       bap$b1717.22/7/2/1717/?/igreja de s. tiago
418: 
419: bap$b1717.22
419:          n$jose/m/id=b1717.22-per1
420: 
421:             pai$manuel jorge/id=b1717.22-per1-per2
422:                ls$alcunha/moco
423:                ls$residencia/casal de marzagao
424:                ls$naturalidade/casal do marzagao
425: 
426:             mae$maria francisca/id=b1717.22-per1-per3
427:                ls$naturalidade/casal da rola, freguesia do lourical
428: 
429:             pad$jose/id=b1717.22-per4
430:                ls$ec/s
431: 
432:                ppad$manuel jorge/id=b1717.22-per5
433:                   ls$alcunha/velho
434:                   ls$residencia/casal de marzagao
435: 
436:             mad$gracia francisca/id=b1717.22-per6
437:                ls$ec/v
438:                ls$residencia/casal dos chaos, freguesia da almagreira
439:                ls$freguesia/almagreira
440: 
441:       bap$b1717.23/7/2/1717/?/igreja de s. tiago
442: 
443: bap$b1717.23
443:          n$manuel/m/id=b1717.23-per1
444: 
445:             pai$manuel goncalves/id=b1717.23-per1-per2
446:                ls$residencia/casal da portela
447:                ls$naturalidade/casal da portela
448: 
449:             mae$isabel gaspar/id=b1717.23-per1-per3
450:                ls$naturalidade/casal da portela
451: 
452:             pad$joao madeira/id=bpad07021717
453:                ls$residencia/carvalheira de baixo
454: 
455:             mad$natalia/id=b1717.23-per4
456:                ls$ec/s
457:                rel$parentesco/filha/joao madeira/bpad07021717
458: 
459:       bap$b1717.24/8/2/1717/?/igreja de s. tiago
460: 
461: bap$b1717.24
461:          n$maria/f/id=b1717.24-per1
462: 
463:             pai$jose antunes/id=b1717.24-per1-per2
464:                ls$residencia/casal das brancas
465:                ls$naturalidade/casal das brancas
466: 
467:             mae$mariana rodrigues/id=b1717.24-per1-per3
468:                ls$naturalidade/casal das brancas
469: 
470:             pad$joao da costa de vasconcelos/id=b1717.24-per4
471:                ls$residencia/soure
472: 
473:             mad$maria da gante/id=b1717.24-per5
474: 
475:                mrmad$manuel vaz/id=b1717.24-per6
476:                   ls$residencia/casal das brancas
477: 
478:       bap$b1717.25/14/2/1717/?/igreja de s. tiago
479: 
480: bap$b1717.25
480:          n$josefa/f/id=b1717.25-per1
481: 
482:             pai$miguel da costa/id=b1717.25-per1-per2
483:                ls$residencia/paleao
484:                ls$naturalidade/casal do malvado
485: 
486:             mae$maria aires/id=b1717.25-per1-per3
487:                ls$naturalidade/paleao
488: 
489:             pad$agostinho tavares de sousa/id=bpad14021717
490:                ls$residencia/lisboa, freguesia de
491:                ls$freguesia/lisboa ?
492: 
493:             mad$isabel cardoso/id=b1717.25-per4
494:                ls$ec/s
495:                ls$residencia/casal de porto panelas
496: 
497:             referido$joao gaspar/id=br14021717
498:                ls$residencia/paleao
499:                rel$sociabilidade/procurador em baptismo/agostinho tavares de sousa/bpad14021717
500: 
501:       bap$b1717.26/18/2/1717/?/igreja de s. tiago
502: 
503: bap$b1717.26
503:          n$francisco/m/id=b1717.26-per1
504: 
505:             pai$paulo antunes/id=b1717.26-per1-per2
506:                ls$residencia/casal das brancas
507:                ls$naturalidade/casal das brancas
508: 
509:             mae$catarina ferreira/id=b1717.26-per1-per3
510:                ls$naturalidade/casal das brancas
511: 
512:             pad$francisco couceiro/id=b1717.26-per4
513:                ls$residencia/s.martinho da arvore, freguesia de s.martinho da arvore
514:                ls$freguesia/s.martinho da arvore
515: 
516:             mad$francisca ferreira/id=b1717.26-per5
517:                ls$ec/s
518:                ls$residencia/casal das brancas
519: 
520:       bap$b1717.27/20/2/1717/?/igreja de s. tiago
521: 
522: bap$b1717.27
522:          n$luis/m/id=b1717.27-per1
523: 
524:             pai$joao rodrigues/id=b1717.27-per1-per2
525:                ls$residencia/quinta dos anjos
526:                ls$naturalidade/casal da charneca
527: 
528:             mae$maria ferreira/id=b1717.27-per1-per3
529:                ls$naturalidade/casal dos fatacos
530: 
531:             pad$joao pinheiro/id=b1717.27-per4
532:                ls$residencia/quinta dos anjos
533: 
534:             mad$maria pereira/id=b1717.27-per5
535:                ls$ec/s
536:                ls$residencia/soure
537: 
538:       bap$b1717.28/21/2/1717/?/igreja de s. tiago
539: 
540: bap$b1717.28
540:          n$domingos/m/id=b1717.28-per1
541: 
542:             pai$antonio madeira/id=b1717.28-per1-per2
543:                ls$residencia/cascao
544:                ls$naturalidade/alencarce de baixo
545: 
546:             mae$francisca madeira/id=b1717.28-per1-per3
547:                ls$naturalidade/cascao
548: 
549:             pad$domingos joao/id=b1717.28-per4
550:                ls$profissao/padre
551:                ls$residencia/alencarce
552: 
553:             mad$maria/id=b1717.28-per5
554:                ls$ec/s
555: 
556:                mmad$isabel gaspar/id=b1717.28-per6
557:                   ls$ec/v
558:                   ls$residencia/alencarce de cima
559: 
560:       bap$b1717.29/21/2/1717/?/igreja de s. tiago
561: 
562: bap$b1717.29
562:          n$isabel/f/id=b1717.29-per1
563: 
564:             pai$joao francisco/id=b1717.29-per1-per2
565:                ls$residencia/mogadouro
566:                ls$naturalidade/sobral
567: 
568:             mae$isabel joao/id=b1717.29-per1-per3
569:                ls$naturalidade/mogadouro
570: 
571:             pad$mateus de carvalho/id=b1717.29-per4
572:                ls$residencia/mogadouro
573: 
574:             mad$clara rodrigues/id=b1717.29-per5
575: 
576:                mrmad$manuel goncalves branco/id=b1717.29-per6
577:                   ls$alcunha/moco
578:                   ls$residencia/mogadouro
579: 
580:       bap$b1717.30/27/2/1717/?/igreja de s. tiago
581: 
582: bap$b1717.30
582:          n$antonio/m/id=b1717.30-per1
583: 
584:             pai$manuel domingues/id=b1717.30-per1-per2
585:                ls$residencia/simoes
586:                ls$naturalidade/casais da misericordia
587: 
588:             mae$ana joao/id=b1717.30-per1-per3
589:                ls$naturalidade/simoes
590: 
591:             pad$henrique barbosa canais/id=b1717.30-per4
592: 
593:             mad$antonia/id=b1717.30-per5
594:                ls$titulo/dona
595: 
596:                mmad$madalena/id=bmmad27021717
597:                   ls$titulo/dona
598:                   ls$residencia/soure
599:                   ls$ec/v
600: 
601:             referido$antonio manhos de abreu/id=b1717.30-per6
602:                ls$titulo/licenciado
603:                rel$sociabilidade/procurador em baptismo/madalena/bmmad27021717
604: 
605:       bap$b1717.31/27/2/1717/?/igreja de s. tiago
606: 
607: bap$b1717.31
607:          n$helena/f/id=b1717.31-per1
608: 
609:             pai$jose simoes/id=b1717.31-per1-per2
610:                ls$residencia/casa velha
611:                ls$naturalidade/abiul, freguesia de abiul
612: 
613:             mae$maria pedrosa/id=b1717.31-per1-per3
614:                ls$naturalidade/casa velha
615: 
616:             pad$manuel lopes/id=b1717.31-per4
617:                ls$residencia/casa velha
618: 
619:             mad$maria/id=b1717.31-per5
620:                ls$ec/s
621: 
622:                pmad$joao simoes/id=b1717.31-per6
623:                   ls$residencia/casal novo
624: 
625:       bap$b1717.32/28/2/1717/?/igreja de s. tiago
626: 
627: bap$b1717.32
627:          n$manuel/m/id=b1717.32-per1
628: 
629:             pai$manuel rodrigues/id=b1717.32-per1-per2
630:                ls$residencia/alencarce de cima
631:                ls$naturalidade/alencarce de cima
632: 
633:             mae$maria joao/id=b1717.32-per1-per3
634:                ls$naturalidade/alencarce de cima
635: 
636:             pad$manuel simoes/id=b1717.32-per4
637:                ls$residencia/soure
638: 
639:             mad$maria/id=b1717.32-per5
640:                ls$ec/s
641: 
642:                pmad$francisco madeira/id=b1717.32-per6
643:                   ls$residencia/alencarce de cima
644: 
645:       bap$b1717.33/28/2/1717/?/igreja de s. tiago
646: 
647: bap$b1717.33
647:          n$clemente/m/id=bn28021717
648: 
649:             pai$manuel rodrigues marmeleiro/id=bpai28021717
650:                ls$residencia/casal de alencarce
651:                ls$naturalidade/casal de alencarce
652: 
653:             mae$maria antunes/id=bmae28021717
654:                ls$naturalidade/casais da ega, freguesia da ega
655: 
656:             pad$antonio/id=b1717.33-per1
657: 
658:                mpad$ana ferreira/id=bmpad28021717
659:                   ls$ec/v
660:                   ls$residencia/alencarce
661: 
662:             mad$ana/id=b1717.33-per2
663:                rel$parentesco/filha/ana ferreira/bmpad28021717
664: 
665:       bap$b1717.34/28/2/1717/?/igreja de s. tiago
666: 
667: bap$b1717.34
667:          n$jose/m/id=b1717.34-per1
668:             rel$parentesco/irmao gemeo/clemente/bn28021717
669: 
670:             pai$manuel rodrigues marmeleiro/mesmo_que=bpai28021717/id=b1717.34-per1-per2
671:                ls$residencia/casal de alencarce
672:                ls$naturalidade/casal de alencarce
673: 
674:             mae$maria antunes/mesmo_que=bmae28021717/id=b1717.34-per1-per3
675:                ls$naturalidade/casais da ega, freguesia da ega
676: 
677:             pad$manuel/id=b1717.34-per4
678:                ls$ec/s
679: 
680:                mpad$maria simoes/id=b1717.34-per5
681:                   ls$residencia/casal de alencarce
682: 
683:             mad$josefa de carvalho/id=bmad28021717
684:                ls$residencia/casal de alencarce
685: 
686:             referida$maria simoes/id=br28021717
687:                rel$sociabilidade/procurador em baptismo/josefa de carvalho/bmad28021717
688: 
689:       bap$b1717.35/1/3/1717/?/igreja de s. tiago
690: 
691: bap$b1717.35
691:          n$mariana/f/id=b1717.35-per1
692: 
693:             pai$antonio francisco baralhao/id=b1717.35-per1-per2
694:                ls$residencia/soure
695:                ls$naturalidade/soure
696: 
697:             mae$domingas rodrigues/id=b1717.35-per1-per3
698:                ls$naturalidade/casal dos beltroes
699: 
700:             pad$francisco da trindade/id=b1717.35-per4
701:                ls$cargo/ermitao de s.francisco
702: 
703:             mad$maria/id=b1717.35-per5
704:                ls$ec/s
705: 
706:                pmad$manuel de brito/id=b1717.35-per6
707:                   ls$residencia/soure
708: 
709:       bap$b1717.36/5/3/1717/?/igreja de s. tiago
710: 
711: bap$b1717.36
711:          n$antonio/m/id=b1717.36-per1
712: 
713:             pai$manuel rodrigues fuseiro/id=b1717.36-per1-per2
714:                ls$residencia/casais da lajem
715:                ls$naturalidade/casais da lajem
716: 
717:             mae$luisa francisca/id=b1717.36-per1-per3
718:                ls$naturalidade/figueiro do campo, freguesia de figueiro do campo
719: 
720:             pad$clemente martins da costa/id=bpad05031717
721:                ls$profissao/padre
722:                ls$residencia/pinheiro
723: 
724:             mad$antonia/id=b1717.36-per4
725:                ls$ec/s
726:                rel$parentesco/irma/clemente martins da costa/bpad05031717
727: 
728:       bap$b1717.37/8/3/1717/?/igreja de s. tiago
729: 
730: bap$b1717.37
730:          n$manuel/m/id=bn08031717
731: 
732:             pai$antonio rodrigues/id=bn08031717-per1
733:                ls$residencia/moinhos do paleao
734:                ls$naturalidade/palagueira, freguesia de cadima
735: 
736:             mae$isabel jorge/id=bn08031717-per2
737:                ls$naturalidade/casais de s.mateus
738: 
739:             pad$francisco rodrigues gante/id=b1717.37-per3
740: 
741:             mad$maria/id=b1717.37-per4
742:                ls$ec/s
743: 
744:                pmad$joao rodrigues perna/id=b1717.37-per5
745:                   ls$residencia/moinhos do paleao
746: 
747:             referido$maria gomes/id=br08031717
748:                rel$parentesco/mulher/antonio gomes/br08031717b
749:                rel$sociabilidade/baptisou em necessidade/manuel/bn08031717
750: 
751:             referido$antonio gomes/id=br08031717b
752:                ls$alcunha/fadario
753:                ls$residencia/paleao
754: 
755:       bap$b1717.38/17/3/1717/?/igreja de s. tiago
756: 
757: bap$b1717.38
757:          n$maria/f/id=b1717.38-per1
758: 
759:             pai$manuel joao/id=b1717.38-per1-per2
760:                ls$residencia/simoes
761:                ls$naturalidade/simoes
762: 
763:             mae$isabel rodrigues/id=b1717.38-per1-per3
764:                ls$naturalidade/simoes
765: 
766:             pad$manuel domingues/id=b1717.38-per4
767:                ls$residencia/simoes
768: 
769:             mad$antonia/id=b1717.38-per5
770:                ls$ec/s
771: 
772:                pmad$francisco joao/id=b1717.38-per6
773:                   ls$residencia/delgados
774: 
775:       bap$b1717.39/21/3/1717/?/igreja de s. tiago
776: 
777: bap$b1717.39
777:          n$helena/f/id=b1717.39-per1
778: 
779:             pai$antonio alvares ribeiro/id=b1717.39-per1-per2
780:                ls$residencia/soure
781:                ls$naturalidade/farroeira, freguesia de pucos
782: 
783:             mae$maria dos santos/id=b1717.39-per1-per3
784:                ls$naturalidade/soure
785: 
786:             pad$joao dos santos/id=b1717.39-per4
787:                ls$titulo/frei
788:                ls$cargo/vigario de tapeus
789: 
790:             mad$maria/id=bmad21031717
791:                ls$ec/s
792: 
793:                pmad$domingos lopes/id=b1717.39-per5
794:                   ls$residencia/casa velha
795: 
796:             referido$jose/id=br21031717
797:                rel$parentesco/irmao/maria/bmad21031717
798: 
799:       bap$b1717.40/27/3/1717/?/igreja de s. tiago
800: 
801: bap$b1717.40
801:          n$manuel/m/id=b1717.40-per1
802: 
803:             pai$simao domingues/id=b1717.40-per1-per2
804:                ls$residencia/paleao
805:                ls$naturalidade/quinta de porto coelheiro
806: 
807:             mae$maria simoes/id=b1717.40-per1-per3
808:                ls$naturalidade/casal dos feijoes
809: 
810:             pad$joao gaspar/id=b1717.40-per4
811:                ls$ec/s
812:                ls$residencia/paleao
813: 
814:             mad$isabel de s.miguel/id=b1717.40-per5
815: 
816:                mrmad$domingos goncalves galhardo/id=b1717.40-per6
817:                   ls$titulo/doutor
818:                   ls$residencia/soure
819: 
820:       bap$b1717.41/30/3/1717/?/igreja de s. tiago
821: 
822: bap$b1717.41
822:          n$teresa/f/id=b1717.41-per1
823: 
824:             pai$joao coelho/id=b1717.41-per1-per2
825:                ls$residencia/casal da corujeira
826:                ls$naturalidade/vila nova de ancos
827: 
828:             mae$maria simoes/id=b1717.41-per1-per3
829:                ls$naturalidade/casal da corujeira
830: 
831:             pad$francisco rodrigues gante/id=bpad30031717
832:                ls$residencia/moinhos do paleao
833: 
834:             mad$caetana/id=b1717.41-per4
835:                rel$parentesco/filha/francisco rodrigues gante/bpad30031717
836: 
837:       bap$b1717.42/30/3/1717/?/igreja de s. tiago/obs=sem madrinha
838: 
839: bap$b1717.42
839:          n$maria/f/id=b1717.42-per1
840: 
841:             pai$joao andre/id=b1717.42-per1-per2
842:                ls$residencia/alemanha,sujeitos ao imperio
843:                ls$naturalidade/alemanha,sujeitos ao imperio
844:                ls$profissao/peregrinos%`a mg "pobre peregrinos"
845: 
846:             mae$joana meycelim/id=b1717.42-per1-per3
847: 
848:             pad$sebastiao colaco leitao/id=b1717.42-per4
849:                ls$residencia/soure
850:                rel$parentesco/primo/manuel pessoa leitao/ppessoa
851: 
852:             referido$manuel pessoa leitao/id=b1717.42-per5
853: 
854:       bap$b1717.43/31/3/1717/?/igreja de s. tiago
855: 
856: bap$b1717.43
856:          n$jose/m/id=b1717.43-per1
857: 
858:             pai$jose luis/id=b1717.43-per1-per2
859:                ls$residencia/casal da corujeira
860:                ls$naturalidade/casal da corujeira
861: 
862:             mae$teresa de oliveira/id=b1717.43-per1-per3
863:                ls$naturalidade/casal da corcozes
864: 
865:             pad$lourenco rodrigues/id=b1717.43-per4
866:                ls$residencia/casal do cano
867: 
868:             mad$isabel gomes/id=b1717.43-per5
869: 
870:                mrmad$joao rodrigues perna/id=b1717.43-per6
871:                   ls$residencia/moinhos do paleao
872: 
873:       bap$b1717.44/4/4/1717/?/igreja de s. tiago
874: 
875: bap$b1717.44
875:          n$josefa/f/id=b1717.44-per1
876: 
877:             pai$manuel marques/id=b1717.44-per1-per2
878:                ls$residencia/podengos
879:                ls$naturalidade/paleao
880: 
881:             mae$catarina rodrigues%cna/f/id=b1717.44-per1-per3
882:                ls$naturalidade/podengos
883: 
884:             pad$manuel madeira/id=b1717.44-per4
885:                ls$residencia/cascao
886: 
887:             mad$alda cruz/id=b1717.44-per5
888:                ls$ec/s
889:                ls$residencia/porto panelas
890: 
891:       bap$b1717.45/5/4/1717/?/igreja de s. tiago
892: 
893: bap$b1717.45
893:          n$joao/m/id=b1717.45-per1
894: 
895:             pai$manuel francisco/id=b1717.45-per1-per2
896:                ls$residencia/casa velha
897:                ls$naturalidade/casa velha
898: 
899:             mae$agueda soares/id=b1717.45-per1-per3
900:                ls$naturalidade/casa velha
901: 
902:             pad$joao cordeiro/id=b1717.45-per4
903:                ls$ec/s
904:                ls$residencia/soure
905: 
906:             mad$maria cordeiro/id=b1717.45-per5
907: 
908:                mrmad$joao mateus/id=b1717.45-per6
909:                   ls$residencia/soure
910: 
911:       bap$b1717.46/7/4/1717/?/igreja de s. tiago
912: 
913: bap$b1717.46
913:          n$antonia/f/id=b1717.46-per1
914: 
915:             pai$jose rodrigues/id=b1717.46-per1-per2
916:                ls$residencia/casais de s.mateus
917:                ls$naturalidade/casais de s.mateus
918: 
919:             mae$isabel simoes/id=b1717.46-per1-per3
920:                ls$naturalidade/casais de s.mateus
921: 
922:             pad$jose ferreira/id=bpad07041717
923:                ls$ec/s
924: 
925:             mad$ines/id=b1717.46-per4
926:                ls$ec/s
927:                rel$parentesco/irma/jose ferreira/bpad07041717
928: 
929:       bap$b1717.47/11/4/1717/?/igreja de s. tiago
930: 
931: bap$b1717.47
931:          n$paulo/m/id=b1717.47-per1
932: 
933:             pai$domingos joao/id=b1717.47-per1-per2
934:                ls$residencia/casal da pouca pena
935:                ls$naturalidade/casais da ega, freguesia da ega
936: 
937:             mae$madalena joao/id=b1717.47-per1-per3
938:                ls$naturalidade/casais da pouca pena
939: 
940:             pad$paulo antunes/id=bpad11041717
941:                ls$profissao/padre
942: 
943:             mad$isabel/id=b1717.47-per4
944:                ls$ec/s
945:                rel$parentesco/irma/paulo antunes/bpad11041717
946:                ls$residencia/assamassa
947: 
948:       bap$b1717.48/11/4/1717/?/igreja de s. tiago
949: 
950: bap$b1717.48
950:          n$maria/f/id=b1717.48-per1
951: 
952:             pai$manuel rodrigues/id=b1717.48-per1-per2
953:                ls$residencia/casal da lajem
954:                ls$naturalidade/casal da lajem
955: 
956:             mae$isabel rodrigues/id=b1717.48-per1-per3
957:                ls$naturalidade/soure
958: 
959:             pad$clemente martins da costa/id=bpad11041717b
960:                ls$profissao/padre
961: 
962:             mad$antonia/id=b1717.48-per4
963:                rel$parentesco/irma/clemente martins da costa/bpad11041717b
964: 
965:       bap$b1717.49/15/4/1717/?/igreja de s. tiago
966: 
967: bap$b1717.49
967:          n$luis/m/id=b1717.49-per1
968: 
969:             pai$joao antunes/id=b1717.49-per1-per2
970:                rel$parentesco/irmao/paulo antunes/bpad11041717
971:                ls$residencia/assamassa
972:                ls$naturalidade/assamassa
973: 
974:             mae$petronilha alvares/id=b1717.49-per1-per3
975:                ls$naturalidade/vila nova de ancos, freguesia de vila nova de ancos
976: 
977:             pad$luis manhos/id=b1717.49-per4
978: 
979:             mad$maria/id=b1717.49-per5
980:                ls$ec/s
981: 
982:                pmad$afonso lopes/id=b1717.49-per6
983:                   ls$residencia/laranjeira, freguesia de tapeus
984:                   ls$freguesia/tapeus
985: 
986:       bap$b1717.50/15/4/1717/?/igreja de s. tiago
987: 
988: bap$b1717.50
988:          n$joao/m/id=b1717.50-per1
989: 
990:             pai$antonio mateus/id=b1717.50-per1-per2
991:                ls$residencia/soure
992:                ls$naturalidade/casal cimeiro, freguesia de figueiro do campo
993: 
994:             mae$esperanca simoes/id=b1717.50-per1-per3
995:                ls$naturalidade/pinheiro
996: 
997:             pad$joao pinheiro/id=b1717.50-per4
998: 
999:             mad$maria/id=b1717.50-per5
1000:                ls$ec/s
1001: 
1002:                pmad$manuel carvalho vieira/id=b1717.50-per6
1003:                   ls$residencia/soure
1004: 
1005:       bap$b1717.51/16/4/1717/?/igreja de s. tiago
1006: 
1007: bap$b1717.51
1007:          n$jose/m/id=b1717.51-per1
1008: 
1009:             pai$gregorio de oliveira/id=b1717.51-per1-per2
1010:                ls$residencia/paleao
1011:                ls$naturalidade/condeixa-a-velha, freguesia de condeixa-a-velha
1012: 
1013:             mae$antonia da conceicao/id=b1717.51-per1-per3
1014:                ls$naturalidade/paleao
1015: 
1016:             pad$jose rodrigues gante/id=b1717.51-per4
1017: 
1018:             mad$caetana/id=b1717.51-per5
1019:                ls$ec/s
1020: 
1021:                pmad$francisco rodrigues gante/id=b1717.51-per6
1022:                   ls$residencia/moinhos do paleao
1023: 
1024:       bap$b1717.52/22/4/1717/?/igreja de s. tiago
1025: 
1026: bap$b1717.52
1026:          n$catarina/f/id=b1717.52-per1
1027: 
1028:             pai$joao antunes/id=b1717.52-per1-per2
1029:                ls$residencia/casal das galinhas
1030:                ls$naturalidade/casal das brancas
1031: 
1032:             mae$catarina francisca/id=b1717.52-per1-per3
1033:                ls$naturalidade/cavaleiros
1034: 
1035:             pad$domingos goncalves galhardo/id=b1717.52-per4
1036: 
1037:             mad$antonia jorge/id=b1717.52-per5
1038: 
1039:                mrmad$joao pereira/id=b1717.52-per6
1040:                   ls$residencia/casal das galinhas
1041: 
1042:       bap$b1717.53/23/4/1717/?/igreja de s. tiago
1043: 
1044: bap$b1717.53
1044:          n$manuel/m/id=b1717.53-per1
1045: 
1046:             pai$antonio aires/id=b1717.53-per1-per2
1047:                ls$residencia/paleao
1048:                ls$naturalidade/paleao
1049: 
1050:             mae$josefa de oliveira/id=b1717.53-per1-per3
1051:                ls$naturalidade/condeixa-a-velha, freguesia de condeixa-a-velha
1052: 
1053:             pad$manuel rodrigues branco/id=b1717.53-per4
1054: 
1055:             mad$maria/id=b1717.53-per5
1056:                ls$ec/s
1057: 
1058:                pmad$antonio mendes/id=b1717.53-per6
1059:                   ls$residencia/paleao
1060: 
1061:       bap$b1717.54/2/5/1717/?/igreja de s. tiago
1062: 
1063: bap$b1717.54
1063:          n$maria/f/id=b1717.54-per1
1064: 
1065:             pai$joao rodrigues/id=b1717.54-per1-per2
1066:                ls$residencia/casais dos feijoes
1067:                ls$naturalidade/casais dos feijoes
1068: 
1069:             mae$maria soares/id=b1717.54-per1-per3
1070:                ls$naturalidade/paleao
1071: 
1072:             pad$jose pereira/id=b1717.54-per4
1073:                ls$ec/s
1074:                ls$residencia/casais de s.mateus
1075: 
1076:             mad$antonia/id=b1717.54-per5
1077:                ls$ec/s
1078: 
1079:                mmad$domingas joao/id=b1717.54-per6
1080:                   ls$ec/v
1081:                   ls$residencia/paleao
1082: 
1083:       bap$b1717.55/9/5/1717/?/igreja de s. tiago
1084: 
1085: bap$b1717.55
1085:          n$maria/f/id=b1717.55-per1
1086: 
1087:             pai$simao madeira/id=b1717.55-per1-per2
1088:                ls$residencia/alencarce de cima
1089:                ls$naturalidade/alencarce de cima
1090: 
1091:             mae$isabel francisca/id=b1717.55-per1-per3
1092:                ls$naturalidade/alencarce de cima
1093: 
1094:             pad$antonio madeira/id=b1717.55-per4
1095:                ls$residencia/cascao
1096: 
1097:             mad$germanesa/id=b1717.55-per5
1098:                ls$ec/s
1099: 
1100:                pmad$antonio gomes/id=b1717.55-per6
1101:                   ls$residencia/alencarce de cima
1102: 
1103:       bap$b1717.56/9/5/1717/?/igreja de s. tiago
1104: 
1105: bap$b1717.56
1105:          n$maria/f/id=b1717.56-per1
1106: 
1107:             pai$simao gaspar/id=b1717.56-per1-per2
1108:                ls$residencia/casal dos barrosos
1109:                ls$naturalidade/casal da portela
1110: 
1111:             mae$maria simoes/id=b1717.56-per1-per3
1112:                ls$naturalidade/casal dos barrosos
1113: 
1114:             pad$domingos goncalves/id=b1717.56-per4
1115:                ls$residencia/casal dos barrosos
1116: 
1117:             mad$antonia/id=b1717.56-per5
1118:                ls$ec/s
1119: 
1120:                pmad$manuel pereira/id=b1717.56-per6
1121:                   ls$residencia/galiana, freguesia da redinha
1122:                   ls$freguesia/redinha
1123: 
1124:       bap$b1717.57/9/5/1717/?/igreja de s. tiago
1125: 
1126: bap$b1717.57
1126:          n$jose/m/id=b1717.57-per1
1127: 
1128:             pai$joao domingues/id=b1717.57-per1-per2
1129:                ls$residencia/casconho
1130:                ls$naturalidade/casconho
1131: 
1132:             mae$maria martins/id=b1717.57-per1-per3
1133:                ls$naturalidade/porto coelheiro
1134: 
1135:             pad$jose/id=bpad09051717
1136:                ls$ec/s
1137: 
1138:                ppad$simao duarte/id=b1717.57-per4
1139:                   ls$residencia/porto coelheiro
1140: 
1141:             mad$antonia/id=b1717.57-per5
1142:                rel$parentesco/irma/jose/bpad09051717
1143: 
1144:       bap$b1717.58/9/5/1717/?/igreja de s. tiago
1145: 
1146: bap$b1717.58
1146:          n$teresa/f/id=b1717.58-per1
1147: 
1148:             pai$manuel simoes faroleiro/id=b1717.58-per1-per2
1149:                ls$residencia/casal dos feijoes
1150:                ls$naturalidade/casal dos feijoes
1151: 
1152:             mae$maria madalena/id=b1717.58-per1-per3
1153:                ls$naturalidade/bonitos
1154: 
1155:             pad$joao mendes/id=bpad09051717b
1156:                ls$residencia/s.mateus
1157: 
1158:             mad$josefa/id=b1717.58-per4
1159:                ls$ec/s
1160:                rel$parentesco/filha/joao mendes/bpad09051717b
1161: 
1162:       bap$b1717.59/11/5/1717/?/igreja de s. tiago
1163: 
1164: bap$b1717.59
1164:          n$jose/m/id=b1717.59-per1
1165: 
1166:             pai$joao rodrigues monteiro/id=b1717.59-per1-per2
1167:                ls$residencia/simoes
1168:                ls$naturalidade/simoes
1169: 
1170:             mae$maria rodrigues/id=b1717.59-per1-per3
1171:                ls$naturalidade/simoes
1172: 
1173:             pad$manuel/id=b1717.59-per4
1174:                ls$ec/s
1175: 
1176:                ppad$manuel joao/id=b1717.59-per5
1177:                   ls$profissao/moleiro
1178:                   ls$residencia/areias
1179: 
1180:             mad$maria rodrigues/id=b1717.59-per6
1181: 
1182:                mrmad$joao rodrigues galego/id=b1717.59-per7
1183:                   ls$residencia/simoes
1184: 
1185:       bap$b1717.60/16/5/1717/?/igreja de s. tiago
1186: 
1187: bap$b1717.60
1187:          n$maria/f/id=b1717.60-per1
1188: 
1189:             pai$joao rodrigues/id=b1717.60-per1-per2
1190:                ls$residencia/casal de alencarce de cima
1191:                ls$naturalidade/casal de alencarce de cima
1192: 
1193:             mae$maria rodrigues/id=b1717.60-per1-per3
1194:                ls$naturalidade/casal de alencarce de cima
1195: 
1196:             pad$manuel martins/id=b1717.60-per4
1197:                ls$alcunha/moco
1198:                ls$residencia/cascao
1199: 
1200:             mad$maria/id=b1717.60-per5
1201:                ls$ec/s
1202: 
1203:                mmad$maria joao/id=b1717.60-per6
1204:                   ls$residencia/cascao
1205: 
1206:       bap$b1717.61/19/5/1717/?/igreja de s. tiago
1207: 
1208: bap$b1717.61
1208:          n$maria/f/id=bn19051717
1209:             ls$ilegitima/sim
1210: 
1211:             mae$luisa/id=bn19051717-per1
1212:                ls$ec/s
1213:                ls$residencia/soure
1214:                ls$naturalidade/soure
1215: 
1216:                pmae$joao rodrigues alvaro/id=bn19051717-per2
1217: 
1218:             pad$joao/id=b1717.61-per3
1219:                ls$ec/s
1220: 
1221:                ppad$sebastiao machado da costa/id=b1717.61-per4
1222: 
1223:             mad$vitoria da cruz/id=b1717.61-per5
1224: 
1225:                mrmad$manuel rodrigues duquezo/id=b1717.61-per6
1226:                   ls$residencia/soure
1227: 
1228:             referido$joao mendes/id=br19051717
1229:                ls$profissao/pedreiro
1230:                ls$residencia/soure
1231:                rel$sociabilidade/baptisou em necessidade/maria/bn19051717
1232: 
1233:       bap$b1717.62/27/5/1717/?/igreja de s. tiago
1234: 
1235: bap$b1717.62
1235:          n$ludegarda/f/id=bn27051717
1236: 
1237:             pai$jose leao/id=bn27051717-per1
1238:                ls$residencia/casal da lajem
1239:                ls$naturalidade/casal da lajem
1240: 
1241:             mae$catarina rodrigues/id=bn27051717-per2
1242:                ls$naturalidade/soure
1243: 
1244:             pad$manuel leao/id=b1717.62-per3
1245:                ls$residencia/soure
1246: 
1247:             mad$ludegarda/id=b1717.62-per4
1248:                ls$ec/s
1249: 
1250:                pmad$francisco lopes/id=b1717.62-per5
1251:                   ls$residencia/pinheiro
1252: 
1253:             referido$domingos leao/id=br27051717
1254:                rel$sociabilidade/baptisou em necessidade/ludegarda/bn27051717
1255: 
1256:       bap$b1717.63/27/5/1717/?/igreja de s. tiago
1257: 
1258: bap$b1717.63
1258:          n$manuel/m/id=b1717.63-per1
1259: 
1260:             pai$manuel rodrigues/id=b1717.63-per1-per2
1261:                ls$residencia/quinta de baixo%de rodrigo homem de quadros
1262:                ls$naturalidade/sobral
1263:                rel$vizinhanca/co-residente/rodrigo homem de quadros/b1717.63-per4
1264: 
1265:             mae$joana baptista/id=b1717.63-per1-per3
1266:                ls$naturalidade/casal do livreiro
1267: 
1268:             pad$rodrigo homem de quadros/id=b1717.63-per4/xmesmo_que=c6-7-rod
1269: 
1270:             mad$josefa de azevedo/id=b1717.63-per5
1271:                ls$ec/s
1272:                ls$residencia/soure
1273: 
1274:       bap$b1717.64/30/5/1717/?/igreja de s. tiago
1275: 
1276: bap$b1717.64
1276:          n$josefa/f/id=b1717.64-per1
1277: 
1278:             pai$manuel madeira/id=b1717.64-per1-per2
1279:                ls$residencia/casal de alencarce de cima
1280:                ls$naturalidade/casal de alencarce de cima
1281: 
1282:             mae$margarida simoes/id=b1717.64-per1-per3
1283:                ls$naturalidade/casal de alencarce de cima
1284: 
1285:             pad$jacinto da rocha/id=bpad30051717
1286:                ls$ec/s
1287:                ls$residencia/granja do ulmeiro, freguesia da granja do ulmeiro
1288:                ls$freguesia/granja do ulmeiro
1289:                rel$parentesco/filho/josefa de carvalho/bmad30051717
1290: 
1291:             mad$josefa de carvalho/id=bmad30051717
1292:                ls$residencia/casal de alencarce de cima
1293: 
1294:             referido$maria joao/id=br30051717
1295:                ls$residencia/casal de alencarce de cima
1296:                rel$parentesco/mulher/joao ramos/br30051717b
1297:                rel$sociabilidade/procurador em baptismo/josefa de carvalho/bmad30051717
1298: 
1299:             referido$joao ramos/id=br30051717b
1300: 
1301:             referido$tome velho/id=br30051717c
1302:                ls$residencia/soure
1303:                rel$sociabilidade/procurador em baptismo/jacinto da rocha/bpad30051717
1304: 
1305:       bap$b1717.65/13/6/1717/?/igreja de s. tiago
1306: 
1307: bap$b1717.65
1307:          n$maria/f/id=b1717.65-per1
1308: 
1309:             pai$jose rodrigues/id=b1717.65-per1-per2
1310:                ls$residencia/casal da amoreira
1311:                ls$naturalidade/casal da amoreira
1312: 
1313:             mae$catarina lourenco/id=b1717.65-per1-per3
1314:                ls$naturalidade/casal das galinhas
1315: 
1316:             pad$joao rodrigues/id=b1717.65-per4
1317:                ls$residencia/assamassa
1318: 
1319:             mad$maria da gante/id=b1717.65-per5
1320: 
1321:                mrmad$manuel vaz/id=b1717.65-per6
1322:                   ls$residencia/casal das galinhas
1323: 
1324:       bap$b1717.66/13/6/1717/?/igreja de s. tiago
1325: 
1326: bap$b1717.66
1326:          n$antonia/f/id=b1717.66-per1
1327: 
1328:             pai$domingos carvalho/id=b1717.66-per1-per2
1329:                ls$residencia/casal dos guerras
1330:                ls$naturalidade/casal dos guerras
1331: 
1332:             mae$isabel martins/id=b1717.66-per1-per3
1333:                ls$naturalidade/bonitos
1334: 
1335:             pad$joao francisco/id=b1717.66-per4
1336:                ls$residencia/mogadouro
1337: 
1338:             mad$antonia/id=b1717.66-per5
1339:                ls$ec/s
1340: 
1341:                pmad$francisco joao/id=b1717.66-per6
1342:                   ls$residencia/delgados
1343: 
1344:       bap$b1717.67/13/6/1717/?/igreja de s. tiago
1345: 
1346: bap$b1717.67
1346:          n$simao/m/id=b1717.67-per1
1347: 
1348:             pai$simao gomes/id=b1717.67-per1-per2
1349:                ls$residencia/paleao
1350:                ls$naturalidade/paleao
1351: 
1352:             mae$luisa rodrigues/id=b1717.67-per1-per3
1353:                ls$naturalidade/soure
1354: 
1355:             pad$carlos gomes/id=b1717.67-per4
1356:                ls$residencia/barril
1357: 
1358:             mad$maria gomes/id=b1717.67-per5
1359: 
1360:                mrmad$jose rodrigues/id=b1717.67-per6
1361:                   ls$residencia/porto das cabras
1362: 
1363:       bap$b1717.68/20/6/1717/?/igreja de s. tiago
1364: 
1365: bap$b1717.68
1365:          n$manuel/m/id=b1717.68-per1
1366: 
1367:             pai$manuel gaspar/id=b1717.68-per1-per2
1368:                ls$residencia/casa velha
1369:                ls$naturalidade/carregosa, freguesia da gesteira
1370: 
1371:             mae$mariana francisca/id=b1717.68-per1-per3
1372:                ls$naturalidade/casa velha
1373: 
1374:             pad$manuel/id=bpad20061717
1375:                ls$ec/s
1376: 
1377:                mpad$maria da costa/id=b1717.68-per4
1378:                   ls$ec/v
1379:                   ls$residencia/casa velha
1380: 
1381:             mad$leogarda/id=b1717.68-per5
1382:                rel$parentesco/irma/manuel/bpad20061717
1383: 
1384:       bap$b1717.69/27/6/1717/?/igreja de s. tiago
1385: 
1386: bap$b1717.69
1386:          n$maria/f/id=b1717.69-per1
1387: 
1388:             pai$mateus carvalho/id=b1717.69-per1-per2
1389:                ls$alcunha/moco
1390:                ls$residencia/casal das brancas
1391:                ls$naturalidade/casal das brancas
1392: 
1393:             mae$maria antunes/id=b1717.69-per1-per3
1394:                ls$naturalidade/casal do melrical
1395: 
1396:             pad$joao da costa de vasconcelos/id=b1717.69-per4
1397: 
1398:             mad$maria/id=b1717.69-per5
1399:                ls$ec/s
1400: 
1401:                pmad$jose carvalho/id=b1717.69-per6
1402:                   ls$residencia/casal das brancas
1403: 
1404:       bap$b1717.70/29/6/1717/?/igreja de s. tiago
1405: 
1406: bap$b1717.70
1406:          n$jose/m/id=b1717.70-per1
1407: 
1408:             pai$antonio goncalves/id=b1717.70-per1-per2
1409:                ls$residencia/cavaleiros
1410:                ls$naturalidade/alencarce de baixo
1411: 
1412:             mae$maria simoes/id=b1717.70-per1-per3
1413:                ls$naturalidade/cavaleiros
1414: 
1415:             pad$manuel/id=b1717.70-per4
1416:                ls$ec/s
1417: 
1418:                ppad$martinho goncalves/id=b1717.70-per5
1419:                   ls$residencia/alencarce de baixo
1420: 
1421:             mad$francisca/id=b1717.70-per6
1422:                ls$ec/s
1423: 
1424:                pmad$francisco simoes/id=b1717.70-per7
1425:                   ls$residencia/cavaleiros
1426: 
1427:       bap$b1717.71/1/7/1717/?/igreja de s. tiago
1428: 
1429: bap$b1717.71
1429:          n$joao/m/id=bn01071717
1430: 
1431:             pai$ascenso martins/id=bpai01071717
1432:                ls$residencia/casal da charneca
1433:                ls$naturalidade/casal da charneca
1434: 
1435:             mae$maria ferreira/id=bmae01071717
1436:                ls$naturalidade/casal da pouca pena
1437: 
1438:             pad$manuel francisco/id=b1717.71-per1
1439:                ls$residencia/casal do senhor
1440: 
1441:             mad$serafina ferreira/id=b1717.71-per2
1442: 
1443:                mrmad$manuel pereira/id=b1717.71-per3
1444:                   ls$residencia/casal do senhor
1445: 
1446:       bap$b1717.72/1/7/1717/?/igreja de s. tiago
1447: 
1448: bap$b1717.72
1448:          n$joana/f/id=b1717.72-per1
1449:             rel$parentesco/irma gemea/joao/bn01071717
1450: 
1451:             pai$ascenso martins/mesmo_que=bpai01071717/id=b1717.72-per1-per2
1452: 
1453:             mae$maria ferreira/mesmo_que=bmae01071717/id=b1717.72-per1-per3
1454: 
1455:             pad$manuel/id=b1717.72-per4
1456:                ls$ec/s
1457: 
1458:                ppad$antonio martins camousso/id=b1717.72-per5
1459:                   ls$residencia/soure
1460: 
1461:             mad$maria gomes/id=b1717.72-per6
1462: 
1463:                mrmad$jose rodrigues/id=b1717.72-per7
1464:                   ls$residencia/assamassa
1465: 
1466:       bap$b1717.73/3/7/1717/?/igreja de s. tiago
1467: 
1468: bap$b1717.73
1468:          n$gaspar/m/id=b1717.73-per1
1469: 
1470:             pai$gaspar rodrigues/id=b1717.73-per1-per2
1471:                ls$residencia/casal dos podengos
1472:                ls$naturalidade/casal das areias
1473: 
1474:             mae$antonia goncalves/id=b1717.73-per1-per3
1475:                ls$naturalidade/casal dos podengos
1476: 
1477:             pad$manuel rodrigues/id=b1717.73-per4
1478:                ls$profissao/padre
1479:                ls$cargo/vigario
1480: 
1481:             mad$maria/id=b1717.73-per5
1482:                ls$ec/s
1483: 
1484:                pmad$joao rodrigues perna/id=b1717.73-per6
1485:                   ls$residencia/moinhos do paleao
1486: 
1487:       bap$b1717.74/4/7/1717/?/igreja de s. tiago
1488: 
1489: bap$b1717.74
1489:          n$maria/f/id=bn04071717
1490: 
1491:             pai$ascenso rodrigues/id=bn04071717-per1
1492:                ls$residencia/alencarce de cima
1493:                ls$naturalidade/olho marinho
1494: 
1495:             mae$isabel goncalves/id=bn04071717-per2
1496:                ls$naturalidade/alencarce de cima
1497: 
1498:             pad$manuel rodrigues/id=b1717.74-per3
1499:                ls$residencia/lajem
1500: 
1501:             mad$esperanca da conceicao/id=b1717.74-per4
1502:                ls$ec/s
1503:                ls$residencia/casal de alencarce de cima
1504: 
1505:             referido$domingos joao/id=b1717.74-per5
1506:                rel$sociabilidade/baptisou em necessidade/maria/bn04071717
1507: 
1508:       bap$b1717.75/4/7/1717/?/igreja de s. tiago
1509: 
1510: bap$b1717.75
1510:          n$luisa/f/id=b1717.75-per1
1511: 
1512:             pai$jose luis/id=b1717.75-per1-per2
1513:                ls$residencia/casa velha
1514:                ls$naturalidade/casa velha
1515: 
1516:             mae$ines do esprito santo/id=b1717.75-per1-per3
1517:                ls$naturalidade/casa velha
1518: 
1519:             pad$domingos rodrigues/id=b1717.75-per4
1520:                ls$residencia/casa velha
1521: 
1522:             mad$maria luis/id=b1717.75-per5
1523: 
1524:                pmad$manuel luis/id=b1717.75-per6
1525:                   ls$residencia/casa velha
1526: 
1527:       bap$b1717.76/7/7/1717/?/igreja de s. tiago
1528: 
1529: bap$b1717.76
1529:          n$isabel/f/id=b1717.76-per1
1530:             ls$ilegitima/sim
1531: 
1532:             mae$teresa nunes/id=b1717.76-per1-per2
1533:                ls$ec/s
1534:                ls$residencia/soure
1535:                ls$naturalidade/soure
1536: 
1537:             pad$mateus goncalves/id=b1717.76-per3
1538:                ls$profissao/padre
1539: 
1540:             mad$maria de almeida/id=b1717.76-per4
1541: 
1542:                mrmad$manuel alvares/id=b1717.76-per5
1543:                   ls$residencia/soure
1544: 
1545:       bap$b1717.77/11/7/1717/?/igreja de s. tiago
1546: 
1547: bap$b1717.77
1547:          n$sebastiao/m/id=b1717.77-per1
1548: 
1549:             pai$mateus simoes/id=b1717.77-per1-per2
1550:                ls$residencia/alencarce de cima
1551:                ls$naturalidade/alencarce de cima
1552: 
1553:             mae$maria simoes/id=b1717.77-per1-per3
1554:                ls$residencia/alencarce de cima
1555: 
1556:             pad$manuel madeira/id=b1717.77-per4
1557:                ls$residencia/cascao
1558: 
1559:             mad$maria rodrigues/id=b1717.77-per5
1560: 
1561:                mrmad$manuel rodrigues/id=b1717.77-per6
1562:                   ls$residencia/casal de alencarce de cima
1563: 
1564:       bap$b1717.78/18/7/1717/?/igreja de s. tiago
1565: 
1566: bap$b1717.78
1566:          n$maria/f/id=b1717.78-per1
1567: 
1568:             pai$antonio rodrigues/id=b1717.78-per1-per2
1569:                ls$residencia/casal de alencarce de cima
1570:                ls$naturalidade/casal de alencarce de cima
1571: 
1572:             mae$francisca joao/id=b1717.78-per1-per3
1573:                ls$naturalidade/eureca
1574: 
1575:             pad$manuel pinto de miranda/id=b1717.78-per4
1576:                ls$residencia/soure
1577: 
1578:             mad$apolonia manuel/id=b1717.78-per5
1579:                ls$ec/v
1580:                ls$residencia/casal de alencarce de cima
1581: 
1582:       bap$b1717.79/26/7/1717/?/igreja de s. tiago
1583: 
1584: bap$b1717.79
1584:          n$maria/f/id=bn26071717
1585: 
1586:             pai$antonio madeira/id=bpai26071717
1587:                ls$residencia/barril
1588:                ls$naturalidade/casais do barril
1589: 
1590:             mae$isabel rodrigues/id=bmae26071717
1591:                ls$naturalidade/barril
1592: 
1593:             pad$jose pereira/id=b1717.79-per1
1594:                ls$ec/s
1595:                ls$residencia/casais de s.mateus
1596: 
1597:             mad$maria/id=b1717.79-per2
1598:                ls$ec/s
1599: 
1600:                pmad$domingos da gante/id=b1717.79-per3
1601:                   ls$residencia/casais do barril
1602: 
1603:       bap$b1717.80/26/7/1717/?/igreja de s. tiago
1604: 
1605: bap$b1717.80
1605:          n$manuel/m/id=bn26071717b
1606:             rel$parentesco/irmao gemeo/maria/bn26071717
1607: 
1608:             pai$antonio madeira/mesmo_que=bpai26071717/id=bn26071717b-per1
1609: 
1610:             mae$isabel rodrigues/mesmo_que=bmae26071717/id=bn26071717b-per2
1611: 
1612:             pad$manuel francisco formigo/id=b1717.80-per3
1613:                ls$residencia/casais do barril
1614: 
1615:             mad$antonia/id=b1717.80-per4
1616:                ls$titulo/dona
1617: 
1618:                mrmad$jose barbosa canais/id=b1717.80-per5
1619: 
1620:             referido$catarina jorge/id=br260717817
1621:                ls$ec/v
1622:                ls$residencia/barril
1623:                rel$sociabilidade/baptisou em necessidade/manuel/bn26071717b
1624: 
1625:       bap$b1717.81/1/8/1717/?/igreja de s. tiago
1626: 
1627: bap$b1717.81
1627:          n$ana/f/id=b1717.81-per1
1628: 
1629:             pai$antonio goncalves/id=b1717.81-per1-per2
1630:                ls$alcunha/gaio
1631:                ls$residencia/quinta da cruz
1632:                ls$naturalidade/casal de s.mateus
1633: 
1634:             mae$antonia gomes/id=b1717.81-per1-per3
1635:                ls$naturalidade/casal da corujeira
1636: 
1637:             pad$manuel cardoso/id=b1717.81-per4
1638:                ls$residencia/corcozes
1639: 
1640:             mad$caetana/id=b1717.81-per5
1641:                ls$ec/s
1642: 
1643:                pmad$francisco rodrigues/id=b1717.81-per6
1644:                   ls$residencia/moinhos do paleao
1645: 
1646:       bap$b1717.82/3/8/1717/?/igreja de s. tiago
1647: 
1648: bap$b1717.82
1648:          n$jacinto/m/id=b1717.82-per1
1649: 
1650:             pai$jose vieira/id=b1717.82-per1-per2
1651:                ls$residencia/soure
1652:                ls$naturalidade/soure
1653: 
1654:             mae$natalia rodrigues/id=b1717.82-per1-per3
1655:                ls$naturalidade/soure
1656: 
1657:             pad$luis soares coelho/id=b1717.82-per4
1658: 
1659:             mad$rosa maria/id=b1717.82-per5
1660:                ls$ec/s
1661: 
1662:                mmad$maria vieira/id=b1717.82-per6
1663:                   ls$residencia/soure
1664: 
1665:       bap$b1717.83/4/8/1717/?/igreja de s. tiago/obs=baptizados em necessidade pelo padrinho
1666: 
1667: bap$b1717.83
1667:          n$ana/f/id=b1717.83-per1
1668: 
1669:             pai$antonio bernardes/id=b1717.83-per1-per2
1670:                ls$residencia/casa velha
1671:                ls$naturalidade/paiao, freguesia de paiao
1672: 
1673:             mae$josefa gomes/id=b1717.83-per1-per3
1674:                ls$naturalidade/casa velha
1675: 
1676:             pad$joao simoes/id=b1717.83-per4
1677:                ls$residencia/casa velha
1678: 
1679:             mad$pascoa pereira/id=b1717.83-per5
1680:                ls$ec/s
1681:                ls$residencia/casa velha
1682: 
1683:       bap$b1717.84/8/8/1717/?/igreja de s. tiago
1684: 
1685: bap$b1717.84
1685:          n$isabel/f/id=b1717.84-per1
1686: 
1687:             pai$manuel fernandes/id=b1717.84-per1-per2
1688:                ls$residencia/casal das brancas
1689:                ls$naturalidade/casal das brancas
1690: 
1691:             mae$isabel simoes/id=b1717.84-per1-per3
1692:                ls$naturalidade/cavaleiros
1693: 
1694:             pad$miguel da gante/id=b1717.84-per4
1695:                ls$residencia/casal da grisoma
1696: 
1697:             mad$maria da gante/id=b1717.84-per5
1698: 
1699:                mrmad$manuel vaz/id=b1717.84-per6
1700:                   ls$residencia/casal das brancas
1701: 
1702:       bap$b1717.85/8/8/1717/?/igreja de s. tiago
1703: 
1704: bap$b1717.85
1704:          n$antonio/m/id=b1717.85-per1
1705: 
1706:             pai$manuel goncalves camorro/id=b1717.85-per1-per2
1707:                ls$residencia/casal dos louzoes
1708:                ls$naturalidade/casal dos louzoes
1709: 
1710:             mae$maria cordeiro/id=b1717.85-per1-per3
1711:                ls$naturalidade/moinho do migalho, freguesia da gesteira
1712: 
1713:             pad$manuel/id=b1717.85-per4
1714: 
1715:                ppad$joao francisco/id=b1717.85-per5
1716:                   ls$residencia/casal novo
1717: 
1718:             mad$barbara/id=b1717.85-per6
1719:                ls$titulo/dona
1720: 
1721:                mmad$madalena/id=b1717.85-per7
1722:                   ls$titulo/dona
1723:                   ls$residencia/soure
1724: 
1725:       bap$b1717.86/15/8/1717/?/igreja de s. tiago
1726: 
1727: bap$b1717.86
1727:          n$joao/m/id=bn15081717
1728: 
1729:             pai$manuel domingues/id=bn15081717-per1
1730:                ls$residencia/casal da quinta da telhada
1731:                ls$residencia/eureca
1732: 
1733:             mae$maria madeira/id=bn15081717-per2
1734:                ls$naturalidade/casal da quinta da telhada
1735: 
1736:             pad$joao rodrigues/id=b1717.86-per3
1737:                ls$residencia/assamassa
1738: 
1739:             mad$maria/id=b1717.86-per4
1740:                ls$ec/s
1741: 
1742:                pmad$jose domingues/id=b1717.86-per5
1743:                   ls$residencia/cavaleiros
1744: 
1745:             referido$antonio da costa/id=br15081717
1746:                ls$ec/s
1747:                ls$residencia/pelariga, freguesia de pombal
1748:                ls$freguesia/pombal
1749:                rel$sociabilidade/baptisou em necessidade/joao/bn15081717
1750: 
1751:       bap$b1717.87/17/8/1717/?/igreja de s. tiago
1752: 
1753: bap$b1717.87
1753:          n$caetana/f/id=b1717.87-per1
1754: 
1755:             pai$alexandre gomes/id=b1717.87-per1-per2
1756:                ls$residencia/paleao
1757:                ls$naturalidade/paleao
1758: 
1759:             mae$ana esteves/id=b1717.87-per1-per3
1760:                ls$naturalidade/paleao
1761: 
1762:             pad$jose gaspar/id=b1717.87-per4
1763:                ls$ec/s
1764:                ls$residencia/moinhos do paleao
1765: 
1766:             mad$caetana/id=b1717.87-per5
1767:                ls$ec/s
1768: 
1769:                pmad$francisco rodrigues gante/id=b1717.87-per6
1770:                   ls$residencia/moinhos do paleao
1771: 
1772:       bap$b1717.88/7/9/1717/?/igreja de s. tiago
1773: 
1774: bap$b1717.88
1774:          n$isabel/f/id=b1717.88-per1
1775: 
1776:             pai$matias rodrigues/id=b1717.88-per1-per2
1777:                ls$residencia/soure
1778:                ls$naturalidade/olho marinho
1779: 
1780:             mae$maria da gante/id=b1717.88-per1-per3
1781:                ls$naturalidade/soure
1782: 
1783:             pad$joao da costa de vasconcelos/id=b1717.88-per4
1784: 
1785:             mad$isabel florenca de almeida/id=b1717.88-per5
1786:                ls$nome/isabel florenca
1787:                rel$parentesco/mulher/joao da costa de vasconcelos/c12-7
1788: 
1789:       bap$b1717.89/9/9/1717/?/igreja de s. tiago
1790: 
1791: bap$b1717.89
1791:          n$domingas/f/id=b1717.89-per1
1792: 
1793:             pai$jose goncalves/id=b1717.89-per1-per2
1794:                ls$residencia/casal do espirito santo
1795:                ls$naturalidade/gesteira, freguesia da gesteira
1796: 
1797:             mae$francisca goncalves/id=b1717.89-per1-per3
1798:                ls$naturalidade/peixeiro, freguesia do furadouro
1799: 
1800:             pad$manuel/id=b1717.89-per4
1801:                ls$ec/s
1802: 
1803:                mpad$maria ferreira/id=b1717.89-per5
1804:                   ls$ec/v
1805: 
1806:             mad$maria/id=b1717.89-per6
1807:                ls$ec/s
1808: 
1809:                pmad$antonio pimentel/id=b1717.89-per7
1810:                   ls$residencia/casal do espirito santo
1811: 
1812:       bap$b1717.90/19/9/1717/?/igreja de s. tiago
1813: 
1814: bap$b1717.90
1814:          n$francisco/m/id=b1717.90-per1
1815: 
1816:             pai$francisco gomes/id=b1717.90-per1-per2
1817:                ls$residencia/casal de alencarce de cima
1818:                ls$naturalidade/casal de alencarce de cima
1819: 
1820:             mae$maria francisca/id=b1717.90-per1-per3
1821:                ls$naturalidade/casal de alencarce de cima
1822: 
1823:             pad$manuel/id=b1717.90-per4
1824:                ls$ec/s
1825: 
1826:                ppad$manuel francisco/id=b1717.90-per5
1827:                   ls$residencia/rebolia, freguesia da ega
1828:                   ls$freguesia/ega
1829: 
1830:             mad$josefa/id=b1717.90-per6
1831:                ls$ec/s
1832: 
1833:                pmad$manuel rodrigues/id=b1717.90-per7
1834:                   ls$residencia/casal de olho marinho
1835: 
1836:                mmad$guiomar da silva/id=b1717.90-per8
1837: 
1838:       bap$b1717.91/26/9/1717/?/igreja de s. tiago
1839: 
1840: bap$b1717.91
1840:          n$manuel/m/id=b1717.91-per1
1841: 
1842:             pai$joao rodrigues/id=b1717.91-per1-per2
1843:                ls$residencia/paleao
1844:                ls$naturalidade/moinhos da figueira, freguesia da redinha
1845: 
1846:             mae$ascensa carvalho/id=b1717.91-per1-per3
1847:                ls$naturalidade/paleao
1848: 
1849:             pad$manuel simoes/id=b1717.91-per4
1850:                ls$residencia/paleao
1851: 
1852:             mad$isabel simoes/id=b1717.91-per5
1853: 
1854:                mrmad$jose cardoso/id=b1717.91-per6
1855:                   ls$residencia/paleao
1856: 
1857:       bap$b1717.92/26/9/1717/?/igreja de s. tiago
1858: 
1859: bap$b1717.92
1859:          n$joao/m/id=b1717.92-per1
1860: 
1861:             pai$joao domingues/id=b1717.92-per1-per2
1862:                ls$residencia/paleao
1863:                ls$naturalidade/paleao
1864: 
1865:             mae$maria leao/id=b1717.92-per1-per3
1866:                ls$naturalidade/paleao
1867: 
1868:             pad$joao gaspar/id=b1717.92-per4
1869:                ls$ec/s
1870:                ls$residencia/paleao
1871: 
1872:             mad$maria/id=b1717.92-per5
1873:                ls$ec/s
1874:                rel$parentesco/irma/manuel madeira/br26091717
1875: 
1876:             referido$manuel madeira/id=br26091717
1877:                ls$profissao/padre
1878:                ls$residencia/paleao
1879: 
1880:       bap$b1717.93/12/10/1717/?/igreja de s. tiago
1881: 
1882: bap$b1717.93
1882:          n$isabel/f/id=b1717.93-per1
1883: 
1884:             pai$francisco ferreira/id=b1717.93-per1-per2
1885:                ls$residencia/portela
1886:                ls$naturalidade/casal dos becos
1887: 
1888:             mae$damasia gaspar/id=b1717.93-per1-per3
1889:                ls$residencia/portela
1890: 
1891:             pad$joao rodrigues/id=b1717.93-per4
1892:                ls$alcunha/moco
1893:                ls$residencia/paleao
1894: 
1895:             mad$isabel gaspar/id=b1717.93-per5
1896: 
1897:                mrmad$manuel goncalves/id=b1717.93-per6
1898:                   ls$alcunha/moco
1899:                   ls$residencia/portela
1900: 
1901:       bap$b1717.94/17/10/1717/?/igreja de s. tiago
1902: 
1903: bap$b1717.94
1903:          n$caetana/f/id=b1717.94-per1
1904: 
1905:             pai$manuel jorge/id=b1717.94-per1-per2
1906:                ls$residencia/casal do corujeira
1907:                ls$naturalidade/casal da corujeira
1908: 
1909:             mae$sebastiana da silva/id=b1717.94-per1-per3
1910:                ls$naturalidade/casal do carvalho#junto aos netos
1911: 
1912:             pad$jose gomes serrao/id=bpad17101717
1913:                ls$ec/s
1914:                ls$residencia/soure
1915: 
1916:             mad$antonia gomes/id=b1717.94-per4
1917:                ls$ec/s
1918:                rel$parentesco/irma/jose gomes serrao/bpad17101717
1919:                ls$residencia/soure
1920: 
1921:             referido$manuel serrao/id=br17101717
1922:                rel$sociabilidade/procurador em baptismo/jose gomes serrao/bpad17101717
1923:                rel$parentesco/irmao/jose gomes serrao/bpad17101717
1924: 
1925:       bap$b1717.95/18/10/1717/?/igreja de s. tiago
1926: 
1927: bap$b1717.95
1927:          n$antonio/m/id=bn18101717
1928: 
1929:             pai$manuel rodrigues/id=bn18101717-per1
1930:                ls$residencia/casal da carvalheira
1931:                ls$naturalidade/casal da carvalheira
1932: 
1933:             mae$maria de oliveira/id=bn18101717-per2
1934:                ls$naturalidade/pouca pena
1935: 
1936:             pad$manuel goncalves/id=bpad18101717
1937:                ls$residencia/casal do leonel
1938: 
1939:             mad$isabel goncalves/id=b1717.95-per3
1940:                rel$parentesco/mulher/manuel goncalves/bpad18101717
1941: 
1942:             referido$catarina francisca/id=br18101717
1943:                ls$ec/v
1944:                ls$residencia/cavaleiros
1945:                rel$sociabilidade/baptisou em necessidade/antonio/bn18101717
1946: 
1947:       bap$b1717.96/18/10/1717/?/igreja de s. tiago
1948: 
1949: bap$b1717.96
1949:          n$manuel/m/id=bn18101717b
1950: 
1951:             pai$antonio simoes/id=bn18101717b-per1
1952:                ls$residencia/casal da torre do sobral
1953:                ls$naturalidade/cavaleiros
1954: 
1955:             mae$maria jorge/id=bn18101717b-per2
1956:                ls$naturalidade/casal da torre do sobral
1957: 
1958:             pad$manuel pessoa leitao/id=b1717.96-per3
1959:                ls$profissao/padre
1960: 
1961:             mad$isabel/id=b1717.96-per4
1962:                ls$ec/s
1963: 
1964:                pmad$jose goncalves/id=b1717.96-per5
1965:                   ls$residencia/casal da torre do sobral
1966: 
1967:             referido$maria jorge/id=br18101717b
1968:                ls$ec/v
1969:                ls$residencia/sobral
1970:                rel$sociabilidade/baptisou em necessidade/manuel/bn18101717b
1971: 
1972:       bap$b1717.97/20/10/1717/?/igreja de s. tiago
1973: 
1974: bap$b1717.97
1974:          n$maria/f/id=b1717.97-per1
1975: 
1976:             pai$manuel gomes/id=b1717.97-per1-per2
1977:                ls$cargo/ermitao de nossa senhora dos anjos
1978:                ls$naturalidade/soure
1979: 
1980:             mae$antonia dias/id=b1717.97-per1-per3
1981:                ls$naturalidade/casal da charneca
1982: 
1983:             pad$joao pinheiro/id=b1717.97-per4
1984:                ls$residencia/soure
1985:                ls$ec/s
1986: 
1987:             mad$maria pereira/id=b1717.97-per5
1988:                ls$ec/s
1989:                ls$residencia/soure
1990: 
1991:       bap$b1717.98/21/10/1717/?/igreja de s. tiago
1992: 
1993: bap$b1717.98
1993:          n$joao/m/id=b1717.98-per1
1994: 
1995:             pai$miguel rodrigues/id=b1717.98-per1-per2
1996:                ls$residencia/casal da carvalheira de cima
1997:                ls$naturalidade/casal da carvalheira de cima
1998: 
1999:             mae$isabel rodrigues/id=b1717.98-per1-per3
2000:                ls$naturalidade/casal do pe da ladeira, freguesia de tapeus
2001: 
2002:             pad$joao dos santos/id=bpad21101717
2003:                ls$cargo/vigario de tapeus
2004:                ls$profissao/padre
2005: 
2006:             mad$maria/id=b1717.98-per4
2007:                ls$ec/s
2008: 
2009:                mmad$maria rodrigues/id=b1717.98-per5
2010:                   ls$ec/v
2011:                   ls$residencia/porto coelheiro
2012: 
2013:             referido$antonio alvares ribeiro/id=br21101717
2014:                ls$residencia/soure
2015:                rel$sociabilidade/procurador em baptismo/joao dos santos/bpad21101717
2016: 
2017:       bap$b1717.99/24/10/1717/?/igreja de s. tiago
2018: 
2019: bap$b1717.99
2019:          n$manuel/m/id=b1717.99-per1
2020: 
2021:             pai$jose domingues/id=b1717.99-per1-per2
2022:                ls$residencia/quinta de porto coelheiro
2023:                ls$naturalidade/quinta de porto coelheiro
2024: 
2025:             mae$maria joao/id=b1717.99-per1-per3
2026:                ls$naturalidade/carvalheira de cima
2027: 
2028:             pad$manuel rodrigues/id=b1717.99-per4
2029:                ls$profissao/padre
2030:                ls$cargo/vigario
2031: 
2032:             mad$isabel da paz/id=bmad24101717
2033:                ls$ec/v
2034:                ls$residencia/tapeus, freguesia de tapeus
2035:                ls$freguesia/tapeus
2036: 
2037:             referido$jose rodrigues da paz/id=br24101717
2038:                ls$cargo/beneficiado na igreja de Soure
2039:                ls$titulo/frei
2040:                ls$profissao/padre
2041:                rel$sociabilidade/procurador em baptismo/isabel da paz/bmad24101717
2042: 
2043:       bap$b1717.100/1/11/1717/?/igreja de s. tiago
2044: 
2045: bap$b1717.100
2045:          n$maria/f/id=bn01111717
2046: 
2047:             pai$jose rodrigues/id=bn01111717-per1
2048:                ls$residencia/casa velha
2049:                ls$naturalidade/casa velha
2050: 
2051:             mae$josefa do espirito santo/id=bn01111717-per2
2052:                ls$naturalidade/casa velha
2053: 
2054:             pad$manuel jorge/id=b1717.100-per3
2055:                ls$ec/s
2056:                ls$residencia/casa velha
2057: 
2058:             mad$joana do espirito santo/id=b1717.100-per4
2059: 
2060:                mrmad$francisco pereira/id=b1717.100-per5
2061:                   ls$residencia/soure
2062: 
2063:             referido$sebastiao francisco/id=br01111717
2064:                ls$residencia/casa velha
2065:                rel$sociabilidade/baptisou em necessidade/maria/bn01111717
2066: 
2067:       bap$b1717.101/2/11/1717/?/igreja de s. tiago
2068: 
2069: bap$b1717.101
2069:          n$manuel/m/id=bn02111717
2070: 
2071:             pai$manuel joao soeiro/id=bn02111717-per1
2072:                ls$alcunha/moco
2073:                ls$residencia/sobral
2074:                ls$naturalidade/sobral
2075: 
2076:             mae$maria francisca/id=bn02111717-per2
2077:                ls$naturalidade/simoes
2078: 
2079:             pad$manuel jorge/id=b1717.101-per3
2080:                ls$alcunha/moco
2081:                ls$residencia/simoes
2082: 
2083:             mad$isabel/id=b1717.101-per4
2084:                ls$ec/s
2085: 
2086:                pmad$antonio simoes/id=b1717.101-per5
2087:                   ls$residencia/netos, freguesia da almagreira
2088:                   ls$freguesia/almagreira
2089: 
2090:             referido$manuel joao soeiro/id=br02111717
2091:                rel$sociabilidade/baptisou em necessidade/manuel/bn02111717
2092:                rel$parentesco/avo/manuel/bn02111717
2093: 
2094:       bap$b1717.102/3/11/1717/?/igreja de s. tiago
2095: 
2096: bap$b1717.102
2096:          n$jose/m/id=b1717.102-per1
2097: 
2098:             pai$jose nunes/m/id=b1717.102-per1-per2
2099:                ls$residencia/casa velha
2100:                ls$naturalidade/casa velha
2101: 
2102:             mae$mariana da costa/id=b1717.102-per1-per3
2103:                ls$naturalidade/casa velha
2104: 
2105:             pad$antonio fernandes/id=b1717.102-per4
2106:                ls$residencia/casa velha
2107: 
2108:             mad$filipa marques/id=b1717.102-per5
2109: 
2110:                mrmad$manuel nunes/id=b1717.102-per6
2111:                   ls$residencia/casa velha
2112: 
2113:       bap$b1717.103/9/11/1717/?/igreja de s. tiago
2114: 
2115: bap$b1717.103
2115:          n$jose/m/id=b1717.103-per1
2116: 
2117:             pai$jose rodrigues/id=b1717.103-per1-per2
2118:                ls$residencia/cavaleiros
2119:                ls$naturalidade/casal do espirito santo
2120: 
2121:             mae$josefa simoes/id=b1717.103-per1-per3
2122:                ls$naturalidade/cavaleiros
2123: 
2124:             pad$antonio rodrigues/id=b1717.103-per4
2125:                ls$ec/s
2126:                ls$residencia/casal do espirito santo
2127: 
2128:             mad$maria/id=b1717.103-per5
2129:                ls$ec/s
2130: 
2131:                pmad$jose domingues/id=b1717.103-per6
2132:                   ls$residencia/cavaleiros
2133: 
2134:       bap$b1717.104/10/11/1717/?/igreja de s. tiago
2135: 
2136: bap$b1717.104
2136:          n$vicente/m/id=b1717.104-per1
2137: 
2138:             pai$domingos marques/id=b1717.104-per1-per2
2139:                ls$residencia/moinhos da comenda
2140:                ls$naturalidade/paleao
2141: 
2142:             mae$antonia simoes/id=b1717.104-per1-per3
2143:                ls$naturalidade/paleao
2144: 
2145:             pad$manuel fernandes bolhao/id=b1717.104-per4
2146:                ls$residencia/soure
2147: 
2148:             mad$caetana/id=b1717.104-per5
2149:                ls$ec/s
2150: 
2151:                pmad$francisco rodrigues gante/id=b1717.104-per6
2152:                   ls$residencia/moinhos do paleao
2153: 
2154:       bap$b1717.105/14/11/1717/?/igreja de s. tiago
2155: 
2156: bap$b1717.105
2156:          n$maria/f/id=b1717.105-per1
2157: 
2158:             pai$jose jorge soeiro/id=b1717.105-per1-per2
2159:                ls$residencia/casa velha
2160:                ls$naturalidade/casa velha
2161: 
2162:             mae$maria rodrigues/id=b1717.105-per1-per3
2163:                ls$naturalidade/casal da venda
2164: 
2165:             pad$rodrigo furtado da silva/id=b1717.105-per4
2166:                ls$titulo/licenciado
2167:                ls$residencia/soure
2168: 
2169:             mad$feliciana/id=b1717.105-per5
2170:                ls$ec/s
2171: 
2172:                pmad$manuel rodrigues tome/id=b1717.105-per6
2173:                   ls$residencia/casal da venda
2174: 
2175:       bap$b1717.106/17/11/1717/?/igreja de s. tiago
2176: 
2177: bap$b1717.106
2177:          n$isabel/f/id=b1717.106-per1
2178: 
2179:             pai$manuel goncalves marinheiro/id=b1717.106-per1-per2
2180:                ls$residencia/paleao
2181:                ls$naturalidade/paleao
2182: 
2183:             mae$ascensa ferreira/id=b1717.106-per1-per3
2184:                ls$naturalidade/paleao
2185: 
2186:             pad$jose soares/id=b1717.106-per4
2187:                ls$residencia/paleao
2188: 
2189:             mad$maria/id=b1717.106-per5
2190:                ls$ec/s
2191: 
2192:                pmad$joao rodrigues perna/id=b1717.106-per6
2193:                   ls$residencia/paleao
2194: 
2195:       bap$b1717.107/17/11/1717/?/igreja de s. tiago
2196: 
2197: bap$b1717.107
2197:          n$antonia/f/id=b1717.107-per1
2198: 
2199:             pai$manuel rodrigues/id=b1717.107-per1-per2
2200:                ls$residencia/casais de s.mateus
2201:                ls$naturalidade/paleao
2202: 
2203:             mae$maria simoes/id=b1717.107-per1-per3
2204:                ls$naturalidade/casais de s.mateus
2205: 
2206:             pad$manuel rodrigues/id=b1717.107-per4
2207:                ls$residencia/casais de s.mateus
2208: 
2209:             mad$maria madeira/id=b1717.107-per5
2210:                ls$ec/s
2211:                ls$residencia/casais de s.mateus
2212: 
2213:       bap$b1717.108/21/11/1717/?/igreja de s. tiago
2214: 
2215: bap$b1717.108
2215:          n$catarina/f/id=b1717.108-per1
2216: 
2217:             pai$sebastiao goncalves/id=b1717.108-per1-per2
2218:                ls$residencia/soure
2219:                ls$naturalidade/soure
2220: 
2221:             mae$maria carvalho/id=bmae21111717
2222:                ls$naturalidade/barrosos
2223: 
2224:             pad$matias goncalves/id=b1717.108-per3
2225:                ls$residencia/soure
2226: 
2227:             mad$catarina/id=b1717.108-per4
2228:                ls$ec/s
2229:                rel$parentesco/irma/maria carvalho/bmae21111717
2230: 
2231:       bap$b1717.109/22/11/1717/?/igreja de s. tiago
2232: 
2233: bap$b1717.109
2233:          n$helena/f/id=bn22111717
2234: 
2235:             pai$matias da silva/id=bn22111717-per1
2236:                ls$profissao/oficial de porteiro
2237:                ls$residencia/soure
2238:                ls$naturalidade/condeixa-a-nova, freguesia de condeixa-a-nova
2239: 
2240:             mae$mariana martins/id=bn22111717-per2
2241:                ls$naturalidade/sebal grande, freguesia de sebal
2242: 
2243:             pad$manuel rodrigues/id=b1717.109-per3
2244:                ls$profissao/padre
2245:                ls$cargo/vigario
2246: 
2247:             mad$helena da cruz/id=b1717.109-per4
2248: 
2249:                mrmad$jose henriques/id=b1717.109-per5
2250:                   ls$residencia/soure
2251: 
2252:             referido$maria gomes/id=br22111717
2253:                rel$sociabilidade/baptisou em necessidade/helena/bn22111717
2254: 
2255:       bap$b1717.110/1/12/1717/?/igreja de s. tiago
2256: 
2257: bap$b1717.110
2257:          n$mariana/f/id=bn01121717
2258: 
2259:             pai$dionisio de magalhaes pinto/id=bn01121717-per1
2260:                ls$residencia/soure
2261:                ls$naturalidade/braga, freguesia de
2262: 
2263:             mae$cipriana/id=bn01121717-per2
2264:                ls$titulo/dona
2265:                ls$residencia/soure
2266: 
2267:             pad$eduardo nogueira/id=b1717.110-per3
2268:                ls$cargo/escrivao dos orfaos de soure
2269: 
2270:             mad$ermosina/id=b1717.110-per4
2271:                ls$ec/s
2272:                rel$parentesco/irma/mariana/bn01121717
2273: 
2274:             referido$manuel duarte/id=br01121717
2275:                ls$cargo/capelao de soure
2276:                rel$sociabilidade/baptisou em necessidade/mariana/bn01121717
2277: 
2278:             referido$lopo nunes pinto/id=br01121717b
2279:                ls$profissao/padre
2280:                rel$sociabilidade/procurador em baptismo/mariana/bn01121717
2281: 
2282:       bap$b1717.111/1/12/1717/?/igreja de s. tiago
2283: 
2284: bap$b1717.111
2284:          n$jose/m/id=b1717.111-per1
2285: 
2286:             pai$manuel francisco cortaventos/id=b1717.111-per1-per2
2287:                ls$residencia/casal das galinhas
2288:                ls$naturalidade/degracias, freguesia de degracias
2289: 
2290:             mae$ana travassos/id=b1717.111-per1-per3
2291:                ls$naturalidade/vila nova de ancos, freguesia de vila nova de ancos
2292: 
2293:             pad$domingos goncalves galhardo/id=b1717.111-per4
2294:                ls$titulo/licenciado
2295: 
2296:             mad$antonia jorge/id=b1717.111-per5
2297: 
2298:                mrmad$joao pereira/id=b1717.111-per6
2299:                   ls$residencia/casal das galinhas
2300: 
2301:       bap$b1717.112/2/12/1717/?/igreja de s. tiago
2302: 
2303: bap$b1717.112
2303:          n$francisca/f/id=b1717.112-per1
2304: 
2305:             pai$manuel rodrigues nobre/id=b1717.112-per1-per2
2306:                ls$residencia/soure
2307:                ls$naturalidade/soure
2308: 
2309:             mae$francisca martins/id=b1717.112-per1-per3
2310:                ls$naturalidade/formigal, freguesia de vinha da rainha
2311: 
2312:             pad$manuel rodrigues serrao/id=b1717.112-per4
2313:                ls$residencia/soure
2314: 
2315:             mad$francisca ferreira/id=bmad02121717
2316:                ls$ec/s
2317: 
2318:             referido$jose velho/id=br02121717
2319:                ls$profissao/barbeiro
2320:                ls$residencia/soure
2321:                rel$sociabilidade/procurador em baptismo/francisca ferreira/bmad02121717
2322: 
2323:       bap$b1717.113/12/12/1717/?/igreja de s. tiago
2324: 
2325: bap$b1717.113
2325:          n$luis/m/id=b1717.113-per1
2326: 
2327:             pai$manuel goncalves/id=b1717.113-per1-per2
2328:                ls$residencia/alencarce de cima
2329:                ls$naturalidade/alencarce de cima
2330: 
2331:             mae$francisca simoes/id=b1717.113-per1-per3
2332:                ls$naturalidade/casais da ega, freguesia da ega
2333: 
2334:             pad$luis/id=b1717.113-per4
2335:                ls$ec/s
2336: 
2337:                mpad$francisca madeira/id=mpad12121717
2338:                   ls$residencia/alencarce de cima
2339: 
2340:             mad$maria/id=b1717.113-per5
2341:                rel$parentesco/filha/francisca madeira/mpad12121717
2342: 
2343:       bap$b1717.114/14/12/1717/?/igreja de s. tiago
2344: 
2345: bap$b1717.114
2345:          n$manuel/m/id=b1717.114-per1
2346: 
2347:             pai$jose martins/id=b1717.114-per1-per2
2348:                ls$residencia/soure
2349:                ls$naturalidade/pinheiro
2350: 
2351:             mae$susana cordeiro/id=b1717.114-per1-per3
2352:                ls$naturalidade/casa velha
2353: 
2354:             pad$manuel/id=b1717.114-per4
2355:                ls$ec/s
2356: 
2357:                ppad$antonio martins camousso/id=b1717.114-per5
2358:                   ls$residencia/soure
2359:                   rel$sociabilidade/procurador em baptismo/francisca ferreira/bmad14121717
2360: 
2361:             mad$francisca ferreira/id=bmad14121717
2362:                ls$ec/s
2363:                ls$residencia/soure
2364: 
2365:       bap$b1717.115/14/12/1717/?/igreja de s. tiago
2366: 
2367: bap$b1717.115
2367:          n$jose/m/id=b1717.115-per1
2368: 
2369:             pai$manuel gomes/id=b1717.115-per1-per2
2370:                ls$residencia/paleao
2371:                ls$naturalidade/paleao
2372: 
2373:             mae$ana cardoso/id=b1717.115-per1-per3
2374:                ls$naturalidade/casal da corujeira
2375: 
2376:             pad$francisco rodrigues/id=b1717.115-per4
2377:                ls$residencia/soure
2378: 
2379:             mad$josefa maria/id=b1717.115-per5
2380: 
2381:                mrmad$joao de barros/id=b1717.115-per6
2382:                   ls$cargo/alcaide de soure
2383: 
2384:       bap$b1717.116/27/12/1717/?/igreja de s. tiago
2385: 
2386: bap$b1717.116
2386:          n$manuel/m/id=bn27121717
2387: 
2388:             pai$jose rodrigues feijao/id=bn27121717-per1
2389:                ls$residencia/casais de s.mateus
2390:                ls$naturalidade/casais de s.mateus
2391: 
2392:             mae$josefa rodrigues/id=bn27121717-per2
2393:                ls$naturalidade/eureca
2394: 
2395:             pad$joao rodrigues feijao/id=b1717.116-per3
2396:                ls$residencia/casais de s.mateus
2397: 
2398:             mad$maria teresa da ressureicao/id=bmad27121717
2399:                ls$residencia/soure
2400: 
2401:             referido$maria simoes/id=br27121717
2402:                rel$sociabilidade/baptisou em necessidade/manuel/bn27121717
2403:                rel$parentesco/mulher/simao luis/br27121717b
2404: 
2405:             referido$simao luis/id=br27121717b
2406:                ls$residencia/casais de s.mateus
2407: 
2408:             referido$manuel rodrigues/id=b1717.116-per4
2409:                ls$profissao/cargo
2410:                ls$cargo/vigario
2411:                rel$sociabilidade/procurador em baptismo/maria teresa da ressureicao/bmad27121717
2412: 
2413:       bap$b1717.117/28/12/1717/?/igreja de s. tiago
2414: 
2415: bap$b1717.117
2415:          n$manuel/m/id=bn28121717
2416: 
2417:             pai$joao simoes/id=bn28121717-per1
2418:                ls$residencia/sobral
2419:                ls$naturalidade/sobral
2420: 
2421:             mae$catarina rodrigues/id=bn28121717-per2
2422:                ls$naturalidade/sobral
2423: 
2424:             pad$antonio francisco/id=b1717.117-per3
2425:                ls$residencia/sobral
2426: 
2427:             mad$madalena francisca/id=b1717.117-per4
2428: 
2429:                mrmad$manuel simoes cordeiro/id=b1717.117-per5
2430:                   ls$profissao/alfaiate
2431:                   ls$residencia/sobral
2432: 
2433:             referido$maria jorge/id=br28121717
2434:                ls$ec/v
2435:                rel$sociabilidade/baptisou em necessidade/manuel/bn28121717
2436:                ls$residencia/sobral
2437: *** End of File
Line 97 "SAME AS" TO EXTERNAL REFERENCE EXPORTED (c6-7-rod) CHECK IF IT EXISTS BEFORE IMPORTING THIS FILE.
Line 1270 "SAME AS" TO EXTERNAL REFERENCE EXPORTED (c6-7-rod) CHECK IF IT EXISTS BEFORE IMPORTING THIS FILE.
** Processed file- /Users/jrc/mhk-home/sources/soure-fontes/sources/1685-1720/baptismos/b1717.cli
** Original file- /Users/jrc/mhk-home/sources/soure-fontes/sources/1685-1720/baptismos/b1717.org
** Previous version- /Users/jrc/mhk-home/sources/soure-fontes/sources/1685-1720/baptismos/b1717.old
** Temp file with ids- /Users/jrc/mhk-home/sources/soure-fontes/sources/1685-1720/baptismos/b1717.ids
** - /Users/jrc/mhk-home/sources/soure-fontes/sources/1685-1720/baptismos/b1717.cli-renamed to- /Users/jrc/mhk-home/sources/soure-fontes/sources/1685-1720/baptismos/b1717.old
** - /Users/jrc/mhk-home/sources/soure-fontes/sources/1685-1720/baptismos/b1717.ids-renamed to- /Users/jrc/mhk-home/sources/soure-fontes/sources/1685-1720/baptismos/b1717.cli
** Translation files closed.
0  errors. 
0  warnings.
Translation finished.
