KleioTranslator - server version 2019.A1 - build 256 07/05/2020 17:41 
13-5-2020 22-16

Processing data file bpo1.cli
-------------------------------------------
Generic Act translation module with geoentities (XML).
     Joaquim Ramos de Carvalho (joaquim@uc.pt) 
** New document: kleio
=========================
kleio translation started
=========================
Structure: gacto.str
Prefix: 
Autorel: 
Translation count: 24
Obs: 
** Processing source fonte$baptismos bpo1
6: bap$po115-b167o
*** End of File
** Processed file- /kleio-home/sources/soure-fontes/sources/1685-1720/baptismos/bpo1.cli
** Original file- /kleio-home/sources/soure-fontes/sources/1685-1720/baptismos/bpo1.org
** Previous version- /kleio-home/sources/soure-fontes/sources/1685-1720/baptismos/bpo1.old
** Temp file with ids- /kleio-home/sources/soure-fontes/sources/1685-1720/baptismos/bpo1.ids
** - /kleio-home/sources/soure-fontes/sources/1685-1720/baptismos/bpo1.cli-renamed to- /kleio-home/sources/soure-fontes/sources/1685-1720/baptismos/bpo1.old
** - /kleio-home/sources/soure-fontes/sources/1685-1720/baptismos/bpo1.ids-renamed to- /kleio-home/sources/soure-fontes/sources/1685-1720/baptismos/bpo1.cli
** Translation files closed.
0  errors. 
0  warnings.
Translation finished.
