KleioTranslator - server version @@VERSION@@ - build @@BUILD@@ @@DATE@@
25-8-2020 11-19

Processing data file 1D-8-2-5.cli
-------------------------------------------
Generic Act translation module with geoentities (XML).
     Joaquim Ramos de Carvalho (joaquim@uc.pt) 
** New document: kleio
=========================
kleio translation started
=========================
Structure: gacto2.str
Prefix: 
Autorel: 
Translation count: 6
Obs: 
** Processing source fonte$n2.5
6: escritura$n.2.5.1
8: escritura$n.2.5.2
10: escritura$n.2.5.3
42: escritura$n.2.5.4
53: cartaperdao$n2.5.5
79: escritura$n2.5.6
110: escritura$n2.5.7
149: escritura$n2.5.8
151: escritura$n2.5.9
153: escritura$n2.5.10
155: escritura$n2.5.11
171: escritura$n2.5.12
173: escritura$n2.5.13
258: escritura$n2.5.14
260: escritura$n2.5.15
321: escritura$n2.5.16
350: escritura$n2.5.17
352: escritura$n2.5.18
354: escritura$n2.5.19
377: escritura$n2.5.20
379: escritura$n2.5.21
381: escritura$n2.5.22
420: escritura$n2.5.23
*** End of File

Line 267 "SAME AS" TO EXTERNAL REFERENCE EXPORTED (c1692.14-per3) CHECK IF IT EXISTS BEFORE IMPORTING THIS FILE.
Line 271 "SAME AS" TO EXTERNAL REFERENCE EXPORTED (c1694.9-per1) CHECK IF IT EXISTS BEFORE IMPORTING THIS FILE.
Line 278 "SAME AS" TO EXTERNAL REFERENCE EXPORTED (c159-4) CHECK IF IT EXISTS BEFORE IMPORTING THIS FILE.
Line 302 "SAME AS" TO EXTERNAL REFERENCE EXPORTED (c159-1) CHECK IF IT EXISTS BEFORE IMPORTING THIS FILE.

** Processed file- /Users/jrc/mhk-home/sources/soure-fontes/sources/1685-1720/notariais/1D-8-2-5.cli
** Original file- /Users/jrc/mhk-home/sources/soure-fontes/sources/1685-1720/notariais/1D-8-2-5.org
** Previous version- /Users/jrc/mhk-home/sources/soure-fontes/sources/1685-1720/notariais/1D-8-2-5.old
** Temp file with ids- /Users/jrc/mhk-home/sources/soure-fontes/sources/1685-1720/notariais/1D-8-2-5.ids
** - /Users/jrc/mhk-home/sources/soure-fontes/sources/1685-1720/notariais/1D-8-2-5.cli-renamed to- /Users/jrc/mhk-home/sources/soure-fontes/sources/1685-1720/notariais/1D-8-2-5.org
** - /Users/jrc/mhk-home/sources/soure-fontes/sources/1685-1720/notariais/1D-8-2-5.ids-renamed to- /Users/jrc/mhk-home/sources/soure-fontes/sources/1685-1720/notariais/1D-8-2-5.cli
** Translation files closed.
0  errors. 
0  warnings.
Translation finished.
