KleioTranslator - server version 2019.A1 - build 256 07/05/2020 17:41 
17-6-2020 20-35

Processing data file 1D-8-2-6.cli
-------------------------------------------
Generic Act translation module with geoentities (XML).
     Joaquim Ramos de Carvalho (joaquim@uc.pt) 
** New document: kleio
=========================
kleio translation started
=========================
Structure: gacto2.str
Prefix: 
Autorel: 
Translation count: 5
Obs: 
** Processing source fonte$n2.6
6: escritura$no2.6.1
39: escritura$no2.6.2
68: escritura$no.2.6.3
69: escritura$no.2.6.4
70: escritura$no.2.6.5
71: escritura$no.2.6.6
72: escritura$no.2.6.7
73: escritura$no.2.6.8
74: escritura$no.2.6.9
75: escritura$no.2.6.10
76: escritura$no.2.6.11
77: escritura$no.2.12
78: escritura$no.2.6.13
79: escritura$no.2.6.14
80: escritura$no.2.6.15
81: escritura$no.2.6.16
82: escritura$no.2.6.17
84: escritura$no.2.6.18
86: escritura$not2.6.1x
108: escritura$not2.6.2x
130: escritura$not2.6.3x
169: escritura$not2.6.4x
191: escritura$not2.6.5x
212: escritura$not2.6.6x
233: escritura$not2.6.7x
253: escritura$not2.6.8x
271: escritura$not2.6.9x
296: escritura$not2.6.10x
319: escritura$not2.6.11x
342: escritura$not2.6.12x
390: escritura$not2.6.13x
412: escritura$not2.6.14x
435: escritura$not2.6.15x
456: escritura$not2.6.16x
478: escritura$not2.6.17x
508: cartaperdao$not2.6.18x
536: escritura$not2.6.19x
559: escritura$not2.6.20x
585: escritura$not2.6.21x
625: escritura$not2.6.22x
652: escritura$not2.6.23x
677: escritura$not2.6.24x
708: escritura$not2.6.25x
737: escritura$not2.6.26x
764: escritura$not2.6.27x
807: escritura$not2.6.28x
834: escritura$not2.6.29x
874: escritura$not2.6.30x
905: escritura$not2.6.31x
938: escritura$not2.6.32x
960: escritura$not2.6.33x
982: escritura$not2.6.34x
1009: escritura$not2.6.35x
1028: escritura$not2.6.36x
1050: escritura$not2.6.37x
1075: escritura$not2.6.38x
1098: escritura$not2.6.39x
1116: escritura$not2.6.40x
1136: escritura$not2.6.41x
1179: escritura$not2.6.42x
1209: escritura$not2.6.43x
1234: escritura$not2.6.44x
1261: escritura$not2.6.45x
1302: escritura$not2.6.46
1320: escritura$not2.6.47x
1352: escritura$not2.6.48x
1375: escritura$not2.6.49x
1401: escritura$not2.6.50x
1448: escritura$not2.6.51x
1469: escritura$not2.6.52x
1490: escritura$not2.6.53x
1517: escritura$not2.6.53xb
1544: escritura$not2.6.55x
1568: escritura$not2.6.56x
1594: escritura$not2.6.57x
1621: escritura$not2.6.58x
1650: escritura$not2.6.59x
1673: escritura$not2.6.60x
1693: escritura$not2.6.61x
1725: escritura$not2.6.62x
1745: escritura$not2.6.63x
1788: escritura$not2.6.64x
1816: escritura$not2.6.65x
1835: escritura$not2.6.66x
1879: escritura$not2.6.67x
1896: escritura$not2.6.68x
1920: escritura$not2.6.69x
1937: escritura$not2.6.70x
1963: escritura$not2.6.71x
1985: escritura$not2.6.72x
2077: escritura$not2.6.73x
2098: escritura$not2.6.74x
2120: escritura$not2.6.75x
2147: escritura$not2.6.76x
2170: escritura$not2.6.77x
2192: escritura$not2.6.78x
2210: escritura$not2.6.79x
2235: escritura$not2.6.80x
2261: escritura$not2.6.81x
2282: escritura$not2.6.82x
2306: escritura$not2.6.83x
2335: escritura$not2.6.84x
2364: escritura$not2.6.85x
2382: escritura$not2.6.86xb
2413: escritura$not2.6.87x
2431: escritura$not2.6.88x
2465: escritura$not2.6.89x
2483: escritura$not2.6.90x
2512: escritura$not2.6.91x
2536: escritura$not2.6.92x
2563: escritura$not2.6.93x
2601: escritura$not2.6.94x
2619: escritura$not2.6.95x
2645: escritura$not2.6.96x
2674: escritura$not2.6.97x
2693: escritura$not2.6.98x
2722: escritura$not2.6.99x
2742: escritura$not2.6.100x
2764: escritura$not2.6.101x
2784: escritura$not2.6.102x
2803: escritura$not2.6.103x
2827: escritura$not2.6.104x
2844: escritura$not2.6.105x
2873: escritura$not2.6.106x
2897: escritura$not2.6.107x
2918: escritura$not2.6.108x
2939: escritura$not2.6.109x
2957: escritura$not2.6.110x
2975: escritura$not2.6.111x
2994: escritura$not2.6.112x
3013: escritura$not2.6.113x
3055: escritura$not2.6.114x
3073: escritura$not2.6.115x
3116: escritura$not2.6.116x
3143: escritura$not2.6.117x
3163: escritura$not2.6.118x
3186: escritura$not2.6.119x
3212: escritura$not2.6.120x
3237: escritura$not2.6.121x
3256: escritura$not2.6.122x
3264: escritura$not2.6.123x
3287: escritura$not2.6.124x
3312: escritura$not2.6.125x
3332: escritura$not2.6.126x
3352: escritura$not2.6.127x
3376: escritura$not2.6.128x
3406: escritura$not2.6.129x
3431: escritura$not2.6.130x
3451: escritura$not2.6.131x
3478: escritura$not2.6.132x
*** End of File

WARNING: 1D-8-2-6.cli line 45  "SAME AS" TO EXTERNAL REFERENCE EXPORTED (po101-per1-per5) CHECK IF IT EXISTS BEFORE IMPORTING THIS FILE.
Near lines: 45 Near line: 46 

WARNING: 1D-8-2-6.cli line 49  "SAME AS" TO EXTERNAL REFERENCE EXPORTED (po101-per1) CHECK IF IT EXISTS BEFORE IMPORTING THIS FILE.
Near lines: 49 Near line: 50 

WARNING: 1D-8-2-6.cli line 938  "SAME AS" TO EXTERNAL REFERENCE EXPORTED (c257-5) CHECK IF IT EXISTS BEFORE IMPORTING THIS FILE.
Near lines: 938 Near line: 939 

WARNING: 1D-8-2-6.cli line 942  "SAME AS" TO EXTERNAL REFERENCE EXPORTED (c257-4) CHECK IF IT EXISTS BEFORE IMPORTING THIS FILE.
Near lines: 942 Near line: 943 

WARNING: 1D-8-2-6.cli line 947  "SAME AS" TO EXTERNAL REFERENCE EXPORTED (c257-1) CHECK IF IT EXISTS BEFORE IMPORTING THIS FILE.
Near lines: 947 Near line: 948 

WARNING: 1D-8-2-6.cli line 1075  "SAME AS" TO EXTERNAL REFERENCE EXPORTED (b1714.60-per6) CHECK IF IT EXISTS BEFORE IMPORTING THIS FILE.
Near lines: 1075 Near line: 1076 

WARNING: 1D-8-2-6.cli line 1079  "SAME AS" TO EXTERNAL REFERENCE EXPORTED (b1714.60-per5) CHECK IF IT EXISTS BEFORE IMPORTING THIS FILE.
Near lines: 1079 Near line: 1080 

WARNING: 1D-8-2-6.cli line 1753  "SAME AS" TO EXTERNAL REFERENCE EXPORTED (c1725.15-per1) CHECK IF IT EXISTS BEFORE IMPORTING THIS FILE.
Near lines: 1753 Near line: 1754 

WARNING: 1D-8-2-6.cli line 1756  "SAME AS" TO EXTERNAL REFERENCE EXPORTED (b1698.19-per1) CHECK IF IT EXISTS BEFORE IMPORTING THIS FILE.
Near lines: 1756 Near line: 1757 
** Processed file- /kleio-home/sources/soure-fontes/sources/1685-1720/notariais/1D-8-2-6.cli
** Original file- /kleio-home/sources/soure-fontes/sources/1685-1720/notariais/1D-8-2-6.org
** Previous version- /kleio-home/sources/soure-fontes/sources/1685-1720/notariais/1D-8-2-6.old
** Temp file with ids- /kleio-home/sources/soure-fontes/sources/1685-1720/notariais/1D-8-2-6.ids
** - /kleio-home/sources/soure-fontes/sources/1685-1720/notariais/1D-8-2-6.cli-renamed to- /kleio-home/sources/soure-fontes/sources/1685-1720/notariais/1D-8-2-6.old
** - /kleio-home/sources/soure-fontes/sources/1685-1720/notariais/1D-8-2-6.ids-renamed to- /kleio-home/sources/soure-fontes/sources/1685-1720/notariais/1D-8-2-6.cli
** Translation files closed.
0  errors. 
9  warnings.
Translation finished.
