KleioTranslator - server version 2019.A1 - build 256 07/05/2020 17:41 
17-6-2020 18-26

Processing data file po01.cli
-------------------------------------------
Generic Act translation module with geoentities (XML).
     Joaquim Ramos de Carvalho (joaquim@uc.pt) 
** New document: kleio
=========================
kleio translation started
=========================
Structure: gacto2.str
Prefix: 
Autorel: 
Translation count: 14
Obs: 
** Processing source fonte$proc_ord_1
6: po$po1
28: po$po2
49: po$po3
60: po$po4
87: po$po5
114: po$po6
142: po$po7
166: po$po8
170: po$po10
190: po$po11
209: po$po12
232: po$po13
255: po$po13b
280: po$po15
312: po$po16
326: po$po17
355: po$po18
388: po$po19
413: po$po20
425: po$po21
445: po$po22
468: po$po23
490: po$po24
510: po$po25
530: po$po26
553: po$po27
573: po$po28
593: po$po29
616: po$po30
633: po$po31
686: po$po32
705: po$po33
732: po$po34
762: po$po35
792: po$po36
823: po$po37
866: po$po38
906: po$po39
934: po$po40
962: po$po41
995: po$po42
1016: po$po43
1042: po$po44
1093: po$po45
1114: po$po46
1149: po$po47
1184: po$po48
1225: po$po49
1269: po$po50
1298: po$po51
1321: po$po52
1340: po$po53
1359: po$po54
1383: po$po55
1414: po$po56
1457: bap$po56-bap1
1472: po$po57
1483: po$po58
1542: po$po59
1566: po$po60
1609: po$po61
1633: po$po62
1638: po$po63
1660: po$po64
1683: po$po65
1705: po$po66
1725: po$po67
1747: po$po68
1770: po$po69
1790: po$po70
1812: po$po71
1834: po$po72
1857: po$po73
1877: po$po74
1923: po$po75
1959: po$po76
1983: po$po77
2009: po$po78
2040: po$po79
2066: po$po80
2076: po$po82
2101: po$po83
2124: po$po84
2145: po$po85
2171: po$po86
2198: po$po87
2226: po$po88
2254: po$po89
2277: po$po90
2309: po$po91
2318: po$po92
2338: po$po93
2363: po$po94
2386: po$po95
2419: po$po96
2450: po$po97
2481: po$po98
2514: po$po99
2540: po$po100
2596: po$po101
2620: po$po102
2683: po$po103
2725: po$po104
2757: po$po105
2778: po$po107
2800: po$po108
2826: po$po109
2854: po$po110
2874: po$po111
2894: po$po112
2900: po$po113
2919: po$po114
2943: po$po115
2964: po$po117
2974: po$po118
2996: po$po119
3021: po$po121
3044: po$po122
3058: po$po123
3080: po$po124
3103: po$po125
3130: po$po126
3153: po$po127
3179: po$po128
3203: po$po129
3225: po$po130
3247: po$po130b
3269: po$po131
3318: po$po132
3346: po$po133
3355: po$po134
3377: po$po135
3400: po$po136
3421: po$po137
3443: po$po138
3463: po$po139
3486: po$po140
3508: po$po141
3531: po$po143
3541: po$po144
3558: po$po145
3578: po$po146
3598: po$po147
3618: po$po148
3642: po$po149
3664: po$po150
3715: po$po151
3736: po$po152
3758: po$po153
3768: po$po154
3775: po$po155
3796: po$po156
3831: po$po157
3858: po$po158
3866: po$po159
3894: po$po160
3905: po$po161
3926: po$po162
3934: po$po163
3957: po$po164
3992: po$po165
4016: po$po166
4030: po$po167
4078: po$po169
4102: po$po170
4124: po$po171
4145: po$po172
4166: po$po173
4170: po$po174
4194: po$po175
4217: po$po176
4243: po$po177
4270: po$po178
4297: po$po179
4322: po$po180
4348: po$po181
4376: po$po182
4396: po$po183
4418: po$po184
4443: po$po186
4453: po$po187
4488: po$po188
4508: po$po189
4534: po$po190
4560: po$po191
4612: po$po192
4642: po$po193
4650: po$po194
4673: po$po195
4700: po$po196
4732: po$po197
4754: po$po198
4800: po$po199
4818: po$po201
4838: po$po202
4877: po$po203
4899: po$po204
4920: po$po205
4943: po$po206
4968: po$po207
4995: po$po208
5017: po$po209
5027: po$po210
5037: po$po211
5048: po$po212
5071: po$po213
5113: po$po214
5163: po$po215
5185: po$po216
5203: po$po217
5230: po$po218
5266: po$po219
5285: po$po220
5308: po$po221
5317: po$po222
5341: po$po223
5359: po$po224
5378: po$po225
5416: po$po226
5442: po$po227
5465: po$po228
5489: po$po229
5514: po$po230
5536: po$po231
5559: po$po232
5580: po$po233
5602: po$po234
5609: po$po235
5629: po$po236
5648: po$po284
5659: po$po285
5697: po$po286
5726: po$po287
5758: po$po288
5785: po$po289
5810: po$po290
5833: po$po292
5852: po$po291
5860: po$po293
5880: po$po294
*** End of File

WARNING: po01.cli line 161  "SAME AS" TO EXTERNAL REFERENCE EXPORTED (b1713.42-per6) CHECK IF IT EXISTS BEFORE IMPORTING THIS FILE.
Near lines: 161 Near line: 162 

WARNING: po01.cli line 1418  "SAME AS" TO EXTERNAL REFERENCE EXPORTED (c1727.15-per1) CHECK IF IT EXISTS BEFORE IMPORTING THIS FILE.
Near lines: 1418 Near line: 1419 

WARNING: po01.cli line 1429  "SAME AS" TO EXTERNAL REFERENCE EXPORTED (b1710.22-per1) CHECK IF IT EXISTS BEFORE IMPORTING THIS FILE.
Near lines: 1429 Near line: 1430 

WARNING: po01.cli line 1436  "SAME AS" TO EXTERNAL REFERENCE EXPORTED (c352-1) CHECK IF IT EXISTS BEFORE IMPORTING THIS FILE.
Near lines: 1436 Near line: 1437 

WARNING: po01.cli line 1448  "SAME AS" TO EXTERNAL REFERENCE EXPORTED (c352-4) CHECK IF IT EXISTS BEFORE IMPORTING THIS FILE.
Near lines: 1448 Near line: 1449 

WARNING: po01.cli line 2655  "SAME AS" TO EXTERNAL REFERENCE EXPORTED (1009) CHECK IF IT EXISTS BEFORE IMPORTING THIS FILE.
Near lines: 2655 Near line: 2656 

WARNING: po01.cli line 5837  "SAME AS" TO EXTERNAL REFERENCE EXPORTED (b1685.21-per6) CHECK IF IT EXISTS BEFORE IMPORTING THIS FILE.
Near lines: 5837 Near line: 5838 

WARNING: po01.cli line 5844  "SAME AS" TO EXTERNAL REFERENCE EXPORTED (b1689.60-per5) CHECK IF IT EXISTS BEFORE IMPORTING THIS FILE.
Near lines: 5844 Near line: 5845 
** Processed file- /kleio-home/sources/soure-fontes/sources/1685-1720/ordenacoes/po01.cli
** Original file- /kleio-home/sources/soure-fontes/sources/1685-1720/ordenacoes/po01.org
** Previous version- /kleio-home/sources/soure-fontes/sources/1685-1720/ordenacoes/po01.old
** Temp file with ids- /kleio-home/sources/soure-fontes/sources/1685-1720/ordenacoes/po01.ids
** - /kleio-home/sources/soure-fontes/sources/1685-1720/ordenacoes/po01.cli-renamed to- /kleio-home/sources/soure-fontes/sources/1685-1720/ordenacoes/po01.old
** - /kleio-home/sources/soure-fontes/sources/1685-1720/ordenacoes/po01.ids-renamed to- /kleio-home/sources/soure-fontes/sources/1685-1720/ordenacoes/po01.cli
** Translation files closed.
0  errors. 
8  warnings.
Translation finished.
