KleioTranslator - server version @@VERSION@@ - build @@BUILD@@ @@DATE@@
22-9-2020 19-44

Processing data file po115.cli
-------------------------------------------
Generic Act translation module with geoentities (XML).
     Joaquim Ramos de Carvalho (joaquim@uc.pt) 
** New document: kleio
=========================
kleio translation started
=========================
Structure: gacto2.str
Prefix: 
Autorel: 
Translation count: 5
Obs: 
** Processing source fonte$f-po115
6: po$b-po115
*** End of File

Line 7 "SAME AS" TO EXTERNAL REFERENCE EXPORTED (br28031713) CHECK IF IT EXISTS BEFORE IMPORTING THIS FILE.
Line 26 "SAME AS" TO EXTERNAL REFERENCE EXPORTED (b1713.42-per6) CHECK IF IT EXISTS BEFORE IMPORTING THIS FILE.

** Processed file- /Users/jrc/mhk-home/sources/soure-fontes/sources/1685-1720/ordenacoes/po115.cli
** Original file- /Users/jrc/mhk-home/sources/soure-fontes/sources/1685-1720/ordenacoes/po115.org
** Previous version- /Users/jrc/mhk-home/sources/soure-fontes/sources/1685-1720/ordenacoes/po115.old
** Temp file with ids- /Users/jrc/mhk-home/sources/soure-fontes/sources/1685-1720/ordenacoes/po115.ids
** - /Users/jrc/mhk-home/sources/soure-fontes/sources/1685-1720/ordenacoes/po115.cli-renamed to- /Users/jrc/mhk-home/sources/soure-fontes/sources/1685-1720/ordenacoes/po115.old
** - /Users/jrc/mhk-home/sources/soure-fontes/sources/1685-1720/ordenacoes/po115.ids-renamed to- /Users/jrc/mhk-home/sources/soure-fontes/sources/1685-1720/ordenacoes/po115.cli
** Translation files closed.
0  errors. 
0  warnings.
Translation finished.
