KleioTranslator - server version 2019.A1 - build 256 07/05/2020 17:41 
13-5-2020 22-21

Processing data file ob1690.cli
-------------------------------------------
Generic Act translation module with geoentities (XML).
     Joaquim Ramos de Carvalho (joaquim@uc.pt) 
** New document: kleio
=========================
kleio translation started
=========================
Structure: gacto2.str
Prefix: 
Autorel: 
Translation count: 12
Obs: 
** Processing source fonte$obitos 1690
6: obito$o1690-4183
18: obito$o1690-4184
30: obito$o1690-4185
43: obito$o1690-4186
54: obito$o1690-4187
65: obito$o1690-4188
79: obito$o1690-4189
87: obito$o1690-4190
98: obito$o1690-4191
109: obito$o1690-4192
120: obito$o1690-4193
129: obito$o1690-4194
140: obito$o1690-4195
152: obito$o1690-4196
166: obito$o1690-4197
176: obito$o1690-4198
187: obito$o1690-4199
195: obito$o1690-4200
205: obito$o1690-4201
215: obito$o1690-4202
224: obito$o1690-4203
235: obito$o1690-4204
242: obito$o1690-4205
251: obito$o1690-4206
260: obito$o1690-4207
269: obito$o1690-4208
280: obito$o1690-4209
289: obito$o1690-4210
305: obito$o1690-4211
315: obito$o1690-4212
326: obito$o1690-4213
336: obito$o1690-4214
347: obito$o1690-4215
*** End of File
** Processed file- /kleio-home/sources/soure-fontes/sources/1685-1720/obitos/ob1690.cli
** Original file- /kleio-home/sources/soure-fontes/sources/1685-1720/obitos/ob1690.org
** Previous version- /kleio-home/sources/soure-fontes/sources/1685-1720/obitos/ob1690.old
** Temp file with ids- /kleio-home/sources/soure-fontes/sources/1685-1720/obitos/ob1690.ids
** - /kleio-home/sources/soure-fontes/sources/1685-1720/obitos/ob1690.cli-renamed to- /kleio-home/sources/soure-fontes/sources/1685-1720/obitos/ob1690.old
** - /kleio-home/sources/soure-fontes/sources/1685-1720/obitos/ob1690.ids-renamed to- /kleio-home/sources/soure-fontes/sources/1685-1720/obitos/ob1690.cli
** Translation files closed.
0  errors. 
0  warnings.
Translation finished.
