KleioTranslator - server version 2019.A1 - build 256 07/05/2020 17:41 
13-5-2020 22-21

Processing data file ob1693.cli
-------------------------------------------
Generic Act translation module with geoentities (XML).
     Joaquim Ramos de Carvalho (joaquim@uc.pt) 
** New document: kleio
=========================
kleio translation started
=========================
Structure: gacto2.str
Prefix: 
Autorel: 
Translation count: 11
Obs: 
** Processing source fonte$obitos-1693
6: obito$o1693-4333
17: obito$o1693-4334
28: obito$o1693-4335
38: obito$o1693-4336
47: obito$o1693-4337
59: obito$o1693-4338
70: obito$o1693-4339
83: obito$o1693-4340
90: obito$o1693-4341
99: obito$o1693-4342
113: obito$o1693-4343
129: obito$o1693-4344
144: obito$o1693-4345
153: obito$o1693-4346
167: obito$o1693-4347
179: obito$o1693-4348
189: obito$o1693-4349
200: obito$o1693-4350
211: obito$o1693-4351
220: obito$o1693-4352
232: obito$o1693-4353
245: obito$o1693-4354
258: obito$o1693-4355
269: obito$o1693-4356
278: obito$o1693-4357
290: obito$o1693-4358
301: obito$o1693-4359
312: obito$o1693-4360
325: obito$o1693-4361
336: obito$o1693-4362
347: obito$o1693-4363
358: obito$o1693-4364
369: obito$o1693-4365
*** End of File
** Processed file- /kleio-home/sources/soure-fontes/sources/1685-1720/obitos/ob1693.cli
** Original file- /kleio-home/sources/soure-fontes/sources/1685-1720/obitos/ob1693.org
** Previous version- /kleio-home/sources/soure-fontes/sources/1685-1720/obitos/ob1693.old
** Temp file with ids- /kleio-home/sources/soure-fontes/sources/1685-1720/obitos/ob1693.ids
** - /kleio-home/sources/soure-fontes/sources/1685-1720/obitos/ob1693.cli-renamed to- /kleio-home/sources/soure-fontes/sources/1685-1720/obitos/ob1693.old
** - /kleio-home/sources/soure-fontes/sources/1685-1720/obitos/ob1693.ids-renamed to- /kleio-home/sources/soure-fontes/sources/1685-1720/obitos/ob1693.cli
** Translation files closed.
0  errors. 
0  warnings.
Translation finished.
