ClioInput - version @@VERSION@@ - build @@BUILD@@ @@DATE@@
9-4-2020 16-48

Processing data file ob1689.cli
-------------------------------------------
Generic Act translation module with geoentities (XML).
     Joaquim Ramos de Carvalho (joaquim@uc.pt) 
** New document: kleio
=========================
kleio translation started
=========================
Structure: gacto2.str
Prefix: 
Autorel: 
Translation count: 12
Obs: 
** Processing source fonte$obitos 1689
6: obito$o1689-3710
21: obito$o1689-3711
31: obito$o1689-3712
42: obito$o1689-3713
53: obito$o1689-3714
68: obito$o1689-3715
80: obito$o1689-3716
89: obito$o1689-3717
104: obito$o1689-3718
116: obito$o1689-3719
129: obito$o1689-3720
141: obito$o1689-3721
152: obito$o1689-3722
162: obito$o1689-3723
172: obito$o1689-3724
182: obito$o1689-3725
191: obito$o1689-3726
204: obito$o1689-3727
213: obito$o1689-3728
229: obito$o1689-3729
242: obito$o1689-3730
255: obito$o1689-3731
267: obito$o1689-3732
279: obito$o1689-3733
293: obito$o1689-3734
305: obito$o1689-3735
316: obito$o1689-3736
327: obito$o1689-3737
341: obito$o1689-3738
351: obito$o1689-3739
368: obito$o1689-3740
381: obito$o1689-3741
393: obito$o1689-3742
409: obito$o1689-3743
422: obito$o1689-3744
433: obito$o1689-3745
445: obito$o1689-3746
456: obito$o1689-3747
467: obito$o1689-3748
481: obito$o1689-3749
494: obito$o1689-3750
507: obito$o1689-3751
518: obito$o1689-3752
533: obito$o1689-3753
544: obito$o1689-3754
553: obito$o1689-3755
566: obito$o1689-3756
577: obito$o1689-3757
586: obito$o1689-3758
603: obito$o1689-3759
616: obito$o1689-3760
625: obito$o1689-3761
638: obito$o1689-3762
647: obito$o1689-3763
655: obito$o1689-3764
662: obito$o1689-3765
671: obito$o1689-3766
*** End of File
** Processed file- /Users/jrc/mhk-home/sources/soure-fontes/sources/soure_fase1/obitos/ob1689.cli
** Original file- /Users/jrc/mhk-home/sources/soure-fontes/sources/soure_fase1/obitos/ob1689.org
** Previous version- /Users/jrc/mhk-home/sources/soure-fontes/sources/soure_fase1/obitos/ob1689.old
** Temp file with ids- /Users/jrc/mhk-home/sources/soure-fontes/sources/soure_fase1/obitos/ob1689.ids
0  errors. 
0  warnings.
Translation finished.
