ClioInput - version @@VERSION@@ - build @@BUILD@@ @@DATE@@
9-4-2020 16-57

Processing data file ob1694.cli
-------------------------------------------
Generic Act translation module with geoentities (XML).
     Joaquim Ramos de Carvalho (joaquim@uc.pt) 
** New document: kleio
=========================
kleio translation started
=========================
Structure: gacto2.str
Prefix: 
Autorel: 
Translation count: 9
Obs: 
** Processing source fonte$obitos-1694
6: obito$o1694-4366
14: obito$o1694-4367
27: obito$o1694-4368
38: obito$o1694-4369
49: obito$o1694-4370
60: obito$o1694-4371
72: obito$o1694-4372
85: obito$o1694-4373
94: obito$o1694-4374
104: obito$o1694-4375
118: obito$o1694-4376
130: obito$o1694-4377
139: obito$o1694-4378
152: obito$o1694-4379
161: obito$o1694-4380
171: obito$o1694-4381
179: obito$o1694-4382
190: obito$o1694-4383
204: obito$o1694-4384
218: obito$o1694-4385
232: obito$o1694-4386
241: obito$o1694-4387
255: obito$o1694-4388
269: obito$o1694-4389
283: obito$o1694-4390
290: obito$o1694-4391
302: obito$o1694-4392
315: obito$o1694-4393
325: obito$o1694-4394
338: obito$o1694-4395
349: obito$o1694-4396
362: obito$o1694-4397
375: obito$o1694-4398
384: obito$o1694-4399
393: obito$o1694-4400
405: obito$o1694-4401
416: obito$o1694-4402
428: obito$o1694-4403
*** End of File
** Processed file- /Users/jrc/mhk-home/sources/soure-fontes/sources/soure_fase1/obitos/ob1694.cli
** Original file- /Users/jrc/mhk-home/sources/soure-fontes/sources/soure_fase1/obitos/ob1694.org
** Previous version- /Users/jrc/mhk-home/sources/soure-fontes/sources/soure_fase1/obitos/ob1694.old
** Temp file with ids- /Users/jrc/mhk-home/sources/soure-fontes/sources/soure_fase1/obitos/ob1694.ids
0  errors. 
0  warnings.
Translation finished.
