KleioTranslator - server version 2019.A1 - build 256 07/05/2020 17:41 
13-5-2020 22-22

Processing data file ob1707.cli
-------------------------------------------
Generic Act translation module with geoentities (XML).
     Joaquim Ramos de Carvalho (joaquim@uc.pt) 
** New document: kleio
=========================
kleio translation started
=========================
Structure: gacto2.str
Prefix: 
Autorel: 
Translation count: 11
Obs: 
** Processing source fonte$obitos-1707
6: obito$o1707-3060
19: obito$o1707-3061
32: obito$o1707-3062
43: obito$o1707-3063
55: obito$o1707-3064
66: obito$o1707-3065
78: obito$o1707-3066
91: obito$o1707-3067
100: obito$o1707-3068
109: obito$o1707-3069
118: obito$o1707-3070
130: obito$o1707-3071
141: obito$o1707-3072
154: obito$o1707-3073
165: obito$o1707-3074
178: obito$o1707-3075
191: obito$o1707-3076
199: obito$o1707-3077
212: obito$o1707-3078
222: obito$o1707-3079
233: obito$o1707-3080
244: obito$o1707-3081
258: obito$o1707-3082
268: obito$o1707-3083
279: obito$o1707-3084
293: obito$o1707-3085
305: obito$o1707-3086
320: obito$o1707-3087
333: obito$o1707-3088
346: obito$o1707-3089
362: obito$o1707-3090
375: obito$o1707-3091
388: obito$o1707-3092
400: obito$o1707-3093
415: obito$o1707-3094
428: obito$o1707-3095
441: obito$o1707-3096
455: obito$o1707-3097
469: obito$o1707-3098
487: obito$o1707-3099
501: obito$o1707-3100
513: obito$o1707-3101
524: obito$o1707-3102
539: obito$o1707-3103
554: obito$o1707-3104
569: obito$o1707-3105
582: obito$o1707-3106
592: obito$o1707-3107
607: obito$o1707-3108
621: obito$o1707-3109
634: obito$o1707-3110
646: obito$o1707-3111
661: obito$o1707-3112
*** End of File
** Processed file- /kleio-home/sources/soure-fontes/sources/1685-1720/obitos/ob1707.cli
** Original file- /kleio-home/sources/soure-fontes/sources/1685-1720/obitos/ob1707.org
** Previous version- /kleio-home/sources/soure-fontes/sources/1685-1720/obitos/ob1707.old
** Temp file with ids- /kleio-home/sources/soure-fontes/sources/1685-1720/obitos/ob1707.ids
** - /kleio-home/sources/soure-fontes/sources/1685-1720/obitos/ob1707.cli-renamed to- /kleio-home/sources/soure-fontes/sources/1685-1720/obitos/ob1707.old
** - /kleio-home/sources/soure-fontes/sources/1685-1720/obitos/ob1707.ids-renamed to- /kleio-home/sources/soure-fontes/sources/1685-1720/obitos/ob1707.cli
** Translation files closed.
0  errors. 
0  warnings.
Translation finished.
