KleioTranslator - server version 2019.A1 - build 256 07/05/2020 17:41 
18-5-2020 15-42

Processing data file ob1703.cli
-------------------------------------------
Generic Act translation module with geoentities (XML).
     Joaquim Ramos de Carvalho (joaquim@uc.pt) 
** New document: kleio
=========================
kleio translation started
=========================
Structure: gacto2.str
Prefix: 
Autorel: 
Translation count: 12
Obs: 
** Processing source fonte$obitos-1703
6: obito$o1703-2709
18: obito$o1703-2710
30: obito$o1703-2711
42: obito$o1703-2712
53: obito$o1703-2713
64: obito$o1703-2714
74: obito$o1703-2715
85: obito$o1703-2716
97: obito$o1703-2717
108: obito$o1703-2718
122: obito$o1703-2719
132: obito$o1703-2720
145: obito$o1703-2721
157: obito$o1703-2722
168: obito$o1703-2723
179: obito$o1703-2724
188: obito$o1703-2725
199: obito$o1703-2726
212: obito$o1703-2727
221: obito$o1703-2728
230: obito$o1703-2729
243: obito$o1703-2730
252: obito$o1703-2731
265: obito$o1703-2732
277: obito$o1703-2733
290: obito$o1703-2734
301: obito$o1703-2735
314: obito$o1703-2736
325: obito$o1703-2737
337: obito$o1703-2738
348: obito$o1703-2739
359: obito$o1703-2740
372: obito$o1703-2741
383: obito$o1703-2742
396: obito$o1703-2743
407: obito$o1703-2744
420: obito$o1703-2745
434: obito$o1703-2746
442: obito$o1703-2747
456: obito$o1703-2748
467: obito$o1703-2749
480: obito$o1703-2750
492: obito$o1703-2751
503: obito$o1703-2752
514: obito$o1703-2753
527: obito$o1703-2754
536: obito$o1703-2755
548: obito$o1703-2756
560: obito$o1703-2757
571: obito$o1703-2758
580: obito$o1703-2759
591: obito$o1703-2760
604: obito$o1703-2761
617: obito$o1703-2762
626: obito$o1703-2763
640: obito$o1703-2764
654: obito$o1703-2765
665: obito$o1703-2766
675: obito$o1703-2767
687: obito$o1703-2768
699: obito$o1703-2769
710: obito$o1703-2770
722: obito$o1703-2771
733: obito$o1703-2772
747: obito$o1703-2773
758: obito$o1703-2774
769: obito$o1703-2775
783: obito$o1703-2776
793: obito$o1703-2777
805: obito$o1703-2778
816: obito$o1703-2779
829: obito$o1703-2780
840: obito$o1703-2781
851: obito$o1703-2782
862: obito$o1703-2783
874: obito$o1703-2784
885: obito$o1703-2785
*** End of File
** Processed file- /kleio-home/sources/soure-fontes/sources/1685-1720/obitos/ob1703.cli
** Original file- /kleio-home/sources/soure-fontes/sources/1685-1720/obitos/ob1703.org
** Previous version- /kleio-home/sources/soure-fontes/sources/1685-1720/obitos/ob1703.old
** Temp file with ids- /kleio-home/sources/soure-fontes/sources/1685-1720/obitos/ob1703.ids
** - /kleio-home/sources/soure-fontes/sources/1685-1720/obitos/ob1703.cli-renamed to- /kleio-home/sources/soure-fontes/sources/1685-1720/obitos/ob1703.old
** - /kleio-home/sources/soure-fontes/sources/1685-1720/obitos/ob1703.ids-renamed to- /kleio-home/sources/soure-fontes/sources/1685-1720/obitos/ob1703.cli
** Translation files closed.
0  errors. 
0  warnings.
Translation finished.
