KleioTranslator - server version @@VERSION@@ - build @@BUILD@@ @@DATE@@
22-8-2020 11-19

Processing data file ob1720.cli
-------------------------------------------
Generic Act translation module with geoentities (XML).
     Joaquim Ramos de Carvalho (joaquim@uc.pt) 
** New document: kleio
=========================
kleio translation started
=========================
Structure: gacto2.str
Prefix: 
Autorel: 
Translation count: 13
Obs: 
** Processing source fonte$obitos-1720
6: obito$o1720-4084
16: obito$o1720-4085
33: obito$o1720-4086
47: obito$o1720-4087
65: obito$o1720-4088
79: obito$o1720-4089
89: obito$o1720-4090
99: obito$o1720-4091
110: obito$o1720-4092
120: obito$o1720-4093
134: obito$o1720-4094
147: obito$o1720-4095
161: obito$o1720-4096
175: obito$o1720-4097
185: obito$o1720-4098
195: obito$o1720-4099
208: obito$o1720-4100
222: obito$o1720-4101
235: obito$o1720-4102
250: obito$o1720-4103
269: obito$o1720-4104
284: obito$o1720-4105
298: obito$o1720-4106
312: obito$o1720-4107
322: obito$o1720-4108
332: obito$o1720-4109
343: obito$o1720-4110
353: obito$o1720-4111
368: obito$o1720-4112
386: obito$o1720-4113
401: obito$o1720-4114
416: obito$o1720-4115
430: obito$o1720-4116
443: obito$o1720-4117
453: obito$o1720-4118
468: obito$o1720-4119
478: obito$o1720-4120
492: obito$o1720-4121
505: obito$o1720-4122
516: obito$o1720-4123
530: obito$o1720-4124
543: obito$o1720-4125
552: obito$o1720-4126
565: obito$o1720-4127
575: obito$o1720-4128
585: obito$o1720-4129
599: obito$o1720-4130
614: obito$o1720-4131
625: obito$o1720-4132
638: obito$o1720-4133
647: obito$o1720-4134
657: obito$o1720-4135
668: obito$o1720-4136
679: obito$o1720-4137
689: obito$o1720-4138
703: obito$o1720-4139
713: obito$o1720-4140
726: obito$o1720-4141
742: obito$o1720-4142
752: obito$o1720-4143
768: obito$o1720-4144
782: obito$o1720-4145
792: obito$o1720-4146
803: obito$o1720-4147
817: obito$o1720-4148
838: obito$o1720-4149
855: obito$o1720-4150
869: obito$o1720-4151
884: obito$o1720-4152
898: obito$o1720-4153
911: obito$o1720-4154
921: obito$o1720-4155
935: obito$o1720-4156
950: obito$o1720-4157
960: obito$o1720-4158
970: obito$o1720-4159
981: obito$o1720-4160
995: obito$o1720-4161
1012: obito$o1720-4162
1026: obito$o1720-4163
1042: obito$o1720-4164
1059: obito$o1720-4165
1074: obito$o1720-4166
1084: obito$o1720-4167
1100: obito$o1720-4168
1114: obito$o1720-4169
1121: obito$o1720-4170
1134: obito$o1720-4171
1147: obito$o1720-4172
1163: obito$o1720-4173
1176: obito$o1720-4174
1187: obito$o1720-4175
1201: obito$o1720-4176
1211: obito$o1720-4177
1221: obito$o1720-4178
1239: obito$o1720-4179
1252: obito$o1720-4180
1270: obito$o1720-4181
1283: obito$o1720-4182
*** End of File


** Processed file- /Users/jrc/mhk-home/sources/soure-fontes/sources/1685-1720/obitos/ob1720.cli
** Original file- /Users/jrc/mhk-home/sources/soure-fontes/sources/1685-1720/obitos/ob1720.org
** Previous version- /Users/jrc/mhk-home/sources/soure-fontes/sources/1685-1720/obitos/ob1720.old
** Temp file with ids- /Users/jrc/mhk-home/sources/soure-fontes/sources/1685-1720/obitos/ob1720.ids
** - /Users/jrc/mhk-home/sources/soure-fontes/sources/1685-1720/obitos/ob1720.cli-renamed to- /Users/jrc/mhk-home/sources/soure-fontes/sources/1685-1720/obitos/ob1720.old
** - /Users/jrc/mhk-home/sources/soure-fontes/sources/1685-1720/obitos/ob1720.ids-renamed to- /Users/jrc/mhk-home/sources/soure-fontes/sources/1685-1720/obitos/ob1720.cli
** Translation files closed.
0  errors. 
0  warnings.
Translation finished.
