ClioInput - version @@VERSION@@ - build @@BUILD@@ @@DATE@@
27-4-2020 16-51

Processing data file ob1710.cli
-------------------------------------------
Generic Act translation module with geoentities (XML).
     Joaquim Ramos de Carvalho (joaquim@uc.pt) 
** New document: kleio
=========================
kleio translation started
=========================
Structure: gacto2.str
Prefix: 
Autorel: 
Translation count: 14
Obs: 
** Processing source fonte$obitos-1710
6: obito$obitos-1710-his3216
19: obito$obitos-1710-his3217
28: obito$obitos-1710-his3218
45: obito$obitos-1710-his3219
59: obito$obitos-1710-his3220
86: obito$obitos-1710-his3221
97: obito$obitos-1710-his3222
106: obito$obitos-1710-his3223
121: obito$obitos-1710-his3224
133: obito$obitos-1710-his3225
147: obito$obitos-1710-his3226
157: obito$obitos-1710-hi710-3228
177: obito$o1710-3229
189: obito$o1710-3230
201: obito$o1710-3231
214: obito$o1710-3232
224: obito$o1710-3233
236: obito$o1710-3234
249: obito$o1710-3235
264: obito$o1710-3236
276: obito$o1710-3237
287: obito$o1710-3238
298: obito$o1710-3239
312: obito$o1710-3240
325: obito$o1710-3241
342: obito$o1710-3242
358: obito$o1710-3243
373: obito$o1710-3244
386: obito$o1710-3245
401: obito$o1710-3246
411: obito$o1710-3247
422: obito$o1710-3248
438: obito$o1710-3249
448: obito$o1710-3250
459: obito$o1710-3251
473: obito$o1710-3252
487: obito$o1710-3253
499: obito$o1710-3254
512: obito$o1710-3255
525: obito$o1710-3256
535: obito$o1710-3257
545: obito$o1710-3258
561: obito$o1710-3259
571: obito$o1710-3260
581: obito$o1710-3261
595: obito$o1710-3262
605: obito$o1710-3263
615: obito$o1710-3264
629: obito$o1710-3265
645: obito$o1710-3266
661: obito$o1710-3267
674: obito$o1710-3268
682: obito$o1710-3269
697: obito$o1710-3270
709: obito$o1710-3271
723: obito$o1710-3272
733: obito$o1710-3273
747: obito$o1710-3274
760: obito$o1710-3275
773: obito$o1710-3276
787: obito$o1710-3277
799: obito$o1710-3278
809: obito$o1710-3279
819: obito$o1710-3280
831: obito$o1710-3281
841: obito$o1710-3282
853: obito$o1710-3283
866: obito$o1710-3284
880: obito$o1710-3285
890: obito$o1710-3286
900: obito$o1710-3287
912: obito$o1710-3288
921: obito$o1710-3289
931: obito$o1710-3290
948: obito$o1710-3291
961: obito$o1710-3292
*** End of File
** Processed file- /Users/jrc/mhk-home/sources/soure-fontes/sources/soure_fase1/obitos/ob1710.cli
** Original file- /Users/jrc/mhk-home/sources/soure-fontes/sources/soure_fase1/obitos/ob1710.org
** Previous version- /Users/jrc/mhk-home/sources/soure-fontes/sources/soure_fase1/obitos/ob1710.old
** Temp file with ids- /Users/jrc/mhk-home/sources/soure-fontes/sources/soure_fase1/obitos/ob1710.ids
0  errors. 
0  warnings.
Translation finished.
