ClioInput - version 2019.A1 - build 231 29/03/2020 16:14 
22-4-2020 23-46

Processing data file eleicoes2.cli
-------------------------------------------
Generic Act translation module with geoentities (XML).
     Joaquim Ramos de Carvalho (joaquim@uc.pt) 
** New document: kleio
=========================
kleio translation started
=========================
Structure: gacto2.str
Prefix: 
Autorel: 
Translation count: 10
Obs: 
** Processing source fonte$mis mesa2
6: amz$emz2-1
78: amz$emz2-2
147: amz$emz2-3
220: amz$emz2-4
291: amz$emz2-5
356: amz$emz2-6
417: amz$emz2-7
453: amz$emz2-8
524: amz$emz2-9
599: amz$emz2-10
672: amz$emz2-11
744: amz$emz2-12
822: amz$emz2-13
891: amz$emz2-14
966: amz$emz2-15
1038: amz$emz2-16
1106: amz$emz2-17
1128: amz$emz2-18
1136: amz$emz2-19
1202: amz$emz2-20
1235: amz$emz2-21
1289: amz$emz2-22
1315: amz$emz2-23
1384: amz$emz2-24
1386: amz$emz2-25
1399: amz$emz2-26
1477: amz$emz2-27
1482: amz$emz2-28
1556: amz$emz2-28b
1590: amz$emz2-29
*** End of File
** Processed file- /kleio-home/sources/soure-fontes/sources/soure_fase1/irmaos_misericordia/eleicoes2.cli
** Original file- /kleio-home/sources/soure-fontes/sources/soure_fase1/irmaos_misericordia/eleicoes2.org
** Previous version- /kleio-home/sources/soure-fontes/sources/soure_fase1/irmaos_misericordia/eleicoes2.old
** Temp file with ids- /kleio-home/sources/soure-fontes/sources/soure_fase1/irmaos_misericordia/eleicoes2.ids
0  errors. 
0  warnings.
Translation finished.
