ClioInput - version 2019.A1 - build 231 29/03/2020 16:14 
22-4-2020 23-46

Processing data file eleicoes4.cli
-------------------------------------------
Generic Act translation module with geoentities (XML).
     Joaquim Ramos de Carvalho (joaquim@uc.pt) 
** New document: kleio
=========================
kleio translation started
=========================
Structure: gacto2.str
Prefix: 
Autorel: 
Translation count: 11
Obs: 
** Processing source fonte$mis mesa4
6: amz$emz4-1
30: amz$emz4-2
69: amz$emz4-3
96: amz$emz4-4
121: amz$emz4-5
146: amz$emz4-6
171: amz$emz4-7
196: amz$emz4-8
221: amz$emz4-9
246: amz$emz4-10
271: amz$emz4-11
296: amz$emz4-12
322: amz$emz4-13
348: amz$emz4-14
374: amz$emz4-15
400: amz$emz4-16
426: amz$emz4-17
*** End of File
** Processed file- /kleio-home/sources/soure-fontes/sources/soure_fase1/irmaos_misericordia/eleicoes4.cli
** Original file- /kleio-home/sources/soure-fontes/sources/soure_fase1/irmaos_misericordia/eleicoes4.org
** Previous version- /kleio-home/sources/soure-fontes/sources/soure_fase1/irmaos_misericordia/eleicoes4.old
** Temp file with ids- /kleio-home/sources/soure-fontes/sources/soure_fase1/irmaos_misericordia/eleicoes4.ids
0  errors. 
0  warnings.
Translation finished.
