ClioInput - version @@VERSION@@ - build @@BUILD@@ @@DATE@@
10-8-2018 13-20

Processing data file /Users/jrc/mhk-home/sources/soure/documents/assentos_misericordia/misMesa.cli
-------------------------------------------
Generic Act translation module with geoentities (XML).
     Joaquim Ramos de Carvalho (joaquim@uc.pt) 
** New document: kleio
=========================
kleio translation started
=========================
Structure: gacto.str
Prefix: 
Autorel: 
Translation count: 3
Obs: 
** Processing source fonte$mis mesa1
** Processing source fonte$mismesa1
7: amz$amz1
17: amz$amz2
19: amz$amz3
95: amz$amz4
97: amz$amz5
99: amz$amz6
101: amz$amz7
171: amz$amz8
173: amz$amz9
193: amz$amz10
265: amz$amz11
333: amz$amz12
404: amz$amz13
469: amz$amz15
471: amz$amz16
473: amz$amz17
475: amz$amz18
522: amz$amz19
524: amz$amz20
526: amz$amz21
528: amz$amz22
530: amz$amz23
532: amz$amz24
606: amz$amz25
615: amz$amz26
621: amz$amz27
627: amz$amz28
635: amz$amz29
637: amz$amz30
705: amz$amz31
707: amz$amz32
777: amz$amz33
783: amz$amz34
851: amz$amz35
918: amz$amz36
925: amz$amz37
927: amz$amz38
935: amz$amz39
940: amz$amz40
1005: amz$amz41
1014: amz$amz42
1023: amz$amz43
1025: amz$amz44
1094: amz$amz45
1101: amz$amz46
1165: amz$amz47
1173: amz$amz48
1244: amz$amz49
1293: amz$amz51
1302: amz$amz52
1309: amz$amz53
1316: amz$amz54
1318: amz$amz55
1320: amz$amz56
1376: amz$amz57
1449: amz$amz58
1527: amz$amz59
1605: amz$amz60
1610: amz$amz61
1685: amz$amz62
1714: amz$amz63
1721: amz$amz64
1728: amz$amz65
1733: amz$amz66
1759: amz$amz67
1761: amz$amz68
1834: amz$amz69
1836: amz$amz70
1838: amz$amz71
1840: amz$amz72
1864: amz$amz73
1870: amz$amz74
1879: amz$amz75
1885: amz$amz76
1933: amz$amz77
1938: amz$amz78
1943: amz$amz79
2019: amz$amz80
2094: amz$amz81
2168: amz$amz82
2176: amz$amz83
2184: amz$amz84
2194: amz$amz85
*** End of File
** Processed file- /Users/jrc/mhk-home/sources/soure/documents/assentos_misericordia/misMesa.cli
** Original file- /Users/jrc/mhk-home/sources/soure/documents/assentos_misericordia/misMesa.org
** Previous version- /Users/jrc/mhk-home/sources/soure/documents/assentos_misericordia/misMesa.old
** Temp file with ids- /Users/jrc/mhk-home/sources/soure/documents/assentos_misericordia/misMesa.ids
0  errors. 
0  warnings.
Translation finished.
