KleioTranslator - server version 2019.A1 - build 256 07/05/2020 17:41 
15-6-2020 16-33

Processing data file 1D-8-2-5.cli
-------------------------------------------
Generic Act translation module with geoentities (XML).
     Joaquim Ramos de Carvalho (joaquim@uc.pt) 
** New document: kleio
=========================
kleio translation started
=========================
Structure: gacto2.str
Prefix: 
Autorel: 
Translation count: 3
Obs: 
** Processing source fonte$n2.5
12: escritura$n.2.5.1
15: escritura$n.2.5.2
21: escritura$n.2.5.3
55: escritura$n.2.5.4
76: cartaperdao$n2.5.5
100: escritura$n2.5.6
135: escritura$n2.5.7
163: escritura$n2.5.8
166: escritura$n2.5.9
169: escritura$n2.5.10
171: escritura$n2.5.11
188: escritura$n2.5.12
191: escritura$n2.5.13
276: escritura$n2.5.14
291: escritura$n2.5.15
350: escritura$n2.5.16
378: escritura$n2.5.17
381: escritura$n2.5.18
386: escritura$n2.5.19
405: escritura$n2.5.20
408: escritura$n2.5.21
414: escritura$n2.5.22
456: escritura$n2.5.23
*** End of File

WARNING: 1D-8-2-5.cli line 292  "SAME AS" TO EXTERNAL REFERENCE EXPORTED (c1692.14-per3) CHECK IF IT EXISTS BEFORE IMPORTING THIS FILE.
Near lines: 292 Near line: 293 

WARNING: 1D-8-2-5.cli line 295  "SAME AS" TO EXTERNAL REFERENCE EXPORTED (c1694.9-per1) CHECK IF IT EXISTS BEFORE IMPORTING THIS FILE.
Near lines: 295 Near line: 296 

WARNING: 1D-8-2-5.cli line 300  "SAME AS" TO EXTERNAL REFERENCE EXPORTED (c159-4) CHECK IF IT EXISTS BEFORE IMPORTING THIS FILE.
Near lines: 300 Near line: 301 

WARNING: 1D-8-2-5.cli line 328  "SAME AS" TO EXTERNAL REFERENCE EXPORTED (c159-1) CHECK IF IT EXISTS BEFORE IMPORTING THIS FILE.
Near lines: 328 Near line: 329 
** Processed file- /kleio-home/sources/soure-fontes/sources/1685-1720/in_progress/notariais/1D-8-2-5.cli
** Original file- /kleio-home/sources/soure-fontes/sources/1685-1720/in_progress/notariais/1D-8-2-5.org
** Previous version- /kleio-home/sources/soure-fontes/sources/1685-1720/in_progress/notariais/1D-8-2-5.old
** Temp file with ids- /kleio-home/sources/soure-fontes/sources/1685-1720/in_progress/notariais/1D-8-2-5.ids
** - /kleio-home/sources/soure-fontes/sources/1685-1720/in_progress/notariais/1D-8-2-5.cli-renamed to- /kleio-home/sources/soure-fontes/sources/1685-1720/in_progress/notariais/1D-8-2-5.org
** - /kleio-home/sources/soure-fontes/sources/1685-1720/in_progress/notariais/1D-8-2-5.ids-renamed to- /kleio-home/sources/soure-fontes/sources/1685-1720/in_progress/notariais/1D-8-2-5.cli
** Translation files closed.
0  errors. 
4  warnings.
Translation finished.
