ClioInput - version 2019.A1 - build 507 15/07/2019 21:58 
27-8-2019 19-14

Processing data file 1D-8-2-23.cli
-------------------------------------------
Generic Act translation module with geoentities (XML).
     Joaquim Ramos de Carvalho (joaquim@uc.pt) 
1: 

ERROR: 1D-8-2-23.cli line 1 *** Current group fonte cannot be linked with previous group ()
Near lines: 1 
Near line: 2 fonte$n2.23


ERROR: 1D-8-2-23.cli line 1 ***fonte group not stored.
Near lines: 1 
Near line: 2 fonte$n2.23


ERROR: 1D-8-2-23.cli line 1 ** Failure. Could not process group fonte
Near lines: 1 
Near line: 2 fonte$n2.23

2: fonte$n2.23

ERROR: 1D-8-2-23.cli line 2 ** Failure: undefined element. n2.23

Near lines: 2 fonte$n2.23
Near line: 3 	/cota=1D-8-2-23


ERROR: 1D-8-2-23.cli line 2 **  unknown element: cota.
Near lines: 2 fonte$n2.23
Near line: 3 	/cota=1D-8-2-23

3: 	/cota=1D-8-2-23

ERROR: 1D-8-2-23.cli line 3 **  unknown element: arquivo.
Near lines: 3 	/cota=1D-8-2-23
Near line: 4 	/arquivo=AUC

4: 	/arquivo=AUC

ERROR: 1D-8-2-23.cli line 4 **  unknown element: tipo.
Near lines: 4 	/arquivo=AUC
Near line: 5 	/tipo=livro de notas

5: 	/tipo=livro de notas

ERROR: 1D-8-2-23.cli line 5 **  unknown element: notario.
Near lines: 5 	/tipo=livro de notas
Near line: 6 	/notario=

6: 	/notario=

ERROR: 1D-8-2-23.cli line 6 **  unknown element: inicio.
Near lines: 6 	/notario=
Near line: 7 	/inicio=27021738

7: 	/inicio=27021738

ERROR: 1D-8-2-23.cli line 7 **  unknown element: fim.
Near lines: 7 	/inicio=27021738
Near line: 8 	/fim=

8: 	/fim=

ERROR: 1D-8-2-23.cli line 8 **  unknown element: obs.
Near lines: 8 	/fim=
Near line: 9 	/obs=legivel / falta rever no arquivo

9: 	/obs=legivel / falta rever no arquivo
10: 

ERROR: 1D-8-2-23.cli line 10 *** Current group escritura cannot be linked with previous group ()
Near lines: 10 
Near line: 11 escritura$n.2.23.1


ERROR: 1D-8-2-23.cli line 10 ***escritura group not stored.
Near lines: 10 
Near line: 11 escritura$n.2.23.1


ERROR: 1D-8-2-23.cli line 10 ** Failure. Could not process group escritura
Near lines: 10 
Near line: 11 escritura$n.2.23.1

11: escritura$n.2.23.1

ERROR: 1D-8-2-23.cli line 11 ** Failure: undefined element.  falta rever no arquivon.2.23.1

Near lines: 11 escritura$n.2.23.1
Near line: 12 	/data=27021738


ERROR: 1D-8-2-23.cli line 11 **  unknown element: data.
Near lines: 11 escritura$n.2.23.1
Near line: 12 	/data=27021738

12: 	/data=27021738

ERROR: 1D-8-2-23.cli line 12 **  unknown element: fol.
Near lines: 12 	/data=27021738
Near line: 13 	/fol=1v-2

13: 	/fol=1v-2

ERROR: 1D-8-2-23.cli line 13 **  unknown element: tipo.
Near lines: 13 	/fol=1v-2
Near line: 14   	/tipo=juro

14:   	/tipo=juro

ERROR: 1D-8-2-23.cli line 14 **  unknown element: local.
Near lines: 14   	/tipo=juro
Near line: 15   	/local=ega

15:   	/local=ega
16:  
17: 

ERROR: 1D-8-2-23.cli line 17 *** Current group escritura cannot be linked with previous group ()
Near lines: 17 
Near line: 18 escritura$n.2.23.2


ERROR: 1D-8-2-23.cli line 17 ***escritura group not stored.
Near lines: 17 
Near line: 18 escritura$n.2.23.2


ERROR: 1D-8-2-23.cli line 17 ** Failure. Could not process group escritura
Near lines: 17 
Near line: 18 escritura$n.2.23.2

18: escritura$n.2.23.2

ERROR: 1D-8-2-23.cli line 18 **  unknown element: data.
Near lines: 18 escritura$n.2.23.2
Near line: 19 	/data=27021738

19: 	/data=27021738

ERROR: 1D-8-2-23.cli line 19 **  unknown element: fol.
Near lines: 19 	/data=27021738
Near line: 20 	/fol=2-3

20: 	/fol=2-3

ERROR: 1D-8-2-23.cli line 20 **  unknown element: tipo.
Near lines: 20 	/fol=2-3
Near line: 21 	/tipo=juro

21: 	/tipo=juro

ERROR: 1D-8-2-23.cli line 21 **  unknown element: local.
Near lines: 21 	/tipo=juro
Near line: 22 	/local=ega

22: 	/local=ega
23: 	
24: 	

ERROR: 1D-8-2-23.cli line 24 *** Current group escritura cannot be linked with previous group ()
Near lines: 24 	
Near line: 25 escritura$n.2.23.3


ERROR: 1D-8-2-23.cli line 24 ***escritura group not stored.
Near lines: 24 	
Near line: 25 escritura$n.2.23.3


ERROR: 1D-8-2-23.cli line 24 ** Failure. Could not process group escritura
Near lines: 24 	
Near line: 25 escritura$n.2.23.3

25: escritura$n.2.23.3

ERROR: 1D-8-2-23.cli line 25 **  unknown element: data.
Near lines: 25 escritura$n.2.23.3
Near line: 26 	/data=01031738

26: 	/data=01031738

ERROR: 1D-8-2-23.cli line 26 **  unknown element: fol.
Near lines: 26 	/data=01031738
Near line: 27 	/fol=3-3v

27: 	/fol=3-3v

ERROR: 1D-8-2-23.cli line 27 **  unknown element: tipo.
Near lines: 27 	/fol=3-3v
Near line: 28 	/tipo=juro

28: 	/tipo=juro

ERROR: 1D-8-2-23.cli line 28 **  unknown element: local.
Near lines: 28 	/tipo=juro
Near line: 29 	/local=redinha

29: 	/local=redinha
30: 	
31: 

ERROR: 1D-8-2-23.cli line 31 *** Current group escritura cannot be linked with previous group ()
Near lines: 31 
Near line: 32 escritura$n.2.23.4


ERROR: 1D-8-2-23.cli line 31 ***escritura group not stored.
Near lines: 31 
Near line: 32 escritura$n.2.23.4


ERROR: 1D-8-2-23.cli line 31 ** Failure. Could not process group escritura
Near lines: 31 
Near line: 32 escritura$n.2.23.4

32: escritura$n.2.23.4

ERROR: 1D-8-2-23.cli line 32 **  unknown element: data.
Near lines: 32 escritura$n.2.23.4
Near line: 33 	/data=02031738

33: 	/data=02031738

ERROR: 1D-8-2-23.cli line 33 **  unknown element: fol.
Near lines: 33 	/data=02031738
Near line: 34 	/fol=4-4v

34: 	/fol=4-4v

ERROR: 1D-8-2-23.cli line 34 **  unknown element: tipo.
Near lines: 34 	/fol=4-4v
Near line: 35 	/tipo=juro sem efeito

35: 	/tipo=juro sem efeito

ERROR: 1D-8-2-23.cli line 35 **  unknown element: local.
Near lines: 35 	/tipo=juro sem efeito
Near line: 36 	/local=redinha

36: 	/local=redinha
37: 	
38: 	

ERROR: 1D-8-2-23.cli line 38 *** Current group escritura cannot be linked with previous group ()
Near lines: 38 	
Near line: 39 escritura$n.2.23.5


ERROR: 1D-8-2-23.cli line 38 ***escritura group not stored.
Near lines: 38 	
Near line: 39 escritura$n.2.23.5


ERROR: 1D-8-2-23.cli line 38 ** Failure. Could not process group escritura
Near lines: 38 	
Near line: 39 escritura$n.2.23.5

39: escritura$n.2.23.5

ERROR: 1D-8-2-23.cli line 39 **  unknown element: data.
Near lines: 39 escritura$n.2.23.5
Near line: 40 	/data=03031738

40: 	/data=03031738

ERROR: 1D-8-2-23.cli line 40 **  unknown element: fol.
Near lines: 40 	/data=03031738
Near line: 41 	/fol=4v-5

41: 	/fol=4v-5

ERROR: 1D-8-2-23.cli line 41 **  unknown element: tipo.
Near lines: 41 	/fol=4v-5
Near line: 42 	/tipo=compra

42: 	/tipo=compra

ERROR: 1D-8-2-23.cli line 42 **  unknown element: local.
Near lines: 42 	/tipo=compra
Near line: 43 	/local=soure

43: 	/local=soure

ERROR: 1D-8-2-23.cli line 43 **  unknown element: obs.
Near lines: 43 	/local=soure
Near line: 44 	/obs=residencia do tabeliao, vila de soure.	

44: 	/obs=residencia do tabeliao, vila de soure.	
45: 	bens vendidos- uma vinha com sua terra, sito no casal das 
46: guerras que parte com o dito comprador e com fazenda do doutor frei 
47: bernardo de santo antonio - uma terra no mesmo sitio as 
48: barreirinhas que parte com manuel rodrigues perna e com joao 
49: rodrigues perna do casal do porto das cabras deste termo - uma terra 
50: no sitio da alagoa que parte de uma banda com  irmilgidio da costa do 
51: mogadouro e com quem deva e haja de partir - todos os matos que lhe 
52: pertencerem
53: 	origem- os terrenos foram herdados do pai francisco rodrigues 
54: morijeiro
55: 	motivo- venderam para pagamento de dividas que ficaram de 
56: seu pai - fazem so agora a escritura porque na altura em que a terra 
57: foi vendida nao se pode fazer por causa da morte repentina do marido 
58: da vendedora
59: 	valor- 9000 reis, forros de sisa e mais custas para eles 
60: vendedores
61: 	certidao da sisa-  1800 reis pagos pelo vendedor, registo de 
62: joao henriques escrivao das sisas em 1736, recebidas pelo recebedor 
63: jose da costa
64: 

ERROR: 1D-8-2-23.cli line 64 *** Current group comprador cannot be linked with previous group ()
Near lines: 64 
Near line: 65 comprador$joao carvalho/sexo=m


ERROR: 1D-8-2-23.cli line 64 ***comprador group not stored.
Near lines: 64 
Near line: 65 comprador$joao carvalho/sexo=m


ERROR: 1D-8-2-23.cli line 64 ** Failure. Could not process group comprador
Near lines: 64 
Near line: 65 comprador$joao carvalho/sexo=m


ERROR: 1D-8-2-23.cli line 64 **  unknown element: sexo.
Near lines: 64 
Near line: 65 comprador$joao carvalho/sexo=m

65: comprador$joao carvalho/sexo=m

ERROR: 1D-8-2-23.cli line 65 *** Current group ls cannot be linked with previous group ()
Near lines: 65 comprador$joao carvalho/sexo=m
Near line: 66 	ls$residencia/casal dos guerras


ERROR: 1D-8-2-23.cli line 65 ***ls group not stored.
Near lines: 65 comprador$joao carvalho/sexo=m
Near line: 66 	ls$residencia/casal dos guerras


ERROR: 1D-8-2-23.cli line 65 ** Failure. Could not process group ls
Near lines: 65 comprador$joao carvalho/sexo=m
Near line: 66 	ls$residencia/casal dos guerras

66: 	ls$residencia/casal dos guerras

ERROR: 1D-8-2-23.cli line 66 *** Current group ls cannot be linked with previous group ()
Near lines: 66 	ls$residencia/casal dos guerras
Near line: 67 	ls$assinatura/+


ERROR: 1D-8-2-23.cli line 66 ***ls group not stored.
Near lines: 66 	ls$residencia/casal dos guerras
Near line: 67 	ls$assinatura/+


ERROR: 1D-8-2-23.cli line 66 ** Failure. Could not process group ls
Near lines: 66 	ls$residencia/casal dos guerras
Near line: 67 	ls$assinatura/+


ERROR: 1D-8-2-23.cli line 66 ** Failure: undefined element. casal dos guerrasassinatura

Near lines: 66 	ls$residencia/casal dos guerras
Near line: 67 	ls$assinatura/+

67: 	ls$assinatura/+

ERROR: 1D-8-2-23.cli line 67 *** Current group vendedor cannot be linked with previous group ()
Near lines: 67 	ls$assinatura/+
Near line: 68 vendedor$maria francisca/sexo=f/id=n.2.23.5-p1


ERROR: 1D-8-2-23.cli line 67 ***vendedor group not stored.
Near lines: 67 	ls$assinatura/+
Near line: 68 vendedor$maria francisca/sexo=f/id=n.2.23.5-p1


ERROR: 1D-8-2-23.cli line 67 ** Failure. Could not process group vendedor
Near lines: 67 	ls$assinatura/+
Near line: 68 vendedor$maria francisca/sexo=f/id=n.2.23.5-p1


ERROR: 1D-8-2-23.cli line 67 ** Failure: undefined element. +maria francisca

Near lines: 67 	ls$assinatura/+
Near line: 68 vendedor$maria francisca/sexo=f/id=n.2.23.5-p1


ERROR: 1D-8-2-23.cli line 67 **  unknown element: sexo.
Near lines: 67 	ls$assinatura/+
Near line: 68 vendedor$maria francisca/sexo=f/id=n.2.23.5-p1


ERROR: 1D-8-2-23.cli line 67 **  unknown element: id.
Near lines: 67 	ls$assinatura/+
Near line: 68 vendedor$maria francisca/sexo=f/id=n.2.23.5-p1

68: vendedor$maria francisca/sexo=f/id=n.2.23.5-p1

ERROR: 1D-8-2-23.cli line 68 *** Current group ls cannot be linked with previous group ()
Near lines: 68 vendedor$maria francisca/sexo=f/id=n.2.23.5-p1
Near line: 69 	ls$residencia/soure


ERROR: 1D-8-2-23.cli line 68 ***ls group not stored.
Near lines: 68 vendedor$maria francisca/sexo=f/id=n.2.23.5-p1
Near line: 69 	ls$residencia/soure


ERROR: 1D-8-2-23.cli line 68 ** Failure. Could not process group ls
Near lines: 68 vendedor$maria francisca/sexo=f/id=n.2.23.5-p1
Near line: 69 	ls$residencia/soure

69: 	ls$residencia/soure

ERROR: 1D-8-2-23.cli line 69 *** Current group ls cannot be linked with previous group ()
Near lines: 69 	ls$residencia/soure
Near line: 70 	ls$ec/v


ERROR: 1D-8-2-23.cli line 69 ***ls group not stored.
Near lines: 69 	ls$residencia/soure
Near line: 70 	ls$ec/v


ERROR: 1D-8-2-23.cli line 69 ** Failure. Could not process group ls
Near lines: 69 	ls$residencia/soure
Near line: 70 	ls$ec/v


ERROR: 1D-8-2-23.cli line 69 ** Failure: undefined element. soureec

Near lines: 69 	ls$residencia/soure
Near line: 70 	ls$ec/v

70: 	ls$ec/v

ERROR: 1D-8-2-23.cli line 70 *** Current group referido cannot be linked with previous group ()
Near lines: 70 	ls$ec/v
Near line: 71 referido$domingos joao/sexo=m


ERROR: 1D-8-2-23.cli line 70 ***referido group not stored.
Near lines: 70 	ls$ec/v
Near line: 71 referido$domingos joao/sexo=m


ERROR: 1D-8-2-23.cli line 70 ** Failure. Could not process group referido
Near lines: 70 	ls$ec/v
Near line: 71 referido$domingos joao/sexo=m


ERROR: 1D-8-2-23.cli line 70 ** Failure: undefined element. vdomingos joao

Near lines: 70 	ls$ec/v
Near line: 71 referido$domingos joao/sexo=m


ERROR: 1D-8-2-23.cli line 70 **  unknown element: sexo.
Near lines: 70 	ls$ec/v
Near line: 71 referido$domingos joao/sexo=m

71: referido$domingos joao/sexo=m

ERROR: 1D-8-2-23.cli line 71 *** Current group ls cannot be linked with previous group ()
Near lines: 71 referido$domingos joao/sexo=m
Near line: 72 	ls$morto/antes


ERROR: 1D-8-2-23.cli line 71 ***ls group not stored.
Near lines: 71 referido$domingos joao/sexo=m
Near line: 72 	ls$morto/antes


ERROR: 1D-8-2-23.cli line 71 ** Failure. Could not process group ls
Near lines: 71 referido$domingos joao/sexo=m
Near line: 72 	ls$morto/antes

72: 	ls$morto/antes

ERROR: 1D-8-2-23.cli line 72 *** Current group ls cannot be linked with previous group ()
Near lines: 72 	ls$morto/antes
Near line: 73 	ls$alcunha/espitaleiro


ERROR: 1D-8-2-23.cli line 72 ***ls group not stored.
Near lines: 72 	ls$morto/antes
Near line: 73 	ls$alcunha/espitaleiro


ERROR: 1D-8-2-23.cli line 72 ** Failure. Could not process group ls
Near lines: 72 	ls$morto/antes
Near line: 73 	ls$alcunha/espitaleiro


ERROR: 1D-8-2-23.cli line 72 ** Failure: undefined element. antesalcunha

Near lines: 72 	ls$morto/antes
Near line: 73 	ls$alcunha/espitaleiro

73: 	ls$alcunha/espitaleiro

ERROR: 1D-8-2-23.cli line 73 *** Current group rel cannot be linked with previous group ()
Near lines: 73 	ls$alcunha/espitaleiro
Near line: 74 	rel$parentesco/marido/maria francisca/n.2.23.5-p1


ERROR: 1D-8-2-23.cli line 73 ***rel group not stored.
Near lines: 73 	ls$alcunha/espitaleiro
Near line: 74 	rel$parentesco/marido/maria francisca/n.2.23.5-p1


ERROR: 1D-8-2-23.cli line 73 ** Failure. Could not process group rel
Near lines: 73 	ls$alcunha/espitaleiro
Near line: 74 	rel$parentesco/marido/maria francisca/n.2.23.5-p1


ERROR: 1D-8-2-23.cli line 73 ** Failure: undefined element. espitaleiroparentesco

Near lines: 73 	ls$alcunha/espitaleiro
Near line: 74 	rel$parentesco/marido/maria francisca/n.2.23.5-p1


ERROR: 1D-8-2-23.cli line 73 ** Failure: undefined element. marido

Near lines: 73 	ls$alcunha/espitaleiro
Near line: 74 	rel$parentesco/marido/maria francisca/n.2.23.5-p1


ERROR: 1D-8-2-23.cli line 73 ** Failure: undefined element. maria francisca

Near lines: 73 	ls$alcunha/espitaleiro
Near line: 74 	rel$parentesco/marido/maria francisca/n.2.23.5-p1

74: 	rel$parentesco/marido/maria francisca/n.2.23.5-p1

ERROR: 1D-8-2-23.cli line 74 *** Current group referido cannot be linked with previous group ()
Near lines: 74 	rel$parentesco/marido/maria francisca/n.2.23.5-p1
Near line: 75 referido$francisco rodrigues/sexo=m


ERROR: 1D-8-2-23.cli line 74 ***referido group not stored.
Near lines: 74 	rel$parentesco/marido/maria francisca/n.2.23.5-p1
Near line: 75 referido$francisco rodrigues/sexo=m


ERROR: 1D-8-2-23.cli line 74 ** Failure. Could not process group referido
Near lines: 74 	rel$parentesco/marido/maria francisca/n.2.23.5-p1
Near line: 75 referido$francisco rodrigues/sexo=m


ERROR: 1D-8-2-23.cli line 74 ** Failure: undefined element. n.2.23.5-p1francisco rodrigues

Near lines: 74 	rel$parentesco/marido/maria francisca/n.2.23.5-p1
Near line: 75 referido$francisco rodrigues/sexo=m


ERROR: 1D-8-2-23.cli line 74 **  unknown element: sexo.
Near lines: 74 	rel$parentesco/marido/maria francisca/n.2.23.5-p1
Near line: 75 referido$francisco rodrigues/sexo=m

75: referido$francisco rodrigues/sexo=m

ERROR: 1D-8-2-23.cli line 75 *** Current group ls cannot be linked with previous group ()
Near lines: 75 referido$francisco rodrigues/sexo=m
Near line: 76 	ls$morto/antes


ERROR: 1D-8-2-23.cli line 75 ***ls group not stored.
Near lines: 75 referido$francisco rodrigues/sexo=m
Near line: 76 	ls$morto/antes


ERROR: 1D-8-2-23.cli line 75 ** Failure. Could not process group ls
Near lines: 75 referido$francisco rodrigues/sexo=m
Near line: 76 	ls$morto/antes

76: 	ls$morto/antes

ERROR: 1D-8-2-23.cli line 76 *** Current group ls cannot be linked with previous group ()
Near lines: 76 	ls$morto/antes
Near line: 77 	ls$alcunha/morijeiro


ERROR: 1D-8-2-23.cli line 76 ***ls group not stored.
Near lines: 76 	ls$morto/antes
Near line: 77 	ls$alcunha/morijeiro


ERROR: 1D-8-2-23.cli line 76 ** Failure. Could not process group ls
Near lines: 76 	ls$morto/antes
Near line: 77 	ls$alcunha/morijeiro


ERROR: 1D-8-2-23.cli line 76 ** Failure: undefined element. antesalcunha

Near lines: 76 	ls$morto/antes
Near line: 77 	ls$alcunha/morijeiro

77: 	ls$alcunha/morijeiro
*** ERROR: MAXIMUM NUMBER OF ERRORS REACHED. TRANSLATION ABORTED.
*** End of File
102  errors. 
0  warnings.
Translation finished.
