ClioInput - version @@VERSION@@ - build @@BUILD@@ @@DATE@@
10-4-2020 12-5

Processing data file 1D-8-2-4.cli
-------------------------------------------
Generic Act translation module with geoentities (XML).
     Joaquim Ramos de Carvalho (joaquim@uc.pt) 
** New document: kleio
=========================
kleio translation started
=========================
Structure: gacto2.str
Prefix: 
Autorel: 
Translation count: 12
Obs: 
** Processing source fonte$n2.23
6: escritura$n.2.4.1
17: escritura$n.2.4.2
22: escritura$n.2.4.3
24: escritura$n.2.4.4
28: escritura$n.2.4.5
52: escritura$n.2.4.6
87: escritura$n.2.4.7
89: escritura$n.2.4.8
110: escritura$n.2.4.9bis
131: escritura$n.2.4.10bisbis
151: escritura$n.2.4.11
178: escritura$n.2.4.12
196: escritura$n.2.4.13
224: escritura$n.2.4.14
254: escritura$n.2.4.15
290: escritura$n.2.4.16
292: escritura$n.2.4.17
294: escritura$n.2.4.18
322: escritura$n.2.4.19
346: escritura$n.2.4.20
378: escritura$n.2.4.21
399: escritura$n.2.4.22
401: escritura$n.2.4.23
403: escritura$n.2.4.24
405: escritura$n.2.4.25
412: escritura$n.2.4.26
414: escritura$n.2.4.27
443: escritura$n.2.4.28
481: escritura$n.2.4.29
529: escritura$n.2.4.30bis
560: escritura$n.2.4.31
651: escritura$n.2.4.32
689: escritura$n.2.4.33
744: escritura$n.2.4.34
779: escritura$n.2.4.35
803: escritura$n.2.4.36
825: escritura$n.2.4.37
847: escritura$n.2.4.38
869: escritura$n.2.4.39
912: escritura$n.2.4.40
985: escritura$n.2.4.41
1006: escritura$n.2.4.42
1017: escritura$n.2.4.43
1036: escritura$n.2.4.44
1064: escritura$n.2.4.45
1095: escritura$n.2.4.46
1117: escritura$n.2.4.47
1140: escritura$n.2.4.48
1183: escritura$n.2.4.49
1225: escritura$n.2.4.50
1255: escritura$n.2.4.51
1276: escritura$n.2.4.52
1296: escritura$n.2.4.53
1324: escritura$n.2.4.54
1357: escritura$n.2.4.55
1366: escritura$n.2.4.56
1368: escritura$n.2.4.57
1370: escritura$n.2.4.58
1372: escritura$n.2.4.59
1374: escritura$n.2.4.60
1376: escritura$n.2.4.61
1378: escritura$n.2.4.62
1380: escritura$n.2.4.63
1382: escritura$n.2.4.64
1384: escritura$n.2.4.65
1386: escritura$n.2.4.66
1412: escritura$n.2.4.67
1414: escritura$n.2.4.68
1416: escritura$n.2.4.69
1418: escritura$n.2.4.70
1441: escritura$n.2.4.71
1483: escritura$n.2.4.72
*** End of File
** Processed file- /Users/jrc/mhk-home/sources/soure-fontes/sources/soure_fase1/notariais/1D-8-2-4.cli
** Original file- /Users/jrc/mhk-home/sources/soure-fontes/sources/soure_fase1/notariais/1D-8-2-4.org
** Previous version- /Users/jrc/mhk-home/sources/soure-fontes/sources/soure_fase1/notariais/1D-8-2-4.old
** Temp file with ids- /Users/jrc/mhk-home/sources/soure-fontes/sources/soure_fase1/notariais/1D-8-2-4.ids
0  errors. 
0  warnings.
Translation finished.
