ClioInput - version @@VERSION@@ - build @@BUILD@@ @@DATE@@
9-4-2020 16-48

Processing data file J5.cli
-------------------------------------------
Generic Act translation module with geoentities (XML).
     Joaquim Ramos de Carvalho (joaquim@uc.pt) 
** New document: kleio
=========================
kleio translation started
=========================
Structure: gacto2.str
Prefix: 
Autorel: 
Translation count: 6
Obs: 
** Processing source fonte$cj5
6: chanc$cj5-1
10: chanc$cj5-4
14: chanc$cj5-4b
*** End of File
** Processed file- /Users/jrc/mhk-home/sources/soure-fontes/sources/soure_fase1/chancelarias/J5.cli
** Original file- /Users/jrc/mhk-home/sources/soure-fontes/sources/soure_fase1/chancelarias/J5.org
** Previous version- /Users/jrc/mhk-home/sources/soure-fontes/sources/soure_fase1/chancelarias/J5.old
** Temp file with ids- /Users/jrc/mhk-home/sources/soure-fontes/sources/soure_fase1/chancelarias/J5.ids
0  errors. 
0  warnings.
Translation finished.
