KleioTranslator - server version 2019.A1 - build 256 07/05/2020 17:41 
11-5-2020 22-47

Processing data file mhk_identification_soure-editor.ana.imp.cli
-------------------------------------------
Generic Act translation module with geoentities (XML).
     Joaquim Ramos de Carvalho (joaquim@uc.pt) 
** New document: kleio
=========================
kleio translation started
=========================
Structure: gacto2.str
Prefix: 
Autorel: 
Translation count: 
Obs: Generated from database soure_editor by user soure-editor ISO8601:2020-05-11T22:34:04.729Z
Translation count not set or invalid, counting as zero: 
** Processing authority register identifications$real-entities
** Processing robject record robject$ana-ro-1.imp
**     Processing rentity occurence stiago
**     Processing rentity occurence iparoquial
** Processing rperson record rperson$ana-rp-577.imp
**     Processing rentity occurence c1718.15-per3
**     Processing rentity occurence a1694-5
*** End of File
** Processed file- /kleio-home/sources/soure-fontes/identifications/mhk_identification_soure-editor.ana.imp.cli
** Original file- /kleio-home/sources/soure-fontes/identifications/mhk_identification_soure-editor.ana.imp.org
** Previous version- /kleio-home/sources/soure-fontes/identifications/mhk_identification_soure-editor.ana.imp.old
** Temp file with ids- /kleio-home/sources/soure-fontes/identifications/mhk_identification_soure-editor.ana.imp.ids
** - /kleio-home/sources/soure-fontes/identifications/mhk_identification_soure-editor.ana.imp.cli-renamed to- /kleio-home/sources/soure-fontes/identifications/mhk_identification_soure-editor.ana.imp.old
** - /kleio-home/sources/soure-fontes/identifications/mhk_identification_soure-editor.ana.imp.ids-renamed to- /kleio-home/sources/soure-fontes/identifications/mhk_identification_soure-editor.ana.imp.cli
** Translation files closed.
0  errors. 
0  warnings.
Translation finished.
