ClioInput - version @@VERSION@@ - build @@BUILD@@ @@DATE@@
6-5-2020 9-49

Processing data file mhk_identification_soure-mfg.cli
-------------------------------------------
Generic Act translation module with geoentities (XML).
     Joaquim Ramos de Carvalho (joaquim@uc.pt) 
** New document: kleio
=========================
kleio translation started
=========================
Structure: gacto2.str
Prefix: 
Autorel: 
Translation count: 
Obs: Generated from database soure_mfg by user soure-mfg ISO8601:2020-05-05T21:21:31.635Z
Translation count not set or invalid, counting as zero: 
** Processing authority register identifications$real-entities
*** End of File
** Processed file- /Users/jrc/mhk-home/sources/soure-mfg/identifications/mhk_identification_soure-mfg.cli
** Original file- /Users/jrc/mhk-home/sources/soure-mfg/identifications/mhk_identification_soure-mfg.org
** Previous version- /Users/jrc/mhk-home/sources/soure-mfg/identifications/mhk_identification_soure-mfg.old
** Temp file with ids- /Users/jrc/mhk-home/sources/soure-mfg/identifications/mhk_identification_soure-mfg.ids
** - /Users/jrc/mhk-home/sources/soure-mfg/identifications/mhk_identification_soure-mfg.cli-renamed to- /Users/jrc/mhk-home/sources/soure-mfg/identifications/mhk_identification_soure-mfg.org
** - /Users/jrc/mhk-home/sources/soure-mfg/identifications/mhk_identification_soure-mfg.ids-renamed to- /Users/jrc/mhk-home/sources/soure-mfg/identifications/mhk_identification_soure-mfg.cli
** Translation files closed.
0  errors. 
0  warnings.
Translation finished.
