KleioTranslator - server version 2019.A2 - build 263 (Import-identifications) 07/07/2020 12:40 
14-7-2020 16-23

Processing data file mhk_identification_soure-alunos.cli
-------------------------------------------
Generic Act translation module with geoentities (XML).
     Joaquim Ramos de Carvalho (joaquim@uc.pt) 
** New document: kleio
=========================
kleio translation started
=========================
Structure: gacto2.str
Prefix: 
Autorel: 
Translation count: 
Obs: Generated from database soure_editor by user soure-editor, file date: +2020-07-14 Timestamp:2020-07-14T16:02:55.654Z
Translation count not set or invalid, counting as zero: 
** Processing authority register identifications$real-entities
** Processing rperson record rperson$rp-212
**     Processing rentity occurence b1721.26-per4
**     Processing rentity occurence b1723.24-per4
**     Processing rentity occurence b1723.88-per2
**     Processing rentity occurence b1724.82-per4
**     Processing rentity occurence b1731.37-per2
**     Processing rentity occurence b1731.52-per6
**     Processing rentity occurence b1731.69-per3
**     Processing rentity occurence b1731.83-per4
**     Processing rentity occurence o1733.22-per1-per2
**     Processing rentity occurence o1733.29-per1-per2
** Processing rperson record rperson$rp-213
**     Processing rentity occurence b1721.26-per5
**     Processing rentity occurence b1723.24-per5
** Processing rperson record rperson$rp-214
**     Processing rentity occurence b1721.26-per6
**     Processing rentity occurence b1723.24-per6
*** End of File


** Processed file- /kleio-home/sources/soure-fontes/identifications/mhk_identification_soure-alunos.cli
** Original file- /kleio-home/sources/soure-fontes/identifications/mhk_identification_soure-alunos.org
** Previous version- /kleio-home/sources/soure-fontes/identifications/mhk_identification_soure-alunos.old
** Temp file with ids- /kleio-home/sources/soure-fontes/identifications/mhk_identification_soure-alunos.ids
** - /kleio-home/sources/soure-fontes/identifications/mhk_identification_soure-alunos.cli-renamed to- /kleio-home/sources/soure-fontes/identifications/mhk_identification_soure-alunos.org
** - /kleio-home/sources/soure-fontes/identifications/mhk_identification_soure-alunos.ids-renamed to- /kleio-home/sources/soure-fontes/identifications/mhk_identification_soure-alunos.cli
** Translation files closed.
0  errors. 
0  warnings.
Translation finished.
