KleioTranslator - server version 2019.A1 - build 256 07/05/2020 17:41 
17-6-2020 18-26

Processing data file mhk_identification_soure-editor.cli
-------------------------------------------
Generic Act translation module with geoentities (XML).
     Joaquim Ramos de Carvalho (joaquim@uc.pt) 
** New document: kleio
=========================
kleio translation started
=========================
Structure: gacto2.str
Prefix: 
Autorel: 
Translation count: 
Obs: Generated from database soure_editor by user soure-editor ISO8601:2020-05-13T06:59:24.622Z
Translation count not set or invalid, counting as zero: 
** Processing authority register identifications$real-entities

ERROR: mhk_identification_soure-editor.cli line 4 ** Failure: undefined element. agostinho aurelio de matos

Near lines: 4 
Near line: 5       rperson$rp-416/afonso de lencastre/m/user=soure-editor      rperson$rp-816/agostinho aurelio de matos/m/user=soure-editor


ERROR: mhk_identification_soure-editor.cli line 4 ** Failure: undefined element. m

Near lines: 4 
Near line: 5       rperson$rp-416/afonso de lencastre/m/user=soure-editor      rperson$rp-816/agostinho aurelio de matos/m/user=soure-editor

** Processing rperson record rperson$rp-416
**     Processing rentity occurence emz2-12-per12-12

ERROR: mhk_identification_soure-editor.cli line 7 ** Failure: undefined element. agostinho luis de ataide

Near lines: 7 
Near line: 8       rperson$rp-667/agostinho de barros/m/user=soure-editor      rperson$rp-772/agostinho luis de ataide/m/user=soure-editor      rperson$rp-459/agueda gomes/f/user=soure-editor      rperson$rp-764/aires de saldanha de albuquerque matos coutinho e noronha/m/user=soure-editor      rperson$rp-790/alexandre mendes/m/user=soure-editor      rperson$rp-479/amaro de pina/m/user=soure-editor      rperson$rp-264/ambrosio pimentel/m/user=soure-editor      rperson$rp-123/ana carvalho/f/user=soure-editor      rperson$rp-308/ana dias/f/user=soure-editor      rperson$rp-663/ana dos santos/f/user=soure-editor      rperson$rp-235/ana gaspar/f/user=soure-editor      rperson$rp-255/ana gaspar/f/user=soure-editor      rperson$rp-813/ana maria/f/user=soure-editor


ERROR: mhk_identification_soure-editor.cli line 7 ** Failure: undefined element. m

Near lines: 7 
Near line: 8       rperson$rp-667/agostinho de barros/m/user=soure-editor      rperson$rp-772/agostinho luis de ataide/m/user=soure-editor      rperson$rp-459/agueda gomes/f/user=soure-editor      rperson$rp-764/aires de saldanha de albuquerque matos coutinho e noronha/m/user=soure-editor      rperson$rp-790/alexandre mendes/m/user=soure-editor      rperson$rp-479/amaro de pina/m/user=soure-editor      rperson$rp-264/ambrosio pimentel/m/user=soure-editor      rperson$rp-123/ana carvalho/f/user=soure-editor      rperson$rp-308/ana dias/f/user=soure-editor      rperson$rp-663/ana dos santos/f/user=soure-editor      rperson$rp-235/ana gaspar/f/user=soure-editor      rperson$rp-255/ana gaspar/f/user=soure-editor      rperson$rp-813/ana maria/f/user=soure-editor


ERROR: mhk_identification_soure-editor.cli line 7 ** Failure: undefined element. agueda gomes

Near lines: 7 
Near line: 8       rperson$rp-667/agostinho de barros/m/user=soure-editor      rperson$rp-772/agostinho luis de ataide/m/user=soure-editor      rperson$rp-459/agueda gomes/f/user=soure-editor      rperson$rp-764/aires de saldanha de albuquerque matos coutinho e noronha/m/user=soure-editor      rperson$rp-790/alexandre mendes/m/user=soure-editor      rperson$rp-479/amaro de pina/m/user=soure-editor      rperson$rp-264/ambrosio pimentel/m/user=soure-editor      rperson$rp-123/ana carvalho/f/user=soure-editor      rperson$rp-308/ana dias/f/user=soure-editor      rperson$rp-663/ana dos santos/f/user=soure-editor      rperson$rp-235/ana gaspar/f/user=soure-editor      rperson$rp-255/ana gaspar/f/user=soure-editor      rperson$rp-813/ana maria/f/user=soure-editor


ERROR: mhk_identification_soure-editor.cli line 7 ** Failure: undefined element. f

Near lines: 7 
Near line: 8       rperson$rp-667/agostinho de barros/m/user=soure-editor      rperson$rp-772/agostinho luis de ataide/m/user=soure-editor      rperson$rp-459/agueda gomes/f/user=soure-editor      rperson$rp-764/aires de saldanha de albuquerque matos coutinho e noronha/m/user=soure-editor      rperson$rp-790/alexandre mendes/m/user=soure-editor      rperson$rp-479/amaro de pina/m/user=soure-editor      rperson$rp-264/ambrosio pimentel/m/user=soure-editor      rperson$rp-123/ana carvalho/f/user=soure-editor      rperson$rp-308/ana dias/f/user=soure-editor      rperson$rp-663/ana dos santos/f/user=soure-editor      rperson$rp-235/ana gaspar/f/user=soure-editor      rperson$rp-255/ana gaspar/f/user=soure-editor      rperson$rp-813/ana maria/f/user=soure-editor


ERROR: mhk_identification_soure-editor.cli line 7 ** Failure: undefined element. aires de saldanha de albuquerque matos coutinho e noronha

Near lines: 7 
Near line: 8       rperson$rp-667/agostinho de barros/m/user=soure-editor      rperson$rp-772/agostinho luis de ataide/m/user=soure-editor      rperson$rp-459/agueda gomes/f/user=soure-editor      rperson$rp-764/aires de saldanha de albuquerque matos coutinho e noronha/m/user=soure-editor      rperson$rp-790/alexandre mendes/m/user=soure-editor      rperson$rp-479/amaro de pina/m/user=soure-editor      rperson$rp-264/ambrosio pimentel/m/user=soure-editor      rperson$rp-123/ana carvalho/f/user=soure-editor      rperson$rp-308/ana dias/f/user=soure-editor      rperson$rp-663/ana dos santos/f/user=soure-editor      rperson$rp-235/ana gaspar/f/user=soure-editor      rperson$rp-255/ana gaspar/f/user=soure-editor      rperson$rp-813/ana maria/f/user=soure-editor


ERROR: mhk_identification_soure-editor.cli line 7 ** Failure: undefined element. m

Near lines: 7 
Near line: 8       rperson$rp-667/agostinho de barros/m/user=soure-editor      rperson$rp-772/agostinho luis de ataide/m/user=soure-editor      rperson$rp-459/agueda gomes/f/user=soure-editor      rperson$rp-764/aires de saldanha de albuquerque matos coutinho e noronha/m/user=soure-editor      rperson$rp-790/alexandre mendes/m/user=soure-editor      rperson$rp-479/amaro de pina/m/user=soure-editor      rperson$rp-264/ambrosio pimentel/m/user=soure-editor      rperson$rp-123/ana carvalho/f/user=soure-editor      rperson$rp-308/ana dias/f/user=soure-editor      rperson$rp-663/ana dos santos/f/user=soure-editor      rperson$rp-235/ana gaspar/f/user=soure-editor      rperson$rp-255/ana gaspar/f/user=soure-editor      rperson$rp-813/ana maria/f/user=soure-editor


ERROR: mhk_identification_soure-editor.cli line 7 ** Failure: undefined element. alexandre mendes

Near lines: 7 
Near line: 8       rperson$rp-667/agostinho de barros/m/user=soure-editor      rperson$rp-772/agostinho luis de ataide/m/user=soure-editor      rperson$rp-459/agueda gomes/f/user=soure-editor      rperson$rp-764/aires de saldanha de albuquerque matos coutinho e noronha/m/user=soure-editor      rperson$rp-790/alexandre mendes/m/user=soure-editor      rperson$rp-479/amaro de pina/m/user=soure-editor      rperson$rp-264/ambrosio pimentel/m/user=soure-editor      rperson$rp-123/ana carvalho/f/user=soure-editor      rperson$rp-308/ana dias/f/user=soure-editor      rperson$rp-663/ana dos santos/f/user=soure-editor      rperson$rp-235/ana gaspar/f/user=soure-editor      rperson$rp-255/ana gaspar/f/user=soure-editor      rperson$rp-813/ana maria/f/user=soure-editor


ERROR: mhk_identification_soure-editor.cli line 7 ** Failure: undefined element. m

Near lines: 7 
Near line: 8       rperson$rp-667/agostinho de barros/m/user=soure-editor      rperson$rp-772/agostinho luis de ataide/m/user=soure-editor      rperson$rp-459/agueda gomes/f/user=soure-editor      rperson$rp-764/aires de saldanha de albuquerque matos coutinho e noronha/m/user=soure-editor      rperson$rp-790/alexandre mendes/m/user=soure-editor      rperson$rp-479/amaro de pina/m/user=soure-editor      rperson$rp-264/ambrosio pimentel/m/user=soure-editor      rperson$rp-123/ana carvalho/f/user=soure-editor      rperson$rp-308/ana dias/f/user=soure-editor      rperson$rp-663/ana dos santos/f/user=soure-editor      rperson$rp-235/ana gaspar/f/user=soure-editor      rperson$rp-255/ana gaspar/f/user=soure-editor      rperson$rp-813/ana maria/f/user=soure-editor


ERROR: mhk_identification_soure-editor.cli line 7 ** Failure: undefined element. amaro de pina

Near lines: 7 
Near line: 8       rperson$rp-667/agostinho de barros/m/user=soure-editor      rperson$rp-772/agostinho luis de ataide/m/user=soure-editor      rperson$rp-459/agueda gomes/f/user=soure-editor      rperson$rp-764/aires de saldanha de albuquerque matos coutinho e noronha/m/user=soure-editor      rperson$rp-790/alexandre mendes/m/user=soure-editor      rperson$rp-479/amaro de pina/m/user=soure-editor      rperson$rp-264/ambrosio pimentel/m/user=soure-editor      rperson$rp-123/ana carvalho/f/user=soure-editor      rperson$rp-308/ana dias/f/user=soure-editor      rperson$rp-663/ana dos santos/f/user=soure-editor      rperson$rp-235/ana gaspar/f/user=soure-editor      rperson$rp-255/ana gaspar/f/user=soure-editor      rperson$rp-813/ana maria/f/user=soure-editor


ERROR: mhk_identification_soure-editor.cli line 7 ** Failure: undefined element. m

Near lines: 7 
Near line: 8       rperson$rp-667/agostinho de barros/m/user=soure-editor      rperson$rp-772/agostinho luis de ataide/m/user=soure-editor      rperson$rp-459/agueda gomes/f/user=soure-editor      rperson$rp-764/aires de saldanha de albuquerque matos coutinho e noronha/m/user=soure-editor      rperson$rp-790/alexandre mendes/m/user=soure-editor      rperson$rp-479/amaro de pina/m/user=soure-editor      rperson$rp-264/ambrosio pimentel/m/user=soure-editor      rperson$rp-123/ana carvalho/f/user=soure-editor      rperson$rp-308/ana dias/f/user=soure-editor      rperson$rp-663/ana dos santos/f/user=soure-editor      rperson$rp-235/ana gaspar/f/user=soure-editor      rperson$rp-255/ana gaspar/f/user=soure-editor      rperson$rp-813/ana maria/f/user=soure-editor


ERROR: mhk_identification_soure-editor.cli line 7 ** Failure: undefined element. ambrosio pimentel

Near lines: 7 
Near line: 8       rperson$rp-667/agostinho de barros/m/user=soure-editor      rperson$rp-772/agostinho luis de ataide/m/user=soure-editor      rperson$rp-459/agueda gomes/f/user=soure-editor      rperson$rp-764/aires de saldanha de albuquerque matos coutinho e noronha/m/user=soure-editor      rperson$rp-790/alexandre mendes/m/user=soure-editor      rperson$rp-479/amaro de pina/m/user=soure-editor      rperson$rp-264/ambrosio pimentel/m/user=soure-editor      rperson$rp-123/ana carvalho/f/user=soure-editor      rperson$rp-308/ana dias/f/user=soure-editor      rperson$rp-663/ana dos santos/f/user=soure-editor      rperson$rp-235/ana gaspar/f/user=soure-editor      rperson$rp-255/ana gaspar/f/user=soure-editor      rperson$rp-813/ana maria/f/user=soure-editor


ERROR: mhk_identification_soure-editor.cli line 7 ** Failure: undefined element. m

Near lines: 7 
Near line: 8       rperson$rp-667/agostinho de barros/m/user=soure-editor      rperson$rp-772/agostinho luis de ataide/m/user=soure-editor      rperson$rp-459/agueda gomes/f/user=soure-editor      rperson$rp-764/aires de saldanha de albuquerque matos coutinho e noronha/m/user=soure-editor      rperson$rp-790/alexandre mendes/m/user=soure-editor      rperson$rp-479/amaro de pina/m/user=soure-editor      rperson$rp-264/ambrosio pimentel/m/user=soure-editor      rperson$rp-123/ana carvalho/f/user=soure-editor      rperson$rp-308/ana dias/f/user=soure-editor      rperson$rp-663/ana dos santos/f/user=soure-editor      rperson$rp-235/ana gaspar/f/user=soure-editor      rperson$rp-255/ana gaspar/f/user=soure-editor      rperson$rp-813/ana maria/f/user=soure-editor


ERROR: mhk_identification_soure-editor.cli line 7 ** Failure: undefined element. ana carvalho

Near lines: 7 
Near line: 8       rperson$rp-667/agostinho de barros/m/user=soure-editor      rperson$rp-772/agostinho luis de ataide/m/user=soure-editor      rperson$rp-459/agueda gomes/f/user=soure-editor      rperson$rp-764/aires de saldanha de albuquerque matos coutinho e noronha/m/user=soure-editor      rperson$rp-790/alexandre mendes/m/user=soure-editor      rperson$rp-479/amaro de pina/m/user=soure-editor      rperson$rp-264/ambrosio pimentel/m/user=soure-editor      rperson$rp-123/ana carvalho/f/user=soure-editor      rperson$rp-308/ana dias/f/user=soure-editor      rperson$rp-663/ana dos santos/f/user=soure-editor      rperson$rp-235/ana gaspar/f/user=soure-editor      rperson$rp-255/ana gaspar/f/user=soure-editor      rperson$rp-813/ana maria/f/user=soure-editor


ERROR: mhk_identification_soure-editor.cli line 7 ** Failure: undefined element. f

Near lines: 7 
Near line: 8       rperson$rp-667/agostinho de barros/m/user=soure-editor      rperson$rp-772/agostinho luis de ataide/m/user=soure-editor      rperson$rp-459/agueda gomes/f/user=soure-editor      rperson$rp-764/aires de saldanha de albuquerque matos coutinho e noronha/m/user=soure-editor      rperson$rp-790/alexandre mendes/m/user=soure-editor      rperson$rp-479/amaro de pina/m/user=soure-editor      rperson$rp-264/ambrosio pimentel/m/user=soure-editor      rperson$rp-123/ana carvalho/f/user=soure-editor      rperson$rp-308/ana dias/f/user=soure-editor      rperson$rp-663/ana dos santos/f/user=soure-editor      rperson$rp-235/ana gaspar/f/user=soure-editor      rperson$rp-255/ana gaspar/f/user=soure-editor      rperson$rp-813/ana maria/f/user=soure-editor


ERROR: mhk_identification_soure-editor.cli line 7 ** Failure: undefined element. ana dias

Near lines: 7 
Near line: 8       rperson$rp-667/agostinho de barros/m/user=soure-editor      rperson$rp-772/agostinho luis de ataide/m/user=soure-editor      rperson$rp-459/agueda gomes/f/user=soure-editor      rperson$rp-764/aires de saldanha de albuquerque matos coutinho e noronha/m/user=soure-editor      rperson$rp-790/alexandre mendes/m/user=soure-editor      rperson$rp-479/amaro de pina/m/user=soure-editor      rperson$rp-264/ambrosio pimentel/m/user=soure-editor      rperson$rp-123/ana carvalho/f/user=soure-editor      rperson$rp-308/ana dias/f/user=soure-editor      rperson$rp-663/ana dos santos/f/user=soure-editor      rperson$rp-235/ana gaspar/f/user=soure-editor      rperson$rp-255/ana gaspar/f/user=soure-editor      rperson$rp-813/ana maria/f/user=soure-editor


ERROR: mhk_identification_soure-editor.cli line 7 ** Failure: undefined element. f

Near lines: 7 
Near line: 8       rperson$rp-667/agostinho de barros/m/user=soure-editor      rperson$rp-772/agostinho luis de ataide/m/user=soure-editor      rperson$rp-459/agueda gomes/f/user=soure-editor      rperson$rp-764/aires de saldanha de albuquerque matos coutinho e noronha/m/user=soure-editor      rperson$rp-790/alexandre mendes/m/user=soure-editor      rperson$rp-479/amaro de pina/m/user=soure-editor      rperson$rp-264/ambrosio pimentel/m/user=soure-editor      rperson$rp-123/ana carvalho/f/user=soure-editor      rperson$rp-308/ana dias/f/user=soure-editor      rperson$rp-663/ana dos santos/f/user=soure-editor      rperson$rp-235/ana gaspar/f/user=soure-editor      rperson$rp-255/ana gaspar/f/user=soure-editor      rperson$rp-813/ana maria/f/user=soure-editor


ERROR: mhk_identification_soure-editor.cli line 7 ** Failure: undefined element. ana dos santos

Near lines: 7 
Near line: 8       rperson$rp-667/agostinho de barros/m/user=soure-editor      rperson$rp-772/agostinho luis de ataide/m/user=soure-editor      rperson$rp-459/agueda gomes/f/user=soure-editor      rperson$rp-764/aires de saldanha de albuquerque matos coutinho e noronha/m/user=soure-editor      rperson$rp-790/alexandre mendes/m/user=soure-editor      rperson$rp-479/amaro de pina/m/user=soure-editor      rperson$rp-264/ambrosio pimentel/m/user=soure-editor      rperson$rp-123/ana carvalho/f/user=soure-editor      rperson$rp-308/ana dias/f/user=soure-editor      rperson$rp-663/ana dos santos/f/user=soure-editor      rperson$rp-235/ana gaspar/f/user=soure-editor      rperson$rp-255/ana gaspar/f/user=soure-editor      rperson$rp-813/ana maria/f/user=soure-editor


ERROR: mhk_identification_soure-editor.cli line 7 ** Failure: undefined element. f

Near lines: 7 
Near line: 8       rperson$rp-667/agostinho de barros/m/user=soure-editor      rperson$rp-772/agostinho luis de ataide/m/user=soure-editor      rperson$rp-459/agueda gomes/f/user=soure-editor      rperson$rp-764/aires de saldanha de albuquerque matos coutinho e noronha/m/user=soure-editor      rperson$rp-790/alexandre mendes/m/user=soure-editor      rperson$rp-479/amaro de pina/m/user=soure-editor      rperson$rp-264/ambrosio pimentel/m/user=soure-editor      rperson$rp-123/ana carvalho/f/user=soure-editor      rperson$rp-308/ana dias/f/user=soure-editor      rperson$rp-663/ana dos santos/f/user=soure-editor      rperson$rp-235/ana gaspar/f/user=soure-editor      rperson$rp-255/ana gaspar/f/user=soure-editor      rperson$rp-813/ana maria/f/user=soure-editor


ERROR: mhk_identification_soure-editor.cli line 7 ** Failure: undefined element. ana gaspar

Near lines: 7 
Near line: 8       rperson$rp-667/agostinho de barros/m/user=soure-editor      rperson$rp-772/agostinho luis de ataide/m/user=soure-editor      rperson$rp-459/agueda gomes/f/user=soure-editor      rperson$rp-764/aires de saldanha de albuquerque matos coutinho e noronha/m/user=soure-editor      rperson$rp-790/alexandre mendes/m/user=soure-editor      rperson$rp-479/amaro de pina/m/user=soure-editor      rperson$rp-264/ambrosio pimentel/m/user=soure-editor      rperson$rp-123/ana carvalho/f/user=soure-editor      rperson$rp-308/ana dias/f/user=soure-editor      rperson$rp-663/ana dos santos/f/user=soure-editor      rperson$rp-235/ana gaspar/f/user=soure-editor      rperson$rp-255/ana gaspar/f/user=soure-editor      rperson$rp-813/ana maria/f/user=soure-editor


ERROR: mhk_identification_soure-editor.cli line 7 ** Failure: undefined element. f

Near lines: 7 
Near line: 8       rperson$rp-667/agostinho de barros/m/user=soure-editor      rperson$rp-772/agostinho luis de ataide/m/user=soure-editor      rperson$rp-459/agueda gomes/f/user=soure-editor      rperson$rp-764/aires de saldanha de albuquerque matos coutinho e noronha/m/user=soure-editor      rperson$rp-790/alexandre mendes/m/user=soure-editor      rperson$rp-479/amaro de pina/m/user=soure-editor      rperson$rp-264/ambrosio pimentel/m/user=soure-editor      rperson$rp-123/ana carvalho/f/user=soure-editor      rperson$rp-308/ana dias/f/user=soure-editor      rperson$rp-663/ana dos santos/f/user=soure-editor      rperson$rp-235/ana gaspar/f/user=soure-editor      rperson$rp-255/ana gaspar/f/user=soure-editor      rperson$rp-813/ana maria/f/user=soure-editor


ERROR: mhk_identification_soure-editor.cli line 7 ** Failure: undefined element. ana gaspar

Near lines: 7 
Near line: 8       rperson$rp-667/agostinho de barros/m/user=soure-editor      rperson$rp-772/agostinho luis de ataide/m/user=soure-editor      rperson$rp-459/agueda gomes/f/user=soure-editor      rperson$rp-764/aires de saldanha de albuquerque matos coutinho e noronha/m/user=soure-editor      rperson$rp-790/alexandre mendes/m/user=soure-editor      rperson$rp-479/amaro de pina/m/user=soure-editor      rperson$rp-264/ambrosio pimentel/m/user=soure-editor      rperson$rp-123/ana carvalho/f/user=soure-editor      rperson$rp-308/ana dias/f/user=soure-editor      rperson$rp-663/ana dos santos/f/user=soure-editor      rperson$rp-235/ana gaspar/f/user=soure-editor      rperson$rp-255/ana gaspar/f/user=soure-editor      rperson$rp-813/ana maria/f/user=soure-editor


ERROR: mhk_identification_soure-editor.cli line 7 ** Failure: undefined element. f

Near lines: 7 
Near line: 8       rperson$rp-667/agostinho de barros/m/user=soure-editor      rperson$rp-772/agostinho luis de ataide/m/user=soure-editor      rperson$rp-459/agueda gomes/f/user=soure-editor      rperson$rp-764/aires de saldanha de albuquerque matos coutinho e noronha/m/user=soure-editor      rperson$rp-790/alexandre mendes/m/user=soure-editor      rperson$rp-479/amaro de pina/m/user=soure-editor      rperson$rp-264/ambrosio pimentel/m/user=soure-editor      rperson$rp-123/ana carvalho/f/user=soure-editor      rperson$rp-308/ana dias/f/user=soure-editor      rperson$rp-663/ana dos santos/f/user=soure-editor      rperson$rp-235/ana gaspar/f/user=soure-editor      rperson$rp-255/ana gaspar/f/user=soure-editor      rperson$rp-813/ana maria/f/user=soure-editor


ERROR: mhk_identification_soure-editor.cli line 7 ** Failure: undefined element. ana maria

Near lines: 7 
Near line: 8       rperson$rp-667/agostinho de barros/m/user=soure-editor      rperson$rp-772/agostinho luis de ataide/m/user=soure-editor      rperson$rp-459/agueda gomes/f/user=soure-editor      rperson$rp-764/aires de saldanha de albuquerque matos coutinho e noronha/m/user=soure-editor      rperson$rp-790/alexandre mendes/m/user=soure-editor      rperson$rp-479/amaro de pina/m/user=soure-editor      rperson$rp-264/ambrosio pimentel/m/user=soure-editor      rperson$rp-123/ana carvalho/f/user=soure-editor      rperson$rp-308/ana dias/f/user=soure-editor      rperson$rp-663/ana dos santos/f/user=soure-editor      rperson$rp-235/ana gaspar/f/user=soure-editor      rperson$rp-255/ana gaspar/f/user=soure-editor      rperson$rp-813/ana maria/f/user=soure-editor


ERROR: mhk_identification_soure-editor.cli line 7 ** Failure: undefined element. f

Near lines: 7 
Near line: 8       rperson$rp-667/agostinho de barros/m/user=soure-editor      rperson$rp-772/agostinho luis de ataide/m/user=soure-editor      rperson$rp-459/agueda gomes/f/user=soure-editor      rperson$rp-764/aires de saldanha de albuquerque matos coutinho e noronha/m/user=soure-editor      rperson$rp-790/alexandre mendes/m/user=soure-editor      rperson$rp-479/amaro de pina/m/user=soure-editor      rperson$rp-264/ambrosio pimentel/m/user=soure-editor      rperson$rp-123/ana carvalho/f/user=soure-editor      rperson$rp-308/ana dias/f/user=soure-editor      rperson$rp-663/ana dos santos/f/user=soure-editor      rperson$rp-235/ana gaspar/f/user=soure-editor      rperson$rp-255/ana gaspar/f/user=soure-editor      rperson$rp-813/ana maria/f/user=soure-editor

** Processing rperson record rperson$rp-667
**     Processing rentity occurence b1687.10-per5
**     Processing rentity occurence b1692.27-per4
**     Processing rentity occurence b1696.24-per5
**     Processing rentity occurence b1709.21-per5
**     Processing rentity occurence b1711.91-per3
**     Processing rentity occurence b1715.10-per5
**     Processing rentity occurence b1724.80-per5

ERROR: mhk_identification_soure-editor.cli line 16 ** Failure: undefined element. ana maria

Near lines: 16 
Near line: 17       rperson$rp-564/ana maria/f/user=soure-editor      rperson$rp-720/ana maria/f/user=soure-editor      rperson$rp-741/ana maria/f/user=soure-editor      rperson$rp-22/ana simoes/f/user=soure-editor      rperson$rp-109/andre fernandes/m/user=soure-editor      rperson$rp-562/andre soares da paz/m/user=soure-editor      rperson$rp-560/angela/f/user=soure-editor      rperson$rp-561/angela luisa/f/user=soure-editor      rperson$rp-783/angelica/f/user=soure-editor      rperson$rp-1574/angelica/f/user=soure-editor


ERROR: mhk_identification_soure-editor.cli line 16 ** Failure: undefined element. f

Near lines: 16 
Near line: 17       rperson$rp-564/ana maria/f/user=soure-editor      rperson$rp-720/ana maria/f/user=soure-editor      rperson$rp-741/ana maria/f/user=soure-editor      rperson$rp-22/ana simoes/f/user=soure-editor      rperson$rp-109/andre fernandes/m/user=soure-editor      rperson$rp-562/andre soares da paz/m/user=soure-editor      rperson$rp-560/angela/f/user=soure-editor      rperson$rp-561/angela luisa/f/user=soure-editor      rperson$rp-783/angelica/f/user=soure-editor      rperson$rp-1574/angelica/f/user=soure-editor


ERROR: mhk_identification_soure-editor.cli line 16 ** Failure: undefined element. ana maria

Near lines: 16 
Near line: 17       rperson$rp-564/ana maria/f/user=soure-editor      rperson$rp-720/ana maria/f/user=soure-editor      rperson$rp-741/ana maria/f/user=soure-editor      rperson$rp-22/ana simoes/f/user=soure-editor      rperson$rp-109/andre fernandes/m/user=soure-editor      rperson$rp-562/andre soares da paz/m/user=soure-editor      rperson$rp-560/angela/f/user=soure-editor      rperson$rp-561/angela luisa/f/user=soure-editor      rperson$rp-783/angelica/f/user=soure-editor      rperson$rp-1574/angelica/f/user=soure-editor


ERROR: mhk_identification_soure-editor.cli line 16 ** Failure: undefined element. f

Near lines: 16 
Near line: 17       rperson$rp-564/ana maria/f/user=soure-editor      rperson$rp-720/ana maria/f/user=soure-editor      rperson$rp-741/ana maria/f/user=soure-editor      rperson$rp-22/ana simoes/f/user=soure-editor      rperson$rp-109/andre fernandes/m/user=soure-editor      rperson$rp-562/andre soares da paz/m/user=soure-editor      rperson$rp-560/angela/f/user=soure-editor      rperson$rp-561/angela luisa/f/user=soure-editor      rperson$rp-783/angelica/f/user=soure-editor      rperson$rp-1574/angelica/f/user=soure-editor


ERROR: mhk_identification_soure-editor.cli line 16 ** Failure: undefined element. ana simoes

Near lines: 16 
Near line: 17       rperson$rp-564/ana maria/f/user=soure-editor      rperson$rp-720/ana maria/f/user=soure-editor      rperson$rp-741/ana maria/f/user=soure-editor      rperson$rp-22/ana simoes/f/user=soure-editor      rperson$rp-109/andre fernandes/m/user=soure-editor      rperson$rp-562/andre soares da paz/m/user=soure-editor      rperson$rp-560/angela/f/user=soure-editor      rperson$rp-561/angela luisa/f/user=soure-editor      rperson$rp-783/angelica/f/user=soure-editor      rperson$rp-1574/angelica/f/user=soure-editor


ERROR: mhk_identification_soure-editor.cli line 16 ** Failure: undefined element. f

Near lines: 16 
Near line: 17       rperson$rp-564/ana maria/f/user=soure-editor      rperson$rp-720/ana maria/f/user=soure-editor      rperson$rp-741/ana maria/f/user=soure-editor      rperson$rp-22/ana simoes/f/user=soure-editor      rperson$rp-109/andre fernandes/m/user=soure-editor      rperson$rp-562/andre soares da paz/m/user=soure-editor      rperson$rp-560/angela/f/user=soure-editor      rperson$rp-561/angela luisa/f/user=soure-editor      rperson$rp-783/angelica/f/user=soure-editor      rperson$rp-1574/angelica/f/user=soure-editor


ERROR: mhk_identification_soure-editor.cli line 16 ** Failure: undefined element. andre fernandes

Near lines: 16 
Near line: 17       rperson$rp-564/ana maria/f/user=soure-editor      rperson$rp-720/ana maria/f/user=soure-editor      rperson$rp-741/ana maria/f/user=soure-editor      rperson$rp-22/ana simoes/f/user=soure-editor      rperson$rp-109/andre fernandes/m/user=soure-editor      rperson$rp-562/andre soares da paz/m/user=soure-editor      rperson$rp-560/angela/f/user=soure-editor      rperson$rp-561/angela luisa/f/user=soure-editor      rperson$rp-783/angelica/f/user=soure-editor      rperson$rp-1574/angelica/f/user=soure-editor


ERROR: mhk_identification_soure-editor.cli line 16 ** Failure: undefined element. m

Near lines: 16 
Near line: 17       rperson$rp-564/ana maria/f/user=soure-editor      rperson$rp-720/ana maria/f/user=soure-editor      rperson$rp-741/ana maria/f/user=soure-editor      rperson$rp-22/ana simoes/f/user=soure-editor      rperson$rp-109/andre fernandes/m/user=soure-editor      rperson$rp-562/andre soares da paz/m/user=soure-editor      rperson$rp-560/angela/f/user=soure-editor      rperson$rp-561/angela luisa/f/user=soure-editor      rperson$rp-783/angelica/f/user=soure-editor      rperson$rp-1574/angelica/f/user=soure-editor


ERROR: mhk_identification_soure-editor.cli line 16 ** Failure: undefined element. andre soares da paz

Near lines: 16 
Near line: 17       rperson$rp-564/ana maria/f/user=soure-editor      rperson$rp-720/ana maria/f/user=soure-editor      rperson$rp-741/ana maria/f/user=soure-editor      rperson$rp-22/ana simoes/f/user=soure-editor      rperson$rp-109/andre fernandes/m/user=soure-editor      rperson$rp-562/andre soares da paz/m/user=soure-editor      rperson$rp-560/angela/f/user=soure-editor      rperson$rp-561/angela luisa/f/user=soure-editor      rperson$rp-783/angelica/f/user=soure-editor      rperson$rp-1574/angelica/f/user=soure-editor


ERROR: mhk_identification_soure-editor.cli line 16 ** Failure: undefined element. m

Near lines: 16 
Near line: 17       rperson$rp-564/ana maria/f/user=soure-editor      rperson$rp-720/ana maria/f/user=soure-editor      rperson$rp-741/ana maria/f/user=soure-editor      rperson$rp-22/ana simoes/f/user=soure-editor      rperson$rp-109/andre fernandes/m/user=soure-editor      rperson$rp-562/andre soares da paz/m/user=soure-editor      rperson$rp-560/angela/f/user=soure-editor      rperson$rp-561/angela luisa/f/user=soure-editor      rperson$rp-783/angelica/f/user=soure-editor      rperson$rp-1574/angelica/f/user=soure-editor


ERROR: mhk_identification_soure-editor.cli line 16 ** Failure: undefined element. angela

Near lines: 16 
Near line: 17       rperson$rp-564/ana maria/f/user=soure-editor      rperson$rp-720/ana maria/f/user=soure-editor      rperson$rp-741/ana maria/f/user=soure-editor      rperson$rp-22/ana simoes/f/user=soure-editor      rperson$rp-109/andre fernandes/m/user=soure-editor      rperson$rp-562/andre soares da paz/m/user=soure-editor      rperson$rp-560/angela/f/user=soure-editor      rperson$rp-561/angela luisa/f/user=soure-editor      rperson$rp-783/angelica/f/user=soure-editor      rperson$rp-1574/angelica/f/user=soure-editor


ERROR: mhk_identification_soure-editor.cli line 16 ** Failure: undefined element. f

Near lines: 16 
Near line: 17       rperson$rp-564/ana maria/f/user=soure-editor      rperson$rp-720/ana maria/f/user=soure-editor      rperson$rp-741/ana maria/f/user=soure-editor      rperson$rp-22/ana simoes/f/user=soure-editor      rperson$rp-109/andre fernandes/m/user=soure-editor      rperson$rp-562/andre soares da paz/m/user=soure-editor      rperson$rp-560/angela/f/user=soure-editor      rperson$rp-561/angela luisa/f/user=soure-editor      rperson$rp-783/angelica/f/user=soure-editor      rperson$rp-1574/angelica/f/user=soure-editor


ERROR: mhk_identification_soure-editor.cli line 16 ** Failure: undefined element. angela luisa

Near lines: 16 
Near line: 17       rperson$rp-564/ana maria/f/user=soure-editor      rperson$rp-720/ana maria/f/user=soure-editor      rperson$rp-741/ana maria/f/user=soure-editor      rperson$rp-22/ana simoes/f/user=soure-editor      rperson$rp-109/andre fernandes/m/user=soure-editor      rperson$rp-562/andre soares da paz/m/user=soure-editor      rperson$rp-560/angela/f/user=soure-editor      rperson$rp-561/angela luisa/f/user=soure-editor      rperson$rp-783/angelica/f/user=soure-editor      rperson$rp-1574/angelica/f/user=soure-editor


ERROR: mhk_identification_soure-editor.cli line 16 ** Failure: undefined element. f

Near lines: 16 
Near line: 17       rperson$rp-564/ana maria/f/user=soure-editor      rperson$rp-720/ana maria/f/user=soure-editor      rperson$rp-741/ana maria/f/user=soure-editor      rperson$rp-22/ana simoes/f/user=soure-editor      rperson$rp-109/andre fernandes/m/user=soure-editor      rperson$rp-562/andre soares da paz/m/user=soure-editor      rperson$rp-560/angela/f/user=soure-editor      rperson$rp-561/angela luisa/f/user=soure-editor      rperson$rp-783/angelica/f/user=soure-editor      rperson$rp-1574/angelica/f/user=soure-editor


ERROR: mhk_identification_soure-editor.cli line 16 ** Failure: undefined element. angelica

Near lines: 16 
Near line: 17       rperson$rp-564/ana maria/f/user=soure-editor      rperson$rp-720/ana maria/f/user=soure-editor      rperson$rp-741/ana maria/f/user=soure-editor      rperson$rp-22/ana simoes/f/user=soure-editor      rperson$rp-109/andre fernandes/m/user=soure-editor      rperson$rp-562/andre soares da paz/m/user=soure-editor      rperson$rp-560/angela/f/user=soure-editor      rperson$rp-561/angela luisa/f/user=soure-editor      rperson$rp-783/angelica/f/user=soure-editor      rperson$rp-1574/angelica/f/user=soure-editor


ERROR: mhk_identification_soure-editor.cli line 16 ** Failure: undefined element. f

Near lines: 16 
Near line: 17       rperson$rp-564/ana maria/f/user=soure-editor      rperson$rp-720/ana maria/f/user=soure-editor      rperson$rp-741/ana maria/f/user=soure-editor      rperson$rp-22/ana simoes/f/user=soure-editor      rperson$rp-109/andre fernandes/m/user=soure-editor      rperson$rp-562/andre soares da paz/m/user=soure-editor      rperson$rp-560/angela/f/user=soure-editor      rperson$rp-561/angela luisa/f/user=soure-editor      rperson$rp-783/angelica/f/user=soure-editor      rperson$rp-1574/angelica/f/user=soure-editor


ERROR: mhk_identification_soure-editor.cli line 16 ** Failure: undefined element. angelica

Near lines: 16 
Near line: 17       rperson$rp-564/ana maria/f/user=soure-editor      rperson$rp-720/ana maria/f/user=soure-editor      rperson$rp-741/ana maria/f/user=soure-editor      rperson$rp-22/ana simoes/f/user=soure-editor      rperson$rp-109/andre fernandes/m/user=soure-editor      rperson$rp-562/andre soares da paz/m/user=soure-editor      rperson$rp-560/angela/f/user=soure-editor      rperson$rp-561/angela luisa/f/user=soure-editor      rperson$rp-783/angelica/f/user=soure-editor      rperson$rp-1574/angelica/f/user=soure-editor


ERROR: mhk_identification_soure-editor.cli line 16 ** Failure: undefined element. f

Near lines: 16 
Near line: 17       rperson$rp-564/ana maria/f/user=soure-editor      rperson$rp-720/ana maria/f/user=soure-editor      rperson$rp-741/ana maria/f/user=soure-editor      rperson$rp-22/ana simoes/f/user=soure-editor      rperson$rp-109/andre fernandes/m/user=soure-editor      rperson$rp-562/andre soares da paz/m/user=soure-editor      rperson$rp-560/angela/f/user=soure-editor      rperson$rp-561/angela luisa/f/user=soure-editor      rperson$rp-783/angelica/f/user=soure-editor      rperson$rp-1574/angelica/f/user=soure-editor

** Processing rperson record rperson$rp-564
**     Processing rentity occurence b1687.8-per1
** Processing rperson record rperson$rp-1575
**     Processing rentity occurence b1695.85-per1
** Processing rperson record rperson$rp-1578
**     Processing rentity occurence b1690.8-per1
**     Processing rentity occurence b1702.29-per1
**     Processing rentity occurence b1724.72-per5
**     Processing rentity occurence b1728.78-per5
**     Processing rentity occurence b1731.17-per5

ERROR: mhk_identification_soure-editor.cli line 29 ** Failure: undefined element. anselmo manhos de abreu

Near lines: 29 
Near line: 30       rperson$rp-784/anselmo/m/user=soure-editor      rperson$rp-621/anselmo manhos de abreu/m/user=soure-editor      rperson$rp-273/antonia/f/user=soure-editor      rperson$rp-285/antonia/f/user=soure-editor      rperson$rp-301/antonia/f/user=soure-editor      rperson$rp-326/antonia/f/user=soure-editor      rperson$rp-565/antonia/f/user=soure-editor      rperson$rp-656/antonia/f/user=soure-editor      rperson$rp-771/antonia/f/user=soure-editor      rperson$rp-1581/antonia/f/user=soure-editor


ERROR: mhk_identification_soure-editor.cli line 29 ** Failure: undefined element. m

Near lines: 29 
Near line: 30       rperson$rp-784/anselmo/m/user=soure-editor      rperson$rp-621/anselmo manhos de abreu/m/user=soure-editor      rperson$rp-273/antonia/f/user=soure-editor      rperson$rp-285/antonia/f/user=soure-editor      rperson$rp-301/antonia/f/user=soure-editor      rperson$rp-326/antonia/f/user=soure-editor      rperson$rp-565/antonia/f/user=soure-editor      rperson$rp-656/antonia/f/user=soure-editor      rperson$rp-771/antonia/f/user=soure-editor      rperson$rp-1581/antonia/f/user=soure-editor


ERROR: mhk_identification_soure-editor.cli line 29 ** Failure: undefined element. antonia

Near lines: 29 
Near line: 30       rperson$rp-784/anselmo/m/user=soure-editor      rperson$rp-621/anselmo manhos de abreu/m/user=soure-editor      rperson$rp-273/antonia/f/user=soure-editor      rperson$rp-285/antonia/f/user=soure-editor      rperson$rp-301/antonia/f/user=soure-editor      rperson$rp-326/antonia/f/user=soure-editor      rperson$rp-565/antonia/f/user=soure-editor      rperson$rp-656/antonia/f/user=soure-editor      rperson$rp-771/antonia/f/user=soure-editor      rperson$rp-1581/antonia/f/user=soure-editor


ERROR: mhk_identification_soure-editor.cli line 29 ** Failure: undefined element. f

Near lines: 29 
Near line: 30       rperson$rp-784/anselmo/m/user=soure-editor      rperson$rp-621/anselmo manhos de abreu/m/user=soure-editor      rperson$rp-273/antonia/f/user=soure-editor      rperson$rp-285/antonia/f/user=soure-editor      rperson$rp-301/antonia/f/user=soure-editor      rperson$rp-326/antonia/f/user=soure-editor      rperson$rp-565/antonia/f/user=soure-editor      rperson$rp-656/antonia/f/user=soure-editor      rperson$rp-771/antonia/f/user=soure-editor      rperson$rp-1581/antonia/f/user=soure-editor


ERROR: mhk_identification_soure-editor.cli line 29 ** Failure: undefined element. antonia

Near lines: 29 
Near line: 30       rperson$rp-784/anselmo/m/user=soure-editor      rperson$rp-621/anselmo manhos de abreu/m/user=soure-editor      rperson$rp-273/antonia/f/user=soure-editor      rperson$rp-285/antonia/f/user=soure-editor      rperson$rp-301/antonia/f/user=soure-editor      rperson$rp-326/antonia/f/user=soure-editor      rperson$rp-565/antonia/f/user=soure-editor      rperson$rp-656/antonia/f/user=soure-editor      rperson$rp-771/antonia/f/user=soure-editor      rperson$rp-1581/antonia/f/user=soure-editor


ERROR: mhk_identification_soure-editor.cli line 29 ** Failure: undefined element. f

Near lines: 29 
Near line: 30       rperson$rp-784/anselmo/m/user=soure-editor      rperson$rp-621/anselmo manhos de abreu/m/user=soure-editor      rperson$rp-273/antonia/f/user=soure-editor      rperson$rp-285/antonia/f/user=soure-editor      rperson$rp-301/antonia/f/user=soure-editor      rperson$rp-326/antonia/f/user=soure-editor      rperson$rp-565/antonia/f/user=soure-editor      rperson$rp-656/antonia/f/user=soure-editor      rperson$rp-771/antonia/f/user=soure-editor      rperson$rp-1581/antonia/f/user=soure-editor


ERROR: mhk_identification_soure-editor.cli line 29 ** Failure: undefined element. antonia

Near lines: 29 
Near line: 30       rperson$rp-784/anselmo/m/user=soure-editor      rperson$rp-621/anselmo manhos de abreu/m/user=soure-editor      rperson$rp-273/antonia/f/user=soure-editor      rperson$rp-285/antonia/f/user=soure-editor      rperson$rp-301/antonia/f/user=soure-editor      rperson$rp-326/antonia/f/user=soure-editor      rperson$rp-565/antonia/f/user=soure-editor      rperson$rp-656/antonia/f/user=soure-editor      rperson$rp-771/antonia/f/user=soure-editor      rperson$rp-1581/antonia/f/user=soure-editor


ERROR: mhk_identification_soure-editor.cli line 29 ** Failure: undefined element. f

Near lines: 29 
Near line: 30       rperson$rp-784/anselmo/m/user=soure-editor      rperson$rp-621/anselmo manhos de abreu/m/user=soure-editor      rperson$rp-273/antonia/f/user=soure-editor      rperson$rp-285/antonia/f/user=soure-editor      rperson$rp-301/antonia/f/user=soure-editor      rperson$rp-326/antonia/f/user=soure-editor      rperson$rp-565/antonia/f/user=soure-editor      rperson$rp-656/antonia/f/user=soure-editor      rperson$rp-771/antonia/f/user=soure-editor      rperson$rp-1581/antonia/f/user=soure-editor


ERROR: mhk_identification_soure-editor.cli line 29 ** Failure: undefined element. antonia

Near lines: 29 
Near line: 30       rperson$rp-784/anselmo/m/user=soure-editor      rperson$rp-621/anselmo manhos de abreu/m/user=soure-editor      rperson$rp-273/antonia/f/user=soure-editor      rperson$rp-285/antonia/f/user=soure-editor      rperson$rp-301/antonia/f/user=soure-editor      rperson$rp-326/antonia/f/user=soure-editor      rperson$rp-565/antonia/f/user=soure-editor      rperson$rp-656/antonia/f/user=soure-editor      rperson$rp-771/antonia/f/user=soure-editor      rperson$rp-1581/antonia/f/user=soure-editor


ERROR: mhk_identification_soure-editor.cli line 29 ** Failure: undefined element. f

Near lines: 29 
Near line: 30       rperson$rp-784/anselmo/m/user=soure-editor      rperson$rp-621/anselmo manhos de abreu/m/user=soure-editor      rperson$rp-273/antonia/f/user=soure-editor      rperson$rp-285/antonia/f/user=soure-editor      rperson$rp-301/antonia/f/user=soure-editor      rperson$rp-326/antonia/f/user=soure-editor      rperson$rp-565/antonia/f/user=soure-editor      rperson$rp-656/antonia/f/user=soure-editor      rperson$rp-771/antonia/f/user=soure-editor      rperson$rp-1581/antonia/f/user=soure-editor


ERROR: mhk_identification_soure-editor.cli line 29 ** Failure: undefined element. antonia

Near lines: 29 
Near line: 30       rperson$rp-784/anselmo/m/user=soure-editor      rperson$rp-621/anselmo manhos de abreu/m/user=soure-editor      rperson$rp-273/antonia/f/user=soure-editor      rperson$rp-285/antonia/f/user=soure-editor      rperson$rp-301/antonia/f/user=soure-editor      rperson$rp-326/antonia/f/user=soure-editor      rperson$rp-565/antonia/f/user=soure-editor      rperson$rp-656/antonia/f/user=soure-editor      rperson$rp-771/antonia/f/user=soure-editor      rperson$rp-1581/antonia/f/user=soure-editor


ERROR: mhk_identification_soure-editor.cli line 29 ** Failure: undefined element. f

Near lines: 29 
Near line: 30       rperson$rp-784/anselmo/m/user=soure-editor      rperson$rp-621/anselmo manhos de abreu/m/user=soure-editor      rperson$rp-273/antonia/f/user=soure-editor      rperson$rp-285/antonia/f/user=soure-editor      rperson$rp-301/antonia/f/user=soure-editor      rperson$rp-326/antonia/f/user=soure-editor      rperson$rp-565/antonia/f/user=soure-editor      rperson$rp-656/antonia/f/user=soure-editor      rperson$rp-771/antonia/f/user=soure-editor      rperson$rp-1581/antonia/f/user=soure-editor


ERROR: mhk_identification_soure-editor.cli line 29 ** Failure: undefined element. antonia

Near lines: 29 
Near line: 30       rperson$rp-784/anselmo/m/user=soure-editor      rperson$rp-621/anselmo manhos de abreu/m/user=soure-editor      rperson$rp-273/antonia/f/user=soure-editor      rperson$rp-285/antonia/f/user=soure-editor      rperson$rp-301/antonia/f/user=soure-editor      rperson$rp-326/antonia/f/user=soure-editor      rperson$rp-565/antonia/f/user=soure-editor      rperson$rp-656/antonia/f/user=soure-editor      rperson$rp-771/antonia/f/user=soure-editor      rperson$rp-1581/antonia/f/user=soure-editor


ERROR: mhk_identification_soure-editor.cli line 29 ** Failure: undefined element. f

Near lines: 29 
Near line: 30       rperson$rp-784/anselmo/m/user=soure-editor      rperson$rp-621/anselmo manhos de abreu/m/user=soure-editor      rperson$rp-273/antonia/f/user=soure-editor      rperson$rp-285/antonia/f/user=soure-editor      rperson$rp-301/antonia/f/user=soure-editor      rperson$rp-326/antonia/f/user=soure-editor      rperson$rp-565/antonia/f/user=soure-editor      rperson$rp-656/antonia/f/user=soure-editor      rperson$rp-771/antonia/f/user=soure-editor      rperson$rp-1581/antonia/f/user=soure-editor


ERROR: mhk_identification_soure-editor.cli line 29 ** Failure: undefined element. antonia

Near lines: 29 
Near line: 30       rperson$rp-784/anselmo/m/user=soure-editor      rperson$rp-621/anselmo manhos de abreu/m/user=soure-editor      rperson$rp-273/antonia/f/user=soure-editor      rperson$rp-285/antonia/f/user=soure-editor      rperson$rp-301/antonia/f/user=soure-editor      rperson$rp-326/antonia/f/user=soure-editor      rperson$rp-565/antonia/f/user=soure-editor      rperson$rp-656/antonia/f/user=soure-editor      rperson$rp-771/antonia/f/user=soure-editor      rperson$rp-1581/antonia/f/user=soure-editor


ERROR: mhk_identification_soure-editor.cli line 29 ** Failure: undefined element. f

Near lines: 29 
Near line: 30       rperson$rp-784/anselmo/m/user=soure-editor      rperson$rp-621/anselmo manhos de abreu/m/user=soure-editor      rperson$rp-273/antonia/f/user=soure-editor      rperson$rp-285/antonia/f/user=soure-editor      rperson$rp-301/antonia/f/user=soure-editor      rperson$rp-326/antonia/f/user=soure-editor      rperson$rp-565/antonia/f/user=soure-editor      rperson$rp-656/antonia/f/user=soure-editor      rperson$rp-771/antonia/f/user=soure-editor      rperson$rp-1581/antonia/f/user=soure-editor


ERROR: mhk_identification_soure-editor.cli line 29 ** Failure: undefined element. antonia

Near lines: 29 
Near line: 30       rperson$rp-784/anselmo/m/user=soure-editor      rperson$rp-621/anselmo manhos de abreu/m/user=soure-editor      rperson$rp-273/antonia/f/user=soure-editor      rperson$rp-285/antonia/f/user=soure-editor      rperson$rp-301/antonia/f/user=soure-editor      rperson$rp-326/antonia/f/user=soure-editor      rperson$rp-565/antonia/f/user=soure-editor      rperson$rp-656/antonia/f/user=soure-editor      rperson$rp-771/antonia/f/user=soure-editor      rperson$rp-1581/antonia/f/user=soure-editor


ERROR: mhk_identification_soure-editor.cli line 29 ** Failure: undefined element. f

Near lines: 29 
Near line: 30       rperson$rp-784/anselmo/m/user=soure-editor      rperson$rp-621/anselmo manhos de abreu/m/user=soure-editor      rperson$rp-273/antonia/f/user=soure-editor      rperson$rp-285/antonia/f/user=soure-editor      rperson$rp-301/antonia/f/user=soure-editor      rperson$rp-326/antonia/f/user=soure-editor      rperson$rp-565/antonia/f/user=soure-editor      rperson$rp-656/antonia/f/user=soure-editor      rperson$rp-771/antonia/f/user=soure-editor      rperson$rp-1581/antonia/f/user=soure-editor

** Processing rperson record rperson$rp-784
**     Processing rentity occurence b1692.55-per1
**     Processing rentity occurence b1716.62-per5

ERROR: mhk_identification_soure-editor.cli line 33 ** Failure: undefined element. antonia carvalho

Near lines: 33 
Near line: 34       rperson$rp-205/antonia carvalha/f/user=soure-editor      rperson$rp-129/antonia carvalho/f/user=soure-editor      rperson$rp-203/antonia carvalho/f/user=soure-editor      rperson$rp-387/antonia carvalho/f/user=soure-editor      rperson$rp-424/antonia carvalho/m/user=soure-editor      rperson$rp-569/antonia da costa/f/user=soure-editor      rperson$rp-52/antonia ferreira/f/user=soure-editor      rperson$rp-268/antonia ferreira/f/user=soure-editor      rperson$rp-292/antonia ferreira/f/user=soure-editor      rperson$rp-369/antonia ferreira/f/user=soure-editor      rperson$rp-512/antonia francisca/f/user=soure-editor      rperson$rp-282/antonia gomes/f/user=soure-editor      rperson$rp-92/antonia manuel/f/user=soure-editor      rperson$rp-769/antonia maria margarida de vilhena/f/user=soure-editor      rperson$rp-566/antonia rodrigues/f/user=soure-editor      rperson$rp-785/antonio/m/user=soure-editor      rperson$rp-508/antonio bernardes/m/user=soure-editor      rperson$rp-1559/antonio cardoso/m/user=soure-editor


ERROR: mhk_identification_soure-editor.cli line 33 ** Failure: undefined element. f

Near lines: 33 
Near line: 34       rperson$rp-205/antonia carvalha/f/user=soure-editor      rperson$rp-129/antonia carvalho/f/user=soure-editor      rperson$rp-203/antonia carvalho/f/user=soure-editor      rperson$rp-387/antonia carvalho/f/user=soure-editor      rperson$rp-424/antonia carvalho/m/user=soure-editor      rperson$rp-569/antonia da costa/f/user=soure-editor      rperson$rp-52/antonia ferreira/f/user=soure-editor      rperson$rp-268/antonia ferreira/f/user=soure-editor      rperson$rp-292/antonia ferreira/f/user=soure-editor      rperson$rp-369/antonia ferreira/f/user=soure-editor      rperson$rp-512/antonia francisca/f/user=soure-editor      rperson$rp-282/antonia gomes/f/user=soure-editor      rperson$rp-92/antonia manuel/f/user=soure-editor      rperson$rp-769/antonia maria margarida de vilhena/f/user=soure-editor      rperson$rp-566/antonia rodrigues/f/user=soure-editor      rperson$rp-785/antonio/m/user=soure-editor      rperson$rp-508/antonio bernardes/m/user=soure-editor      rperson$rp-1559/antonio cardoso/m/user=soure-editor


ERROR: mhk_identification_soure-editor.cli line 33 ** Failure: undefined element. antonia carvalho

Near lines: 33 
Near line: 34       rperson$rp-205/antonia carvalha/f/user=soure-editor      rperson$rp-129/antonia carvalho/f/user=soure-editor      rperson$rp-203/antonia carvalho/f/user=soure-editor      rperson$rp-387/antonia carvalho/f/user=soure-editor      rperson$rp-424/antonia carvalho/m/user=soure-editor      rperson$rp-569/antonia da costa/f/user=soure-editor      rperson$rp-52/antonia ferreira/f/user=soure-editor      rperson$rp-268/antonia ferreira/f/user=soure-editor      rperson$rp-292/antonia ferreira/f/user=soure-editor      rperson$rp-369/antonia ferreira/f/user=soure-editor      rperson$rp-512/antonia francisca/f/user=soure-editor      rperson$rp-282/antonia gomes/f/user=soure-editor      rperson$rp-92/antonia manuel/f/user=soure-editor      rperson$rp-769/antonia maria margarida de vilhena/f/user=soure-editor      rperson$rp-566/antonia rodrigues/f/user=soure-editor      rperson$rp-785/antonio/m/user=soure-editor      rperson$rp-508/antonio bernardes/m/user=soure-editor      rperson$rp-1559/antonio cardoso/m/user=soure-editor


ERROR: mhk_identification_soure-editor.cli line 33 ** Failure: undefined element. f

Near lines: 33 
Near line: 34       rperson$rp-205/antonia carvalha/f/user=soure-editor      rperson$rp-129/antonia carvalho/f/user=soure-editor      rperson$rp-203/antonia carvalho/f/user=soure-editor      rperson$rp-387/antonia carvalho/f/user=soure-editor      rperson$rp-424/antonia carvalho/m/user=soure-editor      rperson$rp-569/antonia da costa/f/user=soure-editor      rperson$rp-52/antonia ferreira/f/user=soure-editor      rperson$rp-268/antonia ferreira/f/user=soure-editor      rperson$rp-292/antonia ferreira/f/user=soure-editor      rperson$rp-369/antonia ferreira/f/user=soure-editor      rperson$rp-512/antonia francisca/f/user=soure-editor      rperson$rp-282/antonia gomes/f/user=soure-editor      rperson$rp-92/antonia manuel/f/user=soure-editor      rperson$rp-769/antonia maria margarida de vilhena/f/user=soure-editor      rperson$rp-566/antonia rodrigues/f/user=soure-editor      rperson$rp-785/antonio/m/user=soure-editor      rperson$rp-508/antonio bernardes/m/user=soure-editor      rperson$rp-1559/antonio cardoso/m/user=soure-editor


ERROR: mhk_identification_soure-editor.cli line 33 ** Failure: undefined element. antonia carvalho

Near lines: 33 
Near line: 34       rperson$rp-205/antonia carvalha/f/user=soure-editor      rperson$rp-129/antonia carvalho/f/user=soure-editor      rperson$rp-203/antonia carvalho/f/user=soure-editor      rperson$rp-387/antonia carvalho/f/user=soure-editor      rperson$rp-424/antonia carvalho/m/user=soure-editor      rperson$rp-569/antonia da costa/f/user=soure-editor      rperson$rp-52/antonia ferreira/f/user=soure-editor      rperson$rp-268/antonia ferreira/f/user=soure-editor      rperson$rp-292/antonia ferreira/f/user=soure-editor      rperson$rp-369/antonia ferreira/f/user=soure-editor      rperson$rp-512/antonia francisca/f/user=soure-editor      rperson$rp-282/antonia gomes/f/user=soure-editor      rperson$rp-92/antonia manuel/f/user=soure-editor      rperson$rp-769/antonia maria margarida de vilhena/f/user=soure-editor      rperson$rp-566/antonia rodrigues/f/user=soure-editor      rperson$rp-785/antonio/m/user=soure-editor      rperson$rp-508/antonio bernardes/m/user=soure-editor      rperson$rp-1559/antonio cardoso/m/user=soure-editor


ERROR: mhk_identification_soure-editor.cli line 33 ** Failure: undefined element. f

Near lines: 33 
Near line: 34       rperson$rp-205/antonia carvalha/f/user=soure-editor      rperson$rp-129/antonia carvalho/f/user=soure-editor      rperson$rp-203/antonia carvalho/f/user=soure-editor      rperson$rp-387/antonia carvalho/f/user=soure-editor      rperson$rp-424/antonia carvalho/m/user=soure-editor      rperson$rp-569/antonia da costa/f/user=soure-editor      rperson$rp-52/antonia ferreira/f/user=soure-editor      rperson$rp-268/antonia ferreira/f/user=soure-editor      rperson$rp-292/antonia ferreira/f/user=soure-editor      rperson$rp-369/antonia ferreira/f/user=soure-editor      rperson$rp-512/antonia francisca/f/user=soure-editor      rperson$rp-282/antonia gomes/f/user=soure-editor      rperson$rp-92/antonia manuel/f/user=soure-editor      rperson$rp-769/antonia maria margarida de vilhena/f/user=soure-editor      rperson$rp-566/antonia rodrigues/f/user=soure-editor      rperson$rp-785/antonio/m/user=soure-editor      rperson$rp-508/antonio bernardes/m/user=soure-editor      rperson$rp-1559/antonio cardoso/m/user=soure-editor


ERROR: mhk_identification_soure-editor.cli line 33 ** Failure: undefined element. antonia carvalho

Near lines: 33 
Near line: 34       rperson$rp-205/antonia carvalha/f/user=soure-editor      rperson$rp-129/antonia carvalho/f/user=soure-editor      rperson$rp-203/antonia carvalho/f/user=soure-editor      rperson$rp-387/antonia carvalho/f/user=soure-editor      rperson$rp-424/antonia carvalho/m/user=soure-editor      rperson$rp-569/antonia da costa/f/user=soure-editor      rperson$rp-52/antonia ferreira/f/user=soure-editor      rperson$rp-268/antonia ferreira/f/user=soure-editor      rperson$rp-292/antonia ferreira/f/user=soure-editor      rperson$rp-369/antonia ferreira/f/user=soure-editor      rperson$rp-512/antonia francisca/f/user=soure-editor      rperson$rp-282/antonia gomes/f/user=soure-editor      rperson$rp-92/antonia manuel/f/user=soure-editor      rperson$rp-769/antonia maria margarida de vilhena/f/user=soure-editor      rperson$rp-566/antonia rodrigues/f/user=soure-editor      rperson$rp-785/antonio/m/user=soure-editor      rperson$rp-508/antonio bernardes/m/user=soure-editor      rperson$rp-1559/antonio cardoso/m/user=soure-editor


ERROR: mhk_identification_soure-editor.cli line 33 ** Failure: undefined element. m

Near lines: 33 
Near line: 34       rperson$rp-205/antonia carvalha/f/user=soure-editor      rperson$rp-129/antonia carvalho/f/user=soure-editor      rperson$rp-203/antonia carvalho/f/user=soure-editor      rperson$rp-387/antonia carvalho/f/user=soure-editor      rperson$rp-424/antonia carvalho/m/user=soure-editor      rperson$rp-569/antonia da costa/f/user=soure-editor      rperson$rp-52/antonia ferreira/f/user=soure-editor      rperson$rp-268/antonia ferreira/f/user=soure-editor      rperson$rp-292/antonia ferreira/f/user=soure-editor      rperson$rp-369/antonia ferreira/f/user=soure-editor      rperson$rp-512/antonia francisca/f/user=soure-editor      rperson$rp-282/antonia gomes/f/user=soure-editor      rperson$rp-92/antonia manuel/f/user=soure-editor      rperson$rp-769/antonia maria margarida de vilhena/f/user=soure-editor      rperson$rp-566/antonia rodrigues/f/user=soure-editor      rperson$rp-785/antonio/m/user=soure-editor      rperson$rp-508/antonio bernardes/m/user=soure-editor      rperson$rp-1559/antonio cardoso/m/user=soure-editor


ERROR: mhk_identification_soure-editor.cli line 33 ** Failure: undefined element. antonia da costa

Near lines: 33 
Near line: 34       rperson$rp-205/antonia carvalha/f/user=soure-editor      rperson$rp-129/antonia carvalho/f/user=soure-editor      rperson$rp-203/antonia carvalho/f/user=soure-editor      rperson$rp-387/antonia carvalho/f/user=soure-editor      rperson$rp-424/antonia carvalho/m/user=soure-editor      rperson$rp-569/antonia da costa/f/user=soure-editor      rperson$rp-52/antonia ferreira/f/user=soure-editor      rperson$rp-268/antonia ferreira/f/user=soure-editor      rperson$rp-292/antonia ferreira/f/user=soure-editor      rperson$rp-369/antonia ferreira/f/user=soure-editor      rperson$rp-512/antonia francisca/f/user=soure-editor      rperson$rp-282/antonia gomes/f/user=soure-editor      rperson$rp-92/antonia manuel/f/user=soure-editor      rperson$rp-769/antonia maria margarida de vilhena/f/user=soure-editor      rperson$rp-566/antonia rodrigues/f/user=soure-editor      rperson$rp-785/antonio/m/user=soure-editor      rperson$rp-508/antonio bernardes/m/user=soure-editor      rperson$rp-1559/antonio cardoso/m/user=soure-editor


ERROR: mhk_identification_soure-editor.cli line 33 ** Failure: undefined element. f

Near lines: 33 
Near line: 34       rperson$rp-205/antonia carvalha/f/user=soure-editor      rperson$rp-129/antonia carvalho/f/user=soure-editor      rperson$rp-203/antonia carvalho/f/user=soure-editor      rperson$rp-387/antonia carvalho/f/user=soure-editor      rperson$rp-424/antonia carvalho/m/user=soure-editor      rperson$rp-569/antonia da costa/f/user=soure-editor      rperson$rp-52/antonia ferreira/f/user=soure-editor      rperson$rp-268/antonia ferreira/f/user=soure-editor      rperson$rp-292/antonia ferreira/f/user=soure-editor      rperson$rp-369/antonia ferreira/f/user=soure-editor      rperson$rp-512/antonia francisca/f/user=soure-editor      rperson$rp-282/antonia gomes/f/user=soure-editor      rperson$rp-92/antonia manuel/f/user=soure-editor      rperson$rp-769/antonia maria margarida de vilhena/f/user=soure-editor      rperson$rp-566/antonia rodrigues/f/user=soure-editor      rperson$rp-785/antonio/m/user=soure-editor      rperson$rp-508/antonio bernardes/m/user=soure-editor      rperson$rp-1559/antonio cardoso/m/user=soure-editor


ERROR: mhk_identification_soure-editor.cli line 33 ** Failure: undefined element. antonia ferreira

Near lines: 33 
Near line: 34       rperson$rp-205/antonia carvalha/f/user=soure-editor      rperson$rp-129/antonia carvalho/f/user=soure-editor      rperson$rp-203/antonia carvalho/f/user=soure-editor      rperson$rp-387/antonia carvalho/f/user=soure-editor      rperson$rp-424/antonia carvalho/m/user=soure-editor      rperson$rp-569/antonia da costa/f/user=soure-editor      rperson$rp-52/antonia ferreira/f/user=soure-editor      rperson$rp-268/antonia ferreira/f/user=soure-editor      rperson$rp-292/antonia ferreira/f/user=soure-editor      rperson$rp-369/antonia ferreira/f/user=soure-editor      rperson$rp-512/antonia francisca/f/user=soure-editor      rperson$rp-282/antonia gomes/f/user=soure-editor      rperson$rp-92/antonia manuel/f/user=soure-editor      rperson$rp-769/antonia maria margarida de vilhena/f/user=soure-editor      rperson$rp-566/antonia rodrigues/f/user=soure-editor      rperson$rp-785/antonio/m/user=soure-editor      rperson$rp-508/antonio bernardes/m/user=soure-editor      rperson$rp-1559/antonio cardoso/m/user=soure-editor


ERROR: mhk_identification_soure-editor.cli line 33 ** Failure: undefined element. f

Near lines: 33 
Near line: 34       rperson$rp-205/antonia carvalha/f/user=soure-editor      rperson$rp-129/antonia carvalho/f/user=soure-editor      rperson$rp-203/antonia carvalho/f/user=soure-editor      rperson$rp-387/antonia carvalho/f/user=soure-editor      rperson$rp-424/antonia carvalho/m/user=soure-editor      rperson$rp-569/antonia da costa/f/user=soure-editor      rperson$rp-52/antonia ferreira/f/user=soure-editor      rperson$rp-268/antonia ferreira/f/user=soure-editor      rperson$rp-292/antonia ferreira/f/user=soure-editor      rperson$rp-369/antonia ferreira/f/user=soure-editor      rperson$rp-512/antonia francisca/f/user=soure-editor      rperson$rp-282/antonia gomes/f/user=soure-editor      rperson$rp-92/antonia manuel/f/user=soure-editor      rperson$rp-769/antonia maria margarida de vilhena/f/user=soure-editor      rperson$rp-566/antonia rodrigues/f/user=soure-editor      rperson$rp-785/antonio/m/user=soure-editor      rperson$rp-508/antonio bernardes/m/user=soure-editor      rperson$rp-1559/antonio cardoso/m/user=soure-editor


ERROR: mhk_identification_soure-editor.cli line 33 ** Failure: undefined element. antonia ferreira

Near lines: 33 
Near line: 34       rperson$rp-205/antonia carvalha/f/user=soure-editor      rperson$rp-129/antonia carvalho/f/user=soure-editor      rperson$rp-203/antonia carvalho/f/user=soure-editor      rperson$rp-387/antonia carvalho/f/user=soure-editor      rperson$rp-424/antonia carvalho/m/user=soure-editor      rperson$rp-569/antonia da costa/f/user=soure-editor      rperson$rp-52/antonia ferreira/f/user=soure-editor      rperson$rp-268/antonia ferreira/f/user=soure-editor      rperson$rp-292/antonia ferreira/f/user=soure-editor      rperson$rp-369/antonia ferreira/f/user=soure-editor      rperson$rp-512/antonia francisca/f/user=soure-editor      rperson$rp-282/antonia gomes/f/user=soure-editor      rperson$rp-92/antonia manuel/f/user=soure-editor      rperson$rp-769/antonia maria margarida de vilhena/f/user=soure-editor      rperson$rp-566/antonia rodrigues/f/user=soure-editor      rperson$rp-785/antonio/m/user=soure-editor      rperson$rp-508/antonio bernardes/m/user=soure-editor      rperson$rp-1559/antonio cardoso/m/user=soure-editor


ERROR: mhk_identification_soure-editor.cli line 33 ** Failure: undefined element. f

Near lines: 33 
Near line: 34       rperson$rp-205/antonia carvalha/f/user=soure-editor      rperson$rp-129/antonia carvalho/f/user=soure-editor      rperson$rp-203/antonia carvalho/f/user=soure-editor      rperson$rp-387/antonia carvalho/f/user=soure-editor      rperson$rp-424/antonia carvalho/m/user=soure-editor      rperson$rp-569/antonia da costa/f/user=soure-editor      rperson$rp-52/antonia ferreira/f/user=soure-editor      rperson$rp-268/antonia ferreira/f/user=soure-editor      rperson$rp-292/antonia ferreira/f/user=soure-editor      rperson$rp-369/antonia ferreira/f/user=soure-editor      rperson$rp-512/antonia francisca/f/user=soure-editor      rperson$rp-282/antonia gomes/f/user=soure-editor      rperson$rp-92/antonia manuel/f/user=soure-editor      rperson$rp-769/antonia maria margarida de vilhena/f/user=soure-editor      rperson$rp-566/antonia rodrigues/f/user=soure-editor      rperson$rp-785/antonio/m/user=soure-editor      rperson$rp-508/antonio bernardes/m/user=soure-editor      rperson$rp-1559/antonio cardoso/m/user=soure-editor


ERROR: mhk_identification_soure-editor.cli line 33 ** Failure: undefined element. antonia ferreira

Near lines: 33 
Near line: 34       rperson$rp-205/antonia carvalha/f/user=soure-editor      rperson$rp-129/antonia carvalho/f/user=soure-editor      rperson$rp-203/antonia carvalho/f/user=soure-editor      rperson$rp-387/antonia carvalho/f/user=soure-editor      rperson$rp-424/antonia carvalho/m/user=soure-editor      rperson$rp-569/antonia da costa/f/user=soure-editor      rperson$rp-52/antonia ferreira/f/user=soure-editor      rperson$rp-268/antonia ferreira/f/user=soure-editor      rperson$rp-292/antonia ferreira/f/user=soure-editor      rperson$rp-369/antonia ferreira/f/user=soure-editor      rperson$rp-512/antonia francisca/f/user=soure-editor      rperson$rp-282/antonia gomes/f/user=soure-editor      rperson$rp-92/antonia manuel/f/user=soure-editor      rperson$rp-769/antonia maria margarida de vilhena/f/user=soure-editor      rperson$rp-566/antonia rodrigues/f/user=soure-editor      rperson$rp-785/antonio/m/user=soure-editor      rperson$rp-508/antonio bernardes/m/user=soure-editor      rperson$rp-1559/antonio cardoso/m/user=soure-editor


ERROR: mhk_identification_soure-editor.cli line 33 ** Failure: undefined element. f

Near lines: 33 
Near line: 34       rperson$rp-205/antonia carvalha/f/user=soure-editor      rperson$rp-129/antonia carvalho/f/user=soure-editor      rperson$rp-203/antonia carvalho/f/user=soure-editor      rperson$rp-387/antonia carvalho/f/user=soure-editor      rperson$rp-424/antonia carvalho/m/user=soure-editor      rperson$rp-569/antonia da costa/f/user=soure-editor      rperson$rp-52/antonia ferreira/f/user=soure-editor      rperson$rp-268/antonia ferreira/f/user=soure-editor      rperson$rp-292/antonia ferreira/f/user=soure-editor      rperson$rp-369/antonia ferreira/f/user=soure-editor      rperson$rp-512/antonia francisca/f/user=soure-editor      rperson$rp-282/antonia gomes/f/user=soure-editor      rperson$rp-92/antonia manuel/f/user=soure-editor      rperson$rp-769/antonia maria margarida de vilhena/f/user=soure-editor      rperson$rp-566/antonia rodrigues/f/user=soure-editor      rperson$rp-785/antonio/m/user=soure-editor      rperson$rp-508/antonio bernardes/m/user=soure-editor      rperson$rp-1559/antonio cardoso/m/user=soure-editor


ERROR: mhk_identification_soure-editor.cli line 33 ** Failure: undefined element. antonia ferreira

Near lines: 33 
Near line: 34       rperson$rp-205/antonia carvalha/f/user=soure-editor      rperson$rp-129/antonia carvalho/f/user=soure-editor      rperson$rp-203/antonia carvalho/f/user=soure-editor      rperson$rp-387/antonia carvalho/f/user=soure-editor      rperson$rp-424/antonia carvalho/m/user=soure-editor      rperson$rp-569/antonia da costa/f/user=soure-editor      rperson$rp-52/antonia ferreira/f/user=soure-editor      rperson$rp-268/antonia ferreira/f/user=soure-editor      rperson$rp-292/antonia ferreira/f/user=soure-editor      rperson$rp-369/antonia ferreira/f/user=soure-editor      rperson$rp-512/antonia francisca/f/user=soure-editor      rperson$rp-282/antonia gomes/f/user=soure-editor      rperson$rp-92/antonia manuel/f/user=soure-editor      rperson$rp-769/antonia maria margarida de vilhena/f/user=soure-editor      rperson$rp-566/antonia rodrigues/f/user=soure-editor      rperson$rp-785/antonio/m/user=soure-editor      rperson$rp-508/antonio bernardes/m/user=soure-editor      rperson$rp-1559/antonio cardoso/m/user=soure-editor


ERROR: mhk_identification_soure-editor.cli line 33 ** Failure: undefined element. f

Near lines: 33 
Near line: 34       rperson$rp-205/antonia carvalha/f/user=soure-editor      rperson$rp-129/antonia carvalho/f/user=soure-editor      rperson$rp-203/antonia carvalho/f/user=soure-editor      rperson$rp-387/antonia carvalho/f/user=soure-editor      rperson$rp-424/antonia carvalho/m/user=soure-editor      rperson$rp-569/antonia da costa/f/user=soure-editor      rperson$rp-52/antonia ferreira/f/user=soure-editor      rperson$rp-268/antonia ferreira/f/user=soure-editor      rperson$rp-292/antonia ferreira/f/user=soure-editor      rperson$rp-369/antonia ferreira/f/user=soure-editor      rperson$rp-512/antonia francisca/f/user=soure-editor      rperson$rp-282/antonia gomes/f/user=soure-editor      rperson$rp-92/antonia manuel/f/user=soure-editor      rperson$rp-769/antonia maria margarida de vilhena/f/user=soure-editor      rperson$rp-566/antonia rodrigues/f/user=soure-editor      rperson$rp-785/antonio/m/user=soure-editor      rperson$rp-508/antonio bernardes/m/user=soure-editor      rperson$rp-1559/antonio cardoso/m/user=soure-editor


ERROR: mhk_identification_soure-editor.cli line 33 ** Failure: undefined element. antonia francisca

Near lines: 33 
Near line: 34       rperson$rp-205/antonia carvalha/f/user=soure-editor      rperson$rp-129/antonia carvalho/f/user=soure-editor      rperson$rp-203/antonia carvalho/f/user=soure-editor      rperson$rp-387/antonia carvalho/f/user=soure-editor      rperson$rp-424/antonia carvalho/m/user=soure-editor      rperson$rp-569/antonia da costa/f/user=soure-editor      rperson$rp-52/antonia ferreira/f/user=soure-editor      rperson$rp-268/antonia ferreira/f/user=soure-editor      rperson$rp-292/antonia ferreira/f/user=soure-editor      rperson$rp-369/antonia ferreira/f/user=soure-editor      rperson$rp-512/antonia francisca/f/user=soure-editor      rperson$rp-282/antonia gomes/f/user=soure-editor      rperson$rp-92/antonia manuel/f/user=soure-editor      rperson$rp-769/antonia maria margarida de vilhena/f/user=soure-editor      rperson$rp-566/antonia rodrigues/f/user=soure-editor      rperson$rp-785/antonio/m/user=soure-editor      rperson$rp-508/antonio bernardes/m/user=soure-editor      rperson$rp-1559/antonio cardoso/m/user=soure-editor


ERROR: mhk_identification_soure-editor.cli line 33 ** Failure: undefined element. f

Near lines: 33 
Near line: 34       rperson$rp-205/antonia carvalha/f/user=soure-editor      rperson$rp-129/antonia carvalho/f/user=soure-editor      rperson$rp-203/antonia carvalho/f/user=soure-editor      rperson$rp-387/antonia carvalho/f/user=soure-editor      rperson$rp-424/antonia carvalho/m/user=soure-editor      rperson$rp-569/antonia da costa/f/user=soure-editor      rperson$rp-52/antonia ferreira/f/user=soure-editor      rperson$rp-268/antonia ferreira/f/user=soure-editor      rperson$rp-292/antonia ferreira/f/user=soure-editor      rperson$rp-369/antonia ferreira/f/user=soure-editor      rperson$rp-512/antonia francisca/f/user=soure-editor      rperson$rp-282/antonia gomes/f/user=soure-editor      rperson$rp-92/antonia manuel/f/user=soure-editor      rperson$rp-769/antonia maria margarida de vilhena/f/user=soure-editor      rperson$rp-566/antonia rodrigues/f/user=soure-editor      rperson$rp-785/antonio/m/user=soure-editor      rperson$rp-508/antonio bernardes/m/user=soure-editor      rperson$rp-1559/antonio cardoso/m/user=soure-editor


ERROR: mhk_identification_soure-editor.cli line 33 ** Failure: undefined element. antonia gomes

Near lines: 33 
Near line: 34       rperson$rp-205/antonia carvalha/f/user=soure-editor      rperson$rp-129/antonia carvalho/f/user=soure-editor      rperson$rp-203/antonia carvalho/f/user=soure-editor      rperson$rp-387/antonia carvalho/f/user=soure-editor      rperson$rp-424/antonia carvalho/m/user=soure-editor      rperson$rp-569/antonia da costa/f/user=soure-editor      rperson$rp-52/antonia ferreira/f/user=soure-editor      rperson$rp-268/antonia ferreira/f/user=soure-editor      rperson$rp-292/antonia ferreira/f/user=soure-editor      rperson$rp-369/antonia ferreira/f/user=soure-editor      rperson$rp-512/antonia francisca/f/user=soure-editor      rperson$rp-282/antonia gomes/f/user=soure-editor      rperson$rp-92/antonia manuel/f/user=soure-editor      rperson$rp-769/antonia maria margarida de vilhena/f/user=soure-editor      rperson$rp-566/antonia rodrigues/f/user=soure-editor      rperson$rp-785/antonio/m/user=soure-editor      rperson$rp-508/antonio bernardes/m/user=soure-editor      rperson$rp-1559/antonio cardoso/m/user=soure-editor


ERROR: mhk_identification_soure-editor.cli line 33 ** Failure: undefined element. f

Near lines: 33 
Near line: 34       rperson$rp-205/antonia carvalha/f/user=soure-editor      rperson$rp-129/antonia carvalho/f/user=soure-editor      rperson$rp-203/antonia carvalho/f/user=soure-editor      rperson$rp-387/antonia carvalho/f/user=soure-editor      rperson$rp-424/antonia carvalho/m/user=soure-editor      rperson$rp-569/antonia da costa/f/user=soure-editor      rperson$rp-52/antonia ferreira/f/user=soure-editor      rperson$rp-268/antonia ferreira/f/user=soure-editor      rperson$rp-292/antonia ferreira/f/user=soure-editor      rperson$rp-369/antonia ferreira/f/user=soure-editor      rperson$rp-512/antonia francisca/f/user=soure-editor      rperson$rp-282/antonia gomes/f/user=soure-editor      rperson$rp-92/antonia manuel/f/user=soure-editor      rperson$rp-769/antonia maria margarida de vilhena/f/user=soure-editor      rperson$rp-566/antonia rodrigues/f/user=soure-editor      rperson$rp-785/antonio/m/user=soure-editor      rperson$rp-508/antonio bernardes/m/user=soure-editor      rperson$rp-1559/antonio cardoso/m/user=soure-editor


ERROR: mhk_identification_soure-editor.cli line 33 ** Failure: undefined element. antonia manuel

Near lines: 33 
Near line: 34       rperson$rp-205/antonia carvalha/f/user=soure-editor      rperson$rp-129/antonia carvalho/f/user=soure-editor      rperson$rp-203/antonia carvalho/f/user=soure-editor      rperson$rp-387/antonia carvalho/f/user=soure-editor      rperson$rp-424/antonia carvalho/m/user=soure-editor      rperson$rp-569/antonia da costa/f/user=soure-editor      rperson$rp-52/antonia ferreira/f/user=soure-editor      rperson$rp-268/antonia ferreira/f/user=soure-editor      rperson$rp-292/antonia ferreira/f/user=soure-editor      rperson$rp-369/antonia ferreira/f/user=soure-editor      rperson$rp-512/antonia francisca/f/user=soure-editor      rperson$rp-282/antonia gomes/f/user=soure-editor      rperson$rp-92/antonia manuel/f/user=soure-editor      rperson$rp-769/antonia maria margarida de vilhena/f/user=soure-editor      rperson$rp-566/antonia rodrigues/f/user=soure-editor      rperson$rp-785/antonio/m/user=soure-editor      rperson$rp-508/antonio bernardes/m/user=soure-editor      rperson$rp-1559/antonio cardoso/m/user=soure-editor


ERROR: mhk_identification_soure-editor.cli line 33 ** Failure: undefined element. f

Near lines: 33 
Near line: 34       rperson$rp-205/antonia carvalha/f/user=soure-editor      rperson$rp-129/antonia carvalho/f/user=soure-editor      rperson$rp-203/antonia carvalho/f/user=soure-editor      rperson$rp-387/antonia carvalho/f/user=soure-editor      rperson$rp-424/antonia carvalho/m/user=soure-editor      rperson$rp-569/antonia da costa/f/user=soure-editor      rperson$rp-52/antonia ferreira/f/user=soure-editor      rperson$rp-268/antonia ferreira/f/user=soure-editor      rperson$rp-292/antonia ferreira/f/user=soure-editor      rperson$rp-369/antonia ferreira/f/user=soure-editor      rperson$rp-512/antonia francisca/f/user=soure-editor      rperson$rp-282/antonia gomes/f/user=soure-editor      rperson$rp-92/antonia manuel/f/user=soure-editor      rperson$rp-769/antonia maria margarida de vilhena/f/user=soure-editor      rperson$rp-566/antonia rodrigues/f/user=soure-editor      rperson$rp-785/antonio/m/user=soure-editor      rperson$rp-508/antonio bernardes/m/user=soure-editor      rperson$rp-1559/antonio cardoso/m/user=soure-editor


ERROR: mhk_identification_soure-editor.cli line 33 ** Failure: undefined element. antonia maria margarida de vilhena

Near lines: 33 
Near line: 34       rperson$rp-205/antonia carvalha/f/user=soure-editor      rperson$rp-129/antonia carvalho/f/user=soure-editor      rperson$rp-203/antonia carvalho/f/user=soure-editor      rperson$rp-387/antonia carvalho/f/user=soure-editor      rperson$rp-424/antonia carvalho/m/user=soure-editor      rperson$rp-569/antonia da costa/f/user=soure-editor      rperson$rp-52/antonia ferreira/f/user=soure-editor      rperson$rp-268/antonia ferreira/f/user=soure-editor      rperson$rp-292/antonia ferreira/f/user=soure-editor      rperson$rp-369/antonia ferreira/f/user=soure-editor      rperson$rp-512/antonia francisca/f/user=soure-editor      rperson$rp-282/antonia gomes/f/user=soure-editor      rperson$rp-92/antonia manuel/f/user=soure-editor      rperson$rp-769/antonia maria margarida de vilhena/f/user=soure-editor      rperson$rp-566/antonia rodrigues/f/user=soure-editor      rperson$rp-785/antonio/m/user=soure-editor      rperson$rp-508/antonio bernardes/m/user=soure-editor      rperson$rp-1559/antonio cardoso/m/user=soure-editor


ERROR: mhk_identification_soure-editor.cli line 33 ** Failure: undefined element. f

Near lines: 33 
Near line: 34       rperson$rp-205/antonia carvalha/f/user=soure-editor      rperson$rp-129/antonia carvalho/f/user=soure-editor      rperson$rp-203/antonia carvalho/f/user=soure-editor      rperson$rp-387/antonia carvalho/f/user=soure-editor      rperson$rp-424/antonia carvalho/m/user=soure-editor      rperson$rp-569/antonia da costa/f/user=soure-editor      rperson$rp-52/antonia ferreira/f/user=soure-editor      rperson$rp-268/antonia ferreira/f/user=soure-editor      rperson$rp-292/antonia ferreira/f/user=soure-editor      rperson$rp-369/antonia ferreira/f/user=soure-editor      rperson$rp-512/antonia francisca/f/user=soure-editor      rperson$rp-282/antonia gomes/f/user=soure-editor      rperson$rp-92/antonia manuel/f/user=soure-editor      rperson$rp-769/antonia maria margarida de vilhena/f/user=soure-editor      rperson$rp-566/antonia rodrigues/f/user=soure-editor      rperson$rp-785/antonio/m/user=soure-editor      rperson$rp-508/antonio bernardes/m/user=soure-editor      rperson$rp-1559/antonio cardoso/m/user=soure-editor


ERROR: mhk_identification_soure-editor.cli line 33 ** Failure: undefined element. antonia rodrigues

Near lines: 33 
Near line: 34       rperson$rp-205/antonia carvalha/f/user=soure-editor      rperson$rp-129/antonia carvalho/f/user=soure-editor      rperson$rp-203/antonia carvalho/f/user=soure-editor      rperson$rp-387/antonia carvalho/f/user=soure-editor      rperson$rp-424/antonia carvalho/m/user=soure-editor      rperson$rp-569/antonia da costa/f/user=soure-editor      rperson$rp-52/antonia ferreira/f/user=soure-editor      rperson$rp-268/antonia ferreira/f/user=soure-editor      rperson$rp-292/antonia ferreira/f/user=soure-editor      rperson$rp-369/antonia ferreira/f/user=soure-editor      rperson$rp-512/antonia francisca/f/user=soure-editor      rperson$rp-282/antonia gomes/f/user=soure-editor      rperson$rp-92/antonia manuel/f/user=soure-editor      rperson$rp-769/antonia maria margarida de vilhena/f/user=soure-editor      rperson$rp-566/antonia rodrigues/f/user=soure-editor      rperson$rp-785/antonio/m/user=soure-editor      rperson$rp-508/antonio bernardes/m/user=soure-editor      rperson$rp-1559/antonio cardoso/m/user=soure-editor


ERROR: mhk_identification_soure-editor.cli line 33 ** Failure: undefined element. f

Near lines: 33 
Near line: 34       rperson$rp-205/antonia carvalha/f/user=soure-editor      rperson$rp-129/antonia carvalho/f/user=soure-editor      rperson$rp-203/antonia carvalho/f/user=soure-editor      rperson$rp-387/antonia carvalho/f/user=soure-editor      rperson$rp-424/antonia carvalho/m/user=soure-editor      rperson$rp-569/antonia da costa/f/user=soure-editor      rperson$rp-52/antonia ferreira/f/user=soure-editor      rperson$rp-268/antonia ferreira/f/user=soure-editor      rperson$rp-292/antonia ferreira/f/user=soure-editor      rperson$rp-369/antonia ferreira/f/user=soure-editor      rperson$rp-512/antonia francisca/f/user=soure-editor      rperson$rp-282/antonia gomes/f/user=soure-editor      rperson$rp-92/antonia manuel/f/user=soure-editor      rperson$rp-769/antonia maria margarida de vilhena/f/user=soure-editor      rperson$rp-566/antonia rodrigues/f/user=soure-editor      rperson$rp-785/antonio/m/user=soure-editor      rperson$rp-508/antonio bernardes/m/user=soure-editor      rperson$rp-1559/antonio cardoso/m/user=soure-editor


ERROR: mhk_identification_soure-editor.cli line 33 ** Failure: undefined element. antonio

Near lines: 33 
Near line: 34       rperson$rp-205/antonia carvalha/f/user=soure-editor      rperson$rp-129/antonia carvalho/f/user=soure-editor      rperson$rp-203/antonia carvalho/f/user=soure-editor      rperson$rp-387/antonia carvalho/f/user=soure-editor      rperson$rp-424/antonia carvalho/m/user=soure-editor      rperson$rp-569/antonia da costa/f/user=soure-editor      rperson$rp-52/antonia ferreira/f/user=soure-editor      rperson$rp-268/antonia ferreira/f/user=soure-editor      rperson$rp-292/antonia ferreira/f/user=soure-editor      rperson$rp-369/antonia ferreira/f/user=soure-editor      rperson$rp-512/antonia francisca/f/user=soure-editor      rperson$rp-282/antonia gomes/f/user=soure-editor      rperson$rp-92/antonia manuel/f/user=soure-editor      rperson$rp-769/antonia maria margarida de vilhena/f/user=soure-editor      rperson$rp-566/antonia rodrigues/f/user=soure-editor      rperson$rp-785/antonio/m/user=soure-editor      rperson$rp-508/antonio bernardes/m/user=soure-editor      rperson$rp-1559/antonio cardoso/m/user=soure-editor


ERROR: mhk_identification_soure-editor.cli line 33 ** Failure: undefined element. m

Near lines: 33 
Near line: 34       rperson$rp-205/antonia carvalha/f/user=soure-editor      rperson$rp-129/antonia carvalho/f/user=soure-editor      rperson$rp-203/antonia carvalho/f/user=soure-editor      rperson$rp-387/antonia carvalho/f/user=soure-editor      rperson$rp-424/antonia carvalho/m/user=soure-editor      rperson$rp-569/antonia da costa/f/user=soure-editor      rperson$rp-52/antonia ferreira/f/user=soure-editor      rperson$rp-268/antonia ferreira/f/user=soure-editor      rperson$rp-292/antonia ferreira/f/user=soure-editor      rperson$rp-369/antonia ferreira/f/user=soure-editor      rperson$rp-512/antonia francisca/f/user=soure-editor      rperson$rp-282/antonia gomes/f/user=soure-editor      rperson$rp-92/antonia manuel/f/user=soure-editor      rperson$rp-769/antonia maria margarida de vilhena/f/user=soure-editor      rperson$rp-566/antonia rodrigues/f/user=soure-editor      rperson$rp-785/antonio/m/user=soure-editor      rperson$rp-508/antonio bernardes/m/user=soure-editor      rperson$rp-1559/antonio cardoso/m/user=soure-editor


ERROR: mhk_identification_soure-editor.cli line 33 ** Failure: undefined element. antonio bernardes

Near lines: 33 
Near line: 34       rperson$rp-205/antonia carvalha/f/user=soure-editor      rperson$rp-129/antonia carvalho/f/user=soure-editor      rperson$rp-203/antonia carvalho/f/user=soure-editor      rperson$rp-387/antonia carvalho/f/user=soure-editor      rperson$rp-424/antonia carvalho/m/user=soure-editor      rperson$rp-569/antonia da costa/f/user=soure-editor      rperson$rp-52/antonia ferreira/f/user=soure-editor      rperson$rp-268/antonia ferreira/f/user=soure-editor      rperson$rp-292/antonia ferreira/f/user=soure-editor      rperson$rp-369/antonia ferreira/f/user=soure-editor      rperson$rp-512/antonia francisca/f/user=soure-editor      rperson$rp-282/antonia gomes/f/user=soure-editor      rperson$rp-92/antonia manuel/f/user=soure-editor      rperson$rp-769/antonia maria margarida de vilhena/f/user=soure-editor      rperson$rp-566/antonia rodrigues/f/user=soure-editor      rperson$rp-785/antonio/m/user=soure-editor      rperson$rp-508/antonio bernardes/m/user=soure-editor      rperson$rp-1559/antonio cardoso/m/user=soure-editor


ERROR: mhk_identification_soure-editor.cli line 33 ** Failure: undefined element. m

Near lines: 33 
Near line: 34       rperson$rp-205/antonia carvalha/f/user=soure-editor      rperson$rp-129/antonia carvalho/f/user=soure-editor      rperson$rp-203/antonia carvalho/f/user=soure-editor      rperson$rp-387/antonia carvalho/f/user=soure-editor      rperson$rp-424/antonia carvalho/m/user=soure-editor      rperson$rp-569/antonia da costa/f/user=soure-editor      rperson$rp-52/antonia ferreira/f/user=soure-editor      rperson$rp-268/antonia ferreira/f/user=soure-editor      rperson$rp-292/antonia ferreira/f/user=soure-editor      rperson$rp-369/antonia ferreira/f/user=soure-editor      rperson$rp-512/antonia francisca/f/user=soure-editor      rperson$rp-282/antonia gomes/f/user=soure-editor      rperson$rp-92/antonia manuel/f/user=soure-editor      rperson$rp-769/antonia maria margarida de vilhena/f/user=soure-editor      rperson$rp-566/antonia rodrigues/f/user=soure-editor      rperson$rp-785/antonio/m/user=soure-editor      rperson$rp-508/antonio bernardes/m/user=soure-editor      rperson$rp-1559/antonio cardoso/m/user=soure-editor


ERROR: mhk_identification_soure-editor.cli line 33 ** Failure: undefined element. antonio cardoso

Near lines: 33 
Near line: 34       rperson$rp-205/antonia carvalha/f/user=soure-editor      rperson$rp-129/antonia carvalho/f/user=soure-editor      rperson$rp-203/antonia carvalho/f/user=soure-editor      rperson$rp-387/antonia carvalho/f/user=soure-editor      rperson$rp-424/antonia carvalho/m/user=soure-editor      rperson$rp-569/antonia da costa/f/user=soure-editor      rperson$rp-52/antonia ferreira/f/user=soure-editor      rperson$rp-268/antonia ferreira/f/user=soure-editor      rperson$rp-292/antonia ferreira/f/user=soure-editor      rperson$rp-369/antonia ferreira/f/user=soure-editor      rperson$rp-512/antonia francisca/f/user=soure-editor      rperson$rp-282/antonia gomes/f/user=soure-editor      rperson$rp-92/antonia manuel/f/user=soure-editor      rperson$rp-769/antonia maria margarida de vilhena/f/user=soure-editor      rperson$rp-566/antonia rodrigues/f/user=soure-editor      rperson$rp-785/antonio/m/user=soure-editor      rperson$rp-508/antonio bernardes/m/user=soure-editor      rperson$rp-1559/antonio cardoso/m/user=soure-editor


ERROR: mhk_identification_soure-editor.cli line 33 ** Failure: undefined element. m

Near lines: 33 
Near line: 34       rperson$rp-205/antonia carvalha/f/user=soure-editor      rperson$rp-129/antonia carvalho/f/user=soure-editor      rperson$rp-203/antonia carvalho/f/user=soure-editor      rperson$rp-387/antonia carvalho/f/user=soure-editor      rperson$rp-424/antonia carvalho/m/user=soure-editor      rperson$rp-569/antonia da costa/f/user=soure-editor      rperson$rp-52/antonia ferreira/f/user=soure-editor      rperson$rp-268/antonia ferreira/f/user=soure-editor      rperson$rp-292/antonia ferreira/f/user=soure-editor      rperson$rp-369/antonia ferreira/f/user=soure-editor      rperson$rp-512/antonia francisca/f/user=soure-editor      rperson$rp-282/antonia gomes/f/user=soure-editor      rperson$rp-92/antonia manuel/f/user=soure-editor      rperson$rp-769/antonia maria margarida de vilhena/f/user=soure-editor      rperson$rp-566/antonia rodrigues/f/user=soure-editor      rperson$rp-785/antonio/m/user=soure-editor      rperson$rp-508/antonio bernardes/m/user=soure-editor      rperson$rp-1559/antonio cardoso/m/user=soure-editor

** Processing rperson record rperson$rp-205
**     Processing rentity occurence amz13-per20
**     Processing rentity occurence emz1-6-per21-13
**     Processing rentity occurence t1694-34
**     Processing rentity occurence t1694-35

ERROR: mhk_identification_soure-editor.cli line 39 ** Failure: undefined element. antonio carvalhosa de oliveira

Near lines: 39 
Near line: 40       rperson$rp-639/antonio carvalho coelho/m/user=soure-editor      rperson$rp-763/antonio carvalhosa de oliveira/m/user=soure-editor      rperson$rp-624/antonio coelho de carvalho/m/user=soure-editor      rperson$rp-513/antonio da costa/m/user=soure-editor      rperson$rp-156/antonio da silva travassos/m/user=soure-editor      rperson$rp-636/antonio de abreu/m/user=soure-editor      rperson$rp-641/antonio de abreu/m/user=soure-editor/obs=assinou a rogo da vendedora


ERROR: mhk_identification_soure-editor.cli line 39 ** Failure: undefined element. m

Near lines: 39 
Near line: 40       rperson$rp-639/antonio carvalho coelho/m/user=soure-editor      rperson$rp-763/antonio carvalhosa de oliveira/m/user=soure-editor      rperson$rp-624/antonio coelho de carvalho/m/user=soure-editor      rperson$rp-513/antonio da costa/m/user=soure-editor      rperson$rp-156/antonio da silva travassos/m/user=soure-editor      rperson$rp-636/antonio de abreu/m/user=soure-editor      rperson$rp-641/antonio de abreu/m/user=soure-editor/obs=assinou a rogo da vendedora


ERROR: mhk_identification_soure-editor.cli line 39 ** Failure: undefined element. antonio coelho de carvalho

Near lines: 39 
Near line: 40       rperson$rp-639/antonio carvalho coelho/m/user=soure-editor      rperson$rp-763/antonio carvalhosa de oliveira/m/user=soure-editor      rperson$rp-624/antonio coelho de carvalho/m/user=soure-editor      rperson$rp-513/antonio da costa/m/user=soure-editor      rperson$rp-156/antonio da silva travassos/m/user=soure-editor      rperson$rp-636/antonio de abreu/m/user=soure-editor      rperson$rp-641/antonio de abreu/m/user=soure-editor/obs=assinou a rogo da vendedora


ERROR: mhk_identification_soure-editor.cli line 39 ** Failure: undefined element. m

Near lines: 39 
Near line: 40       rperson$rp-639/antonio carvalho coelho/m/user=soure-editor      rperson$rp-763/antonio carvalhosa de oliveira/m/user=soure-editor      rperson$rp-624/antonio coelho de carvalho/m/user=soure-editor      rperson$rp-513/antonio da costa/m/user=soure-editor      rperson$rp-156/antonio da silva travassos/m/user=soure-editor      rperson$rp-636/antonio de abreu/m/user=soure-editor      rperson$rp-641/antonio de abreu/m/user=soure-editor/obs=assinou a rogo da vendedora


ERROR: mhk_identification_soure-editor.cli line 39 ** Failure: undefined element. antonio da costa

Near lines: 39 
Near line: 40       rperson$rp-639/antonio carvalho coelho/m/user=soure-editor      rperson$rp-763/antonio carvalhosa de oliveira/m/user=soure-editor      rperson$rp-624/antonio coelho de carvalho/m/user=soure-editor      rperson$rp-513/antonio da costa/m/user=soure-editor      rperson$rp-156/antonio da silva travassos/m/user=soure-editor      rperson$rp-636/antonio de abreu/m/user=soure-editor      rperson$rp-641/antonio de abreu/m/user=soure-editor/obs=assinou a rogo da vendedora


ERROR: mhk_identification_soure-editor.cli line 39 ** Failure: undefined element. m

Near lines: 39 
Near line: 40       rperson$rp-639/antonio carvalho coelho/m/user=soure-editor      rperson$rp-763/antonio carvalhosa de oliveira/m/user=soure-editor      rperson$rp-624/antonio coelho de carvalho/m/user=soure-editor      rperson$rp-513/antonio da costa/m/user=soure-editor      rperson$rp-156/antonio da silva travassos/m/user=soure-editor      rperson$rp-636/antonio de abreu/m/user=soure-editor      rperson$rp-641/antonio de abreu/m/user=soure-editor/obs=assinou a rogo da vendedora


ERROR: mhk_identification_soure-editor.cli line 39 ** Failure: undefined element. antonio da silva travassos

Near lines: 39 
Near line: 40       rperson$rp-639/antonio carvalho coelho/m/user=soure-editor      rperson$rp-763/antonio carvalhosa de oliveira/m/user=soure-editor      rperson$rp-624/antonio coelho de carvalho/m/user=soure-editor      rperson$rp-513/antonio da costa/m/user=soure-editor      rperson$rp-156/antonio da silva travassos/m/user=soure-editor      rperson$rp-636/antonio de abreu/m/user=soure-editor      rperson$rp-641/antonio de abreu/m/user=soure-editor/obs=assinou a rogo da vendedora


ERROR: mhk_identification_soure-editor.cli line 39 ** Failure: undefined element. m

Near lines: 39 
Near line: 40       rperson$rp-639/antonio carvalho coelho/m/user=soure-editor      rperson$rp-763/antonio carvalhosa de oliveira/m/user=soure-editor      rperson$rp-624/antonio coelho de carvalho/m/user=soure-editor      rperson$rp-513/antonio da costa/m/user=soure-editor      rperson$rp-156/antonio da silva travassos/m/user=soure-editor      rperson$rp-636/antonio de abreu/m/user=soure-editor      rperson$rp-641/antonio de abreu/m/user=soure-editor/obs=assinou a rogo da vendedora


ERROR: mhk_identification_soure-editor.cli line 39 ** Failure: undefined element. antonio de abreu

Near lines: 39 
Near line: 40       rperson$rp-639/antonio carvalho coelho/m/user=soure-editor      rperson$rp-763/antonio carvalhosa de oliveira/m/user=soure-editor      rperson$rp-624/antonio coelho de carvalho/m/user=soure-editor      rperson$rp-513/antonio da costa/m/user=soure-editor      rperson$rp-156/antonio da silva travassos/m/user=soure-editor      rperson$rp-636/antonio de abreu/m/user=soure-editor      rperson$rp-641/antonio de abreu/m/user=soure-editor/obs=assinou a rogo da vendedora


ERROR: mhk_identification_soure-editor.cli line 39 ** Failure: undefined element. m

Near lines: 39 
Near line: 40       rperson$rp-639/antonio carvalho coelho/m/user=soure-editor      rperson$rp-763/antonio carvalhosa de oliveira/m/user=soure-editor      rperson$rp-624/antonio coelho de carvalho/m/user=soure-editor      rperson$rp-513/antonio da costa/m/user=soure-editor      rperson$rp-156/antonio da silva travassos/m/user=soure-editor      rperson$rp-636/antonio de abreu/m/user=soure-editor      rperson$rp-641/antonio de abreu/m/user=soure-editor/obs=assinou a rogo da vendedora


ERROR: mhk_identification_soure-editor.cli line 39 ** Failure: undefined element. antonio de abreu

Near lines: 39 
Near line: 40       rperson$rp-639/antonio carvalho coelho/m/user=soure-editor      rperson$rp-763/antonio carvalhosa de oliveira/m/user=soure-editor      rperson$rp-624/antonio coelho de carvalho/m/user=soure-editor      rperson$rp-513/antonio da costa/m/user=soure-editor      rperson$rp-156/antonio da silva travassos/m/user=soure-editor      rperson$rp-636/antonio de abreu/m/user=soure-editor      rperson$rp-641/antonio de abreu/m/user=soure-editor/obs=assinou a rogo da vendedora


ERROR: mhk_identification_soure-editor.cli line 39 ** Failure: undefined element. m

Near lines: 39 
Near line: 40       rperson$rp-639/antonio carvalho coelho/m/user=soure-editor      rperson$rp-763/antonio carvalhosa de oliveira/m/user=soure-editor      rperson$rp-624/antonio coelho de carvalho/m/user=soure-editor      rperson$rp-513/antonio da costa/m/user=soure-editor      rperson$rp-156/antonio da silva travassos/m/user=soure-editor      rperson$rp-636/antonio de abreu/m/user=soure-editor      rperson$rp-641/antonio de abreu/m/user=soure-editor/obs=assinou a rogo da vendedora

*** ERROR: MAXIMUM NUMBER OF ERRORS REACHED. TRANSLATION ABORTED.
** Processing rperson record rperson$rp-639
*** End of File
108  errors. 
0  warnings.
Translation finished.
