KleioTranslator - server version 2019.A1 - build 256 07/05/2020 17:41 
13-5-2020 22-20

Processing data file c1691.cli
-------------------------------------------
Generic Act translation module with geoentities (XML).
     Joaquim Ramos de Carvalho (joaquim@uc.pt) 
** New document: kleio
=========================
kleio translation started
=========================
Structure: gacto.str
Prefix: 
Autorel: 
Translation count: 16
Obs: 
** Processing source fonte$casamentos 1691
6: cas$c1691.1
28: cas$c1691.2
49: cas$c1691.3
75: cas$c1691.4
97: cas$c1691.5
120: cas$c1691.6
141: cas$c1691.7
162: cas$c1691.8
187: cas$c1691.9
211: cas$c1691.10
236: cas$c1691.11
258: cas$c1691.12
280: cas$c1691.13
303: cas$c1691.14
*** End of File
** Processed file- /kleio-home/sources/soure-fontes/sources/1685-1720/casamentos/c1691.cli
** Original file- /kleio-home/sources/soure-fontes/sources/1685-1720/casamentos/c1691.org
** Previous version- /kleio-home/sources/soure-fontes/sources/1685-1720/casamentos/c1691.old
** Temp file with ids- /kleio-home/sources/soure-fontes/sources/1685-1720/casamentos/c1691.ids
** - /kleio-home/sources/soure-fontes/sources/1685-1720/casamentos/c1691.cli-renamed to- /kleio-home/sources/soure-fontes/sources/1685-1720/casamentos/c1691.old
** - /kleio-home/sources/soure-fontes/sources/1685-1720/casamentos/c1691.ids-renamed to- /kleio-home/sources/soure-fontes/sources/1685-1720/casamentos/c1691.cli
** Translation files closed.
0  errors. 
0  warnings.
Translation finished.
