KleioTranslator - server version 2019.A1 - build 256 07/05/2020 17:41 
13-5-2020 22-20

Processing data file c1692.cli
-------------------------------------------
Generic Act translation module with geoentities (XML).
     Joaquim Ramos de Carvalho (joaquim@uc.pt) 
** New document: kleio
=========================
kleio translation started
=========================
Structure: gacto.str
Prefix: 
Autorel: 
Translation count: 5
Obs: 
** Processing source fonte$casamentos 1692
6: cas$c1692.1
29: cas$c1692.3
54: cas$c1692.4
76: cas$c1692.5
97: cas$c1692.6
122: cas$c1692.7
144: cas$c1692.8
168: cas$c1692.9
194: cas$c1692.10
222: cas$c1692.11
246: cas$c1692.12
271: cas$c1692.13
295: cas$c1692.14
318: cas$c1692.15
344: cas$c1692.16
368: cas$c1692.17
389: cas$c1692.18
417: cas$c1692.19
438: cas$c1692.20
461: cas$c1692.21
489: cas$c1692.22
503: cas$c1692.23
526: cas$c1692.24
*** End of File
** Processed file- /kleio-home/sources/soure-fontes/sources/1685-1720/casamentos/c1692.cli
** Original file- /kleio-home/sources/soure-fontes/sources/1685-1720/casamentos/c1692.org
** Previous version- /kleio-home/sources/soure-fontes/sources/1685-1720/casamentos/c1692.old
** Temp file with ids- /kleio-home/sources/soure-fontes/sources/1685-1720/casamentos/c1692.ids
** - /kleio-home/sources/soure-fontes/sources/1685-1720/casamentos/c1692.cli-renamed to- /kleio-home/sources/soure-fontes/sources/1685-1720/casamentos/c1692.old
** - /kleio-home/sources/soure-fontes/sources/1685-1720/casamentos/c1692.ids-renamed to- /kleio-home/sources/soure-fontes/sources/1685-1720/casamentos/c1692.cli
** Translation files closed.
0  errors. 
0  warnings.
Translation finished.
