KleioTranslator - server version 2019.A1 - build 256 07/05/2020 17:41 
13-5-2020 22-20

Processing data file c1690.cli
-------------------------------------------
Generic Act translation module with geoentities (XML).
     Joaquim Ramos de Carvalho (joaquim@uc.pt) 
** New document: kleio
=========================
kleio translation started
=========================
Structure: gacto.str
Prefix: 
Autorel: 
Translation count: 10
Obs: 
** Processing source fonte$casamentos 1690
6: cas$c1690.1
40: cas$c1690.2
71: cas$c1690.3
107: cas$c1690.4
134: cas$c1690.5
165: cas$c1690.6
187: cas$c1690.7
220: cas$c1690.8
253: cas$c1690.9
280: cas$c1690.10
303: cas$c1690.11
326: cas$c1690.12
345: cas$c1690.13
368: cas$c1690.14
391: cas$c1690.15
413: cas$c1690.16
*** End of File
** Processed file- /kleio-home/sources/soure-fontes/sources/1685-1720/casamentos/c1690.cli
** Original file- /kleio-home/sources/soure-fontes/sources/1685-1720/casamentos/c1690.org
** Previous version- /kleio-home/sources/soure-fontes/sources/1685-1720/casamentos/c1690.old
** Temp file with ids- /kleio-home/sources/soure-fontes/sources/1685-1720/casamentos/c1690.ids
** - /kleio-home/sources/soure-fontes/sources/1685-1720/casamentos/c1690.cli-renamed to- /kleio-home/sources/soure-fontes/sources/1685-1720/casamentos/c1690.old
** - /kleio-home/sources/soure-fontes/sources/1685-1720/casamentos/c1690.ids-renamed to- /kleio-home/sources/soure-fontes/sources/1685-1720/casamentos/c1690.cli
** Translation files closed.
0  errors. 
0  warnings.
Translation finished.
