ClioInput - version @@VERSION@@ - build @@BUILD@@ @@DATE@@
21-4-2020 17-14

Processing data file c1707.cli
-------------------------------------------
Generic Act translation module with geoentities (XML).
     Joaquim Ramos de Carvalho (joaquim@uc.pt) 
** New document: kleio
=========================
kleio translation started
=========================
Structure: gacto.str
Prefix: 
Autorel: 
Translation count: 11
Obs: 
** Processing source fonte$casamentos 1707
6: cas$c1707-331
34: cas$c1707-332
67: cas$c1707-333
92: cas$c1707-334
121: cas$c1707-335
155: cas$c1707-336
184: cas$c1707-337
211: cas$c1707-338
237: cas$c1707-339
265: cas$c1707-340
291: cas$c1707-341
319: cas$c1707-342
348: cas$c1707-343
377: cas$c1707-344
407: cas$c1707-345
437: cas$c1707-346
471: cas$c1707-347
498: cas$c1707-348
529: cas$c1707-349
559: cas$c1707-350
588: cas$c1707-351
617: cas$c1707-352
648: cas$c1707-353
681: cas$c1707-354
710: cas$c1707-355
735: cas$c1707-356
762: cas$c1707-357
792: cas$c1707-358
829: cas$c1707-359
*** End of File
** Processed file- /Users/jrc/mhk-home/sources/soure-fontes/sources/soure_fase1/casamentos/c1707.cli
** Original file- /Users/jrc/mhk-home/sources/soure-fontes/sources/soure_fase1/casamentos/c1707.org
** Previous version- /Users/jrc/mhk-home/sources/soure-fontes/sources/soure_fase1/casamentos/c1707.old
** Temp file with ids- /Users/jrc/mhk-home/sources/soure-fontes/sources/soure_fase1/casamentos/c1707.ids
0  errors. 
0  warnings.
Translation finished.
