KleioTranslator - server version 2019.A1 - build 256 07/05/2020 17:41 
13-5-2020 22-20

Processing data file c1709.cli
-------------------------------------------
Generic Act translation module with geoentities (XML).
     Joaquim Ramos de Carvalho (joaquim@uc.pt) 
** New document: kleio
=========================
kleio translation started
=========================
Structure: gacto.str
Prefix: 
Autorel: 
Translation count: 9
Obs: 
** Processing source fonte$casamentos 1709
6: cas$c1709.1
31: cas$c1709.2
56: cas$c1709.3
82: cas$c1709.4
107: cas$c1709.5
129: cas$c1709.6
157: cas$c1709.7
185: cas$c1709.8
210: cas$c1709.9
232: cas$c1709.10
257: cas$c1709.11
282: cas$c1709.12
306: cas$c1709.13
333: cas$c1709.14
359: cas$c1709.15
386: cas$c1709.16
414: cas$c1709.17
436: cas$c1709.18
458: cas$c1709.19
482: cas$c1709.20
510: cas$c1709.21
532: cas$c1709.22
566: cas$c1709.23
600: cas$c1709.24
632: cas$c1709.25
660: cas$c1709.26
691: cas$c1709.27
724: cas$c1709.28
753: cas$c1709.29
783: cas$c1709.30
802: cas$c1709.31
835: cas$c1709.32
*** End of File
** Processed file- /kleio-home/sources/soure-fontes/sources/1685-1720/casamentos/c1709.cli
** Original file- /kleio-home/sources/soure-fontes/sources/1685-1720/casamentos/c1709.org
** Previous version- /kleio-home/sources/soure-fontes/sources/1685-1720/casamentos/c1709.old
** Temp file with ids- /kleio-home/sources/soure-fontes/sources/1685-1720/casamentos/c1709.ids
** - /kleio-home/sources/soure-fontes/sources/1685-1720/casamentos/c1709.cli-renamed to- /kleio-home/sources/soure-fontes/sources/1685-1720/casamentos/c1709.old
** - /kleio-home/sources/soure-fontes/sources/1685-1720/casamentos/c1709.ids-renamed to- /kleio-home/sources/soure-fontes/sources/1685-1720/casamentos/c1709.cli
** Translation files closed.
0  errors. 
0  warnings.
Translation finished.
