KleioTranslator - server version 2019.A1 - build 256 07/05/2020 17:41 
13-5-2020 22-19

Processing data file c1704.cli
-------------------------------------------
Generic Act translation module with geoentities (XML).
     Joaquim Ramos de Carvalho (joaquim@uc.pt) 
** New document: kleio
=========================
kleio translation started
=========================
Structure: gacto.str
Prefix: 
Autorel: 
Translation count: 8
Obs: 
** Processing source fonte$casamentos 1704
6: cas$c1704-262
34: cas$c1704-263
64: cas$c1704-264
97: cas$c1704-265
121: cas$c1704-266
158: cas$c1704-267
183: cas$c1704-268
212: cas$c1704-269
246: cas$c1704-270
280: cas$c1704-271
310: cas$c1704-272
340: cas$c1704-273
365: cas$c1704-274
399: cas$c1704-275
426: cas$c1704-276
455: cas$c1704-277
482: cas$c1704-278
509: cas$c1704-279
532: cas$c1704-280
556: cas$c1704-281
581: cas$c1704-282
*** End of File
** Processed file- /kleio-home/sources/soure-fontes/sources/1685-1720/casamentos/c1704.cli
** Original file- /kleio-home/sources/soure-fontes/sources/1685-1720/casamentos/c1704.org
** Previous version- /kleio-home/sources/soure-fontes/sources/1685-1720/casamentos/c1704.old
** Temp file with ids- /kleio-home/sources/soure-fontes/sources/1685-1720/casamentos/c1704.ids
** - /kleio-home/sources/soure-fontes/sources/1685-1720/casamentos/c1704.cli-renamed to- /kleio-home/sources/soure-fontes/sources/1685-1720/casamentos/c1704.old
** - /kleio-home/sources/soure-fontes/sources/1685-1720/casamentos/c1704.ids-renamed to- /kleio-home/sources/soure-fontes/sources/1685-1720/casamentos/c1704.cli
** Translation files closed.
0  errors. 
0  warnings.
Translation finished.
