KleioTranslator - server version 2019.A1 - build 256 07/05/2020 17:41 
13-5-2020 22-20

Processing data file c1702.cli
-------------------------------------------
Generic Act translation module with geoentities (XML).
     Joaquim Ramos de Carvalho (joaquim@uc.pt) 
** New document: kleio
=========================
kleio translation started
=========================
Structure: gacto.str
Prefix: 
Autorel: 
Translation count: 9
Obs: 
** Processing source fonte$casamentos 1702
6: cas$c1702-209
29: cas$c1702-210
54: cas$c1702-211
79: cas$c1702-212
104: cas$c1702-213
128: cas$c1702-214
153: cas$c1702-215
178: cas$c1702-216
200: cas$c1702-217
230: cas$c1702-218
256: cas$c1702-219
279: cas$c1702-220
309: cas$c1702-221
340: cas$c1702-222
369: cas$c1702-223
405: cas$c1702-224
433: cas$c1702-225
466: cas$c1702-226
491: cas$c1702-227
521: cas$c1702-228
552: cas$c1702-229
583: cas$c1702-230
609: cas$c1702-231
638: cas$c1702-232
669: cas$c1702-233
699: cas$c1702-234
724: cas$c1702-235
750: cas$c1702-236
776: cas$c1702-237
805: cas$c1702-238
834: cas$c1702-239
865: cas$c1702-240
890: cas$c1702-241
916: cas$c1702-242
940: cas$c1702-243
970: cas$c1702-244
*** End of File
** Processed file- /kleio-home/sources/soure-fontes/sources/1685-1720/casamentos/c1702.cli
** Original file- /kleio-home/sources/soure-fontes/sources/1685-1720/casamentos/c1702.org
** Previous version- /kleio-home/sources/soure-fontes/sources/1685-1720/casamentos/c1702.old
** Temp file with ids- /kleio-home/sources/soure-fontes/sources/1685-1720/casamentos/c1702.ids
** - /kleio-home/sources/soure-fontes/sources/1685-1720/casamentos/c1702.cli-renamed to- /kleio-home/sources/soure-fontes/sources/1685-1720/casamentos/c1702.old
** - /kleio-home/sources/soure-fontes/sources/1685-1720/casamentos/c1702.ids-renamed to- /kleio-home/sources/soure-fontes/sources/1685-1720/casamentos/c1702.cli
** Translation files closed.
0  errors. 
0  warnings.
Translation finished.
