KleioTranslator - server version 2019.A1 - build 256 07/05/2020 17:41 
13-5-2020 22-21

Processing data file c1703.cli
-------------------------------------------
Generic Act translation module with geoentities (XML).
     Joaquim Ramos de Carvalho (joaquim@uc.pt) 
** New document: kleio
=========================
kleio translation started
=========================
Structure: gacto.str
Prefix: 
Autorel: 
Translation count: 9
Obs: 
** Processing source fonte$casamentos 1703
6: cas$c1703-245
31: cas$c1703-246
65: cas$c1703-247
97: cas$c1703-248
126: cas$c1703-249
158: cas$c1703-250
193: cas$c1703-251
226: cas$c1703-252
235: cas$c1703-253
263: cas$c1703-254
290: cas$c1703-255
312: cas$c1703-256
339: cas$c1703-257
363: cas$c1703-258
390: cas$c1703-259
419: cas$c1703-260
446: cas$c1703-261
*** End of File
** Processed file- /kleio-home/sources/soure-fontes/sources/1685-1720/casamentos/c1703.cli
** Original file- /kleio-home/sources/soure-fontes/sources/1685-1720/casamentos/c1703.org
** Previous version- /kleio-home/sources/soure-fontes/sources/1685-1720/casamentos/c1703.old
** Temp file with ids- /kleio-home/sources/soure-fontes/sources/1685-1720/casamentos/c1703.ids
** - /kleio-home/sources/soure-fontes/sources/1685-1720/casamentos/c1703.cli-renamed to- /kleio-home/sources/soure-fontes/sources/1685-1720/casamentos/c1703.old
** - /kleio-home/sources/soure-fontes/sources/1685-1720/casamentos/c1703.ids-renamed to- /kleio-home/sources/soure-fontes/sources/1685-1720/casamentos/c1703.cli
** Translation files closed.
0  errors. 
0  warnings.
Translation finished.
