KleioTranslator - server version 2019.A1 - build 256 07/05/2020 17:41 
13-5-2020 22-20

Processing data file c1708.cli
-------------------------------------------
Generic Act translation module with geoentities (XML).
     Joaquim Ramos de Carvalho (joaquim@uc.pt) 
** New document: kleio
=========================
kleio translation started
=========================
Structure: gacto.str
Prefix: 
Autorel: 
Translation count: 5
Obs: 
** Processing source fonte$casamentos 1708
6: cas$c1708.1
35: cas$c1708.2
64: cas$c1708.3
91: cas$c1708.4
116: cas$c1708.5
147: cas$c1708.6
172: cas$c1708.7
194: cas$c1708.8
228: cas$c1708.10
254: cas$c1708.11
286: cas$c1708.12
315: cas$c1708.13
342: cas$c1708.14
368: cas$c1708.15
393: cas$c1708.16
418: cas$c1708.17
444: cas$c1708.18
474: cas$c1708.19
499: cas$c1708.20
524: cas$c1708.21
549: cas$c1708.22
576: cas$c1708.23
603: cas$c1708.24
628: cas$c1708.25
653: cas$c1708.26
678: cas$c1708.27
*** End of File
** Processed file- /kleio-home/sources/soure-fontes/sources/1685-1720/casamentos/c1708.cli
** Original file- /kleio-home/sources/soure-fontes/sources/1685-1720/casamentos/c1708.org
** Previous version- /kleio-home/sources/soure-fontes/sources/1685-1720/casamentos/c1708.old
** Temp file with ids- /kleio-home/sources/soure-fontes/sources/1685-1720/casamentos/c1708.ids
** - /kleio-home/sources/soure-fontes/sources/1685-1720/casamentos/c1708.cli-renamed to- /kleio-home/sources/soure-fontes/sources/1685-1720/casamentos/c1708.old
** - /kleio-home/sources/soure-fontes/sources/1685-1720/casamentos/c1708.ids-renamed to- /kleio-home/sources/soure-fontes/sources/1685-1720/casamentos/c1708.cli
** Translation files closed.
0  errors. 
0  warnings.
Translation finished.
