KleioTranslator - server version 2019.A1 - build 256 07/05/2020 17:41 
13-5-2020 22-19

Processing data file c1705.cli
-------------------------------------------
Generic Act translation module with geoentities (XML).
     Joaquim Ramos de Carvalho (joaquim@uc.pt) 
** New document: kleio
=========================
kleio translation started
=========================
Structure: gacto.str
Prefix: 
Autorel: 
Translation count: 8
Obs: 
** Processing source fonte$casamentos 1705
6: cas$c1705-283
35: cas$c1705-284
67: cas$c1705-285
101: cas$c1705-286
127: cas$c1705-287
159: cas$c1705-288
189: cas$c1705-289
216: cas$c1705-290
247: cas$c1705-291
282: cas$c1705-292
307: cas$c1705-293
334: cas$c1705-294
378: cas$c1705-295
410: cas$c1705-296
438: cas$c1705-297
477: cas$c1705-298
515: cas$c1705-299
544: cas$c1705-300
573: cas$c1705-301
601: cas$c1705-302
*** End of File
** Processed file- /kleio-home/sources/soure-fontes/sources/1685-1720/casamentos/c1705.cli
** Original file- /kleio-home/sources/soure-fontes/sources/1685-1720/casamentos/c1705.org
** Previous version- /kleio-home/sources/soure-fontes/sources/1685-1720/casamentos/c1705.old
** Temp file with ids- /kleio-home/sources/soure-fontes/sources/1685-1720/casamentos/c1705.ids
** - /kleio-home/sources/soure-fontes/sources/1685-1720/casamentos/c1705.cli-renamed to- /kleio-home/sources/soure-fontes/sources/1685-1720/casamentos/c1705.old
** - /kleio-home/sources/soure-fontes/sources/1685-1720/casamentos/c1705.ids-renamed to- /kleio-home/sources/soure-fontes/sources/1685-1720/casamentos/c1705.cli
** Translation files closed.
0  errors. 
0  warnings.
Translation finished.
