KleioTranslator - server version 2019.A1 - build 256 07/05/2020 17:41 
13-5-2020 22-19

Processing data file c1712.cli
-------------------------------------------
Generic Act translation module with geoentities (XML).
     Joaquim Ramos de Carvalho (joaquim@uc.pt) 
** New document: kleio
=========================
kleio translation started
=========================
Structure: gacto.str
Prefix: 
Autorel: 
Translation count: 8
Obs: 
** Processing source fonte$casamentos 1712
6: cas$c1712.1
38: cas$c1712.2
73: cas$c1712.3
105: cas$c1712.4
139: cas$c1712.5
170: cas$c1712.6
200: cas$c1712.7
233: cas$c1712.8
264: cas$c1712.9
299: cas$c1712.10
333: cas$c1712.11
363: cas$c1712.12
414: cas$c1712.13
440: cas$c1712.14
509: cas$c1712.15
539: cas$c1712.16
569: cas$c1712.17
604: cas$c1712.18
636: cas$c1712.19
672: cas$c1712.20
*** End of File
** Processed file- /kleio-home/sources/soure-fontes/sources/1685-1720/casamentos/c1712.cli
** Original file- /kleio-home/sources/soure-fontes/sources/1685-1720/casamentos/c1712.org
** Previous version- /kleio-home/sources/soure-fontes/sources/1685-1720/casamentos/c1712.old
** Temp file with ids- /kleio-home/sources/soure-fontes/sources/1685-1720/casamentos/c1712.ids
** - /kleio-home/sources/soure-fontes/sources/1685-1720/casamentos/c1712.cli-renamed to- /kleio-home/sources/soure-fontes/sources/1685-1720/casamentos/c1712.old
** - /kleio-home/sources/soure-fontes/sources/1685-1720/casamentos/c1712.ids-renamed to- /kleio-home/sources/soure-fontes/sources/1685-1720/casamentos/c1712.cli
** Translation files closed.
0  errors. 
0  warnings.
Translation finished.
