KleioTranslator - server version 2019.A1 - build 256 07/05/2020 17:41 
13-5-2020 22-21

Processing data file c1714.cli
-------------------------------------------
Generic Act translation module with geoentities (XML).
     Joaquim Ramos de Carvalho (joaquim@uc.pt) 
** New document: kleio
=========================
kleio translation started
=========================
Structure: gacto.str
Prefix: 
Autorel: 
Translation count: 8
Obs: 
** Processing source fonte$casamentos 1714
6: cas$c1714.1
44: cas$c1714.2
73: cas$c1714.3
92: cas$c1714.4
119: cas$c1714.5
147: cas$c1714.6
181: cas$c1714.7
208: cas$c1714.8
250: cas$c1714.9
282: cas$c1714.10
310: cas$c1714.11
351: cas$c1714.12
385: cas$c1714.12b
421: cas$c1714.13
455: cas$c1714.14
485: cas$c1714.15
516: cas$c1714.16
558: cas$c1714.17
586: cas$c1714.18
613: cas$c1714.19
*** End of File
** Processed file- /kleio-home/sources/soure-fontes/sources/1685-1720/casamentos/c1714.cli
** Original file- /kleio-home/sources/soure-fontes/sources/1685-1720/casamentos/c1714.org
** Previous version- /kleio-home/sources/soure-fontes/sources/1685-1720/casamentos/c1714.old
** Temp file with ids- /kleio-home/sources/soure-fontes/sources/1685-1720/casamentos/c1714.ids
** - /kleio-home/sources/soure-fontes/sources/1685-1720/casamentos/c1714.cli-renamed to- /kleio-home/sources/soure-fontes/sources/1685-1720/casamentos/c1714.old
** - /kleio-home/sources/soure-fontes/sources/1685-1720/casamentos/c1714.ids-renamed to- /kleio-home/sources/soure-fontes/sources/1685-1720/casamentos/c1714.cli
** Translation files closed.
0  errors. 
0  warnings.
Translation finished.
