KleioTranslator - server version 2019.A1 - build 256 07/05/2020 17:41 
13-5-2020 22-19

Processing data file c1713.cli
-------------------------------------------
Generic Act translation module with geoentities (XML).
     Joaquim Ramos de Carvalho (joaquim@uc.pt) 
** New document: kleio
=========================
kleio translation started
=========================
Structure: gacto.str
Prefix: 
Autorel: 
Translation count: 7
Obs: 
** Processing source fonte$casamentos 1713
6: cas$c1713.1
12: cas$c1713.2
41: cas$c1713.3
43: cas$c1713.4
71: cas$c1713.5
102: cas$c1713.6
122: cas$c1713.6b
171: cas$c1713.7
216: cas$c1713.8
244: cas$c1713.9
290: cas$c1713.10
335: cas$c1713.11
365: cas$c1713.12
393: cas$c1713.13
429: cas$c1713.14
460: cas$c1713.15
500: cas$c1713.16
534: cas$c1713.17
565: cas$c1713.18
602: cas$c1713.19
632: cas$c1713.20
657: cas$c1713.21
688: cas$c1713.22
718: cas$c1713.23
*** End of File
** Processed file- /kleio-home/sources/soure-fontes/sources/1685-1720/casamentos/c1713.cli
** Original file- /kleio-home/sources/soure-fontes/sources/1685-1720/casamentos/c1713.org
** Previous version- /kleio-home/sources/soure-fontes/sources/1685-1720/casamentos/c1713.old
** Temp file with ids- /kleio-home/sources/soure-fontes/sources/1685-1720/casamentos/c1713.ids
** - /kleio-home/sources/soure-fontes/sources/1685-1720/casamentos/c1713.cli-renamed to- /kleio-home/sources/soure-fontes/sources/1685-1720/casamentos/c1713.old
** - /kleio-home/sources/soure-fontes/sources/1685-1720/casamentos/c1713.ids-renamed to- /kleio-home/sources/soure-fontes/sources/1685-1720/casamentos/c1713.cli
** Translation files closed.
0  errors. 
0  warnings.
Translation finished.
