ClioInput - version @@VERSION@@ - build @@BUILD@@ @@DATE@@
9-4-2020 16-51

Processing data file c1715.cli
-------------------------------------------
Generic Act translation module with geoentities (XML).
     Joaquim Ramos de Carvalho (joaquim@uc.pt) 
** New document: kleio
=========================
kleio translation started
=========================
Structure: gacto.str
Prefix: 
Autorel: 
Translation count: 6
Obs: 
** Processing source fonte$casamentos 1715
6: cas$c1715.1
36: cas$c1715.2
73: cas$c1715.3
106: cas$c1715.4
155: cas$c1715.5
189: cas$c1715.5b
219: cas$c1715.6
253: cas$c1715.7
278: cas$c1715.8
309: cas$c1715.9
*** End of File
** Processed file- /Users/jrc/mhk-home/sources/soure-fontes/sources/soure_fase1/casamentos/c1715.cli
** Original file- /Users/jrc/mhk-home/sources/soure-fontes/sources/soure_fase1/casamentos/c1715.org
** Previous version- /Users/jrc/mhk-home/sources/soure-fontes/sources/soure_fase1/casamentos/c1715.old
** Temp file with ids- /Users/jrc/mhk-home/sources/soure-fontes/sources/soure_fase1/casamentos/c1715.ids
0  errors. 
0  warnings.
Translation finished.
