ClioInput - version 2019.A1 - build 235 28/04/2020 17:05 
2-5-2020 19-14

Processing data file eleicoes3.cli
-------------------------------------------
Generic Act translation module with geoentities (XML).
     Joaquim Ramos de Carvalho (joaquim@uc.pt) 
** New document: kleio
=========================
kleio translation started
=========================
Structure: gacto2.str
Prefix: 
Autorel: 
Translation count: 15
Obs: 
** Processing source fonte$mis mesa3
6: amz$emz3-1
49: amz$emz3-2
90: amz$emz3-3
92: amz$emz3-4
137: amz$emz3-5
180: amz$emz3-6
182: amz$emz3-7
243: amz$emz3-8
*** End of File
** Processed file- /kleio-home/sources/soure-fontes/sources/1685-1720/in_progress/irmaos_misercordia/eleicoes3.cli
** Original file- /kleio-home/sources/soure-fontes/sources/1685-1720/in_progress/irmaos_misercordia/eleicoes3.org
** Previous version- /kleio-home/sources/soure-fontes/sources/1685-1720/in_progress/irmaos_misercordia/eleicoes3.old
** Temp file with ids- /kleio-home/sources/soure-fontes/sources/1685-1720/in_progress/irmaos_misercordia/eleicoes3.ids
0  errors. 
0  warnings.
Translation finished.
