ClioInput - version 2019.A1 - build 235 28/04/2020 17:05 
2-5-2020 19-23

Processing data file misNomIrmaos.cli
-------------------------------------------
Generic Act translation module with geoentities (XML).
     Joaquim Ramos de Carvalho (joaquim@uc.pt) 
** New document: kleio
=========================
kleio translation started
=========================
Structure: gacto.str
Prefix: 
Autorel: 
Translation count: 4
Obs: 
** Processing source fonte$misnom
6: nom$nm1
11: nom$nm2
16: nom$nm3
21: nom$nm4
26: nom$nm5
32: nom$nm6
36: nom$nm7
41: nom$nm8
48: nom$nm9
52: nom$nm10
56: nom$nm11
61: nom$nm12
66: nom$nm13
71: nom$nm14
75: nom$nm15
80: nom$nm16
84: nom$nm17
89: nom$nm18
94: nom$nm19
99: nom$nm20
105: nom$nm21
110: nom$nm22
115: nom$nm23
120: nom$nm24
124: nom$nm25
128: nom$nm26
133: nom$nm26bis
138: nom$nm27
144: nom$nm28
149: nom$nm29
153: nom$nm30
157: nom$nm31
162: nom$nm32
166: nom$nm33
171: nom$nm34
176: nom$nm35
181: nom$nm36
186: nom$nm37
190: nom$nm38
196: nom$nm39
201: nom$nm40
206: nom$nm41
210: nom$nm42
215: nom$nm43
220: nom$nm44
224: nom$nm45
232: nom$nm46
237: nom$nm47
241: nom$nm48
246: nom$nm49
251: nom$nm50
257: nom$nm51
264: nom$nm52
271: nom$nm53
275: nom$nm54
280: nom$nm55
284: nom$nm56
289: nom$nm57
295: nom$nm58
299: nom$nm59
303: nom$nm60
309: nom$nm61
313: nom$nm62
317: nom$nm63
322: nom$nm64
326: nom$nm65
331: nom$nm66
336: nom$nm67
340: nom$nm68
345: nom$nm69
350: nom$nm70
354: nom$nm71
360: nom$nm72
366: nom$nm73
370: nom$nm74
376: nom$nm75
380: nom$nm76
384: nom$nm77
390: nom$nm78
395: nom$nm79
400: nom$nm80
405: nom$nm81
409: nom$nm82
413: nom$nm83
418: nom$nm84
423: nom$nm85
428: nom$nm86
433: nom$nm87
438: nom$nm88
444: nom$nm89
450: nom$nm90
455: nom$nm91
460: nom$nm92
466: nom$nm93
471: nom$nm94
475: nom$nm95
480: nom$nm96
484: nom$nm97
489: nom$nm98
496: nom$nm99
501: nom$nm100
507: nom$nm101
512: nom$nm102
517: nom$nm103
522: nom$nm104
527: nom$nm105
532: nom$nm106
536: nom$nm107
542: nom$nm108
547: nom$nm109
552: nom$nm110
557: nom$nm111
562: nom$nm112
566: nom$nm113
571: nom$nm114
576: nom$nm115
582: nom$nm116
586: nom$nm117
591: nom$nm118
596: nom$nm119
600: nom$nm120
605: nom$nm121
611: nom$nm122
616: nom$nm123
621: nom$nm124
626: nom$nm125
630: nom$nm126
634: nom$nm127
639: nom$nm128
644: nom$nm129
648: nom$nm130
653: nom$nm131
657: nom$nm132
662: nom$nm134
667: nom$nm135
673: nom$nm136
678: nom$nm137
683: nom$nm138
689: nom$nm139
693: nom$nm140
697: nom$nm141
703: nom$nm142
707: nom$nm143
713: nom$nm144
717: nom$nm145
721: nom$nm146
726: nom$nm147
730: nom$nm148
735: nom$nm149
741: nom$nm150
746: nom$nm151
750: nom$nm152
754: nom$nm153
759: nom$nm154
765: nom$nm155
770: nom$nm156
774: nom$nm157
781: nom$nm158
785: nom$nm159
790: nom$nm160
794: nom$nm161
798: nom$nm162
803: nom$nm163
808: nom$nm164
813: nom$nm165
819: nom$nm166
823: nom$nm167
828: nom$nm168
832: nom$nm169
837: nom$nm170
842: nom$nm171
846: nom$nm172
851: nom$nm173
857: nom$nm174
862: nom$nm175
869: nom$nm176
875: nom$nm177
880: nom$nm178
884: nom$nm179
889: nom$nm180
896: nom$nm181
900: nom$nm182
905: nom$nm183
909: nom$nm184
914: nom$nm185
919: nom$nm186
924: nom$nm187
929: nom$nm188
933: nom$nm189
938: nom$nm190
943: nom$nm191
948: nom$nm192
953: nom$nm193
958: nom$nm194
963: nom$nm195
968: nom$nm196
973: nom$nm197
977: nom$nm198
983: nom$nm199
990: nom$nm200
995: nom$nm201
999: nom$nm202
1004: nom$nm203
1008: nom$nm204
1014: nom$nm205
1020: nom$nm206
1025: nom$nm207
1029: nom$nm208
1034: nom$nm209
1038: nom$nm210
1042: nom$nm211
1049: nom$nm212
1053: nom$nm213
1057: nom$nm214
1062: nom$nm215
1067: nom$nm216
1072: nom$nm217
1076: nom$nm218
1084: nom$nm219
1088: nom$nm220
1093: nom$nm221
1098: nom$nm222
1102: nom$nm223
1108: nom$nm224
1113: nom$nm225
1118: nom$nm226
1123: nom$nm227
1128: nom$nm228
1134: nom$nm229
1138: nom$nm230
1143: nom$nm231
1148: nom$nm232
1154: nom$nm233
1159: nom$nm234
1164: nom$nm235
1168: nom$nm236
1173: nom$nm237
1179: nom$nm238
1183: nom$nm239
1188: nom$nm240
1193: nom$nm241
1198: nom$nm242
1203: nom$nm243
1208: nom$nm244
1213: nom$nm245
1217: nom$nm246
1223: nom$nm247
1227: nom$nm248
1233: nom$nm249
1238: nom$nm250
1243: nom$nm251
1249: nom$nm252
1256: nom$nm253
1261: nom$nm254
1265: nom$nm255
1270: nom$nm256
1275: nom$nm257
1279: nom$nm258
1283: nom$nm259
1287: nom$nm260
1291: nom$nm261
1296: nom$nm262
1300: nom$nm263
1305: nom$nm264
1309: nom$nm265
1315: nom$nm266
1319: nom$nm267
1324: nom$nm268
1330: nom$nm268b
1335: nom$nm269
1339: nom$nm270
1344: nom$nm271
1350: nom$nm272
1354: nom$nm273
1358: nom$nm274
1364: nom$nm275
1368: nom$nm276
1374: nom$nm277
1378: nom$nm278
1383: nom$nm279
1388: nom$nm280
1392: nom$nm281
1397: nom$nm282
1401: nom$nm283
1405: nom$nm284
1410: nom$nm285
1416: nom$nm286
1421: nom$nm287
1425: nom$nm288
1430: nom$nm289
1436: nom$nm290
1440: nom$nm291
1445: nom$nm292
1450: nom$nm293
1454: nom$nm294
1459: nom$nm295
1464: nom$nm296
1469: nom$nm297
1476: nom$nm298
1480: nom$nm299
1486: nom$nm300
1492: nom$nm301
1497: nom$nm302
1502: nom$nm303
1507: nom$nm304
1512: nom$nm305
1516: nom$nm306
1521: nom$nm307
1526: nom$nm308
1531: nom$nm309
1535: nom$nm310
1541: nom$nm311
1547: nom$nm312
1552: nom$nm313
1561: nom$nm314
1566: nom$nm315
1571: nom$nm316
1577: nom$nm317
1583: nom$nm318
1588: nom$nm319
1593: nom$nm320
1598: nom$nm321
1604: nom$nm322
1609: nom$nm323
1614: nom$nm324
1618: nom$nm325
1623: nom$nm326
1627: nom$nm327
1632: nom$nm328
1636: nom$nm329
1641: nom$nm330
1646: nom$nm331
1652: nom$nm332
1656: nom$nm333
1662: nom$nm334
1667: nom$nm335
*** End of File
** Processed file- /kleio-home/sources/soure-fontes/sources/1685-1720/in_progress/irmaos_misercordia/misNomIrmaos.cli
** Original file- /kleio-home/sources/soure-fontes/sources/1685-1720/in_progress/irmaos_misercordia/misNomIrmaos.org
** Previous version- /kleio-home/sources/soure-fontes/sources/1685-1720/in_progress/irmaos_misercordia/misNomIrmaos.old
** Temp file with ids- /kleio-home/sources/soure-fontes/sources/1685-1720/in_progress/irmaos_misercordia/misNomIrmaos.ids
0  errors. 
0  warnings.
Translation finished.
