ClioInput - version @@VERSION@@ - build @@BUILD@@ @@DATE@@
10-8-2018 14-3

Processing data file /Users/jrc/mhk-home/sources/soure/documents/casamentos/c1688.cli
-------------------------------------------
Generic Act translation module with geoentities (XML).
     Joaquim Ramos de Carvalho (joaquim@uc.pt) 
** New document: kleio
=========================
kleio translation started
=========================
Structure: gacto.str
Prefix: 
Autorel: 
Translation count: 1
Obs: 
** Processing source fonte$casamentos 1688
6: cas$c1688.1
26: cas$c1688.2
54: cas$c1688.3
81: cas$c1688.4

/Users/jrc/mhk-home/sources/soure/documents/casamentos/c1688.cli:98:destination id of "same as" not found. Will check again at the end of file.


WARNING: c1688.cli line 97 destination id of "same as" not found. Will check again at the end of file.
Near line: 97 
Near line: 98          test$simao leao/id=c1688.4-per8

108: cas$c1688.5
139: cas$c1688.6
171: cas$c1688.7

/Users/jrc/mhk-home/sources/soure/documents/casamentos/c1688.cli:189:destination id of "same as" not found. Will check again at the end of file.


WARNING: c1688.cli line 188 destination id of "same as" not found. Will check again at the end of file.
Near line: 188 
Near line: 189          test$antonio martins/id=c1688.7-per7

202: cas$c1688.8

/Users/jrc/mhk-home/sources/soure/documents/casamentos/c1688.cli:225:destination id of "same as" not found. Will check again at the end of file.


WARNING: c1688.cli line 224 destination id of "same as" not found. Will check again at the end of file.
Near line: 224 
Near line: 225          test$inacio coelho/id=c1688.8-per11

240: cas$c1688.8b
266: cas$c1688.9
293: cas$c1688.10
321: cas$c1688.11

/Users/jrc/mhk-home/sources/soure/documents/casamentos/c1688.cli:336:destination id of "same as" not found. Will check again at the end of file.


WARNING: c1688.cli line 335 destination id of "same as" not found. Will check again at the end of file.
Near line: 335          test$manuel homem de quadros/mesmo_que=c6-7/id=c1688.11-per7
Near line: 336             ls$cargo/provedor da santa casa da misericordia

346: cas$c1688.12
380: cas$c1688.13

/Users/jrc/mhk-home/sources/soure/documents/casamentos/c1688.cli:382:destination id of "same as" not found. Will check again at the end of file.


WARNING: c1688.cli line 381 destination id of "same as" not found. Will check again at the end of file.
Near line: 381 
Near line: 382             pnoivo$antonio rodrigues/id=c1688.13-per2

411: cas$c1688.14
436: cas$c1688.15
456: cas$c1688.16
484: cas$c1688.17
513: cas$c1688.18
544: cas$c1688.19
574: cas$c1688.20
602: cas$c1688.21
630: cas$c1688.22
663: cas$c1688.23
694: cas$c1688.24
728: cas$c1688.25
754: cas$c1688.26
789: cas$c1688.27

/Users/jrc/mhk-home/sources/soure/documents/casamentos/c1688.cli:806:destination id of "same as" not found. Will check again at the end of file.


WARNING: c1688.cli line 805 destination id of "same as" not found. Will check again at the end of file.
Near line: 805 
Near line: 806          test$maria/id=c1688.27-per8

*** End of File
ERROR:  Could not find same_as id c12-7 referred in line 98. If  original reference is on another file use xsame_as

ERROR:  Could not find same_as id c6-7 referred in line 189. If  original reference is on another file use xsame_as

ERROR:  Could not find same_as id c12-8 referred in line 225. If  original reference is on another file use xsame_as

ERROR:  Could not find same_as id c6-7 referred in line 336. If  original reference is on another file use xsame_as

ERROR:  Could not find same_as id peiro referred in line 382. If  original reference is on another file use xsame_as

ERROR:  Could not find same_as id c24-7 referred in line 806. If  original reference is on another file use xsame_as

6  errors. 
6  warnings.
Translation finished.
