ClioInput - version @@VERSION@@ - build @@BUILD@@ @@DATE@@
9-4-2020 16-53

Processing data file c1689.cli
-------------------------------------------
Generic Act translation module with geoentities (XML).
     Joaquim Ramos de Carvalho (joaquim@uc.pt) 
** New document: kleio
=========================
kleio translation started
=========================
Structure: gacto.str
Prefix: 
Autorel: 
Translation count: 6
Obs: 
** Processing source fonte$casamentos 1689
6: cas$c1689.1
39: cas$c1689.2
61: cas$c1689.3
91: cas$c1689.4
123: cas$c1689.5
154: cas$c1689.6
181: cas$c1689.7
218: cas$c1689.8
249: cas$c1689.9
279: cas$c1689.10
306: cas$c1689.11
335: cas$c1689.12
362: cas$c1689.13
391: cas$c1689.14
424: cas$c1689.15
452: cas$c1689.16
487: cas$c1689.17
508: cas$c1689.18
535: cas$c1689.19
561: cas$c1689.20
591: cas$c1689.21
618: cas$c1689.22
653: cas$c1689.23
681: cas$c1689.24
705: cas$c1689.25
726: cas$c1689.26
*** End of File
** Processed file- /Users/jrc/mhk-home/sources/soure-fontes/sources/soure_fase1/casamentos/c1689.cli
** Original file- /Users/jrc/mhk-home/sources/soure-fontes/sources/soure_fase1/casamentos/c1689.org
** Previous version- /Users/jrc/mhk-home/sources/soure-fontes/sources/soure_fase1/casamentos/c1689.old
** Temp file with ids- /Users/jrc/mhk-home/sources/soure-fontes/sources/soure_fase1/casamentos/c1689.ids
0  errors. 
0  warnings.
Translation finished.
