ClioInput - version @@VERSION@@ - build @@BUILD@@ @@DATE@@
13-6-2019 22-47

Processing data file c1687.cli
-------------------------------------------
Generic Act translation module with geoentities (XML).
     Joaquim Ramos de Carvalho (joaquim@uc.pt) 
** New document: kleio
1: kleio$gacto.str/gactoxml.str/translations=1
=========================
kleio translation started
=========================
Structure: gacto.str
Prefix: 
Autorel: 
Translation count: 1
Obs: 
2:    fonte$casamentos 1687/tipo=reg paroquiais/data=16870000/localizacao=78
3: 
** Processing source fonte$casamentos 1687
4:       cas$c1687.1/14/2/1687/igreja matriz/manuel cordeiro
5: 
6: cas$c1687.1
6:          noivo$simao afonso/id=c1687.1-per1
7: 
8:             pnoivo$antonio goncalves/id=c1687.1-per2
9:                ls$residencia/porto panelas
10: 
11:             mnoivo$isabel gomes/id=c1687.1-per3
12: 
13:          noiva$maria domingues/id=c1687.1-per4
14: 
15:             pnoiva$pedro domingues/id=c1687.1-per5
16:                ls$residencia/paleao
17: 
18:             mnoiva$francisca rodrigues/id=c1687.1-per6
19: 
20:          test$manuel gomes/id=c1687.1-per7
21:             ls$alcunha/velho
22:             ls$residencia/paleao
23: 
24:          test$ana gaspar/mesmo_que=anagasp/id=c1687.1-per8
25: 

WARNING: c1687.cli line 25 destination id of "same as" not found. Will check again at the end of file.
Near line: 25 
Near line: 26          test$manuel gomes valente/id=c1687.1-per9

26:          test$manuel gomes valente/id=c1687.1-per9
27:             rel$parentesco/marido/ana gaspar/anagasp
28: 
29:       cas$c1687.2/13/1/1687/igreja matriz/manuel cordeiro/obs=data sic, sem pais dos noivos
30: 
31: cas$c1687.2
31:          noivo$antonio rodrigues/id=cnoivo13011687
32:             ls$residencia/carvalheira de cima
33: 
34:          noiva$antonia rodrigues/id=c1687.2-per1
35:             ls$residencia/carvalheira de cima
36:             rel$parentesco/grau 4c/antonio rodrigues/cnoivo13011687
37: 
38:          test$manuel pereira/id=c1687.2-per2
39:             ls$profissao/padre
40: 
41:          test$manuel rodrigues/id=c1687.2-per3
42: 
43:          test$inacio vaz/id=c1687.2-per4
44: 
45:          test$manuel rodrigues/id=c1687.2-per5
46:             ls$profissao/padre
47: 
48:          test$mateus afonso/id=c1687.2-per6
49: 
50:       cas$c1687.3/16/1/1687/igreja matriz/manuel cordeiro/obs= aparece repetido em 19-1-1687 com testemunhas ligeiramente diferentes
51: 
52: cas$c1687.3
52:          noivo$gabriel francisco/id=c1687.3-per1
53: 
54:             pnoivo$domingos francisco/id=c1687.3-per2
55:                ls$morto/antes
56:                ls$residencia/carregosa, freguesia da gesteira
57:                ls$freguesia/gesteira
58: 
59:             mnoivo$ines francisca/id=c1687.3-per3
60:                ls$residencia/carregosa, freguesia da gesteira
61:                ls$freguesia/gesteira
62: 
63:          noiva$maria cordeiro/id=c1687.3-per4
64: 
65:             pnoiva$antonio cordeiro/id=c1687.3-per5
66:                ls$residencia/casa velha
67: 
68:             mnoiva$maria francisca/id=c1687.3-per6
69: 
70:          test$manuel simoes/id=c1687.3-per7
71:             ls$alcunha/moco
72: 
73:          test$domingos lopes/id=c1687.3-per8
74: 
75:          test$bernardo da costa/id=c1687.3-per9
76: 
77:          test$manuel simoes/id=c1687.3-per10
78: 
79:       cas$c1687.4/23/1/1687/igreja matriz/manuel cordeiro
80: 
81: cas$c1687.4
81:          noivo$manuel gomes/id=c1687.4-per1
82: 
83:             pnoivo$manuel gomes/id=c1687.4-per2
84:                ls$residencia/vinha da rainha, freguesia de vinha da rainha
85:                ls$freguesia/vinha da rainha
86: 
87:             mnoivo$maria mateus/id=c1687.4-per3
88:                ls$residencia/vinha da rainha, freguesia de vinha da rainha
89:                ls$freguesia/vinha da rainha
90: 
91:          noiva$antonia francisca/id=c1687.4-per4
92: 
93:             pnoiva$gaspar francisco/id=c1687.4-per5
94:                ls$residencia/fonte da bica
95: 
96:             mnoiva$maria rodrigues/id=c1687.4-per6
97: 
98:          test$joao francisco/id=c1687.4-per7
99: 
100:          test$manuel da costa/id=c1687.4-per8
101:             ls$profissao/padre
102: 
103:          test$manuel francisco/id=c1687.4-per9
104: 
105:       cas$c1687.5/25/1/1687/igreja matriz/manuel rodrigues (vigario)
106: 
107: cas$c1687.5
107:          noivo$domingos rodrigues/id=c1687.5-per1
108: 
109:             pnoivo$antonio rodrigues/id=c1687.5-per2
110:                ls$residencia/sebal, freguesia de sebal
111:                ls$freguesia/sebal
112: 
113:             mnoivo$maria francisca/id=c1687.5-per3
114:                ls$residencia/sebal, freguesia de sebal
115:                ls$freguesia/sebal
116: 
117:          noiva$francisca rodrigues/id=c1687.5-per4
118: 
119:             pnoiva$domingos carvalho/id=c1687.5-per5
120:                ls$residencia/paleao
121: 
122:             mnoiva$maria simoes/id=c1687.5-per6
123: 
124:          test$manuel gomes/id=c1687.5-per7
125:             ls$profissao/sapateiro
126:             ls$residencia/paleao
127: 
128:          test$antonio ferreira/id=c1687.5-per8
129: 
130:          test$francisco rodrigues/id=c1687.5-per9
131: 
132:          test$manuel gomes ferreiro?/id=c1687.5-per10
133: 
134:          test$simao afonso/id=c1687.5-per11
135: 
136:       cas$c1687.6/7/2/1687/igreja matriz/domingos simoes, do sobral
137: 
138: cas$c1687.6
138:          noivo$manuel fernandes/id=c1687.6-per1
139: 
140:             pnoivo$manuel fernandes/id=c1687.6-per2
141:                ls$residencia/freguesia de vinha da rainha
142:                ls$freguesia/vinha da rainha
143: 
144:             mnoivo$maria rodrigues/id=c1687.6-per3
145:                ls$residencia/freguesia de vinha da rainha
146:                ls$freguesia/vinha da rainha
147: 
148:          noiva$maria cordeiro/id=c1687.6-per4
149: 
150:             pnoiva$manuel cordeiro/id=c1687.6-per5
151:                ls$residencia/montais
152: 
153:             mnoiva$isabel pedroso/id=c1687.6-per6
154: 
155:          test$manuel rodrigues/id=c1687.6-per7
156:             ls$profissao/padre
157: 
158:          test$antonio cordeiro/id=c1687.6-per8
159:             ls$residencia/soure
160: 
161:          test$manuel joao/id=c1687.6-per9
162: 
163:          test$antonio joao/id=c1687.6-per10
164: 
165:       cas$c1687.7/7/2/1687/igreja matriz/domingos goncalves dos casais do espirito santo
166: 
167: cas$c1687.7
167:          noivo$tome carraca/id=c1687.7-per1
168: 
169:             pnoivo$manuel carraca/id=c1687.7-per2
170:                ls$residencia/gabrielos, freguesia da granja do ulmeiro
171:                ls$freguesia/granja do ulmeiro
172: 
173:             mnoivo$isabel francisca/id=c1687.7-per3
174:                ls$residencia/gabrielos, freguesia da granja do ulmeiro
175:                ls$freguesia/granja do ulmeiro
176: 
177:          noiva$antonia goncalves/id=c1687.7-per4
178: 
179:             pnoiva$mateus goncalves/id=c1687.7-per5
180:                ls$residencia/casais do espirito santo
181: 
182:             mnoiva$maria simoes/id=c1687.7-per6
183: 
184:          test$domingos goncalves/id=c1687.7-per7
185:             ls$profissao/padre
186: 
187:          test$joao goncalves/id=c1687.7-per8
188:             ls$profissao/padre
189:             ls$titulo/frei
190: 
191:       cas$c1687.8/25/2/1687/igreja matriz/manuel cordeiro
192: 
193: cas$c1687.8
193:          noivo$domingos lopes/id=c1687.8-per1
194: 
195:             pnoivo$manuel fernandes/id=c1687.8-per2
196:                ls$residencia/casal novo
197: 
198:             mnoivo$catarina joao/id=c1687.8-per3
199: 
200:          noiva$maria pereira/id=c1687.8-per4
201: 
202:             pnoiva$manuel simoes/id=c1687.8-per5
203:                ls$alcunha/moco
204: 
205:             mnoiva$maria pereira/id=c1687.8-per6
206: 
207:          test$luis coelho/id=c1687.8-per7
208: 
209:          test$manuel rodrigues carreira/id=c1687.8-per8
210:             ls$profissao/padre
211: 
212:          test$mateus manhos de abreu/id=c1687.8-per9
213: 
214:          test$manuel simoes/id=c1687.8-per10
215:             ls$alcunha/velho
216: 
217:          test$matias francisco/id=c1687.8-per11
218: 
219:       cas$c1687.9/17/8/1687/misericordia/simao leao, capelao da misericordia/obs=sem testemunhas
220: 
221: cas$c1687.9
221:          noivo$joao rodrigues nuvem/id=c1687.9-per1
222: 
223:             pnoivo$joao rodrigues/id=c1687.9-per2
224:                ls$residencia/soure
225: 
226:             mnoivo$joana ferreira/id=c1687.9-per3
227: 
228:          noiva$francisca rodrigues/id=c1687.9-per4
229: 
230:             pnoiva$manuel goncalves/id=c1687.9-per5
231:                ls$morto/antes
232: 
233:             mnoiva$apolonia rodrigues%pelonia roiz/id=c1687.9-per6
234:                ls$morta/antes
235: 
236:       cas$c1687.10/31/9/1687/?/lic. frei manuel colaco/obs=sem testemunhas
237: 
238: cas$c1687.10
238:          noivo$jose mendes de brito/id=c1687.10-per1
239: 
240:             pnoivo$manuel goncalves de brito/id=c1687.10-per2
241:                ls$titulo/licenciado
242:                ls$morto/antes
243:                ls$residencia/condeixa-a-nova, freguesia de condeixa-a-nova
244:                ls$freguesia/condeixa-a-nova
245: 
246:             mnoivo$catarina leao/id=c1687.10-per3
247:                ls$residencia/condeixa-a-nova, freguesia de condeixa-a-nova
248:                ls$freguesia/condeixa-a-nova
249:                ls$morta/antes
250: 
251:          noiva$clara de abreu leite/id=c1687.10-per4
252: 
253:             pnoiva$antonio de abreu leite/id=c1687.10-per5
254: 
255:             mnoiva$maria de morais/id=c1687.10-per6
256: 
257:       cas$c1687.11/31/8%9#o paroco enganou-se e escreveu Setembro/1687/?/simao leao/obs=sem testemunhas
258: 
259: cas$c1687.11
259:          noivo$joao rodrigues/id=c1687.11-per1
260: 
261:             pnoivo$manuel joao galhufo/id=c1687.11-per2
262:                ls$residencia/alencarce de cima
263: 
264:             mnoivo$maria joao/id=c1687.11-per3
265: 
266:          noiva$maria rodrigues/id=c1687.11-per4
267: 
268:             pnoiva$antonio goncalves cares?/id=c1687.11-per5
269:                ls$residencia/alencarce de cima
270: 
271:             mnoiva$maria madeira/id=c1687.11-per6
272: 
273:       cas$c1687.12/15/9/1687/?/manuel cordeiro/obs=data sic
274: 
275: cas$c1687.12
275:          noivo$joao rodrigues/id=c1687.12-per1
276: 
277:             pnoivo$manuel rodrigues heleno/id=c1687.12-per2
278:                ls$residencia/paleao
279: 
280:             mnoivo$maria galvao/id=c1687.12-per3
281: 
282:          noiva$isabel antunes/id=c1687.12-per4
283: 
284:             pnoiva$joao antunes/id=c1687.12-per5
285:                ls$residencia/pinheiro
286: 
287:             mnoiva$catarina manuel/id=c1687.12-per6
288: 
289:          test$manuel soares/id=c1687.12-per7
290: 
291:          test$antonio soares/id=c1687.12-per8
292: 
293:          test$francisco lopes/id=c1687.12-per9
294: 
295:          test$gaspar antunes/id=c1687.12-per10
296: 
297:       cas$c1687.13/12/10/1687/?/manuel rodrigues da carreira
298: 
299: cas$c1687.13
299:          noivo$antonio martins/id=c1687.13-per1
300: 
301:             pnoivo$manuel martins/id=c1687.13-per2
302:                ls$residencia/paul
303: 
304:             mnoivo$isabel simoes/id=c1687.13-per3
305: 
306:          noiva$ana simoes/id=c1687.13-per4
307: 
308:             pnoiva$domingos simoes/id=c1687.13-per5
309:                ls$residencia/pinheiro
310: 
311:             mnoiva$domingas simoes/id=c1687.13-per6
312: 
313:          test$joao da costa de vasconcelos/mesmo_que=c12-7/id=c1687.13-per7
314: 

WARNING: c1687.cli line 314 destination id of "same as" not found. Will check again at the end of file.
Near line: 314 
Near line: 315          test$joao antunes/id=c1687.13-per8

315:          test$joao antunes/id=c1687.13-per8
316:             ls$profissao/padre
317: 
318:          test$gaspar antunes/id=c1687.13-per9
319: 
320:          test$manuel vaz/id=c1687.13-per10
321: 
322:          test$antonio martins/id=c1687.13-per11
323: 
324:       cas$c1687.14/31/10/1687/?/manuel rodrigues da carreira
325: 
326: cas$c1687.14
326:          noivo$antonio goncalves vargas/id=c1687.14-per1
327:             ls$residencia/soure
328: 
329:          noiva$maria goncalves/id=c1687.14-per2
330:             ls$residencia/soure
331: 
332:          test$domingos alvares/id=ctest31101687
333: 
334:          test$nome desconhecido/id=c1687.14-per3
335:             rel$parentesco/filho/domingos alvares/ctest31101687
336: 
337:          test$catarina francisca/f/id=c1687.14-per4
338:             rel$parentesco/mulher/miguel rodrigues/cmtest31101687
339: 
340:          referido$miguel rodrigues/id=cmtest31101687
341:             ls$residencia/soure
342: 
343:       cas$c1687.15/4/11/1687/?/manuel rodrigues da carreira
344: 
345: cas$c1687.15
345:          noivo$manuel rodrigues/id=c1687.15-per1
346: 
347:             pnoivo$francisco reis/id=c1687.15-per2
348:                ls$residencia/redinha, freguesia da redinha
349:                ls$freguesia/redinha
350: 
351:             mnoivo$serafina gomes/id=c1687.15-per3
352:                ls$residencia/redinha, freguesia da redinha
353:                ls$freguesia/redinha
354: 
355:          noiva$maria da conceicao/id=c1687.15-per4
356: 
357:             pnoiva$manuel francisco/id=c1687.15-per5
358:                ls$residencia/soure
359: 
360:             mnoiva$maria ferreira/id=c1687.15-per6
361: 
362:          test$manuel rodrigues presunto/id=c1687.15-per7
363:             ls$profissao/padre
364: 
365:          test$brites soeiro/f/id=c1687.15-per8
366: 
367:          test$manuel de sousa/id=c1687.15-per9
368: 
369:          test$joao ferreira/id=c1687.15-per10
370: 
371:          test$antonio lopes/id=c1687.15-per11
372:             ls$profissao/sapateiro
373: 
374:       cas$c1687.16/24/11/1687/?/manuel cordeiro
375: 
376: cas$c1687.16
376:          noivo$antonio ferreira/id=c1687.16-per1
377: 
378:             pnoivo$pedro ferreira/id=c1687.16-per2
379:                ls$residencia/alvito, freguesia da redinha
380:                ls$freguesia/redinha
381: 
382:             mnoivo$maria leitao/id=c1687.16-per3
383:                ls$residencia/alvito, freguesia da redinha
384:                ls$freguesia/redinha
385: 
386:          noiva$domingas simoes/id=c1687.16-per4
387: 
388:             pnoiva$domingos lopes/id=c1687.16-per5
389:                ls$residencia/mogadouro
390: 
391:             mnoiva$catarina fernandes/id=c1687.16-per6
392: 
393:          test$manuel ferraz/id=c1687.16-per7
394:             ls$profissao/padre
395:             ls$titulo/frei
396: 
397:          test$manuel lopes/id=c1687.16-per8
398: 
399:          test$domingos lopes/id=c1687.16-per9
400: 
401:          test$gregorio simoes/id=c1687.16-per10
402: *** End of File
ERROR:  Could not find same_as id anagasp referred in line 26. If  original reference is on another file use xsame_as

ERROR:  Could not find same_as id c12-7 referred in line 315. If  original reference is on another file use xsame_as

2  errors. 
2  warnings.
Translation finished.
