ClioInput - version @@VERSION@@ - build @@BUILD@@ @@DATE@@
10-8-2018 14-5

Processing data file /Users/jrc/mhk-home/sources/soure/documents/casamentos/c1694.cli
-------------------------------------------
Generic Act translation module with geoentities (XML).
     Joaquim Ramos de Carvalho (joaquim@uc.pt) 
** New document: kleio
=========================
kleio translation started
=========================
Structure: gacto.str
Prefix: 
Autorel: 
Translation count: 1
Obs: 
** Processing source fonte$casamentos 1694
6: cas$c1694.1
29: cas$c1694.2
51: cas$c1694.3

/Users/jrc/mhk-home/sources/soure/documents/casamentos/c1694.cli:66:destination id of "same as" not found. Will check again at the end of file.


WARNING: c1694.cli line 65 destination id of "same as" not found. Will check again at the end of file.
Near line: 65          test$manuel duarte/mesmo_que=pmduarte/id=c1694.3-per7
Near line: 66             ls$titulo/frei


/Users/jrc/mhk-home/sources/soure/documents/casamentos/c1694.cli:72:destination id of "same as" not found. Will check again at the end of file.


WARNING: c1694.cli line 71 destination id of "same as" not found. Will check again at the end of file.
Near line: 71 
Near line: 72       cas$c1694.4/7/2/1694/igreja matriz/luis alvares pinto

74: cas$c1694.4

/Users/jrc/mhk-home/sources/soure/documents/casamentos/c1694.cli:92:destination id of "same as" not found. Will check again at the end of file.


WARNING: c1694.cli line 91 destination id of "same as" not found. Will check again at the end of file.
Near line: 91 
Near line: 92          test$jorge martins/id=c1694.4-per8

97: cas$c1694.5
121: cas$c1694.6
144: cas$c1694.7
168: cas$c1694.8

/Users/jrc/mhk-home/sources/soure/documents/casamentos/c1694.cli:190:destination id of "same as" not found. Will check again at the end of file.


WARNING: c1694.cli line 189 destination id of "same as" not found. Will check again at the end of file.
Near line: 189          test$joao/mesmo_que=joaotesoura/id=c1694.8-per7
Near line: 190             ls$residencia/soure

197: cas$c1694.9
220: cas$c1694.10
243: cas$c1694.11

/Users/jrc/mhk-home/sources/soure/documents/casamentos/c1694.cli:263:destination id of "same as" not found. Will check again at the end of file.


WARNING: c1694.cli line 262 destination id of "same as" not found. Will check again at the end of file.
Near line: 262 
Near line: 263       cas$c1694.12/31/5/1694/igreja matriz/luis alvares pinto

265: cas$c1694.12
293: cas$c1694.13
319: cas$c1694.14

/Users/jrc/mhk-home/sources/soure/documents/casamentos/c1694.cli:335:destination id of "same as" not found. Will check again at the end of file.


WARNING: c1694.cli line 334 destination id of "same as" not found. Will check again at the end of file.
Near line: 334          test$joao/mesmo_que=joaotesoura/id=c1694.14-per7
Near line: 335             ls$cargo/tesoureiro

344: cas$c1694.15
370: cas$c1694.16

/Users/jrc/mhk-home/sources/soure/documents/casamentos/c1694.cli:390:destination id of "same as" not found. Will check again at the end of file.


WARNING: c1694.cli line 389 destination id of "same as" not found. Will check again at the end of file.
Near line: 389 
Near line: 390       cas$c1694.17/12/9/1694/igreja da misericordia/luis alvares pinto

392: cas$c1694.17
420: cas$c1694.18
445: cas$c1694.19
470: cas$c1694.20
497: cas$c1694.21

/Users/jrc/mhk-home/sources/soure/documents/casamentos/c1694.cli:513:destination id of "same as" not found. Will check again at the end of file.


WARNING: c1694.cli line 512 destination id of "same as" not found. Will check again at the end of file.
Near line: 512          test$manuel homem de quadros/mesmo_que=c6-7/id=c1694.21-per7
Near line: 513             ls$residencia/soure

520: cas$c1694.22
541: cas$c1694.23

/Users/jrc/mhk-home/sources/soure/documents/casamentos/c1694.cli:548:destination id of "same as" not found. Will check again at the end of file.


WARNING: c1694.cli line 547 destination id of "same as" not found. Will check again at the end of file.
Near line: 547             pnoiva$sebastiao soares coelho/mesmo_que=sscoelho/id=c1694.23-per2
Near line: 548                ls$residencia/soure


/Users/jrc/mhk-home/sources/soure/documents/casamentos/c1694.cli:558:destination id of "same as" not found. Will check again at the end of file.


WARNING: c1694.cli line 557 destination id of "same as" not found. Will check again at the end of file.
Near line: 557          test$geraldo pereira coutinho/mesmo_que=gpereira/id=c1694.23-per5
Near line: 558             ls$residencia/vila nova de ancos, freguesia de vila nova de ancos

567: cas$c1694.24
593: cas$c1694.25
618: cas$c1694.26

/Users/jrc/mhk-home/sources/soure/documents/casamentos/c1694.cli:636:destination id of "same as" not found. Will check again at the end of file.


WARNING: c1694.cli line 635 destination id of "same as" not found. Will check again at the end of file.
Near line: 635 
Near line: 636          test$manuel rodrigues alvaro/mesmo_que=padre_alvaro/id=c1694.26-per8


/Users/jrc/mhk-home/sources/soure/documents/casamentos/c1694.cli:638:destination id of "same as" not found. Will check again at the end of file.


WARNING: c1694.cli line 637 destination id of "same as" not found. Will check again at the end of file.
Near line: 637 
Near line: 638       cas$c1694.27/22/12/1694/igreja matriz/luis alvares pinto

640: cas$c1694.27
665: cas$c1694.28

/Users/jrc/mhk-home/sources/soure/documents/casamentos/c1694.cli:685:destination id of "same as" not found. Will check again at the end of file.


WARNING: c1694.cli line 684 destination id of "same as" not found. Will check again at the end of file.
Near line: 684          test$manuel rodrigues alvaro/mesmo_que=padre_alvaro/id=c1694.28-per8
Near line: 685             ls$residencia/soure

*** End of File
ERROR:  Could not find same_as id pmduarte referred in line 66. If  original reference is on another file use xsame_as

ERROR:  Could not find same_as id joaotesoura referred in line 72. If  original reference is on another file use xsame_as

ERROR:  Could not find same_as id joaotesoura referred in line 92. If  original reference is on another file use xsame_as

ERROR:  Could not find same_as id joaotesoura referred in line 190. If  original reference is on another file use xsame_as

ERROR:  Could not find same_as id joaotesoura referred in line 263. If  original reference is on another file use xsame_as

ERROR:  Could not find same_as id joaotesoura referred in line 335. If  original reference is on another file use xsame_as

ERROR:  Could not find same_as id joaotesoura referred in line 390. If  original reference is on another file use xsame_as

ERROR:  Could not find same_as id c6-7 referred in line 513. If  original reference is on another file use xsame_as

ERROR:  Could not find same_as id sscoelho referred in line 548. If  original reference is on another file use xsame_as

ERROR:  Could not find same_as id gpereira referred in line 558. If  original reference is on another file use xsame_as

ERROR:  Could not find same_as id c6-7 referred in line 636. If  original reference is on another file use xsame_as

ERROR:  Could not find same_as id padre_alvaro referred in line 638. If  original reference is on another file use xsame_as

ERROR:  Could not find same_as id padre_alvaro referred in line 685. If  original reference is on another file use xsame_as

13  errors. 
13  warnings.
Translation finished.
