ClioInput - version 2019.A1 - build 507 15/07/2019 21:58 
16-2-2020 22-16

Processing data file c1695.cli
-------------------------------------------
Generic Act translation module with geoentities (XML).
     Joaquim Ramos de Carvalho (joaquim@uc.pt) 
** New document: kleio
=========================
kleio translation started
=========================
Structure: gacto.str
Prefix: 
Autorel: 
Translation count: 2
Obs: 
** Processing source fonte$casamentos 1695
6: cas$c1695-1
37: cas$c1695-2
66: cas$c1695-3
93: cas$c1695-4
122: cas$c1695-5
148: cas$c1695-6
177: cas$c1695-7
203: cas$c1695-8
230: cas$c1695-9
260: cas$c1695-10
296: cas$c1695-11
*** End of File

WARNING: c1695.cli line 28  "SAME AS" TO EXTERNAL REFERENCE EXPORTED (c1-7) CHECK IF IT EXISTS BEFORE IMPORTING THIS FILE.
Near lines: 28 Near line: 29 

WARNING: c1695.cli line 56  "SAME AS" TO EXTERNAL REFERENCE EXPORTED (c2-7) CHECK IF IT EXISTS BEFORE IMPORTING THIS FILE.
Near lines: 56 Near line: 57 

WARNING: c1695.cli line 88  "SAME AS" TO EXTERNAL REFERENCE EXPORTED (c2-7) CHECK IF IT EXISTS BEFORE IMPORTING THIS FILE.
Near lines: 88 Near line: 89 

WARNING: c1695.cli line 284  "SAME AS" TO EXTERNAL REFERENCE EXPORTED (c2-7) CHECK IF IT EXISTS BEFORE IMPORTING THIS FILE.
Near lines: 284 Near line: 285 
** Processed file- /kleio-home/sources/soure/soure-sources/sources/soure_fase1/casamentos/c1695.cli
** Original file- /kleio-home/sources/soure/soure-sources/sources/soure_fase1/casamentos/c1695.org
** Previous version- /kleio-home/sources/soure/soure-sources/sources/soure_fase1/casamentos/c1695.old
** Temp file with ids- /kleio-home/sources/soure/soure-sources/sources/soure_fase1/casamentos/c1695.ids
0  errors. 
4  warnings.
Translation finished.
