ClioInput - version @@VERSION@@ - build @@BUILD@@ @@DATE@@
10-8-2018 14-4

Processing data file /Users/jrc/mhk-home/sources/soure/documents/casamentos/c1692.cli
-------------------------------------------
Generic Act translation module with geoentities (XML).
     Joaquim Ramos de Carvalho (joaquim@uc.pt) 
** New document: kleio
=========================
kleio translation started
=========================
Structure: gacto.str
Prefix: 
Autorel: 
Translation count: 1
Obs: 
** Processing source fonte$casamentos 1692
6: cas$c1692.1

/Users/jrc/mhk-home/sources/soure/documents/casamentos/c1692.cli:24:destination id of "same as" not found. Will check again at the end of file.


WARNING: c1692.cli line 23 destination id of "same as" not found. Will check again at the end of file.
Near line: 23 
Near line: 24          test$mateus mendes/id=c1692.1-per8

29: cas$c1692.3
54: cas$c1692.4
76: cas$c1692.5
97: cas$c1692.6

/Users/jrc/mhk-home/sources/soure/documents/casamentos/c1692.cli:117:destination id of "same as" not found. Will check again at the end of file.


WARNING: c1692.cli line 116 destination id of "same as" not found. Will check again at the end of file.
Near line: 116          test$domingos goncalves/mesmo_que=c2-7/id=c1692.6-per8
Near line: 117             ls$profissao/padre

122: cas$c1692.7
144: cas$c1692.8
168: cas$c1692.9
194: cas$c1692.10
222: cas$c1692.11
246: cas$c1692.12
271: cas$c1692.13
295: cas$c1692.14
318: cas$c1692.15

/Users/jrc/mhk-home/sources/soure/documents/casamentos/c1692.cli:339:destination id of "same as" not found. Will check again at the end of file.


WARNING: c1692.cli line 338 destination id of "same as" not found. Will check again at the end of file.
Near line: 338          test$paulo ribeiro cabral/mesmo_que=c24-7/id=c1692.15-per8
Near line: 339             ls$nome/paulo ribeiro

344: cas$c1692.16
368: cas$c1692.17
389: cas$c1692.18
417: cas$c1692.19
438: cas$c1692.20
461: cas$c1692.21
489: cas$c1692.22
503: cas$c1692.23
526: cas$c1692.24
*** End of File
ERROR:  Could not find same_as id c24-7 referred in line 24. If  original reference is on another file use xsame_as

ERROR:  Could not find same_as id c2-7 referred in line 117. If  original reference is on another file use xsame_as

ERROR:  Could not find same_as id c24-7 referred in line 339. If  original reference is on another file use xsame_as

3  errors. 
3  warnings.
Translation finished.
