ClioInput - version @@VERSION@@ - build @@BUILD@@ @@DATE@@
13-6-2019 16-38

Processing data file c1697.cli
-------------------------------------------
Generic Act translation module with geoentities (XML).
     Joaquim Ramos de Carvalho (joaquim@uc.pt) 
** New document: kleio
1: kleio$gacto.str/gactoxml.str/translations=1
=========================
kleio translation started
=========================
Structure: gacto.str
Prefix: 
Autorel: 
Translation count: 1
Obs: 
2:    fonte$casamentos 1697/tipo=reg paroquiais/data=16970000/localizacao=fol.?
3: 
** Processing source fonte$casamentos 1697
4:       cas$c1697-47/14/1/1697/igreja matriz/luis alvares pinto
5: 
6: cas$c1697-47
6:          noivo$martinho figueiredo/id=c47-1
7:             ls$residencia/freguesia de pombal
8:             ls$freguesia/pombal
9: 
10:             pnoivo$simao figueiredo/id=c47-2
11:                ls$freguesia/pombal
12:                ls$residencia/freguesia de pombal
13: 
14:             mnoivo$jacinta fonseca/id=c47-3
15:                ls$freguesia/pombal
16:                ls$residencia/freguesia de pombal
17: 
18:          noiva$antonia galvao%galvoa/f/id=c47-4
19: 
20:             pnoiva$antonio marques/id=c47-5
21:                ls$residencia/paleao
22: 
23:             mnoiva$simeana galvao%galvoa/f/id=c47-6
24: 
25:          test$joao fonseca/id=c47-7
26:             ls$residencia/soure
27:             ls$profissao/ferrador
28: 
29:          test$joao soares/id=c47-8
30:             ls$residencia/paleao
31: 
32:          test$manuel rodrigues heleno/id=c47-9
33:             ls$residencia/paleao
34: 
35:       cas$c1697-48/16/1/1697/igreja matriz/luis alvares pinto
36: 
37: cas$c1697-48
37:          noivo$manuel goncalves/id=c48-1
38:             ls$residencia/freguesia da gesteira
39:             ls$freguesia/gesteira
40: 
41:             pnoivo$manuel rodrigues/id=c48-2
42:                ls$residencia/freguesia da gesteira
43:                ls$freguesia/gesteira
44:                ls$morto/antes
45: 
46:             mnoivo$maria goncalves/id=c48-3
47:                ls$residencia/freguesia da gesteira
48:                ls$freguesia/gesteira
49: 
50:          noiva$maria goncalves/id=c48-4
51: 
52:             pnoiva$manuel goncalves/id=c48-5
53:                ls$residencia/casal novo
54: 
55:             mnoiva$isabel francisca/id=c48-6
56: 
57:          test$simao cordeiro/id=c48-7
58:             ls$residencia/casal novo
59: 
60:          test$manuel santos/id=c48-8
61:             ls$residencia/casal novo
62: 
63:          test$joao simoes/id=c48-9
64:             ls$residencia/casal novo
65: 
66:       cas$c1697-49/28/1/1697/igreja matriz/luis alvares pinto/obs=dispensa 4.0 grau de consaguinidade
67: 
68: cas$c1697-49
68:          noivo$manuel rodrigues/id=c49-1
69:             ls$residencia/porto coelheiro
70: 
71:             pnoivo$lourenco rodrigues/id=c49-2
72:                ls$residencia/porto coelheiro
73: 
74:             mnoivo$maria joao/id=c49-3
75: 
76:          noiva$maria rodrigues/id=c49-4
77:             rel$parentesco/grau 4c/manuel rodrigues/c49-1
78: 
79:             pnoiva$antonio martins/id=c49-5
80:                ls$morto/antes
81:                ls$residencia/porto coelheiro
82: 
83:             mnoiva$antonia rodrigues/id=c49-6
84:                ls$residencia/porto coelheiro
85:                ls$morta/antes
86: 
87:          test$mateus rodrigues/id=c49-7
88:             ls$residencia/porto coelheiro
89: 
90:          test$manuel rodrigues/id=c49-8
91:             ls$residencia/porto coelheiro
92:             rel$parentesco/genro/mateus rodrigues/c49-7
93: 
94:       cas$c1697-50/28/1/1697/igreja matriz/luis alvares pinto
95: 
96: cas$c1697-50
96:          noivo$antonio mendes/id=c50-1
97:             ls$residencia/fonte do cortico, freguesia de tapeus
98:             ls$freguesia/tapeus
99: 
100:             pnoivo$miguel rodrigues/id=c50-2
101:                ls$residencia/fonte do cortico, freguesia de tapeus
102:                ls$freguesia/tapeus
103: 
104:             mnoivo$maria mendes/id=c50-3
105:                ls$residencia/fonte do cortico, freguesia de tapeus
106:                ls$freguesia/tapeus
107: 
108:          noiva$maria oliveira/id=c50-4
109: 
110:             pnoiva$manuel oliveira/id=c50-5
111:                ls$residencia/paleao
112: 
113:             mnoiva$isabel rodrigues/id=c50-6
114: 
115:          test$manuel gomes/id=c50-7
116:             ls$residencia/paleao
117:             ls$profissao/sapateiro
118: 
119:          test$joao madeira/id=c50-8
120:             ls$residencia/paleao
121: 
122:          test$manuel rodrigues alvaro/id=c50-9/mesmo_que=c2-8
123: 

WARNING: c1697.cli line 123 destination id of "same as" not found. Will check again at the end of file.
Near line: 123 
Near line: 124       cas$c1697-51/5/2/1697/igreja matriz/padre jose pinto

124:       cas$c1697-51/5/2/1697/igreja matriz/padre jose pinto
125: 
126: cas$c1697-51
126:          referido$jose pinto/id=c51-r1/mesmo_que=c13-r1
127: 

WARNING: c1697.cli line 127 destination id of "same as" not found. Will check again at the end of file.
Near line: 127 
Near line: 128          noivo$domingos andre/id=c51-1

128:          noivo$domingos andre/id=c51-1
129:             ls$residencia/barrosas%barrosos#ao pe do mogadouro[entao deve ser barrosas]
130: 
131:             pnoivo$domingos andre/m/id=$c51-2
132:                ls$residencia/barrosas%barrosos
133: 
134:             mnoivo$brasia dias/f/id=c51-3
135: 
136:          noiva$maria rodrigues/id=c51-4
137: 
138:             pnoiva$joao rodrigues/id=c51-5
139:                ls$residencia/sobral
140: 
141:             mnoiva$antonia jorge/id=c51-6
142:                ls$morta/antes
143: 
144:          test$manuel costa/id=c51-7
145:             ls$residencia/sobral
146:             ls$profissao/padre
147: 
148:          test$manuel jorge/id=c51-8
149:             ls$residencia/sobral
150: 
151:          test$manuel francisco/id=c51-9
152:             ls$residencia/sobral
153: 
154:       cas$c1697-52/6/2/1697/igreja matriz/luis alvares pinto
155: 
156: cas$c1697-52
156:          noivo$antonio lopes/id=c52-1
157:             ls$residencia/casal dos corlotes?#verificar
158: 
159:             pnoivo$manuel lopes/id=c52-2
160:                ls$residencia/casal dos corlotes?#verificar
161: 
162:             mnoivo$maria goncalves/id=c52-3
163: 
164:          noiva$isabel cardoso/id=c52-4
165: 
166:             pnoiva$simao luis/id=c52-5
167:                ls$residencia/casal da corujeira
168: 
169:             mnoiva$maria simoes/id=c52-6
170: 
171:          test$manuel cardoso/id=c52-7
172:             ls$residencia/moinhos do paleao
173: 
174:          test$manuel pereira/id=c52-8
175:             ls$residencia/quinta da cruz
176:             ls$profissao/alfaiate
177: 
178:       cas$c1697-53/11/2/1697/igreja matriz/luis alvares pinto
179: 
180: cas$c1697-53
180:          noivo$antonio joao/id=c53-1
181:             ls$residencia/casconho
182: 
183:             pnoivo$manuel simoes/id=c53-2
184:                ls$residencia/casconho
185:                ls$morto/antes
186: 
187:             mnoivo$maria goncalves/id=c53-3
188:                ls$residencia/casconho
189:                ls$ec/v
190: 
191:          noiva$maria joao/id=c53-4
192: 
193:             pnoiva$manuel domingues/id=c53-5
194:                ls$residencia/casconho
195: 
196:             mnoiva$domingas joao/id=c53-6
197: 
198:          test$pedro francisco/id=c53-7
199:             ls$residencia/casconho
200: 
201:          test$simao domingues/id=c53-8
202:             ls$residencia/casconho
203: 
204:          test$manuel rodrigues alvaro/id=c53-9/mesmo_que=c2-8
205: 

WARNING: c1697.cli line 205 destination id of "same as" not found. Will check again at the end of file.
Near line: 205 
Near line: 206       cas$c1697-54/11/2/1697/igreja matriz/luis alvares pinto

206:       cas$c1697-54/11/2/1697/igreja matriz/luis alvares pinto
207: 
208: cas$c1697-54
208:          noivo$manuel rodrigues/id=c54-1
209:             ls$residencia/simoes
210: 
211:             pnoivo$joao rodrigues/id=c54-2
212:                ls$residencia/simoes
213: 
214:             mnoivo$isabel joao/id=c54-3
215: 
216:          noiva$ana joao/id=c54-4
217: 
218:             pnoiva$joao rodrigues/id=c54-5
219:                ls$morto/antes#segundo informacao do casamento 55
220:                ls$residencia/simoes
221: 
222:             mnoiva$brites joao/id=c54-6
223:                ls$residencia/simoes
224:                ls$ec/v
225: 
226:          test$manuel joao/id=c54-7
227:             ls$residencia/bonitos
228: 
229:          test$bento francisco/id=c54-8
230:             ls$residencia/simoes
231: 
232:          test$diogo domingues/id=c54-9
233:             ls$residencia/simoes
234: 
235:       cas$c1697-55/11/2/1697/igreja matriz/luis alvares pinto
236: 
237: cas$c1697-55
237:          noivo$manuel joao/id=c55-1
238: 
239:             pnoivo$joao rodrigues/id=c55-2/mesmo_que=c54-5
240: 
241:             mnoivo$brites joao/id=c55-3/mesmo_que=c54-6
242: 
243:          noiva$teresa rodrigues/id=c55-4
244: 
245:             pnoiva$joao rodrigues figueiredo/id=c55-5
246:                ls$residencia/simoes
247: 
248:             mnoiva$isabel joao/id=c55-6
249: 
250:          test$manuel joao/id=c55-7/mesmo_que=c54-7
251:             ls$residencia/bonitos
252:             ls$nome/manuel joao caldeiro/obs= esta pessoa aparece como padrinho de dois casamentos da mesma familia, no mesmo dia. no primeiro casamento ? registado como "manuel joao". no segundo, como o noivo tinha o mesmo nome, foi registado como "manuel joao caldeiro"
253: 
254:          test$bento francisco/id=c55-8/mesmo_que=c54-8
255: 
256:          test$diogo domingues/id=c55-9/mesmo_que=c54-9
257: 
258:       cas$c1697-56/11/2/1697/igreja matriz/luis alvares pinto
259: 
260: cas$c1697-56
260:          noivo$domingos francisco/id=c56-1
261:             ls$residencia/sobral
262: 
263:             pnoivo$manuel francisco/id=c56-2
264:                ls$residencia/sobral
265: 
266:             mnoivo$domingas joao/id=c56-3
267: 
268:          noiva$antonia esteves/id=c56-4
269: 
270:             pnoiva$manuel francisco/id=c56-5
271:                ls$residencia/casal do barril
272:                ls$morto/antes
273: 
274:             mnoiva$maria esteves/id=c56-6
275:                ls$residencia/sobral
276:                ls$ec/v
277: 
278:          test$joao rodrigues/id=c56-7
279:             ls$residencia/sobral
280: 
281:          test$manuel rodrigues/id=c56-8
282:             ls$residencia/casal do barril
283: 
284:          test$manuel costa/id=c56-9/mesmo_que=c51-7
285: 
286:       cas$c1697-57/14/2/1697/igreja matriz/luis alvares pinto
287: 
288: cas$c1697-57
288:          noivo$manuel rodrigues/id=c57-1
289:             ls$residencia/sobral
290: 
291:             pnoivo$mateus rodrigues/id=c57-2
292:                ls$residencia/sobral
293: 
294:             mnoivo$domingas goncalves/id=c57-3
295: 
296:          noiva$maria joao/id=c57-4
297:             ls$residencia/sobral
298: 
299:             pnoiva$joao brito/id=c57-5
300:                ls$residencia/sobral
301:                ls$morto/antes
302: 
303:             mnoiva$maria joao/id=c57-6
304:                ls$residencia/sobral
305:                ls$morta/antes
306: 
307:          test$joao rodrigues/id=c57-7/obs=possivelmente o mesmo que c32-7
308:             ls$residencia/sobral
309: 
310:          test$antonio simoes/id=c57-8
311:             ls$residencia/sobral
312: 
313:          test$manuel jorge/id=c57-9
314:             ls$residencia/sobral
315:             ls$alcunha/moco
316: 
317:       cas$c1697-58/17/2/1697/igreja matriz/luis alvares pinto
318: 
319: cas$c1697-58
319:          noivo$manuel simoes/id=c58-1
320:             ls$residencia/casais de s.mateus
321: 
322:             pnoivo$manuel simoes/id=c58-2
323:                ls$residencia/casais de s.mateus
324: 
325:             mnoivo$isabel rodrigues/id=c58-3
326: 
327:          noiva$maria madalena/id=c58-4
328: 
329:             pnoiva$manuel simoes/id=c58-5
330:                ls$residencia/bonitos
331:                ls$morto/antes
332: 
333:             mnoiva$domingas joao/id=c58-6
334:                ls$residencia/bonitos
335:                ls$ec/v
336: 
337:          test$manuel rodrigues feijao/id=c58-7
338:             ls$residencia/casais de s.mateus
339: 
340:          test$luis rodrigues feijao/id=c58-8
341:             ls$residencia/casais de s.mateus
342: 
343:          test$manuel joao/id=c58-9/mesmo_que=c54-7
344:             ls$residencia/bonitos
345:             ls$nome/manuel joao caldeiro
346: 
347:       cas$c1697-59/5/3/1697/igreja matriz/luis alvares pinto
348: 
349: cas$c1697-59
349:          noivo$diogo francisco/id=c59-1
350:             ls$residencia/simoes
351: 
352:             pnoivo$manuel francisco/id=c59-2
353:                ls$residencia/simoes
354: 
355:             mnoivo$maria domingues/id=c59-3
356: 
357:          noiva$isabel dias/id=c59-4
358: 
359:             pnoiva$mateus dias/id=c59-5
360:                ls$residencia/casais da misericordia
361: 
362:             mnoiva$maria luis/id=c59-6
363: 
364:          test$manuel goncalves caiado/id=c59-7
365:             ls$residencia/simoes
366: 
367:          test$bento francisco/id=c59-8
368:             ls$residencia/simoes
369: 
370:          test$antonio simoes/id=c59-9
371:             ls$residencia/simoes
372: 
373:       cas$c1697-60/19/3/1697/igreja matriz/luis alvares pinto
374: 
375: cas$c1697-60
375:          noivo$manuel domingues/id=c60-1
376:             ls$residencia/casconho
377: 
378:             pnoivo$manuel domingues/id=c60-2
379:                ls$residencia/casconho
380: 
381:             mnoivo$domingas joao/id=c60-3
382: 
383:          noiva$isabel francisca/id=c60-4
384: 
385:             pnoiva$domingos francisco/id=c60-5
386:                ls$residencia/casconho
387: 
388:             mnoiva$antonio joao/id=c60-6
389: 
390:          test$manuel luis/id=c60-7/obs=possivelment mesmo_que c30-2
391:             ls$residencia/casconho
392: 
393:          test$antonio simoes/id=c60-8
394:             ls$residencia/casconho
395: 
396:          test$domingos francisco/id=c60-9
397:             ls$residencia/casconho
398: 
399:       cas$c1697-61/27/3/1697/igreja matriz/luis alvares pinto
400: 
401: cas$c1697-61
401:          noivo$manuel rodrigues/id=c61-1
402:             ls$residencia/porto coelheiro
403: 
404:             pnoivo$manuel rodrigues/id=c61-2
405:                ls$residencia/porto coelheiro
406:                ls$morto/antes
407: 
408:             mnoivo$isabel joao/id=c61-3
409:                ls$residencia/porto coelheiro
410:                ls$morta/antes
411: 
412:          noiva$maria simoes/id=c61-4
413: 
414:             pnoiva$manuel simoes/id=c61-5
415:                ls$residencia/alencarce de cima
416: 
417:             mnoiva$filipa goncalves/id=c61-6
418: 
419:          test$manuel gaspar/id=c61-7
420:             ls$residencia/porto coelheiro
421: 
422:          test$manuel rodrigues/id=c61-8
423:             ls$residencia/carvalheira de cima
424:             ls$profissao/quinteiro#sera profissao mesmo, ou nome?
425: 
426:          test$manuel rodrigues calhau#sera calhau alcunha?/m/id=c61-9
427:             ls$residencia/alencarce de cima
428: 
429:       cas$c1697-62/8/4/1697/igreja matriz/luis alvares pinto
430: 
431: cas$c1697-62
431:          noivo$manuel rodrigues/id=c62-1
432:             ls$residencia/casconho
433: 
434:             pnoivo$manuel rodrigues/id=c62-2
435:                ls$residencia/casconho
436:                ls$morto/antes
437: 
438:             mnoivo$maria francisca/id=c62-3
439:                ls$residencia/casconho
440: 
441:          noiva$maria rodrigues/id=c62-4
442: 
443:             pnoiva$manuel rodrigues/id=c62-5
444:                ls$residencia/casconho
445: 
446:             mnoiva$maria rodrigues/id=c62-6
447:                ls$morta/antes
448: 
449:          test$manuel domingues/id=c62-7
450:             ls$residencia/casconho
451:             ls$alcunha/moco
452: 
453:          test$simao domingues/id=c62-8
454:             ls$residencia/casconho
455: 
456:          test$pedro francisco/id=c62-9
457:             ls$residencia/casconho
458: 
459:       cas$c1697-63/8/4/1697/igreja matriz/luis alvares pinto
460: 
461: cas$c1697-63
461:          noivo$manuel gomes/id=c63-1
462:             ls$residencia/casal do justo%junto ao lugar de simoes
463: 
464:             pnoivo$domingos gomes/id=c63-2
465:                ls$residencia/casal do justo
466: 
467:             mnoivo$maria joao/id=c63-3
468:                ls$morta/antes
469: 
470:          noiva$maria rodrigues/id=c63-4
471: 
472:             pnoiva$manuel jorge/id=c63-5
473:                ls$residencia/barrosas
474:                ls$morto/antes
475: 
476:             mnoiva$isabel rodrigues/id=c63-6
477:                ls$residencia/barrosas
478:                ls$ec/v
479: 
480:          test$domingos luis/id=c63-7
481:             ls$residencia/mogadouro
482: 
483:          test$domingos martins/id=c63-8
484:             ls$residencia/meires
485: 
486:          test$manuel joao/id=c63-9
487:             ls$residencia/lagares, freguesia de almagreira
488:             ls$freguesia/almagreira
489:             ls$alcunha/pequeno
490: 
491:       cas$c1697-64/8/4/1697/igreja matriz/luis alvares pinto
492: 
493: cas$c1697-64
493:          noivo$manuel joao/id=c64-1
494:             ls$residencia/simoes
495: 
496:             pnoivo$marcos joao/id=c64-2
497:                ls$residencia/simoes
498: 
499:             mnoivo$catarina simoes/id=c64-3
500: 
501:          noiva$maria gaspar/id=c64-4
502: 
503:             pnoiva$francisco joao/id=c64-5
504:                ls$residencia/delgados
505: 
506:             mnoiva$francisca gaspar/id=c64-6
507: 
508:          test$manuel domingues/id=c64-7
509:             ls$residencia/casconho
510:             ls$alcunha/o mais velho
511: 
512:          test$marcos joao/id=c64-8/obs=possivelmente filho de c64-2
513:             ls$residencia/simoes
514: 
515:          test$manuel/id=c64-9/obs=moco do padre tesoureiro da igreja
516: 
517:       cas$c1697-65/9/4/1697/igreja matriz/luis alvares pinto
518: 
519: cas$c1697-65
519:          noivo$joao simoes/id=c65-1
520:             ls$residencia/vale da borra
521: 
522:             pnoivo$andre fernandes/id=c65-2
523:                ls$residencia/vale da borra
524:                ls$morto/antes
525: 
526:             mnoivo$domingas simoes/id=c65-3
527:                ls$residencia/vale da borra
528:                ls$morto/antes
529: 
530:          noiva$maria goncalves/id=c65-4
531: 
532:             pnoiva$domingos goncalves/id=c65-5
533:                ls$residencia/casal das vargas
534: 
535:             mnoiva$maria joao/id=c65-6
536: 
537:          test$joao simoes/id=c65-7
538:             ls$residencia/vale da borra
539: 
540:          test$manuel simoes toucinho/id=c65-8
541:             ls$residencia/vale da borra
542: 
543:          test$antonio fernandes/id=c65-9
544:             ls$residencia/vale da borra
545: 
546:       cas$c1697-66/15/4/1697/igreja matriz/luis alvares pinto/obs=dispensa em 4.o grau de consaguinidade
547: 
548: cas$c1697-66
548:          noivo$antonio joao/id=c66-1
549:             ls$residencia/cartaxo, freguesia da ega
550: 
551:             pnoivo$manuel antunes/id=c66-2
552:                ls$residencia/cartaxo, freguesia da ega
553: 
554:             mnoivo$isabel joao/id=c66-3
555:                ls$residencia/cartaxo, freguesia da ega
556: 
557:          noiva$maria gomes/id=c66-4
558:             rel$parentesco/grau 4c/antonio joao/c66-1
559: 
560:             pnoiva$mateus goncalves/id=c66-5
561:                ls$residencia/alencarce de cima
562: 
563:             mnoiva$maria tome/id=c66-6
564: 
565:          test$manuel gomes/id=c66-7
566:             ls$residencia/freguesia da ega
567:             ls$freguesia/ega
568:             ls$profissao/padre
569: 
570:          test$manuel antunes/id=c66-8
571:             ls$residencia/alencarce
572:             ls$alcunha/moco
573: 
574:       cas$c1697-67/15/4/1697/igreja matriz/luis alvares pinto
575: 
576: cas$c1697-67
576:          noivo$manuel goncalves/id=c67-1
577:             ls$residencia/sobral
578: 
579:             pnoivo$manuel rodrigues/id=c67-2
580:                ls$residencia/sobral
581:                ls$alcunha/pachancas%pachanquas
582: 
583:             mnoivo$francisca goncalves/id=c67-3
584:                ls$morta/antes
585: 
586:          noiva$maria martins/id=c67-4
587: 
588:             pnoiva$joao martins/id=c67-5
589:                ls$residencia/bonitos
590:                ls$morto/antes
591: 
592:             mnoiva$maria carvalho/id=c67-6
593:                ls$residencia/bonitos
594:                ls$ec/v
595: 
596:          test$diogo joao/id=c67-7
597:             ls$residencia/sobral
598: 
599:          test$manuel francisco/id=c67-8
600:             ls$residencia/sobral
601:             ls$alcunha/velho
602: 
603:          test$manuel francisco/id=c67-9
604:             ls$residencia/sobral
605:             ls$alcunha/moco
606: 
607:       cas$c1697-68/21/4/1697/igreja matriz/luis alvares pinto
608: 
609: cas$c1697-68
609:          noivo$simao domingues/id=c68-1
610:             ls$residencia/quinta de porto coelheiro
611: 
612:             pnoivo$simao domingues/id=c68-2
613:                ls$residencia/quinta de porto coelheiro
614: 
615:             mnoivo$antonia rodrigues/id=c68-3
616: 
617:          noiva$madalena gomes/id=c68-4
618: 
619:             pnoiva$antonio gomes/id=c68-5
620:                ls$residencia/paleao
621:                ls$morto/antes
622: 
623:             mnoiva$domingas goncalves/id=c68-6
624:                ls$residencia/paleao
625:                ls$ec/v
626: 
627:          test$sebastiao colaco leitao/id=c68-7
628:             ls$residencia/soure
629: 
630:          test$sebastiao goncalves/id=c68-8
631:             ls$residencia/soure
632: 
633:          test$mateus jorge/id=c68-9
634:             ls$residencia/paleao
635: 
636:       cas$c1697-69/28/4/1697/igreja matriz/luis alvares pinto
637: 
638: cas$c1697-69
638:          noivo$manuel fernandes/id=c69-1
639:             ls$residencia/vale da borra
640: 
641:             pnoivo$manuel rodrigues/id=c69-2
642:                ls$residencia/vale da borra
643:                ls$morto/antes
644: 
645:             mnoivo$maria rodrigues/id=c69-3
646:                ls$residencia/vale da borra
647:                ls$ec/v
648: 
649:          noiva$maria rodrigues/id=c69-4
650: 
651:             pnoiva$diogo rodrigues/id=c69-5
652:                ls$residencia/vale da borra
653:                ls$morto/antes
654: 
655:             mnoiva$maria francisca/id=c69-6
656:                ls$residencia/vale da borra
657:                ls$ec/v
658: 
659:          test$antonio fernandes/id=c69-7
660:             ls$residencia/vale da borra
661: 
662:          test$manuel fernandes/id=c69-8
663:             ls$residencia/capa rota
664:             ls$alcunha/beganda?
665: 
666:          test$joao rodrigues/id=c69-9
667:             ls$residencia/soure
668:             ls$profissao/barbeiro
669: 
670:       cas$c1697-70/6/5/1697/igreja matriz/luis alvares pinto
671: 
672: cas$c1697-70
672:          noivo$joao simoes/id=c70-1
673:             ls$residencia/casal das vargas
674: 
675:             pnoivo$joao simoes/id=c70-2
676:                ls$residencia/casal das vargas
677: 
678:             mnoivo$isabel francisca/id=c70-3
679: 
680:          noiva$antonia costa/id=c70-4
681: 
682:             pnoiva$manuel alves/id=c70-5
683:                ls$residencia/casa velha
684:                ls$morto/antes
685: 
686:             mnoiva$maria costa/id=c70-6
687:                ls$residencia/casa velha
688:                ls$ec/v
689: 
690:          test$joao alves/id=c70-7
691:             ls$residencia/casa velha
692: 
693:          test$domingos lopes/id=c70-8
694:             ls$residencia/casa velha
695: 
696:          test$joao simoes/id=c70-9
697:             ls$residencia/casal das vargas
698: 
699:       cas$c1697-71/12/5/1697/igreja matriz/luis alvares pinto
700: 
701: cas$c1697-71
701:          noivo$jose dias/id=c71-1
702:             ls$residencia/soure
703: 
704:             pnoivo$joao dias/id=c71-2
705:                ls$residencia/soure
706: 
707:             mnoivo$maria goncalves/id=c71-3
708: 
709:          noiva$isabel francisca/id=c71-4
710:             ls$freguesia/lourical
711: 
712:             pnoiva$manuel luis/id=c71-5
713:                ls$residencia/casais do porto, freguesia do lourical
714:                ls$freguesia/lourical
715:                ls$morto/antes
716: 
717:             mnoiva$maria francisca/id=c71-6
718:                ls$residencia/casais do porto, freguesia do lourical
719:                ls$freguesia/lourical
720:                ls$morta/antes
721: 
722:          test$alexandre mendes/id=c71-7
723:             ls$residencia/soure
724: 
725:          test$luis seabra/id=c71-8
726:             ls$residencia/soure
727: 
728:          test$jeronimo mendes/id=c71-9
729:             ls$residencia/soure
730:             ls$profissao/padre
731: 
732:       cas$c1697-72/12/5/1697/igreja matriz/luis alvares pinto
733: 
734: cas$c1697-72
734:          noivo$manuel luis/id=c72-1
735:             ls$residencia/casal do rei
736: 
737:             pnoivo$antonio luis/id=c72-2
738:                ls$residencia/casal do rei
739: 
740:             mnoivo$maria luisa/id=c72-3
741:                ls$morta/antes
742: 
743:          noiva$maria luis/id=c72-4
744: 
745:             pnoiva$domingos francisco/id=c72-5
746:                ls$residencia/casal do mendinho
747: 
748:             mnoiva$maria goncalves/id=c72-6
749: 
750:          test$alexandre mendes/id=c72-7/mesmo_que=c71-7
751: 
752:          test$luis seabra/id=c72-8/mesmo_que=c71-8
753: 
754:          test$jeronimo mendes/id=c72-9/mesmo_que=c71-9
755: 
756:       cas$c1697-73/25/5/1697/igreja matriz/luis alvares pinto
757: 
758: cas$c1697-73
758:          noivo$sebastiao francisco/id=c73-1
759:             ls$residencia/casa velha
760: 
761:             pnoivo$manuel francisco/id=c73-2
762:                ls$residencia/casa velha
763:                ls$morto/antes
764:                ls$alcunha/pequeno
765: 
766:             mnoivo$maria pedroso/id=c73-3
767:                ls$residencia/casa velha
768:                ls$ec/v
769: 
770:          noiva$francisca gomes/id=c73-4
771: 
772:             pnoiva$mateus gomes/id=c73-5
773:                ls$residencia/casa velha
774: 
775:             mnoiva$antonia francisco/id=c73-6
776: 
777:          test$manuel rodrigues/id=c73-7
778:             ls$residencia/casa velha
779:             ls$alcunha/presunto
780: 
781:          test$domingos lopes/id=c73-8
782:             ls$residencia/casa velha
783: 
784:          test$lopo nunes pinto/id=c73-9/mesmo_que=c1-7
785: 

WARNING: c1697.cli line 785 destination id of "same as" not found. Will check again at the end of file.
Near line: 785 
Near line: 786       cas$c1697-74/27/5/1697/igreja matriz/luis alvares pinto

786:       cas$c1697-74/27/5/1697/igreja matriz/luis alvares pinto
787: 
788: cas$c1697-74
788:          noivo$manuel mateus/id=c74-1
789:             ls$residencia/freguesia da gesteira
790:             ls$freguesia/gesteira
791: 
792:             pnoivo$manuel mateus/id=c74-2
793:                ls$residencia/freguesia da gesteira
794:                ls$freguesia/gesteira
795: 
796:             mnoivo$catarina francisca/id=c74-3
797:                ls$residencia/freguesia da gesteira
798:                ls$freguesia/gesteira
799: 
800:          noiva$antonia francisca/id=c74-4
801: 
802:             pnoiva$manuel goncalves/id=c74-5
803:                ls$residencia/casa velha
804:                ls$morto/antes
805: 
806:             mnoiva$catarina francisca/id=c74-6
807:                ls$residencia/casa velha
808:                ls$morta/antes
809: 
810:          test$manuel sousa/id=c74-7
811:             ls$residencia/casa velha
812: 
813:          test$manuel santos/id=c74-8
814:             ls$residencia/casal novo
815: 
816:          test$sebastiao pires silva/id=c74-9
817:             ls$residencia/soure
818: 
819:       cas$c1697-75/27/5/1697/igreja matriz/luis alvares pinto
820: 
821: cas$c1697-75
821:          noivo$manuel pinto/id=c75-1
822:             ls$residencia/freguesia de moncorvo, diocese de braga
823:             ls$freguesia/moncorvo
824:             ls$bispado/braga
825: 
826:             pnoivo$manuel marques pinto/id=c75-2
827:                ls$residencia/freguesia de moncorvo, diocese de braga
828:                ls$freguesia/moncorvo
829:                ls$bispado/braga
830: 
831:             mnoivo$maria teresa/id=c75-3
832:                ls$residencia/freguesia de moncorvo, diocese de braga
833:                ls$freguesia/moncorvo
834:                ls$bispado/braga
835:                ls$morta/antes
836: 
837:          noiva$antonia santos coutinho/id=c75-4
838: 
839:             pnoiva$jeronimo goncalves/id=c75-5
840:                ls$residencia/casal das galinhas
841:                ls$morto/antes
842: 
843:             mnoiva$maria santos/id=c75-6
844:                ls$residencia/casal das galinhas
845:                ls$morta/antes
846: 
847:          test$paulo ribeiro cabral/id=c75-7/mesmo_que=c24-7

WARNING: c1697.cli line 847 destination id of "same as" not found. Will check again at the end of file.
Near line: 847          test$paulo ribeiro cabral/id=c75-7/mesmo_que=c24-7
Near line: 848             ls$residencia/soure

848:             ls$residencia/soure
849:             ls$profissao/capitao-mor
850: 
851:          test$jose carvalho/id=c75-8
852:             ls$residencia/casal das galinhas
853: 
854:          test$joao mateus/id=c75-9
855:             ls$residencia/casal das galinhas
856: 
857:       cas$c1697-76/2/6/1697/igreja matriz/luis alvares pinto/obs=sem referencia nem 'a mae do noivo nem 'a mae da noiva. dispensados no 3.o e 4.o grau de afinidade
858: 
859: cas$c1697-76
859:          noivo$mateus pereira/id=c76-1
860:             ls$residencia/casal das brancas
861: 
862:             pnoivo$mateus francisco/id=c76-2
863:                ls$residencia/freguesia de vila nova de ancos
864:                ls$freguesia/vila nova de ancos
865: 
866:             mnoivo$desconhecida/id=c76-3
867: 
868:          noiva$ana simoes/id=c76-4
869:             ls$residencia/casal das brancas
870: 
871:             pnoiva$onofre fernandes/id=c76-5
872:                ls$residencia/casal das brancas
873: 
874:             mnoiva$desconhecida/id=c76-6
875: 
876:          test$mateus carvalho/id=c76-7
877:             ls$residencia/casal das brancas
878: 
879:          test$manuel goncalves cajao/id=c76-8
880:             ls$residencia/casal das brancas
881: 
882:          test$andre fernandes/id=c76-9
883:             ls$residencia/casal das brancas
884: 
885:       cas$c1697-77/26/6/1697/igreja matriz/luis alvares pinto
886: 
887: cas$c1697-77
887:          noivo$agostinho simoes/id=c77-1
888:             ls$residencia/cabeca carvalha, freguesia de vinha da rainha
889:             ls$freguesia/vinha da rainha
890: 
891:             pnoivo$joao simoes/id=c77-2
892:                ls$residencia/cabeca carvalha, freguesia de vinha da rainha
893:                ls$freguesia/vinha da rainha
894: 
895:             mnoivo$isabel rodrigues/id=c77-3
896:                ls$residencia/cabeca carvalha, freguesia de vinha da rainha
897:                ls$freguesia/vinha da rainha
898: 
899:          noiva$maria goncalves/id=c77-4
900: 
901:             pnoiva$domingos francisco/id=c77-5
902:                ls$residencia/casal do serrano
903: 
904:             mnoiva$maria goncalves/id=c77-6
905: 
906:          test$joao alves/id=c77-7
907:             ls$residencia/quinta dos almeidas, freguesia de vinha da rainha#sua quinta
908:             ls$freguesia/vinha da rainha
909: 
910:          test$joao simoes/id=c77-8
911:             ls$residencia/cabeca carvalha, freguesia de vinha da rainha
912:             ls$freguesia/vinha da rainha
913: 
914:          test$manuel alvaro/id=c77-9
915:             ls$profissao/tesoureiro da igreja de soure
916: 
917:       cas$c1697-78/19/8/1697/igreja matriz/lopo nunes pinto
918: 
919: cas$c1697-78
919:          referido$lopo nunes pinto/id=c78-r1/mesmo_que=c1-7

WARNING: c1697.cli line 919 destination id of "same as" not found. Will check again at the end of file.
Near line: 919          referido$lopo nunes pinto/id=c78-r1/mesmo_que=c1-7
Near line: 920             ls$residencia/soure

920:             ls$residencia/soure
921:             ls$profissao/padre/obs=celebra o casamento 78
922: 
923:          noivo$manuel martins/id=c78-1
924:             ls$residencia/mogadouro
925: 
926:             pnoivo$miguel martins/id=c78-2
927:                ls$residencia/mogadouro
928: 
929:             mnoivo$maria martins/id=c78-3
930: 
931:          noiva$maria gaspar/id=c78-4
932: 
933:             pnoiva$domingos luis/id=c78-5
934:                ls$residencia/mogadouro
935: 
936:             mnoiva$catarina domingues/id=c78-6
937: 
938:          test$manuel coelho/id=c78-7
939:             ls$residencia/soure
940:             ls$alcunha/moco
941: 
942:          test$luis cordeiro/id=c78-8/mesmo_que=c26-8

WARNING: c1697.cli line 942 destination id of "same as" not found. Will check again at the end of file.
Near line: 942          test$luis cordeiro/id=c78-8/mesmo_que=c26-8
Near line: 943             ls$residencia/soure

943:             ls$residencia/soure
944:             ls$cargo/tesoureiro da igreja
945: 
946:          test$manuel rodrigues alvaro/id=c78-9/mesmo_que=c2-8

WARNING: c1697.cli line 946 destination id of "same as" not found. Will check again at the end of file.
Near line: 946          test$manuel rodrigues alvaro/id=c78-9/mesmo_que=c2-8
Near line: 947             ls$residencia/soure

947:             ls$residencia/soure
948:             ls$profisso/padre
949: 
950:       cas$c1697-79/1/10/1697/igreja matriz/frei jose pinto
951: 
952: cas$c1697-79
952:          referido$jose pinto/id=c79-r1/mesmo_que=c13-r1

WARNING: c1697.cli line 952 destination id of "same as" not found. Will check again at the end of file.
Near line: 952          referido$jose pinto/id=c79-r1/mesmo_que=c13-r1
Near line: 953             ls$titulo/frei

953:             ls$titulo/frei
954:             ls$profissao/padre#celebra o casamento 79
955: 
956:          noivo$lourenco rodrigues/id=c79-1
957:             ls$residencia/soure
958: 
959:             pnoivo$belchior rodrigues/id=c79-2
960:                ls$residencia/soure
961: 
962:             mnoivo$cristina rodrigues/id=c79-3
963: 
964:          noiva$maria jorge/id=c79-4
965: 
966:             pnoiva$manuel jorge/id=c79-5
967:                ls$morto/antes
968:                ls$residencia/casa velha
969: 
970:             mnoiva$ines pires/id=c79-6
971:                ls$residencia/casa velha
972:                ls$morta/antes
973: 
974:          test$manuel taveira/id=c79-7
975:             ls$residencia/soure
976: 
977:          test$manuel marques/id=c79-8
978:             ls$residencia/soure
979: 
980:       cas$c1697-80/7/10/1697/igreja matriz/jose pinto
981: 
982: cas$c1697-80
982:          referido$jose pinto/id=c80-r1/mesmo_que=c13-r1

WARNING: c1697.cli line 982 destination id of "same as" not found. Will check again at the end of file.
Near line: 982          referido$jose pinto/id=c80-r1/mesmo_que=c13-r1
Near line: 983             ls$titulo/frei

983:             ls$titulo/frei
984:             ls$profissao/padre#celebra o casamento 80
985: 
986:          noivo$bras ferreira/id=c80-1
987:             ls$residencia/casal da charneca
988: 
989:             pnoivo$domingos pires/id=c80-2
990:                ls$residencia/casal da charneca
991:                ls$ec/v
992: 
993:             mnoivo$maria ferreira/id=c80-3
994:                ls$morta/antes
995: 
996:          noiva$isabel domingues/id=c80-4
997: 
998:             pnoiva$manuel joao galhufo?/id=c80-5
999:                ls$residencia/sobral
1000:                ls$morto/antes
1001: 
1002:             mnoiva$maria joao/id=c80-6
1003:                ls$residencia/sobral
1004:                ls$morta/antes
1005: 
1006:          test$joao rodrigues formigo/id=c80-7
1007:             ls$residencia/sobral
1008: 
1009:          test$manuel rodrigues/id=c80-8
1010:             ls$residencia/sobral
1011:             ls$profissao/estudante
1012: 
1013:       cas$c1697-81/3/11/1697/igreja matriz/luis alvares pinto
1014: 
1015: cas$c1697-81
1015:          noivo$manuel goncalves/id=c81-1
1016:             ls$residencia/casal do leonel
1017: 
1018:             pnoivo$manuel goncalves/id=c81-2
1019:                ls$residencia/casal do leonel
1020: 
1021:             mnoivo$isabel domingues/id=c81-3
1022: 
1023:          noiva$maria gomes/id=c81-4
1024: 
1025:             pnoiva$mateus goncalves/id=c81-5
1026:                ls$residencia/alencarce de cima
1027: 
1028:             mnoiva$maria gomes/id=c81-6
1029: 
1030:          test$manuel domingues/id=c81-7
1031:             ls$residencia/casal do leonel
1032: 
1033:          test$jeronimo goncalves/id=c81-8
1034:             ls$residencia/casa velha
1035: 
1036:          test$manuel martins/id=c81-9
1037:             ls$residencia/soure
1038:             ls$profissao/padre
1039: 
1040:       cas$c1697-82/3/11/1697/igreja matriz/luis alvares pinto
1041: 
1042: cas$c1697-82
1042:          noivo$joao goncalves/id=c82-1
1043:             ls$residencia/casal da venda
1044: 
1045:             pnoivo$manuel jorge carrasco/id=c82-2
1046:                ls$residencia/casal da venda
1047: 
1048:             mnoivo$antonia goncalves/id=c82-3
1049: 
1050:          noiva$domingas goncalves/id=c82-4
1051: 
1052:             pnoiva$domingos goncalves vargas/id=c82-5
1053:                ls$residencia/casal das vargas
1054: 
1055:             mnoiva$maria joao/id=c82-6
1056: 
1057:          test$manuel francisco canhinho?#verificar/m/id=c82-7
1058:             ls$residencia/simoes
1059: 
1060:          test$manuel coelho/id=c82-8
1061:             ls$residencia/soure
1062: 
1063:          test$manuel martins/id=c82-9/mesmo_que=c81-9
1064:             ls$profissao/padre
1065: 
1066:       cas$c1697-83/4/11/1697/igreja matriz/luis alvares pinto
1067: 
1068: cas$c1697-83
1068:          noivo$joao leao/id=c83-1
1069:             ls$residencia/casa velha
1070: 
1071:             pnoivo$manuel vaz leao/id=c83-2
1072:                ls$residencia/casa velha
1073:                ls$morto/antes
1074: 
1075:             mnoivo$maria jorge/id=c83-3
1076:                ls$ec/v
1077:                ls$residencia/casa velha
1078: 
1079:          noiva$maria rodrigues/id=c83-4
1080: 
1081:             pnoiva$manuel jorge/id=c83-5
1082:                ls$residencia/sobral
1083:                ls$ec/v
1084: 
1085:             mnoiva$maria rodrigues/id=c83-6
1086:                ls$morta/antes
1087: 
1088:          test$antonio de melo e ataide/id=c83-7
1089:             ls$residencia/quinta da capa rota%na sua quinta...
1090: 
1091:          test$antonio manhos/id=c83-8/mesmo_que=c5-7

WARNING: c1697.cli line 1091 destination id of "same as" not found. Will check again at the end of file.
Near line: 1091          test$antonio manhos/id=c83-8/mesmo_que=c5-7
Near line: 1092             ls$residencia/soure

1092:             ls$residencia/soure
1093:             ls$titulo/licenciado
1094: 
1095:          test$manuel simoes/id=c83-9/mesmo_que=c28-7

WARNING: c1697.cli line 1095 destination id of "same as" not found. Will check again at the end of file.
Near line: 1095          test$manuel simoes/id=c83-9/mesmo_que=c28-7
Near line: 1096             ls$alcunha/moco

1096:             ls$alcunha/moco
1097:             ls$residencia/casa velha
1098: 
1099:       cas$c1697-43a/5/12/1696#data correcta/igreja matriz/luis alvares pinto/obs=registado fora de ordem
1100: 
1101: cas$c1697-43a
1101:          noivo$manuel joao/id=c43a-1
1102:             ls$residencia/bonitos
1103: 
1104:             pnoivo$francisco joao/id=c43a-2
1105:                ls$residencia/bonitos
1106: 
1107:             mnoivo$maria joao/id=c43a-3
1108: 
1109:          noiva$domingas goncalves/id=c43a-4
1110: 
1111:             pnoiva$manuel joao garriapa?#verificar/m/id=c43a-5
1112:                ls$residencia/simoes
1113: 
1114:             mnoiva$domingas goncalves/id=c43a-6
1115: 
1116:          test$diogo domingues/id=c43a-7
1117:             ls$residencia/simoes
1118: 
1119:          test$bento francisco/id=c43a-8
1120:             ls$residencia/simoes
1121: 
1122:       cas$c1697-84/18/11/1697/igreja matriz/luis alvares pinto
1123: 
1124: cas$c1697-84
1124:          noivo$francisco madeira/id=c84-1
1125:             ls$residencia/alencarce de baixo
1126: 
1127:             pnoivo$francisco madeira/id=c84-2
1128:                ls$residencia/alencarce de baixo
1129:                ls$morto/antes
1130: 
1131:             mnoivo$catarina antunes/id=c84-3
1132: 
1133:          noiva$isabel costa/id=c84-4
1134: 
1135:             pnoiva$manuel alves/id=c84-5
1136:                ls$residencia/casa velha
1137:                ls$morto/antes
1138: 
1139:             mnoiva$maria costa/id=c84-6
1140:                ls$residencia/casa velha
1141:                ls$ec/v
1142: 
1143:          test$domingos da costa/id=c84-7
1144:             ls$residencia/s.mateus
1145:             ls$profissao/padre
1146: 
1147:          test$domingos joao/id=c84-8
1148:             ls$residencia/alencarce de cima
1149:             ls$profissao/padre
1150: 
1151:          test$domingos lopes/id=c84-9
1152:             ls$residencia/casa velha
1153: 
1154:       cas$c1697-85/18/11/1697/igreja matriz/luis alvares pinto/obs=dispensa em quarto grau de consaguinidade
1155: 
1156: cas$c1697-85
1156:          noivo$antonio rodrigues/id=c85-1
1157:             ls$residencia/porto coelheiro
1158: 
1159:             pnoivo$manuel rodrigues/id=c85-2
1160:                ls$residencia/porto coelheiro
1161:                ls$profissao/capitao
1162:                ls$ec/v
1163: 
1164:             mnoivo$isabel cardoso/id=c85-3
1165: 
1166:          noiva$maria cardoso/id=c85-4
1167:             rel$parentesco/grau 4c/antonio rodrigues/c85-1
1168: 
1169:             pnoiva$lourenco rodrigues/id=c85-5
1170:                ls$residencia/porto coelheiro
1171: 
1172:             mnoiva$maria joao/id=c85-6
1173: 
1174:          test$manuel gaspar/id=c85-7
1175:             ls$residencia/porto coelheiro
1176: 
1177:          test$manuel rodrigues/id=c85-8
1178:             ls$residencia/porto coelheiro
1179: 
1180:          test$sebastiao rodrigues/id=c85-9
1181:             ls$residencia/porto coelheiro
1182: 
1183:       cas$c1697-86/25/11/1697/igreja matriz/frei jose pinto
1184: 
1185: cas$c1697-86
1185:          referido$jose pinto/id=c86-r1/mesmo_que=c13-r1

WARNING: c1697.cli line 1185 destination id of "same as" not found. Will check again at the end of file.
Near line: 1185          referido$jose pinto/id=c86-r1/mesmo_que=c13-r1
Near line: 1186             ls$titulo/frei

1186:             ls$titulo/frei
1187:             ls$cargo/beneficiado da igreja de soure
1188:             ls$profissao/padre#celebra o casamento 86
1189: 
1190:          noivo$francisco rodrigues/id=c86-1
1191:             ls$residencia/casal novo
1192: 
1193:             pnoivo$joao rodrigues/id=c86-2
1194:                ls$residencia/casal novo
1195:                ls$ec/v
1196: 
1197:             mnoivo$isabel cordeira/id=c86-3
1198:                ls$morta/antes
1199: 
1200:          noiva$maria rodrigues/id=c86-4
1201: 
1202:             pnoiva$joao rodrigues/id=c86-5
1203:                ls$residencia/casal dos louzoes
1204:                ls$morto/antes
1205: 
1206:             mnoiva$maria rodrigues/id=c86-6
1207:                ls$residencia/casal dos louzoes
1208:                ls$ec/v
1209: 
1210:          test$manuel martins/id=c86-7/mesmo_que=c81-9
1211:             ls$profissao/padre
1212: 
1213:          test$mateus rodrigues/id=c86-8
1214:             ls$residencia/casal dos reis, freguesia da almagreira
1215:             ls$freguesia/almagreira
1216: 
1217:       cas$c1697-87/26/11/1697/ermida de s.joao, paleao/frei jose pinto
1218: 
1219: cas$c1697-87
1219:          referido$jose pinto/id=c87-r1/mesmo_que=c13-r1

WARNING: c1697.cli line 1219 destination id of "same as" not found. Will check again at the end of file.
Near line: 1219          referido$jose pinto/id=c87-r1/mesmo_que=c13-r1
Near line: 1220             ls$titulo/frei

1220:             ls$titulo/frei
1221:             ls$cargo/beneficiado da igreja de soure
1222:             ls$profissao/padre#celebra o casamento 87
1223: 
1224:          noivo$francisco alves sanhudo/id=c87-1
1225:             ls$residencia/freguesia de caldas de rainha, arcebispado de lisboa
1226:             ls$freguesia/caldas da rainha
1227:             ls$bispado/lisboa
1228: 
1229:             pnoivo$manuel homem da cunha/id=c87-2
1230:                ls$residencia/freguesia de caldas da rainha, arcebispado de lisboa
1231:                ls$freguesia/caldas da rainha
1232:                ls$bispado/lisboa
1233: 
1234:             mnoivo$isabel alves sanhudo/id=c87-3
1235:                ls$residencia/freguesia de caldas da rainha, arcebispado de lisboa
1236:                ls$freguesia/caldas da rainha
1237: 
1238:          noiva$maria isabel de melo/id=c87-4
1239:             ls$titulo/dona
1240: 
1241:             pnoiva$antonio mendes ravasco/id=c87-5
1242:                ls$residencia/paleao
1243:                ls$titulo/licenciado
1244: 
1245:             mnoiva$isabel galvao de melo/id=c87-6
1246: 
1247:          test$jose da cunha/id=c87-7
1248:             ls$residencia/quinta do sobral%morador na sua quinta
1249: 
1250:          test$antonio de abreu/id=c87-8
1251:             ls$residencia/freguesia de ? castelo branco
1252:             ls$freguesia/castelo branco ?
1253: 
1254:          test$joao da fonseca/id=c87-9
1255:             ls$residencia/soure
1256: 
1257:       cas$c1697-88/1/12/1697/igreja matriz/luis alvares pinto
1258: 
1259: cas$c1697-88
1259:          noivo$manuel rodrigues/id=c88-1
1260:             ls$residencia/soure
1261: 
1262:             pnoivo$manuel rodrigues/id=c88-2
1263:                ls$residencia/soure
1264: 
1265:             mnoivo$maria cordeiro/id=c88-3
1266: 
1267:          noiva$antonia goncalves/id=c88-4
1268: 
1269:             pnoiva$antonio luis/id=c88-5
1270:                ls$residencia/casal do rei
1271: 
1272:             mnoiva$maria luis/id=c88-6
1273:                ls$morta/antes
1274: 
1275:          test$sebastiao goncalves/id=c88-7
1276:             ls$residencia/soure
1277: 
1278:          test$mateus goncalves/id=c88-8
1279:             ls$residencia/soure
1280: 
1281:          test$manuel martins/id=c88-9/mesmo_que=c81-9
1282: 
1283:       cas$c1697-89/2/12/1697/igreja matriz/luis alvares pinto
1284: 
1285: cas$c1697-89
1285:          noivo$domingos santos/id=c89-1
1286:             ls$residencia/casa velha
1287: 
1288:             pnoivo$domingos fernandes/id=c89-2
1289:                ls$residencia/ribeira de carnide, freguesia de almagreira
1290:                ls$freguesia/almagreira
1291: 
1292:             mnoivo$maria rodrigues/id=c89-3
1293:                ls$residencia/ribeira de carnide, freguesia de almagreira
1294:                ls$morta/antes
1295:                ls$freguesia/almagreira
1296: 
1297:          noiva$maria sousa/id=c89-4
1298: 
1299:             pnoiva$manuel sousa/id=c89-5
1300:                ls$residencia/casa velha
1301: 
1302:             mnoiva$maria oliveira/id=c89-6
1303:                ls$residencia/casa velha
1304: 
1305:          test$domingos lopes/id=c89-7
1306:             ls$residencia/casa velha
1307: 
1308:          test$manuel simoes/id=c89-8
1309:             ls$residencia/casa velha
1310:             ls$alcunha/velho
1311: 
1312:          test$manuel martins/id=c89-9/mesmo_que=c81-9
1313: 
1314:       cas$c1697-90/2/12/1697/igreja matriz/luis alvares pinto
1315: 
1316: cas$c1697-90
1316:          noivo$antonio rodrigues/id=c90-1
1317:             ls$residencia/porto coelheiro
1318: 
1319:             pnoivo$lourenco rodrigues/id=c90-2
1320:                ls$residencia/porto coelheiro
1321: 
1322:             mnoivo$maria joao/id=c90-3
1323: 
1324:          noiva$maria pires/id=c90-4
1325: 
1326:             pnoiva$manuel pires/id=c90-5
1327:                ls$residencia/alencarce de cima
1328:                ls$morto/antes
1329: 
1330:             mnoiva$maria leao/id=c90-6
1331:                ls$residencia/alencarce de cima
1332: 
1333:          test$manuel simoes/id=c90-7
1334:             ls$residencia/alencarce de cima
1335: 
1336:          test$luis rodrigues/id=c90-8
1337:             ls$residencia/podengos
1338: 
1339:          test$manuel martins/id=c90-9/mesmo_que=c81-9
1340: 
1341:       cas$c1697-91/2/12/1697/igreja matriz/luis alvares pinto
1342: 
1343: cas$c1697-91
1343:          noivo$manuel ferreira/id=c91-1
1344:             ls$residencia/fatacos
1345: 
1346:             pnoivo$manuel ferreira/id=c91-2
1347:                ls$residencia/fatacos
1348:                ls$morto/antes
1349: 
1350:             mnoivo$maria francisca/id=c91-3
1351:                ls$residencia/fatacos
1352: 
1353:          noiva$maria joao/id=c91-4
1354: 
1355:             pnoiva$domingos rodrigues/id=c91-5
1356:                ls$residencia/cavaleiros
1357:                ls$morto/antes
1358: 
1359:             mnoiva$catarina joao/id=c91-6
1360:                ls$residencia/cavaleiros
1361:                ls$morta/antes
1362: 
1363:          test$manuel goncalves/id=c91-7
1364:             ls$residencia/fatacos
1365: 
1366:          test$domingos goncalves/id=c91-8/mesmo_que=c2-7

WARNING: c1697.cli line 1366 destination id of "same as" not found. Will check again at the end of file.
Near line: 1366          test$domingos goncalves/id=c91-8/mesmo_que=c2-7
Near line: 1367             ls$residencia/casais do espirito santo

1367:             ls$residencia/casais do espirito santo
1368:             ls$profissao/padre
1369: 
1370:          test$manuel martins/id=c91-9/mesmo_que=c81-9
1371:             ls$profissao/padre
1372:             ls$residencia/soure
1373: 
1374:       cas$c1697-92/9/12/1697/igreja matriz/luis alvares pinto
1375: 
1376: cas$c1697-92
1376:          noivo$domingos rodrigues/id=c92-1
1377:             ls$residencia/alencarce de cima
1378: 
1379:             pnoivo$domingos rodrigues/id=c92-2
1380:                ls$residencia/alencarce de cima
1381: 
1382:             mnoivo$maria gomes/id=c92-3
1383: 
1384:          noiva$maria rodrigues/id=c92-4
1385: 
1386:             pnoiva$manuel jorge/id=c92-5
1387:                ls$residencia/alencarce de cima
1388: 
1389:             mnoiva$antonia rodrigues/id=c92-6
1390: 
1391:          test$manuel antunes/id=c92-7
1392:             ls$residencia/alencarce de cima
1393:             ls$alcunha/moco
1394: 
1395:          test$domingos rodrigues/id=c92-8
1396:             ls$residencia/alencarce de cima
1397: 
1398:          test$manuel martins/id=c92-9/mesmo_que=c81-9
1399:             ls$profissao/padre
1400:             ls$residencia/soure
1401: 
1402:       cas$c1697-93/9/12/1697/igreja matriz/luis alvares pinto
1403: 
1404: cas$c1697-93
1404:          noivo$simao francisco/id=c93-1
1405:             ls$residencia/casal da charneca, freguesia de vinha da rainha
1406:             ls$freguesia/vinha da rainha
1407: 
1408:             pnoivo$joao francisco/id=c93-2
1409:                ls$residencia/casal da charneca, freguesia de vinha da rainha
1410:                ls$freguesia/vinha da rainha
1411:                ls$morto/antes
1412: 
1413:             mnoivo$isabel francisca/id=c93-3
1414:                ls$residencia/casal da charneca, freguesia de vinha da rainha
1415:                ls$freguesia/vinha da rainha
1416: 
1417:          noiva$isabel simoes/id=c93-4
1418: 
1419:             pnoiva$antonio simoes/id=c93-5
1420:                ls$residencia/sobral
1421: 
1422:             mnoiva$isabel joao/id=c93-6
1423: 
1424:          test$domingos luis/id=c93-7
1425:             ls$residencia/mogadouro
1426: 
1427:          test$antonio simoes/id=c93-8
1428:             ls$residencia/sobral
1429: 
1430:          test$manuel martins/id=c93-9/mesmo_que=c81-9
1431:             ls$residencia/soure
1432:             ls$profissao/padre
1433: 
1434:       cas$c1697-94/26/12/1697/igreja matriz/luis alvares pinto
1435: 
1436: cas$c1697-94
1436:          noivo$teodosio ferreira/id=c94-1
1437:             ls$residencia/casal dos bechos
1438: 
1439:             pnoivo$bras ferreira/id=c94-2
1440:                ls$residencia/casal dos bechos
1441: 
1442:             mnoivo$maria jorge/id=c94-3
1443: 
1444:          noiva$damiana santos conceicao/id=c94-4
1445: 
1446:             pnoiva$jeronimo goncalves/id=c94-5
1447:                ls$residencia/casal de galinhas
1448:                ls$morto/antes
1449: 
1450:             mnoiva$maria santos/id=c94-6
1451:                ls$residencia/casal de galinhas
1452:                ls$morta/antes
1453: 
1454:          test$domingos goncalves/id=c94-7/mesmo_que=c2-7

WARNING: c1697.cli line 1454 destination id of "same as" not found. Will check again at the end of file.
Near line: 1454          test$domingos goncalves/id=c94-7/mesmo_que=c2-7
Near line: 1455             ls$residencia/casais do espirito santo

1455:             ls$residencia/casais do espirito santo
1456:             ls$profissao/padre
1457: 
1458:          test$joao ferreira/id=c94-8
1459:             ls$residencia/bechos
1460: 
1461:          test$manuel martins/id=c94-9/mesmo_que=c81-9
1462:             ls$residencia/soure
1463:             ls$profissao/padre
1464: *** End of File
ERROR:  Could not find same_as id c2-8 referred in line 124. If  original reference is on another file use xsame_as

ERROR:  Could not find same_as id c13-r1 referred in line 128. If  original reference is on another file use xsame_as

ERROR:  Could not find same_as id c2-8 referred in line 206. If  original reference is on another file use xsame_as

ERROR:  Could not find same_as id c1-7 referred in line 786. If  original reference is on another file use xsame_as

ERROR:  Could not find same_as id c24-7 referred in line 848. If  original reference is on another file use xsame_as

ERROR:  Could not find same_as id c1-7 referred in line 920. If  original reference is on another file use xsame_as

ERROR:  Could not find same_as id c26-8 referred in line 943. If  original reference is on another file use xsame_as

ERROR:  Could not find same_as id c2-8 referred in line 947. If  original reference is on another file use xsame_as

ERROR:  Could not find same_as id c13-r1 referred in line 953. If  original reference is on another file use xsame_as

ERROR:  Could not find same_as id c13-r1 referred in line 983. If  original reference is on another file use xsame_as

ERROR:  Could not find same_as id c5-7 referred in line 1092. If  original reference is on another file use xsame_as

ERROR:  Could not find same_as id c28-7 referred in line 1096. If  original reference is on another file use xsame_as

ERROR:  Could not find same_as id c13-r1 referred in line 1186. If  original reference is on another file use xsame_as

ERROR:  Could not find same_as id c13-r1 referred in line 1220. If  original reference is on another file use xsame_as

ERROR:  Could not find same_as id c2-7 referred in line 1367. If  original reference is on another file use xsame_as

ERROR:  Could not find same_as id c2-7 referred in line 1455. If  original reference is on another file use xsame_as

16  errors. 
16  warnings.
Translation finished.
