ClioInput - version 2019.A1 - build 507 15/07/2019 21:58 
16-2-2020 22-10

Processing data file c1691.cli
-------------------------------------------
Generic Act translation module with geoentities (XML).
     Joaquim Ramos de Carvalho (joaquim@uc.pt) 
** New document: kleio
=========================
kleio translation started
=========================
Structure: gacto.str
Prefix: 
Autorel: 
Translation count: 2
Obs: 
** Processing source fonte$casamentos 1691
6: cas$c1691.1
28: cas$c1691.2
49: cas$c1691.3
75: cas$c1691.4
97: cas$c1691.5
120: cas$c1691.6
141: cas$c1691.7
162: cas$c1691.8
187: cas$c1691.9
211: cas$c1691.10
236: cas$c1691.11
258: cas$c1691.12
280: cas$c1691.13
303: cas$c1691.14
*** End of File

WARNING: c1691.cli line 22  "SAME AS" TO EXTERNAL REFERENCE EXPORTED (c12-7) CHECK IF IT EXISTS BEFORE IMPORTING THIS FILE.
Near lines: 22 Near line: 23 

WARNING: c1691.cli line 43  "SAME AS" TO EXTERNAL REFERENCE EXPORTED (c12-7) CHECK IF IT EXISTS BEFORE IMPORTING THIS FILE.
Near lines: 43 Near line: 44 

WARNING: c1691.cli line 134  "SAME AS" TO EXTERNAL REFERENCE EXPORTED (c12-8) CHECK IF IT EXISTS BEFORE IMPORTING THIS FILE.
Near lines: 134 Near line: 135 
** Processed file- /kleio-home/sources/soure/soure-sources/sources/soure_fase1/casamentos/c1691.cli
** Original file- /kleio-home/sources/soure/soure-sources/sources/soure_fase1/casamentos/c1691.org
** Previous version- /kleio-home/sources/soure/soure-sources/sources/soure_fase1/casamentos/c1691.old
** Temp file with ids- /kleio-home/sources/soure/soure-sources/sources/soure_fase1/casamentos/c1691.ids
0  errors. 
3  warnings.
Translation finished.
