ClioInput - version 2019.A1 - build 507 15/07/2019 21:58 
16-2-2020 22-9

Processing data file c1698.cli
-------------------------------------------
Generic Act translation module with geoentities (XML).
     Joaquim Ramos de Carvalho (joaquim@uc.pt) 
** New document: kleio
=========================
kleio translation started
=========================
Structure: gacto.str
Prefix: 
Autorel: 
Translation count: 1
Obs: 
** Processing source fonte$casamentos 1698
6: cas$c1698-95
36: cas$c1698-96
70: cas$c1698-97
99: cas$c1698-98
129: cas$c1698-99
166: cas$c1698-100
194: cas$c1698-101
225: cas$c1698-102
253: cas$c1698-103
277: cas$c1698-104
300: cas$c1698-105
331: cas$c1698-106
355: cas$c1698-107
380: cas$c1698-108
404: cas$c1698-109
432: cas$c1698-110
467: cas$c1698-111
491: cas$c1698-112
525: cas$c1698-113
556: cas$c1698-114
576: cas$c1698-115
608: cas$c1698-116
638: cas$c1698-117
668: cas$c1698-118
685: cas$c1698-119
712: cas$c1698-120
737: cas$c1698-121
766: cas$c1698-120a
*** End of File

WARNING: c1698.cli line 88  "SAME AS" TO EXTERNAL REFERENCE EXPORTED (c6-7) CHECK IF IT EXISTS BEFORE IMPORTING THIS FILE.
Near lines: 88 Near line: 89 

WARNING: c1698.cli line 121  "SAME AS" TO EXTERNAL REFERENCE EXPORTED (c2-8) CHECK IF IT EXISTS BEFORE IMPORTING THIS FILE.
Near lines: 121 Near line: 122 

WARNING: c1698.cli line 182  "SAME AS" TO EXTERNAL REFERENCE EXPORTED (c83-7) CHECK IF IT EXISTS BEFORE IMPORTING THIS FILE.
Near lines: 182 Near line: 183 

WARNING: c1698.cli line 297  "SAME AS" TO EXTERNAL REFERENCE EXPORTED (c2-7) CHECK IF IT EXISTS BEFORE IMPORTING THIS FILE.
Near lines: 297 Near line: 298 

WARNING: c1698.cli line 397  "SAME AS" TO EXTERNAL REFERENCE EXPORTED (c24-7) CHECK IF IT EXISTS BEFORE IMPORTING THIS FILE.
Near lines: 397 Near line: 398 

WARNING: c1698.cli line 461  "SAME AS" TO EXTERNAL REFERENCE EXPORTED (c26-8) CHECK IF IT EXISTS BEFORE IMPORTING THIS FILE.
Near lines: 461 Near line: 462 

WARNING: c1698.cli line 546  "SAME AS" TO EXTERNAL REFERENCE EXPORTED (c2-8) CHECK IF IT EXISTS BEFORE IMPORTING THIS FILE.
Near lines: 546 Near line: 547 

WARNING: c1698.cli line 550  "SAME AS" TO EXTERNAL REFERENCE EXPORTED (c26-8) CHECK IF IT EXISTS BEFORE IMPORTING THIS FILE.
Near lines: 550 Near line: 551 

WARNING: c1698.cli line 571  "SAME AS" TO EXTERNAL REFERENCE EXPORTED (c2-8) CHECK IF IT EXISTS BEFORE IMPORTING THIS FILE.
Near lines: 571 Near line: 572 

WARNING: c1698.cli line 573  "SAME AS" TO EXTERNAL REFERENCE EXPORTED (c26-8) CHECK IF IT EXISTS BEFORE IMPORTING THIS FILE.
Near lines: 573 Near line: 574 

WARNING: c1698.cli line 605  "SAME AS" TO EXTERNAL REFERENCE EXPORTED (c26-8) CHECK IF IT EXISTS BEFORE IMPORTING THIS FILE.
Near lines: 605 Near line: 606 

WARNING: c1698.cli line 656  "SAME AS" TO EXTERNAL REFERENCE EXPORTED (c24-7) CHECK IF IT EXISTS BEFORE IMPORTING THIS FILE.
Near lines: 656 Near line: 657 

WARNING: c1698.cli line 663  "SAME AS" TO EXTERNAL REFERENCE EXPORTED (c26-8) CHECK IF IT EXISTS BEFORE IMPORTING THIS FILE.
Near lines: 663 Near line: 664 

WARNING: c1698.cli line 699  "SAME AS" TO EXTERNAL REFERENCE EXPORTED (c6-7) CHECK IF IT EXISTS BEFORE IMPORTING THIS FILE.
Near lines: 699 Near line: 700 

WARNING: c1698.cli line 706  "SAME AS" TO EXTERNAL REFERENCE EXPORTED (c119-9) CHECK IF IT EXISTS BEFORE IMPORTING THIS FILE.
Near lines: 706 Near line: 707 

WARNING: c1698.cli line 732  "SAME AS" TO EXTERNAL REFERENCE EXPORTED (c26-8) CHECK IF IT EXISTS BEFORE IMPORTING THIS FILE.
Near lines: 732 Near line: 733 
** Processed file- /kleio-home/sources/soure/soure-sources/sources/soure_fase1/casamentos/c1698.cli
** Original file- /kleio-home/sources/soure/soure-sources/sources/soure_fase1/casamentos/c1698.org
** Previous version- /kleio-home/sources/soure/soure-sources/sources/soure_fase1/casamentos/c1698.old
** Temp file with ids- /kleio-home/sources/soure/soure-sources/sources/soure_fase1/casamentos/c1698.ids
0  errors. 
16  warnings.
Translation finished.
