ClioInput - version 2019.A1 - build 507 15/07/2019 21:58 
16-2-2020 22-9

Processing data file c1690.cli
-------------------------------------------
Generic Act translation module with geoentities (XML).
     Joaquim Ramos de Carvalho (joaquim@uc.pt) 
** New document: kleio
=========================
kleio translation started
=========================
Structure: gacto.str
Prefix: 
Autorel: 
Translation count: 1
Obs: 
** Processing source fonte$casamentos 1690
6: cas$c1690.1
40: cas$c1690.2
71: cas$c1690.3
107: cas$c1690.4
134: cas$c1690.5
165: cas$c1690.6
186: cas$c1690.7
219: cas$c1690.8
252: cas$c1690.9
279: cas$c1690.10
302: cas$c1690.11
325: cas$c1690.12
344: cas$c1690.13
367: cas$c1690.14
390: cas$c1690.15
412: cas$c1690.16
*** End of File

WARNING: c1690.cli line 54  "SAME AS" TO EXTERNAL REFERENCE EXPORTED (c24-7) CHECK IF IT EXISTS BEFORE IMPORTING THIS FILE.
Near lines: 54 Near line: 55 

WARNING: c1690.cli line 176  "SAME AS" TO EXTERNAL REFERENCE EXPORTED (padre_alvaro) CHECK IF IT EXISTS BEFORE IMPORTING THIS FILE.
Near lines: 176 Near line: 177 

WARNING: c1690.cli line 269  "SAME AS" TO EXTERNAL REFERENCE EXPORTED (c12-8) CHECK IF IT EXISTS BEFORE IMPORTING THIS FILE.
Near lines: 269 Near line: 270 
** Processed file- /kleio-home/sources/soure/soure-sources/sources/soure_fase1/casamentos/c1690.cli
** Original file- /kleio-home/sources/soure/soure-sources/sources/soure_fase1/casamentos/c1690.org
** Previous version- /kleio-home/sources/soure/soure-sources/sources/soure_fase1/casamentos/c1690.old
** Temp file with ids- /kleio-home/sources/soure/soure-sources/sources/soure_fase1/casamentos/c1690.ids
0  errors. 
3  warnings.
Translation finished.
