ClioInput - version @@VERSION@@ - build @@BUILD@@ @@DATE@@
13-6-2019 22-48

Processing data file c1701.cli
-------------------------------------------
Generic Act translation module with geoentities (XML).
     Joaquim Ramos de Carvalho (joaquim@uc.pt) 
** New document: kleio
1: kleio$gacto.str/gactoxml.str/translations=3
=========================
kleio translation started
=========================
Structure: gacto.str
Prefix: 
Autorel: 
Translation count: 3
Obs: 
2:    fonte$casamentos 1701/tipo=reg paroquiais/data=17010000/localizacao=?
3: 
** Processing source fonte$casamentos 1701
4:       cas$c1701-184/24/1/1701/igreja matriz/luis alvares pinto
5: 
6: cas$c1701-184
6:          noivo$manuel domingues/id=c184-1
7: 
8:             pnoivo$domingos cordeiro/id=c184-2
9:                ls$residencia/casal novo
10: 
11:             mnoivo$sebastiana manuel/id=c184-3
12: 
13:          noiva$maria nunes/id=c184-4
14: 
15:             pnoiva$manuel nunes/id=c184-5
16:                ls$residencia/casa velha
17: 
18:             mnoiva$domingas francisca/id=c184-6
19: 
20:          test$simao cordeiro/id=c184-7
21:             ls$residencia/casal novo
22: 
23:          test$manuel dos santos/id=c184-8
24:             ls$residencia/casal novo
25: 
26:          test$manuel jorge/id=c184-9
27:             ls$residencia/casa velha
28: 
29:       cas$c1701-185/30/1/1701/igreja matriz/luis alvares pinto
30: 
31: cas$c1701-185
31:          noivo$jose rodrigues/id=c185-1
32: 
33:             pnoivo$jose rodrigues/id=c185-2
34:                ls$residencia/casal dos louzoes
35:                ls$morto/antes
36: 
37:             mnoivo$maria rodrigues/id=c185-3
38:                ls$residencia/casal dos louzoes
39: 
40:          noiva$isabel rodrigues/id=c185-4
41: 
42:             pnoiva$jorge rodrigues/id=c185-5
43:                ls$residencia/casal do barril
44:                ls$morto/antes
45: 
46:             mnoiva$brites manuel/id=c185-6
47:                ls$residencia/casal do barril
48: 
49:          test$manuel luis/id=c185-7
50:             ls$residencia/santo isidro, freguesia da gesteira%santo isidoro
51:             ls$freguesia/gesteira
52: 
53:          test$antonio cordeiro/id=c185-8
54:             ls$residencia/casal dos louzoes
55: 
56:          test$manuel goncalves/id=c185-9
57:             ls$residencia/casal dos louzoes
58: 
59:       cas$c1701-186/31/1/1701/igreja matriz/jose pinto
60: 
61: cas$c1701-186
61:          noivo$luis joao/id=c186-1
62:             ls$residencia/casal cimeiro, freguesia de tapeus
63:             ls$freguesia/tapeus
64: 
65:             pnoivo$domingos simoes/id=c186-2
66:                ls$residencia/casal cimeiro, freguesia de tapeus
67:                ls$freguesia/tapeus
68: 
69:             mnoivo$antonia joao/id=c186-3
70:                ls$residencia/casal cimeiro, freguesia de tapeus
71:                ls$freguesia/tapeus
72:                ls$morta/antes
73: 
74:          noiva$antonia rodrigues/id=c186-4
75: 
76:             pnoiva$simao domingues/id=c186-5
77:                ls$residencia/quinta de porto coelheiro
78: 
79:             mnoiva$antonia rodrigues/id=c186-6
80: 
81:          test$simao domingues/id=c186-7
82:             ls$residencia/paleao
83: 
84:          test$antonio rodrigues/id=c186-8
85:             ls$residencia/quinta de porto coelheiro
86: 
87:          test$simao domingues/id=c186-9
88:             ls$residencia/quinta de porto coelheiro
89: 
90:       cas$c1701-187/21/2/1701/igreja matriz/luis alvares pinto
91: 
92: cas$c1701-187
92:          noivo$joao mateus/id=c187-1
93: 
94:             pnoivo$joao mateus/id=c187-2
95:                ls$residencia/casal de galinhas
96: 
97:             mnoivo$mariana rodrigues/id=c187-3
98: 
99:          noiva$maria pedroso/id=c187-4
100: 
101:             pnoiva$manuel cordeiro/id=c187-5
102:                ls$residencia/casa velha
103:                ls$morto/antes
104: 
105:             mnoiva$maria pedroso/id=c187-6
106:                ls$residencia/casa velha
107: 
108:          test$paulo ribeiro cabral/id=c187-7
109:             ls$cargo/capitao-mor de soure
110: 
111:          test$luis coelho dos reis/id=c187-8
112:             ls$cargo/escrivao dos orfaos
113: 
114:          test$mateus carvalho/id=c187-9
115:             ls$residencia/casal das brancas
116: 
117:       cas$c1701-188/21/2/1701/igreja matriz/luis alvares pinto
118: 
119: cas$c1701-188
119:          noivo$manuel cordeiro/id=c188-1
120: 
121:             pnoivo$manuel cordeiro/id=c188-2/mesmo_que=c187-5
122:                ls$morto/antes
123:                ls$residencia/casa velha
124: 
125:             mnoivo$maria pedroso/id=c188-3/mesmo_que=c187-6
126:                ls$residencia/casa velha
127: 
128:          noiva$francisco rodrigues/id=c188-4
129: 
130:             pnoiva$joao mateus/id=c188-5/mesmo_que=c187-2
131:                ls$residencia/casal de galinhas
132: 
133:             mnoiva$mariana rodrigues/id=c188-6/mesmo_que=c187-3
134: 
135:          test$paulo ribeiro cabral/id=c188-7
136:             ls$cargo/capitao-mor de soure
137:             ls$residencia/soure
138: 
139:          test$luis coelho dos reis/id=c188-8
140:             ls$cargo/juiz dos orfaos
141: 
142:          test$mateus carvalho/id=c188-9/mesmo_que=c187-9
143:             ls$residencia/casal das brancas
144: 
145:       cas$c1701-189/14/3/1701/igreja matriz/luis alvares pinto
146: 
147: cas$c1701-189
147:          noivo$manuel goncalves/id=c189-1
148: 
149:             pnoivo$manuel goncalves/id=c189-2
150:                ls$residencia/fatacos
151: 
152:             mnoivo$maria dias/id=c189-3
153: 
154:          noiva$antonia goncalves/id=c189-4
155:             rel$parentesco/grau 4c/manuel goncalves/c189-1
156: 
157:             pnoiva$mateus pereira/id=c189-5
158:                ls$residencia/casal das brancas
159: 
160:             mnoiva$antonia goncalves/id=c189-6
161:                ls$morto/antes
162: 
163:          test$paulo ribeiro cabral/id=c189-7
164:             ls$cargo/capitao-mor
165: 
166:          test$mateus carvalho/id=c189-8/mesmo_que=c187-9
167:             ls$residencia/casal das brancas
168: 
169:          test$jose de oliveira/id=c189-9
170:             ls$residencia/fatacos
171: 
172:       cas$c1701-190/4/4/1701/igreja matriz/luis alvares pinto
173: 
174: cas$c1701-190
174:          noivo$joao luis/id=c190-1
175:             ls$ec/v
176: 
177:             pnoivo$bartolomeu luis/id=c190-2
178:                ls$residencia/soure
179:                ls$morto/antes
180: 
181:             mnoivo$paula leal/id=c190-3
182:                ls$morta/antes
183: 
184:          noiva$maria goncalves/id=c190-4
185:             ls$ec/v
186: 
187:             pnoiva$domingos goncalves/id=c190-5
188:                ls$residencia/vale da borra
189: 
190:             mnoiva$maria joao/id=c190-6
191: 
192:          test$simao madeira/id=c190-7
193:             ls$residencia/casais de s.mateus
194: 
195:          test$manuel luis/id=c190-8
196: 
197:          test$domingos goncalves/id=c190-9
198:             ls$residencia/vale da borra
199: 
200:       cas$c1701-191/19/4/1701/igreja matriz/jose pinto
201: 
202: cas$c1701-191
202:          noivo$sebastiao rodrigues/id=c191-1
203: 
204:             pnoivo$mateus rodrigues/id=c191-2
205:                ls$residencia/porto coelheiro
206: 
207:             mnoivo$maria rodrigues/id=c191-3
208: 
209:          noiva$domingas duarte/id=c191-4
210:             rel$parentesco/grau 4c/sebastiao rodrigues/c191-1
211:             rel$parentesco/grau 3a/sebastiao rodrigues/c191-1
212:             rel$parentesco/grau 4a/sebastiao rodrigues/c191-1
213: 
214:             pnoiva$duarte afonso/id=c191-5
215:                ls$residencia/porto coelheiro
216: 
217:             mnoiva$brites simoes/id=c191-6
218: 
219:          test$antonio simoes/id=c191-7
220:             ls$alcunha/conde
221:             ls$residencia/porto coelheiro
222: 
223:          test$mateus rodrigues/id=c191-8
224:             ls$residencia/porto coelheiro
225: 
226:       cas$c1701-192/25/4/1701/igreja matriz/luis alvares pinto
227: 
228: cas$c1701-192
228:          noivo$manuel simoes/id=c192-1
229:             ls$residencia/gesteira, freguesia da gesteira
230:             ls$freguesia/gesteira
231: 
232:             pnoivo$antonio francisco/id=c192-2
233:                ls$residencia/gesteira, freguesia da gesteira
234:                ls$freguesia/gesteira
235: 
236:             mnoivo$maria simoes/id=c192-3
237:                ls$residencia/gesteira, freguesia da gesteira
238:                ls$freguesia/gesteira
239: 
240:          noiva$maria lopes/id=c192-4
241: 
242:             pnoiva$joao lopes/id=c192-5
243:                ls$residencia/casal novo
244:                ls$morto/antes
245: 
246:             mnoiva$maria jorge/id=c192-6
247:                ls$residencia/casal novo
248: 
249:          test$simao cordeiro/id=c192-7
250:             ls$residencia/casal novo
251: 
252:          test$manuel luis/id=c192-8
253:             ls$residencia/casa velha
254: 
255:       cas$c1701-193/25/4/1701/igreja matriz/luis alvares pinto
256: 
257: cas$c1701-193
257:          noivo$manuel joao/id=c193-1
258: 
259:             pnoivo$jorge joao/id=c193-2
260:                ls$residencia/moinho da caldeirinha, limite dos simoes
261: 
262:             mnoivo$catarina simoes/id=c193-3
263: 
264:          noiva$maria francisca/id=c193-4
265: 
266:             pnoiva$manuel lourenco/id=c193-5
267:                ls$residencia/simoes
268: 
269:             mnoiva$maria francisca/id=c193-6
270: 
271:          test$manuel soares coelho/id=c193-7
272:             ls$residencia/soure
273: 
274:          test$manuel lourenco/id=c193-8
275:             ls$residencia/freguesia da redinha
276:             ls$freguesia/redinha
277: 
278:       cas$c1701-194/1/5/1701/igreja matriz/luis alvares pinto
279: 
280: cas$c1701-194
280:          noivo$jose nunes/id=c194-1
281: 
282:             pnoivo$manuel nunes/id=c194-2
283:                ls$residencia/casa velha
284:                ls$morto/antes
285: 
286:             mnoivo$isabel francisca/id=c194-3
287:                ls$residencia/casa velha
288: 
289:          noiva$mariana da costa/id=c194-4
290: 
291:             pnoiva$manuel alves/id=c194-5
292:                ls$morto/antes
293:                ls$residencia/casa velha
294: 
295:             mnoiva$maria da costa/id=c194-6
296: 
297:          test$antonio de melo e ataide/id=c194-7
298:             ls$residencia/quinta da capa rota/obs= na sua quinta...
299: 
300:          test$domingos lopes/id=c194-8
301:             ls$residencia/casa velha
302: 
303:       cas$c1701-195/26/5/1701/igreja matriz/luis alvares pinto
304: 
305: cas$c1701-195
305:          noivo$domingos goncalves/id=c195-1
306: 
307:             pnoivo$manuel goncalves/id=c195-2
308:                ls$morto/antes
309:                ls$residencia/alencarce de baixo
310: 
311:             mnoivo$ana simoes/id=c195-3
312:                ls$morta/antes
313:                ls$residencia/alencarce de baixo
314: 
315:          noiva$isabel francisca/id=c195-4
316: 
317:             pnoiva$manuel alves/id=c195-5
318:                ls$residencia/alencarce de cima
319: 
320:             mnoiva$maria ferreira/id=c195-6
321: 
322:          test$domingos goncalves/id=c195-7
323:             ls$residencia/casais do espirito santo
324:             ls$profissao/padre
325: 
326:          test$manuel ferreira/id=c195-8
327:             ls$residencia/casal das arcas
328: 
329:       cas$c1701-196/17/6/1701/igreja matriz/luis alvares pinto
330: 
331: cas$c1701-196
331:          noivo$manuel cordeiro/id=c196-1
332:             ls$residencia/freguesia de vila nova de ancos
333:             ls$freguesia/vila nova de ancos
334: 
335:             pnoivo$francisco fernandes/id=c196-2
336:                ls$residencia/freguesia de vila nova de ancos
337:                ls$freguesia/vila nova de ancos
338: 
339:             mnoivo$maria cordeiro/id=c196-3
340:                ls$residencia/freguesia de vila nova de ancos
341:                ls$freguesia/vila nova de ancos
342: 
343:          noiva$angela de oliveira/id=c196-4
344: 
345:             pnoiva$domingos simoes/id=c196-5
346:                ls$residencia/pouca pena
347: 
348:             mnoiva$maria de oliveira/id=c196-6
349: 
350:          test$simao esteves/id=c196-7
351:             ls$residencia/freguesia de vila nova de ancos
352:             ls$freguesia/vila nova de ancos
353: 
354:          test$manuel monteiro/id=c196-8
355:             ls$residencia/soure
356: 
357:          test$manuel rodrigues/id=c196-9
358:             ls$residencia/soure
359:             ls$cargo/tesoureiro da vila
360: 
361:       cas$c1701-197/27/6/1701/igreja matriz/luis alvares pinto
362: 
363: cas$c1701-197
363:          noivo$marcos joao/id=c197-1
364: 
365:             pnoivo$simao carvalho/id=c197-2
366:                ls$residencia/casais dos simoes
367: 
368:             mnoivo$ana simoes/id=c197-3
369: 
370:          noiva$catarina joao/id=c197-4
371: 
372:             pnoiva$manuel lopes/id=c197-5
373:                ls$morto/antes
374:                ls$residencia/mogadouro
375: 
376:             mnoiva$maria joao/id=c197-6
377:                ls$morta/antes
378:                ls$residencia/mogadouro
379: 
380:          test$antonio ferreira/id=c197-7
381:             ls$residencia/mogadouro
382: 
383:          test$manuel andre/id=c197-8
384:             ls$residencia/barrosas
385: 
386:       cas$c1701-198/3/7/1701/igreja matriz/jose pinto
387: 
388: cas$c1701-198
388:          noivo$joao leao/id=c198-1
389: 
390:             pnoivo$manuel vaz leao/id=c198-2
391:                ls$residencia/casa velha
392: 
393:             mnoivo$maria jorge/id=c198-3
394: 
395:          noiva$maria da costa/id=c198-4
396: 
397:             pnoiva$manuel francisco/id=c198-5
398:                ls$residencia/casa velha
399: 
400:             mnoiva$joana da costa/id=c198-6
401: 
402:          test$filipe da costa/id=c198-7
403:             ls$residencia/casa velha
404: 
405:          test$manuel francisco gabriel/id=c198-8
406:             ls$residencia/casa velha
407: 
408:       cas$c1701-199/29/8/1701/igreja matriz/jose pinto
409: 
410: cas$c1701-199
410:          noivo$manuel da costa/id=c199-1
411: 
412:             pnoivo$manuel da costa/id=c199-2
413:                ls$residencia/carregosa
414:                ls$freguesia/gesteira
415: 
416:             mnoivo$maria francisca/id=c199-3
417: 
418:          noiva$antonia francisca/id=c199-4
419: 
420:             pnoiva$manuel fernandes/id=c199-5
421:                ls$morto/antes
422:                ls$residencia/casa velha
423: 
424:             mnoiva$catarina goncalves/id=c199-6
425:                ls$residencia/casa velha
426: 
427:          test$antonio lopes/id=c199-7
428:             ls$residencia/soure
429:             ls$profissao/alfaiate
430: 
431:          test$manuel lopes/id=c199-8
432:             ls$residencia/casa velha
433:             ls$profissao/alfaiate
434: 
435:          test$manuel francisco gabriel/id=c199-9/mesmo_que=c198-8
436:             ls$residencia/casa velha
437: 
438:       cas$c1701-200/10/10/1701/igreja matriz/luis alvares pinto
439: 
440: cas$c1701-200
440:          noivo$manuel simoes/id=c200-1
441: 
442:             pnoivo$manuel simoes/id=c200-2
443:                ls$residencia/cavaleiros
444: 
445:             mnoivo$maria jorge/id=c200-3
446: 
447:          noiva$francisca rodrigues/id=c200-4
448: 
449:             pnoiva$manuel rodrigues/id=c200-5
450:                ls$residencia/eureca%ourasa ou oureja#pela proximidade
451: 
452:             mnoiva$maria cardoso/id=c200-6
453: 
454:          test$francisco simoes/id=c200-7
455:             ls$residencia/cavaleiros
456: 
457:          test$mateus goncalves/id=c200-8
458:             ls$residencia/cavaleiros
459: 
460:          test$manuel rodrigues centeio/id=c200-9/obs=este aparece na camara
461:             ls$residencia/eureca
462: 
463:       cas$c1701-201/6/11/1701/igreja matriz/luis alvares pinto
464: 
465: cas$c1701-201
465:          noivo$domingos rodrigues/id=c201-1
466: 
467:             pnoivo$manuel simoes/id=c201-2
468:                ls$residencia/casal dos feijoes
469: 
470:             mnoivo$isabel rodrigues/id=c201-3
471: 
472:          noiva$agueda da conceicao/id=c201-4
473: 
474:             pnoiva$jorge rodrigues/id=c201-5
475:                ls$morto/antes
476:                ls$residencia/casal do barril
477: 
478:             mnoiva$brites manuel/id=c201-6
479:                ls$residencia/casal do barril
480: 
481:          test$manuel rodrigues/id=c201-7
482:             ls$residencia/casal dos feijoes
483: 
484:          test$antonio rodrigues/id=c201-8
485:             ls$residencia/casal dos feijoes
486: 
487:          test$antonio jorge/id=c201-9
488:             ls$residencia/sobral
489: 
490:       cas$c1701-202/7/11/1701/igreja matriz/luis alvares pinto
491: 
492: cas$c1701-202
492:          noivo$joao goncalves vargues/id=c202-1
493: 
494:             pnoivo$antonio goncalves vargues/id=c202-2
495:                ls$morto/antes
496:                ls$residencia/sobral
497: 
498:             mnoivo$isabel da fonseca/id=c202-3
499:                ls$morta/antes
500:                ls$residencia/sobral
501: 
502:          noiva$domingas rodrigues/id=c202-4
503: 
504:             pnoiva$mateus rodrigues/id=c202-5
505:                ls$residencia/sobral
506: 
507:             mnoiva$isabel goncalves/id=c202-6
508:                ls$morta/antes
509: 
510:          test$manuel rodrigues/id=c202-7
511:             ls$residencia/casal dos feijoes
512: 
513:          test$antonio rodrigues/id=c202-8
514:             ls$residencia/casal dos feijoes
515: 
516:          test$antonio jorge/id=c202-9
517:             ls$residencia/sobral
518: 
519:       cas$c1701-203/7/11/1701/igreja matriz/luis alvares pinto
520: 
521: cas$c1701-203
521:          noivo$manuel rodrigues/id=c203-1
522: 
523:             pnoivo$antonio rodrigues/id=c203-2
524:                ls$residencia/sobral
525: 
526:             mnoivo$maria domingues/id=c203-3
527: 
528:          noiva$domingas jorge/id=c203-4
529: 
530:             pnoiva$simao jorge/id=c203-5
531:                ls$residencia/casal de marzagao
532: 
533:             mnoiva$maria rodrigues/id=c203-6
534: 
535:          test$jorge luis/id=c203-7
536:             ls$residencia/sobral
537: 
538:          test$simao domingues/id=c203-8
539:             ls$residencia/sobral
540: 
541:          test$manuel rodrigues pachancas/id=c203-9/obs=aparece na camara?
542:             ls$residencia/sobral
543: 
544:       cas$c1701-204/20/11/1701/igreja matriz/luis alvares pinto
545: 
546: cas$c1701-204
546:          noivo$jose rodrigues da gante/id=c204-1
547: 
548:             pnoivo$antonio rodrigues da gante/id=c204-2
549:                ls$residencia/moinhos do paleao
550: 
551:             mnoivo$maria rodrigues/id=c204-3
552: 
553:          noiva$antonia gomes/id=c204-4
554: 
555:             pnoiva$manuel gomes/id=c204-5
556:                ls$residencia/casal de porto das cabras
557: 
558:             mnoiva$maria simoes/id=c204-6
559: 
560:          test$manuel rodrigues alvaro/id=c204-7
561:             ls$profissao/padre
562:             ls$residencia/soure
563: 
564:          test$manuel rodrigues/id=c204-8
565:             ls$residencia/casal dos feijoes
566: 
567:          test$luis rodrigues/id=c204-9
568:             ls$residencia/casal dos feijoes
569: 
570:       cas$c1701-205/21/11/1701/igreja matriz/luis alvares pinto
571: 
572: cas$c1701-205
572:          noivo$joao francisco/id=c205-1
573: 
574:             pnoivo$manuel francisco/id=c205-2
575:                ls$residencia/sobral
576: 
577:             mnoivo$domingas joao/id=c205-3
578:                ls$morta/antes
579: 
580:          noiva$isabel joao/id=c205-4
581: 
582:             pnoiva$domingos luis/id=c205-5
583:                ls$residencia/mogadouro
584: 
585:             mnoiva$catarina joao/id=c205-6
586: 
587:          test$miguel fernandes dos netos/id=c205-7
588:             ls$residencia/vascos, freguesia de almaca?/obs=ver cas.208
589:             ls$freguesia/almaca/obs=confirmar
590: 
591:          test$manuel cordeiro/id=c205-8
592:             ls$profissao/padre
593:             ls$residencia/soure
594: 
595:          test$manuel rodrigues/id=c205-9
596:             ls$residencia/carreira
597: 
598:       cas$c1701-208/21/11/1701/igreja matriz/luis alvares pinto/obs=fora de ordem no livro
599: 
600: cas$c1701-208
600:          noivo$domingos joao/id=c208-1
601: 
602:             pnoivo$manuel domingues/id=c208-2
603:                ls$residencia/casal dos baixos, freguesia de almaca?
604:                ls$freguesia/almaca?
605: 
606:             mnoivo$isabel joao/id=c208-3
607:                ls$residencia/casal dos baixos, freguesia de almaca?
608:                ls$freguesia/almaca?
609: 
610:          noiva$isabel francisca/id=c208-4
611: 
612:             pnoiva$martim? francisco/id=c208-5
613:                ls$residencia/sobral
614: 
615:             mnoiva$domingas joao/id=c208-6
616:                ls$morta/antes
617: 
618:          test$manuel fernandes dos netos/id=c208-7
619:             ls$residencia/vascos, freguesia de almaca?
620:             ls$freguesia/almaca
621: 
622:          test$joao ferreira/id=c208-8
623:             ls$residencia/soure
624: 
625:          test$manuel cordeiro/id=c208-9
626:             ls$profissao/padre
627:             ls$residencia/soure
628: 
629:       cas$c1701-206/26/11/1701/igreja da misericordia/luis ribeiro
630: 
631: cas$c1701-206
631:          referido$luis ribeiro/id=206-r1
632:             ls$profissao/padre
633:             ls$cargo/capelao da misericordia
634: 
635:          noivo$joao da costa/id=c206-1
636: 
637:             pnoivo$antonio goncalves/id=c206-2
638:                ls$residencia/assamassa
639: 
640:             mnoivo$maria da costa/id=c206-3
641: 
642:          noiva$catarina ferreira/id=c206-4
643: 
644:             pnoiva$domingos rodrigues/id=c206-5
645:                ls$residencia/casal do rei
646:                ls$morto/antes
647: 
648:             mnoiva$antonia ferreira#ou francisca ver casamento 125/f/id=c206-6
649:                ls$residencia/casal do rei
650: 
651:          test$vicente colaco/id=c206-7
652:             ls$residencia/soure
653: 
654:          test$jose pinto/id=c206-8
655:             ls$residencia/soure
656: 
657:          test$antonio lourenco/id=c206-9
658:             ls$residencia/soure
659: 
660:       cas$c1701-207/27/11/1701/igreja matriz/luis alvares pinto/obs=falta a morada do noivo e pais
661: 
662: cas$c1701-207
662:          noivo$manuel martins/id=c207-1
663: 
664:             pnoivo$gaspar martins/id=c207-2
665:                ls$morto/antes
666: 
667:             mnoivo$maria martins/id=c207-3
668: 
669:          noiva$isabel ramos/id=c207-4
670: 
671:             pnoiva$simao joao/id=c207-5
672:                ls$residencia/cascao
673: 
674:             mnoiva$catarina ramos/id=c207-6
675: 
676:          test$manuel/id=c207-7
677:             ls$cargo/tesoureiro
678:             ls$residencia/cascao?
679: 
680:          test$jorge francisco/id=c207-8
681:             ls$residencia/cascao
682: 
683:          test$antonio madeira/id=c207-9
684:             ls$residencia/cascao
685: *** End of File
** Processed file- /Users/jrc/mhk-home/sources/soure/soure-sources/sources/soure_fase1/casamentos/c1701.cli
** Original file- /Users/jrc/mhk-home/sources/soure/soure-sources/sources/soure_fase1/casamentos/c1701.org
** Previous version- /Users/jrc/mhk-home/sources/soure/soure-sources/sources/soure_fase1/casamentos/c1701.old
** Temp file with ids- /Users/jrc/mhk-home/sources/soure/soure-sources/sources/soure_fase1/casamentos/c1701.ids
0  errors. 
0  warnings.
Translation finished.
