ClioInput - version @@VERSION@@ - build @@BUILD@@ @@DATE@@
10-8-2018 14-11

Processing data file /Users/jrc/mhk-home/sources/soure/documents/casamentos/c1708.cli
-------------------------------------------
Generic Act translation module with geoentities (XML).
     Joaquim Ramos de Carvalho (joaquim@uc.pt) 
** New document: kleio
=========================
kleio translation started
=========================
Structure: gacto.str
Prefix: 
Autorel: 
Translation count: 
Obs: 
Translation count not set or invalid, counting as zero: 
** Processing source fonte$casamentos 1708
6: cas$c1708.1
35: cas$c1708.2
64: cas$c1708.3
91: cas$c1708.4
116: cas$c1708.5
147: cas$c1708.6
172: cas$c1708.7
194: cas$c1708.8
228: cas$c1708.10
254: cas$c1708.11

/Users/jrc/mhk-home/sources/soure/documents/casamentos/c1708.cli:256:** Failure: undefined element. 


ERROR: c1708.cli line 255 ** Failure: undefined element. 
Near line: 255             ls$profissao/padre/obs=celebra casamento em 23/4/1708
Near line: 256             ls$cargo/capelao da misericordia

286: cas$c1708.12
315: cas$c1708.13
342: cas$c1708.14
368: cas$c1708.15
393: cas$c1708.16
418: cas$c1708.17
444: cas$c1708.18
474: cas$c1708.19
499: cas$c1708.20
524: cas$c1708.21
549: cas$c1708.22
576: cas$c1708.23
603: cas$c1708.24
628: cas$c1708.25
653: cas$c1708.26
678: cas$c1708.27
*** End of File
1  errors. 
0  warnings.
Translation finished.
