ClioInput - version @@VERSION@@ - build @@BUILD@@ @@DATE@@
10-8-2018 14-7

Processing data file /Users/jrc/mhk-home/sources/soure/documents/casamentos/c1700.cli
-------------------------------------------
Generic Act translation module with geoentities (XML).
     Joaquim Ramos de Carvalho (joaquim@uc.pt) 
** New document: kleio
=========================
kleio translation started
=========================
Structure: gacto.str
Prefix: 
Autorel: 
Translation count: 1
Obs: 
** Processing source fonte$casamentos 1700
6: cas$1700-142
41: cas$1700-143

/Users/jrc/mhk-home/sources/soure/documents/casamentos/c1700.cli:44:destination id of "same as" not found. Will check again at the end of file.


WARNING: c1700.cli line 43 destination id of "same as" not found. Will check again at the end of file.
Near line: 43             pnoivo$manuel mateus/id=c143-2/mesmo_que=c117-5
Near line: 44                ls$morto/antes


/Users/jrc/mhk-home/sources/soure/documents/casamentos/c1700.cli:48:destination id of "same as" not found. Will check again at the end of file.


WARNING: c1700.cli line 47 destination id of "same as" not found. Will check again at the end of file.
Near line: 47             mnoivo$madalena dos santos/id=c143-3/mesmo_que=c117-6
Near line: 48                ls$morta/antes

73: cas$1700-144
106: cas$1700-145
139: cas$1700-146
164: cas$1700-147
188: cas$1700-148

/Users/jrc/mhk-home/sources/soure/documents/casamentos/c1700.cli:209:destination id of "same as" not found. Will check again at the end of file.


WARNING: c1700.cli line 208 destination id of "same as" not found. Will check again at the end of file.
Near line: 208          test$jose barbosa canais/mesmo_que=c148-8/id=1700-148-per1
Near line: 209             ls$residencia/soure

216: cas$1700-149
241: cas$1700-150
269: cas$1700-151
298: cas$1700-152
325: cas$1700-153
352: cas$1700-154
378: cas$1700-155
403: cas$1700-156
429: cas$1700-157
455: cas$1700-158
483: cas$1700-159
511: cas$1700-160
544: cas$1700-161
572: cas$1700-162
606: cas$1700-163
632: cas$1700-164
655: cas$1700-165
689: cas$1700-166
719: cas$1700-167
744: cas$1700-168
772: cas$1700-169
800: cas$1700-170
827: cas$1700-171
853: cas$1700-172
885: cas$1700-173
914: cas$1700-174
942: cas$1700-175
975: cas$1700-176
1002: cas$1700-177
1027: cas$1700-178
1056: cas$1700-179
1081: cas$1700-180
1107: cas$1700-181
1132: cas$1700-182
1159: cas$1700-183
*** End of File
ERROR:  Could not find same_as id c117-5 referred in line 44. If  original reference is on another file use xsame_as

ERROR:  Could not find same_as id c117-6 referred in line 48. If  original reference is on another file use xsame_as

ERROR:  Could not find same_as id c148-8 referred in line 209. If  original reference is on another file use xsame_as

3  errors. 
3  warnings.
Translation finished.
