ClioInput - version @@VERSION@@ - build @@BUILD@@ @@DATE@@
13-6-2019 22-48

Processing data file c1705.cli
-------------------------------------------
Generic Act translation module with geoentities (XML).
     Joaquim Ramos de Carvalho (joaquim@uc.pt) 
** New document: kleio
1: kleio$gacto.str/gactoxml.str/translations=3
=========================
kleio translation started
=========================
Structure: gacto.str
Prefix: 
Autorel: 
Translation count: 3
Obs: 
2:    fonte$casamentos 1705/tipo=reg paroquiais/data=17050000/localizacao=?
3: 
** Processing source fonte$casamentos 1705
4:       cas$c1705-283/11/1/1705/igreja de misericordia/luis ribeiro
5: 
6: cas$c1705-283
6:          noivo$antonio goncalves/id=c283-1
7: 
8:             pnoivo$ventura goncalves/id=c283-2
9:                ls$residencia/casal da corujeira
10: 
11:             mnoivo$maria mendes/id=c283-3
12: 
13:          noiva$maria da silva/id=c283-4
14:             ls$residencia/corujeira
15: 
16:             pnoiva$joao goncalves/id=c283-5
17:                ls$morto/antes
18:                ls$residencia/casal do outeiro/obs=junto dos matos
19: 
20:             mnoiva$maria luis/id=c283-6
21:                ls$morta/antes
22:                ls$residencia/casal do outeiro/obs=junto dos matos
23: 
24:          test$luis manhos/id=c283-7
25:             ls$residencia/soure
26: 
27:          test$manuel rodrigues serrao/id=c283-8
28:             ls$residencia/soure
29: 
30:          test$manuel jorge corujeiro/id=c283-9
31:             ls$residencia/corujeira
32: 
33:       cas$c1705-284/13/1/1705/igreja matriz/luis alvares pinto/obs=a data esta errada no assento
34: 
35: cas$c1705-284
35:          noivo$jacinto da silva/id=c284-1
36:             ls$residencia/couto do lourical, freguesia do lourical
37:             ls$freguesia/lourical
38: 
39:             pnoivo$joao correia/id=c284-2
40:                ls$morto/antes
41:                ls$residencia/couto do lourical, freguesia do lourical
42:                ls$freguesia/lourical
43: 
44:             mnoivo$maria francisca/id=c284-3
45:                ls$residencia/couto do lourical, freguesia do lourical
46:                ls$freguesia/lourical
47: 
48:          noiva$maria pereira/id=c284-4
49: 
50:             pnoiva$luis figueiredo/id=c284-5
51:                ls$residencia/soure
52: 
53:             mnoiva$isabel pereira/id=c284-6
54:                ls$morto/antes
55: 
56:          test$manuel de teixeira/id=c284-7
57:             ls$residencia/soure
58: 
59:          test$sebastiao goncalves/id=c284-8
60:             ls$residencia/soure
61: 
62:          test$jose velho/id=c284-9
63:             ls$residencia/soure
64: 
65:       cas$c1705-285/18/1/1705/igreja matriz/luis alvares pinto
66: 
67: cas$c1705-285
67:          noivo$joao gomes/id=c285-1
68:             ls$residencia/lagoinhas, freguesia almagreira
69:             ls$freguesia/almagreira
70: 
71:             pnoivo$joao gomes/id=c285-2
72:                ls$residencia/lagoinhas, freguesia almagreira
73:                ls$freguesia/almagreira
74: 
75:             mnoivo$domingas lourenca/id=c285-3
76:                ls$morta/antes
77:                ls$residencia/lagoinhas, freguesia almagreira
78:                ls$freguesia/almagreira
79: 
80:          noiva$sebastiana rodrigues/id=c285-4
81: 
82:             pnoiva$domingos rodrigues/id=c285-5
83:                ls$morto/antes
84:                ls$residencia/sobral
85: 
86:             mnoiva$francisca joao palaia/id=c285-6
87: 
88:          test$mateus rodrigues/id=c285-7
89:             ls$residencia/sobral
90: 
91:          test$antonio gomes/id=c285-8
92:             ls$residencia/carrascos, freguesia da almagreira
93:             ls$freguesia/almagreira
94: 
95:          test$joao gomes/id=c285-9
96:             ls$residencia/carrascos, freguesia da almagreira
97:             ls$freguesia/almagreira
98: 
99:       cas$c1705-286/19/1/1705/igreja matriz/luis alvares pinto
100: 
101: cas$c1705-286
101:          noivo$joao rodrigues/id=c286-1
102: 
103:             pnoivo$manuel rodrigues/id=c286-2
104:                ls$residencia/casal da charneca
105: 
106:             mnoivo$maria dias/id=c286-3
107: 
108:          noiva$mariana ferreira/id=c286-4
109: 
110:             pnoiva$jose de oliveira/id=c286-5
111:                ls$residencia/casal dos fatacos
112: 
113:             mnoiva$maria ferreira/id=c286-6
114:                ls$morta/antes
115: 
116:          test$bras ferreira/id=c286-7
117:             ls$residencia/becos
118: 
119:          test$domingos pires/id=c286-8
120:             ls$residencia/casal da charneca
121: 
122:          test$manuel rodrigues centeio/id=c286-9
123:             ls$residencia/casal da charneca
124: 
125:       cas$c1705-287/29/1/1705/igreja matriz/luis alvares pinto
126: 
127: cas$c1705-287
127:          noivo$manuel jorge/id=c287-1
128:             ls$residencia/vale de nabal, freguesia de almagreira
129:             ls$freguesia/almagreira
130: 
131:             pnoivo$andre luis/id=c287-2
132:                ls$morto/antes
133:                ls$residencia/vale de nabal, freguesia de almagreira
134:                ls$freguesia/almagreira
135: 
136:             mnoivo$isabel jorge/id=c287-3
137:                ls$morta/antes
138: 
139:          noiva$maria rodrigues/id=c287-4
140: 
141:             pnoiva$manuel rodrigues/id=c287-5
142:                ls$residencia/casal dos louzoes
143: 
144:             mnoiva$maria rodrigues/id=c287-6
145: 
146:          test$andre luis/id=c287-7
147:             ls$residencia/vale de nabal, freguesia de almagreira
148:             ls$freguesia/almagreira
149: 
150:          test$manuel luis/id=c287-8
151:             ls$residencia/vale de nabal, freguesia de almagreira
152:             ls$freguesia/almagreira
153: 
154:          test$manuel goncalves perdigao/id=c287-9
155:             ls$residencia/louzoes
156: 
157:       cas$c1705-288/8/2/1705/igreja matriz/luis alvares pinto
158: 
159: cas$c1705-288
159:          noivo$manuel jorge/id=c288-1
160: 
161:             pnoivo$jose luis/id=c288-2
162:                ls$morto/antes
163:                ls$residencia/casal da corujeira
164: 
165:             mnoivo$domingas jorge/id=c288-3
166: 
167:          noiva$sebastiana da silva/id=c288-4
168:             ls$residencia/casal da corujeira
169: 
170:             pnoiva$joao goncalves/id=c288-5
171:                ls$residencia/casal do carvalho/obs=junto aos netos
172:                ls$morto/antes
173: 
174:             mnoiva$maria luis/id=c288-6
175:                ls$residencia/casal do carvalho/obs=junto aos netos
176:                ls$morta/antes
177: 
178:          test$sebastiao machado/id=c288-7
179:             ls$residencia/soure
180: 
181:          test$antonio lourenco/id=c288-8
182:             ls$residencia/soure
183: 
184:          test$manuel jorge/id=c288-9
185:             ls$residencia/corujeira
186: 
187:       cas$c1705-289/9/2/1705/igreja matriz/luis alvares pinto
188: 
189: cas$c1705-289
189:          noivo$joao domingues/id=c289-1
190: 
191:             pnoivo$pedro domingues/id=c289-2
192:                ls$residencia/paleao
193: 
194:             mnoivo$francisca rodrigues/id=c289-3
195: 
196:          noiva$maria leao/id=c289-4
197: 
198:             pnoiva$manuel madeira/id=c289-5
199:                ls$residencia/paleao
200: 
201:             mnoiva$maria leao/id=c289-6
202: 
203:          test$manuel rodrigues alvaro/id=c289-7
204:             ls$profissao/padre
205:             ls$residencia/soure
206: 
207:          test$joao rodrigues alvaro/id=c289-8
208:             ls$residencia/soure
209:             rel$parentesco/irmao/manuel rodrigues alvaro/c289-7
210: 
211:          test$joao gaspar/id=c289-9
212:             ls$residencia/paleao
213: 
214:       cas$c1705-290/9/2/1705/igreja matriz/luis alvares pinto
215: 
216: cas$c1705-290
216:          noivo$domingos lopes/id=c290-1
217: 
218:             pnoivo$manuel joao/id=c290-2
219:                ls$residencia/campeias, freguesia da ega
220:                ls$freguesia/ega
221: 
222:             mnoivo$domingas simoes/id=c290-3
223: 
224:          noiva$domingas rodrigues/id=c290-4
225: 
226:             pnoiva$pedro domingos/id=c290-5
227:                ls$morto/antes
228:                ls$residencia/paleao
229: 
230:             mnoiva$francisca rodrigues/id=c290-6
231:                ls$morta/antes
232:                ls$residencia/paleao
233: 
234:          test$manuel rodrigues alvaro/id=c290-7/mesmo_que=c289-7
235:             ls$profissao/padre
236:             ls$residencia/soure
237: 
238:          test$joao rodrigues alvaro/id=c290-8/mesmo_que=c289-8
239:             ls$residencia/soure
240:             rel$parentesco/irmao/manuel rodrigues alvaro/c289-7
241: 
242:          test$joao gaspar/id=c290-9/mesmo_que=c289-9
243:             ls$residencia/paleao
244: 
245:       cas$c1705-291/23/3/1705/igreja matriz/luis alvares pinto
246: 
247: cas$c1705-291
247:          noivo$antonio duarte/id=c291-1
248:             ls$residencia/valada, freguesia da gesteira
249:             ls$freguesia/gesteira
250: 
251:             pnoivo$domingos duarte/id=c291-2
252:                ls$residencia/valada, freguesia da gesteira
253:                ls$freguesia/gesteira
254: 
255:             mnoivo$maria domingues/id=c291-3
256:                ls$residencia/valada, freguesia da gesteira
257:                ls$freguesia/gesteira
258: 
259:          noiva$maria francisca/id=c291-4
260:             ls$residencia/louzoes
261: 
262:             pnoiva$manuel domingues/id=c291-5/obs=talvez ja defunto
263:                ls$residencia/vale da borra
264: 
265:             mnoiva$francisca goncalves/id=c291-6/obs=talvez ja defunta
266:                ls$residencia/vale da borra
267: 
268:          test$mateus duarte/id=c291-7
269:             ls$residencia/freguesia de vinha da rainha
270:             ls$freguesia/vinha da rainha
271: 
272:          test$manuel duarte/id=c291-8
273:             ls$residencia/piquete, freguesia da gesteira
274:             ls$freguesia/gesteira
275: 
276:          test$luis carvalho/id=c291-9
277:             ls$residencia/valada, freguesia da gesteira
278:             ls$freguesia/gesteira
279: 
280:       cas$c1705-292/31/3/1705/igreja matriz/luis alvares pinto
281: 
282: cas$c1705-292
282:          noivo$antonio leao/id=c292-1
283: 
284:             pnoivo$manuel leao/id=c292-2
285:                ls$residencia/casal da lage%lagem/obs=no seu casal
286: 
287:             mnoivo$maria francisca/id=c292-3
288: 
289:          noiva$catarina domingues/id=c292-4
290: 
291:             pnoiva$manuel domingues/id=c292-5
292:                ls$residencia/casal do leonel/obs=no seu casal
293: 
294:             mnoiva$maria rodrigues/id=c292-6
295: 
296:          test$luis ferreira/id=c292-7
297:             ls$residencia/lage%lagem
298: 
299:          test$manuel cordeiro/id=c292-8
300:             ls$residencia/casal do vinagre
301: 
302:          test$domingos leao/id=c292-9
303:             ls$residencia/lage
304: 
305:       cas$c1705-293/10/5/1705/igreja matriz/luis alvares pinto
306: 
307: cas$c1705-293
307:          noivo$antonio madeira/id=c293-1
308: 
309:             pnoivo$francisco madeira/id=c293-2/obs=atencao a este sujeito parece ter relacao estavel com antonia goncalves, a menos que seja legitima.
310:                ls$residencia/alencarce de baixo
311: 
312:             mnoivo$antonia goncalves/id=c293-3
313:                ls$residencia/cascao
314: 
315:          noiva$francisca madeira/id=c293-4
316: 
317:             pnoiva$antonio madeira/id=c293-5
318:                ls$residencia/cascao
319: 
320:             mnoiva$isabel francisca/id=c293-6
321:                ls$morta/antes
322: 
323:          test$bento rodrigues/id=c293-7
324:             ls$residencia/cascao
325: 
326:          test$jorge fernandes/id=c293-8
327:             ls$residencia/cascao
328: 
329:          test$mateus goncalves galhim/id=c293-9
330:             ls$residencia/alencarce de cima
331: 
332:       cas$c1705-294/4/6/1705/igreja matriz/luis alvares pinto
333: 
334: cas$c1705-294
334:          noivo$luis araujo pereira/id=c294-1
335:             ls$residencia/Leiria, freguesia de ?
336:             ls$freguesia/leiria ?
337:             ls$bispado/leiria
338: 
339:             pnoivo$felix araujo de moura/id=c294-2
340:                ls$cargo/capitao
341:                ls$residencia/Leiria, freguesia de ?
342:                ls$freguesia/leiria ?
343:                ls$bispado/leiria
344: 
345:             mnoivo$maria pereira de amaral/id=c294-3
346:                ls$residencia/Leiria, freguesia de ?
347:                ls$freguesia/leiria ?
348:                ls$bispado/leiria
349: 
350:          noiva$maria madalena ferreira/id=c294-4
351:             ls$titulo/dona
352: 
353:             pnoiva$francisco rodrigues velho/id=c294-5
354:                ls$morto/antes
355:                ls$residencia/soure
356: 
357:             mnoiva$madalena maria/id=c294-6
358:                ls$titulo/dona
359:                ls$residencia/soure
360: 
361:          test$antonio de meneses/id=c294-7
362:             ls$titulo/dom
363:             ls$residencia/soure
364: 
365:          test$luis manhos de abreu/id=c294-8
366:             ls$residencia/soure
367: 
368:          test$sebastiao soares coelho/id=c294-9
369:             ls$residencia/soure
370: 
371:          referido$henrique barbosa canais/id=c294-r1
372:             ls$residencia/soure
373:             rel$parentesco/primo/maria madalena ferreira/c294-4
374:             rel$sociabilidade/procurador em casamento/maria madalena ferreira/c294-4
375: 
376:       cas$c1705-295/17/6/1705/igreja matriz/joao de barros
377: 
378: cas$c1705-295
378:          referido$joao de barros/id=c295-r1
379:             ls$profissao/padre/obs=celebra casamento 295 em 17-6-1705
380: 
381:          noivo$jose de barros/id=c295-1
382: 
383:             pnoivo$manuel francisco barreira/id=c295-2
384:                ls$residencia/soure
385: 
386:             mnoivo$maria de barros/id=c295-3
387: 
388:          noiva$teresa marques/id=c295-4
389: 
390:             pnoiva$joao da fonseca/id=c295-5
391:                ls$morto/antes
392:                ls$residencia/soure
393: 
394:             mnoiva$maria marques/id=c295-6
395: 
396:          test$manuel rodrigues/id=c295-7
397:             ls$residencia/carreira?
398: 
399:          test$manuel rodrigues alvaro/id=c295-8
400:             ls$residencia/soure
401:             ls$profissao/padre
402: 
403:          test$manuel duarte/id=c295-9
404:             ls$profissao/padre
405:             ls$titulo/frei
406:             ls$residencia/soure
407: 
408:       cas$c1705-296/2/8/1705/misericordia/luis ribeiro
409: 
410: cas$c1705-296
410:          noivo$manuel leao/id=c296-1
411: 
412:             pnoivo$manuel leao/id=c296-2
413:                ls$residencia/casal da lage%lagem
414: 
415:             mnoivo$maria francisca/id=c296-3
416: 
417:          noiva$isabel madeira/id=c296-4
418: 
419:             pnoiva$manuel rodrigues trabelho?/id=c296-5
420:                ls$residencia/casal da lage%lagem
421:                ls$morto/antes
422: 
423:             mnoiva$maria madeira/id=c296-6
424:                ls$morta/antes
425:                ls$residencia/casal da lage%lagem
426: 
427:          test$domingos joao/id=c296-7
428:             ls$residencia/alencarce
429: 
430:          test$ascenso rodrigues/id=c296-8
431:             ls$residencia/lage%lagem
432: 
433:          test$domingos rodrigues trabelho/id=c296-9
434:             ls$residencia/barril
435: 
436:       cas$c1705-297/3/8/1705/igreja matriz/luis alvares pinto
437: 
438: cas$c1705-297
438:          noivo$joao de almeida/id=c297-1
439:             ls$residencia/cercal, freguesia de samuel
440:             ls$freguesia/samuel
441:             ls$ec/v
442: 
443:             pnoivo$manuel joao/id=c297-2
444:                ls$residencia/cercal, freguesia de samuel
445:                ls$freguesia/samuel
446: 
447:             mnoivo$isabel de almeida/id=c297-3
448:                ls$residencia/cercal, freguesia de samuel
449:                ls$freguesia/samuel
450: 
451:          noiva$maria da assuncao/id=c297-4
452:             ls$ec/v
453:             ls$residencia/soure
454: 
455:             pnoiva$joao lopes/id=c297-5
456:                ls$morto/antes
457:                ls$residencia/aldeia dos anjos, freguesia de Pombal
458:                ls$freguesia/pombal
459: 
460:             mnoiva$maria nogueira/id=c297-6
461:                ls$morta/antes
462:                ls$residencia/aldeia dos anjos, freguesia de Pombal
463:                ls$freguesia/pombal
464: 
465:          test$manuel rodrigues alvaro/id=c297-7
466:             ls$profissao/padre
467: 
468:          test$matias goncalves/id=c297-8
469:             ls$profissao/padre
470:             ls$residencia/soure
471: 
472:          test$antonio francisco/id=c297-9
473:             ls$residencia/soure
474: 
475:       cas$c1705-298/6/9/1705/igreja matriz/luis alvares pinto
476: 
477: cas$c1705-298
477:          noivo$jose duarte/id=c298-1
478:             ls$residencia/gesteira, freguesia de gesteira
479:             ls$freguesia/gesteira
480: 
481:             pnoivo$antonio duarte/id=c298-2
482:                ls$morto/antes
483:                ls$residencia/gesteira, freguesia de gesteira
484:                ls$freguesia/gesteira
485: 
486:             mnoivo$isabel francisca/id=c298-3
487:                ls$residencia/gesteira, freguesia de gesteira
488:                ls$freguesia/gesteira
489:                ls$morta/antes
490: 
491:          noiva$isabel nunes/id=c298-4
492: 
493:             pnoiva$manuel nunes/id=c298-5
494:                ls$residencia/casa velha
495:                ls$morto/antes
496: 
497:             mnoiva$catarina francisca/id=c298-6
498:                ls$residencia/casa velha
499: 
500:          test$manuel jorge soeiro/id=c298-7
501:             ls$alcunha/velho
502: 
503:          test$jose/id=c298-8
504:             ls$residencia/casa velha
505:             rel$parentesco/filho/manuel luis/c298-r1
506: 
507:          referido$manuel luis/id=c298-r1
508:             ls$residencia/casa velha
509: 
510:          test$domingos cordeiro/id=c298-9
511:             ls$residencia/casal novo
512: 
513:       cas$c1705-299/12/10/1705/igreja matriz/luis alvares pinto
514: 
515: cas$c1705-299
515:          noivo$manuel rodrigues/id=c299-1
516: 
517:             pnoivo$manuel rodrigues quinteiro/id=c299-2
518:                ls$residencia/carvalheira de cima
519: 
520:             mnoivo$maria rodrigues/id=c299-3
521: 
522:          noiva$catarina madeira/id=c299-4
523: 
524:             pnoiva$simao madeira/id=c299-5
525:                ls$morto/antes
526:                ls$residencia/no seu casal junto de s.mateus
527: 
528:             mnoiva$isabel pires/id=c299-6
529:                ls$residencia/no seu casal junto de s.mateus
530: 
531:          test$antonio de meneses/id=c299-7
532:             ls$titulo/dom
533:             ls$residencia/soure
534: 
535:          test$antonio francisco/id=c299-8
536:             rel$profissional/escudeiro/antonio de meneses/c299-7
537: 
538:          test$domingos da costa/id=c299-9
539:             ls$profissao/padre
540:             ls$residencia/no seu casal junto de s.mateus
541: 
542:       cas$c1705-300/12/10/1705/igreja matriz/luis alvares pinto
543: 
544: cas$c1705-300
544:          noivo$lazaro madeira/id=c300-1
545: 
546:             pnoivo$simao madeira/id=c300-2/mesmo_que=c299-5
547:                ls$morto/antes
548:                ls$residencia/no seu casal junto de s.mateus
549: 
550:             mnoivo$isabel pires/id=c300-3/mesmo_que=c299-6
551:                ls$residencia/junto do seu casal de s.mateus
552: 
553:          noiva$brigida rodrigues/id=c300-4
554: 
555:             pnoiva$manuel rodrigues quinteiro/id=c300-5/mesmo_que=c299-2
556:                ls$residencia/carvalheira de cima
557: 
558:             mnoiva$maria rodrigues/id=c300-6/mesmo_que=c299-3
559: 
560:          test$antonio de meneses/id=c300-7/mesmo_que=c299-7
561:             ls$titulo/dom
562:             ls$residencia/soure
563: 
564:          test$antonio francisco/id=c300-8/mesmo_que=c299-8
565:             rel$profissional/escudeiro/antonio de meneses/c299-7
566: 
567:          test$domingos da costa/id=c300-9/mesmo_que=c299-9
568:             ls$profissao/padre
569:             ls$residencia/no seu casal junto de s.mateus
570: 
571:       cas$c1705-301/18/10/1705/igreja matriz/jose pinto
572: 
573: cas$c1705-301
573:          noivo$joao rodrigues/id=c301-1
574: 
575:             pnoivo$mateus rodrigues/id=c301-2
576:                ls$residencia/sobral
577: 
578:             mnoivo$domingas goncalves/id=c301-3
579:                ls$morta/antes
580: 
581:          noiva$maria rodrigues/id=c301-4
582: 
583:             pnoiva$manuel rodrigues chancas/id=c301-5
584:                ls$morto/antes
585:                ls$residencia/sobral
586: 
587:             mnoiva$francisca goncalves/id=c301-6
588:                ls$residencia/sobral
589: 
590:          test$joao rodrigues serrano/id=c301-7
591:             ls$residencia/sobral
592: 
593:          test$mateus rodrigues/id=c301-8
594:             ls$residencia/sobral
595: 
596:          test$diogo joao/id=c301-9
597:             ls$residencia/sobral
598: 
599:       cas$c1705-302/30/11/1705/igreja matriz/luis alvares pinto
600: 
601: cas$c1705-302
601:          noivo$manuel cordeiro/id=c302-1
602:             ls$residencia/pingarelhos, freguesia da lamagreira
603:             ls$freguesia/almagreira
604: 
605:             pnoivo$francisco cordeiro/id=c302-2
606:                ls$residencia/pingarelhos, freguesia da lamagreira
607:                ls$freguesia/almagreira
608: 
609:             mnoivo$catarina joao/id=c302-3
610:                ls$residencia/pingarelhos, freguesia da lamagreira
611:                ls$freguesia/almagreira
612: 
613:          noiva$antonia lourenco/id=c302-4
614: 
615:             pnoiva$manuel lourenco/id=c302-5
616:                ls$morto/antes
617:                ls$residencia/simoes
618: 
619:             mnoiva$maria francisca/id=c302-6
620:                ls$residencia/simoes
621: 
622:          test$domingos de oliveira/id=c302-7
623:             ls$residencia/almagreira, freguesia da almagreira
624:             ls$freguesia/almagreira
625: 
626:          test$manuel joao/id=c302-8
627:             ls$residencia/pingarelhos, freguesia da lamagreira
628:             ls$freguesia/almagreira
629: 
630:          test$joao simoes/id=c302-9
631:             ls$residencia/gregorios, freguesia da almagreira
632:             ls$freguesia/almagreira
633: *** End of File
** Processed file- /Users/jrc/mhk-home/sources/soure/soure-sources/sources/soure_fase1/casamentos/c1705.cli
** Original file- /Users/jrc/mhk-home/sources/soure/soure-sources/sources/soure_fase1/casamentos/c1705.org
** Previous version- /Users/jrc/mhk-home/sources/soure/soure-sources/sources/soure_fase1/casamentos/c1705.old
** Temp file with ids- /Users/jrc/mhk-home/sources/soure/soure-sources/sources/soure_fase1/casamentos/c1705.ids
0  errors. 
0  warnings.
Translation finished.
