ClioInput - version @@VERSION@@ - build @@BUILD@@ @@DATE@@
13-6-2019 22-48

Processing data file c1709.cli
-------------------------------------------
Generic Act translation module with geoentities (XML).
     Joaquim Ramos de Carvalho (joaquim@uc.pt) 
** New document: kleio
1: kleio$gacto.str/gactoxml.str/translations=3
=========================
kleio translation started
=========================
Structure: gacto.str
Prefix: 
Autorel: 
Translation count: 3
Obs: 
2:    fonte$casamentos 1709/tipo=reg paroquiais/data=17090000/localizacao=1709
3: 
** Processing source fonte$casamentos 1709
4:       cas$c1709.1/7/1/1709/igreja matriz/jose pinto
5: 
6: cas$c1709.1
6:          noivo$manuel luis/id=c1709.1-1
7: 
8:             pnoivo$joao luis/id=c1709.1-2
9:                ls$residencia/gabrielos, freguesia da granja
10:                ls$freguesia/granja do ulmeiro
11: 
12:             mnoivo$maria da costa/id=c1709.1-3
13:                ls$residencia/gabrielos, freguesia da granja
14:                ls$freguesia/granja do ulmeiro
15: 
16:          noiva$teresa ferreira/id=c1709.1-4
17: 
18:             pnoiva$luis ferreira/id=c1709.1-5
19:                ls$residencia/casal da lage
20: 
21:             mnoiva$ana goncalves/id=c1709.1-6
22: 
23:          test$luis manhos/id=c1709.1-7
24:             ls$residencia/soure
25: 
26:          test$antonio velho/id=c1709.1-8
27:             ls$residencia/soure
28: 
29:       cas$c1709.2/4/2/1709/igreja matriz/jose pinto
30: 
31: cas$c1709.2
31:          noivo$manuel rodrigues/id=c1709.2-1
32: 
33:             pnoivo$mateus rodrigues/id=c1709.2-2
34:                ls$residencia/vale de pedras, freguesia de vinha da rainha
35: 
36:             mnoivo$maria francisca/id=c1709.2-3
37: 
38:          noiva$isabel cardoso/id=c1709.2-4
39: 
40:             pnoiva$lourenco rodrigues/id=c1709.2-5
41:                ls$residencia/porto coelheiro
42: 
43:             mnoiva$maria joao/id=c1709.2-6
44: 
45:          test$manuel rodrigues calhau?/id=c1709.2-7
46:             ls$residencia/porto coelheiro
47: 
48:          test$simao duarte/id=c1709.2-8
49:             ls$residencia/porto coelheiro
50: 
51:          test$manuel rodrigues capitao/id=c1709.2-9
52:             ls$residencia/porto coelheiro
53: 
54:       cas$c1709.3/6/2/1709/igreja matriz/jose pinto
55: 
56: cas$c1709.3
56:          noivo$manuel vaz/id=c1709.3-1
57: 
58:             pnoivo$manuel vaz/id=c1709.3-2
59:                ls$residencia/casal das galinhas
60: 
61:             mnoivo$maria jorge/id=c1709.3-3
62: 
63:          noiva$maria da gante/id=c1709.3-4
64: 
65:             pnoiva$andre fernandes/id=c1709.3-5
66:                ls$residencia/casal das brancas
67: 
68:             mnoiva$maria da gante/id=c1709.3-6
69: 
70:          test$vicente colaco/id=c1709.3-7
71:             ls$cargo/capitao
72:             ls$residencia/casal de galinhas
73: 
74:          test$joao mateus/id=c1709.3-8
75:             ls$residencia/casal das galinhas
76: 
77:          test$mateus carmo?/id=c1709.3-9
78:             ls$residencia/casal das brancas
79: 
80:       cas$c1709.4/6/2/1709/igreja matriz/jose pinto
81: 
82: cas$c1709.4
82:          noivo$antonio fernandes/id=c1709.4-1
83: 
84:             pnoivo$andre fernandes/id=c1709.4-2/mesmo_que=c1709.3-5
85:                ls$residencia/casal das brancas
86: 
87:             mnoivo$maria da gante/id=c1709.4-3/mesmo_que=c1709.3-6
88: 
89:          noiva$isabel jorge/id=c1709.4-4
90: 
91:             pnoiva$manuel vaz/id=c1709.4-5/mesmo_que=c1709.3-2
92:                ls$residencia/casal das galinhas
93: 
94:             mnoiva$maria jorge/id=c1709.4-6/mesmo_que=c1709.3-3
95: 
96:          test$manuel rodrigues/id=c1709.4-7
97:             ls$residencia/casal das brancas
98: 
99:          test$andre ferreira/id=c1709.4-8
100:             ls$residencia/casal das brancas
101: 
102:          test$luis de andrade/id=c1709.4-9
103:             ls$residencia/casal das brancas
104: 
105:       cas$c1709.5/10/2/1709/igreja matriz/jose pinto
106: 
107: cas$c1709.5
107:          noivo$manuel domingues/id=c1709.5-1
108: 
109:             pnoivo$antonio domingues/id=c1709.5-2
110:                ls$residencia/casal da misericordia
111: 
112:             mnoivo$maria dias/id=c1709.5-3
113: 
114:          noiva$ana joao/id=c1709.5-4
115: 
116:             pnoiva$joao rodrigues/id=c1709.5-5
117:                ls$residencia/simoes
118: 
119:             mnoiva$brites joao/id=c1709.5-6
120: 
121:          test$manuel dias/id=c1709.5-7
122:             ls$residencia/casais da misericordia
123: 
124:          test$manuel joao/id=c1709.5-8
125:             ls$residencia/simoes
126: 
127:       cas$c1709.6/20/3/1709/igreja matriz/jose pinto
128: 
129: cas$c1709.6
129:          noivo$domingos da costa/id=c1709.6-1
130: 
131:             pnoivo$antonio da costa/id=c1709.6-2
132:                ls$residencia/redinha, freguesia da redinha
133:                ls$freguesia/redinha
134: 
135:             mnoivo$domingas ferreira#ou pereira/f/id=c1709.6-3
136:                ls$freguesia/redinha
137:                ls$residencia/redinha, freguesia da redinha
138: 
139:          noiva$francisca jorge dos santos/id=c1709.6-4
140: 
141:             pnoiva$manuel jorge soeiro/id=c1709.6-5
142:                ls$residencia/casavelha
143: 
144:             mnoiva$barbara nunes/id=c1709.6-6
145: 
146:          test$manuel cordeiro/id=c1709.6-7
147:             ls$residencia/casavelha
148: 
149:          test$joao mateus/id=c1709.6-8
150:             ls$residencia/casavelha
151: 
152:          test$joao rodrigues/id=c1709.6-9
153:             ls$residencia/casavelha
154: 
155:       cas$c1709.7/26/3/1709/igreja matriz/jose pinto
156: 
157: cas$c1709.7
157:          noivo$jose da costa/id=c1709.7-1
158: 
159:             pnoivo$gaspar da costa/id=c1709.7-2
160:                ls$residencia/soure
161: 
162:             mnoivo$isabel de paiva/id=c1709.7-3
163: 
164:          noiva$leonarda ferreira#pereira?/f/id=c1709.7-4
165:             ls$ilegitima/sim
166: 
167:             pnoiva$antonio velho/id=c1709.7-5
168:                ls$profissao/padre
169:                ls$residencia/soure
170: 
171:             mnoiva$mariana teixeira/id=c1709.7-6
172:                ls$residencia/soure
173: 
174:          test$jose velho/id=c1709.7-7
175:             ls$residencia/soure
176: 
177:          test$antonio velho/id=c1709.7-8
178:             ls$residencia/soure
179: 
180:          test$antonio lourenco/id=c1709.7-9
181:             ls$residencia/soure
182: 
183:       cas$c1709.8/26/3/1709/igreja matriz/jose pinto
184: 
185: cas$c1709.8
185:          noivo$manuel simoes/id=c1709.8-1
186: 
187:             pnoivo$manuel simoes/id=c1709.8-2
188:                ls$residencia/alencarce de cima
189: 
190:             mnoivo$filipa goncalves/id=c1709.8-3
191: 
192:          noiva$maria rodrigues/id=c1709.8-4
193: 
194:             pnoiva$manuel rodrigues/id=c1709.8-5
195:                ls$residencia/porto coelheiro
196: 
197:             mnoiva$ines da silva/id=c1709.8-6
198: 
199:          test$antonio simoes/id=c1709.8-7
200:             ls$residencia/alencarce
201: 
202:          test$antonio rodrigues/id=c1709.8-8
203:             ls$residencia/alencarce
204: 
205:          test$manuel antunes/id=c1709.8-9
206:             ls$residencia/alencarce
207: 
208:       cas$c1709.9/8/4/1709/igreja matriz/jose pinto
209: 
210: cas$c1709.9
210:          noivo$joao francisco/id=c1709.9-1
211: 
212:             pnoivo$francisco rodrigues/id=c1709.9-2
213:                ls$residencia/simoes
214: 
215:             mnoivo$isabel francisca/id=c1709.9-3
216: 
217:          noiva$maria francisca/id=c1709.9-4
218: 
219:             pnoiva$manuel francisco/id=c1709.9-5
220:                ls$residencia/simoes
221: 
222:             mnoiva$antonia rodrigues/id=c1709.9-6
223: 
224:          test$domingos rodrigues trabalho?/id=c1709.9-7
225: 
226:          test$antonio simoes conde/id=c1709.9-8
227: 
228:          test$manuel simoes raposo/id=c1709.9-9
229: 
230:       cas$c1709.10/8/4/1709/igreja matriz/jose pinto
231: 
232: cas$c1709.10
232:          noivo$francisco rodrigues/id=c1709.10-1
233: 
234:             pnoivo$manuel rodrigues/id=c1709.10-2
235:                ls$residencia/francarpia?
236: 
237:             mnoivo$domingas rodrigues/id=c1709.10-3
238: 
239:          noiva$domingas goncalves/id=c1709.10-4
240: 
241:             pnoiva$domingos francisco felipito/id=c1709.10-5
242:                ls$residencia/casal do felipito
243: 
244:             mnoiva$maria goncalves/id=c1709.10-6
245: 
246:          test$manuel da fonseca/id=c1709.10-7
247:             ls$residencia/casalinhos
248: 
249:          test$manuel joao/id=c1709.10-8
250:             ls$residencia/casalinhos
251: 
252:          test$agostinho simoes/id=c1709.10-9
253:             ls$residencia/casalinhos
254: 
255:       cas$c1709.11/12/5/1709/igreja matriz/manuel martins/obs=assina o padre manuel martins e assim daqui em diante
256: 
257: cas$c1709.11
257:          noivo$luis carvalho/id=c1709.11-1
258: 
259:             pnoivo$simao rolim/id=c1709.11-2
260:                ls$residencia/belide, freguesia de belide
261:                ls$freguesia/belide
262: 
263:             mnoivo$isabel luis/id=c1709.11-3
264:                ls$residencia/belide, freguesia de belide
265:                ls$freguesia/belide
266: 
267:          noiva$maria bernardes/id=c1709.11-4
268: 
269:             pnoiva$domingos mateus/id=c1709.11-5
270:                ls$residencia/soure
271: 
272:             mnoiva$luisa bernardes/id=c1709.11-6
273: 
274:          test$simao vaz/id=c1709.11-7
275: 
276:          test$manuel pereira/id=c1709.11-8
277: 
278:          test$manuel martins/id=c1709.11-9
279: 
280:       cas$c1709.12/13/5/1709/igreja matriz/manuel martins/obs=limita-se a dizer todos desta freguesia. Serao de Soure vila? ou de alencarce?
281: 
282: cas$c1709.12
282:          noivo$manuel rodrigues/id=c1709.12-1
283: 
284:             pnoivo$manuel jorge/id=c1709.12-2
285: 
286:             mnoivo$antonia rodrigues/id=c1709.12-3
287: 
288:          noiva$maria rodrigues/id=c1709.12-4
289: 
290:             pnoiva$manuel rodrigues/id=c1709.12-5
291:                ls$morto/antes
292: 
293:             mnoiva$maria rodrigues/id=c1709.12-6
294: 
295:          test$manuel alves/id=c1709.12-7
296:             ls$residencia/alencarce
297: 
298:          test$antonio rodrigues/id=c1709.12-8
299:             ls$residencia/alencarce
300: 
301:          test$gaspar rodrigues/id=c1709.12-9
302:             ls$residencia/alencarce
303: 
304:       cas$c1709.13/14/5/1709/igreja matriz/manuel martins/obs=novamente diz apenas todos desta freguesia
305: 
306: cas$c1709.13
306:          noivo$joao pereira/id=c1709.13-1
307: 
308:             pnoivo$manuel pereira/id=c1709.13-2
309:                ls$morto/antes
310: 
311:             mnoivo$antonia goncalves/id=c1709.13-3
312:                ls$morta/antes
313: 
314:          noiva$antonia jorge/id=c1709.13-4
315: 
316:             pnoiva$manuel vaz/id=c1709.13-5
317:                ls$morto/antes
318: 
319:             mnoiva$maria jorge/id=c1709.13-6
320:                ls$morta/antes
321: 
322:          test$mateus carvalho/id=c1709.13-7
323:             ls$residencia/casal das brancas
324: 
325:          test$joao mateus/id=c1709.13-8
326:             ls$residencia/casal das brancas
327: 
328:          test$manuel francisco/id=c1709.13-9
329:             ls$residencia/casal das brancas
330: 
331:       cas$c1709.14/21/5/1709/igreja matriz/manuel martins/obs=nao indica a procedencia das testemunhas
332: 
333: cas$c1709.14
333:          noivo$manuel leao/id=c1709.14-1
334:             ls$residencia/casal da lage
335: 
336:             pnoivo$manuel leao/id=c1709.14-2
337:                ls$morto/antes
338:                ls$residencia/casal da lage
339: 
340:             mnoivo$maria francisca/id=c1709.14-3
341:                ls$morta/antes
342:                ls$residencia/casal da lage
343: 
344:          noiva$francisca domingues/id=c1709.14-4
345: 
346:             pnoiva$manuel domingues/id=c1709.14-5
347:                ls$residencia/casal do leonel
348: 
349:             mnoiva$maria rodrigues/id=c1709.14-6
350: 
351:          test$domingos leao/id=c1709.14-7
352: 
353:          test$luis ferreira/id=c1709.14-8
354: 
355:          test$antonio bras/id=c1709.14-9
356: 
357:       cas$c1709.15/29/5/1709/ermida de S.Joao do Paleao/manuel martins
358: 
359: cas$c1709.15
359:          noivo$antonio madeira/id=c1709.15-1
360: 
361:             pnoivo$antonio madeira/id=c1709.15-2
362:                ls$morto/antes
363: 
364:             mnoivo$isabel simoes/id=c1709.15-3
365: 
366:          noiva$mariana rodrigues/id=c1709.15-4
367: 
368:             pnoiva$antonio alvares/id=c1709.15-5
369:                ls$freguesia/santiago da guarda
370:                ls$morto/antes
371: 
372:             mnoiva$maria manuel/id=c1709.15-6
373:                ls$morta/antes
374:                ls$freguesia/santiasgo da guarda
375: 
376:          test$manuel madeira/id=c1709.15-7
377: 
378:          test$pascoal gomes/id=c1709.15-8
379:             ls$profissao/padre
380: 
381:          test$manuel ascenso/id=c1709.15-9
382:             ls$profissao/padre
383: 
384:       cas$c1709.16/20/6/1709/igreja matriz/manuel martins
385: 
386: cas$c1709.16
386:          noivo$alberto ferreira/id=c1709.16-1
387:             ls$freguesia/tentugal
388: 
389:             pnoivo$manuel filipe/id=c1709.16-2
390:                ls$morto/antes
391:                ls$freguesia/tentugal
392: 
393:             mnoivo$antonia ferreira/id=c1709.16-3
394:                ls$natural/tentugal, freguesia de n.a s.a da assuncao de tentugal
395:                ls$residencia/montemor-o-velho, freguesia de ???
396:                ls$freguesia/tentugal
397: 
398:          noiva$helena da encarnacao/id=c1709.16-4
399: 
400:             pnoiva$manuel coelho/id=c1709.16-5
401:                ls$residencia/soure
402: 
403:             mnoiva$madalena cardoso/id=c1709.16-6
404:                ls$morta/antes
405: 
406:          test$manuel rodrigues pedroso/id=c1709.16-7
407:             ls$profissao/padre
408: 
409:          test$verissimo rodrigues/id=c1709.16-8
410:             ls$profissao/padre
411: 
412:       cas$c1709.17/2/9/1709/igreja matriz/jose pinto/obs=assina jose pinto daqui em diante
413: 
414: cas$c1709.17
414:          noivo$luis da silva/id=c1709.17-1
415: 
416:             pnoivo$domingos da silva/id=c1709.17-2
417:                ls$residencia/almagreira
418: 
419:             mnoivo$catarina cordeira/id=c1709.17-3
420: 
421:          noiva$mariana mendes/id=c1709.17-4
422: 
423:             pnoiva$mateus mendes/id=c1709.17-5
424:                ls$residencia/soure
425: 
426:             mnoiva$maria madeira/id=c1709.17-6
427: 
428:          test$manuel goncalves vargas/id=c1709.17-7
429:             ls$residencia/soure
430: 
431:          test$antonio lopes/id=c1709.17-8
432:             ls$residencia/soure
433: 
434:       cas$c1709.18/14/9/1709/igreja matriz/jose pinto
435: 
436: cas$c1709.18
436:          noivo$antonio jorge/id=c1709.18-1
437: 
438:             pnoivo$manuel jorge/id=c1709.18-2
439:                ls$residencia/sobral
440: 
441:             mnoivo$antonia rodrigues/id=c1709.18-3
442: 
443:          noiva$catarina rodrigues/id=c1709.18-4
444: 
445:             pnoiva$manuel rodrigues/id=c1709.18-5
446:                ls$residencia/simoes
447: 
448:             mnoiva$maria domingas/id=c1709.18-6a
449: 
450:          test$antonio jorge/id=c1709.18-7
451:             ls$residencia/sobral
452: 
453:          test$antonio simoes conde/id=c1709.18-8
454:             ls$residencia/simoes
455: 
456:       cas$c1709.19/23/9/1709/igreja matriz/jose pinto
457: 
458: cas$c1709.19
458:          noivo$simao domingues/id=c1709.19-1
459:             ls$residencia/paleao
460: 
461:             pnoivo$simao domingues/id=c1709.19-2
462:                ls$residencia/quinta de porto coelheiro
463: 
464:             mnoivo$antonia rodrigues/id=c1709.19-3
465: 
466:          noiva$maria rodrigues/id=c1709.19-4
467:             ls$residencia/casais de s.mateus
468: 
469:             pnoiva$manuel simoes/id=c1709.19-5
470:                ls$residencia/casais de s.mateus
471: 
472:             mnoiva$isabel rodrigues/id=c1709.19-6
473: 
474:          test$manuel rodrigues feijao/id=c1709.19-7
475:             ls$residencia/casais de s.mateus
476: 
477:          test$luis rodrigues feijao/id=c1709.19-8
478:             ls$residencia/casais de s.mateus
479: 
480:       cas$c1709.20/25/9/1709/igreja matriz/jose pinto
481: 
482: cas$c1709.20
482:          noivo$joao de barros/id=c1709.20-1
483: 
484:             pnoivo$manuel de barros/id=c1709.20-2
485:                ls$freguesia/pombal
486:                ls$residencia/pombal, freguesia de pombal
487: 
488:             mnoivo$maria lopes/id=c1709.20-3
489:                ls$residencia/pombal, freguesia de pombal
490:                ls$freguesia/pombal
491: 
492:          noiva$josefa maria/id=c1709.20-4
493:             ls$ilegitima/sim/obs= inferido pelo facto de o pai e a mae viverem em lugares diferentes
494: 
495:             pnoiva$joao rodrigues/id=c1709.20-5
496:                ls$freguesia/pombal
497:                ls$residencia/pombal, freguesia de pombal
498: 
499:             mnoiva$francisca dos santos/id=c1709.20-6
500:                ls$residencia/paleao
501: 
502:          test$luis manhos de abreu/id=c1709.20-7
503:             ls$residencia/soure
504: 
505:          test$francisco rodrigues/id=c1709.20-8
506:             ls$residencia/soure
507: 
508:       cas$c1709.21/8/10/1709/igreja matriz/jose pinto
509: 
510: cas$c1709.21
510:          noivo$luis jorge/id=c1709.21-1
511: 
512:             pnoivo$domingos joao/id=c1709.21-2
513:                ls$residencia/netos
514: 
515:             mnoivo$isabel rodrigues/id=c1709.21-3
516: 
517:          noiva$isabel da costa/id=c1709.21-4
518: 
519:             pnoiva$simao domingues/id=c1709.21-5
520:                ls$residencia/sobral
521: 
522:             mnoiva$maria da fonseca/id=c1709.21-6
523: 
524:          test$manuel rodrigues/id=c1709.21-7
525:             ls$residencia/netos
526: 
527:          test$manuel dos santos/id=c1709.21-8
528:             ls$residencia/netos
529: 
530:       cas$c1709.22/28/10/1709/igreja matriz/manuel rodrigues/obs= deve ser o primeiro casamento deste novo paroco
531: 
532: cas$c1709.22
532:          referido$manuel rodrigues/id=c1709.22-r1
533:             ls$profissao/padre
534:             ls$cargo/vigario
535:             ls$titulo/frei
536: 
537:          noivo$antonio ferreira/id=c1709.22-1
538: 
539:             pnoivo$estevao alves/id=c1709.22-2
540:                ls$morto/antes
541:                ls$residencia/fatacos
542: 
543:             mnoivo$catarina ferreira/id=c1709.22-3
544:                ls$morta/antes
545:                ls$residencia/fatacos
546: 
547:          noiva$isabel rodrigues/id=c1709.22-4
548: 
549:             pnoiva$antonio rodrigues galhufo/id=c1709.22-5
550:                ls$residencia/casal do rei
551: 
552:             mnoiva$maria luis/id=c1709.22-6
553:                ls$morta/antes
554: 
555:          test$joao colaco de morais/id=c1709.22-7
556:             ls$residencia/espirito santo
557: 
558:          test$manuel joao soeiro/id=c1709.22-8
559:             ls$residencia/sobral
560: 
561:          test$manuel alves/id=c1709.22-9
562:             ls$residencia/soure
563: 
564:       cas$c1709.23/10/11/1709/igreja da misericordia/luis ribeiro cabral
565: 
566: cas$c1709.23
566:          noivo$jose leao/id=c1709.23-1
567:             ls$residencia/lage
568:             ls$naturalidade/lage
569: 
570:             pnoivo$manuel leao/id=c1709.23-2
571:                ls$residencia/lage
572: 
573:             mnoivo$maria francisca/id=c1709.23-3
574:                ls$morta/antes
575: 
576:          noiva$catarina rodrigues/id=c1709.23-4
577:             ls$residencia/lage/obs= ha cinco ou seis anos
578: 
579:             pnoiva$manuel rodrigues de ?/id=c1709.23-5
580:                ls$morto/antes
581: 
582:             mnoiva$luisa de pina/id=c1709.23-6
583:                ls$residencia/casais de s.mateus
584: 
585:          test$jose ferreira/id=c1709.23-7
586:             ls$residencia/pinheiro
587: 
588:          test$manuel leao/id=c1709.23-8
589:             ls$alcunha/moco
590:             ls$residencia/lage
591: 
592:          test$domingos aires/id=c1709.23-9
593:             ls$residencia/lage
594: 
595:          test$francisco lopes/id=c1709.23-10
596:             ls$residencia/lage
597: 
598:       cas$c1709.24/20/11/1709/igreja matriz/manuel rodrigues
599: 
600: cas$c1709.24
600:          noivo$jose rodrigues/id=c1709.24-1
601: 
602:             pnoivo$mateus rodrigues/id=c1709.24-2
603:                ls$morto/antes
604:                ls$residencia/soure
605: 
606:             mnoivo$maria de evora/id=c1709.24-3
607:                ls$morta/antes
608:                ls$residencia/soure
609: 
610:          noiva$francisca ferreira/id=c1709.24-4
611: 
612:             pnoiva$antonio mendes/id=c1709.24-5
613:                ls$residencia/casal dos fatacos
614:                rel$parentesco/foi casado/francisca ferreira/c1709.24-6/obs= voltou a casar porqueo assento diz, referindo-se a noiva "filha da primeira mulher"
615: 
616:             mnoiva$francisca ferreira/id=c1709.24-6
617:                ls$morta/antes
618: 
619:          test$joao colaco/id=c1709.24-7
620:             ls$residencia/casais
621: 
622:          test$luis rebral?/id=c1709.24-8
623:             ls$profissao/padre
624:             ls$residencia/soure
625: 
626:          test$manuel martins/id=c1709.24-9
627:             ls$profissao/padre
628:             ls$residencia/soure
629: 
630:       cas$c1709.25/24/11/1709/igreja matriz/manuel rodrigues
631: 
632: cas$c1709.25
632:          noivo$jose francisco/id=c1709.25-1
633: 
634:             pnoivo$manuel#sic/m/id=c1709.25-2
635:                ls$residencia/vale da borra
636: 
637:             mnoivo$maria simoes/id=c1709.25-3
638: 
639:          noiva$domingas rodrigues/id=c1709.25-4
640: 
641:             pnoiva$joao rodrigues ruivo/id=c1709.25-5
642:                ls$residencia/beltroes
643: 
644:             mnoiva$maria tome/id=c1709.25-6
645: 
646:          test$lourenco dias/id=c1709.25-7
647:             ls$residencia/vale da borra
648: 
649:          test$manuel goncalves/id=c1709.25-8
650:             ls$residencia/vale da borra
651: 
652:          test$manuel tome/id=c1709.25-9
653:             ls$residencia/vale da borra
654: 
655:          test$joao duarte/id=c1709.25-10
656:             ls$residencia/casa velha
657: 
658:       cas$c1709.26/25/11/1709/igreja matriz/manuel rodrigues
659: 
660: cas$c1709.26
660:          noivo$antonio simoes/id=c1709.26-1
661: 
662:             pnoivo$manuel simoes/id=c1709.26-2
663:                ls$residencia/cavaleiros
664: 
665:             mnoivo$maria jorge/id=c1709.26-3
666:                ls$morta/antes
667: 
668:          noiva$domingas jorge/id=c1709.26-4
669: 
670:             pnoiva$joao de brito/id=c1709.26-5
671:                ls$residencia/sobral
672:                ls$morto/antes
673: 
674:             mnoiva$maria jorge/id=c1709.26-6
675:                ls$residencia/sobral
676: 
677:          test$manuel pessoa leitao/id=c1709.26-7
678:             ls$profissao/padre
679:             ls$residencia/soure
680: 
681:          test$antonio jorge/id=c1709.26-8
682:             ls$residencia/sobral
683: 
684:          test$manuel jorge/id=c1709.26-9
685:             ls$residencia/sobral
686: 
687:          test$manuel simoes galhardo/id=c1709.26-10
688: 
689:       cas$c1709.27/2/12/1709/igreja matriz/manuel rodrigues/obs= 'a margem: fiz-lhes as bencoes do matrimonio a 10 de Janeiro de 1910.
690: 
691: cas$c1709.27
691:          noivo$manuel madeira/id=c1709.27-1
692: 
693:             pnoivo$manuel madeira/id=c1709.27-2
694:                ls$residencia/casal
695: 
696:             mnoivo$domingas joao relvas/id=c1709.27-3
697: 
698:          noiva$margarida simoes/id=c1709.27-4
699: 
700:             pnoiva$manuel pires/id=c1709.27-5
701:                ls$residencia/alencarce
702:                ls$morto/antes
703: 
704:             mnoiva$isabel leao/id=c1709.27-6
705:                ls$residencia/alencarce
706:                ls$morta/antes
707: 
708:          test$manuel rodrigues claro/id=c1709.27-7
709:             ls$residencia/alencarce
710: 
711:          test$manuel jorge/id=c1709.27-8
712:             ls$alcunha/moco
713:             ls$residencia/alencarce
714: 
715:          test$manuel jorge/id=c1709.27-9
716:             ls$alcunha/velho
717:             ls$residencia/alencarce
718: 
719:          test$mateus mendes/id=c1709.27-10
720:             ls$residencia/soure
721: 
722:       cas$c1709.28/16/12/1709/igreja matriz/manuel rodrigues/obs='a marg. fiz-lhes as bencoes do matrimonio a 2 de fevereiro de 1710
723: 
724: cas$c1709.28
724:          noivo$joao henriques de carvalho/id=c1709.28-1
725: 
726:             pnoivo$manuel carvalho/id=c1709.28-2
727:                ls$residencia/sobral
728: 
729:             mnoivo$maria joao/id=c1709.28-3
730: 
731:          noiva$esperanca rodrigues/id=c1709.28-4
732: 
733:             pnoiva$mateus rodrigues/id=c1709.28-5
734:                ls$morto/antes
735:                ls$residencia/sobral
736: 
737:             mnoiva$domingas goncalves/id=c1709.28-6
738:                ls$morta/antes
739:                ls$residencia/sobral
740: 
741:          test$manuel joao soeiro/id=c1709.28-7/mesmo_que=c1709.22-8
742:             ls$residencia/sobral
743: 
744:          test$manuel joao/id=c1709.28-8
745:             ls$ec/s
746:             rel$parentesco/filho/manuel joao soeiro/c1709.22-8
747: 
748:          test$diogo joao/id=c1709.28-9
749:             ls$residencia/sobral
750: 
751:       cas$c1709.29/17/12/1709/igreja matriz/manuel rodrigues/obs='a mg: fiz-lhes as bencoes do matrimonio a 26 de Jan. de 1710
752: 
753: cas$c1709.29
753:          noivo$manuel rodrigues/id=c1709.29-1
754: 
755:             pnoivo$antonio rodrigues/id=c1709.29-2
756:                ls$residencia/casal da assamassa
757: 
758:             mnoivo$maria goncalves/id=c1709.29-3
759: 
760:          noiva$jacinta da rosa/id=c1709.29-4
761: 
762:             pnoiva$simao rodrigues rosa/id=c1709.29-5
763:                ls$residencia/casal do rei
764: 
765:             mnoiva$filipa ferreira#ou francisca/f/obs=c1709.29-6/id=c1709.29-per1
766: 
767:          test$joao colaco/id=c1709.29-7
768:             ls$residencia/casais do espirito santo
769: 
770:          test$domingos goncalves/id=c1709.29-8
771:             ls$profissao/padre
772:             ls$residencia/casais do espirito santo
773: 
774:          test$luis ribeiro cabral/id=c1709.29-9
775:             ls$profissao/padre
776:             ls$residencia/soure
777: 
778:          test$jose de morais/id=c1709.29-10
779:             ls$residencia/soure
780: 
781:       cas$c1709.30/22/12/1709/almedina de Coimbra/padre luis de oliveira/obs=por certidao apresentada e jurada se recebram na igreja de Almedina pelo padre Luis de Oliveira, por ordem do dr. provisor do bispado, a certidao foi feita a 14 de Dezemvro de 1709. 'A margem: fiz-lhes as bencoes a 12 de Fev. de 1710
782: 
783: cas$c1709.30
783:          noivo$domingos jorge/id=c1709.30-1
784: 
785:             pnoivo$antonio jorge/id=c1709.30-2
786:                ls$freguesia/degracias
787:                ls$residencia/freguesia de Degracias
788: 
789:             mnoivo$maria joao/id=c1709.30-3
790:                ls$residencia/freguesia de Degracias
791:                ls$freguesia/degracias
792: 
793:          noiva$madalena rodrigues/id=c1709.30-4
794: 
795:             pnoiva$antonio goncalves/id=c1709.30-5
796:                ls$residencia/soure
797: 
798:             mnoiva$maria rodrigues/id=c1709.30-6
799: 
800:       cas$c1709.31/29/12/1709/igreja matriz/manuel rodrigues/obs='a mg. fiz as bencoes em 19 Jan. 1710
801: 
802: cas$c1709.31
802:          noivo$joao goncalves/id=c1709.31-1
803: 
804:             pnoivo$joao goncalves/id=c1709.31-2
805:                ls$morto/antes
806:                ls$residencia/mogadouro
807: 
808:             mnoivo$maria joao/id=c1709.31-3
809:                ls$residencia/mogadouro
810: 
811:          noiva$maria joao/id=c1709.31-4
812: 
813:             pnoiva$ascenso goncalves/id=c1709.31-5
814:                ls$morto/antes
815:                ls$residencia/casal dos cavaleiros?
816: 
817:             mnoiva$maria joao/id=c1709.31-6
818:                ls$morta/antes
819:                ls$residencia/casal dos cavaleiros?
820: 
821:          test$domingos luis/id=c1709.31-7
822:             ls$residencia/mogadouro
823: 
824:          test$joao francisco/id=c1709.31-8
825:             ls$residencia/mogadouro
826: 
827:          test$antonio ferreira/id=c1709.31-9
828:             ls$residencia/mogadouro
829: 
830:          test$manuel lopes/id=c1709.31-10
831:             ls$residencia/mogadouro
832: 
833:       cas$c1709.32/29/12/1709/igreja matriz/manuel rodrigues/obs= 'a mg: fiz-lhes as bencoes a 2-2-1710
834: 
835: cas$c1709.32
835:          noivo$antonio rodrigues/id=c1709.32-1
836:             ls$ec/v
837:             rel$parentesco/foi casado/francisca joao/c1709.32-r1
838: 
839:             pnoivo$antonio rodrigues/id=c1709.32-2
840:                ls$residencia/quinta da telhada
841: 
842:             mnoivo$maria madeira/id=c1709.32-3
843: 
844:          noiva$leonor rodrigues/id=c1709.32-4
845: 
846:             pnoiva$manuel rodrigues centeio/id=c1709.32-5
847:                ls$residencia/casal da oureca
848: 
849:             mnoiva$maria rodrigues/id=c1709.32-6
850: 
851:          referida$francisca joao/f/id=c1709.32-r1
852:             ls$morta/antes
853: 
854:          referido$joao francisco/id=c1709.32-r2
855:             ls$residencia/casal dos becos
856:             rel$parentesco/pai/francisca joao/c1709.32-r1
857:             rel$parentesco/marido/sebastiana francisca/c1709.32-r3
858: 
859:          referida$sebastiana francisca/id=c1709.32-r3
860:             ls$residencia/casal dos becos
861:             rel$parentesco/mae/francisca joao/c1709.32-r1
862: 
863:          test$manuel homem de quadros/id=c1709.32-7
864:             ls$residencia/soure
865: 
866:          test$rodrigo homem/id=c1709.32-8
867:             ls$nome/rodrigo
868:             rel$parentesco/filho/manuel homem de quadros/c1709.32-7
869:             ls$residencia/soure
870: 
871:          test$domingos luis/id=c1709.32-9/mesmo_que=c1709.31-7
872:             ls$residencia/mogadouro
873: 
874:          test$antonio ferreira/id=c1709.32-10/mesmo_que=c1709.31-9
875:             ls$residencia/mogadouro
876: *** End of File
** Processed file- /Users/jrc/mhk-home/sources/soure/soure-sources/sources/soure_fase1/casamentos/c1709.cli
** Original file- /Users/jrc/mhk-home/sources/soure/soure-sources/sources/soure_fase1/casamentos/c1709.org
** Previous version- /Users/jrc/mhk-home/sources/soure/soure-sources/sources/soure_fase1/casamentos/c1709.old
** Temp file with ids- /Users/jrc/mhk-home/sources/soure/soure-sources/sources/soure_fase1/casamentos/c1709.ids
0  errors. 
0  warnings.
Translation finished.
