ClioInput - version @@VERSION@@ - build @@BUILD@@ @@DATE@@
13-6-2019 22-48

Processing data file c1703.cli
-------------------------------------------
Generic Act translation module with geoentities (XML).
     Joaquim Ramos de Carvalho (joaquim@uc.pt) 
** New document: kleio
1: kleio$gacto.str/gactoxml.str/translations=3
=========================
kleio translation started
=========================
Structure: gacto.str
Prefix: 
Autorel: 
Translation count: 3
Obs: 
2:    fonte$casamentos 1703/tipo=reg paroquiais/data=17030000/localizacao=?
3: 
** Processing source fonte$casamentos 1703
4:       cas$c1703-245/9/1/1703/igreja matriz/luis alvares pinto
5: 
6: cas$c1703-245
6:          noivo$domingos rodrigues/id=c245-1
7: 
8:             pnoivo$domingos rodrigues/id=c245-2
9:                ls$residencia/casal dos barrosos
10: 
11:             mnoivo$maria rosado/id=c245-3
12: 
13:          noiva$maria gomes/id=c245-4
14: 
15:             pnoiva$simao duarte/id=c245-5
16:                ls$residencia/casalinhos
17: 
18:             mnoiva$isabel gomes/id=c245-6
19: 
20:          test$manuel rodrigues da costa/id=c245-7
21:             ls$residencia/soure
22: 
23:          test$domingos alves/id=c245-8
24:             ls$residencia/casalinhos
25: 
26:          test$manuel joao/id=c245-9
27:             ls$residencia/casalinhos
28: 
29:       cas$c1703-246/12/2/1703/igreja matriz/luis alvares pinto
30: 
31: cas$c1703-246
31:          noivo$francisco de almeida/id=c246-1
32:             ls$residencia/condeixa-a-nova, freguesia de condeixa-a-nova
33:             ls$freguesia/condeixa-a-nova
34: 
35:             pnoivo$francisco de almeida/id=c246-2
36:                ls$residencia/condeixa-a-nova, freguesia de condeixa-a-nova
37:                ls$freguesia/condeixa-a-nova
38: 
39:             mnoivo$antonia domingues/id=c246-3
40:                ls$residencia/condeixa-a-nova, freguesia de condeixa-a-nova
41:                ls$freguesia/condeixa-a-nova
42: 
43:          noiva$filipa rodrigues/id=c246-4
44: 
45:             pnoiva$pedro domingues/id=c246-5
46:                ls$morto/antes
47:                ls$residencia/paleao
48: 
49:             mnoiva$francisca rodrigues/id=c246-6
50:                ls$morta/antes
51:                ls$residencia/paleao
52: 
53:          test$simao jorge/id=c246-7
54:             ls$residencia/paleao
55: 
56:          test$miguel da costa/id=c246-8
57:             ls$residencia/paleao
58: 
59:          test$manuel domingues/id=c246-9
60:             ls$ec/s
61:             ls$residencia/paleao
62: 
63:       cas$c1703-247/14/2/1703/igreja da misericordia/luis ribeiro
64: 
65: cas$c1703-247
65:          noivo$manuel goncalves/id=c247-1
66: 
67:             pnoivo$manuel goncalves vargas/id=c247-2
68: 
69:             mnoivo$juliana rodrigues/id=c247-3
70: 
71:          noiva$maria da silva/id=c247-4
72:             ls$residencia/almagreira, freguesia da almagreira
73:             ls$freguesia/almagreira
74: 
75:             pnoiva$domingos da silva/id=c247-5
76:                ls$morto/antes
77:                ls$residencia/almagreira, freguesia da almagreira
78:                ls$freguesia/almagreira
79: 
80:             mnoiva$catarina cordeiro/id=c247-6
81:                ls$morta/antes
82:                ls$residencia/almagreira, freguesia da almagreira
83:                ls$freguesia/almagreira
84: 
85:          test$manuel soares coelho/id=c247-7
86:             ls$residencia/soure
87: 
88:          test$sebastiao soares/id=c247-8
89:             ls$residencia/soure
90: 
91:          test$vasco da cunha/id=c247-9
92:             ls$residencia/freguesia de buarcos
93:             ls$freguesia/buarcos
94: 
95:       cas$c1703-248/11/4/1703/igreja matriz/luis alvares pinto
96: 
97: cas$c1703-248
97:          noivo$jose de andrade/id=c248-1
98:             ls$residencia/vila nova de ancos, freguesia de vila nova de ancos
99:             ls$freguesia/vila nova de ancos
100: 
101:             pnoivo$francisco de andrade/id=c248-2
102:                ls$residencia/vila nova de ancos, freguesia de vila nova de ancos
103:                ls$freguesia/vila nova de ancos
104: 
105:             mnoivo$ana rodrigues/id=c248-3
106:                ls$residencia/vila nova de ancos, freguesia de vila nova de ancos
107:                ls$freguesia/vila nova de ancos
108: 
109:          noiva$maria cordeiro/id=c248-4
110: 
111:             pnoiva$manuel rodrigues manco/id=c248-5
112: 
113:             mnoiva$maria cordeiro/id=c248-6
114: 
115:          test$jose pinto de abreu/id=c248-7
116:             ls$residencia/soure
117: 
118:          test$manuel soares galvao/id=c248-8
119:             ls$residencia/soure
120: 
121:          test$silvestre jorge/id=c248-9
122:             ls$residencia/soure
123: 
124:       cas$c1703-249/16/4/1703/igreja matriz/luis alvares pinto
125: 
126: cas$c1703-249
126:          noivo$mateus carvalho/id=c249-1
127:             ls$residencia/agudos, freguesia da redinha
128:             ls$freguesia/redinha
129: 
130:             pnoivo$domingos carvalho/id=c249-2
131:                ls$morto/antes
132:                ls$residencia/agudos, freguesia da redinha
133:                ls$freguesia/redinha
134: 
135:             mnoivo$maria gaspar/id=c249-3
136:                ls$residencia/agudos, freguesia da redinha
137:                ls$freguesia/redinha
138: 
139:          noiva$maria goncalves/id=c249-4
140: 
141:             pnoiva$manuel goncalves/id=c249-5
142:                ls$residencia/mogadouro
143: 
144:             mnoiva$catarina goncalves/id=c249-6
145:                ls$morta/antes
146: 
147:          test$domingos luis/id=c249-7
148:             ls$residencia/mogadouro
149: 
150:          test$gaspar francisco/id=c249-8
151:             ls$residencia/mogadouro
152: 
153:          test$antonio joao/id=c249-9
154:             ls$residencia/mogadouro
155: 
156:       cas$c1703-250/13/8/1703/igreja matriz/luis alvares pinto
157: 
158: cas$c1703-250
158:          noivo$joao rodrigues monte/id=c250-1
159:             ls$residencia/degracias, freguesia de degracias
160:             ls$freguesia/degracias
161: 
162:             pnoivo$antonio rodrigues monte/id=c250-2
163:                ls$residencia/degracias, freguesia de degracias
164:                ls$freguesia/degracias
165: 
166:             mnoivo$maria do monte/id=c250-3
167:                ls$residencia/degracias, freguesia de degracias
168:                ls$freguesia/degracias
169:                ls$morta/antes
170: 
171:          noiva$cecilia gomes/id=c250-4
172: 
173:             pnoiva$joao da costa/id=c250-5
174:                ls$residencia/santo ildefonso
175: 
176:             mnoiva$domingas gomes/id=c250-6
177:                ls$morta/antes
178: 
179:          test$joao rodrigues claro?/id=c250-7
180:             ls$residencia/degracias, freguesia de degracias
181:             ls$freguesia/degracias
182: 
183:          test$luis botelho/id=c250-8
184:             ls$residencia/degracias, freguesia de degracias
185:             ls$freguesia/degracias
186: 
187:          test$francisco/id=c250-9
188:             ls$profissao/padre
189:             ls$residencia/casconho
190: 
191:       cas$c1703-251/27/8/1703/igreja matriz/jose pinto
192: 
193: cas$c1703-251
193:          noivo$joao francisco da rocha/id=c251-1
194:             ls$residencia/corte, freguesia de N.a s.a da graca, bispado de leiria
195:             ls$freguesia/nossa senhora da graca
196:             ls$bispado/leiria
197: 
198:             pnoivo$antonio francisco/id=c251-2
199:                ls$residencia/corte, freguesia de N.a s.a da graca, bispado de leiria
200:                ls$freguesia/nossa senhora da graca
201:                ls$bispado/leiria
202: 
203:             mnoivo$maria simoes/id=c251-3
204:                ls$residencia/corte, freguesia de N.a s.a da graca, bispado de leiria
205:                ls$freguesia/nossa senhora da graca
206:                ls$bispado/leiria
207: 
208:          noiva$maria das neves/id=c251-4
209: 
210:             pnoiva$filipe da costa/id=c251-5
211:                ls$residencia/casa velha
212: 
213:             mnoiva$maria da costa/id=c251-6
214: 
215:          test$domingos lopes/id=c251-7
216:             ls$residencia/casa velha
217: 
218:          test$manuel simoes/id=c251-8
219:             ls$residencia/casa velha
220: 
221:          test$manuel lopes/id=c251-9
222:             ls$residencia/casa velha
223: 
224:       cas$c1703-252/22/9/1703/s. joao de almedina, coimbra/pedro cardoso, cura de almedina/obs=certidao transcrita no livro de casamentos, casamento ordenado pelo provisor do bispado
225: 
226: cas$c1703-252
226:          noivo$antonio rodrigues/id=c252-1
227:             ls$residencia/casal de porto das cabras
228: 
229:          noiva$maria martins/id=c252-4
230:             ls$residencia/carvalhais, freguesia de tapeus
231:             ls$freguesia/tapeus
232: 
233:       cas$c1703-253/1/10/1703/igreja matriz/jose pinto
234: 
235: cas$c1703-253
235:          noivo$manuel luis/id=c253-1/obs=talvez ilegitimo
236:             ls$residencia/santo isidro, freguesia da gesteira
237:             ls$freguesia/gesteira
238: 
239:             pnoivo$manuel dias/id=c253-2
240:                ls$morto/antes
241:                ls$residencia/santo isidro, freguesia da gesteira
242:                ls$freguesia/gesteira
243: 
244:             mnoivo$maria francisca/id=c253-3
245:                ls$residencia/santo isidro, freguesia da gesteira
246:                ls$freguesia/gesteira
247: 
248:          noiva$maria esteves/id=c253-4
249: 
250:             pnoiva$manuel rodrigues formigo/id=c253-5
251:                ls$residencia/barril
252: 
253:             mnoiva$maria esteves/id=c253-6
254: 
255:          test$manuel de brito/id=c253-7
256:             ls$residencia/soure
257: 
258:          test$manuel jorge/id=c253-8
259:             ls$residencia/sobral
260: 
261:       cas$c1703-254/1/10/1703/igreja matriz/jose pinto
262: 
263: cas$c1703-254
263:          noivo$antonio dias/id=c254-1
264:             ls$residencia/casal dos cortezes, freguesia da ega
265:             ls$freguesia/ega
266: 
267:             pnoivo$manuel dias/id=c254-2
268:                ls$residencia/casal dos cortezes, freguesia da ega
269:                ls$freguesia/ega
270: 
271:             mnoivo$maria simoes/id=c254-3
272:                ls$residencia/casal dos cortezes, freguesia da ega
273:                ls$freguesia/ega
274: 
275:          noiva$isabel goncalves/id=c254-4
276: 
277:             pnoiva$manuel goncalves/id=c254-5
278:                ls$residencia/casais do espirito santo
279: 
280:             mnoiva$andreia goncalves/id=c254-6
281: 
282:          test$antonio pimentel/id=c254-7
283:             ls$residencia/casais do espirito santo
284: 
285:          test$manuel goncalves/id=c254-8
286:             ls$residencia/amoreira
287: 
288:       cas$c1703-255/8/10/1703/igreja matriz/jose pinto
289: 
290: cas$c1703-255
290:          noivo$jose domingues/id=c255-1
291: 
292:             pnoivo$manuel joao/id=c255-2
293:                ls$residencia/montais?
294: 
295:             mnoivo$isabel domingues/id=c255-3
296: 
297:          noiva$maria joao/id=c255-4
298: 
299:             pnoiva$joao domingues/id=c255-5
300:                ls$residencia/casal novo
301: 
302:             mnoiva$isabel joao/id=c255-6
303: 
304:          test$simao cordeiro/id=c255-7
305:             ls$residencia/casal novo
306: 
307:          test$joao simoes/id=c255-8
308:             ls$residencia/casal novo
309: 
310:       cas$c1703-256/15/10/1703/igreja matriz/jose pinto
311: 
312: cas$c1703-256
312:          noivo$domingos joao/id=c256-1
313:             ls$residencia/casal da cruz, freguesia da ega
314:             ls$freguesia/ega
315: 
316:             pnoivo$manuel joao/id=c256-2
317:                ls$residencia/casal da cruz, freguesia da ega
318:                ls$freguesia/ega
319: 
320:             mnoivo$antonia jorge/id=c256-3
321:                ls$residencia/casal da cruz, freguesia da ega
322:                ls$freguesia/ega
323: 
324:          noiva$madalena joao/id=c256-4
325: 
326:             pnoiva$domingos rodrigues/id=c256-5
327:                ls$residencia/casal da pouca pena
328: 
329:             mnoiva$maria joao/id=c256-6
330: 
331:          test$antonio mateus/id=c256-7
332:             ls$residencia/pouca pena
333: 
334:          test$francisco godinho/id=c256-8
335:             ls$residencia/pouca pena
336: 
337:       cas$c1703-257/5/11/1703/igreja matriz/jose pinto
338: 
339: cas$c1703-257
339:          noivo$joao rodrigues/id=c257-1
340: 
341:             pnoivo$manuel rodrigues/id=c257-2
342:                ls$profissao/carpinteiro
343:                ls$residencia/casal da pencarpia?#verificar: camparca
344: 
345:             mnoivo$domingas rodrigues/id=c257-3
346: 
347:          noiva$teresa goncalves/id=c257-4
348: 
349:             pnoiva$domingos rodrigues felipeto/id=c257-5
350:                ls$residencia/casal do felipeto/obs=no seu casal do....
351: 
352:             mnoiva$maria goncalves/id=c257-6
353: 
354:          test$joao rodrigues/id=c257-7
355:             ls$profissao/barbeiro
356:             ls$residencia/soure
357: 
358:          test$manuel joao/id=c257-8
359:             ls$residencia/casalinhos
360: 
361:       cas$c1703-258/5/11/1703/igreja matriz/jose pinto
362: 
363: cas$c1703-258
363:          noivo$miguel henriques/id=c258-1
364:             ls$residencia/casal do pinho, freguesia da redinha
365:             ls$freguesia/redinha
366: 
367:             pnoivo$silvestre henriques/id=c258-2
368:                ls$residencia/casal do pinho, freguesia da redinha
369:                ls$freguesia/redinha
370: 
371:             mnoivo$maria francisca/id=c258-3
372:                ls$residencia/casal do pinho, freguesia da redinha
373:                ls$freguesia/redinha
374: 
375:          noiva$isabel de oliveira/id=c258-4
376: 
377:             pnoiva$antonio gomes/id=c258-5
378:                ls$residencia/bonitos
379: 
380:             mnoiva$domingas de oliveira/id=c258-6
381: 
382:          test$manuel joao/id=c258-7
383:             ls$residencia/casal dos bonitos
384: 
385:          test$francisco joao/id=c258-8
386:             ls$residencia/casal dos bonitos
387: 
388:       cas$c1703-259/19/11/1703/igreja matriz/luis alvares pinto
389: 
390: cas$c1703-259
390:          noivo$jose rodrigues/id=c259-1
391: 
392:             pnoivo$manuel tome/id=c259-2
393:                ls$residencia/casal novo/obs=antes
394:                ls$residencia/abrunheira, freguesia de reveles
395: 
396:             mnoivo$maria francisca/id=c259-3
397:                ls$residencia/casal novo
398: 
399:          noiva$ines de s.francisco/f/id=c259-4
400: 
401:             pnoiva$manuel francisco gabriel/id=c259-5
402:                ls$residencia/casa velha
403: 
404:             mnoiva$maria francisca/id=c259-6
405: 
406:          test$luis de seabra/id=c259-7
407:             ls$residencia/soure
408: 
409:          test$manuel goncalves/id=c259-8
410:             ls$residencia/soure
411:             ls$titulo/frei
412:             ls$profissao/padre
413: 
414:          test$domingos lopes/id=c259-9
415:             ls$residencia/casa velha
416: 
417:       cas$c1703-260/26/11/1703/igreja matriz/jose pinto
418: 
419: cas$c1703-260
419:          noivo$mateus rodrigues/id=c260-1/obs=talvez ilegitimo
420:             ls$residencia/quinta de s.bento, freguesia de santo varao
421:             ls$freguesia/santo varao
422: 
423:             pnoivo$francisco simoes/id=c260-2
424:                ls$residencia/quinta de s.bento, freguesia de santo varao
425:                ls$freguesia/santo varao
426: 
427:             mnoivo$maria antonia/id=c260-3
428:                ls$residencia/quinta de s.bento, freguesia de santo varao
429:                ls$freguesia/santo varao
430: 
431:          noiva$josefa rodrigues/id=c260-4
432: 
433:             pnoiva$manuel simoes/id=c260-5
434:                ls$residencia/casal do pinheiro
435: 
436:             mnoiva$maria simoes/id=c260-6
437: 
438:          test$joao goncalves/id=c260-7
439:             ls$residencia/pinheiro
440: 
441:          test$antonio mateus/id=c260-8
442:             ls$residencia/pouca pena
443: 
444:       cas$c1703-261/16/11/1703/igreja matriz/jose pinto/obs=fora de ordem ou erro na data?
445: 
446: cas$c1703-261
446:          noivo$mateus gomes/id=c261-1
447:             ls$residencia/soure
448: 
449:             pnoivo$mateus gomes/id=c261-2
450:                ls$residencia/soure
451:                ls$residiu/sobral
452: 
453:             mnoivo$margarida lopes/id=c261-3
454: 
455:          noiva$antonia domingues/id=c261-4
456:             ls$residencia/soure/obs=actualmente
457:             ls$naturalidade/malhadas, freguesia dos covoes
458:             ls$freguesia/covoes
459: 
460:             pnoiva$manuel domingues/id=c261-5
461:                ls$naturalidade/malhadas, freguesia dos covoes
462:                ls$freguesia/covoes
463: 
464:             mnoiva$maria manuel/id=c261-6
465:                ls$naturalidade/malhadas, freguesia dos covoes
466:                ls$freguesia/covoes
467: 
468:          test$manuel de tavora/id=c261-7
469:             ls$residencia/soure
470: 
471:          test$sebastiao goncalves/id=c261-8
472:             ls$residencia/soure
473: *** End of File
** Processed file- /Users/jrc/mhk-home/sources/soure/soure-sources/sources/soure_fase1/casamentos/c1703.cli
** Original file- /Users/jrc/mhk-home/sources/soure/soure-sources/sources/soure_fase1/casamentos/c1703.org
** Previous version- /Users/jrc/mhk-home/sources/soure/soure-sources/sources/soure_fase1/casamentos/c1703.old
** Temp file with ids- /Users/jrc/mhk-home/sources/soure/soure-sources/sources/soure_fase1/casamentos/c1703.ids
0  errors. 
0  warnings.
Translation finished.
