ClioInput - version @@VERSION@@ - build @@BUILD@@ @@DATE@@
13-6-2019 16-38

Processing data file c1702.cli
-------------------------------------------
Generic Act translation module with geoentities (XML).
     Joaquim Ramos de Carvalho (joaquim@uc.pt) 
** New document: kleio
1: kleio$gacto.str/gactoxml.str/translations=2
=========================
kleio translation started
=========================
Structure: gacto.str
Prefix: 
Autorel: 
Translation count: 2
Obs: 
2:    fonte$casamentos 1702/tipo=reg paroquiais/data=17020000/localizacao=?
3: 
** Processing source fonte$casamentos 1702
4:       cas$c1702-209/1/1/1702/igreja matriz/luis alvares pinto
5: 
6: cas$c1702-209
6:          noivo$antonio goncalves/id=c209-1
7: 
8:             pnoivo$manuel goncalves/id=c209-2
9:                ls$residencia/alencarce de baixo
10: 
11:             mnoivo$ana simoes/id=c209-3
12: 
13:          noiva$maria simoes/id=c209-4
14:             rel$parentesco/grau 4c/antonio goncalves/c209-1
15: 
16:             pnoiva$francisco simoes/id=c209-5
17:                ls$residencia/cavaleiros
18: 
19:             mnoiva$isabel rodrigues/id=c209-6
20: 
21:          test$joao goncalves/id=c209-7
22:             ls$residencia/pinehrio
23: 
24:          test$antonio goncalves/id=c209-8
25:             ls$residencia/podengos
26: 
27:       cas$c1702-210/2/1/1702/igreja matriz/luis alvares pinto/obs=nota depois dop assento: declaro que nao fis as bencoes aos noivos delcarados acima por nao ser tempo delas
28: 
29: cas$c1702-210
29:          noivo$jose rodrigues/id=c210-1
30: 
31:             pnoivo$antonio simoes/id=c210-2
32:                ls$residencia/porto das cabras
33: 
34:             mnoivo$maria madeira/id=c210-3
35: 
36:          noiva$maria gomes/id=c210-4
37: 
38:             pnoiva$manuel gomes/id=c210-5
39:                ls$residencia/porto das cabras
40: 
41:             mnoiva$maria simoes/id=c210-6
42: 
43:          test$mateus rodrigues/id=c210-7
44:             ls$residencia/porto das cabras
45: 
46:          test$francisco lopes/id=c210-8
47:             ls$residencia/lage
48: 
49:          test$francisco rodrigues/id=c210-9
50:             ls$residencia/paleao
51: 
52:       cas$c1702-211/29/1/1702/igreja matriz/luis alvares pinto
53: 
54: cas$c1702-211
54:          noivo$antonio de figueiredo/id=c211-1
55: 
56:             pnoivo$manuel de figueiredo/id=c211-2
57:                ls$residencia/casais da quinta da cruz
58:                ls$morto/antes
59: 
60:             mnoivo$antonia goncalves/id=c211-3
61:                ls$residencia/casais da quinta da cruz
62:                ls$morta/antes
63: 
64:          noiva$antonia gomes/id=c211-4
65: 
66:             pnoiva$simao luis/id=c211-5
67:                ls$residencia/casal da curujeira
68: 
69:             mnoiva$maria simoes/id=c211-6
70: 
71:          test$manuel soares coelho/id=c211-7
72:             ls$residencia/quinta da cruz
73: 
74:          test$manuel simoes raposo/id=c211-8
75:             ls$residencia/quinta da cruz
76: 
77:       cas$c1702-212/13/2/1702/igreja matriz/luis alvares pinto
78: 
79: cas$c1702-212
79:          noivo$francisco duarte/id=c212-1
80: 
81:             pnoivo$manuel duarte/id=c212-2
82:                ls$residencia/migalho
83:                ls$natural/formigal, vinha da rainha
84:                ls$morto/antes
85: 
86:             mnoivo$maria fernandes/id=c212-3
87:                ls$residencia/migalho
88: 
89:          noiva$maria cordeiro/id=c212-4
90: 
91:             pnoiva$diogo jorge/id=c212-5
92:                ls$residencia/casal novo
93: 
94:             mnoiva$antonia cordeiro/id=c212-6
95: 
96:          test$luis coelho/id=c212-7
97:             ls$residencia/soure
98: 
99:          test$simao cordeiro/id=c212-8
100:             ls$residencia/casal novo
101: 
102:       cas$c1702-213/1/4/1702/igreja matriz/luis alvares pinto
103: 
104: cas$c1702-213
104:          noivo$domingos goncalves/id=c213-1
105: 
106:             pnoivo$domingos pires/id=c213-2
107:                ls$morto/antes
108:                ls$residencia/casal das melricas
109: 
110:             mnoivo$maria antunes/id=c213-3
111:                ls$residencia/casal das melricas
112: 
113:          noiva$isabel rodrigues/id=c213-4
114: 
115:             pnoiva$domingos rodrigues feijao/id=c213-5
116:                ls$residencia/casal dos cavaleiros
117: 
118:             mnoiva$maria joao/id=c213-6
119: 
120:          test$mateus carvalho/id=c213-7
121:             ls$residencia/casal das brancas
122: 
123:          test$andre goncalves/id=c213-8
124:             ls$residencia/soure
125: 
126:       cas$c1702-214/3/4/1702/igreja matriz/luis alvares pinto
127: 
128: cas$c1702-214
128:          noivo$jorge gaspar/id=c214-1
129: 
130:             pnoivo$manuel gaspar/id=c214-2
131:                ls$residencia/simoes
132: 
133:             mnoivo$catarina joao/id=c214-3
134: 
135:          noiva$maria francisca/id=c214-4
136: 
137:             pnoiva$manuel lopes segurelho/id=c214-5
138:                ls$residencia/mogadouro
139: 
140:             mnoiva$maria francisca/id=c214-6
141: 
142:          test$manuel goncalves branco/id=c214-7
143:             ls$residencia/mogadouro
144:             ls$alcunha/velho
145: 
146:          test$domingos luis/id=c214-8
147: 
148:          test$diogo domingues/id=c214-9
149:             ls$residencia/simoes
150: 
151:       cas$c1702-215/30/4/1702/igreja matriz/luis alvares pinto
152: 
153: cas$c1702-215
153:          noivo$jose cordeiro/id=c215-1
154: 
155:             pnoivo$manuel cordeiro/id=c215-2
156:                ls$residencia/casa velha
157: 
158:             mnoivo$maria pedroso/id=c215-3
159: 
160:          noiva$maria goncalves/id=c215-4
161: 
162:             pnoiva$simao goncalves/id=c215-5
163:                ls$residencia/casa velha
164: 
165:             mnoiva$catarina francisca/id=c215-6
166: 
167:          test$luis coelho/id=c215-7
168:             ls$residencia/soure
169: 
170:          test$manuel cordeiro/id=c215-8
171:             ls$residencia/casa velha
172: 
173:          test$manuel jorge soeiro/id=c215-9
174:             ls$residencia/casa velha
175: 
176:       cas$c1702-216/7/5/1702/igreja matriz/luis alvares pinto
177: 
178: cas$c1702-216
178:          noivo$manuel francisco/id=c216-1
179: 
180:             pnoivo$manuel francisco/id=c216-2
181:                ls$residencia/casa velha
182: 
183:             mnoivo$joana da costa/id=c216-3
184: 
185:          noiva$agueda soares/id=c216-4
186: 
187:             pnoiva$manuel gomes/id=c216-5
188:                ls$residencia/casa velha
189: 
190:             mnoiva$maria soares/id=c216-6
191: 
192:          test$luis coelho dos reis/id=c216-7
193:             ls$residencia/soure
194: 
195:          test$filipe costa/id=c216-8
196:             ls$residencia/casa velha
197: 
198:       cas$c1702-217/14/5/1702/igreja matriz/luis alvares pinto
199: 
200: cas$c1702-217
200:          noivo$manuel rodrigues/id=c217-1
201: 
202:             pnoivo$domingos rodrigues feijao/id=c217-2
203:                ls$morto/antes
204:                ls$residencia/cavaleiros
205: 
206:             mnoivo$isabel silvestre/id=c217-3
207:                ls$morta/antes
208:                ls$residencia/cavaleiros
209: 
210:          noiva$antonia francisca/id=c217-4
211: 
212:             pnoiva$manuel fernandes/id=c217-5
213:                ls$morto/antes
214:                ls$residencia/cavaleiros
215: 
216:             mnoiva$isabel francisca/id=c217-6
217:                ls$residencia/cavaleiros
218: 
219:          test$manuel rodrigues ferreira/id=c217-7
220:             ls$residencia/casal dos feijoes
221: 
222:          test$francisco simoes/id=c217-8
223:             ls$residencia/cavaleiros
224: 
225:          test$manuel domingues/id=c217-9
226:             ls$residencia/ovaia?
227: 
228:       cas$c1702-218/28/5/1702/igreja matriz/jose pinto
229: 
230: cas$c1702-218
230:          noivo$domingos goncalves vargas/id=c218-1/obs=possivelmente viuvo
231: 
232:             pnoivo$antonio goncalves vargas/id=c218-2
233:                ls$morto/antes
234:                ls$residencia/sobral
235: 
236:             mnoivo$isabel da fonseca/id=c218-3
237:                ls$morta/antes
238:                ls$residencia/sobral
239: 
240:          noiva$margarida rodrigues/id=c218-4
241: 
242:             pnoiva$domingos rodrigues/id=c218-5
243:                ls$morto/antes
244:                ls$residencia/sobral
245: 
246:             mnoiva$francisca joao/id=c218-6
247: 
248:          test$simao domingues/id=c218-7
249:             ls$residencia/sobral
250: 
251:          test$joao goncalves vargas/id=c218-8
252:             ls$residencia/sobral
253: 
254:       cas$c1702-219/28/5/1702/igreja matriz/jose pinto
255: 
256: cas$c1702-219
256:          noivo$simao vaz/id=c219-1
257: 
258:             pnoivo$manuel vaz/id=c219-2
259:                ls$morto/antes
260:                ls$residencia/pouca pena
261: 
262:             mnoivo$maria martins/id=c219-3
263: 
264:          noiva$luisa bernardes/id=c219-4
265: 
266:             pnoiva$domingos mateus/id=c219-5
267:                ls$residencia/pouca pena
268: 
269:             mnoiva$luisa bernardes/id=c219-6
270: 
271:          test$manuel francisco/id=c219-7
272:             ls$residencia/casal do missa?
273: 
274:          test$antonio mateus/id=c219-8
275:             ls$residencia/pouca pena
276: 
277:       cas$c1702-220/5/6/1702/igreja matriz/luis alvares pinto
278: 
279: cas$c1702-220
279:          noivo$mateus rodrigues/id=c220-1
280:             rel$parentesco/foi marido/domingas goncalves/c220-r1
281:             ls$ec/v
282:             ls$residencia/sobral
283: 
284:          referida$domingas goncalves/f/id=c220-r1
285:             ls$residencia/sobral
286: 
287:          pnoivo$manuel goncalves/id=c220-2
288:             ls$residencia/sobral
289: 
290:          mnoivo$maria rodrigues/id=c220-3
291: 
292:          noiva$antonia da fonseca/id=c220-4
293:             ls$residencia/sobral
294: 
295:             pnoiva$antonio goncalves vargas/id=c220-5/obs=ver cas.218
296:                ls$residencia/sobral
297: 
298:             mnoiva$isabel da fonseca/id=c220-6/obs=ver cas.218
299: 
300:          test$simao domingos/id=c220-7
301:             ls$residencia/sobral
302: 
303:          test$manuel francisco/id=c220-8
304:             ls$alcunha/sobral
305:             ls$residencia/sobral
306: 
307:       cas$c1702-221/7/6/1702/igreja matriz/luis alvares pinto
308: 
309: cas$c1702-221
309:          noivo$manuel gomes/id=c221-1
310:             ls$ec/v
311: 
312:             pnoivo$antonio goncalves/id=c221-2
313:                ls$residencia/porto panelas
314: 
315:             mnoivo$isabel gomes/id=c221-3
316: 
317:          noiva$domingas marques/id=c221-4
318:             ls$ec/v
319: 
320:             pnoiva$joao marques/id=c221-5
321:                ls$morto/antes
322:                ls$residencia/soure
323: 
324:             mnoiva$maria da conceicao/id=c221-6
325:                ls$residencia/soure
326:                ls$morta/antes
327: 
328:          test$tome velho/id=c221-7
329: 
330:          test$joao rodrigues/id=c221-8
331:             ls$profissao/barbeiro
332:             ls$residencia/soure
333: 
334:          test$matias goncalves/id=c221-9
335:             ls$residencia/soure
336:             ls$profissao/padre
337: 
338:       cas$c1702-222/6/7/1702/igreja matriz/luis alvares pinto
339: 
340: cas$c1702-222
340:          noivo$jose rodrigues/id=c222-1
341: 
342:             pnoivo$nicolau rodrigues/id=c222-2
343:                ls$residencia/gesteira, freguesia da gesteira
344:                ls$freguesia/gesteira
345:                ls$morto/antes
346: 
347:             mnoivo$maria francisca/id=c222-3
348:                ls$residencia/gesteira, freguesia da gesteira
349:                ls$freguesia/gesteira
350: 
351:          noiva$isabel francisca/id=c222-4
352: 
353:             pnoiva$manuel jorge/id=c222-5
354:                ls$residencia/casais do espirito santo
355: 
356:             mnoiva$mariana francisca/id=c222-6
357: 
358:          test$manuel francisco/id=c222-7
359:             ls$residencia/assamassa
360: 
361:          test$manuel pereira/id=c222-8
362:             ls$residencia/assamassa
363: 
364:          test$francisco godinho/id=c222-9
365:             ls$residencia/assamassa
366: 
367:       cas$c1702-223/27/8/1702/igreja matriz/luis alvares pinto
368: 
369: cas$c1702-223
369:          noivo$lourenco dias/id=c223-1
370:             ls$residencia/chao de gaia, freguesia de s.simao, bispado de leiria
371:             ls$freguesia/s.simao, bispado de leiria
372:             ls$bispado/leiria
373: 
374:             pnoivo$antonio duarte/id=c223-2
375:                ls$morto/antes
376:                ls$residencia/chao de gaia, freguesia de s.simao, bispado de leiria
377:                ls$freguesia/s.simao, bispado de leiria
378:                ls$bispado/leiria
379: 
380:             mnoivo$francisca dias/id=c223-3
381:                ls$residencia/chao de gaia, freguesia de s.simao, bispado de leiria
382:                ls$freguesia/s.simao, bispado de leiria
383:                ls$bispado/leiria
384: 
385:          noiva$isabel rodrigues/id=c223-4
386: 
387:             pnoiva$diogo rodrigues/id=c223-5
388:                ls$morto/antes
389:                ls$residencia/vale da borra
390: 
391:             mnoiva$maria francisca/id=c223-6
392:                ls$residencia/vale da borra
393: 
394:          test$manuel joao/id=c223-7
395:             ls$residencia/casalinhos
396: 
397:          test$domingos alves/id=c223-8
398:             ls$residencia/casalinhos
399: 
400:          test$antonio fernandes/id=c223-9
401:             ls$residencia/vale da borra
402: 
403:       cas$c1702-224/28/8/1702/igreja matriz/luis alvares pinto
404: 
405: cas$c1702-224
405:          noivo$manuel bras/id=c224-1
406: 
407:             pnoivo$gabriel bras/id=c224-2
408:                ls$morto/antes
409:                ls$residencia/casal do leonel
410: 
411:             mnoivo$isabel rodrigues/id=c224-3
412:                ls$residencia/casal do leonel
413: 
414:          noiva$antonia francisca/id=c224-4
415: 
416:             pnoiva$domingos pires/id=c224-5
417:                ls$residencia/casal da charneca/obs=limite dos casais do espirito santo
418: 
419:             mnoiva$maria francisca/id=c224-6
420: 
421:          test$manuel domingues/id=c224-7
422:             ls$residencia/leonel
423: 
424:          test$bras francisco/id=c224-8
425:             ls$residencia/becos
426: 
427:          test$joao rodrigues/id=c224-9
428:             ls$residencia/casal dos feijoes
429:             ls$alcunha/tabareu/obs=morais e silva: soldado bisonho, acanhado.|| Por ext. qualquer homem acanhado, timido || Desus. Artifice ou oficial ordinario, deleixado, mandriao, que nao sabe o seu oficio.
430: 
431:       cas$c1702-225/31/8/1702/igreja matriz/luis alvares pinto
432: 
433: cas$c1702-225
433:          noivo$domingos rodrigues/id=c225-1
434: 
435:             pnoivo$domingos rodrigues/id=c225-2
436:                ls$residencia/vila nova da barca, freguesia de vila nova da barca
437:                ls$freguesia/vila nova da barca
438:                ls$morto/antes
439: 
440:             mnoivo$leonor rodrigues/id=c225-3
441:                ls$morta/antes
442: 
443:          noiva$filipa jorge/id=c225-4
444:             ls$ec/v
445:             ls$residencia/casal da corujeira
446: 
447:             pnoiva$joao jorge/id=c225-5
448:                ls$morto/antes
449:                ls$residencia/casal da corujeira
450: 
451:             mnoiva$angela luis/id=c225-6
452:                ls$morta/antes
453:                ls$residencia/casal da corujeira
454: 
455:          test$mateus manhos de abreu/id=c225-7
456:             ls$residencia/soure
457: 
458:          test$sebastiao goncalves/id=c225-8
459:             ls$residencia/soure
460: 
461:          test$manuel jorge/id=c225-9
462:             ls$residencia/corujeira
463: 
464:       cas$c1702-226/4/9/1702/igreja matriz/luis alvares pinto
465: 
466: cas$c1702-226
466:          noivo$simao madeira/id=c226-1
467: 
468:             pnoivo$manuel madeira/id=c226-2
469:                ls$residencia/alencarce de cima
470: 
471:             mnoivo$catarina rodrigues/id=c226-3
472: 
473:          noiva$isabel francisca/id=c226-4
474: 
475:             pnoiva$manuel tome/id=c226-5
476:                ls$residencia/alencarce de cima
477: 
478:             mnoiva$ana francisca/id=c226-6
479: 
480:          test$antonio martins/id=c226-7
481:             ls$residencia/pinheiro
482: 
483:          test$manuel alves/id=c226-8
484:             ls$residencia/casal de alencarce de cima
485: 
486:          test$luis rodrigues/id=c226-9
487:             ls$residencia/podengos
488: 
489:       cas$c1702-227/4/9/1702/igreja matriz/luis alvares pinto
490: 
491: cas$c1702-227
491:          noivo$joao rodrigues/id=c227-1
492: 
493:             pnoivo$manuel rodrigues calhao?/id=c227-2
494:                ls$residencia/alencarce de cima
495: 
496:             mnoivo$maria rodrigues/id=c227-3
497:                ls$morta/antes
498: 
499:          noiva$antonia madeira/id=c227-4
500:             rel$parentesco/grau 4c/joao rodrigues/c227-1
501: 
502:             pnoiva$joao alves/id=c227-5
503:                ls$morto/antes
504:                ls$residencia/alencarce de cima
505: 
506:             mnoiva$isabel madeira/id=c227-6
507:                ls$morta/antes
508:                ls$residencia/alencarce de cima
509: 
510:          test$manuel alves/id=c227-7/mesmo_que=c226-8
511:             ls$residencia/casal de alencarce de cima
512: 
513:          test$luis rodrigues/id=c227-8/mesmo_que=c226-9
514:             ls$residencia/podengos
515: 
516:          test$antonio martins/id=c227-9/mesmo_que=c226-7
517:             ls$residencia/pinheiro
518: 
519:       cas$c1702-228/11/9/1702/igreja matriz/luis alvares pinto
520: 
521: cas$c1702-228
521:          noivo$antonio rodrigues/id=c228-1
522: 
523:             pnoivo$manuel rodrigues/id=c228-2
524:                ls$residencia/casa velha
525:                ls$morto/antes
526: 
527:             mnoivo$isabel francisca/id=c228-3
528:                ls$morta/antes
529:                ls$residencia/casa velha
530: 
531:          noiva$maria gomes/id=c228-4
532: 
533:             pnoiva$pedro gomes/id=c228-5
534:                ls$morto/antes
535:                ls$residencia/casa velha
536: 
537:             mnoiva$catarina nunes/id=c228-6
538: 
539:          test$manuel duarte/id=c228-7
540:             ls$profissao/padre
541:             ls$titulo/frei
542:             ls$cargo/capelao da igreja de santiago
543: 
544:          test$filipe costa/id=c228-8
545:             ls$residencia/casa velha
546: 
547:          test$joao simoes/id=c228-9
548:             ls$residencia/casa velha
549: 
550:       cas$c1702-229/11/9/1702/igreja matriz/luis alvares pinto
551: 
552: cas$c1702-229
552:          noivo$domingos rodrigues/id=c229-1
553: 
554:             pnoivo$ascenso rodrigues/id=c229-2
555:                ls$morto/antes
556:                ls$residencia/alencarce de cima
557: 
558:             mnoivo$isabel rodrigues/id=c229-3
559:                ls$morta/antes
560:                ls$residencia/alencarce de cima
561: 
562:          noiva$antonia goncalves/id=c229-4
563: 
564:             pnoiva$manuel simoes/id=c229-5
565:                ls$residencia/alencarce de cima
566:                ls$morto/antes
567: 
568:             mnoiva$filipa goncalves/id=c229-6
569:                ls$residencia/alencarce de cima
570: 
571:          test$antonio goncalves/id=c229-7
572:             ls$residencia/podengos
573: 
574:          test$manuel jorge/id=c229-8
575:             ls$residencia/alencarce
576: 
577:          test$manuel rodrigues/id=c229-9
578:             ls$profissao/estudante
579:             ls$residencia/porto coelheiro
580: 
581:       cas$c1702-230/27/9/1702/igreja matriz/luis alvares pinto
582: 
583: cas$c1702-230
583:          noivo$manuel madeira/id=c230-1
584: 
585:             pnoivo$geraldo rodrigues/id=c230-2
586:                ls$residencia/casal do vinagre
587:                ls$morto/antes
588: 
589:             mnoivo$isabel madeira/id=c230-3
590: 
591:          noiva$isabel goncalves/id=c230-4
592: 
593:             pnoiva$antonio dinis/id=c230-5
594:                ls$residencia/casal das areias?
595: 
596:             mnoiva$maria rodrigues/id=c230-6
597: 
598:          test$antonio martins/id=c230-7
599:             ls$residencia/pinheiro
600: 
601:          test$antonio madeira/id=c230-8
602:             ls$residencia/areias
603: 
604:          test$joao da silva/id=c230-9
605:             ls$residencia/venda de porto coelheiro/obs=venda nova?
606: 
607:       cas$c1702-231/2/10/1702/igreja matriz/luis alvares pinto
608: 
609: cas$c1702-231
609:          noivo$antonio lopes/id=c231-1
610: 
611:             pnoivo$manuel simoes/id=c231-2
612:                ls$residencia/simoes
613: 
614:             mnoivo$maria simoes/id=c231-3
615: 
616:          noiva$ana da silva/id=c231-4
617: 
618:             pnoiva$luis ferreira/id=c231-5
619:                ls$residencia/casal dos caldeiros
620:                ls$morto/antes
621: 
622:             mnoiva$maria joao/id=c231-6
623:                ls$morta/antes
624:                ls$residencia/casal dos caldeiros
625: 
626:          test$marcos joao/id=c231-7
627:             ls$residencia/simoes
628: 
629:          test$manuel francisco/id=c231-8
630:             ls$residencia/simoes
631:             ls$profissao/moleiro
632: 
633:          test$antonio simoes/id=c231-9
634:             ls$residencia/simoes
635: 
636:       cas$c1702-232/16/10/1702/igreja matriz/luis alvares pinto
637: 
638: cas$c1702-232
638:          noivo$joao mateus/id=c232-1
639:             ls$residencia/ega, freguesia da ega
640:             ls$freguesia/ega
641: 
642:             pnoivo$pedro mateus/id=c232-2
643:                ls$residencia/ega, freguesia da ega
644:                ls$freguesia/ega
645:                ls$morto/antes
646: 
647:             mnoivo$isabel simoes/id=c232-3
648:                ls$residencia/ega, freguesia da ega
649:                ls$freguesia/ega
650: 
651:          noiva$isabel antunes/id=c232-4
652: 
653:             pnoiva$manuel antunes/id=c232-5
654:                ls$residencia/alencarce de cima
655: 
656:             mnoiva$ana rodrigues/id=c232-6
657: 
658:          test$jose de meneses/id=c232-7
659:             ls$titulo/dom
660: 
661:          test$manuel coelho/id=c232-8
662:             ls$profissao/padre
663: 
664:          test$manuel rodrigues alvaro/id=c232-9
665:             ls$profissao/padre
666: 
667:       cas$c1702-233/16/10/1702/igreja matriz/luis alvares pinto
668: 
669: cas$c1702-233
669:          noivo$joao mateus/id=c233-1
670:             ls$residencia/condeixa-a-nova, freguesia de condeixa-a-nova
671:             ls$freguesia/condeixa-a-nova
672: 
673:             pnoivo$manuel mateus/id=c233-2
674:                ls$residencia/condeixa-a-nova, freguesia de condeixa-a-nova
675:                ls$freguesia/condeixa-a-nova
676: 
677:             mnoivo$maria antonia/id=c233-3
678:                ls$residencia/condeixa-a-nova, freguesia de condeixa-a-nova
679:                ls$freguesia/condeixa-a-nova
680: 
681:          noiva$isabel domingues/id=c233-4
682: 
683:             pnoiva$manuel domingues/id=c233-5
684:                ls$residencia/casal do leonel
685: 
686:             mnoiva$maria rodrigues/id=c233-6
687: 
688:          test$jose de meneses/id=c233-7/mesmo_que=c232-7
689:             ls$titulo/dom
690: 
691:          test$manuel coelho/id=c233-8/mesmo_que=c232-8
692:             ls$profissao/padre
693: 
694:          test$manuel rodrigues alvaro/id=c233-9/mesmo_que=c232-8
695:             ls$profissao/padre
696: 
697:       cas$c1702-234/16/10/1702/igreja matriz/luis alvares pinto
698: 
699: cas$c1702-234
699:          noivo$manuel domingues/id=c234-1
700: 
701:             pnoivo$manuel domingues/id=c234-2
702:                ls$residencia/eureca
703: 
704:             mnoivo$maria antonia/id=c234-3
705: 
706:          noiva$maria madeira/id=c234-4
707: 
708:             pnoiva$antonio rodrigues/id=c234-5
709:                ls$residencia/quinta da telhada
710: 
711:             mnoiva$maria madeira/id=c234-6
712: 
713:          test$jose de meneses/id=c234-7/mesmo_que=c232-7
714:             ls$titulo/dom
715: 
716:          test$manuel coelho/id=c234-8/mesmo_que=c232-8
717:             ls$profissao/padre
718: 
719:          test$manuel rodrigues alvaro/id=c234-9/mesmo_que=c232-8
720:             ls$profissao/padre
721: 
722:       cas$c1702-235/16/10/1702/igreja matriz/luis alvares pinto
723: 
724: cas$c1702-235
724:          noivo$miguel rodrigues/id=c235-1
725: 
726:             pnoivo$manuel jorge/id=c235-2
727:                ls$residencia/sobral
728: 
729:             mnoivo$antonia rodrigues/id=c235-3
730: 
731:          noiva$maria domingues/id=c235-4
732: 
733:             pnoiva$simao domingues/id=c235-5
734:                ls$residencia/sobral
735: 
736:             mnoiva$maria da fonseca/id=c235-6
737:                ls$morta/antes
738: 
739:          test$jose de meneses/id=c235-7/mesmo_que=c232-7
740:             ls$titulo/dom
741: 
742:          test$manuel coelho/id=c235-8/mesmo_que=c232-8
743:             ls$profissao/padre
744: 
745:          test$manuel rodrigues alvaro/id=c235-9/mesmo_que=c232-8
746:             ls$profissao/padre
747: 
748:       cas$c1702-236/25/10/1702/igreja matriz/jose pinto
749: 
750: cas$c1702-236
750:          noivo$ascenso jorge/id=c236-1
751: 
752:             pnoivo$joao jorge/id=c236-2
753:                ls$residencia/casal das cercosas
754: 
755:             mnoivo$maria simoes/id=c236-3
756: 
757:          noiva$isabel goncalves/id=c236-4
758: 
759:             pnoiva$manuel goncalves/id=c236-5
760:                ls$residencia/casal das cercosas
761: 
762:             mnoiva$francisca pedroso/id=c236-6
763: 
764:          test$manuel jorge curujeiro/id=c236-7
765:             ls$residencia/casal da corujeira/obs=no seu casal da...
766: 
767:          test$sebastiao goncalves/id=c236-8
768:             ls$residencia/soure
769: 
770:          test$joao/id=c236-9
771:             ls$cargo/tesoureiro
772:             ls$residencia/soure
773: 
774:       cas$c1702-237/30/10/1702/igreja matriz/luis alvares pinto/obs=sem mae da noiva
775: 
776: cas$c1702-237
776:          noivo$joao cordeiro/id=c237-1
777: 
778:             pnoivo$simao cordeiro/id=c237-2
779:                ls$residencia/casal novo
780: 
781:             mnoivo$antonia manuel/id=c237-3
782: 
783:          noiva$ana jorge/id=c237-4
784:             ls$residencia/casal novo
785:             rel$parentesco/grau 4c/joao cordeiro/c237-1
786: 
787:             pnoiva$manuel tome/id=c237-5
788:                ls$residencia/brunhos, freguesia de brunhos
789:                ls$freguesia/brunhos
790: 
791:             mnoiva$nome desconhecido/id=c237-6
792: 
793:          test$domingos goncalves galhardo/id=c237-7
794:             ls$residencia/soure
795:             ls$titulo/licenciado
796: 
797:          test$luis de seabra/id=c237-8
798:             ls$residencia/soure
799: 
800:          test$jorge martins/id=c237-9
801:             ls$residencia/casal novo
802: 
803:       cas$c1702-238/5/11/1702/igreja matriz/luis alvares pinto
804: 
805: cas$c1702-238
805:          noivo$jose rodrigues/id=c238-1
806: 
807:             pnoivo$pedro rodrigues/id=c238-2
808:                ls$morto/antes
809:                ls$residencia/assamassa
810: 
811:             mnoivo$maria rodrigues/id=c238-3
812:                ls$morta/antes
813:                ls$residencia/assamassa
814: 
815:          noiva$isabel simoes/id=c238-4
816: 
817:             pnoiva$manuel goncalves/id=c238-5
818:                ls$residencia/sobral
819: 
820:             mnoiva$isabel joao/id=c238-6
821: 
822:          test$joao da costa/id=c238-7
823:             ls$profissao/padre
824:             ls$residencia/soure
825: 
826:          test$manuel alves/id=c238-8
827:             ls$residencia/soure
828: 
829:          test$domingos alves/id=c238-9
830:             ls$residencia/casalinhos
831: 
832:       cas$c1702-239/6/11/1702/igreja matriz/luis alvares pinto
833: 
834: cas$c1702-239
834:          noivo$jose rodrigues/id=c239-1
835: 
836:             pnoivo$joao rodrigues/id=c239-2
837:                ls$residencia/casa velha
838:                ls$morto/antes
839: 
840:             mnoivo$domingas duarte/id=c239-3
841:                ls$residencia/casa velha
842: 
843:          noiva$catarina gomes/id=c239-4
844: 
845:             pnoiva$manuel joao/id=c239-5
846:                ls$residencia/netos, freguesia da almagreira
847:                ls$freguesia/almagreira
848:                ls$morta/antes
849: 
850:             mnoiva$maria joao/id=c239-6
851:                ls$residencia/netos, freguesia da almagreira
852:                ls$freguesia/almagreira
853: 
854:          test$pedro eiro matoso/id=c239-7
855:             ls$residencia/soure
856: 
857:          test$joao alves/id=c239-8
858:             ls$residencia/casa velha
859: 
860:          test$joao/id=c239-9
861:             ls$cargo/tesoureiro da igreja
862: 
863:       cas$c1702-240/18/11/1702/igreja matriz/luis alvares pinto
864: 
865: cas$c1702-240
865:          noivo$manuel lopes/id=c240-1
866: 
867:             pnoivo$antonio lopes/id=c240-2
868:                ls$residencia/soure
869: 
870:             mnoivo$maria marques/id=c240-3
871: 
872:          noiva$jeronima da costa/id=c240-4
873: 
874:             pnoiva$gaspar da costa/id=c240-5
875:                ls$residencia/soure
876:                ls$naturalidade/soure
877: 
878:             mnoiva$isabel de paiva/id=c240-6
879: 
880:          test$antonio manhos/id=c240-7
881: 
882:          test$manuel dias/id=c240-8
883: 
884:          test$manuel rodrigues alvaro/id=c240-9
885:             ls$residencia/soure
886:             ls$profissao/padre
887: 
888:       cas$c1702-241/20/11/1702/igreja matriz/luis alvares pinto
889: 
890: cas$c1702-241
890:          noivo$manuel lourenco/id=c241-1
891: 
892:             pnoivo$manuel lourenco/id=c241-2
893:                ls$morto/antes
894:                ls$residencia/bonitos
895: 
896:             mnoivo$catarina simoes/id=c241-3
897: 
898:          noiva$ana dias/id=c241-4
899: 
900:             pnoiva$mateus dias/id=c241-5/obs=sera o curandeiro?
901:                ls$residencia/casais da misericordia
902: 
903:             mnoiva$maria luis/id=c241-6
904: 
905:          test$manuel joao/id=c241-7
906:             ls$residencia/bonitos
907: 
908:          test$francisco joao/id=c241-8
909:             ls$residencia/bonitos
910: 
911:          test$matias da costa/id=c241-9
912:             ls$residencia/bonitos
913: 
914:       cas$c1702-242/27/11/1702/igreja matriz/luis alvares pinto
915: 
916: cas$c1702-242
916:          noivo$domingos goncalves/id=c242-1
917: 
918:             pnoivo$mateus goncalves/id=c242-2
919:                ls$residencia/alencarce de cima
920: 
921:             mnoivo$maria tome/id=c242-3
922: 
923:          noiva$isabel antunes/id=c242-4
924:             rel$parentesco/grau 4c/domingos goncalves/c242-1
925: 
926:             pnoiva$manuel antunes/id=c242-5
927:                ls$residencia/alencarce de cima
928: 
929:             mnoiva$francisca rodrigues/id=c242-6
930: 
931:          test$antonio de meneses/id=c242-7
932:             ls$titulo/dom
933:             ls$residencia/soure
934: 
935:          test$manuel jorge/id=c242-8
936:             ls$residencia/alencarce de cima
937: 
938:       cas$c1702-243/29/11/1702/igreja matriz/luis alvares pinto
939: 
940: cas$c1702-243
940:          noivo$joao madeira/id=c243-1
941:             ls$ec/v
942:             ls$residencia/carvalheira de baixo
943: 
944:             pnoivo$simao lopes/id=c243-2
945:                ls$residencia/casal da telhada
946: 
947:             mnoivo$maria madeira/id=c243-3
948: 
949:          noiva$maria simoes/id=c243-4
950:             ls$ec/v
951:             ls$residencia/cascao
952: 
953:             pnoiva$mateus simoes/id=c243-5
954:                ls$residencia/cascao
955: 
956:             mnoiva$maria martins/id=c243-6
957: 
958:          test$manuel ferreira/id=c243-7
959:             ls$residencia/areias
960: 
961:          test$domingos antunes/id=c243-8
962:             ls$residencia/carvalheira de baixo
963: 
964:          test$antonio martins/id=c243-9
965:             ls$ec/s
966:             ls$residencia/cascao
967: 
968:       cas$c1702-244/18/12/1702/igreja matriz/luis alvares pinto
969: 
970: cas$c1702-244
970:          noivo$manuel joao/id=c244-1
971: 
972:             pnoivo$manuel simoes/id=c244-2
973:                ls$morto/antes
974:                ls$residencia/casais da senhora do bom sucesso
975: 
976:             mnoivo$antonia luis/id=c244-3
977:                ls$morta/antes
978:                ls$residencia/casais da senhora do bom sucesso
979: 
980:          noiva$antonia da conceicao/id=c244-4
981: 
982:             pnoiva$manuel rodrigues/id=c244-5
983:                ls$morto/antes
984:                ls$residencia/casais da senhora do bom sucesso
985: 
986:             mnoiva$maria francisca/id=c244-6
987:                ls$residencia/casais da senhora do bom sucesso
988: 
989:          test$manuel joao/id=c244-7
990:             ls$residencia/casalinhos
991: 
992:          test$manuel francisco/id=c244-8
993:             ls$residencia/casais da senhora do bom sucesso
994: 
995:          test$antonio francisco/id=c244-9
996:             ls$residencia/casais da senhora do bom sucesso
997: *** End of File
** Processed file- /Users/jrc/mhk-home/sources/soure/soure-sources/sources/soure_fase1/casamentos/c1702.cli
** Original file- /Users/jrc/mhk-home/sources/soure/soure-sources/sources/soure_fase1/casamentos/c1702.org
** Previous version- /Users/jrc/mhk-home/sources/soure/soure-sources/sources/soure_fase1/casamentos/c1702.old
** Temp file with ids- /Users/jrc/mhk-home/sources/soure/soure-sources/sources/soure_fase1/casamentos/c1702.ids
0  errors. 
0  warnings.
Translation finished.
