ClioInput - version @@VERSION@@ - build @@BUILD@@ @@DATE@@
13-6-2019 22-48

Processing data file c1713.cli
-------------------------------------------
Generic Act translation module with geoentities (XML).
     Joaquim Ramos de Carvalho (joaquim@uc.pt) 
** New document: kleio
1: kleio$gacto.str/gactoxml.str/translations=1
=========================
kleio translation started
=========================
Structure: gacto.str
Prefix: 
Autorel: 
Translation count: 1
Obs: 
2:    fonte$casamentos 1713/tipo=reg paroquiais/data= 17130000/localizacao= 124(256)
3: 
** Processing source fonte$casamentos 1713
4:       cas$c1713.1/8/1/1713/igreja matriz/manuel rodrigues (vigario)/obs= em muito mau estado
5: 
6: cas$c1713.1
6:          noivo$antonio cardoso/id=c1713.1-per1
7: 
8:          noiva$catarina rodrigues/id=c1713.1-per2
9: 
10:       cas$c1713.2/9/1/1713/igreja matriz/manuel rodrigues (vigario)
11: 
12: cas$c1713.2
12:          noivo$manuel goncalves/id=c1713.2-per1
13: 
14:             pnoivo$jeronimo goncalves/id=c1713.2-per2
15:                ls$residencia/casa velha
16: 
17:             mnoivo$agueda pereira/id=c1713.2-per3
18:                ls$morta/antes
19: 
20:          noiva$isabel gomes/id=c1713.2-per4
21: 
22:             pnoiva$manuel goncalves galhim/id=c1713.2-per5
23:                ls$residencia/alencarce de cima
24: 
25:             mnoiva$maria gomes/id=c1713.2-per6
26: 
27:          test$antonio de melo de ataide/mesmo_que=c194-7/id=c1713.2-per7

WARNING: c1713.cli line 27 destination id of "same as" not found. Will check again at the end of file.
Near line: 27          test$antonio de melo de ataide/mesmo_que=c194-7/id=c1713.2-per7
Near line: 28             ls$nome/antonio melo e ataide

28:             ls$nome/antonio melo e ataide
29: 
30:          test$nome desconhecido/id=c1713.2-per8
31:             ls$residencia/casa velha
32: 
33:          test$manuel jorge do canto/id=c1713.2-per9
34:             ls$residencia/alencarce de cima
35: 
36:          test$manuel ?/id=c1713.2-per10
37:             ls$residencia/alencarce de cima
38: 
39:       cas$c1713.3/2/2/1713/igreja matriz/manuel rodrigues (vigario)/obs=nao se le nada. Ver os indices.
40: 
41: cas$c1713.3
41:       cas$c1713.4/20/2/1713/igreja matriz/manuel rodrigues (vigario)
42: 
43: cas$c1713.4
43:          noivo$mateus goncalves/id=c1713.4-per1
44: 
45:             pnoivo$domingos antunes/id=c1713.4-per2
46:                ls$residencia/casal das brancas
47:                ls$morto/antes
48: 
49:             mnoivo$maria goncalves/id=c1713.4-per3
50:                ls$morta/antes
51: 
52:          noiva$maria pereira/id=c1713.4-per4
53: 
54:             pnoiva$joao simoes/id=c1713.4-per5
55:                ls$residencia/casa velha
56: 
57:             mnoiva$maria pereira/id=c1713.4-per6
58:                ls$morta/antes
59: 
60:          test$felix de almeida do amaral/mesmo_que=c1712.14-5/id=c1713.4-per7
61: 

WARNING: c1713.cli line 61 destination id of "same as" not found. Will check again at the end of file.
Near line: 61 
Near line: 62          test$jacinto da costa de vasconcelos/id=c1713.4-per8

62:          test$jacinto da costa de vasconcelos/id=c1713.4-per8
63: 
64:          test$luis ribeiro cabral/mesmo_que=plribeiro/id=c1713.4-per9
65: 

WARNING: c1713.cli line 65 destination id of "same as" not found. Will check again at the end of file.
Near line: 65 
Near line: 66          test$joao antunes/id=c1713.4-per10

66:          test$joao antunes/id=c1713.4-per10
67:             ls$residencia/casal das galinhas
68: 
69:       cas$c1713.5/20/2/1713/igreja matriz/manuel rodrigues (vigario)
70: 
71: cas$c1713.5
71:          noivo$manuel francisco/id=c1713.5-per1
72:             ls$residencia/valada, freguesia da gesteira
73:             ls$freguesia/gesteira
74: 
75:             pnoivo$diogo francisco/id=c1713.5-per2
76:                ls$residencia/valada, freguesia da gesteira
77:                ls$freguesia/gesteira
78: 
79:             mnoivo$maria manuel/id=c1713.5-per3
80:                ls$morta/antes
81:                ls$residencia/valada, freguesia da gesteira
82:                ls$freguesia/gesteira
83: 
84:          noiva$maria jose?/id=c1713.5-per4
85: 
86:             pnoiva$manuel duarte/id=c1713.5-per5
87:                ls$residencia/louzoes
88: 
89:             mnoiva$catarina cordeira/id=c1713.5-per6
90: 
91:          test$manuel goncalves perdigao/id=c1713.5-per7
92: 
93:          test$manuel ?/id=c1713.5-per8
94: 
95:          test$antonio duarte/id=c1713.5-per9
96:             ls$residencia/casal dos louzoes
97: 
98:          test$nome desconhecido/id=c1713.5-per10
99: 
100:       cas$c1713.6/20/2/1713/igreja matriz/manuel rodrigues (vigario)
101: 
102: cas$c1713.6
102:          noivo$diogo goncalves/id=c1713.6-per1
103: 
104:          noiva$josefa manuel#martins?/id=c1713.6-per2
105: 
106:             pnoiva$simao cordeiro/id=c1713.6-per3
107:                ls$residencia/casal novo
108: 
109:          test$antonio de melo e ataide/mesmo_que=c194-7/id=c1713.6-per4
110: 

WARNING: c1713.cli line 110 destination id of "same as" not found. Will check again at the end of file.
Near line: 110 
Near line: 111          test$manuel de gouveia/id=c1713.6-per5

111:          test$manuel de gouveia/id=c1713.6-per5
112:             ls$residencia/casal novo
113: 
114:          test$jose domingues/id=c1713.6-per6
115:             ls$residencia/casal novo
116: 
117:          test$joao francisco/id=c1713.6-per7
118:             ls$residencia/casal novo
119: 
120:       cas$c1713.6b/4/4/1713/ermida de santo tirso, de alencarce/manuel rodrigues (vigario)/obs=em mau estado
121: 
122: cas$c1713.6b
122:          noivo$manuel rodrigues castelo/id=c1713.6b-per1
123:             ls$residencia/revinheiro, freguesia de sazes
124:             ls$freguesia/sazes da beira
125: 
126:             pnoivo$manuel rodrigues/id=c1713.6b-per2
127:                ls$residencia/revinheiro, freguesia de sazes
128:                ls$freguesia/sazes da beira
129: 
130:             mnoivo$isabel rodrigues/id=c1713.6b-per3
131:                ls$residencia/revinheiro, freguesia de sazes
132:                ls$freguesia/sazes da beira
133: 
134:             mulher1$maria rodrigues/id=c1713.6b-per4
135:                ls$ilegitima/sim
136:                ls$residencia/sazes, freguesia de sazes da beira
137:                ls$freguesia/sazes da beira
138: 
139:                mmulher1$isabel rodrigues/id=c1713.6b-per5
140:                   ls$ec/s
141:                   ls$residencia/sazes, freguesia de sazes da beira
142:                   ls$freguesia/sazes da beira
143: 
144:             mulher2$ana gomes/id=c1713.6b-per6
145:                ls$residencia/contencas, freguesia de sazes da beira
146:                ls$freguesia/sazes da beira
147: 
148:                pmulher2$? gomes/id=c1713.6b-per7
149:                   ls$residencia/contencas, freguesia de sazes da beira
150:                   ls$freguesia/sazes da beira
151: 
152:                mmulher2$filipa luis/id=c1713.6b-per8
153:                   ls$residencia/contencas, freguesia de sazes da beira
154:                   ls$freguesia/sazes da beira
155: 
156:             mulher3$maria de ?/id=c1713.6b-per9
157:                ls$residencia/freguesia de sazes da beira
158:                ls$freguesia/sazes da beira
159: 
160:          noiva$filipa da conceicao/id=c1713.6b-per10
161: 
162:             pnoiva$domingos marques/id=c1713.6b-per11
163:                ls$residencia/soure
164: 
165:             mnoiva$maria francisca/id=c1713.6b-per12
166: 
167:          test$jose gomes/id=c1713.6b-per13
168: 
169:       cas$c1713.7/0/4/1713/?/manuel rodrigues (vigario)
170: 
171: cas$c1713.7
171:          noivo$nome desconhecido/id=c1713.7-per1
172: 
173:             pnoivo$nome desconhecido/id=c1713.7-per2
174: 
175:             mnoivo$nome desconhecido/id=c1713.7-per3
176: 
177:             mulher1$maria gomes/id=c1713.7-per4
178:                ls$residencia/formoselha, santo varao
179:                ls$freguesia/santo varao
180: 
181:                pmulher1$antonio gomes/id=c1713.7-per5
182:                   ls$residencia/formoselha, santo varao
183:                   ls$freguesia/santo varao
184: 
185:                mmulher1$maria francisca/id=c1713.7-per6
186:                   ls$residencia/formoselha, santo varao
187:                   ls$freguesia/santo varao
188:                   ls$morta/antes
189: 
190:          noiva$nome desconhecido/id=c1713.7-per7
191: 
192:             pnoiva$manuel francisco/id=c1713.7-per8
193:                ls$residencia/alencarce
194:                ls$morto/antes
195: 
196:             mnoiva$domingas rodrigues/id=c1713.7-per9
197:                ls$morta/antes
198: 
199:          test$filipe gomes ribeiro/id=c1713.7-per10
200:             ls$profissao/padre
201:             ls$titulo/frei
202:             ls$cargo/beneficiado da igreja de soure
203: 
204:          test$manuel martins/id=c1713.7-per11
205:             ls$profissao/padre
206: 
207:          test$joao rodrigues alvaro/id=c1713.7-per12
208:             ls$alcunha/moco
209:             ls$residencia/soure
210: 
211:          test$mateus cordeiro/id=c1713.7-per13
212:             ls$cargo/tesoureiro de soure
213: 
214:       cas$c1713.8/28/5/1713/igreja matriz/manuel rodrigues (vigario)
215: 
216: cas$c1713.8
216:          noivo$mateus carvalho/id=c1713.8-per1
217: 
218:             pnoivo$mateus carvalho/id=c1713.8-per2
219:                ls$residencia/casal das brancas
220: 
221:             mnoivo$maria gomes/id=c1713.8-per3
222: 
223:          noiva$maria antunes/id=c1713.8-per4
224: 
225:             pnoiva$domingos pires/id=c1713.8-per5
226:                ls$morto/antes
227:                ls$residencia/casal do melrical
228: 
229:             mnoiva$maria antunes/id=c1713.8-per6
230: 
231:          test$felix de almeida do amaral/mesmo_que=c1712.14-5/id=c1713.8-per7
232: 

WARNING: c1713.cli line 232 destination id of "same as" not found. Will check again at the end of file.
Near line: 232 
Near line: 233          test$vicente colaco de morais/mesmo_que=c104-7/id=c1713.8-per8

233:          test$vicente colaco de morais/mesmo_que=c104-7/id=c1713.8-per8

WARNING: c1713.cli line 233 destination id of "same as" not found. Will check again at the end of file.
Near line: 233          test$vicente colaco de morais/mesmo_que=c104-7/id=c1713.8-per8
Near line: 234             ls$cargo/capitao

234:             ls$cargo/capitao
235: 
236:          test$antonio fernandes/id=c1713.8-per9
237:             ls$residencia/casal das galinhas
238: 
239:          test$jose antunes/id=c1713.8-per10
240:             ls$residencia/casal das brancas
241: 
242:       cas$c1713.9/28/5/1713/igreja matriz/manuel rodrigues (vigario)
243: 
244: cas$c1713.9
244:          noivo$antonio francisco baralhao/id=c1713.9-per1
245: 
246:             pnoivo$domingos francisco/id=c1713.9-per2
247:                ls$residencia/soure
248: 
249:             mnoivo$maria goncalves/id=c1713.9-per3
250: 
251:             mulher1$maria mendes/id=c1713.9-per4
252: 
253:                pmulher1$manuel leite/id=c1713.9-per5
254:                   ls$residencia/soure
255:                   ls$morto/antes
256: 
257:                mmulher1$maria mendes/id=c1713.9-per6
258:                   ls$morta/antes
259: 
260:          noiva$domingas rodrigues/id=c1713.9-per7
261: 
262:             pnoiva$joao rodrigues/id=c1713.9-per8
263:                ls$morto/antes
264:                ls$residencia/casal dos beltroes
265: 
266:             mnoiva$maria tome/id=c1713.9-per9
267: 
268:             marido1$jose francisco/id=c1713.9-per10
269: 
270:                pmarido1$manuel francisco/id=c1713.9-per11
271:                   ls$residencia/vale da borra
272: 
273:                mmarido1$maria simoes/id=c1713.9-per12
274: 
275:          test$manuel de brito/id=c1713.9-per13
276:             ls$residencia/soure
277: 
278:          test$jose mendes/id=c1713.9-per14
279:             ls$ec/s
280:             ls$residencia/soure
281: 
282:          test$jose joao/id=c1713.9-per15
283:             ls$residencia/casalinhos
284: 
285:          test$manuel joao/id=c1713.9-per16
286:             ls$residencia/casalinhos
287: 
288:       cas$c1713.10/3/6/1713/igreja matriz/manuel rodrigues (vigario)
289: 
290: cas$c1713.10
290:          noivo$joao domingues/id=c1713.10-per1
291:             ls$residencia/quinta, freguesia de s.joao da quinta
292:             ls$freguesia/quinta
293: 
294:             pnoivo$matias domingues/id=c1713.10-per2
295:                ls$morto/antes
296:                ls$residencia/quinta, freguesia de s.joao da quinta
297:                ls$freguesia/quinta
298: 
299:             mnoivo$maria rodrigues/id=c1713.10-per3
300:                ls$morta/antes
301:                ls$residencia/quinta, freguesia de s.joao da quinta
302:                ls$freguesia/quinta
303: 
304:             mulher1$mariana gomes/id=c1713.10-per4
305: 
306:                pmulher1$joao francisco/id=c1713.10-per5
307:                   ls$residencia/aldeia da ribeira, freguesia de alcanede, bispado de lisboa
308:                   ls$freguesia/alcanede, bispado de lisboa
309: 
310:                mmulher1$maria gomes/id=c1713.10-per6
311:                   ls$residencia/aldeia da ribeira, freguesia de alcanede, bispado de lisboa
312:                   ls$freguesia/alcanede, bispado de lisboa
313: 
314:          noiva$maria da encarnacao/id=c1713.10-per7
315: 
316:             pnoiva$antonio rebelo/id=c1713.10-per8
317:                ls$residencia/soure
318: 
319:             mnoiva$helena da gante/id=c1713.10-per9
320:                ls$morto/antes
321: 
322:          test$manuel coelho/id=c1713.10-per10
323: 
324:          test$henrique barbosa canais/mesmo_que=hbcanais/id=c1713.10-per11

WARNING: c1713.cli line 324 destination id of "same as" not found. Will check again at the end of file.
Near line: 324          test$henrique barbosa canais/mesmo_que=hbcanais/id=c1713.10-per11
Near line: 325             ls$titulo/licenciado

325:             ls$titulo/licenciado
326: 
327:          test$jose pinto/mesmo_que=jpinto/id=c1713.10-per12
328: 

WARNING: c1713.cli line 328 destination id of "same as" not found. Will check again at the end of file.
Near line: 328 
Near line: 329          test$manuel duarte/mesmo_que=pmduarte/id=c1713.10-per13

329:          test$manuel duarte/mesmo_que=pmduarte/id=c1713.10-per13
330: 

WARNING: c1713.cli line 330 destination id of "same as" not found. Will check again at the end of file.
Near line: 330 
Near line: 331       cas$c1713.11/5/6/1713/igreja matriz/manuel rodrigues (vigario)

331:       cas$c1713.11/5/6/1713/igreja matriz/manuel rodrigues (vigario)
332: 
333: cas$c1713.11
333:          noivo$joao rodrigues/id=c1713.11-per1
334: 
335:             pnoivo$joao rodrigues/id=c1713.11-per2
336:                ls$residencia/simoes
337:                ls$morto/antes
338: 
339:             mnoivo$isabel joao/id=c1713.11-per3
340:                ls$morta/antes
341: 
342:          noiva$maria rodrigues/id=c1713.11-per4
343: 
344:             pnoiva$manuel simoes raposo/id=cpnoiva05061713
345:                ls$morto/antes
346:                ls$residencia/simoes
347: 
348:             mnoiva$maria rodrigues/id=cmnoiva05061713
349: 
350:          test$jose barbosa canais/mesmo_que=c17-7/id=c1713.11-per5
351: 

WARNING: c1713.cli line 351 destination id of "same as" not found. Will check again at the end of file.
Near line: 351 
Near line: 352          test$manuel domingues/id=c1713.11-per6

352:          test$manuel domingues/id=c1713.11-per6
353:             ls$residencia/simoes
354: 
355:          test$manuel gomes/id=c1713.11-per7
356:             ls$residencia/simoes
357: 
358:          test$antonio lopes/id=c1713.11-per8
359:             ls$residencia/simoes
360: 
361:       cas$c1713.12/18/6/1713/igreja matriz/manuel rodrigues (vigario)
362: 
363: cas$c1713.12
363:          noivo$manuel joao/id=c1713.12-per1
364: 
365:             pnoivo$marques joao/id=c1713.12-per2
366:                ls$residencia/simoes
367: 
368:             mnoivo$catarina simoes/id=c1713.12-per3
369:                ls$morta/antes
370: 
371:          noiva$isabel rodrigues/id=c1713.12-per4
372: 
373:             pnoiva$manuel simoes raposo/mesmo_que=cpnoiva05061713/id=c1713.12-per5
374: 
375:             mnoiva$maria rodrigues/mesmo_que=cmnoiva05061713/id=c1713.12-per6
376: 
377:          test$manuel joao cordeiro/id=c1713.12-per7
378:             ls$residencia/simoes
379: 
380:          test$manuel domingues/id=c1713.12-per8
381:             ls$alcunha/benzedor
382:             ls$residencia/simoes
383: 
384:          test$domingos luis/id=c1713.12-per9
385: 
386:          test$joao francisco/id=c1713.12-per10
387:             ls$residencia/mogadouro
388: 
389:       cas$c1713.13/5/8/1713/igreja matriz/manuel rodrigues (vigario)
390: 
391: cas$c1713.13
391:          noivo$antonio marques/id=c1713.13-per1
392:             ls$residencia/formoselha, santo varao
393:             ls$freguesia/santo varao
394: 
395:             pnoivo$joao marques/id=c1713.13-per2
396:                ls$residencia/formoselha, freguesia de santo varao
397:                ls$freguesia/santo varao
398: 
399:             mnoivo$sebastiana francisca/id=c1713.13-per3
400:                ls$morta/antes
401:                ls$residencia/formoselha, freguesia santo varao
402:                ls$freguesia/santo varao
403: 
404:          noiva$mariana da costa/id=c1713.13-per4
405: 
406:             pnoiva$gaspar da costa/id=c1713.13-per5
407:                ls$morto/antes
408:                ls$residencia/soure
409: 
410:             mnoiva$isabel de paiva/id=c1713.13-per6
411:                ls$residencia/soure
412: 
413:          test$jose pinto/mesmo_que=jpinto/id=c1713.13-per7
414: 

WARNING: c1713.cli line 414 destination id of "same as" not found. Will check again at the end of file.
Near line: 414 
Near line: 415          test$manuel rodrigues serrao/id=c1713.13-per8

415:          test$manuel rodrigues serrao/id=c1713.13-per8
416:             ls$residencia/soure
417: 
418:          test$manuel alvares/id=c1713.13-per9
419:             ls$residencia/soure
420: 
421:          test$jose da costa/id=c1713.13-per10
422:             ls$residencia/soure
423: 
424:       cas$c1713.14/19/8/1713/igreja matriz/manuel rodrigues (vigario)/obs=visto em visita que fez o illustrissimo senhor bispo conde Soure 18 de Agosto de 1713
425: 
426: cas$c1713.14
426:          noivo$joao henriques cavaco/id=c1713.14-per1
427: 
428:             pnoivo$gregorio mendes/id=c1713.14-per2
429:                ls$residencia/soure
430:                ls$morto/antes
431: 
432:             mnoivo$apolonia henriques/id=c1713.14-per3
433: 
434:          noiva$isabel maria pedroso/id=c1713.14-per4
435: 
436:             pnoiva$antonio rodrigues/id=c1713.14-per5
437:                ls$morto/antes
438: 
439:             mnoiva$isabel pedroso/id=c1713.14-per6
440:                ls$residencia/soure
441: 
442:          test$luis manhos de abreu/mesmo_que=lmabreu/id=c1713.14-per7

WARNING: c1713.cli line 442 destination id of "same as" not found. Will check again at the end of file.
Near line: 442          test$luis manhos de abreu/mesmo_que=lmabreu/id=c1713.14-per7
Near line: 443             ls$cargo/capitao

443:             ls$cargo/capitao
444:             ls$nome/luis manhos
445: 
446:          test$jose barbosa canais/mesmo_que=c17-7/id=c1713.14-per8
447: 

WARNING: c1713.cli line 447 destination id of "same as" not found. Will check again at the end of file.
Near line: 447 
Near line: 448          test$andre goncalves/id=c1713.14-per9

448:          test$andre goncalves/id=c1713.14-per9
449:             ls$residencia/soure
450: 
451:          test$manuel cordeiro/id=c1713.14-per10
452:             ls$profissao/padre
453:             ls$residencia/soure
454: 
455:       cas$c1713.15/21/8/1713/igreja matriz/manuel rodrigues (vigario)
456: 
457: cas$c1713.15
457:          noivo$manuel fernandes/id=c1713.15-per1
458: 
459:             pnoivo$andre fernandes/id=c1713.15-per2
460:                ls$residencia/casal das brancas
461:                ls$morto/antes
462: 
463:             mnoivo$maria da gante/id=c1713.15-per3
464:                ls$morta/antes
465: 
466:          noiva$isabel simoes/id=c1713.15-per4
467: 
468:             pnoiva$francisco simoes/id=c1713.15-per5
469:                ls$residencia/cavaleiros
470: 
471:             mnoiva$isabel rodrigues/id=c1713.15-per6
472: 
473:             marido1$mateus pereira/id=c1713.15-per7
474: 
475:                pmarido1$mateus pereira/id=c1713.15-per8
476:                   ls$morto/antes
477:                   ls$residencia/casal das brancas
478: 
479:                mmarido1$antonia goncalves/id=c1713.15-per9
480:                   ls$morta/antes
481: 
482:          test$miguel da gante/id=c1713.15-per10
483:             ls$ec/s
484:             ls$residencia/casal de grisoma%seu casal
485: 
486:          test$mateus carvalho/id=c1713.15-per11
487:             ls$residencia/casal das brancas
488: 
489:          test$jose carvalho/id=c1713.15-per12
490:             ls$residencia/casal das brancas
491: 
492:          test$antonio rodrigues/id=c1713.15-per13
493:             ls$residencia/casal das brancas
494: 
495:       cas$c1713.16/24/8/1713/igreja matriz/manuel rodrigues (vigario)
496: 
497: cas$c1713.16
497:          noivo$antonio velho/id=c1713.16-per1
498: 
499:             pnoivo$joao velho/id=c1713.16-per2
500:                ls$morto/antes
501:                ls$residencia/couto de tavarede, freguesia de s.martinho
502:                ls$freguesia/s.martinho
503: 
504:             mnoivo$maria botelho/id=c1713.16-per3
505: 
506:          noiva$elvira mendes da costa/id=c1713.16-per4
507: 
508:             pnoiva$mateus mendes/id=c1713.16-per5
509:                ls$residencia/soure
510: 
511:             mnoiva$maria madeira/id=c1713.16-per6
512: 
513:          test$joao de deus/id=c1713.16-per7
514:             ls$profissao/padre
515:             ls$residencia/soure
516: 
517:          test$jeronimo rodrigues/id=c1713.16-per8
518:             ls$residencia/soure
519:             ls$profissao/padre
520: 
521:          test$matias goncalves/id=c1713.16-per9
522:             ls$profissao/padre
523:             ls$residencia/soure
524: 
525:          test$jeronimo mendes/id=c1713.16-per10
526:             ls$profissao/padre
527:             ls$naturalidade/soure
528: 
529:       cas$c1713.17/6/11/1713/igreja matriz/manuel rodrigues (vigario)
530: 
531: cas$c1713.17
531:          noivo$jose rodrigues/id=c1713.17-per1
532: 
533:             pnoivo$simao rodrigues/id=c1713.17-per2
534:                ls$morto/antes
535:                ls$residencia/casais do espirito santo
536: 
537:             mnoivo$madalena ferreira/id=c1713.17-per3
538: 
539:          noiva$josefa simoes/id=c1713.17-per4
540: 
541:             mnoiva$maria jorge/id=c1713.17-per5
542:                ls$morta/antes
543:                ls$residencia/cavaleiros
544: 
545:             pnoiva$manuel simoes/id=c1713.17-per6
546:                ls$residencia/cavaleiros
547: 
548:          test$vicente colaco de morais/mesmo_que=c104-7/id=c1713.17-per7

WARNING: c1713.cli line 548 destination id of "same as" not found. Will check again at the end of file.
Near line: 548          test$vicente colaco de morais/mesmo_que=c104-7/id=c1713.17-per7
Near line: 549             ls$cargo/capitao

549:             ls$cargo/capitao
550: 
551:          test$joao rodrigues/id=c1713.17-per8
552:             ls$residencia/assamassa
553: 
554:          test$jose domingues/id=c1713.17-per9
555:             ls$residencia/cavaleiros
556: 
557:          test$jose goncalves/id=c1713.17-per10
558:             ls$residencia/portela
559: 
560:       cas$c1713.18/20/11/1713/igreja matriz/manuel rodrigues (vigario)
561: 
562: cas$c1713.18
562:          noivo$antonio simoes/id=c1713.18-per1
563: 
564:             pnoivo$manuel simoes/id=c1713.18-per2
565:                ls$residencia/cavaleiros
566: 
567:             mnoivo$maria jorge/id=c1713.18-per3
568:                ls$morta/antes
569: 
570:             mulher1$domingas jorge/id=c1713.18-per4
571: 
572:                pmulher1$joao de brito/id=c1713.18-per5
573:                   ls$morto/antes
574:                   ls$residencia/sobral
575: 
576:                mmulher1$maria jorge/id=c1713.18-per6
577:                   ls$morta/antes
578: 
579:          noiva$maria jorge/id=c1713.18-per7
580: 
581:             pnoiva$joao dias/id=c1713.18-per8
582:                ls$morto/antes
583:                ls$residencia/casal da torre do sobral
584: 
585:             mnoiva$antonia fernandes/id=c1713.18-per9
586: 
587:          test$diogo ramires alemao/id=c1713.18-per10
588: 
589:          test$manuel pessoa leitao/mesmo_que=ppessoa/id=c1713.18-per11
590: 

WARNING: c1713.cli line 590 destination id of "same as" not found. Will check again at the end of file.
Near line: 590 
Near line: 591          test$manuel simoes galhardo/id=c1713.18-per12

591:          test$manuel simoes galhardo/id=c1713.18-per12
592: 
593:          test$domingos jorge/id=c1713.18-per13
594:             ls$residencia/sobral
595: 
596:       cas$c1713.19/20/11/1713/igreja matriz/manuel rodrigues (vigario)
597: 
598: cas$c1713.19
598:          noivo$manuel rodrigues/id=c1713.19-per1
599: 
600:             pnoivo$domingos andre/id=c1713.19-per2
601:                ls$morto/antes
602:                ls$residencia/casal dos barrosos
603: 
604:             mnoivo$domingas da conceicao/id=c1713.19-per3
605: 
606:          noiva$isabel francisca/id=c1713.19-per4
607: 
608:             pnoiva$francisco joao/id=c1713.19-per5
609:                ls$residencia/delgados
610: 
611:             mnoiva$francisca gaspar/id=c1713.19-per6
612: 
613:          test$manuel goncalves branco/id=c1713.19-per7
614:             ls$alcunha/velho
615:             ls$residencia/mogadouro
616: 
617:          test$manuel goncalves branco/id=c1713.19-per8
618:             ls$alcunha/moco
619: 
620:          test$manuel martins/id=c1713.19-per9
621:             ls$residencia/mogadouro
622: 
623:          test$joao francisco/id=c1713.19-per10
624:             ls$residencia/mogadouro
625: 
626:       cas$c1713.20/3/12/1713/igreja matriz/manuel rodrigues (vigario)
627: 
628: cas$c1713.20
628:          noivo$manuel de brito/id=c1713.20-per1
629: 
630:             pnoivo$manuel rodrigues rainho/id=c1713.20-per2
631:                ls$morto/antes
632:                ls$residencia/sobral
633: 
634:             mnoivo$maria joao/id=c1713.20-per3
635: 
636:          noiva$francisca antunes da conceicao/id=c1713.20-per4
637: 
638:             pnoiva$bartolomeu antunes/id=c1713.20-per5
639:                ls$residencia/casal do livreiro
640: 
641:             mnoiva$isabel luis/id=c1713.20-per6
642: 
643:          test$luis manhos de abreu/mesmo_que=lmabreu/id=c1713.20-per7

WARNING: c1713.cli line 643 destination id of "same as" not found. Will check again at the end of file.
Near line: 643          test$luis manhos de abreu/mesmo_que=lmabreu/id=c1713.20-per7
Near line: 644             ls$cargo/capitao

644:             ls$cargo/capitao
645: 
646:          test$manuel ferreira mioto/id=c1713.20-per8
647: 
648:          test$mateus cordeiro/id=c1713.20-per9
649:             ls$cargo/sacristao da igreja de soure
650: 
651:       cas$c1713.21/5/12/1713/igreja matriz/manuel rodrigues (vigario)
652: 
653: cas$c1713.21
653:          noivo$manuel rodrigues/id=c1713.21-per1
654: 
655:             pnoivo$manuel francisco/id=c1713.21-per2
656:                ls$residencia/soure
657: 
658:             mnoivo$isabel rodrigues/id=c1713.21-per3
659: 
660:          noiva$maria francisca/id=c1713.21-per4
661: 
662:             pnoiva$manuel da costa/id=c1713.21-per5
663:                ls$residencia/carregosa, freguesia da gesteira
664:                ls$freguesia/gesteira
665:                ls$morto/antes
666: 
667:             mnoiva$maria francisca/id=c1713.21-per6
668:                ls$morta/antes
669: 
670:          test$teodosio mendes/id=c1713.21-per7
671:             ls$profissao/padre
672: 
673:          test$alexandre mendes ravasco/id=c1713.21-per8
674: 
675:          test$mateus cordeiro/id=c1713.21-per9
676:             ls$cargo/sacristao da igreja de soure
677: 
678:          test$joao gomes/id=c1713.21-per10
679:             ls$profissao/sapateiro
680:             ls$residencia/alencarce
681: 
682:       cas$c1713.22/24/12/1713/igreja matriz/manuel rodrigues (vigario)
683: 
684: cas$c1713.22
684:          noivo$luis barbosa canais/mesmo_que=c17-7-luis/id=c1713.22-per1
685: 

WARNING: c1713.cli line 685 destination id of "same as" not found. Will check again at the end of file.
Near line: 685 
Near line: 686             pnoivo$jose barbosa canais/mesmo_que=c17-7/id=c1713.22-per2

686:             pnoivo$jose barbosa canais/mesmo_que=c17-7/id=c1713.22-per2

WARNING: c1713.cli line 686 destination id of "same as" not found. Will check again at the end of file.
Near line: 686             pnoivo$jose barbosa canais/mesmo_que=c17-7/id=c1713.22-per2
Near line: 687                ls$residencia/soure

687:                ls$residencia/soure
688: 
689:             mnoivo$antonia teresa/id=c1713.22-per3
690:                ls$titulo/dona
691: 
692:          noiva$iria de seabra jacques/id=iriasj
693: 
694:             pnoiva$luis de seabra jacques/id=c1713.22-per4
695:                ls$morto/antes
696: 
697:             mnoiva$maria de jesus/id=c1713.22-per5
698: 
699:          referido$luis de seabra jacques/id=c1713.22-per6
700:             rel$parentesco/irmao/iria de seabra jacques/iriasj
701:             rel$sociabilidade/procurador em casamento/iria de seabra jacques/iriasj
702: 
703:          test$luis manhos de abreu/mesmo_que=lmabreu/id=c1713.22-per7

WARNING: c1713.cli line 703 destination id of "same as" not found. Will check again at the end of file.
Near line: 703          test$luis manhos de abreu/mesmo_que=lmabreu/id=c1713.22-per7
Near line: 704             ls$cargo/capitao

704:             ls$cargo/capitao
705: 
706:          test$luis ribeiro/mesmo_que=plribeiro/id=c1713.22-per8
707: 

WARNING: c1713.cli line 707 destination id of "same as" not found. Will check again at the end of file.
Near line: 707 
Near line: 708          test$nuno alvares pereira/mesmo_que=nunoalvares/id=c1713.22-per9

708:          test$nuno alvares pereira/mesmo_que=nunoalvares/id=c1713.22-per9
709: 

WARNING: c1713.cli line 709 destination id of "same as" not found. Will check again at the end of file.
Near line: 709 
Near line: 710          test$manuel soares coelho/mesmo_que=mscoelho/id=c1713.22-per10

710:          test$manuel soares coelho/mesmo_que=mscoelho/id=c1713.22-per10
711: 

WARNING: c1713.cli line 711 destination id of "same as" not found. Will check again at the end of file.
Near line: 711 
Near line: 712       cas$c1713.23/25/12/1713/igreja matriz/manuel rodrigues (vigario)

712:       cas$c1713.23/25/12/1713/igreja matriz/manuel rodrigues (vigario)
713: 
714: cas$c1713.23
714:          noivo$antonio simoes/id=c1713.23-per1
715: 
716:             pnoivo$manuel simoes/id=c1713.23-per2
717:                ls$residencia/casa velha
718: 
719:             mnoivo$maria pereira/id=c1713.23-per3
720:                ls$morta/antes
721: 
722:          noiva$ines da costa/id=c1713.23-per4
723: 
724:             pnoiva$filipe da costa/id=c1713.23-per5
725:                ls$morto/antes
726:                ls$residencia/casa velha
727: 
728:             mnoiva$maria da costa/id=c1713.23-per6
729: 
730:             marido1$pedro cordeiro/id=c1713.23-per7
731: 
732:                pmarido1$manuel cordeiro/id=c1713.23-per8
733:                   ls$morto/antes
734:                   ls$residencia/casa velha
735: 
736:          test$domingos lopes/id=c1713.23-per9
737:             ls$residencia/casa velha
738: 
739:          test$manuel cordeiro/id=c1713.23-per10
740:             ls$residencia/casa velha
741: 
742:          test$pedro gomes/id=c1713.23-per11
743:             ls$residencia/casa velha
744: 
745:          test$diogo da costa/id=c1713.23-per12
746:             ls$residencia/casa velha
747: *** End of File
ERROR:  Could not find same_as id c194-7 referred in line 28. If  original reference is on another file use xsame_as

ERROR:  Could not find same_as id c1712.14-5 referred in line 62. If  original reference is on another file use xsame_as

ERROR:  Could not find same_as id plribeiro referred in line 66. If  original reference is on another file use xsame_as

ERROR:  Could not find same_as id c194-7 referred in line 111. If  original reference is on another file use xsame_as

ERROR:  Could not find same_as id c1712.14-5 referred in line 233. If  original reference is on another file use xsame_as

ERROR:  Could not find same_as id c104-7 referred in line 234. If  original reference is on another file use xsame_as

ERROR:  Could not find same_as id hbcanais referred in line 325. If  original reference is on another file use xsame_as

ERROR:  Could not find same_as id jpinto referred in line 329. If  original reference is on another file use xsame_as

ERROR:  Could not find same_as id pmduarte referred in line 331. If  original reference is on another file use xsame_as

ERROR:  Could not find same_as id c17-7 referred in line 352. If  original reference is on another file use xsame_as

ERROR:  Could not find same_as id jpinto referred in line 415. If  original reference is on another file use xsame_as

ERROR:  Could not find same_as id lmabreu referred in line 443. If  original reference is on another file use xsame_as

ERROR:  Could not find same_as id c17-7 referred in line 448. If  original reference is on another file use xsame_as

ERROR:  Could not find same_as id c104-7 referred in line 549. If  original reference is on another file use xsame_as

ERROR:  Could not find same_as id ppessoa referred in line 591. If  original reference is on another file use xsame_as

ERROR:  Could not find same_as id lmabreu referred in line 644. If  original reference is on another file use xsame_as

ERROR:  Could not find same_as id c17-7-luis referred in line 686. If  original reference is on another file use xsame_as

ERROR:  Could not find same_as id c17-7 referred in line 687. If  original reference is on another file use xsame_as

ERROR:  Could not find same_as id lmabreu referred in line 704. If  original reference is on another file use xsame_as

ERROR:  Could not find same_as id plribeiro referred in line 708. If  original reference is on another file use xsame_as

ERROR:  Could not find same_as id nunoalvares referred in line 710. If  original reference is on another file use xsame_as

ERROR:  Could not find same_as id mscoelho referred in line 712. If  original reference is on another file use xsame_as

22  errors. 
22  warnings.
Translation finished.
