ClioInput - version @@VERSION@@ - build @@BUILD@@ @@DATE@@
13-6-2019 22-48

Processing data file c1711.cli
-------------------------------------------
Generic Act translation module with geoentities (XML).
     Joaquim Ramos de Carvalho (joaquim@uc.pt) 
** New document: kleio
1: kleio$gacto.str/gactoxml.str/translations=3
=========================
kleio translation started
=========================
Structure: gacto.str
Prefix: 
Autorel: 
Translation count: 3
Obs: 
2:    fonte$casamentos 1711/tipo=reg paroquiais/data=17110000/localizacao=fol.244v-112v
3: 
** Processing source fonte$casamentos 1711
4:       cas$c1711.1/1/1/1711/igreja matriz/manuel rodrigues/obs=fiz-lhes as bencoes do matr.o em 18-1-1711
5: 
6: cas$c1711.1
6:          noivo$manuel martins/id=c1711.1-1
7: 
8:             pnoivo$domingos rodrigues/id=c1711.1-2
9:                ls$morto/antes
10:                ls$residencia/baixos, freguesia de tapeus
11:                ls$freguesia/tapeus
12: 
13:             mnoivo$maria martins/id=c1711.1-3
14:                ls$residencia/baixos, freguesia de Tapeus
15:                ls$freguesia/tapeus
16: 
17:          noiva$escolastica de jesus/id=c1711.1-4
18: 
19:             pnoiva$manuel joao/id=c1711.1-5
20:                ls$morto/antes
21:                ls$residencia/barrosos
22: 
23:             mnoiva$ana jorge/id=c1711.1-6
24:                ls$residencia/barrosos
25: 
26:          test$andre joao/id=c1711.1-7
27:             ls$residencia/baixos, freguesia de Tapeus
28:             ls$freguesia/tapeus
29: 
30:          test$mateus rodrigues/id=c1711.1-8
31:             ls$residencia/baixos, freguesia de Tapeus
32:             ls$freguesia/tapeus
33: 
34:          test$mateus rodrigues/id=c1711.1-9
35:             ls$residencia/barrosos
36: 
37:          test$manuel goncalves/id=c1711.1-10
38:             ls$alcunha/branco
39:             ls$residencia/mogadouro
40: 
41:       cas$c1711.2/12/1/1711/igreja matriz/manuel rodrigues
42: 
43: cas$c1711.2
43:          noivo$ascenso joao de carvalho/id=c1711.2-1
44: 
45:             pnoivo$manuel joao galhufo/id=c1711.2-2
46:                ls$morto/antes
47:                ls$residencia/mogadouro
48: 
49:             mnoivo$maria carvalho/id=c1711.2-3
50:                ls$morta/antes
51:                ls$residencia/mogadouro
52: 
53:          noiva$josefa goncalves/id=c1711.2-4
54: 
55:             pnoiva$manuel gaspar/id=c1711.2-5
56:                ls$morto/antes
57:                ls$residencia/simoes
58: 
59:             mnoiva$antonia goncalves/id=c1711.2-6
60:                ls$residencia/simoes
61: 
62:          test$manuel duarte/id=c1711.2-7
63:             ls$titulo/frei
64:             ls$cargo/capitao de el-rei nesta dita igreja
65: 
66:          test$manuel rodrigues serrao/id=c1711.2-8
67:             ls$residencia/mogadouro
68: 
69:          test$manuel goncalves branco/id=c1711.2-9
70:             ls$alcunha/velho ou viuvo
71:             ls$residencia/mogadouro
72: 
73:          test$domingos goncalves/id=c1711.2-10
74:             ls$residencia/barrosos
75: 
76:       cas$c1711.3/26/1/1711/igreja matriz/manuel rodrigues
77: 
78: cas$c1711.3
78:          noivo$diogo da costa/id=c1711.3-1
79: 
80:             pnoivo$filipe da costa/id=c1711.3-2
81:                ls$residencia/casa velha
82: 
83:             mnoivo$maria da costa/id=c1711.3-3
84: 
85:          noiva$ines da conceicao/id=c1711.3-4
86: 
87:             pnoiva$luis ferreira/id=c1711.3-5
88:                ls$residencia/casal da lagem
89: 
90:             mnoiva$ana goncalves/id=c1711.3-6
91: 
92:          test$domingos goncalves galhardo/id=c1711.3-7
93:             ls$titulo/licenciado
94: 
95:          test$antonio de melo de ataide/id=c1711.3-8
96: 
97:          test$jose pinto/id=c1711.3-9
98:             ls$titulo/frei
99:             ls$profissao/padre
100: 
101:          test$manuel homem de quadros/id=c1711.3-10
102:             ls$residencia/soure
103: 
104:       cas$c1711.4/2/2/1711/igreja matriz/manuel rodrigues
105: 
106: cas$c1711.4
106:          noivo$mateus rodrigues/id=c1711.4-1
107: 
108:             pnoivo$gaspar antunes/id=c1711.4-2
109:                ls$morto/antes
110:                ls$residencia/casal de olho marinho
111: 
112:             mnoivo$isabel goncalves/id=c1711.4-3
113:                ls$morta/antes
114:                ls$residencia/casal de olho marinho
115: 
116:          noiva$maria pinheiro/id=c1711.4-4
117: 
118:             pnoiva$manuel gomes pinheiro/id=c1711.4-5
119:                ls$residencia/soure
120: 
121:             mnoiva$isabel da gante/id=c1711.4-6
122: 
123:          test$joao rodrigues de deus/id=c1711.4-7
124:             ls$profissao/padre
125:             ls$residencia/soure
126: 
127:          test$manuel alves/id=c1711.4-8
128:             ls$residencia/soure
129: 
130:          test$manuel rodrigues serrao/id=c1711.4-9
131:             ls$profisso/alfaiate
132:             ls$residencia/soure
133: 
134:          test$antonio galvao/id=c1711.4-10
135:             ls$residencia/soure
136: 
137:       cas$c1711.5/9/2/1711/igreja matriz/frei luis bernardes da mata
138: 
139: cas$c1711.5
139:          referido$luis bernardes da mata/id=c1711.5-r0
140:             ls$titulo/frei
141:             ls$cargo/beneficiado da colegiada de Soure
142: 
143:          noivo$manuel duarte/id=c1711.5-1
144: 
145:             pnoivo$manuel duarte/id=c1711.5-2
146:                ls$residencia/casal do almeida, freguesia de vinha da rainha
147:                ls$freguesia/vinha da rainha
148: 
149:             mnoivo$madalena francisca/id=c1711.5-3
150:                ls$residencia/casal do almeida, freguesia de vinha da rainha
151:                ls$freguesia/vinha da rainha
152:                ls$morta/antes
153: 
154:          noiva$maria rodrigues/id=c1711.5-4
155: 
156:             pnoiva$manuel rodrigues/id=c1711.5-5
157:                ls$morto/antes
158:                ls$residencia/alencarce
159: 
160:             mnoiva$maria rodrigues/id=c1711.5-6
161:                ls$morta/antes
162:                ls$residencia/alencarce
163: 
164:          test$mateus/id=c1711.5-7
165:             ls$cargo/tesoureiro da igreja
166: 
167:          test$manuel vieira/id=c1711.5-8
168:             ls$freguesia/samuel
169: 
170:          test$manuel coutinho/id=c1711.5-9
171:             ls$residencia/queitide, freguesia de vinha da rainha
172: 
173:          test$manuel duarte/id=c1711.5-10
174:             ls$residencia/casal do almeida, freguesia de vinha da rainha
175:             ls$freguesia/vinha da rainha
176: 
177:       cas$c1711.6/15/2/1711/igreja matriz/manuel rodrigues
178: 
179: cas$c1711.6
179:          noivo$manuel madeira/id=c1711.6-1
180: 
181:             pnoivo$manuel madeira/id=c1711.6-2
182:                ls$morto/antes
183:                ls$residencia/paleao
184: 
185:             mnoivo$maria leao/id=c1711.6-3
186:                ls$morta/antes
187:                ls$residencia/paleao
188: 
189:          noiva$francisca rodrigues/id=c1711.6-4
190: 
191:             pnoiva$belchior rodrigues/id=c1711.6-5
192:                ls$residencia/soure
193: 
194:             mnoiva$cristina rodrigues/id=c1711.6-6
195: 
196:          test$manuel martins/id=c1711.6-7
197:             ls$profissao/padre
198:             ls$residencia/soure
199: 
200:          test$jeronimo rodrigues/id=c1711.6-8
201:             ls$residencia/soure
202:             ls$profissao/padre
203: 
204:          test$matias goncalves/id=c1711.6-9
205:             ls$residencia/soure
206:             ls$profissao/padre
207: 
208:          test$manuel rodrigues alvaro/id=c1711.6-10
209:             ls$residencia/soure
210:             ls$profissao/padre
211: 
212:       cas$c1711.7/25/2/1711/igreja matriz/manuel rodrigues/obs=fiz-lhes as bencoes do matr.o em 26-4-1711
213: 
214: cas$c1711.7
214:          noivo$manuel goncalves/id=c1711.7-1
215: 
216:             pnoivo$miguel goncalves/id=c1711.7-2
217:                ls$residencia/netos
218: 
219:             mnoivo$antonia rodrigues/id=c1711.7-3
220: 
221:          noiva$domingas lourenco/id=c1711.7-4/obs=talvez ilegitima
222: 
223:             pnoiva$manuel lourenco/id=c1711.7-5
224:                ls$morto/antes
225: 
226:             mnoiva$maria francisca/id=c1711.7-6
227:                ls$residencia/simoes
228: 
229:          test$manuel joao garriapa/id=c1711.7-7
230:             ls$residencia/simoes
231: 
232:          test$joao lourenco/id=c1711.7-8
233:             ls$residencia/simoes
234: 
235:          test$miguel fernandes/id=c1711.7-9
236:             ls$residencia/netos, freguesia de almagreira
237:             ls$freguesia/almagreira
238: 
239:          test$domingos cordeiro/id=c1711.7-10
240:             ls$residencia/almagreira, freguesia da almagreira
241:             ls$freguesia/almagreira
242: 
243:       cas$c1711.8/26/2/1711/igreja matriz/manuel rodrigues/obs=fiz-lhes as bencoes do matr.o em 10-5-1711
244: 
245: cas$c1711.8
245:          noivo$manuel fernandes/id=c1711.8-1
246: 
247:             pnoivo$manuel fernandes cardieiro/id=c1711.8-2
248:                ls$morto/antes
249:                ls$residencia/casal de alem, freguesia do lourical
250:                ls$freguesia/lourical
251: 
252:             mnoivo$maria rodrigues/id=c1711.8-3
253:                ls$morta/antes
254:                ls$residencia/casal de alem, freguesia do lourical
255:                ls$freguesia/lourical
256: 
257:          noiva$isabel pereira/id=c1711.8-4
258: 
259:             pnoiva$manuel pereira/id=c1711.8-5
260:                ls$residencia/casavelha
261: 
262:             mnoiva$maria henriques/id=c1711.8-6
263: 
264:          test$joao simoes/id=c1711.8-7
265:             ls$residencia/casal novo
266: 
267:          test$antonio fernandes/id=c1711.8-8
268:             ls$residencia/casavelha
269: 
270:          test$domingos lopes/id=c1711.8-9
271:             ls$residencia/casavelha
272:             rel$parentesco/marido/maria pereira/c1711.8-10
273: 
274:          test$maria pereira/id=c1711.8-10
275: 
276:       cas$c1711.9/1/3/1711/igreja matriz/manuel rodrigues/obs=fiz-lhes as bencoes a14-3-1711
277: 
278: cas$c1711.9
278:          noivo$joao domingues/id=c1711.9-1
279: 
280:             pnoivo$manuel domingues/id=c1711.9-2
281:                ls$residencia/casconho
282: 
283:             mnoivo$domingas joao/id=c1711.9-3
284: 
285:          noiva$maria martins/id=c1711.9-4
286: 
287:             pnoiva$simao duarte/id=c1711.9-5
288:                ls$residencia/porto coelheiro
289: 
290:             mnoiva$isabel duarte/id=c1711.9-6
291: 
292:          test$manuel joao/id=c1711.9-7
293:             ls$residencia/carvalhal
294: 
295:          test$manuel rodrigues lourenco/id=c1711.9-8
296:             ls$residencia/porto coelheiro,freguesia de tapeus
297:             ls$freguesia/tapeus
298: 
299:          test$domingos simoes/id=c1711.9-9
300:             ls$residencia/figueirinha, freguesia da redinha
301:             ls$freguesia/redinha
302: 
303:          test$lourenco rodrigues/id=c1711.9-10
304:             ls$residencia/porto coelheiro
305: 
306:       cas$c1711.11/13/4/1711/igreja matriz/manuel rodrigues
307: 
308: cas$c1711.11
308:          noivo$manuel da silva/id=c1711.11-1
309: 
310:             pnoivo$joao da silva/id=c1711.11-2
311:                ls$residencia/venda nova
312: 
313:             mnoivo$catarina madeira/id=c1711.11-3
314:                ls$morta/antes
315: 
316:          noiva$maria luis/id=c1711.11-4
317:             ls$ec/v/obs=viuva casa-se nesta data
318:             rel$parentesco/foi casada/manuel martins/c1711.11-r4
319: 
320:          referido$manuel martins/id=c1711.11-r4
321:             ls$morto/antes
322:             ls$residencia/baixos, freguesia de tapeus
323:             ls$freguesia/tapeus
324:             rel$parentesco/filho/antonio rodrigues/c1711.11-r5
325: 
326:          referido$antonio rodrigues/id=c1711.11-r5
327:             rel$parentesco/marido/isabel martins/c1711.11-r6
328:             ls$residencia/baixos, freguesia de tapeus
329:             ls$freguesia/tapeus
330: 
331:          referida$isabel martins/id=c1711.11-r6
332:             ls$residencia/baixos, freguesia de tapeus
333:             ls$freguesia/tapeus
334: 
335:          pnoiva$manuel luis/id=c1711.11-5
336:             ls$morto/antes
337: 
338:          mnoiva$isabel martins/id=c1711.11-6
339:             ls$residencia/casal da togeira
340:             ls$morta/antes
341: 
342:          test$antonio simoes/id=c1711.11-7
343:             ls$residencia/porto coelheiro
344: 
345:          test$manuel tome/id=c1711.11-8
346:             ls$ec/s
347:             ls$residencia/togeira
348: 
349:          test$vicente rodrigues/id=c1711.11-9
350:             ls$residencia/quinta#sic
351: 
352:          test$manuel vaz/id=c1711.11-10
353:             ls$residencia/venda nova
354: 
355:       cas$c1711.12/19/4/1711/igreja matriz/manuel rodrigues
356: 
357: cas$c1711.12
357:          noivo$manuel rodrigues/id=c1711.12-1
358:             ls$residencia/passo, freguesia de almagreira/obs=ha anos a esta parte
359: 
360:             pnoivo$manuel rodrigues/id=c1711.12-2
361:                ls$morto/antes
362:                ls$residencia/porto godinho, freguesia de vinha da rainha
363:                ls$freguesia/vinha da rainha
364: 
365:             mnoivo$catarina goncalves/id=c1711.12-3
366:                ls$morta/antes
367:                ls$residencia/porto godinho, freguesia de vinha da rainha
368: 
369:          noiva$madalena rodrigues/id=c1711.12-4
370: 
371:             pnoiva$domingos fernandes/id=c1711.12-5
372:                ls$morto/antes
373:                ls$residencia/casal novo
374: 
375:             mnoiva$isabel rodrigues/id=c1711.12-6
376:                ls$residencia/casal novo
377: 
378:          test$manuel simoes/id=c1711.12-7
379:             ls$residencia/passo, freguesia da almagreira
380: 
381:          test$joao simoes/id=c1711.12-8
382:             ls$residencia/casla novo
383: 
384:          test$manuel cordeiro/id=c1711.12-9
385:             ls$residencia/casal novo
386: 
387:          test$antonio simoes/id=c1711.12-10
388:             ls$residencia/sobral
389: 
390:       cas$c1711.13/25/4/1711/igreja matriz/manuel rodrigues
391: 
392: cas$c1711.13
392:          noivo$jose dinis/id=c1711.13-1
393: 
394:             pnoivo$antonio dinis/id=c1711.13-2
395:                ls$residencia/areias
396: 
397:             mnoivo$maria rodrigues/id=c1711.13-3
398: 
399:          noiva$maria rodrigues/id=c1711.13-4
400: 
401:             pnoiva$filipe rodrigues/id=c1711.13-5
402:                ls$residencia/pinheiro
403: 
404:             mnoiva$maria jeronima/id=c1711.13-6
405: 
406:          test$manuel martins/id=c1711.13-7
407:             ls$residencia/casal de miraflores
408: 
409:          test$rodrigo jorge/id=c1711.13-8
410:             ls$residencia/portela
411: 
412:          test$joao goncalves bizarro/id=c1711.13-9
413:             ls$residencia/pinheiro
414: 
415:          test$domingos aires/id=c1711.13-10
416:             ls$residencia/lage
417: 
418:       cas$c1711.14/18/5/1711/igreja matriz/manuel rodrigues
419: 
420: cas$c1711.14
420:          noivo$manuel soares/id=c1711.14-1
421: 
422:             pnoivo$antonio soares/id=c1711.14-2
423:                ls$residencia/paleao
424: 
425:             mnoivo$domingas goncalves/id=c1711.14-3
426: 
427:          noiva$isabel cardoso/id=c1711.14-4
428: 
429:             pnoiva$manuel rodrigues capitao/id=c1711.14-5
430:                ls$residencia/porto coelheiro
431: 
432:             mnoiva$isabel cardoso/id=c1711.14-6
433: 
434:          test$manuel duarte/id=c1711.14-7
435:             ls$residencia/soure
436:             ls$titulo/frei
437:             ls$profissao/padre
438: 
439:          test$jose carvalho/id=c1711.14-8
440:             ls$residencia/porto panelos
441: 
442:          test$manuel domingues/id=c1711.14-9
443:             ls$profissao/padre
444:             ls$residencia/porto panelos
445: 
446:          test$manuel madeira/id=c1711.14-10
447:             ls$residencia/paleao
448:             ls$profissao/padre
449: 
450:       cas$c1711.15/14/9/1711/igreja matriz/manuel rodrigues
451: 
452: cas$c1711.15
452:          noivo$francisco gomes/id=c1711.15-1
453: 
454:             pnoivo$manuel gomes/id=c1711.15-2
455:                ls$morto/antes
456:                ls$residencia/alencarce de cima
457: 
458:             mnoivo$maria joao/id=c1711.15-3
459:                ls$residencia/alencarce de cima
460:                ls$residencia/alencarce de cima
461: 
462:          noiva$maria francisca/id=c1711.15-4
463: 
464:             pnoiva$antonio francisco/id=c1711.15-5
465:                ls$morto/antes
466:                ls$residencia/alencarce de cima
467: 
468:             mnoiva$maria antunes/id=c1711.15-6
469:                ls$residencia/alencarce de cima
470: 
471:          test$francisco madeira/id=c1711.15-7
472:             ls$residencia/alencarce de cima
473: 
474:          test$joao gomes/id=c1711.15-8
475:             ls$residencia/alencarce de cima
476: 
477:          test$antonio rodrigues maravilhoso/id=c1711.15-9
478:             ls$residencia/alencarce de cima
479: 
480:          test$manuel rodrigues/id=c1711.15-10
481:             ls$residencia/alencace de cima
482: 
483:       cas$c1711.16/28/9/1711/igreja matriz/jose pinto
484: 
485: cas$c1711.16
485:          noivo$jose antunes/id=c1711.16-1
486: 
487:             pnoivo$manuel francisco/id=c1711.16-2
488:                ls$morto/antes
489:                ls$residencia/alencarce
490: 
491:             mnoivo$maria francisca/id=c1711.16-3
492:                ls$morta/antes
493:                ls$residencia/alencarce
494: 
495:          noiva$maria antunes/id=c1711.16-4
496: 
497:             pnoiva$joao de quadros/id=c1711.16-5
498:                ls$residencia/alencarce
499: 
500:             mnoiva$leonor carvalho/id=c1711.16-6
501: 
502:          test$joao gomes/id=c1711.16-7
503:             ls$residencia/alencarce
504: 
505:          test$antonio rodrigues/id=c1711.16-8
506:             ls$residencia/alencarce
507: 
508:          test$mateus simoes/id=c1711.16-9
509:             ls$residencia/alencarce
510: 
511:          test$manuel madeira/id=c1711.16-10
512:             ls$residencia/alencarce
513: 
514:       cas$c1711.17/11/10/1711/igreja matriz/manuel rodrigues
515: 
516: cas$c1711.17
516:          noivo$manuel cordeiro/id=c1711.17-1
517: 
518:             pnoivo$gabriel francisco/id=c1711.17-2
519:                ls$morto/antes
520:                ls$residencia/carregosa, freguesia da gesteira
521:                ls$freguesia/gesteira
522: 
523:             mnoivo$maria cordeiro/id=c1711.17-3
524:                ls$residencia/carregosa, freguesia da gesteira
525:                ls$freguesia/gesteira
526: 
527:          noiva$luisa goncalves/id=c1711.17-4
528: 
529:             pnoiva$antonio goncalves/id=c1711.17-5
530:                ls$morto/antes
531:                ls$residencia/casais do migalho
532: 
533:             mnoiva$francisca jorge/id=c1711.17-6
534: 
535:          test$domingos cordeiro/id=c1711.17-7
536:             ls$residencia/casal novo
537: 
538:          test$joao francisco/id=c1711.17-8
539:             ls$residencia/casal novo
540: 
541:          test$jorge mateus/id=c1711.17-9
542:             ls$residencia/casal novo
543: 
544:          test$antonio nunes/id=c1711.17-10
545:             ls$residencia/casal novo
546: 
547:       cas$c1711.18/2/11/1711/igreja matriz/manuel rodrigues
548: 
549: cas$c1711.18
549:          noivo$domingos jorge/id=c1711.18-1
550:             ls$ec/v
551:             rel$parentesco/foi marido/antonia jorge/c1711.18-r1
552: 
553:          referida$antonia jorge/id=c1711.18-r1
554:             ls$morta/antes
555:             rel$parentesco/filha/joao dias/c1711.18-r2
556: 
557:          referido$joao dias/id=c1711.18-r2
558:             ls$morto/antes
559:             rel$parentesco/marido/maria jorge/c1711.18-r3
560: 
561:          referida$maria jorge/f/id=c1711.18-r3
562:             ls$morta/antes
563: 
564:          pnoivo$manuel jorge/id=c1711.18-2
565:             ls$morto/antes
566:             ls$residencia/sobral?
567: 
568:          mnoivo$maria rodrigues/id=c1711.18-3
569:             ls$morta/antes
570:             ls$residencia/sobral
571: 
572:          noiva$domingas rodrigues/id=c1711.18-4
573:             ls$ec/v/obs=viuva casa-se nesta data
574:             rel$parentesco/foi casada/joao goncalves/c1711.18-r4
575: 
576:          referido$joao goncalves/id=c1711.18-r4
577:             ls$morto/antes
578:             rel$parentesco/filho/antonio goncalves vargas/c1711.18-r5
579: 
580:          referido$antonio goncalves vargas/id=c1711.18-r5
581:             ls$morto/antes
582:             rel$parentesco/marido/maria da fonseca/c1711.18-r6
583: 
584:          referida$maria da fonseca/id=c1711.18-r6
585:             ls$morta/antes
586: 
587:          pnoiva$mateus rodrigues/id=c1711.18-5
588:             ls$residencia/sobral?
589:             ls$morto/antes
590: 
591:          mnoiva$domingas goncalves/id=c1711.18-6
592:             ls$morta/antes
593:             ls$residencia/sobral?
594: 
595:          test$antonio jorge/id=c1711.18-7
596:             ls$residencia/sobral
597: 
598:          test$manuel jorge/id=c1711.18-8
599:             ls$residencia/sobral
600: 
601:          test$joao rodrigues rei/id=c1711.18-9
602:             ls$residencia/sobral
603: 
604:          test$joao henriques de carvalho/id=c1711.18-10
605:             ls$residencia/sobral
606: 
607:       cas$c1711.19/3/11/1711/igreja de finisterra/manuel rodrigues/obs= casamento por procuracao. A mg. fiz-lhes as bencoes do matr.o a ?? de novembro de 1711
608: 
609: cas$c1711.19
609:          noivo$antonio alvares ribeiro/id=c1711.19-1
610:             rel$sociabilidade/procurador em casamento/domingos lopes/c1711.19-r0
611: 
612:          referido$domingos lopes/id=c1711.19-r0
613:             ls$residencia/casavelha
614: 
615:          pnoivo$luis alvares ribeiro/id=c1711.19-2
616:             ls$residencia/farroeira, freguesia de Pussos
617:             ls$freguesia/pussos
618: 
619:          mnoivo$maria marques/id=c1711.19-3
620:             ls$residencia/farroeira, freguesia de pussos
621:             ls$freguesia/pussos
622: 
623:          noiva$maria dos santos/id=c1711.19-4
624: 
625:             pnoiva$antonio lourenco/id=c1711.19-5
626:                ls$residencia/soure
627: 
628:             mnoiva$isabel dos santos/id=c1711.19-6
629: 
630:          test$joao dos santos/id=c1711.19-7
631:             ls$titulo/frei
632:             ls$cargo/vigario de tapeus
633:             ls$profissao/padre
634:             ls$freguesia/tapeus
635: 
636:          test$antonio lourenco/id=c1711.19-8/mesmo_que=c1711.19-5
637: 
638:          test$isabel dos santos/id=c1711.19-9/mesmo_que=c1711.19-6
639: 
640:          test$jose/id=c1711.19-10
641:             ls$ec/s
642:             ls$residencia/val da borra
643:             rel$parentesco/filho/maria da silva/c1711.19-r7
644: 
645:          referida$maria da silva/id=c1711.19-r7
646:             ls$ec/v
647:             ls$residencia/val da borra
648: 
649:       cas$c1711.20/4/11/1711/igreja matriz/manuel rodrigues
650: 
651: cas$c1711.20
651:          noivo$joao dinis/id=c1711.20-1
652: 
653:             pnoivo$manuel dinis/id=c1711.20-2
654:                ls$morto/antes
655:                ls$residencia/casal da oureca
656: 
657:             mnoivo$isabel mateus/id=c1711.20-3
658:                ls$residencia/casal da ouressa
659: 
660:          noiva$maria rodrigues/id=c1711.20-4
661: 
662:             pnoiva$joao goncalves camas?/id=c1711.20-5
663:                ls$residencia/alencarce de baixo
664: 
665:             mnoiva$maria rodrigues/id=c1711.20-6
666: 
667:          test$jose domingues/id=c1711.20-7
668:             ls$residencia/cavaleiros
669: 
670:          test$francisco simoes/id=c1711.20-8
671:             ls$residencia/cavaleiros
672: 
673:          test$manuel goncalves/id=c1711.20-9
674:             ls$residencia/alencarce de baixo
675: 
676:          test$mateus goncalves galim/id=c1711.20-10
677:             ls$residencia/alencarce de cima
678: 
679:       cas$c1711.21/16/11/1711/igreja matriz/manuel rodrigues
680: 
681: cas$c1711.21
681:          noivo$antonio vaz/id=c1711.21-1
682: 
683:             pnoivo$manuel vaz/id=c1711.21-2
684:                ls$morto/antes
685:                ls$residencia/pouca pena
686: 
687:             mnoivo$maria martins/id=c1711.21-3
688:                ls$residencia/pouca pena
689: 
690:          noiva$francisca goncalves/id=c1711.21-4
691: 
692:             pnoiva$domingos pires/id=c1711.21-5
693:                ls$morto/antes
694:                ls$residencia/casal do melrical
695: 
696:             mnoiva$maria antunes/id=c1711.21-6
697:                ls$residencia/casal do melrical
698: 
699:          test$vicente colaco/id=c1711.21-7
700:             ls$residencia/soure
701:             ls$cargo/capitao
702: 
703:          test$manuel rodrigues camorro/id=c1711.21-8
704:             ls$residencia/casal do rei
705: 
706:          test$andre goncalves/id=c1711.21-9
707:             ls$residencia/soure
708: 
709:          test$jose goncalves/id=c1711.21-10
710:             ls$residencia/fatacos
711: 
712:       cas$c1711.22/20/11/1711/igreja matriz/manuel rodrigues
713: 
714: cas$c1711.22
714:          noivo$joao rodrigues/id=c1711.22-1
715: 
716:             pnoivo$manuel rodrigues monteiro?/id=c1711.22-2
717:                ls$morto/antes
718:                ls$residencia/simoes
719: 
720:             mnoivo$maria domingues/id=c1711.22-3
721:                ls$morta/antes
722:                ls$residencia/simoes?
723: 
724:          noiva$mariana rodrigues/id=c1711.22-4
725: 
726:             pnoiva$manuel simoes raposo/id=c1711.22-5
727: 
728:             mnoiva$maria rodrigues/id=c1711.22-6
729: 
730:          test$joao lourenco/id=c1711.22-7
731:             ls$residencia/simoes
732: 
733:          test$manuel joao garriaga/id=c1711.22-8
734:             ls$residencia/simoes
735: 
736:          test$antonio jorge/id=c1711.22-9
737:             ls$residencia/simoes
738: 
739:       cas$c1711.23/20/11/1711/igreja matriz/manuel rodrigues
740: 
741: cas$c1711.23
741:          noivo$antonio rodrigues/id=c1711.23-1
742: 
743:             pnoivo$simao domingues/id=c1711.23-2
744:                ls$residencia/quinta de porto coelheiro
745: 
746:             mnoivo$antonia rodrigues/id=c1711.23-3
747:                ls$morta/antes
748: 
749:          noiva$monica da silva/id=c1711.23-4
750: 
751:             pnoiva$joao da silva/id=c1711.23-5
752:                ls$residencia/venda nova
753: 
754:             mnoiva$catarina madeira/id=c1711.23-6
755:                ls$morta/antes
756: 
757:          test$vicente rodrigues/id=c1711.23-7
758:             ls$residencia/casal da quinta de porto coelheiro
759: 
760:          test$caetano ?/id=c1711.23-8
761:             ls$residencia/casal da quinta de porto coelheiro
762:             rel$parentesco/filho/ana henriques/c1711.23-r0
763: 
764:          referida$ana henriques/id=c1711.23-r0
765:             ls$residencia/casal da quinta de porto coelheiro
766: 
767:          test$manuel da silva/id=c1711.23-9
768:             ls$residencia/togeira
769: 
770:          test$manuel pereira/id=c1711.23-10
771:             ls$residencia/casal da quinta de porto coelheiro
772: 
773:       cas$c1711.24/24/11/1711/igreja matriz/manuel rodrigues
774: 
775: cas$c1711.24
775:          noivo$antonio rodrigues/id=c1711.24-1
776: 
777:             pnoivo$manuel rodrigues feijao/id=c1711.24-2
778:                ls$residencia/casal de s.mateus
779: 
780:             mnoivo$maria simoes/id=c1711.24-3
781: 
782:          noiva$lourenca marques/id=c1711.24-4
783: 
784:             pnoiva$joao rodrigues aleita#talvez seja uma alcunha que nao se percebe/m/id=c1711.24-5
785:                ls$residencia/soure
786: 
787:             mnoiva$isabel marques/id=c1711.24-6
788: 
789:          test$jose barbosa canais/id=c1711.24-7
790:             rel$parentesco/pai/henrique canais/c1711.24-8
791: 
792:          test$henrique canais/id=c1711.24-8
793: 
794:          test$matias goncalves/id=c1711.24-9
795:             ls$profissao/padre
796: 
797:          test$francisco rodrigues gante/id=c1711.24-10
798:             ls$residencia/paleao
799: 
800:       cas$c1711.25/22/12/1711/igreja matriz/manuel rodrigues/obs=a mg. fiz-lhes as bencoes do matrimonio a 2-2-1712. Roiz
801: 
802: cas$c1711.25
802:          noivo$jose rodrigues/id=c1711.25-1
803: 
804:             pnoivo$antonio rodrigues/id=c1711.25-2
805:                ls$morto/antes
806:                ls$residencia/moreira?
807: 
808:             mnoivo$domingas joao/id=c1711.25-3
809:                ls$residencia/moreira?
810: 
811:          noiva$catarina lourenca/id=c1711.25-4
812: 
813:             pnoiva$mateus goncalves/id=c1711.25-5
814:                ls$morto/antes
815:                ls$residencia/casal das brancas
816: 
817:             mnoiva$catarina lourenca/id=c1711.25-6
818:                ls$morta/antes
819:                ls$residencia/casal das brancas
820: 
821:          test$felix de almeida de amaral/id=c1711.25-7
822:             ls$residencia/quinta de s.tome
823: 
824:          test$luis ribeiro cabral/id=c1711.25-8
825:             ls$profissao/padre
826: 
827:          test$joao rodrigues/id=c1711.25-9
828:             ls$residencia/assamassa
829: 
830:          test$antonio rodrigues formigo/id=c1711.25-10
831:             ls$residencia/casal das galinhas
832: 
833:       cas$c1711.26/28/12/1711/igreja matriz/manuel rodrigues
834: 
835: cas$c1711.26
835:          noivo$manuel gomes/id=c1711.26-1
836: 
837:             pnoivo$alexandre gomes/id=c1711.26-2
838:                ls$residencia/paleao
839: 
840:             mnoivo$francisca dos santos/id=c1711.26-3
841: 
842:          noiva$ana cardoso/id=c1711.26-4
843: 
844:             pnoiva$simao luis/id=c1711.26-5
845:                ls$residencia/casais de s.mateus
846: 
847:             mnoiva$maria cardoso/id=c1711.26-6
848: 
849:          test$joao domingues/id=c1711.26-7
850:             ls$residencia/paleao
851: 
852:          test$joao de bairros#sic/m/id=c1711.26-8
853:             ls$cargo/alcaide
854: 
855:          test$joao rodrigues tule/id=c1711.26-9
856:             ls$residencia/soure
857:             ls$ec/s
858: *** End of File
** Processed file- /Users/jrc/mhk-home/sources/soure/soure-sources/sources/soure_fase1/casamentos/c1711.cli
** Original file- /Users/jrc/mhk-home/sources/soure/soure-sources/sources/soure_fase1/casamentos/c1711.org
** Previous version- /Users/jrc/mhk-home/sources/soure/soure-sources/sources/soure_fase1/casamentos/c1711.old
** Temp file with ids- /Users/jrc/mhk-home/sources/soure/soure-sources/sources/soure_fase1/casamentos/c1711.ids
0  errors. 
0  warnings.
Translation finished.
