ClioInput - version @@VERSION@@ - build @@BUILD@@ @@DATE@@
10-8-2018 14-14

Processing data file /Users/jrc/mhk-home/sources/soure/documents/casamentos/c1716.cli
-------------------------------------------
Generic Act translation module with geoentities (XML).
     Joaquim Ramos de Carvalho (joaquim@uc.pt) 
** New document: kleio
=========================
kleio translation started
=========================
Structure: gacto.str
Prefix: 
Autorel: 
Translation count: 2
Obs: 
** Processing source fonte$casamentos 1716
6: cas$c1716.1

/Users/jrc/mhk-home/sources/soure/documents/casamentos/c1716.cli:17:destination id of "same as" not found. Will check again at the end of file.


WARNING: c1716.cli line 16 destination id of "same as" not found. Will check again at the end of file.
Near line: 16             pnoiva$domingos goncalves/mesmo_que=c2-7/id=c1716.1-per5
Near line: 17                ls$profissao/padre

48: cas$c1716.2
77: cas$c1716.3
106: cas$c1716.4
135: cas$c1716.5
178: cas$c1716.6
217: cas$c1716.7
249: cas$c1716.8

/Users/jrc/mhk-home/sources/soure/documents/casamentos/c1716.cli:280:destination id of "same as" not found. Will check again at the end of file.


WARNING: c1716.cli line 279 destination id of "same as" not found. Will check again at the end of file.
Near line: 279 
Near line: 280          test$mateus cordeiro/mesmo_que=matcord/id=c1716.8-per9


/Users/jrc/mhk-home/sources/soure/documents/casamentos/c1716.cli:281:destination id of "same as" not found. Will check again at the end of file.


WARNING: c1716.cli line 280 destination id of "same as" not found. Will check again at the end of file.
Near line: 280          test$mateus cordeiro/mesmo_que=matcord/id=c1716.8-per9
Near line: 281             ls$cargo/sacristao

285: cas$c1716.9

/Users/jrc/mhk-home/sources/soure/documents/casamentos/c1716.cli:286:destination id of "same as" not found. Will check again at the end of file.


WARNING: c1716.cli line 285 destination id of "same as" not found. Will check again at the end of file.
Near line: 285          referido$luis ribeiro cabral/mesmo_que=plribeiro/id=c1716.9-per1
Near line: 286             ls$cargo/capelao da misericordia

322: cas$c1716.10
364: cas$c1716.11
398: cas$c1716.12
429: cas$c1716.13
460: cas$c1716.14
495: cas$c1716.15

/Users/jrc/mhk-home/sources/soure/documents/casamentos/c1716.cli:511:destination id of "same as" not found. Will check again at the end of file.


WARNING: c1716.cli line 510 destination id of "same as" not found. Will check again at the end of file.
Near line: 510 
Near line: 511          test$isabel francisca/id=c1716.15-per8

523: cas$c1716.16
553: cas$c1716.17
573: cas$c1716.18
614: cas$c1716.19

/Users/jrc/mhk-home/sources/soure/documents/casamentos/c1716.cli:638:destination id of "same as" not found. Will check again at the end of file.


WARNING: c1716.cli line 637 destination id of "same as" not found. Will check again at the end of file.
Near line: 637 
Near line: 638          test$joao rodrigues alvaro/id=c1716.19-per9

647: cas$c1716.20

/Users/jrc/mhk-home/sources/soure/documents/casamentos/c1716.cli:664:destination id of "same as" not found. Will check again at the end of file.


WARNING: c1716.cli line 663 destination id of "same as" not found. Will check again at the end of file.
Near line: 663          test$domingos goncalves galhardo/mesmo_que=dggalhardo/id=c1716.20-per7
Near line: 664             ls$titulo/licenciado

679: cas$c1716.21
*** End of File
ERROR:  Could not find same_as id c2-7 referred in line 17. If  original reference is on another file use xsame_as

ERROR:  Could not find same_as id c12-8 referred in line 280. If  original reference is on another file use xsame_as

ERROR:  Could not find same_as id matcord referred in line 281. If  original reference is on another file use xsame_as

ERROR:  Could not find same_as id plribeiro referred in line 286. If  original reference is on another file use xsame_as

ERROR:  Could not find same_as id jgcarrasco referred in line 511. If  original reference is on another file use xsame_as

ERROR:  Could not find same_as id c17-7 referred in line 638. If  original reference is on another file use xsame_as

ERROR:  Could not find same_as id dggalhardo referred in line 664. If  original reference is on another file use xsame_as

7  errors. 
7  warnings.
Translation finished.
