ClioInput - version @@VERSION@@ - build @@BUILD@@ @@DATE@@
13-6-2019 16-39

Processing data file c1719.cli
-------------------------------------------
Generic Act translation module with geoentities (XML).
     Joaquim Ramos de Carvalho (joaquim@uc.pt) 
** New document: kleio
1: kleio$gacto.str/gactoxml.str/translations=1
=========================
kleio translation started
=========================
Structure: gacto.str
Prefix: 
Autorel: 
Translation count: 1
Obs: 
2:    fonte$casamentos 1719/tipo=reg paroquiais/data=17190000/localizacao=285
3: 
** Processing source fonte$casamentos 1719
4:       cas$c1719.1/23/1/1719/igreja matriz/manuel duarte
5: 
6: cas$c1719.1
6:          noivo$manuel rodrigues/id=c1719.1-per1
7: 
8:             pnoivo$antonio rodrigues/id=c1719.1-per2
9:                ls$residencia/casal do porto das cabras
10: 
11:             mnoivo$teresa rodrigues/id=c1719.1-per3
12:                ls$morta/antes
13: 
14:          noiva$rosa maria/id=c1719.1-per4
15: 
16:             pnoiva$joao rodrigues monteiro/id=c1719.1-per5
17:                ls$morto/antes
18:                ls$residencia/paleao
19: 
20:             mnoiva$maria rodrigues/id=c1719.1-per6
21: 
22:          test$jose mateus/id=c1719.1-per7
23:             ls$residencia/paleao
24: 
25:          test$miguel ferreira/id=c1719.1-per8
26:             ls$residencia/paleao
27: 
28:          test$antonio pereira/id=c1719.1-per9
29:             ls$residencia/paleao
30: 
31:          test$joao domingues/id=c1719.1-per10
32:             ls$residencia/paleao
33: 
34:       cas$c1719.2/30/1/1719/igreja matriz/manuel duarte
35: 
36: cas$c1719.2
36:          noivo$joao goncalves/id=c1719.2-per1
37: 
38:             pnoivo$antonio goncalves/id=c1719.2-per2
39:                ls$morto/antes
40:                ls$residencia/casais dos louzoes
41: 
42:             mnoivo$francisca jorge/id=c1719.2-per3
43: 
44:          noiva$maria nunes/id=c1719.2-per4
45: 
46:             pnoiva$manuel domingues/id=c1719.2-per5
47:                ls$residencia/casal novo
48: 
49:             mnoiva$maria nunes/id=c1719.2-per6
50: 
51:          test$manuel cordeiro/id=c1719.2-per7
52:             ls$residencia/casal novo
53: 
54:          test$antonio jorge/id=c1719.2-per8
55:             ls$residencia/casal novo
56: 
57:          test$domingos cordeiro/id=c1719.2-per9
58:             ls$residencia/casal novo
59: 
60:          test$jose domingues/id=c1719.2-per10
61:             ls$residencia/casal novo
62: 
63:       cas$c1719.3/2/2/1719/igreja matriz/manuel rodrigues (vigario)
64: 
65: cas$c1719.3
65:          noivo$bartolomeu pereira/id=c1719.3-per1
66: 
67:             pnoivo$francisco pereira/id=c1719.3-per2
68:                ls$residencia/freixo de espada a cinta, freguesia de s.miguel arcebispado de braga
69:                ls$freguesia/s.miguel,arcebispado de braga
70: 
71:             mnoivo$juliana do rego/id=c1719.3-per3
72:                ls$residencia/freixo de espada a cinta, freguesia de s.miguel arcebispado de braga
73:                ls$freguesia/s.miguel,arcebispado de braga
74: 
75:          noiva$josefa leao/id=c1719.3-per4
76: 
77:             pnoiva$jose leao/id=c1719.3-per5
78:                ls$residencia/casa velha
79: 
80:             mnoiva$domingas jorge/id=c1719.3-per6
81: 
82:          test$manuel/id=ctest02021719
83:             ls$ec/s
84: 
85:          referido$domingos lopes/id=c1719.3-per7
86:             ls$residencia/casa velha
87:             rel$parentesco/pai/manuel/ctest02021719
88: 
89:          test$joao mateus/id=c1719.3-per8
90:             ls$residencia/casa velha
91: 
92:          test$antonio dos santos/id=c1719.3-per9
93:             ls$residencia/casa velha
94: 
95:          test$manuel rodrigues alvaro/mesmo_que=padre_alvaro/id=c1719.3-per10
96: 

WARNING: c1719.cli line 96 destination id of "same as" not found. Will check again at the end of file.
Near line: 96 
Near line: 97       cas$c1719.4/20/2/1719/nossa senhora de finisterra/manuel rodrigues (vigario)

97:       cas$c1719.4/20/2/1719/nossa senhora de finisterra/manuel rodrigues (vigario)
98: 
99: cas$c1719.4
99:          noivo$jose de oliveira/id=c1719.4-per1
100: 
101:             pnoivo$manuel de oliveira/id=c1719.4-per2
102:                ls$residencia/casal da lajem
103: 
104:             mnoivo$maria simoes/id=c1719.4-per3
105: 
106:          noiva$isabel rodrigues/id=c1719.4-per4
107: 
108:             pnoiva$manuel rodrigues/id=c1719.4-per5
109:                ls$morto/antes
110:                ls$residencia/casal de eureca
111: 
112:             mnoiva$maria cardoso/id=c1719.4-per6
113: 
114:          test$manuel de oliveira/id=c1719.4-per7
115:             ls$alcunha/moco
116:             ls$residencia/casal da lajem
117: 
118:          test$domingos leao/id=c1719.4-per8
119:             ls$residencia/casal da lajem
120: 
121:          test$jose leao/id=c1719.4-per9
122:             ls$residencia/casal da lajem
123: 
124:          test$sebastiao rodrigues/id=c1719.4-per10
125:             ls$residencia/casal da lajem
126: 
127:       cas$c1719.5/20/2/1719/igreja matriz/manuel rodrigues (vigario)
128: 
129: cas$c1719.5
129:          noivo$joao luis/id=c1719.5-per1
130: 
131:             pnoivo$joao luis/id=c1719.5-per2
132:                ls$residencia/casal do vale da borra
133: 
134:             mnoivo$catarina francisca/id=c1719.5-per3
135:                ls$morta/antes
136: 
137:          noiva$francisca rodrigues/id=c1719.5-per4
138: 
139:             pnoiva$manuel rodrigues navarro/id=c1719.5-per5
140:                ls$residencia/casal do vale da borra
141:                ls$morto/antes
142: 
143:             mnoiva$maria francisca/id=c1719.5-per6
144:                ls$morta/antes
145: 
146:          test$joao simoes/id=c1719.5-per7
147:             ls$residencia/casal do vale da borra
148: 
149:          test$manuel luis/id=c1719.5-per8
150:             ls$residencia/casal de vale da borra
151: 
152:          test$manuel fernandes/id=c1719.5-per9
153:             ls$residencia/casal de vale da borra
154: 
155:       cas$c1719.6/6/3/1719/igreja matriz/manuel rodrigues (vigario)
156: 
157: cas$c1719.6
157:          noivo$joao rodrigues/id=c1719.6-per1
158: 
159:             pnoivo$joao rodrigues penedo/id=c1719.6-per2
160:                ls$residencia/moinhos de ancos, freguesia da redinha
161:                ls$freguesia/redinha
162: 
163:             mnoivo$bebiana gaspar/id=c1719.6-per3
164:                ls$residencia/moinhos de ancos, freguesia da redinha
165:                ls$freguesia/redinha
166: 
167:          noiva$maria joao/id=c1719.6-per4
168: 
169:             pnoiva$manuel mateus/id=c1719.6-per5
170:                ls$residencia/casconho
171:                ls$morto/antes
172: 
173:             mnoiva$maria joao/id=c1719.6-per6
174:                ls$morta/antes
175: 
176:          test$pascoal dias/id=c1719.6-per7
177:             ls$residencia/ancos, freguesia da redinha
178:             ls$freguesia/redinha
179: 
180:          test$miguel jorge/id=c1719.6-per8
181:             ls$residencia/ancos, freguesia da redinha
182:             ls$freguesia/redinha
183: 
184:          test$pedro francisco/id=c1719.6-per9
185:             ls$residencia/casconho
186: 
187:          test$manuel domingues/id=c1719.6-per10
188:             ls$alcunha/velho
189:             ls$residencia/casconho
190: 
191:       cas$c1719.7/13/3/1719/igreja matriz/manuel rodrigues (vigario)
192: 
193: cas$c1719.7
193:          noivo$manuel rodrigues/id=c1719.7-per1
194: 
195:             pnoivo$manuel ferreira/id=c1719.7-per2
196:                ls$residencia/casal do marco
197: 
198:             mnoivo$maria rodrigues/id=c1719.7-per3
199: 
200:          noiva$maria ferreira/id=c1719.7-per4
201: 
202:             pnoiva$manuel ferreira/id=c1719.7-per5
203:                ls$residencia/casal dos fatacos
204: 
205:             mnoiva$maria joao/id=c1719.7-per6
206: 
207:          test$pedro de brito da silva/mesmo_que=c6-7-ped/id=c1719.7-per7
208: 

WARNING: c1719.cli line 208 destination id of "same as" not found. Will check again at the end of file.
Near line: 208 
Near line: 209          referida$isabel da silva/mesmo_que=c6-7-isa/id=c1719.7-per8

209:          referida$isabel da silva/mesmo_que=c6-7-isa/id=c1719.7-per8

WARNING: c1719.cli line 209 destination id of "same as" not found. Will check again at the end of file.
Near line: 209          referida$isabel da silva/mesmo_que=c6-7-isa/id=c1719.7-per8
Near line: 210             ls$titulo/dona

210:             ls$titulo/dona
211:             ls$ec/v
212:             rel$parentesco/mae/pedro de brito da silva/c6-7-ped
213: 
214:          test$alberto ferreira/id=c1719.7-per9
215:             ls$residencia/soure
216: 
217:          test$diogo rodrigues/id=c1719.7-per10
218:             ls$residencia/eureca
219: 
220:          test$manuel domingues/id=c1719.7-per11
221:             ls$residencia/eureca
222: 
223:       cas$c1719.8/17/4/1719/ermida de s.lourenco dos simoes/manuel rodrigues (vigario)
224: 
225: cas$c1719.8
225:          noivo$jose da silva/id=c1719.8-per1
226: 
227:             pnoivo$antonio da silva/id=c1719.8-per2
228:                ls$residencia/casal do tinto, freguesia de pombal
229:                ls$freguesia/pombal
230: 
231:             mnoivo$isabel goncalves/id=c1719.8-per3
232:                ls$residencia/casal do tinto, freguesia de pombal
233:                ls$freguesia/pombal
234: 
235:          noiva$domingas de jesus/id=c1719.8-per4
236: 
237:             pnoiva$pedro joao/id=c1719.8-per5
238:                ls$residencia/casal dos bonitos
239: 
240:             mnoiva$ana joao/id=c1719.8-per6
241: 
242:          test$manuel da silva/id=c1719.8-per7
243:             ls$residencia/pelariga, freguesia de pombal
244:             ls$freguesia/pombal
245: 
246:          test$agostinho rodrigues/id=c1719.8-per8
247:             ls$residencia/bernardos, freguesia da redinha
248:             ls$freguesia/redinha
249: 
250:          test$antonio coelho/id=c1719.8-per9
251:             ls$residencia/casal dos bonitos
252: 
253:          test$manuel lourenco/id=c1719.8-per10
254:             ls$residencia/casal dos bonitos
255: 
256:       cas$c1719.9/24/4/1719/igreja matriz/manuel rodrigues (vigario)
257: 
258: cas$c1719.9
258:          noivo$jose duarte/id=cnoivo24041719
259: 
260:             pnoivo$manuel jorge/id=c1719.9-per1
261:                ls$residencia/casal de marzagao
262: 
263:             mnoivo$maria duarte/id=c1719.9-per2
264: 
265:          noiva$maria francisca/id=c1719.9-per3
266:             rel$parentesco/grau 4c#da linha colateral/jose duarte/cnoivo24041719
267: 
268:             pnoiva$manuel francisco/id=c1719.9-per4
269:                ls$morto/antes
270: 
271:             mnoiva$isabel francisca/id=c1719.9-per5
272: 
273:          test$manuel goncalves branco/id=c1719.9-per6
274:             ls$alcunha/velho
275:             ls$residencia/mogadouro
276: 
277:          test$manuel goncalves branco/id=c1719.9-per7
278:             ls$alcunha/moco
279:             ls$residencia/mogadouro
280: 
281:          test$mateus carvalho/id=c1719.9-per8
282:             ls$residencia/mogadouro
283: 
284:          test$domingos luis/id=c1719.9-per9
285:             ls$residencia/mogadouro
286: 
287:       cas$c1719.10/1/5/1719/igreja matriz/manuel rodrigues (vigario)
288: 
289: cas$c1719.10
289:          noivo$manuel francisco/id=c1719.10-per1
290: 
291:             pnoivo$manuel ?/id=c1719.10-per2
292:                ls$residencia/simoes
293:                ls$morto/antes
294: 
295:             mnoivo$antonia rodrigues/id=c1719.10-per3
296: 
297:             mulher1$domingas carvalho/id=c1719.10-per4
298: 
299:                pmulher1$manuel domingues/id=c1719.10-per5
300:                   ls$residencia/casais da misericordia
301: 
302:                mmulher1$maria carvalho/id=c1719.10-per6
303: 
304:          noiva$antonia francisca/id=c1719.10-per7
305: 
306:             pnoiva$francisco joao/id=c1719.10-per8
307:                ls$residencia/casal dos delgados
308: 
309:             mnoiva$francisca gaspar/id=c1719.10-per9
310: 
311:          test$antonio simoes rei/id=c1719.10-per10
312:             ls$residencia/simoes
313: 
314:          test$diogo francisco/id=c1719.10-per11
315:             ls$residencia/simoes
316: 
317:          test$alexandre francisco/id=c1719.10-per12
318:             ls$residencia/fonte da bica
319: 
320:          test$pedro joao/id=c1719.10-per13
321:             ls$residencia/bonitos
322: 
323:       cas$c1719.11/13/6/1719/igreja matriz/manuel rodrigues (vigario)
324: 
325: cas$c1719.11
325:          noivo$manuel lopes/id=c1719.11-per1
326: 
327:             pnoivo$manuel lopes/id=c1719.11-per2
328:                ls$residencia/ponte da assamassa, freguesia de pombal
329:                ls$freguesia/pombal
330: 
331:             mnoivo$teresa joao/id=c1719.11-per3
332: 
333:          noiva$maria joao/id=c1719.11-per4
334: 
335:             pnoiva$joao simoes rato/id=c1719.11-per5
336:                ls$residencia/alencarce de cima
337:                ls$morto/antes
338: 
339:             mnoiva$mariana joao/id=c1719.11-per6
340: 
341:          test$manuel de s.miguel/id=c1719.11-per7
342:             ls$residencia/pinheiro
343: 
344:          test$antonio rodrigues/id=c1719.11-per8
345:             ls$ec/v
346:             ls$residencia/porto das cabras
347: 
348:          test$manuel domingues/id=c1719.11-per9
349:             ls$residencia/paleao
350: 
351:          test$bartolomeu de almeida/id=c1719.11-per10
352:             ls$residencia/paleao
353: 
354:       cas$c1719.12/21/6/1719/igreja matriz/manuel rodrigues (vigario)
355: 
356: cas$c1719.12
356:          noivo$luis soares/id=c1719.12-per1
357: 
358:             pnoivo$manuel soares galvao/id=c1719.12-per2
359:                ls$residencia/soure
360: 
361:             mnoivo$maria de s.jose/id=c1719.12-per3
362: 
363:          noiva$maria lourenco/id=c1719.12-per4
364: 
365:             pnoiva$domingos martins/id=c1719.12-per5
366:                ls$residencia/soure
367: 
368:             mnoiva$maria lourenco/id=c1719.12-per6
369: 
370:          test$joao henriques cavaco/id=c1719.12-per7
371:             ls$residencia/soure
372: 
373:          test$francisco xavier/id=c1719.12-per8
374:             ls$residencia/soure
375: 
376:          test$antonio alvares ribeiro/id=ctest21061719
377:             ls$residencia/soure
378: 
379:          test$maria dos santos/id=c1719.12-per9
380:             rel$parentesco/mulher/antonio alvares ribeiro/ctest21061719
381: 
382:       cas$c1719.13/25/6/1719/igreja matriz/luis ribeiro cabral
383: 
384: cas$c1719.13
384:          noivo$manuel martins/id=c1719.13-per1
385: 
386:             pnoivo$antonio martins camousso/id=c1719.13-per2
387:                ls$residencia/soure
388: 
389:             mnoivo$ana simoes/id=c1719.13-per3
390: 
391:          noiva$maria da conceicao/id=c1719.13-per4
392: 
393:             pnoiva$manuel rodrigues curado/id=c1719.13-per5
394:                ls$residencia/soure
395:                ls$morto/antes
396: 
397:             mnoiva$catarina simoes/id=c1719.13-per6
398: 
399:          test$vicente colaco de morais/mesmo_que=c104-7/id=c1719.13-per7

WARNING: c1719.cli line 399 destination id of "same as" not found. Will check again at the end of file.
Near line: 399          test$vicente colaco de morais/mesmo_que=c104-7/id=c1719.13-per7
Near line: 400             ls$residencia/soure

400:             ls$residencia/soure
401: 
402:          test$pedro de eiro matoso/id=c1719.13-per8
403:             ls$residencia/soure
404: 
405:          test$manuel pinto de miranda/id=c1719.13-per9
406:             ls$residencia/soure
407: 
408:          test$sebastiao machado da costa/mesmo_que=c12-8/id=c1719.13-per10

WARNING: c1719.cli line 408 destination id of "same as" not found. Will check again at the end of file.
Near line: 408          test$sebastiao machado da costa/mesmo_que=c12-8/id=c1719.13-per10
Near line: 409             ls$residencia/soure

409:             ls$residencia/soure
410: 
411:       cas$c1719.14/10/7/1719/igreja matriz/manuel rodrigues (vigario)
412: 
413: cas$c1719.14
413:          noivo$carlos gomes de oliveira/id=c1719.14-per1
414: 
415:             pnoivo$manuel gomes/id=c1719.14-per2
416:                ls$residencia/paleao
417: 
418:             mnoivo$maria gomes/id=c1719.14-per3
419: 
420:             mulher1$antonia madeira/id=c1719.14-per4
421: 
422:                pmulher1$antonio madeira/id=c1719.14-per5
423:                   ls$residencia/barril
424:                   ls$morto/antes
425: 
426:                mmulher1$isabel rodrigues/id=c1719.14-per6
427: 
428:          noiva$ana rodrigues/id=c1719.14-per7
429: 
430:             marido1$pedro joao/id=c1719.14-per8
431: 
432:                pmarido1$manuel mateus/id=c1719.14-per9
433:                   ls$residencia/casconho
434:                   ls$morto/antes
435: 
436:                mmarido1$maria joao/id=c1719.14-per10
437:                   ls$morta/antes
438: 
439:             pnoiva$antonio rodrigues/id=c1719.14-per11
440:                ls$residencia/venda nova, freguesia de tapeus
441:                ls$freguesia/tapeus
442:                ls$morto/antes
443: 
444:             mnoiva$ana da costa/id=c1719.14-per12
445:                ls$residencia/venda nova, freguesia de tapeus
446:                ls$freguesia/tapeus
447: 
448:          test$domingos lourenco/id=c1719.14-per13
449:             ls$residencia/casconho
450: 
451:          test$pedro francisco/id=c1719.14-per14
452:             ls$residencia/casconho
453: 
454:          test$manuel domingues/id=c1719.14-per15
455:             ls$alcunha/velho
456:             ls$residencia/casconho
457: 
458:          test$manuel domingues/id=c1719.14-per16
459:             ls$alcunha/moco
460:             ls$residencia/casconho
461: 
462:       cas$c1719.15/19/7/1719/igreja matriz/manuel rodrigues (vigario)
463: 
464: cas$c1719.15
464:          noivo$joao de sequeira coelho/id=cnoivo19071719
465: 
466:             pnoivo$luis coelho dos reis/id=c1719.15-per1
467:                ls$morto/antes
468:                ls$residencia/soure
469: 
470:             mnoivo$ana maria da silva/id=c1719.15-per2
471: 
472:          noiva$leogarda maria pessoa da silva/id=cnoiva19071719
473:             rel$parentesco/grau 3c#por bula pontificia/joao de sequeira coelho/cnoivo19071719
474: 
475:             pnoiva$sebastiao colaco leitao/mesmo_que=c68-7/id=c1719.15-per3

WARNING: c1719.cli line 475 destination id of "same as" not found. Will check again at the end of file.
Near line: 475             pnoiva$sebastiao colaco leitao/mesmo_que=c68-7/id=c1719.15-per3
Near line: 476                ls$morto/antes

476:                ls$morto/antes
477:                ls$residencia/soure
478: 
479:             mnoiva$maria de jesus/id=c1719.15-per4
480: 
481:          test$manuel pessoa leitao/mesmo_que=ppessoa/id=c1719.15-per5
482: 

WARNING: c1719.cli line 482 destination id of "same as" not found. Will check again at the end of file.
Near line: 482 
Near line: 483          test$joao colaco de morais/id=ctest19071719

483:          test$joao colaco de morais/id=ctest19071719
484: 
485:          test$gabriel colaco de morais/id=c1719.15-per6
486:             ls$profissao/padre
487:             rel$parentesco/filho/joao colaco de morais/ctest19071719
488: 
489:          test$domingos joao hospitaleiro/id=c1719.15-per7
490: 
491:          referido$vicente colaco de morais/mesmo_que=c104-7/id=c1719.15-per8

WARNING: c1719.cli line 491 destination id of "same as" not found. Will check again at the end of file.
Near line: 491          referido$vicente colaco de morais/mesmo_que=c104-7/id=c1719.15-per8
Near line: 492             rel$parentesco/tio/leogarda maria pessoa da silva/cnoiva19071719

492:             rel$parentesco/tio/leogarda maria pessoa da silva/cnoiva19071719
493:             rel$sociabilidade/procurador em casamento/leogarda maria pessoa da silva/cnoiva19071719
494: 
495:       cas$c1719.16/30/7/1719/igreja matriz/manuel rodrigues (vigario)
496: 
497: cas$c1719.16
497:          noivo$manuel antunes/id=c1719.16-per1
498: 
499:             pnoivo$simao antunes/id=c1719.16-per2
500:                ls$residencia/presa
501:                ls$morto/antes
502: 
503:             mnoivo$domingas joao/id=c1719.16-per3
504: 
505:          noiva$catarina rodrigues/id=c1719.16-per4
506: 
507:             pnoiva$sebastiao antunes/id=c1719.16-per5
508:                ls$residencia/paleao
509: 
510:             mnoiva$maria rodrigues/id=c1719.16-per6
511: 
512:          test$manuel rodrigues alvaro/mesmo_que=padre_alvaro/id=c1719.16-per7

WARNING: c1719.cli line 512 destination id of "same as" not found. Will check again at the end of file.
Near line: 512          test$manuel rodrigues alvaro/mesmo_que=padre_alvaro/id=c1719.16-per7
Near line: 513             ls$cargo/tesoureiro da igreja

513:             ls$cargo/tesoureiro da igreja
514: 
515:          test$jose simoes/id=c1719.16-per8
516:             ls$residencia/presa
517: 
518:          test$manuel martins/id=c1719.16-per9
519:             ls$residencia/presa
520: 
521:          test$isabel rodrigues/f/id=c1719.16-per10
522:             rel$parentesco/mulher/manuel antunes/cmartest30071719
523: 
524:          referido$manuel antunes/id=cmartest30071719
525:             ls$residencia/presa
526: 
527:       cas$c1719.17/31/7/1719/igreja matriz/manuel rodrigues (vigario)
528: 
529: cas$c1719.17
529:          noivo$manuel francisco/id=c1719.17-per1
530: 
531:             pnoivo$domingos francisco/id=c1719.17-per2
532:                ls$residencia/casal do senhor
533:                ls$morto/antes
534: 
535:             mnoivo$francisca fernandes/id=c1719.17-per3
536:                ls$morta/antes
537: 
538:             mulher1$maria mateus/id=c1719.17-per4
539: 
540:                pmulher1$lazaro mateus/id=c1719.17-per5
541:                   ls$residencia/casavel, freguesia da ega
542:                   ls$freguesia/ega
543:                   ls$morto/antes
544: 
545:                mmulher1$catarina simoes/id=c1719.17-per6
546:                   ls$residencia/casavel, freguesia da ega
547:                   ls$freguesia/ega
548:                   ls$morta/antes
549: 
550:          noiva$isabel gaspar/id=c1719.17-per7
551: 
552:             pnoiva$antonio goncalves garrido/id=c1719.17-per8
553:                ls$residencia/casavel, freguesia da ega
554:                ls$freguesia/ega
555:                ls$morto/antes
556: 
557:             mnoiva$maria gaspar/id=c1719.17-per9
558:                ls$residencia/casavel, freguesia da ega
559:                ls$freguesia/ega
560:                ls$morta/antes
561: 
562:          test$jose rodrigues/id=c1719.17-per10
563:             ls$residencia/assamassa
564: 
565:          test$francisco godinho/id=c1719.17-per11
566:             ls$residencia/pouca pena
567: 
568:          test$simao vaz/id=c1719.17-per12
569:             ls$residencia/pouca pena
570: 
571:          test$antonio vaz/id=c1719.17-per13
572:             ls$residencia/pouca pena
573: 
574:       cas$c1719.18/4/9/1719/igreja matriz/manuel rodrigues (vigario)
575: 
576: cas$c1719.18
576:          noivo$jose madeira/id=c1719.18-per1
577: 
578:             pnoivo$manuel madeira/id=c1719.18-per2
579:                ls$residencia/alencarce de cima
580: 
581:             mnoivo$catarina rodrigues/id=c1719.18-per3
582: 
583:          noiva$isabel madeira/id=c1719.18-per4
584: 
585:             pnoiva$manuel joao/id=c1719.18-per5
586:                ls$residencia/alencarce de cima
587: 
588:             mnoiva$maria madeira/id=c1719.18-per6
589:                ls$morta/antes
590: 
591:          test$francisco madeira/id=c1719.18-per7
592:             ls$residencia/alencarce de cima
593: 
594:          test$manuel madeira/id=c1719.18-per8
595:             ls$alcunha/moco
596:             ls$residencia/alencarce de cima
597: 
598:          test$antonio rodrigues maravilhoso/id=c1719.18-per9
599:             ls$residencia/alencarce de cima
600: 
601:       cas$c1719.19/24/9/1719/igreja matriz/manuel rodrigues (vigario)
602: 
603: cas$c1719.19
603:          noivo$manuel antunes/id=c1719.19-per1
604: 
605:             pnoivo$manuel antunes/id=c1719.19-per2
606:                ls$residencia/casal da fonte do espirito santo
607: 
608:             mnoivo$mariana agostinho/id=c1719.19-per3
609: 
610:          noiva$esperanca da conceicao/id=c1719.19-per4
611: 
612:             pnoiva$antonio joao/id=c1719.19-per5
613:                ls$residencia/alencarce de cima
614:                ls$morto/antes
615: 
616:             mnoiva$francisca goncalves careca/id=c1719.19-per6
617:                ls$morta/antes
618: 
619:          test$joao colaco de morais/id=c1719.19-per7
620:             ls$residencia/casal das brancas
621: 
622:          test$manuel rodrigues/id=c1719.19-per8
623:             ls$residencia/casal da fonte do espirito santo
624: 
625:          test$paulo antunes/id=c1719.19-per9
626:             ls$residencia/casal das brancas
627: 
628:          test$luis goncalves perdigao/id=c1719.19-per10
629:             ls$residencia/casal das brancas
630: 
631:       cas$c1719.20/25/9/1719/igreja matriz/manuel rodrigues (vigario)
632: 
633: cas$c1719.20
633:          noivo$domingos madeira/id=c1719.20-per1
634: 
635:             pnoivo$manuel madeira/id=c1719.20-per2
636:                ls$residencia/alencarce de cima
637:                ls$morto/antes
638: 
639:             mnoivo$maria gomes andreza#sic/id=c1719.20-per3
640: 
641:          noiva$maria francisca/id=c1719.20-per4
642: 
643:             pnoiva$manuel rodrigues claro/id=c1719.20-per5
644:                ls$residencia/alencarce de cima
645:                ls$morto/antes
646: 
647:             mnoiva$maria francisca/id=c1719.20-per6
648: 
649:          test$manuel rodrigues/id=c1719.20-per7
650:             ls$residencia/podengos
651: 
652:          test$francisco madeira/id=c1719.20-per8
653:             ls$residencia/casal de alencarce de cima
654: 
655:          test$antonio rodrigues lourenco/id=c1719.20-per9
656:             ls$residencia/casal de alencarce de cima
657: 
658:          test$antonio rodrigues maravilhoso/id=c1719.20-per10
659:             ls$residencia/casal de alencarce de cima
660: 
661:       cas$c1719.21/1/10/1719/nossa senhora de finisterra/manuel rodrigues (vigario)
662: 
663: cas$c1719.21
663:          noivo$jose da silva/id=c1719.21-per1
664: 
665:             pnoivo$antonio da silva/id=c1719.21-per2
666:                ls$residencia/casal da amoreira
667:                ls$naturalidade/freguesia de vinha da rainha
668: 
669:             mnoivo$feliciana de oliveira/id=c1719.21-per3
670:                ls$naturalidade/freguesia de vinha da rainha
671: 
672:          noiva$felicita martins/id=c1719.21-per4
673: 
674:             pnoiva$antonio luis/id=c1719.21-per5
675:                ls$residencia/varzea de gois, freguesia de varzea de gois
676:                ls$freguesia/varzea de gois
677:                ls$naturalidade/freguesia de varzea de gois
678: 
679:             mnoiva$ana martins/id=c1719.21-per6
680:                ls$residencia/varzea de gois, freguesia de varzea de gois
681:                ls$freguesia/varzea de gois
682:                ls$naturalidade/freguesia de varzea de gois
683: 
684:          test$domingos goncalves galhardo/mesmo_que=dggalhardo/id=c1719.21-per7

WARNING: c1719.cli line 684 destination id of "same as" not found. Will check again at the end of file.
Near line: 684          test$domingos goncalves galhardo/mesmo_que=dggalhardo/id=c1719.21-per7
Near line: 685             ls$residencia/soure

685:             ls$residencia/soure
686: 
687:          test$manuel de brito/id=c1719.21-per8
688:             ls$residencia/soure
689: 
690:          test$antonio marques/id=c1719.21-per9
691:             ls$profissao/sapateiro
692:             ls$residencia/soure
693: 
694:          test$mateus cordeiro/id=c1719.21-per10
695:             ls$residencia/soure
696: 
697:       cas$c1719.22/5/10/1719/igreja matriz/manuel rodrigues (vigario)
698: 
699: cas$c1719.22
699:          noivo$joao goncalves/id=c1719.22-per1
700: 
701:             pnoivo$jorge goncalves/id=c1719.22-per2
702:                ls$residencia/pinheiro
703:                ls$morto/antes
704: 
705:             mnoivo$maria francisca/id=c1719.22-per3
706: 
707:             mulher1$josefa antunes/id=c1719.22-per4
708: 
709:                pmulher1$gaspar antunes/id=c1719.22-per5
710:                   ls$residencia/casal de olho marinho
711:                   ls$morto/antes
712: 
713:                mmulher1$isabel goncalves/id=c1719.22-per6
714:                   ls$morta/antes
715: 
716:          noiva$maria rodrigues/id=c1719.22-per7
717: 
718:             pnoiva$manuel rodrigues fuzeiro/id=c1719.22-per8
719:                ls$residencia/casal da lajem#da banda de alem do ribeiro
720: 
721:             mnoiva$luisa francisca/id=c1719.22-per9
722: 
723:          test$manuel simoes/id=c1719.22-per10
724:             ls$residencia/pinheiro
725: 
726:          test$manuel de oliveira/id=c1719.22-per11
727:             ls$residencia/lajem
728: 
729:          test$domingos leao/id=c1719.22-per12
730:             ls$residencia/lajem
731: 
732:          test$francisco simoes/id=c1719.22-per13
733:             ls$residencia/cavaleiros
734: 
735:       cas$c1719.23/9/10/1719/igreja matriz/manuel rodrigues (vigario)
736: 
737: cas$c1719.23
737:          noivo$luis domingues/id=c1719.23-per1
738: 
739:             pnoivo$manuel dinis/id=c1719.23-per2
740:                ls$residencia/lamas, freguesia de lamas
741:                ls$freguesia/lamas
742:                ls$morto/antes
743: 
744:             mnoivo$maria domingues/id=c1719.23-per3
745:                ls$residencia/lamas, freguesia de lamas
746:                ls$freguesia/lamas
747: 
748:          noiva$maria ferreira/id=c1719.23-per4
749: 
750:             pnoiva$jose ferreira/id=c1719.23-per5
751:                ls$residencia/casal dos becos
752:                ls$morto/antes
753: 
754:             mnoiva$maria jorge/id=c1719.23-per6
755: 
756:          test$manuel francisco/id=c1719.23-per7
757:             ls$residencia/casal do senhor
758: 
759:          test$manuel pereira/id=c1719.23-per8
760:             ls$residencia/casal do senhor
761: 
762:          test$joao ferreira/id=c1719.23-per9
763:             ls$residencia/becos
764: 
765:          test$bras ferreira/id=c1719.23-per10
766:             ls$residencia/becos
767: 
768:       cas$c1719.24/25/11/1719/igreja matriz/manuel rodrigues (vigario)
769: 
770: cas$c1719.24
770:          noivo$antonio martins/id=c1719.24-per1
771: 
772:             pnoivo$antonio martins/id=c1719.24-per2
773:                ls$residencia/carpinteiros, freguesia de tapeus
774:                ls$freguesia/tapeus
775: 
776:             mnoivo$pascoa joao/id=c1719.24-per3
777:                ls$residencia/carpinteiros, freguesia de tapeus
778:                ls$freguesia/tapeus
779: 
780:          noiva$domingas joao/id=c1719.24-per4
781: 
782:             pnoiva$mateus joao/id=c1719.24-per5
783:                ls$residencia/carvalheira de cima
784: 
785:             mnoiva$catarina joao/id=c1719.24-per6
786: 
787:          test$silvestre joao/id=c1719.24-per7
788:             ls$residencia/carvalheira de cima
789: 
790:          test$antonio martins/id=c1719.24-per8
791:             ls$residencia/carvalheira de cima
792: 
793:          test$miguel rodrigues/id=c1719.24-per9
794:             ls$residencia/carvalheira de cima
795: 
796:          test$jose domingues/id=c1719.24-per10
797:             ls$residencia/quinta
798: *** End of File
ERROR:  Could not find same_as id padre_alvaro referred in line 97. If  original reference is on another file use xsame_as

ERROR:  Could not find same_as id c6-7-ped referred in line 209. If  original reference is on another file use xsame_as

ERROR:  Could not find same_as id c6-7-isa referred in line 210. If  original reference is on another file use xsame_as

ERROR:  Could not find same_as id c104-7 referred in line 400. If  original reference is on another file use xsame_as

ERROR:  Could not find same_as id c12-8 referred in line 409. If  original reference is on another file use xsame_as

ERROR:  Could not find same_as id c68-7 referred in line 476. If  original reference is on another file use xsame_as

ERROR:  Could not find same_as id ppessoa referred in line 483. If  original reference is on another file use xsame_as

ERROR:  Could not find same_as id c104-7 referred in line 492. If  original reference is on another file use xsame_as

ERROR:  Could not find same_as id padre_alvaro referred in line 513. If  original reference is on another file use xsame_as

ERROR:  Could not find same_as id dggalhardo referred in line 685. If  original reference is on another file use xsame_as

10  errors. 
10  warnings.
Translation finished.
