ClioInput - version @@VERSION@@ - build @@BUILD@@ @@DATE@@
13-6-2019 22-48

Processing data file c1714.cli
-------------------------------------------
Generic Act translation module with geoentities (XML).
     Joaquim Ramos de Carvalho (joaquim@uc.pt) 
** New document: kleio
1: kleio$gacto.str/gactoxml.str/translations=1
=========================
kleio translation started
=========================
Structure: gacto.str
Prefix: 
Autorel: 
Translation count: 1
Obs: 
2:    fonte$casamentos 1714/tipo=reg paroquiais/data= 17140000/localizacao= 130 (262)
3: 
** Processing source fonte$casamentos 1714
4:       cas$c1714.1/8/1/1714/igreja matriz/manuel rodrigues (vigario)
5: 
6: cas$c1714.1
6:          noivo$manuel rodrigues/id=c1714.1-per1
7: 
8:             pnoivo$francisco rodrigues/id=c1714.1-per2
9:                ls$morto/antes
10:                ls$residencia/casais da misericordia
11: 
12:             mnoivo$ana carvalho/id=c1714.1-per3
13: 
14:             mulher1$maria domingues/id=c1714.1-per4
15: 
16:                pmulher1$manuel domingues/id=c1714.1-per5
17:                   ls$residencia/casais da misericordia
18: 
19:                mmulher1$maria carvalho/id=c1714.1-per6
20: 
21:          noiva$catarina de oliveira/id=c1714.1-per7
22: 
23:             pnoiva$antonio gomes/id=c1714.1-per8
24:                ls$morto/antes
25:                ls$residencia/casais da misericordia
26: 
27:             mnoiva$maria carvalho/id=c1714.1-per9
28: 
29:          test$matias da costa/id=c1714.1-per10
30:             ls$residencia/casal dos bonitos
31: 
32:          test$antonio coelho/id=c1714.1-per11
33:             ls$residencia/casal dos bonitos
34: 
35:          test$manuel lourenco/id=c1714.1-per12
36:             ls$residencia/casal dos bonitos
37: 
38:          test$joao francisco/id=c1714.1-per13
39:             ls$ec/s
40:             ls$residencia/casal dos bonitos
41: 
42:       cas$c1714.2/22/1/1714/igreja matriz/manuel rodrigues (vigario)
43: 
44: cas$c1714.2
44:          noivo$manuel jorge/id=c1714.2-per1
45: 
46:             pnoivo$manuel jorge/id=c1714.2-per2
47:                ls$residencia/casal da venda
48: 
49:             mnoivo$isabel joao/id=c1714.2-per3
50: 
51:          noiva$isabel goncalves/id=c1714.2-per4
52: 
53:             pnoiva$manuel goncalves/id=c1714.2-per5
54:                ls$residencia/vale da borra
55: 
56:             mnoiva$maria rodrigues/id=c1714.2-per6
57: 
58:          test$jose marques/id=c1714.2-per7
59:             ls$profissao/harpista
60:             ls$residencia/soure
61: 
62:          test$pedro rodrigues navarro/id=c1714.2-per8
63:             ls$residencia/vale da borra
64: 
65:          test$antonio fernandes/id=c1714.2-per9
66:             ls$residencia/casal da venda
67: 
68:          test$joao goncalves/id=c1714.2-per10
69:             ls$residencia/casal da venda
70: 
71:       cas$c1714.3/30/1/1714/igreja matriz/manuel duarte (capelao)/obs=so uma testemunha
72: 
73: cas$c1714.3
73:          noivo$joao rodrigues/id=c1714.3-per1
74: 
75:             pnoivo$joao rodrigues/id=c1714.3-per2
76:                ls$residencia/sobral
77: 
78:             mnoivo$antonia domingues/id=c1714.3-per3
79: 
80:          noiva$maria rodrigues/id=c1714.3-per4
81: 
82:             pnoiva$antonio jorge/id=c1714.3-per5
83:                ls$residencia/sobral
84: 
85:             mnoiva$sebastiana dias/id=c1714.3-per6
86: 
87:          test$mateus cordeiro/id=c1714.3-per7
88:             ls$residencia/tesoureiro da igreja de soure
89: 
90:       cas$c1714.4/5/2/1714/igreja matriz/manuel rodrigues (vigario)
91: 
92: cas$c1714.4
92:          noivo$jose rodrigues/id=c1714.4-per1
93: 
94:             pnoivo$manuel rodrigues pachancas/id=c1714.4-per2
95:                ls$residencia/sobral
96:                ls$morto/antes
97: 
98:             mnoivo$isabel rodrigues/id=c1714.4-per3
99: 
100:          noiva$domingas jorge/id=c1714.4-per4
101: 
102:             pnoiva$gabriel francisco/id=c1714.4-per5
103:                ls$residencia/sobral
104: 
105:             mnoiva$maria jorge/id=c1714.4-per6
106:                ls$morta/antes
107: 
108:          test$manuel homem de quadros/mesmo_que=c6-7/id=c1714.4-per7
109: 

WARNING: c1714.cli line 109 destination id of "same as" not found. Will check again at the end of file.
Near line: 109 
Near line: 110          test$antonio de melo e ataide/mesmo_que=c194-7/id=c1714.4-per8

110:          test$antonio de melo e ataide/mesmo_que=c194-7/id=c1714.4-per8
111: 

WARNING: c1714.cli line 111 destination id of "same as" not found. Will check again at the end of file.
Near line: 111 
Near line: 112          test$domingos francisco/id=c1714.4-per9

112:          test$domingos francisco/id=c1714.4-per9
113: 
114:          test$manuel simoes galhardo/id=c1714.4-per10
115:             ls$residencia/sobral
116: 
117:       cas$c1714.5/7/2/1714/igreja matriz/manuel rodrigues (vigario)
118: 
119: cas$c1714.5
119:          noivo$domingos mateus/id=c1714.5-per1
120: 
121:             pnoivo$joao mateus/id=c1714.5-per2
122:                ls$residencia/casal das galinhas
123: 
124:             mnoivo$mariana rodrigues/id=c1714.5-per3
125: 
126:          noiva$francisca da gante/id=c1714.5-per4
127: 
128:             pnoiva$andre fernandes/id=c1714.5-per5
129:                ls$morto/antes
130:                ls$residencia/casal das brancas
131: 
132:             mnoiva$maria da gante/id=c1714.5-per6
133:                ls$morta/antes
134: 
135:          test$joao da costa de vasconcelos/mesmo_que=c12-7/id=c1714.5-per7
136: 

WARNING: c1714.cli line 136 destination id of "same as" not found. Will check again at the end of file.
Near line: 136 
Near line: 137          test$manuel cordeiro/id=c1714.5-per8

137:          test$manuel cordeiro/id=c1714.5-per8
138:             ls$residencia/casa velha
139: 
140:          test$jose carvalho/id=c1714.5-per9
141: 
142:          test$manuel fernandes/id=c1714.5-per10
143:             ls$residencia/casal das brancas
144: 
145:       cas$c1714.6/22/2/1714/igreja matriz/manuel rodrigues (vigario)
146: 
147: cas$c1714.6
147:          noivo$manuel goncalves/id=c1714.6-per1
148:             ls$residencia/alfarelos, freguesia de alfarelos
149:             ls$freguesia/alfarelos
150: 
151:             pnoivo$manuel goncalves cavaleiro/id=c1714.6-per2
152:                ls$residencia/alfarelos, freguesia de alfarelos
153:                ls$freguesia/alfarelos
154:                ls$morto/antes
155: 
156:             mnoivo$catarina cardoso/id=c1714.6-per3
157:                ls$residencia/alfarelos, freguesia de alfarelos
158:                ls$freguesia/alfarelos
159: 
160:          noiva$catarina cardoso/id=c1714.6-per4
161: 
162:             pnoiva$mateus goncalves/id=c1714.6-per5
163:                ls$residencia/casal dos fatacos
164: 
165:             mnoiva$maria goncalves/id=c1714.6-per6
166: 
167:          test$jose barbosa canais/mesmo_que=c17-7/id=c1714.6-per7
168: 

WARNING: c1714.cli line 168 destination id of "same as" not found. Will check again at the end of file.
Near line: 168 
Near line: 169          test$domingos goncalves galhardo/mesmo_que=dggalhardo/id=c1714.6-per8

169:          test$domingos goncalves galhardo/mesmo_que=dggalhardo/id=c1714.6-per8

WARNING: c1714.cli line 169 destination id of "same as" not found. Will check again at the end of file.
Near line: 169          test$domingos goncalves galhardo/mesmo_que=dggalhardo/id=c1714.6-per8
Near line: 170             ls$titulo/licenciado

170:             ls$titulo/licenciado
171:             ls$nome/domingos goncalves
172: 
173:          test$domingos goncalves/id=c1714.6-per9
174:             ls$profissao/padre
175: 
176:          test$ambrosio de pimentel/id=c1714.6-per10
177:             ls$residencia/casal do espirito santo
178: 
179:       cas$c1714.7/3/4/1714/igreja matriz/manuel duarte
180: 
181: cas$c1714.7
181:          noivo$jose domingues/id=c1714.7-per1
182: 
183:             pnoivo$manuel domingues/id=c1714.7-per2
184:                ls$residencia/casal do leonel
185: 
186:             mnoivo$maria rodrigues/id=c1714.7-per3
187: 
188:          noiva$bernarda maria da silva/id=c1714.7-per4
189: 
190:             pnoiva$manuel ferreira de almeida/id=c1714.7-per5
191:                ls$cargo/capitao
192:                ls$residencia/pereira do campo, freguesia de pereira
193:                ls$freguesia/pereira
194: 
195:             mnoiva$joana da silva/id=c1714.7-per6
196: 
197:          test$manuel homem de quadros/mesmo_que=c6-7/id=c1714.7-per7
198: 

WARNING: c1714.cli line 198 destination id of "same as" not found. Will check again at the end of file.
Near line: 198 
Near line: 199          test$manuel de oliveira/id=c1714.7-per8

199:          test$manuel de oliveira/id=c1714.7-per8
200:             ls$profissao/padre
201:             ls$residencia/barril
202: 
203:          test$mateus cordeiro/id=c1714.7-per9
204:             ls$cargo/tesoureiro da igreja de soure
205: 
206:       cas$c1714.8/13/4/1714/igreja matriz/manuel rodrigues (vigario)
207: 
208: cas$c1714.8
208:          noivo$manuel joao/id=c1714.8-per1
209: 
210:             pnoivo$manuel domingues/id=c1714.8-per2
211:                ls$residencia/casal dos baixos, freguesia de almagreira
212:                ls$freguesia/almagreira
213: 
214:             mnoivo$isabel joao/id=c1714.8-per3
215: 
216:             mulher1$sebastiana luis/id=c1714.8-per4
217:                ls$residencia/vale de nabal, freguesia de almagreira
218:                ls$freguesia/almagreira
219: 
220:                pmulher1$andre luis/id=c1714.8-per5
221:                   ls$residencia/vale de nabal, freguesia de almagreira
222:                   ls$freguesia/almagreira
223: 
224:                mmulher1$maria marques/id=c1714.8-per6
225:                   ls$residencia/vale de nabal, freguesia de almagreira
226:                   ls$freguesia/almagreira
227: 
228:          noiva$isabel lourenco/id=c1714.8-per7
229: 
230:             pnoiva$manuel lourenco/id=c1714.8-per8
231:                ls$morto/antes
232:                ls$residencia/simoes
233: 
234:             mnoiva$maria francisca/id=c1714.8-per9
235: 
236:          test$diogo francisco/id=c1714.8-per10
237:             ls$residencia/simoes
238: 
239:          test$manuel lourenco/id=c1714.8-per11
240:             ls$residencia/simoes
241: 
242:          test$joao lourenco/id=c1714.8-per12
243:             ls$residencia/simoes
244: 
245:          test$antonio galvao ribeiro/id=c1714.8-per13
246:             ls$residencia/soure
247: 
248:       cas$c1714.9/16/8/1714/igreja matriz/manuel rodrigues (vigario)
249: 
250: cas$c1714.9
250:          noivo$domingos da silva/id=c1714.9-per1
251: 
252:             pnoivo$manuel dias/id=c1714.9-per2
253:                ls$residencia/casais da misericordia
254: 
255:             mnoivo$francisca da silva/obs=primeira mulher de manuel dias/id=c1714.9-per3
256: 
257:          noiva$maria joao/id=c1714.9-per4
258: 
259:             pnoiva$joao rodrigues/id=c1714.9-per5
260:                ls$morto/antes
261:                ls$residencia/simoes
262: 
263:             mnoiva$isabel joao/id=c1714.9-per6
264: 
265:          test$luis bernardes/id=c1714.9-per7
266:             ls$titulo/frei
267:             ls$profissao/padre
268: 
269:          test$joao cristovao/id=c1714.9-per8
270:             ls$titulo/frei
271:             ls$profissao/padre
272: 
273:          test$antonio de sousa/id=c1714.9-per9
274:             ls$titulo/frei
275:             ls$profissao/padre
276: 
277:          test$mateus cordeiro/id=c1714.9-per10
278:             ls$cargo/sacristao da igreja de soure
279: 
280:       cas$c1714.10/29/10/1714/igreja matriz/manuel rodrigues (vigario)
281: 
282: cas$c1714.10
282:          noivo$antonio mendes/id=c1714.10-per1
283: 
284:             pnoivo$jose mendes/id=c1714.10-per2
285:                ls$residencia/soure
286: 
287:             mnoivo$maria ribeiro/id=c1714.10-per3
288: 
289:          noiva$jacinta da conceicao/id=c1714.10-per4
290: 
291:             pnoiva$gregorio duarte/id=c1714.10-per5
292:                ls$residencia/soure
293: 
294:             mnoiva$catarina francisca/id=c1714.10-per6
295: 
296:          test$joao henriques cavaco/id=c1714.10-per7
297:             ls$residencia/soure
298: 
299:          test$antonio alvares ribeiro/id=c1714.10-per8
300:             ls$residencia/soure
301: 
302:          test$jose henriques/id=c1714.10-per9
303:             ls$residencia/soure
304: 
305:          test$mateus cordeiro/id=matcord
306:             ls$cargo/tesoureiro da igreja de soure
307: 
308:       cas$c1714.11/23/10/1714/igreja matriz/manuel rodrigues (vigario)/obs=data sic
309: 
310: cas$c1714.11
310:          noivo$antonio botelho/id=c1714.11-per1
311:             ls$residencia/degracias, freguesia de degracias#s.sebastiao
312:             ls$freguesia/degracias
313: 
314:             pnoivo$manuel botelho/id=c1714.11-per2
315:                ls$morto/antes
316:                ls$residencia/degracias, freguesia de degracias#s.sebastiao
317:                ls$freguesia/degracias
318: 
319:             mnoivo$isabel cardoso/id=c1714.11-per3
320:                ls$residencia/degracias, freguesia de degracias#s.sebastiao
321:                ls$freguesia/degracias
322: 
323:          noiva$maria da costa/id=c1714.11-per4
324: 
325:             pnoiva$joao da costa/id=c1714.11-per5
326:                ls$residencia/santo ildefonso
327: 
328:             mnoiva$maria gomes/id=c1714.11-per6
329: 
330:          test$joao cristovao/id=c1714.11-per7
331:             ls$cargo/beneficiado na igreja de soure
332:             ls$titulo/frei
333:             ls$profissao/padre
334: 
335:          test$jose cardoso/id=c1714.11-per8
336:             ls$profissao/padre
337:             ls$residencia/outeiro de mouta santa, freguesia de degracias
338:             ls$freguesia/degracias
339: 
340:          test$jose fernandes/id=c1714.11-per9
341:             ls$profissao/padre
342:             ls$residencia/casais de s.jorge, freguesia de degracias
343:             ls$freguesia/degracias
344: 
345:          test$simao cristovao/id=c1714.11-per10
346:             ls$residencia/degracias, freguesia de degracias
347:             ls$freguesia/degracias
348: 
349:       cas$c1714.12/24/10/1714/igreja matriz/manuel rodrigues (vigario)
350: 
351: cas$c1714.12
351:          noivo$manuel rodrigues nobre/id=c1714.12-per1
352: 
353:             pnoivo$joao rodrigues nobre/id=c1714.12-per2
354:                ls$residencia/soure
355: 
356:             mnoivo$maria gomes/id=c1714.12-per3
357: 
358:          noiva$francisca martins/id=c1714.12-per4
359: 
360:             pnoiva$mateus martins/id=c1714.12-per5
361:                ls$residencia/formigal, freguesia de vinha da rainha
362:                ls$freguesia/vinha da rainha
363:                ls$morto/antes
364: 
365:             mnoiva$cecilia fernandes/id=c1714.12-per6
366:                ls$morta/antes
367:                ls$residencia/formigal, freguesia de vinha da rainha
368:                ls$freguesia/vinha da rainha
369: 
370:          test$sebastiao ferreira/id=c1714.12-per7
371:             ls$profissao/padre
372:             ls$residencia/soure
373: 
374:          test$jose velho/id=test24101714
375:             ls$profissao/barbeiro
376:             ls$residencia/soure
377: 
378:          test$maria de lemos/f/id=c1714.12-per8
379:             rel$parentesco/mulher/jose velho/test24101714
380: 
381:          test$mateus cordeiro/mesmo_que=matcord/id=c1714.12-per9
382: 
383:       cas$c1714.12b/29/10/1714/igreja matriz/manuel rodrigues (vigario)
384: 
385: cas$c1714.12b
385:          noivo$joao de brito/id=c1714.12b-per1
386: 
387:             pnoivo$manuel fernandes/id=c1714.12b-per2
388:                ls$residencia/vale das pedras, freguesia de vinha da rainha
389:                ls$freguesia/vinha da rainha
390:                ls$morto/antes
391: 
392:             mnoivo$paula manuel/id=c1714.12b-per3
393:                ls$residencia/vale das pedras, freguesia de vinha da rainha
394:                ls$freguesia/vinha da rainha
395:                ls$morta/antes
396: 
397:          noiva$josefa jorge/id=c1714.12b-per4
398: 
399:             pnoiva$simao rodrigues galvao/id=c1714.12b-per5
400:                ls$morto/antes
401:                ls$residencia/sobral
402: 
403:             mnoiva$maria jorge/id=c1714.12b-per6
404: 
405:          test$manuel goncalves galhardo/id=c1714.12b-per7
406:             ls$titulo/frei
407:             ls$profissao/padre
408:             ls$cargo/beneficiado na igreja de soure
409: 
410:          test$antonio da silva/id=c1714.12b-per8
411:             ls$residencia/amoreira
412: 
413:          test$manuel rodrigues caseiro?/id=c1714.12b-per9
414:             ls$residencia/sobral
415: 
416:          test$antonio simoes/id=c1714.12b-per10
417:             ls$residencia/sobral
418: 
419:       cas$c1714.13/14/11/1714/ermida de nossa senhora do bom sucesso/manuel duarte (capelao)
420: 
421: cas$c1714.13
421:          noivo$manuel jorge/id=c1714.13-per1
422: 
423:             pnoivo$manuel jorge/id=c1714.13-per2
424:                ls$residencia/soure
425: 
426:             mnoivo$isabel da silva/id=c1714.13-per3
427: 
428:          noiva$brites goncalves/id=c1714.13-per4
429: 
430:             pnoiva$domingos goncalves vargas/id=c1714.13-per5
431:                ls$morto/antes
432:                ls$residencia/vale da borra
433: 
434:             mnoiva$maria joao/id=c1714.13-per6
435:                ls$morta/antes
436: 
437:             marido1$manuel mendes da fonseca/id=c1714.13-per7
438:                ls$cargo/almoxarife de soure
439: 
440:          test$matias goncalves/id=c1714.13-per8
441:             ls$residencia/soure
442:             ls$profissao/padre
443: 
444:          test$martinho da cunha/id=c1714.13-per9
445:             ls$residencia/soure
446: 
447:          test$manuel da fonseca/id=c1714.13-per10
448:             ls$residencia/casalinhos
449: 
450:          test$joao goncalves/id=c1714.13-per11
451:             ls$residencia/casal da venda
452: 
453:       cas$c1714.14/22/11/1714/igreja matriz/manuel duarte
454: 
455: cas$c1714.14
455:          noivo$jose jorge soeiro/id=c1714.14-per1
456: 
457:             pnoivo$manuel jorge soeiro/id=c1714.14-per2
458:                ls$morto/antes
459:                ls$residencia/casa velha
460: 
461:             mnoivo$barbara nunes/id=c1714.14-per3
462:                ls$morta/antes
463: 
464:          noiva$maria rodrigues/id=c1714.14-per4
465: 
466:             pnoiva$manuel rodrigues tome/id=c1714.14-per5
467:                ls$residencia/casal da venda
468: 
469:             mnoiva$maria goncalves/id=c1714.14-per6
470:                ls$morta/antes
471: 
472:          test$sebastiao goncalves/mesmo_que=sgoncalves/id=c1714.14-per7

WARNING: c1714.cli line 472 destination id of "same as" not found. Will check again at the end of file.
Near line: 472          test$sebastiao goncalves/mesmo_que=sgoncalves/id=c1714.14-per7
Near line: 473             ls$residencia/soure

473:             ls$residencia/soure
474: 
475:          test$mateus cordeiro/mesmo_que=matcord/id=c1714.14-per8
476: 
477:          test$domingos da costa/id=c1714.14-per9
478:             ls$residencia/casa velha
479: 
480:          test$joao gomes carrasco/mesmo_que=jgcarrasco/id=c1714.14-per10

WARNING: c1714.cli line 480 destination id of "same as" not found. Will check again at the end of file.
Near line: 480          test$joao gomes carrasco/mesmo_que=jgcarrasco/id=c1714.14-per10
Near line: 481             ls$residencia/casal da venda

481:             ls$residencia/casal da venda
482: 
483:       cas$c1714.15/25/11/1714/igreja matriz/luis ribeiro cabral
484: 
485: cas$c1714.15
485:          noivo$domingos francisco/id=c1714.15-per1
486: 
487:             pnoivo$domingos francisco/id=c1714.15-per2
488:                ls$morto/antes
489:                ls$residencia/casa velha
490: 
491:             mnoivo$maria jorge/id=c1714.15-per3
492:                ls$morta/antes
493: 
494:          noiva$maria cordeiro/id=c1714.15-per4
495: 
496:             pnoiva$simao cordeiro/id=c1714.15-per5
497:                ls$morto/antes
498:                ls$residencia/casal novo
499: 
500:             mnoiva$antonia manuel/id=c1714.15-per6
501: 
502:          test$manuel cordeiro/id=c1714.15-per7
503:             ls$residencia/casal novo
504: 
505:          test$andre domingues/id=c1714.15-per8
506:             ls$residencia/casa velha
507: 
508:          test$domingos rodrigues cardeal/id=c1714.15-per9
509:             ls$residencia/casa velha
510: 
511:          test$manuel bras/id=c1714.15-per10
512:             ls$residencia/casa velha
513: 
514:       cas$c1714.16/26/11/1714/igreja matriz/manuel rodrigues (vigario)
515: 
516: cas$c1714.16
516:          noivo$francisco de oliveira/id=c1714.16-per1
517: 
518:             pnoivo$antonio de oliveira/id=c1714.16-per2
519:                ls$residencia/cabeca de carvalha, freguesia de vinha da rainha
520:                ls$freguesia/vinha da rainha
521:                ls$morto/antes
522: 
523:             mnoivo$catarina antonia/id=c1714.16-per3
524:                ls$morta/antes
525:                ls$residencia/cabeca de carvalha, freguesia de vinha da rainha
526:                ls$freguesia/vinha da rainha
527: 
528:             mulher1$francisca goncalves/id=c1714.16-per4
529: 
530:                pmulher1$domingos? francisco/id=c1714.16-per5
531:                   ls$morto/antes
532:                   ls$residencia/casal do filipito
533: 
534:                mmulher1$maria goncalves/id=c1714.16-per6
535: 
536:          noiva$domingas francisca/id=c1714.16-per7
537: 
538:             pnoiva$manuel francisco/id=c1714.16-per8
539:                ls$morta/antes
540:                ls$residencia/casal de pedro afonso
541: 
542:             mnoiva$sebastiana rodrigues/id=c1714.16-per9
543: 
544:          test$jose de andrade/id=c1714.16-per10
545:             ls$residencia/soure
546: 
547:          test$domingos cordeiro/id=c1714.16-per11
548:             ls$residencia/casal novo
549: 
550:          test$jorge martins/id=c1714.16-per12
551:             ls$residencia/casal novo
552: 
553:          test$joao simoes/id=c1714.16-per13
554:             ls$residencia/casal novo
555: 
556:       cas$c1714.17/17/12/1714/igreja matriz/manuel duarte
557: 
558: cas$c1714.17
558:          noivo$jose rodrigues/id=c1714.17-per1
559: 
560:             pnoivo$joao rodrigues/id=c1714.17-per2
561:                ls$residencia/sobral
562: 
563:             mnoivo$antonia domingues/id=c1714.17-per3
564: 
565:          noiva$ines rodrigues/id=c1714.17-per4
566: 
567:             pnoiva$manuel simoes galhardo/id=c1714.17-per5
568:                ls$residencia/sobral
569: 
570:             mnoiva$domingas jorge/id=c1714.17-per6
571: 
572:          test$manuel rodrigues caseiro/id=c1714.17-per7
573:             ls$residencia/sobral
574: 
575:          test$antonio francisco/id=c1714.17-per8
576:             ls$residencia/sobral
577: 
578:          test$domingos francisco/id=c1714.17-per9
579:             ls$residencia/sobral
580: 
581:          test$manuel jorge/id=c1714.17-per10
582:             ls$residencia/sobral
583: 
584:       cas$c1714.18/17/12/1714/igreja matriz/manuel duarte
585: 
586: cas$c1714.18
586:          noivo$jose francisco/id=c1714.18-per1
587: 
588:             pnoivo$francisco joao/id=c1714.18-per2
589:                ls$residencia/casal dos delgados
590: 
591:             mnoivo$francisca gaspar/id=c1714.18-per3
592: 
593:          noiva$maria domingues/id=c1714.18-per4
594: 
595:             pnoiva$antonio domingues/id=c1714.18-per5
596:                ls$residencia/casais da misericordia
597: 
598:             mnoiva$francisca simoes/id=c1714.18-per6
599: 
600:          test$domingos luis/id=c1714.18-per7
601:             ls$residencia/mogadouro
602: 
603:          test$jeronimo mendes/id=c1714.18-per8
604:             ls$profissao/barbeiro
605: 
606:          test$bras ferreira/id=c1714.18-per9
607:             ls$residencia/sobral
608: 
609:          test$mateus cordeiro/mesmo_que=matcord/id=c1714.18-per10
610: 
611:       cas$c1714.19/27/12/1714/igreja matriz/manuel rodrigues (vigario)
612: 
613: cas$c1714.19
613:          noivo$manuel gomes/id=c1714.19-per1
614: 
615:             pnoivo$manuel gomes/id=c1714.19-per2
616:                ls$residencia/casa velha
617: 
618:             mnoivo$maria soares/id=c1714.19-per3
619: 
620:          noiva$josefa goncalves/id=c1714.19-per4
621: 
622:             pnoiva$antonio luis/id=c1714.19-per5
623:                ls$morto/antes
624:                ls$residencia/casal do rei
625: 
626:             mnoiva$maria luis/id=c1714.19-per6
627:                ls$morta/antes
628: 
629:          test$felix de almeida do amaral/mesmo_que=c1712.14-5/id=c1714.19-per7
630: 

WARNING: c1714.cli line 630 destination id of "same as" not found. Will check again at the end of file.
Near line: 630 
Near line: 631          test$luis ribeiro cabral/mesmo_que=plribeiro/id=c1714.19-per8

631:          test$luis ribeiro cabral/mesmo_que=plribeiro/id=c1714.19-per8
632: 

WARNING: c1714.cli line 632 destination id of "same as" not found. Will check again at the end of file.
Near line: 632 
Near line: 633          test$manuel cordeiro/id=c1714.19-per9

633:          test$manuel cordeiro/id=c1714.19-per9
634:             ls$residencia/casa velha
635: 
636:          test$antonio joao/id=c1714.19-per10
637:             ls$residencia/casa velha
638: *** End of File
ERROR:  Could not find same_as id c6-7 referred in line 110. If  original reference is on another file use xsame_as

ERROR:  Could not find same_as id c194-7 referred in line 112. If  original reference is on another file use xsame_as

ERROR:  Could not find same_as id c12-7 referred in line 137. If  original reference is on another file use xsame_as

ERROR:  Could not find same_as id c17-7 referred in line 169. If  original reference is on another file use xsame_as

ERROR:  Could not find same_as id dggalhardo referred in line 170. If  original reference is on another file use xsame_as

ERROR:  Could not find same_as id c6-7 referred in line 199. If  original reference is on another file use xsame_as

ERROR:  Could not find same_as id sgoncalves referred in line 473. If  original reference is on another file use xsame_as

ERROR:  Could not find same_as id jgcarrasco referred in line 481. If  original reference is on another file use xsame_as

ERROR:  Could not find same_as id c1712.14-5 referred in line 631. If  original reference is on another file use xsame_as

ERROR:  Could not find same_as id plribeiro referred in line 633. If  original reference is on another file use xsame_as

10  errors. 
10  warnings.
Translation finished.
