ClioInput - version @@VERSION@@ - build @@BUILD@@ @@DATE@@
10-8-2018 14-15

Processing data file /Users/jrc/mhk-home/sources/soure/documents/casamentos/c1717.cli
-------------------------------------------
Generic Act translation module with geoentities (XML).
     Joaquim Ramos de Carvalho (joaquim@uc.pt) 
** New document: kleio
=========================
kleio translation started
=========================
Structure: gacto.str
Prefix: 
Autorel: 
Translation count: 2
Obs: 
** Processing source fonte$casamentos 1717
6: cas$c1717.1
41: cas$c1717.2
75: cas$c1717.3

/Users/jrc/mhk-home/sources/soure/documents/casamentos/c1717.cli:102:destination id of "same as" not found. Will check again at the end of file.


WARNING: c1717.cli line 101 destination id of "same as" not found. Will check again at the end of file.
Near line: 101          test$manuel pessoa leitao/mesmo_que=ppessoa/id=c1717.3-per11
Near line: 102             ls$titulo/licenciado

107: cas$c1717.4

/Users/jrc/mhk-home/sources/soure/documents/casamentos/c1717.cli:139:destination id of "same as" not found. Will check again at the end of file.


WARNING: c1717.cli line 138 destination id of "same as" not found. Will check again at the end of file.
Near line: 138          test$henrique barbosa canais/mesmo_que=hbcanais/id=c1717.4-per10
Near line: 139             ls$nome/henrique barbosa

143: cas$c1717.5
177: cas$c1717.6

/Users/jrc/mhk-home/sources/soure/documents/casamentos/c1717.cli:196:destination id of "same as" not found. Will check again at the end of file.


WARNING: c1717.cli line 195 destination id of "same as" not found. Will check again at the end of file.
Near line: 195 
Near line: 196          test$antonio lourenco/id=c1717.6-per9

209: cas$c1717.7

/Users/jrc/mhk-home/sources/soure/documents/casamentos/c1717.cli:230:destination id of "same as" not found. Will check again at the end of file.


WARNING: c1717.cli line 229 destination id of "same as" not found. Will check again at the end of file.
Near line: 229          referido$luis manhos de abreu/mesmo_que=lmabreu/id=c1717.7-per6
Near line: 230             rel$sociabilidade/procurador em casamento/luisa maria de almeida e sampaio/cnoiva22041717


/Users/jrc/mhk-home/sources/soure/documents/casamentos/c1717.cli:234:destination id of "same as" not found. Will check again at the end of file.


WARNING: c1717.cli line 233 destination id of "same as" not found. Will check again at the end of file.
Near line: 233 
Near line: 234          test$joao da costa/id=c1717.7-per8

246: cas$c1717.8
297: cas$c1717.9

/Users/jrc/mhk-home/sources/soure/documents/casamentos/c1717.cli:314:destination id of "same as" not found. Will check again at the end of file.


WARNING: c1717.cli line 313 destination id of "same as" not found. Will check again at the end of file.
Near line: 313          test$domingos goncalves galhardo/mesmo_que=dggalhardo/id=c1717.9-per7
Near line: 314             ls$residencia/soure

326: cas$c1717.10
362: cas$c1717.11
388: cas$c1717.12
416: cas$c1717.13
444: cas$c1717.14
479: cas$c1717.15

/Users/jrc/mhk-home/sources/soure/documents/casamentos/c1717.cli:481:destination id of "same as" not found. Will check again at the end of file.


WARNING: c1717.cli line 480 destination id of "same as" not found. Will check again at the end of file.
Near line: 480 
Near line: 481             pnoivo$jose barbosa canais/mesmo_que=c17-7/id=c1717.15-per2


/Users/jrc/mhk-home/sources/soure/documents/casamentos/c1717.cli:483:destination id of "same as" not found. Will check again at the end of file.


WARNING: c1717.cli line 482 destination id of "same as" not found. Will check again at the end of file.
Near line: 482 
Near line: 483             mnoivo$antonia/id=c1717.15-per3


/Users/jrc/mhk-home/sources/soure/documents/casamentos/c1717.cli:488:destination id of "same as" not found. Will check again at the end of file.


WARNING: c1717.cli line 487 destination id of "same as" not found. Will check again at the end of file.
Near line: 487 
Near line: 488             pnoiva$sebastiao machado da costa/mesmo_que=c12-8/id=c1717.15-per5


/Users/jrc/mhk-home/sources/soure/documents/casamentos/c1717.cli:489:destination id of "same as" not found. Will check again at the end of file.


WARNING: c1717.cli line 488 destination id of "same as" not found. Will check again at the end of file.
Near line: 488             pnoiva$sebastiao machado da costa/mesmo_que=c12-8/id=c1717.15-per5
Near line: 489                ls$residencia/soure


/Users/jrc/mhk-home/sources/soure/documents/casamentos/c1717.cli:502:destination id of "same as" not found. Will check again at the end of file.


WARNING: c1717.cli line 501 destination id of "same as" not found. Will check again at the end of file.
Near line: 501 
Near line: 502          test$jose barbosa canais/mesmo_que=c17-7/id=c1717.15-per9


/Users/jrc/mhk-home/sources/soure/documents/casamentos/c1717.cli:504:destination id of "same as" not found. Will check again at the end of file.


WARNING: c1717.cli line 503 destination id of "same as" not found. Will check again at the end of file.
Near line: 503 
Near line: 504          test$francisca/id=c1717.15-per10

513: cas$c1717.16

/Users/jrc/mhk-home/sources/soure/documents/casamentos/c1717.cli:527:destination id of "same as" not found. Will check again at the end of file.


WARNING: c1717.cli line 526 destination id of "same as" not found. Will check again at the end of file.
Near line: 526          test$manuel rodrigues alvaro/mesmo_que=padre_alvaro/id=c1717.16-per6
Near line: 527             ls$cargo/tesoureiro

540: cas$c1717.17
571: cas$c1717.18
604: cas$c1717.19

/Users/jrc/mhk-home/sources/soure/documents/casamentos/c1717.cli:639:destination id of "same as" not found. Will check again at the end of file.


WARNING: c1717.cli line 638 destination id of "same as" not found. Will check again at the end of file.
Near line: 638          test$manuel rodrigues alvaro/mesmo_que=padre_alvaro/id=c1717.19-per12
Near line: 639             ls$cargo/tesoureiro

646: cas$c1717.20
683: cas$c1717.21
713: cas$c1717.22

/Users/jrc/mhk-home/sources/soure/documents/casamentos/c1717.cli:739:destination id of "same as" not found. Will check again at the end of file.


WARNING: c1717.cli line 738 destination id of "same as" not found. Will check again at the end of file.
Near line: 738 
Near line: 739          test$joao rodrigues alvaro/mesmo_que=sacrista1/id=c1717.22-per10

744: cas$c1717.23
793: cas$c1717.24
*** End of File
ERROR:  Could not find same_as id ppessoa referred in line 102. If  original reference is on another file use xsame_as

ERROR:  Could not find same_as id hbcanais referred in line 139. If  original reference is on another file use xsame_as

ERROR:  Could not find same_as id c17-7 referred in line 196. If  original reference is on another file use xsame_as

ERROR:  Could not find same_as id lmabreu referred in line 230. If  original reference is on another file use xsame_as

ERROR:  Could not find same_as id c12-8 referred in line 234. If  original reference is on another file use xsame_as

ERROR:  Could not find same_as id dggalhardo referred in line 314. If  original reference is on another file use xsame_as

ERROR:  Could not find same_as id hbcanais referred in line 481. If  original reference is on another file use xsame_as

ERROR:  Could not find same_as id c17-7 referred in line 483. If  original reference is on another file use xsame_as

ERROR:  Could not find same_as id c12-8-ang referred in line 488. If  original reference is on another file use xsame_as

ERROR:  Could not find same_as id c12-8 referred in line 489. If  original reference is on another file use xsame_as

ERROR:  Could not find same_as id padre_alvaro referred in line 502. If  original reference is on another file use xsame_as

ERROR:  Could not find same_as id c17-7 referred in line 504. If  original reference is on another file use xsame_as

ERROR:  Could not find same_as id padre_alvaro referred in line 527. If  original reference is on another file use xsame_as

ERROR:  Could not find same_as id padre_alvaro referred in line 639. If  original reference is on another file use xsame_as

ERROR:  Could not find same_as id padre_alvaro referred in line 739. If  original reference is on another file use xsame_as

15  errors. 
15  warnings.
Translation finished.
