ClioInput - version 2019.A1 - build 507 15/07/2019 21:58 
7-4-2020 18-1

Processing data file c1715.cli
-------------------------------------------
Generic Act translation module with geoentities (XML).
     Joaquim Ramos de Carvalho (joaquim@uc.pt) 
** New document: kleio
=========================
kleio translation started
=========================
Structure: gacto.str
Prefix: 
Autorel: 
Translation count: 2
Obs: 
** Processing source fonte$casamentos 1715
6: cas$c1715.1
36: cas$c1715.2
73: cas$c1715.3
106: cas$c1715.4
155: cas$c1715.5
190: cas$c1715.5b
220: cas$c1715.6
254: cas$c1715.7
279: cas$c1715.8
310: cas$c1715.9
*** End of File
** Processed file- /kleio-home/sources/soure-fontes/sources/soure_fase1/casamentos/c1715.cli
** Original file- /kleio-home/sources/soure-fontes/sources/soure_fase1/casamentos/c1715.org
** Previous version- /kleio-home/sources/soure-fontes/sources/soure_fase1/casamentos/c1715.old
** Temp file with ids- /kleio-home/sources/soure-fontes/sources/soure_fase1/casamentos/c1715.ids
0  errors. 
0  warnings.
Translation finished.
