ClioInput - version 2019.A1 - build 507 15/07/2019 21:58 
16-2-2020 22-7

Processing data file c1712.cli
-------------------------------------------
Generic Act translation module with geoentities (XML).
     Joaquim Ramos de Carvalho (joaquim@uc.pt) 
** New document: kleio
=========================
kleio translation started
=========================
Structure: gacto.str
Prefix: 
Autorel: 
Translation count: 4
Obs: 
** Processing source fonte$casamentos 1712
6: cas$c1712.1
38: cas$c1712.2
73: cas$c1712.3
105: cas$c1712.4
139: cas$c1712.5
170: cas$c1712.6
200: cas$c1712.7
233: cas$c1712.8
264: cas$c1712.9
299: cas$c1712.10
333: cas$c1712.11
363: cas$c1712.12
414: cas$c1712.13
440: cas$c1712.14
509: cas$c1712.15
539: cas$c1712.16
569: cas$c1712.17
604: cas$c1712.18
636: cas$c1712.19
672: cas$c1712.20
*** End of File
** Processed file- /kleio-home/sources/soure/soure-sources/sources/soure_fase1/casamentos/c1712.cli
** Original file- /kleio-home/sources/soure/soure-sources/sources/soure_fase1/casamentos/c1712.org
** Previous version- /kleio-home/sources/soure/soure-sources/sources/soure_fase1/casamentos/c1712.old
** Temp file with ids- /kleio-home/sources/soure/soure-sources/sources/soure_fase1/casamentos/c1712.ids
0  errors. 
0  warnings.
Translation finished.
