ClioInput - version @@VERSION@@ - build @@BUILD@@ @@DATE@@
13-6-2019 22-50

Processing data file soure_apontamentosd.cli
-------------------------------------------
Generic Act translation module with geoentities (XML).
     Joaquim Ramos de Carvalho (joaquim@uc.pt) 
** New document: kleio
1: kleio$gacto2.str/translations=2
=========================
kleio translation started
=========================
Structure: gacto2.str
Prefix: 
Autorel: 
Translation count: 2
Obs: 
2:    fonte$ap-soure/sd/apontamentos sem data/antt
3: 
** Processing source fonte$ap-soure
4:       apontamentosd$apsd-soure/0/0/0/obs=Apontamentos paroquias entre 1722 e 1732
5: 
6: apontamentosd$apsd-soure
6:          freguesia$soure/id=apsd-soure-geo197
7:             atr$vila/sim/titulo de um condado
8:             atr$fogos/1125
9:             rel$distancia/30 leguas/lisboa/apsd-soure-lisboa
10: 
11:             comarca$leiria/id=apsd-soure-geo197-geo198
12: 
13:             bispado$coimbra/obs=a fonte não refere esta informação, mas sabemos ser verdade/id=apsd-soure-geo197-geo199
14:                atr$camara/sim
15:                atr$cargo/juiz de fora/obs=presidencia
16:                atr$cargo/mestres de ler e latim
17:                atr$casa da misericordia/sim
18:                atr$paroquia/almagreira/obs=dedicada a n. sra da graca
19: 
20:             igreja$s.tiago/paroquial/id=apsd-soure-geo197-obj1
21:                atr$almas/3650
22:                atr$tituloparoco/vigario
23:                atr$apresentacao/rei, mesa da consciencia
24:                atr$renda/120000 reis
25: *** End of File
** Processed file- /Users/jrc/mhk-home/sources/soure/soure-sources/sources/soure_fase1/varia/soure_apontamentosd.cli
** Original file- /Users/jrc/mhk-home/sources/soure/soure-sources/sources/soure_fase1/varia/soure_apontamentosd.org
** Previous version- /Users/jrc/mhk-home/sources/soure/soure-sources/sources/soure_fase1/varia/soure_apontamentosd.old
** Temp file with ids- /Users/jrc/mhk-home/sources/soure/soure-sources/sources/soure_fase1/varia/soure_apontamentosd.ids
0  errors. 
0  warnings.
Translation finished.
