ClioInput - version @@VERSION@@ - build @@BUILD@@ @@DATE@@
10-8-2018 15-43

Processing data file /Users/jrc/mhk-home/sources/soure/documents/varia/sourecoimbrabispcoimbra_apontamentosd.cli
-------------------------------------------
Generic Act translation module with geoentities (XML).
     Joaquim Ramos de Carvalho (joaquim@uc.pt) 
** New document: kleio
=========================
kleio translation started
=========================
Structure: gacto2.str
Prefix: 
Autorel: 
Translation count: 
Obs: 
Translation count not set or invalid, counting as zero: 
** Processing source fonte$ap-soure-coimbra-bispcoimbra
6: apontamentosd$apsd-soure-coimbra-bispcoimbra
*** End of File
** Processed file- /Users/jrc/mhk-home/sources/soure/documents/varia/sourecoimbrabispcoimbra_apontamentosd.cli
** Original file- /Users/jrc/mhk-home/sources/soure/documents/varia/sourecoimbrabispcoimbra_apontamentosd.org
** Previous version- /Users/jrc/mhk-home/sources/soure/documents/varia/sourecoimbrabispcoimbra_apontamentosd.old
** Temp file with ids- /Users/jrc/mhk-home/sources/soure/documents/varia/sourecoimbrabispcoimbra_apontamentosd.ids
0  errors. 
0  warnings.
Translation finished.
